[DEBUG Aug  2 07:41:04.842900360, defaults.go:273] Args: [/home1/wangfeim/.local/ActiveState/StateTool/release/bin/state-svc start]
[DEBUG Aug  2 07:41:04.857392127, locale.go:38] Init
[DEBUG Aug  2 07:41:04.929534584, errs.go:68] Created error: File could not be found
[DEBUG Aug  2 07:41:04.932795337, errs.go:68] Created error: Not Recognized
[DEBUG Aug  2 07:41:04.985821734, errs.go:68] Created error: Secret not found
[DEBUG Aug  2 07:41:04.985887647, errs.go:68] Created error: Could not save keypair
[DEBUG Aug  2 07:41:04.986105642, errs.go:68] Created error: Build responded with error
[DEBUG Aug  2 07:41:04.986139749, errs.go:68] Created error: Unknown build type
[DEBUG Aug  2 07:41:04.986276375, errors.go:86] Wrapped localized error: <nil> -- with: The installed version of the State Tool Service does not match that of the client.
Please stop the service with [ACTIONABLE]state-svc stop[/RESET] and try your command again.
If this issue persists please reinstall the State Tool.

[DEBUG Aug  2 07:41:04.986292740, errs.go:68] Created error: no data
[DEBUG Aug  2 07:41:04.986317733, errs.go:68] Created error: member not found
[DEBUG Aug  2 07:41:04.986342630, errs.go:68] Created error: Commit count is unknowable
[DEBUG Aug  2 07:41:04.986373252, errs.go:68] Created error: No merge required
[DEBUG Aug  2 07:41:04.986397270, errs.go:68] Created error: Can't merge commit thats already in target commits history
[DEBUG Aug  2 07:41:04.986428321, errs.go:68] Created error: Bad expander name
[DEBUG Aug  2 07:41:04.986452659, errs.go:68] Created error: Expander has no handler
[DEBUG Aug  2 07:41:04.987635070, errs.go:68] Created error: Service is already running
[DEBUG Aug  2 07:41:05.019236433, secrets.go:35] Gcloud Secretmanager failed to initialize (ignore if you're not trying to use gcloud): google: could not find default credentials. See https://developers.google.com/accounts/docs/application-default-credentials for more information.
[DEBUG Aug  2 07:41:05.022593143, output.go:53] Requested outputer for 
[DEBUG Aug  2 07:41:05.022614759, output.go:58] Using Plain outputer
[DEBUG Aug  2 07:41:05.022705782, termutils.go:17] Cannot get terminal size: inappropriate ioctl for device
[DEBUG Aug  2 07:41:05.022803446, client.go:128] Reporting event to 2 reporters: run-command, state-svc start, 
[DEBUG Aug  2 07:41:05.022877968, main.go:107] Running CmdStart
[DEBUG Aug  2 07:41:05.028044849, errs.go:75] Wrapped error: Service is already running -- with: valueF failed
[DEBUG Aug  2 07:41:05.028108908, errs.go:75] Wrapped error: valueF failed -- with: Could not store pid
[DEBUG Aug  2 07:41:05.028184388, errors.go:113] Wrapped input error: Could not store pid -- with: A State Service instance is already running in the background.
[DEBUG Aug  2 07:41:05.028199020, errs.go:75] Wrapped error: A State Service instance is already running in the background. -- with: Could not start serviceManager
[DEBUG Aug  2 07:41:05.028281340, client.go:128] Reporting event to 2 reporters: command-exit, state-svc start, 1
[DEBUG Aug  2 07:41:05.395911327, errs.go:75] Wrapped error: <nil> -- with: Could not start serviceManager: A State Service instance is already running in the background.: Could not store pid: valueF failed: Service is already running
[DEBUG Aug  2 07:41:05.395977199, main.go:61] state-svc errored out due to input: Could not start serviceManager: A State Service instance is already running in the background.: Could not store pid: valueF failed: Service is already running
