[DEBUG Aug  2 08:13:45.250292580, defaults.go:273] Args: [/home1/wangfeim/.local/ActiveState/StateTool/release/bin/state-svc start]
[DEBUG Aug  2 08:13:45.264778934, locale.go:38] Init
[DEBUG Aug  2 08:13:45.323341323, errs.go:68] Created error: File could not be found
[DEBUG Aug  2 08:13:45.328554737, errs.go:68] Created error: Not Recognized
[DEBUG Aug  2 08:13:45.392505320, errs.go:68] Created error: Secret not found
[DEBUG Aug  2 08:13:45.392569916, errs.go:68] Created error: Could not save keypair
[DEBUG Aug  2 08:13:45.392742454, errs.go:68] Created error: Build responded with error
[DEBUG Aug  2 08:13:45.392781280, errs.go:68] Created error: Unknown build type
[DEBUG Aug  2 08:13:45.392894013, errors.go:86] Wrapped localized error: <nil> -- with: The installed version of the State Tool Service does not match that of the client.
Please stop the service with [ACTIONABLE]state-svc stop[/RESET] and try your command again.
If this issue persists please reinstall the State Tool.

[DEBUG Aug  2 08:13:45.392910459, errs.go:68] Created error: no data
[DEBUG Aug  2 08:13:45.392941605, errs.go:68] Created error: member not found
[DEBUG Aug  2 08:13:45.392977441, errs.go:68] Created error: Commit count is unknowable
[DEBUG Aug  2 08:13:45.393001945, errs.go:68] Created error: No merge required
[DEBUG Aug  2 08:13:45.393040216, errs.go:68] Created error: Can't merge commit thats already in target commits history
[DEBUG Aug  2 08:13:45.393066283, errs.go:68] Created error: Bad expander name
[DEBUG Aug  2 08:13:45.393090306, errs.go:68] Created error: Expander has no handler
[DEBUG Aug  2 08:13:45.394181929, errs.go:68] Created error: Service is already running
[DEBUG Aug  2 08:13:45.422308787, secrets.go:35] Gcloud Secretmanager failed to initialize (ignore if you're not trying to use gcloud): google: could not find default credentials. See https://developers.google.com/accounts/docs/application-default-credentials for more information.
[DEBUG Aug  2 08:13:45.425619797, output.go:53] Requested outputer for 
[DEBUG Aug  2 08:13:45.425649333, output.go:58] Using Plain outputer
[DEBUG Aug  2 08:13:45.425726116, termutils.go:17] Cannot get terminal size: inappropriate ioctl for device
[DEBUG Aug  2 08:13:45.425803079, client.go:128] Reporting event to 2 reporters: run-command, state-svc start, 
[DEBUG Aug  2 08:13:45.425956943, main.go:107] Running CmdStart
[DEBUG Aug  2 08:13:45.431740529, errs.go:75] Wrapped error: Service is already running -- with: valueF failed
[DEBUG Aug  2 08:13:45.431799799, errs.go:75] Wrapped error: valueF failed -- with: Could not store pid
[DEBUG Aug  2 08:13:45.431879089, errors.go:113] Wrapped input error: Could not store pid -- with: A State Service instance is already running in the background.
[DEBUG Aug  2 08:13:45.431894126, errs.go:75] Wrapped error: A State Service instance is already running in the background. -- with: Could not start serviceManager
[DEBUG Aug  2 08:13:45.432002049, client.go:128] Reporting event to 2 reporters: command-exit, state-svc start, 1
[DEBUG Aug  2 08:13:45.830379316, errs.go:75] Wrapped error: <nil> -- with: Could not start serviceManager: A State Service instance is already running in the background.: Could not store pid: valueF failed: Service is already running
[DEBUG Aug  2 08:13:45.830443894, main.go:61] state-svc errored out due to input: Could not start serviceManager: A State Service instance is already running in the background.: Could not store pid: valueF failed: Service is already running
