[DEBUG Aug  2 08:13:04.954278565, defaults.go:273] Args: [/home1/wangfeim/.local/ActiveState/StateTool/release/bin/state-svc start]
[DEBUG Aug  2 08:13:04.968083885, locale.go:38] Init
[DEBUG Aug  2 08:13:05.020681504, errs.go:68] Created error: File could not be found
[DEBUG Aug  2 08:13:05.024335675, errs.go:68] Created error: Not Recognized
[DEBUG Aug  2 08:13:05.044818536, errs.go:68] Created error: Secret not found
[DEBUG Aug  2 08:13:05.044896602, errs.go:68] Created error: Could not save keypair
[DEBUG Aug  2 08:13:05.045179952, errs.go:68] Created error: Build responded with error
[DEBUG Aug  2 08:13:05.045225616, errs.go:68] Created error: Unknown build type
[DEBUG Aug  2 08:13:05.045388250, errors.go:86] Wrapped localized error: <nil> -- with: The installed version of the State Tool Service does not match that of the client.
Please stop the service with [ACTIONABLE]state-svc stop[/RESET] and try your command again.
If this issue persists please reinstall the State Tool.

[DEBUG Aug  2 08:13:05.045423641, errs.go:68] Created error: no data
[DEBUG Aug  2 08:13:05.045462297, errs.go:68] Created error: member not found
[DEBUG Aug  2 08:13:05.045497169, errs.go:68] Created error: Commit count is unknowable
[DEBUG Aug  2 08:13:05.045529260, errs.go:68] Created error: No merge required
[DEBUG Aug  2 08:13:05.045567894, errs.go:68] Created error: Can't merge commit thats already in target commits history
[DEBUG Aug  2 08:13:05.045603820, errs.go:68] Created error: Bad expander name
[DEBUG Aug  2 08:13:05.045636567, errs.go:68] Created error: Expander has no handler
[DEBUG Aug  2 08:13:05.047012335, errs.go:68] Created error: Service is already running
[DEBUG Aug  2 08:13:05.104263527, secrets.go:35] Gcloud Secretmanager failed to initialize (ignore if you're not trying to use gcloud): google: could not find default credentials. See https://developers.google.com/accounts/docs/application-default-credentials for more information.
[DEBUG Aug  2 08:13:05.107421559, output.go:53] Requested outputer for 
[DEBUG Aug  2 08:13:05.107450281, output.go:58] Using Plain outputer
[DEBUG Aug  2 08:13:05.107525814, termutils.go:17] Cannot get terminal size: inappropriate ioctl for device
[DEBUG Aug  2 08:13:05.107854484, main.go:107] Running CmdStart
[DEBUG Aug  2 08:13:05.107884994, client.go:128] Reporting event to 2 reporters: run-command, state-svc start, 
[DEBUG Aug  2 08:13:05.114801042, errs.go:75] Wrapped error: Service is already running -- with: valueF failed
[DEBUG Aug  2 08:13:05.114870904, errs.go:75] Wrapped error: valueF failed -- with: Could not store pid
[DEBUG Aug  2 08:13:05.114946686, errors.go:113] Wrapped input error: Could not store pid -- with: A State Service instance is already running in the background.
[DEBUG Aug  2 08:13:05.114961833, errs.go:75] Wrapped error: A State Service instance is already running in the background. -- with: Could not start serviceManager
[DEBUG Aug  2 08:13:05.115033196, client.go:128] Reporting event to 2 reporters: command-exit, state-svc start, 1
[DEBUG Aug  2 08:13:05.485143985, errs.go:75] Wrapped error: <nil> -- with: Could not start serviceManager: A State Service instance is already running in the background.: Could not store pid: valueF failed: Service is already running
[DEBUG Aug  2 08:13:05.485204378, main.go:61] state-svc errored out due to input: Could not start serviceManager: A State Service instance is already running in the background.: Could not store pid: valueF failed: Service is already running
