[DEBUG Mar  8 00:08:35.977299144, defaults.go:273] Args: [/home1/wangfeim/.local/ActiveState/StateTool/release/bin/state-svc start]
[DEBUG Mar  8 00:08:35.988593732, locale.go:38] Init
[DEBUG Mar  8 00:08:36.017904583, errs.go:68] Created error: File could not be found
[DEBUG Mar  8 00:08:36.020253293, errs.go:68] Created error: Not Recognized
[DEBUG Mar  8 00:08:36.037361758, errs.go:68] Created error: Secret not found
[DEBUG Mar  8 00:08:36.037467335, errs.go:68] Created error: Could not save keypair
[DEBUG Mar  8 00:08:36.038074639, errs.go:68] Created error: Build responded with error
[DEBUG Mar  8 00:08:36.038109172, errs.go:68] Created error: Unknown build type
[DEBUG Mar  8 00:08:36.038215668, errors.go:86] Wrapped localized error: <nil> -- with: The installed version of the State Tool Service does not match that of the client.
Please stop the service with [ACTIONABLE]state-svc stop[/RESET] and try your command again.
If this issue persists please reinstall the State Tool.

[DEBUG Mar  8 00:08:36.038226173, errs.go:68] Created error: no data
[DEBUG Mar  8 00:08:36.038247830, errs.go:68] Created error: member not found
[DEBUG Mar  8 00:08:36.038265763, errs.go:68] Created error: Commit count is unknowable
[DEBUG Mar  8 00:08:36.038283038, errs.go:68] Created error: No merge required
[DEBUG Mar  8 00:08:36.038300905, errs.go:68] Created error: Can't merge commit thats already in target commits history
[DEBUG Mar  8 00:08:36.038320288, errs.go:68] Created error: Bad expander name
[DEBUG Mar  8 00:08:36.038337471, errs.go:68] Created error: Expander has no handler
[DEBUG Mar  8 00:08:36.039091437, errs.go:68] Created error: Service is already running
[DEBUG Mar  8 00:08:36.060917901, secrets.go:35] Gcloud Secretmanager failed to initialize (ignore if you're not trying to use gcloud): google: could not find default credentials. See https://developers.google.com/accounts/docs/application-default-credentials for more information.
[DEBUG Mar  8 00:08:36.064678515, output.go:53] Requested outputer for 
[DEBUG Mar  8 00:08:36.064692593, output.go:58] Using Plain outputer
[DEBUG Mar  8 00:08:36.064753202, termutils.go:17] Cannot get terminal size: inappropriate ioctl for device
[DEBUG Mar  8 00:08:36.064831304, client.go:128] Reporting event to 2 reporters: run-command, state-svc start, 
[DEBUG Mar  8 00:08:36.065722574, main.go:107] Running CmdStart
[DEBUG Mar  8 00:08:36.071799182, errs.go:75] Wrapped error: Service is already running -- with: valueF failed
[DEBUG Mar  8 00:08:36.071847875, errs.go:75] Wrapped error: valueF failed -- with: Could not store pid
[DEBUG Mar  8 00:08:36.071915996, errors.go:113] Wrapped input error: Could not store pid -- with: A State Service instance is already running in the background.
[DEBUG Mar  8 00:08:36.071924985, errs.go:75] Wrapped error: A State Service instance is already running in the background. -- with: Could not start serviceManager
[DEBUG Mar  8 00:08:36.072056123, client.go:128] Reporting event to 2 reporters: command-exit, state-svc start, 1
[DEBUG Mar  8 00:08:36.429602083, errs.go:75] Wrapped error: <nil> -- with: Could not start serviceManager: A State Service instance is already running in the background.: Could not store pid: valueF failed: Service is already running
[DEBUG Mar  8 00:08:36.429640720, main.go:61] state-svc errored out due to input: Could not start serviceManager: A State Service instance is already running in the background.: Could not store pid: valueF failed: Service is already running
