[DEBUG Aug  2 07:41:05.713019625, defaults.go:273] Args: [/home1/wangfeim/.local/ActiveState/StateTool/release/bin/state-svc start]
[DEBUG Aug  2 07:41:05.728117049, locale.go:38] Init
[DEBUG Aug  2 07:41:05.799982121, errs.go:68] Created error: File could not be found
[DEBUG Aug  2 07:41:05.803342702, errs.go:68] Created error: Not Recognized
[DEBUG Aug  2 07:41:05.823104031, errs.go:68] Created error: Secret not found
[DEBUG Aug  2 07:41:05.823154881, errs.go:68] Created error: Could not save keypair
[DEBUG Aug  2 07:41:05.823336763, errs.go:68] Created error: Build responded with error
[DEBUG Aug  2 07:41:05.823382267, errs.go:68] Created error: Unknown build type
[DEBUG Aug  2 07:41:05.823510606, errors.go:86] Wrapped localized error: <nil> -- with: The installed version of the State Tool Service does not match that of the client.
Please stop the service with [ACTIONABLE]state-svc stop[/RESET] and try your command again.
If this issue persists please reinstall the State Tool.

[DEBUG Aug  2 07:41:05.823523157, errs.go:68] Created error: no data
[DEBUG Aug  2 07:41:05.823551074, errs.go:68] Created error: member not found
[DEBUG Aug  2 07:41:05.823573505, errs.go:68] Created error: Commit count is unknowable
[DEBUG Aug  2 07:41:05.823594405, errs.go:68] Created error: No merge required
[DEBUG Aug  2 07:41:05.823615284, errs.go:68] Created error: Can't merge commit thats already in target commits history
[DEBUG Aug  2 07:41:05.823637445, errs.go:68] Created error: Bad expander name
[DEBUG Aug  2 07:41:05.823657906, errs.go:68] Created error: Expander has no handler
[DEBUG Aug  2 07:41:05.824812223, errs.go:68] Created error: Service is already running
[DEBUG Aug  2 07:41:05.895722562, secrets.go:35] Gcloud Secretmanager failed to initialize (ignore if you're not trying to use gcloud): google: could not find default credentials. See https://developers.google.com/accounts/docs/application-default-credentials for more information.
[DEBUG Aug  2 07:41:05.899191788, output.go:53] Requested outputer for 
[DEBUG Aug  2 07:41:05.899220293, output.go:58] Using Plain outputer
[DEBUG Aug  2 07:41:05.899305109, termutils.go:17] Cannot get terminal size: inappropriate ioctl for device
[DEBUG Aug  2 07:41:05.899399233, client.go:128] Reporting event to 2 reporters: run-command, state-svc start, 
[DEBUG Aug  2 07:41:05.899464507, main.go:107] Running CmdStart
[DEBUG Aug  2 07:41:05.905486828, errs.go:75] Wrapped error: Service is already running -- with: valueF failed
[DEBUG Aug  2 07:41:05.905564382, errs.go:75] Wrapped error: valueF failed -- with: Could not store pid
[DEBUG Aug  2 07:41:05.905645421, errors.go:113] Wrapped input error: Could not store pid -- with: A State Service instance is already running in the background.
[DEBUG Aug  2 07:41:05.905660099, errs.go:75] Wrapped error: A State Service instance is already running in the background. -- with: Could not start serviceManager
[DEBUG Aug  2 07:41:05.905730866, client.go:128] Reporting event to 2 reporters: command-exit, state-svc start, 1
[DEBUG Aug  2 07:41:06.294803296, errs.go:75] Wrapped error: <nil> -- with: Could not start serviceManager: A State Service instance is already running in the background.: Could not store pid: valueF failed: Service is already running
[DEBUG Aug  2 07:41:06.294893183, main.go:61] state-svc errored out due to input: Could not start serviceManager: A State Service instance is already running in the background.: Could not store pid: valueF failed: Service is already running
