[DEBUG Aug  2 07:49:56.047259954, defaults.go:273] Args: [/home1/wangfeim/.local/ActiveState/StateTool/release/bin/state-svc start]
[DEBUG Aug  2 07:49:56.060481870, locale.go:38] Init
[DEBUG Aug  2 07:49:56.462090687, errs.go:68] Created error: File could not be found
[DEBUG Aug  2 07:49:56.465467067, errs.go:68] Created error: Not Recognized
[DEBUG Aug  2 07:49:56.486647460, errs.go:68] Created error: Secret not found
[DEBUG Aug  2 07:49:56.486702546, errs.go:68] Created error: Could not save keypair
[DEBUG Aug  2 07:49:56.486882542, errs.go:68] Created error: Build responded with error
[DEBUG Aug  2 07:49:56.486913040, errs.go:68] Created error: Unknown build type
[DEBUG Aug  2 07:49:56.487022433, errors.go:86] Wrapped localized error: <nil> -- with: The installed version of the State Tool Service does not match that of the client.
Please stop the service with [ACTIONABLE]state-svc stop[/RESET] and try your command again.
If this issue persists please reinstall the State Tool.

[DEBUG Aug  2 07:49:56.487037237, errs.go:68] Created error: no data
[DEBUG Aug  2 07:49:56.487063158, errs.go:68] Created error: member not found
[DEBUG Aug  2 07:49:56.487096226, errs.go:68] Created error: Commit count is unknowable
[DEBUG Aug  2 07:49:56.487134527, errs.go:68] Created error: No merge required
[DEBUG Aug  2 07:49:56.487160798, errs.go:68] Created error: Can't merge commit thats already in target commits history
[DEBUG Aug  2 07:49:56.487189740, errs.go:68] Created error: Bad expander name
[DEBUG Aug  2 07:49:56.487213266, errs.go:68] Created error: Expander has no handler
[DEBUG Aug  2 07:49:56.488294785, errs.go:68] Created error: Service is already running
[DEBUG Aug  2 07:49:56.519339781, secrets.go:35] Gcloud Secretmanager failed to initialize (ignore if you're not trying to use gcloud): google: could not find default credentials. See https://developers.google.com/accounts/docs/application-default-credentials for more information.
[DEBUG Aug  2 07:49:56.526171789, output.go:53] Requested outputer for 
[DEBUG Aug  2 07:49:56.526199957, output.go:58] Using Plain outputer
[DEBUG Aug  2 07:49:56.526297066, termutils.go:17] Cannot get terminal size: inappropriate ioctl for device
[DEBUG Aug  2 07:49:56.526388840, client.go:128] Reporting event to 2 reporters: run-command, state-svc start, 
[DEBUG Aug  2 07:49:56.526478537, main.go:107] Running CmdStart
[DEBUG Aug  2 07:49:56.590635513, errs.go:75] Wrapped error: Service is already running -- with: valueF failed
[DEBUG Aug  2 07:49:56.590714698, errs.go:75] Wrapped error: valueF failed -- with: Could not store pid
[DEBUG Aug  2 07:49:56.590800704, errors.go:113] Wrapped input error: Could not store pid -- with: A State Service instance is already running in the background.
[DEBUG Aug  2 07:49:56.590815990, errs.go:75] Wrapped error: A State Service instance is already running in the background. -- with: Could not start serviceManager
[DEBUG Aug  2 07:49:56.590932902, client.go:128] Reporting event to 2 reporters: command-exit, state-svc start, 1
[DEBUG Aug  2 07:49:56.915650750, errs.go:75] Wrapped error: <nil> -- with: Could not start serviceManager: A State Service instance is already running in the background.: Could not store pid: valueF failed: Service is already running
[DEBUG Aug  2 07:49:56.915727592, main.go:61] state-svc errored out due to input: Could not start serviceManager: A State Service instance is already running in the background.: Could not store pid: valueF failed: Service is already running
