[DEBUG Aug  2 07:33:33.988641579, defaults.go:273] Args: [/home1/wangfeim/.local/ActiveState/StateTool/release/bin/state-svc start]
[DEBUG Aug  2 07:33:34.001866835, locale.go:38] Init
[DEBUG Aug  2 07:33:34.044673278, errs.go:68] Created error: File could not be found
[DEBUG Aug  2 07:33:34.047784150, errs.go:68] Created error: Not Recognized
[DEBUG Aug  2 07:33:34.070374876, errs.go:68] Created error: Secret not found
[DEBUG Aug  2 07:33:34.070442366, errs.go:68] Created error: Could not save keypair
[DEBUG Aug  2 07:33:34.070684716, errs.go:68] Created error: Build responded with error
[DEBUG Aug  2 07:33:34.070724623, errs.go:68] Created error: Unknown build type
[DEBUG Aug  2 07:33:34.070854317, errors.go:86] Wrapped localized error: <nil> -- with: The installed version of the State Tool Service does not match that of the client.
Please stop the service with [ACTIONABLE]state-svc stop[/RESET] and try your command again.
If this issue persists please reinstall the State Tool.

[DEBUG Aug  2 07:33:34.070872117, errs.go:68] Created error: no data
[DEBUG Aug  2 07:33:34.070898686, errs.go:68] Created error: member not found
[DEBUG Aug  2 07:33:34.070928342, errs.go:68] Created error: Commit count is unknowable
[DEBUG Aug  2 07:33:34.070953600, errs.go:68] Created error: No merge required
[DEBUG Aug  2 07:33:34.070977278, errs.go:68] Created error: Can't merge commit thats already in target commits history
[DEBUG Aug  2 07:33:34.071008592, errs.go:68] Created error: Bad expander name
[DEBUG Aug  2 07:33:34.071033014, errs.go:68] Created error: Expander has no handler
[DEBUG Aug  2 07:33:34.072247251, errs.go:68] Created error: Service is already running
[DEBUG Aug  2 07:33:34.101118552, secrets.go:35] Gcloud Secretmanager failed to initialize (ignore if you're not trying to use gcloud): google: could not find default credentials. See https://developers.google.com/accounts/docs/application-default-credentials for more information.
[DEBUG Aug  2 07:33:34.104571654, output.go:53] Requested outputer for 
[DEBUG Aug  2 07:33:34.104593696, output.go:58] Using Plain outputer
[DEBUG Aug  2 07:33:34.104664035, termutils.go:17] Cannot get terminal size: inappropriate ioctl for device
[DEBUG Aug  2 07:33:34.104692550, client.go:128] Reporting event to 2 reporters: run-command, state-svc start, 
[DEBUG Aug  2 07:33:34.104842395, main.go:107] Running CmdStart
[DEBUG Aug  2 07:33:34.110483154, errs.go:75] Wrapped error: Service is already running -- with: valueF failed
[DEBUG Aug  2 07:33:34.110555158, errs.go:75] Wrapped error: valueF failed -- with: Could not store pid
[DEBUG Aug  2 07:33:34.110627238, errors.go:113] Wrapped input error: Could not store pid -- with: A State Service instance is already running in the background.
[DEBUG Aug  2 07:33:34.110640983, errs.go:75] Wrapped error: A State Service instance is already running in the background. -- with: Could not start serviceManager
[DEBUG Aug  2 07:33:34.110723149, client.go:128] Reporting event to 2 reporters: command-exit, state-svc start, 1
[DEBUG Aug  2 07:33:34.431470405, errs.go:75] Wrapped error: <nil> -- with: Could not start serviceManager: A State Service instance is already running in the background.: Could not store pid: valueF failed: Service is already running
[DEBUG Aug  2 07:33:34.431555342, main.go:61] state-svc errored out due to input: Could not start serviceManager: A State Service instance is already running in the background.: Could not store pid: valueF failed: Service is already running
