[DEBUG Aug  2 07:47:44.099726715, defaults.go:273] Args: [/home1/wangfeim/.local/ActiveState/StateTool/release/bin/state-svc start]
[DEBUG Aug  2 07:47:44.113754419, locale.go:38] Init
[DEBUG Aug  2 07:47:44.198330468, errs.go:68] Created error: File could not be found
[DEBUG Aug  2 07:47:44.201118750, errs.go:68] Created error: Not Recognized
[DEBUG Aug  2 07:47:44.221170633, errs.go:68] Created error: Secret not found
[DEBUG Aug  2 07:47:44.221259092, errs.go:68] Created error: Could not save keypair
[DEBUG Aug  2 07:47:44.222042936, errs.go:68] Created error: Build responded with error
[DEBUG Aug  2 07:47:44.222239819, errs.go:68] Created error: Unknown build type
[DEBUG Aug  2 07:47:44.222365371, errors.go:86] Wrapped localized error: <nil> -- with: The installed version of the State Tool Service does not match that of the client.
Please stop the service with [ACTIONABLE]state-svc stop[/RESET] and try your command again.
If this issue persists please reinstall the State Tool.

[DEBUG Aug  2 07:47:44.222381503, errs.go:68] Created error: no data
[DEBUG Aug  2 07:47:44.222408600, errs.go:68] Created error: member not found
[DEBUG Aug  2 07:47:44.222432526, errs.go:68] Created error: Commit count is unknowable
[DEBUG Aug  2 07:47:44.222458327, errs.go:68] Created error: No merge required
[DEBUG Aug  2 07:47:44.222483492, errs.go:68] Created error: Can't merge commit thats already in target commits history
[DEBUG Aug  2 07:47:44.222509775, errs.go:68] Created error: Bad expander name
[DEBUG Aug  2 07:47:44.222532447, errs.go:68] Created error: Expander has no handler
[DEBUG Aug  2 07:47:44.223581456, errs.go:68] Created error: Service is already running
[DEBUG Aug  2 07:47:44.285559823, secrets.go:35] Gcloud Secretmanager failed to initialize (ignore if you're not trying to use gcloud): google: could not find default credentials. See https://developers.google.com/accounts/docs/application-default-credentials for more information.
[DEBUG Aug  2 07:47:44.289007462, output.go:53] Requested outputer for 
[DEBUG Aug  2 07:47:44.289030998, output.go:58] Using Plain outputer
[DEBUG Aug  2 07:47:44.289105430, termutils.go:17] Cannot get terminal size: inappropriate ioctl for device
[DEBUG Aug  2 07:47:44.289269432, main.go:107] Running CmdStart
[DEBUG Aug  2 07:47:44.289272746, client.go:128] Reporting event to 2 reporters: run-command, state-svc start, 
[DEBUG Aug  2 07:47:44.294813047, errs.go:75] Wrapped error: Service is already running -- with: valueF failed
[DEBUG Aug  2 07:47:44.294878520, errs.go:75] Wrapped error: valueF failed -- with: Could not store pid
[DEBUG Aug  2 07:47:44.294958964, errors.go:113] Wrapped input error: Could not store pid -- with: A State Service instance is already running in the background.
[DEBUG Aug  2 07:47:44.294973684, errs.go:75] Wrapped error: A State Service instance is already running in the background. -- with: Could not start serviceManager
[DEBUG Aug  2 07:47:44.295071558, client.go:128] Reporting event to 2 reporters: command-exit, state-svc start, 1
[DEBUG Aug  2 07:47:44.648115005, errs.go:75] Wrapped error: <nil> -- with: Could not start serviceManager: A State Service instance is already running in the background.: Could not store pid: valueF failed: Service is already running
[DEBUG Aug  2 07:47:44.648203926, main.go:61] state-svc errored out due to input: Could not start serviceManager: A State Service instance is already running in the background.: Could not store pid: valueF failed: Service is already running
