[DEBUG Aug  2 07:35:56.738579192, defaults.go:273] Args: [/home1/wangfeim/.local/ActiveState/StateTool/release/bin/state-svc start]
[DEBUG Aug  2 07:35:56.791084365, locale.go:38] Init
[DEBUG Aug  2 07:35:56.831346523, errs.go:68] Created error: File could not be found
[DEBUG Aug  2 07:35:56.834481256, errs.go:68] Created error: Not Recognized
[DEBUG Aug  2 07:35:56.892222119, errs.go:68] Created error: Secret not found
[DEBUG Aug  2 07:35:56.892272784, errs.go:68] Created error: Could not save keypair
[DEBUG Aug  2 07:35:56.892448223, errs.go:68] Created error: Build responded with error
[DEBUG Aug  2 07:35:56.892473852, errs.go:68] Created error: Unknown build type
[DEBUG Aug  2 07:35:56.892593428, errors.go:86] Wrapped localized error: <nil> -- with: The installed version of the State Tool Service does not match that of the client.
Please stop the service with [ACTIONABLE]state-svc stop[/RESET] and try your command again.
If this issue persists please reinstall the State Tool.

[DEBUG Aug  2 07:35:56.892608320, errs.go:68] Created error: no data
[DEBUG Aug  2 07:35:56.892640200, errs.go:68] Created error: member not found
[DEBUG Aug  2 07:35:56.892662582, errs.go:68] Created error: Commit count is unknowable
[DEBUG Aug  2 07:35:56.892688374, errs.go:68] Created error: No merge required
[DEBUG Aug  2 07:35:56.892708983, errs.go:68] Created error: Can't merge commit thats already in target commits history
[DEBUG Aug  2 07:35:56.892731361, errs.go:68] Created error: Bad expander name
[DEBUG Aug  2 07:35:56.892752953, errs.go:68] Created error: Expander has no handler
[DEBUG Aug  2 07:35:56.893747347, errs.go:68] Created error: Service is already running
[DEBUG Aug  2 07:35:56.920108252, secrets.go:35] Gcloud Secretmanager failed to initialize (ignore if you're not trying to use gcloud): google: could not find default credentials. See https://developers.google.com/accounts/docs/application-default-credentials for more information.
[DEBUG Aug  2 07:35:56.923531232, output.go:53] Requested outputer for 
[DEBUG Aug  2 07:35:56.923559675, output.go:58] Using Plain outputer
[DEBUG Aug  2 07:35:56.923623359, termutils.go:17] Cannot get terminal size: inappropriate ioctl for device
[DEBUG Aug  2 07:35:56.923649597, client.go:128] Reporting event to 2 reporters: run-command, state-svc start, 
[DEBUG Aug  2 07:35:56.923792124, main.go:107] Running CmdStart
[DEBUG Aug  2 07:35:56.929428746, errs.go:75] Wrapped error: Service is already running -- with: valueF failed
[DEBUG Aug  2 07:35:56.929482601, errs.go:75] Wrapped error: valueF failed -- with: Could not store pid
[DEBUG Aug  2 07:35:56.929612082, errors.go:113] Wrapped input error: Could not store pid -- with: A State Service instance is already running in the background.
[DEBUG Aug  2 07:35:56.929627267, errs.go:75] Wrapped error: A State Service instance is already running in the background. -- with: Could not start serviceManager
[DEBUG Aug  2 07:35:56.929702187, client.go:128] Reporting event to 2 reporters: command-exit, state-svc start, 1
[DEBUG Aug  2 07:35:57.286880823, errs.go:75] Wrapped error: <nil> -- with: Could not start serviceManager: A State Service instance is already running in the background.: Could not store pid: valueF failed: Service is already running
[DEBUG Aug  2 07:35:57.286950112, main.go:61] state-svc errored out due to input: Could not start serviceManager: A State Service instance is already running in the background.: Could not store pid: valueF failed: Service is already running
