[DEBUG Aug  2 08:10:44.019298542, defaults.go:273] Args: [/home1/wangfeim/.local/ActiveState/StateTool/release/bin/state-svc start]
[DEBUG Aug  2 08:10:44.033663765, locale.go:38] Init
[DEBUG Aug  2 08:10:44.074315195, errs.go:68] Created error: File could not be found
[DEBUG Aug  2 08:10:44.077223381, errs.go:68] Created error: Not Recognized
[DEBUG Aug  2 08:10:44.105043226, errs.go:68] Created error: Secret not found
[DEBUG Aug  2 08:10:44.105094179, errs.go:68] Created error: Could not save keypair
[DEBUG Aug  2 08:10:44.105256194, errs.go:68] Created error: Build responded with error
[DEBUG Aug  2 08:10:44.105282422, errs.go:68] Created error: Unknown build type
[DEBUG Aug  2 08:10:44.105400164, errors.go:86] Wrapped localized error: <nil> -- with: The installed version of the State Tool Service does not match that of the client.
Please stop the service with [ACTIONABLE]state-svc stop[/RESET] and try your command again.
If this issue persists please reinstall the State Tool.

[DEBUG Aug  2 08:10:44.105416319, errs.go:68] Created error: no data
[DEBUG Aug  2 08:10:44.105448827, errs.go:68] Created error: member not found
[DEBUG Aug  2 08:10:44.105470580, errs.go:68] Created error: Commit count is unknowable
[DEBUG Aug  2 08:10:44.105492130, errs.go:68] Created error: No merge required
[DEBUG Aug  2 08:10:44.105513522, errs.go:68] Created error: Can't merge commit thats already in target commits history
[DEBUG Aug  2 08:10:44.105551184, errs.go:68] Created error: Bad expander name
[DEBUG Aug  2 08:10:44.105574327, errs.go:68] Created error: Expander has no handler
[DEBUG Aug  2 08:10:44.106866398, errs.go:68] Created error: Service is already running
[DEBUG Aug  2 08:10:44.134074953, secrets.go:35] Gcloud Secretmanager failed to initialize (ignore if you're not trying to use gcloud): google: could not find default credentials. See https://developers.google.com/accounts/docs/application-default-credentials for more information.
[DEBUG Aug  2 08:10:44.137090828, output.go:53] Requested outputer for 
[DEBUG Aug  2 08:10:44.137111725, output.go:58] Using Plain outputer
[DEBUG Aug  2 08:10:44.137175790, termutils.go:17] Cannot get terminal size: inappropriate ioctl for device
[DEBUG Aug  2 08:10:44.137261974, client.go:128] Reporting event to 2 reporters: run-command, state-svc start, 
[DEBUG Aug  2 08:10:44.137312891, main.go:107] Running CmdStart
[DEBUG Aug  2 08:10:44.142964062, errs.go:75] Wrapped error: Service is already running -- with: valueF failed
[DEBUG Aug  2 08:10:44.143021560, errs.go:75] Wrapped error: valueF failed -- with: Could not store pid
[DEBUG Aug  2 08:10:44.143105568, errors.go:113] Wrapped input error: Could not store pid -- with: A State Service instance is already running in the background.
[DEBUG Aug  2 08:10:44.143121425, errs.go:75] Wrapped error: A State Service instance is already running in the background. -- with: Could not start serviceManager
[DEBUG Aug  2 08:10:44.143217058, client.go:128] Reporting event to 2 reporters: command-exit, state-svc start, 1
[DEBUG Aug  2 08:10:44.520747523, errs.go:75] Wrapped error: <nil> -- with: Could not start serviceManager: A State Service instance is already running in the background.: Could not store pid: valueF failed: Service is already running
[DEBUG Aug  2 08:10:44.520814985, main.go:61] state-svc errored out due to input: Could not start serviceManager: A State Service instance is already running in the background.: Could not store pid: valueF failed: Service is already running
