[DEBUG Aug  2 07:57:24.513948530, defaults.go:273] Args: [/home1/wangfeim/.local/ActiveState/StateTool/release/bin/state-svc start]
[DEBUG Aug  2 07:57:24.529748235, locale.go:38] Init
[DEBUG Aug  2 07:57:24.590194904, errs.go:68] Created error: File could not be found
[DEBUG Aug  2 07:57:24.593484443, errs.go:68] Created error: Not Recognized
[DEBUG Aug  2 07:57:24.615956160, errs.go:68] Created error: Secret not found
[DEBUG Aug  2 07:57:24.616017816, errs.go:68] Created error: Could not save keypair
[DEBUG Aug  2 07:57:24.616198817, errs.go:68] Created error: Build responded with error
[DEBUG Aug  2 07:57:24.616231871, errs.go:68] Created error: Unknown build type
[DEBUG Aug  2 07:57:24.616347612, errors.go:86] Wrapped localized error: <nil> -- with: The installed version of the State Tool Service does not match that of the client.
Please stop the service with [ACTIONABLE]state-svc stop[/RESET] and try your command again.
If this issue persists please reinstall the State Tool.

[DEBUG Aug  2 07:57:24.616362672, errs.go:68] Created error: no data
[DEBUG Aug  2 07:57:24.616386280, errs.go:68] Created error: member not found
[DEBUG Aug  2 07:57:24.616408970, errs.go:68] Created error: Commit count is unknowable
[DEBUG Aug  2 07:57:24.616430807, errs.go:68] Created error: No merge required
[DEBUG Aug  2 07:57:24.616454568, errs.go:68] Created error: Can't merge commit thats already in target commits history
[DEBUG Aug  2 07:57:24.616478958, errs.go:68] Created error: Bad expander name
[DEBUG Aug  2 07:57:24.616501537, errs.go:68] Created error: Expander has no handler
[DEBUG Aug  2 07:57:24.617695645, errs.go:68] Created error: Service is already running
[DEBUG Aug  2 07:57:24.648006039, secrets.go:35] Gcloud Secretmanager failed to initialize (ignore if you're not trying to use gcloud): google: could not find default credentials. See https://developers.google.com/accounts/docs/application-default-credentials for more information.
[DEBUG Aug  2 07:57:24.691966383, output.go:53] Requested outputer for 
[DEBUG Aug  2 07:57:24.691988594, output.go:58] Using Plain outputer
[DEBUG Aug  2 07:57:24.692061659, termutils.go:17] Cannot get terminal size: inappropriate ioctl for device
[DEBUG Aug  2 07:57:24.692156252, client.go:128] Reporting event to 2 reporters: run-command, state-svc start, 
[DEBUG Aug  2 07:57:24.692199780, main.go:107] Running CmdStart
[DEBUG Aug  2 07:57:24.698179091, errs.go:75] Wrapped error: Service is already running -- with: valueF failed
[DEBUG Aug  2 07:57:24.698239247, errs.go:75] Wrapped error: valueF failed -- with: Could not store pid
[DEBUG Aug  2 07:57:24.698314819, errors.go:113] Wrapped input error: Could not store pid -- with: A State Service instance is already running in the background.
[DEBUG Aug  2 07:57:24.698328551, errs.go:75] Wrapped error: A State Service instance is already running in the background. -- with: Could not start serviceManager
[DEBUG Aug  2 07:57:24.698394420, client.go:128] Reporting event to 2 reporters: command-exit, state-svc start, 1
[DEBUG Aug  2 07:57:25.021663441, errs.go:75] Wrapped error: <nil> -- with: Could not start serviceManager: A State Service instance is already running in the background.: Could not store pid: valueF failed: Service is already running
[DEBUG Aug  2 07:57:25.021719766, main.go:61] state-svc errored out due to input: Could not start serviceManager: A State Service instance is already running in the background.: Could not store pid: valueF failed: Service is already running
