[DEBUG Aug  2 08:14:43.093982437, defaults.go:273] Args: [/home1/wangfeim/.local/ActiveState/StateTool/release/bin/state-svc start]
[DEBUG Aug  2 08:14:43.108517111, locale.go:38] Init
[DEBUG Aug  2 08:14:43.198302879, errs.go:68] Created error: File could not be found
[DEBUG Aug  2 08:14:43.201184286, errs.go:68] Created error: Not Recognized
[DEBUG Aug  2 08:14:43.221954270, errs.go:68] Created error: Secret not found
[DEBUG Aug  2 08:14:43.222004278, errs.go:68] Created error: Could not save keypair
[DEBUG Aug  2 08:14:43.222175917, errs.go:68] Created error: Build responded with error
[DEBUG Aug  2 08:14:43.222202184, errs.go:68] Created error: Unknown build type
[DEBUG Aug  2 08:14:43.222318842, errors.go:86] Wrapped localized error: <nil> -- with: The installed version of the State Tool Service does not match that of the client.
Please stop the service with [ACTIONABLE]state-svc stop[/RESET] and try your command again.
If this issue persists please reinstall the State Tool.

[DEBUG Aug  2 08:14:43.222333978, errs.go:68] Created error: no data
[DEBUG Aug  2 08:14:43.222356165, errs.go:68] Created error: member not found
[DEBUG Aug  2 08:14:43.222382677, errs.go:68] Created error: Commit count is unknowable
[DEBUG Aug  2 08:14:43.222403935, errs.go:68] Created error: No merge required
[DEBUG Aug  2 08:14:43.222431562, errs.go:68] Created error: Can't merge commit thats already in target commits history
[DEBUG Aug  2 08:14:43.222455823, errs.go:68] Created error: Bad expander name
[DEBUG Aug  2 08:14:43.222478718, errs.go:68] Created error: Expander has no handler
[DEBUG Aug  2 08:14:43.223562160, errs.go:68] Created error: Service is already running
[DEBUG Aug  2 08:14:43.289574133, secrets.go:35] Gcloud Secretmanager failed to initialize (ignore if you're not trying to use gcloud): google: could not find default credentials. See https://developers.google.com/accounts/docs/application-default-credentials for more information.
[DEBUG Aug  2 08:14:43.292993206, output.go:53] Requested outputer for 
[DEBUG Aug  2 08:14:43.293013797, output.go:58] Using Plain outputer
[DEBUG Aug  2 08:14:43.293082369, termutils.go:17] Cannot get terminal size: inappropriate ioctl for device
[DEBUG Aug  2 08:14:43.293176250, client.go:128] Reporting event to 2 reporters: run-command, state-svc start, 
[DEBUG Aug  2 08:14:43.293244902, main.go:107] Running CmdStart
[DEBUG Aug  2 08:14:43.298604976, errs.go:75] Wrapped error: Service is already running -- with: valueF failed
[DEBUG Aug  2 08:14:43.298658911, errs.go:75] Wrapped error: valueF failed -- with: Could not store pid
[DEBUG Aug  2 08:14:43.298727284, errors.go:113] Wrapped input error: Could not store pid -- with: A State Service instance is already running in the background.
[DEBUG Aug  2 08:14:43.298740809, errs.go:75] Wrapped error: A State Service instance is already running in the background. -- with: Could not start serviceManager
[DEBUG Aug  2 08:14:43.298807553, client.go:128] Reporting event to 2 reporters: command-exit, state-svc start, 1
[DEBUG Aug  2 08:14:43.649265047, errs.go:75] Wrapped error: <nil> -- with: Could not start serviceManager: A State Service instance is already running in the background.: Could not store pid: valueF failed: Service is already running
[DEBUG Aug  2 08:14:43.649350043, main.go:61] state-svc errored out due to input: Could not start serviceManager: A State Service instance is already running in the background.: Could not store pid: valueF failed: Service is already running
