[DEBUG Aug  2 07:49:52.070354546, defaults.go:273] Args: [/home1/wangfeim/.local/ActiveState/StateTool/release/bin/state-svc start]
[DEBUG Aug  2 07:49:52.085034707, locale.go:38] Init
[DEBUG Aug  2 07:49:52.832753699, errs.go:68] Created error: File could not be found
[DEBUG Aug  2 07:49:52.835825401, errs.go:68] Created error: Not Recognized
[DEBUG Aug  2 07:49:52.890641339, errs.go:68] Created error: Secret not found
[DEBUG Aug  2 07:49:52.890697751, errs.go:68] Created error: Could not save keypair
[DEBUG Aug  2 07:49:52.890870332, errs.go:68] Created error: Build responded with error
[DEBUG Aug  2 07:49:52.890906251, errs.go:68] Created error: Unknown build type
[DEBUG Aug  2 07:49:52.891064759, errors.go:86] Wrapped localized error: <nil> -- with: The installed version of the State Tool Service does not match that of the client.
Please stop the service with [ACTIONABLE]state-svc stop[/RESET] and try your command again.
If this issue persists please reinstall the State Tool.

[DEBUG Aug  2 07:49:52.891081535, errs.go:68] Created error: no data
[DEBUG Aug  2 07:49:52.891105907, errs.go:68] Created error: member not found
[DEBUG Aug  2 07:49:52.891132549, errs.go:68] Created error: Commit count is unknowable
[DEBUG Aug  2 07:49:52.891161219, errs.go:68] Created error: No merge required
[DEBUG Aug  2 07:49:52.891186655, errs.go:68] Created error: Can't merge commit thats already in target commits history
[DEBUG Aug  2 07:49:52.891223315, errs.go:68] Created error: Bad expander name
[DEBUG Aug  2 07:49:52.891243935, errs.go:68] Created error: Expander has no handler
[DEBUG Aug  2 07:49:52.892473104, errs.go:68] Created error: Service is already running
[DEBUG Aug  2 07:49:52.922746538, secrets.go:35] Gcloud Secretmanager failed to initialize (ignore if you're not trying to use gcloud): google: could not find default credentials. See https://developers.google.com/accounts/docs/application-default-credentials for more information.
[DEBUG Aug  2 07:49:52.927807941, output.go:53] Requested outputer for 
[DEBUG Aug  2 07:49:52.927828294, output.go:58] Using Plain outputer
[DEBUG Aug  2 07:49:52.927887897, termutils.go:17] Cannot get terminal size: inappropriate ioctl for device
[DEBUG Aug  2 07:49:52.927928275, client.go:128] Reporting event to 2 reporters: run-command, state-svc start, 
[DEBUG Aug  2 07:49:52.928025590, main.go:107] Running CmdStart
[DEBUG Aug  2 07:49:52.934964351, errs.go:75] Wrapped error: Service is already running -- with: valueF failed
[DEBUG Aug  2 07:49:52.935036208, errs.go:75] Wrapped error: valueF failed -- with: Could not store pid
[DEBUG Aug  2 07:49:52.935134830, errors.go:113] Wrapped input error: Could not store pid -- with: A State Service instance is already running in the background.
[DEBUG Aug  2 07:49:52.935153013, errs.go:75] Wrapped error: A State Service instance is already running in the background. -- with: Could not start serviceManager
[DEBUG Aug  2 07:49:52.935241005, client.go:128] Reporting event to 2 reporters: command-exit, state-svc start, 1
[DEBUG Aug  2 07:49:53.320155648, errs.go:75] Wrapped error: <nil> -- with: Could not start serviceManager: A State Service instance is already running in the background.: Could not store pid: valueF failed: Service is already running
[DEBUG Aug  2 07:49:53.320238312, main.go:61] state-svc errored out due to input: Could not start serviceManager: A State Service instance is already running in the background.: Could not store pid: valueF failed: Service is already running
