[DEBUG Aug  2 08:19:38.013325411, defaults.go:273] Args: [/home1/wangfeim/.local/ActiveState/StateTool/release/bin/state-svc start]
[DEBUG Aug  2 08:19:38.027040127, locale.go:38] Init
[DEBUG Aug  2 08:19:38.127666742, errs.go:68] Created error: File could not be found
[DEBUG Aug  2 08:19:38.130898384, errs.go:68] Created error: Not Recognized
[DEBUG Aug  2 08:19:38.153736374, errs.go:68] Created error: Secret not found
[DEBUG Aug  2 08:19:38.153788092, errs.go:68] Created error: Could not save keypair
[DEBUG Aug  2 08:19:38.153958665, errs.go:68] Created error: Build responded with error
[DEBUG Aug  2 08:19:38.153988033, errs.go:68] Created error: Unknown build type
[DEBUG Aug  2 08:19:38.154115769, errors.go:86] Wrapped localized error: <nil> -- with: The installed version of the State Tool Service does not match that of the client.
Please stop the service with [ACTIONABLE]state-svc stop[/RESET] and try your command again.
If this issue persists please reinstall the State Tool.

[DEBUG Aug  2 08:19:38.154130902, errs.go:68] Created error: no data
[DEBUG Aug  2 08:19:38.154154732, errs.go:68] Created error: member not found
[DEBUG Aug  2 08:19:38.154184392, errs.go:68] Created error: Commit count is unknowable
[DEBUG Aug  2 08:19:38.154221601, errs.go:68] Created error: No merge required
[DEBUG Aug  2 08:19:38.154245326, errs.go:68] Created error: Can't merge commit thats already in target commits history
[DEBUG Aug  2 08:19:38.154270564, errs.go:68] Created error: Bad expander name
[DEBUG Aug  2 08:19:38.154292963, errs.go:68] Created error: Expander has no handler
[DEBUG Aug  2 08:19:38.155274498, errs.go:68] Created error: Service is already running
[DEBUG Aug  2 08:19:38.195193958, secrets.go:35] Gcloud Secretmanager failed to initialize (ignore if you're not trying to use gcloud): google: could not find default credentials. See https://developers.google.com/accounts/docs/application-default-credentials for more information.
[DEBUG Aug  2 08:19:38.198149650, output.go:53] Requested outputer for 
[DEBUG Aug  2 08:19:38.198172887, output.go:58] Using Plain outputer
[DEBUG Aug  2 08:19:38.198246186, termutils.go:17] Cannot get terminal size: inappropriate ioctl for device
[DEBUG Aug  2 08:19:38.198317940, client.go:128] Reporting event to 2 reporters: run-command, state-svc start, 
[DEBUG Aug  2 08:19:38.198435239, main.go:107] Running CmdStart
[DEBUG Aug  2 08:19:38.204231487, errs.go:75] Wrapped error: Service is already running -- with: valueF failed
[DEBUG Aug  2 08:19:38.204294777, errs.go:75] Wrapped error: valueF failed -- with: Could not store pid
[DEBUG Aug  2 08:19:38.204358632, errors.go:113] Wrapped input error: Could not store pid -- with: A State Service instance is already running in the background.
[DEBUG Aug  2 08:19:38.204372662, errs.go:75] Wrapped error: A State Service instance is already running in the background. -- with: Could not start serviceManager
[DEBUG Aug  2 08:19:38.204471716, client.go:128] Reporting event to 2 reporters: command-exit, state-svc start, 1
[DEBUG Aug  2 08:19:38.557459770, errs.go:75] Wrapped error: <nil> -- with: Could not start serviceManager: A State Service instance is already running in the background.: Could not store pid: valueF failed: Service is already running
[DEBUG Aug  2 08:19:38.557535077, main.go:61] state-svc errored out due to input: Could not start serviceManager: A State Service instance is already running in the background.: Could not store pid: valueF failed: Service is already running
