[DEBUG Sep 17 03:20:33.116013847, errs.go:68] Created error: File could not be found
[DEBUG Sep 17 03:20:33.120233914, errs.go:68] Created error: Not Recognized
[DEBUG Sep 17 03:20:33.116163517, log.go:184] Rollbar error: empty token

[DEBUG Sep 17 03:20:33.146261927, errs.go:68] Created error: Secret not found
[DEBUG Sep 17 03:20:33.146382616, errs.go:68] Created error: Could not save keypair
[DEBUG Sep 17 03:20:33.146691695, errs.go:68] Created error: Build responded with error
[DEBUG Sep 17 03:20:33.146769922, errs.go:68] Created error: Unknown build type
[DEBUG Sep 17 03:20:33.147140313, errors.go:86] Wrapped localized error: <nil> -- with: The installed version of the State Tool Service does not match that of the client.
Please stop the service with [ACTIONABLE]state-svc stop[/RESET] and try your command again.
If this issue persists please reinstall the State Tool.

[DEBUG Sep 17 03:20:33.147161326, errs.go:68] Created error: no data
[DEBUG Sep 17 03:20:33.147196311, errs.go:68] Created error: member not found
[DEBUG Sep 17 03:20:33.147302080, errs.go:68] Created error: Commit count is unknowable
[DEBUG Sep 17 03:20:33.147346180, errs.go:68] Created error: No merge required
[DEBUG Sep 17 03:20:33.147379023, errs.go:68] Created error: Can't merge commit thats already in target commits history
[DEBUG Sep 17 03:20:33.147418242, errs.go:68] Created error: Bad expander name
[DEBUG Sep 17 03:20:33.147451609, errs.go:68] Created error: Expander has no handler
[DEBUG Sep 17 03:20:33.151395897, errs.go:68] Created error: Service is already running
[DEBUG Sep 17 03:20:33.200311355, secrets.go:35] Gcloud Secretmanager failed to initialize (ignore if you're not trying to use gcloud): google: could not find default credentials. See https://developers.google.com/accounts/docs/application-default-credentials for more information.
[DEBUG Sep 17 03:20:33.212600751, output.go:53] Requested outputer for 
[DEBUG Sep 17 03:20:33.212629326, output.go:58] Using Plain outputer
[DEBUG Sep 17 03:20:33.212850725, termutils.go:17] Cannot get terminal size: inappropriate ioctl for device
[DEBUG Sep 17 03:20:33.212967814, main.go:107] Running CmdStart
[DEBUG Sep 17 03:20:33.213156316, client.go:128] Reporting event to 2 reporters: run-command, state-svc start, 
[DEBUG Sep 17 03:20:33.219528973, errs.go:75] Wrapped error: Service is already running -- with: valueF failed
[DEBUG Sep 17 03:20:33.219579758, errs.go:75] Wrapped error: valueF failed -- with: Could not store pid
[DEBUG Sep 17 03:20:33.219647373, errors.go:113] Wrapped input error: Could not store pid -- with: A State Service instance is already running in the background.
[DEBUG Sep 17 03:20:33.219659291, errs.go:75] Wrapped error: A State Service instance is already running in the background. -- with: Could not start serviceManager
[DEBUG Sep 17 03:20:33.219789968, client.go:128] Reporting event to 2 reporters: command-exit, state-svc start, 1
[DEBUG Sep 17 03:20:33.581989078, errs.go:75] Wrapped error: <nil> -- with: Could not start serviceManager: A State Service instance is already running in the background.: Could not store pid: valueF failed: Service is already running
[DEBUG Sep 17 03:20:33.582042230, main.go:61] state-svc errored out due to input: Could not start serviceManager: A State Service instance is already running in the background.: Could not store pid: valueF failed: Service is already running
