[DEBUG Aug  2 07:51:46.775434557, defaults.go:273] Args: [/home1/wangfeim/.local/ActiveState/StateTool/release/bin/state-svc start]
[DEBUG Aug  2 07:51:46.789945221, locale.go:38] Init
[DEBUG Aug  2 07:51:47.126402402, errs.go:68] Created error: File could not be found
[DEBUG Aug  2 07:51:47.129523161, errs.go:68] Created error: Not Recognized
[DEBUG Aug  2 07:51:47.155454749, errs.go:68] Created error: Secret not found
[DEBUG Aug  2 07:51:47.155525191, errs.go:68] Created error: Could not save keypair
[DEBUG Aug  2 07:51:47.155753066, errs.go:68] Created error: Build responded with error
[DEBUG Aug  2 07:51:47.155786589, errs.go:68] Created error: Unknown build type
[DEBUG Aug  2 07:51:47.155926340, errors.go:86] Wrapped localized error: <nil> -- with: The installed version of the State Tool Service does not match that of the client.
Please stop the service with [ACTIONABLE]state-svc stop[/RESET] and try your command again.
If this issue persists please reinstall the State Tool.

[DEBUG Aug  2 07:51:47.155945416, errs.go:68] Created error: no data
[DEBUG Aug  2 07:51:47.155976820, errs.go:68] Created error: member not found
[DEBUG Aug  2 07:51:47.156018272, errs.go:68] Created error: Commit count is unknowable
[DEBUG Aug  2 07:51:47.156045534, errs.go:68] Created error: No merge required
[DEBUG Aug  2 07:51:47.156070107, errs.go:68] Created error: Can't merge commit thats already in target commits history
[DEBUG Aug  2 07:51:47.156094733, errs.go:68] Created error: Bad expander name
[DEBUG Aug  2 07:51:47.156126675, errs.go:68] Created error: Expander has no handler
[DEBUG Aug  2 07:51:47.157244788, errs.go:68] Created error: Service is already running
[DEBUG Aug  2 07:51:47.210726474, secrets.go:35] Gcloud Secretmanager failed to initialize (ignore if you're not trying to use gcloud): google: could not find default credentials. See https://developers.google.com/accounts/docs/application-default-credentials for more information.
[DEBUG Aug  2 07:51:47.215388562, output.go:53] Requested outputer for 
[DEBUG Aug  2 07:51:47.215429646, output.go:58] Using Plain outputer
[DEBUG Aug  2 07:51:47.215514006, termutils.go:17] Cannot get terminal size: inappropriate ioctl for device
[DEBUG Aug  2 07:51:47.215560049, client.go:128] Reporting event to 2 reporters: run-command, state-svc start, 
[DEBUG Aug  2 07:51:47.215757939, main.go:107] Running CmdStart
[DEBUG Aug  2 07:51:47.221035565, errs.go:75] Wrapped error: Service is already running -- with: valueF failed
[DEBUG Aug  2 07:51:47.221087406, errs.go:75] Wrapped error: valueF failed -- with: Could not store pid
[DEBUG Aug  2 07:51:47.221158021, errors.go:113] Wrapped input error: Could not store pid -- with: A State Service instance is already running in the background.
[DEBUG Aug  2 07:51:47.221174090, errs.go:75] Wrapped error: A State Service instance is already running in the background. -- with: Could not start serviceManager
[DEBUG Aug  2 07:51:47.221251489, client.go:128] Reporting event to 2 reporters: command-exit, state-svc start, 1
[DEBUG Aug  2 07:51:47.586210116, errs.go:75] Wrapped error: <nil> -- with: Could not start serviceManager: A State Service instance is already running in the background.: Could not store pid: valueF failed: Service is already running
[DEBUG Aug  2 07:51:47.586277573, main.go:61] state-svc errored out due to input: Could not start serviceManager: A State Service instance is already running in the background.: Could not store pid: valueF failed: Service is already running
