[DEBUG Aug  2 08:19:47.887300508, defaults.go:273] Args: [/home1/wangfeim/.local/ActiveState/StateTool/release/bin/state-svc start]
[DEBUG Aug  2 08:19:47.900933400, locale.go:38] Init
[DEBUG Aug  2 08:19:47.940728708, errs.go:68] Created error: File could not be found
[DEBUG Aug  2 08:19:47.986445487, errs.go:68] Created error: Not Recognized
[DEBUG Aug  2 08:19:48.005100873, errs.go:68] Created error: Secret not found
[DEBUG Aug  2 08:19:48.005145727, errs.go:68] Created error: Could not save keypair
[DEBUG Aug  2 08:19:48.005331096, errs.go:68] Created error: Build responded with error
[DEBUG Aug  2 08:19:48.005363276, errs.go:68] Created error: Unknown build type
[DEBUG Aug  2 08:19:48.005460109, errors.go:86] Wrapped localized error: <nil> -- with: The installed version of the State Tool Service does not match that of the client.
Please stop the service with [ACTIONABLE]state-svc stop[/RESET] and try your command again.
If this issue persists please reinstall the State Tool.

[DEBUG Aug  2 08:19:48.005472817, errs.go:68] Created error: no data
[DEBUG Aug  2 08:19:48.005496178, errs.go:68] Created error: member not found
[DEBUG Aug  2 08:19:48.005519753, errs.go:68] Created error: Commit count is unknowable
[DEBUG Aug  2 08:19:48.005548462, errs.go:68] Created error: No merge required
[DEBUG Aug  2 08:19:48.005571187, errs.go:68] Created error: Can't merge commit thats already in target commits history
[DEBUG Aug  2 08:19:48.005595313, errs.go:68] Created error: Bad expander name
[DEBUG Aug  2 08:19:48.005617081, errs.go:68] Created error: Expander has no handler
[DEBUG Aug  2 08:19:48.007782790, errs.go:68] Created error: Service is already running
[DEBUG Aug  2 08:19:48.031896129, secrets.go:35] Gcloud Secretmanager failed to initialize (ignore if you're not trying to use gcloud): google: could not find default credentials. See https://developers.google.com/accounts/docs/application-default-credentials for more information.
[DEBUG Aug  2 08:19:48.037023126, output.go:53] Requested outputer for 
[DEBUG Aug  2 08:19:48.037081866, output.go:58] Using Plain outputer
[DEBUG Aug  2 08:19:48.037209065, termutils.go:17] Cannot get terminal size: inappropriate ioctl for device
[DEBUG Aug  2 08:19:48.037445538, main.go:107] Running CmdStart
[DEBUG Aug  2 08:19:48.038747260, client.go:128] Reporting event to 2 reporters: run-command, state-svc start, 
[DEBUG Aug  2 08:19:48.043795361, errs.go:75] Wrapped error: Service is already running -- with: valueF failed
[DEBUG Aug  2 08:19:48.043862053, errs.go:75] Wrapped error: valueF failed -- with: Could not store pid
[DEBUG Aug  2 08:19:48.043937230, errors.go:113] Wrapped input error: Could not store pid -- with: A State Service instance is already running in the background.
[DEBUG Aug  2 08:19:48.043952029, errs.go:75] Wrapped error: A State Service instance is already running in the background. -- with: Could not start serviceManager
[DEBUG Aug  2 08:19:48.044021865, client.go:128] Reporting event to 2 reporters: command-exit, state-svc start, 1
[DEBUG Aug  2 08:19:48.403172955, errs.go:75] Wrapped error: <nil> -- with: Could not start serviceManager: A State Service instance is already running in the background.: Could not store pid: valueF failed: Service is already running
[DEBUG Aug  2 08:19:48.403238272, main.go:61] state-svc errored out due to input: Could not start serviceManager: A State Service instance is already running in the background.: Could not store pid: valueF failed: Service is already running
