[DEBUG Aug  2 07:53:56.732775502, defaults.go:273] Args: [/home1/wangfeim/.local/ActiveState/StateTool/release/bin/state-svc start]
[DEBUG Aug  2 07:53:56.747569319, locale.go:38] Init
[DEBUG Aug  2 07:53:56.808661496, errs.go:68] Created error: File could not be found
[DEBUG Aug  2 07:53:56.811326317, errs.go:68] Created error: Not Recognized
[DEBUG Aug  2 07:53:56.832519516, errs.go:68] Created error: Secret not found
[DEBUG Aug  2 07:53:56.832573425, errs.go:68] Created error: Could not save keypair
[DEBUG Aug  2 07:53:56.832728282, errs.go:68] Created error: Build responded with error
[DEBUG Aug  2 07:53:56.832760292, errs.go:68] Created error: Unknown build type
[DEBUG Aug  2 07:53:56.832871055, errors.go:86] Wrapped localized error: <nil> -- with: The installed version of the State Tool Service does not match that of the client.
Please stop the service with [ACTIONABLE]state-svc stop[/RESET] and try your command again.
If this issue persists please reinstall the State Tool.

[DEBUG Aug  2 07:53:56.832886252, errs.go:68] Created error: no data
[DEBUG Aug  2 07:53:56.832914806, errs.go:68] Created error: member not found
[DEBUG Aug  2 07:53:56.832937403, errs.go:68] Created error: Commit count is unknowable
[DEBUG Aug  2 07:53:56.832958339, errs.go:68] Created error: No merge required
[DEBUG Aug  2 07:53:56.832979605, errs.go:68] Created error: Can't merge commit thats already in target commits history
[DEBUG Aug  2 07:53:56.833002346, errs.go:68] Created error: Bad expander name
[DEBUG Aug  2 07:53:56.833022912, errs.go:68] Created error: Expander has no handler
[DEBUG Aug  2 07:53:56.834366326, errs.go:68] Created error: Service is already running
[DEBUG Aug  2 07:53:56.894188321, secrets.go:35] Gcloud Secretmanager failed to initialize (ignore if you're not trying to use gcloud): google: could not find default credentials. See https://developers.google.com/accounts/docs/application-default-credentials for more information.
[DEBUG Aug  2 07:53:56.897724926, output.go:53] Requested outputer for 
[DEBUG Aug  2 07:53:56.897750536, output.go:58] Using Plain outputer
[DEBUG Aug  2 07:53:56.897818444, termutils.go:17] Cannot get terminal size: inappropriate ioctl for device
[DEBUG Aug  2 07:53:56.897921190, client.go:128] Reporting event to 2 reporters: run-command, state-svc start, 
[DEBUG Aug  2 07:53:56.897991071, main.go:107] Running CmdStart
[DEBUG Aug  2 07:53:56.903499430, errs.go:75] Wrapped error: Service is already running -- with: valueF failed
[DEBUG Aug  2 07:53:56.903563096, errs.go:75] Wrapped error: valueF failed -- with: Could not store pid
[DEBUG Aug  2 07:53:56.903630984, errors.go:113] Wrapped input error: Could not store pid -- with: A State Service instance is already running in the background.
[DEBUG Aug  2 07:53:56.903644530, errs.go:75] Wrapped error: A State Service instance is already running in the background. -- with: Could not start serviceManager
[DEBUG Aug  2 07:53:56.903712137, client.go:128] Reporting event to 2 reporters: command-exit, state-svc start, 1
[DEBUG Aug  2 07:53:57.285116092, errs.go:75] Wrapped error: <nil> -- with: Could not start serviceManager: A State Service instance is already running in the background.: Could not store pid: valueF failed: Service is already running
[DEBUG Aug  2 07:53:57.285188600, main.go:61] state-svc errored out due to input: Could not start serviceManager: A State Service instance is already running in the background.: Could not store pid: valueF failed: Service is already running
