[DEBUG Sep  8 22:41:58.829671531, defaults.go:273] Args: [/home1/wangfeim/.local/ActiveState/StateTool/release/bin/state-svc start]
[DEBUG Sep  8 22:41:58.841753036, locale.go:38] Init
[DEBUG Sep  8 22:41:58.876509823, errs.go:68] Created error: File could not be found
[DEBUG Sep  8 22:41:58.879059866, errs.go:68] Created error: Not Recognized
[DEBUG Sep  8 22:41:58.933278806, errs.go:68] Created error: Secret not found
[DEBUG Sep  8 22:41:58.933317526, errs.go:68] Created error: Could not save keypair
[DEBUG Sep  8 22:41:58.933455630, errs.go:68] Created error: Build responded with error
[DEBUG Sep  8 22:41:58.933483828, errs.go:68] Created error: Unknown build type
[DEBUG Sep  8 22:41:58.934379688, errors.go:86] Wrapped localized error: <nil> -- with: The installed version of the State Tool Service does not match that of the client.
Please stop the service with [ACTIONABLE]state-svc stop[/RESET] and try your command again.
If this issue persists please reinstall the State Tool.

[DEBUG Sep  8 22:41:58.934427614, errs.go:68] Created error: no data
[DEBUG Sep  8 22:41:58.934489221, errs.go:68] Created error: member not found
[DEBUG Sep  8 22:41:58.934536499, errs.go:68] Created error: Commit count is unknowable
[DEBUG Sep  8 22:41:58.934587127, errs.go:68] Created error: No merge required
[DEBUG Sep  8 22:41:58.934625747, errs.go:68] Created error: Can't merge commit thats already in target commits history
[DEBUG Sep  8 22:41:58.934683919, errs.go:68] Created error: Bad expander name
[DEBUG Sep  8 22:41:58.934728693, errs.go:68] Created error: Expander has no handler
[DEBUG Sep  8 22:41:58.936426223, errs.go:68] Created error: Service is already running
[DEBUG Sep  8 22:41:58.958638853, secrets.go:35] Gcloud Secretmanager failed to initialize (ignore if you're not trying to use gcloud): google: could not find default credentials. See https://developers.google.com/accounts/docs/application-default-credentials for more information.
[DEBUG Sep  8 22:41:58.963157243, output.go:53] Requested outputer for 
[DEBUG Sep  8 22:41:58.963201251, output.go:58] Using Plain outputer
[DEBUG Sep  8 22:41:58.963274793, termutils.go:17] Cannot get terminal size: inappropriate ioctl for device
[DEBUG Sep  8 22:41:58.963357588, client.go:128] Reporting event to 2 reporters: run-command, state-svc start, 
[DEBUG Sep  8 22:41:58.963406026, main.go:107] Running CmdStart
[DEBUG Sep  8 22:41:58.968232184, errs.go:75] Wrapped error: Service is already running -- with: valueF failed
[DEBUG Sep  8 22:41:58.968277729, errs.go:75] Wrapped error: valueF failed -- with: Could not store pid
[DEBUG Sep  8 22:41:58.968341559, errors.go:113] Wrapped input error: Could not store pid -- with: A State Service instance is already running in the background.
[DEBUG Sep  8 22:41:58.968352592, errs.go:75] Wrapped error: A State Service instance is already running in the background. -- with: Could not start serviceManager
[DEBUG Sep  8 22:41:58.968426614, client.go:128] Reporting event to 2 reporters: command-exit, state-svc start, 1
[DEBUG Sep  8 22:41:59.313747494, errs.go:75] Wrapped error: <nil> -- with: Could not start serviceManager: A State Service instance is already running in the background.: Could not store pid: valueF failed: Service is already running
[DEBUG Sep  8 22:41:59.313813566, main.go:61] state-svc errored out due to input: Could not start serviceManager: A State Service instance is already running in the background.: Could not store pid: valueF failed: Service is already running
