[DEBUG Aug  2 08:17:56.396691745, defaults.go:273] Args: [/home1/wangfeim/.local/ActiveState/StateTool/release/bin/state-svc start]
[DEBUG Aug  2 08:17:56.410350823, locale.go:38] Init
[DEBUG Aug  2 08:17:56.491936354, errs.go:68] Created error: File could not be found
[DEBUG Aug  2 08:17:56.495102265, errs.go:68] Created error: Not Recognized
[DEBUG Aug  2 08:17:56.517814708, errs.go:68] Created error: Secret not found
[DEBUG Aug  2 08:17:56.517866206, errs.go:68] Created error: Could not save keypair
[DEBUG Aug  2 08:17:56.518038525, errs.go:68] Created error: Build responded with error
[DEBUG Aug  2 08:17:56.518076298, errs.go:68] Created error: Unknown build type
[DEBUG Aug  2 08:17:56.518186217, errors.go:86] Wrapped localized error: <nil> -- with: The installed version of the State Tool Service does not match that of the client.
Please stop the service with [ACTIONABLE]state-svc stop[/RESET] and try your command again.
If this issue persists please reinstall the State Tool.

[DEBUG Aug  2 08:17:56.518200885, errs.go:68] Created error: no data
[DEBUG Aug  2 08:17:56.518224305, errs.go:68] Created error: member not found
[DEBUG Aug  2 08:17:56.518249261, errs.go:68] Created error: Commit count is unknowable
[DEBUG Aug  2 08:17:56.518269643, errs.go:68] Created error: No merge required
[DEBUG Aug  2 08:17:56.518291814, errs.go:68] Created error: Can't merge commit thats already in target commits history
[DEBUG Aug  2 08:17:56.518314447, errs.go:68] Created error: Bad expander name
[DEBUG Aug  2 08:17:56.518335530, errs.go:68] Created error: Expander has no handler
[DEBUG Aug  2 08:17:56.519309554, errs.go:68] Created error: Service is already running
[DEBUG Aug  2 08:17:56.593367791, secrets.go:35] Gcloud Secretmanager failed to initialize (ignore if you're not trying to use gcloud): google: could not find default credentials. See https://developers.google.com/accounts/docs/application-default-credentials for more information.
[DEBUG Aug  2 08:17:56.597388635, output.go:53] Requested outputer for 
[DEBUG Aug  2 08:17:56.597419748, output.go:58] Using Plain outputer
[DEBUG Aug  2 08:17:56.597563536, termutils.go:17] Cannot get terminal size: inappropriate ioctl for device
[DEBUG Aug  2 08:17:56.597669603, client.go:128] Reporting event to 2 reporters: run-command, state-svc start, 
[DEBUG Aug  2 08:17:56.597743583, main.go:107] Running CmdStart
[DEBUG Aug  2 08:17:56.603244927, errs.go:75] Wrapped error: Service is already running -- with: valueF failed
[DEBUG Aug  2 08:17:56.603299717, errs.go:75] Wrapped error: valueF failed -- with: Could not store pid
[DEBUG Aug  2 08:17:56.603362408, errors.go:113] Wrapped input error: Could not store pid -- with: A State Service instance is already running in the background.
[DEBUG Aug  2 08:17:56.603375022, errs.go:75] Wrapped error: A State Service instance is already running in the background. -- with: Could not start serviceManager
[DEBUG Aug  2 08:17:56.603440372, client.go:128] Reporting event to 2 reporters: command-exit, state-svc start, 1
[DEBUG Aug  2 08:17:56.954325156, errs.go:75] Wrapped error: <nil> -- with: Could not start serviceManager: A State Service instance is already running in the background.: Could not store pid: valueF failed: Service is already running
[DEBUG Aug  2 08:17:56.954383241, main.go:61] state-svc errored out due to input: Could not start serviceManager: A State Service instance is already running in the background.: Could not store pid: valueF failed: Service is already running
