[DEBUG Aug  2 08:01:59.795268384, defaults.go:273] Args: [/home1/wangfeim/.local/ActiveState/StateTool/release/bin/state-svc start]
[DEBUG Aug  2 08:01:59.809228089, locale.go:38] Init
[DEBUG Aug  2 08:01:59.850952791, errs.go:68] Created error: File could not be found
[DEBUG Aug  2 08:01:59.853948735, errs.go:68] Created error: Not Recognized
[DEBUG Aug  2 08:01:59.899623810, errs.go:68] Created error: Secret not found
[DEBUG Aug  2 08:01:59.899674392, errs.go:68] Created error: Could not save keypair
[DEBUG Aug  2 08:01:59.899838811, errs.go:68] Created error: Build responded with error
[DEBUG Aug  2 08:01:59.899867702, errs.go:68] Created error: Unknown build type
[DEBUG Aug  2 08:01:59.899971153, errors.go:86] Wrapped localized error: <nil> -- with: The installed version of the State Tool Service does not match that of the client.
Please stop the service with [ACTIONABLE]state-svc stop[/RESET] and try your command again.
If this issue persists please reinstall the State Tool.

[DEBUG Aug  2 08:01:59.899984172, errs.go:68] Created error: no data
[DEBUG Aug  2 08:01:59.900005520, errs.go:68] Created error: member not found
[DEBUG Aug  2 08:01:59.900036844, errs.go:68] Created error: Commit count is unknowable
[DEBUG Aug  2 08:01:59.900058706, errs.go:68] Created error: No merge required
[DEBUG Aug  2 08:01:59.900079022, errs.go:68] Created error: Can't merge commit thats already in target commits history
[DEBUG Aug  2 08:01:59.900102563, errs.go:68] Created error: Bad expander name
[DEBUG Aug  2 08:01:59.900136157, errs.go:68] Created error: Expander has no handler
[DEBUG Aug  2 08:01:59.901372458, errs.go:68] Created error: Service is already running
[DEBUG Aug  2 08:01:59.930574271, secrets.go:35] Gcloud Secretmanager failed to initialize (ignore if you're not trying to use gcloud): google: could not find default credentials. See https://developers.google.com/accounts/docs/application-default-credentials for more information.
[DEBUG Aug  2 08:01:59.933780568, output.go:53] Requested outputer for 
[DEBUG Aug  2 08:01:59.933806041, output.go:58] Using Plain outputer
[DEBUG Aug  2 08:01:59.933902573, termutils.go:17] Cannot get terminal size: inappropriate ioctl for device
[DEBUG Aug  2 08:01:59.933971151, client.go:128] Reporting event to 2 reporters: run-command, state-svc start, 
[DEBUG Aug  2 08:01:59.934059803, main.go:107] Running CmdStart
[DEBUG Aug  2 08:01:59.941663105, errs.go:75] Wrapped error: Service is already running -- with: valueF failed
[DEBUG Aug  2 08:01:59.941759644, errs.go:75] Wrapped error: valueF failed -- with: Could not store pid
[DEBUG Aug  2 08:01:59.941863552, errors.go:113] Wrapped input error: Could not store pid -- with: A State Service instance is already running in the background.
[DEBUG Aug  2 08:01:59.941884885, errs.go:75] Wrapped error: A State Service instance is already running in the background. -- with: Could not start serviceManager
[DEBUG Aug  2 08:01:59.941985903, client.go:128] Reporting event to 2 reporters: command-exit, state-svc start, 1
[DEBUG Aug  2 08:02:00.304328156, errs.go:75] Wrapped error: <nil> -- with: Could not start serviceManager: A State Service instance is already running in the background.: Could not store pid: valueF failed: Service is already running
[DEBUG Aug  2 08:02:00.304395887, main.go:61] state-svc errored out due to input: Could not start serviceManager: A State Service instance is already running in the background.: Could not store pid: valueF failed: Service is already running
