[DEBUG Aug  2 08:14:05.215143863, defaults.go:273] Args: [/home1/wangfeim/.local/ActiveState/StateTool/release/bin/state-svc start]
[DEBUG Aug  2 08:14:05.230122720, locale.go:38] Init
[DEBUG Aug  2 08:14:05.271435397, errs.go:68] Created error: File could not be found
[DEBUG Aug  2 08:14:05.274754367, errs.go:68] Created error: Not Recognized
[DEBUG Aug  2 08:14:05.301226912, errs.go:68] Created error: Secret not found
[DEBUG Aug  2 08:14:05.301286572, errs.go:68] Created error: Could not save keypair
[DEBUG Aug  2 08:14:05.301494945, errs.go:68] Created error: Build responded with error
[DEBUG Aug  2 08:14:05.301550715, errs.go:68] Created error: Unknown build type
[DEBUG Aug  2 08:14:05.301723150, errors.go:86] Wrapped localized error: <nil> -- with: The installed version of the State Tool Service does not match that of the client.
Please stop the service with [ACTIONABLE]state-svc stop[/RESET] and try your command again.
If this issue persists please reinstall the State Tool.

[DEBUG Aug  2 08:14:05.301742874, errs.go:68] Created error: no data
[DEBUG Aug  2 08:14:05.301772000, errs.go:68] Created error: member not found
[DEBUG Aug  2 08:14:05.301807728, errs.go:68] Created error: Commit count is unknowable
[DEBUG Aug  2 08:14:05.301831209, errs.go:68] Created error: No merge required
[DEBUG Aug  2 08:14:05.301854180, errs.go:68] Created error: Can't merge commit thats already in target commits history
[DEBUG Aug  2 08:14:05.301879326, errs.go:68] Created error: Bad expander name
[DEBUG Aug  2 08:14:05.301907300, errs.go:68] Created error: Expander has no handler
[DEBUG Aug  2 08:14:05.303331043, errs.go:68] Created error: Service is already running
[DEBUG Aug  2 08:14:05.333018539, secrets.go:35] Gcloud Secretmanager failed to initialize (ignore if you're not trying to use gcloud): google: could not find default credentials. See https://developers.google.com/accounts/docs/application-default-credentials for more information.
[DEBUG Aug  2 08:14:05.337073154, output.go:53] Requested outputer for 
[DEBUG Aug  2 08:14:05.337138076, output.go:58] Using Plain outputer
[DEBUG Aug  2 08:14:05.337230820, termutils.go:17] Cannot get terminal size: inappropriate ioctl for device
[DEBUG Aug  2 08:14:05.337319676, client.go:128] Reporting event to 2 reporters: run-command, state-svc start, 
[DEBUG Aug  2 08:14:05.337382744, main.go:107] Running CmdStart
[DEBUG Aug  2 08:14:05.343764486, errs.go:75] Wrapped error: Service is already running -- with: valueF failed
[DEBUG Aug  2 08:14:05.343841546, errs.go:75] Wrapped error: valueF failed -- with: Could not store pid
[DEBUG Aug  2 08:14:05.343920783, errors.go:113] Wrapped input error: Could not store pid -- with: A State Service instance is already running in the background.
[DEBUG Aug  2 08:14:05.343935836, errs.go:75] Wrapped error: A State Service instance is already running in the background. -- with: Could not start serviceManager
[DEBUG Aug  2 08:14:05.344010236, client.go:128] Reporting event to 2 reporters: command-exit, state-svc start, 1
[DEBUG Aug  2 08:14:05.693962867, errs.go:75] Wrapped error: <nil> -- with: Could not start serviceManager: A State Service instance is already running in the background.: Could not store pid: valueF failed: Service is already running
[DEBUG Aug  2 08:14:05.694043050, main.go:61] state-svc errored out due to input: Could not start serviceManager: A State Service instance is already running in the background.: Could not store pid: valueF failed: Service is already running
