[DEBUG Sep 16 20:25:48.900501169, defaults.go:273] Args: [/home1/wangfeim/.local/ActiveState/StateTool/release/bin/state-svc start]
[DEBUG Sep 16 20:25:48.916450400, locale.go:38] Init
[DEBUG Sep 16 20:25:49.001762689, errs.go:68] Created error: File could not be found
[DEBUG Sep 16 20:25:49.005244875, errs.go:68] Created error: Not Recognized
[DEBUG Sep 16 20:25:49.030807129, errs.go:68] Created error: Secret not found
[DEBUG Sep 16 20:25:49.030871724, errs.go:68] Created error: Could not save keypair
[DEBUG Sep 16 20:25:49.031049740, errs.go:68] Created error: Build responded with error
[DEBUG Sep 16 20:25:49.031087206, errs.go:68] Created error: Unknown build type
[DEBUG Sep 16 20:25:49.031211493, errors.go:86] Wrapped localized error: <nil> -- with: The installed version of the State Tool Service does not match that of the client.
Please stop the service with [ACTIONABLE]state-svc stop[/RESET] and try your command again.
If this issue persists please reinstall the State Tool.

[DEBUG Sep 16 20:25:49.031228038, errs.go:68] Created error: no data
[DEBUG Sep 16 20:25:49.031256678, errs.go:68] Created error: member not found
[DEBUG Sep 16 20:25:49.031292617, errs.go:68] Created error: Commit count is unknowable
[DEBUG Sep 16 20:25:49.031318834, errs.go:68] Created error: No merge required
[DEBUG Sep 16 20:25:49.031341613, errs.go:68] Created error: Can't merge commit thats already in target commits history
[DEBUG Sep 16 20:25:49.031370660, errs.go:68] Created error: Bad expander name
[DEBUG Sep 16 20:25:49.031395409, errs.go:68] Created error: Expander has no handler
[DEBUG Sep 16 20:25:49.032532389, errs.go:68] Created error: Service is already running
[DEBUG Sep 16 20:25:49.063786554, secrets.go:35] Gcloud Secretmanager failed to initialize (ignore if you're not trying to use gcloud): google: could not find default credentials. See https://developers.google.com/accounts/docs/application-default-credentials for more information.
[DEBUG Sep 16 20:25:49.090010159, output.go:53] Requested outputer for 
[DEBUG Sep 16 20:25:49.090037594, output.go:58] Using Plain outputer
[DEBUG Sep 16 20:25:49.090122872, termutils.go:17] Cannot get terminal size: inappropriate ioctl for device
[DEBUG Sep 16 20:25:49.090272236, client.go:128] Reporting event to 2 reporters: run-command, state-svc start, 
[DEBUG Sep 16 20:25:49.090294168, main.go:107] Running CmdStart
[DEBUG Sep 16 20:25:49.097930000, errs.go:75] Wrapped error: Service is already running -- with: valueF failed
[DEBUG Sep 16 20:25:49.097981689, errs.go:75] Wrapped error: valueF failed -- with: Could not store pid
[DEBUG Sep 16 20:25:49.098181496, errors.go:113] Wrapped input error: Could not store pid -- with: A State Service instance is already running in the background.
[DEBUG Sep 16 20:25:49.098196710, errs.go:75] Wrapped error: A State Service instance is already running in the background. -- with: Could not start serviceManager
[DEBUG Sep 16 20:25:49.098251092, client.go:128] Reporting event to 2 reporters: command-exit, state-svc start, 1
[DEBUG Sep 16 20:25:49.461410516, errs.go:75] Wrapped error: <nil> -- with: Could not start serviceManager: A State Service instance is already running in the background.: Could not store pid: valueF failed: Service is already running
[DEBUG Sep 16 20:25:49.461473293, main.go:61] state-svc errored out due to input: Could not start serviceManager: A State Service instance is already running in the background.: Could not store pid: valueF failed: Service is already running
