[DEBUG Aug  2 07:56:11.841590605, defaults.go:273] Args: [/home1/wangfeim/.local/ActiveState/StateTool/release/bin/state-svc start]
[DEBUG Aug  2 07:56:11.855635137, locale.go:38] Init
[DEBUG Aug  2 07:56:11.917476101, errs.go:68] Created error: File could not be found
[DEBUG Aug  2 07:56:11.922299184, errs.go:68] Created error: Not Recognized
[DEBUG Aug  2 07:56:11.941376441, errs.go:68] Created error: Secret not found
[DEBUG Aug  2 07:56:11.941422640, errs.go:68] Created error: Could not save keypair
[DEBUG Aug  2 07:56:11.941580138, errs.go:68] Created error: Build responded with error
[DEBUG Aug  2 07:56:11.941609470, errs.go:68] Created error: Unknown build type
[DEBUG Aug  2 07:56:11.941712590, errors.go:86] Wrapped localized error: <nil> -- with: The installed version of the State Tool Service does not match that of the client.
Please stop the service with [ACTIONABLE]state-svc stop[/RESET] and try your command again.
If this issue persists please reinstall the State Tool.

[DEBUG Aug  2 07:56:11.941725749, errs.go:68] Created error: no data
[DEBUG Aug  2 07:56:11.941751757, errs.go:68] Created error: member not found
[DEBUG Aug  2 07:56:11.941780492, errs.go:68] Created error: Commit count is unknowable
[DEBUG Aug  2 07:56:11.941800879, errs.go:68] Created error: No merge required
[DEBUG Aug  2 07:56:11.941821886, errs.go:68] Created error: Can't merge commit thats already in target commits history
[DEBUG Aug  2 07:56:11.941842787, errs.go:68] Created error: Bad expander name
[DEBUG Aug  2 07:56:11.941868044, errs.go:68] Created error: Expander has no handler
[DEBUG Aug  2 07:56:11.942991527, errs.go:68] Created error: Service is already running
[DEBUG Aug  2 07:56:12.003110651, secrets.go:35] Gcloud Secretmanager failed to initialize (ignore if you're not trying to use gcloud): google: could not find default credentials. See https://developers.google.com/accounts/docs/application-default-credentials for more information.
[DEBUG Aug  2 07:56:12.008086253, output.go:53] Requested outputer for 
[DEBUG Aug  2 07:56:12.008107644, output.go:58] Using Plain outputer
[DEBUG Aug  2 07:56:12.008178301, termutils.go:17] Cannot get terminal size: inappropriate ioctl for device
[DEBUG Aug  2 07:56:12.008325312, client.go:128] Reporting event to 2 reporters: run-command, state-svc start, 
[DEBUG Aug  2 07:56:12.008374335, main.go:107] Running CmdStart
[DEBUG Aug  2 07:56:12.014349319, errs.go:75] Wrapped error: Service is already running -- with: valueF failed
[DEBUG Aug  2 07:56:12.014417845, errs.go:75] Wrapped error: valueF failed -- with: Could not store pid
[DEBUG Aug  2 07:56:12.014496666, errors.go:113] Wrapped input error: Could not store pid -- with: A State Service instance is already running in the background.
[DEBUG Aug  2 07:56:12.014511882, errs.go:75] Wrapped error: A State Service instance is already running in the background. -- with: Could not start serviceManager
[DEBUG Aug  2 07:56:12.014623434, client.go:128] Reporting event to 2 reporters: command-exit, state-svc start, 1
[DEBUG Aug  2 07:56:12.401254825, errs.go:75] Wrapped error: <nil> -- with: Could not start serviceManager: A State Service instance is already running in the background.: Could not store pid: valueF failed: Service is already running
[DEBUG Aug  2 07:56:12.401324162, main.go:61] state-svc errored out due to input: Could not start serviceManager: A State Service instance is already running in the background.: Could not store pid: valueF failed: Service is already running
