[DEBUG Aug  2 08:03:01.388247929, defaults.go:273] Args: [/home1/wangfeim/.local/ActiveState/StateTool/release/bin/state-svc start]
[DEBUG Aug  2 08:03:01.401521928, locale.go:38] Init
[DEBUG Aug  2 08:03:02.108270875, errs.go:68] Created error: File could not be found
[DEBUG Aug  2 08:03:02.111487649, errs.go:68] Created error: Not Recognized
[DEBUG Aug  2 08:03:02.184995274, errs.go:68] Created error: Secret not found
[DEBUG Aug  2 08:03:02.185254039, errs.go:68] Created error: Could not save keypair
[DEBUG Aug  2 08:03:02.185481992, errs.go:68] Created error: Build responded with error
[DEBUG Aug  2 08:03:02.185514217, errs.go:68] Created error: Unknown build type
[DEBUG Aug  2 08:03:02.185681102, errors.go:86] Wrapped localized error: <nil> -- with: The installed version of the State Tool Service does not match that of the client.
Please stop the service with [ACTIONABLE]state-svc stop[/RESET] and try your command again.
If this issue persists please reinstall the State Tool.

[DEBUG Aug  2 08:03:02.185703925, errs.go:68] Created error: no data
[DEBUG Aug  2 08:03:02.185732348, errs.go:68] Created error: member not found
[DEBUG Aug  2 08:03:02.185756864, errs.go:68] Created error: Commit count is unknowable
[DEBUG Aug  2 08:03:02.185784452, errs.go:68] Created error: No merge required
[DEBUG Aug  2 08:03:02.185818996, errs.go:68] Created error: Can't merge commit thats already in target commits history
[DEBUG Aug  2 08:03:02.185850845, errs.go:68] Created error: Bad expander name
[DEBUG Aug  2 08:03:02.185876417, errs.go:68] Created error: Expander has no handler
[DEBUG Aug  2 08:03:02.187181661, errs.go:68] Created error: Service is already running
[DEBUG Aug  2 08:03:02.223637174, secrets.go:35] Gcloud Secretmanager failed to initialize (ignore if you're not trying to use gcloud): google: could not find default credentials. See https://developers.google.com/accounts/docs/application-default-credentials for more information.
[DEBUG Aug  2 08:03:02.227491570, output.go:53] Requested outputer for 
[DEBUG Aug  2 08:03:02.227518083, output.go:58] Using Plain outputer
[DEBUG Aug  2 08:03:02.227606562, termutils.go:17] Cannot get terminal size: inappropriate ioctl for device
[DEBUG Aug  2 08:03:02.227702261, client.go:128] Reporting event to 2 reporters: run-command, state-svc start, 
[DEBUG Aug  2 08:03:02.227760410, main.go:107] Running CmdStart
[DEBUG Aug  2 08:03:02.233695595, errs.go:75] Wrapped error: Service is already running -- with: valueF failed
[DEBUG Aug  2 08:03:02.233765556, errs.go:75] Wrapped error: valueF failed -- with: Could not store pid
[DEBUG Aug  2 08:03:02.233844751, errors.go:113] Wrapped input error: Could not store pid -- with: A State Service instance is already running in the background.
[DEBUG Aug  2 08:03:02.233859251, errs.go:75] Wrapped error: A State Service instance is already running in the background. -- with: Could not start serviceManager
[DEBUG Aug  2 08:03:02.233976720, client.go:128] Reporting event to 2 reporters: command-exit, state-svc start, 1
[DEBUG Aug  2 08:03:02.608193699, errs.go:75] Wrapped error: <nil> -- with: Could not start serviceManager: A State Service instance is already running in the background.: Could not store pid: valueF failed: Service is already running
[DEBUG Aug  2 08:03:02.608280887, main.go:61] state-svc errored out due to input: Could not start serviceManager: A State Service instance is already running in the background.: Could not store pid: valueF failed: Service is already running
