[DEBUG Aug  2 07:54:27.754776607, defaults.go:273] Args: [/home1/wangfeim/.local/ActiveState/StateTool/release/bin/state-svc start]
[DEBUG Aug  2 07:54:27.803551457, locale.go:38] Init
[DEBUG Aug  2 07:54:27.853346480, errs.go:68] Created error: File could not be found
[DEBUG Aug  2 07:54:27.888108929, errs.go:68] Created error: Not Recognized
[DEBUG Aug  2 07:54:27.909558573, errs.go:68] Created error: Secret not found
[DEBUG Aug  2 07:54:27.909604960, errs.go:68] Created error: Could not save keypair
[DEBUG Aug  2 07:54:27.909751701, errs.go:68] Created error: Build responded with error
[DEBUG Aug  2 07:54:27.909787532, errs.go:68] Created error: Unknown build type
[DEBUG Aug  2 07:54:27.909903483, errors.go:86] Wrapped localized error: <nil> -- with: The installed version of the State Tool Service does not match that of the client.
Please stop the service with [ACTIONABLE]state-svc stop[/RESET] and try your command again.
If this issue persists please reinstall the State Tool.

[DEBUG Aug  2 07:54:27.909916481, errs.go:68] Created error: no data
[DEBUG Aug  2 07:54:27.909938549, errs.go:68] Created error: member not found
[DEBUG Aug  2 07:54:27.909960628, errs.go:68] Created error: Commit count is unknowable
[DEBUG Aug  2 07:54:27.909986259, errs.go:68] Created error: No merge required
[DEBUG Aug  2 07:54:27.910008765, errs.go:68] Created error: Can't merge commit thats already in target commits history
[DEBUG Aug  2 07:54:27.910031040, errs.go:68] Created error: Bad expander name
[DEBUG Aug  2 07:54:27.910052044, errs.go:68] Created error: Expander has no handler
[DEBUG Aug  2 07:54:27.911107335, errs.go:68] Created error: Service is already running
[DEBUG Aug  2 07:54:27.940553755, secrets.go:35] Gcloud Secretmanager failed to initialize (ignore if you're not trying to use gcloud): google: could not find default credentials. See https://developers.google.com/accounts/docs/application-default-credentials for more information.
[DEBUG Aug  2 07:54:27.944889073, output.go:53] Requested outputer for 
[DEBUG Aug  2 07:54:27.944911571, output.go:58] Using Plain outputer
[DEBUG Aug  2 07:54:27.944989707, termutils.go:17] Cannot get terminal size: inappropriate ioctl for device
[DEBUG Aug  2 07:54:27.945078501, client.go:128] Reporting event to 2 reporters: run-command, state-svc start, 
[DEBUG Aug  2 07:54:27.945156495, main.go:107] Running CmdStart
[DEBUG Aug  2 07:54:27.951259470, errs.go:75] Wrapped error: Service is already running -- with: valueF failed
[DEBUG Aug  2 07:54:27.951326679, errs.go:75] Wrapped error: valueF failed -- with: Could not store pid
[DEBUG Aug  2 07:54:27.951408919, errors.go:113] Wrapped input error: Could not store pid -- with: A State Service instance is already running in the background.
[DEBUG Aug  2 07:54:27.951424217, errs.go:75] Wrapped error: A State Service instance is already running in the background. -- with: Could not start serviceManager
[DEBUG Aug  2 07:54:27.951490170, client.go:128] Reporting event to 2 reporters: command-exit, state-svc start, 1
[DEBUG Aug  2 07:54:28.310617589, errs.go:75] Wrapped error: <nil> -- with: Could not start serviceManager: A State Service instance is already running in the background.: Could not store pid: valueF failed: Service is already running
[DEBUG Aug  2 07:54:28.310693474, main.go:61] state-svc errored out due to input: Could not start serviceManager: A State Service instance is already running in the background.: Could not store pid: valueF failed: Service is already running
