[DEBUG Aug  2 08:05:56.844386561, defaults.go:273] Args: [/home1/wangfeim/.local/ActiveState/StateTool/release/bin/state-svc start]
[DEBUG Aug  2 08:05:56.858935717, locale.go:38] Init
[DEBUG Aug  2 08:05:57.568594976, errs.go:68] Created error: File could not be found
[DEBUG Aug  2 08:05:57.571772520, errs.go:68] Created error: Not Recognized
[DEBUG Aug  2 08:05:57.592553756, errs.go:68] Created error: Secret not found
[DEBUG Aug  2 08:05:57.592616839, errs.go:68] Created error: Could not save keypair
[DEBUG Aug  2 08:05:57.592795642, errs.go:68] Created error: Build responded with error
[DEBUG Aug  2 08:05:57.592830305, errs.go:68] Created error: Unknown build type
[DEBUG Aug  2 08:05:57.592953494, errors.go:86] Wrapped localized error: <nil> -- with: The installed version of the State Tool Service does not match that of the client.
Please stop the service with [ACTIONABLE]state-svc stop[/RESET] and try your command again.
If this issue persists please reinstall the State Tool.

[DEBUG Aug  2 08:05:57.592969024, errs.go:68] Created error: no data
[DEBUG Aug  2 08:05:57.592994840, errs.go:68] Created error: member not found
[DEBUG Aug  2 08:05:57.593030029, errs.go:68] Created error: Commit count is unknowable
[DEBUG Aug  2 08:05:57.593054985, errs.go:68] Created error: No merge required
[DEBUG Aug  2 08:05:57.593078316, errs.go:68] Created error: Can't merge commit thats already in target commits history
[DEBUG Aug  2 08:05:57.593105127, errs.go:68] Created error: Bad expander name
[DEBUG Aug  2 08:05:57.593130208, errs.go:68] Created error: Expander has no handler
[DEBUG Aug  2 08:05:57.594327923, errs.go:68] Created error: Service is already running
[DEBUG Aug  2 08:05:57.627084490, secrets.go:35] Gcloud Secretmanager failed to initialize (ignore if you're not trying to use gcloud): google: could not find default credentials. See https://developers.google.com/accounts/docs/application-default-credentials for more information.
[DEBUG Aug  2 08:05:57.630586722, output.go:53] Requested outputer for 
[DEBUG Aug  2 08:05:57.630608420, output.go:58] Using Plain outputer
[DEBUG Aug  2 08:05:57.630690101, termutils.go:17] Cannot get terminal size: inappropriate ioctl for device
[DEBUG Aug  2 08:05:57.630806614, client.go:128] Reporting event to 2 reporters: run-command, state-svc start, 
[DEBUG Aug  2 08:05:57.630887536, main.go:107] Running CmdStart
[DEBUG Aug  2 08:05:57.636827813, errs.go:75] Wrapped error: Service is already running -- with: valueF failed
[DEBUG Aug  2 08:05:57.636890113, errs.go:75] Wrapped error: valueF failed -- with: Could not store pid
[DEBUG Aug  2 08:05:57.636965697, errors.go:113] Wrapped input error: Could not store pid -- with: A State Service instance is already running in the background.
[DEBUG Aug  2 08:05:57.636980007, errs.go:75] Wrapped error: A State Service instance is already running in the background. -- with: Could not start serviceManager
[DEBUG Aug  2 08:05:57.637073853, client.go:128] Reporting event to 2 reporters: command-exit, state-svc start, 1
[DEBUG Aug  2 08:05:58.012993253, errs.go:75] Wrapped error: <nil> -- with: Could not start serviceManager: A State Service instance is already running in the background.: Could not store pid: valueF failed: Service is already running
[DEBUG Aug  2 08:05:58.013054826, main.go:61] state-svc errored out due to input: Could not start serviceManager: A State Service instance is already running in the background.: Could not store pid: valueF failed: Service is already running
