[DEBUG Aug  2 08:21:57.562402218, defaults.go:273] Args: [/home1/wangfeim/.local/ActiveState/StateTool/release/bin/state-svc start]
[DEBUG Aug  2 08:21:57.576844280, locale.go:38] Init
[DEBUG Aug  2 08:21:57.616352491, errs.go:68] Created error: File could not be found
[DEBUG Aug  2 08:21:57.619352137, errs.go:68] Created error: Not Recognized
[DEBUG Aug  2 08:21:57.640056589, errs.go:68] Created error: Secret not found
[DEBUG Aug  2 08:21:57.640105982, errs.go:68] Created error: Could not save keypair
[DEBUG Aug  2 08:21:57.640275446, errs.go:68] Created error: Build responded with error
[DEBUG Aug  2 08:21:57.640303937, errs.go:68] Created error: Unknown build type
[DEBUG Aug  2 08:21:57.640424597, errors.go:86] Wrapped localized error: <nil> -- with: The installed version of the State Tool Service does not match that of the client.
Please stop the service with [ACTIONABLE]state-svc stop[/RESET] and try your command again.
If this issue persists please reinstall the State Tool.

[DEBUG Aug  2 08:21:57.640439325, errs.go:68] Created error: no data
[DEBUG Aug  2 08:21:57.640461474, errs.go:68] Created error: member not found
[DEBUG Aug  2 08:21:57.640484203, errs.go:68] Created error: Commit count is unknowable
[DEBUG Aug  2 08:21:57.640507528, errs.go:68] Created error: No merge required
[DEBUG Aug  2 08:21:57.640545981, errs.go:68] Created error: Can't merge commit thats already in target commits history
[DEBUG Aug  2 08:21:57.640569806, errs.go:68] Created error: Bad expander name
[DEBUG Aug  2 08:21:57.640591029, errs.go:68] Created error: Expander has no handler
[DEBUG Aug  2 08:21:57.641506111, errs.go:68] Created error: Service is already running
[DEBUG Aug  2 08:21:57.667850598, secrets.go:35] Gcloud Secretmanager failed to initialize (ignore if you're not trying to use gcloud): google: could not find default credentials. See https://developers.google.com/accounts/docs/application-default-credentials for more information.
[DEBUG Aug  2 08:21:57.671079971, output.go:53] Requested outputer for 
[DEBUG Aug  2 08:21:57.671100575, output.go:58] Using Plain outputer
[DEBUG Aug  2 08:21:57.671166764, termutils.go:17] Cannot get terminal size: inappropriate ioctl for device
[DEBUG Aug  2 08:21:57.671251184, client.go:128] Reporting event to 2 reporters: run-command, state-svc start, 
[DEBUG Aug  2 08:21:57.671316447, main.go:107] Running CmdStart
[DEBUG Aug  2 08:21:57.676797893, errs.go:75] Wrapped error: Service is already running -- with: valueF failed
[DEBUG Aug  2 08:21:57.676879921, errs.go:75] Wrapped error: valueF failed -- with: Could not store pid
[DEBUG Aug  2 08:21:57.676975832, errors.go:113] Wrapped input error: Could not store pid -- with: A State Service instance is already running in the background.
[DEBUG Aug  2 08:21:57.676999606, errs.go:75] Wrapped error: A State Service instance is already running in the background. -- with: Could not start serviceManager
[DEBUG Aug  2 08:21:57.677102344, client.go:128] Reporting event to 2 reporters: command-exit, state-svc start, 1
[DEBUG Aug  2 08:21:57.995793231, errs.go:75] Wrapped error: <nil> -- with: Could not start serviceManager: A State Service instance is already running in the background.: Could not store pid: valueF failed: Service is already running
[DEBUG Aug  2 08:21:57.995875375, main.go:61] state-svc errored out due to input: Could not start serviceManager: A State Service instance is already running in the background.: Could not store pid: valueF failed: Service is already running
