[DEBUG Aug  2 08:01:12.830074983, defaults.go:273] Args: [/home1/wangfeim/.local/ActiveState/StateTool/release/bin/state-svc start]
[DEBUG Aug  2 08:01:12.843740867, locale.go:38] Init
[DEBUG Aug  2 08:01:12.903675134, errs.go:68] Created error: File could not be found
[DEBUG Aug  2 08:01:12.906744468, errs.go:68] Created error: Not Recognized
[DEBUG Aug  2 08:01:12.928758640, errs.go:68] Created error: Secret not found
[DEBUG Aug  2 08:01:12.928828173, errs.go:68] Created error: Could not save keypair
[DEBUG Aug  2 08:01:12.929097006, errs.go:68] Created error: Build responded with error
[DEBUG Aug  2 08:01:12.929140734, errs.go:68] Created error: Unknown build type
[DEBUG Aug  2 08:01:12.929292965, errors.go:86] Wrapped localized error: <nil> -- with: The installed version of the State Tool Service does not match that of the client.
Please stop the service with [ACTIONABLE]state-svc stop[/RESET] and try your command again.
If this issue persists please reinstall the State Tool.

[DEBUG Aug  2 08:01:12.929319307, errs.go:68] Created error: no data
[DEBUG Aug  2 08:01:12.929356733, errs.go:68] Created error: member not found
[DEBUG Aug  2 08:01:12.929390194, errs.go:68] Created error: Commit count is unknowable
[DEBUG Aug  2 08:01:12.929425966, errs.go:68] Created error: No merge required
[DEBUG Aug  2 08:01:12.929460566, errs.go:68] Created error: Can't merge commit thats already in target commits history
[DEBUG Aug  2 08:01:12.929496604, errs.go:68] Created error: Bad expander name
[DEBUG Aug  2 08:01:12.929527524, errs.go:68] Created error: Expander has no handler
[DEBUG Aug  2 08:01:12.931034286, errs.go:68] Created error: Service is already running
[DEBUG Aug  2 08:01:13.008131539, secrets.go:35] Gcloud Secretmanager failed to initialize (ignore if you're not trying to use gcloud): google: could not find default credentials. See https://developers.google.com/accounts/docs/application-default-credentials for more information.
[DEBUG Aug  2 08:01:13.011635155, output.go:53] Requested outputer for 
[DEBUG Aug  2 08:01:13.011656519, output.go:58] Using Plain outputer
[DEBUG Aug  2 08:01:13.011740626, termutils.go:17] Cannot get terminal size: inappropriate ioctl for device
[DEBUG Aug  2 08:01:13.011830896, client.go:128] Reporting event to 2 reporters: run-command, state-svc start, 
[DEBUG Aug  2 08:01:13.011946603, main.go:107] Running CmdStart
[DEBUG Aug  2 08:01:13.019363362, errs.go:75] Wrapped error: Service is already running -- with: valueF failed
[DEBUG Aug  2 08:01:13.019433423, errs.go:75] Wrapped error: valueF failed -- with: Could not store pid
[DEBUG Aug  2 08:01:13.019515402, errors.go:113] Wrapped input error: Could not store pid -- with: A State Service instance is already running in the background.
[DEBUG Aug  2 08:01:13.019529987, errs.go:75] Wrapped error: A State Service instance is already running in the background. -- with: Could not start serviceManager
[DEBUG Aug  2 08:01:13.019623571, client.go:128] Reporting event to 2 reporters: command-exit, state-svc start, 1
[DEBUG Aug  2 08:01:13.379792147, errs.go:75] Wrapped error: <nil> -- with: Could not start serviceManager: A State Service instance is already running in the background.: Could not store pid: valueF failed: Service is already running
[DEBUG Aug  2 08:01:13.379874245, main.go:61] state-svc errored out due to input: Could not start serviceManager: A State Service instance is already running in the background.: Could not store pid: valueF failed: Service is already running
