[DEBUG Aug  2 08:08:44.567788238, defaults.go:273] Args: [/home1/wangfeim/.local/ActiveState/StateTool/release/bin/state-svc start]
[DEBUG Aug  2 08:08:44.582447732, locale.go:38] Init
[DEBUG Aug  2 08:08:44.632290119, errs.go:68] Created error: File could not be found
[DEBUG Aug  2 08:08:44.686761275, errs.go:68] Created error: Not Recognized
[DEBUG Aug  2 08:08:44.708817261, errs.go:68] Created error: Secret not found
[DEBUG Aug  2 08:08:44.708880755, errs.go:68] Created error: Could not save keypair
[DEBUG Aug  2 08:08:44.709042523, errs.go:68] Created error: Build responded with error
[DEBUG Aug  2 08:08:44.709074660, errs.go:68] Created error: Unknown build type
[DEBUG Aug  2 08:08:44.709193225, errors.go:86] Wrapped localized error: <nil> -- with: The installed version of the State Tool Service does not match that of the client.
Please stop the service with [ACTIONABLE]state-svc stop[/RESET] and try your command again.
If this issue persists please reinstall the State Tool.

[DEBUG Aug  2 08:08:44.709209161, errs.go:68] Created error: no data
[DEBUG Aug  2 08:08:44.709233315, errs.go:68] Created error: member not found
[DEBUG Aug  2 08:08:44.709269089, errs.go:68] Created error: Commit count is unknowable
[DEBUG Aug  2 08:08:44.709292777, errs.go:68] Created error: No merge required
[DEBUG Aug  2 08:08:44.709333902, errs.go:68] Created error: Can't merge commit thats already in target commits history
[DEBUG Aug  2 08:08:44.709360115, errs.go:68] Created error: Bad expander name
[DEBUG Aug  2 08:08:44.709384364, errs.go:68] Created error: Expander has no handler
[DEBUG Aug  2 08:08:44.710891216, errs.go:68] Created error: Service is already running
[DEBUG Aug  2 08:08:44.786165560, secrets.go:35] Gcloud Secretmanager failed to initialize (ignore if you're not trying to use gcloud): google: could not find default credentials. See https://developers.google.com/accounts/docs/application-default-credentials for more information.
[DEBUG Aug  2 08:08:44.790627754, output.go:53] Requested outputer for 
[DEBUG Aug  2 08:08:44.790686911, output.go:58] Using Plain outputer
[DEBUG Aug  2 08:08:44.790855189, termutils.go:17] Cannot get terminal size: inappropriate ioctl for device
[DEBUG Aug  2 08:08:44.790945250, client.go:128] Reporting event to 2 reporters: run-command, state-svc start, 
[DEBUG Aug  2 08:08:44.791024438, main.go:107] Running CmdStart
[DEBUG Aug  2 08:08:44.796855994, errs.go:75] Wrapped error: Service is already running -- with: valueF failed
[DEBUG Aug  2 08:08:44.796926031, errs.go:75] Wrapped error: valueF failed -- with: Could not store pid
[DEBUG Aug  2 08:08:44.797002251, errors.go:113] Wrapped input error: Could not store pid -- with: A State Service instance is already running in the background.
[DEBUG Aug  2 08:08:44.797017500, errs.go:75] Wrapped error: A State Service instance is already running in the background. -- with: Could not start serviceManager
[DEBUG Aug  2 08:08:44.797128440, client.go:128] Reporting event to 2 reporters: command-exit, state-svc start, 1
[DEBUG Aug  2 08:08:45.129017040, errs.go:75] Wrapped error: <nil> -- with: Could not start serviceManager: A State Service instance is already running in the background.: Could not store pid: valueF failed: Service is already running
[DEBUG Aug  2 08:08:45.129091946, main.go:61] state-svc errored out due to input: Could not start serviceManager: A State Service instance is already running in the background.: Could not store pid: valueF failed: Service is already running
