[DEBUG Aug  2 07:52:35.529711500, defaults.go:273] Args: [/home1/wangfeim/.local/ActiveState/StateTool/release/bin/state-svc start]
[DEBUG Aug  2 07:52:35.544665557, locale.go:38] Init
[DEBUG Aug  2 07:52:35.613411077, errs.go:68] Created error: File could not be found
[DEBUG Aug  2 07:52:35.618429012, errs.go:68] Created error: Not Recognized
[DEBUG Aug  2 07:52:35.636249641, errs.go:68] Created error: Secret not found
[DEBUG Aug  2 07:52:35.636297728, errs.go:68] Created error: Could not save keypair
[DEBUG Aug  2 07:52:35.636445614, errs.go:68] Created error: Build responded with error
[DEBUG Aug  2 07:52:35.636478637, errs.go:68] Created error: Unknown build type
[DEBUG Aug  2 07:52:35.636601326, errors.go:86] Wrapped localized error: <nil> -- with: The installed version of the State Tool Service does not match that of the client.
Please stop the service with [ACTIONABLE]state-svc stop[/RESET] and try your command again.
If this issue persists please reinstall the State Tool.

[DEBUG Aug  2 07:52:35.636615101, errs.go:68] Created error: no data
[DEBUG Aug  2 07:52:35.636637343, errs.go:68] Created error: member not found
[DEBUG Aug  2 07:52:35.636658644, errs.go:68] Created error: Commit count is unknowable
[DEBUG Aug  2 07:52:35.636679217, errs.go:68] Created error: No merge required
[DEBUG Aug  2 07:52:35.636699915, errs.go:68] Created error: Can't merge commit thats already in target commits history
[DEBUG Aug  2 07:52:35.636722516, errs.go:68] Created error: Bad expander name
[DEBUG Aug  2 07:52:35.636743026, errs.go:68] Created error: Expander has no handler
[DEBUG Aug  2 07:52:35.637659125, errs.go:68] Created error: Service is already running
[DEBUG Aug  2 07:52:35.704606136, secrets.go:35] Gcloud Secretmanager failed to initialize (ignore if you're not trying to use gcloud): google: could not find default credentials. See https://developers.google.com/accounts/docs/application-default-credentials for more information.
[DEBUG Aug  2 07:52:35.708240609, output.go:53] Requested outputer for 
[DEBUG Aug  2 07:52:35.708268344, output.go:58] Using Plain outputer
[DEBUG Aug  2 07:52:35.708352406, termutils.go:17] Cannot get terminal size: inappropriate ioctl for device
[DEBUG Aug  2 07:52:35.708445065, client.go:128] Reporting event to 2 reporters: run-command, state-svc start, 
[DEBUG Aug  2 07:52:35.708588425, main.go:107] Running CmdStart
[DEBUG Aug  2 07:52:35.714748430, errs.go:75] Wrapped error: Service is already running -- with: valueF failed
[DEBUG Aug  2 07:52:35.714809721, errs.go:75] Wrapped error: valueF failed -- with: Could not store pid
[DEBUG Aug  2 07:52:35.714880853, errors.go:113] Wrapped input error: Could not store pid -- with: A State Service instance is already running in the background.
[DEBUG Aug  2 07:52:35.714894516, errs.go:75] Wrapped error: A State Service instance is already running in the background. -- with: Could not start serviceManager
[DEBUG Aug  2 07:52:35.714966438, client.go:128] Reporting event to 2 reporters: command-exit, state-svc start, 1
[DEBUG Aug  2 07:52:36.099729597, errs.go:75] Wrapped error: <nil> -- with: Could not start serviceManager: A State Service instance is already running in the background.: Could not store pid: valueF failed: Service is already running
[DEBUG Aug  2 07:52:36.099794648, main.go:61] state-svc errored out due to input: Could not start serviceManager: A State Service instance is already running in the background.: Could not store pid: valueF failed: Service is already running
