[DEBUG Aug  2 08:11:02.523737937, defaults.go:273] Args: [/home1/wangfeim/.local/ActiveState/StateTool/release/bin/state-svc start]
[DEBUG Aug  2 08:11:02.538850265, locale.go:38] Init
[DEBUG Aug  2 08:11:02.612372764, errs.go:68] Created error: File could not be found
[DEBUG Aug  2 08:11:02.615425794, errs.go:68] Created error: Not Recognized
[DEBUG Aug  2 08:11:02.686262566, errs.go:68] Created error: Secret not found
[DEBUG Aug  2 08:11:02.686322456, errs.go:68] Created error: Could not save keypair
[DEBUG Aug  2 08:11:02.686503364, errs.go:68] Created error: Build responded with error
[DEBUG Aug  2 08:11:02.686532458, errs.go:68] Created error: Unknown build type
[DEBUG Aug  2 08:11:02.686683200, errors.go:86] Wrapped localized error: <nil> -- with: The installed version of the State Tool Service does not match that of the client.
Please stop the service with [ACTIONABLE]state-svc stop[/RESET] and try your command again.
If this issue persists please reinstall the State Tool.

[DEBUG Aug  2 08:11:02.686699762, errs.go:68] Created error: no data
[DEBUG Aug  2 08:11:02.686724649, errs.go:68] Created error: member not found
[DEBUG Aug  2 08:11:02.686753706, errs.go:68] Created error: Commit count is unknowable
[DEBUG Aug  2 08:11:02.686784299, errs.go:68] Created error: No merge required
[DEBUG Aug  2 08:11:02.686807374, errs.go:68] Created error: Can't merge commit thats already in target commits history
[DEBUG Aug  2 08:11:02.686833161, errs.go:68] Created error: Bad expander name
[DEBUG Aug  2 08:11:02.686858710, errs.go:68] Created error: Expander has no handler
[DEBUG Aug  2 08:11:02.688022543, errs.go:68] Created error: Service is already running
[DEBUG Aug  2 08:11:02.718331655, secrets.go:35] Gcloud Secretmanager failed to initialize (ignore if you're not trying to use gcloud): google: could not find default credentials. See https://developers.google.com/accounts/docs/application-default-credentials for more information.
[DEBUG Aug  2 08:11:02.721534830, output.go:53] Requested outputer for 
[DEBUG Aug  2 08:11:02.721568315, output.go:58] Using Plain outputer
[DEBUG Aug  2 08:11:02.721655529, termutils.go:17] Cannot get terminal size: inappropriate ioctl for device
[DEBUG Aug  2 08:11:02.721737953, client.go:128] Reporting event to 2 reporters: run-command, state-svc start, 
[DEBUG Aug  2 08:11:02.721802474, main.go:107] Running CmdStart
[DEBUG Aug  2 08:11:02.728050858, errs.go:75] Wrapped error: Service is already running -- with: valueF failed
[DEBUG Aug  2 08:11:02.728115788, errs.go:75] Wrapped error: valueF failed -- with: Could not store pid
[DEBUG Aug  2 08:11:02.728194385, errors.go:113] Wrapped input error: Could not store pid -- with: A State Service instance is already running in the background.
[DEBUG Aug  2 08:11:02.728219183, errs.go:75] Wrapped error: A State Service instance is already running in the background. -- with: Could not start serviceManager
[DEBUG Aug  2 08:11:02.728314144, client.go:128] Reporting event to 2 reporters: command-exit, state-svc start, 1
[DEBUG Aug  2 08:11:03.105508682, errs.go:75] Wrapped error: <nil> -- with: Could not start serviceManager: A State Service instance is already running in the background.: Could not store pid: valueF failed: Service is already running
[DEBUG Aug  2 08:11:03.105584867, main.go:61] state-svc errored out due to input: Could not start serviceManager: A State Service instance is already running in the background.: Could not store pid: valueF failed: Service is already running
