[DEBUG Aug  2 07:51:44.798688635, defaults.go:273] Args: [/home1/wangfeim/.local/ActiveState/StateTool/release/bin/state-svc start]
[DEBUG Aug  2 07:51:44.812825591, locale.go:38] Init
[DEBUG Aug  2 07:51:45.079965058, errs.go:68] Created error: File could not be found
[DEBUG Aug  2 07:51:45.083758533, errs.go:68] Created error: Not Recognized
[DEBUG Aug  2 07:51:45.106446674, errs.go:68] Created error: Secret not found
[DEBUG Aug  2 07:51:45.106518277, errs.go:68] Created error: Could not save keypair
[DEBUG Aug  2 07:51:45.106723246, errs.go:68] Created error: Build responded with error
[DEBUG Aug  2 07:51:45.106754357, errs.go:68] Created error: Unknown build type
[DEBUG Aug  2 07:51:45.106900683, errors.go:86] Wrapped localized error: <nil> -- with: The installed version of the State Tool Service does not match that of the client.
Please stop the service with [ACTIONABLE]state-svc stop[/RESET] and try your command again.
If this issue persists please reinstall the State Tool.

[DEBUG Aug  2 07:51:45.106916871, errs.go:68] Created error: no data
[DEBUG Aug  2 07:51:45.106948303, errs.go:68] Created error: member not found
[DEBUG Aug  2 07:51:45.106986289, errs.go:68] Created error: Commit count is unknowable
[DEBUG Aug  2 07:51:45.107010310, errs.go:68] Created error: No merge required
[DEBUG Aug  2 07:51:45.107033498, errs.go:68] Created error: Can't merge commit thats already in target commits history
[DEBUG Aug  2 07:51:45.107058492, errs.go:68] Created error: Bad expander name
[DEBUG Aug  2 07:51:45.107082202, errs.go:68] Created error: Expander has no handler
[DEBUG Aug  2 07:51:45.108315608, errs.go:68] Created error: Service is already running
[DEBUG Aug  2 07:51:45.141109969, secrets.go:35] Gcloud Secretmanager failed to initialize (ignore if you're not trying to use gcloud): google: could not find default credentials. See https://developers.google.com/accounts/docs/application-default-credentials for more information.
[DEBUG Aug  2 07:51:45.149173850, output.go:53] Requested outputer for 
[DEBUG Aug  2 07:51:45.149202146, output.go:58] Using Plain outputer
[DEBUG Aug  2 07:51:45.149282436, termutils.go:17] Cannot get terminal size: inappropriate ioctl for device
[DEBUG Aug  2 07:51:45.149359472, client.go:128] Reporting event to 2 reporters: run-command, state-svc start, 
[DEBUG Aug  2 07:51:45.149430053, main.go:107] Running CmdStart
[DEBUG Aug  2 07:51:45.156389832, errs.go:75] Wrapped error: Service is already running -- with: valueF failed
[DEBUG Aug  2 07:51:45.156442580, errs.go:75] Wrapped error: valueF failed -- with: Could not store pid
[DEBUG Aug  2 07:51:45.156516207, errors.go:113] Wrapped input error: Could not store pid -- with: A State Service instance is already running in the background.
[DEBUG Aug  2 07:51:45.156531398, errs.go:75] Wrapped error: A State Service instance is already running in the background. -- with: Could not start serviceManager
[DEBUG Aug  2 07:51:45.156618693, client.go:128] Reporting event to 2 reporters: command-exit, state-svc start, 1
[DEBUG Aug  2 07:51:45.489385397, errs.go:75] Wrapped error: <nil> -- with: Could not start serviceManager: A State Service instance is already running in the background.: Could not store pid: valueF failed: Service is already running
[DEBUG Aug  2 07:51:45.489461022, main.go:61] state-svc errored out due to input: Could not start serviceManager: A State Service instance is already running in the background.: Could not store pid: valueF failed: Service is already running
