[DEBUG Aug  2 08:15:12.794012989, defaults.go:273] Args: [/home1/wangfeim/.local/ActiveState/StateTool/release/bin/state-svc start]
[DEBUG Aug  2 08:15:12.807907076, locale.go:38] Init
[DEBUG Aug  2 08:15:12.851166720, errs.go:68] Created error: File could not be found
[DEBUG Aug  2 08:15:12.854459270, errs.go:68] Created error: Not Recognized
[DEBUG Aug  2 08:15:12.902734124, errs.go:68] Created error: Secret not found
[DEBUG Aug  2 08:15:12.902783395, errs.go:68] Created error: Could not save keypair
[DEBUG Aug  2 08:15:12.902935300, errs.go:68] Created error: Build responded with error
[DEBUG Aug  2 08:15:12.902968630, errs.go:68] Created error: Unknown build type
[DEBUG Aug  2 08:15:12.903078495, errors.go:86] Wrapped localized error: <nil> -- with: The installed version of the State Tool Service does not match that of the client.
Please stop the service with [ACTIONABLE]state-svc stop[/RESET] and try your command again.
If this issue persists please reinstall the State Tool.

[DEBUG Aug  2 08:15:12.903092040, errs.go:68] Created error: no data
[DEBUG Aug  2 08:15:12.903114213, errs.go:68] Created error: member not found
[DEBUG Aug  2 08:15:12.903136583, errs.go:68] Created error: Commit count is unknowable
[DEBUG Aug  2 08:15:12.903162919, errs.go:68] Created error: No merge required
[DEBUG Aug  2 08:15:12.903191547, errs.go:68] Created error: Can't merge commit thats already in target commits history
[DEBUG Aug  2 08:15:12.903215185, errs.go:68] Created error: Bad expander name
[DEBUG Aug  2 08:15:12.903237872, errs.go:68] Created error: Expander has no handler
[DEBUG Aug  2 08:15:12.904299256, errs.go:68] Created error: Service is already running
[DEBUG Aug  2 08:15:12.933228140, secrets.go:35] Gcloud Secretmanager failed to initialize (ignore if you're not trying to use gcloud): google: could not find default credentials. See https://developers.google.com/accounts/docs/application-default-credentials for more information.
[DEBUG Aug  2 08:15:12.936616939, output.go:53] Requested outputer for 
[DEBUG Aug  2 08:15:12.936647106, output.go:58] Using Plain outputer
[DEBUG Aug  2 08:15:12.936736871, termutils.go:17] Cannot get terminal size: inappropriate ioctl for device
[DEBUG Aug  2 08:15:12.936901464, client.go:128] Reporting event to 2 reporters: run-command, state-svc start, 
[DEBUG Aug  2 08:15:12.936975389, main.go:107] Running CmdStart
[DEBUG Aug  2 08:15:12.942440079, errs.go:75] Wrapped error: Service is already running -- with: valueF failed
[DEBUG Aug  2 08:15:12.942502448, errs.go:75] Wrapped error: valueF failed -- with: Could not store pid
[DEBUG Aug  2 08:15:12.942585883, errors.go:113] Wrapped input error: Could not store pid -- with: A State Service instance is already running in the background.
[DEBUG Aug  2 08:15:12.942601341, errs.go:75] Wrapped error: A State Service instance is already running in the background. -- with: Could not start serviceManager
[DEBUG Aug  2 08:15:12.942668598, client.go:128] Reporting event to 2 reporters: command-exit, state-svc start, 1
[DEBUG Aug  2 08:15:13.310161900, errs.go:75] Wrapped error: <nil> -- with: Could not start serviceManager: A State Service instance is already running in the background.: Could not store pid: valueF failed: Service is already running
[DEBUG Aug  2 08:15:13.310223621, main.go:61] state-svc errored out due to input: Could not start serviceManager: A State Service instance is already running in the background.: Could not store pid: valueF failed: Service is already running
