[DEBUG Aug  2 07:38:33.844458530, defaults.go:273] Args: [/home1/wangfeim/.local/ActiveState/StateTool/release/bin/state-svc start]
[DEBUG Aug  2 07:38:33.891953262, locale.go:38] Init
[DEBUG Aug  2 07:38:33.931214039, errs.go:68] Created error: File could not be found
[DEBUG Aug  2 07:38:33.934326857, errs.go:68] Created error: Not Recognized
[DEBUG Aug  2 07:38:33.999648541, errs.go:68] Created error: Secret not found
[DEBUG Aug  2 07:38:33.999699074, errs.go:68] Created error: Could not save keypair
[DEBUG Aug  2 07:38:33.999883384, errs.go:68] Created error: Build responded with error
[DEBUG Aug  2 07:38:33.999920809, errs.go:68] Created error: Unknown build type
[DEBUG Aug  2 07:38:34.000037828, errors.go:86] Wrapped localized error: <nil> -- with: The installed version of the State Tool Service does not match that of the client.
Please stop the service with [ACTIONABLE]state-svc stop[/RESET] and try your command again.
If this issue persists please reinstall the State Tool.

[DEBUG Aug  2 07:38:34.000053405, errs.go:68] Created error: no data
[DEBUG Aug  2 07:38:34.000077837, errs.go:68] Created error: member not found
[DEBUG Aug  2 07:38:34.000101204, errs.go:68] Created error: Commit count is unknowable
[DEBUG Aug  2 07:38:34.000128096, errs.go:68] Created error: No merge required
[DEBUG Aug  2 07:38:34.000151505, errs.go:68] Created error: Can't merge commit thats already in target commits history
[DEBUG Aug  2 07:38:34.000175774, errs.go:68] Created error: Bad expander name
[DEBUG Aug  2 07:38:34.000200784, errs.go:68] Created error: Expander has no handler
[DEBUG Aug  2 07:38:34.001580652, errs.go:68] Created error: Service is already running
[DEBUG Aug  2 07:38:34.031146504, secrets.go:35] Gcloud Secretmanager failed to initialize (ignore if you're not trying to use gcloud): google: could not find default credentials. See https://developers.google.com/accounts/docs/application-default-credentials for more information.
[DEBUG Aug  2 07:38:34.034119221, output.go:53] Requested outputer for 
[DEBUG Aug  2 07:38:34.034139430, output.go:58] Using Plain outputer
[DEBUG Aug  2 07:38:34.034216721, termutils.go:17] Cannot get terminal size: inappropriate ioctl for device
[DEBUG Aug  2 07:38:34.034299908, client.go:128] Reporting event to 2 reporters: run-command, state-svc start, 
[DEBUG Aug  2 07:38:34.034421345, main.go:107] Running CmdStart
[DEBUG Aug  2 07:38:34.039887633, errs.go:75] Wrapped error: Service is already running -- with: valueF failed
[DEBUG Aug  2 07:38:34.039945383, errs.go:75] Wrapped error: valueF failed -- with: Could not store pid
[DEBUG Aug  2 07:38:34.040008918, errors.go:113] Wrapped input error: Could not store pid -- with: A State Service instance is already running in the background.
[DEBUG Aug  2 07:38:34.040021706, errs.go:75] Wrapped error: A State Service instance is already running in the background. -- with: Could not start serviceManager
[DEBUG Aug  2 07:38:34.040097518, client.go:128] Reporting event to 2 reporters: command-exit, state-svc start, 1
[DEBUG Aug  2 07:38:34.406520289, errs.go:75] Wrapped error: <nil> -- with: Could not start serviceManager: A State Service instance is already running in the background.: Could not store pid: valueF failed: Service is already running
[DEBUG Aug  2 07:38:34.406601693, main.go:61] state-svc errored out due to input: Could not start serviceManager: A State Service instance is already running in the background.: Could not store pid: valueF failed: Service is already running
