[DEBUG Aug  2 08:22:03.371044185, defaults.go:273] Args: [/home1/wangfeim/.local/ActiveState/StateTool/release/bin/state-svc start]
[DEBUG Aug  2 08:22:03.385008708, locale.go:38] Init
[DEBUG Aug  2 08:22:03.421169645, errs.go:68] Created error: File could not be found
[DEBUG Aug  2 08:22:03.423852059, errs.go:68] Created error: Not Recognized
[DEBUG Aug  2 08:22:03.444499624, errs.go:68] Created error: Secret not found
[DEBUG Aug  2 08:22:03.444550564, errs.go:68] Created error: Could not save keypair
[DEBUG Aug  2 08:22:03.444704866, errs.go:68] Created error: Build responded with error
[DEBUG Aug  2 08:22:03.444731320, errs.go:68] Created error: Unknown build type
[DEBUG Aug  2 08:22:03.444861258, errors.go:86] Wrapped localized error: <nil> -- with: The installed version of the State Tool Service does not match that of the client.
Please stop the service with [ACTIONABLE]state-svc stop[/RESET] and try your command again.
If this issue persists please reinstall the State Tool.

[DEBUG Aug  2 08:22:03.444874984, errs.go:68] Created error: no data
[DEBUG Aug  2 08:22:03.444898415, errs.go:68] Created error: member not found
[DEBUG Aug  2 08:22:03.444921973, errs.go:68] Created error: Commit count is unknowable
[DEBUG Aug  2 08:22:03.444941809, errs.go:68] Created error: No merge required
[DEBUG Aug  2 08:22:03.444966931, errs.go:68] Created error: Can't merge commit thats already in target commits history
[DEBUG Aug  2 08:22:03.444987919, errs.go:68] Created error: Bad expander name
[DEBUG Aug  2 08:22:03.445008103, errs.go:68] Created error: Expander has no handler
[DEBUG Aug  2 08:22:03.445933212, errs.go:68] Created error: Service is already running
[DEBUG Aug  2 08:22:03.471779475, secrets.go:35] Gcloud Secretmanager failed to initialize (ignore if you're not trying to use gcloud): google: could not find default credentials. See https://developers.google.com/accounts/docs/application-default-credentials for more information.
[DEBUG Aug  2 08:22:03.474735636, output.go:53] Requested outputer for 
[DEBUG Aug  2 08:22:03.474755936, output.go:58] Using Plain outputer
[DEBUG Aug  2 08:22:03.474814391, termutils.go:17] Cannot get terminal size: inappropriate ioctl for device
[DEBUG Aug  2 08:22:03.474910346, client.go:128] Reporting event to 2 reporters: run-command, state-svc start, 
[DEBUG Aug  2 08:22:03.474998109, main.go:107] Running CmdStart
[DEBUG Aug  2 08:22:03.480781550, errs.go:75] Wrapped error: Service is already running -- with: valueF failed
[DEBUG Aug  2 08:22:03.480859073, errs.go:75] Wrapped error: valueF failed -- with: Could not store pid
[DEBUG Aug  2 08:22:03.480928748, errors.go:113] Wrapped input error: Could not store pid -- with: A State Service instance is already running in the background.
[DEBUG Aug  2 08:22:03.480942180, errs.go:75] Wrapped error: A State Service instance is already running in the background. -- with: Could not start serviceManager
[DEBUG Aug  2 08:22:03.481009543, client.go:128] Reporting event to 2 reporters: command-exit, state-svc start, 1
[DEBUG Aug  2 08:22:03.801912779, errs.go:75] Wrapped error: <nil> -- with: Could not start serviceManager: A State Service instance is already running in the background.: Could not store pid: valueF failed: Service is already running
[DEBUG Aug  2 08:22:03.802021485, main.go:61] state-svc errored out due to input: Could not start serviceManager: A State Service instance is already running in the background.: Could not store pid: valueF failed: Service is already running
