[DEBUG Aug  2 07:39:23.400563674, defaults.go:273] Args: [/home1/wangfeim/.local/ActiveState/StateTool/release/bin/state-svc start]
[DEBUG Aug  2 07:39:23.414690869, locale.go:38] Init
[DEBUG Aug  2 07:39:23.627739752, errs.go:68] Created error: File could not be found
[DEBUG Aug  2 07:39:23.631003189, errs.go:68] Created error: Not Recognized
[DEBUG Aug  2 07:39:23.651041118, errs.go:68] Created error: Secret not found
[DEBUG Aug  2 07:39:23.651088989, errs.go:68] Created error: Could not save keypair
[DEBUG Aug  2 07:39:23.651253104, errs.go:68] Created error: Build responded with error
[DEBUG Aug  2 07:39:23.651284211, errs.go:68] Created error: Unknown build type
[DEBUG Aug  2 07:39:23.651384219, errors.go:86] Wrapped localized error: <nil> -- with: The installed version of the State Tool Service does not match that of the client.
Please stop the service with [ACTIONABLE]state-svc stop[/RESET] and try your command again.
If this issue persists please reinstall the State Tool.

[DEBUG Aug  2 07:39:23.651396195, errs.go:68] Created error: no data
[DEBUG Aug  2 07:39:23.651417617, errs.go:68] Created error: member not found
[DEBUG Aug  2 07:39:23.651516539, errs.go:68] Created error: Commit count is unknowable
[DEBUG Aug  2 07:39:23.651572939, errs.go:68] Created error: No merge required
[DEBUG Aug  2 07:39:23.651607036, errs.go:68] Created error: Can't merge commit thats already in target commits history
[DEBUG Aug  2 07:39:23.651642055, errs.go:68] Created error: Bad expander name
[DEBUG Aug  2 07:39:23.651688678, errs.go:68] Created error: Expander has no handler
[DEBUG Aug  2 07:39:23.653224834, errs.go:68] Created error: Service is already running
[DEBUG Aug  2 07:39:23.688835518, secrets.go:35] Gcloud Secretmanager failed to initialize (ignore if you're not trying to use gcloud): google: could not find default credentials. See https://developers.google.com/accounts/docs/application-default-credentials for more information.
[DEBUG Aug  2 07:39:23.696801378, output.go:53] Requested outputer for 
[DEBUG Aug  2 07:39:23.696824195, output.go:58] Using Plain outputer
[DEBUG Aug  2 07:39:23.696910305, termutils.go:17] Cannot get terminal size: inappropriate ioctl for device
[DEBUG Aug  2 07:39:23.697002531, client.go:128] Reporting event to 2 reporters: run-command, state-svc start, 
[DEBUG Aug  2 07:39:23.697062977, main.go:107] Running CmdStart
[DEBUG Aug  2 07:39:23.704635880, errs.go:75] Wrapped error: Service is already running -- with: valueF failed
[DEBUG Aug  2 07:39:23.704693818, errs.go:75] Wrapped error: valueF failed -- with: Could not store pid
[DEBUG Aug  2 07:39:23.704770245, errors.go:113] Wrapped input error: Could not store pid -- with: A State Service instance is already running in the background.
[DEBUG Aug  2 07:39:23.704784113, errs.go:75] Wrapped error: A State Service instance is already running in the background. -- with: Could not start serviceManager
[DEBUG Aug  2 07:39:23.704883746, client.go:128] Reporting event to 2 reporters: command-exit, state-svc start, 1
[DEBUG Aug  2 07:39:24.036787295, errs.go:75] Wrapped error: <nil> -- with: Could not start serviceManager: A State Service instance is already running in the background.: Could not store pid: valueF failed: Service is already running
[DEBUG Aug  2 07:39:24.036855974, main.go:61] state-svc errored out due to input: Could not start serviceManager: A State Service instance is already running in the background.: Could not store pid: valueF failed: Service is already running
