[DEBUG Aug  2 08:06:40.358619411, defaults.go:273] Args: [/home1/wangfeim/.local/ActiveState/StateTool/release/bin/state-svc start]
[DEBUG Aug  2 08:06:40.391020147, locale.go:38] Init
[DEBUG Aug  2 08:06:40.436452496, errs.go:68] Created error: File could not be found
[DEBUG Aug  2 08:06:40.439605863, errs.go:68] Created error: Not Recognized
[DEBUG Aug  2 08:06:40.500753113, errs.go:68] Created error: Secret not found
[DEBUG Aug  2 08:06:40.500818785, errs.go:68] Created error: Could not save keypair
[DEBUG Aug  2 08:06:40.501026901, errs.go:68] Created error: Build responded with error
[DEBUG Aug  2 08:06:40.501057291, errs.go:68] Created error: Unknown build type
[DEBUG Aug  2 08:06:40.501178113, errors.go:86] Wrapped localized error: <nil> -- with: The installed version of the State Tool Service does not match that of the client.
Please stop the service with [ACTIONABLE]state-svc stop[/RESET] and try your command again.
If this issue persists please reinstall the State Tool.

[DEBUG Aug  2 08:06:40.501193963, errs.go:68] Created error: no data
[DEBUG Aug  2 08:06:40.501220801, errs.go:68] Created error: member not found
[DEBUG Aug  2 08:06:40.501252154, errs.go:68] Created error: Commit count is unknowable
[DEBUG Aug  2 08:06:40.501276614, errs.go:68] Created error: No merge required
[DEBUG Aug  2 08:06:40.501306035, errs.go:68] Created error: Can't merge commit thats already in target commits history
[DEBUG Aug  2 08:06:40.501332638, errs.go:68] Created error: Bad expander name
[DEBUG Aug  2 08:06:40.501357014, errs.go:68] Created error: Expander has no handler
[DEBUG Aug  2 08:06:40.502571483, errs.go:68] Created error: Service is already running
[DEBUG Aug  2 08:06:40.530380808, secrets.go:35] Gcloud Secretmanager failed to initialize (ignore if you're not trying to use gcloud): google: could not find default credentials. See https://developers.google.com/accounts/docs/application-default-credentials for more information.
[DEBUG Aug  2 08:06:40.533638581, output.go:53] Requested outputer for 
[DEBUG Aug  2 08:06:40.533665739, output.go:58] Using Plain outputer
[DEBUG Aug  2 08:06:40.533744470, termutils.go:17] Cannot get terminal size: inappropriate ioctl for device
[DEBUG Aug  2 08:06:40.533837991, client.go:128] Reporting event to 2 reporters: run-command, state-svc start, 
[DEBUG Aug  2 08:06:40.533893121, main.go:107] Running CmdStart
[DEBUG Aug  2 08:06:40.540516572, errs.go:75] Wrapped error: Service is already running -- with: valueF failed
[DEBUG Aug  2 08:06:40.540628833, errs.go:75] Wrapped error: valueF failed -- with: Could not store pid
[DEBUG Aug  2 08:06:40.540749930, errors.go:113] Wrapped input error: Could not store pid -- with: A State Service instance is already running in the background.
[DEBUG Aug  2 08:06:40.540775096, errs.go:75] Wrapped error: A State Service instance is already running in the background. -- with: Could not start serviceManager
[DEBUG Aug  2 08:06:40.540914486, client.go:128] Reporting event to 2 reporters: command-exit, state-svc start, 1
[DEBUG Aug  2 08:06:40.922634890, errs.go:75] Wrapped error: <nil> -- with: Could not start serviceManager: A State Service instance is already running in the background.: Could not store pid: valueF failed: Service is already running
[DEBUG Aug  2 08:06:40.922698558, main.go:61] state-svc errored out due to input: Could not start serviceManager: A State Service instance is already running in the background.: Could not store pid: valueF failed: Service is already running
