[DEBUG Aug  2 08:07:11.510960292, defaults.go:273] Args: [/home1/wangfeim/.local/ActiveState/StateTool/release/bin/state-svc start]
[DEBUG Aug  2 08:07:11.524224795, locale.go:38] Init
[DEBUG Aug  2 08:07:11.587241952, errs.go:68] Created error: File could not be found
[DEBUG Aug  2 08:07:11.590392417, errs.go:68] Created error: Not Recognized
[DEBUG Aug  2 08:07:11.610549968, errs.go:68] Created error: Secret not found
[DEBUG Aug  2 08:07:11.610602152, errs.go:68] Created error: Could not save keypair
[DEBUG Aug  2 08:07:11.610784527, errs.go:68] Created error: Build responded with error
[DEBUG Aug  2 08:07:11.610812917, errs.go:68] Created error: Unknown build type
[DEBUG Aug  2 08:07:11.610926045, errors.go:86] Wrapped localized error: <nil> -- with: The installed version of the State Tool Service does not match that of the client.
Please stop the service with [ACTIONABLE]state-svc stop[/RESET] and try your command again.
If this issue persists please reinstall the State Tool.

[DEBUG Aug  2 08:07:11.610940853, errs.go:68] Created error: no data
[DEBUG Aug  2 08:07:11.610967169, errs.go:68] Created error: member not found
[DEBUG Aug  2 08:07:11.610990574, errs.go:68] Created error: Commit count is unknowable
[DEBUG Aug  2 08:07:11.611013301, errs.go:68] Created error: No merge required
[DEBUG Aug  2 08:07:11.611035439, errs.go:68] Created error: Can't merge commit thats already in target commits history
[DEBUG Aug  2 08:07:11.611059162, errs.go:68] Created error: Bad expander name
[DEBUG Aug  2 08:07:11.611082687, errs.go:68] Created error: Expander has no handler
[DEBUG Aug  2 08:07:11.613838682, errs.go:68] Created error: Service is already running
[DEBUG Aug  2 08:07:11.638241549, secrets.go:35] Gcloud Secretmanager failed to initialize (ignore if you're not trying to use gcloud): google: could not find default credentials. See https://developers.google.com/accounts/docs/application-default-credentials for more information.
[DEBUG Aug  2 08:07:11.641231526, output.go:53] Requested outputer for 
[DEBUG Aug  2 08:07:11.641253514, output.go:58] Using Plain outputer
[DEBUG Aug  2 08:07:11.641319937, termutils.go:17] Cannot get terminal size: inappropriate ioctl for device
[DEBUG Aug  2 08:07:11.641418696, client.go:128] Reporting event to 2 reporters: run-command, state-svc start, 
[DEBUG Aug  2 08:07:11.641830351, main.go:107] Running CmdStart
[DEBUG Aug  2 08:07:11.689698935, errs.go:75] Wrapped error: Service is already running -- with: valueF failed
[DEBUG Aug  2 08:07:11.689763510, errs.go:75] Wrapped error: valueF failed -- with: Could not store pid
[DEBUG Aug  2 08:07:11.689840273, errors.go:113] Wrapped input error: Could not store pid -- with: A State Service instance is already running in the background.
[DEBUG Aug  2 08:07:11.689855180, errs.go:75] Wrapped error: A State Service instance is already running in the background. -- with: Could not start serviceManager
[DEBUG Aug  2 08:07:11.689936719, client.go:128] Reporting event to 2 reporters: command-exit, state-svc start, 1
[DEBUG Aug  2 08:07:12.074209707, errs.go:75] Wrapped error: <nil> -- with: Could not start serviceManager: A State Service instance is already running in the background.: Could not store pid: valueF failed: Service is already running
[DEBUG Aug  2 08:07:12.074303605, main.go:61] state-svc errored out due to input: Could not start serviceManager: A State Service instance is already running in the background.: Could not store pid: valueF failed: Service is already running
