[DEBUG Aug  2 08:12:37.159961787, defaults.go:273] Args: [/home1/wangfeim/.local/ActiveState/StateTool/release/bin/state-svc start]
[DEBUG Aug  2 08:12:37.197743364, locale.go:38] Init
[DEBUG Aug  2 08:12:37.420716632, errs.go:68] Created error: File could not be found
[DEBUG Aug  2 08:12:37.423810601, errs.go:68] Created error: Not Recognized
[DEBUG Aug  2 08:12:37.490163288, errs.go:68] Created error: Secret not found
[DEBUG Aug  2 08:12:37.490218851, errs.go:68] Created error: Could not save keypair
[DEBUG Aug  2 08:12:37.490412110, errs.go:68] Created error: Build responded with error
[DEBUG Aug  2 08:12:37.490450466, errs.go:68] Created error: Unknown build type
[DEBUG Aug  2 08:12:37.490582890, errors.go:86] Wrapped localized error: <nil> -- with: The installed version of the State Tool Service does not match that of the client.
Please stop the service with [ACTIONABLE]state-svc stop[/RESET] and try your command again.
If this issue persists please reinstall the State Tool.

[DEBUG Aug  2 08:12:37.490599477, errs.go:68] Created error: no data
[DEBUG Aug  2 08:12:37.490624931, errs.go:68] Created error: member not found
[DEBUG Aug  2 08:12:37.490649439, errs.go:68] Created error: Commit count is unknowable
[DEBUG Aug  2 08:12:37.490683415, errs.go:68] Created error: No merge required
[DEBUG Aug  2 08:12:37.490715701, errs.go:68] Created error: Can't merge commit thats already in target commits history
[DEBUG Aug  2 08:12:37.490742946, errs.go:68] Created error: Bad expander name
[DEBUG Aug  2 08:12:37.490773758, errs.go:68] Created error: Expander has no handler
[DEBUG Aug  2 08:12:37.491866346, errs.go:68] Created error: Service is already running
[DEBUG Aug  2 08:12:37.524894776, secrets.go:35] Gcloud Secretmanager failed to initialize (ignore if you're not trying to use gcloud): google: could not find default credentials. See https://developers.google.com/accounts/docs/application-default-credentials for more information.
[DEBUG Aug  2 08:12:37.531824221, output.go:53] Requested outputer for 
[DEBUG Aug  2 08:12:37.531857648, output.go:58] Using Plain outputer
[DEBUG Aug  2 08:12:37.531949928, termutils.go:17] Cannot get terminal size: inappropriate ioctl for device
[DEBUG Aug  2 08:12:37.532058747, client.go:128] Reporting event to 2 reporters: run-command, state-svc start, 
[DEBUG Aug  2 08:12:37.532118673, main.go:107] Running CmdStart
[DEBUG Aug  2 08:12:37.538766694, errs.go:75] Wrapped error: Service is already running -- with: valueF failed
[DEBUG Aug  2 08:12:37.538824983, errs.go:75] Wrapped error: valueF failed -- with: Could not store pid
[DEBUG Aug  2 08:12:37.538908036, errors.go:113] Wrapped input error: Could not store pid -- with: A State Service instance is already running in the background.
[DEBUG Aug  2 08:12:37.538922721, errs.go:75] Wrapped error: A State Service instance is already running in the background. -- with: Could not start serviceManager
[DEBUG Aug  2 08:12:37.539022518, client.go:128] Reporting event to 2 reporters: command-exit, state-svc start, 1
[DEBUG Aug  2 08:12:37.905532362, errs.go:75] Wrapped error: <nil> -- with: Could not start serviceManager: A State Service instance is already running in the background.: Could not store pid: valueF failed: Service is already running
[DEBUG Aug  2 08:12:37.905600113, main.go:61] state-svc errored out due to input: Could not start serviceManager: A State Service instance is already running in the background.: Could not store pid: valueF failed: Service is already running
