[DEBUG Aug  2 08:08:42.849741449, defaults.go:273] Args: [/home1/wangfeim/.local/ActiveState/StateTool/release/bin/state-svc start]
[DEBUG Aug  2 08:08:42.899091415, locale.go:38] Init
[DEBUG Aug  2 08:08:42.939840478, errs.go:68] Created error: File could not be found
[DEBUG Aug  2 08:08:42.987194381, errs.go:68] Created error: Not Recognized
[DEBUG Aug  2 08:08:43.008581752, errs.go:68] Created error: Secret not found
[DEBUG Aug  2 08:08:43.008636549, errs.go:68] Created error: Could not save keypair
[DEBUG Aug  2 08:08:43.008830719, errs.go:68] Created error: Build responded with error
[DEBUG Aug  2 08:08:43.008856171, errs.go:68] Created error: Unknown build type
[DEBUG Aug  2 08:08:43.008968319, errors.go:86] Wrapped localized error: <nil> -- with: The installed version of the State Tool Service does not match that of the client.
Please stop the service with [ACTIONABLE]state-svc stop[/RESET] and try your command again.
If this issue persists please reinstall the State Tool.

[DEBUG Aug  2 08:08:43.008982975, errs.go:68] Created error: no data
[DEBUG Aug  2 08:08:43.009004344, errs.go:68] Created error: member not found
[DEBUG Aug  2 08:08:43.009036080, errs.go:68] Created error: Commit count is unknowable
[DEBUG Aug  2 08:08:43.009057446, errs.go:68] Created error: No merge required
[DEBUG Aug  2 08:08:43.009078224, errs.go:68] Created error: Can't merge commit thats already in target commits history
[DEBUG Aug  2 08:08:43.009105513, errs.go:68] Created error: Bad expander name
[DEBUG Aug  2 08:08:43.009126491, errs.go:68] Created error: Expander has no handler
[DEBUG Aug  2 08:08:43.010328276, errs.go:68] Created error: Service is already running
[DEBUG Aug  2 08:08:43.038516049, secrets.go:35] Gcloud Secretmanager failed to initialize (ignore if you're not trying to use gcloud): google: could not find default credentials. See https://developers.google.com/accounts/docs/application-default-credentials for more information.
[DEBUG Aug  2 08:08:43.087523127, output.go:53] Requested outputer for 
[DEBUG Aug  2 08:08:43.087594917, output.go:58] Using Plain outputer
[DEBUG Aug  2 08:08:43.087689863, termutils.go:17] Cannot get terminal size: inappropriate ioctl for device
[DEBUG Aug  2 08:08:43.087726434, client.go:128] Reporting event to 2 reporters: run-command, state-svc start, 
[DEBUG Aug  2 08:08:43.087861868, main.go:107] Running CmdStart
[DEBUG Aug  2 08:08:43.093571139, errs.go:75] Wrapped error: Service is already running -- with: valueF failed
[DEBUG Aug  2 08:08:43.093631291, errs.go:75] Wrapped error: valueF failed -- with: Could not store pid
[DEBUG Aug  2 08:08:43.093723839, errors.go:113] Wrapped input error: Could not store pid -- with: A State Service instance is already running in the background.
[DEBUG Aug  2 08:08:43.093738214, errs.go:75] Wrapped error: A State Service instance is already running in the background. -- with: Could not start serviceManager
[DEBUG Aug  2 08:08:43.093811450, client.go:128] Reporting event to 2 reporters: command-exit, state-svc start, 1
[DEBUG Aug  2 08:08:43.420467855, errs.go:75] Wrapped error: <nil> -- with: Could not start serviceManager: A State Service instance is already running in the background.: Could not store pid: valueF failed: Service is already running
[DEBUG Aug  2 08:08:43.420562118, main.go:61] state-svc errored out due to input: Could not start serviceManager: A State Service instance is already running in the background.: Could not store pid: valueF failed: Service is already running
