[DEBUG Aug  2 08:07:34.995309023, defaults.go:273] Args: [/home1/wangfeim/.local/ActiveState/StateTool/release/bin/state-svc start]
[DEBUG Aug  2 08:07:35.010248554, locale.go:38] Init
[DEBUG Aug  2 08:07:35.053126786, errs.go:68] Created error: File could not be found
[DEBUG Aug  2 08:07:35.056351492, errs.go:68] Created error: Not Recognized
[DEBUG Aug  2 08:07:35.091206643, errs.go:68] Created error: Secret not found
[DEBUG Aug  2 08:07:35.091267765, errs.go:68] Created error: Could not save keypair
[DEBUG Aug  2 08:07:35.091440018, errs.go:68] Created error: Build responded with error
[DEBUG Aug  2 08:07:35.091481366, errs.go:68] Created error: Unknown build type
[DEBUG Aug  2 08:07:35.091618911, errors.go:86] Wrapped localized error: <nil> -- with: The installed version of the State Tool Service does not match that of the client.
Please stop the service with [ACTIONABLE]state-svc stop[/RESET] and try your command again.
If this issue persists please reinstall the State Tool.

[DEBUG Aug  2 08:07:35.091638062, errs.go:68] Created error: no data
[DEBUG Aug  2 08:07:35.091664150, errs.go:68] Created error: member not found
[DEBUG Aug  2 08:07:35.091700649, errs.go:68] Created error: Commit count is unknowable
[DEBUG Aug  2 08:07:35.091725853, errs.go:68] Created error: No merge required
[DEBUG Aug  2 08:07:35.091756056, errs.go:68] Created error: Can't merge commit thats already in target commits history
[DEBUG Aug  2 08:07:35.091781980, errs.go:68] Created error: Bad expander name
[DEBUG Aug  2 08:07:35.091806673, errs.go:68] Created error: Expander has no handler
[DEBUG Aug  2 08:07:35.093002406, errs.go:68] Created error: Service is already running
[DEBUG Aug  2 08:07:35.122375982, secrets.go:35] Gcloud Secretmanager failed to initialize (ignore if you're not trying to use gcloud): google: could not find default credentials. See https://developers.google.com/accounts/docs/application-default-credentials for more information.
[DEBUG Aug  2 08:07:35.127618288, output.go:53] Requested outputer for 
[DEBUG Aug  2 08:07:35.127643001, output.go:58] Using Plain outputer
[DEBUG Aug  2 08:07:35.127732218, termutils.go:17] Cannot get terminal size: inappropriate ioctl for device
[DEBUG Aug  2 08:07:35.127870625, main.go:107] Running CmdStart
[DEBUG Aug  2 08:07:35.127872065, client.go:128] Reporting event to 2 reporters: run-command, state-svc start, 
[DEBUG Aug  2 08:07:35.133658508, errs.go:75] Wrapped error: Service is already running -- with: valueF failed
[DEBUG Aug  2 08:07:35.133721479, errs.go:75] Wrapped error: valueF failed -- with: Could not store pid
[DEBUG Aug  2 08:07:35.133797853, errors.go:113] Wrapped input error: Could not store pid -- with: A State Service instance is already running in the background.
[DEBUG Aug  2 08:07:35.133813389, errs.go:75] Wrapped error: A State Service instance is already running in the background. -- with: Could not start serviceManager
[DEBUG Aug  2 08:07:35.133920710, client.go:128] Reporting event to 2 reporters: command-exit, state-svc start, 1
[DEBUG Aug  2 08:07:35.510754341, errs.go:75] Wrapped error: <nil> -- with: Could not start serviceManager: A State Service instance is already running in the background.: Could not store pid: valueF failed: Service is already running
[DEBUG Aug  2 08:07:35.510828663, main.go:61] state-svc errored out due to input: Could not start serviceManager: A State Service instance is already running in the background.: Could not store pid: valueF failed: Service is already running
