[DEBUG Aug  2 08:05:02.780897073, defaults.go:273] Args: [/home1/wangfeim/.local/ActiveState/StateTool/release/bin/state-svc start]
[DEBUG Aug  2 08:05:02.793915087, locale.go:38] Init
[DEBUG Aug  2 08:05:03.065477802, errs.go:68] Created error: File could not be found
[DEBUG Aug  2 08:05:03.068527227, errs.go:68] Created error: Not Recognized
[DEBUG Aug  2 08:05:03.090205484, errs.go:68] Created error: Secret not found
[DEBUG Aug  2 08:05:03.090261726, errs.go:68] Created error: Could not save keypair
[DEBUG Aug  2 08:05:03.090438660, errs.go:68] Created error: Build responded with error
[DEBUG Aug  2 08:05:03.090467183, errs.go:68] Created error: Unknown build type
[DEBUG Aug  2 08:05:03.090609847, errors.go:86] Wrapped localized error: <nil> -- with: The installed version of the State Tool Service does not match that of the client.
Please stop the service with [ACTIONABLE]state-svc stop[/RESET] and try your command again.
If this issue persists please reinstall the State Tool.

[DEBUG Aug  2 08:05:03.090628005, errs.go:68] Created error: no data
[DEBUG Aug  2 08:05:03.090659676, errs.go:68] Created error: member not found
[DEBUG Aug  2 08:05:03.090687446, errs.go:68] Created error: Commit count is unknowable
[DEBUG Aug  2 08:05:03.090712018, errs.go:68] Created error: No merge required
[DEBUG Aug  2 08:05:03.090738055, errs.go:68] Created error: Can't merge commit thats already in target commits history
[DEBUG Aug  2 08:05:03.090762950, errs.go:68] Created error: Bad expander name
[DEBUG Aug  2 08:05:03.090786625, errs.go:68] Created error: Expander has no handler
[DEBUG Aug  2 08:05:03.091905739, errs.go:68] Created error: Service is already running
[DEBUG Aug  2 08:05:03.124532463, secrets.go:35] Gcloud Secretmanager failed to initialize (ignore if you're not trying to use gcloud): google: could not find default credentials. See https://developers.google.com/accounts/docs/application-default-credentials for more information.
[DEBUG Aug  2 08:05:03.129768293, output.go:53] Requested outputer for 
[DEBUG Aug  2 08:05:03.129791410, output.go:58] Using Plain outputer
[DEBUG Aug  2 08:05:03.129883670, termutils.go:17] Cannot get terminal size: inappropriate ioctl for device
[DEBUG Aug  2 08:05:03.129964545, client.go:128] Reporting event to 2 reporters: run-command, state-svc start, 
[DEBUG Aug  2 08:05:03.130027784, main.go:107] Running CmdStart
[DEBUG Aug  2 08:05:03.136376062, errs.go:75] Wrapped error: Service is already running -- with: valueF failed
[DEBUG Aug  2 08:05:03.136443848, errs.go:75] Wrapped error: valueF failed -- with: Could not store pid
[DEBUG Aug  2 08:05:03.136521100, errors.go:113] Wrapped input error: Could not store pid -- with: A State Service instance is already running in the background.
[DEBUG Aug  2 08:05:03.136535987, errs.go:75] Wrapped error: A State Service instance is already running in the background. -- with: Could not start serviceManager
[DEBUG Aug  2 08:05:03.136635365, client.go:128] Reporting event to 2 reporters: command-exit, state-svc start, 1
[DEBUG Aug  2 08:05:03.460912552, errs.go:75] Wrapped error: <nil> -- with: Could not start serviceManager: A State Service instance is already running in the background.: Could not store pid: valueF failed: Service is already running
[DEBUG Aug  2 08:05:03.460970596, main.go:61] state-svc errored out due to input: Could not start serviceManager: A State Service instance is already running in the background.: Could not store pid: valueF failed: Service is already running
