[DEBUG Aug  2 08:10:48.337982675, defaults.go:273] Args: [/home1/wangfeim/.local/ActiveState/StateTool/release/bin/state-svc start]
[DEBUG Aug  2 08:10:48.352082910, locale.go:38] Init
[DEBUG Aug  2 08:10:48.431068481, errs.go:68] Created error: File could not be found
[DEBUG Aug  2 08:10:48.434217099, errs.go:68] Created error: Not Recognized
[DEBUG Aug  2 08:10:48.456013900, errs.go:68] Created error: Secret not found
[DEBUG Aug  2 08:10:48.456084013, errs.go:68] Created error: Could not save keypair
[DEBUG Aug  2 08:10:48.456575354, errs.go:68] Created error: Build responded with error
[DEBUG Aug  2 08:10:48.456871411, errs.go:68] Created error: Unknown build type
[DEBUG Aug  2 08:10:48.457039455, errors.go:86] Wrapped localized error: <nil> -- with: The installed version of the State Tool Service does not match that of the client.
Please stop the service with [ACTIONABLE]state-svc stop[/RESET] and try your command again.
If this issue persists please reinstall the State Tool.

[DEBUG Aug  2 08:10:48.457059206, errs.go:68] Created error: no data
[DEBUG Aug  2 08:10:48.457090559, errs.go:68] Created error: member not found
[DEBUG Aug  2 08:10:48.457120006, errs.go:68] Created error: Commit count is unknowable
[DEBUG Aug  2 08:10:48.457146461, errs.go:68] Created error: No merge required
[DEBUG Aug  2 08:10:48.457172591, errs.go:68] Created error: Can't merge commit thats already in target commits history
[DEBUG Aug  2 08:10:48.457203633, errs.go:68] Created error: Bad expander name
[DEBUG Aug  2 08:10:48.457233038, errs.go:68] Created error: Expander has no handler
[DEBUG Aug  2 08:10:48.458666762, errs.go:68] Created error: Service is already running
[DEBUG Aug  2 08:10:48.491322514, secrets.go:35] Gcloud Secretmanager failed to initialize (ignore if you're not trying to use gcloud): google: could not find default credentials. See https://developers.google.com/accounts/docs/application-default-credentials for more information.
[DEBUG Aug  2 08:10:48.496986769, output.go:53] Requested outputer for 
[DEBUG Aug  2 08:10:48.497012193, output.go:58] Using Plain outputer
[DEBUG Aug  2 08:10:48.497075726, termutils.go:17] Cannot get terminal size: inappropriate ioctl for device
[DEBUG Aug  2 08:10:48.497161793, client.go:128] Reporting event to 2 reporters: run-command, state-svc start, 
[DEBUG Aug  2 08:10:48.497252643, main.go:107] Running CmdStart
[DEBUG Aug  2 08:10:48.503658835, errs.go:75] Wrapped error: Service is already running -- with: valueF failed
[DEBUG Aug  2 08:10:48.503728434, errs.go:75] Wrapped error: valueF failed -- with: Could not store pid
[DEBUG Aug  2 08:10:48.503814754, errors.go:113] Wrapped input error: Could not store pid -- with: A State Service instance is already running in the background.
[DEBUG Aug  2 08:10:48.503832029, errs.go:75] Wrapped error: A State Service instance is already running in the background. -- with: Could not start serviceManager
[DEBUG Aug  2 08:10:48.503927962, client.go:128] Reporting event to 2 reporters: command-exit, state-svc start, 1
[DEBUG Aug  2 08:10:48.834268775, errs.go:75] Wrapped error: <nil> -- with: Could not start serviceManager: A State Service instance is already running in the background.: Could not store pid: valueF failed: Service is already running
[DEBUG Aug  2 08:10:48.834351399, main.go:61] state-svc errored out due to input: Could not start serviceManager: A State Service instance is already running in the background.: Could not store pid: valueF failed: Service is already running
