[DEBUG Aug  2 07:56:11.439605434, defaults.go:273] Args: [/home1/wangfeim/.local/ActiveState/StateTool/release/bin/state-svc start]
[DEBUG Aug  2 07:56:11.454042940, locale.go:38] Init
[DEBUG Aug  2 07:56:11.515657600, errs.go:68] Created error: File could not be found
[DEBUG Aug  2 07:56:11.518996535, errs.go:68] Created error: Not Recognized
[DEBUG Aug  2 07:56:11.539704968, errs.go:68] Created error: Secret not found
[DEBUG Aug  2 07:56:11.539754964, errs.go:68] Created error: Could not save keypair
[DEBUG Aug  2 07:56:11.539949476, errs.go:68] Created error: Build responded with error
[DEBUG Aug  2 07:56:11.539983010, errs.go:68] Created error: Unknown build type
[DEBUG Aug  2 07:56:11.540093973, errors.go:86] Wrapped localized error: <nil> -- with: The installed version of the State Tool Service does not match that of the client.
Please stop the service with [ACTIONABLE]state-svc stop[/RESET] and try your command again.
If this issue persists please reinstall the State Tool.

[DEBUG Aug  2 07:56:11.540108324, errs.go:68] Created error: no data
[DEBUG Aug  2 07:56:11.540573780, errs.go:68] Created error: member not found
[DEBUG Aug  2 07:56:11.540656915, errs.go:68] Created error: Commit count is unknowable
[DEBUG Aug  2 07:56:11.540827671, errs.go:68] Created error: No merge required
[DEBUG Aug  2 07:56:11.540977715, errs.go:68] Created error: Can't merge commit thats already in target commits history
[DEBUG Aug  2 07:56:11.541092847, errs.go:68] Created error: Bad expander name
[DEBUG Aug  2 07:56:11.541193269, errs.go:68] Created error: Expander has no handler
[DEBUG Aug  2 07:56:11.546018126, errs.go:68] Created error: Service is already running
[DEBUG Aug  2 07:56:11.609639225, secrets.go:35] Gcloud Secretmanager failed to initialize (ignore if you're not trying to use gcloud): google: could not find default credentials. See https://developers.google.com/accounts/docs/application-default-credentials for more information.
[DEBUG Aug  2 07:56:11.613558273, output.go:53] Requested outputer for 
[DEBUG Aug  2 07:56:11.613588576, output.go:58] Using Plain outputer
[DEBUG Aug  2 07:56:11.613668420, termutils.go:17] Cannot get terminal size: inappropriate ioctl for device
[DEBUG Aug  2 07:56:11.613868250, main.go:107] Running CmdStart
[DEBUG Aug  2 07:56:11.613880324, client.go:128] Reporting event to 2 reporters: run-command, state-svc start, 
[DEBUG Aug  2 07:56:11.619511576, errs.go:75] Wrapped error: Service is already running -- with: valueF failed
[DEBUG Aug  2 07:56:11.619580600, errs.go:75] Wrapped error: valueF failed -- with: Could not store pid
[DEBUG Aug  2 07:56:11.619658683, errors.go:113] Wrapped input error: Could not store pid -- with: A State Service instance is already running in the background.
[DEBUG Aug  2 07:56:11.619672599, errs.go:75] Wrapped error: A State Service instance is already running in the background. -- with: Could not start serviceManager
[DEBUG Aug  2 07:56:11.619735541, client.go:128] Reporting event to 2 reporters: command-exit, state-svc start, 1
[DEBUG Aug  2 07:56:11.985169175, errs.go:75] Wrapped error: <nil> -- with: Could not start serviceManager: A State Service instance is already running in the background.: Could not store pid: valueF failed: Service is already running
[DEBUG Aug  2 07:56:11.985237002, main.go:61] state-svc errored out due to input: Could not start serviceManager: A State Service instance is already running in the background.: Could not store pid: valueF failed: Service is already running
