[DEBUG Aug  2 08:04:25.270621428, defaults.go:273] Args: [/home1/wangfeim/.local/ActiveState/StateTool/release/bin/state-svc start]
[DEBUG Aug  2 08:04:25.286124394, locale.go:38] Init
[DEBUG Aug  2 08:04:25.558442666, errs.go:68] Created error: File could not be found
[DEBUG Aug  2 08:04:25.561694772, errs.go:68] Created error: Not Recognized
[DEBUG Aug  2 08:04:25.582636250, errs.go:68] Created error: Secret not found
[DEBUG Aug  2 08:04:25.582691880, errs.go:68] Created error: Could not save keypair
[DEBUG Aug  2 08:04:25.582941827, errs.go:68] Created error: Build responded with error
[DEBUG Aug  2 08:04:25.583008848, errs.go:68] Created error: Unknown build type
[DEBUG Aug  2 08:04:25.583133405, errors.go:86] Wrapped localized error: <nil> -- with: The installed version of the State Tool Service does not match that of the client.
Please stop the service with [ACTIONABLE]state-svc stop[/RESET] and try your command again.
If this issue persists please reinstall the State Tool.

[DEBUG Aug  2 08:04:25.583149315, errs.go:68] Created error: no data
[DEBUG Aug  2 08:04:25.583174771, errs.go:68] Created error: member not found
[DEBUG Aug  2 08:04:25.583205421, errs.go:68] Created error: Commit count is unknowable
[DEBUG Aug  2 08:04:25.583228016, errs.go:68] Created error: No merge required
[DEBUG Aug  2 08:04:25.583249723, errs.go:68] Created error: Can't merge commit thats already in target commits history
[DEBUG Aug  2 08:04:25.583275671, errs.go:68] Created error: Bad expander name
[DEBUG Aug  2 08:04:25.583297968, errs.go:68] Created error: Expander has no handler
[DEBUG Aug  2 08:04:25.584504268, errs.go:68] Created error: Service is already running
[DEBUG Aug  2 08:04:25.616188819, secrets.go:35] Gcloud Secretmanager failed to initialize (ignore if you're not trying to use gcloud): google: could not find default credentials. See https://developers.google.com/accounts/docs/application-default-credentials for more information.
[DEBUG Aug  2 08:04:25.623565553, output.go:53] Requested outputer for 
[DEBUG Aug  2 08:04:25.623588879, output.go:58] Using Plain outputer
[DEBUG Aug  2 08:04:25.623667319, termutils.go:17] Cannot get terminal size: inappropriate ioctl for device
[DEBUG Aug  2 08:04:25.623760945, client.go:128] Reporting event to 2 reporters: run-command, state-svc start, 
[DEBUG Aug  2 08:04:25.623846937, main.go:107] Running CmdStart
[DEBUG Aug  2 08:04:25.629896944, errs.go:75] Wrapped error: Service is already running -- with: valueF failed
[DEBUG Aug  2 08:04:25.629961763, errs.go:75] Wrapped error: valueF failed -- with: Could not store pid
[DEBUG Aug  2 08:04:25.630031410, errors.go:113] Wrapped input error: Could not store pid -- with: A State Service instance is already running in the background.
[DEBUG Aug  2 08:04:25.630046226, errs.go:75] Wrapped error: A State Service instance is already running in the background. -- with: Could not start serviceManager
[DEBUG Aug  2 08:04:25.630111744, client.go:128] Reporting event to 2 reporters: command-exit, state-svc start, 1
[DEBUG Aug  2 08:04:25.977410513, errs.go:75] Wrapped error: <nil> -- with: Could not start serviceManager: A State Service instance is already running in the background.: Could not store pid: valueF failed: Service is already running
[DEBUG Aug  2 08:04:25.977475814, main.go:61] state-svc errored out due to input: Could not start serviceManager: A State Service instance is already running in the background.: Could not store pid: valueF failed: Service is already running
