[DEBUG Mar  8 13:59:37.982424878, defaults.go:273] Args: [/home1/wangfeim/.local/ActiveState/StateTool/release/bin/state-svc start]
[DEBUG Mar  8 13:59:37.996196256, locale.go:38] Init
[DEBUG Mar  8 13:59:38.038076139, errs.go:68] Created error: File could not be found
[DEBUG Mar  8 13:59:38.040841783, errs.go:68] Created error: Not Recognized
[DEBUG Mar  8 13:59:38.062355128, errs.go:68] Created error: Secret not found
[DEBUG Mar  8 13:59:38.062425615, errs.go:68] Created error: Could not save keypair
[DEBUG Mar  8 13:59:38.062698123, errs.go:68] Created error: Build responded with error
[DEBUG Mar  8 13:59:38.062745159, errs.go:68] Created error: Unknown build type
[DEBUG Mar  8 13:59:38.063178466, errors.go:86] Wrapped localized error: <nil> -- with: The installed version of the State Tool Service does not match that of the client.
Please stop the service with [ACTIONABLE]state-svc stop[/RESET] and try your command again.
If this issue persists please reinstall the State Tool.

[DEBUG Mar  8 13:59:38.063199867, errs.go:68] Created error: no data
[DEBUG Mar  8 13:59:38.063229282, errs.go:68] Created error: member not found
[DEBUG Mar  8 13:59:38.063254954, errs.go:68] Created error: Commit count is unknowable
[DEBUG Mar  8 13:59:38.063278555, errs.go:68] Created error: No merge required
[DEBUG Mar  8 13:59:38.063302600, errs.go:68] Created error: Can't merge commit thats already in target commits history
[DEBUG Mar  8 13:59:38.063328542, errs.go:68] Created error: Bad expander name
[DEBUG Mar  8 13:59:38.063353267, errs.go:68] Created error: Expander has no handler
[DEBUG Mar  8 13:59:38.064372861, errs.go:68] Created error: Service is already running
[DEBUG Mar  8 13:59:38.088955615, secrets.go:35] Gcloud Secretmanager failed to initialize (ignore if you're not trying to use gcloud): google: could not find default credentials. See https://developers.google.com/accounts/docs/application-default-credentials for more information.
[DEBUG Mar  8 13:59:38.093931432, output.go:53] Requested outputer for 
[DEBUG Mar  8 13:59:38.093969098, output.go:58] Using Plain outputer
[DEBUG Mar  8 13:59:38.094044969, termutils.go:17] Cannot get terminal size: inappropriate ioctl for device
[DEBUG Mar  8 13:59:38.094160988, client.go:128] Reporting event to 2 reporters: run-command, state-svc start, 
[DEBUG Mar  8 13:59:38.094183416, main.go:107] Running CmdStart
[DEBUG Mar  8 13:59:38.099995037, errs.go:75] Wrapped error: Service is already running -- with: valueF failed
[DEBUG Mar  8 13:59:38.100050043, errs.go:75] Wrapped error: valueF failed -- with: Could not store pid
[DEBUG Mar  8 13:59:38.100106489, errors.go:113] Wrapped input error: Could not store pid -- with: A State Service instance is already running in the background.
[DEBUG Mar  8 13:59:38.100117030, errs.go:75] Wrapped error: A State Service instance is already running in the background. -- with: Could not start serviceManager
[DEBUG Mar  8 13:59:38.100180218, client.go:128] Reporting event to 2 reporters: command-exit, state-svc start, 1
[DEBUG Mar  8 13:59:38.455964125, errs.go:75] Wrapped error: <nil> -- with: Could not start serviceManager: A State Service instance is already running in the background.: Could not store pid: valueF failed: Service is already running
[DEBUG Mar  8 13:59:38.456018059, main.go:61] state-svc errored out due to input: Could not start serviceManager: A State Service instance is already running in the background.: Could not store pid: valueF failed: Service is already running
