[DEBUG Aug  2 07:34:38.926626411, defaults.go:273] Args: [/home1/wangfeim/.local/ActiveState/StateTool/release/bin/state-svc start]
[DEBUG Aug  2 07:34:38.941756572, locale.go:38] Init
[DEBUG Aug  2 07:34:38.983917315, errs.go:68] Created error: File could not be found
[DEBUG Aug  2 07:34:38.986772159, errs.go:68] Created error: Not Recognized
[DEBUG Aug  2 07:34:39.006244594, errs.go:68] Created error: Secret not found
[DEBUG Aug  2 07:34:39.006291570, errs.go:68] Created error: Could not save keypair
[DEBUG Aug  2 07:34:39.006438008, errs.go:68] Created error: Build responded with error
[DEBUG Aug  2 07:34:39.006463411, errs.go:68] Created error: Unknown build type
[DEBUG Aug  2 07:34:39.006572510, errors.go:86] Wrapped localized error: <nil> -- with: The installed version of the State Tool Service does not match that of the client.
Please stop the service with [ACTIONABLE]state-svc stop[/RESET] and try your command again.
If this issue persists please reinstall the State Tool.

[DEBUG Aug  2 07:34:39.006586759, errs.go:68] Created error: no data
[DEBUG Aug  2 07:34:39.006609071, errs.go:68] Created error: member not found
[DEBUG Aug  2 07:34:39.006629342, errs.go:68] Created error: Commit count is unknowable
[DEBUG Aug  2 07:34:39.006649955, errs.go:68] Created error: No merge required
[DEBUG Aug  2 07:34:39.006674935, errs.go:68] Created error: Can't merge commit thats already in target commits history
[DEBUG Aug  2 07:34:39.006696657, errs.go:68] Created error: Bad expander name
[DEBUG Aug  2 07:34:39.006717697, errs.go:68] Created error: Expander has no handler
[DEBUG Aug  2 07:34:39.007622746, errs.go:68] Created error: Service is already running
[DEBUG Aug  2 07:34:39.034918940, secrets.go:35] Gcloud Secretmanager failed to initialize (ignore if you're not trying to use gcloud): google: could not find default credentials. See https://developers.google.com/accounts/docs/application-default-credentials for more information.
[DEBUG Aug  2 07:34:39.038915167, output.go:53] Requested outputer for 
[DEBUG Aug  2 07:34:39.038935653, output.go:58] Using Plain outputer
[DEBUG Aug  2 07:34:39.038992949, termutils.go:17] Cannot get terminal size: inappropriate ioctl for device
[DEBUG Aug  2 07:34:39.039119655, client.go:128] Reporting event to 2 reporters: run-command, state-svc start, 
[DEBUG Aug  2 07:34:39.039142980, main.go:107] Running CmdStart
[DEBUG Aug  2 07:34:39.044832010, errs.go:75] Wrapped error: Service is already running -- with: valueF failed
[DEBUG Aug  2 07:34:39.044892846, errs.go:75] Wrapped error: valueF failed -- with: Could not store pid
[DEBUG Aug  2 07:34:39.044969959, errors.go:113] Wrapped input error: Could not store pid -- with: A State Service instance is already running in the background.
[DEBUG Aug  2 07:34:39.044983552, errs.go:75] Wrapped error: A State Service instance is already running in the background. -- with: Could not start serviceManager
[DEBUG Aug  2 07:34:39.045051713, client.go:128] Reporting event to 2 reporters: command-exit, state-svc start, 1
[DEBUG Aug  2 07:34:39.383070719, errs.go:75] Wrapped error: <nil> -- with: Could not start serviceManager: A State Service instance is already running in the background.: Could not store pid: valueF failed: Service is already running
[DEBUG Aug  2 07:34:39.383177883, main.go:61] state-svc errored out due to input: Could not start serviceManager: A State Service instance is already running in the background.: Could not store pid: valueF failed: Service is already running
