[DEBUG Aug  2 07:34:41.733367451, defaults.go:273] Args: [/home1/wangfeim/.local/ActiveState/StateTool/release/bin/state-svc start]
[DEBUG Aug  2 07:34:41.746371665, locale.go:38] Init
[DEBUG Aug  2 07:34:41.788809271, errs.go:68] Created error: File could not be found
[DEBUG Aug  2 07:34:41.791699001, errs.go:68] Created error: Not Recognized
[DEBUG Aug  2 07:34:41.810406797, errs.go:68] Created error: Secret not found
[DEBUG Aug  2 07:34:41.810455700, errs.go:68] Created error: Could not save keypair
[DEBUG Aug  2 07:34:41.810625760, errs.go:68] Created error: Build responded with error
[DEBUG Aug  2 07:34:41.810656254, errs.go:68] Created error: Unknown build type
[DEBUG Aug  2 07:34:41.810760947, errors.go:86] Wrapped localized error: <nil> -- with: The installed version of the State Tool Service does not match that of the client.
Please stop the service with [ACTIONABLE]state-svc stop[/RESET] and try your command again.
If this issue persists please reinstall the State Tool.

[DEBUG Aug  2 07:34:41.810773402, errs.go:68] Created error: no data
[DEBUG Aug  2 07:34:41.810794372, errs.go:68] Created error: member not found
[DEBUG Aug  2 07:34:41.810815435, errs.go:68] Created error: Commit count is unknowable
[DEBUG Aug  2 07:34:41.810835975, errs.go:68] Created error: No merge required
[DEBUG Aug  2 07:34:41.810855747, errs.go:68] Created error: Can't merge commit thats already in target commits history
[DEBUG Aug  2 07:34:41.810876699, errs.go:68] Created error: Bad expander name
[DEBUG Aug  2 07:34:41.810896519, errs.go:68] Created error: Expander has no handler
[DEBUG Aug  2 07:34:41.813292574, errs.go:68] Created error: Service is already running
[DEBUG Aug  2 07:34:41.837839226, secrets.go:35] Gcloud Secretmanager failed to initialize (ignore if you're not trying to use gcloud): google: could not find default credentials. See https://developers.google.com/accounts/docs/application-default-credentials for more information.
[DEBUG Aug  2 07:34:41.841240118, output.go:53] Requested outputer for 
[DEBUG Aug  2 07:34:41.841342364, output.go:58] Using Plain outputer
[DEBUG Aug  2 07:34:41.842162270, termutils.go:17] Cannot get terminal size: inappropriate ioctl for device
[DEBUG Aug  2 07:34:41.842611130, client.go:128] Reporting event to 2 reporters: run-command, state-svc start, 
[DEBUG Aug  2 07:34:41.842713755, main.go:107] Running CmdStart
[DEBUG Aug  2 07:34:41.849395524, errs.go:75] Wrapped error: Service is already running -- with: valueF failed
[DEBUG Aug  2 07:34:41.849452358, errs.go:75] Wrapped error: valueF failed -- with: Could not store pid
[DEBUG Aug  2 07:34:41.849528293, errors.go:113] Wrapped input error: Could not store pid -- with: A State Service instance is already running in the background.
[DEBUG Aug  2 07:34:41.849550949, errs.go:75] Wrapped error: A State Service instance is already running in the background. -- with: Could not start serviceManager
[DEBUG Aug  2 07:34:41.849671177, client.go:128] Reporting event to 2 reporters: command-exit, state-svc start, 1
[DEBUG Aug  2 07:34:42.174825115, errs.go:75] Wrapped error: <nil> -- with: Could not start serviceManager: A State Service instance is already running in the background.: Could not store pid: valueF failed: Service is already running
[DEBUG Aug  2 07:34:42.174883096, main.go:61] state-svc errored out due to input: Could not start serviceManager: A State Service instance is already running in the background.: Could not store pid: valueF failed: Service is already running
