[DEBUG Aug  2 08:03:06.821214731, defaults.go:273] Args: [/home1/wangfeim/.local/ActiveState/StateTool/release/bin/state-svc start]
[DEBUG Aug  2 08:03:06.835180951, locale.go:38] Init
[DEBUG Aug  2 08:03:06.910404758, errs.go:68] Created error: File could not be found
[DEBUG Aug  2 08:03:06.913895345, errs.go:68] Created error: Not Recognized
[DEBUG Aug  2 08:03:06.936011527, errs.go:68] Created error: Secret not found
[DEBUG Aug  2 08:03:06.936073183, errs.go:68] Created error: Could not save keypair
[DEBUG Aug  2 08:03:06.936251540, errs.go:68] Created error: Build responded with error
[DEBUG Aug  2 08:03:06.936281252, errs.go:68] Created error: Unknown build type
[DEBUG Aug  2 08:03:06.936412150, errors.go:86] Wrapped localized error: <nil> -- with: The installed version of the State Tool Service does not match that of the client.
Please stop the service with [ACTIONABLE]state-svc stop[/RESET] and try your command again.
If this issue persists please reinstall the State Tool.

[DEBUG Aug  2 08:03:06.936433725, errs.go:68] Created error: no data
[DEBUG Aug  2 08:03:06.936471425, errs.go:68] Created error: member not found
[DEBUG Aug  2 08:03:06.936509800, errs.go:68] Created error: Commit count is unknowable
[DEBUG Aug  2 08:03:06.936533966, errs.go:68] Created error: No merge required
[DEBUG Aug  2 08:03:06.936566926, errs.go:68] Created error: Can't merge commit thats already in target commits history
[DEBUG Aug  2 08:03:06.936592780, errs.go:68] Created error: Bad expander name
[DEBUG Aug  2 08:03:06.936616945, errs.go:68] Created error: Expander has no handler
[DEBUG Aug  2 08:03:06.937723174, errs.go:68] Created error: Service is already running
[DEBUG Aug  2 08:03:06.973020149, secrets.go:35] Gcloud Secretmanager failed to initialize (ignore if you're not trying to use gcloud): google: could not find default credentials. See https://developers.google.com/accounts/docs/application-default-credentials for more information.
[DEBUG Aug  2 08:03:06.978199245, output.go:53] Requested outputer for 
[DEBUG Aug  2 08:03:06.978225690, output.go:58] Using Plain outputer
[DEBUG Aug  2 08:03:06.978323610, termutils.go:17] Cannot get terminal size: inappropriate ioctl for device
[DEBUG Aug  2 08:03:06.978402137, client.go:128] Reporting event to 2 reporters: run-command, state-svc start, 
[DEBUG Aug  2 08:03:06.978472199, main.go:107] Running CmdStart
[DEBUG Aug  2 08:03:06.985141835, errs.go:75] Wrapped error: Service is already running -- with: valueF failed
[DEBUG Aug  2 08:03:06.985230041, errs.go:75] Wrapped error: valueF failed -- with: Could not store pid
[DEBUG Aug  2 08:03:06.985334124, errors.go:113] Wrapped input error: Could not store pid -- with: A State Service instance is already running in the background.
[DEBUG Aug  2 08:03:06.985356477, errs.go:75] Wrapped error: A State Service instance is already running in the background. -- with: Could not start serviceManager
[DEBUG Aug  2 08:03:06.985453918, client.go:128] Reporting event to 2 reporters: command-exit, state-svc start, 1
[DEBUG Aug  2 08:03:07.315103238, errs.go:75] Wrapped error: <nil> -- with: Could not start serviceManager: A State Service instance is already running in the background.: Could not store pid: valueF failed: Service is already running
[DEBUG Aug  2 08:03:07.315160534, main.go:61] state-svc errored out due to input: Could not start serviceManager: A State Service instance is already running in the background.: Could not store pid: valueF failed: Service is already running
