[DEBUG Aug  2 07:58:44.411666883, defaults.go:273] Args: [/home1/wangfeim/.local/ActiveState/StateTool/release/bin/state-svc start]
[DEBUG Aug  2 07:58:44.425545209, locale.go:38] Init
[DEBUG Aug  2 07:58:44.695616832, errs.go:68] Created error: File could not be found
[DEBUG Aug  2 07:58:44.698699215, errs.go:68] Created error: Not Recognized
[DEBUG Aug  2 07:58:44.720714020, errs.go:68] Created error: Secret not found
[DEBUG Aug  2 07:58:44.720769513, errs.go:68] Created error: Could not save keypair
[DEBUG Aug  2 07:58:44.720964753, errs.go:68] Created error: Build responded with error
[DEBUG Aug  2 07:58:44.720993718, errs.go:68] Created error: Unknown build type
[DEBUG Aug  2 07:58:44.721112895, errors.go:86] Wrapped localized error: <nil> -- with: The installed version of the State Tool Service does not match that of the client.
Please stop the service with [ACTIONABLE]state-svc stop[/RESET] and try your command again.
If this issue persists please reinstall the State Tool.

[DEBUG Aug  2 07:58:44.721130061, errs.go:68] Created error: no data
[DEBUG Aug  2 07:58:44.721155713, errs.go:68] Created error: member not found
[DEBUG Aug  2 07:58:44.721186896, errs.go:68] Created error: Commit count is unknowable
[DEBUG Aug  2 07:58:44.721218814, errs.go:68] Created error: No merge required
[DEBUG Aug  2 07:58:44.721243951, errs.go:68] Created error: Can't merge commit thats already in target commits history
[DEBUG Aug  2 07:58:44.721270811, errs.go:68] Created error: Bad expander name
[DEBUG Aug  2 07:58:44.721296099, errs.go:68] Created error: Expander has no handler
[DEBUG Aug  2 07:58:44.722619854, errs.go:68] Created error: Service is already running
[DEBUG Aug  2 07:58:44.754535184, secrets.go:35] Gcloud Secretmanager failed to initialize (ignore if you're not trying to use gcloud): google: could not find default credentials. See https://developers.google.com/accounts/docs/application-default-credentials for more information.
[DEBUG Aug  2 07:58:44.785749589, output.go:53] Requested outputer for 
[DEBUG Aug  2 07:58:44.785775687, output.go:58] Using Plain outputer
[DEBUG Aug  2 07:58:44.785876675, termutils.go:17] Cannot get terminal size: inappropriate ioctl for device
[DEBUG Aug  2 07:58:44.785964521, client.go:128] Reporting event to 2 reporters: run-command, state-svc start, 
[DEBUG Aug  2 07:58:44.786084190, main.go:107] Running CmdStart
[DEBUG Aug  2 07:58:44.792742537, errs.go:75] Wrapped error: Service is already running -- with: valueF failed
[DEBUG Aug  2 07:58:44.792830715, errs.go:75] Wrapped error: valueF failed -- with: Could not store pid
[DEBUG Aug  2 07:58:44.792915906, errors.go:113] Wrapped input error: Could not store pid -- with: A State Service instance is already running in the background.
[DEBUG Aug  2 07:58:44.792931998, errs.go:75] Wrapped error: A State Service instance is already running in the background. -- with: Could not start serviceManager
[DEBUG Aug  2 07:58:44.793065987, client.go:128] Reporting event to 2 reporters: command-exit, state-svc start, 1
[DEBUG Aug  2 07:58:45.193344130, errs.go:75] Wrapped error: <nil> -- with: Could not start serviceManager: A State Service instance is already running in the background.: Could not store pid: valueF failed: Service is already running
[DEBUG Aug  2 07:58:45.193410358, main.go:61] state-svc errored out due to input: Could not start serviceManager: A State Service instance is already running in the background.: Could not store pid: valueF failed: Service is already running
