[DEBUG Aug  2 07:41:42.695700489, defaults.go:273] Args: [/home1/wangfeim/.local/ActiveState/StateTool/release/bin/state-svc start]
[DEBUG Aug  2 07:41:42.708554157, locale.go:38] Init
[DEBUG Aug  2 07:41:42.785791059, errs.go:68] Created error: File could not be found
[DEBUG Aug  2 07:41:42.789096388, errs.go:68] Created error: Not Recognized
[DEBUG Aug  2 07:41:42.809165784, errs.go:68] Created error: Secret not found
[DEBUG Aug  2 07:41:42.809215344, errs.go:68] Created error: Could not save keypair
[DEBUG Aug  2 07:41:42.809366658, errs.go:68] Created error: Build responded with error
[DEBUG Aug  2 07:41:42.809400383, errs.go:68] Created error: Unknown build type
[DEBUG Aug  2 07:41:42.809506549, errors.go:86] Wrapped localized error: <nil> -- with: The installed version of the State Tool Service does not match that of the client.
Please stop the service with [ACTIONABLE]state-svc stop[/RESET] and try your command again.
If this issue persists please reinstall the State Tool.

[DEBUG Aug  2 07:41:42.809520817, errs.go:68] Created error: no data
[DEBUG Aug  2 07:41:42.809549094, errs.go:68] Created error: member not found
[DEBUG Aug  2 07:41:42.809579144, errs.go:68] Created error: Commit count is unknowable
[DEBUG Aug  2 07:41:42.809607012, errs.go:68] Created error: No merge required
[DEBUG Aug  2 07:41:42.809629594, errs.go:68] Created error: Can't merge commit thats already in target commits history
[DEBUG Aug  2 07:41:42.809657815, errs.go:68] Created error: Bad expander name
[DEBUG Aug  2 07:41:42.809680074, errs.go:68] Created error: Expander has no handler
[DEBUG Aug  2 07:41:42.810643059, errs.go:68] Created error: Service is already running
[DEBUG Aug  2 07:41:42.843121505, secrets.go:35] Gcloud Secretmanager failed to initialize (ignore if you're not trying to use gcloud): google: could not find default credentials. See https://developers.google.com/accounts/docs/application-default-credentials for more information.
[DEBUG Aug  2 07:41:42.846403518, output.go:53] Requested outputer for 
[DEBUG Aug  2 07:41:42.846425311, output.go:58] Using Plain outputer
[DEBUG Aug  2 07:41:42.846497184, termutils.go:17] Cannot get terminal size: inappropriate ioctl for device
[DEBUG Aug  2 07:41:42.846597621, client.go:128] Reporting event to 2 reporters: run-command, state-svc start, 
[DEBUG Aug  2 07:41:42.846649703, main.go:107] Running CmdStart
[DEBUG Aug  2 07:41:42.888779595, errs.go:75] Wrapped error: Service is already running -- with: valueF failed
[DEBUG Aug  2 07:41:42.888852073, errs.go:75] Wrapped error: valueF failed -- with: Could not store pid
[DEBUG Aug  2 07:41:42.888941901, errors.go:113] Wrapped input error: Could not store pid -- with: A State Service instance is already running in the background.
[DEBUG Aug  2 07:41:42.888957109, errs.go:75] Wrapped error: A State Service instance is already running in the background. -- with: Could not start serviceManager
[DEBUG Aug  2 07:41:42.889056818, client.go:128] Reporting event to 2 reporters: command-exit, state-svc start, 1
[DEBUG Aug  2 07:41:43.224040666, errs.go:75] Wrapped error: <nil> -- with: Could not start serviceManager: A State Service instance is already running in the background.: Could not store pid: valueF failed: Service is already running
[DEBUG Aug  2 07:41:43.224120224, main.go:61] state-svc errored out due to input: Could not start serviceManager: A State Service instance is already running in the background.: Could not store pid: valueF failed: Service is already running
