[DEBUG Aug  2 08:15:55.747572699, defaults.go:273] Args: [/home1/wangfeim/.local/ActiveState/StateTool/release/bin/state-svc start]
[DEBUG Aug  2 08:15:55.761647950, locale.go:38] Init
[DEBUG Aug  2 08:15:55.826276341, errs.go:68] Created error: File could not be found
[DEBUG Aug  2 08:15:55.829369992, errs.go:68] Created error: Not Recognized
[DEBUG Aug  2 08:15:55.850242887, errs.go:68] Created error: Secret not found
[DEBUG Aug  2 08:15:55.850293999, errs.go:68] Created error: Could not save keypair
[DEBUG Aug  2 08:15:55.850481439, errs.go:68] Created error: Build responded with error
[DEBUG Aug  2 08:15:55.850515664, errs.go:68] Created error: Unknown build type
[DEBUG Aug  2 08:15:55.850634366, errors.go:86] Wrapped localized error: <nil> -- with: The installed version of the State Tool Service does not match that of the client.
Please stop the service with [ACTIONABLE]state-svc stop[/RESET] and try your command again.
If this issue persists please reinstall the State Tool.

[DEBUG Aug  2 08:15:55.850649388, errs.go:68] Created error: no data
[DEBUG Aug  2 08:15:55.850673759, errs.go:68] Created error: member not found
[DEBUG Aug  2 08:15:55.850699847, errs.go:68] Created error: Commit count is unknowable
[DEBUG Aug  2 08:15:55.850722816, errs.go:68] Created error: No merge required
[DEBUG Aug  2 08:15:55.850745432, errs.go:68] Created error: Can't merge commit thats already in target commits history
[DEBUG Aug  2 08:15:55.850770359, errs.go:68] Created error: Bad expander name
[DEBUG Aug  2 08:15:55.850792856, errs.go:68] Created error: Expander has no handler
[DEBUG Aug  2 08:15:55.885070018, errs.go:68] Created error: Service is already running
[DEBUG Aug  2 08:15:55.911665223, secrets.go:35] Gcloud Secretmanager failed to initialize (ignore if you're not trying to use gcloud): google: could not find default credentials. See https://developers.google.com/accounts/docs/application-default-credentials for more information.
[DEBUG Aug  2 08:15:55.916799503, output.go:53] Requested outputer for 
[DEBUG Aug  2 08:15:55.916859446, output.go:58] Using Plain outputer
[DEBUG Aug  2 08:15:55.916955639, termutils.go:17] Cannot get terminal size: inappropriate ioctl for device
[DEBUG Aug  2 08:15:55.917042827, client.go:128] Reporting event to 2 reporters: run-command, state-svc start, 
[DEBUG Aug  2 08:15:55.917190520, main.go:107] Running CmdStart
[DEBUG Aug  2 08:15:55.922667637, errs.go:75] Wrapped error: Service is already running -- with: valueF failed
[DEBUG Aug  2 08:15:55.922718565, errs.go:75] Wrapped error: valueF failed -- with: Could not store pid
[DEBUG Aug  2 08:15:55.922795126, errors.go:113] Wrapped input error: Could not store pid -- with: A State Service instance is already running in the background.
[DEBUG Aug  2 08:15:55.922808086, errs.go:75] Wrapped error: A State Service instance is already running in the background. -- with: Could not start serviceManager
[DEBUG Aug  2 08:15:55.922871249, client.go:128] Reporting event to 2 reporters: command-exit, state-svc start, 1
[DEBUG Aug  2 08:15:56.297161616, errs.go:75] Wrapped error: <nil> -- with: Could not start serviceManager: A State Service instance is already running in the background.: Could not store pid: valueF failed: Service is already running
[DEBUG Aug  2 08:15:56.297235384, main.go:61] state-svc errored out due to input: Could not start serviceManager: A State Service instance is already running in the background.: Could not store pid: valueF failed: Service is already running
