[DEBUG Aug  2 07:57:17.125306421, defaults.go:273] Args: [/home1/wangfeim/.local/ActiveState/StateTool/release/bin/state-svc start]
[DEBUG Aug  2 07:57:17.139507824, locale.go:38] Init
[DEBUG Aug  2 07:57:17.600621338, errs.go:68] Created error: File could not be found
[DEBUG Aug  2 07:57:17.603409422, errs.go:68] Created error: Not Recognized
[DEBUG Aug  2 07:57:17.625502192, errs.go:68] Created error: Secret not found
[DEBUG Aug  2 07:57:17.625580365, errs.go:68] Created error: Could not save keypair
[DEBUG Aug  2 07:57:17.625764339, errs.go:68] Created error: Build responded with error
[DEBUG Aug  2 07:57:17.625799257, errs.go:68] Created error: Unknown build type
[DEBUG Aug  2 07:57:17.625918667, errors.go:86] Wrapped localized error: <nil> -- with: The installed version of the State Tool Service does not match that of the client.
Please stop the service with [ACTIONABLE]state-svc stop[/RESET] and try your command again.
If this issue persists please reinstall the State Tool.

[DEBUG Aug  2 07:57:17.625935498, errs.go:68] Created error: no data
[DEBUG Aug  2 07:57:17.625965946, errs.go:68] Created error: member not found
[DEBUG Aug  2 07:57:17.626007256, errs.go:68] Created error: Commit count is unknowable
[DEBUG Aug  2 07:57:17.626031321, errs.go:68] Created error: No merge required
[DEBUG Aug  2 07:57:17.626054909, errs.go:68] Created error: Can't merge commit thats already in target commits history
[DEBUG Aug  2 07:57:17.626078073, errs.go:68] Created error: Bad expander name
[DEBUG Aug  2 07:57:17.626115005, errs.go:68] Created error: Expander has no handler
[DEBUG Aug  2 07:57:17.627193687, errs.go:68] Created error: Service is already running
[DEBUG Aug  2 07:57:17.686959357, secrets.go:35] Gcloud Secretmanager failed to initialize (ignore if you're not trying to use gcloud): google: could not find default credentials. See https://developers.google.com/accounts/docs/application-default-credentials for more information.
[DEBUG Aug  2 07:57:17.691517919, output.go:53] Requested outputer for 
[DEBUG Aug  2 07:57:17.691554210, output.go:58] Using Plain outputer
[DEBUG Aug  2 07:57:17.691647227, termutils.go:17] Cannot get terminal size: inappropriate ioctl for device
[DEBUG Aug  2 07:57:17.691733352, client.go:128] Reporting event to 2 reporters: run-command, state-svc start, 
[DEBUG Aug  2 07:57:17.691825862, main.go:107] Running CmdStart
[DEBUG Aug  2 07:57:17.697744924, errs.go:75] Wrapped error: Service is already running -- with: valueF failed
[DEBUG Aug  2 07:57:17.697814473, errs.go:75] Wrapped error: valueF failed -- with: Could not store pid
[DEBUG Aug  2 07:57:17.697897736, errors.go:113] Wrapped input error: Could not store pid -- with: A State Service instance is already running in the background.
[DEBUG Aug  2 07:57:17.697913409, errs.go:75] Wrapped error: A State Service instance is already running in the background. -- with: Could not start serviceManager
[DEBUG Aug  2 07:57:17.698007958, client.go:128] Reporting event to 2 reporters: command-exit, state-svc start, 1
[DEBUG Aug  2 07:57:18.066785120, errs.go:75] Wrapped error: <nil> -- with: Could not start serviceManager: A State Service instance is already running in the background.: Could not store pid: valueF failed: Service is already running
[DEBUG Aug  2 07:57:18.066850349, main.go:61] state-svc errored out due to input: Could not start serviceManager: A State Service instance is already running in the background.: Could not store pid: valueF failed: Service is already running
