[DEBUG Aug  2 07:46:49.606228137, defaults.go:273] Args: [/home1/wangfeim/.local/ActiveState/StateTool/release/bin/state-svc start]
[DEBUG Aug  2 07:46:49.619571022, locale.go:38] Init
[DEBUG Aug  2 07:46:49.663477944, errs.go:68] Created error: File could not be found
[DEBUG Aug  2 07:46:49.666277919, errs.go:68] Created error: Not Recognized
[DEBUG Aug  2 07:46:49.700492523, errs.go:68] Created error: Secret not found
[DEBUG Aug  2 07:46:49.700576814, errs.go:68] Created error: Could not save keypair
[DEBUG Aug  2 07:46:49.701033368, errs.go:68] Created error: Build responded with error
[DEBUG Aug  2 07:46:49.701076796, errs.go:68] Created error: Unknown build type
[DEBUG Aug  2 07:46:49.701254333, errors.go:86] Wrapped localized error: <nil> -- with: The installed version of the State Tool Service does not match that of the client.
Please stop the service with [ACTIONABLE]state-svc stop[/RESET] and try your command again.
If this issue persists please reinstall the State Tool.

[DEBUG Aug  2 07:46:49.701275413, errs.go:68] Created error: no data
[DEBUG Aug  2 07:46:49.701314358, errs.go:68] Created error: member not found
[DEBUG Aug  2 07:46:49.701348031, errs.go:68] Created error: Commit count is unknowable
[DEBUG Aug  2 07:46:49.701382210, errs.go:68] Created error: No merge required
[DEBUG Aug  2 07:46:49.701413582, errs.go:68] Created error: Can't merge commit thats already in target commits history
[DEBUG Aug  2 07:46:49.701449505, errs.go:68] Created error: Bad expander name
[DEBUG Aug  2 07:46:49.701485293, errs.go:68] Created error: Expander has no handler
[DEBUG Aug  2 07:46:49.702998988, errs.go:68] Created error: Service is already running
[DEBUG Aug  2 07:46:49.729510761, secrets.go:35] Gcloud Secretmanager failed to initialize (ignore if you're not trying to use gcloud): google: could not find default credentials. See https://developers.google.com/accounts/docs/application-default-credentials for more information.
[DEBUG Aug  2 07:46:49.732957725, output.go:53] Requested outputer for 
[DEBUG Aug  2 07:46:49.732983010, output.go:58] Using Plain outputer
[DEBUG Aug  2 07:46:49.733041260, termutils.go:17] Cannot get terminal size: inappropriate ioctl for device
[DEBUG Aug  2 07:46:49.733070735, client.go:128] Reporting event to 2 reporters: run-command, state-svc start, 
[DEBUG Aug  2 07:46:49.733198894, main.go:107] Running CmdStart
[DEBUG Aug  2 07:46:49.738977020, errs.go:75] Wrapped error: Service is already running -- with: valueF failed
[DEBUG Aug  2 07:46:49.739036765, errs.go:75] Wrapped error: valueF failed -- with: Could not store pid
[DEBUG Aug  2 07:46:49.739140504, errors.go:113] Wrapped input error: Could not store pid -- with: A State Service instance is already running in the background.
[DEBUG Aug  2 07:46:49.739155048, errs.go:75] Wrapped error: A State Service instance is already running in the background. -- with: Could not start serviceManager
[DEBUG Aug  2 07:46:49.739218059, client.go:128] Reporting event to 2 reporters: command-exit, state-svc start, 1
[DEBUG Aug  2 07:46:50.095999220, errs.go:75] Wrapped error: <nil> -- with: Could not start serviceManager: A State Service instance is already running in the background.: Could not store pid: valueF failed: Service is already running
[DEBUG Aug  2 07:46:50.096082218, main.go:61] state-svc errored out due to input: Could not start serviceManager: A State Service instance is already running in the background.: Could not store pid: valueF failed: Service is already running
