[DEBUG Aug  2 07:52:29.798812183, defaults.go:273] Args: [/home1/wangfeim/.local/ActiveState/StateTool/release/bin/state-svc start]
[DEBUG Aug  2 07:52:29.813500396, locale.go:38] Init
[DEBUG Aug  2 07:52:29.910561216, errs.go:68] Created error: File could not be found
[DEBUG Aug  2 07:52:29.913580097, errs.go:68] Created error: Not Recognized
[DEBUG Aug  2 07:52:29.934172823, errs.go:68] Created error: Secret not found
[DEBUG Aug  2 07:52:29.934219834, errs.go:68] Created error: Could not save keypair
[DEBUG Aug  2 07:52:29.934389441, errs.go:68] Created error: Build responded with error
[DEBUG Aug  2 07:52:29.934415960, errs.go:68] Created error: Unknown build type
[DEBUG Aug  2 07:52:29.934530892, errors.go:86] Wrapped localized error: <nil> -- with: The installed version of the State Tool Service does not match that of the client.
Please stop the service with [ACTIONABLE]state-svc stop[/RESET] and try your command again.
If this issue persists please reinstall the State Tool.

[DEBUG Aug  2 07:52:29.934552399, errs.go:68] Created error: no data
[DEBUG Aug  2 07:52:29.934575316, errs.go:68] Created error: member not found
[DEBUG Aug  2 07:52:29.934609514, errs.go:68] Created error: Commit count is unknowable
[DEBUG Aug  2 07:52:29.934633160, errs.go:68] Created error: No merge required
[DEBUG Aug  2 07:52:29.934654337, errs.go:68] Created error: Can't merge commit thats already in target commits history
[DEBUG Aug  2 07:52:29.934683465, errs.go:68] Created error: Bad expander name
[DEBUG Aug  2 07:52:29.934704173, errs.go:68] Created error: Expander has no handler
[DEBUG Aug  2 07:52:29.935674538, errs.go:68] Created error: Service is already running
[DEBUG Aug  2 07:52:30.000932609, secrets.go:35] Gcloud Secretmanager failed to initialize (ignore if you're not trying to use gcloud): google: could not find default credentials. See https://developers.google.com/accounts/docs/application-default-credentials for more information.
[DEBUG Aug  2 07:52:30.004264191, output.go:53] Requested outputer for 
[DEBUG Aug  2 07:52:30.004293441, output.go:58] Using Plain outputer
[DEBUG Aug  2 07:52:30.004372261, termutils.go:17] Cannot get terminal size: inappropriate ioctl for device
[DEBUG Aug  2 07:52:30.004478622, client.go:128] Reporting event to 2 reporters: run-command, state-svc start, 
[DEBUG Aug  2 07:52:30.004613951, main.go:107] Running CmdStart
[DEBUG Aug  2 07:52:30.010218201, errs.go:75] Wrapped error: Service is already running -- with: valueF failed
[DEBUG Aug  2 07:52:30.010273306, errs.go:75] Wrapped error: valueF failed -- with: Could not store pid
[DEBUG Aug  2 07:52:30.010347378, errors.go:113] Wrapped input error: Could not store pid -- with: A State Service instance is already running in the background.
[DEBUG Aug  2 07:52:30.010361436, errs.go:75] Wrapped error: A State Service instance is already running in the background. -- with: Could not start serviceManager
[DEBUG Aug  2 07:52:30.010424053, client.go:128] Reporting event to 2 reporters: command-exit, state-svc start, 1
[DEBUG Aug  2 07:52:30.355999428, errs.go:75] Wrapped error: <nil> -- with: Could not start serviceManager: A State Service instance is already running in the background.: Could not store pid: valueF failed: Service is already running
[DEBUG Aug  2 07:52:30.356067461, main.go:61] state-svc errored out due to input: Could not start serviceManager: A State Service instance is already running in the background.: Could not store pid: valueF failed: Service is already running
