[DEBUG Aug  2 08:06:12.744340234, defaults.go:273] Args: [/home1/wangfeim/.local/ActiveState/StateTool/release/bin/state-svc start]
[DEBUG Aug  2 08:06:12.757230435, locale.go:38] Init
[DEBUG Aug  2 08:06:12.805657105, errs.go:68] Created error: File could not be found
[DEBUG Aug  2 08:06:12.808440256, errs.go:68] Created error: Not Recognized
[DEBUG Aug  2 08:06:12.831592965, errs.go:68] Created error: Secret not found
[DEBUG Aug  2 08:06:12.831656445, errs.go:68] Created error: Could not save keypair
[DEBUG Aug  2 08:06:12.831850642, errs.go:68] Created error: Build responded with error
[DEBUG Aug  2 08:06:12.831880928, errs.go:68] Created error: Unknown build type
[DEBUG Aug  2 08:06:12.832012028, errors.go:86] Wrapped localized error: <nil> -- with: The installed version of the State Tool Service does not match that of the client.
Please stop the service with [ACTIONABLE]state-svc stop[/RESET] and try your command again.
If this issue persists please reinstall the State Tool.

[DEBUG Aug  2 08:06:12.832028950, errs.go:68] Created error: no data
[DEBUG Aug  2 08:06:12.832063087, errs.go:68] Created error: member not found
[DEBUG Aug  2 08:06:12.832098062, errs.go:68] Created error: Commit count is unknowable
[DEBUG Aug  2 08:06:12.832135334, errs.go:68] Created error: No merge required
[DEBUG Aug  2 08:06:12.832166175, errs.go:68] Created error: Can't merge commit thats already in target commits history
[DEBUG Aug  2 08:06:12.832195388, errs.go:68] Created error: Bad expander name
[DEBUG Aug  2 08:06:12.832232870, errs.go:68] Created error: Expander has no handler
[DEBUG Aug  2 08:06:12.833627112, errs.go:68] Created error: Service is already running
[DEBUG Aug  2 08:06:12.896485599, secrets.go:35] Gcloud Secretmanager failed to initialize (ignore if you're not trying to use gcloud): google: could not find default credentials. See https://developers.google.com/accounts/docs/application-default-credentials for more information.
[DEBUG Aug  2 08:06:12.899785504, output.go:53] Requested outputer for 
[DEBUG Aug  2 08:06:12.899811147, output.go:58] Using Plain outputer
[DEBUG Aug  2 08:06:12.899926491, termutils.go:17] Cannot get terminal size: inappropriate ioctl for device
[DEBUG Aug  2 08:06:12.899997650, client.go:128] Reporting event to 2 reporters: run-command, state-svc start, 
[DEBUG Aug  2 08:06:12.900143996, main.go:107] Running CmdStart
[DEBUG Aug  2 08:06:12.905793989, errs.go:75] Wrapped error: Service is already running -- with: valueF failed
[DEBUG Aug  2 08:06:12.905854507, errs.go:75] Wrapped error: valueF failed -- with: Could not store pid
[DEBUG Aug  2 08:06:12.905928328, errors.go:113] Wrapped input error: Could not store pid -- with: A State Service instance is already running in the background.
[DEBUG Aug  2 08:06:12.905942389, errs.go:75] Wrapped error: A State Service instance is already running in the background. -- with: Could not start serviceManager
[DEBUG Aug  2 08:06:12.906010312, client.go:128] Reporting event to 2 reporters: command-exit, state-svc start, 1
[DEBUG Aug  2 08:06:13.256529157, errs.go:75] Wrapped error: <nil> -- with: Could not start serviceManager: A State Service instance is already running in the background.: Could not store pid: valueF failed: Service is already running
[DEBUG Aug  2 08:06:13.256616323, main.go:61] state-svc errored out due to input: Could not start serviceManager: A State Service instance is already running in the background.: Could not store pid: valueF failed: Service is already running
