[DEBUG Aug  2 07:53:18.447343984, defaults.go:273] Args: [/home1/wangfeim/.local/ActiveState/StateTool/release/bin/state-svc start]
[DEBUG Aug  2 07:53:18.462409913, locale.go:38] Init
[DEBUG Aug  2 07:53:18.895967660, errs.go:68] Created error: File could not be found
[DEBUG Aug  2 07:53:18.899719682, errs.go:68] Created error: Not Recognized
[DEBUG Aug  2 07:53:18.925693953, errs.go:68] Created error: Secret not found
[DEBUG Aug  2 07:53:18.925769957, errs.go:68] Created error: Could not save keypair
[DEBUG Aug  2 07:53:18.925991125, errs.go:68] Created error: Build responded with error
[DEBUG Aug  2 07:53:18.926031404, errs.go:68] Created error: Unknown build type
[DEBUG Aug  2 07:53:18.926148540, errors.go:86] Wrapped localized error: <nil> -- with: The installed version of the State Tool Service does not match that of the client.
Please stop the service with [ACTIONABLE]state-svc stop[/RESET] and try your command again.
If this issue persists please reinstall the State Tool.

[DEBUG Aug  2 07:53:18.926164111, errs.go:68] Created error: no data
[DEBUG Aug  2 07:53:18.926195720, errs.go:68] Created error: member not found
[DEBUG Aug  2 07:53:18.926220280, errs.go:68] Created error: Commit count is unknowable
[DEBUG Aug  2 07:53:18.926244124, errs.go:68] Created error: No merge required
[DEBUG Aug  2 07:53:18.926266543, errs.go:68] Created error: Can't merge commit thats already in target commits history
[DEBUG Aug  2 07:53:18.926292512, errs.go:68] Created error: Bad expander name
[DEBUG Aug  2 07:53:18.926320307, errs.go:68] Created error: Expander has no handler
[DEBUG Aug  2 07:53:18.927576196, errs.go:68] Created error: Service is already running
[DEBUG Aug  2 07:53:19.002530304, secrets.go:35] Gcloud Secretmanager failed to initialize (ignore if you're not trying to use gcloud): google: could not find default credentials. See https://developers.google.com/accounts/docs/application-default-credentials for more information.
[DEBUG Aug  2 07:53:19.006868371, output.go:53] Requested outputer for 
[DEBUG Aug  2 07:53:19.006898304, output.go:58] Using Plain outputer
[DEBUG Aug  2 07:53:19.006981744, termutils.go:17] Cannot get terminal size: inappropriate ioctl for device
[DEBUG Aug  2 07:53:19.007076218, client.go:128] Reporting event to 2 reporters: run-command, state-svc start, 
[DEBUG Aug  2 07:53:19.007145583, main.go:107] Running CmdStart
[DEBUG Aug  2 07:53:19.013247245, errs.go:75] Wrapped error: Service is already running -- with: valueF failed
[DEBUG Aug  2 07:53:19.013313627, errs.go:75] Wrapped error: valueF failed -- with: Could not store pid
[DEBUG Aug  2 07:53:19.013394124, errors.go:113] Wrapped input error: Could not store pid -- with: A State Service instance is already running in the background.
[DEBUG Aug  2 07:53:19.013409551, errs.go:75] Wrapped error: A State Service instance is already running in the background. -- with: Could not start serviceManager
[DEBUG Aug  2 07:53:19.013488757, client.go:128] Reporting event to 2 reporters: command-exit, state-svc start, 1
[DEBUG Aug  2 07:53:19.422571253, errs.go:75] Wrapped error: <nil> -- with: Could not start serviceManager: A State Service instance is already running in the background.: Could not store pid: valueF failed: Service is already running
[DEBUG Aug  2 07:53:19.422647405, main.go:61] state-svc errored out due to input: Could not start serviceManager: A State Service instance is already running in the background.: Could not store pid: valueF failed: Service is already running
