[DEBUG Mar  8 17:38:06.069291354, defaults.go:273] Args: [/home1/wangfeim/.local/ActiveState/StateTool/release/bin/state-svc start]
[DEBUG Mar  8 17:38:06.080585959, locale.go:38] Init
[DEBUG Mar  8 17:38:06.115673291, errs.go:68] Created error: File could not be found
[DEBUG Mar  8 17:38:06.118085458, errs.go:68] Created error: Not Recognized
[DEBUG Mar  8 17:38:06.134312309, errs.go:68] Created error: Secret not found
[DEBUG Mar  8 17:38:06.134345083, errs.go:68] Created error: Could not save keypair
[DEBUG Mar  8 17:38:06.134948668, errs.go:68] Created error: Build responded with error
[DEBUG Mar  8 17:38:06.135014358, errs.go:68] Created error: Unknown build type
[DEBUG Mar  8 17:38:06.135300086, errors.go:86] Wrapped localized error: <nil> -- with: The installed version of the State Tool Service does not match that of the client.
Please stop the service with [ACTIONABLE]state-svc stop[/RESET] and try your command again.
If this issue persists please reinstall the State Tool.

[DEBUG Mar  8 17:38:06.135332805, errs.go:68] Created error: no data
[DEBUG Mar  8 17:38:06.135380118, errs.go:68] Created error: member not found
[DEBUG Mar  8 17:38:06.135413022, errs.go:68] Created error: Commit count is unknowable
[DEBUG Mar  8 17:38:06.135544929, errs.go:68] Created error: No merge required
[DEBUG Mar  8 17:38:06.135596337, errs.go:68] Created error: Can't merge commit thats already in target commits history
[DEBUG Mar  8 17:38:06.135634526, errs.go:68] Created error: Bad expander name
[DEBUG Mar  8 17:38:06.135667204, errs.go:68] Created error: Expander has no handler
[DEBUG Mar  8 17:38:06.136985270, errs.go:68] Created error: Service is already running
[DEBUG Mar  8 17:38:06.158706635, secrets.go:35] Gcloud Secretmanager failed to initialize (ignore if you're not trying to use gcloud): google: could not find default credentials. See https://developers.google.com/accounts/docs/application-default-credentials for more information.
[DEBUG Mar  8 17:38:06.162533775, output.go:53] Requested outputer for 
[DEBUG Mar  8 17:38:06.162551180, output.go:58] Using Plain outputer
[DEBUG Mar  8 17:38:06.162622891, termutils.go:17] Cannot get terminal size: inappropriate ioctl for device
[DEBUG Mar  8 17:38:06.162648335, client.go:128] Reporting event to 2 reporters: run-command, state-svc start, 
[DEBUG Mar  8 17:38:06.162791474, main.go:107] Running CmdStart
[DEBUG Mar  8 17:38:06.169773571, errs.go:75] Wrapped error: Service is already running -- with: valueF failed
[DEBUG Mar  8 17:38:06.169819332, errs.go:75] Wrapped error: valueF failed -- with: Could not store pid
[DEBUG Mar  8 17:38:06.169892812, errors.go:113] Wrapped input error: Could not store pid -- with: A State Service instance is already running in the background.
[DEBUG Mar  8 17:38:06.169904271, errs.go:75] Wrapped error: A State Service instance is already running in the background. -- with: Could not start serviceManager
[DEBUG Mar  8 17:38:06.169989453, client.go:128] Reporting event to 2 reporters: command-exit, state-svc start, 1
[DEBUG Mar  8 17:38:06.525831245, errs.go:75] Wrapped error: <nil> -- with: Could not start serviceManager: A State Service instance is already running in the background.: Could not store pid: valueF failed: Service is already running
[DEBUG Mar  8 17:38:06.525887392, main.go:61] state-svc errored out due to input: Could not start serviceManager: A State Service instance is already running in the background.: Could not store pid: valueF failed: Service is already running
