[DEBUG Aug  2 08:03:31.639820872, defaults.go:273] Args: [/home1/wangfeim/.local/ActiveState/StateTool/release/bin/state-svc start]
[DEBUG Aug  2 08:03:31.654319641, locale.go:38] Init
[DEBUG Aug  2 08:03:31.715019359, errs.go:68] Created error: File could not be found
[DEBUG Aug  2 08:03:31.718050734, errs.go:68] Created error: Not Recognized
[DEBUG Aug  2 08:03:31.739535634, errs.go:68] Created error: Secret not found
[DEBUG Aug  2 08:03:31.739598224, errs.go:68] Created error: Could not save keypair
[DEBUG Aug  2 08:03:31.739799774, errs.go:68] Created error: Build responded with error
[DEBUG Aug  2 08:03:31.739837547, errs.go:68] Created error: Unknown build type
[DEBUG Aug  2 08:03:31.740218907, errors.go:86] Wrapped localized error: <nil> -- with: The installed version of the State Tool Service does not match that of the client.
Please stop the service with [ACTIONABLE]state-svc stop[/RESET] and try your command again.
If this issue persists please reinstall the State Tool.

[DEBUG Aug  2 08:03:31.740266419, errs.go:68] Created error: no data
[DEBUG Aug  2 08:03:31.740316880, errs.go:68] Created error: member not found
[DEBUG Aug  2 08:03:31.740365588, errs.go:68] Created error: Commit count is unknowable
[DEBUG Aug  2 08:03:31.740408925, errs.go:68] Created error: No merge required
[DEBUG Aug  2 08:03:31.740639333, errs.go:68] Created error: Can't merge commit thats already in target commits history
[DEBUG Aug  2 08:03:31.740714465, errs.go:68] Created error: Bad expander name
[DEBUG Aug  2 08:03:31.740753977, errs.go:68] Created error: Expander has no handler
[DEBUG Aug  2 08:03:31.785618426, errs.go:68] Created error: Service is already running
[DEBUG Aug  2 08:03:31.810577350, secrets.go:35] Gcloud Secretmanager failed to initialize (ignore if you're not trying to use gcloud): google: could not find default credentials. See https://developers.google.com/accounts/docs/application-default-credentials for more information.
[DEBUG Aug  2 08:03:31.814074448, output.go:53] Requested outputer for 
[DEBUG Aug  2 08:03:31.814380081, output.go:58] Using Plain outputer
[DEBUG Aug  2 08:03:31.814898894, termutils.go:17] Cannot get terminal size: inappropriate ioctl for device
[DEBUG Aug  2 08:03:31.815054537, client.go:128] Reporting event to 2 reporters: run-command, state-svc start, 
[DEBUG Aug  2 08:03:31.816238580, main.go:107] Running CmdStart
[DEBUG Aug  2 08:03:31.822527250, errs.go:75] Wrapped error: Service is already running -- with: valueF failed
[DEBUG Aug  2 08:03:31.822587498, errs.go:75] Wrapped error: valueF failed -- with: Could not store pid
[DEBUG Aug  2 08:03:31.822667423, errors.go:113] Wrapped input error: Could not store pid -- with: A State Service instance is already running in the background.
[DEBUG Aug  2 08:03:31.822689251, errs.go:75] Wrapped error: A State Service instance is already running in the background. -- with: Could not start serviceManager
[DEBUG Aug  2 08:03:31.822774334, client.go:128] Reporting event to 2 reporters: command-exit, state-svc start, 1
[DEBUG Aug  2 08:03:32.203451145, errs.go:75] Wrapped error: <nil> -- with: Could not start serviceManager: A State Service instance is already running in the background.: Could not store pid: valueF failed: Service is already running
[DEBUG Aug  2 08:03:32.203509918, main.go:61] state-svc errored out due to input: Could not start serviceManager: A State Service instance is already running in the background.: Could not store pid: valueF failed: Service is already running
