[DEBUG Aug  2 07:49:20.128270603, defaults.go:273] Args: [/home1/wangfeim/.local/ActiveState/StateTool/release/bin/state-svc start]
[DEBUG Aug  2 07:49:20.141656083, locale.go:38] Init
[DEBUG Aug  2 07:49:20.199785018, errs.go:68] Created error: File could not be found
[DEBUG Aug  2 07:49:20.202730745, errs.go:68] Created error: Not Recognized
[DEBUG Aug  2 07:49:20.223603640, errs.go:68] Created error: Secret not found
[DEBUG Aug  2 07:49:20.223754381, errs.go:68] Created error: Could not save keypair
[DEBUG Aug  2 07:49:20.224306083, errs.go:68] Created error: Build responded with error
[DEBUG Aug  2 07:49:20.224426333, errs.go:68] Created error: Unknown build type
[DEBUG Aug  2 07:49:20.224616905, errors.go:86] Wrapped localized error: <nil> -- with: The installed version of the State Tool Service does not match that of the client.
Please stop the service with [ACTIONABLE]state-svc stop[/RESET] and try your command again.
If this issue persists please reinstall the State Tool.

[DEBUG Aug  2 07:49:20.224721256, errs.go:68] Created error: no data
[DEBUG Aug  2 07:49:20.224920097, errs.go:68] Created error: member not found
[DEBUG Aug  2 07:49:20.225004569, errs.go:68] Created error: Commit count is unknowable
[DEBUG Aug  2 07:49:20.225241313, errs.go:68] Created error: No merge required
[DEBUG Aug  2 07:49:20.225274213, errs.go:68] Created error: Can't merge commit thats already in target commits history
[DEBUG Aug  2 07:49:20.225307903, errs.go:68] Created error: Bad expander name
[DEBUG Aug  2 07:49:20.225334830, errs.go:68] Created error: Expander has no handler
[DEBUG Aug  2 07:49:20.226414513, errs.go:68] Created error: Service is already running
[DEBUG Aug  2 07:49:20.288709636, secrets.go:35] Gcloud Secretmanager failed to initialize (ignore if you're not trying to use gcloud): google: could not find default credentials. See https://developers.google.com/accounts/docs/application-default-credentials for more information.
[DEBUG Aug  2 07:49:20.293021391, output.go:53] Requested outputer for 
[DEBUG Aug  2 07:49:20.293044404, output.go:58] Using Plain outputer
[DEBUG Aug  2 07:49:20.293116879, termutils.go:17] Cannot get terminal size: inappropriate ioctl for device
[DEBUG Aug  2 07:49:20.293212207, client.go:128] Reporting event to 2 reporters: run-command, state-svc start, 
[DEBUG Aug  2 07:49:20.293266963, main.go:107] Running CmdStart
[DEBUG Aug  2 07:49:20.298954960, errs.go:75] Wrapped error: Service is already running -- with: valueF failed
[DEBUG Aug  2 07:49:20.299021155, errs.go:75] Wrapped error: valueF failed -- with: Could not store pid
[DEBUG Aug  2 07:49:20.299103059, errors.go:113] Wrapped input error: Could not store pid -- with: A State Service instance is already running in the background.
[DEBUG Aug  2 07:49:20.299118073, errs.go:75] Wrapped error: A State Service instance is already running in the background. -- with: Could not start serviceManager
[DEBUG Aug  2 07:49:20.299217114, client.go:128] Reporting event to 2 reporters: command-exit, state-svc start, 1
[DEBUG Aug  2 07:49:20.684888671, errs.go:75] Wrapped error: <nil> -- with: Could not start serviceManager: A State Service instance is already running in the background.: Could not store pid: valueF failed: Service is already running
[DEBUG Aug  2 07:49:20.684978990, main.go:61] state-svc errored out due to input: Could not start serviceManager: A State Service instance is already running in the background.: Could not store pid: valueF failed: Service is already running
