[DEBUG Aug  2 08:16:59.349101141, defaults.go:273] Args: [/home1/wangfeim/.local/ActiveState/StateTool/release/bin/state-svc start]
[DEBUG Aug  2 08:16:59.391196825, locale.go:38] Init
[DEBUG Aug  2 08:16:59.431733460, errs.go:68] Created error: File could not be found
[DEBUG Aug  2 08:16:59.434784857, errs.go:68] Created error: Not Recognized
[DEBUG Aug  2 08:16:59.484705448, errs.go:68] Created error: Secret not found
[DEBUG Aug  2 08:16:59.484771361, errs.go:68] Created error: Could not save keypair
[DEBUG Aug  2 08:16:59.484958649, errs.go:68] Created error: Build responded with error
[DEBUG Aug  2 08:16:59.484988499, errs.go:68] Created error: Unknown build type
[DEBUG Aug  2 08:16:59.485108360, errors.go:86] Wrapped localized error: <nil> -- with: The installed version of the State Tool Service does not match that of the client.
Please stop the service with [ACTIONABLE]state-svc stop[/RESET] and try your command again.
If this issue persists please reinstall the State Tool.

[DEBUG Aug  2 08:16:59.485122356, errs.go:68] Created error: no data
[DEBUG Aug  2 08:16:59.485148540, errs.go:68] Created error: member not found
[DEBUG Aug  2 08:16:59.485175216, errs.go:68] Created error: Commit count is unknowable
[DEBUG Aug  2 08:16:59.485200991, errs.go:68] Created error: No merge required
[DEBUG Aug  2 08:16:59.485223876, errs.go:68] Created error: Can't merge commit thats already in target commits history
[DEBUG Aug  2 08:16:59.485248881, errs.go:68] Created error: Bad expander name
[DEBUG Aug  2 08:16:59.485271207, errs.go:68] Created error: Expander has no handler
[DEBUG Aug  2 08:16:59.486392300, errs.go:68] Created error: Service is already running
[DEBUG Aug  2 08:16:59.512827477, secrets.go:35] Gcloud Secretmanager failed to initialize (ignore if you're not trying to use gcloud): google: could not find default credentials. See https://developers.google.com/accounts/docs/application-default-credentials for more information.
[DEBUG Aug  2 08:16:59.516059551, output.go:53] Requested outputer for 
[DEBUG Aug  2 08:16:59.516084107, output.go:58] Using Plain outputer
[DEBUG Aug  2 08:16:59.516160158, termutils.go:17] Cannot get terminal size: inappropriate ioctl for device
[DEBUG Aug  2 08:16:59.516306454, client.go:128] Reporting event to 2 reporters: run-command, state-svc start, 
[DEBUG Aug  2 08:16:59.516319525, main.go:107] Running CmdStart
[DEBUG Aug  2 08:16:59.522171287, errs.go:75] Wrapped error: Service is already running -- with: valueF failed
[DEBUG Aug  2 08:16:59.522238407, errs.go:75] Wrapped error: valueF failed -- with: Could not store pid
[DEBUG Aug  2 08:16:59.522319698, errors.go:113] Wrapped input error: Could not store pid -- with: A State Service instance is already running in the background.
[DEBUG Aug  2 08:16:59.522333621, errs.go:75] Wrapped error: A State Service instance is already running in the background. -- with: Could not start serviceManager
[DEBUG Aug  2 08:16:59.522393961, client.go:128] Reporting event to 2 reporters: command-exit, state-svc start, 1
[DEBUG Aug  2 08:16:59.889406701, errs.go:75] Wrapped error: <nil> -- with: Could not start serviceManager: A State Service instance is already running in the background.: Could not store pid: valueF failed: Service is already running
[DEBUG Aug  2 08:16:59.889492567, main.go:61] state-svc errored out due to input: Could not start serviceManager: A State Service instance is already running in the background.: Could not store pid: valueF failed: Service is already running
