[DEBUG Aug  2 07:39:51.911916509, defaults.go:273] Args: [/home1/wangfeim/.local/ActiveState/StateTool/release/bin/state-svc start]
[DEBUG Aug  2 07:39:51.925832580, locale.go:38] Init
[DEBUG Aug  2 07:39:52.001634896, errs.go:68] Created error: File could not be found
[DEBUG Aug  2 07:39:52.004694680, errs.go:68] Created error: Not Recognized
[DEBUG Aug  2 07:39:52.026373640, errs.go:68] Created error: Secret not found
[DEBUG Aug  2 07:39:52.026428922, errs.go:68] Created error: Could not save keypair
[DEBUG Aug  2 07:39:52.026613487, errs.go:68] Created error: Build responded with error
[DEBUG Aug  2 07:39:52.026643067, errs.go:68] Created error: Unknown build type
[DEBUG Aug  2 07:39:52.026785475, errors.go:86] Wrapped localized error: <nil> -- with: The installed version of the State Tool Service does not match that of the client.
Please stop the service with [ACTIONABLE]state-svc stop[/RESET] and try your command again.
If this issue persists please reinstall the State Tool.

[DEBUG Aug  2 07:39:52.026802197, errs.go:68] Created error: no data
[DEBUG Aug  2 07:39:52.026826739, errs.go:68] Created error: member not found
[DEBUG Aug  2 07:39:52.026850185, errs.go:68] Created error: Commit count is unknowable
[DEBUG Aug  2 07:39:52.026879694, errs.go:68] Created error: No merge required
[DEBUG Aug  2 07:39:52.026903630, errs.go:68] Created error: Can't merge commit thats already in target commits history
[DEBUG Aug  2 07:39:52.026928743, errs.go:68] Created error: Bad expander name
[DEBUG Aug  2 07:39:52.026950728, errs.go:68] Created error: Expander has no handler
[DEBUG Aug  2 07:39:52.028167143, errs.go:68] Created error: Service is already running
[DEBUG Aug  2 07:39:52.062844253, secrets.go:35] Gcloud Secretmanager failed to initialize (ignore if you're not trying to use gcloud): google: could not find default credentials. See https://developers.google.com/accounts/docs/application-default-credentials for more information.
[DEBUG Aug  2 07:39:52.068626773, output.go:53] Requested outputer for 
[DEBUG Aug  2 07:39:52.068652041, output.go:58] Using Plain outputer
[DEBUG Aug  2 07:39:52.068728234, termutils.go:17] Cannot get terminal size: inappropriate ioctl for device
[DEBUG Aug  2 07:39:52.068757785, client.go:128] Reporting event to 2 reporters: run-command, state-svc start, 
[DEBUG Aug  2 07:39:52.068898321, main.go:107] Running CmdStart
[DEBUG Aug  2 07:39:52.074946933, errs.go:75] Wrapped error: Service is already running -- with: valueF failed
[DEBUG Aug  2 07:39:52.075013411, errs.go:75] Wrapped error: valueF failed -- with: Could not store pid
[DEBUG Aug  2 07:39:52.075087292, errors.go:113] Wrapped input error: Could not store pid -- with: A State Service instance is already running in the background.
[DEBUG Aug  2 07:39:52.075102941, errs.go:75] Wrapped error: A State Service instance is already running in the background. -- with: Could not start serviceManager
[DEBUG Aug  2 07:39:52.075190295, client.go:128] Reporting event to 2 reporters: command-exit, state-svc start, 1
[DEBUG Aug  2 07:39:52.408670112, errs.go:75] Wrapped error: <nil> -- with: Could not start serviceManager: A State Service instance is already running in the background.: Could not store pid: valueF failed: Service is already running
[DEBUG Aug  2 07:39:52.408743876, main.go:61] state-svc errored out due to input: Could not start serviceManager: A State Service instance is already running in the background.: Could not store pid: valueF failed: Service is already running
