[DEBUG Aug  2 07:46:47.858467285, defaults.go:273] Args: [/home1/wangfeim/.local/ActiveState/StateTool/release/bin/state-svc start]
[DEBUG Aug  2 07:46:47.873082453, locale.go:38] Init
[DEBUG Aug  2 07:46:48.004708513, errs.go:68] Created error: File could not be found
[DEBUG Aug  2 07:46:48.007777163, errs.go:68] Created error: Not Recognized
[DEBUG Aug  2 07:46:48.028623084, errs.go:68] Created error: Secret not found
[DEBUG Aug  2 07:46:48.028678189, errs.go:68] Created error: Could not save keypair
[DEBUG Aug  2 07:46:48.028874807, errs.go:68] Created error: Build responded with error
[DEBUG Aug  2 07:46:48.028909453, errs.go:68] Created error: Unknown build type
[DEBUG Aug  2 07:46:48.029023187, errors.go:86] Wrapped localized error: <nil> -- with: The installed version of the State Tool Service does not match that of the client.
Please stop the service with [ACTIONABLE]state-svc stop[/RESET] and try your command again.
If this issue persists please reinstall the State Tool.

[DEBUG Aug  2 07:46:48.029036880, errs.go:68] Created error: no data
[DEBUG Aug  2 07:46:48.029063903, errs.go:68] Created error: member not found
[DEBUG Aug  2 07:46:48.029088341, errs.go:68] Created error: Commit count is unknowable
[DEBUG Aug  2 07:46:48.029113232, errs.go:68] Created error: No merge required
[DEBUG Aug  2 07:46:48.029139469, errs.go:68] Created error: Can't merge commit thats already in target commits history
[DEBUG Aug  2 07:46:48.029164296, errs.go:68] Created error: Bad expander name
[DEBUG Aug  2 07:46:48.029186668, errs.go:68] Created error: Expander has no handler
[DEBUG Aug  2 07:46:48.032464492, errs.go:68] Created error: Service is already running
[DEBUG Aug  2 07:46:48.113035988, secrets.go:35] Gcloud Secretmanager failed to initialize (ignore if you're not trying to use gcloud): google: could not find default credentials. See https://developers.google.com/accounts/docs/application-default-credentials for more information.
[DEBUG Aug  2 07:46:48.116782522, output.go:53] Requested outputer for 
[DEBUG Aug  2 07:46:48.116804243, output.go:58] Using Plain outputer
[DEBUG Aug  2 07:46:48.116862040, termutils.go:17] Cannot get terminal size: inappropriate ioctl for device
[DEBUG Aug  2 07:46:48.117007494, client.go:128] Reporting event to 2 reporters: run-command, state-svc start, 
[DEBUG Aug  2 07:46:48.117013746, main.go:107] Running CmdStart
[DEBUG Aug  2 07:46:48.122276177, errs.go:75] Wrapped error: Service is already running -- with: valueF failed
[DEBUG Aug  2 07:46:48.122343096, errs.go:75] Wrapped error: valueF failed -- with: Could not store pid
[DEBUG Aug  2 07:46:48.122424412, errors.go:113] Wrapped input error: Could not store pid -- with: A State Service instance is already running in the background.
[DEBUG Aug  2 07:46:48.122447179, errs.go:75] Wrapped error: A State Service instance is already running in the background. -- with: Could not start serviceManager
[DEBUG Aug  2 07:46:48.122545722, client.go:128] Reporting event to 2 reporters: command-exit, state-svc start, 1
[DEBUG Aug  2 07:46:48.494967553, errs.go:75] Wrapped error: <nil> -- with: Could not start serviceManager: A State Service instance is already running in the background.: Could not store pid: valueF failed: Service is already running
[DEBUG Aug  2 07:46:48.495035242, main.go:61] state-svc errored out due to input: Could not start serviceManager: A State Service instance is already running in the background.: Could not store pid: valueF failed: Service is already running
