[DEBUG Aug  2 08:16:00.614512918, defaults.go:273] Args: [/home1/wangfeim/.local/ActiveState/StateTool/release/bin/state-svc start]
[DEBUG Aug  2 08:16:00.629650372, locale.go:38] Init
[DEBUG Aug  2 08:16:00.997564490, errs.go:68] Created error: File could not be found
[DEBUG Aug  2 08:16:01.000740643, errs.go:68] Created error: Not Recognized
[DEBUG Aug  2 08:16:01.020961757, errs.go:68] Created error: Secret not found
[DEBUG Aug  2 08:16:01.021081634, errs.go:68] Created error: Could not save keypair
[DEBUG Aug  2 08:16:01.021722989, errs.go:68] Created error: Build responded with error
[DEBUG Aug  2 08:16:01.021853387, errs.go:68] Created error: Unknown build type
[DEBUG Aug  2 08:16:01.022021962, errors.go:86] Wrapped localized error: <nil> -- with: The installed version of the State Tool Service does not match that of the client.
Please stop the service with [ACTIONABLE]state-svc stop[/RESET] and try your command again.
If this issue persists please reinstall the State Tool.

[DEBUG Aug  2 08:16:01.022125146, errs.go:68] Created error: no data
[DEBUG Aug  2 08:16:01.022288925, errs.go:68] Created error: member not found
[DEBUG Aug  2 08:16:01.022620736, errs.go:68] Created error: Commit count is unknowable
[DEBUG Aug  2 08:16:01.022663880, errs.go:68] Created error: No merge required
[DEBUG Aug  2 08:16:01.022694128, errs.go:68] Created error: Can't merge commit thats already in target commits history
[DEBUG Aug  2 08:16:01.022724905, errs.go:68] Created error: Bad expander name
[DEBUG Aug  2 08:16:01.022750981, errs.go:68] Created error: Expander has no handler
[DEBUG Aug  2 08:16:01.023921341, errs.go:68] Created error: Service is already running
[DEBUG Aug  2 08:16:01.055275180, secrets.go:35] Gcloud Secretmanager failed to initialize (ignore if you're not trying to use gcloud): google: could not find default credentials. See https://developers.google.com/accounts/docs/application-default-credentials for more information.
[DEBUG Aug  2 08:16:01.060852891, output.go:53] Requested outputer for 
[DEBUG Aug  2 08:16:01.060874728, output.go:58] Using Plain outputer
[DEBUG Aug  2 08:16:01.060942235, termutils.go:17] Cannot get terminal size: inappropriate ioctl for device
[DEBUG Aug  2 08:16:01.061089525, client.go:128] Reporting event to 2 reporters: run-command, state-svc start, 
[DEBUG Aug  2 08:16:01.061176554, main.go:107] Running CmdStart
[DEBUG Aug  2 08:16:01.067632683, errs.go:75] Wrapped error: Service is already running -- with: valueF failed
[DEBUG Aug  2 08:16:01.067703598, errs.go:75] Wrapped error: valueF failed -- with: Could not store pid
[DEBUG Aug  2 08:16:01.067780687, errors.go:113] Wrapped input error: Could not store pid -- with: A State Service instance is already running in the background.
[DEBUG Aug  2 08:16:01.067796241, errs.go:75] Wrapped error: A State Service instance is already running in the background. -- with: Could not start serviceManager
[DEBUG Aug  2 08:16:01.067895753, client.go:128] Reporting event to 2 reporters: command-exit, state-svc start, 1
[DEBUG Aug  2 08:16:01.399436966, errs.go:75] Wrapped error: <nil> -- with: Could not start serviceManager: A State Service instance is already running in the background.: Could not store pid: valueF failed: Service is already running
[DEBUG Aug  2 08:16:01.399518209, main.go:61] state-svc errored out due to input: Could not start serviceManager: A State Service instance is already running in the background.: Could not store pid: valueF failed: Service is already running
