[DEBUG Aug  2 08:07:39.451095769, defaults.go:273] Args: [/home1/wangfeim/.local/ActiveState/StateTool/release/bin/state-svc start]
[DEBUG Aug  2 08:07:39.465402711, locale.go:38] Init
[DEBUG Aug  2 08:07:39.601875159, errs.go:68] Created error: File could not be found
[DEBUG Aug  2 08:07:39.605241368, errs.go:68] Created error: Not Recognized
[DEBUG Aug  2 08:07:39.627038551, errs.go:68] Created error: Secret not found
[DEBUG Aug  2 08:07:39.627107658, errs.go:68] Created error: Could not save keypair
[DEBUG Aug  2 08:07:39.627374348, errs.go:68] Created error: Build responded with error
[DEBUG Aug  2 08:07:39.627418587, errs.go:68] Created error: Unknown build type
[DEBUG Aug  2 08:07:39.627595355, errors.go:86] Wrapped localized error: <nil> -- with: The installed version of the State Tool Service does not match that of the client.
Please stop the service with [ACTIONABLE]state-svc stop[/RESET] and try your command again.
If this issue persists please reinstall the State Tool.

[DEBUG Aug  2 08:07:39.627619894, errs.go:68] Created error: no data
[DEBUG Aug  2 08:07:39.627654286, errs.go:68] Created error: member not found
[DEBUG Aug  2 08:07:39.627684453, errs.go:68] Created error: Commit count is unknowable
[DEBUG Aug  2 08:07:39.627735464, errs.go:68] Created error: No merge required
[DEBUG Aug  2 08:07:39.627769943, errs.go:68] Created error: Can't merge commit thats already in target commits history
[DEBUG Aug  2 08:07:39.627805474, errs.go:68] Created error: Bad expander name
[DEBUG Aug  2 08:07:39.627852529, errs.go:68] Created error: Expander has no handler
[DEBUG Aug  2 08:07:39.629104912, errs.go:68] Created error: Service is already running
[DEBUG Aug  2 08:07:39.693382407, secrets.go:35] Gcloud Secretmanager failed to initialize (ignore if you're not trying to use gcloud): google: could not find default credentials. See https://developers.google.com/accounts/docs/application-default-credentials for more information.
[DEBUG Aug  2 08:07:39.696617991, output.go:53] Requested outputer for 
[DEBUG Aug  2 08:07:39.696642481, output.go:58] Using Plain outputer
[DEBUG Aug  2 08:07:39.696746107, termutils.go:17] Cannot get terminal size: inappropriate ioctl for device
[DEBUG Aug  2 08:07:39.696896924, client.go:128] Reporting event to 2 reporters: run-command, state-svc start, 
[DEBUG Aug  2 08:07:39.696903046, main.go:107] Running CmdStart
[DEBUG Aug  2 08:07:39.704702315, errs.go:75] Wrapped error: Service is already running -- with: valueF failed
[DEBUG Aug  2 08:07:39.704769288, errs.go:75] Wrapped error: valueF failed -- with: Could not store pid
[DEBUG Aug  2 08:07:39.704847923, errors.go:113] Wrapped input error: Could not store pid -- with: A State Service instance is already running in the background.
[DEBUG Aug  2 08:07:39.704863057, errs.go:75] Wrapped error: A State Service instance is already running in the background. -- with: Could not start serviceManager
[DEBUG Aug  2 08:07:39.704931950, client.go:128] Reporting event to 2 reporters: command-exit, state-svc start, 1
[DEBUG Aug  2 08:07:40.036179495, errs.go:75] Wrapped error: <nil> -- with: Could not start serviceManager: A State Service instance is already running in the background.: Could not store pid: valueF failed: Service is already running
[DEBUG Aug  2 08:07:40.036244697, main.go:61] state-svc errored out due to input: Could not start serviceManager: A State Service instance is already running in the background.: Could not store pid: valueF failed: Service is already running
