[DEBUG Aug  2 08:00:46.024001901, defaults.go:273] Args: [/home1/wangfeim/.local/ActiveState/StateTool/release/bin/state-svc start]
[DEBUG Aug  2 08:00:46.037767496, locale.go:38] Init
[DEBUG Aug  2 08:00:46.973503439, errs.go:68] Created error: File could not be found
[DEBUG Aug  2 08:00:46.976932277, errs.go:68] Created error: Not Recognized
[DEBUG Aug  2 08:00:46.999606018, errs.go:68] Created error: Secret not found
[DEBUG Aug  2 08:00:46.999666366, errs.go:68] Created error: Could not save keypair
[DEBUG Aug  2 08:00:46.999846680, errs.go:68] Created error: Build responded with error
[DEBUG Aug  2 08:00:46.999881716, errs.go:68] Created error: Unknown build type
[DEBUG Aug  2 08:00:47.000011161, errors.go:86] Wrapped localized error: <nil> -- with: The installed version of the State Tool Service does not match that of the client.
Please stop the service with [ACTIONABLE]state-svc stop[/RESET] and try your command again.
If this issue persists please reinstall the State Tool.

[DEBUG Aug  2 08:00:47.000027470, errs.go:68] Created error: no data
[DEBUG Aug  2 08:00:47.000054990, errs.go:68] Created error: member not found
[DEBUG Aug  2 08:00:47.000080994, errs.go:68] Created error: Commit count is unknowable
[DEBUG Aug  2 08:00:47.000105661, errs.go:68] Created error: No merge required
[DEBUG Aug  2 08:00:47.000129632, errs.go:68] Created error: Can't merge commit thats already in target commits history
[DEBUG Aug  2 08:00:47.000154406, errs.go:68] Created error: Bad expander name
[DEBUG Aug  2 08:00:47.000178485, errs.go:68] Created error: Expander has no handler
[DEBUG Aug  2 08:00:47.001364607, errs.go:68] Created error: Service is already running
[DEBUG Aug  2 08:00:47.034980215, secrets.go:35] Gcloud Secretmanager failed to initialize (ignore if you're not trying to use gcloud): google: could not find default credentials. See https://developers.google.com/accounts/docs/application-default-credentials for more information.
[DEBUG Aug  2 08:00:47.085719963, output.go:53] Requested outputer for 
[DEBUG Aug  2 08:00:47.085747045, output.go:58] Using Plain outputer
[DEBUG Aug  2 08:00:47.085823265, termutils.go:17] Cannot get terminal size: inappropriate ioctl for device
[DEBUG Aug  2 08:00:47.085960091, client.go:128] Reporting event to 2 reporters: run-command, state-svc start, 
[DEBUG Aug  2 08:00:47.086007148, main.go:107] Running CmdStart
[DEBUG Aug  2 08:00:47.092509444, errs.go:75] Wrapped error: Service is already running -- with: valueF failed
[DEBUG Aug  2 08:00:47.092585632, errs.go:75] Wrapped error: valueF failed -- with: Could not store pid
[DEBUG Aug  2 08:00:47.092665440, errors.go:113] Wrapped input error: Could not store pid -- with: A State Service instance is already running in the background.
[DEBUG Aug  2 08:00:47.092680140, errs.go:75] Wrapped error: A State Service instance is already running in the background. -- with: Could not start serviceManager
[DEBUG Aug  2 08:00:47.092793708, client.go:128] Reporting event to 2 reporters: command-exit, state-svc start, 1
[DEBUG Aug  2 08:00:47.454040401, errs.go:75] Wrapped error: <nil> -- with: Could not start serviceManager: A State Service instance is already running in the background.: Could not store pid: valueF failed: Service is already running
[DEBUG Aug  2 08:00:47.454127777, main.go:61] state-svc errored out due to input: Could not start serviceManager: A State Service instance is already running in the background.: Could not store pid: valueF failed: Service is already running
