[DEBUG Aug  2 07:39:37.342087946, defaults.go:273] Args: [/home1/wangfeim/.local/ActiveState/StateTool/release/bin/state-svc start]
[DEBUG Aug  2 07:39:37.355214334, locale.go:38] Init
[DEBUG Aug  2 07:39:37.402330933, errs.go:68] Created error: File could not be found
[DEBUG Aug  2 07:39:37.405492672, errs.go:68] Created error: Not Recognized
[DEBUG Aug  2 07:39:37.426413001, errs.go:68] Created error: Secret not found
[DEBUG Aug  2 07:39:37.426467037, errs.go:68] Created error: Could not save keypair
[DEBUG Aug  2 07:39:37.426636301, errs.go:68] Created error: Build responded with error
[DEBUG Aug  2 07:39:37.426668063, errs.go:68] Created error: Unknown build type
[DEBUG Aug  2 07:39:37.426794242, errors.go:86] Wrapped localized error: <nil> -- with: The installed version of the State Tool Service does not match that of the client.
Please stop the service with [ACTIONABLE]state-svc stop[/RESET] and try your command again.
If this issue persists please reinstall the State Tool.

[DEBUG Aug  2 07:39:37.426809040, errs.go:68] Created error: no data
[DEBUG Aug  2 07:39:37.426836933, errs.go:68] Created error: member not found
[DEBUG Aug  2 07:39:37.426858772, errs.go:68] Created error: Commit count is unknowable
[DEBUG Aug  2 07:39:37.426891481, errs.go:68] Created error: No merge required
[DEBUG Aug  2 07:39:37.426913223, errs.go:68] Created error: Can't merge commit thats already in target commits history
[DEBUG Aug  2 07:39:37.426936211, errs.go:68] Created error: Bad expander name
[DEBUG Aug  2 07:39:37.426956941, errs.go:68] Created error: Expander has no handler
[DEBUG Aug  2 07:39:37.428210003, errs.go:68] Created error: Service is already running
[DEBUG Aug  2 07:39:37.489729942, secrets.go:35] Gcloud Secretmanager failed to initialize (ignore if you're not trying to use gcloud): google: could not find default credentials. See https://developers.google.com/accounts/docs/application-default-credentials for more information.
[DEBUG Aug  2 07:39:37.493843445, output.go:53] Requested outputer for 
[DEBUG Aug  2 07:39:37.493865023, output.go:58] Using Plain outputer
[DEBUG Aug  2 07:39:37.493935812, termutils.go:17] Cannot get terminal size: inappropriate ioctl for device
[DEBUG Aug  2 07:39:37.494035736, client.go:128] Reporting event to 2 reporters: run-command, state-svc start, 
[DEBUG Aug  2 07:39:37.494200640, main.go:107] Running CmdStart
[DEBUG Aug  2 07:39:37.500168620, errs.go:75] Wrapped error: Service is already running -- with: valueF failed
[DEBUG Aug  2 07:39:37.500227939, errs.go:75] Wrapped error: valueF failed -- with: Could not store pid
[DEBUG Aug  2 07:39:37.500296642, errors.go:113] Wrapped input error: Could not store pid -- with: A State Service instance is already running in the background.
[DEBUG Aug  2 07:39:37.500309769, errs.go:75] Wrapped error: A State Service instance is already running in the background. -- with: Could not start serviceManager
[DEBUG Aug  2 07:39:37.500385186, client.go:128] Reporting event to 2 reporters: command-exit, state-svc start, 1
[DEBUG Aug  2 07:39:37.823804467, errs.go:75] Wrapped error: <nil> -- with: Could not start serviceManager: A State Service instance is already running in the background.: Could not store pid: valueF failed: Service is already running
[DEBUG Aug  2 07:39:37.823875901, main.go:61] state-svc errored out due to input: Could not start serviceManager: A State Service instance is already running in the background.: Could not store pid: valueF failed: Service is already running
