[DEBUG Aug  2 08:19:57.479415185, defaults.go:273] Args: [/home1/wangfeim/.local/ActiveState/StateTool/release/bin/state-svc start]
[DEBUG Aug  2 08:19:57.492846567, locale.go:38] Init
[DEBUG Aug  2 08:19:58.390947611, errs.go:68] Created error: File could not be found
[DEBUG Aug  2 08:19:58.394428610, errs.go:68] Created error: Not Recognized
[DEBUG Aug  2 08:19:58.418022113, errs.go:68] Created error: Secret not found
[DEBUG Aug  2 08:19:58.418086496, errs.go:68] Created error: Could not save keypair
[DEBUG Aug  2 08:19:58.418267888, errs.go:68] Created error: Build responded with error
[DEBUG Aug  2 08:19:58.418304156, errs.go:68] Created error: Unknown build type
[DEBUG Aug  2 08:19:58.418429260, errors.go:86] Wrapped localized error: <nil> -- with: The installed version of the State Tool Service does not match that of the client.
Please stop the service with [ACTIONABLE]state-svc stop[/RESET] and try your command again.
If this issue persists please reinstall the State Tool.

[DEBUG Aug  2 08:19:58.418447294, errs.go:68] Created error: no data
[DEBUG Aug  2 08:19:58.418483191, errs.go:68] Created error: member not found
[DEBUG Aug  2 08:19:58.418508841, errs.go:68] Created error: Commit count is unknowable
[DEBUG Aug  2 08:19:58.418549705, errs.go:68] Created error: No merge required
[DEBUG Aug  2 08:19:58.418577004, errs.go:68] Created error: Can't merge commit thats already in target commits history
[DEBUG Aug  2 08:19:58.418603457, errs.go:68] Created error: Bad expander name
[DEBUG Aug  2 08:19:58.418628409, errs.go:68] Created error: Expander has no handler
[DEBUG Aug  2 08:19:58.419758323, errs.go:68] Created error: Service is already running
[DEBUG Aug  2 08:19:58.513193506, secrets.go:35] Gcloud Secretmanager failed to initialize (ignore if you're not trying to use gcloud): google: could not find default credentials. See https://developers.google.com/accounts/docs/application-default-credentials for more information.
[DEBUG Aug  2 08:19:58.516392397, output.go:53] Requested outputer for 
[DEBUG Aug  2 08:19:58.516412224, output.go:58] Using Plain outputer
[DEBUG Aug  2 08:19:58.516482231, termutils.go:17] Cannot get terminal size: inappropriate ioctl for device
[DEBUG Aug  2 08:19:58.516578244, client.go:128] Reporting event to 2 reporters: run-command, state-svc start, 
[DEBUG Aug  2 08:19:58.516668049, main.go:107] Running CmdStart
[DEBUG Aug  2 08:19:58.522942873, errs.go:75] Wrapped error: Service is already running -- with: valueF failed
[DEBUG Aug  2 08:19:58.523012208, errs.go:75] Wrapped error: valueF failed -- with: Could not store pid
[DEBUG Aug  2 08:19:58.523094767, errors.go:113] Wrapped input error: Could not store pid -- with: A State Service instance is already running in the background.
[DEBUG Aug  2 08:19:58.523109143, errs.go:75] Wrapped error: A State Service instance is already running in the background. -- with: Could not start serviceManager
[DEBUG Aug  2 08:19:58.523189770, client.go:128] Reporting event to 2 reporters: command-exit, state-svc start, 1
[DEBUG Aug  2 08:19:58.902675171, errs.go:75] Wrapped error: <nil> -- with: Could not start serviceManager: A State Service instance is already running in the background.: Could not store pid: valueF failed: Service is already running
[DEBUG Aug  2 08:19:58.902733997, main.go:61] state-svc errored out due to input: Could not start serviceManager: A State Service instance is already running in the background.: Could not store pid: valueF failed: Service is already running
