[DEBUG Aug  2 08:15:35.025868952, defaults.go:273] Args: [/home1/wangfeim/.local/ActiveState/StateTool/release/bin/state-svc start]
[DEBUG Aug  2 08:15:35.040032776, locale.go:38] Init
[DEBUG Aug  2 08:15:35.764709257, errs.go:68] Created error: File could not be found
[DEBUG Aug  2 08:15:35.767875309, errs.go:68] Created error: Not Recognized
[DEBUG Aug  2 08:15:35.790919635, errs.go:68] Created error: Secret not found
[DEBUG Aug  2 08:15:35.790975644, errs.go:68] Created error: Could not save keypair
[DEBUG Aug  2 08:15:35.791149651, errs.go:68] Created error: Build responded with error
[DEBUG Aug  2 08:15:35.791178687, errs.go:68] Created error: Unknown build type
[DEBUG Aug  2 08:15:35.791305860, errors.go:86] Wrapped localized error: <nil> -- with: The installed version of the State Tool Service does not match that of the client.
Please stop the service with [ACTIONABLE]state-svc stop[/RESET] and try your command again.
If this issue persists please reinstall the State Tool.

[DEBUG Aug  2 08:15:35.791322103, errs.go:68] Created error: no data
[DEBUG Aug  2 08:15:35.791353447, errs.go:68] Created error: member not found
[DEBUG Aug  2 08:15:35.791388391, errs.go:68] Created error: Commit count is unknowable
[DEBUG Aug  2 08:15:35.791413983, errs.go:68] Created error: No merge required
[DEBUG Aug  2 08:15:35.791437405, errs.go:68] Created error: Can't merge commit thats already in target commits history
[DEBUG Aug  2 08:15:35.791461546, errs.go:68] Created error: Bad expander name
[DEBUG Aug  2 08:15:35.791484838, errs.go:68] Created error: Expander has no handler
[DEBUG Aug  2 08:15:35.792651323, errs.go:68] Created error: Service is already running
[DEBUG Aug  2 08:15:35.825027097, secrets.go:35] Gcloud Secretmanager failed to initialize (ignore if you're not trying to use gcloud): google: could not find default credentials. See https://developers.google.com/accounts/docs/application-default-credentials for more information.
[DEBUG Aug  2 08:15:35.828250221, output.go:53] Requested outputer for 
[DEBUG Aug  2 08:15:35.828274623, output.go:58] Using Plain outputer
[DEBUG Aug  2 08:15:35.828338086, termutils.go:17] Cannot get terminal size: inappropriate ioctl for device
[DEBUG Aug  2 08:15:35.828431219, client.go:128] Reporting event to 2 reporters: run-command, state-svc start, 
[DEBUG Aug  2 08:15:35.828465054, main.go:107] Running CmdStart
[DEBUG Aug  2 08:15:35.833924863, errs.go:75] Wrapped error: Service is already running -- with: valueF failed
[DEBUG Aug  2 08:15:35.833982589, errs.go:75] Wrapped error: valueF failed -- with: Could not store pid
[DEBUG Aug  2 08:15:35.834052134, errors.go:113] Wrapped input error: Could not store pid -- with: A State Service instance is already running in the background.
[DEBUG Aug  2 08:15:35.834066262, errs.go:75] Wrapped error: A State Service instance is already running in the background. -- with: Could not start serviceManager
[DEBUG Aug  2 08:15:35.834127011, client.go:128] Reporting event to 2 reporters: command-exit, state-svc start, 1
[DEBUG Aug  2 08:15:36.204141660, errs.go:75] Wrapped error: <nil> -- with: Could not start serviceManager: A State Service instance is already running in the background.: Could not store pid: valueF failed: Service is already running
[DEBUG Aug  2 08:15:36.204207791, main.go:61] state-svc errored out due to input: Could not start serviceManager: A State Service instance is already running in the background.: Could not store pid: valueF failed: Service is already running
