[DEBUG Sep 17 07:34:27.415427485, errs.go:68] Created error: File could not be found
[DEBUG Sep 17 07:34:27.421309631, errs.go:68] Created error: Not Recognized
[DEBUG Sep 17 07:34:27.415543470, log.go:184] Rollbar error: empty token

[DEBUG Sep 17 07:34:27.456135660, errs.go:68] Created error: Secret not found
[DEBUG Sep 17 07:34:27.456352163, errs.go:68] Created error: Could not save keypair
[DEBUG Sep 17 07:34:27.457217855, errs.go:68] Created error: Build responded with error
[DEBUG Sep 17 07:34:27.457357353, errs.go:68] Created error: Unknown build type
[DEBUG Sep 17 07:34:27.457610780, errors.go:86] Wrapped localized error: <nil> -- with: The installed version of the State Tool Service does not match that of the client.
Please stop the service with [ACTIONABLE]state-svc stop[/RESET] and try your command again.
If this issue persists please reinstall the State Tool.

[DEBUG Sep 17 07:34:27.457699407, errs.go:68] Created error: no data
[DEBUG Sep 17 07:34:27.457754675, errs.go:68] Created error: member not found
[DEBUG Sep 17 07:34:27.457857826, errs.go:68] Created error: Commit count is unknowable
[DEBUG Sep 17 07:34:27.458314392, errs.go:68] Created error: No merge required
[DEBUG Sep 17 07:34:27.458381742, errs.go:68] Created error: Can't merge commit thats already in target commits history
[DEBUG Sep 17 07:34:27.458550450, errs.go:68] Created error: Bad expander name
[DEBUG Sep 17 07:34:27.458602220, errs.go:68] Created error: Expander has no handler
[DEBUG Sep 17 07:34:27.463411559, errs.go:68] Created error: Service is already running
[DEBUG Sep 17 07:34:27.529141764, secrets.go:35] Gcloud Secretmanager failed to initialize (ignore if you're not trying to use gcloud): google: could not find default credentials. See https://developers.google.com/accounts/docs/application-default-credentials for more information.
[DEBUG Sep 17 07:34:27.543262244, output.go:53] Requested outputer for 
[DEBUG Sep 17 07:34:27.543282799, output.go:58] Using Plain outputer
[DEBUG Sep 17 07:34:27.543528439, termutils.go:17] Cannot get terminal size: inappropriate ioctl for device
[DEBUG Sep 17 07:34:27.543743226, main.go:137] Running CmdForeground
[DEBUG Sep 17 07:34:27.543761960, main.go:147] Running in Foreground
[DEBUG Sep 17 07:34:27.543794043, client.go:128] Reporting event to 2 reporters: run-command, state-svc foreground, 
[DEBUG Sep 17 07:34:27.544078469, service.go:30] service:Start
