[DEBUG Aug  2 07:45:42.998660647, defaults.go:273] Args: [/home1/wangfeim/.local/ActiveState/StateTool/release/bin/state-svc start]
[DEBUG Aug  2 07:45:43.016465887, locale.go:38] Init
[DEBUG Aug  2 07:45:43.086057543, errs.go:68] Created error: File could not be found
[DEBUG Aug  2 07:45:43.089306078, errs.go:68] Created error: Not Recognized
[DEBUG Aug  2 07:45:43.112489876, errs.go:68] Created error: Secret not found
[DEBUG Aug  2 07:45:43.112553812, errs.go:68] Created error: Could not save keypair
[DEBUG Aug  2 07:45:43.112725304, errs.go:68] Created error: Build responded with error
[DEBUG Aug  2 07:45:43.112752065, errs.go:68] Created error: Unknown build type
[DEBUG Aug  2 07:45:43.112866157, errors.go:86] Wrapped localized error: <nil> -- with: The installed version of the State Tool Service does not match that of the client.
Please stop the service with [ACTIONABLE]state-svc stop[/RESET] and try your command again.
If this issue persists please reinstall the State Tool.

[DEBUG Aug  2 07:45:43.112880416, errs.go:68] Created error: no data
[DEBUG Aug  2 07:45:43.112905866, errs.go:68] Created error: member not found
[DEBUG Aug  2 07:45:43.112932581, errs.go:68] Created error: Commit count is unknowable
[DEBUG Aug  2 07:45:43.112954350, errs.go:68] Created error: No merge required
[DEBUG Aug  2 07:45:43.112976380, errs.go:68] Created error: Can't merge commit thats already in target commits history
[DEBUG Aug  2 07:45:43.112999915, errs.go:68] Created error: Bad expander name
[DEBUG Aug  2 07:45:43.113022096, errs.go:68] Created error: Expander has no handler
[DEBUG Aug  2 07:45:43.114124885, errs.go:68] Created error: Service is already running
[DEBUG Aug  2 07:45:43.195556918, secrets.go:35] Gcloud Secretmanager failed to initialize (ignore if you're not trying to use gcloud): google: could not find default credentials. See https://developers.google.com/accounts/docs/application-default-credentials for more information.
[DEBUG Aug  2 07:45:43.198985537, output.go:53] Requested outputer for 
[DEBUG Aug  2 07:45:43.199007737, output.go:58] Using Plain outputer
[DEBUG Aug  2 07:45:43.199091896, termutils.go:17] Cannot get terminal size: inappropriate ioctl for device
[DEBUG Aug  2 07:45:43.199229126, client.go:128] Reporting event to 2 reporters: run-command, state-svc start, 
[DEBUG Aug  2 07:45:43.199276258, main.go:107] Running CmdStart
[DEBUG Aug  2 07:45:43.205091271, errs.go:75] Wrapped error: Service is already running -- with: valueF failed
[DEBUG Aug  2 07:45:43.205162466, errs.go:75] Wrapped error: valueF failed -- with: Could not store pid
[DEBUG Aug  2 07:45:43.205251382, errors.go:113] Wrapped input error: Could not store pid -- with: A State Service instance is already running in the background.
[DEBUG Aug  2 07:45:43.205265633, errs.go:75] Wrapped error: A State Service instance is already running in the background. -- with: Could not start serviceManager
[DEBUG Aug  2 07:45:43.205436434, client.go:128] Reporting event to 2 reporters: command-exit, state-svc start, 1
[DEBUG Aug  2 07:45:43.589346055, errs.go:75] Wrapped error: <nil> -- with: Could not start serviceManager: A State Service instance is already running in the background.: Could not store pid: valueF failed: Service is already running
[DEBUG Aug  2 07:45:43.589430653, main.go:61] state-svc errored out due to input: Could not start serviceManager: A State Service instance is already running in the background.: Could not store pid: valueF failed: Service is already running
