[DEBUG Aug  2 08:03:00.728602426, defaults.go:273] Args: [/home1/wangfeim/.local/ActiveState/StateTool/release/bin/state-svc start]
[DEBUG Aug  2 08:03:00.743482354, locale.go:38] Init
[DEBUG Aug  2 08:03:00.837988804, errs.go:68] Created error: File could not be found
[DEBUG Aug  2 08:03:00.840878271, errs.go:68] Created error: Not Recognized
[DEBUG Aug  2 08:03:00.861823605, errs.go:68] Created error: Secret not found
[DEBUG Aug  2 08:03:00.861882453, errs.go:68] Created error: Could not save keypair
[DEBUG Aug  2 08:03:00.862079880, errs.go:68] Created error: Build responded with error
[DEBUG Aug  2 08:03:00.862109305, errs.go:68] Created error: Unknown build type
[DEBUG Aug  2 08:03:00.862241364, errors.go:86] Wrapped localized error: <nil> -- with: The installed version of the State Tool Service does not match that of the client.
Please stop the service with [ACTIONABLE]state-svc stop[/RESET] and try your command again.
If this issue persists please reinstall the State Tool.

[DEBUG Aug  2 08:03:00.862257718, errs.go:68] Created error: no data
[DEBUG Aug  2 08:03:00.862281971, errs.go:68] Created error: member not found
[DEBUG Aug  2 08:03:00.862304747, errs.go:68] Created error: Commit count is unknowable
[DEBUG Aug  2 08:03:00.862327465, errs.go:68] Created error: No merge required
[DEBUG Aug  2 08:03:00.862350407, errs.go:68] Created error: Can't merge commit thats already in target commits history
[DEBUG Aug  2 08:03:00.862374289, errs.go:68] Created error: Bad expander name
[DEBUG Aug  2 08:03:00.862406384, errs.go:68] Created error: Expander has no handler
[DEBUG Aug  2 08:03:00.863504651, errs.go:68] Created error: Service is already running
[DEBUG Aug  2 08:03:00.908134279, secrets.go:35] Gcloud Secretmanager failed to initialize (ignore if you're not trying to use gcloud): google: could not find default credentials. See https://developers.google.com/accounts/docs/application-default-credentials for more information.
[DEBUG Aug  2 08:03:00.911419895, output.go:53] Requested outputer for 
[DEBUG Aug  2 08:03:00.911448058, output.go:58] Using Plain outputer
[DEBUG Aug  2 08:03:00.911530634, termutils.go:17] Cannot get terminal size: inappropriate ioctl for device
[DEBUG Aug  2 08:03:00.911779978, client.go:128] Reporting event to 2 reporters: run-command, state-svc start, 
[DEBUG Aug  2 08:03:00.911785387, main.go:107] Running CmdStart
[DEBUG Aug  2 08:03:00.918158435, errs.go:75] Wrapped error: Service is already running -- with: valueF failed
[DEBUG Aug  2 08:03:00.918223447, errs.go:75] Wrapped error: valueF failed -- with: Could not store pid
[DEBUG Aug  2 08:03:00.918292372, errors.go:113] Wrapped input error: Could not store pid -- with: A State Service instance is already running in the background.
[DEBUG Aug  2 08:03:00.918306646, errs.go:75] Wrapped error: A State Service instance is already running in the background. -- with: Could not start serviceManager
[DEBUG Aug  2 08:03:00.918372653, client.go:128] Reporting event to 2 reporters: command-exit, state-svc start, 1
[DEBUG Aug  2 08:03:01.350919222, errs.go:75] Wrapped error: <nil> -- with: Could not start serviceManager: A State Service instance is already running in the background.: Could not store pid: valueF failed: Service is already running
[DEBUG Aug  2 08:03:01.350978560, main.go:61] state-svc errored out due to input: Could not start serviceManager: A State Service instance is already running in the background.: Could not store pid: valueF failed: Service is already running
