[DEBUG Aug  2 07:44:36.412442896, defaults.go:273] Args: [/home1/wangfeim/.local/ActiveState/StateTool/release/bin/state-svc start]
[DEBUG Aug  2 07:44:36.426494595, locale.go:38] Init
[DEBUG Aug  2 07:44:36.737824754, errs.go:68] Created error: File could not be found
[DEBUG Aug  2 07:44:36.741208215, errs.go:68] Created error: Not Recognized
[DEBUG Aug  2 07:44:36.763588206, errs.go:68] Created error: Secret not found
[DEBUG Aug  2 07:44:36.763641419, errs.go:68] Created error: Could not save keypair
[DEBUG Aug  2 07:44:36.763820138, errs.go:68] Created error: Build responded with error
[DEBUG Aug  2 07:44:36.763850060, errs.go:68] Created error: Unknown build type
[DEBUG Aug  2 07:44:36.763976725, errors.go:86] Wrapped localized error: <nil> -- with: The installed version of the State Tool Service does not match that of the client.
Please stop the service with [ACTIONABLE]state-svc stop[/RESET] and try your command again.
If this issue persists please reinstall the State Tool.

[DEBUG Aug  2 07:44:36.763992963, errs.go:68] Created error: no data
[DEBUG Aug  2 07:44:36.764019452, errs.go:68] Created error: member not found
[DEBUG Aug  2 07:44:36.764049544, errs.go:68] Created error: Commit count is unknowable
[DEBUG Aug  2 07:44:36.764073723, errs.go:68] Created error: No merge required
[DEBUG Aug  2 07:44:36.764096650, errs.go:68] Created error: Can't merge commit thats already in target commits history
[DEBUG Aug  2 07:44:36.764124827, errs.go:68] Created error: Bad expander name
[DEBUG Aug  2 07:44:36.764148658, errs.go:68] Created error: Expander has no handler
[DEBUG Aug  2 07:44:36.765237584, errs.go:68] Created error: Service is already running
[DEBUG Aug  2 07:44:36.797505982, secrets.go:35] Gcloud Secretmanager failed to initialize (ignore if you're not trying to use gcloud): google: could not find default credentials. See https://developers.google.com/accounts/docs/application-default-credentials for more information.
[DEBUG Aug  2 07:44:36.802812554, output.go:53] Requested outputer for 
[DEBUG Aug  2 07:44:36.802836678, output.go:58] Using Plain outputer
[DEBUG Aug  2 07:44:36.802905207, termutils.go:17] Cannot get terminal size: inappropriate ioctl for device
[DEBUG Aug  2 07:44:36.802998021, client.go:128] Reporting event to 2 reporters: run-command, state-svc start, 
[DEBUG Aug  2 07:44:36.803079656, main.go:107] Running CmdStart
[DEBUG Aug  2 07:44:36.809018336, errs.go:75] Wrapped error: Service is already running -- with: valueF failed
[DEBUG Aug  2 07:44:36.809083302, errs.go:75] Wrapped error: valueF failed -- with: Could not store pid
[DEBUG Aug  2 07:44:36.809158242, errors.go:113] Wrapped input error: Could not store pid -- with: A State Service instance is already running in the background.
[DEBUG Aug  2 07:44:36.809172635, errs.go:75] Wrapped error: A State Service instance is already running in the background. -- with: Could not start serviceManager
[DEBUG Aug  2 07:44:36.809250513, client.go:128] Reporting event to 2 reporters: command-exit, state-svc start, 1
[DEBUG Aug  2 07:44:37.148792797, errs.go:75] Wrapped error: <nil> -- with: Could not start serviceManager: A State Service instance is already running in the background.: Could not store pid: valueF failed: Service is already running
[DEBUG Aug  2 07:44:37.148851114, main.go:61] state-svc errored out due to input: Could not start serviceManager: A State Service instance is already running in the background.: Could not store pid: valueF failed: Service is already running
