[DEBUG Sep  8 22:55:25.069828494, defaults.go:273] Args: [/home1/wangfeim/.local/ActiveState/StateTool/release/bin/state-svc start]
[DEBUG Sep  8 22:55:25.081910871, locale.go:38] Init
[DEBUG Sep  8 22:55:25.150504473, errs.go:68] Created error: File could not be found
[DEBUG Sep  8 22:55:25.153008127, errs.go:68] Created error: Not Recognized
[DEBUG Sep  8 22:55:25.169993407, errs.go:68] Created error: Secret not found
[DEBUG Sep  8 22:55:25.170033843, errs.go:68] Created error: Could not save keypair
[DEBUG Sep  8 22:55:25.170194060, errs.go:68] Created error: Build responded with error
[DEBUG Sep  8 22:55:25.170221684, errs.go:68] Created error: Unknown build type
[DEBUG Sep  8 22:55:25.170320525, errors.go:86] Wrapped localized error: <nil> -- with: The installed version of the State Tool Service does not match that of the client.
Please stop the service with [ACTIONABLE]state-svc stop[/RESET] and try your command again.
If this issue persists please reinstall the State Tool.

[DEBUG Sep  8 22:55:25.170332834, errs.go:68] Created error: no data
[DEBUG Sep  8 22:55:25.170352139, errs.go:68] Created error: member not found
[DEBUG Sep  8 22:55:25.170371971, errs.go:68] Created error: Commit count is unknowable
[DEBUG Sep  8 22:55:25.170389901, errs.go:68] Created error: No merge required
[DEBUG Sep  8 22:55:25.170408658, errs.go:68] Created error: Can't merge commit thats already in target commits history
[DEBUG Sep  8 22:55:25.170428370, errs.go:68] Created error: Bad expander name
[DEBUG Sep  8 22:55:25.170447610, errs.go:68] Created error: Expander has no handler
[DEBUG Sep  8 22:55:25.172056861, errs.go:68] Created error: Service is already running
[DEBUG Sep  8 22:55:25.231103796, secrets.go:35] Gcloud Secretmanager failed to initialize (ignore if you're not trying to use gcloud): google: could not find default credentials. See https://developers.google.com/accounts/docs/application-default-credentials for more information.
[DEBUG Sep  8 22:55:25.234401911, output.go:53] Requested outputer for 
[DEBUG Sep  8 22:55:25.234417521, output.go:58] Using Plain outputer
[DEBUG Sep  8 22:55:25.234477882, termutils.go:17] Cannot get terminal size: inappropriate ioctl for device
[DEBUG Sep  8 22:55:25.234582429, client.go:128] Reporting event to 2 reporters: run-command, state-svc start, 
[DEBUG Sep  8 22:55:25.234601361, main.go:107] Running CmdStart
[DEBUG Sep  8 22:55:25.240501051, errs.go:75] Wrapped error: Service is already running -- with: valueF failed
[DEBUG Sep  8 22:55:25.240559140, errs.go:75] Wrapped error: valueF failed -- with: Could not store pid
[DEBUG Sep  8 22:55:25.240621470, errors.go:113] Wrapped input error: Could not store pid -- with: A State Service instance is already running in the background.
[DEBUG Sep  8 22:55:25.240632305, errs.go:75] Wrapped error: A State Service instance is already running in the background. -- with: Could not start serviceManager
[DEBUG Sep  8 22:55:25.240723871, client.go:128] Reporting event to 2 reporters: command-exit, state-svc start, 1
[DEBUG Sep  8 22:55:25.756513506, errs.go:75] Wrapped error: <nil> -- with: Could not start serviceManager: A State Service instance is already running in the background.: Could not store pid: valueF failed: Service is already running
[DEBUG Sep  8 22:55:25.756571874, main.go:61] state-svc errored out due to input: Could not start serviceManager: A State Service instance is already running in the background.: Could not store pid: valueF failed: Service is already running
