[DEBUG Aug  2 08:19:55.742168164, defaults.go:273] Args: [/home1/wangfeim/.local/ActiveState/StateTool/release/bin/state-svc start]
[DEBUG Aug  2 08:19:55.786625560, locale.go:38] Init
[DEBUG Aug  2 08:19:55.828649871, errs.go:68] Created error: File could not be found
[DEBUG Aug  2 08:19:55.832334022, errs.go:68] Created error: Not Recognized
[DEBUG Aug  2 08:19:55.885300598, errs.go:68] Created error: Secret not found
[DEBUG Aug  2 08:19:55.885362546, errs.go:68] Created error: Could not save keypair
[DEBUG Aug  2 08:19:55.885558930, errs.go:68] Created error: Build responded with error
[DEBUG Aug  2 08:19:55.885589398, errs.go:68] Created error: Unknown build type
[DEBUG Aug  2 08:19:55.885711171, errors.go:86] Wrapped localized error: <nil> -- with: The installed version of the State Tool Service does not match that of the client.
Please stop the service with [ACTIONABLE]state-svc stop[/RESET] and try your command again.
If this issue persists please reinstall the State Tool.

[DEBUG Aug  2 08:19:55.885726474, errs.go:68] Created error: no data
[DEBUG Aug  2 08:19:55.885751633, errs.go:68] Created error: member not found
[DEBUG Aug  2 08:19:55.885775449, errs.go:68] Created error: Commit count is unknowable
[DEBUG Aug  2 08:19:55.885798245, errs.go:68] Created error: No merge required
[DEBUG Aug  2 08:19:55.885821185, errs.go:68] Created error: Can't merge commit thats already in target commits history
[DEBUG Aug  2 08:19:55.885847721, errs.go:68] Created error: Bad expander name
[DEBUG Aug  2 08:19:55.885872248, errs.go:68] Created error: Expander has no handler
[DEBUG Aug  2 08:19:55.886895841, errs.go:68] Created error: Service is already running
[DEBUG Aug  2 08:19:55.916030825, secrets.go:35] Gcloud Secretmanager failed to initialize (ignore if you're not trying to use gcloud): google: could not find default credentials. See https://developers.google.com/accounts/docs/application-default-credentials for more information.
[DEBUG Aug  2 08:19:55.920182105, output.go:53] Requested outputer for 
[DEBUG Aug  2 08:19:55.920205454, output.go:58] Using Plain outputer
[DEBUG Aug  2 08:19:55.920298167, termutils.go:17] Cannot get terminal size: inappropriate ioctl for device
[DEBUG Aug  2 08:19:55.920363260, client.go:128] Reporting event to 2 reporters: run-command, state-svc start, 
[DEBUG Aug  2 08:19:55.920471683, main.go:107] Running CmdStart
[DEBUG Aug  2 08:19:55.926459324, errs.go:75] Wrapped error: Service is already running -- with: valueF failed
[DEBUG Aug  2 08:19:55.926526515, errs.go:75] Wrapped error: valueF failed -- with: Could not store pid
[DEBUG Aug  2 08:19:55.926607783, errors.go:113] Wrapped input error: Could not store pid -- with: A State Service instance is already running in the background.
[DEBUG Aug  2 08:19:55.926622211, errs.go:75] Wrapped error: A State Service instance is already running in the background. -- with: Could not start serviceManager
[DEBUG Aug  2 08:19:55.926734217, client.go:128] Reporting event to 2 reporters: command-exit, state-svc start, 1
[DEBUG Aug  2 08:19:56.304654303, errs.go:75] Wrapped error: <nil> -- with: Could not start serviceManager: A State Service instance is already running in the background.: Could not store pid: valueF failed: Service is already running
[DEBUG Aug  2 08:19:56.304728375, main.go:61] state-svc errored out due to input: Could not start serviceManager: A State Service instance is already running in the background.: Could not store pid: valueF failed: Service is already running
