[DEBUG Aug  2 07:48:11.972416976, defaults.go:273] Args: [/home1/wangfeim/.local/ActiveState/StateTool/release/bin/state-svc start]
[DEBUG Aug  2 07:48:11.987530304, locale.go:38] Init
[DEBUG Aug  2 07:48:12.391794285, errs.go:68] Created error: File could not be found
[DEBUG Aug  2 07:48:12.394927240, errs.go:68] Created error: Not Recognized
[DEBUG Aug  2 07:48:12.416868975, errs.go:68] Created error: Secret not found
[DEBUG Aug  2 07:48:12.416921338, errs.go:68] Created error: Could not save keypair
[DEBUG Aug  2 07:48:12.417099905, errs.go:68] Created error: Build responded with error
[DEBUG Aug  2 07:48:12.417127895, errs.go:68] Created error: Unknown build type
[DEBUG Aug  2 07:48:12.417265666, errors.go:86] Wrapped localized error: <nil> -- with: The installed version of the State Tool Service does not match that of the client.
Please stop the service with [ACTIONABLE]state-svc stop[/RESET] and try your command again.
If this issue persists please reinstall the State Tool.

[DEBUG Aug  2 07:48:12.417281390, errs.go:68] Created error: no data
[DEBUG Aug  2 07:48:12.417308556, errs.go:68] Created error: member not found
[DEBUG Aug  2 07:48:12.417333803, errs.go:68] Created error: Commit count is unknowable
[DEBUG Aug  2 07:48:12.417357741, errs.go:68] Created error: No merge required
[DEBUG Aug  2 07:48:12.417381129, errs.go:68] Created error: Can't merge commit thats already in target commits history
[DEBUG Aug  2 07:48:12.417414670, errs.go:68] Created error: Bad expander name
[DEBUG Aug  2 07:48:12.417437924, errs.go:68] Created error: Expander has no handler
[DEBUG Aug  2 07:48:12.418656249, errs.go:68] Created error: Service is already running
[DEBUG Aug  2 07:48:12.487285372, secrets.go:35] Gcloud Secretmanager failed to initialize (ignore if you're not trying to use gcloud): google: could not find default credentials. See https://developers.google.com/accounts/docs/application-default-credentials for more information.
[DEBUG Aug  2 07:48:12.490706623, output.go:53] Requested outputer for 
[DEBUG Aug  2 07:48:12.490734033, output.go:58] Using Plain outputer
[DEBUG Aug  2 07:48:12.490799542, termutils.go:17] Cannot get terminal size: inappropriate ioctl for device
[DEBUG Aug  2 07:48:12.490912979, client.go:128] Reporting event to 2 reporters: run-command, state-svc start, 
[DEBUG Aug  2 07:48:12.490935371, main.go:107] Running CmdStart
[DEBUG Aug  2 07:48:12.497915816, errs.go:75] Wrapped error: Service is already running -- with: valueF failed
[DEBUG Aug  2 07:48:12.497990846, errs.go:75] Wrapped error: valueF failed -- with: Could not store pid
[DEBUG Aug  2 07:48:12.498082522, errors.go:113] Wrapped input error: Could not store pid -- with: A State Service instance is already running in the background.
[DEBUG Aug  2 07:48:12.498105313, errs.go:75] Wrapped error: A State Service instance is already running in the background. -- with: Could not start serviceManager
[DEBUG Aug  2 07:48:12.498203619, client.go:128] Reporting event to 2 reporters: command-exit, state-svc start, 1
[DEBUG Aug  2 07:48:12.871457627, errs.go:75] Wrapped error: <nil> -- with: Could not start serviceManager: A State Service instance is already running in the background.: Could not store pid: valueF failed: Service is already running
[DEBUG Aug  2 07:48:12.871524626, main.go:61] state-svc errored out due to input: Could not start serviceManager: A State Service instance is already running in the background.: Could not store pid: valueF failed: Service is already running
