[DEBUG Aug  2 07:56:35.934613619, defaults.go:273] Args: [/home1/wangfeim/.local/ActiveState/StateTool/release/bin/state-svc start]
[DEBUG Aug  2 07:56:35.949966056, locale.go:38] Init
[DEBUG Aug  2 07:56:36.319383606, errs.go:68] Created error: File could not be found
[DEBUG Aug  2 07:56:36.322766319, errs.go:68] Created error: Not Recognized
[DEBUG Aug  2 07:56:36.344213870, errs.go:68] Created error: Secret not found
[DEBUG Aug  2 07:56:36.344264266, errs.go:68] Created error: Could not save keypair
[DEBUG Aug  2 07:56:36.344467343, errs.go:68] Created error: Build responded with error
[DEBUG Aug  2 07:56:36.344497021, errs.go:68] Created error: Unknown build type
[DEBUG Aug  2 07:56:36.344632808, errors.go:86] Wrapped localized error: <nil> -- with: The installed version of the State Tool Service does not match that of the client.
Please stop the service with [ACTIONABLE]state-svc stop[/RESET] and try your command again.
If this issue persists please reinstall the State Tool.

[DEBUG Aug  2 07:56:36.344649099, errs.go:68] Created error: no data
[DEBUG Aug  2 07:56:36.344674283, errs.go:68] Created error: member not found
[DEBUG Aug  2 07:56:36.344698449, errs.go:68] Created error: Commit count is unknowable
[DEBUG Aug  2 07:56:36.344721777, errs.go:68] Created error: No merge required
[DEBUG Aug  2 07:56:36.344749776, errs.go:68] Created error: Can't merge commit thats already in target commits history
[DEBUG Aug  2 07:56:36.344773990, errs.go:68] Created error: Bad expander name
[DEBUG Aug  2 07:56:36.344802362, errs.go:68] Created error: Expander has no handler
[DEBUG Aug  2 07:56:36.345904770, errs.go:68] Created error: Service is already running
[DEBUG Aug  2 07:56:36.378854246, secrets.go:35] Gcloud Secretmanager failed to initialize (ignore if you're not trying to use gcloud): google: could not find default credentials. See https://developers.google.com/accounts/docs/application-default-credentials for more information.
[DEBUG Aug  2 07:56:36.385180050, output.go:53] Requested outputer for 
[DEBUG Aug  2 07:56:36.385202359, output.go:58] Using Plain outputer
[DEBUG Aug  2 07:56:36.385272855, termutils.go:17] Cannot get terminal size: inappropriate ioctl for device
[DEBUG Aug  2 07:56:36.385300415, client.go:128] Reporting event to 2 reporters: run-command, state-svc start, 
[DEBUG Aug  2 07:56:36.385437536, main.go:107] Running CmdStart
[DEBUG Aug  2 07:56:36.391374316, errs.go:75] Wrapped error: Service is already running -- with: valueF failed
[DEBUG Aug  2 07:56:36.391426344, errs.go:75] Wrapped error: valueF failed -- with: Could not store pid
[DEBUG Aug  2 07:56:36.391497878, errors.go:113] Wrapped input error: Could not store pid -- with: A State Service instance is already running in the background.
[DEBUG Aug  2 07:56:36.391512429, errs.go:75] Wrapped error: A State Service instance is already running in the background. -- with: Could not start serviceManager
[DEBUG Aug  2 07:56:36.391583142, client.go:128] Reporting event to 2 reporters: command-exit, state-svc start, 1
[DEBUG Aug  2 07:56:36.726787838, errs.go:75] Wrapped error: <nil> -- with: Could not start serviceManager: A State Service instance is already running in the background.: Could not store pid: valueF failed: Service is already running
[DEBUG Aug  2 07:56:36.726863977, main.go:61] state-svc errored out due to input: Could not start serviceManager: A State Service instance is already running in the background.: Could not store pid: valueF failed: Service is already running
