[DEBUG Aug  2 08:21:23.657081020, defaults.go:273] Args: [/home1/wangfeim/.local/ActiveState/StateTool/release/bin/state-svc start]
[DEBUG Aug  2 08:21:23.671359152, locale.go:38] Init
[DEBUG Aug  2 08:21:23.713594826, errs.go:68] Created error: File could not be found
[DEBUG Aug  2 08:21:23.716370707, errs.go:68] Created error: Not Recognized
[DEBUG Aug  2 08:21:23.736711811, errs.go:68] Created error: Secret not found
[DEBUG Aug  2 08:21:23.736760298, errs.go:68] Created error: Could not save keypair
[DEBUG Aug  2 08:21:23.736923839, errs.go:68] Created error: Build responded with error
[DEBUG Aug  2 08:21:23.736950415, errs.go:68] Created error: Unknown build type
[DEBUG Aug  2 08:21:23.737059677, errors.go:86] Wrapped localized error: <nil> -- with: The installed version of the State Tool Service does not match that of the client.
Please stop the service with [ACTIONABLE]state-svc stop[/RESET] and try your command again.
If this issue persists please reinstall the State Tool.

[DEBUG Aug  2 08:21:23.737074494, errs.go:68] Created error: no data
[DEBUG Aug  2 08:21:23.737097474, errs.go:68] Created error: member not found
[DEBUG Aug  2 08:21:23.737124949, errs.go:68] Created error: Commit count is unknowable
[DEBUG Aug  2 08:21:23.737147068, errs.go:68] Created error: No merge required
[DEBUG Aug  2 08:21:23.737172940, errs.go:68] Created error: Can't merge commit thats already in target commits history
[DEBUG Aug  2 08:21:23.737194461, errs.go:68] Created error: Bad expander name
[DEBUG Aug  2 08:21:23.737214074, errs.go:68] Created error: Expander has no handler
[DEBUG Aug  2 08:21:23.738182705, errs.go:68] Created error: Service is already running
[DEBUG Aug  2 08:21:23.765121935, secrets.go:35] Gcloud Secretmanager failed to initialize (ignore if you're not trying to use gcloud): google: could not find default credentials. See https://developers.google.com/accounts/docs/application-default-credentials for more information.
[DEBUG Aug  2 08:21:23.768379919, output.go:53] Requested outputer for 
[DEBUG Aug  2 08:21:23.768402209, output.go:58] Using Plain outputer
[DEBUG Aug  2 08:21:23.768474458, termutils.go:17] Cannot get terminal size: inappropriate ioctl for device
[DEBUG Aug  2 08:21:23.768577369, client.go:128] Reporting event to 2 reporters: run-command, state-svc start, 
[DEBUG Aug  2 08:21:23.768672381, main.go:107] Running CmdStart
[DEBUG Aug  2 08:21:23.774217209, errs.go:75] Wrapped error: Service is already running -- with: valueF failed
[DEBUG Aug  2 08:21:23.774284172, errs.go:75] Wrapped error: valueF failed -- with: Could not store pid
[DEBUG Aug  2 08:21:23.774354564, errors.go:113] Wrapped input error: Could not store pid -- with: A State Service instance is already running in the background.
[DEBUG Aug  2 08:21:23.774368386, errs.go:75] Wrapped error: A State Service instance is already running in the background. -- with: Could not start serviceManager
[DEBUG Aug  2 08:21:23.774433680, client.go:128] Reporting event to 2 reporters: command-exit, state-svc start, 1
[DEBUG Aug  2 08:21:24.107209628, errs.go:75] Wrapped error: <nil> -- with: Could not start serviceManager: A State Service instance is already running in the background.: Could not store pid: valueF failed: Service is already running
[DEBUG Aug  2 08:21:24.107271793, main.go:61] state-svc errored out due to input: Could not start serviceManager: A State Service instance is already running in the background.: Could not store pid: valueF failed: Service is already running
