[DEBUG Aug  2 08:20:09.845997229, defaults.go:273] Args: [/home1/wangfeim/.local/ActiveState/StateTool/release/bin/state-svc start]
[DEBUG Aug  2 08:20:09.899785920, locale.go:38] Init
[DEBUG Aug  2 08:20:09.942489904, errs.go:68] Created error: File could not be found
[DEBUG Aug  2 08:20:09.986744660, errs.go:68] Created error: Not Recognized
[DEBUG Aug  2 08:20:10.007308256, errs.go:68] Created error: Secret not found
[DEBUG Aug  2 08:20:10.007356583, errs.go:68] Created error: Could not save keypair
[DEBUG Aug  2 08:20:10.007511864, errs.go:68] Created error: Build responded with error
[DEBUG Aug  2 08:20:10.007537234, errs.go:68] Created error: Unknown build type
[DEBUG Aug  2 08:20:10.007662561, errors.go:86] Wrapped localized error: <nil> -- with: The installed version of the State Tool Service does not match that of the client.
Please stop the service with [ACTIONABLE]state-svc stop[/RESET] and try your command again.
If this issue persists please reinstall the State Tool.

[DEBUG Aug  2 08:20:10.007677822, errs.go:68] Created error: no data
[DEBUG Aug  2 08:20:10.007699706, errs.go:68] Created error: member not found
[DEBUG Aug  2 08:20:10.007738229, errs.go:68] Created error: Commit count is unknowable
[DEBUG Aug  2 08:20:10.007761776, errs.go:68] Created error: No merge required
[DEBUG Aug  2 08:20:10.007784890, errs.go:68] Created error: Can't merge commit thats already in target commits history
[DEBUG Aug  2 08:20:10.007809583, errs.go:68] Created error: Bad expander name
[DEBUG Aug  2 08:20:10.007830701, errs.go:68] Created error: Expander has no handler
[DEBUG Aug  2 08:20:10.008896238, errs.go:68] Created error: Service is already running
[DEBUG Aug  2 08:20:10.038129896, secrets.go:35] Gcloud Secretmanager failed to initialize (ignore if you're not trying to use gcloud): google: could not find default credentials. See https://developers.google.com/accounts/docs/application-default-credentials for more information.
[DEBUG Aug  2 08:20:10.041223039, output.go:53] Requested outputer for 
[DEBUG Aug  2 08:20:10.041246751, output.go:58] Using Plain outputer
[DEBUG Aug  2 08:20:10.041321814, termutils.go:17] Cannot get terminal size: inappropriate ioctl for device
[DEBUG Aug  2 08:20:10.041412323, client.go:128] Reporting event to 2 reporters: run-command, state-svc start, 
[DEBUG Aug  2 08:20:10.041444955, main.go:107] Running CmdStart
[DEBUG Aug  2 08:20:10.047114637, errs.go:75] Wrapped error: Service is already running -- with: valueF failed
[DEBUG Aug  2 08:20:10.047171971, errs.go:75] Wrapped error: valueF failed -- with: Could not store pid
[DEBUG Aug  2 08:20:10.047247442, errors.go:113] Wrapped input error: Could not store pid -- with: A State Service instance is already running in the background.
[DEBUG Aug  2 08:20:10.047262464, errs.go:75] Wrapped error: A State Service instance is already running in the background. -- with: Could not start serviceManager
[DEBUG Aug  2 08:20:10.047330261, client.go:128] Reporting event to 2 reporters: command-exit, state-svc start, 1
[DEBUG Aug  2 08:20:10.433914879, errs.go:75] Wrapped error: <nil> -- with: Could not start serviceManager: A State Service instance is already running in the background.: Could not store pid: valueF failed: Service is already running
[DEBUG Aug  2 08:20:10.434006484, main.go:61] state-svc errored out due to input: Could not start serviceManager: A State Service instance is already running in the background.: Could not store pid: valueF failed: Service is already running
