[DEBUG Mar  8 22:48:59.567123820, defaults.go:273] Args: [/home1/wangfeim/.local/ActiveState/StateTool/release/bin/state-svc start]
[DEBUG Mar  8 22:48:59.579333728, locale.go:38] Init
[DEBUG Mar  8 22:48:59.609786048, errs.go:68] Created error: File could not be found
[DEBUG Mar  8 22:48:59.612103302, errs.go:68] Created error: Not Recognized
[DEBUG Mar  8 22:48:59.629997778, errs.go:68] Created error: Secret not found
[DEBUG Mar  8 22:48:59.630034147, errs.go:68] Created error: Could not save keypair
[DEBUG Mar  8 22:48:59.630171954, errs.go:68] Created error: Build responded with error
[DEBUG Mar  8 22:48:59.630192692, errs.go:68] Created error: Unknown build type
[DEBUG Mar  8 22:48:59.630280575, errors.go:86] Wrapped localized error: <nil> -- with: The installed version of the State Tool Service does not match that of the client.
Please stop the service with [ACTIONABLE]state-svc stop[/RESET] and try your command again.
If this issue persists please reinstall the State Tool.

[DEBUG Mar  8 22:48:59.630290866, errs.go:68] Created error: no data
[DEBUG Mar  8 22:48:59.630310184, errs.go:68] Created error: member not found
[DEBUG Mar  8 22:48:59.630330340, errs.go:68] Created error: Commit count is unknowable
[DEBUG Mar  8 22:48:59.630347251, errs.go:68] Created error: No merge required
[DEBUG Mar  8 22:48:59.630363813, errs.go:68] Created error: Can't merge commit thats already in target commits history
[DEBUG Mar  8 22:48:59.630380528, errs.go:68] Created error: Bad expander name
[DEBUG Mar  8 22:48:59.630403215, errs.go:68] Created error: Expander has no handler
[DEBUG Mar  8 22:48:59.631218885, errs.go:68] Created error: Service is already running
[DEBUG Mar  8 22:48:59.655167648, secrets.go:35] Gcloud Secretmanager failed to initialize (ignore if you're not trying to use gcloud): google: could not find default credentials. See https://developers.google.com/accounts/docs/application-default-credentials for more information.
[DEBUG Mar  8 22:48:59.658805619, output.go:53] Requested outputer for 
[DEBUG Mar  8 22:48:59.658820002, output.go:58] Using Plain outputer
[DEBUG Mar  8 22:48:59.658864764, termutils.go:17] Cannot get terminal size: inappropriate ioctl for device
[DEBUG Mar  8 22:48:59.658952692, client.go:128] Reporting event to 2 reporters: run-command, state-svc start, 
[DEBUG Mar  8 22:48:59.659029059, main.go:107] Running CmdStart
[DEBUG Mar  8 22:48:59.663904207, errs.go:75] Wrapped error: Service is already running -- with: valueF failed
[DEBUG Mar  8 22:48:59.663945894, errs.go:75] Wrapped error: valueF failed -- with: Could not store pid
[DEBUG Mar  8 22:48:59.663996665, errors.go:113] Wrapped input error: Could not store pid -- with: A State Service instance is already running in the background.
[DEBUG Mar  8 22:48:59.664004737, errs.go:75] Wrapped error: A State Service instance is already running in the background. -- with: Could not start serviceManager
[DEBUG Mar  8 22:48:59.664071997, client.go:128] Reporting event to 2 reporters: command-exit, state-svc start, 1
[DEBUG Mar  8 22:49:00.027688937, errs.go:75] Wrapped error: <nil> -- with: Could not start serviceManager: A State Service instance is already running in the background.: Could not store pid: valueF failed: Service is already running
[DEBUG Mar  8 22:49:00.027734226, main.go:61] state-svc errored out due to input: Could not start serviceManager: A State Service instance is already running in the background.: Could not store pid: valueF failed: Service is already running
