[DEBUG Aug  2 08:15:03.641296253, defaults.go:273] Args: [/home1/wangfeim/.local/ActiveState/StateTool/release/bin/state-svc start]
[DEBUG Aug  2 08:15:03.656361391, locale.go:38] Init
[DEBUG Aug  2 08:15:03.705181626, errs.go:68] Created error: File could not be found
[DEBUG Aug  2 08:15:03.708105721, errs.go:68] Created error: Not Recognized
[DEBUG Aug  2 08:15:03.730115285, errs.go:68] Created error: Secret not found
[DEBUG Aug  2 08:15:03.730178116, errs.go:68] Created error: Could not save keypair
[DEBUG Aug  2 08:15:03.730384697, errs.go:68] Created error: Build responded with error
[DEBUG Aug  2 08:15:03.730416430, errs.go:68] Created error: Unknown build type
[DEBUG Aug  2 08:15:03.730557873, errors.go:86] Wrapped localized error: <nil> -- with: The installed version of the State Tool Service does not match that of the client.
Please stop the service with [ACTIONABLE]state-svc stop[/RESET] and try your command again.
If this issue persists please reinstall the State Tool.

[DEBUG Aug  2 08:15:03.730580961, errs.go:68] Created error: no data
[DEBUG Aug  2 08:15:03.730617315, errs.go:68] Created error: member not found
[DEBUG Aug  2 08:15:03.730642827, errs.go:68] Created error: Commit count is unknowable
[DEBUG Aug  2 08:15:03.730672185, errs.go:68] Created error: No merge required
[DEBUG Aug  2 08:15:03.730695589, errs.go:68] Created error: Can't merge commit thats already in target commits history
[DEBUG Aug  2 08:15:03.730720671, errs.go:68] Created error: Bad expander name
[DEBUG Aug  2 08:15:03.730752285, errs.go:68] Created error: Expander has no handler
[DEBUG Aug  2 08:15:03.785557503, errs.go:68] Created error: Service is already running
[DEBUG Aug  2 08:15:03.814383389, secrets.go:35] Gcloud Secretmanager failed to initialize (ignore if you're not trying to use gcloud): google: could not find default credentials. See https://developers.google.com/accounts/docs/application-default-credentials for more information.
[DEBUG Aug  2 08:15:03.817696503, output.go:53] Requested outputer for 
[DEBUG Aug  2 08:15:03.817719551, output.go:58] Using Plain outputer
[DEBUG Aug  2 08:15:03.817799034, termutils.go:17] Cannot get terminal size: inappropriate ioctl for device
[DEBUG Aug  2 08:15:03.817883996, client.go:128] Reporting event to 2 reporters: run-command, state-svc start, 
[DEBUG Aug  2 08:15:03.817990862, main.go:107] Running CmdStart
[DEBUG Aug  2 08:15:03.823841978, errs.go:75] Wrapped error: Service is already running -- with: valueF failed
[DEBUG Aug  2 08:15:03.823903681, errs.go:75] Wrapped error: valueF failed -- with: Could not store pid
[DEBUG Aug  2 08:15:03.823978851, errors.go:113] Wrapped input error: Could not store pid -- with: A State Service instance is already running in the background.
[DEBUG Aug  2 08:15:03.823993550, errs.go:75] Wrapped error: A State Service instance is already running in the background. -- with: Could not start serviceManager
[DEBUG Aug  2 08:15:03.824064632, client.go:128] Reporting event to 2 reporters: command-exit, state-svc start, 1
[DEBUG Aug  2 08:15:04.197872070, errs.go:75] Wrapped error: <nil> -- with: Could not start serviceManager: A State Service instance is already running in the background.: Could not store pid: valueF failed: Service is already running
[DEBUG Aug  2 08:15:04.197946327, main.go:61] state-svc errored out due to input: Could not start serviceManager: A State Service instance is already running in the background.: Could not store pid: valueF failed: Service is already running
