[DEBUG Aug  2 07:46:17.192864178, defaults.go:273] Args: [/home1/wangfeim/.local/ActiveState/StateTool/release/bin/state-svc start]
[DEBUG Aug  2 07:46:17.206652869, locale.go:38] Init
[DEBUG Aug  2 07:46:17.982259267, errs.go:68] Created error: File could not be found
[DEBUG Aug  2 07:46:17.985590348, errs.go:68] Created error: Not Recognized
[DEBUG Aug  2 07:46:18.007385289, errs.go:68] Created error: Secret not found
[DEBUG Aug  2 07:46:18.007445069, errs.go:68] Created error: Could not save keypair
[DEBUG Aug  2 07:46:18.007636487, errs.go:68] Created error: Build responded with error
[DEBUG Aug  2 07:46:18.007665762, errs.go:68] Created error: Unknown build type
[DEBUG Aug  2 07:46:18.007794638, errors.go:86] Wrapped localized error: <nil> -- with: The installed version of the State Tool Service does not match that of the client.
Please stop the service with [ACTIONABLE]state-svc stop[/RESET] and try your command again.
If this issue persists please reinstall the State Tool.

[DEBUG Aug  2 07:46:18.007810680, errs.go:68] Created error: no data
[DEBUG Aug  2 07:46:18.007840370, errs.go:68] Created error: member not found
[DEBUG Aug  2 07:46:18.007871253, errs.go:68] Created error: Commit count is unknowable
[DEBUG Aug  2 07:46:18.007896648, errs.go:68] Created error: No merge required
[DEBUG Aug  2 07:46:18.007928168, errs.go:68] Created error: Can't merge commit thats already in target commits history
[DEBUG Aug  2 07:46:18.007959136, errs.go:68] Created error: Bad expander name
[DEBUG Aug  2 07:46:18.007984585, errs.go:68] Created error: Expander has no handler
[DEBUG Aug  2 07:46:18.009226305, errs.go:68] Created error: Service is already running
[DEBUG Aug  2 07:46:18.039857462, secrets.go:35] Gcloud Secretmanager failed to initialize (ignore if you're not trying to use gcloud): google: could not find default credentials. See https://developers.google.com/accounts/docs/application-default-credentials for more information.
[DEBUG Aug  2 07:46:18.045188478, output.go:53] Requested outputer for 
[DEBUG Aug  2 07:46:18.045211840, output.go:58] Using Plain outputer
[DEBUG Aug  2 07:46:18.045287112, termutils.go:17] Cannot get terminal size: inappropriate ioctl for device
[DEBUG Aug  2 07:46:18.045380005, client.go:128] Reporting event to 2 reporters: run-command, state-svc start, 
[DEBUG Aug  2 07:46:18.045549318, main.go:107] Running CmdStart
[DEBUG Aug  2 07:46:18.051421408, errs.go:75] Wrapped error: Service is already running -- with: valueF failed
[DEBUG Aug  2 07:46:18.051496104, errs.go:75] Wrapped error: valueF failed -- with: Could not store pid
[DEBUG Aug  2 07:46:18.051596260, errors.go:113] Wrapped input error: Could not store pid -- with: A State Service instance is already running in the background.
[DEBUG Aug  2 07:46:18.051612105, errs.go:75] Wrapped error: A State Service instance is already running in the background. -- with: Could not start serviceManager
[DEBUG Aug  2 07:46:18.051729593, client.go:128] Reporting event to 2 reporters: command-exit, state-svc start, 1
[DEBUG Aug  2 07:46:18.392205818, errs.go:75] Wrapped error: <nil> -- with: Could not start serviceManager: A State Service instance is already running in the background.: Could not store pid: valueF failed: Service is already running
[DEBUG Aug  2 07:46:18.392268325, main.go:61] state-svc errored out due to input: Could not start serviceManager: A State Service instance is already running in the background.: Could not store pid: valueF failed: Service is already running
