[DEBUG Aug  2 08:08:00.565105493, defaults.go:273] Args: [/home1/wangfeim/.local/ActiveState/StateTool/release/bin/state-svc start]
[DEBUG Aug  2 08:08:00.580031650, locale.go:38] Init
[DEBUG Aug  2 08:08:00.633498042, errs.go:68] Created error: File could not be found
[DEBUG Aug  2 08:08:00.638190520, errs.go:68] Created error: Not Recognized
[DEBUG Aug  2 08:08:00.707081470, errs.go:68] Created error: Secret not found
[DEBUG Aug  2 08:08:00.707144223, errs.go:68] Created error: Could not save keypair
[DEBUG Aug  2 08:08:00.707319380, errs.go:68] Created error: Build responded with error
[DEBUG Aug  2 08:08:00.707352730, errs.go:68] Created error: Unknown build type
[DEBUG Aug  2 08:08:00.707483433, errors.go:86] Wrapped localized error: <nil> -- with: The installed version of the State Tool Service does not match that of the client.
Please stop the service with [ACTIONABLE]state-svc stop[/RESET] and try your command again.
If this issue persists please reinstall the State Tool.

[DEBUG Aug  2 08:08:00.707499302, errs.go:68] Created error: no data
[DEBUG Aug  2 08:08:00.707524749, errs.go:68] Created error: member not found
[DEBUG Aug  2 08:08:00.707577802, errs.go:68] Created error: Commit count is unknowable
[DEBUG Aug  2 08:08:00.707608291, errs.go:68] Created error: No merge required
[DEBUG Aug  2 08:08:00.707632973, errs.go:68] Created error: Can't merge commit thats already in target commits history
[DEBUG Aug  2 08:08:00.707657637, errs.go:68] Created error: Bad expander name
[DEBUG Aug  2 08:08:00.707681191, errs.go:68] Created error: Expander has no handler
[DEBUG Aug  2 08:08:00.708695095, errs.go:68] Created error: Service is already running
[DEBUG Aug  2 08:08:00.789011207, secrets.go:35] Gcloud Secretmanager failed to initialize (ignore if you're not trying to use gcloud): google: could not find default credentials. See https://developers.google.com/accounts/docs/application-default-credentials for more information.
[DEBUG Aug  2 08:08:00.793089532, output.go:53] Requested outputer for 
[DEBUG Aug  2 08:08:00.793114456, output.go:58] Using Plain outputer
[DEBUG Aug  2 08:08:00.793190904, termutils.go:17] Cannot get terminal size: inappropriate ioctl for device
[DEBUG Aug  2 08:08:00.793292112, client.go:128] Reporting event to 2 reporters: run-command, state-svc start, 
[DEBUG Aug  2 08:08:00.793339952, main.go:107] Running CmdStart
[DEBUG Aug  2 08:08:00.799201980, errs.go:75] Wrapped error: Service is already running -- with: valueF failed
[DEBUG Aug  2 08:08:00.799264542, errs.go:75] Wrapped error: valueF failed -- with: Could not store pid
[DEBUG Aug  2 08:08:00.799345121, errors.go:113] Wrapped input error: Could not store pid -- with: A State Service instance is already running in the background.
[DEBUG Aug  2 08:08:00.799365907, errs.go:75] Wrapped error: A State Service instance is already running in the background. -- with: Could not start serviceManager
[DEBUG Aug  2 08:08:00.799467471, client.go:128] Reporting event to 2 reporters: command-exit, state-svc start, 1
[DEBUG Aug  2 08:08:01.185201105, errs.go:75] Wrapped error: <nil> -- with: Could not start serviceManager: A State Service instance is already running in the background.: Could not store pid: valueF failed: Service is already running
[DEBUG Aug  2 08:08:01.185283840, main.go:61] state-svc errored out due to input: Could not start serviceManager: A State Service instance is already running in the background.: Could not store pid: valueF failed: Service is already running
