[DEBUG Aug  2 08:18:57.304753117, defaults.go:273] Args: [/home1/wangfeim/.local/ActiveState/StateTool/release/bin/state-svc start]
[DEBUG Aug  2 08:18:57.320370459, locale.go:38] Init
[DEBUG Aug  2 08:18:57.594992298, errs.go:68] Created error: File could not be found
[DEBUG Aug  2 08:18:57.598170906, errs.go:68] Created error: Not Recognized
[DEBUG Aug  2 08:18:57.619618681, errs.go:68] Created error: Secret not found
[DEBUG Aug  2 08:18:57.619673236, errs.go:68] Created error: Could not save keypair
[DEBUG Aug  2 08:18:57.619853055, errs.go:68] Created error: Build responded with error
[DEBUG Aug  2 08:18:57.619897590, errs.go:68] Created error: Unknown build type
[DEBUG Aug  2 08:18:57.620012596, errors.go:86] Wrapped localized error: <nil> -- with: The installed version of the State Tool Service does not match that of the client.
Please stop the service with [ACTIONABLE]state-svc stop[/RESET] and try your command again.
If this issue persists please reinstall the State Tool.

[DEBUG Aug  2 08:18:57.620027222, errs.go:68] Created error: no data
[DEBUG Aug  2 08:18:57.620052432, errs.go:68] Created error: member not found
[DEBUG Aug  2 08:18:57.620077202, errs.go:68] Created error: Commit count is unknowable
[DEBUG Aug  2 08:18:57.620105361, errs.go:68] Created error: No merge required
[DEBUG Aug  2 08:18:57.620130889, errs.go:68] Created error: Can't merge commit thats already in target commits history
[DEBUG Aug  2 08:18:57.620156131, errs.go:68] Created error: Bad expander name
[DEBUG Aug  2 08:18:57.620179217, errs.go:68] Created error: Expander has no handler
[DEBUG Aug  2 08:18:57.621704624, errs.go:68] Created error: Service is already running
[DEBUG Aug  2 08:18:57.647671719, secrets.go:35] Gcloud Secretmanager failed to initialize (ignore if you're not trying to use gcloud): google: could not find default credentials. See https://developers.google.com/accounts/docs/application-default-credentials for more information.
[DEBUG Aug  2 08:18:57.651198882, output.go:53] Requested outputer for 
[DEBUG Aug  2 08:18:57.651277001, output.go:58] Using Plain outputer
[DEBUG Aug  2 08:18:57.651365936, termutils.go:17] Cannot get terminal size: inappropriate ioctl for device
[DEBUG Aug  2 08:18:57.651918152, client.go:128] Reporting event to 2 reporters: run-command, state-svc start, 
[DEBUG Aug  2 08:18:57.651992686, main.go:107] Running CmdStart
[DEBUG Aug  2 08:18:57.657858632, errs.go:75] Wrapped error: Service is already running -- with: valueF failed
[DEBUG Aug  2 08:18:57.657928358, errs.go:75] Wrapped error: valueF failed -- with: Could not store pid
[DEBUG Aug  2 08:18:57.658023309, errors.go:113] Wrapped input error: Could not store pid -- with: A State Service instance is already running in the background.
[DEBUG Aug  2 08:18:57.658041440, errs.go:75] Wrapped error: A State Service instance is already running in the background. -- with: Could not start serviceManager
[DEBUG Aug  2 08:18:57.658193987, client.go:128] Reporting event to 2 reporters: command-exit, state-svc start, 1
[DEBUG Aug  2 08:18:58.007993269, errs.go:75] Wrapped error: <nil> -- with: Could not start serviceManager: A State Service instance is already running in the background.: Could not store pid: valueF failed: Service is already running
[DEBUG Aug  2 08:18:58.008072667, main.go:61] state-svc errored out due to input: Could not start serviceManager: A State Service instance is already running in the background.: Could not store pid: valueF failed: Service is already running
