[DEBUG Aug  2 08:15:57.953781620, defaults.go:273] Args: [/home1/wangfeim/.local/ActiveState/StateTool/release/bin/state-svc start]
[DEBUG Aug  2 08:15:57.967555556, locale.go:38] Init
[DEBUG Aug  2 08:15:58.027126853, errs.go:68] Created error: File could not be found
[DEBUG Aug  2 08:15:58.030206917, errs.go:68] Created error: Not Recognized
[DEBUG Aug  2 08:15:58.099223989, errs.go:68] Created error: Secret not found
[DEBUG Aug  2 08:15:58.099284181, errs.go:68] Created error: Could not save keypair
[DEBUG Aug  2 08:15:58.099458517, errs.go:68] Created error: Build responded with error
[DEBUG Aug  2 08:15:58.099488006, errs.go:68] Created error: Unknown build type
[DEBUG Aug  2 08:15:58.099609493, errors.go:86] Wrapped localized error: <nil> -- with: The installed version of the State Tool Service does not match that of the client.
Please stop the service with [ACTIONABLE]state-svc stop[/RESET] and try your command again.
If this issue persists please reinstall the State Tool.

[DEBUG Aug  2 08:15:58.099624462, errs.go:68] Created error: no data
[DEBUG Aug  2 08:15:58.099650028, errs.go:68] Created error: member not found
[DEBUG Aug  2 08:15:58.099679367, errs.go:68] Created error: Commit count is unknowable
[DEBUG Aug  2 08:15:58.099714754, errs.go:68] Created error: No merge required
[DEBUG Aug  2 08:15:58.099739352, errs.go:68] Created error: Can't merge commit thats already in target commits history
[DEBUG Aug  2 08:15:58.099764890, errs.go:68] Created error: Bad expander name
[DEBUG Aug  2 08:15:58.099789096, errs.go:68] Created error: Expander has no handler
[DEBUG Aug  2 08:15:58.100884798, errs.go:68] Created error: Service is already running
[DEBUG Aug  2 08:15:58.132475809, secrets.go:35] Gcloud Secretmanager failed to initialize (ignore if you're not trying to use gcloud): google: could not find default credentials. See https://developers.google.com/accounts/docs/application-default-credentials for more information.
[DEBUG Aug  2 08:15:58.136591114, output.go:53] Requested outputer for 
[DEBUG Aug  2 08:15:58.136615222, output.go:58] Using Plain outputer
[DEBUG Aug  2 08:15:58.136696084, termutils.go:17] Cannot get terminal size: inappropriate ioctl for device
[DEBUG Aug  2 08:15:58.136735509, client.go:128] Reporting event to 2 reporters: run-command, state-svc start, 
[DEBUG Aug  2 08:15:58.136876427, main.go:107] Running CmdStart
[DEBUG Aug  2 08:15:58.142767071, errs.go:75] Wrapped error: Service is already running -- with: valueF failed
[DEBUG Aug  2 08:15:58.142827963, errs.go:75] Wrapped error: valueF failed -- with: Could not store pid
[DEBUG Aug  2 08:15:58.142899403, errors.go:113] Wrapped input error: Could not store pid -- with: A State Service instance is already running in the background.
[DEBUG Aug  2 08:15:58.142913776, errs.go:75] Wrapped error: A State Service instance is already running in the background. -- with: Could not start serviceManager
[DEBUG Aug  2 08:15:58.142997450, client.go:128] Reporting event to 2 reporters: command-exit, state-svc start, 1
[DEBUG Aug  2 08:15:58.502017489, errs.go:75] Wrapped error: <nil> -- with: Could not start serviceManager: A State Service instance is already running in the background.: Could not store pid: valueF failed: Service is already running
[DEBUG Aug  2 08:15:58.502106681, main.go:61] state-svc errored out due to input: Could not start serviceManager: A State Service instance is already running in the background.: Could not store pid: valueF failed: Service is already running
