[DEBUG Sep 17 13:06:36.347194679, defaults.go:273] Args: [/home1/wangfeim/.local/ActiveState/StateTool/release/bin/state-svc start]
[DEBUG Sep 17 13:06:36.373096665, locale.go:38] Init
[DEBUG Sep 17 13:06:36.510021582, errs.go:68] Created error: File could not be found
[DEBUG Sep 17 13:06:36.518632193, errs.go:68] Created error: Not Recognized
[DEBUG Sep 17 13:06:36.571051002, errs.go:68] Created error: Secret not found
[DEBUG Sep 17 13:06:36.571112021, errs.go:68] Created error: Could not save keypair
[DEBUG Sep 17 13:06:36.571287386, errs.go:68] Created error: Build responded with error
[DEBUG Sep 17 13:06:36.571313157, errs.go:68] Created error: Unknown build type
[DEBUG Sep 17 13:06:36.571459789, errors.go:86] Wrapped localized error: <nil> -- with: The installed version of the State Tool Service does not match that of the client.
Please stop the service with [ACTIONABLE]state-svc stop[/RESET] and try your command again.
If this issue persists please reinstall the State Tool.

[DEBUG Sep 17 13:06:36.571472179, errs.go:68] Created error: no data
[DEBUG Sep 17 13:06:36.571495489, errs.go:68] Created error: member not found
[DEBUG Sep 17 13:06:36.571517418, errs.go:68] Created error: Commit count is unknowable
[DEBUG Sep 17 13:06:36.571538754, errs.go:68] Created error: No merge required
[DEBUG Sep 17 13:06:36.571564057, errs.go:68] Created error: Can't merge commit thats already in target commits history
[DEBUG Sep 17 13:06:36.571588557, errs.go:68] Created error: Bad expander name
[DEBUG Sep 17 13:06:36.571608500, errs.go:68] Created error: Expander has no handler
[DEBUG Sep 17 13:06:36.572354020, errs.go:68] Created error: Service is already running
[DEBUG Sep 17 13:06:36.844591201, secrets.go:35] Gcloud Secretmanager failed to initialize (ignore if you're not trying to use gcloud): google: could not find default credentials. See https://developers.google.com/accounts/docs/application-default-credentials for more information.
[DEBUG Sep 17 13:06:36.848345379, output.go:53] Requested outputer for 
[DEBUG Sep 17 13:06:36.848373109, output.go:58] Using Plain outputer
[DEBUG Sep 17 13:06:36.848443651, termutils.go:17] Cannot get terminal size: inappropriate ioctl for device
[DEBUG Sep 17 13:06:36.848555685, main.go:107] Running CmdStart
[DEBUG Sep 17 13:06:36.855757305, client.go:128] Reporting event to 2 reporters: run-command, state-svc start, 
[DEBUG Sep 17 13:06:36.861718650, errs.go:75] Wrapped error: Service is already running -- with: valueF failed
[DEBUG Sep 17 13:06:36.861776997, errs.go:75] Wrapped error: valueF failed -- with: Could not store pid
[DEBUG Sep 17 13:06:36.861856937, errors.go:113] Wrapped input error: Could not store pid -- with: A State Service instance is already running in the background.
[DEBUG Sep 17 13:06:36.861868744, errs.go:75] Wrapped error: A State Service instance is already running in the background. -- with: Could not start serviceManager
[DEBUG Sep 17 13:06:36.861959420, client.go:128] Reporting event to 2 reporters: command-exit, state-svc start, 1
[DEBUG Sep 17 13:06:37.259404208, errs.go:75] Wrapped error: <nil> -- with: Could not start serviceManager: A State Service instance is already running in the background.: Could not store pid: valueF failed: Service is already running
[DEBUG Sep 17 13:06:37.259471060, main.go:61] state-svc errored out due to input: Could not start serviceManager: A State Service instance is already running in the background.: Could not store pid: valueF failed: Service is already running
