[DEBUG Sep 18 09:28:27.629363415, defaults.go:273] Args: [/home1/wangfeim/.local/ActiveState/StateTool/release/bin/state-svc start]
[DEBUG Sep 18 09:28:27.644215597, locale.go:38] Init
[DEBUG Sep 18 09:28:27.702054600, errs.go:68] Created error: File could not be found
[DEBUG Sep 18 09:28:27.705081260, errs.go:68] Created error: Not Recognized
[DEBUG Sep 18 09:28:27.726711460, errs.go:68] Created error: Secret not found
[DEBUG Sep 18 09:28:27.726756069, errs.go:68] Created error: Could not save keypair
[DEBUG Sep 18 09:28:27.726923218, errs.go:68] Created error: Build responded with error
[DEBUG Sep 18 09:28:27.726950970, errs.go:68] Created error: Unknown build type
[DEBUG Sep 18 09:28:27.727339682, errors.go:86] Wrapped localized error: <nil> -- with: The installed version of the State Tool Service does not match that of the client.
Please stop the service with [ACTIONABLE]state-svc stop[/RESET] and try your command again.
If this issue persists please reinstall the State Tool.

[DEBUG Sep 18 09:28:27.727359310, errs.go:68] Created error: no data
[DEBUG Sep 18 09:28:27.727390194, errs.go:68] Created error: member not found
[DEBUG Sep 18 09:28:27.727420419, errs.go:68] Created error: Commit count is unknowable
[DEBUG Sep 18 09:28:27.727448295, errs.go:68] Created error: No merge required
[DEBUG Sep 18 09:28:27.727473392, errs.go:68] Created error: Can't merge commit thats already in target commits history
[DEBUG Sep 18 09:28:27.727503275, errs.go:68] Created error: Bad expander name
[DEBUG Sep 18 09:28:27.727530493, errs.go:68] Created error: Expander has no handler
[DEBUG Sep 18 09:28:27.728941528, errs.go:68] Created error: Service is already running
[DEBUG Sep 18 09:28:27.758640167, secrets.go:35] Gcloud Secretmanager failed to initialize (ignore if you're not trying to use gcloud): google: could not find default credentials. See https://developers.google.com/accounts/docs/application-default-credentials for more information.
[DEBUG Sep 18 09:28:27.761745534, output.go:53] Requested outputer for 
[DEBUG Sep 18 09:28:27.761762906, output.go:58] Using Plain outputer
[DEBUG Sep 18 09:28:27.761827723, termutils.go:17] Cannot get terminal size: inappropriate ioctl for device
[DEBUG Sep 18 09:28:27.761914625, main.go:107] Running CmdStart
[DEBUG Sep 18 09:28:27.762864387, exeutils.go:149] Executing: /home1/wangfeim/.local/ActiveState/StateTool/release/bin/state-svc [foreground]
[DEBUG Sep 18 09:28:27.766695361, manager.go:68] Process started using pid 8039
[DEBUG Sep 18 09:28:27.766744736, client.go:128] Reporting event to 2 reporters: command-exit, state-svc start, 0
[DEBUG Sep 18 09:28:27.766964153, client.go:128] Reporting event to 2 reporters: run-command, state-svc start, 
