[DEBUG Sep 17 07:36:29.762339325, errs.go:68] Created error: File could not be found
[DEBUG Sep 17 07:36:29.767768330, errs.go:68] Created error: Not Recognized
[DEBUG Sep 17 07:36:29.762531633, log.go:184] Rollbar error: empty token

[DEBUG Sep 17 07:36:29.827872901, errs.go:68] Created error: Secret not found
[DEBUG Sep 17 07:36:29.827962207, errs.go:68] Created error: Could not save keypair
[DEBUG Sep 17 07:36:29.828787898, errs.go:68] Created error: Build responded with error
[DEBUG Sep 17 07:36:29.828980986, errs.go:68] Created error: Unknown build type
[DEBUG Sep 17 07:36:29.829684186, errors.go:86] Wrapped localized error: <nil> -- with: The installed version of the State Tool Service does not match that of the client.
Please stop the service with [ACTIONABLE]state-svc stop[/RESET] and try your command again.
If this issue persists please reinstall the State Tool.

[DEBUG Sep 17 07:36:29.829845028, errs.go:68] Created error: no data
[DEBUG Sep 17 07:36:29.830100054, errs.go:68] Created error: member not found
[DEBUG Sep 17 07:36:29.830396871, errs.go:68] Created error: Commit count is unknowable
[DEBUG Sep 17 07:36:29.830590796, errs.go:68] Created error: No merge required
[DEBUG Sep 17 07:36:29.830835072, errs.go:68] Created error: Can't merge commit thats already in target commits history
[DEBUG Sep 17 07:36:29.830989730, errs.go:68] Created error: Bad expander name
[DEBUG Sep 17 07:36:29.831326362, errs.go:68] Created error: Expander has no handler
[DEBUG Sep 17 07:36:29.836497423, errs.go:68] Created error: Service is already running
[DEBUG Sep 17 07:36:29.978907143, secrets.go:35] Gcloud Secretmanager failed to initialize (ignore if you're not trying to use gcloud): google: could not find default credentials. See https://developers.google.com/accounts/docs/application-default-credentials for more information.
[DEBUG Sep 17 07:36:29.989269845, output.go:53] Requested outputer for 
[DEBUG Sep 17 07:36:29.989354544, output.go:58] Using Plain outputer
[DEBUG Sep 17 07:36:29.989688399, termutils.go:17] Cannot get terminal size: inappropriate ioctl for device
[DEBUG Sep 17 07:36:29.990160738, main.go:137] Running CmdForeground
[DEBUG Sep 17 07:36:29.990182306, main.go:147] Running in Foreground
[DEBUG Sep 17 07:36:29.990411670, client.go:128] Reporting event to 2 reporters: run-command, state-svc foreground, 
[DEBUG Sep 17 07:36:29.991576853, service.go:30] service:Start
[DEBUG Sep 17 07:36:30.486058315, errs.go:75] Wrapped error: disk I/O error (266) -- with: Could not store setting
[DEBUG Sep 17 07:36:30.486174652, errs.go:75] Wrapped error: Could not store setting -- with: Could not save config
[DEBUG Sep 17 07:36:30.486281011, errs.go:75] Wrapped error: Could not save config -- with: Could not start service
