[DEBUG Aug  2 08:20:34.019154954, defaults.go:273] Args: [/home1/wangfeim/.local/ActiveState/StateTool/release/bin/state-svc start]
[DEBUG Aug  2 08:20:34.032929381, locale.go:38] Init
[DEBUG Aug  2 08:20:34.074271081, errs.go:68] Created error: File could not be found
[DEBUG Aug  2 08:20:34.077274483, errs.go:68] Created error: Not Recognized
[DEBUG Aug  2 08:20:34.098902269, errs.go:68] Created error: Secret not found
[DEBUG Aug  2 08:20:34.098954996, errs.go:68] Created error: Could not save keypair
[DEBUG Aug  2 08:20:34.099124712, errs.go:68] Created error: Build responded with error
[DEBUG Aug  2 08:20:34.099159280, errs.go:68] Created error: Unknown build type
[DEBUG Aug  2 08:20:34.099274115, errors.go:86] Wrapped localized error: <nil> -- with: The installed version of the State Tool Service does not match that of the client.
Please stop the service with [ACTIONABLE]state-svc stop[/RESET] and try your command again.
If this issue persists please reinstall the State Tool.

[DEBUG Aug  2 08:20:34.099291438, errs.go:68] Created error: no data
[DEBUG Aug  2 08:20:34.099315888, errs.go:68] Created error: member not found
[DEBUG Aug  2 08:20:34.099345708, errs.go:68] Created error: Commit count is unknowable
[DEBUG Aug  2 08:20:34.099375138, errs.go:68] Created error: No merge required
[DEBUG Aug  2 08:20:34.099398843, errs.go:68] Created error: Can't merge commit thats already in target commits history
[DEBUG Aug  2 08:20:34.099424717, errs.go:68] Created error: Bad expander name
[DEBUG Aug  2 08:20:34.099448056, errs.go:68] Created error: Expander has no handler
[DEBUG Aug  2 08:20:34.100589031, errs.go:68] Created error: Service is already running
[DEBUG Aug  2 08:20:34.129295723, secrets.go:35] Gcloud Secretmanager failed to initialize (ignore if you're not trying to use gcloud): google: could not find default credentials. See https://developers.google.com/accounts/docs/application-default-credentials for more information.
[DEBUG Aug  2 08:20:34.132687875, output.go:53] Requested outputer for 
[DEBUG Aug  2 08:20:34.132707925, output.go:58] Using Plain outputer
[DEBUG Aug  2 08:20:34.132780089, termutils.go:17] Cannot get terminal size: inappropriate ioctl for device
[DEBUG Aug  2 08:20:34.132875789, client.go:128] Reporting event to 2 reporters: run-command, state-svc start, 
[DEBUG Aug  2 08:20:34.132905858, main.go:107] Running CmdStart
[DEBUG Aug  2 08:20:34.138612445, errs.go:75] Wrapped error: Service is already running -- with: valueF failed
[DEBUG Aug  2 08:20:34.138666618, errs.go:75] Wrapped error: valueF failed -- with: Could not store pid
[DEBUG Aug  2 08:20:34.138727593, errors.go:113] Wrapped input error: Could not store pid -- with: A State Service instance is already running in the background.
[DEBUG Aug  2 08:20:34.138740146, errs.go:75] Wrapped error: A State Service instance is already running in the background. -- with: Could not start serviceManager
[DEBUG Aug  2 08:20:34.138825879, client.go:128] Reporting event to 2 reporters: command-exit, state-svc start, 1
[DEBUG Aug  2 08:20:34.462600212, errs.go:75] Wrapped error: <nil> -- with: Could not start serviceManager: A State Service instance is already running in the background.: Could not store pid: valueF failed: Service is already running
[DEBUG Aug  2 08:20:34.462697139, main.go:61] state-svc errored out due to input: Could not start serviceManager: A State Service instance is already running in the background.: Could not store pid: valueF failed: Service is already running
