[DEBUG Aug  2 08:18:10.992099537, defaults.go:273] Args: [/home1/wangfeim/.local/ActiveState/StateTool/release/bin/state-svc start]
[DEBUG Aug  2 08:18:11.006890619, locale.go:38] Init
[DEBUG Aug  2 08:18:11.049791147, errs.go:68] Created error: File could not be found
[DEBUG Aug  2 08:18:11.052777562, errs.go:68] Created error: Not Recognized
[DEBUG Aug  2 08:18:11.103561384, errs.go:68] Created error: Secret not found
[DEBUG Aug  2 08:18:11.103615672, errs.go:68] Created error: Could not save keypair
[DEBUG Aug  2 08:18:11.103785770, errs.go:68] Created error: Build responded with error
[DEBUG Aug  2 08:18:11.103814256, errs.go:68] Created error: Unknown build type
[DEBUG Aug  2 08:18:11.103931805, errors.go:86] Wrapped localized error: <nil> -- with: The installed version of the State Tool Service does not match that of the client.
Please stop the service with [ACTIONABLE]state-svc stop[/RESET] and try your command again.
If this issue persists please reinstall the State Tool.

[DEBUG Aug  2 08:18:11.103947087, errs.go:68] Created error: no data
[DEBUG Aug  2 08:18:11.103972037, errs.go:68] Created error: member not found
[DEBUG Aug  2 08:18:11.103997065, errs.go:68] Created error: Commit count is unknowable
[DEBUG Aug  2 08:18:11.104031706, errs.go:68] Created error: No merge required
[DEBUG Aug  2 08:18:11.104055344, errs.go:68] Created error: Can't merge commit thats already in target commits history
[DEBUG Aug  2 08:18:11.104085383, errs.go:68] Created error: Bad expander name
[DEBUG Aug  2 08:18:11.104108731, errs.go:68] Created error: Expander has no handler
[DEBUG Aug  2 08:18:11.105217225, errs.go:68] Created error: Service is already running
[DEBUG Aug  2 08:18:11.135402935, secrets.go:35] Gcloud Secretmanager failed to initialize (ignore if you're not trying to use gcloud): google: could not find default credentials. See https://developers.google.com/accounts/docs/application-default-credentials for more information.
[DEBUG Aug  2 08:18:11.187879884, output.go:53] Requested outputer for 
[DEBUG Aug  2 08:18:11.187904562, output.go:58] Using Plain outputer
[DEBUG Aug  2 08:18:11.187975177, termutils.go:17] Cannot get terminal size: inappropriate ioctl for device
[DEBUG Aug  2 08:18:11.188127869, client.go:128] Reporting event to 2 reporters: run-command, state-svc start, 
[DEBUG Aug  2 08:18:11.188132879, main.go:107] Running CmdStart
[DEBUG Aug  2 08:18:11.194461997, errs.go:75] Wrapped error: Service is already running -- with: valueF failed
[DEBUG Aug  2 08:18:11.194523387, errs.go:75] Wrapped error: valueF failed -- with: Could not store pid
[DEBUG Aug  2 08:18:11.194634500, errors.go:113] Wrapped input error: Could not store pid -- with: A State Service instance is already running in the background.
[DEBUG Aug  2 08:18:11.194649576, errs.go:75] Wrapped error: A State Service instance is already running in the background. -- with: Could not start serviceManager
[DEBUG Aug  2 08:18:11.194756752, client.go:128] Reporting event to 2 reporters: command-exit, state-svc start, 1
[DEBUG Aug  2 08:18:11.561806256, errs.go:75] Wrapped error: <nil> -- with: Could not start serviceManager: A State Service instance is already running in the background.: Could not store pid: valueF failed: Service is already running
[DEBUG Aug  2 08:18:11.561876656, main.go:61] state-svc errored out due to input: Could not start serviceManager: A State Service instance is already running in the background.: Could not store pid: valueF failed: Service is already running
