[DEBUG Aug  2 08:20:08.942633146, defaults.go:273] Args: [/home1/wangfeim/.local/ActiveState/StateTool/release/bin/state-svc start]
[DEBUG Aug  2 08:20:08.957844762, locale.go:38] Init
[DEBUG Aug  2 08:20:09.013448960, errs.go:68] Created error: File could not be found
[DEBUG Aug  2 08:20:09.016737835, errs.go:68] Created error: Not Recognized
[DEBUG Aug  2 08:20:09.037827377, errs.go:68] Created error: Secret not found
[DEBUG Aug  2 08:20:09.037881208, errs.go:68] Created error: Could not save keypair
[DEBUG Aug  2 08:20:09.038061245, errs.go:68] Created error: Build responded with error
[DEBUG Aug  2 08:20:09.038096900, errs.go:68] Created error: Unknown build type
[DEBUG Aug  2 08:20:09.038208588, errors.go:86] Wrapped localized error: <nil> -- with: The installed version of the State Tool Service does not match that of the client.
Please stop the service with [ACTIONABLE]state-svc stop[/RESET] and try your command again.
If this issue persists please reinstall the State Tool.

[DEBUG Aug  2 08:20:09.038222507, errs.go:68] Created error: no data
[DEBUG Aug  2 08:20:09.038252843, errs.go:68] Created error: member not found
[DEBUG Aug  2 08:20:09.038283210, errs.go:68] Created error: Commit count is unknowable
[DEBUG Aug  2 08:20:09.038311431, errs.go:68] Created error: No merge required
[DEBUG Aug  2 08:20:09.038343627, errs.go:68] Created error: Can't merge commit thats already in target commits history
[DEBUG Aug  2 08:20:09.038368548, errs.go:68] Created error: Bad expander name
[DEBUG Aug  2 08:20:09.038395750, errs.go:68] Created error: Expander has no handler
[DEBUG Aug  2 08:20:09.039516066, errs.go:68] Created error: Service is already running
[DEBUG Aug  2 08:20:09.101739726, secrets.go:35] Gcloud Secretmanager failed to initialize (ignore if you're not trying to use gcloud): google: could not find default credentials. See https://developers.google.com/accounts/docs/application-default-credentials for more information.
[DEBUG Aug  2 08:20:09.106705764, output.go:53] Requested outputer for 
[DEBUG Aug  2 08:20:09.106730242, output.go:58] Using Plain outputer
[DEBUG Aug  2 08:20:09.106806979, termutils.go:17] Cannot get terminal size: inappropriate ioctl for device
[DEBUG Aug  2 08:20:09.106898678, client.go:128] Reporting event to 2 reporters: run-command, state-svc start, 
[DEBUG Aug  2 08:20:09.107042023, main.go:107] Running CmdStart
[DEBUG Aug  2 08:20:09.112777842, errs.go:75] Wrapped error: Service is already running -- with: valueF failed
[DEBUG Aug  2 08:20:09.112834180, errs.go:75] Wrapped error: valueF failed -- with: Could not store pid
[DEBUG Aug  2 08:20:09.112906888, errors.go:113] Wrapped input error: Could not store pid -- with: A State Service instance is already running in the background.
[DEBUG Aug  2 08:20:09.112921088, errs.go:75] Wrapped error: A State Service instance is already running in the background. -- with: Could not start serviceManager
[DEBUG Aug  2 08:20:09.112985228, client.go:128] Reporting event to 2 reporters: command-exit, state-svc start, 1
[DEBUG Aug  2 08:20:09.485075209, errs.go:75] Wrapped error: <nil> -- with: Could not start serviceManager: A State Service instance is already running in the background.: Could not store pid: valueF failed: Service is already running
[DEBUG Aug  2 08:20:09.485159596, main.go:61] state-svc errored out due to input: Could not start serviceManager: A State Service instance is already running in the background.: Could not store pid: valueF failed: Service is already running
