[DEBUG Aug  2 07:58:21.290210910, defaults.go:273] Args: [/home1/wangfeim/.local/ActiveState/StateTool/release/bin/state-svc start]
[DEBUG Aug  2 07:58:21.305155053, locale.go:38] Init
[DEBUG Aug  2 07:58:21.364628801, errs.go:68] Created error: File could not be found
[DEBUG Aug  2 07:58:21.367926331, errs.go:68] Created error: Not Recognized
[DEBUG Aug  2 07:58:21.413514750, errs.go:68] Created error: Secret not found
[DEBUG Aug  2 07:58:21.413586161, errs.go:68] Created error: Could not save keypair
[DEBUG Aug  2 07:58:21.413761068, errs.go:68] Created error: Build responded with error
[DEBUG Aug  2 07:58:21.413796163, errs.go:68] Created error: Unknown build type
[DEBUG Aug  2 07:58:21.413920860, errors.go:86] Wrapped localized error: <nil> -- with: The installed version of the State Tool Service does not match that of the client.
Please stop the service with [ACTIONABLE]state-svc stop[/RESET] and try your command again.
If this issue persists please reinstall the State Tool.

[DEBUG Aug  2 07:58:21.413937077, errs.go:68] Created error: no data
[DEBUG Aug  2 07:58:21.413968867, errs.go:68] Created error: member not found
[DEBUG Aug  2 07:58:21.413993415, errs.go:68] Created error: Commit count is unknowable
[DEBUG Aug  2 07:58:21.414023067, errs.go:68] Created error: No merge required
[DEBUG Aug  2 07:58:21.414047622, errs.go:68] Created error: Can't merge commit thats already in target commits history
[DEBUG Aug  2 07:58:21.414075442, errs.go:68] Created error: Bad expander name
[DEBUG Aug  2 07:58:21.414100215, errs.go:68] Created error: Expander has no handler
[DEBUG Aug  2 07:58:21.415259555, errs.go:68] Created error: Service is already running
[DEBUG Aug  2 07:58:21.488312731, secrets.go:35] Gcloud Secretmanager failed to initialize (ignore if you're not trying to use gcloud): google: could not find default credentials. See https://developers.google.com/accounts/docs/application-default-credentials for more information.
[DEBUG Aug  2 07:58:21.491729943, output.go:53] Requested outputer for 
[DEBUG Aug  2 07:58:21.491754890, output.go:58] Using Plain outputer
[DEBUG Aug  2 07:58:21.491855394, termutils.go:17] Cannot get terminal size: inappropriate ioctl for device
[DEBUG Aug  2 07:58:21.491948613, client.go:128] Reporting event to 2 reporters: run-command, state-svc start, 
[DEBUG Aug  2 07:58:21.491999710, main.go:107] Running CmdStart
[DEBUG Aug  2 07:58:21.497519702, errs.go:75] Wrapped error: Service is already running -- with: valueF failed
[DEBUG Aug  2 07:58:21.497593061, errs.go:75] Wrapped error: valueF failed -- with: Could not store pid
[DEBUG Aug  2 07:58:21.497673079, errors.go:113] Wrapped input error: Could not store pid -- with: A State Service instance is already running in the background.
[DEBUG Aug  2 07:58:21.497689051, errs.go:75] Wrapped error: A State Service instance is already running in the background. -- with: Could not start serviceManager
[DEBUG Aug  2 07:58:21.497767856, client.go:128] Reporting event to 2 reporters: command-exit, state-svc start, 1
[DEBUG Aug  2 07:58:21.823823849, errs.go:75] Wrapped error: <nil> -- with: Could not start serviceManager: A State Service instance is already running in the background.: Could not store pid: valueF failed: Service is already running
[DEBUG Aug  2 07:58:21.823889070, main.go:61] state-svc errored out due to input: Could not start serviceManager: A State Service instance is already running in the background.: Could not store pid: valueF failed: Service is already running
