[DEBUG Sep 17 07:20:11.753370962, errs.go:68] Created error: File could not be found
[DEBUG Sep 17 07:20:11.757603491, errs.go:68] Created error: Not Recognized
[DEBUG Sep 17 07:20:11.753527621, log.go:184] Rollbar error: empty token

[DEBUG Sep 17 07:20:11.782202320, errs.go:68] Created error: Secret not found
[DEBUG Sep 17 07:20:11.782303879, errs.go:68] Created error: Could not save keypair
[DEBUG Sep 17 07:20:11.782477894, errs.go:68] Created error: Build responded with error
[DEBUG Sep 17 07:20:11.782831201, errs.go:68] Created error: Unknown build type
[DEBUG Sep 17 07:20:11.782949114, errors.go:86] Wrapped localized error: <nil> -- with: The installed version of the State Tool Service does not match that of the client.
Please stop the service with [ACTIONABLE]state-svc stop[/RESET] and try your command again.
If this issue persists please reinstall the State Tool.

[DEBUG Sep 17 07:20:11.782958728, errs.go:68] Created error: no data
[DEBUG Sep 17 07:20:11.782980289, errs.go:68] Created error: member not found
[DEBUG Sep 17 07:20:11.783000599, errs.go:68] Created error: Commit count is unknowable
[DEBUG Sep 17 07:20:11.783020568, errs.go:68] Created error: No merge required
[DEBUG Sep 17 07:20:11.783037583, errs.go:68] Created error: Can't merge commit thats already in target commits history
[DEBUG Sep 17 07:20:11.783350552, errs.go:68] Created error: Bad expander name
[DEBUG Sep 17 07:20:11.783371963, errs.go:68] Created error: Expander has no handler
[DEBUG Sep 17 07:20:11.786390775, errs.go:68] Created error: Service is already running
[DEBUG Sep 17 07:20:11.824206412, secrets.go:35] Gcloud Secretmanager failed to initialize (ignore if you're not trying to use gcloud): google: could not find default credentials. See https://developers.google.com/accounts/docs/application-default-credentials for more information.
[DEBUG Sep 17 07:20:11.838885281, output.go:53] Requested outputer for 
[DEBUG Sep 17 07:20:11.838917659, output.go:58] Using Plain outputer
[DEBUG Sep 17 07:20:11.838996234, termutils.go:17] Cannot get terminal size: inappropriate ioctl for device
[DEBUG Sep 17 07:20:11.841645033, client.go:128] Reporting event to 2 reporters: run-command, state-svc foreground, 
[DEBUG Sep 17 07:20:11.842036026, main.go:137] Running CmdForeground
[DEBUG Sep 17 07:20:11.842052260, main.go:147] Running in Foreground
[DEBUG Sep 17 07:20:11.842116674, service.go:30] service:Start
