[DEBUG Aug  2 08:00:07.718243185, defaults.go:273] Args: [/home1/wangfeim/.local/ActiveState/StateTool/release/bin/state-svc start]
[DEBUG Aug  2 08:00:07.732664714, locale.go:38] Init
[DEBUG Aug  2 08:00:07.804858255, errs.go:68] Created error: File could not be found
[DEBUG Aug  2 08:00:07.807877024, errs.go:68] Created error: Not Recognized
[DEBUG Aug  2 08:00:07.828811876, errs.go:68] Created error: Secret not found
[DEBUG Aug  2 08:00:07.828864377, errs.go:68] Created error: Could not save keypair
[DEBUG Aug  2 08:00:07.829050209, errs.go:68] Created error: Build responded with error
[DEBUG Aug  2 08:00:07.829089891, errs.go:68] Created error: Unknown build type
[DEBUG Aug  2 08:00:07.829219101, errors.go:86] Wrapped localized error: <nil> -- with: The installed version of the State Tool Service does not match that of the client.
Please stop the service with [ACTIONABLE]state-svc stop[/RESET] and try your command again.
If this issue persists please reinstall the State Tool.

[DEBUG Aug  2 08:00:07.829235523, errs.go:68] Created error: no data
[DEBUG Aug  2 08:00:07.829259029, errs.go:68] Created error: member not found
[DEBUG Aug  2 08:00:07.829295945, errs.go:68] Created error: Commit count is unknowable
[DEBUG Aug  2 08:00:07.829319080, errs.go:68] Created error: No merge required
[DEBUG Aug  2 08:00:07.829341054, errs.go:68] Created error: Can't merge commit thats already in target commits history
[DEBUG Aug  2 08:00:07.829364645, errs.go:68] Created error: Bad expander name
[DEBUG Aug  2 08:00:07.829387633, errs.go:68] Created error: Expander has no handler
[DEBUG Aug  2 08:00:07.830563550, errs.go:68] Created error: Service is already running
[DEBUG Aug  2 08:00:07.887434608, secrets.go:35] Gcloud Secretmanager failed to initialize (ignore if you're not trying to use gcloud): google: could not find default credentials. See https://developers.google.com/accounts/docs/application-default-credentials for more information.
[DEBUG Aug  2 08:00:07.891059569, output.go:53] Requested outputer for 
[DEBUG Aug  2 08:00:07.891098425, output.go:58] Using Plain outputer
[DEBUG Aug  2 08:00:07.891183808, termutils.go:17] Cannot get terminal size: inappropriate ioctl for device
[DEBUG Aug  2 08:00:07.891296230, client.go:128] Reporting event to 2 reporters: run-command, state-svc start, 
[DEBUG Aug  2 08:00:07.891334237, main.go:107] Running CmdStart
[DEBUG Aug  2 08:00:07.897178506, errs.go:75] Wrapped error: Service is already running -- with: valueF failed
[DEBUG Aug  2 08:00:07.897247025, errs.go:75] Wrapped error: valueF failed -- with: Could not store pid
[DEBUG Aug  2 08:00:07.897329570, errors.go:113] Wrapped input error: Could not store pid -- with: A State Service instance is already running in the background.
[DEBUG Aug  2 08:00:07.897344407, errs.go:75] Wrapped error: A State Service instance is already running in the background. -- with: Could not start serviceManager
[DEBUG Aug  2 08:00:07.897407333, client.go:128] Reporting event to 2 reporters: command-exit, state-svc start, 1
[DEBUG Aug  2 08:00:08.284880166, errs.go:75] Wrapped error: <nil> -- with: Could not start serviceManager: A State Service instance is already running in the background.: Could not store pid: valueF failed: Service is already running
[DEBUG Aug  2 08:00:08.284951248, main.go:61] state-svc errored out due to input: Could not start serviceManager: A State Service instance is already running in the background.: Could not store pid: valueF failed: Service is already running
