[DEBUG Aug  2 08:01:48.389953571, defaults.go:273] Args: [/home1/wangfeim/.local/ActiveState/StateTool/release/bin/state-svc start]
[DEBUG Aug  2 08:01:48.402791028, locale.go:38] Init
[DEBUG Aug  2 08:01:48.443278176, errs.go:68] Created error: File could not be found
[DEBUG Aug  2 08:01:48.446113378, errs.go:68] Created error: Not Recognized
[DEBUG Aug  2 08:01:48.496232927, errs.go:68] Created error: Secret not found
[DEBUG Aug  2 08:01:48.496284401, errs.go:68] Created error: Could not save keypair
[DEBUG Aug  2 08:01:48.496494501, errs.go:68] Created error: Build responded with error
[DEBUG Aug  2 08:01:48.496534635, errs.go:68] Created error: Unknown build type
[DEBUG Aug  2 08:01:48.496654759, errors.go:86] Wrapped localized error: <nil> -- with: The installed version of the State Tool Service does not match that of the client.
Please stop the service with [ACTIONABLE]state-svc stop[/RESET] and try your command again.
If this issue persists please reinstall the State Tool.

[DEBUG Aug  2 08:01:48.496668743, errs.go:68] Created error: no data
[DEBUG Aug  2 08:01:48.496693459, errs.go:68] Created error: member not found
[DEBUG Aug  2 08:01:48.496717217, errs.go:68] Created error: Commit count is unknowable
[DEBUG Aug  2 08:01:48.496739844, errs.go:68] Created error: No merge required
[DEBUG Aug  2 08:01:48.496762945, errs.go:68] Created error: Can't merge commit thats already in target commits history
[DEBUG Aug  2 08:01:48.496787659, errs.go:68] Created error: Bad expander name
[DEBUG Aug  2 08:01:48.496810454, errs.go:68] Created error: Expander has no handler
[DEBUG Aug  2 08:01:48.498645324, errs.go:68] Created error: Service is already running
[DEBUG Aug  2 08:01:48.524953701, secrets.go:35] Gcloud Secretmanager failed to initialize (ignore if you're not trying to use gcloud): google: could not find default credentials. See https://developers.google.com/accounts/docs/application-default-credentials for more information.
[DEBUG Aug  2 08:01:48.530038068, output.go:53] Requested outputer for 
[DEBUG Aug  2 08:01:48.530086118, output.go:58] Using Plain outputer
[DEBUG Aug  2 08:01:48.530177427, termutils.go:17] Cannot get terminal size: inappropriate ioctl for device
[DEBUG Aug  2 08:01:48.530265743, client.go:128] Reporting event to 2 reporters: run-command, state-svc start, 
[DEBUG Aug  2 08:01:48.530385871, main.go:107] Running CmdStart
[DEBUG Aug  2 08:01:48.536260663, errs.go:75] Wrapped error: Service is already running -- with: valueF failed
[DEBUG Aug  2 08:01:48.536325252, errs.go:75] Wrapped error: valueF failed -- with: Could not store pid
[DEBUG Aug  2 08:01:48.536411432, errors.go:113] Wrapped input error: Could not store pid -- with: A State Service instance is already running in the background.
[DEBUG Aug  2 08:01:48.536427830, errs.go:75] Wrapped error: A State Service instance is already running in the background. -- with: Could not start serviceManager
[DEBUG Aug  2 08:01:48.536564089, client.go:128] Reporting event to 2 reporters: command-exit, state-svc start, 1
[DEBUG Aug  2 08:01:48.888694385, errs.go:75] Wrapped error: <nil> -- with: Could not start serviceManager: A State Service instance is already running in the background.: Could not store pid: valueF failed: Service is already running
[DEBUG Aug  2 08:01:48.888822252, main.go:61] state-svc errored out due to input: Could not start serviceManager: A State Service instance is already running in the background.: Could not store pid: valueF failed: Service is already running
