[DEBUG Aug  2 08:02:18.804868876, defaults.go:273] Args: [/home1/wangfeim/.local/ActiveState/StateTool/release/bin/state-svc start]
[DEBUG Aug  2 08:02:18.819391329, locale.go:38] Init
[DEBUG Aug  2 08:02:18.897257109, errs.go:68] Created error: File could not be found
[DEBUG Aug  2 08:02:18.900450734, errs.go:68] Created error: Not Recognized
[DEBUG Aug  2 08:02:18.921858881, errs.go:68] Created error: Secret not found
[DEBUG Aug  2 08:02:18.921933015, errs.go:68] Created error: Could not save keypair
[DEBUG Aug  2 08:02:18.922281451, errs.go:68] Created error: Build responded with error
[DEBUG Aug  2 08:02:18.922336076, errs.go:68] Created error: Unknown build type
[DEBUG Aug  2 08:02:18.922556434, errors.go:86] Wrapped localized error: <nil> -- with: The installed version of the State Tool Service does not match that of the client.
Please stop the service with [ACTIONABLE]state-svc stop[/RESET] and try your command again.
If this issue persists please reinstall the State Tool.

[DEBUG Aug  2 08:02:18.922583083, errs.go:68] Created error: no data
[DEBUG Aug  2 08:02:18.922625072, errs.go:68] Created error: member not found
[DEBUG Aug  2 08:02:18.922664947, errs.go:68] Created error: Commit count is unknowable
[DEBUG Aug  2 08:02:18.922701884, errs.go:68] Created error: No merge required
[DEBUG Aug  2 08:02:18.922760119, errs.go:68] Created error: Can't merge commit thats already in target commits history
[DEBUG Aug  2 08:02:18.922795184, errs.go:68] Created error: Bad expander name
[DEBUG Aug  2 08:02:18.923005075, errs.go:68] Created error: Expander has no handler
[DEBUG Aug  2 08:02:18.924574692, errs.go:68] Created error: Service is already running
[DEBUG Aug  2 08:02:18.954705274, secrets.go:35] Gcloud Secretmanager failed to initialize (ignore if you're not trying to use gcloud): google: could not find default credentials. See https://developers.google.com/accounts/docs/application-default-credentials for more information.
[DEBUG Aug  2 08:02:18.985963917, output.go:53] Requested outputer for 
[DEBUG Aug  2 08:02:18.985988757, output.go:58] Using Plain outputer
[DEBUG Aug  2 08:02:18.986055123, termutils.go:17] Cannot get terminal size: inappropriate ioctl for device
[DEBUG Aug  2 08:02:18.986175940, client.go:128] Reporting event to 2 reporters: run-command, state-svc start, 
[DEBUG Aug  2 08:02:18.986270722, main.go:107] Running CmdStart
[DEBUG Aug  2 08:02:18.992259141, errs.go:75] Wrapped error: Service is already running -- with: valueF failed
[DEBUG Aug  2 08:02:18.992320280, errs.go:75] Wrapped error: valueF failed -- with: Could not store pid
[DEBUG Aug  2 08:02:18.992399513, errors.go:113] Wrapped input error: Could not store pid -- with: A State Service instance is already running in the background.
[DEBUG Aug  2 08:02:18.992414295, errs.go:75] Wrapped error: A State Service instance is already running in the background. -- with: Could not start serviceManager
[DEBUG Aug  2 08:02:18.992479733, client.go:128] Reporting event to 2 reporters: command-exit, state-svc start, 1
[DEBUG Aug  2 08:02:19.321116126, errs.go:75] Wrapped error: <nil> -- with: Could not start serviceManager: A State Service instance is already running in the background.: Could not store pid: valueF failed: Service is already running
[DEBUG Aug  2 08:02:19.321173229, main.go:61] state-svc errored out due to input: Could not start serviceManager: A State Service instance is already running in the background.: Could not store pid: valueF failed: Service is already running
