[DEBUG Sep 17 23:58:08.771043871, defaults.go:273] Args: [/home1/wangfeim/.local/ActiveState/StateTool/release/bin/state-svc start]
[DEBUG Sep 17 23:58:08.787399938, locale.go:38] Init
[DEBUG Sep 17 23:58:08.820306485, errs.go:68] Created error: File could not be found
[DEBUG Sep 17 23:58:08.823282537, errs.go:68] Created error: Not Recognized
[DEBUG Sep 17 23:58:08.844806351, errs.go:68] Created error: Secret not found
[DEBUG Sep 17 23:58:08.844899322, errs.go:68] Created error: Could not save keypair
[DEBUG Sep 17 23:58:08.845132869, errs.go:68] Created error: Build responded with error
[DEBUG Sep 17 23:58:08.845175622, errs.go:68] Created error: Unknown build type
[DEBUG Sep 17 23:58:08.845319118, errors.go:86] Wrapped localized error: <nil> -- with: The installed version of the State Tool Service does not match that of the client.
Please stop the service with [ACTIONABLE]state-svc stop[/RESET] and try your command again.
If this issue persists please reinstall the State Tool.

[DEBUG Sep 17 23:58:08.845336146, errs.go:68] Created error: no data
[DEBUG Sep 17 23:58:08.845367113, errs.go:68] Created error: member not found
[DEBUG Sep 17 23:58:08.845394889, errs.go:68] Created error: Commit count is unknowable
[DEBUG Sep 17 23:58:08.845733602, errs.go:68] Created error: No merge required
[DEBUG Sep 17 23:58:08.845766115, errs.go:68] Created error: Can't merge commit thats already in target commits history
[DEBUG Sep 17 23:58:08.845795064, errs.go:68] Created error: Bad expander name
[DEBUG Sep 17 23:58:08.845835095, errs.go:68] Created error: Expander has no handler
[DEBUG Sep 17 23:58:08.847852467, errs.go:68] Created error: Service is already running
[DEBUG Sep 17 23:58:08.885141278, secrets.go:35] Gcloud Secretmanager failed to initialize (ignore if you're not trying to use gcloud): google: could not find default credentials. See https://developers.google.com/accounts/docs/application-default-credentials for more information.
[DEBUG Sep 17 23:58:08.889472999, output.go:53] Requested outputer for 
[DEBUG Sep 17 23:58:08.889492446, output.go:58] Using Plain outputer
[DEBUG Sep 17 23:58:08.889586396, termutils.go:17] Cannot get terminal size: inappropriate ioctl for device
[DEBUG Sep 17 23:58:08.889725759, main.go:107] Running CmdStart
[DEBUG Sep 17 23:58:08.892470330, errs.go:75] Wrapped error: Service is already running -- with: valueF failed
[DEBUG Sep 17 23:58:08.892518983, errs.go:75] Wrapped error: valueF failed -- with: Could not store pid
[DEBUG Sep 17 23:58:08.892585470, errors.go:113] Wrapped input error: Could not store pid -- with: A State Service instance is already running in the background.
[DEBUG Sep 17 23:58:08.892598856, errs.go:75] Wrapped error: A State Service instance is already running in the background. -- with: Could not start serviceManager
[DEBUG Sep 17 23:58:08.892667360, client.go:128] Reporting event to 2 reporters: command-exit, state-svc start, 1
[DEBUG Sep 17 23:58:08.892914271, client.go:128] Reporting event to 2 reporters: run-command, state-svc start, 
[DEBUG Sep 17 23:58:09.255360147, errs.go:75] Wrapped error: <nil> -- with: Could not start serviceManager: A State Service instance is already running in the background.: Could not store pid: valueF failed: Service is already running
[DEBUG Sep 17 23:58:09.255441418, main.go:61] state-svc errored out due to input: Could not start serviceManager: A State Service instance is already running in the background.: Could not store pid: valueF failed: Service is already running
