[DEBUG Aug  2 07:53:20.604646506, defaults.go:273] Args: [/home1/wangfeim/.local/ActiveState/StateTool/release/bin/state-svc start]
[DEBUG Aug  2 07:53:20.618528304, locale.go:38] Init
[DEBUG Aug  2 07:53:20.694892015, errs.go:68] Created error: File could not be found
[DEBUG Aug  2 07:53:20.698093680, errs.go:68] Created error: Not Recognized
[DEBUG Aug  2 07:53:20.718699874, errs.go:68] Created error: Secret not found
[DEBUG Aug  2 07:53:20.718751637, errs.go:68] Created error: Could not save keypair
[DEBUG Aug  2 07:53:20.718925659, errs.go:68] Created error: Build responded with error
[DEBUG Aug  2 07:53:20.718970234, errs.go:68] Created error: Unknown build type
[DEBUG Aug  2 07:53:20.719086495, errors.go:86] Wrapped localized error: <nil> -- with: The installed version of the State Tool Service does not match that of the client.
Please stop the service with [ACTIONABLE]state-svc stop[/RESET] and try your command again.
If this issue persists please reinstall the State Tool.

[DEBUG Aug  2 07:53:20.719100639, errs.go:68] Created error: no data
[DEBUG Aug  2 07:53:20.719122679, errs.go:68] Created error: member not found
[DEBUG Aug  2 07:53:20.719144040, errs.go:68] Created error: Commit count is unknowable
[DEBUG Aug  2 07:53:20.719165538, errs.go:68] Created error: No merge required
[DEBUG Aug  2 07:53:20.719186674, errs.go:68] Created error: Can't merge commit thats already in target commits history
[DEBUG Aug  2 07:53:20.719209235, errs.go:68] Created error: Bad expander name
[DEBUG Aug  2 07:53:20.719236243, errs.go:68] Created error: Expander has no handler
[DEBUG Aug  2 07:53:20.720646083, errs.go:68] Created error: Service is already running
[DEBUG Aug  2 07:53:20.786762670, secrets.go:35] Gcloud Secretmanager failed to initialize (ignore if you're not trying to use gcloud): google: could not find default credentials. See https://developers.google.com/accounts/docs/application-default-credentials for more information.
[DEBUG Aug  2 07:53:20.790157762, output.go:53] Requested outputer for 
[DEBUG Aug  2 07:53:20.790181259, output.go:58] Using Plain outputer
[DEBUG Aug  2 07:53:20.790258663, termutils.go:17] Cannot get terminal size: inappropriate ioctl for device
[DEBUG Aug  2 07:53:20.790346978, client.go:128] Reporting event to 2 reporters: run-command, state-svc start, 
[DEBUG Aug  2 07:53:20.790436052, main.go:107] Running CmdStart
[DEBUG Aug  2 07:53:20.796485750, errs.go:75] Wrapped error: Service is already running -- with: valueF failed
[DEBUG Aug  2 07:53:20.796558544, errs.go:75] Wrapped error: valueF failed -- with: Could not store pid
[DEBUG Aug  2 07:53:20.796635039, errors.go:113] Wrapped input error: Could not store pid -- with: A State Service instance is already running in the background.
[DEBUG Aug  2 07:53:20.796650160, errs.go:75] Wrapped error: A State Service instance is already running in the background. -- with: Could not start serviceManager
[DEBUG Aug  2 07:53:20.796713401, client.go:128] Reporting event to 2 reporters: command-exit, state-svc start, 1
[DEBUG Aug  2 07:53:21.121814850, errs.go:75] Wrapped error: <nil> -- with: Could not start serviceManager: A State Service instance is already running in the background.: Could not store pid: valueF failed: Service is already running
[DEBUG Aug  2 07:53:21.121881032, main.go:61] state-svc errored out due to input: Could not start serviceManager: A State Service instance is already running in the background.: Could not store pid: valueF failed: Service is already running
