[DEBUG Aug  2 07:38:28.362270782, defaults.go:273] Args: [/home1/wangfeim/.local/ActiveState/StateTool/release/bin/state-svc start]
[DEBUG Aug  2 07:38:28.391071054, locale.go:38] Init
[DEBUG Aug  2 07:38:28.439864379, errs.go:68] Created error: File could not be found
[DEBUG Aug  2 07:38:28.443078047, errs.go:68] Created error: Not Recognized
[DEBUG Aug  2 07:38:28.505324002, errs.go:68] Created error: Secret not found
[DEBUG Aug  2 07:38:28.505379309, errs.go:68] Created error: Could not save keypair
[DEBUG Aug  2 07:38:28.505677920, errs.go:68] Created error: Build responded with error
[DEBUG Aug  2 07:38:28.505716602, errs.go:68] Created error: Unknown build type
[DEBUG Aug  2 07:38:28.505834714, errors.go:86] Wrapped localized error: <nil> -- with: The installed version of the State Tool Service does not match that of the client.
Please stop the service with [ACTIONABLE]state-svc stop[/RESET] and try your command again.
If this issue persists please reinstall the State Tool.

[DEBUG Aug  2 07:38:28.505848421, errs.go:68] Created error: no data
[DEBUG Aug  2 07:38:28.505873326, errs.go:68] Created error: member not found
[DEBUG Aug  2 07:38:28.505900693, errs.go:68] Created error: Commit count is unknowable
[DEBUG Aug  2 07:38:28.505925465, errs.go:68] Created error: No merge required
[DEBUG Aug  2 07:38:28.505949994, errs.go:68] Created error: Can't merge commit thats already in target commits history
[DEBUG Aug  2 07:38:28.505974993, errs.go:68] Created error: Bad expander name
[DEBUG Aug  2 07:38:28.505999010, errs.go:68] Created error: Expander has no handler
[DEBUG Aug  2 07:38:28.508951977, errs.go:68] Created error: Service is already running
[DEBUG Aug  2 07:38:28.535243691, secrets.go:35] Gcloud Secretmanager failed to initialize (ignore if you're not trying to use gcloud): google: could not find default credentials. See https://developers.google.com/accounts/docs/application-default-credentials for more information.
[DEBUG Aug  2 07:38:28.538871725, output.go:53] Requested outputer for 
[DEBUG Aug  2 07:38:28.538898720, output.go:58] Using Plain outputer
[DEBUG Aug  2 07:38:28.539675625, termutils.go:17] Cannot get terminal size: inappropriate ioctl for device
[DEBUG Aug  2 07:38:28.539883169, client.go:128] Reporting event to 2 reporters: run-command, state-svc start, 
[DEBUG Aug  2 07:38:28.540113880, main.go:107] Running CmdStart
[DEBUG Aug  2 07:38:28.585106550, errs.go:75] Wrapped error: Service is already running -- with: valueF failed
[DEBUG Aug  2 07:38:28.585207720, errs.go:75] Wrapped error: valueF failed -- with: Could not store pid
[DEBUG Aug  2 07:38:28.585340288, errors.go:113] Wrapped input error: Could not store pid -- with: A State Service instance is already running in the background.
[DEBUG Aug  2 07:38:28.585364667, errs.go:75] Wrapped error: A State Service instance is already running in the background. -- with: Could not start serviceManager
[DEBUG Aug  2 07:38:28.585521727, client.go:128] Reporting event to 2 reporters: command-exit, state-svc start, 1
[DEBUG Aug  2 07:38:28.900874793, errs.go:75] Wrapped error: <nil> -- with: Could not start serviceManager: A State Service instance is already running in the background.: Could not store pid: valueF failed: Service is already running
[DEBUG Aug  2 07:38:28.900929899, main.go:61] state-svc errored out due to input: Could not start serviceManager: A State Service instance is already running in the background.: Could not store pid: valueF failed: Service is already running
