[DEBUG Aug  2 07:46:48.761147829, defaults.go:273] Args: [/home1/wangfeim/.local/ActiveState/StateTool/release/bin/state-svc start]
[DEBUG Aug  2 07:46:48.797979519, locale.go:38] Init
[DEBUG Aug  2 07:46:48.841666264, errs.go:68] Created error: File could not be found
[DEBUG Aug  2 07:46:48.844878859, errs.go:68] Created error: Not Recognized
[DEBUG Aug  2 07:46:48.904061372, errs.go:68] Created error: Secret not found
[DEBUG Aug  2 07:46:48.904121217, errs.go:68] Created error: Could not save keypair
[DEBUG Aug  2 07:46:48.904301923, errs.go:68] Created error: Build responded with error
[DEBUG Aug  2 07:46:48.904331536, errs.go:68] Created error: Unknown build type
[DEBUG Aug  2 07:46:48.904462498, errors.go:86] Wrapped localized error: <nil> -- with: The installed version of the State Tool Service does not match that of the client.
Please stop the service with [ACTIONABLE]state-svc stop[/RESET] and try your command again.
If this issue persists please reinstall the State Tool.

[DEBUG Aug  2 07:46:48.904480472, errs.go:68] Created error: no data
[DEBUG Aug  2 07:46:48.904505885, errs.go:68] Created error: member not found
[DEBUG Aug  2 07:46:48.904535269, errs.go:68] Created error: Commit count is unknowable
[DEBUG Aug  2 07:46:48.904580059, errs.go:68] Created error: No merge required
[DEBUG Aug  2 07:46:48.904607294, errs.go:68] Created error: Can't merge commit thats already in target commits history
[DEBUG Aug  2 07:46:48.904630153, errs.go:68] Created error: Bad expander name
[DEBUG Aug  2 07:46:48.904676397, errs.go:68] Created error: Expander has no handler
[DEBUG Aug  2 07:46:48.905895700, errs.go:68] Created error: Service is already running
[DEBUG Aug  2 07:46:48.939365051, secrets.go:35] Gcloud Secretmanager failed to initialize (ignore if you're not trying to use gcloud): google: could not find default credentials. See https://developers.google.com/accounts/docs/application-default-credentials for more information.
[DEBUG Aug  2 07:46:48.944273418, output.go:53] Requested outputer for 
[DEBUG Aug  2 07:46:48.944292655, output.go:58] Using Plain outputer
[DEBUG Aug  2 07:46:48.944370331, termutils.go:17] Cannot get terminal size: inappropriate ioctl for device
[DEBUG Aug  2 07:46:48.944506230, main.go:107] Running CmdStart
[DEBUG Aug  2 07:46:48.944554437, client.go:128] Reporting event to 2 reporters: run-command, state-svc start, 
[DEBUG Aug  2 07:46:48.951389205, errs.go:75] Wrapped error: Service is already running -- with: valueF failed
[DEBUG Aug  2 07:46:48.951455702, errs.go:75] Wrapped error: valueF failed -- with: Could not store pid
[DEBUG Aug  2 07:46:48.951532151, errors.go:113] Wrapped input error: Could not store pid -- with: A State Service instance is already running in the background.
[DEBUG Aug  2 07:46:48.951558316, errs.go:75] Wrapped error: A State Service instance is already running in the background. -- with: Could not start serviceManager
[DEBUG Aug  2 07:46:48.951664356, client.go:128] Reporting event to 2 reporters: command-exit, state-svc start, 1
[DEBUG Aug  2 07:46:49.305679035, errs.go:75] Wrapped error: <nil> -- with: Could not start serviceManager: A State Service instance is already running in the background.: Could not store pid: valueF failed: Service is already running
[DEBUG Aug  2 07:46:49.305771262, main.go:61] state-svc errored out due to input: Could not start serviceManager: A State Service instance is already running in the background.: Could not store pid: valueF failed: Service is already running
