[DEBUG Aug  2 08:15:13.775619024, defaults.go:273] Args: [/home1/wangfeim/.local/ActiveState/StateTool/release/bin/state-svc start]
[DEBUG Aug  2 08:15:13.796197157, locale.go:38] Init
[DEBUG Aug  2 08:15:13.842567702, errs.go:68] Created error: File could not be found
[DEBUG Aug  2 08:15:13.845466073, errs.go:68] Created error: Not Recognized
[DEBUG Aug  2 08:15:13.893077616, errs.go:68] Created error: Secret not found
[DEBUG Aug  2 08:15:13.893130417, errs.go:68] Created error: Could not save keypair
[DEBUG Aug  2 08:15:13.894430100, errs.go:68] Created error: Build responded with error
[DEBUG Aug  2 08:15:13.894532945, errs.go:68] Created error: Unknown build type
[DEBUG Aug  2 08:15:13.894896220, errors.go:86] Wrapped localized error: <nil> -- with: The installed version of the State Tool Service does not match that of the client.
Please stop the service with [ACTIONABLE]state-svc stop[/RESET] and try your command again.
If this issue persists please reinstall the State Tool.

[DEBUG Aug  2 08:15:13.895127036, errs.go:68] Created error: no data
[DEBUG Aug  2 08:15:13.895174458, errs.go:68] Created error: member not found
[DEBUG Aug  2 08:15:13.895203254, errs.go:68] Created error: Commit count is unknowable
[DEBUG Aug  2 08:15:13.895231382, errs.go:68] Created error: No merge required
[DEBUG Aug  2 08:15:13.895257266, errs.go:68] Created error: Can't merge commit thats already in target commits history
[DEBUG Aug  2 08:15:13.895285884, errs.go:68] Created error: Bad expander name
[DEBUG Aug  2 08:15:13.895313486, errs.go:68] Created error: Expander has no handler
[DEBUG Aug  2 08:15:13.896537269, errs.go:68] Created error: Service is already running
[DEBUG Aug  2 08:15:13.924606686, secrets.go:35] Gcloud Secretmanager failed to initialize (ignore if you're not trying to use gcloud): google: could not find default credentials. See https://developers.google.com/accounts/docs/application-default-credentials for more information.
[DEBUG Aug  2 08:15:13.928614300, output.go:53] Requested outputer for 
[DEBUG Aug  2 08:15:13.928634398, output.go:58] Using Plain outputer
[DEBUG Aug  2 08:15:13.928706046, termutils.go:17] Cannot get terminal size: inappropriate ioctl for device
[DEBUG Aug  2 08:15:13.928790775, client.go:128] Reporting event to 2 reporters: run-command, state-svc start, 
[DEBUG Aug  2 08:15:13.928872006, main.go:107] Running CmdStart
[DEBUG Aug  2 08:15:13.938120785, errs.go:75] Wrapped error: Service is already running -- with: valueF failed
[DEBUG Aug  2 08:15:13.938198263, errs.go:75] Wrapped error: valueF failed -- with: Could not store pid
[DEBUG Aug  2 08:15:13.938305422, errors.go:113] Wrapped input error: Could not store pid -- with: A State Service instance is already running in the background.
[DEBUG Aug  2 08:15:13.938343226, errs.go:75] Wrapped error: A State Service instance is already running in the background. -- with: Could not start serviceManager
[DEBUG Aug  2 08:15:13.938444686, client.go:128] Reporting event to 2 reporters: command-exit, state-svc start, 1
[DEBUG Aug  2 08:15:14.294647205, errs.go:75] Wrapped error: <nil> -- with: Could not start serviceManager: A State Service instance is already running in the background.: Could not store pid: valueF failed: Service is already running
[DEBUG Aug  2 08:15:14.294729751, main.go:61] state-svc errored out due to input: Could not start serviceManager: A State Service instance is already running in the background.: Could not store pid: valueF failed: Service is already running
