[DEBUG Aug  2 07:38:05.138250474, defaults.go:273] Args: [/home1/wangfeim/.local/ActiveState/StateTool/release/bin/state-svc start]
[DEBUG Aug  2 07:38:05.153699821, locale.go:38] Init
[DEBUG Aug  2 07:38:05.244160443, errs.go:68] Created error: File could not be found
[DEBUG Aug  2 07:38:05.247683321, errs.go:68] Created error: Not Recognized
[DEBUG Aug  2 07:38:05.270096440, errs.go:68] Created error: Secret not found
[DEBUG Aug  2 07:38:05.270207785, errs.go:68] Created error: Could not save keypair
[DEBUG Aug  2 07:38:05.270917790, errs.go:68] Created error: Build responded with error
[DEBUG Aug  2 07:38:05.271131768, errs.go:68] Created error: Unknown build type
[DEBUG Aug  2 07:38:05.271273498, errors.go:86] Wrapped localized error: <nil> -- with: The installed version of the State Tool Service does not match that of the client.
Please stop the service with [ACTIONABLE]state-svc stop[/RESET] and try your command again.
If this issue persists please reinstall the State Tool.

[DEBUG Aug  2 07:38:05.271290863, errs.go:68] Created error: no data
[DEBUG Aug  2 07:38:05.271319880, errs.go:68] Created error: member not found
[DEBUG Aug  2 07:38:05.271345931, errs.go:68] Created error: Commit count is unknowable
[DEBUG Aug  2 07:38:05.271373292, errs.go:68] Created error: No merge required
[DEBUG Aug  2 07:38:05.271399137, errs.go:68] Created error: Can't merge commit thats already in target commits history
[DEBUG Aug  2 07:38:05.271427793, errs.go:68] Created error: Bad expander name
[DEBUG Aug  2 07:38:05.271453919, errs.go:68] Created error: Expander has no handler
[DEBUG Aug  2 07:38:05.272718129, errs.go:68] Created error: Service is already running
[DEBUG Aug  2 07:38:05.307600255, secrets.go:35] Gcloud Secretmanager failed to initialize (ignore if you're not trying to use gcloud): google: could not find default credentials. See https://developers.google.com/accounts/docs/application-default-credentials for more information.
[DEBUG Aug  2 07:38:05.314105244, output.go:53] Requested outputer for 
[DEBUG Aug  2 07:38:05.314131505, output.go:58] Using Plain outputer
[DEBUG Aug  2 07:38:05.314217551, termutils.go:17] Cannot get terminal size: inappropriate ioctl for device
[DEBUG Aug  2 07:38:05.314314768, client.go:128] Reporting event to 2 reporters: run-command, state-svc start, 
[DEBUG Aug  2 07:38:05.314375127, main.go:107] Running CmdStart
[DEBUG Aug  2 07:38:05.320627338, errs.go:75] Wrapped error: Service is already running -- with: valueF failed
[DEBUG Aug  2 07:38:05.320696522, errs.go:75] Wrapped error: valueF failed -- with: Could not store pid
[DEBUG Aug  2 07:38:05.320777518, errors.go:113] Wrapped input error: Could not store pid -- with: A State Service instance is already running in the background.
[DEBUG Aug  2 07:38:05.320793301, errs.go:75] Wrapped error: A State Service instance is already running in the background. -- with: Could not start serviceManager
[DEBUG Aug  2 07:38:05.320902552, client.go:128] Reporting event to 2 reporters: command-exit, state-svc start, 1
[DEBUG Aug  2 07:38:05.702147047, errs.go:75] Wrapped error: <nil> -- with: Could not start serviceManager: A State Service instance is already running in the background.: Could not store pid: valueF failed: Service is already running
[DEBUG Aug  2 07:38:05.702232548, main.go:61] state-svc errored out due to input: Could not start serviceManager: A State Service instance is already running in the background.: Could not store pid: valueF failed: Service is already running
