[DEBUG Mar  8 00:11:32.533080391, defaults.go:273] Args: [/home1/wangfeim/.local/ActiveState/StateTool/release/bin/state-svc start]
[DEBUG Mar  8 00:11:32.544716187, locale.go:38] Init
[DEBUG Mar  8 00:11:32.578402319, errs.go:68] Created error: File could not be found
[DEBUG Mar  8 00:11:32.580733246, errs.go:68] Created error: Not Recognized
[DEBUG Mar  8 00:11:32.596744395, errs.go:68] Created error: Secret not found
[DEBUG Mar  8 00:11:32.596776343, errs.go:68] Created error: Could not save keypair
[DEBUG Mar  8 00:11:32.596916233, errs.go:68] Created error: Build responded with error
[DEBUG Mar  8 00:11:32.596941012, errs.go:68] Created error: Unknown build type
[DEBUG Mar  8 00:11:32.597030162, errors.go:86] Wrapped localized error: <nil> -- with: The installed version of the State Tool Service does not match that of the client.
Please stop the service with [ACTIONABLE]state-svc stop[/RESET] and try your command again.
If this issue persists please reinstall the State Tool.

[DEBUG Mar  8 00:11:32.597038267, errs.go:68] Created error: no data
[DEBUG Mar  8 00:11:32.597055640, errs.go:68] Created error: member not found
[DEBUG Mar  8 00:11:32.597071932, errs.go:68] Created error: Commit count is unknowable
[DEBUG Mar  8 00:11:32.597087520, errs.go:68] Created error: No merge required
[DEBUG Mar  8 00:11:32.597103746, errs.go:68] Created error: Can't merge commit thats already in target commits history
[DEBUG Mar  8 00:11:32.597120986, errs.go:68] Created error: Bad expander name
[DEBUG Mar  8 00:11:32.597135901, errs.go:68] Created error: Expander has no handler
[DEBUG Mar  8 00:11:32.599598024, errs.go:68] Created error: Service is already running
[DEBUG Mar  8 00:11:32.621413870, secrets.go:35] Gcloud Secretmanager failed to initialize (ignore if you're not trying to use gcloud): google: could not find default credentials. See https://developers.google.com/accounts/docs/application-default-credentials for more information.
[DEBUG Mar  8 00:11:32.624772224, output.go:53] Requested outputer for 
[DEBUG Mar  8 00:11:32.624788551, output.go:58] Using Plain outputer
[DEBUG Mar  8 00:11:32.624856094, termutils.go:17] Cannot get terminal size: inappropriate ioctl for device
[DEBUG Mar  8 00:11:32.624954657, client.go:128] Reporting event to 2 reporters: run-command, state-svc start, 
[DEBUG Mar  8 00:11:32.624968988, main.go:107] Running CmdStart
[DEBUG Mar  8 00:11:32.631601234, errs.go:75] Wrapped error: Service is already running -- with: valueF failed
[DEBUG Mar  8 00:11:32.631660599, errs.go:75] Wrapped error: valueF failed -- with: Could not store pid
[DEBUG Mar  8 00:11:32.631724377, errors.go:113] Wrapped input error: Could not store pid -- with: A State Service instance is already running in the background.
[DEBUG Mar  8 00:11:32.631733667, errs.go:75] Wrapped error: A State Service instance is already running in the background. -- with: Could not start serviceManager
[DEBUG Mar  8 00:11:32.631819850, client.go:128] Reporting event to 2 reporters: command-exit, state-svc start, 1
[DEBUG Mar  8 00:11:32.990718266, errs.go:75] Wrapped error: <nil> -- with: Could not start serviceManager: A State Service instance is already running in the background.: Could not store pid: valueF failed: Service is already running
[DEBUG Mar  8 00:11:32.990764456, main.go:61] state-svc errored out due to input: Could not start serviceManager: A State Service instance is already running in the background.: Could not store pid: valueF failed: Service is already running
