[DEBUG Aug  2 07:45:56.989954347, defaults.go:273] Args: [/home1/wangfeim/.local/ActiveState/StateTool/release/bin/state-svc start]
[DEBUG Aug  2 07:45:57.003910833, locale.go:38] Init
[DEBUG Aug  2 07:45:57.045333191, errs.go:68] Created error: File could not be found
[DEBUG Aug  2 07:45:57.048281047, errs.go:68] Created error: Not Recognized
[DEBUG Aug  2 07:45:57.069493012, errs.go:68] Created error: Secret not found
[DEBUG Aug  2 07:45:57.069573334, errs.go:68] Created error: Could not save keypair
[DEBUG Aug  2 07:45:57.069869014, errs.go:68] Created error: Build responded with error
[DEBUG Aug  2 07:45:57.069923791, errs.go:68] Created error: Unknown build type
[DEBUG Aug  2 07:45:57.070113175, errors.go:86] Wrapped localized error: <nil> -- with: The installed version of the State Tool Service does not match that of the client.
Please stop the service with [ACTIONABLE]state-svc stop[/RESET] and try your command again.
If this issue persists please reinstall the State Tool.

[DEBUG Aug  2 07:45:57.070130009, errs.go:68] Created error: no data
[DEBUG Aug  2 07:45:57.070192346, errs.go:68] Created error: member not found
[DEBUG Aug  2 07:45:57.070271342, errs.go:68] Created error: Commit count is unknowable
[DEBUG Aug  2 07:45:57.070317837, errs.go:68] Created error: No merge required
[DEBUG Aug  2 07:45:57.070351618, errs.go:68] Created error: Can't merge commit thats already in target commits history
[DEBUG Aug  2 07:45:57.070389787, errs.go:68] Created error: Bad expander name
[DEBUG Aug  2 07:45:57.070424889, errs.go:68] Created error: Expander has no handler
[DEBUG Aug  2 07:45:57.071700840, errs.go:68] Created error: Service is already running
[DEBUG Aug  2 07:45:57.105734172, secrets.go:35] Gcloud Secretmanager failed to initialize (ignore if you're not trying to use gcloud): google: could not find default credentials. See https://developers.google.com/accounts/docs/application-default-credentials for more information.
[DEBUG Aug  2 07:45:57.108956438, output.go:53] Requested outputer for 
[DEBUG Aug  2 07:45:57.108979695, output.go:58] Using Plain outputer
[DEBUG Aug  2 07:45:57.109045907, termutils.go:17] Cannot get terminal size: inappropriate ioctl for device
[DEBUG Aug  2 07:45:57.109144541, client.go:128] Reporting event to 2 reporters: run-command, state-svc start, 
[DEBUG Aug  2 07:45:57.109246997, main.go:107] Running CmdStart
[DEBUG Aug  2 07:45:57.117055790, errs.go:75] Wrapped error: Service is already running -- with: valueF failed
[DEBUG Aug  2 07:45:57.117141994, errs.go:75] Wrapped error: valueF failed -- with: Could not store pid
[DEBUG Aug  2 07:45:57.117230566, errors.go:113] Wrapped input error: Could not store pid -- with: A State Service instance is already running in the background.
[DEBUG Aug  2 07:45:57.117249652, errs.go:75] Wrapped error: A State Service instance is already running in the background. -- with: Could not start serviceManager
[DEBUG Aug  2 07:45:57.117371860, client.go:128] Reporting event to 2 reporters: command-exit, state-svc start, 1
[DEBUG Aug  2 07:45:57.455991002, errs.go:75] Wrapped error: <nil> -- with: Could not start serviceManager: A State Service instance is already running in the background.: Could not store pid: valueF failed: Service is already running
[DEBUG Aug  2 07:45:57.456056966, main.go:61] state-svc errored out due to input: Could not start serviceManager: A State Service instance is already running in the background.: Could not store pid: valueF failed: Service is already running
