[DEBUG Mar  8 00:21:20.806939397, defaults.go:273] Args: [/home1/wangfeim/.local/ActiveState/StateTool/release/bin/state-svc start]
[DEBUG Mar  8 00:21:20.818062876, locale.go:38] Init
[DEBUG Mar  8 00:21:20.850079091, errs.go:68] Created error: File could not be found
[DEBUG Mar  8 00:21:20.852481326, errs.go:68] Created error: Not Recognized
[DEBUG Mar  8 00:21:20.868581391, errs.go:68] Created error: Secret not found
[DEBUG Mar  8 00:21:20.868613883, errs.go:68] Created error: Could not save keypair
[DEBUG Mar  8 00:21:20.868742702, errs.go:68] Created error: Build responded with error
[DEBUG Mar  8 00:21:20.868765701, errs.go:68] Created error: Unknown build type
[DEBUG Mar  8 00:21:20.868853925, errors.go:86] Wrapped localized error: <nil> -- with: The installed version of the State Tool Service does not match that of the client.
Please stop the service with [ACTIONABLE]state-svc stop[/RESET] and try your command again.
If this issue persists please reinstall the State Tool.

[DEBUG Mar  8 00:21:20.868862165, errs.go:68] Created error: no data
[DEBUG Mar  8 00:21:20.868880110, errs.go:68] Created error: member not found
[DEBUG Mar  8 00:21:20.868895705, errs.go:68] Created error: Commit count is unknowable
[DEBUG Mar  8 00:21:20.868917424, errs.go:68] Created error: No merge required
[DEBUG Mar  8 00:21:20.868934816, errs.go:68] Created error: Can't merge commit thats already in target commits history
[DEBUG Mar  8 00:21:20.868951577, errs.go:68] Created error: Bad expander name
[DEBUG Mar  8 00:21:20.868966815, errs.go:68] Created error: Expander has no handler
[DEBUG Mar  8 00:21:20.869730001, errs.go:68] Created error: Service is already running
[DEBUG Mar  8 00:21:20.893312329, secrets.go:35] Gcloud Secretmanager failed to initialize (ignore if you're not trying to use gcloud): google: could not find default credentials. See https://developers.google.com/accounts/docs/application-default-credentials for more information.
[DEBUG Mar  8 00:21:20.896216551, output.go:53] Requested outputer for 
[DEBUG Mar  8 00:21:20.896230554, output.go:58] Using Plain outputer
[DEBUG Mar  8 00:21:20.896278455, termutils.go:17] Cannot get terminal size: inappropriate ioctl for device
[DEBUG Mar  8 00:21:20.896374533, client.go:128] Reporting event to 2 reporters: run-command, state-svc start, 
[DEBUG Mar  8 00:21:20.896424174, main.go:107] Running CmdStart
[DEBUG Mar  8 00:21:20.901460344, errs.go:75] Wrapped error: Service is already running -- with: valueF failed
[DEBUG Mar  8 00:21:20.901503783, errs.go:75] Wrapped error: valueF failed -- with: Could not store pid
[DEBUG Mar  8 00:21:20.901569952, errors.go:113] Wrapped input error: Could not store pid -- with: A State Service instance is already running in the background.
[DEBUG Mar  8 00:21:20.901579681, errs.go:75] Wrapped error: A State Service instance is already running in the background. -- with: Could not start serviceManager
[DEBUG Mar  8 00:21:20.901675501, client.go:128] Reporting event to 2 reporters: command-exit, state-svc start, 1
[DEBUG Mar  8 00:21:21.257098007, errs.go:75] Wrapped error: <nil> -- with: Could not start serviceManager: A State Service instance is already running in the background.: Could not store pid: valueF failed: Service is already running
[DEBUG Mar  8 00:21:21.257217777, main.go:61] state-svc errored out due to input: Could not start serviceManager: A State Service instance is already running in the background.: Could not store pid: valueF failed: Service is already running
