[DEBUG Aug  2 07:42:26.605674111, defaults.go:273] Args: [/home1/wangfeim/.local/ActiveState/StateTool/release/bin/state-svc start]
[DEBUG Aug  2 07:42:26.620949534, locale.go:38] Init
[DEBUG Aug  2 07:42:26.905986486, errs.go:68] Created error: File could not be found
[DEBUG Aug  2 07:42:26.909390594, errs.go:68] Created error: Not Recognized
[DEBUG Aug  2 07:42:26.932127456, errs.go:68] Created error: Secret not found
[DEBUG Aug  2 07:42:26.932458726, errs.go:68] Created error: Could not save keypair
[DEBUG Aug  2 07:42:26.933001906, errs.go:68] Created error: Build responded with error
[DEBUG Aug  2 07:42:26.933060708, errs.go:68] Created error: Unknown build type
[DEBUG Aug  2 07:42:26.933191606, errors.go:86] Wrapped localized error: <nil> -- with: The installed version of the State Tool Service does not match that of the client.
Please stop the service with [ACTIONABLE]state-svc stop[/RESET] and try your command again.
If this issue persists please reinstall the State Tool.

[DEBUG Aug  2 07:42:26.933209124, errs.go:68] Created error: no data
[DEBUG Aug  2 07:42:26.933240202, errs.go:68] Created error: member not found
[DEBUG Aug  2 07:42:26.933277168, errs.go:68] Created error: Commit count is unknowable
[DEBUG Aug  2 07:42:26.933308460, errs.go:68] Created error: No merge required
[DEBUG Aug  2 07:42:26.933337731, errs.go:68] Created error: Can't merge commit thats already in target commits history
[DEBUG Aug  2 07:42:26.933364833, errs.go:68] Created error: Bad expander name
[DEBUG Aug  2 07:42:26.933389618, errs.go:68] Created error: Expander has no handler
[DEBUG Aug  2 07:42:26.934752363, errs.go:68] Created error: Service is already running
[DEBUG Aug  2 07:42:26.984712835, secrets.go:35] Gcloud Secretmanager failed to initialize (ignore if you're not trying to use gcloud): google: could not find default credentials. See https://developers.google.com/accounts/docs/application-default-credentials for more information.
[DEBUG Aug  2 07:42:26.988607884, output.go:53] Requested outputer for 
[DEBUG Aug  2 07:42:26.988635352, output.go:58] Using Plain outputer
[DEBUG Aug  2 07:42:26.988720693, termutils.go:17] Cannot get terminal size: inappropriate ioctl for device
[DEBUG Aug  2 07:42:26.988854838, client.go:128] Reporting event to 2 reporters: run-command, state-svc start, 
[DEBUG Aug  2 07:42:26.988876012, main.go:107] Running CmdStart
[DEBUG Aug  2 07:42:26.994774882, errs.go:75] Wrapped error: Service is already running -- with: valueF failed
[DEBUG Aug  2 07:42:26.994842337, errs.go:75] Wrapped error: valueF failed -- with: Could not store pid
[DEBUG Aug  2 07:42:26.994919167, errors.go:113] Wrapped input error: Could not store pid -- with: A State Service instance is already running in the background.
[DEBUG Aug  2 07:42:26.994934257, errs.go:75] Wrapped error: A State Service instance is already running in the background. -- with: Could not start serviceManager
[DEBUG Aug  2 07:42:26.995015083, client.go:128] Reporting event to 2 reporters: command-exit, state-svc start, 1
[DEBUG Aug  2 07:42:27.345968420, errs.go:75] Wrapped error: <nil> -- with: Could not start serviceManager: A State Service instance is already running in the background.: Could not store pid: valueF failed: Service is already running
[DEBUG Aug  2 07:42:27.346036284, main.go:61] state-svc errored out due to input: Could not start serviceManager: A State Service instance is already running in the background.: Could not store pid: valueF failed: Service is already running
