[DEBUG Aug  2 08:13:00.647273435, defaults.go:273] Args: [/home1/wangfeim/.local/ActiveState/StateTool/release/bin/state-svc start]
[DEBUG Aug  2 08:13:00.662060614, locale.go:38] Init
[DEBUG Aug  2 08:13:00.719126212, errs.go:68] Created error: File could not be found
[DEBUG Aug  2 08:13:00.722136013, errs.go:68] Created error: Not Recognized
[DEBUG Aug  2 08:13:00.743148384, errs.go:68] Created error: Secret not found
[DEBUG Aug  2 08:13:00.743199428, errs.go:68] Created error: Could not save keypair
[DEBUG Aug  2 08:13:00.743383997, errs.go:68] Created error: Build responded with error
[DEBUG Aug  2 08:13:00.743417995, errs.go:68] Created error: Unknown build type
[DEBUG Aug  2 08:13:00.743549026, errors.go:86] Wrapped localized error: <nil> -- with: The installed version of the State Tool Service does not match that of the client.
Please stop the service with [ACTIONABLE]state-svc stop[/RESET] and try your command again.
If this issue persists please reinstall the State Tool.

[DEBUG Aug  2 08:13:00.743562895, errs.go:68] Created error: no data
[DEBUG Aug  2 08:13:00.743586992, errs.go:68] Created error: member not found
[DEBUG Aug  2 08:13:00.743610638, errs.go:68] Created error: Commit count is unknowable
[DEBUG Aug  2 08:13:00.743633517, errs.go:68] Created error: No merge required
[DEBUG Aug  2 08:13:00.743657185, errs.go:68] Created error: Can't merge commit thats already in target commits history
[DEBUG Aug  2 08:13:00.743682029, errs.go:68] Created error: Bad expander name
[DEBUG Aug  2 08:13:00.743706144, errs.go:68] Created error: Expander has no handler
[DEBUG Aug  2 08:13:00.744758445, errs.go:68] Created error: Service is already running
[DEBUG Aug  2 08:13:00.808175074, secrets.go:35] Gcloud Secretmanager failed to initialize (ignore if you're not trying to use gcloud): google: could not find default credentials. See https://developers.google.com/accounts/docs/application-default-credentials for more information.
[DEBUG Aug  2 08:13:00.812461473, output.go:53] Requested outputer for 
[DEBUG Aug  2 08:13:00.812492996, output.go:58] Using Plain outputer
[DEBUG Aug  2 08:13:00.812569193, termutils.go:17] Cannot get terminal size: inappropriate ioctl for device
[DEBUG Aug  2 08:13:00.812662166, client.go:128] Reporting event to 2 reporters: run-command, state-svc start, 
[DEBUG Aug  2 08:13:00.812731467, main.go:107] Running CmdStart
[DEBUG Aug  2 08:13:00.821313112, errs.go:75] Wrapped error: Service is already running -- with: valueF failed
[DEBUG Aug  2 08:13:00.821380894, errs.go:75] Wrapped error: valueF failed -- with: Could not store pid
[DEBUG Aug  2 08:13:00.821484406, errors.go:113] Wrapped input error: Could not store pid -- with: A State Service instance is already running in the background.
[DEBUG Aug  2 08:13:00.821500158, errs.go:75] Wrapped error: A State Service instance is already running in the background. -- with: Could not start serviceManager
[DEBUG Aug  2 08:13:00.821580279, client.go:128] Reporting event to 2 reporters: command-exit, state-svc start, 1
[DEBUG Aug  2 08:13:01.181421520, errs.go:75] Wrapped error: <nil> -- with: Could not start serviceManager: A State Service instance is already running in the background.: Could not store pid: valueF failed: Service is already running
[DEBUG Aug  2 08:13:01.184659381, main.go:61] state-svc errored out due to input: Could not start serviceManager: A State Service instance is already running in the background.: Could not store pid: valueF failed: Service is already running
