[DEBUG Aug  2 07:54:16.521184604, defaults.go:273] Args: [/home1/wangfeim/.local/ActiveState/StateTool/release/bin/state-svc start]
[DEBUG Aug  2 07:54:16.534941643, locale.go:38] Init
[DEBUG Aug  2 07:54:16.576351567, errs.go:68] Created error: File could not be found
[DEBUG Aug  2 07:54:16.579348108, errs.go:68] Created error: Not Recognized
[DEBUG Aug  2 07:54:16.604246162, errs.go:68] Created error: Secret not found
[DEBUG Aug  2 07:54:16.604293536, errs.go:68] Created error: Could not save keypair
[DEBUG Aug  2 07:54:16.604448088, errs.go:68] Created error: Build responded with error
[DEBUG Aug  2 07:54:16.604476202, errs.go:68] Created error: Unknown build type
[DEBUG Aug  2 07:54:16.604587857, errors.go:86] Wrapped localized error: <nil> -- with: The installed version of the State Tool Service does not match that of the client.
Please stop the service with [ACTIONABLE]state-svc stop[/RESET] and try your command again.
If this issue persists please reinstall the State Tool.

[DEBUG Aug  2 07:54:16.604601146, errs.go:68] Created error: no data
[DEBUG Aug  2 07:54:16.604622330, errs.go:68] Created error: member not found
[DEBUG Aug  2 07:54:16.604659925, errs.go:68] Created error: Commit count is unknowable
[DEBUG Aug  2 07:54:16.604681612, errs.go:68] Created error: No merge required
[DEBUG Aug  2 07:54:16.604706380, errs.go:68] Created error: Can't merge commit thats already in target commits history
[DEBUG Aug  2 07:54:16.604735213, errs.go:68] Created error: Bad expander name
[DEBUG Aug  2 07:54:16.604776377, errs.go:68] Created error: Expander has no handler
[DEBUG Aug  2 07:54:16.605942389, errs.go:68] Created error: Service is already running
[DEBUG Aug  2 07:54:16.635323941, secrets.go:35] Gcloud Secretmanager failed to initialize (ignore if you're not trying to use gcloud): google: could not find default credentials. See https://developers.google.com/accounts/docs/application-default-credentials for more information.
[DEBUG Aug  2 07:54:16.640805107, output.go:53] Requested outputer for 
[DEBUG Aug  2 07:54:16.640828852, output.go:58] Using Plain outputer
[DEBUG Aug  2 07:54:16.640899651, termutils.go:17] Cannot get terminal size: inappropriate ioctl for device
[DEBUG Aug  2 07:54:16.641084642, main.go:107] Running CmdStart
[DEBUG Aug  2 07:54:16.641098064, client.go:128] Reporting event to 2 reporters: run-command, state-svc start, 
[DEBUG Aug  2 07:54:16.646866016, errs.go:75] Wrapped error: Service is already running -- with: valueF failed
[DEBUG Aug  2 07:54:16.646950895, errs.go:75] Wrapped error: valueF failed -- with: Could not store pid
[DEBUG Aug  2 07:54:16.647052732, errors.go:113] Wrapped input error: Could not store pid -- with: A State Service instance is already running in the background.
[DEBUG Aug  2 07:54:16.647072510, errs.go:75] Wrapped error: A State Service instance is already running in the background. -- with: Could not start serviceManager
[DEBUG Aug  2 07:54:16.647188904, client.go:128] Reporting event to 2 reporters: command-exit, state-svc start, 1
[DEBUG Aug  2 07:54:17.022211472, errs.go:75] Wrapped error: <nil> -- with: Could not start serviceManager: A State Service instance is already running in the background.: Could not store pid: valueF failed: Service is already running
[DEBUG Aug  2 07:54:17.022273490, main.go:61] state-svc errored out due to input: Could not start serviceManager: A State Service instance is already running in the background.: Could not store pid: valueF failed: Service is already running
