[DEBUG Aug  2 08:20:05.165504078, defaults.go:273] Args: [/home1/wangfeim/.local/ActiveState/StateTool/release/bin/state-svc start]
[DEBUG Aug  2 08:20:05.190171951, locale.go:38] Init
[DEBUG Aug  2 08:20:05.232047626, errs.go:68] Created error: File could not be found
[DEBUG Aug  2 08:20:05.235234862, errs.go:68] Created error: Not Recognized
[DEBUG Aug  2 08:20:05.292344089, errs.go:68] Created error: Secret not found
[DEBUG Aug  2 08:20:05.292431217, errs.go:68] Created error: Could not save keypair
[DEBUG Aug  2 08:20:05.292665732, errs.go:68] Created error: Build responded with error
[DEBUG Aug  2 08:20:05.292703925, errs.go:68] Created error: Unknown build type
[DEBUG Aug  2 08:20:05.292853623, errors.go:86] Wrapped localized error: <nil> -- with: The installed version of the State Tool Service does not match that of the client.
Please stop the service with [ACTIONABLE]state-svc stop[/RESET] and try your command again.
If this issue persists please reinstall the State Tool.

[DEBUG Aug  2 08:20:05.292873005, errs.go:68] Created error: no data
[DEBUG Aug  2 08:20:05.292897979, errs.go:68] Created error: member not found
[DEBUG Aug  2 08:20:05.292933092, errs.go:68] Created error: Commit count is unknowable
[DEBUG Aug  2 08:20:05.292970087, errs.go:68] Created error: No merge required
[DEBUG Aug  2 08:20:05.293026710, errs.go:68] Created error: Can't merge commit thats already in target commits history
[DEBUG Aug  2 08:20:05.293060365, errs.go:68] Created error: Bad expander name
[DEBUG Aug  2 08:20:05.293099531, errs.go:68] Created error: Expander has no handler
[DEBUG Aug  2 08:20:05.294552034, errs.go:68] Created error: Service is already running
[DEBUG Aug  2 08:20:05.327367217, secrets.go:35] Gcloud Secretmanager failed to initialize (ignore if you're not trying to use gcloud): google: could not find default credentials. See https://developers.google.com/accounts/docs/application-default-credentials for more information.
[DEBUG Aug  2 08:20:05.331394585, output.go:53] Requested outputer for 
[DEBUG Aug  2 08:20:05.331436018, output.go:58] Using Plain outputer
[DEBUG Aug  2 08:20:05.331556988, termutils.go:17] Cannot get terminal size: inappropriate ioctl for device
[DEBUG Aug  2 08:20:05.331687116, client.go:128] Reporting event to 2 reporters: run-command, state-svc start, 
[DEBUG Aug  2 08:20:05.332051598, main.go:107] Running CmdStart
[DEBUG Aug  2 08:20:05.337758613, errs.go:75] Wrapped error: Service is already running -- with: valueF failed
[DEBUG Aug  2 08:20:05.337807633, errs.go:75] Wrapped error: valueF failed -- with: Could not store pid
[DEBUG Aug  2 08:20:05.337881703, errors.go:113] Wrapped input error: Could not store pid -- with: A State Service instance is already running in the background.
[DEBUG Aug  2 08:20:05.337896508, errs.go:75] Wrapped error: A State Service instance is already running in the background. -- with: Could not start serviceManager
[DEBUG Aug  2 08:20:05.337955878, client.go:128] Reporting event to 2 reporters: command-exit, state-svc start, 1
[DEBUG Aug  2 08:20:05.730295317, errs.go:75] Wrapped error: <nil> -- with: Could not start serviceManager: A State Service instance is already running in the background.: Could not store pid: valueF failed: Service is already running
[DEBUG Aug  2 08:20:05.730360620, main.go:61] state-svc errored out due to input: Could not start serviceManager: A State Service instance is already running in the background.: Could not store pid: valueF failed: Service is already running
