[DEBUG Aug  2 08:03:18.457819378, defaults.go:273] Args: [/home1/wangfeim/.local/ActiveState/StateTool/release/bin/state-svc start]
[DEBUG Aug  2 08:03:18.498381242, locale.go:38] Init
[DEBUG Aug  2 08:03:18.539516141, errs.go:68] Created error: File could not be found
[DEBUG Aug  2 08:03:18.542552168, errs.go:68] Created error: Not Recognized
[DEBUG Aug  2 08:03:18.598786823, errs.go:68] Created error: Secret not found
[DEBUG Aug  2 08:03:18.598836423, errs.go:68] Created error: Could not save keypair
[DEBUG Aug  2 08:03:18.598999263, errs.go:68] Created error: Build responded with error
[DEBUG Aug  2 08:03:18.599028614, errs.go:68] Created error: Unknown build type
[DEBUG Aug  2 08:03:18.599128095, errors.go:86] Wrapped localized error: <nil> -- with: The installed version of the State Tool Service does not match that of the client.
Please stop the service with [ACTIONABLE]state-svc stop[/RESET] and try your command again.
If this issue persists please reinstall the State Tool.

[DEBUG Aug  2 08:03:18.599143635, errs.go:68] Created error: no data
[DEBUG Aug  2 08:03:18.599166982, errs.go:68] Created error: member not found
[DEBUG Aug  2 08:03:18.599188075, errs.go:68] Created error: Commit count is unknowable
[DEBUG Aug  2 08:03:18.599223423, errs.go:68] Created error: No merge required
[DEBUG Aug  2 08:03:18.599246238, errs.go:68] Created error: Can't merge commit thats already in target commits history
[DEBUG Aug  2 08:03:18.599268811, errs.go:68] Created error: Bad expander name
[DEBUG Aug  2 08:03:18.599292874, errs.go:68] Created error: Expander has no handler
[DEBUG Aug  2 08:03:18.600601000, errs.go:68] Created error: Service is already running
[DEBUG Aug  2 08:03:18.627220891, secrets.go:35] Gcloud Secretmanager failed to initialize (ignore if you're not trying to use gcloud): google: could not find default credentials. See https://developers.google.com/accounts/docs/application-default-credentials for more information.
[DEBUG Aug  2 08:03:18.630239360, output.go:53] Requested outputer for 
[DEBUG Aug  2 08:03:18.630260399, output.go:58] Using Plain outputer
[DEBUG Aug  2 08:03:18.630334896, termutils.go:17] Cannot get terminal size: inappropriate ioctl for device
[DEBUG Aug  2 08:03:18.630474660, client.go:128] Reporting event to 2 reporters: run-command, state-svc start, 
[DEBUG Aug  2 08:03:18.630479320, main.go:107] Running CmdStart
[DEBUG Aug  2 08:03:18.636274909, errs.go:75] Wrapped error: Service is already running -- with: valueF failed
[DEBUG Aug  2 08:03:18.636338670, errs.go:75] Wrapped error: valueF failed -- with: Could not store pid
[DEBUG Aug  2 08:03:18.636408960, errors.go:113] Wrapped input error: Could not store pid -- with: A State Service instance is already running in the background.
[DEBUG Aug  2 08:03:18.636423184, errs.go:75] Wrapped error: A State Service instance is already running in the background. -- with: Could not start serviceManager
[DEBUG Aug  2 08:03:18.636496698, client.go:128] Reporting event to 2 reporters: command-exit, state-svc start, 1
[DEBUG Aug  2 08:03:18.984911886, errs.go:75] Wrapped error: <nil> -- with: Could not start serviceManager: A State Service instance is already running in the background.: Could not store pid: valueF failed: Service is already running
[DEBUG Aug  2 08:03:18.985034738, main.go:61] state-svc errored out due to input: Could not start serviceManager: A State Service instance is already running in the background.: Could not store pid: valueF failed: Service is already running
