[DEBUG Aug  2 08:07:56.538579023, defaults.go:273] Args: [/home1/wangfeim/.local/ActiveState/StateTool/release/bin/state-svc start]
[DEBUG Aug  2 08:07:56.553127018, locale.go:38] Init
[DEBUG Aug  2 08:07:56.607593513, errs.go:68] Created error: File could not be found
[DEBUG Aug  2 08:07:56.611067940, errs.go:68] Created error: Not Recognized
[DEBUG Aug  2 08:07:56.633804224, errs.go:68] Created error: Secret not found
[DEBUG Aug  2 08:07:56.633868635, errs.go:68] Created error: Could not save keypair
[DEBUG Aug  2 08:07:56.634048995, errs.go:68] Created error: Build responded with error
[DEBUG Aug  2 08:07:56.634077998, errs.go:68] Created error: Unknown build type
[DEBUG Aug  2 08:07:56.634212680, errors.go:86] Wrapped localized error: <nil> -- with: The installed version of the State Tool Service does not match that of the client.
Please stop the service with [ACTIONABLE]state-svc stop[/RESET] and try your command again.
If this issue persists please reinstall the State Tool.

[DEBUG Aug  2 08:07:56.634229965, errs.go:68] Created error: no data
[DEBUG Aug  2 08:07:56.634266844, errs.go:68] Created error: member not found
[DEBUG Aug  2 08:07:56.634293309, errs.go:68] Created error: Commit count is unknowable
[DEBUG Aug  2 08:07:56.634317257, errs.go:68] Created error: No merge required
[DEBUG Aug  2 08:07:56.634348951, errs.go:68] Created error: Can't merge commit thats already in target commits history
[DEBUG Aug  2 08:07:56.634376834, errs.go:68] Created error: Bad expander name
[DEBUG Aug  2 08:07:56.634400094, errs.go:68] Created error: Expander has no handler
[DEBUG Aug  2 08:07:56.635592354, errs.go:68] Created error: Service is already running
[DEBUG Aug  2 08:07:56.659884664, secrets.go:35] Gcloud Secretmanager failed to initialize (ignore if you're not trying to use gcloud): google: could not find default credentials. See https://developers.google.com/accounts/docs/application-default-credentials for more information.
[DEBUG Aug  2 08:07:56.688043214, output.go:53] Requested outputer for 
[DEBUG Aug  2 08:07:56.688201011, output.go:58] Using Plain outputer
[DEBUG Aug  2 08:07:56.688505561, termutils.go:17] Cannot get terminal size: inappropriate ioctl for device
[DEBUG Aug  2 08:07:56.688736913, client.go:128] Reporting event to 2 reporters: run-command, state-svc start, 
[DEBUG Aug  2 08:07:56.689056299, main.go:107] Running CmdStart
[DEBUG Aug  2 08:07:56.695467788, errs.go:75] Wrapped error: Service is already running -- with: valueF failed
[DEBUG Aug  2 08:07:56.695563010, errs.go:75] Wrapped error: valueF failed -- with: Could not store pid
[DEBUG Aug  2 08:07:56.695645625, errors.go:113] Wrapped input error: Could not store pid -- with: A State Service instance is already running in the background.
[DEBUG Aug  2 08:07:56.695661580, errs.go:75] Wrapped error: A State Service instance is already running in the background. -- with: Could not start serviceManager
[DEBUG Aug  2 08:07:56.695746241, client.go:128] Reporting event to 2 reporters: command-exit, state-svc start, 1
[DEBUG Aug  2 08:07:57.085297036, errs.go:75] Wrapped error: <nil> -- with: Could not start serviceManager: A State Service instance is already running in the background.: Could not store pid: valueF failed: Service is already running
[DEBUG Aug  2 08:07:57.085363276, main.go:61] state-svc errored out due to input: Could not start serviceManager: A State Service instance is already running in the background.: Could not store pid: valueF failed: Service is already running
