[DEBUG Aug  2 07:49:47.135869336, defaults.go:273] Args: [/home1/wangfeim/.local/ActiveState/StateTool/release/bin/state-svc start]
[DEBUG Aug  2 07:49:47.149878604, locale.go:38] Init
[DEBUG Aug  2 07:49:47.210093281, errs.go:68] Created error: File could not be found
[DEBUG Aug  2 07:49:47.212984190, errs.go:68] Created error: Not Recognized
[DEBUG Aug  2 07:49:47.234374654, errs.go:68] Created error: Secret not found
[DEBUG Aug  2 07:49:47.234430756, errs.go:68] Created error: Could not save keypair
[DEBUG Aug  2 07:49:47.234623355, errs.go:68] Created error: Build responded with error
[DEBUG Aug  2 07:49:47.234654223, errs.go:68] Created error: Unknown build type
[DEBUG Aug  2 07:49:47.234776956, errors.go:86] Wrapped localized error: <nil> -- with: The installed version of the State Tool Service does not match that of the client.
Please stop the service with [ACTIONABLE]state-svc stop[/RESET] and try your command again.
If this issue persists please reinstall the State Tool.

[DEBUG Aug  2 07:49:47.234793549, errs.go:68] Created error: no data
[DEBUG Aug  2 07:49:47.234825283, errs.go:68] Created error: member not found
[DEBUG Aug  2 07:49:47.234849945, errs.go:68] Created error: Commit count is unknowable
[DEBUG Aug  2 07:49:47.234882331, errs.go:68] Created error: No merge required
[DEBUG Aug  2 07:49:47.234918552, errs.go:68] Created error: Can't merge commit thats already in target commits history
[DEBUG Aug  2 07:49:47.234940569, errs.go:68] Created error: Bad expander name
[DEBUG Aug  2 07:49:47.234961687, errs.go:68] Created error: Expander has no handler
[DEBUG Aug  2 07:49:47.235923615, errs.go:68] Created error: Service is already running
[DEBUG Aug  2 07:49:47.287642539, secrets.go:35] Gcloud Secretmanager failed to initialize (ignore if you're not trying to use gcloud): google: could not find default credentials. See https://developers.google.com/accounts/docs/application-default-credentials for more information.
[DEBUG Aug  2 07:49:47.293645622, output.go:53] Requested outputer for 
[DEBUG Aug  2 07:49:47.293669775, output.go:58] Using Plain outputer
[DEBUG Aug  2 07:49:47.293758169, termutils.go:17] Cannot get terminal size: inappropriate ioctl for device
[DEBUG Aug  2 07:49:47.293839327, client.go:128] Reporting event to 2 reporters: run-command, state-svc start, 
[DEBUG Aug  2 07:49:47.293909474, main.go:107] Running CmdStart
[DEBUG Aug  2 07:49:47.299763078, errs.go:75] Wrapped error: Service is already running -- with: valueF failed
[DEBUG Aug  2 07:49:47.299831633, errs.go:75] Wrapped error: valueF failed -- with: Could not store pid
[DEBUG Aug  2 07:49:47.299910186, errors.go:113] Wrapped input error: Could not store pid -- with: A State Service instance is already running in the background.
[DEBUG Aug  2 07:49:47.299924586, errs.go:75] Wrapped error: A State Service instance is already running in the background. -- with: Could not start serviceManager
[DEBUG Aug  2 07:49:47.300010161, client.go:128] Reporting event to 2 reporters: command-exit, state-svc start, 1
[DEBUG Aug  2 07:49:47.628948239, errs.go:75] Wrapped error: <nil> -- with: Could not start serviceManager: A State Service instance is already running in the background.: Could not store pid: valueF failed: Service is already running
[DEBUG Aug  2 07:49:47.629022615, main.go:61] state-svc errored out due to input: Could not start serviceManager: A State Service instance is already running in the background.: Could not store pid: valueF failed: Service is already running
