[DEBUG Aug  2 07:59:06.023568757, defaults.go:273] Args: [/home1/wangfeim/.local/ActiveState/StateTool/release/bin/state-svc start]
[DEBUG Aug  2 07:59:06.038280532, locale.go:38] Init
[DEBUG Aug  2 07:59:06.102418812, errs.go:68] Created error: File could not be found
[DEBUG Aug  2 07:59:06.105497160, errs.go:68] Created error: Not Recognized
[DEBUG Aug  2 07:59:06.127454323, errs.go:68] Created error: Secret not found
[DEBUG Aug  2 07:59:06.127523033, errs.go:68] Created error: Could not save keypair
[DEBUG Aug  2 07:59:06.127825176, errs.go:68] Created error: Build responded with error
[DEBUG Aug  2 07:59:06.127875155, errs.go:68] Created error: Unknown build type
[DEBUG Aug  2 07:59:06.128059206, errors.go:86] Wrapped localized error: <nil> -- with: The installed version of the State Tool Service does not match that of the client.
Please stop the service with [ACTIONABLE]state-svc stop[/RESET] and try your command again.
If this issue persists please reinstall the State Tool.

[DEBUG Aug  2 07:59:06.128088599, errs.go:68] Created error: no data
[DEBUG Aug  2 07:59:06.128136282, errs.go:68] Created error: member not found
[DEBUG Aug  2 07:59:06.128218333, errs.go:68] Created error: Commit count is unknowable
[DEBUG Aug  2 07:59:06.128277571, errs.go:68] Created error: No merge required
[DEBUG Aug  2 07:59:06.128314980, errs.go:68] Created error: Can't merge commit thats already in target commits history
[DEBUG Aug  2 07:59:06.128354400, errs.go:68] Created error: Bad expander name
[DEBUG Aug  2 07:59:06.128386222, errs.go:68] Created error: Expander has no handler
[DEBUG Aug  2 07:59:06.129571334, errs.go:68] Created error: Service is already running
[DEBUG Aug  2 07:59:06.189218718, secrets.go:35] Gcloud Secretmanager failed to initialize (ignore if you're not trying to use gcloud): google: could not find default credentials. See https://developers.google.com/accounts/docs/application-default-credentials for more information.
[DEBUG Aug  2 07:59:06.194046852, output.go:53] Requested outputer for 
[DEBUG Aug  2 07:59:06.194069762, output.go:58] Using Plain outputer
[DEBUG Aug  2 07:59:06.194139992, termutils.go:17] Cannot get terminal size: inappropriate ioctl for device
[DEBUG Aug  2 07:59:06.194174433, client.go:128] Reporting event to 2 reporters: run-command, state-svc start, 
[DEBUG Aug  2 07:59:06.194297306, main.go:107] Running CmdStart
[DEBUG Aug  2 07:59:06.200130102, errs.go:75] Wrapped error: Service is already running -- with: valueF failed
[DEBUG Aug  2 07:59:06.200186681, errs.go:75] Wrapped error: valueF failed -- with: Could not store pid
[DEBUG Aug  2 07:59:06.200255701, errors.go:113] Wrapped input error: Could not store pid -- with: A State Service instance is already running in the background.
[DEBUG Aug  2 07:59:06.200268732, errs.go:75] Wrapped error: A State Service instance is already running in the background. -- with: Could not start serviceManager
[DEBUG Aug  2 07:59:06.200355859, client.go:128] Reporting event to 2 reporters: command-exit, state-svc start, 1
[DEBUG Aug  2 07:59:06.522071560, errs.go:75] Wrapped error: <nil> -- with: Could not start serviceManager: A State Service instance is already running in the background.: Could not store pid: valueF failed: Service is already running
[DEBUG Aug  2 07:59:06.522129516, main.go:61] state-svc errored out due to input: Could not start serviceManager: A State Service instance is already running in the background.: Could not store pid: valueF failed: Service is already running
