[DEBUG Aug  2 08:19:26.575320767, defaults.go:273] Args: [/home1/wangfeim/.local/ActiveState/StateTool/release/bin/state-svc start]
[DEBUG Aug  2 08:19:26.590354535, locale.go:38] Init
[DEBUG Aug  2 08:19:26.658669041, errs.go:68] Created error: File could not be found
[DEBUG Aug  2 08:19:26.661826992, errs.go:68] Created error: Not Recognized
[DEBUG Aug  2 08:19:26.701958623, errs.go:68] Created error: Secret not found
[DEBUG Aug  2 08:19:26.702024787, errs.go:68] Created error: Could not save keypair
[DEBUG Aug  2 08:19:26.702223532, errs.go:68] Created error: Build responded with error
[DEBUG Aug  2 08:19:26.702252912, errs.go:68] Created error: Unknown build type
[DEBUG Aug  2 08:19:26.702368999, errors.go:86] Wrapped localized error: <nil> -- with: The installed version of the State Tool Service does not match that of the client.
Please stop the service with [ACTIONABLE]state-svc stop[/RESET] and try your command again.
If this issue persists please reinstall the State Tool.

[DEBUG Aug  2 08:19:26.702386049, errs.go:68] Created error: no data
[DEBUG Aug  2 08:19:26.702423889, errs.go:68] Created error: member not found
[DEBUG Aug  2 08:19:26.702454426, errs.go:68] Created error: Commit count is unknowable
[DEBUG Aug  2 08:19:26.702475455, errs.go:68] Created error: No merge required
[DEBUG Aug  2 08:19:26.702497393, errs.go:68] Created error: Can't merge commit thats already in target commits history
[DEBUG Aug  2 08:19:26.702522071, errs.go:68] Created error: Bad expander name
[DEBUG Aug  2 08:19:26.702551158, errs.go:68] Created error: Expander has no handler
[DEBUG Aug  2 08:19:26.703614915, errs.go:68] Created error: Service is already running
[DEBUG Aug  2 08:19:26.731317676, secrets.go:35] Gcloud Secretmanager failed to initialize (ignore if you're not trying to use gcloud): google: could not find default credentials. See https://developers.google.com/accounts/docs/application-default-credentials for more information.
[DEBUG Aug  2 08:19:26.735984225, output.go:53] Requested outputer for 
[DEBUG Aug  2 08:19:26.736011019, output.go:58] Using Plain outputer
[DEBUG Aug  2 08:19:26.736092496, termutils.go:17] Cannot get terminal size: inappropriate ioctl for device
[DEBUG Aug  2 08:19:26.736121431, client.go:128] Reporting event to 2 reporters: run-command, state-svc start, 
[DEBUG Aug  2 08:19:26.736247382, main.go:107] Running CmdStart
[DEBUG Aug  2 08:19:26.788635660, errs.go:75] Wrapped error: Service is already running -- with: valueF failed
[DEBUG Aug  2 08:19:26.789089405, errs.go:75] Wrapped error: valueF failed -- with: Could not store pid
[DEBUG Aug  2 08:19:26.789191329, errors.go:113] Wrapped input error: Could not store pid -- with: A State Service instance is already running in the background.
[DEBUG Aug  2 08:19:26.789215330, errs.go:75] Wrapped error: A State Service instance is already running in the background. -- with: Could not start serviceManager
[DEBUG Aug  2 08:19:26.789318250, client.go:128] Reporting event to 2 reporters: command-exit, state-svc start, 1
[DEBUG Aug  2 08:19:27.122350652, errs.go:75] Wrapped error: <nil> -- with: Could not start serviceManager: A State Service instance is already running in the background.: Could not store pid: valueF failed: Service is already running
[DEBUG Aug  2 08:19:27.122418640, main.go:61] state-svc errored out due to input: Could not start serviceManager: A State Service instance is already running in the background.: Could not store pid: valueF failed: Service is already running
