[DEBUG Aug  2 08:07:46.087472841, defaults.go:273] Args: [/home1/wangfeim/.local/ActiveState/StateTool/release/bin/state-svc start]
[DEBUG Aug  2 08:07:46.104113832, locale.go:38] Init
[DEBUG Aug  2 08:07:46.191028999, errs.go:68] Created error: File could not be found
[DEBUG Aug  2 08:07:46.194210258, errs.go:68] Created error: Not Recognized
[DEBUG Aug  2 08:07:46.215836625, errs.go:68] Created error: Secret not found
[DEBUG Aug  2 08:07:46.215899521, errs.go:68] Created error: Could not save keypair
[DEBUG Aug  2 08:07:46.216096196, errs.go:68] Created error: Build responded with error
[DEBUG Aug  2 08:07:46.216131511, errs.go:68] Created error: Unknown build type
[DEBUG Aug  2 08:07:46.216257945, errors.go:86] Wrapped localized error: <nil> -- with: The installed version of the State Tool Service does not match that of the client.
Please stop the service with [ACTIONABLE]state-svc stop[/RESET] and try your command again.
If this issue persists please reinstall the State Tool.

[DEBUG Aug  2 08:07:46.216273702, errs.go:68] Created error: no data
[DEBUG Aug  2 08:07:46.216298403, errs.go:68] Created error: member not found
[DEBUG Aug  2 08:07:46.216333357, errs.go:68] Created error: Commit count is unknowable
[DEBUG Aug  2 08:07:46.216357226, errs.go:68] Created error: No merge required
[DEBUG Aug  2 08:07:46.216382196, errs.go:68] Created error: Can't merge commit thats already in target commits history
[DEBUG Aug  2 08:07:46.216409306, errs.go:68] Created error: Bad expander name
[DEBUG Aug  2 08:07:46.216431415, errs.go:68] Created error: Expander has no handler
[DEBUG Aug  2 08:07:46.217483332, errs.go:68] Created error: Service is already running
[DEBUG Aug  2 08:07:46.244957978, secrets.go:35] Gcloud Secretmanager failed to initialize (ignore if you're not trying to use gcloud): google: could not find default credentials. See https://developers.google.com/accounts/docs/application-default-credentials for more information.
[DEBUG Aug  2 08:07:46.285310839, output.go:53] Requested outputer for 
[DEBUG Aug  2 08:07:46.285343830, output.go:58] Using Plain outputer
[DEBUG Aug  2 08:07:46.285428141, termutils.go:17] Cannot get terminal size: inappropriate ioctl for device
[DEBUG Aug  2 08:07:46.285508346, client.go:128] Reporting event to 2 reporters: run-command, state-svc start, 
[DEBUG Aug  2 08:07:46.285601049, main.go:107] Running CmdStart
[DEBUG Aug  2 08:07:46.291178163, errs.go:75] Wrapped error: Service is already running -- with: valueF failed
[DEBUG Aug  2 08:07:46.291227951, errs.go:75] Wrapped error: valueF failed -- with: Could not store pid
[DEBUG Aug  2 08:07:46.291295483, errors.go:113] Wrapped input error: Could not store pid -- with: A State Service instance is already running in the background.
[DEBUG Aug  2 08:07:46.291308990, errs.go:75] Wrapped error: A State Service instance is already running in the background. -- with: Could not start serviceManager
[DEBUG Aug  2 08:07:46.291378668, client.go:128] Reporting event to 2 reporters: command-exit, state-svc start, 1
[DEBUG Aug  2 08:07:46.684995092, errs.go:75] Wrapped error: <nil> -- with: Could not start serviceManager: A State Service instance is already running in the background.: Could not store pid: valueF failed: Service is already running
[DEBUG Aug  2 08:07:46.685061536, main.go:61] state-svc errored out due to input: Could not start serviceManager: A State Service instance is already running in the background.: Could not store pid: valueF failed: Service is already running
