[DEBUG Aug  2 08:02:36.152528017, defaults.go:273] Args: [/home1/wangfeim/.local/ActiveState/StateTool/release/bin/state-svc start]
[DEBUG Aug  2 08:02:36.166432807, locale.go:38] Init
[DEBUG Aug  2 08:02:36.223339738, errs.go:68] Created error: File could not be found
[DEBUG Aug  2 08:02:36.228212267, errs.go:68] Created error: Not Recognized
[DEBUG Aug  2 08:02:36.285985213, errs.go:68] Created error: Secret not found
[DEBUG Aug  2 08:02:36.286043932, errs.go:68] Created error: Could not save keypair
[DEBUG Aug  2 08:02:36.286258821, errs.go:68] Created error: Build responded with error
[DEBUG Aug  2 08:02:36.286293010, errs.go:68] Created error: Unknown build type
[DEBUG Aug  2 08:02:36.286418176, errors.go:86] Wrapped localized error: <nil> -- with: The installed version of the State Tool Service does not match that of the client.
Please stop the service with [ACTIONABLE]state-svc stop[/RESET] and try your command again.
If this issue persists please reinstall the State Tool.

[DEBUG Aug  2 08:02:36.286434211, errs.go:68] Created error: no data
[DEBUG Aug  2 08:02:36.286457388, errs.go:68] Created error: member not found
[DEBUG Aug  2 08:02:36.286484591, errs.go:68] Created error: Commit count is unknowable
[DEBUG Aug  2 08:02:36.286506402, errs.go:68] Created error: No merge required
[DEBUG Aug  2 08:02:36.286533088, errs.go:68] Created error: Can't merge commit thats already in target commits history
[DEBUG Aug  2 08:02:36.286564764, errs.go:68] Created error: Bad expander name
[DEBUG Aug  2 08:02:36.286586637, errs.go:68] Created error: Expander has no handler
[DEBUG Aug  2 08:02:36.287854992, errs.go:68] Created error: Service is already running
[DEBUG Aug  2 08:02:36.319157340, secrets.go:35] Gcloud Secretmanager failed to initialize (ignore if you're not trying to use gcloud): google: could not find default credentials. See https://developers.google.com/accounts/docs/application-default-credentials for more information.
[DEBUG Aug  2 08:02:36.322586814, output.go:53] Requested outputer for 
[DEBUG Aug  2 08:02:36.322607934, output.go:58] Using Plain outputer
[DEBUG Aug  2 08:02:36.322697069, termutils.go:17] Cannot get terminal size: inappropriate ioctl for device
[DEBUG Aug  2 08:02:36.322731654, client.go:128] Reporting event to 2 reporters: run-command, state-svc start, 
[DEBUG Aug  2 08:02:36.322881037, main.go:107] Running CmdStart
[DEBUG Aug  2 08:02:36.328718026, errs.go:75] Wrapped error: Service is already running -- with: valueF failed
[DEBUG Aug  2 08:02:36.328779727, errs.go:75] Wrapped error: valueF failed -- with: Could not store pid
[DEBUG Aug  2 08:02:36.328849011, errors.go:113] Wrapped input error: Could not store pid -- with: A State Service instance is already running in the background.
[DEBUG Aug  2 08:02:36.328862888, errs.go:75] Wrapped error: A State Service instance is already running in the background. -- with: Could not start serviceManager
[DEBUG Aug  2 08:02:36.328928931, client.go:128] Reporting event to 2 reporters: command-exit, state-svc start, 1
[DEBUG Aug  2 08:02:36.690531100, errs.go:75] Wrapped error: <nil> -- with: Could not start serviceManager: A State Service instance is already running in the background.: Could not store pid: valueF failed: Service is already running
[DEBUG Aug  2 08:02:36.690628386, main.go:61] state-svc errored out due to input: Could not start serviceManager: A State Service instance is already running in the background.: Could not store pid: valueF failed: Service is already running
