[DEBUG Aug  2 07:43:28.925202977, defaults.go:273] Args: [/home1/wangfeim/.local/ActiveState/StateTool/release/bin/state-svc start]
[DEBUG Aug  2 07:43:28.939963790, locale.go:38] Init
[DEBUG Aug  2 07:43:29.117186498, errs.go:68] Created error: File could not be found
[DEBUG Aug  2 07:43:29.120190527, errs.go:68] Created error: Not Recognized
[DEBUG Aug  2 07:43:29.141145018, errs.go:68] Created error: Secret not found
[DEBUG Aug  2 07:43:29.141208277, errs.go:68] Created error: Could not save keypair
[DEBUG Aug  2 07:43:29.141504928, errs.go:68] Created error: Build responded with error
[DEBUG Aug  2 07:43:29.141578422, errs.go:68] Created error: Unknown build type
[DEBUG Aug  2 07:43:29.141739281, errors.go:86] Wrapped localized error: <nil> -- with: The installed version of the State Tool Service does not match that of the client.
Please stop the service with [ACTIONABLE]state-svc stop[/RESET] and try your command again.
If this issue persists please reinstall the State Tool.

[DEBUG Aug  2 07:43:29.141759341, errs.go:68] Created error: no data
[DEBUG Aug  2 07:43:29.141795038, errs.go:68] Created error: member not found
[DEBUG Aug  2 07:43:29.141830595, errs.go:68] Created error: Commit count is unknowable
[DEBUG Aug  2 07:43:29.141864327, errs.go:68] Created error: No merge required
[DEBUG Aug  2 07:43:29.141902054, errs.go:68] Created error: Can't merge commit thats already in target commits history
[DEBUG Aug  2 07:43:29.141940217, errs.go:68] Created error: Bad expander name
[DEBUG Aug  2 07:43:29.141979873, errs.go:68] Created error: Expander has no handler
[DEBUG Aug  2 07:43:29.145469567, errs.go:68] Created error: Service is already running
[DEBUG Aug  2 07:43:29.186872400, secrets.go:35] Gcloud Secretmanager failed to initialize (ignore if you're not trying to use gcloud): google: could not find default credentials. See https://developers.google.com/accounts/docs/application-default-credentials for more information.
[DEBUG Aug  2 07:43:29.191758269, output.go:53] Requested outputer for 
[DEBUG Aug  2 07:43:29.191798261, output.go:58] Using Plain outputer
[DEBUG Aug  2 07:43:29.191874799, termutils.go:17] Cannot get terminal size: inappropriate ioctl for device
[DEBUG Aug  2 07:43:29.191999012, client.go:128] Reporting event to 2 reporters: run-command, state-svc start, 
[DEBUG Aug  2 07:43:29.192086659, main.go:107] Running CmdStart
[DEBUG Aug  2 07:43:29.197627576, errs.go:75] Wrapped error: Service is already running -- with: valueF failed
[DEBUG Aug  2 07:43:29.197687041, errs.go:75] Wrapped error: valueF failed -- with: Could not store pid
[DEBUG Aug  2 07:43:29.197767014, errors.go:113] Wrapped input error: Could not store pid -- with: A State Service instance is already running in the background.
[DEBUG Aug  2 07:43:29.197787763, errs.go:75] Wrapped error: A State Service instance is already running in the background. -- with: Could not start serviceManager
[DEBUG Aug  2 07:43:29.197856885, client.go:128] Reporting event to 2 reporters: command-exit, state-svc start, 1
[DEBUG Aug  2 07:43:29.534932582, errs.go:75] Wrapped error: <nil> -- with: Could not start serviceManager: A State Service instance is already running in the background.: Could not store pid: valueF failed: Service is already running
[DEBUG Aug  2 07:43:29.535022018, main.go:61] state-svc errored out due to input: Could not start serviceManager: A State Service instance is already running in the background.: Could not store pid: valueF failed: Service is already running
