[DEBUG Aug  2 08:15:11.796221298, defaults.go:273] Args: [/home1/wangfeim/.local/ActiveState/StateTool/release/bin/state-svc start]
[DEBUG Aug  2 08:15:11.810228690, locale.go:38] Init
[DEBUG Aug  2 08:15:11.855032473, errs.go:68] Created error: File could not be found
[DEBUG Aug  2 08:15:11.886175166, errs.go:68] Created error: Not Recognized
[DEBUG Aug  2 08:15:11.906888797, errs.go:68] Created error: Secret not found
[DEBUG Aug  2 08:15:11.906941127, errs.go:68] Created error: Could not save keypair
[DEBUG Aug  2 08:15:11.907098072, errs.go:68] Created error: Build responded with error
[DEBUG Aug  2 08:15:11.907123419, errs.go:68] Created error: Unknown build type
[DEBUG Aug  2 08:15:11.907247222, errors.go:86] Wrapped localized error: <nil> -- with: The installed version of the State Tool Service does not match that of the client.
Please stop the service with [ACTIONABLE]state-svc stop[/RESET] and try your command again.
If this issue persists please reinstall the State Tool.

[DEBUG Aug  2 08:15:11.907261548, errs.go:68] Created error: no data
[DEBUG Aug  2 08:15:11.907286280, errs.go:68] Created error: member not found
[DEBUG Aug  2 08:15:11.907317598, errs.go:68] Created error: Commit count is unknowable
[DEBUG Aug  2 08:15:11.907339060, errs.go:68] Created error: No merge required
[DEBUG Aug  2 08:15:11.907360398, errs.go:68] Created error: Can't merge commit thats already in target commits history
[DEBUG Aug  2 08:15:11.907382229, errs.go:68] Created error: Bad expander name
[DEBUG Aug  2 08:15:11.907404195, errs.go:68] Created error: Expander has no handler
[DEBUG Aug  2 08:15:11.908522270, errs.go:68] Created error: Service is already running
[DEBUG Aug  2 08:15:11.937364770, secrets.go:35] Gcloud Secretmanager failed to initialize (ignore if you're not trying to use gcloud): google: could not find default credentials. See https://developers.google.com/accounts/docs/application-default-credentials for more information.
[DEBUG Aug  2 08:15:11.941100082, output.go:53] Requested outputer for 
[DEBUG Aug  2 08:15:11.941119831, output.go:58] Using Plain outputer
[DEBUG Aug  2 08:15:11.941186117, termutils.go:17] Cannot get terminal size: inappropriate ioctl for device
[DEBUG Aug  2 08:15:11.941281309, client.go:128] Reporting event to 2 reporters: run-command, state-svc start, 
[DEBUG Aug  2 08:15:11.941396360, main.go:107] Running CmdStart
[DEBUG Aug  2 08:15:11.948812316, errs.go:75] Wrapped error: Service is already running -- with: valueF failed
[DEBUG Aug  2 08:15:11.948868577, errs.go:75] Wrapped error: valueF failed -- with: Could not store pid
[DEBUG Aug  2 08:15:11.948933357, errors.go:113] Wrapped input error: Could not store pid -- with: A State Service instance is already running in the background.
[DEBUG Aug  2 08:15:11.948947265, errs.go:75] Wrapped error: A State Service instance is already running in the background. -- with: Could not start serviceManager
[DEBUG Aug  2 08:15:11.949015341, client.go:128] Reporting event to 2 reporters: command-exit, state-svc start, 1
[DEBUG Aug  2 08:15:12.313583140, errs.go:75] Wrapped error: <nil> -- with: Could not start serviceManager: A State Service instance is already running in the background.: Could not store pid: valueF failed: Service is already running
[DEBUG Aug  2 08:15:12.313654676, main.go:61] state-svc errored out due to input: Could not start serviceManager: A State Service instance is already running in the background.: Could not store pid: valueF failed: Service is already running
