[DEBUG Aug  2 07:40:43.640068028, defaults.go:273] Args: [/home1/wangfeim/.local/ActiveState/StateTool/release/bin/state-svc start]
[DEBUG Aug  2 07:40:43.656009357, locale.go:38] Init
[DEBUG Aug  2 07:40:43.716590211, errs.go:68] Created error: File could not be found
[DEBUG Aug  2 07:40:43.721879028, errs.go:68] Created error: Not Recognized
[DEBUG Aug  2 07:40:43.742241142, errs.go:68] Created error: Secret not found
[DEBUG Aug  2 07:40:43.742294742, errs.go:68] Created error: Could not save keypair
[DEBUG Aug  2 07:40:43.742489775, errs.go:68] Created error: Build responded with error
[DEBUG Aug  2 07:40:43.742533171, errs.go:68] Created error: Unknown build type
[DEBUG Aug  2 07:40:43.742652311, errors.go:86] Wrapped localized error: <nil> -- with: The installed version of the State Tool Service does not match that of the client.
Please stop the service with [ACTIONABLE]state-svc stop[/RESET] and try your command again.
If this issue persists please reinstall the State Tool.

[DEBUG Aug  2 07:40:43.742667094, errs.go:68] Created error: no data
[DEBUG Aug  2 07:40:43.742701990, errs.go:68] Created error: member not found
[DEBUG Aug  2 07:40:43.742725788, errs.go:68] Created error: Commit count is unknowable
[DEBUG Aug  2 07:40:43.742748759, errs.go:68] Created error: No merge required
[DEBUG Aug  2 07:40:43.742771123, errs.go:68] Created error: Can't merge commit thats already in target commits history
[DEBUG Aug  2 07:40:43.742807363, errs.go:68] Created error: Bad expander name
[DEBUG Aug  2 07:40:43.742831161, errs.go:68] Created error: Expander has no handler
[DEBUG Aug  2 07:40:43.743847993, errs.go:68] Created error: Service is already running
[DEBUG Aug  2 07:40:43.805702805, secrets.go:35] Gcloud Secretmanager failed to initialize (ignore if you're not trying to use gcloud): google: could not find default credentials. See https://developers.google.com/accounts/docs/application-default-credentials for more information.
[DEBUG Aug  2 07:40:43.812194550, output.go:53] Requested outputer for 
[DEBUG Aug  2 07:40:43.812223187, output.go:58] Using Plain outputer
[DEBUG Aug  2 07:40:43.812309521, termutils.go:17] Cannot get terminal size: inappropriate ioctl for device
[DEBUG Aug  2 07:40:43.812407268, client.go:128] Reporting event to 2 reporters: run-command, state-svc start, 
[DEBUG Aug  2 07:40:43.812530507, main.go:107] Running CmdStart
[DEBUG Aug  2 07:40:43.818997804, errs.go:75] Wrapped error: Service is already running -- with: valueF failed
[DEBUG Aug  2 07:40:43.819062583, errs.go:75] Wrapped error: valueF failed -- with: Could not store pid
[DEBUG Aug  2 07:40:43.819160330, errors.go:113] Wrapped input error: Could not store pid -- with: A State Service instance is already running in the background.
[DEBUG Aug  2 07:40:43.819176001, errs.go:75] Wrapped error: A State Service instance is already running in the background. -- with: Could not start serviceManager
[DEBUG Aug  2 07:40:43.819253149, client.go:128] Reporting event to 2 reporters: command-exit, state-svc start, 1
[DEBUG Aug  2 07:40:44.188729364, errs.go:75] Wrapped error: <nil> -- with: Could not start serviceManager: A State Service instance is already running in the background.: Could not store pid: valueF failed: Service is already running
[DEBUG Aug  2 07:40:44.188792722, main.go:61] state-svc errored out due to input: Could not start serviceManager: A State Service instance is already running in the background.: Could not store pid: valueF failed: Service is already running
