[DEBUG Aug  2 08:06:41.211349718, defaults.go:273] Args: [/home1/wangfeim/.local/ActiveState/StateTool/release/bin/state-svc start]
[DEBUG Aug  2 08:06:41.226299404, locale.go:38] Init
[DEBUG Aug  2 08:06:41.311412074, errs.go:68] Created error: File could not be found
[DEBUG Aug  2 08:06:41.314707795, errs.go:68] Created error: Not Recognized
[DEBUG Aug  2 08:06:41.337733325, errs.go:68] Created error: Secret not found
[DEBUG Aug  2 08:06:41.337785009, errs.go:68] Created error: Could not save keypair
[DEBUG Aug  2 08:06:41.337936823, errs.go:68] Created error: Build responded with error
[DEBUG Aug  2 08:06:41.337972642, errs.go:68] Created error: Unknown build type
[DEBUG Aug  2 08:06:41.338084849, errors.go:86] Wrapped localized error: <nil> -- with: The installed version of the State Tool Service does not match that of the client.
Please stop the service with [ACTIONABLE]state-svc stop[/RESET] and try your command again.
If this issue persists please reinstall the State Tool.

[DEBUG Aug  2 08:06:41.338099417, errs.go:68] Created error: no data
[DEBUG Aug  2 08:06:41.338121343, errs.go:68] Created error: member not found
[DEBUG Aug  2 08:06:41.338150007, errs.go:68] Created error: Commit count is unknowable
[DEBUG Aug  2 08:06:41.338170768, errs.go:68] Created error: No merge required
[DEBUG Aug  2 08:06:41.338192600, errs.go:68] Created error: Can't merge commit thats already in target commits history
[DEBUG Aug  2 08:06:41.338224146, errs.go:68] Created error: Bad expander name
[DEBUG Aug  2 08:06:41.338245535, errs.go:68] Created error: Expander has no handler
[DEBUG Aug  2 08:06:41.339440159, errs.go:68] Created error: Service is already running
[DEBUG Aug  2 08:06:41.403155117, secrets.go:35] Gcloud Secretmanager failed to initialize (ignore if you're not trying to use gcloud): google: could not find default credentials. See https://developers.google.com/accounts/docs/application-default-credentials for more information.
[DEBUG Aug  2 08:06:41.406654799, output.go:53] Requested outputer for 
[DEBUG Aug  2 08:06:41.406679217, output.go:58] Using Plain outputer
[DEBUG Aug  2 08:06:41.406756217, termutils.go:17] Cannot get terminal size: inappropriate ioctl for device
[DEBUG Aug  2 08:06:41.406785211, client.go:128] Reporting event to 2 reporters: run-command, state-svc start, 
[DEBUG Aug  2 08:06:41.406887466, main.go:107] Running CmdStart
[DEBUG Aug  2 08:06:41.412696728, errs.go:75] Wrapped error: Service is already running -- with: valueF failed
[DEBUG Aug  2 08:06:41.412763673, errs.go:75] Wrapped error: valueF failed -- with: Could not store pid
[DEBUG Aug  2 08:06:41.412850362, errors.go:113] Wrapped input error: Could not store pid -- with: A State Service instance is already running in the background.
[DEBUG Aug  2 08:06:41.412865121, errs.go:75] Wrapped error: A State Service instance is already running in the background. -- with: Could not start serviceManager
[DEBUG Aug  2 08:06:41.412938258, client.go:128] Reporting event to 2 reporters: command-exit, state-svc start, 1
[DEBUG Aug  2 08:06:41.803498485, errs.go:75] Wrapped error: <nil> -- with: Could not start serviceManager: A State Service instance is already running in the background.: Could not store pid: valueF failed: Service is already running
[DEBUG Aug  2 08:06:41.803604527, main.go:61] state-svc errored out due to input: Could not start serviceManager: A State Service instance is already running in the background.: Could not store pid: valueF failed: Service is already running
