[DEBUG Aug  2 08:18:34.805293201, defaults.go:273] Args: [/home1/wangfeim/.local/ActiveState/StateTool/release/bin/state-svc start]
[DEBUG Aug  2 08:18:34.819849315, locale.go:38] Init
[DEBUG Aug  2 08:18:34.964143990, errs.go:68] Created error: File could not be found
[DEBUG Aug  2 08:18:34.967452209, errs.go:68] Created error: Not Recognized
[DEBUG Aug  2 08:18:34.990608849, errs.go:68] Created error: Secret not found
[DEBUG Aug  2 08:18:34.990676213, errs.go:68] Created error: Could not save keypair
[DEBUG Aug  2 08:18:34.990856595, errs.go:68] Created error: Build responded with error
[DEBUG Aug  2 08:18:34.990887986, errs.go:68] Created error: Unknown build type
[DEBUG Aug  2 08:18:34.991002950, errors.go:86] Wrapped localized error: <nil> -- with: The installed version of the State Tool Service does not match that of the client.
Please stop the service with [ACTIONABLE]state-svc stop[/RESET] and try your command again.
If this issue persists please reinstall the State Tool.

[DEBUG Aug  2 08:18:34.991017664, errs.go:68] Created error: no data
[DEBUG Aug  2 08:18:34.991043567, errs.go:68] Created error: member not found
[DEBUG Aug  2 08:18:34.991071669, errs.go:68] Created error: Commit count is unknowable
[DEBUG Aug  2 08:18:34.991095456, errs.go:68] Created error: No merge required
[DEBUG Aug  2 08:18:34.991132265, errs.go:68] Created error: Can't merge commit thats already in target commits history
[DEBUG Aug  2 08:18:34.991158051, errs.go:68] Created error: Bad expander name
[DEBUG Aug  2 08:18:34.991192949, errs.go:68] Created error: Expander has no handler
[DEBUG Aug  2 08:18:34.992370483, errs.go:68] Created error: Service is already running
[DEBUG Aug  2 08:18:35.020605976, secrets.go:35] Gcloud Secretmanager failed to initialize (ignore if you're not trying to use gcloud): google: could not find default credentials. See https://developers.google.com/accounts/docs/application-default-credentials for more information.
[DEBUG Aug  2 08:18:35.023602321, output.go:53] Requested outputer for 
[DEBUG Aug  2 08:18:35.023627991, output.go:58] Using Plain outputer
[DEBUG Aug  2 08:18:35.023727169, termutils.go:17] Cannot get terminal size: inappropriate ioctl for device
[DEBUG Aug  2 08:18:35.023835691, client.go:128] Reporting event to 2 reporters: run-command, state-svc start, 
[DEBUG Aug  2 08:18:35.023872497, main.go:107] Running CmdStart
[DEBUG Aug  2 08:18:35.029436961, errs.go:75] Wrapped error: Service is already running -- with: valueF failed
[DEBUG Aug  2 08:18:35.029504891, errs.go:75] Wrapped error: valueF failed -- with: Could not store pid
[DEBUG Aug  2 08:18:35.029599645, errors.go:113] Wrapped input error: Could not store pid -- with: A State Service instance is already running in the background.
[DEBUG Aug  2 08:18:35.029615244, errs.go:75] Wrapped error: A State Service instance is already running in the background. -- with: Could not start serviceManager
[DEBUG Aug  2 08:18:35.029684063, client.go:128] Reporting event to 2 reporters: command-exit, state-svc start, 1
[DEBUG Aug  2 08:18:35.404572975, errs.go:75] Wrapped error: <nil> -- with: Could not start serviceManager: A State Service instance is already running in the background.: Could not store pid: valueF failed: Service is already running
[DEBUG Aug  2 08:18:35.404654990, main.go:61] state-svc errored out due to input: Could not start serviceManager: A State Service instance is already running in the background.: Could not store pid: valueF failed: Service is already running
