[DEBUG Aug  2 08:02:25.643079187, defaults.go:273] Args: [/home1/wangfeim/.local/ActiveState/StateTool/release/bin/state-svc start]
[DEBUG Aug  2 08:02:25.657389893, locale.go:38] Init
[DEBUG Aug  2 08:02:25.699953779, errs.go:68] Created error: File could not be found
[DEBUG Aug  2 08:02:25.703002959, errs.go:68] Created error: Not Recognized
[DEBUG Aug  2 08:02:25.723637420, errs.go:68] Created error: Secret not found
[DEBUG Aug  2 08:02:25.723689395, errs.go:68] Created error: Could not save keypair
[DEBUG Aug  2 08:02:25.723850612, errs.go:68] Created error: Build responded with error
[DEBUG Aug  2 08:02:25.723878685, errs.go:68] Created error: Unknown build type
[DEBUG Aug  2 08:02:25.723976877, errors.go:86] Wrapped localized error: <nil> -- with: The installed version of the State Tool Service does not match that of the client.
Please stop the service with [ACTIONABLE]state-svc stop[/RESET] and try your command again.
If this issue persists please reinstall the State Tool.

[DEBUG Aug  2 08:02:25.724012354, errs.go:68] Created error: no data
[DEBUG Aug  2 08:02:25.724033851, errs.go:68] Created error: member not found
[DEBUG Aug  2 08:02:25.724054884, errs.go:68] Created error: Commit count is unknowable
[DEBUG Aug  2 08:02:25.724077370, errs.go:68] Created error: No merge required
[DEBUG Aug  2 08:02:25.724098835, errs.go:68] Created error: Can't merge commit thats already in target commits history
[DEBUG Aug  2 08:02:25.724127478, errs.go:68] Created error: Bad expander name
[DEBUG Aug  2 08:02:25.724150002, errs.go:68] Created error: Expander has no handler
[DEBUG Aug  2 08:02:25.725449397, errs.go:68] Created error: Service is already running
[DEBUG Aug  2 08:02:25.755243590, secrets.go:35] Gcloud Secretmanager failed to initialize (ignore if you're not trying to use gcloud): google: could not find default credentials. See https://developers.google.com/accounts/docs/application-default-credentials for more information.
[DEBUG Aug  2 08:02:25.759401259, output.go:53] Requested outputer for 
[DEBUG Aug  2 08:02:25.759426047, output.go:58] Using Plain outputer
[DEBUG Aug  2 08:02:25.759521465, termutils.go:17] Cannot get terminal size: inappropriate ioctl for device
[DEBUG Aug  2 08:02:25.759680050, main.go:107] Running CmdStart
[DEBUG Aug  2 08:02:25.759682265, client.go:128] Reporting event to 2 reporters: run-command, state-svc start, 
[DEBUG Aug  2 08:02:25.786241494, errs.go:75] Wrapped error: Service is already running -- with: valueF failed
[DEBUG Aug  2 08:02:25.786303821, errs.go:75] Wrapped error: valueF failed -- with: Could not store pid
[DEBUG Aug  2 08:02:25.786383004, errors.go:113] Wrapped input error: Could not store pid -- with: A State Service instance is already running in the background.
[DEBUG Aug  2 08:02:25.786396872, errs.go:75] Wrapped error: A State Service instance is already running in the background. -- with: Could not start serviceManager
[DEBUG Aug  2 08:02:25.786485531, client.go:128] Reporting event to 2 reporters: command-exit, state-svc start, 1
[DEBUG Aug  2 08:02:26.105935754, errs.go:75] Wrapped error: <nil> -- with: Could not start serviceManager: A State Service instance is already running in the background.: Could not store pid: valueF failed: Service is already running
[DEBUG Aug  2 08:02:26.106003407, main.go:61] state-svc errored out due to input: Could not start serviceManager: A State Service instance is already running in the background.: Could not store pid: valueF failed: Service is already running
