[DEBUG Aug  2 07:39:05.755565194, defaults.go:273] Args: [/home1/wangfeim/.local/ActiveState/StateTool/release/bin/state-svc start]
[DEBUG Aug  2 07:39:05.795890446, locale.go:38] Init
[DEBUG Aug  2 07:39:05.849132070, errs.go:68] Created error: File could not be found
[DEBUG Aug  2 07:39:05.853882017, errs.go:68] Created error: Not Recognized
[DEBUG Aug  2 07:39:05.901204491, errs.go:68] Created error: Secret not found
[DEBUG Aug  2 07:39:05.901258644, errs.go:68] Created error: Could not save keypair
[DEBUG Aug  2 07:39:05.901431623, errs.go:68] Created error: Build responded with error
[DEBUG Aug  2 07:39:05.901462982, errs.go:68] Created error: Unknown build type
[DEBUG Aug  2 07:39:05.901578200, errors.go:86] Wrapped localized error: <nil> -- with: The installed version of the State Tool Service does not match that of the client.
Please stop the service with [ACTIONABLE]state-svc stop[/RESET] and try your command again.
If this issue persists please reinstall the State Tool.

[DEBUG Aug  2 07:39:05.901592460, errs.go:68] Created error: no data
[DEBUG Aug  2 07:39:05.901616908, errs.go:68] Created error: member not found
[DEBUG Aug  2 07:39:05.901649001, errs.go:68] Created error: Commit count is unknowable
[DEBUG Aug  2 07:39:05.901672678, errs.go:68] Created error: No merge required
[DEBUG Aug  2 07:39:05.901695047, errs.go:68] Created error: Can't merge commit thats already in target commits history
[DEBUG Aug  2 07:39:05.901719113, errs.go:68] Created error: Bad expander name
[DEBUG Aug  2 07:39:05.901741813, errs.go:68] Created error: Expander has no handler
[DEBUG Aug  2 07:39:05.902826045, errs.go:68] Created error: Service is already running
[DEBUG Aug  2 07:39:05.931956382, secrets.go:35] Gcloud Secretmanager failed to initialize (ignore if you're not trying to use gcloud): google: could not find default credentials. See https://developers.google.com/accounts/docs/application-default-credentials for more information.
[DEBUG Aug  2 07:39:05.935413056, output.go:53] Requested outputer for 
[DEBUG Aug  2 07:39:05.935442201, output.go:58] Using Plain outputer
[DEBUG Aug  2 07:39:05.935517217, termutils.go:17] Cannot get terminal size: inappropriate ioctl for device
[DEBUG Aug  2 07:39:05.935669830, client.go:128] Reporting event to 2 reporters: run-command, state-svc start, 
[DEBUG Aug  2 07:39:05.935739121, main.go:107] Running CmdStart
[DEBUG Aug  2 07:39:05.942921156, errs.go:75] Wrapped error: Service is already running -- with: valueF failed
[DEBUG Aug  2 07:39:05.943261708, errs.go:75] Wrapped error: valueF failed -- with: Could not store pid
[DEBUG Aug  2 07:39:05.943499651, errors.go:113] Wrapped input error: Could not store pid -- with: A State Service instance is already running in the background.
[DEBUG Aug  2 07:39:05.943519089, errs.go:75] Wrapped error: A State Service instance is already running in the background. -- with: Could not start serviceManager
[DEBUG Aug  2 07:39:05.943656634, client.go:128] Reporting event to 2 reporters: command-exit, state-svc start, 1
[DEBUG Aug  2 07:39:06.320993743, errs.go:75] Wrapped error: <nil> -- with: Could not start serviceManager: A State Service instance is already running in the background.: Could not store pid: valueF failed: Service is already running
[DEBUG Aug  2 07:39:06.321046783, main.go:61] state-svc errored out due to input: Could not start serviceManager: A State Service instance is already running in the background.: Could not store pid: valueF failed: Service is already running
