[DEBUG Aug  2 08:18:42.298746683, defaults.go:273] Args: [/home1/wangfeim/.local/ActiveState/StateTool/release/bin/state-svc start]
[DEBUG Aug  2 08:18:42.311911588, locale.go:38] Init
[DEBUG Aug  2 08:18:42.500238252, errs.go:68] Created error: File could not be found
[DEBUG Aug  2 08:18:42.503183025, errs.go:68] Created error: Not Recognized
[DEBUG Aug  2 08:18:42.522914543, errs.go:68] Created error: Secret not found
[DEBUG Aug  2 08:18:42.522963848, errs.go:68] Created error: Could not save keypair
[DEBUG Aug  2 08:18:42.523114993, errs.go:68] Created error: Build responded with error
[DEBUG Aug  2 08:18:42.523147016, errs.go:68] Created error: Unknown build type
[DEBUG Aug  2 08:18:42.523255700, errors.go:86] Wrapped localized error: <nil> -- with: The installed version of the State Tool Service does not match that of the client.
Please stop the service with [ACTIONABLE]state-svc stop[/RESET] and try your command again.
If this issue persists please reinstall the State Tool.

[DEBUG Aug  2 08:18:42.523269756, errs.go:68] Created error: no data
[DEBUG Aug  2 08:18:42.523291329, errs.go:68] Created error: member not found
[DEBUG Aug  2 08:18:42.523318923, errs.go:68] Created error: Commit count is unknowable
[DEBUG Aug  2 08:18:42.523341323, errs.go:68] Created error: No merge required
[DEBUG Aug  2 08:18:42.523362811, errs.go:68] Created error: Can't merge commit thats already in target commits history
[DEBUG Aug  2 08:18:42.523386023, errs.go:68] Created error: Bad expander name
[DEBUG Aug  2 08:18:42.523406619, errs.go:68] Created error: Expander has no handler
[DEBUG Aug  2 08:18:42.524478866, errs.go:68] Created error: Service is already running
[DEBUG Aug  2 08:18:42.586896109, secrets.go:35] Gcloud Secretmanager failed to initialize (ignore if you're not trying to use gcloud): google: could not find default credentials. See https://developers.google.com/accounts/docs/application-default-credentials for more information.
[DEBUG Aug  2 08:18:42.591937820, output.go:53] Requested outputer for 
[DEBUG Aug  2 08:18:42.591968692, output.go:58] Using Plain outputer
[DEBUG Aug  2 08:18:42.592097037, termutils.go:17] Cannot get terminal size: inappropriate ioctl for device
[DEBUG Aug  2 08:18:42.592203526, client.go:128] Reporting event to 2 reporters: run-command, state-svc start, 
[DEBUG Aug  2 08:18:42.592287911, main.go:107] Running CmdStart
[DEBUG Aug  2 08:18:42.598491280, errs.go:75] Wrapped error: Service is already running -- with: valueF failed
[DEBUG Aug  2 08:18:42.598570618, errs.go:75] Wrapped error: valueF failed -- with: Could not store pid
[DEBUG Aug  2 08:18:42.598650582, errors.go:113] Wrapped input error: Could not store pid -- with: A State Service instance is already running in the background.
[DEBUG Aug  2 08:18:42.598666026, errs.go:75] Wrapped error: A State Service instance is already running in the background. -- with: Could not start serviceManager
[DEBUG Aug  2 08:18:42.598752730, client.go:128] Reporting event to 2 reporters: command-exit, state-svc start, 1
[DEBUG Aug  2 08:18:42.999113209, errs.go:75] Wrapped error: <nil> -- with: Could not start serviceManager: A State Service instance is already running in the background.: Could not store pid: valueF failed: Service is already running
[DEBUG Aug  2 08:18:42.999173773, main.go:61] state-svc errored out due to input: Could not start serviceManager: A State Service instance is already running in the background.: Could not store pid: valueF failed: Service is already running
