[DEBUG Aug  2 07:50:44.974342255, defaults.go:273] Args: [/home1/wangfeim/.local/ActiveState/StateTool/release/bin/state-svc start]
[DEBUG Aug  2 07:50:44.988843341, locale.go:38] Init
[DEBUG Aug  2 07:50:45.030167968, errs.go:68] Created error: File could not be found
[DEBUG Aug  2 07:50:45.032959811, errs.go:68] Created error: Not Recognized
[DEBUG Aug  2 07:50:45.052851509, errs.go:68] Created error: Secret not found
[DEBUG Aug  2 07:50:45.052908879, errs.go:68] Created error: Could not save keypair
[DEBUG Aug  2 07:50:45.053102331, errs.go:68] Created error: Build responded with error
[DEBUG Aug  2 07:50:45.053131945, errs.go:68] Created error: Unknown build type
[DEBUG Aug  2 07:50:45.053285000, errors.go:86] Wrapped localized error: <nil> -- with: The installed version of the State Tool Service does not match that of the client.
Please stop the service with [ACTIONABLE]state-svc stop[/RESET] and try your command again.
If this issue persists please reinstall the State Tool.

[DEBUG Aug  2 07:50:45.053300115, errs.go:68] Created error: no data
[DEBUG Aug  2 07:50:45.053322783, errs.go:68] Created error: member not found
[DEBUG Aug  2 07:50:45.053344512, errs.go:68] Created error: Commit count is unknowable
[DEBUG Aug  2 07:50:45.053364327, errs.go:68] Created error: No merge required
[DEBUG Aug  2 07:50:45.053387320, errs.go:68] Created error: Can't merge commit thats already in target commits history
[DEBUG Aug  2 07:50:45.053411574, errs.go:68] Created error: Bad expander name
[DEBUG Aug  2 07:50:45.053432992, errs.go:68] Created error: Expander has no handler
[DEBUG Aug  2 07:50:45.054613328, errs.go:68] Created error: Service is already running
[DEBUG Aug  2 07:50:45.094061412, secrets.go:35] Gcloud Secretmanager failed to initialize (ignore if you're not trying to use gcloud): google: could not find default credentials. See https://developers.google.com/accounts/docs/application-default-credentials for more information.
[DEBUG Aug  2 07:50:45.098014403, output.go:53] Requested outputer for 
[DEBUG Aug  2 07:50:45.098038120, output.go:58] Using Plain outputer
[DEBUG Aug  2 07:50:45.098123453, termutils.go:17] Cannot get terminal size: inappropriate ioctl for device
[DEBUG Aug  2 07:50:45.098210978, client.go:128] Reporting event to 2 reporters: run-command, state-svc start, 
[DEBUG Aug  2 07:50:45.098291903, main.go:107] Running CmdStart
[DEBUG Aug  2 07:50:45.104310329, errs.go:75] Wrapped error: Service is already running -- with: valueF failed
[DEBUG Aug  2 07:50:45.104378216, errs.go:75] Wrapped error: valueF failed -- with: Could not store pid
[DEBUG Aug  2 07:50:45.104466873, errors.go:113] Wrapped input error: Could not store pid -- with: A State Service instance is already running in the background.
[DEBUG Aug  2 07:50:45.104482450, errs.go:75] Wrapped error: A State Service instance is already running in the background. -- with: Could not start serviceManager
[DEBUG Aug  2 07:50:45.104585446, client.go:128] Reporting event to 2 reporters: command-exit, state-svc start, 1
[DEBUG Aug  2 07:50:45.456616990, errs.go:75] Wrapped error: <nil> -- with: Could not start serviceManager: A State Service instance is already running in the background.: Could not store pid: valueF failed: Service is already running
[DEBUG Aug  2 07:50:45.456682424, main.go:61] state-svc errored out due to input: Could not start serviceManager: A State Service instance is already running in the background.: Could not store pid: valueF failed: Service is already running
