[DEBUG Aug  2 07:54:49.837706803, defaults.go:273] Args: [/home1/wangfeim/.local/ActiveState/StateTool/release/bin/state-svc start]
[DEBUG Aug  2 07:54:49.850881346, locale.go:38] Init
[DEBUG Aug  2 07:54:49.972597637, errs.go:68] Created error: File could not be found
[DEBUG Aug  2 07:54:49.975681482, errs.go:68] Created error: Not Recognized
[DEBUG Aug  2 07:54:49.999637939, errs.go:68] Created error: Secret not found
[DEBUG Aug  2 07:54:49.999703984, errs.go:68] Created error: Could not save keypair
[DEBUG Aug  2 07:54:49.999895799, errs.go:68] Created error: Build responded with error
[DEBUG Aug  2 07:54:49.999932447, errs.go:68] Created error: Unknown build type
[DEBUG Aug  2 07:54:50.000060395, errors.go:86] Wrapped localized error: <nil> -- with: The installed version of the State Tool Service does not match that of the client.
Please stop the service with [ACTIONABLE]state-svc stop[/RESET] and try your command again.
If this issue persists please reinstall the State Tool.

[DEBUG Aug  2 07:54:50.000077521, errs.go:68] Created error: no data
[DEBUG Aug  2 07:54:50.000109786, errs.go:68] Created error: member not found
[DEBUG Aug  2 07:54:50.000143343, errs.go:68] Created error: Commit count is unknowable
[DEBUG Aug  2 07:54:50.000169473, errs.go:68] Created error: No merge required
[DEBUG Aug  2 07:54:50.000195720, errs.go:68] Created error: Can't merge commit thats already in target commits history
[DEBUG Aug  2 07:54:50.000223417, errs.go:68] Created error: Bad expander name
[DEBUG Aug  2 07:54:50.000248792, errs.go:68] Created error: Expander has no handler
[DEBUG Aug  2 07:54:50.001570150, errs.go:68] Created error: Service is already running
[DEBUG Aug  2 07:54:50.095463591, secrets.go:35] Gcloud Secretmanager failed to initialize (ignore if you're not trying to use gcloud): google: could not find default credentials. See https://developers.google.com/accounts/docs/application-default-credentials for more information.
[DEBUG Aug  2 07:54:50.098856242, output.go:53] Requested outputer for 
[DEBUG Aug  2 07:54:50.098890132, output.go:58] Using Plain outputer
[DEBUG Aug  2 07:54:50.099012966, termutils.go:17] Cannot get terminal size: inappropriate ioctl for device
[DEBUG Aug  2 07:54:50.099087699, client.go:128] Reporting event to 2 reporters: run-command, state-svc start, 
[DEBUG Aug  2 07:54:50.099275444, main.go:107] Running CmdStart
[DEBUG Aug  2 07:54:50.105415893, errs.go:75] Wrapped error: Service is already running -- with: valueF failed
[DEBUG Aug  2 07:54:50.105483361, errs.go:75] Wrapped error: valueF failed -- with: Could not store pid
[DEBUG Aug  2 07:54:50.105571969, errors.go:113] Wrapped input error: Could not store pid -- with: A State Service instance is already running in the background.
[DEBUG Aug  2 07:54:50.105587203, errs.go:75] Wrapped error: A State Service instance is already running in the background. -- with: Could not start serviceManager
[DEBUG Aug  2 07:54:50.105669850, client.go:128] Reporting event to 2 reporters: command-exit, state-svc start, 1
[DEBUG Aug  2 07:54:50.495489746, errs.go:75] Wrapped error: <nil> -- with: Could not start serviceManager: A State Service instance is already running in the background.: Could not store pid: valueF failed: Service is already running
[DEBUG Aug  2 07:54:50.495595534, main.go:61] state-svc errored out due to input: Could not start serviceManager: A State Service instance is already running in the background.: Could not store pid: valueF failed: Service is already running
