[DEBUG Sep 17 03:03:06.073011876, errs.go:68] Created error: File could not be found
[DEBUG Sep 17 03:03:06.080297302, errs.go:68] Created error: Not Recognized
[DEBUG Sep 17 03:03:06.073126586, log.go:184] Rollbar error: empty token

[DEBUG Sep 17 03:03:06.107446638, errs.go:68] Created error: Secret not found
[DEBUG Sep 17 03:03:06.107490722, errs.go:68] Created error: Could not save keypair
[DEBUG Sep 17 03:03:06.107676648, errs.go:68] Created error: Build responded with error
[DEBUG Sep 17 03:03:06.107704667, errs.go:68] Created error: Unknown build type
[DEBUG Sep 17 03:03:06.107831275, errors.go:86] Wrapped localized error: <nil> -- with: The installed version of the State Tool Service does not match that of the client.
Please stop the service with [ACTIONABLE]state-svc stop[/RESET] and try your command again.
If this issue persists please reinstall the State Tool.

[DEBUG Sep 17 03:03:06.107848553, errs.go:68] Created error: no data
[DEBUG Sep 17 03:03:06.107870137, errs.go:68] Created error: member not found
[DEBUG Sep 17 03:03:06.107891346, errs.go:68] Created error: Commit count is unknowable
[DEBUG Sep 17 03:03:06.107912101, errs.go:68] Created error: No merge required
[DEBUG Sep 17 03:03:06.107933115, errs.go:68] Created error: Can't merge commit thats already in target commits history
[DEBUG Sep 17 03:03:06.107958307, errs.go:68] Created error: Bad expander name
[DEBUG Sep 17 03:03:06.107980050, errs.go:68] Created error: Expander has no handler
[DEBUG Sep 17 03:03:06.108983650, errs.go:68] Created error: Service is already running
[DEBUG Sep 17 03:03:06.152693103, secrets.go:35] Gcloud Secretmanager failed to initialize (ignore if you're not trying to use gcloud): google: could not find default credentials. See https://developers.google.com/accounts/docs/application-default-credentials for more information.
[DEBUG Sep 17 03:03:06.171498625, output.go:53] Requested outputer for 
[DEBUG Sep 17 03:03:06.171521494, output.go:58] Using Plain outputer
[DEBUG Sep 17 03:03:06.171614056, termutils.go:17] Cannot get terminal size: inappropriate ioctl for device
[DEBUG Sep 17 03:03:06.171789813, main.go:107] Running CmdStart
[DEBUG Sep 17 03:03:06.172584836, client.go:128] Reporting event to 2 reporters: run-command, state-svc start, 
[DEBUG Sep 17 03:03:06.177800628, errs.go:75] Wrapped error: Service is already running -- with: valueF failed
[DEBUG Sep 17 03:03:06.177852673, errs.go:75] Wrapped error: valueF failed -- with: Could not store pid
[DEBUG Sep 17 03:03:06.177941214, errors.go:113] Wrapped input error: Could not store pid -- with: A State Service instance is already running in the background.
[DEBUG Sep 17 03:03:06.177953119, errs.go:75] Wrapped error: A State Service instance is already running in the background. -- with: Could not start serviceManager
[DEBUG Sep 17 03:03:06.178029215, client.go:128] Reporting event to 2 reporters: command-exit, state-svc start, 1
[DEBUG Sep 17 03:03:06.552694412, errs.go:75] Wrapped error: <nil> -- with: Could not start serviceManager: A State Service instance is already running in the background.: Could not store pid: valueF failed: Service is already running
[DEBUG Sep 17 03:03:06.552742833, main.go:61] state-svc errored out due to input: Could not start serviceManager: A State Service instance is already running in the background.: Could not store pid: valueF failed: Service is already running
