[DEBUG Aug  2 08:19:14.817714343, defaults.go:273] Args: [/home1/wangfeim/.local/ActiveState/StateTool/release/bin/state-svc start]
[DEBUG Aug  2 08:19:14.830990890, locale.go:38] Init
[DEBUG Aug  2 08:19:14.910126590, errs.go:68] Created error: File could not be found
[DEBUG Aug  2 08:19:14.913259471, errs.go:68] Created error: Not Recognized
[DEBUG Aug  2 08:19:14.934805965, errs.go:68] Created error: Secret not found
[DEBUG Aug  2 08:19:14.934872763, errs.go:68] Created error: Could not save keypair
[DEBUG Aug  2 08:19:14.935043588, errs.go:68] Created error: Build responded with error
[DEBUG Aug  2 08:19:14.935083725, errs.go:68] Created error: Unknown build type
[DEBUG Aug  2 08:19:14.935208782, errors.go:86] Wrapped localized error: <nil> -- with: The installed version of the State Tool Service does not match that of the client.
Please stop the service with [ACTIONABLE]state-svc stop[/RESET] and try your command again.
If this issue persists please reinstall the State Tool.

[DEBUG Aug  2 08:19:14.935223301, errs.go:68] Created error: no data
[DEBUG Aug  2 08:19:14.935248334, errs.go:68] Created error: member not found
[DEBUG Aug  2 08:19:14.935277745, errs.go:68] Created error: Commit count is unknowable
[DEBUG Aug  2 08:19:14.935301271, errs.go:68] Created error: No merge required
[DEBUG Aug  2 08:19:14.935326427, errs.go:68] Created error: Can't merge commit thats already in target commits history
[DEBUG Aug  2 08:19:14.935351002, errs.go:68] Created error: Bad expander name
[DEBUG Aug  2 08:19:14.935373819, errs.go:68] Created error: Expander has no handler
[DEBUG Aug  2 08:19:14.936471138, errs.go:68] Created error: Service is already running
[DEBUG Aug  2 08:19:15.001993421, secrets.go:35] Gcloud Secretmanager failed to initialize (ignore if you're not trying to use gcloud): google: could not find default credentials. See https://developers.google.com/accounts/docs/application-default-credentials for more information.
[DEBUG Aug  2 08:19:15.006571644, output.go:53] Requested outputer for 
[DEBUG Aug  2 08:19:15.006596494, output.go:58] Using Plain outputer
[DEBUG Aug  2 08:19:15.006669856, termutils.go:17] Cannot get terminal size: inappropriate ioctl for device
[DEBUG Aug  2 08:19:15.006856047, main.go:107] Running CmdStart
[DEBUG Aug  2 08:19:15.006855927, client.go:128] Reporting event to 2 reporters: run-command, state-svc start, 
[DEBUG Aug  2 08:19:15.012801693, errs.go:75] Wrapped error: Service is already running -- with: valueF failed
[DEBUG Aug  2 08:19:15.012871307, errs.go:75] Wrapped error: valueF failed -- with: Could not store pid
[DEBUG Aug  2 08:19:15.012957530, errors.go:113] Wrapped input error: Could not store pid -- with: A State Service instance is already running in the background.
[DEBUG Aug  2 08:19:15.012974177, errs.go:75] Wrapped error: A State Service instance is already running in the background. -- with: Could not start serviceManager
[DEBUG Aug  2 08:19:15.013041386, client.go:128] Reporting event to 2 reporters: command-exit, state-svc start, 1
[DEBUG Aug  2 08:19:15.384993250, errs.go:75] Wrapped error: <nil> -- with: Could not start serviceManager: A State Service instance is already running in the background.: Could not store pid: valueF failed: Service is already running
[DEBUG Aug  2 08:19:15.385075149, main.go:61] state-svc errored out due to input: Could not start serviceManager: A State Service instance is already running in the background.: Could not store pid: valueF failed: Service is already running
