[DEBUG Aug  2 07:52:39.793740776, defaults.go:273] Args: [/home1/wangfeim/.local/ActiveState/StateTool/release/bin/state-svc start]
[DEBUG Aug  2 07:52:39.807471742, locale.go:38] Init
[DEBUG Aug  2 07:52:39.893488742, errs.go:68] Created error: File could not be found
[DEBUG Aug  2 07:52:39.896548600, errs.go:68] Created error: Not Recognized
[DEBUG Aug  2 07:52:39.917236178, errs.go:68] Created error: Secret not found
[DEBUG Aug  2 07:52:39.917303073, errs.go:68] Created error: Could not save keypair
[DEBUG Aug  2 07:52:39.917462588, errs.go:68] Created error: Build responded with error
[DEBUG Aug  2 07:52:39.917488418, errs.go:68] Created error: Unknown build type
[DEBUG Aug  2 07:52:39.917630268, errors.go:86] Wrapped localized error: <nil> -- with: The installed version of the State Tool Service does not match that of the client.
Please stop the service with [ACTIONABLE]state-svc stop[/RESET] and try your command again.
If this issue persists please reinstall the State Tool.

[DEBUG Aug  2 07:52:39.917645189, errs.go:68] Created error: no data
[DEBUG Aug  2 07:52:39.917678246, errs.go:68] Created error: member not found
[DEBUG Aug  2 07:52:39.917706389, errs.go:68] Created error: Commit count is unknowable
[DEBUG Aug  2 07:52:39.917732704, errs.go:68] Created error: No merge required
[DEBUG Aug  2 07:52:39.917753934, errs.go:68] Created error: Can't merge commit thats already in target commits history
[DEBUG Aug  2 07:52:39.917777659, errs.go:68] Created error: Bad expander name
[DEBUG Aug  2 07:52:39.917799028, errs.go:68] Created error: Expander has no handler
[DEBUG Aug  2 07:52:39.918847991, errs.go:68] Created error: Service is already running
[DEBUG Aug  2 07:52:39.988920971, secrets.go:35] Gcloud Secretmanager failed to initialize (ignore if you're not trying to use gcloud): google: could not find default credentials. See https://developers.google.com/accounts/docs/application-default-credentials for more information.
[DEBUG Aug  2 07:52:39.992340133, output.go:53] Requested outputer for 
[DEBUG Aug  2 07:52:39.992362665, output.go:58] Using Plain outputer
[DEBUG Aug  2 07:52:39.992446025, termutils.go:17] Cannot get terminal size: inappropriate ioctl for device
[DEBUG Aug  2 07:52:39.992550788, client.go:128] Reporting event to 2 reporters: run-command, state-svc start, 
[DEBUG Aug  2 07:52:39.992612072, main.go:107] Running CmdStart
[DEBUG Aug  2 07:52:39.998116371, errs.go:75] Wrapped error: Service is already running -- with: valueF failed
[DEBUG Aug  2 07:52:39.998171945, errs.go:75] Wrapped error: valueF failed -- with: Could not store pid
[DEBUG Aug  2 07:52:39.998244430, errors.go:113] Wrapped input error: Could not store pid -- with: A State Service instance is already running in the background.
[DEBUG Aug  2 07:52:39.998259000, errs.go:75] Wrapped error: A State Service instance is already running in the background. -- with: Could not start serviceManager
[DEBUG Aug  2 07:52:39.998339265, client.go:128] Reporting event to 2 reporters: command-exit, state-svc start, 1
[DEBUG Aug  2 07:52:40.352028350, errs.go:75] Wrapped error: <nil> -- with: Could not start serviceManager: A State Service instance is already running in the background.: Could not store pid: valueF failed: Service is already running
[DEBUG Aug  2 07:52:40.352116268, main.go:61] state-svc errored out due to input: Could not start serviceManager: A State Service instance is already running in the background.: Could not store pid: valueF failed: Service is already running
