[DEBUG Aug  2 08:09:10.806159027, defaults.go:273] Args: [/home1/wangfeim/.local/ActiveState/StateTool/release/bin/state-svc start]
[DEBUG Aug  2 08:09:10.823281533, locale.go:38] Init
[DEBUG Aug  2 08:09:10.907415181, errs.go:68] Created error: File could not be found
[DEBUG Aug  2 08:09:10.910534988, errs.go:68] Created error: Not Recognized
[DEBUG Aug  2 08:09:10.931568792, errs.go:68] Created error: Secret not found
[DEBUG Aug  2 08:09:10.931633575, errs.go:68] Created error: Could not save keypair
[DEBUG Aug  2 08:09:10.931818242, errs.go:68] Created error: Build responded with error
[DEBUG Aug  2 08:09:10.931847912, errs.go:68] Created error: Unknown build type
[DEBUG Aug  2 08:09:10.931977092, errors.go:86] Wrapped localized error: <nil> -- with: The installed version of the State Tool Service does not match that of the client.
Please stop the service with [ACTIONABLE]state-svc stop[/RESET] and try your command again.
If this issue persists please reinstall the State Tool.

[DEBUG Aug  2 08:09:10.931992651, errs.go:68] Created error: no data
[DEBUG Aug  2 08:09:10.932018280, errs.go:68] Created error: member not found
[DEBUG Aug  2 08:09:10.932045732, errs.go:68] Created error: Commit count is unknowable
[DEBUG Aug  2 08:09:10.932077932, errs.go:68] Created error: No merge required
[DEBUG Aug  2 08:09:10.932101580, errs.go:68] Created error: Can't merge commit thats already in target commits history
[DEBUG Aug  2 08:09:10.932126710, errs.go:68] Created error: Bad expander name
[DEBUG Aug  2 08:09:10.932149669, errs.go:68] Created error: Expander has no handler
[DEBUG Aug  2 08:09:10.933209219, errs.go:68] Created error: Service is already running
[DEBUG Aug  2 08:09:11.002704189, secrets.go:35] Gcloud Secretmanager failed to initialize (ignore if you're not trying to use gcloud): google: could not find default credentials. See https://developers.google.com/accounts/docs/application-default-credentials for more information.
[DEBUG Aug  2 08:09:11.006280148, output.go:53] Requested outputer for 
[DEBUG Aug  2 08:09:11.006306441, output.go:58] Using Plain outputer
[DEBUG Aug  2 08:09:11.006385584, termutils.go:17] Cannot get terminal size: inappropriate ioctl for device
[DEBUG Aug  2 08:09:11.006426366, client.go:128] Reporting event to 2 reporters: run-command, state-svc start, 
[DEBUG Aug  2 08:09:11.006583305, main.go:107] Running CmdStart
[DEBUG Aug  2 08:09:11.012398040, errs.go:75] Wrapped error: Service is already running -- with: valueF failed
[DEBUG Aug  2 08:09:11.012463685, errs.go:75] Wrapped error: valueF failed -- with: Could not store pid
[DEBUG Aug  2 08:09:11.012566766, errors.go:113] Wrapped input error: Could not store pid -- with: A State Service instance is already running in the background.
[DEBUG Aug  2 08:09:11.012582387, errs.go:75] Wrapped error: A State Service instance is already running in the background. -- with: Could not start serviceManager
[DEBUG Aug  2 08:09:11.012691898, client.go:128] Reporting event to 2 reporters: command-exit, state-svc start, 1
[DEBUG Aug  2 08:09:11.395406513, errs.go:75] Wrapped error: <nil> -- with: Could not start serviceManager: A State Service instance is already running in the background.: Could not store pid: valueF failed: Service is already running
[DEBUG Aug  2 08:09:11.395497904, main.go:61] state-svc errored out due to input: Could not start serviceManager: A State Service instance is already running in the background.: Could not store pid: valueF failed: Service is already running
