[DEBUG Aug  2 08:15:41.828303352, defaults.go:273] Args: [/home1/wangfeim/.local/ActiveState/StateTool/release/bin/state-svc start]
[DEBUG Aug  2 08:15:41.843090799, locale.go:38] Init
[DEBUG Aug  2 08:15:41.900229365, errs.go:68] Created error: File could not be found
[DEBUG Aug  2 08:15:41.903306575, errs.go:68] Created error: Not Recognized
[DEBUG Aug  2 08:15:41.925383710, errs.go:68] Created error: Secret not found
[DEBUG Aug  2 08:15:41.925454351, errs.go:68] Created error: Could not save keypair
[DEBUG Aug  2 08:15:41.925728500, errs.go:68] Created error: Build responded with error
[DEBUG Aug  2 08:15:41.925775557, errs.go:68] Created error: Unknown build type
[DEBUG Aug  2 08:15:41.925957941, errors.go:86] Wrapped localized error: <nil> -- with: The installed version of the State Tool Service does not match that of the client.
Please stop the service with [ACTIONABLE]state-svc stop[/RESET] and try your command again.
If this issue persists please reinstall the State Tool.

[DEBUG Aug  2 08:15:41.925981353, errs.go:68] Created error: no data
[DEBUG Aug  2 08:15:41.926022490, errs.go:68] Created error: member not found
[DEBUG Aug  2 08:15:41.926047653, errs.go:68] Created error: Commit count is unknowable
[DEBUG Aug  2 08:15:41.926078027, errs.go:68] Created error: No merge required
[DEBUG Aug  2 08:15:41.926105070, errs.go:68] Created error: Can't merge commit thats already in target commits history
[DEBUG Aug  2 08:15:41.926146918, errs.go:68] Created error: Bad expander name
[DEBUG Aug  2 08:15:41.926178476, errs.go:68] Created error: Expander has no handler
[DEBUG Aug  2 08:15:41.927464529, errs.go:68] Created error: Service is already running
[DEBUG Aug  2 08:15:41.957238863, secrets.go:35] Gcloud Secretmanager failed to initialize (ignore if you're not trying to use gcloud): google: could not find default credentials. See https://developers.google.com/accounts/docs/application-default-credentials for more information.
[DEBUG Aug  2 08:15:41.988249113, output.go:53] Requested outputer for 
[DEBUG Aug  2 08:15:41.988269503, output.go:58] Using Plain outputer
[DEBUG Aug  2 08:15:41.988336521, termutils.go:17] Cannot get terminal size: inappropriate ioctl for device
[DEBUG Aug  2 08:15:41.988423088, client.go:128] Reporting event to 2 reporters: run-command, state-svc start, 
[DEBUG Aug  2 08:15:41.988605084, main.go:107] Running CmdStart
[DEBUG Aug  2 08:15:41.994246827, errs.go:75] Wrapped error: Service is already running -- with: valueF failed
[DEBUG Aug  2 08:15:41.994305013, errs.go:75] Wrapped error: valueF failed -- with: Could not store pid
[DEBUG Aug  2 08:15:41.994376244, errors.go:113] Wrapped input error: Could not store pid -- with: A State Service instance is already running in the background.
[DEBUG Aug  2 08:15:41.994391286, errs.go:75] Wrapped error: A State Service instance is already running in the background. -- with: Could not start serviceManager
[DEBUG Aug  2 08:15:41.994492497, client.go:128] Reporting event to 2 reporters: command-exit, state-svc start, 1
[DEBUG Aug  2 08:15:42.365063112, errs.go:75] Wrapped error: <nil> -- with: Could not start serviceManager: A State Service instance is already running in the background.: Could not store pid: valueF failed: Service is already running
[DEBUG Aug  2 08:15:42.365134848, main.go:61] state-svc errored out due to input: Could not start serviceManager: A State Service instance is already running in the background.: Could not store pid: valueF failed: Service is already running
