[DEBUG Aug  2 08:10:55.828475173, defaults.go:273] Args: [/home1/wangfeim/.local/ActiveState/StateTool/release/bin/state-svc start]
[DEBUG Aug  2 08:10:55.843094900, locale.go:38] Init
[DEBUG Aug  2 08:10:56.070501270, errs.go:68] Created error: File could not be found
[DEBUG Aug  2 08:10:56.073517245, errs.go:68] Created error: Not Recognized
[DEBUG Aug  2 08:10:56.094884066, errs.go:68] Created error: Secret not found
[DEBUG Aug  2 08:10:56.094938455, errs.go:68] Created error: Could not save keypair
[DEBUG Aug  2 08:10:56.095106182, errs.go:68] Created error: Build responded with error
[DEBUG Aug  2 08:10:56.095131517, errs.go:68] Created error: Unknown build type
[DEBUG Aug  2 08:10:56.095239051, errors.go:86] Wrapped localized error: <nil> -- with: The installed version of the State Tool Service does not match that of the client.
Please stop the service with [ACTIONABLE]state-svc stop[/RESET] and try your command again.
If this issue persists please reinstall the State Tool.

[DEBUG Aug  2 08:10:56.095259160, errs.go:68] Created error: no data
[DEBUG Aug  2 08:10:56.095282246, errs.go:68] Created error: member not found
[DEBUG Aug  2 08:10:56.095303770, errs.go:68] Created error: Commit count is unknowable
[DEBUG Aug  2 08:10:56.095324057, errs.go:68] Created error: No merge required
[DEBUG Aug  2 08:10:56.095344418, errs.go:68] Created error: Can't merge commit thats already in target commits history
[DEBUG Aug  2 08:10:56.095367129, errs.go:68] Created error: Bad expander name
[DEBUG Aug  2 08:10:56.095387181, errs.go:68] Created error: Expander has no handler
[DEBUG Aug  2 08:10:56.096375999, errs.go:68] Created error: Service is already running
[DEBUG Aug  2 08:10:56.125475911, secrets.go:35] Gcloud Secretmanager failed to initialize (ignore if you're not trying to use gcloud): google: could not find default credentials. See https://developers.google.com/accounts/docs/application-default-credentials for more information.
[DEBUG Aug  2 08:10:56.128834526, output.go:53] Requested outputer for 
[DEBUG Aug  2 08:10:56.128858967, output.go:58] Using Plain outputer
[DEBUG Aug  2 08:10:56.128943207, termutils.go:17] Cannot get terminal size: inappropriate ioctl for device
[DEBUG Aug  2 08:10:56.129042224, client.go:128] Reporting event to 2 reporters: run-command, state-svc start, 
[DEBUG Aug  2 08:10:56.129122974, main.go:107] Running CmdStart
[DEBUG Aug  2 08:10:56.135012385, errs.go:75] Wrapped error: Service is already running -- with: valueF failed
[DEBUG Aug  2 08:10:56.135067687, errs.go:75] Wrapped error: valueF failed -- with: Could not store pid
[DEBUG Aug  2 08:10:56.135134903, errors.go:113] Wrapped input error: Could not store pid -- with: A State Service instance is already running in the background.
[DEBUG Aug  2 08:10:56.135149884, errs.go:75] Wrapped error: A State Service instance is already running in the background. -- with: Could not start serviceManager
[DEBUG Aug  2 08:10:56.135206060, client.go:128] Reporting event to 2 reporters: command-exit, state-svc start, 1
[DEBUG Aug  2 08:10:56.477181241, errs.go:75] Wrapped error: <nil> -- with: Could not start serviceManager: A State Service instance is already running in the background.: Could not store pid: valueF failed: Service is already running
[DEBUG Aug  2 08:10:56.477248957, main.go:61] state-svc errored out due to input: Could not start serviceManager: A State Service instance is already running in the background.: Could not store pid: valueF failed: Service is already running
