[DEBUG Aug  2 08:11:23.604773697, defaults.go:273] Args: [/home1/wangfeim/.local/ActiveState/StateTool/release/bin/state-svc start]
[DEBUG Aug  2 08:11:23.618991131, locale.go:38] Init
[DEBUG Aug  2 08:11:23.676869336, errs.go:68] Created error: File could not be found
[DEBUG Aug  2 08:11:23.680154858, errs.go:68] Created error: Not Recognized
[DEBUG Aug  2 08:11:23.703107922, errs.go:68] Created error: Secret not found
[DEBUG Aug  2 08:11:23.703167499, errs.go:68] Created error: Could not save keypair
[DEBUG Aug  2 08:11:23.703349918, errs.go:68] Created error: Build responded with error
[DEBUG Aug  2 08:11:23.703388331, errs.go:68] Created error: Unknown build type
[DEBUG Aug  2 08:11:23.703502915, errors.go:86] Wrapped localized error: <nil> -- with: The installed version of the State Tool Service does not match that of the client.
Please stop the service with [ACTIONABLE]state-svc stop[/RESET] and try your command again.
If this issue persists please reinstall the State Tool.

[DEBUG Aug  2 08:11:23.703516864, errs.go:68] Created error: no data
[DEBUG Aug  2 08:11:23.703549329, errs.go:68] Created error: member not found
[DEBUG Aug  2 08:11:23.703573263, errs.go:68] Created error: Commit count is unknowable
[DEBUG Aug  2 08:11:23.703595846, errs.go:68] Created error: No merge required
[DEBUG Aug  2 08:11:23.703618127, errs.go:68] Created error: Can't merge commit thats already in target commits history
[DEBUG Aug  2 08:11:23.703643884, errs.go:68] Created error: Bad expander name
[DEBUG Aug  2 08:11:23.703674424, errs.go:68] Created error: Expander has no handler
[DEBUG Aug  2 08:11:23.705729478, errs.go:68] Created error: Service is already running
[DEBUG Aug  2 08:11:23.735986567, secrets.go:35] Gcloud Secretmanager failed to initialize (ignore if you're not trying to use gcloud): google: could not find default credentials. See https://developers.google.com/accounts/docs/application-default-credentials for more information.
[DEBUG Aug  2 08:11:23.742040745, output.go:53] Requested outputer for 
[DEBUG Aug  2 08:11:23.742120086, output.go:58] Using Plain outputer
[DEBUG Aug  2 08:11:23.742253341, termutils.go:17] Cannot get terminal size: inappropriate ioctl for device
[DEBUG Aug  2 08:11:23.742530625, client.go:128] Reporting event to 2 reporters: run-command, state-svc start, 
[DEBUG Aug  2 08:11:23.742709151, main.go:107] Running CmdStart
[DEBUG Aug  2 08:11:23.788870806, errs.go:75] Wrapped error: Service is already running -- with: valueF failed
[DEBUG Aug  2 08:11:23.788942146, errs.go:75] Wrapped error: valueF failed -- with: Could not store pid
[DEBUG Aug  2 08:11:23.789035918, errors.go:113] Wrapped input error: Could not store pid -- with: A State Service instance is already running in the background.
[DEBUG Aug  2 08:11:23.789050962, errs.go:75] Wrapped error: A State Service instance is already running in the background. -- with: Could not start serviceManager
[DEBUG Aug  2 08:11:23.789152963, client.go:128] Reporting event to 2 reporters: command-exit, state-svc start, 1
[DEBUG Aug  2 08:11:24.133469872, errs.go:75] Wrapped error: <nil> -- with: Could not start serviceManager: A State Service instance is already running in the background.: Could not store pid: valueF failed: Service is already running
[DEBUG Aug  2 08:11:24.133535743, main.go:61] state-svc errored out due to input: Could not start serviceManager: A State Service instance is already running in the background.: Could not store pid: valueF failed: Service is already running
