[DEBUG Mar  8 14:42:52.148386750, defaults.go:273] Args: [/home1/wangfeim/.local/ActiveState/StateTool/release/bin/state-svc start]
[DEBUG Mar  8 14:42:52.160835285, locale.go:38] Init
[DEBUG Mar  8 14:42:52.199461546, errs.go:68] Created error: File could not be found
[DEBUG Mar  8 14:42:52.202265057, errs.go:68] Created error: Not Recognized
[DEBUG Mar  8 14:42:52.221601363, errs.go:68] Created error: Secret not found
[DEBUG Mar  8 14:42:52.221643817, errs.go:68] Created error: Could not save keypair
[DEBUG Mar  8 14:42:52.221833757, errs.go:68] Created error: Build responded with error
[DEBUG Mar  8 14:42:52.221865214, errs.go:68] Created error: Unknown build type
[DEBUG Mar  8 14:42:52.221973520, errors.go:86] Wrapped localized error: <nil> -- with: The installed version of the State Tool Service does not match that of the client.
Please stop the service with [ACTIONABLE]state-svc stop[/RESET] and try your command again.
If this issue persists please reinstall the State Tool.

[DEBUG Mar  8 14:42:52.221984179, errs.go:68] Created error: no data
[DEBUG Mar  8 14:42:52.222006998, errs.go:68] Created error: member not found
[DEBUG Mar  8 14:42:52.222028440, errs.go:68] Created error: Commit count is unknowable
[DEBUG Mar  8 14:42:52.222048716, errs.go:68] Created error: No merge required
[DEBUG Mar  8 14:42:52.222068863, errs.go:68] Created error: Can't merge commit thats already in target commits history
[DEBUG Mar  8 14:42:52.222089885, errs.go:68] Created error: Bad expander name
[DEBUG Mar  8 14:42:52.222110307, errs.go:68] Created error: Expander has no handler
[DEBUG Mar  8 14:42:52.223552250, errs.go:68] Created error: Service is already running
[DEBUG Mar  8 14:42:52.249909851, secrets.go:35] Gcloud Secretmanager failed to initialize (ignore if you're not trying to use gcloud): google: could not find default credentials. See https://developers.google.com/accounts/docs/application-default-credentials for more information.
[DEBUG Mar  8 14:42:52.253692285, output.go:53] Requested outputer for 
[DEBUG Mar  8 14:42:52.253711403, output.go:58] Using Plain outputer
[DEBUG Mar  8 14:42:52.253811401, termutils.go:17] Cannot get terminal size: inappropriate ioctl for device
[DEBUG Mar  8 14:42:52.253876797, client.go:128] Reporting event to 2 reporters: run-command, state-svc start, 
[DEBUG Mar  8 14:42:52.253935660, main.go:107] Running CmdStart
[DEBUG Mar  8 14:42:52.261453367, errs.go:75] Wrapped error: Service is already running -- with: valueF failed
[DEBUG Mar  8 14:42:52.261531300, errs.go:75] Wrapped error: valueF failed -- with: Could not store pid
[DEBUG Mar  8 14:42:52.261632350, errors.go:113] Wrapped input error: Could not store pid -- with: A State Service instance is already running in the background.
[DEBUG Mar  8 14:42:52.261653952, errs.go:75] Wrapped error: A State Service instance is already running in the background. -- with: Could not start serviceManager
[DEBUG Mar  8 14:42:52.261757856, client.go:128] Reporting event to 2 reporters: command-exit, state-svc start, 1
[DEBUG Mar  8 14:42:52.624139215, errs.go:75] Wrapped error: <nil> -- with: Could not start serviceManager: A State Service instance is already running in the background.: Could not store pid: valueF failed: Service is already running
[DEBUG Mar  8 14:42:52.624195245, main.go:61] state-svc errored out due to input: Could not start serviceManager: A State Service instance is already running in the background.: Could not store pid: valueF failed: Service is already running
