[DEBUG Aug  2 07:37:14.805415489, defaults.go:273] Args: [/home1/wangfeim/.local/ActiveState/StateTool/release/bin/state-svc start]
[DEBUG Aug  2 07:37:14.819678800, locale.go:38] Init
[DEBUG Aug  2 07:37:14.888399212, errs.go:68] Created error: File could not be found
[DEBUG Aug  2 07:37:14.891517933, errs.go:68] Created error: Not Recognized
[DEBUG Aug  2 07:37:14.913324456, errs.go:68] Created error: Secret not found
[DEBUG Aug  2 07:37:14.913380671, errs.go:68] Created error: Could not save keypair
[DEBUG Aug  2 07:37:14.913571579, errs.go:68] Created error: Build responded with error
[DEBUG Aug  2 07:37:14.913608316, errs.go:68] Created error: Unknown build type
[DEBUG Aug  2 07:37:14.913731910, errors.go:86] Wrapped localized error: <nil> -- with: The installed version of the State Tool Service does not match that of the client.
Please stop the service with [ACTIONABLE]state-svc stop[/RESET] and try your command again.
If this issue persists please reinstall the State Tool.

[DEBUG Aug  2 07:37:14.913747632, errs.go:68] Created error: no data
[DEBUG Aug  2 07:37:14.913773579, errs.go:68] Created error: member not found
[DEBUG Aug  2 07:37:14.913797213, errs.go:68] Created error: Commit count is unknowable
[DEBUG Aug  2 07:37:14.913826580, errs.go:68] Created error: No merge required
[DEBUG Aug  2 07:37:14.913859972, errs.go:68] Created error: Can't merge commit thats already in target commits history
[DEBUG Aug  2 07:37:14.913885574, errs.go:68] Created error: Bad expander name
[DEBUG Aug  2 07:37:14.913909572, errs.go:68] Created error: Expander has no handler
[DEBUG Aug  2 07:37:14.915115312, errs.go:68] Created error: Service is already running
[DEBUG Aug  2 07:37:14.945102296, secrets.go:35] Gcloud Secretmanager failed to initialize (ignore if you're not trying to use gcloud): google: could not find default credentials. See https://developers.google.com/accounts/docs/application-default-credentials for more information.
[DEBUG Aug  2 07:37:14.948878305, output.go:53] Requested outputer for 
[DEBUG Aug  2 07:37:14.948914045, output.go:58] Using Plain outputer
[DEBUG Aug  2 07:37:14.949045860, termutils.go:17] Cannot get terminal size: inappropriate ioctl for device
[DEBUG Aug  2 07:37:14.949155922, client.go:128] Reporting event to 2 reporters: run-command, state-svc start, 
[DEBUG Aug  2 07:37:14.949244697, main.go:107] Running CmdStart
[DEBUG Aug  2 07:37:14.989155882, errs.go:75] Wrapped error: Service is already running -- with: valueF failed
[DEBUG Aug  2 07:37:14.989226582, errs.go:75] Wrapped error: valueF failed -- with: Could not store pid
[DEBUG Aug  2 07:37:14.989304595, errors.go:113] Wrapped input error: Could not store pid -- with: A State Service instance is already running in the background.
[DEBUG Aug  2 07:37:14.989319433, errs.go:75] Wrapped error: A State Service instance is already running in the background. -- with: Could not start serviceManager
[DEBUG Aug  2 07:37:14.989439757, client.go:128] Reporting event to 2 reporters: command-exit, state-svc start, 1
[DEBUG Aug  2 07:37:15.304046825, errs.go:75] Wrapped error: <nil> -- with: Could not start serviceManager: A State Service instance is already running in the background.: Could not store pid: valueF failed: Service is already running
[DEBUG Aug  2 07:37:15.304109330, main.go:61] state-svc errored out due to input: Could not start serviceManager: A State Service instance is already running in the background.: Could not store pid: valueF failed: Service is already running
