[DEBUG Aug  2 08:11:32.473855873, defaults.go:273] Args: [/home1/wangfeim/.local/ActiveState/StateTool/release/bin/state-svc start]
[DEBUG Aug  2 08:11:32.488720117, locale.go:38] Init
[DEBUG Aug  2 08:11:32.893342157, errs.go:68] Created error: File could not be found
[DEBUG Aug  2 08:11:32.896544869, errs.go:68] Created error: Not Recognized
[DEBUG Aug  2 08:11:32.922156131, errs.go:68] Created error: Secret not found
[DEBUG Aug  2 08:11:32.922225830, errs.go:68] Created error: Could not save keypair
[DEBUG Aug  2 08:11:32.922403335, errs.go:68] Created error: Build responded with error
[DEBUG Aug  2 08:11:32.922442360, errs.go:68] Created error: Unknown build type
[DEBUG Aug  2 08:11:32.922583638, errors.go:86] Wrapped localized error: <nil> -- with: The installed version of the State Tool Service does not match that of the client.
Please stop the service with [ACTIONABLE]state-svc stop[/RESET] and try your command again.
If this issue persists please reinstall the State Tool.

[DEBUG Aug  2 08:11:32.922601406, errs.go:68] Created error: no data
[DEBUG Aug  2 08:11:32.922627340, errs.go:68] Created error: member not found
[DEBUG Aug  2 08:11:32.922659760, errs.go:68] Created error: Commit count is unknowable
[DEBUG Aug  2 08:11:32.922698639, errs.go:68] Created error: No merge required
[DEBUG Aug  2 08:11:32.922723478, errs.go:68] Created error: Can't merge commit thats already in target commits history
[DEBUG Aug  2 08:11:32.922748358, errs.go:68] Created error: Bad expander name
[DEBUG Aug  2 08:11:32.922771427, errs.go:68] Created error: Expander has no handler
[DEBUG Aug  2 08:11:32.923935315, errs.go:68] Created error: Service is already running
[DEBUG Aug  2 08:11:32.997211769, secrets.go:35] Gcloud Secretmanager failed to initialize (ignore if you're not trying to use gcloud): google: could not find default credentials. See https://developers.google.com/accounts/docs/application-default-credentials for more information.
[DEBUG Aug  2 08:11:33.002612298, output.go:53] Requested outputer for 
[DEBUG Aug  2 08:11:33.002636531, output.go:58] Using Plain outputer
[DEBUG Aug  2 08:11:33.002720764, termutils.go:17] Cannot get terminal size: inappropriate ioctl for device
[DEBUG Aug  2 08:11:33.002806644, client.go:128] Reporting event to 2 reporters: run-command, state-svc start, 
[DEBUG Aug  2 08:11:33.002873465, main.go:107] Running CmdStart
[DEBUG Aug  2 08:11:33.010119632, errs.go:75] Wrapped error: Service is already running -- with: valueF failed
[DEBUG Aug  2 08:11:33.010193520, errs.go:75] Wrapped error: valueF failed -- with: Could not store pid
[DEBUG Aug  2 08:11:33.010292184, errors.go:113] Wrapped input error: Could not store pid -- with: A State Service instance is already running in the background.
[DEBUG Aug  2 08:11:33.010308803, errs.go:75] Wrapped error: A State Service instance is already running in the background. -- with: Could not start serviceManager
[DEBUG Aug  2 08:11:33.010397611, client.go:128] Reporting event to 2 reporters: command-exit, state-svc start, 1
[DEBUG Aug  2 08:11:33.339992281, errs.go:75] Wrapped error: <nil> -- with: Could not start serviceManager: A State Service instance is already running in the background.: Could not store pid: valueF failed: Service is already running
[DEBUG Aug  2 08:11:33.340078855, main.go:61] state-svc errored out due to input: Could not start serviceManager: A State Service instance is already running in the background.: Could not store pid: valueF failed: Service is already running
