[DEBUG Aug  2 08:13:02.963991653, defaults.go:273] Args: [/home1/wangfeim/.local/ActiveState/StateTool/release/bin/state-svc start]
[DEBUG Aug  2 08:13:02.997414479, locale.go:38] Init
[DEBUG Aug  2 08:13:03.039942480, errs.go:68] Created error: File could not be found
[DEBUG Aug  2 08:13:03.042999339, errs.go:68] Created error: Not Recognized
[DEBUG Aug  2 08:13:03.099091785, errs.go:68] Created error: Secret not found
[DEBUG Aug  2 08:13:03.099141303, errs.go:68] Created error: Could not save keypair
[DEBUG Aug  2 08:13:03.099333342, errs.go:68] Created error: Build responded with error
[DEBUG Aug  2 08:13:03.099362083, errs.go:68] Created error: Unknown build type
[DEBUG Aug  2 08:13:03.099483571, errors.go:86] Wrapped localized error: <nil> -- with: The installed version of the State Tool Service does not match that of the client.
Please stop the service with [ACTIONABLE]state-svc stop[/RESET] and try your command again.
If this issue persists please reinstall the State Tool.

[DEBUG Aug  2 08:13:03.099501153, errs.go:68] Created error: no data
[DEBUG Aug  2 08:13:03.099526906, errs.go:68] Created error: member not found
[DEBUG Aug  2 08:13:03.099570609, errs.go:68] Created error: Commit count is unknowable
[DEBUG Aug  2 08:13:03.099595011, errs.go:68] Created error: No merge required
[DEBUG Aug  2 08:13:03.099618125, errs.go:68] Created error: Can't merge commit thats already in target commits history
[DEBUG Aug  2 08:13:03.099643642, errs.go:68] Created error: Bad expander name
[DEBUG Aug  2 08:13:03.099667568, errs.go:68] Created error: Expander has no handler
[DEBUG Aug  2 08:13:03.100801727, errs.go:68] Created error: Service is already running
[DEBUG Aug  2 08:13:03.130786736, secrets.go:35] Gcloud Secretmanager failed to initialize (ignore if you're not trying to use gcloud): google: could not find default credentials. See https://developers.google.com/accounts/docs/application-default-credentials for more information.
[DEBUG Aug  2 08:13:03.134818486, output.go:53] Requested outputer for 
[DEBUG Aug  2 08:13:03.134849093, output.go:58] Using Plain outputer
[DEBUG Aug  2 08:13:03.134920268, termutils.go:17] Cannot get terminal size: inappropriate ioctl for device
[DEBUG Aug  2 08:13:03.135011214, client.go:128] Reporting event to 2 reporters: run-command, state-svc start, 
[DEBUG Aug  2 08:13:03.135066910, main.go:107] Running CmdStart
[DEBUG Aug  2 08:13:03.140988692, errs.go:75] Wrapped error: Service is already running -- with: valueF failed
[DEBUG Aug  2 08:13:03.141050155, errs.go:75] Wrapped error: valueF failed -- with: Could not store pid
[DEBUG Aug  2 08:13:03.141116182, errors.go:113] Wrapped input error: Could not store pid -- with: A State Service instance is already running in the background.
[DEBUG Aug  2 08:13:03.141128773, errs.go:75] Wrapped error: A State Service instance is already running in the background. -- with: Could not start serviceManager
[DEBUG Aug  2 08:13:03.141198032, client.go:128] Reporting event to 2 reporters: command-exit, state-svc start, 1
[DEBUG Aug  2 08:13:03.518294208, errs.go:75] Wrapped error: <nil> -- with: Could not start serviceManager: A State Service instance is already running in the background.: Could not store pid: valueF failed: Service is already running
[DEBUG Aug  2 08:13:03.518348589, main.go:61] state-svc errored out due to input: Could not start serviceManager: A State Service instance is already running in the background.: Could not store pid: valueF failed: Service is already running
