[DEBUG Sep 17 12:40:51.468157022, defaults.go:273] Args: [/home1/wangfeim/.local/ActiveState/StateTool/release/bin/state-svc start]
[DEBUG Sep 17 12:40:51.493044562, locale.go:38] Init
[DEBUG Sep 17 12:40:51.537091879, errs.go:68] Created error: File could not be found
[DEBUG Sep 17 12:40:51.539530956, errs.go:68] Created error: Not Recognized
[DEBUG Sep 17 12:40:51.559864559, errs.go:68] Created error: Secret not found
[DEBUG Sep 17 12:40:51.559921279, errs.go:68] Created error: Could not save keypair
[DEBUG Sep 17 12:40:51.560272943, errs.go:68] Created error: Build responded with error
[DEBUG Sep 17 12:40:51.560315015, errs.go:68] Created error: Unknown build type
[DEBUG Sep 17 12:40:51.560442095, errors.go:86] Wrapped localized error: <nil> -- with: The installed version of the State Tool Service does not match that of the client.
Please stop the service with [ACTIONABLE]state-svc stop[/RESET] and try your command again.
If this issue persists please reinstall the State Tool.

[DEBUG Sep 17 12:40:51.560460902, errs.go:68] Created error: no data
[DEBUG Sep 17 12:40:51.560486609, errs.go:68] Created error: member not found
[DEBUG Sep 17 12:40:51.560512299, errs.go:68] Created error: Commit count is unknowable
[DEBUG Sep 17 12:40:51.560537593, errs.go:68] Created error: No merge required
[DEBUG Sep 17 12:40:51.560562254, errs.go:68] Created error: Can't merge commit thats already in target commits history
[DEBUG Sep 17 12:40:51.560586016, errs.go:68] Created error: Bad expander name
[DEBUG Sep 17 12:40:51.560656555, errs.go:68] Created error: Expander has no handler
[DEBUG Sep 17 12:40:51.562110027, errs.go:68] Created error: Service is already running
[DEBUG Sep 17 12:40:51.594044385, secrets.go:35] Gcloud Secretmanager failed to initialize (ignore if you're not trying to use gcloud): google: could not find default credentials. See https://developers.google.com/accounts/docs/application-default-credentials for more information.
[DEBUG Sep 17 12:40:51.597877403, output.go:53] Requested outputer for 
[DEBUG Sep 17 12:40:51.597895784, output.go:58] Using Plain outputer
[DEBUG Sep 17 12:40:51.597977016, termutils.go:17] Cannot get terminal size: inappropriate ioctl for device
[DEBUG Sep 17 12:40:51.598077086, main.go:107] Running CmdStart
[DEBUG Sep 17 12:40:51.599255744, exeutils.go:149] Executing: /home1/wangfeim/.local/ActiveState/StateTool/release/bin/state-svc [foreground]
[DEBUG Sep 17 12:40:51.603454926, manager.go:68] Process started using pid 3665
[DEBUG Sep 17 12:40:51.603501205, client.go:128] Reporting event to 2 reporters: command-exit, state-svc start, 0
[DEBUG Sep 17 12:40:51.603711156, client.go:128] Reporting event to 2 reporters: run-command, state-svc start, 
