[DEBUG Aug  2 08:04:30.435332476, defaults.go:273] Args: [/home1/wangfeim/.local/ActiveState/StateTool/release/bin/state-svc start]
[DEBUG Aug  2 08:04:30.449916401, locale.go:38] Init
[DEBUG Aug  2 08:04:30.508326778, errs.go:68] Created error: File could not be found
[DEBUG Aug  2 08:04:30.511480058, errs.go:68] Created error: Not Recognized
[DEBUG Aug  2 08:04:30.532832521, errs.go:68] Created error: Secret not found
[DEBUG Aug  2 08:04:30.532907865, errs.go:68] Created error: Could not save keypair
[DEBUG Aug  2 08:04:30.533187532, errs.go:68] Created error: Build responded with error
[DEBUG Aug  2 08:04:30.533233567, errs.go:68] Created error: Unknown build type
[DEBUG Aug  2 08:04:30.533380935, errors.go:86] Wrapped localized error: <nil> -- with: The installed version of the State Tool Service does not match that of the client.
Please stop the service with [ACTIONABLE]state-svc stop[/RESET] and try your command again.
If this issue persists please reinstall the State Tool.

[DEBUG Aug  2 08:04:30.533404785, errs.go:68] Created error: no data
[DEBUG Aug  2 08:04:30.533453907, errs.go:68] Created error: member not found
[DEBUG Aug  2 08:04:30.533487427, errs.go:68] Created error: Commit count is unknowable
[DEBUG Aug  2 08:04:30.533518211, errs.go:68] Created error: No merge required
[DEBUG Aug  2 08:04:30.533556368, errs.go:68] Created error: Can't merge commit thats already in target commits history
[DEBUG Aug  2 08:04:30.533590877, errs.go:68] Created error: Bad expander name
[DEBUG Aug  2 08:04:30.533629102, errs.go:68] Created error: Expander has no handler
[DEBUG Aug  2 08:04:30.535372440, errs.go:68] Created error: Service is already running
[DEBUG Aug  2 08:04:30.604729303, secrets.go:35] Gcloud Secretmanager failed to initialize (ignore if you're not trying to use gcloud): google: could not find default credentials. See https://developers.google.com/accounts/docs/application-default-credentials for more information.
[DEBUG Aug  2 08:04:30.607954890, output.go:53] Requested outputer for 
[DEBUG Aug  2 08:04:30.607975948, output.go:58] Using Plain outputer
[DEBUG Aug  2 08:04:30.608039490, termutils.go:17] Cannot get terminal size: inappropriate ioctl for device
[DEBUG Aug  2 08:04:30.608153313, client.go:128] Reporting event to 2 reporters: run-command, state-svc start, 
[DEBUG Aug  2 08:04:30.608224527, main.go:107] Running CmdStart
[DEBUG Aug  2 08:04:30.616343754, errs.go:75] Wrapped error: Service is already running -- with: valueF failed
[DEBUG Aug  2 08:04:30.616436242, errs.go:75] Wrapped error: valueF failed -- with: Could not store pid
[DEBUG Aug  2 08:04:30.616587563, errors.go:113] Wrapped input error: Could not store pid -- with: A State Service instance is already running in the background.
[DEBUG Aug  2 08:04:30.616608142, errs.go:75] Wrapped error: A State Service instance is already running in the background. -- with: Could not start serviceManager
[DEBUG Aug  2 08:04:30.616712077, client.go:128] Reporting event to 2 reporters: command-exit, state-svc start, 1
[DEBUG Aug  2 08:04:30.973711229, errs.go:75] Wrapped error: <nil> -- with: Could not start serviceManager: A State Service instance is already running in the background.: Could not store pid: valueF failed: Service is already running
[DEBUG Aug  2 08:04:30.973777161, main.go:61] state-svc errored out due to input: Could not start serviceManager: A State Service instance is already running in the background.: Could not store pid: valueF failed: Service is already running
