[DEBUG Mar  8 00:12:40.437953132, defaults.go:273] Args: [/home1/wangfeim/.local/ActiveState/StateTool/release/bin/state-svc start]
[DEBUG Mar  8 00:12:40.449082430, locale.go:38] Init
[DEBUG Mar  8 00:12:40.479887837, errs.go:68] Created error: File could not be found
[DEBUG Mar  8 00:12:40.482181701, errs.go:68] Created error: Not Recognized
[DEBUG Mar  8 00:12:40.498197588, errs.go:68] Created error: Secret not found
[DEBUG Mar  8 00:12:40.498229457, errs.go:68] Created error: Could not save keypair
[DEBUG Mar  8 00:12:40.498364157, errs.go:68] Created error: Build responded with error
[DEBUG Mar  8 00:12:40.498386806, errs.go:68] Created error: Unknown build type
[DEBUG Mar  8 00:12:40.498473577, errors.go:86] Wrapped localized error: <nil> -- with: The installed version of the State Tool Service does not match that of the client.
Please stop the service with [ACTIONABLE]state-svc stop[/RESET] and try your command again.
If this issue persists please reinstall the State Tool.

[DEBUG Mar  8 00:12:40.498481901, errs.go:68] Created error: no data
[DEBUG Mar  8 00:12:40.498498070, errs.go:68] Created error: member not found
[DEBUG Mar  8 00:12:40.498513330, errs.go:68] Created error: Commit count is unknowable
[DEBUG Mar  8 00:12:40.498529176, errs.go:68] Created error: No merge required
[DEBUG Mar  8 00:12:40.498544320, errs.go:68] Created error: Can't merge commit thats already in target commits history
[DEBUG Mar  8 00:12:40.498560461, errs.go:68] Created error: Bad expander name
[DEBUG Mar  8 00:12:40.498581505, errs.go:68] Created error: Expander has no handler
[DEBUG Mar  8 00:12:40.499811903, errs.go:68] Created error: Service is already running
[DEBUG Mar  8 00:12:40.522012851, secrets.go:35] Gcloud Secretmanager failed to initialize (ignore if you're not trying to use gcloud): google: could not find default credentials. See https://developers.google.com/accounts/docs/application-default-credentials for more information.
[DEBUG Mar  8 00:12:40.525182625, output.go:53] Requested outputer for 
[DEBUG Mar  8 00:12:40.525197951, output.go:58] Using Plain outputer
[DEBUG Mar  8 00:12:40.525259228, termutils.go:17] Cannot get terminal size: inappropriate ioctl for device
[DEBUG Mar  8 00:12:40.525341570, client.go:128] Reporting event to 2 reporters: run-command, state-svc start, 
[DEBUG Mar  8 00:12:40.525370630, main.go:107] Running CmdStart
[DEBUG Mar  8 00:12:40.532257399, errs.go:75] Wrapped error: Service is already running -- with: valueF failed
[DEBUG Mar  8 00:12:40.532302685, errs.go:75] Wrapped error: valueF failed -- with: Could not store pid
[DEBUG Mar  8 00:12:40.532366666, errors.go:113] Wrapped input error: Could not store pid -- with: A State Service instance is already running in the background.
[DEBUG Mar  8 00:12:40.532376804, errs.go:75] Wrapped error: A State Service instance is already running in the background. -- with: Could not start serviceManager
[DEBUG Mar  8 00:12:40.532458584, client.go:128] Reporting event to 2 reporters: command-exit, state-svc start, 1
[DEBUG Mar  8 00:12:40.880188350, errs.go:75] Wrapped error: <nil> -- with: Could not start serviceManager: A State Service instance is already running in the background.: Could not store pid: valueF failed: Service is already running
[DEBUG Mar  8 00:12:40.880240109, main.go:61] state-svc errored out due to input: Could not start serviceManager: A State Service instance is already running in the background.: Could not store pid: valueF failed: Service is already running
