[DEBUG Aug  2 07:49:25.702091168, defaults.go:273] Args: [/home1/wangfeim/.local/ActiveState/StateTool/release/bin/state-svc start]
[DEBUG Aug  2 07:49:25.716414679, locale.go:38] Init
[DEBUG Aug  2 07:49:25.800694890, errs.go:68] Created error: File could not be found
[DEBUG Aug  2 07:49:25.803429250, errs.go:68] Created error: Not Recognized
[DEBUG Aug  2 07:49:25.822940491, errs.go:68] Created error: Secret not found
[DEBUG Aug  2 07:49:25.822990133, errs.go:68] Created error: Could not save keypair
[DEBUG Aug  2 07:49:25.823182661, errs.go:68] Created error: Build responded with error
[DEBUG Aug  2 07:49:25.823218146, errs.go:68] Created error: Unknown build type
[DEBUG Aug  2 07:49:25.823334029, errors.go:86] Wrapped localized error: <nil> -- with: The installed version of the State Tool Service does not match that of the client.
Please stop the service with [ACTIONABLE]state-svc stop[/RESET] and try your command again.
If this issue persists please reinstall the State Tool.

[DEBUG Aug  2 07:49:25.823348968, errs.go:68] Created error: no data
[DEBUG Aug  2 07:49:25.823374385, errs.go:68] Created error: member not found
[DEBUG Aug  2 07:49:25.823397963, errs.go:68] Created error: Commit count is unknowable
[DEBUG Aug  2 07:49:25.823420867, errs.go:68] Created error: No merge required
[DEBUG Aug  2 07:49:25.823449490, errs.go:68] Created error: Can't merge commit thats already in target commits history
[DEBUG Aug  2 07:49:25.823477579, errs.go:68] Created error: Bad expander name
[DEBUG Aug  2 07:49:25.823499917, errs.go:68] Created error: Expander has no handler
[DEBUG Aug  2 07:49:25.824655628, errs.go:68] Created error: Service is already running
[DEBUG Aug  2 07:49:25.888676309, secrets.go:35] Gcloud Secretmanager failed to initialize (ignore if you're not trying to use gcloud): google: could not find default credentials. See https://developers.google.com/accounts/docs/application-default-credentials for more information.
[DEBUG Aug  2 07:49:25.892261628, output.go:53] Requested outputer for 
[DEBUG Aug  2 07:49:25.892285267, output.go:58] Using Plain outputer
[DEBUG Aug  2 07:49:25.892364758, termutils.go:17] Cannot get terminal size: inappropriate ioctl for device
[DEBUG Aug  2 07:49:25.892450394, client.go:128] Reporting event to 2 reporters: run-command, state-svc start, 
[DEBUG Aug  2 07:49:25.892515333, main.go:107] Running CmdStart
[DEBUG Aug  2 07:49:25.898685905, errs.go:75] Wrapped error: Service is already running -- with: valueF failed
[DEBUG Aug  2 07:49:25.898747691, errs.go:75] Wrapped error: valueF failed -- with: Could not store pid
[DEBUG Aug  2 07:49:25.898827663, errors.go:113] Wrapped input error: Could not store pid -- with: A State Service instance is already running in the background.
[DEBUG Aug  2 07:49:25.898843596, errs.go:75] Wrapped error: A State Service instance is already running in the background. -- with: Could not start serviceManager
[DEBUG Aug  2 07:49:25.898946813, client.go:128] Reporting event to 2 reporters: command-exit, state-svc start, 1
[DEBUG Aug  2 07:49:26.230014133, errs.go:75] Wrapped error: <nil> -- with: Could not start serviceManager: A State Service instance is already running in the background.: Could not store pid: valueF failed: Service is already running
[DEBUG Aug  2 07:49:26.230077022, main.go:61] state-svc errored out due to input: Could not start serviceManager: A State Service instance is already running in the background.: Could not store pid: valueF failed: Service is already running
