[DEBUG Aug  2 07:43:43.154082862, defaults.go:273] Args: [/home1/wangfeim/.local/ActiveState/StateTool/release/bin/state-svc start]
[DEBUG Aug  2 07:43:43.195728664, locale.go:38] Init
[DEBUG Aug  2 07:43:43.516176808, errs.go:68] Created error: File could not be found
[DEBUG Aug  2 07:43:43.519466998, errs.go:68] Created error: Not Recognized
[DEBUG Aug  2 07:43:43.542828159, errs.go:68] Created error: Secret not found
[DEBUG Aug  2 07:43:43.542883745, errs.go:68] Created error: Could not save keypair
[DEBUG Aug  2 07:43:43.543059530, errs.go:68] Created error: Build responded with error
[DEBUG Aug  2 07:43:43.543096597, errs.go:68] Created error: Unknown build type
[DEBUG Aug  2 07:43:43.543216893, errors.go:86] Wrapped localized error: <nil> -- with: The installed version of the State Tool Service does not match that of the client.
Please stop the service with [ACTIONABLE]state-svc stop[/RESET] and try your command again.
If this issue persists please reinstall the State Tool.

[DEBUG Aug  2 07:43:43.543232462, errs.go:68] Created error: no data
[DEBUG Aug  2 07:43:43.543257472, errs.go:68] Created error: member not found
[DEBUG Aug  2 07:43:43.543289706, errs.go:68] Created error: Commit count is unknowable
[DEBUG Aug  2 07:43:43.543314851, errs.go:68] Created error: No merge required
[DEBUG Aug  2 07:43:43.543338279, errs.go:68] Created error: Can't merge commit thats already in target commits history
[DEBUG Aug  2 07:43:43.543362915, errs.go:68] Created error: Bad expander name
[DEBUG Aug  2 07:43:43.543386678, errs.go:68] Created error: Expander has no handler
[DEBUG Aug  2 07:43:43.544523196, errs.go:68] Created error: Service is already running
[DEBUG Aug  2 07:43:43.595939853, secrets.go:35] Gcloud Secretmanager failed to initialize (ignore if you're not trying to use gcloud): google: could not find default credentials. See https://developers.google.com/accounts/docs/application-default-credentials for more information.
[DEBUG Aug  2 07:43:43.600532874, output.go:53] Requested outputer for 
[DEBUG Aug  2 07:43:43.600572390, output.go:58] Using Plain outputer
[DEBUG Aug  2 07:43:43.600666735, termutils.go:17] Cannot get terminal size: inappropriate ioctl for device
[DEBUG Aug  2 07:43:43.600746185, client.go:128] Reporting event to 2 reporters: run-command, state-svc start, 
[DEBUG Aug  2 07:43:43.600828176, main.go:107] Running CmdStart
[DEBUG Aug  2 07:43:43.607080264, errs.go:75] Wrapped error: Service is already running -- with: valueF failed
[DEBUG Aug  2 07:43:43.607156632, errs.go:75] Wrapped error: valueF failed -- with: Could not store pid
[DEBUG Aug  2 07:43:43.607240247, errors.go:113] Wrapped input error: Could not store pid -- with: A State Service instance is already running in the background.
[DEBUG Aug  2 07:43:43.607255383, errs.go:75] Wrapped error: A State Service instance is already running in the background. -- with: Could not start serviceManager
[DEBUG Aug  2 07:43:43.607356962, client.go:128] Reporting event to 2 reporters: command-exit, state-svc start, 1
[DEBUG Aug  2 07:43:44.049898052, errs.go:75] Wrapped error: <nil> -- with: Could not start serviceManager: A State Service instance is already running in the background.: Could not store pid: valueF failed: Service is already running
[DEBUG Aug  2 07:43:44.050009053, main.go:61] state-svc errored out due to input: Could not start serviceManager: A State Service instance is already running in the background.: Could not store pid: valueF failed: Service is already running
