[DEBUG Aug  2 07:35:52.303987518, defaults.go:273] Args: [/home1/wangfeim/.local/ActiveState/StateTool/release/bin/state-svc start]
[DEBUG Aug  2 07:35:52.317687870, locale.go:38] Init
[DEBUG Aug  2 07:35:52.358715211, errs.go:68] Created error: File could not be found
[DEBUG Aug  2 07:35:52.361975364, errs.go:68] Created error: Not Recognized
[DEBUG Aug  2 07:35:52.402464369, errs.go:68] Created error: Secret not found
[DEBUG Aug  2 07:35:52.402523612, errs.go:68] Created error: Could not save keypair
[DEBUG Aug  2 07:35:52.402700202, errs.go:68] Created error: Build responded with error
[DEBUG Aug  2 07:35:52.402727952, errs.go:68] Created error: Unknown build type
[DEBUG Aug  2 07:35:52.402841676, errors.go:86] Wrapped localized error: <nil> -- with: The installed version of the State Tool Service does not match that of the client.
Please stop the service with [ACTIONABLE]state-svc stop[/RESET] and try your command again.
If this issue persists please reinstall the State Tool.

[DEBUG Aug  2 07:35:52.402855869, errs.go:68] Created error: no data
[DEBUG Aug  2 07:35:52.402884153, errs.go:68] Created error: member not found
[DEBUG Aug  2 07:35:52.402907234, errs.go:68] Created error: Commit count is unknowable
[DEBUG Aug  2 07:35:52.402928611, errs.go:68] Created error: No merge required
[DEBUG Aug  2 07:35:52.402957076, errs.go:68] Created error: Can't merge commit thats already in target commits history
[DEBUG Aug  2 07:35:52.402980574, errs.go:68] Created error: Bad expander name
[DEBUG Aug  2 07:35:52.403001594, errs.go:68] Created error: Expander has no handler
[DEBUG Aug  2 07:35:52.404142324, errs.go:68] Created error: Service is already running
[DEBUG Aug  2 07:35:52.431982427, secrets.go:35] Gcloud Secretmanager failed to initialize (ignore if you're not trying to use gcloud): google: could not find default credentials. See https://developers.google.com/accounts/docs/application-default-credentials for more information.
[DEBUG Aug  2 07:35:52.435358894, output.go:53] Requested outputer for 
[DEBUG Aug  2 07:35:52.435392116, output.go:58] Using Plain outputer
[DEBUG Aug  2 07:35:52.435459829, termutils.go:17] Cannot get terminal size: inappropriate ioctl for device
[DEBUG Aug  2 07:35:52.435571413, client.go:128] Reporting event to 2 reporters: run-command, state-svc start, 
[DEBUG Aug  2 07:35:52.435685220, main.go:107] Running CmdStart
[DEBUG Aug  2 07:35:52.441830467, errs.go:75] Wrapped error: Service is already running -- with: valueF failed
[DEBUG Aug  2 07:35:52.441893330, errs.go:75] Wrapped error: valueF failed -- with: Could not store pid
[DEBUG Aug  2 07:35:52.441966075, errors.go:113] Wrapped input error: Could not store pid -- with: A State Service instance is already running in the background.
[DEBUG Aug  2 07:35:52.441980242, errs.go:75] Wrapped error: A State Service instance is already running in the background. -- with: Could not start serviceManager
[DEBUG Aug  2 07:35:52.442061689, client.go:128] Reporting event to 2 reporters: command-exit, state-svc start, 1
[DEBUG Aug  2 07:35:52.795970802, errs.go:75] Wrapped error: <nil> -- with: Could not start serviceManager: A State Service instance is already running in the background.: Could not store pid: valueF failed: Service is already running
[DEBUG Aug  2 07:35:52.796038904, main.go:61] state-svc errored out due to input: Could not start serviceManager: A State Service instance is already running in the background.: Could not store pid: valueF failed: Service is already running
