[DEBUG Aug  2 08:17:19.933600949, defaults.go:273] Args: [/home1/wangfeim/.local/ActiveState/StateTool/release/bin/state-svc start]
[DEBUG Aug  2 08:17:19.947733157, locale.go:38] Init
[DEBUG Aug  2 08:17:20.456499406, errs.go:68] Created error: File could not be found
[DEBUG Aug  2 08:17:20.459804431, errs.go:68] Created error: Not Recognized
[DEBUG Aug  2 08:17:20.482210666, errs.go:68] Created error: Secret not found
[DEBUG Aug  2 08:17:20.482276154, errs.go:68] Created error: Could not save keypair
[DEBUG Aug  2 08:17:20.482465754, errs.go:68] Created error: Build responded with error
[DEBUG Aug  2 08:17:20.482496973, errs.go:68] Created error: Unknown build type
[DEBUG Aug  2 08:17:20.482644844, errors.go:86] Wrapped localized error: <nil> -- with: The installed version of the State Tool Service does not match that of the client.
Please stop the service with [ACTIONABLE]state-svc stop[/RESET] and try your command again.
If this issue persists please reinstall the State Tool.

[DEBUG Aug  2 08:17:20.482662649, errs.go:68] Created error: no data
[DEBUG Aug  2 08:17:20.482688818, errs.go:68] Created error: member not found
[DEBUG Aug  2 08:17:20.482720714, errs.go:68] Created error: Commit count is unknowable
[DEBUG Aug  2 08:17:20.482745573, errs.go:68] Created error: No merge required
[DEBUG Aug  2 08:17:20.482774747, errs.go:68] Created error: Can't merge commit thats already in target commits history
[DEBUG Aug  2 08:17:20.482807212, errs.go:68] Created error: Bad expander name
[DEBUG Aug  2 08:17:20.482836521, errs.go:68] Created error: Expander has no handler
[DEBUG Aug  2 08:17:20.483996524, errs.go:68] Created error: Service is already running
[DEBUG Aug  2 08:17:20.513025898, secrets.go:35] Gcloud Secretmanager failed to initialize (ignore if you're not trying to use gcloud): google: could not find default credentials. See https://developers.google.com/accounts/docs/application-default-credentials for more information.
[DEBUG Aug  2 08:17:20.516121414, output.go:53] Requested outputer for 
[DEBUG Aug  2 08:17:20.516144955, output.go:58] Using Plain outputer
[DEBUG Aug  2 08:17:20.516218101, termutils.go:17] Cannot get terminal size: inappropriate ioctl for device
[DEBUG Aug  2 08:17:20.516305301, client.go:128] Reporting event to 2 reporters: run-command, state-svc start, 
[DEBUG Aug  2 08:17:20.516367305, main.go:107] Running CmdStart
[DEBUG Aug  2 08:17:20.522147666, errs.go:75] Wrapped error: Service is already running -- with: valueF failed
[DEBUG Aug  2 08:17:20.522217096, errs.go:75] Wrapped error: valueF failed -- with: Could not store pid
[DEBUG Aug  2 08:17:20.522294236, errors.go:113] Wrapped input error: Could not store pid -- with: A State Service instance is already running in the background.
[DEBUG Aug  2 08:17:20.522309433, errs.go:75] Wrapped error: A State Service instance is already running in the background. -- with: Could not start serviceManager
[DEBUG Aug  2 08:17:20.522398779, client.go:128] Reporting event to 2 reporters: command-exit, state-svc start, 1
[DEBUG Aug  2 08:17:20.887239014, errs.go:75] Wrapped error: <nil> -- with: Could not start serviceManager: A State Service instance is already running in the background.: Could not store pid: valueF failed: Service is already running
[DEBUG Aug  2 08:17:20.887325615, main.go:61] state-svc errored out due to input: Could not start serviceManager: A State Service instance is already running in the background.: Could not store pid: valueF failed: Service is already running
