[DEBUG Aug  2 08:17:42.480494740, defaults.go:273] Args: [/home1/wangfeim/.local/ActiveState/StateTool/release/bin/state-svc start]
[DEBUG Aug  2 08:17:42.498971489, locale.go:38] Init
[DEBUG Aug  2 08:17:42.583952281, errs.go:68] Created error: File could not be found
[DEBUG Aug  2 08:17:42.586935113, errs.go:68] Created error: Not Recognized
[DEBUG Aug  2 08:17:42.608218113, errs.go:68] Created error: Secret not found
[DEBUG Aug  2 08:17:42.608267600, errs.go:68] Created error: Could not save keypair
[DEBUG Aug  2 08:17:42.608420486, errs.go:68] Created error: Build responded with error
[DEBUG Aug  2 08:17:42.608446463, errs.go:68] Created error: Unknown build type
[DEBUG Aug  2 08:17:42.608573713, errors.go:86] Wrapped localized error: <nil> -- with: The installed version of the State Tool Service does not match that of the client.
Please stop the service with [ACTIONABLE]state-svc stop[/RESET] and try your command again.
If this issue persists please reinstall the State Tool.

[DEBUG Aug  2 08:17:42.608588309, errs.go:68] Created error: no data
[DEBUG Aug  2 08:17:42.608609808, errs.go:68] Created error: member not found
[DEBUG Aug  2 08:17:42.608643303, errs.go:68] Created error: Commit count is unknowable
[DEBUG Aug  2 08:17:42.608664866, errs.go:68] Created error: No merge required
[DEBUG Aug  2 08:17:42.608685719, errs.go:68] Created error: Can't merge commit thats already in target commits history
[DEBUG Aug  2 08:17:42.608709564, errs.go:68] Created error: Bad expander name
[DEBUG Aug  2 08:17:42.608729303, errs.go:68] Created error: Expander has no handler
[DEBUG Aug  2 08:17:42.609682530, errs.go:68] Created error: Service is already running
[DEBUG Aug  2 08:17:42.690217152, secrets.go:35] Gcloud Secretmanager failed to initialize (ignore if you're not trying to use gcloud): google: could not find default credentials. See https://developers.google.com/accounts/docs/application-default-credentials for more information.
[DEBUG Aug  2 08:17:42.693776336, output.go:53] Requested outputer for 
[DEBUG Aug  2 08:17:42.693798281, output.go:58] Using Plain outputer
[DEBUG Aug  2 08:17:42.693869392, termutils.go:17] Cannot get terminal size: inappropriate ioctl for device
[DEBUG Aug  2 08:17:42.693962406, client.go:128] Reporting event to 2 reporters: run-command, state-svc start, 
[DEBUG Aug  2 08:17:42.694017835, main.go:107] Running CmdStart
[DEBUG Aug  2 08:17:42.699471822, errs.go:75] Wrapped error: Service is already running -- with: valueF failed
[DEBUG Aug  2 08:17:42.699530539, errs.go:75] Wrapped error: valueF failed -- with: Could not store pid
[DEBUG Aug  2 08:17:42.699624371, errors.go:113] Wrapped input error: Could not store pid -- with: A State Service instance is already running in the background.
[DEBUG Aug  2 08:17:42.699640625, errs.go:75] Wrapped error: A State Service instance is already running in the background. -- with: Could not start serviceManager
[DEBUG Aug  2 08:17:42.699714646, client.go:128] Reporting event to 2 reporters: command-exit, state-svc start, 1
[DEBUG Aug  2 08:17:43.056108488, errs.go:75] Wrapped error: <nil> -- with: Could not start serviceManager: A State Service instance is already running in the background.: Could not store pid: valueF failed: Service is already running
[DEBUG Aug  2 08:17:43.056199614, main.go:61] state-svc errored out due to input: Could not start serviceManager: A State Service instance is already running in the background.: Could not store pid: valueF failed: Service is already running
