[DEBUG Aug  2 07:58:57.637828957, defaults.go:273] Args: [/home1/wangfeim/.local/ActiveState/StateTool/release/bin/state-svc start]
[DEBUG Aug  2 07:58:57.652446848, locale.go:38] Init
[DEBUG Aug  2 07:58:57.705198855, errs.go:68] Created error: File could not be found
[DEBUG Aug  2 07:58:57.707912810, errs.go:68] Created error: Not Recognized
[DEBUG Aug  2 07:58:57.730134951, errs.go:68] Created error: Secret not found
[DEBUG Aug  2 07:58:57.730201789, errs.go:68] Created error: Could not save keypair
[DEBUG Aug  2 07:58:57.730440956, errs.go:68] Created error: Build responded with error
[DEBUG Aug  2 07:58:57.730474546, errs.go:68] Created error: Unknown build type
[DEBUG Aug  2 07:58:57.730602676, errors.go:86] Wrapped localized error: <nil> -- with: The installed version of the State Tool Service does not match that of the client.
Please stop the service with [ACTIONABLE]state-svc stop[/RESET] and try your command again.
If this issue persists please reinstall the State Tool.

[DEBUG Aug  2 07:58:57.730618609, errs.go:68] Created error: no data
[DEBUG Aug  2 07:58:57.730655763, errs.go:68] Created error: member not found
[DEBUG Aug  2 07:58:57.730681980, errs.go:68] Created error: Commit count is unknowable
[DEBUG Aug  2 07:58:57.730703694, errs.go:68] Created error: No merge required
[DEBUG Aug  2 07:58:57.730724334, errs.go:68] Created error: Can't merge commit thats already in target commits history
[DEBUG Aug  2 07:58:57.730745375, errs.go:68] Created error: Bad expander name
[DEBUG Aug  2 07:58:57.730773399, errs.go:68] Created error: Expander has no handler
[DEBUG Aug  2 07:58:57.731753539, errs.go:68] Created error: Service is already running
[DEBUG Aug  2 07:58:57.793746603, secrets.go:35] Gcloud Secretmanager failed to initialize (ignore if you're not trying to use gcloud): google: could not find default credentials. See https://developers.google.com/accounts/docs/application-default-credentials for more information.
[DEBUG Aug  2 07:58:57.797134263, output.go:53] Requested outputer for 
[DEBUG Aug  2 07:58:57.797159541, output.go:58] Using Plain outputer
[DEBUG Aug  2 07:58:57.797230180, termutils.go:17] Cannot get terminal size: inappropriate ioctl for device
[DEBUG Aug  2 07:58:57.797317598, client.go:128] Reporting event to 2 reporters: run-command, state-svc start, 
[DEBUG Aug  2 07:58:57.797393272, main.go:107] Running CmdStart
[DEBUG Aug  2 07:58:57.802744217, errs.go:75] Wrapped error: Service is already running -- with: valueF failed
[DEBUG Aug  2 07:58:57.802808740, errs.go:75] Wrapped error: valueF failed -- with: Could not store pid
[DEBUG Aug  2 07:58:57.802881660, errors.go:113] Wrapped input error: Could not store pid -- with: A State Service instance is already running in the background.
[DEBUG Aug  2 07:58:57.802895232, errs.go:75] Wrapped error: A State Service instance is already running in the background. -- with: Could not start serviceManager
[DEBUG Aug  2 07:58:57.802972191, client.go:128] Reporting event to 2 reporters: command-exit, state-svc start, 1
[DEBUG Aug  2 07:58:58.184968607, errs.go:75] Wrapped error: <nil> -- with: Could not start serviceManager: A State Service instance is already running in the background.: Could not store pid: valueF failed: Service is already running
[DEBUG Aug  2 07:58:58.185036202, main.go:61] state-svc errored out due to input: Could not start serviceManager: A State Service instance is already running in the background.: Could not store pid: valueF failed: Service is already running
