[DEBUG Aug  2 08:19:56.837240226, defaults.go:273] Args: [/home1/wangfeim/.local/ActiveState/StateTool/release/bin/state-svc start]
[DEBUG Aug  2 08:19:56.851980561, locale.go:38] Init
[DEBUG Aug  2 08:19:57.044004127, errs.go:68] Created error: File could not be found
[DEBUG Aug  2 08:19:57.047192284, errs.go:68] Created error: Not Recognized
[DEBUG Aug  2 08:19:57.068458442, errs.go:68] Created error: Secret not found
[DEBUG Aug  2 08:19:57.068566390, errs.go:68] Created error: Could not save keypair
[DEBUG Aug  2 08:19:57.069310160, errs.go:68] Created error: Build responded with error
[DEBUG Aug  2 08:19:57.069368451, errs.go:68] Created error: Unknown build type
[DEBUG Aug  2 08:19:57.069595610, errors.go:86] Wrapped localized error: <nil> -- with: The installed version of the State Tool Service does not match that of the client.
Please stop the service with [ACTIONABLE]state-svc stop[/RESET] and try your command again.
If this issue persists please reinstall the State Tool.

[DEBUG Aug  2 08:19:57.069615767, errs.go:68] Created error: no data
[DEBUG Aug  2 08:19:57.069645521, errs.go:68] Created error: member not found
[DEBUG Aug  2 08:19:57.069672000, errs.go:68] Created error: Commit count is unknowable
[DEBUG Aug  2 08:19:57.069696722, errs.go:68] Created error: No merge required
[DEBUG Aug  2 08:19:57.069721025, errs.go:68] Created error: Can't merge commit thats already in target commits history
[DEBUG Aug  2 08:19:57.069745539, errs.go:68] Created error: Bad expander name
[DEBUG Aug  2 08:19:57.069775419, errs.go:68] Created error: Expander has no handler
[DEBUG Aug  2 08:19:57.070866297, errs.go:68] Created error: Service is already running
[DEBUG Aug  2 08:19:57.097767688, secrets.go:35] Gcloud Secretmanager failed to initialize (ignore if you're not trying to use gcloud): google: could not find default credentials. See https://developers.google.com/accounts/docs/application-default-credentials for more information.
[DEBUG Aug  2 08:19:57.100973040, output.go:53] Requested outputer for 
[DEBUG Aug  2 08:19:57.100994571, output.go:58] Using Plain outputer
[DEBUG Aug  2 08:19:57.101072875, termutils.go:17] Cannot get terminal size: inappropriate ioctl for device
[DEBUG Aug  2 08:19:57.101162074, client.go:128] Reporting event to 2 reporters: run-command, state-svc start, 
[DEBUG Aug  2 08:19:57.101246835, main.go:107] Running CmdStart
[DEBUG Aug  2 08:19:57.107148144, errs.go:75] Wrapped error: Service is already running -- with: valueF failed
[DEBUG Aug  2 08:19:57.107212453, errs.go:75] Wrapped error: valueF failed -- with: Could not store pid
[DEBUG Aug  2 08:19:57.107281807, errors.go:113] Wrapped input error: Could not store pid -- with: A State Service instance is already running in the background.
[DEBUG Aug  2 08:19:57.107295967, errs.go:75] Wrapped error: A State Service instance is already running in the background. -- with: Could not start serviceManager
[DEBUG Aug  2 08:19:57.107370331, client.go:128] Reporting event to 2 reporters: command-exit, state-svc start, 1
[DEBUG Aug  2 08:19:57.469391863, errs.go:75] Wrapped error: <nil> -- with: Could not start serviceManager: A State Service instance is already running in the background.: Could not store pid: valueF failed: Service is already running
[DEBUG Aug  2 08:19:57.469481152, main.go:61] state-svc errored out due to input: Could not start serviceManager: A State Service instance is already running in the background.: Could not store pid: valueF failed: Service is already running
