[DEBUG Aug  2 07:50:04.650761075, defaults.go:273] Args: [/home1/wangfeim/.local/ActiveState/StateTool/release/bin/state-svc start]
[DEBUG Aug  2 07:50:04.698291296, locale.go:38] Init
[DEBUG Aug  2 07:50:04.742645692, errs.go:68] Created error: File could not be found
[DEBUG Aug  2 07:50:04.747025953, errs.go:68] Created error: Not Recognized
[DEBUG Aug  2 07:50:04.803278361, errs.go:68] Created error: Secret not found
[DEBUG Aug  2 07:50:04.803334459, errs.go:68] Created error: Could not save keypair
[DEBUG Aug  2 07:50:04.803533031, errs.go:68] Created error: Build responded with error
[DEBUG Aug  2 07:50:04.803584903, errs.go:68] Created error: Unknown build type
[DEBUG Aug  2 07:50:04.803700477, errors.go:86] Wrapped localized error: <nil> -- with: The installed version of the State Tool Service does not match that of the client.
Please stop the service with [ACTIONABLE]state-svc stop[/RESET] and try your command again.
If this issue persists please reinstall the State Tool.

[DEBUG Aug  2 07:50:04.803714928, errs.go:68] Created error: no data
[DEBUG Aug  2 07:50:04.803741212, errs.go:68] Created error: member not found
[DEBUG Aug  2 07:50:04.803765608, errs.go:68] Created error: Commit count is unknowable
[DEBUG Aug  2 07:50:04.803788779, errs.go:68] Created error: No merge required
[DEBUG Aug  2 07:50:04.803811566, errs.go:68] Created error: Can't merge commit thats already in target commits history
[DEBUG Aug  2 07:50:04.803835811, errs.go:68] Created error: Bad expander name
[DEBUG Aug  2 07:50:04.803859081, errs.go:68] Created error: Expander has no handler
[DEBUG Aug  2 07:50:04.806365394, errs.go:68] Created error: Service is already running
[DEBUG Aug  2 07:50:04.831208095, secrets.go:35] Gcloud Secretmanager failed to initialize (ignore if you're not trying to use gcloud): google: could not find default credentials. See https://developers.google.com/accounts/docs/application-default-credentials for more information.
[DEBUG Aug  2 07:50:04.834693469, output.go:53] Requested outputer for 
[DEBUG Aug  2 07:50:04.834723235, output.go:58] Using Plain outputer
[DEBUG Aug  2 07:50:04.834805974, termutils.go:17] Cannot get terminal size: inappropriate ioctl for device
[DEBUG Aug  2 07:50:04.835548592, client.go:128] Reporting event to 2 reporters: run-command, state-svc start, 
[DEBUG Aug  2 07:50:04.835605766, main.go:107] Running CmdStart
[DEBUG Aug  2 07:50:04.845389516, errs.go:75] Wrapped error: Service is already running -- with: valueF failed
[DEBUG Aug  2 07:50:04.845447007, errs.go:75] Wrapped error: valueF failed -- with: Could not store pid
[DEBUG Aug  2 07:50:04.845559785, errors.go:113] Wrapped input error: Could not store pid -- with: A State Service instance is already running in the background.
[DEBUG Aug  2 07:50:04.845576090, errs.go:75] Wrapped error: A State Service instance is already running in the background. -- with: Could not start serviceManager
[DEBUG Aug  2 07:50:04.845674967, client.go:128] Reporting event to 2 reporters: command-exit, state-svc start, 1
[DEBUG Aug  2 07:50:05.193021316, errs.go:75] Wrapped error: <nil> -- with: Could not start serviceManager: A State Service instance is already running in the background.: Could not store pid: valueF failed: Service is already running
[DEBUG Aug  2 07:50:05.193097098, main.go:61] state-svc errored out due to input: Could not start serviceManager: A State Service instance is already running in the background.: Could not store pid: valueF failed: Service is already running
