[DEBUG Aug  2 08:16:11.207338883, defaults.go:273] Args: [/home1/wangfeim/.local/ActiveState/StateTool/release/bin/state-svc start]
[DEBUG Aug  2 08:16:11.221688414, locale.go:38] Init
[DEBUG Aug  2 08:16:11.269410888, errs.go:68] Created error: File could not be found
[DEBUG Aug  2 08:16:11.272420366, errs.go:68] Created error: Not Recognized
[DEBUG Aug  2 08:16:11.295514102, errs.go:68] Created error: Secret not found
[DEBUG Aug  2 08:16:11.295601939, errs.go:68] Created error: Could not save keypair
[DEBUG Aug  2 08:16:11.296096771, errs.go:68] Created error: Build responded with error
[DEBUG Aug  2 08:16:11.296143881, errs.go:68] Created error: Unknown build type
[DEBUG Aug  2 08:16:11.296598151, errors.go:86] Wrapped localized error: <nil> -- with: The installed version of the State Tool Service does not match that of the client.
Please stop the service with [ACTIONABLE]state-svc stop[/RESET] and try your command again.
If this issue persists please reinstall the State Tool.

[DEBUG Aug  2 08:16:11.296664007, errs.go:68] Created error: no data
[DEBUG Aug  2 08:16:11.296929904, errs.go:68] Created error: member not found
[DEBUG Aug  2 08:16:11.296973530, errs.go:68] Created error: Commit count is unknowable
[DEBUG Aug  2 08:16:11.297000709, errs.go:68] Created error: No merge required
[DEBUG Aug  2 08:16:11.297027201, errs.go:68] Created error: Can't merge commit thats already in target commits history
[DEBUG Aug  2 08:16:11.297054790, errs.go:68] Created error: Bad expander name
[DEBUG Aug  2 08:16:11.297079879, errs.go:68] Created error: Expander has no handler
[DEBUG Aug  2 08:16:11.298165869, errs.go:68] Created error: Service is already running
[DEBUG Aug  2 08:16:11.330426468, secrets.go:35] Gcloud Secretmanager failed to initialize (ignore if you're not trying to use gcloud): google: could not find default credentials. See https://developers.google.com/accounts/docs/application-default-credentials for more information.
[DEBUG Aug  2 08:16:11.335996190, output.go:53] Requested outputer for 
[DEBUG Aug  2 08:16:11.336020498, output.go:58] Using Plain outputer
[DEBUG Aug  2 08:16:11.336092026, termutils.go:17] Cannot get terminal size: inappropriate ioctl for device
[DEBUG Aug  2 08:16:11.336209141, client.go:128] Reporting event to 2 reporters: run-command, state-svc start, 
[DEBUG Aug  2 08:16:11.336233436, main.go:107] Running CmdStart
[DEBUG Aug  2 08:16:11.342503994, errs.go:75] Wrapped error: Service is already running -- with: valueF failed
[DEBUG Aug  2 08:16:11.342570193, errs.go:75] Wrapped error: valueF failed -- with: Could not store pid
[DEBUG Aug  2 08:16:11.342646770, errors.go:113] Wrapped input error: Could not store pid -- with: A State Service instance is already running in the background.
[DEBUG Aug  2 08:16:11.342662408, errs.go:75] Wrapped error: A State Service instance is already running in the background. -- with: Could not start serviceManager
[DEBUG Aug  2 08:16:11.342726570, client.go:128] Reporting event to 2 reporters: command-exit, state-svc start, 1
[DEBUG Aug  2 08:16:11.695240386, errs.go:75] Wrapped error: <nil> -- with: Could not start serviceManager: A State Service instance is already running in the background.: Could not store pid: valueF failed: Service is already running
[DEBUG Aug  2 08:16:11.695308196, main.go:61] state-svc errored out due to input: Could not start serviceManager: A State Service instance is already running in the background.: Could not store pid: valueF failed: Service is already running
