[DEBUG Aug  2 08:01:46.928413769, defaults.go:273] Args: [/home1/wangfeim/.local/ActiveState/StateTool/release/bin/state-svc start]
[DEBUG Aug  2 08:01:46.942358115, locale.go:38] Init
[DEBUG Aug  2 08:01:47.018777600, errs.go:68] Created error: File could not be found
[DEBUG Aug  2 08:01:47.022167143, errs.go:68] Created error: Not Recognized
[DEBUG Aug  2 08:01:47.092035505, errs.go:68] Created error: Secret not found
[DEBUG Aug  2 08:01:47.092081774, errs.go:68] Created error: Could not save keypair
[DEBUG Aug  2 08:01:47.092245468, errs.go:68] Created error: Build responded with error
[DEBUG Aug  2 08:01:47.092272375, errs.go:68] Created error: Unknown build type
[DEBUG Aug  2 08:01:47.092402063, errors.go:86] Wrapped localized error: <nil> -- with: The installed version of the State Tool Service does not match that of the client.
Please stop the service with [ACTIONABLE]state-svc stop[/RESET] and try your command again.
If this issue persists please reinstall the State Tool.

[DEBUG Aug  2 08:01:47.092416917, errs.go:68] Created error: no data
[DEBUG Aug  2 08:01:47.092438558, errs.go:68] Created error: member not found
[DEBUG Aug  2 08:01:47.092462988, errs.go:68] Created error: Commit count is unknowable
[DEBUG Aug  2 08:01:47.092484132, errs.go:68] Created error: No merge required
[DEBUG Aug  2 08:01:47.092507098, errs.go:68] Created error: Can't merge commit thats already in target commits history
[DEBUG Aug  2 08:01:47.092528327, errs.go:68] Created error: Bad expander name
[DEBUG Aug  2 08:01:47.092554513, errs.go:68] Created error: Expander has no handler
[DEBUG Aug  2 08:01:47.093727898, errs.go:68] Created error: Service is already running
[DEBUG Aug  2 08:01:47.120192797, secrets.go:35] Gcloud Secretmanager failed to initialize (ignore if you're not trying to use gcloud): google: could not find default credentials. See https://developers.google.com/accounts/docs/application-default-credentials for more information.
[DEBUG Aug  2 08:01:47.123459428, output.go:53] Requested outputer for 
[DEBUG Aug  2 08:01:47.123479485, output.go:58] Using Plain outputer
[DEBUG Aug  2 08:01:47.123554738, termutils.go:17] Cannot get terminal size: inappropriate ioctl for device
[DEBUG Aug  2 08:01:47.123644658, client.go:128] Reporting event to 2 reporters: run-command, state-svc start, 
[DEBUG Aug  2 08:01:47.123731607, main.go:107] Running CmdStart
[DEBUG Aug  2 08:01:47.129102225, errs.go:75] Wrapped error: Service is already running -- with: valueF failed
[DEBUG Aug  2 08:01:47.129167897, errs.go:75] Wrapped error: valueF failed -- with: Could not store pid
[DEBUG Aug  2 08:01:47.129230876, errors.go:113] Wrapped input error: Could not store pid -- with: A State Service instance is already running in the background.
[DEBUG Aug  2 08:01:47.129243717, errs.go:75] Wrapped error: A State Service instance is already running in the background. -- with: Could not start serviceManager
[DEBUG Aug  2 08:01:47.129328937, client.go:128] Reporting event to 2 reporters: command-exit, state-svc start, 1
[DEBUG Aug  2 08:01:47.484988519, errs.go:75] Wrapped error: <nil> -- with: Could not start serviceManager: A State Service instance is already running in the background.: Could not store pid: valueF failed: Service is already running
[DEBUG Aug  2 08:01:47.485053739, main.go:61] state-svc errored out due to input: Could not start serviceManager: A State Service instance is already running in the background.: Could not store pid: valueF failed: Service is already running
