[DEBUG Sep 18 01:31:39.633536950, defaults.go:273] Args: [/home1/wangfeim/.local/ActiveState/StateTool/release/bin/state-svc start]
[DEBUG Sep 18 01:31:39.650457468, locale.go:38] Init
[DEBUG Sep 18 01:31:39.685529739, errs.go:68] Created error: File could not be found
[DEBUG Sep 18 01:31:39.688628579, errs.go:68] Created error: Not Recognized
[DEBUG Sep 18 01:31:39.711557452, errs.go:68] Created error: Secret not found
[DEBUG Sep 18 01:31:39.711625567, errs.go:68] Created error: Could not save keypair
[DEBUG Sep 18 01:31:39.712010237, errs.go:68] Created error: Build responded with error
[DEBUG Sep 18 01:31:39.712052951, errs.go:68] Created error: Unknown build type
[DEBUG Sep 18 01:31:39.712197272, errors.go:86] Wrapped localized error: <nil> -- with: The installed version of the State Tool Service does not match that of the client.
Please stop the service with [ACTIONABLE]state-svc stop[/RESET] and try your command again.
If this issue persists please reinstall the State Tool.

[DEBUG Sep 18 01:31:39.712217271, errs.go:68] Created error: no data
[DEBUG Sep 18 01:31:39.712246115, errs.go:68] Created error: member not found
[DEBUG Sep 18 01:31:39.712275210, errs.go:68] Created error: Commit count is unknowable
[DEBUG Sep 18 01:31:39.712303872, errs.go:68] Created error: No merge required
[DEBUG Sep 18 01:31:39.712329088, errs.go:68] Created error: Can't merge commit thats already in target commits history
[DEBUG Sep 18 01:31:39.712358579, errs.go:68] Created error: Bad expander name
[DEBUG Sep 18 01:31:39.712387077, errs.go:68] Created error: Expander has no handler
[DEBUG Sep 18 01:31:39.715405202, errs.go:68] Created error: Service is already running
[DEBUG Sep 18 01:31:39.750316422, secrets.go:35] Gcloud Secretmanager failed to initialize (ignore if you're not trying to use gcloud): google: could not find default credentials. See https://developers.google.com/accounts/docs/application-default-credentials for more information.
[DEBUG Sep 18 01:31:39.754125895, output.go:53] Requested outputer for 
[DEBUG Sep 18 01:31:39.754151554, output.go:58] Using Plain outputer
[DEBUG Sep 18 01:31:39.754242807, termutils.go:17] Cannot get terminal size: inappropriate ioctl for device
[DEBUG Sep 18 01:31:39.755449314, client.go:128] Reporting event to 2 reporters: run-command, state-svc start, 
[DEBUG Sep 18 01:31:39.755759871, main.go:107] Running CmdStart
[DEBUG Sep 18 01:31:39.756822992, exeutils.go:149] Executing: /home1/wangfeim/.local/ActiveState/StateTool/release/bin/state-svc [foreground]
[DEBUG Sep 18 01:31:39.760614350, manager.go:68] Process started using pid 22624
[DEBUG Sep 18 01:31:39.760658939, client.go:128] Reporting event to 2 reporters: command-exit, state-svc start, 0
