[DEBUG Aug  2 07:46:56.640407629, defaults.go:273] Args: [/home1/wangfeim/.local/ActiveState/StateTool/release/bin/state-svc start]
[DEBUG Aug  2 07:46:56.656361803, locale.go:38] Init
[DEBUG Aug  2 07:46:56.724520416, errs.go:68] Created error: File could not be found
[DEBUG Aug  2 07:46:56.727533872, errs.go:68] Created error: Not Recognized
[DEBUG Aug  2 07:46:56.747085786, errs.go:68] Created error: Secret not found
[DEBUG Aug  2 07:46:56.747131326, errs.go:68] Created error: Could not save keypair
[DEBUG Aug  2 07:46:56.747309019, errs.go:68] Created error: Build responded with error
[DEBUG Aug  2 07:46:56.747339864, errs.go:68] Created error: Unknown build type
[DEBUG Aug  2 07:46:56.747445099, errors.go:86] Wrapped localized error: <nil> -- with: The installed version of the State Tool Service does not match that of the client.
Please stop the service with [ACTIONABLE]state-svc stop[/RESET] and try your command again.
If this issue persists please reinstall the State Tool.

[DEBUG Aug  2 07:46:56.747458327, errs.go:68] Created error: no data
[DEBUG Aug  2 07:46:56.747481694, errs.go:68] Created error: member not found
[DEBUG Aug  2 07:46:56.747503081, errs.go:68] Created error: Commit count is unknowable
[DEBUG Aug  2 07:46:56.747524422, errs.go:68] Created error: No merge required
[DEBUG Aug  2 07:46:56.747555655, errs.go:68] Created error: Can't merge commit thats already in target commits history
[DEBUG Aug  2 07:46:56.747578519, errs.go:68] Created error: Bad expander name
[DEBUG Aug  2 07:46:56.747601395, errs.go:68] Created error: Expander has no handler
[DEBUG Aug  2 07:46:56.748671300, errs.go:68] Created error: Service is already running
[DEBUG Aug  2 07:46:56.804839810, secrets.go:35] Gcloud Secretmanager failed to initialize (ignore if you're not trying to use gcloud): google: could not find default credentials. See https://developers.google.com/accounts/docs/application-default-credentials for more information.
[DEBUG Aug  2 07:46:56.808483768, output.go:53] Requested outputer for 
[DEBUG Aug  2 07:46:56.808504229, output.go:58] Using Plain outputer
[DEBUG Aug  2 07:46:56.808579959, termutils.go:17] Cannot get terminal size: inappropriate ioctl for device
[DEBUG Aug  2 07:46:56.808732065, main.go:107] Running CmdStart
[DEBUG Aug  2 07:46:56.808741252, client.go:128] Reporting event to 2 reporters: run-command, state-svc start, 
[DEBUG Aug  2 07:46:56.815244558, errs.go:75] Wrapped error: Service is already running -- with: valueF failed
[DEBUG Aug  2 07:46:56.815607746, errs.go:75] Wrapped error: valueF failed -- with: Could not store pid
[DEBUG Aug  2 07:46:56.816059720, errors.go:113] Wrapped input error: Could not store pid -- with: A State Service instance is already running in the background.
[DEBUG Aug  2 07:46:56.816080562, errs.go:75] Wrapped error: A State Service instance is already running in the background. -- with: Could not start serviceManager
[DEBUG Aug  2 07:46:56.816266756, client.go:128] Reporting event to 2 reporters: command-exit, state-svc start, 1
[DEBUG Aug  2 07:46:57.195274372, errs.go:75] Wrapped error: <nil> -- with: Could not start serviceManager: A State Service instance is already running in the background.: Could not store pid: valueF failed: Service is already running
[DEBUG Aug  2 07:46:57.195331309, main.go:61] state-svc errored out due to input: Could not start serviceManager: A State Service instance is already running in the background.: Could not store pid: valueF failed: Service is already running
