[DEBUG Sep 18 08:51:19.551627536, defaults.go:273] Args: [/home1/wangfeim/.local/ActiveState/StateTool/release/bin/state-svc foreground]
[DEBUG Sep 18 08:51:19.565613918, locale.go:38] Init
[DEBUG Sep 18 08:51:19.595419918, errs.go:68] Created error: File could not be found
[DEBUG Sep 18 08:51:19.598246696, errs.go:68] Created error: Not Recognized
[DEBUG Sep 18 08:51:19.620630833, errs.go:68] Created error: Secret not found
[DEBUG Sep 18 08:51:19.620689305, errs.go:68] Created error: Could not save keypair
[DEBUG Sep 18 08:51:19.620917055, errs.go:68] Created error: Build responded with error
[DEBUG Sep 18 08:51:19.620952661, errs.go:68] Created error: Unknown build type
[DEBUG Sep 18 08:51:19.621219107, errors.go:86] Wrapped localized error: <nil> -- with: The installed version of the State Tool Service does not match that of the client.
Please stop the service with [ACTIONABLE]state-svc stop[/RESET] and try your command again.
If this issue persists please reinstall the State Tool.

[DEBUG Sep 18 08:51:19.621235366, errs.go:68] Created error: no data
[DEBUG Sep 18 08:51:19.621264023, errs.go:68] Created error: member not found
[DEBUG Sep 18 08:51:19.621291891, errs.go:68] Created error: Commit count is unknowable
[DEBUG Sep 18 08:51:19.621318976, errs.go:68] Created error: No merge required
[DEBUG Sep 18 08:51:19.621344205, errs.go:68] Created error: Can't merge commit thats already in target commits history
[DEBUG Sep 18 08:51:19.621373897, errs.go:68] Created error: Bad expander name
[DEBUG Sep 18 08:51:19.621401469, errs.go:68] Created error: Expander has no handler
[DEBUG Sep 18 08:51:19.624444448, errs.go:68] Created error: Service is already running
[DEBUG Sep 18 08:51:19.657750376, secrets.go:35] Gcloud Secretmanager failed to initialize (ignore if you're not trying to use gcloud): google: could not find default credentials. See https://developers.google.com/accounts/docs/application-default-credentials for more information.
[DEBUG Sep 18 08:51:19.661236154, output.go:53] Requested outputer for 
[DEBUG Sep 18 08:51:19.661256388, output.go:58] Using Plain outputer
[DEBUG Sep 18 08:51:19.661318578, termutils.go:17] Cannot get terminal size: inappropriate ioctl for device
[DEBUG Sep 18 08:51:19.661424289, main.go:137] Running CmdForeground
[DEBUG Sep 18 08:51:19.661437439, main.go:147] Running in Foreground
[DEBUG Sep 18 08:51:19.661475247, client.go:128] Reporting event to 2 reporters: run-command, state-svc foreground, 
[DEBUG Sep 18 08:51:19.661680982, service.go:30] service:Start
[DEBUG Sep 18 08:51:19.666815705, service.go:42] Server starting on port: 37030
[DEBUG Sep 18 08:51:19.666879222, client.go:128] Reporting event to 2 reporters: state-svc, start, 
[DEBUG Sep 18 08:51:19.906479059, resolver.go:57] Version resolver
[DEBUG Sep 18 08:51:19.906670100, client.go:128] Reporting event to 2 reporters: state-svc, endpoint, Version
[DEBUG Sep 18 08:51:19.908727861, resolver.go:57] Version resolver
[DEBUG Sep 18 08:51:19.908871711, client.go:128] Reporting event to 2 reporters: state-svc, endpoint, Version
[DEBUG Sep 18 08:51:19.910199452, resolver.go:121] Analytics event resolver
[DEBUG Sep 18 08:51:19.910359144, client.go:128] Reporting event to 2 reporters: runtime, cache, 
[DEBUG Sep 18 08:51:19.910528988, resolver.go:57] Version resolver
[DEBUG Sep 18 08:51:19.910604615, client.go:128] Reporting event to 2 reporters: state-svc, endpoint, Version
[DEBUG Sep 18 08:51:19.910809793, resolver.go:121] Analytics event resolver
[DEBUG Sep 18 08:51:19.910942953, client.go:128] Reporting event to 2 reporters: run-command, exec, 
[DEBUG Sep 18 08:51:19.911096286, resolver.go:57] Version resolver
[DEBUG Sep 18 08:51:19.911182669, client.go:128] Reporting event to 2 reporters: state-svc, endpoint, Version
[DEBUG Sep 18 08:51:19.912431044, resolver.go:121] Analytics event resolver
[DEBUG Sep 18 08:51:19.912682495, client.go:128] Reporting event to 2 reporters: runtime, start, 
[DEBUG Sep 18 08:51:19.912850370, resolver.go:121] Analytics event resolver
[DEBUG Sep 18 08:51:19.912939977, client.go:128] Reporting event to 2 reporters: runtime, success, 
[DEBUG Sep 18 08:52:19.667345674, watcher.go:72] Checking for runtime processes
[DEBUG Sep 18 08:53:19.667255770, watcher.go:72] Checking for runtime processes
[DEBUG Sep 18 08:54:19.667456353, watcher.go:72] Checking for runtime processes
[DEBUG Sep 18 08:55:19.667719250, watcher.go:72] Checking for runtime processes
[DEBUG Sep 18 08:56:19.667262149, watcher.go:72] Checking for runtime processes
[DEBUG Sep 18 08:57:19.667392509, watcher.go:72] Checking for runtime processes
[DEBUG Sep 18 08:58:19.667356673, watcher.go:72] Checking for runtime processes
[DEBUG Sep 18 08:59:19.668020156, watcher.go:72] Checking for runtime processes
[DEBUG Sep 18 09:00:19.667410156, watcher.go:72] Checking for runtime processes
[DEBUG Sep 18 09:01:19.667277721, watcher.go:72] Checking for runtime processes
[DEBUG Sep 18 09:02:19.667441932, watcher.go:72] Checking for runtime processes
[DEBUG Sep 18 09:03:19.667716414, watcher.go:72] Checking for runtime processes
[DEBUG Sep 18 09:04:19.667237363, watcher.go:72] Checking for runtime processes
[DEBUG Sep 18 09:05:19.667260287, watcher.go:72] Checking for runtime processes
[DEBUG Sep 18 09:06:19.667119488, watcher.go:72] Checking for runtime processes
[DEBUG Sep 18 09:07:19.667569429, watcher.go:72] Checking for runtime processes
[DEBUG Sep 18 09:08:19.667208769, watcher.go:72] Checking for runtime processes
[DEBUG Sep 18 09:09:19.667254338, watcher.go:72] Checking for runtime processes
[DEBUG Sep 18 09:10:19.667349959, watcher.go:72] Checking for runtime processes
[DEBUG Sep 18 09:11:19.667536410, watcher.go:72] Checking for runtime processes
[DEBUG Sep 18 09:12:19.667263686, watcher.go:72] Checking for runtime processes
[DEBUG Sep 18 09:13:19.667772979, watcher.go:72] Checking for runtime processes
[DEBUG Sep 18 09:14:19.667111930, watcher.go:72] Checking for runtime processes
[DEBUG Sep 18 09:15:19.667307340, watcher.go:72] Checking for runtime processes
[DEBUG Sep 18 09:16:19.667290173, watcher.go:72] Checking for runtime processes
[DEBUG Sep 18 09:17:19.667651277, watcher.go:72] Checking for runtime processes
[DEBUG Sep 18 09:18:19.667340193, watcher.go:72] Checking for runtime processes
[DEBUG Sep 18 09:19:19.667162596, watcher.go:72] Checking for runtime processes
[DEBUG Sep 18 09:20:19.667308684, watcher.go:72] Checking for runtime processes
[DEBUG Sep 18 09:21:19.667643759, watcher.go:72] Checking for runtime processes
[DEBUG Sep 18 09:22:19.667328788, watcher.go:72] Checking for runtime processes
[DEBUG Sep 18 09:23:19.667436712, watcher.go:72] Checking for runtime processes
[DEBUG Sep 18 09:24:19.667541207, watcher.go:72] Checking for runtime processes
[DEBUG Sep 18 09:25:19.667330468, watcher.go:72] Checking for runtime processes
[DEBUG Sep 18 09:26:19.667298046, watcher.go:72] Checking for runtime processes
[DEBUG Sep 18 09:27:19.667392818, watcher.go:72] Checking for runtime processes
[DEBUG Sep 18 09:28:19.667666986, watcher.go:72] Checking for runtime processes
[DEBUG Sep 18 09:29:19.667379776, watcher.go:72] Checking for runtime processes
[DEBUG Sep 18 09:30:19.667428683, watcher.go:72] Checking for runtime processes
[DEBUG Sep 18 09:31:19.667263635, watcher.go:72] Checking for runtime processes
[DEBUG Sep 18 09:32:19.667341951, watcher.go:72] Checking for runtime processes
[DEBUG Sep 18 09:33:19.667255783, watcher.go:72] Checking for runtime processes
[DEBUG Sep 18 09:34:19.667419846, watcher.go:72] Checking for runtime processes
[DEBUG Sep 18 09:35:19.667254054, watcher.go:72] Checking for runtime processes
[DEBUG Sep 18 09:36:19.667115341, watcher.go:72] Checking for runtime processes
[DEBUG Sep 18 09:37:19.667413366, watcher.go:72] Checking for runtime processes
[DEBUG Sep 18 09:38:19.667513597, watcher.go:72] Checking for runtime processes
[DEBUG Sep 18 09:39:19.667415744, watcher.go:72] Checking for runtime processes
[DEBUG Sep 18 09:40:19.667635293, watcher.go:72] Checking for runtime processes
[DEBUG Sep 18 09:41:19.667275212, watcher.go:72] Checking for runtime processes
[DEBUG Sep 18 09:42:19.667469916, watcher.go:72] Checking for runtime processes
[DEBUG Sep 18 09:43:19.667324874, watcher.go:72] Checking for runtime processes
[DEBUG Sep 18 09:44:19.667419399, watcher.go:72] Checking for runtime processes
[DEBUG Sep 18 09:45:19.667365311, watcher.go:72] Checking for runtime processes
[DEBUG Sep 18 09:46:19.667255096, watcher.go:72] Checking for runtime processes
[DEBUG Sep 18 09:47:19.667362463, watcher.go:72] Checking for runtime processes
[DEBUG Sep 18 09:48:19.667432148, watcher.go:72] Checking for runtime processes
[DEBUG Sep 18 09:49:19.667130183, watcher.go:72] Checking for runtime processes
[DEBUG Sep 18 09:50:19.667442206, watcher.go:72] Checking for runtime processes
[DEBUG Sep 18 09:51:19.667134943, watcher.go:72] Checking for runtime processes
[DEBUG Sep 18 09:52:19.667674909, watcher.go:72] Checking for runtime processes
[DEBUG Sep 18 09:53:19.668220305, watcher.go:72] Checking for runtime processes
[DEBUG Sep 18 09:54:19.667601333, watcher.go:72] Checking for runtime processes
[DEBUG Sep 18 09:55:19.667251175, watcher.go:72] Checking for runtime processes
[DEBUG Sep 18 09:56:19.667367140, watcher.go:72] Checking for runtime processes
[DEBUG Sep 18 09:57:19.667155118, watcher.go:72] Checking for runtime processes
[DEBUG Sep 18 09:58:19.667425638, watcher.go:72] Checking for runtime processes
[DEBUG Sep 18 09:59:19.667606662, watcher.go:72] Checking for runtime processes
[DEBUG Sep 18 10:00:19.667535601, watcher.go:72] Checking for runtime processes
[DEBUG Sep 18 10:01:19.667388188, watcher.go:72] Checking for runtime processes
[DEBUG Sep 18 10:02:19.667444952, watcher.go:72] Checking for runtime processes
[DEBUG Sep 18 10:03:19.667513929, watcher.go:72] Checking for runtime processes
[DEBUG Sep 18 10:04:19.667119645, watcher.go:72] Checking for runtime processes
[DEBUG Sep 18 10:05:19.667536308, watcher.go:72] Checking for runtime processes
[DEBUG Sep 18 10:06:19.667133311, watcher.go:72] Checking for runtime processes
[DEBUG Sep 18 10:07:19.667579006, watcher.go:72] Checking for runtime processes
[DEBUG Sep 18 10:08:19.667608700, watcher.go:72] Checking for runtime processes
[DEBUG Sep 18 10:09:19.667267575, watcher.go:72] Checking for runtime processes
[DEBUG Sep 18 10:10:19.667328449, watcher.go:72] Checking for runtime processes
[DEBUG Sep 18 10:11:19.667548181, watcher.go:72] Checking for runtime processes
[DEBUG Sep 18 10:12:19.667712597, watcher.go:72] Checking for runtime processes
[DEBUG Sep 18 10:13:19.667250819, watcher.go:72] Checking for runtime processes
[DEBUG Sep 18 10:14:19.667304919, watcher.go:72] Checking for runtime processes
[DEBUG Sep 18 10:15:19.667946057, watcher.go:72] Checking for runtime processes
[DEBUG Sep 18 10:16:19.667254402, watcher.go:72] Checking for runtime processes
[DEBUG Sep 18 10:17:19.667504354, watcher.go:72] Checking for runtime processes
[DEBUG Sep 18 10:18:19.667412489, watcher.go:72] Checking for runtime processes
[DEBUG Sep 18 10:19:19.667118980, watcher.go:72] Checking for runtime processes
[DEBUG Sep 18 10:20:19.667247334, watcher.go:72] Checking for runtime processes
[DEBUG Sep 18 10:21:19.667113355, watcher.go:72] Checking for runtime processes
[DEBUG Sep 18 10:22:19.667251693, watcher.go:72] Checking for runtime processes
[DEBUG Sep 18 10:23:19.667295115, watcher.go:72] Checking for runtime processes
[DEBUG Sep 18 10:24:19.667172599, watcher.go:72] Checking for runtime processes
[DEBUG Sep 18 10:25:19.667389873, watcher.go:72] Checking for runtime processes
[DEBUG Sep 18 10:26:19.667276956, watcher.go:72] Checking for runtime processes
[DEBUG Sep 18 10:27:19.667435598, watcher.go:72] Checking for runtime processes
[DEBUG Sep 18 10:28:19.667481866, watcher.go:72] Checking for runtime processes
[DEBUG Sep 18 10:29:19.667635210, watcher.go:72] Checking for runtime processes
[DEBUG Sep 18 10:30:19.667716694, watcher.go:72] Checking for runtime processes
[DEBUG Sep 18 10:31:19.667476127, watcher.go:72] Checking for runtime processes
[DEBUG Sep 18 10:32:19.667589848, watcher.go:72] Checking for runtime processes
[DEBUG Sep 18 10:33:19.667410626, watcher.go:72] Checking for runtime processes
[DEBUG Sep 18 10:34:19.667119982, watcher.go:72] Checking for runtime processes
[DEBUG Sep 18 10:35:19.667274173, watcher.go:72] Checking for runtime processes
[DEBUG Sep 18 10:36:19.667158665, watcher.go:72] Checking for runtime processes
[DEBUG Sep 18 10:37:19.667438203, watcher.go:72] Checking for runtime processes
[DEBUG Sep 18 10:38:19.667265426, watcher.go:72] Checking for runtime processes
[DEBUG Sep 18 10:39:19.667123490, watcher.go:72] Checking for runtime processes
[DEBUG Sep 18 10:40:19.667445595, watcher.go:72] Checking for runtime processes
[DEBUG Sep 18 10:41:19.667206175, watcher.go:72] Checking for runtime processes
[DEBUG Sep 18 10:42:19.667426869, watcher.go:72] Checking for runtime processes
[DEBUG Sep 18 10:43:19.667318798, watcher.go:72] Checking for runtime processes
[DEBUG Sep 18 10:44:19.667251376, watcher.go:72] Checking for runtime processes
[DEBUG Sep 18 10:45:19.667339886, watcher.go:72] Checking for runtime processes
[DEBUG Sep 18 10:46:19.667584429, watcher.go:72] Checking for runtime processes
[DEBUG Sep 18 10:47:19.667248508, watcher.go:72] Checking for runtime processes
[DEBUG Sep 18 10:48:19.667384203, watcher.go:72] Checking for runtime processes
[DEBUG Sep 18 10:49:19.667173791, watcher.go:72] Checking for runtime processes
[DEBUG Sep 18 10:50:19.667356608, watcher.go:72] Checking for runtime processes
[DEBUG Sep 18 10:51:19.667149052, watcher.go:72] Checking for runtime processes
[DEBUG Sep 18 10:52:19.667635876, watcher.go:72] Checking for runtime processes
[DEBUG Sep 18 10:53:19.667447150, watcher.go:72] Checking for runtime processes
[DEBUG Sep 18 10:54:19.667708457, watcher.go:72] Checking for runtime processes
[DEBUG Sep 18 10:55:19.667551034, watcher.go:72] Checking for runtime processes
[DEBUG Sep 18 10:56:19.667551741, watcher.go:72] Checking for runtime processes
[DEBUG Sep 18 10:57:19.667404952, watcher.go:72] Checking for runtime processes
[DEBUG Sep 18 10:58:19.667470743, watcher.go:72] Checking for runtime processes
[DEBUG Sep 18 10:59:19.667722304, watcher.go:72] Checking for runtime processes
[DEBUG Sep 18 11:00:19.667571618, watcher.go:72] Checking for runtime processes
[DEBUG Sep 18 11:01:19.667272153, watcher.go:72] Checking for runtime processes
[DEBUG Sep 18 11:02:19.667505616, watcher.go:72] Checking for runtime processes
[DEBUG Sep 18 11:03:19.667306257, watcher.go:72] Checking for runtime processes
[DEBUG Sep 18 11:04:19.667194624, watcher.go:72] Checking for runtime processes
[DEBUG Sep 18 11:05:19.667247016, watcher.go:72] Checking for runtime processes
[DEBUG Sep 18 11:06:19.667172663, watcher.go:72] Checking for runtime processes
[DEBUG Sep 18 11:07:19.667335597, watcher.go:72] Checking for runtime processes
[DEBUG Sep 18 11:08:19.667507813, watcher.go:72] Checking for runtime processes
[DEBUG Sep 18 11:09:19.667138455, watcher.go:72] Checking for runtime processes
[DEBUG Sep 18 11:10:19.667359291, watcher.go:72] Checking for runtime processes
[DEBUG Sep 18 11:11:19.667263386, watcher.go:72] Checking for runtime processes
[DEBUG Sep 18 11:12:19.667459581, watcher.go:72] Checking for runtime processes
[DEBUG Sep 18 11:13:19.667823921, watcher.go:72] Checking for runtime processes
[DEBUG Sep 18 11:14:19.667266055, watcher.go:72] Checking for runtime processes
[DEBUG Sep 18 11:15:19.667432863, watcher.go:72] Checking for runtime processes
[DEBUG Sep 18 11:16:19.667313760, watcher.go:72] Checking for runtime processes
[DEBUG Sep 18 11:17:19.667589430, watcher.go:72] Checking for runtime processes
[DEBUG Sep 18 11:18:19.667324468, watcher.go:72] Checking for runtime processes
[DEBUG Sep 18 11:19:19.667117192, watcher.go:72] Checking for runtime processes
[DEBUG Sep 18 11:20:19.667293776, watcher.go:72] Checking for runtime processes
[DEBUG Sep 18 11:21:19.667117860, watcher.go:72] Checking for runtime processes
[DEBUG Sep 18 11:22:19.667404066, watcher.go:72] Checking for runtime processes
[DEBUG Sep 18 11:23:19.667362975, watcher.go:72] Checking for runtime processes
[DEBUG Sep 18 11:24:19.667473914, watcher.go:72] Checking for runtime processes
[DEBUG Sep 18 11:25:19.667484892, watcher.go:72] Checking for runtime processes
[DEBUG Sep 18 11:26:19.667269688, watcher.go:72] Checking for runtime processes
[DEBUG Sep 18 11:27:19.667450442, watcher.go:72] Checking for runtime processes
[DEBUG Sep 18 11:28:19.667294020, watcher.go:72] Checking for runtime processes
[DEBUG Sep 18 11:29:19.667416805, watcher.go:72] Checking for runtime processes
[DEBUG Sep 18 11:30:19.667264712, watcher.go:72] Checking for runtime processes
[DEBUG Sep 18 11:31:19.667295891, watcher.go:72] Checking for runtime processes
[DEBUG Sep 18 11:32:19.667574657, watcher.go:72] Checking for runtime processes
[DEBUG Sep 18 11:33:19.667317752, watcher.go:72] Checking for runtime processes
[DEBUG Sep 18 11:34:19.667117786, watcher.go:72] Checking for runtime processes
[DEBUG Sep 18 11:35:19.667516492, watcher.go:72] Checking for runtime processes
[DEBUG Sep 18 11:36:19.667158043, watcher.go:72] Checking for runtime processes
[DEBUG Sep 18 11:37:19.667270690, watcher.go:72] Checking for runtime processes
[DEBUG Sep 18 11:38:19.667585605, watcher.go:72] Checking for runtime processes
[DEBUG Sep 18 11:39:19.667493995, watcher.go:72] Checking for runtime processes
[DEBUG Sep 18 11:40:19.667368865, watcher.go:72] Checking for runtime processes
[DEBUG Sep 18 11:41:19.667452912, watcher.go:72] Checking for runtime processes
[DEBUG Sep 18 11:42:19.667466119, watcher.go:72] Checking for runtime processes
[DEBUG Sep 18 11:43:19.667262763, watcher.go:72] Checking for runtime processes
[DEBUG Sep 18 11:44:19.667733705, watcher.go:72] Checking for runtime processes
[DEBUG Sep 18 11:45:19.667656271, watcher.go:72] Checking for runtime processes
[DEBUG Sep 18 11:46:19.667316967, watcher.go:72] Checking for runtime processes
[DEBUG Sep 18 11:47:19.667333951, watcher.go:72] Checking for runtime processes
[DEBUG Sep 18 11:48:19.667253381, watcher.go:72] Checking for runtime processes
[DEBUG Sep 18 11:49:19.667184686, watcher.go:72] Checking for runtime processes
[DEBUG Sep 18 11:50:19.667374912, watcher.go:72] Checking for runtime processes
[DEBUG Sep 18 11:51:19.667119057, watcher.go:72] Checking for runtime processes
[DEBUG Sep 18 11:52:19.667335238, watcher.go:72] Checking for runtime processes
[DEBUG Sep 18 11:53:19.667256637, watcher.go:72] Checking for runtime processes
[DEBUG Sep 18 11:54:19.667685251, watcher.go:72] Checking for runtime processes
[DEBUG Sep 18 11:55:19.667648592, watcher.go:72] Checking for runtime processes
[DEBUG Sep 18 11:56:19.667432930, watcher.go:72] Checking for runtime processes
[DEBUG Sep 18 11:57:19.667291023, watcher.go:72] Checking for runtime processes
[DEBUG Sep 18 11:58:19.667683941, watcher.go:72] Checking for runtime processes
[DEBUG Sep 18 11:59:19.667626864, watcher.go:72] Checking for runtime processes
[DEBUG Sep 18 12:00:19.667474039, watcher.go:72] Checking for runtime processes
[DEBUG Sep 18 12:01:19.667453110, watcher.go:72] Checking for runtime processes
[DEBUG Sep 18 12:02:19.667393988, watcher.go:72] Checking for runtime processes
[DEBUG Sep 18 12:03:19.667253537, watcher.go:72] Checking for runtime processes
[DEBUG Sep 18 12:04:19.667124478, watcher.go:72] Checking for runtime processes
[DEBUG Sep 18 12:05:19.667278616, watcher.go:72] Checking for runtime processes
[DEBUG Sep 18 12:06:19.667171484, watcher.go:72] Checking for runtime processes
[DEBUG Sep 18 12:07:19.667309871, watcher.go:72] Checking for runtime processes
[DEBUG Sep 18 12:08:19.667435613, watcher.go:72] Checking for runtime processes
[DEBUG Sep 18 12:09:19.667351053, watcher.go:72] Checking for runtime processes
[DEBUG Sep 18 12:10:19.667375255, watcher.go:72] Checking for runtime processes
[DEBUG Sep 18 12:11:19.667258457, watcher.go:72] Checking for runtime processes
[DEBUG Sep 18 12:12:19.667417224, watcher.go:72] Checking for runtime processes
[DEBUG Sep 18 12:13:19.667556451, watcher.go:72] Checking for runtime processes
[DEBUG Sep 18 12:14:19.667293374, watcher.go:72] Checking for runtime processes
[DEBUG Sep 18 12:15:19.667294076, watcher.go:72] Checking for runtime processes
[DEBUG Sep 18 12:16:19.667477888, watcher.go:72] Checking for runtime processes
[DEBUG Sep 18 12:17:19.667431548, watcher.go:72] Checking for runtime processes
[DEBUG Sep 18 12:18:19.667276582, watcher.go:72] Checking for runtime processes
[DEBUG Sep 18 12:19:19.667128551, watcher.go:72] Checking for runtime processes
[DEBUG Sep 18 12:20:19.667255400, watcher.go:72] Checking for runtime processes
[DEBUG Sep 18 12:21:19.667166939, watcher.go:72] Checking for runtime processes
[DEBUG Sep 18 12:22:19.667414355, watcher.go:72] Checking for runtime processes
[DEBUG Sep 18 12:23:19.667118175, watcher.go:72] Checking for runtime processes
[DEBUG Sep 18 12:24:19.667302048, watcher.go:72] Checking for runtime processes
[DEBUG Sep 18 12:25:19.667256847, watcher.go:72] Checking for runtime processes
[DEBUG Sep 18 12:26:19.667328596, watcher.go:72] Checking for runtime processes
[DEBUG Sep 18 12:27:19.667381385, watcher.go:72] Checking for runtime processes
[DEBUG Sep 18 12:28:19.667513640, watcher.go:72] Checking for runtime processes
[DEBUG Sep 18 12:29:19.667374505, watcher.go:72] Checking for runtime processes
[DEBUG Sep 18 12:30:19.667464120, watcher.go:72] Checking for runtime processes
[DEBUG Sep 18 12:31:19.667230247, watcher.go:72] Checking for runtime processes
[DEBUG Sep 18 12:32:19.667461217, watcher.go:72] Checking for runtime processes
[DEBUG Sep 18 12:33:19.667116448, watcher.go:72] Checking for runtime processes
[DEBUG Sep 18 12:34:19.667128088, watcher.go:72] Checking for runtime processes
[DEBUG Sep 18 12:35:19.667422465, watcher.go:72] Checking for runtime processes
[DEBUG Sep 18 12:36:19.667604288, watcher.go:72] Checking for runtime processes
[DEBUG Sep 18 12:37:19.667334010, watcher.go:72] Checking for runtime processes
[DEBUG Sep 18 12:38:19.667350316, watcher.go:72] Checking for runtime processes
[DEBUG Sep 18 12:39:19.667252855, watcher.go:72] Checking for runtime processes
[DEBUG Sep 18 12:40:19.667338469, watcher.go:72] Checking for runtime processes
[DEBUG Sep 18 12:41:19.667558485, watcher.go:72] Checking for runtime processes
[DEBUG Sep 18 12:42:19.667268702, watcher.go:72] Checking for runtime processes
[DEBUG Sep 18 12:43:19.667273146, watcher.go:72] Checking for runtime processes
[DEBUG Sep 18 12:44:19.667246247, watcher.go:72] Checking for runtime processes
[DEBUG Sep 18 12:45:19.667343544, watcher.go:72] Checking for runtime processes
[DEBUG Sep 18 12:46:19.667686403, watcher.go:72] Checking for runtime processes
[DEBUG Sep 18 12:47:19.667324539, watcher.go:72] Checking for runtime processes
[DEBUG Sep 18 12:48:19.667338195, watcher.go:72] Checking for runtime processes
[DEBUG Sep 18 12:49:19.667466269, watcher.go:72] Checking for runtime processes
[DEBUG Sep 18 12:50:19.667838333, watcher.go:72] Checking for runtime processes
[DEBUG Sep 18 12:51:19.667156327, watcher.go:72] Checking for runtime processes
[DEBUG Sep 18 12:52:19.667276755, watcher.go:72] Checking for runtime processes
[DEBUG Sep 18 12:53:19.667157643, watcher.go:72] Checking for runtime processes
[DEBUG Sep 18 12:54:19.667512513, watcher.go:72] Checking for runtime processes
[DEBUG Sep 18 12:55:19.667432774, watcher.go:72] Checking for runtime processes
[DEBUG Sep 18 12:56:19.667260215, watcher.go:72] Checking for runtime processes
[DEBUG Sep 18 12:57:19.667413195, watcher.go:72] Checking for runtime processes
[DEBUG Sep 18 12:58:19.667116033, watcher.go:72] Checking for runtime processes
[DEBUG Sep 18 12:59:19.667587299, watcher.go:72] Checking for runtime processes
[DEBUG Sep 18 13:00:19.667446900, watcher.go:72] Checking for runtime processes
[DEBUG Sep 18 13:01:19.667259150, watcher.go:72] Checking for runtime processes
[DEBUG Sep 18 13:02:19.667340896, watcher.go:72] Checking for runtime processes
[DEBUG Sep 18 13:03:19.667382371, watcher.go:72] Checking for runtime processes
[DEBUG Sep 18 13:04:19.667233741, watcher.go:72] Checking for runtime processes
[DEBUG Sep 18 13:05:19.667209928, watcher.go:72] Checking for runtime processes
[DEBUG Sep 18 13:06:19.667160635, watcher.go:72] Checking for runtime processes
[DEBUG Sep 18 13:07:19.667526167, watcher.go:72] Checking for runtime processes
[DEBUG Sep 18 13:08:19.667318700, watcher.go:72] Checking for runtime processes
[DEBUG Sep 18 13:09:19.667532010, watcher.go:72] Checking for runtime processes
[DEBUG Sep 18 13:10:19.667123320, watcher.go:72] Checking for runtime processes
[DEBUG Sep 18 13:11:19.667519607, watcher.go:72] Checking for runtime processes
[DEBUG Sep 18 13:12:19.667590695, watcher.go:72] Checking for runtime processes
[DEBUG Sep 18 13:13:19.667290808, watcher.go:72] Checking for runtime processes
[DEBUG Sep 18 13:14:19.667384373, watcher.go:72] Checking for runtime processes
[DEBUG Sep 18 13:15:19.667185232, watcher.go:72] Checking for runtime processes
[DEBUG Sep 18 13:16:19.667277105, watcher.go:72] Checking for runtime processes
[DEBUG Sep 18 13:17:19.667405058, watcher.go:72] Checking for runtime processes
[DEBUG Sep 18 13:18:19.667311919, watcher.go:72] Checking for runtime processes
[DEBUG Sep 18 13:19:19.667350691, watcher.go:72] Checking for runtime processes
[DEBUG Sep 18 13:20:19.667554121, watcher.go:72] Checking for runtime processes
[DEBUG Sep 18 13:21:19.667156110, watcher.go:72] Checking for runtime processes
[DEBUG Sep 18 13:22:19.667357230, watcher.go:72] Checking for runtime processes
[DEBUG Sep 18 13:23:19.667132750, watcher.go:72] Checking for runtime processes
[DEBUG Sep 18 13:24:19.667677181, watcher.go:72] Checking for runtime processes
[DEBUG Sep 18 13:25:19.667334124, watcher.go:72] Checking for runtime processes
[DEBUG Sep 18 13:26:19.667466626, watcher.go:72] Checking for runtime processes
[DEBUG Sep 18 13:27:19.667507236, watcher.go:72] Checking for runtime processes
[DEBUG Sep 18 13:28:19.667743375, watcher.go:72] Checking for runtime processes
[DEBUG Sep 18 13:29:19.667254584, watcher.go:72] Checking for runtime processes
[DEBUG Sep 18 13:30:19.667279096, watcher.go:72] Checking for runtime processes
[DEBUG Sep 18 13:31:19.667318654, watcher.go:72] Checking for runtime processes
[DEBUG Sep 18 13:32:19.667835001, watcher.go:72] Checking for runtime processes
[DEBUG Sep 18 13:33:19.667670752, watcher.go:72] Checking for runtime processes
[DEBUG Sep 18 13:34:19.667117058, watcher.go:72] Checking for runtime processes
[DEBUG Sep 18 13:35:19.667115603, watcher.go:72] Checking for runtime processes
[DEBUG Sep 18 13:36:19.667164430, watcher.go:72] Checking for runtime processes
[DEBUG Sep 18 13:37:19.667758928, watcher.go:72] Checking for runtime processes
[DEBUG Sep 18 13:38:19.667240898, watcher.go:72] Checking for runtime processes
[DEBUG Sep 18 13:39:19.667357533, watcher.go:72] Checking for runtime processes
[DEBUG Sep 18 13:40:19.667510893, watcher.go:72] Checking for runtime processes
[DEBUG Sep 18 13:41:19.667120438, watcher.go:72] Checking for runtime processes
[DEBUG Sep 18 13:42:19.667313033, watcher.go:72] Checking for runtime processes
[DEBUG Sep 18 13:43:19.667589987, watcher.go:72] Checking for runtime processes
[DEBUG Sep 18 13:44:19.667309656, watcher.go:72] Checking for runtime processes
[DEBUG Sep 18 13:45:19.667121141, watcher.go:72] Checking for runtime processes
[DEBUG Sep 18 13:46:19.667273259, watcher.go:72] Checking for runtime processes
[DEBUG Sep 18 13:47:19.667378027, watcher.go:72] Checking for runtime processes
[DEBUG Sep 18 13:48:19.667284909, watcher.go:72] Checking for runtime processes
[DEBUG Sep 18 13:49:19.667339511, watcher.go:72] Checking for runtime processes
[DEBUG Sep 18 13:50:19.667254331, watcher.go:72] Checking for runtime processes
[DEBUG Sep 18 13:51:19.667124842, watcher.go:72] Checking for runtime processes
[DEBUG Sep 18 13:52:19.667691482, watcher.go:72] Checking for runtime processes
[DEBUG Sep 18 13:53:19.667116148, watcher.go:72] Checking for runtime processes
[DEBUG Sep 18 13:54:19.667435782, watcher.go:72] Checking for runtime processes
[DEBUG Sep 18 13:55:19.667438366, watcher.go:72] Checking for runtime processes
[DEBUG Sep 18 13:56:19.667265542, watcher.go:72] Checking for runtime processes
[DEBUG Sep 18 13:57:19.667259750, watcher.go:72] Checking for runtime processes
[DEBUG Sep 18 13:58:19.667304378, watcher.go:72] Checking for runtime processes
[DEBUG Sep 18 13:59:19.667346704, watcher.go:72] Checking for runtime processes
[DEBUG Sep 18 14:00:19.667293582, watcher.go:72] Checking for runtime processes
[DEBUG Sep 18 14:01:19.667625252, watcher.go:72] Checking for runtime processes
[DEBUG Sep 18 14:02:19.667165302, watcher.go:72] Checking for runtime processes
[DEBUG Sep 18 14:03:19.667672475, watcher.go:72] Checking for runtime processes
[DEBUG Sep 18 14:04:19.667660680, watcher.go:72] Checking for runtime processes
[DEBUG Sep 18 14:05:19.667375341, watcher.go:72] Checking for runtime processes
[DEBUG Sep 18 14:06:19.667323365, watcher.go:72] Checking for runtime processes
[DEBUG Sep 18 14:07:19.667422393, watcher.go:72] Checking for runtime processes
[DEBUG Sep 18 14:08:19.667150417, watcher.go:72] Checking for runtime processes
[DEBUG Sep 18 14:09:19.667112383, watcher.go:72] Checking for runtime processes
[DEBUG Sep 18 14:10:19.667162086, watcher.go:72] Checking for runtime processes
[DEBUG Sep 18 14:11:19.667256309, watcher.go:72] Checking for runtime processes
[DEBUG Sep 18 14:12:19.667326535, watcher.go:72] Checking for runtime processes
[DEBUG Sep 18 14:13:19.667476524, watcher.go:72] Checking for runtime processes
[DEBUG Sep 18 14:14:19.667495854, watcher.go:72] Checking for runtime processes
[DEBUG Sep 18 14:15:19.667344050, watcher.go:72] Checking for runtime processes
[DEBUG Sep 18 14:16:19.667395971, watcher.go:72] Checking for runtime processes
[DEBUG Sep 18 14:17:19.667371690, watcher.go:72] Checking for runtime processes
[DEBUG Sep 18 14:18:19.667305275, watcher.go:72] Checking for runtime processes
[DEBUG Sep 18 14:19:19.667606252, watcher.go:72] Checking for runtime processes
[DEBUG Sep 18 14:20:19.667999763, watcher.go:72] Checking for runtime processes
[DEBUG Sep 18 14:21:19.667884545, watcher.go:72] Checking for runtime processes
[DEBUG Sep 18 14:22:19.667637407, watcher.go:72] Checking for runtime processes
[DEBUG Sep 18 14:22:24.553067792, resolver.go:121] Analytics event resolver
[DEBUG Sep 18 14:22:24.553259490, client.go:128] Reporting event to 2 reporters: command-exit, exec, 0
[DEBUG Sep 18 14:23:19.667114728, watcher.go:72] Checking for runtime processes
[DEBUG Sep 18 14:24:19.667133727, watcher.go:72] Checking for runtime processes
[DEBUG Sep 18 14:25:19.667119407, watcher.go:72] Checking for runtime processes
[DEBUG Sep 18 14:26:19.667269214, watcher.go:72] Checking for runtime processes
[DEBUG Sep 18 14:27:19.667289317, watcher.go:72] Checking for runtime processes
[DEBUG Sep 18 14:28:19.667252595, watcher.go:72] Checking for runtime processes
[DEBUG Sep 18 14:29:19.667249484, watcher.go:72] Checking for runtime processes
[DEBUG Sep 18 14:30:19.667336907, watcher.go:72] Checking for runtime processes
[DEBUG Sep 18 14:31:19.667250298, watcher.go:72] Checking for runtime processes
[DEBUG Sep 18 14:32:19.667250400, watcher.go:72] Checking for runtime processes
[DEBUG Sep 18 14:33:19.667249366, watcher.go:72] Checking for runtime processes
[DEBUG Sep 18 14:34:19.667251378, watcher.go:72] Checking for runtime processes
[DEBUG Sep 18 14:35:19.667247819, watcher.go:72] Checking for runtime processes
[DEBUG Sep 18 14:36:19.667241200, watcher.go:72] Checking for runtime processes
[DEBUG Sep 18 14:37:19.667247159, watcher.go:72] Checking for runtime processes
[DEBUG Sep 18 14:38:19.667118971, watcher.go:72] Checking for runtime processes
[DEBUG Sep 18 14:39:19.667250714, watcher.go:72] Checking for runtime processes
[DEBUG Sep 18 14:40:19.667115212, watcher.go:72] Checking for runtime processes
[DEBUG Sep 18 14:41:19.667262997, watcher.go:72] Checking for runtime processes
[DEBUG Sep 18 14:42:19.667253505, watcher.go:72] Checking for runtime processes
[DEBUG Sep 18 14:43:19.667256170, watcher.go:72] Checking for runtime processes
[DEBUG Sep 18 14:44:19.667251327, watcher.go:72] Checking for runtime processes
[DEBUG Sep 18 14:45:19.667270057, watcher.go:72] Checking for runtime processes
[DEBUG Sep 18 14:46:19.667250370, watcher.go:72] Checking for runtime processes
[DEBUG Sep 18 14:47:19.667250895, watcher.go:72] Checking for runtime processes
[DEBUG Sep 18 14:48:19.667250203, watcher.go:72] Checking for runtime processes
[DEBUG Sep 18 14:49:19.667252345, watcher.go:72] Checking for runtime processes
[DEBUG Sep 18 14:50:19.667257025, watcher.go:72] Checking for runtime processes
[DEBUG Sep 18 14:51:19.667244372, watcher.go:72] Checking for runtime processes
[DEBUG Sep 18 14:52:19.667247591, watcher.go:72] Checking for runtime processes
[DEBUG Sep 18 14:53:19.667118832, watcher.go:72] Checking for runtime processes
[DEBUG Sep 18 14:54:19.667248515, watcher.go:72] Checking for runtime processes
[DEBUG Sep 18 14:55:19.667127189, watcher.go:72] Checking for runtime processes
[DEBUG Sep 18 14:56:19.667262438, watcher.go:72] Checking for runtime processes
[DEBUG Sep 18 14:57:19.667256688, watcher.go:72] Checking for runtime processes
[DEBUG Sep 18 14:58:19.667260590, watcher.go:72] Checking for runtime processes
[DEBUG Sep 18 14:59:19.667269709, watcher.go:72] Checking for runtime processes
[DEBUG Sep 18 15:00:19.667253802, watcher.go:72] Checking for runtime processes
[DEBUG Sep 18 15:01:19.667268467, watcher.go:72] Checking for runtime processes
[DEBUG Sep 18 15:02:19.667270613, watcher.go:72] Checking for runtime processes
[DEBUG Sep 18 15:03:19.667251466, watcher.go:72] Checking for runtime processes
[DEBUG Sep 18 15:04:19.667256413, watcher.go:72] Checking for runtime processes
[DEBUG Sep 18 15:05:19.667265501, watcher.go:72] Checking for runtime processes
[DEBUG Sep 18 15:06:19.667252241, watcher.go:72] Checking for runtime processes
[DEBUG Sep 18 15:07:19.667252720, watcher.go:72] Checking for runtime processes
[DEBUG Sep 18 15:08:19.667121930, watcher.go:72] Checking for runtime processes
[DEBUG Sep 18 15:09:19.667252976, watcher.go:72] Checking for runtime processes
[DEBUG Sep 18 15:10:19.667115371, watcher.go:72] Checking for runtime processes
[DEBUG Sep 18 15:11:19.667279523, watcher.go:72] Checking for runtime processes
[DEBUG Sep 18 15:12:19.667247373, watcher.go:72] Checking for runtime processes
[DEBUG Sep 18 15:13:19.667263125, watcher.go:72] Checking for runtime processes
[DEBUG Sep 18 15:14:19.667257487, watcher.go:72] Checking for runtime processes
[DEBUG Sep 18 15:15:19.667261964, watcher.go:72] Checking for runtime processes
[DEBUG Sep 18 15:16:19.667258310, watcher.go:72] Checking for runtime processes
[DEBUG Sep 18 15:17:19.667257318, watcher.go:72] Checking for runtime processes
[DEBUG Sep 18 15:18:19.667261361, watcher.go:72] Checking for runtime processes
[DEBUG Sep 18 15:19:19.667260375, watcher.go:72] Checking for runtime processes
[DEBUG Sep 18 15:20:19.667255203, watcher.go:72] Checking for runtime processes
[DEBUG Sep 18 15:21:19.667259195, watcher.go:72] Checking for runtime processes
[DEBUG Sep 18 15:22:19.667262456, watcher.go:72] Checking for runtime processes
[DEBUG Sep 18 15:23:19.667123420, watcher.go:72] Checking for runtime processes
[DEBUG Sep 18 15:24:19.667257667, watcher.go:72] Checking for runtime processes
[DEBUG Sep 18 15:25:19.667118408, watcher.go:72] Checking for runtime processes
[DEBUG Sep 18 15:26:19.667252810, watcher.go:72] Checking for runtime processes
[DEBUG Sep 18 15:27:19.667267418, watcher.go:72] Checking for runtime processes
[DEBUG Sep 18 15:28:19.667265282, watcher.go:72] Checking for runtime processes
[DEBUG Sep 18 15:29:19.667244965, watcher.go:72] Checking for runtime processes
[DEBUG Sep 18 15:30:19.667261102, watcher.go:72] Checking for runtime processes
[DEBUG Sep 18 15:31:19.667249847, watcher.go:72] Checking for runtime processes
[DEBUG Sep 18 15:32:19.667255518, watcher.go:72] Checking for runtime processes
[DEBUG Sep 18 15:33:19.667246363, watcher.go:72] Checking for runtime processes
[DEBUG Sep 18 15:34:19.667256396, watcher.go:72] Checking for runtime processes
[DEBUG Sep 18 15:35:19.667250812, watcher.go:72] Checking for runtime processes
[DEBUG Sep 18 15:36:19.667243659, watcher.go:72] Checking for runtime processes
[DEBUG Sep 18 15:37:19.667270751, watcher.go:72] Checking for runtime processes
[DEBUG Sep 18 15:38:19.667123492, watcher.go:72] Checking for runtime processes
[DEBUG Sep 18 15:39:19.667249677, watcher.go:72] Checking for runtime processes
[DEBUG Sep 18 15:40:19.667118518, watcher.go:72] Checking for runtime processes
[DEBUG Sep 18 15:41:19.667253912, watcher.go:72] Checking for runtime processes
[DEBUG Sep 18 15:42:19.667243778, watcher.go:72] Checking for runtime processes
[DEBUG Sep 18 15:43:19.667255236, watcher.go:72] Checking for runtime processes
[DEBUG Sep 18 15:44:19.667270929, watcher.go:72] Checking for runtime processes
[DEBUG Sep 18 15:45:19.667255135, watcher.go:72] Checking for runtime processes
[DEBUG Sep 18 15:46:19.667255485, watcher.go:72] Checking for runtime processes
[DEBUG Sep 18 15:47:19.667254130, watcher.go:72] Checking for runtime processes
[DEBUG Sep 18 15:48:19.667258298, watcher.go:72] Checking for runtime processes
[DEBUG Sep 18 15:49:19.667252954, watcher.go:72] Checking for runtime processes
[DEBUG Sep 18 15:50:19.667251045, watcher.go:72] Checking for runtime processes
[DEBUG Sep 18 15:51:19.667240049, watcher.go:72] Checking for runtime processes
[DEBUG Sep 18 15:52:19.667253192, watcher.go:72] Checking for runtime processes
[DEBUG Sep 18 15:53:19.667123244, watcher.go:72] Checking for runtime processes
[DEBUG Sep 18 15:54:19.667258725, watcher.go:72] Checking for runtime processes
[DEBUG Sep 18 15:55:19.667119447, watcher.go:72] Checking for runtime processes
[DEBUG Sep 18 15:56:19.667257208, watcher.go:72] Checking for runtime processes
[DEBUG Sep 18 15:57:19.667283806, watcher.go:72] Checking for runtime processes
[DEBUG Sep 18 15:58:19.667251973, watcher.go:72] Checking for runtime processes
[DEBUG Sep 18 15:59:19.667271760, watcher.go:72] Checking for runtime processes
[DEBUG Sep 18 16:00:19.667260536, watcher.go:72] Checking for runtime processes
[DEBUG Sep 18 16:01:19.667255757, watcher.go:72] Checking for runtime processes
[DEBUG Sep 18 16:02:19.667314213, watcher.go:72] Checking for runtime processes
[DEBUG Sep 18 16:03:19.667251488, watcher.go:72] Checking for runtime processes
[DEBUG Sep 18 16:04:19.667250484, watcher.go:72] Checking for runtime processes
[DEBUG Sep 18 16:05:19.667247177, watcher.go:72] Checking for runtime processes
[DEBUG Sep 18 16:06:19.667244467, watcher.go:72] Checking for runtime processes
[DEBUG Sep 18 16:07:19.667278633, watcher.go:72] Checking for runtime processes
[DEBUG Sep 18 16:08:19.667121455, watcher.go:72] Checking for runtime processes
[DEBUG Sep 18 16:09:19.667249707, watcher.go:72] Checking for runtime processes
[DEBUG Sep 18 16:10:19.667120112, watcher.go:72] Checking for runtime processes
[DEBUG Sep 18 16:11:19.667265594, watcher.go:72] Checking for runtime processes
[DEBUG Sep 18 16:12:19.667250797, watcher.go:72] Checking for runtime processes
[DEBUG Sep 18 16:13:19.667266218, watcher.go:72] Checking for runtime processes
[DEBUG Sep 18 16:14:19.667263608, watcher.go:72] Checking for runtime processes
[DEBUG Sep 18 16:15:19.667265757, watcher.go:72] Checking for runtime processes
[DEBUG Sep 18 16:16:19.667268294, watcher.go:72] Checking for runtime processes
[DEBUG Sep 18 16:17:19.667251409, watcher.go:72] Checking for runtime processes
[DEBUG Sep 18 16:18:19.667247934, watcher.go:72] Checking for runtime processes
[DEBUG Sep 18 16:19:19.667343708, watcher.go:72] Checking for runtime processes
[DEBUG Sep 18 16:20:19.667267385, watcher.go:72] Checking for runtime processes
[DEBUG Sep 18 16:21:19.667241509, watcher.go:72] Checking for runtime processes
[DEBUG Sep 18 16:22:19.667253431, watcher.go:72] Checking for runtime processes
[DEBUG Sep 18 16:23:19.667120074, watcher.go:72] Checking for runtime processes
[DEBUG Sep 18 16:24:19.667250104, watcher.go:72] Checking for runtime processes
[DEBUG Sep 18 16:25:19.667117284, watcher.go:72] Checking for runtime processes
[DEBUG Sep 18 16:26:19.667252599, watcher.go:72] Checking for runtime processes
[DEBUG Sep 18 16:27:19.667256526, watcher.go:72] Checking for runtime processes
[DEBUG Sep 18 16:28:19.667261184, watcher.go:72] Checking for runtime processes
[DEBUG Sep 18 16:29:19.667255579, watcher.go:72] Checking for runtime processes
[DEBUG Sep 18 16:30:19.667257127, watcher.go:72] Checking for runtime processes
[DEBUG Sep 18 16:31:19.667254660, watcher.go:72] Checking for runtime processes
[DEBUG Sep 18 16:32:19.667263910, watcher.go:72] Checking for runtime processes
[DEBUG Sep 18 16:33:19.667261287, watcher.go:72] Checking for runtime processes
[DEBUG Sep 18 16:34:19.667258750, watcher.go:72] Checking for runtime processes
[DEBUG Sep 18 16:35:19.667254351, watcher.go:72] Checking for runtime processes
[DEBUG Sep 18 16:36:19.667248802, watcher.go:72] Checking for runtime processes
[DEBUG Sep 18 16:37:19.667253417, watcher.go:72] Checking for runtime processes
[DEBUG Sep 18 16:38:19.667131173, watcher.go:72] Checking for runtime processes
[DEBUG Sep 18 16:39:19.667256650, watcher.go:72] Checking for runtime processes
[DEBUG Sep 18 16:40:19.667124596, watcher.go:72] Checking for runtime processes
[DEBUG Sep 18 16:41:19.667264665, watcher.go:72] Checking for runtime processes
[DEBUG Sep 18 16:42:19.667257329, watcher.go:72] Checking for runtime processes
[DEBUG Sep 18 16:43:19.667261512, watcher.go:72] Checking for runtime processes
[DEBUG Sep 18 16:44:19.667262474, watcher.go:72] Checking for runtime processes
[DEBUG Sep 18 16:45:19.667269885, watcher.go:72] Checking for runtime processes
[DEBUG Sep 18 16:46:19.667248333, watcher.go:72] Checking for runtime processes
[DEBUG Sep 18 16:47:19.667250478, watcher.go:72] Checking for runtime processes
[DEBUG Sep 18 16:48:19.667255662, watcher.go:72] Checking for runtime processes
[DEBUG Sep 18 16:49:19.667249445, watcher.go:72] Checking for runtime processes
[DEBUG Sep 18 16:50:19.667248576, watcher.go:72] Checking for runtime processes
[DEBUG Sep 18 16:51:19.667240515, watcher.go:72] Checking for runtime processes
[DEBUG Sep 18 16:52:19.667244461, watcher.go:72] Checking for runtime processes
[DEBUG Sep 18 16:53:19.667122126, watcher.go:72] Checking for runtime processes
[DEBUG Sep 18 16:54:19.667250645, watcher.go:72] Checking for runtime processes
[DEBUG Sep 18 16:55:19.667127140, watcher.go:72] Checking for runtime processes
[DEBUG Sep 18 16:56:19.667265257, watcher.go:72] Checking for runtime processes
[DEBUG Sep 18 16:57:19.667244758, watcher.go:72] Checking for runtime processes
[DEBUG Sep 18 16:58:19.667254559, watcher.go:72] Checking for runtime processes
[DEBUG Sep 18 16:59:19.667244822, watcher.go:72] Checking for runtime processes
[DEBUG Sep 18 17:00:19.667266339, watcher.go:72] Checking for runtime processes
[DEBUG Sep 18 17:01:19.667256331, watcher.go:72] Checking for runtime processes
[DEBUG Sep 18 17:02:19.667250209, watcher.go:72] Checking for runtime processes
[DEBUG Sep 18 17:03:19.667250157, watcher.go:72] Checking for runtime processes
[DEBUG Sep 18 17:04:19.667262629, watcher.go:72] Checking for runtime processes
[DEBUG Sep 18 17:05:19.667297072, watcher.go:72] Checking for runtime processes
[DEBUG Sep 18 17:06:19.667236829, watcher.go:72] Checking for runtime processes
[DEBUG Sep 18 17:07:19.667249998, watcher.go:72] Checking for runtime processes
[DEBUG Sep 18 17:08:19.667132826, watcher.go:72] Checking for runtime processes
[DEBUG Sep 18 17:09:19.667246376, watcher.go:72] Checking for runtime processes
[DEBUG Sep 18 17:10:19.667115877, watcher.go:72] Checking for runtime processes
[DEBUG Sep 18 17:11:19.667244882, watcher.go:72] Checking for runtime processes
[DEBUG Sep 18 17:12:19.667263767, watcher.go:72] Checking for runtime processes
[DEBUG Sep 18 17:13:19.667263488, watcher.go:72] Checking for runtime processes
[DEBUG Sep 18 17:14:19.667280032, watcher.go:72] Checking for runtime processes
[DEBUG Sep 18 17:15:19.667250513, watcher.go:72] Checking for runtime processes
[DEBUG Sep 18 17:16:19.667244794, watcher.go:72] Checking for runtime processes
[DEBUG Sep 18 17:17:19.667292145, watcher.go:72] Checking for runtime processes
[DEBUG Sep 18 17:18:19.667255461, watcher.go:72] Checking for runtime processes
[DEBUG Sep 18 17:19:19.667266772, watcher.go:72] Checking for runtime processes
[DEBUG Sep 18 17:20:19.667261325, watcher.go:72] Checking for runtime processes
[DEBUG Sep 18 17:21:19.667240704, watcher.go:72] Checking for runtime processes
[DEBUG Sep 18 17:22:19.667249314, watcher.go:72] Checking for runtime processes
[DEBUG Sep 18 17:23:19.667127904, watcher.go:72] Checking for runtime processes
[DEBUG Sep 18 17:24:19.667258343, watcher.go:72] Checking for runtime processes
[DEBUG Sep 18 17:25:19.667115161, watcher.go:72] Checking for runtime processes
[DEBUG Sep 18 17:26:19.667249983, watcher.go:72] Checking for runtime processes
[DEBUG Sep 18 17:27:19.667258178, watcher.go:72] Checking for runtime processes
[DEBUG Sep 18 17:28:19.667251728, watcher.go:72] Checking for runtime processes
[DEBUG Sep 18 17:29:19.667285219, watcher.go:72] Checking for runtime processes
[DEBUG Sep 18 17:30:19.667253315, watcher.go:72] Checking for runtime processes
[DEBUG Sep 18 17:31:19.667249102, watcher.go:72] Checking for runtime processes
[DEBUG Sep 18 17:32:19.667248969, watcher.go:72] Checking for runtime processes
[DEBUG Sep 18 17:33:19.667252657, watcher.go:72] Checking for runtime processes
[DEBUG Sep 18 17:34:19.667251987, watcher.go:72] Checking for runtime processes
[DEBUG Sep 18 17:35:19.667256665, watcher.go:72] Checking for runtime processes
[DEBUG Sep 18 17:36:19.667263052, watcher.go:72] Checking for runtime processes
[DEBUG Sep 18 17:37:19.667248451, watcher.go:72] Checking for runtime processes
[DEBUG Sep 18 17:38:19.667122224, watcher.go:72] Checking for runtime processes
[DEBUG Sep 18 17:39:19.667242177, watcher.go:72] Checking for runtime processes
[DEBUG Sep 18 17:40:19.667117056, watcher.go:72] Checking for runtime processes
[DEBUG Sep 18 17:41:19.667249207, watcher.go:72] Checking for runtime processes
[DEBUG Sep 18 17:42:19.667271126, watcher.go:72] Checking for runtime processes
[DEBUG Sep 18 17:43:19.667250588, watcher.go:72] Checking for runtime processes
[DEBUG Sep 18 17:44:19.667258009, watcher.go:72] Checking for runtime processes
[DEBUG Sep 18 17:45:19.667261841, watcher.go:72] Checking for runtime processes
[DEBUG Sep 18 17:46:19.667257342, watcher.go:72] Checking for runtime processes
[DEBUG Sep 18 17:47:19.667250737, watcher.go:72] Checking for runtime processes
[DEBUG Sep 18 17:48:19.667277865, watcher.go:72] Checking for runtime processes
[DEBUG Sep 18 17:49:19.667252913, watcher.go:72] Checking for runtime processes
[DEBUG Sep 18 17:50:19.667258444, watcher.go:72] Checking for runtime processes
[DEBUG Sep 18 17:51:19.667241070, watcher.go:72] Checking for runtime processes
[DEBUG Sep 18 17:52:19.667130960, watcher.go:72] Checking for runtime processes
[DEBUG Sep 18 17:53:19.667119037, watcher.go:72] Checking for runtime processes
[DEBUG Sep 18 17:54:19.667262709, watcher.go:72] Checking for runtime processes
[DEBUG Sep 18 17:55:19.667116301, watcher.go:72] Checking for runtime processes
[DEBUG Sep 18 17:56:19.667259764, watcher.go:72] Checking for runtime processes
[DEBUG Sep 18 17:57:19.667244963, watcher.go:72] Checking for runtime processes
[DEBUG Sep 18 17:58:19.667247873, watcher.go:72] Checking for runtime processes
[DEBUG Sep 18 17:59:19.667246367, watcher.go:72] Checking for runtime processes
[DEBUG Sep 18 18:00:19.667260156, watcher.go:72] Checking for runtime processes
[DEBUG Sep 18 18:01:19.667255344, watcher.go:72] Checking for runtime processes
[DEBUG Sep 18 18:02:19.667113899, watcher.go:72] Checking for runtime processes
[DEBUG Sep 18 18:03:19.667248103, watcher.go:72] Checking for runtime processes
[DEBUG Sep 18 18:04:19.667271325, watcher.go:72] Checking for runtime processes
[DEBUG Sep 18 18:05:19.667245845, watcher.go:72] Checking for runtime processes
[DEBUG Sep 18 18:06:19.667264226, watcher.go:72] Checking for runtime processes
[DEBUG Sep 18 18:07:19.667249759, watcher.go:72] Checking for runtime processes
[DEBUG Sep 18 18:08:19.667136535, watcher.go:72] Checking for runtime processes
[DEBUG Sep 18 18:09:19.667249626, watcher.go:72] Checking for runtime processes
[DEBUG Sep 18 18:10:19.667129768, watcher.go:72] Checking for runtime processes
[DEBUG Sep 18 18:11:19.667251794, watcher.go:72] Checking for runtime processes
[DEBUG Sep 18 18:12:19.667247855, watcher.go:72] Checking for runtime processes
[DEBUG Sep 18 18:13:19.667250975, watcher.go:72] Checking for runtime processes
[DEBUG Sep 18 18:14:19.667248176, watcher.go:72] Checking for runtime processes
[DEBUG Sep 18 18:15:19.667252534, watcher.go:72] Checking for runtime processes
[DEBUG Sep 18 18:16:19.667250512, watcher.go:72] Checking for runtime processes
[DEBUG Sep 18 18:17:19.667267962, watcher.go:72] Checking for runtime processes
[DEBUG Sep 18 18:18:19.667247128, watcher.go:72] Checking for runtime processes
[DEBUG Sep 18 18:19:19.667252149, watcher.go:72] Checking for runtime processes
[DEBUG Sep 18 18:20:19.667245466, watcher.go:72] Checking for runtime processes
[DEBUG Sep 18 18:21:19.667240809, watcher.go:72] Checking for runtime processes
[DEBUG Sep 18 18:22:19.667246304, watcher.go:72] Checking for runtime processes
[DEBUG Sep 18 18:23:19.667139314, watcher.go:72] Checking for runtime processes
[DEBUG Sep 18 18:24:19.667247573, watcher.go:72] Checking for runtime processes
[DEBUG Sep 18 18:25:19.667117482, watcher.go:72] Checking for runtime processes
[DEBUG Sep 18 18:26:19.667245899, watcher.go:72] Checking for runtime processes
[DEBUG Sep 18 18:27:19.667246273, watcher.go:72] Checking for runtime processes
[DEBUG Sep 18 18:28:19.667287189, watcher.go:72] Checking for runtime processes
[DEBUG Sep 18 18:29:19.667257536, watcher.go:72] Checking for runtime processes
[DEBUG Sep 18 18:30:19.667251212, watcher.go:72] Checking for runtime processes
[DEBUG Sep 18 18:31:19.667257119, watcher.go:72] Checking for runtime processes
[DEBUG Sep 18 18:32:19.667247492, watcher.go:72] Checking for runtime processes
[DEBUG Sep 18 18:33:19.667257295, watcher.go:72] Checking for runtime processes
[DEBUG Sep 18 18:34:19.667271470, watcher.go:72] Checking for runtime processes
[DEBUG Sep 18 18:35:19.667253258, watcher.go:72] Checking for runtime processes
[DEBUG Sep 18 18:36:19.667237962, watcher.go:72] Checking for runtime processes
[DEBUG Sep 18 18:37:19.667246567, watcher.go:72] Checking for runtime processes
[DEBUG Sep 18 18:38:19.667129550, watcher.go:72] Checking for runtime processes
[DEBUG Sep 18 18:39:19.667247641, watcher.go:72] Checking for runtime processes
[DEBUG Sep 18 18:40:19.667118204, watcher.go:72] Checking for runtime processes
[DEBUG Sep 18 18:41:19.667248838, watcher.go:72] Checking for runtime processes
[DEBUG Sep 18 18:42:19.667268604, watcher.go:72] Checking for runtime processes
[DEBUG Sep 18 18:43:19.667258337, watcher.go:72] Checking for runtime processes
[DEBUG Sep 18 18:44:19.667290851, watcher.go:72] Checking for runtime processes
[DEBUG Sep 18 18:45:19.667250726, watcher.go:72] Checking for runtime processes
[DEBUG Sep 18 18:46:19.667247719, watcher.go:72] Checking for runtime processes
[DEBUG Sep 18 18:47:19.667247157, watcher.go:72] Checking for runtime processes
[DEBUG Sep 18 18:48:19.667253781, watcher.go:72] Checking for runtime processes
[DEBUG Sep 18 18:49:19.667249818, watcher.go:72] Checking for runtime processes
[DEBUG Sep 18 18:50:19.667257653, watcher.go:72] Checking for runtime processes
[DEBUG Sep 18 18:51:19.667239959, watcher.go:72] Checking for runtime processes
[DEBUG Sep 18 18:52:19.667251489, watcher.go:72] Checking for runtime processes
[DEBUG Sep 18 18:53:19.667130420, watcher.go:72] Checking for runtime processes
[DEBUG Sep 18 18:54:19.667246200, watcher.go:72] Checking for runtime processes
[DEBUG Sep 18 18:55:19.667118228, watcher.go:72] Checking for runtime processes
[DEBUG Sep 18 18:56:19.667249578, watcher.go:72] Checking for runtime processes
[DEBUG Sep 18 18:57:19.667111720, watcher.go:72] Checking for runtime processes
[DEBUG Sep 18 18:58:19.667248535, watcher.go:72] Checking for runtime processes
[DEBUG Sep 18 18:59:19.667245909, watcher.go:72] Checking for runtime processes
[DEBUG Sep 18 19:00:19.667248528, watcher.go:72] Checking for runtime processes
[DEBUG Sep 18 19:01:19.667243012, watcher.go:72] Checking for runtime processes
[DEBUG Sep 18 19:02:19.667247177, watcher.go:72] Checking for runtime processes
[DEBUG Sep 18 19:03:19.667246127, watcher.go:72] Checking for runtime processes
[DEBUG Sep 18 19:04:19.667247928, watcher.go:72] Checking for runtime processes
[DEBUG Sep 18 19:05:19.667246537, watcher.go:72] Checking for runtime processes
[DEBUG Sep 18 19:06:19.667246150, watcher.go:72] Checking for runtime processes
[DEBUG Sep 18 19:07:19.667240769, watcher.go:72] Checking for runtime processes
[DEBUG Sep 18 19:08:19.667119243, watcher.go:72] Checking for runtime processes
[DEBUG Sep 18 19:09:19.667245392, watcher.go:72] Checking for runtime processes
[DEBUG Sep 18 19:10:19.667130762, watcher.go:72] Checking for runtime processes
[DEBUG Sep 18 19:11:19.667246754, watcher.go:72] Checking for runtime processes
[DEBUG Sep 18 19:12:19.667248411, watcher.go:72] Checking for runtime processes
[DEBUG Sep 18 19:13:19.667248274, watcher.go:72] Checking for runtime processes
[DEBUG Sep 18 19:14:19.667245603, watcher.go:72] Checking for runtime processes
[DEBUG Sep 18 19:15:19.667115503, watcher.go:72] Checking for runtime processes
[DEBUG Sep 18 19:16:19.667245377, watcher.go:72] Checking for runtime processes
[DEBUG Sep 18 19:17:19.667245003, watcher.go:72] Checking for runtime processes
[DEBUG Sep 18 19:18:19.667243710, watcher.go:72] Checking for runtime processes
[DEBUG Sep 18 19:19:19.667246783, watcher.go:72] Checking for runtime processes
[DEBUG Sep 18 19:20:19.667245188, watcher.go:72] Checking for runtime processes
[DEBUG Sep 18 19:21:19.667238496, watcher.go:72] Checking for runtime processes
[DEBUG Sep 18 19:22:19.667246546, watcher.go:72] Checking for runtime processes
[DEBUG Sep 18 19:23:19.667119518, watcher.go:72] Checking for runtime processes
[DEBUG Sep 18 19:24:19.667245917, watcher.go:72] Checking for runtime processes
[DEBUG Sep 18 19:25:19.667118676, watcher.go:72] Checking for runtime processes
[DEBUG Sep 18 19:26:19.667250459, watcher.go:72] Checking for runtime processes
[DEBUG Sep 18 19:27:19.667244933, watcher.go:72] Checking for runtime processes
[DEBUG Sep 18 19:28:19.667361412, watcher.go:72] Checking for runtime processes
[DEBUG Sep 18 19:29:19.667247431, watcher.go:72] Checking for runtime processes
[DEBUG Sep 18 19:30:19.667264898, watcher.go:72] Checking for runtime processes
[DEBUG Sep 18 19:31:19.667246647, watcher.go:72] Checking for runtime processes
[DEBUG Sep 18 19:32:19.667244771, watcher.go:72] Checking for runtime processes
[DEBUG Sep 18 19:33:19.667248121, watcher.go:72] Checking for runtime processes
[DEBUG Sep 18 19:34:19.667261508, watcher.go:72] Checking for runtime processes
[DEBUG Sep 18 19:35:19.667112244, watcher.go:72] Checking for runtime processes
[DEBUG Sep 18 19:36:19.667238120, watcher.go:72] Checking for runtime processes
[DEBUG Sep 18 19:37:19.667244700, watcher.go:72] Checking for runtime processes
[DEBUG Sep 18 19:38:19.667126778, watcher.go:72] Checking for runtime processes
[DEBUG Sep 18 19:39:19.667244309, watcher.go:72] Checking for runtime processes
[DEBUG Sep 18 19:40:19.667121765, watcher.go:72] Checking for runtime processes
[DEBUG Sep 18 19:41:19.667248213, watcher.go:72] Checking for runtime processes
[DEBUG Sep 18 19:42:19.667244707, watcher.go:72] Checking for runtime processes
[DEBUG Sep 18 19:43:19.667246094, watcher.go:72] Checking for runtime processes
[DEBUG Sep 18 19:44:19.667251212, watcher.go:72] Checking for runtime processes
[DEBUG Sep 18 19:45:19.667254185, watcher.go:72] Checking for runtime processes
[DEBUG Sep 18 19:46:19.667251279, watcher.go:72] Checking for runtime processes
[DEBUG Sep 18 19:47:19.667258803, watcher.go:72] Checking for runtime processes
[DEBUG Sep 18 19:48:19.667245416, watcher.go:72] Checking for runtime processes
[DEBUG Sep 18 19:49:19.667246178, watcher.go:72] Checking for runtime processes
[DEBUG Sep 18 19:50:19.667243414, watcher.go:72] Checking for runtime processes
[DEBUG Sep 18 19:51:19.667236979, watcher.go:72] Checking for runtime processes
[DEBUG Sep 18 19:52:19.667249583, watcher.go:72] Checking for runtime processes
[DEBUG Sep 18 19:53:19.667118773, watcher.go:72] Checking for runtime processes
[DEBUG Sep 18 19:54:19.667249239, watcher.go:72] Checking for runtime processes
[DEBUG Sep 18 19:55:19.667118952, watcher.go:72] Checking for runtime processes
[DEBUG Sep 18 19:56:19.667246886, watcher.go:72] Checking for runtime processes
[DEBUG Sep 18 19:57:19.667244407, watcher.go:72] Checking for runtime processes
[DEBUG Sep 18 19:58:19.667247399, watcher.go:72] Checking for runtime processes
[DEBUG Sep 18 19:59:19.667245611, watcher.go:72] Checking for runtime processes
[DEBUG Sep 18 20:00:19.667246760, watcher.go:72] Checking for runtime processes
[DEBUG Sep 18 20:01:19.667259811, watcher.go:72] Checking for runtime processes
[DEBUG Sep 18 20:02:19.667269921, watcher.go:72] Checking for runtime processes
[DEBUG Sep 18 20:03:19.667246591, watcher.go:72] Checking for runtime processes
[DEBUG Sep 18 20:04:19.667227881, watcher.go:72] Checking for runtime processes
