[DEBUG Aug  2 08:10:30.899089097, defaults.go:273] Args: [/home1/wangfeim/.local/ActiveState/StateTool/release/bin/state-svc start]
[DEBUG Aug  2 08:10:30.914450340, locale.go:38] Init
[DEBUG Aug  2 08:10:30.993465729, errs.go:68] Created error: File could not be found
[DEBUG Aug  2 08:10:30.996509079, errs.go:68] Created error: Not Recognized
[DEBUG Aug  2 08:10:31.015822963, errs.go:68] Created error: Secret not found
[DEBUG Aug  2 08:10:31.015870280, errs.go:68] Created error: Could not save keypair
[DEBUG Aug  2 08:10:31.016036595, errs.go:68] Created error: Build responded with error
[DEBUG Aug  2 08:10:31.016062610, errs.go:68] Created error: Unknown build type
[DEBUG Aug  2 08:10:31.016161255, errors.go:86] Wrapped localized error: <nil> -- with: The installed version of the State Tool Service does not match that of the client.
Please stop the service with [ACTIONABLE]state-svc stop[/RESET] and try your command again.
If this issue persists please reinstall the State Tool.

[DEBUG Aug  2 08:10:31.016174323, errs.go:68] Created error: no data
[DEBUG Aug  2 08:10:31.016207854, errs.go:68] Created error: member not found
[DEBUG Aug  2 08:10:31.016232338, errs.go:68] Created error: Commit count is unknowable
[DEBUG Aug  2 08:10:31.016258651, errs.go:68] Created error: No merge required
[DEBUG Aug  2 08:10:31.016281558, errs.go:68] Created error: Can't merge commit thats already in target commits history
[DEBUG Aug  2 08:10:31.016304365, errs.go:68] Created error: Bad expander name
[DEBUG Aug  2 08:10:31.016329263, errs.go:68] Created error: Expander has no handler
[DEBUG Aug  2 08:10:31.017382465, errs.go:68] Created error: Service is already running
[DEBUG Aug  2 08:10:31.084746048, secrets.go:35] Gcloud Secretmanager failed to initialize (ignore if you're not trying to use gcloud): google: could not find default credentials. See https://developers.google.com/accounts/docs/application-default-credentials for more information.
[DEBUG Aug  2 08:10:31.087746338, output.go:53] Requested outputer for 
[DEBUG Aug  2 08:10:31.087765932, output.go:58] Using Plain outputer
[DEBUG Aug  2 08:10:31.087831137, termutils.go:17] Cannot get terminal size: inappropriate ioctl for device
[DEBUG Aug  2 08:10:31.087924844, client.go:128] Reporting event to 2 reporters: run-command, state-svc start, 
[DEBUG Aug  2 08:10:31.087990258, main.go:107] Running CmdStart
[DEBUG Aug  2 08:10:31.093852474, errs.go:75] Wrapped error: Service is already running -- with: valueF failed
[DEBUG Aug  2 08:10:31.093905055, errs.go:75] Wrapped error: valueF failed -- with: Could not store pid
[DEBUG Aug  2 08:10:31.093985164, errors.go:113] Wrapped input error: Could not store pid -- with: A State Service instance is already running in the background.
[DEBUG Aug  2 08:10:31.094000048, errs.go:75] Wrapped error: A State Service instance is already running in the background. -- with: Could not start serviceManager
[DEBUG Aug  2 08:10:31.094073825, client.go:128] Reporting event to 2 reporters: command-exit, state-svc start, 1
[DEBUG Aug  2 08:10:31.455945283, errs.go:75] Wrapped error: <nil> -- with: Could not start serviceManager: A State Service instance is already running in the background.: Could not store pid: valueF failed: Service is already running
[DEBUG Aug  2 08:10:31.456015942, main.go:61] state-svc errored out due to input: Could not start serviceManager: A State Service instance is already running in the background.: Could not store pid: valueF failed: Service is already running
