[DEBUG Sep 17 12:21:35.407483953, defaults.go:273] Args: [/home1/wangfeim/.local/ActiveState/StateTool/release/bin/state-svc foreground]
[DEBUG Sep 17 12:21:35.439639337, locale.go:38] Init
[DEBUG Sep 17 12:21:35.485728202, errs.go:68] Created error: File could not be found
[DEBUG Sep 17 12:21:35.489428223, errs.go:68] Created error: Not Recognized
[DEBUG Sep 17 12:21:35.530840629, errs.go:68] Created error: Secret not found
[DEBUG Sep 17 12:21:35.530896219, errs.go:68] Created error: Could not save keypair
[DEBUG Sep 17 12:21:35.531228921, errs.go:68] Created error: Build responded with error
[DEBUG Sep 17 12:21:35.531266068, errs.go:68] Created error: Unknown build type
[DEBUG Sep 17 12:21:35.531517452, errors.go:86] Wrapped localized error: <nil> -- with: The installed version of the State Tool Service does not match that of the client.
Please stop the service with [ACTIONABLE]state-svc stop[/RESET] and try your command again.
If this issue persists please reinstall the State Tool.

[DEBUG Sep 17 12:21:35.531532221, errs.go:68] Created error: no data
[DEBUG Sep 17 12:21:35.531562403, errs.go:68] Created error: member not found
[DEBUG Sep 17 12:21:35.531588561, errs.go:68] Created error: Commit count is unknowable
[DEBUG Sep 17 12:21:35.531616738, errs.go:68] Created error: No merge required
[DEBUG Sep 17 12:21:35.531654058, errs.go:68] Created error: Can't merge commit thats already in target commits history
[DEBUG Sep 17 12:21:35.531685163, errs.go:68] Created error: Bad expander name
[DEBUG Sep 17 12:21:35.531709764, errs.go:68] Created error: Expander has no handler
[DEBUG Sep 17 12:21:35.534651464, errs.go:68] Created error: Service is already running
[DEBUG Sep 17 12:21:35.585085612, secrets.go:35] Gcloud Secretmanager failed to initialize (ignore if you're not trying to use gcloud): google: could not find default credentials. See https://developers.google.com/accounts/docs/application-default-credentials for more information.
[DEBUG Sep 17 12:21:35.592475398, output.go:53] Requested outputer for 
[DEBUG Sep 17 12:21:35.592505021, output.go:58] Using Plain outputer
[DEBUG Sep 17 12:21:35.592569284, termutils.go:17] Cannot get terminal size: inappropriate ioctl for device
[DEBUG Sep 17 12:21:35.595185308, client.go:128] Reporting event to 2 reporters: run-command, state-svc foreground, 
[DEBUG Sep 17 12:21:35.595480618, main.go:137] Running CmdForeground
[DEBUG Sep 17 12:21:35.595496218, main.go:147] Running in Foreground
[DEBUG Sep 17 12:21:35.595577940, service.go:30] service:Start
[DEBUG Sep 17 12:21:35.600511600, service.go:42] Server starting on port: 37035
[DEBUG Sep 17 12:21:35.600573163, client.go:128] Reporting event to 2 reporters: state-svc, start, 
[DEBUG Sep 17 12:21:35.742675709, resolver.go:57] Version resolver
[DEBUG Sep 17 12:21:35.742848061, client.go:128] Reporting event to 2 reporters: state-svc, endpoint, Version
[DEBUG Sep 17 12:21:35.743018137, resolver.go:57] Version resolver
[DEBUG Sep 17 12:21:35.743088275, client.go:128] Reporting event to 2 reporters: state-svc, endpoint, Version
[DEBUG Sep 17 12:21:35.743227158, resolver.go:57] Version resolver
[DEBUG Sep 17 12:21:35.743285644, client.go:128] Reporting event to 2 reporters: state-svc, endpoint, Version
[DEBUG Sep 17 12:21:35.743449159, resolver.go:57] Version resolver
[DEBUG Sep 17 12:21:35.743519321, client.go:128] Reporting event to 2 reporters: state-svc, endpoint, Version
[DEBUG Sep 17 12:21:35.744839232, resolver.go:121] Analytics event resolver
[DEBUG Sep 17 12:21:35.744997392, client.go:128] Reporting event to 2 reporters: runtime, success, 
[DEBUG Sep 17 12:21:35.746175361, resolver.go:121] Analytics event resolver
[DEBUG Sep 17 12:21:35.746317856, client.go:128] Reporting event to 2 reporters: runtime, cache, 
[DEBUG Sep 17 12:21:35.747412871, resolver.go:121] Analytics event resolver
[DEBUG Sep 17 12:21:35.747545756, client.go:128] Reporting event to 2 reporters: runtime, start, 
[DEBUG Sep 17 12:21:35.748571812, resolver.go:121] Analytics event resolver
[DEBUG Sep 17 12:21:35.748672428, client.go:128] Reporting event to 2 reporters: run-command, exec, 
[DEBUG Sep 17 12:22:35.613910339, watcher.go:72] Checking for runtime processes
[DEBUG Sep 17 12:23:35.613613696, watcher.go:72] Checking for runtime processes
[DEBUG Sep 17 12:24:35.613707998, watcher.go:72] Checking for runtime processes
[DEBUG Sep 17 12:25:35.613636560, watcher.go:72] Checking for runtime processes
[DEBUG Sep 17 12:26:35.613618123, watcher.go:72] Checking for runtime processes
[DEBUG Sep 17 12:27:35.613886672, watcher.go:72] Checking for runtime processes
[DEBUG Sep 17 12:28:35.613668587, watcher.go:72] Checking for runtime processes
[DEBUG Sep 17 12:29:35.614169615, watcher.go:72] Checking for runtime processes
[DEBUG Sep 17 12:30:35.613778182, watcher.go:72] Checking for runtime processes
[DEBUG Sep 17 12:31:35.613750271, watcher.go:72] Checking for runtime processes
[DEBUG Sep 17 12:32:35.613749090, watcher.go:72] Checking for runtime processes
[DEBUG Sep 17 12:33:35.613630287, watcher.go:72] Checking for runtime processes
[DEBUG Sep 17 12:34:35.613141211, watcher.go:72] Checking for runtime processes
[DEBUG Sep 17 12:35:35.613252873, watcher.go:72] Checking for runtime processes
[DEBUG Sep 17 12:36:35.613175186, watcher.go:72] Checking for runtime processes
[DEBUG Sep 17 12:37:35.613486724, watcher.go:72] Checking for runtime processes
[DEBUG Sep 17 12:38:35.613112010, watcher.go:72] Checking for runtime processes
[DEBUG Sep 17 12:39:35.613728996, watcher.go:72] Checking for runtime processes
[DEBUG Sep 17 12:40:35.613906242, watcher.go:72] Checking for runtime processes
[DEBUG Sep 17 12:41:35.613637233, watcher.go:72] Checking for runtime processes
[DEBUG Sep 17 12:42:35.613708459, watcher.go:72] Checking for runtime processes
[DEBUG Sep 17 12:43:35.613649382, watcher.go:72] Checking for runtime processes
[DEBUG Sep 17 12:44:35.613088767, watcher.go:72] Checking for runtime processes
[DEBUG Sep 17 12:45:35.613881493, watcher.go:72] Checking for runtime processes
[DEBUG Sep 17 12:46:35.613914875, watcher.go:72] Checking for runtime processes
[DEBUG Sep 17 12:47:35.613539854, watcher.go:72] Checking for runtime processes
[DEBUG Sep 17 12:48:35.613870597, watcher.go:72] Checking for runtime processes
[DEBUG Sep 17 12:49:35.613197521, watcher.go:72] Checking for runtime processes
[DEBUG Sep 17 12:50:35.613145181, watcher.go:72] Checking for runtime processes
[DEBUG Sep 17 12:51:35.613302952, watcher.go:72] Checking for runtime processes
[DEBUG Sep 17 12:52:35.613310988, watcher.go:72] Checking for runtime processes
[DEBUG Sep 17 12:53:35.613515231, watcher.go:72] Checking for runtime processes
[DEBUG Sep 17 12:54:35.614092457, watcher.go:72] Checking for runtime processes
[DEBUG Sep 17 12:55:35.613620558, watcher.go:72] Checking for runtime processes
[DEBUG Sep 17 12:56:35.613388201, watcher.go:72] Checking for runtime processes
[DEBUG Sep 17 12:57:35.613821983, watcher.go:72] Checking for runtime processes
[DEBUG Sep 17 12:58:35.613785287, watcher.go:72] Checking for runtime processes
[DEBUG Sep 17 12:59:35.613867901, watcher.go:72] Checking for runtime processes
[DEBUG Sep 17 13:00:35.613121972, watcher.go:72] Checking for runtime processes
[DEBUG Sep 17 13:01:35.613821557, watcher.go:72] Checking for runtime processes
[DEBUG Sep 17 13:02:35.613587421, watcher.go:72] Checking for runtime processes
[DEBUG Sep 17 13:03:35.613075386, watcher.go:72] Checking for runtime processes
[DEBUG Sep 17 13:04:35.613147442, watcher.go:72] Checking for runtime processes
[DEBUG Sep 17 13:05:35.613987524, watcher.go:72] Checking for runtime processes
[DEBUG Sep 17 13:06:35.613134963, watcher.go:72] Checking for runtime processes
[DEBUG Sep 17 13:07:35.613515741, watcher.go:72] Checking for runtime processes
[DEBUG Sep 17 13:08:35.613171335, watcher.go:72] Checking for runtime processes
[DEBUG Sep 17 13:09:35.613083874, watcher.go:72] Checking for runtime processes
[DEBUG Sep 17 13:10:35.613886400, watcher.go:72] Checking for runtime processes
[DEBUG Sep 17 13:11:35.613458786, watcher.go:72] Checking for runtime processes
[DEBUG Sep 17 13:12:35.613237448, watcher.go:72] Checking for runtime processes
[DEBUG Sep 17 13:13:35.613460908, watcher.go:72] Checking for runtime processes
[DEBUG Sep 17 13:14:35.613682426, watcher.go:72] Checking for runtime processes
[DEBUG Sep 17 13:15:35.613988751, watcher.go:72] Checking for runtime processes
[DEBUG Sep 17 13:16:35.613509518, watcher.go:72] Checking for runtime processes
[DEBUG Sep 17 13:17:35.613218535, watcher.go:72] Checking for runtime processes
[DEBUG Sep 17 13:18:35.614135367, watcher.go:72] Checking for runtime processes
[DEBUG Sep 17 13:19:35.613661110, watcher.go:72] Checking for runtime processes
[DEBUG Sep 17 13:20:35.613745270, watcher.go:72] Checking for runtime processes
[DEBUG Sep 17 13:21:35.613131157, watcher.go:72] Checking for runtime processes
[DEBUG Sep 17 13:22:35.613813115, watcher.go:72] Checking for runtime processes
[DEBUG Sep 17 13:23:35.613172542, watcher.go:72] Checking for runtime processes
[DEBUG Sep 17 13:24:35.613339662, watcher.go:72] Checking for runtime processes
[DEBUG Sep 17 13:25:35.613800542, watcher.go:72] Checking for runtime processes
[DEBUG Sep 17 13:26:35.613823921, watcher.go:72] Checking for runtime processes
[DEBUG Sep 17 13:27:35.613503914, watcher.go:72] Checking for runtime processes
[DEBUG Sep 17 13:28:35.613645191, watcher.go:72] Checking for runtime processes
[DEBUG Sep 17 13:29:35.613512940, watcher.go:72] Checking for runtime processes
[DEBUG Sep 17 13:30:35.613579448, watcher.go:72] Checking for runtime processes
[DEBUG Sep 17 13:31:35.613502026, watcher.go:72] Checking for runtime processes
[DEBUG Sep 17 13:32:35.613861957, watcher.go:72] Checking for runtime processes
[DEBUG Sep 17 13:33:35.613696657, watcher.go:72] Checking for runtime processes
[DEBUG Sep 17 13:34:35.613776906, watcher.go:72] Checking for runtime processes
[DEBUG Sep 17 13:35:35.613760064, watcher.go:72] Checking for runtime processes
[DEBUG Sep 17 13:36:35.613181031, watcher.go:72] Checking for runtime processes
[DEBUG Sep 17 13:37:35.613315171, watcher.go:72] Checking for runtime processes
[DEBUG Sep 17 13:38:35.613437761, watcher.go:72] Checking for runtime processes
[DEBUG Sep 17 13:39:35.613306844, watcher.go:72] Checking for runtime processes
[DEBUG Sep 17 13:40:35.613924165, watcher.go:72] Checking for runtime processes
[DEBUG Sep 17 13:41:35.613167003, watcher.go:72] Checking for runtime processes
[DEBUG Sep 17 13:42:35.613406190, watcher.go:72] Checking for runtime processes
[DEBUG Sep 17 13:43:35.613125648, watcher.go:72] Checking for runtime processes
[DEBUG Sep 17 13:44:35.614061163, watcher.go:72] Checking for runtime processes
[DEBUG Sep 17 13:45:35.613355294, watcher.go:72] Checking for runtime processes
[DEBUG Sep 17 13:46:35.613842685, watcher.go:72] Checking for runtime processes
[DEBUG Sep 17 13:47:35.614111573, watcher.go:72] Checking for runtime processes
[DEBUG Sep 17 13:48:35.613599214, watcher.go:72] Checking for runtime processes
[DEBUG Sep 17 13:49:35.613270344, watcher.go:72] Checking for runtime processes
[DEBUG Sep 17 13:50:35.613693689, watcher.go:72] Checking for runtime processes
[DEBUG Sep 17 13:51:35.613163606, watcher.go:72] Checking for runtime processes
[DEBUG Sep 17 13:52:35.613764434, watcher.go:72] Checking for runtime processes
[DEBUG Sep 17 13:53:35.613139559, watcher.go:72] Checking for runtime processes
[DEBUG Sep 17 13:54:35.613241845, watcher.go:72] Checking for runtime processes
[DEBUG Sep 17 13:55:35.614077042, watcher.go:72] Checking for runtime processes
[DEBUG Sep 17 13:56:35.613892746, watcher.go:72] Checking for runtime processes
[DEBUG Sep 17 13:57:35.613513315, watcher.go:72] Checking for runtime processes
[DEBUG Sep 17 13:58:35.613796737, watcher.go:72] Checking for runtime processes
[DEBUG Sep 17 13:59:35.613822030, watcher.go:72] Checking for runtime processes
[DEBUG Sep 17 14:00:35.613652646, watcher.go:72] Checking for runtime processes
[DEBUG Sep 17 14:01:35.613608708, watcher.go:72] Checking for runtime processes
[DEBUG Sep 17 14:02:35.613580980, watcher.go:72] Checking for runtime processes
[DEBUG Sep 17 14:03:35.614016725, watcher.go:72] Checking for runtime processes
[DEBUG Sep 17 14:04:35.614310102, watcher.go:72] Checking for runtime processes
[DEBUG Sep 17 14:05:35.613610394, watcher.go:72] Checking for runtime processes
[DEBUG Sep 17 14:06:35.613143155, watcher.go:72] Checking for runtime processes
[DEBUG Sep 17 14:07:35.613979220, watcher.go:72] Checking for runtime processes
[DEBUG Sep 17 14:08:35.613143124, watcher.go:72] Checking for runtime processes
[DEBUG Sep 17 14:09:35.613145934, watcher.go:72] Checking for runtime processes
[DEBUG Sep 17 14:10:35.613089299, watcher.go:72] Checking for runtime processes
[DEBUG Sep 17 14:11:35.613884542, watcher.go:72] Checking for runtime processes
[DEBUG Sep 17 14:12:35.614000679, watcher.go:72] Checking for runtime processes
[DEBUG Sep 17 14:13:35.613834225, watcher.go:72] Checking for runtime processes
[DEBUG Sep 17 14:14:35.613142707, watcher.go:72] Checking for runtime processes
[DEBUG Sep 17 14:15:35.613638561, watcher.go:72] Checking for runtime processes
[DEBUG Sep 17 14:16:35.613726178, watcher.go:72] Checking for runtime processes
[DEBUG Sep 17 14:17:35.613302779, watcher.go:72] Checking for runtime processes
[DEBUG Sep 17 14:18:35.614081058, watcher.go:72] Checking for runtime processes
[DEBUG Sep 17 14:19:35.613768020, watcher.go:72] Checking for runtime processes
[DEBUG Sep 17 14:20:35.613675703, watcher.go:72] Checking for runtime processes
[DEBUG Sep 17 14:21:35.613129999, watcher.go:72] Checking for runtime processes
[DEBUG Sep 17 14:22:35.613215928, watcher.go:72] Checking for runtime processes
[DEBUG Sep 17 14:23:35.613145029, watcher.go:72] Checking for runtime processes
[DEBUG Sep 17 14:24:35.613765301, watcher.go:72] Checking for runtime processes
[DEBUG Sep 17 14:25:35.613983079, watcher.go:72] Checking for runtime processes
[DEBUG Sep 17 14:26:35.613993550, watcher.go:72] Checking for runtime processes
[DEBUG Sep 17 14:27:35.613831005, watcher.go:72] Checking for runtime processes
[DEBUG Sep 17 14:28:35.613353245, watcher.go:72] Checking for runtime processes
[DEBUG Sep 17 14:29:35.613598153, watcher.go:72] Checking for runtime processes
[DEBUG Sep 17 14:30:35.613146507, watcher.go:72] Checking for runtime processes
[DEBUG Sep 17 14:31:35.613592275, watcher.go:72] Checking for runtime processes
[DEBUG Sep 17 14:32:35.613635155, watcher.go:72] Checking for runtime processes
[DEBUG Sep 17 14:33:35.613985698, watcher.go:72] Checking for runtime processes
[DEBUG Sep 17 14:34:35.614184163, watcher.go:72] Checking for runtime processes
[DEBUG Sep 17 14:35:35.613557120, watcher.go:72] Checking for runtime processes
[DEBUG Sep 17 14:36:35.613733614, watcher.go:72] Checking for runtime processes
[DEBUG Sep 17 14:37:35.613285535, watcher.go:72] Checking for runtime processes
[DEBUG Sep 17 14:38:35.613140705, watcher.go:72] Checking for runtime processes
[DEBUG Sep 17 14:39:35.613727296, watcher.go:72] Checking for runtime processes
[DEBUG Sep 17 14:40:35.613747870, watcher.go:72] Checking for runtime processes
[DEBUG Sep 17 14:41:35.613737588, watcher.go:72] Checking for runtime processes
[DEBUG Sep 17 14:42:35.613914093, watcher.go:72] Checking for runtime processes
[DEBUG Sep 17 14:43:35.613998485, watcher.go:72] Checking for runtime processes
[DEBUG Sep 17 14:44:35.613487505, watcher.go:72] Checking for runtime processes
[DEBUG Sep 17 14:45:35.614015714, watcher.go:72] Checking for runtime processes
[DEBUG Sep 17 14:46:35.613860817, watcher.go:72] Checking for runtime processes
[DEBUG Sep 17 14:47:35.614005148, watcher.go:72] Checking for runtime processes
[DEBUG Sep 17 14:48:35.613772469, watcher.go:72] Checking for runtime processes
[DEBUG Sep 17 14:49:35.613808153, watcher.go:72] Checking for runtime processes
[DEBUG Sep 17 14:50:35.613620166, watcher.go:72] Checking for runtime processes
[DEBUG Sep 17 14:51:35.613181133, watcher.go:72] Checking for runtime processes
[DEBUG Sep 17 14:52:35.613654454, watcher.go:72] Checking for runtime processes
[DEBUG Sep 17 14:53:35.613278653, watcher.go:72] Checking for runtime processes
[DEBUG Sep 17 14:54:35.613976498, watcher.go:72] Checking for runtime processes
[DEBUG Sep 17 14:55:35.613271824, watcher.go:72] Checking for runtime processes
[DEBUG Sep 17 14:56:35.613174016, watcher.go:72] Checking for runtime processes
[DEBUG Sep 17 14:57:35.613724475, watcher.go:72] Checking for runtime processes
[DEBUG Sep 17 14:58:35.613854270, watcher.go:72] Checking for runtime processes
[DEBUG Sep 17 14:59:35.613587188, watcher.go:72] Checking for runtime processes
[DEBUG Sep 17 15:00:35.613921130, watcher.go:72] Checking for runtime processes
[DEBUG Sep 17 15:01:35.613515136, watcher.go:72] Checking for runtime processes
[DEBUG Sep 17 15:02:35.613690832, watcher.go:72] Checking for runtime processes
[DEBUG Sep 17 15:03:35.613927078, watcher.go:72] Checking for runtime processes
[DEBUG Sep 17 15:04:35.613391794, watcher.go:72] Checking for runtime processes
[DEBUG Sep 17 15:05:35.613832157, watcher.go:72] Checking for runtime processes
[DEBUG Sep 17 15:06:35.613146997, watcher.go:72] Checking for runtime processes
[DEBUG Sep 17 15:07:35.613770635, watcher.go:72] Checking for runtime processes
[DEBUG Sep 17 15:08:35.613139048, watcher.go:72] Checking for runtime processes
[DEBUG Sep 17 15:09:35.613412870, watcher.go:72] Checking for runtime processes
[DEBUG Sep 17 15:10:35.613900303, watcher.go:72] Checking for runtime processes
[DEBUG Sep 17 15:11:35.613439872, watcher.go:72] Checking for runtime processes
[DEBUG Sep 17 15:12:35.613150328, watcher.go:72] Checking for runtime processes
[DEBUG Sep 17 15:13:35.613312737, watcher.go:72] Checking for runtime processes
[DEBUG Sep 17 15:14:35.613590064, watcher.go:72] Checking for runtime processes
[DEBUG Sep 17 15:15:35.614400589, watcher.go:72] Checking for runtime processes
[DEBUG Sep 17 15:16:35.613905607, watcher.go:72] Checking for runtime processes
[DEBUG Sep 17 15:17:35.613587902, watcher.go:72] Checking for runtime processes
[DEBUG Sep 17 15:18:35.613476265, watcher.go:72] Checking for runtime processes
[DEBUG Sep 17 15:19:35.613504780, watcher.go:72] Checking for runtime processes
[DEBUG Sep 17 15:20:35.613503023, watcher.go:72] Checking for runtime processes
[DEBUG Sep 17 15:21:35.613128190, watcher.go:72] Checking for runtime processes
[DEBUG Sep 17 15:22:35.614128235, watcher.go:72] Checking for runtime processes
[DEBUG Sep 17 15:23:35.613341157, watcher.go:72] Checking for runtime processes
[DEBUG Sep 17 15:24:35.613516113, watcher.go:72] Checking for runtime processes
[DEBUG Sep 17 15:25:35.613793301, watcher.go:72] Checking for runtime processes
[DEBUG Sep 17 15:26:35.613615526, watcher.go:72] Checking for runtime processes
[DEBUG Sep 17 15:27:35.614022872, watcher.go:72] Checking for runtime processes
[DEBUG Sep 17 15:28:35.613526730, watcher.go:72] Checking for runtime processes
[DEBUG Sep 17 15:29:35.613777023, watcher.go:72] Checking for runtime processes
[DEBUG Sep 17 15:30:35.614412918, watcher.go:72] Checking for runtime processes
[DEBUG Sep 17 15:31:35.614021470, watcher.go:72] Checking for runtime processes
[DEBUG Sep 17 15:32:35.613652188, watcher.go:72] Checking for runtime processes
[DEBUG Sep 17 15:33:35.613763145, watcher.go:72] Checking for runtime processes
[DEBUG Sep 17 15:34:35.613678385, watcher.go:72] Checking for runtime processes
[DEBUG Sep 17 15:35:35.613834716, watcher.go:72] Checking for runtime processes
[DEBUG Sep 17 15:36:35.613141128, watcher.go:72] Checking for runtime processes
[DEBUG Sep 17 15:37:35.613151250, watcher.go:72] Checking for runtime processes
[DEBUG Sep 17 15:38:35.613141172, watcher.go:72] Checking for runtime processes
[DEBUG Sep 17 15:39:35.613743712, watcher.go:72] Checking for runtime processes
[DEBUG Sep 17 15:40:35.613662826, watcher.go:72] Checking for runtime processes
[DEBUG Sep 17 15:41:35.613087450, watcher.go:72] Checking for runtime processes
[DEBUG Sep 17 15:42:35.613420049, watcher.go:72] Checking for runtime processes
[DEBUG Sep 17 15:43:35.613814146, watcher.go:72] Checking for runtime processes
[DEBUG Sep 17 15:44:35.613823527, watcher.go:72] Checking for runtime processes
[DEBUG Sep 17 15:45:35.613707172, watcher.go:72] Checking for runtime processes
[DEBUG Sep 17 15:46:35.613155562, watcher.go:72] Checking for runtime processes
[DEBUG Sep 17 15:47:35.613396923, watcher.go:72] Checking for runtime processes
[DEBUG Sep 17 15:48:35.613536980, watcher.go:72] Checking for runtime processes
[DEBUG Sep 17 15:49:35.613889102, watcher.go:72] Checking for runtime processes
[DEBUG Sep 17 15:50:35.613661191, watcher.go:72] Checking for runtime processes
[DEBUG Sep 17 15:51:35.613676477, watcher.go:72] Checking for runtime processes
[DEBUG Sep 17 15:52:35.613718478, watcher.go:72] Checking for runtime processes
[DEBUG Sep 17 15:53:35.613299065, watcher.go:72] Checking for runtime processes
[DEBUG Sep 17 15:54:35.613829485, watcher.go:72] Checking for runtime processes
[DEBUG Sep 17 15:55:35.614059608, watcher.go:72] Checking for runtime processes
[DEBUG Sep 17 15:56:35.613558148, watcher.go:72] Checking for runtime processes
[DEBUG Sep 17 15:57:35.613555324, watcher.go:72] Checking for runtime processes
[DEBUG Sep 17 15:58:35.613598431, watcher.go:72] Checking for runtime processes
[DEBUG Sep 17 15:59:35.613936259, watcher.go:72] Checking for runtime processes
[DEBUG Sep 17 16:00:35.613269635, watcher.go:72] Checking for runtime processes
[DEBUG Sep 17 16:01:35.613902511, watcher.go:72] Checking for runtime processes
[DEBUG Sep 17 16:02:35.613452121, watcher.go:72] Checking for runtime processes
[DEBUG Sep 17 16:03:35.613927416, watcher.go:72] Checking for runtime processes
[DEBUG Sep 17 16:04:35.613447873, watcher.go:72] Checking for runtime processes
[DEBUG Sep 17 16:05:35.613569442, watcher.go:72] Checking for runtime processes
[DEBUG Sep 17 16:06:35.613179439, watcher.go:72] Checking for runtime processes
[DEBUG Sep 17 16:07:35.613889767, watcher.go:72] Checking for runtime processes
[DEBUG Sep 17 16:08:35.613140134, watcher.go:72] Checking for runtime processes
[DEBUG Sep 17 16:09:35.613200340, watcher.go:72] Checking for runtime processes
[DEBUG Sep 17 16:10:35.613769602, watcher.go:72] Checking for runtime processes
[DEBUG Sep 17 16:11:35.613905422, watcher.go:72] Checking for runtime processes
[DEBUG Sep 17 16:12:35.613582700, watcher.go:72] Checking for runtime processes
[DEBUG Sep 17 16:13:35.613781322, watcher.go:72] Checking for runtime processes
[DEBUG Sep 17 16:14:35.613142743, watcher.go:72] Checking for runtime processes
[DEBUG Sep 17 16:15:35.613082745, watcher.go:72] Checking for runtime processes
[DEBUG Sep 17 16:16:35.613905352, watcher.go:72] Checking for runtime processes
[DEBUG Sep 17 16:17:35.613579833, watcher.go:72] Checking for runtime processes
[DEBUG Sep 17 16:18:35.613580834, watcher.go:72] Checking for runtime processes
[DEBUG Sep 17 16:19:35.613453561, watcher.go:72] Checking for runtime processes
[DEBUG Sep 17 16:20:35.614149963, watcher.go:72] Checking for runtime processes
[DEBUG Sep 17 16:21:35.613133275, watcher.go:72] Checking for runtime processes
[DEBUG Sep 17 16:22:35.613724864, watcher.go:72] Checking for runtime processes
[DEBUG Sep 17 16:23:35.613137254, watcher.go:72] Checking for runtime processes
[DEBUG Sep 17 16:24:35.613140697, watcher.go:72] Checking for runtime processes
[DEBUG Sep 17 16:25:35.613562023, watcher.go:72] Checking for runtime processes
[DEBUG Sep 17 16:26:35.613573768, watcher.go:72] Checking for runtime processes
[DEBUG Sep 17 16:27:35.613534540, watcher.go:72] Checking for runtime processes
[DEBUG Sep 17 16:28:35.613653302, watcher.go:72] Checking for runtime processes
[DEBUG Sep 17 16:29:35.613854986, watcher.go:72] Checking for runtime processes
[DEBUG Sep 17 16:30:35.613515558, watcher.go:72] Checking for runtime processes
[DEBUG Sep 17 16:31:35.613926106, watcher.go:72] Checking for runtime processes
[DEBUG Sep 17 16:32:35.613427658, watcher.go:72] Checking for runtime processes
[DEBUG Sep 17 16:33:35.613980031, watcher.go:72] Checking for runtime processes
[DEBUG Sep 17 16:34:35.613703566, watcher.go:72] Checking for runtime processes
[DEBUG Sep 17 16:35:35.613827370, watcher.go:72] Checking for runtime processes
[DEBUG Sep 17 16:36:35.613373956, watcher.go:72] Checking for runtime processes
[DEBUG Sep 17 16:37:35.613511413, watcher.go:72] Checking for runtime processes
[DEBUG Sep 17 16:38:35.613138553, watcher.go:72] Checking for runtime processes
[DEBUG Sep 17 16:39:35.613810725, watcher.go:72] Checking for runtime processes
[DEBUG Sep 17 16:40:35.613628788, watcher.go:72] Checking for runtime processes
[DEBUG Sep 17 16:41:35.613521039, watcher.go:72] Checking for runtime processes
[DEBUG Sep 17 16:42:35.613874435, watcher.go:72] Checking for runtime processes
[DEBUG Sep 17 16:43:35.613149226, watcher.go:72] Checking for runtime processes
[DEBUG Sep 17 16:44:35.613699849, watcher.go:72] Checking for runtime processes
[DEBUG Sep 17 16:45:35.614102424, watcher.go:72] Checking for runtime processes
[DEBUG Sep 17 16:46:35.613547844, watcher.go:72] Checking for runtime processes
[DEBUG Sep 17 16:47:35.613398438, watcher.go:72] Checking for runtime processes
[DEBUG Sep 17 16:48:35.614113072, watcher.go:72] Checking for runtime processes
[DEBUG Sep 17 16:49:35.614011584, watcher.go:72] Checking for runtime processes
[DEBUG Sep 17 16:50:35.613714585, watcher.go:72] Checking for runtime processes
[DEBUG Sep 17 16:51:35.613145718, watcher.go:72] Checking for runtime processes
[DEBUG Sep 17 16:52:35.613576245, watcher.go:72] Checking for runtime processes
[DEBUG Sep 17 16:53:35.613625401, watcher.go:72] Checking for runtime processes
[DEBUG Sep 17 16:54:35.613706317, watcher.go:72] Checking for runtime processes
[DEBUG Sep 17 16:55:35.613602463, watcher.go:72] Checking for runtime processes
[DEBUG Sep 17 16:56:35.613259564, watcher.go:72] Checking for runtime processes
[DEBUG Sep 17 16:57:35.613641857, watcher.go:72] Checking for runtime processes
[DEBUG Sep 17 16:58:35.613245146, watcher.go:72] Checking for runtime processes
[DEBUG Sep 17 16:59:35.614017363, watcher.go:72] Checking for runtime processes
[DEBUG Sep 17 17:00:35.614153589, watcher.go:72] Checking for runtime processes
[DEBUG Sep 17 17:01:35.613340371, watcher.go:72] Checking for runtime processes
[DEBUG Sep 17 17:02:35.613510957, watcher.go:72] Checking for runtime processes
[DEBUG Sep 17 17:03:35.613590124, watcher.go:72] Checking for runtime processes
[DEBUG Sep 17 17:04:11.767772912, resolver.go:121] Analytics event resolver
[DEBUG Sep 17 17:04:11.767957823, client.go:128] Reporting event to 2 reporters: command-exit, exec, 0
[DEBUG Sep 17 17:04:35.613370008, watcher.go:72] Checking for runtime processes
[DEBUG Sep 17 17:05:35.613083206, watcher.go:72] Checking for runtime processes
[DEBUG Sep 17 17:06:35.613629453, watcher.go:72] Checking for runtime processes
[DEBUG Sep 17 17:07:35.613508538, watcher.go:72] Checking for runtime processes
[DEBUG Sep 17 17:08:35.613147145, watcher.go:72] Checking for runtime processes
[DEBUG Sep 17 17:09:35.613512425, watcher.go:72] Checking for runtime processes
[DEBUG Sep 17 17:10:35.613142690, watcher.go:72] Checking for runtime processes
[DEBUG Sep 17 17:11:35.613510871, watcher.go:72] Checking for runtime processes
[DEBUG Sep 17 17:12:35.613508612, watcher.go:72] Checking for runtime processes
[DEBUG Sep 17 17:13:35.613554929, watcher.go:72] Checking for runtime processes
[DEBUG Sep 17 17:14:35.613537401, watcher.go:72] Checking for runtime processes
[DEBUG Sep 17 17:15:35.613513968, watcher.go:72] Checking for runtime processes
[DEBUG Sep 17 17:16:35.613516006, watcher.go:72] Checking for runtime processes
[DEBUG Sep 17 17:17:35.613517543, watcher.go:72] Checking for runtime processes
[DEBUG Sep 17 17:18:35.613510412, watcher.go:72] Checking for runtime processes
[DEBUG Sep 17 17:19:35.613519571, watcher.go:72] Checking for runtime processes
[DEBUG Sep 17 17:20:35.613511489, watcher.go:72] Checking for runtime processes
[DEBUG Sep 17 17:21:35.613519861, watcher.go:72] Checking for runtime processes
[DEBUG Sep 17 17:22:35.613508060, watcher.go:72] Checking for runtime processes
[DEBUG Sep 17 17:23:35.613147442, watcher.go:72] Checking for runtime processes
[DEBUG Sep 17 17:24:35.613526174, watcher.go:72] Checking for runtime processes
[DEBUG Sep 17 17:25:35.613144590, watcher.go:72] Checking for runtime processes
[DEBUG Sep 17 17:26:35.613543674, watcher.go:72] Checking for runtime processes
[DEBUG Sep 17 17:27:35.613506877, watcher.go:72] Checking for runtime processes
[DEBUG Sep 17 17:28:35.613514028, watcher.go:72] Checking for runtime processes
[DEBUG Sep 17 17:29:35.613518359, watcher.go:72] Checking for runtime processes
[DEBUG Sep 17 17:30:35.613512597, watcher.go:72] Checking for runtime processes
[DEBUG Sep 17 17:31:35.613512607, watcher.go:72] Checking for runtime processes
[DEBUG Sep 17 17:32:35.613522537, watcher.go:72] Checking for runtime processes
[DEBUG Sep 17 17:33:35.613523579, watcher.go:72] Checking for runtime processes
[DEBUG Sep 17 17:34:35.613513646, watcher.go:72] Checking for runtime processes
[DEBUG Sep 17 17:35:35.613510483, watcher.go:72] Checking for runtime processes
[DEBUG Sep 17 17:36:35.613506439, watcher.go:72] Checking for runtime processes
[DEBUG Sep 17 17:37:35.613509545, watcher.go:72] Checking for runtime processes
[DEBUG Sep 17 17:38:35.613146203, watcher.go:72] Checking for runtime processes
[DEBUG Sep 17 17:39:35.613511065, watcher.go:72] Checking for runtime processes
[DEBUG Sep 17 17:40:35.613142565, watcher.go:72] Checking for runtime processes
[DEBUG Sep 17 17:41:35.613514088, watcher.go:72] Checking for runtime processes
[DEBUG Sep 17 17:42:35.613507662, watcher.go:72] Checking for runtime processes
[DEBUG Sep 17 17:43:35.613514299, watcher.go:72] Checking for runtime processes
[DEBUG Sep 17 17:44:35.613527654, watcher.go:72] Checking for runtime processes
[DEBUG Sep 17 17:45:35.613509312, watcher.go:72] Checking for runtime processes
[DEBUG Sep 17 17:46:35.613509579, watcher.go:72] Checking for runtime processes
[DEBUG Sep 17 17:47:35.613514886, watcher.go:72] Checking for runtime processes
[DEBUG Sep 17 17:48:35.613524737, watcher.go:72] Checking for runtime processes
[DEBUG Sep 17 17:49:35.613512650, watcher.go:72] Checking for runtime processes
[DEBUG Sep 17 17:50:35.613533287, watcher.go:72] Checking for runtime processes
[DEBUG Sep 17 17:51:35.613500537, watcher.go:72] Checking for runtime processes
[DEBUG Sep 17 17:52:35.613511319, watcher.go:72] Checking for runtime processes
[DEBUG Sep 17 17:53:35.613145736, watcher.go:72] Checking for runtime processes
[DEBUG Sep 17 17:54:35.613516625, watcher.go:72] Checking for runtime processes
[DEBUG Sep 17 17:55:35.613144364, watcher.go:72] Checking for runtime processes
[DEBUG Sep 17 17:56:35.613514868, watcher.go:72] Checking for runtime processes
[DEBUG Sep 17 17:57:35.613511929, watcher.go:72] Checking for runtime processes
[DEBUG Sep 17 17:58:35.613515957, watcher.go:72] Checking for runtime processes
[DEBUG Sep 17 17:59:35.613514322, watcher.go:72] Checking for runtime processes
[DEBUG Sep 17 18:00:35.613518530, watcher.go:72] Checking for runtime processes
[DEBUG Sep 17 18:01:35.613516587, watcher.go:72] Checking for runtime processes
[DEBUG Sep 17 18:02:35.613515485, watcher.go:72] Checking for runtime processes
[DEBUG Sep 17 18:03:35.613514536, watcher.go:72] Checking for runtime processes
[DEBUG Sep 17 18:04:35.613525980, watcher.go:72] Checking for runtime processes
[DEBUG Sep 17 18:05:35.613510930, watcher.go:72] Checking for runtime processes
[DEBUG Sep 17 18:06:35.613508029, watcher.go:72] Checking for runtime processes
[DEBUG Sep 17 18:07:35.613516072, watcher.go:72] Checking for runtime processes
[DEBUG Sep 17 18:08:35.613149622, watcher.go:72] Checking for runtime processes
[DEBUG Sep 17 18:09:35.613512957, watcher.go:72] Checking for runtime processes
[DEBUG Sep 17 18:10:35.613145447, watcher.go:72] Checking for runtime processes
[DEBUG Sep 17 18:11:35.613520264, watcher.go:72] Checking for runtime processes
[DEBUG Sep 17 18:12:35.613515754, watcher.go:72] Checking for runtime processes
[DEBUG Sep 17 18:13:35.613523619, watcher.go:72] Checking for runtime processes
[DEBUG Sep 17 18:14:35.613512810, watcher.go:72] Checking for runtime processes
[DEBUG Sep 17 18:15:35.613152490, watcher.go:72] Checking for runtime processes
[DEBUG Sep 17 18:16:35.613511750, watcher.go:72] Checking for runtime processes
[DEBUG Sep 17 18:17:35.613512495, watcher.go:72] Checking for runtime processes
[DEBUG Sep 17 18:18:35.613508647, watcher.go:72] Checking for runtime processes
[DEBUG Sep 17 18:19:35.613529725, watcher.go:72] Checking for runtime processes
[DEBUG Sep 17 18:20:35.613523792, watcher.go:72] Checking for runtime processes
[DEBUG Sep 17 18:21:35.613502357, watcher.go:72] Checking for runtime processes
[DEBUG Sep 17 18:22:35.613508302, watcher.go:72] Checking for runtime processes
[DEBUG Sep 17 18:23:35.613144289, watcher.go:72] Checking for runtime processes
[DEBUG Sep 17 18:24:35.613522363, watcher.go:72] Checking for runtime processes
[DEBUG Sep 17 18:25:35.613141783, watcher.go:72] Checking for runtime processes
[DEBUG Sep 17 18:26:35.613517443, watcher.go:72] Checking for runtime processes
[DEBUG Sep 17 18:27:35.613093505, watcher.go:72] Checking for runtime processes
[DEBUG Sep 17 18:28:35.613510798, watcher.go:72] Checking for runtime processes
[DEBUG Sep 17 18:29:35.613522023, watcher.go:72] Checking for runtime processes
[DEBUG Sep 17 18:30:35.613525094, watcher.go:72] Checking for runtime processes
[DEBUG Sep 17 18:31:35.613509178, watcher.go:72] Checking for runtime processes
[DEBUG Sep 17 18:32:35.613510001, watcher.go:72] Checking for runtime processes
[DEBUG Sep 17 18:33:35.613510806, watcher.go:72] Checking for runtime processes
[DEBUG Sep 17 18:34:35.613511700, watcher.go:72] Checking for runtime processes
[DEBUG Sep 17 18:35:35.613510097, watcher.go:72] Checking for runtime processes
[DEBUG Sep 17 18:36:35.613505135, watcher.go:72] Checking for runtime processes
[DEBUG Sep 17 18:37:35.613529081, watcher.go:72] Checking for runtime processes
[DEBUG Sep 17 18:38:35.613146650, watcher.go:72] Checking for runtime processes
[DEBUG Sep 17 18:39:35.613510179, watcher.go:72] Checking for runtime processes
[DEBUG Sep 17 18:40:35.613144876, watcher.go:72] Checking for runtime processes
[DEBUG Sep 17 18:41:35.613512178, watcher.go:72] Checking for runtime processes
[DEBUG Sep 17 18:42:35.613511295, watcher.go:72] Checking for runtime processes
[DEBUG Sep 17 18:43:35.613520307, watcher.go:72] Checking for runtime processes
[DEBUG Sep 17 18:44:35.613504937, watcher.go:72] Checking for runtime processes
[DEBUG Sep 17 18:45:35.613511628, watcher.go:72] Checking for runtime processes
[DEBUG Sep 17 18:46:35.613512406, watcher.go:72] Checking for runtime processes
[DEBUG Sep 17 18:47:35.613511146, watcher.go:72] Checking for runtime processes
[DEBUG Sep 17 18:48:35.613518091, watcher.go:72] Checking for runtime processes
[DEBUG Sep 17 18:49:35.613509647, watcher.go:72] Checking for runtime processes
[DEBUG Sep 17 18:50:35.613509480, watcher.go:72] Checking for runtime processes
[DEBUG Sep 17 18:51:35.613504743, watcher.go:72] Checking for runtime processes
[DEBUG Sep 17 18:52:35.613505888, watcher.go:72] Checking for runtime processes
[DEBUG Sep 17 18:53:35.613145773, watcher.go:72] Checking for runtime processes
[DEBUG Sep 17 18:54:35.613508813, watcher.go:72] Checking for runtime processes
[DEBUG Sep 17 18:55:35.613140172, watcher.go:72] Checking for runtime processes
[DEBUG Sep 17 18:56:35.613513180, watcher.go:72] Checking for runtime processes
[DEBUG Sep 17 18:57:35.613520366, watcher.go:72] Checking for runtime processes
[DEBUG Sep 17 18:58:35.613527808, watcher.go:72] Checking for runtime processes
[DEBUG Sep 17 18:59:35.613509206, watcher.go:72] Checking for runtime processes
[DEBUG Sep 17 19:00:35.613510576, watcher.go:72] Checking for runtime processes
[DEBUG Sep 17 19:01:35.613510021, watcher.go:72] Checking for runtime processes
[DEBUG Sep 17 19:02:35.613527286, watcher.go:72] Checking for runtime processes
[DEBUG Sep 17 19:03:35.613513564, watcher.go:72] Checking for runtime processes
[DEBUG Sep 17 19:04:35.613094378, watcher.go:72] Checking for runtime processes
[DEBUG Sep 17 19:05:35.613509114, watcher.go:72] Checking for runtime processes
[DEBUG Sep 17 19:06:35.613502534, watcher.go:72] Checking for runtime processes
[DEBUG Sep 17 19:07:35.613507422, watcher.go:72] Checking for runtime processes
[DEBUG Sep 17 19:08:35.613144132, watcher.go:72] Checking for runtime processes
[DEBUG Sep 17 19:09:35.613512932, watcher.go:72] Checking for runtime processes
[DEBUG Sep 17 19:10:35.613144941, watcher.go:72] Checking for runtime processes
[DEBUG Sep 17 19:11:35.613514150, watcher.go:72] Checking for runtime processes
[DEBUG Sep 17 19:12:35.613510477, watcher.go:72] Checking for runtime processes
[DEBUG Sep 17 19:13:35.613514171, watcher.go:72] Checking for runtime processes
[DEBUG Sep 17 19:14:35.613091982, watcher.go:72] Checking for runtime processes
[DEBUG Sep 17 19:15:35.613512220, watcher.go:72] Checking for runtime processes
[DEBUG Sep 17 19:16:35.613508591, watcher.go:72] Checking for runtime processes
[DEBUG Sep 17 19:17:35.613510059, watcher.go:72] Checking for runtime processes
[DEBUG Sep 17 19:18:35.613508309, watcher.go:72] Checking for runtime processes
[DEBUG Sep 17 19:19:35.613510786, watcher.go:72] Checking for runtime processes
[DEBUG Sep 17 19:20:35.613508847, watcher.go:72] Checking for runtime processes
[DEBUG Sep 17 19:21:35.613503111, watcher.go:72] Checking for runtime processes
[DEBUG Sep 17 19:22:35.613509890, watcher.go:72] Checking for runtime processes
[DEBUG Sep 17 19:23:35.613145744, watcher.go:72] Checking for runtime processes
[DEBUG Sep 17 19:24:35.613513278, watcher.go:72] Checking for runtime processes
[DEBUG Sep 17 19:25:35.613145075, watcher.go:72] Checking for runtime processes
[DEBUG Sep 17 19:26:35.613514265, watcher.go:72] Checking for runtime processes
[DEBUG Sep 17 19:27:35.613510960, watcher.go:72] Checking for runtime processes
[DEBUG Sep 17 19:28:35.613511140, watcher.go:72] Checking for runtime processes
[DEBUG Sep 17 19:29:35.613526692, watcher.go:72] Checking for runtime processes
[DEBUG Sep 17 19:30:35.613509739, watcher.go:72] Checking for runtime processes
[DEBUG Sep 17 19:31:35.613511096, watcher.go:72] Checking for runtime processes
[DEBUG Sep 17 19:32:35.613515845, watcher.go:72] Checking for runtime processes
[DEBUG Sep 17 19:33:35.613537907, watcher.go:72] Checking for runtime processes
[DEBUG Sep 17 19:34:35.613514371, watcher.go:72] Checking for runtime processes
[DEBUG Sep 17 19:35:35.613514520, watcher.go:72] Checking for runtime processes
[DEBUG Sep 17 19:36:35.613512085, watcher.go:72] Checking for runtime processes
[DEBUG Sep 17 19:37:35.613529799, watcher.go:72] Checking for runtime processes
[DEBUG Sep 17 19:38:35.613147669, watcher.go:72] Checking for runtime processes
[DEBUG Sep 17 19:39:35.613509785, watcher.go:72] Checking for runtime processes
[DEBUG Sep 17 19:40:35.613144593, watcher.go:72] Checking for runtime processes
[DEBUG Sep 17 19:41:35.613522878, watcher.go:72] Checking for runtime processes
[DEBUG Sep 17 19:42:35.613526042, watcher.go:72] Checking for runtime processes
[DEBUG Sep 17 19:43:35.613511513, watcher.go:72] Checking for runtime processes
[DEBUG Sep 17 19:44:35.613524222, watcher.go:72] Checking for runtime processes
[DEBUG Sep 17 19:45:35.613513680, watcher.go:72] Checking for runtime processes
[DEBUG Sep 17 19:46:35.613517113, watcher.go:72] Checking for runtime processes
[DEBUG Sep 17 19:47:35.613529366, watcher.go:72] Checking for runtime processes
[DEBUG Sep 17 19:48:35.613510008, watcher.go:72] Checking for runtime processes
[DEBUG Sep 17 19:49:35.613514137, watcher.go:72] Checking for runtime processes
[DEBUG Sep 17 19:50:35.613513169, watcher.go:72] Checking for runtime processes
[DEBUG Sep 17 19:51:35.613505607, watcher.go:72] Checking for runtime processes
[DEBUG Sep 17 19:52:35.613517858, watcher.go:72] Checking for runtime processes
[DEBUG Sep 17 19:53:35.613145655, watcher.go:72] Checking for runtime processes
[DEBUG Sep 17 19:54:35.613509235, watcher.go:72] Checking for runtime processes
[DEBUG Sep 17 19:55:35.613144247, watcher.go:72] Checking for runtime processes
[DEBUG Sep 17 19:56:35.613519787, watcher.go:72] Checking for runtime processes
[DEBUG Sep 17 19:57:35.613516819, watcher.go:72] Checking for runtime processes
[DEBUG Sep 17 19:58:35.613521718, watcher.go:72] Checking for runtime processes
[DEBUG Sep 17 19:59:35.613522469, watcher.go:72] Checking for runtime processes
[DEBUG Sep 17 20:00:35.613511127, watcher.go:72] Checking for runtime processes
[DEBUG Sep 17 20:01:35.613521126, watcher.go:72] Checking for runtime processes
[DEBUG Sep 17 20:02:35.613516581, watcher.go:72] Checking for runtime processes
[DEBUG Sep 17 20:03:35.613509916, watcher.go:72] Checking for runtime processes
[DEBUG Sep 17 20:04:35.613514617, watcher.go:72] Checking for runtime processes
[DEBUG Sep 17 20:05:35.613529340, watcher.go:72] Checking for runtime processes
[DEBUG Sep 17 20:06:35.613519777, watcher.go:72] Checking for runtime processes
[DEBUG Sep 17 20:07:35.613509058, watcher.go:72] Checking for runtime processes
[DEBUG Sep 17 20:08:35.613147355, watcher.go:72] Checking for runtime processes
[DEBUG Sep 17 20:09:35.613511928, watcher.go:72] Checking for runtime processes
[DEBUG Sep 17 20:10:35.613145650, watcher.go:72] Checking for runtime processes
[DEBUG Sep 17 20:11:35.613518827, watcher.go:72] Checking for runtime processes
[DEBUG Sep 17 20:12:35.613512926, watcher.go:72] Checking for runtime processes
[DEBUG Sep 17 20:13:35.613517359, watcher.go:72] Checking for runtime processes
[DEBUG Sep 17 20:14:35.613514423, watcher.go:72] Checking for runtime processes
[DEBUG Sep 17 20:15:35.613512675, watcher.go:72] Checking for runtime processes
[DEBUG Sep 17 20:16:35.613508437, watcher.go:72] Checking for runtime processes
[DEBUG Sep 17 20:17:35.613529513, watcher.go:72] Checking for runtime processes
[DEBUG Sep 17 20:18:35.613510848, watcher.go:72] Checking for runtime processes
[DEBUG Sep 17 20:19:35.613508554, watcher.go:72] Checking for runtime processes
[DEBUG Sep 17 20:20:35.613093641, watcher.go:72] Checking for runtime processes
[DEBUG Sep 17 20:21:35.613503463, watcher.go:72] Checking for runtime processes
[DEBUG Sep 17 20:22:35.613511081, watcher.go:72] Checking for runtime processes
[DEBUG Sep 17 20:23:35.613146314, watcher.go:72] Checking for runtime processes
[DEBUG Sep 17 20:24:35.613514044, watcher.go:72] Checking for runtime processes
[DEBUG Sep 17 20:25:35.613142706, watcher.go:72] Checking for runtime processes
[DEBUG Sep 17 20:26:35.613529053, watcher.go:72] Checking for runtime processes
[DEBUG Sep 17 20:27:35.613511922, watcher.go:72] Checking for runtime processes
[DEBUG Sep 17 20:28:35.613511337, watcher.go:72] Checking for runtime processes
[DEBUG Sep 17 20:29:35.613626743, watcher.go:72] Checking for runtime processes
[DEBUG Sep 17 20:30:35.613511199, watcher.go:72] Checking for runtime processes
[DEBUG Sep 17 20:31:35.613148656, watcher.go:72] Checking for runtime processes
[DEBUG Sep 17 20:32:35.613514031, watcher.go:72] Checking for runtime processes
[DEBUG Sep 17 20:33:35.613515528, watcher.go:72] Checking for runtime processes
[DEBUG Sep 17 20:34:35.613515991, watcher.go:72] Checking for runtime processes
[DEBUG Sep 17 20:35:35.613510480, watcher.go:72] Checking for runtime processes
[DEBUG Sep 17 20:36:35.613502581, watcher.go:72] Checking for runtime processes
[DEBUG Sep 17 20:37:35.613642372, watcher.go:72] Checking for runtime processes
[DEBUG Sep 17 20:38:35.613146721, watcher.go:72] Checking for runtime processes
[DEBUG Sep 17 20:39:35.613509459, watcher.go:72] Checking for runtime processes
[DEBUG Sep 17 20:40:35.613141848, watcher.go:72] Checking for runtime processes
[DEBUG Sep 17 20:41:35.613526138, watcher.go:72] Checking for runtime processes
[DEBUG Sep 17 20:42:35.613510184, watcher.go:72] Checking for runtime processes
[DEBUG Sep 17 20:43:35.613510281, watcher.go:72] Checking for runtime processes
[DEBUG Sep 17 20:44:35.613519293, watcher.go:72] Checking for runtime processes
[DEBUG Sep 17 20:45:35.613511339, watcher.go:72] Checking for runtime processes
[DEBUG Sep 17 20:46:35.613508322, watcher.go:72] Checking for runtime processes
[DEBUG Sep 17 20:47:35.613514481, watcher.go:72] Checking for runtime processes
[DEBUG Sep 17 20:48:35.613506838, watcher.go:72] Checking for runtime processes
[DEBUG Sep 17 20:49:35.613509427, watcher.go:72] Checking for runtime processes
[DEBUG Sep 17 20:50:35.613510400, watcher.go:72] Checking for runtime processes
[DEBUG Sep 17 20:51:35.613564272, watcher.go:72] Checking for runtime processes
[DEBUG Sep 17 20:52:35.613506372, watcher.go:72] Checking for runtime processes
[DEBUG Sep 17 20:53:35.613146035, watcher.go:72] Checking for runtime processes
[DEBUG Sep 17 20:54:35.613508320, watcher.go:72] Checking for runtime processes
[DEBUG Sep 17 20:55:35.613141905, watcher.go:72] Checking for runtime processes
[DEBUG Sep 17 20:56:35.613514976, watcher.go:72] Checking for runtime processes
[DEBUG Sep 17 20:57:35.613516439, watcher.go:72] Checking for runtime processes
[DEBUG Sep 17 20:58:35.613515828, watcher.go:72] Checking for runtime processes
[DEBUG Sep 17 20:59:35.613509841, watcher.go:72] Checking for runtime processes
[DEBUG Sep 17 21:00:35.613512724, watcher.go:72] Checking for runtime processes
[DEBUG Sep 17 21:01:35.613510448, watcher.go:72] Checking for runtime processes
[DEBUG Sep 17 21:02:35.613510564, watcher.go:72] Checking for runtime processes
[DEBUG Sep 17 21:03:35.613511226, watcher.go:72] Checking for runtime processes
[DEBUG Sep 17 21:04:35.613512302, watcher.go:72] Checking for runtime processes
[DEBUG Sep 17 21:05:35.613507086, watcher.go:72] Checking for runtime processes
[DEBUG Sep 17 21:06:35.613503360, watcher.go:72] Checking for runtime processes
[DEBUG Sep 17 21:07:35.613508758, watcher.go:72] Checking for runtime processes
[DEBUG Sep 17 21:08:35.613145035, watcher.go:72] Checking for runtime processes
[DEBUG Sep 17 21:09:35.613528803, watcher.go:72] Checking for runtime processes
[DEBUG Sep 17 21:10:35.613142066, watcher.go:72] Checking for runtime processes
[DEBUG Sep 17 21:11:35.613512876, watcher.go:72] Checking for runtime processes
[DEBUG Sep 17 21:12:35.613749902, watcher.go:72] Checking for runtime processes
[DEBUG Sep 17 21:13:35.613564221, watcher.go:72] Checking for runtime processes
[DEBUG Sep 17 21:14:35.613513871, watcher.go:72] Checking for runtime processes
[DEBUG Sep 17 21:15:35.613519873, watcher.go:72] Checking for runtime processes
[DEBUG Sep 17 21:16:35.613506299, watcher.go:72] Checking for runtime processes
[DEBUG Sep 17 21:17:35.613514054, watcher.go:72] Checking for runtime processes
[DEBUG Sep 17 21:18:35.613510179, watcher.go:72] Checking for runtime processes
[DEBUG Sep 17 21:19:35.613517568, watcher.go:72] Checking for runtime processes
[DEBUG Sep 17 21:20:35.613510295, watcher.go:72] Checking for runtime processes
[DEBUG Sep 17 21:21:35.613503445, watcher.go:72] Checking for runtime processes
[DEBUG Sep 17 21:22:35.613515132, watcher.go:72] Checking for runtime processes
[DEBUG Sep 17 21:23:35.613146915, watcher.go:72] Checking for runtime processes
[DEBUG Sep 17 21:24:35.613521605, watcher.go:72] Checking for runtime processes
[DEBUG Sep 17 21:25:35.613140947, watcher.go:72] Checking for runtime processes
[DEBUG Sep 17 21:26:35.613511149, watcher.go:72] Checking for runtime processes
[DEBUG Sep 17 21:27:35.613507431, watcher.go:72] Checking for runtime processes
[DEBUG Sep 17 21:28:35.613527687, watcher.go:72] Checking for runtime processes
[DEBUG Sep 17 21:29:35.613512513, watcher.go:72] Checking for runtime processes
[DEBUG Sep 17 21:30:35.613519285, watcher.go:72] Checking for runtime processes
[DEBUG Sep 17 21:31:35.613516432, watcher.go:72] Checking for runtime processes
[DEBUG Sep 17 21:32:35.613516014, watcher.go:72] Checking for runtime processes
[DEBUG Sep 17 21:33:35.613507566, watcher.go:72] Checking for runtime processes
[DEBUG Sep 17 21:34:35.613512631, watcher.go:72] Checking for runtime processes
[DEBUG Sep 17 21:35:35.613506911, watcher.go:72] Checking for runtime processes
[DEBUG Sep 17 21:36:35.613500436, watcher.go:72] Checking for runtime processes
[DEBUG Sep 17 21:37:35.613512474, watcher.go:72] Checking for runtime processes
[DEBUG Sep 17 21:38:35.613147434, watcher.go:72] Checking for runtime processes
[DEBUG Sep 17 21:39:35.613511311, watcher.go:72] Checking for runtime processes
[DEBUG Sep 17 21:40:35.613143166, watcher.go:72] Checking for runtime processes
[DEBUG Sep 17 21:41:35.613519881, watcher.go:72] Checking for runtime processes
[DEBUG Sep 17 21:42:35.613521738, watcher.go:72] Checking for runtime processes
[DEBUG Sep 17 21:43:35.613522545, watcher.go:72] Checking for runtime processes
[DEBUG Sep 17 21:44:35.613117909, watcher.go:72] Checking for runtime processes
[DEBUG Sep 17 21:45:35.613518575, watcher.go:72] Checking for runtime processes
[DEBUG Sep 17 21:46:35.613611547, watcher.go:72] Checking for runtime processes
[DEBUG Sep 17 21:47:35.613513882, watcher.go:72] Checking for runtime processes
[DEBUG Sep 17 21:48:35.613511876, watcher.go:72] Checking for runtime processes
[DEBUG Sep 17 21:49:35.613508908, watcher.go:72] Checking for runtime processes
[DEBUG Sep 17 21:50:35.613508655, watcher.go:72] Checking for runtime processes
[DEBUG Sep 17 21:51:35.613513414, watcher.go:72] Checking for runtime processes
[DEBUG Sep 17 21:52:35.613514848, watcher.go:72] Checking for runtime processes
[DEBUG Sep 17 21:53:35.613498096, watcher.go:72] Checking for runtime processes
[DEBUG Sep 17 21:54:35.613506779, watcher.go:72] Checking for runtime processes
[DEBUG Sep 17 21:55:35.613147726, watcher.go:72] Checking for runtime processes
[DEBUG Sep 17 21:56:35.613507734, watcher.go:72] Checking for runtime processes
[DEBUG Sep 17 21:57:35.613142943, watcher.go:72] Checking for runtime processes
[DEBUG Sep 17 21:58:35.613514646, watcher.go:72] Checking for runtime processes
[DEBUG Sep 17 21:59:35.613148856, watcher.go:72] Checking for runtime processes
[DEBUG Sep 17 22:00:35.613516024, watcher.go:72] Checking for runtime processes
[DEBUG Sep 17 22:01:35.613521167, watcher.go:72] Checking for runtime processes
[DEBUG Sep 17 22:02:35.613513209, watcher.go:72] Checking for runtime processes
[DEBUG Sep 17 22:03:35.613519765, watcher.go:72] Checking for runtime processes
[DEBUG Sep 17 22:04:35.613509813, watcher.go:72] Checking for runtime processes
[DEBUG Sep 17 22:05:35.613094923, watcher.go:72] Checking for runtime processes
[DEBUG Sep 17 22:06:35.613524586, watcher.go:72] Checking for runtime processes
[DEBUG Sep 17 22:07:35.613508079, watcher.go:72] Checking for runtime processes
[DEBUG Sep 17 22:08:35.613500628, watcher.go:72] Checking for runtime processes
[DEBUG Sep 17 22:09:35.613522051, watcher.go:72] Checking for runtime processes
[DEBUG Sep 17 22:10:35.613144486, watcher.go:72] Checking for runtime processes
[DEBUG Sep 17 22:11:35.613508421, watcher.go:72] Checking for runtime processes
[DEBUG Sep 17 22:12:35.613141248, watcher.go:72] Checking for runtime processes
[DEBUG Sep 17 22:13:35.613510141, watcher.go:72] Checking for runtime processes
[DEBUG Sep 17 22:14:35.613506945, watcher.go:72] Checking for runtime processes
[DEBUG Sep 17 22:15:35.613539465, watcher.go:72] Checking for runtime processes
[DEBUG Sep 17 22:16:35.613517113, watcher.go:72] Checking for runtime processes
[DEBUG Sep 17 22:17:35.613510144, watcher.go:72] Checking for runtime processes
[DEBUG Sep 17 22:18:35.613506687, watcher.go:72] Checking for runtime processes
[DEBUG Sep 17 22:19:35.613511679, watcher.go:72] Checking for runtime processes
[DEBUG Sep 17 22:20:35.613512755, watcher.go:72] Checking for runtime processes
[DEBUG Sep 17 22:21:35.613517546, watcher.go:72] Checking for runtime processes
[DEBUG Sep 17 22:22:35.613514503, watcher.go:72] Checking for runtime processes
[DEBUG Sep 17 22:23:35.613501403, watcher.go:72] Checking for runtime processes
[DEBUG Sep 17 22:24:35.613511122, watcher.go:72] Checking for runtime processes
[DEBUG Sep 17 22:25:35.613146049, watcher.go:72] Checking for runtime processes
[DEBUG Sep 17 22:26:35.613148997, watcher.go:72] Checking for runtime processes
[DEBUG Sep 17 22:27:35.613141837, watcher.go:72] Checking for runtime processes
[DEBUG Sep 17 22:28:35.613510526, watcher.go:72] Checking for runtime processes
[DEBUG Sep 17 22:29:35.613506931, watcher.go:72] Checking for runtime processes
[DEBUG Sep 17 22:30:35.613514998, watcher.go:72] Checking for runtime processes
[DEBUG Sep 17 22:31:35.613515893, watcher.go:72] Checking for runtime processes
[DEBUG Sep 17 22:32:35.613519230, watcher.go:72] Checking for runtime processes
[DEBUG Sep 17 22:33:35.613510971, watcher.go:72] Checking for runtime processes
[DEBUG Sep 17 22:34:35.613514455, watcher.go:72] Checking for runtime processes
[DEBUG Sep 17 22:35:35.613513913, watcher.go:72] Checking for runtime processes
[DEBUG Sep 17 22:36:35.613534185, watcher.go:72] Checking for runtime processes
[DEBUG Sep 17 22:37:35.613151927, watcher.go:72] Checking for runtime processes
[DEBUG Sep 17 22:38:35.613520692, watcher.go:72] Checking for runtime processes
[DEBUG Sep 17 22:39:35.613508868, watcher.go:72] Checking for runtime processes
[DEBUG Sep 17 22:40:35.613145763, watcher.go:72] Checking for runtime processes
[DEBUG Sep 17 22:41:35.613520745, watcher.go:72] Checking for runtime processes
[DEBUG Sep 17 22:42:35.613144556, watcher.go:72] Checking for runtime processes
[DEBUG Sep 17 22:43:35.613520260, watcher.go:72] Checking for runtime processes
[DEBUG Sep 17 22:44:35.613516068, watcher.go:72] Checking for runtime processes
[DEBUG Sep 17 22:45:35.613515680, watcher.go:72] Checking for runtime processes
[DEBUG Sep 17 22:46:35.613510379, watcher.go:72] Checking for runtime processes
[DEBUG Sep 17 22:47:35.613510323, watcher.go:72] Checking for runtime processes
[DEBUG Sep 17 22:48:35.613507352, watcher.go:72] Checking for runtime processes
[DEBUG Sep 17 22:49:35.613509871, watcher.go:72] Checking for runtime processes
[DEBUG Sep 17 22:50:35.613507610, watcher.go:72] Checking for runtime processes
[DEBUG Sep 17 22:51:35.613508905, watcher.go:72] Checking for runtime processes
[DEBUG Sep 17 22:52:35.613510713, watcher.go:72] Checking for runtime processes
[DEBUG Sep 17 22:53:35.613500643, watcher.go:72] Checking for runtime processes
[DEBUG Sep 17 22:54:35.613516170, watcher.go:72] Checking for runtime processes
[DEBUG Sep 17 22:55:35.613148338, watcher.go:72] Checking for runtime processes
[DEBUG Sep 17 22:56:35.613515246, watcher.go:72] Checking for runtime processes
[DEBUG Sep 17 22:57:35.613142970, watcher.go:72] Checking for runtime processes
[DEBUG Sep 17 22:58:35.613519596, watcher.go:72] Checking for runtime processes
[DEBUG Sep 17 22:59:35.613523395, watcher.go:72] Checking for runtime processes
[DEBUG Sep 17 23:00:35.613513551, watcher.go:72] Checking for runtime processes
[DEBUG Sep 17 23:01:35.613519968, watcher.go:72] Checking for runtime processes
[DEBUG Sep 17 23:02:35.613508097, watcher.go:72] Checking for runtime processes
[DEBUG Sep 17 23:03:35.613523678, watcher.go:72] Checking for runtime processes
[DEBUG Sep 17 23:04:35.613511620, watcher.go:72] Checking for runtime processes
[DEBUG Sep 17 23:05:35.613509294, watcher.go:72] Checking for runtime processes
[DEBUG Sep 17 23:06:35.613511453, watcher.go:72] Checking for runtime processes
[DEBUG Sep 17 23:07:35.613511039, watcher.go:72] Checking for runtime processes
[DEBUG Sep 17 23:08:35.613499882, watcher.go:72] Checking for runtime processes
[DEBUG Sep 17 23:09:35.613079466, watcher.go:72] Checking for runtime processes
[DEBUG Sep 17 23:10:35.613142680, watcher.go:72] Checking for runtime processes
[DEBUG Sep 17 23:11:35.613507781, watcher.go:72] Checking for runtime processes
