[DEBUG Aug  2 07:48:29.091666238, defaults.go:273] Args: [/home1/wangfeim/.local/ActiveState/StateTool/release/bin/state-svc start]
[DEBUG Aug  2 07:48:29.106068968, locale.go:38] Init
[DEBUG Aug  2 07:48:30.008485473, errs.go:68] Created error: File could not be found
[DEBUG Aug  2 07:48:30.011384666, errs.go:68] Created error: Not Recognized
[DEBUG Aug  2 07:48:30.031522578, errs.go:68] Created error: Secret not found
[DEBUG Aug  2 07:48:30.031576759, errs.go:68] Created error: Could not save keypair
[DEBUG Aug  2 07:48:30.031737338, errs.go:68] Created error: Build responded with error
[DEBUG Aug  2 07:48:30.031762627, errs.go:68] Created error: Unknown build type
[DEBUG Aug  2 07:48:30.031873997, errors.go:86] Wrapped localized error: <nil> -- with: The installed version of the State Tool Service does not match that of the client.
Please stop the service with [ACTIONABLE]state-svc stop[/RESET] and try your command again.
If this issue persists please reinstall the State Tool.

[DEBUG Aug  2 07:48:30.031888818, errs.go:68] Created error: no data
[DEBUG Aug  2 07:48:30.031913668, errs.go:68] Created error: member not found
[DEBUG Aug  2 07:48:30.031952788, errs.go:68] Created error: Commit count is unknowable
[DEBUG Aug  2 07:48:30.031974538, errs.go:68] Created error: No merge required
[DEBUG Aug  2 07:48:30.031996153, errs.go:68] Created error: Can't merge commit thats already in target commits history
[DEBUG Aug  2 07:48:30.032023627, errs.go:68] Created error: Bad expander name
[DEBUG Aug  2 07:48:30.032045227, errs.go:68] Created error: Expander has no handler
[DEBUG Aug  2 07:48:30.033169481, errs.go:68] Created error: Service is already running
[DEBUG Aug  2 07:48:30.065737253, secrets.go:35] Gcloud Secretmanager failed to initialize (ignore if you're not trying to use gcloud): google: could not find default credentials. See https://developers.google.com/accounts/docs/application-default-credentials for more information.
[DEBUG Aug  2 07:48:30.069909889, output.go:53] Requested outputer for 
[DEBUG Aug  2 07:48:30.069937957, output.go:58] Using Plain outputer
[DEBUG Aug  2 07:48:30.070017133, termutils.go:17] Cannot get terminal size: inappropriate ioctl for device
[DEBUG Aug  2 07:48:30.070047181, client.go:128] Reporting event to 2 reporters: run-command, state-svc start, 
[DEBUG Aug  2 07:48:30.070167583, main.go:107] Running CmdStart
[DEBUG Aug  2 07:48:30.076063512, errs.go:75] Wrapped error: Service is already running -- with: valueF failed
[DEBUG Aug  2 07:48:30.076128946, errs.go:75] Wrapped error: valueF failed -- with: Could not store pid
[DEBUG Aug  2 07:48:30.076205943, errors.go:113] Wrapped input error: Could not store pid -- with: A State Service instance is already running in the background.
[DEBUG Aug  2 07:48:30.076221215, errs.go:75] Wrapped error: A State Service instance is already running in the background. -- with: Could not start serviceManager
[DEBUG Aug  2 07:48:30.084710883, client.go:128] Reporting event to 2 reporters: command-exit, state-svc start, 1
[DEBUG Aug  2 07:48:30.406792716, errs.go:75] Wrapped error: <nil> -- with: Could not start serviceManager: A State Service instance is already running in the background.: Could not store pid: valueF failed: Service is already running
[DEBUG Aug  2 07:48:30.406850794, main.go:61] state-svc errored out due to input: Could not start serviceManager: A State Service instance is already running in the background.: Could not store pid: valueF failed: Service is already running
