[DEBUG Aug  2 07:35:30.915257857, defaults.go:273] Args: [/home1/wangfeim/.local/ActiveState/StateTool/release/bin/state-svc start]
[DEBUG Aug  2 07:35:30.929275858, locale.go:38] Init
[DEBUG Aug  2 07:35:31.234367189, errs.go:68] Created error: File could not be found
[DEBUG Aug  2 07:35:31.237892158, errs.go:68] Created error: Not Recognized
[DEBUG Aug  2 07:35:31.259302358, errs.go:68] Created error: Secret not found
[DEBUG Aug  2 07:35:31.259364747, errs.go:68] Created error: Could not save keypair
[DEBUG Aug  2 07:35:31.259558754, errs.go:68] Created error: Build responded with error
[DEBUG Aug  2 07:35:31.259594731, errs.go:68] Created error: Unknown build type
[DEBUG Aug  2 07:35:31.259716940, errors.go:86] Wrapped localized error: <nil> -- with: The installed version of the State Tool Service does not match that of the client.
Please stop the service with [ACTIONABLE]state-svc stop[/RESET] and try your command again.
If this issue persists please reinstall the State Tool.

[DEBUG Aug  2 07:35:31.259732316, errs.go:68] Created error: no data
[DEBUG Aug  2 07:35:31.259759902, errs.go:68] Created error: member not found
[DEBUG Aug  2 07:35:31.259785444, errs.go:68] Created error: Commit count is unknowable
[DEBUG Aug  2 07:35:31.259808987, errs.go:68] Created error: No merge required
[DEBUG Aug  2 07:35:31.259838227, errs.go:68] Created error: Can't merge commit thats already in target commits history
[DEBUG Aug  2 07:35:31.259863550, errs.go:68] Created error: Bad expander name
[DEBUG Aug  2 07:35:31.259888057, errs.go:68] Created error: Expander has no handler
[DEBUG Aug  2 07:35:31.261037703, errs.go:68] Created error: Service is already running
[DEBUG Aug  2 07:35:31.294243847, secrets.go:35] Gcloud Secretmanager failed to initialize (ignore if you're not trying to use gcloud): google: could not find default credentials. See https://developers.google.com/accounts/docs/application-default-credentials for more information.
[DEBUG Aug  2 07:35:31.297680152, output.go:53] Requested outputer for 
[DEBUG Aug  2 07:35:31.297704010, output.go:58] Using Plain outputer
[DEBUG Aug  2 07:35:31.297785201, termutils.go:17] Cannot get terminal size: inappropriate ioctl for device
[DEBUG Aug  2 07:35:31.297865147, client.go:128] Reporting event to 2 reporters: run-command, state-svc start, 
[DEBUG Aug  2 07:35:31.297926866, main.go:107] Running CmdStart
[DEBUG Aug  2 07:35:31.303567579, errs.go:75] Wrapped error: Service is already running -- with: valueF failed
[DEBUG Aug  2 07:35:31.303627247, errs.go:75] Wrapped error: valueF failed -- with: Could not store pid
[DEBUG Aug  2 07:35:31.303705625, errors.go:113] Wrapped input error: Could not store pid -- with: A State Service instance is already running in the background.
[DEBUG Aug  2 07:35:31.303720885, errs.go:75] Wrapped error: A State Service instance is already running in the background. -- with: Could not start serviceManager
[DEBUG Aug  2 07:35:31.303827256, client.go:128] Reporting event to 2 reporters: command-exit, state-svc start, 1
[DEBUG Aug  2 07:35:31.668589893, errs.go:75] Wrapped error: <nil> -- with: Could not start serviceManager: A State Service instance is already running in the background.: Could not store pid: valueF failed: Service is already running
[DEBUG Aug  2 07:35:31.668647651, main.go:61] state-svc errored out due to input: Could not start serviceManager: A State Service instance is already running in the background.: Could not store pid: valueF failed: Service is already running
