[DEBUG Aug  2 08:06:58.514045452, defaults.go:273] Args: [/home1/wangfeim/.local/ActiveState/StateTool/release/bin/state-svc start]
[DEBUG Aug  2 08:06:58.527877178, locale.go:38] Init
[DEBUG Aug  2 08:06:59.037373693, errs.go:68] Created error: File could not be found
[DEBUG Aug  2 08:06:59.040436022, errs.go:68] Created error: Not Recognized
[DEBUG Aug  2 08:06:59.064785881, errs.go:68] Created error: Secret not found
[DEBUG Aug  2 08:06:59.064849141, errs.go:68] Created error: Could not save keypair
[DEBUG Aug  2 08:06:59.065017199, errs.go:68] Created error: Build responded with error
[DEBUG Aug  2 08:06:59.065045902, errs.go:68] Created error: Unknown build type
[DEBUG Aug  2 08:06:59.065167511, errors.go:86] Wrapped localized error: <nil> -- with: The installed version of the State Tool Service does not match that of the client.
Please stop the service with [ACTIONABLE]state-svc stop[/RESET] and try your command again.
If this issue persists please reinstall the State Tool.

[DEBUG Aug  2 08:06:59.065190065, errs.go:68] Created error: no data
[DEBUG Aug  2 08:06:59.065224139, errs.go:68] Created error: member not found
[DEBUG Aug  2 08:06:59.065249038, errs.go:68] Created error: Commit count is unknowable
[DEBUG Aug  2 08:06:59.065272684, errs.go:68] Created error: No merge required
[DEBUG Aug  2 08:06:59.065295995, errs.go:68] Created error: Can't merge commit thats already in target commits history
[DEBUG Aug  2 08:06:59.065322117, errs.go:68] Created error: Bad expander name
[DEBUG Aug  2 08:06:59.065345603, errs.go:68] Created error: Expander has no handler
[DEBUG Aug  2 08:06:59.066450283, errs.go:68] Created error: Service is already running
[DEBUG Aug  2 08:06:59.101276882, secrets.go:35] Gcloud Secretmanager failed to initialize (ignore if you're not trying to use gcloud): google: could not find default credentials. See https://developers.google.com/accounts/docs/application-default-credentials for more information.
[DEBUG Aug  2 08:06:59.104447139, output.go:53] Requested outputer for 
[DEBUG Aug  2 08:06:59.104470414, output.go:58] Using Plain outputer
[DEBUG Aug  2 08:06:59.104547002, termutils.go:17] Cannot get terminal size: inappropriate ioctl for device
[DEBUG Aug  2 08:06:59.104632414, client.go:128] Reporting event to 2 reporters: run-command, state-svc start, 
[DEBUG Aug  2 08:06:59.104731636, main.go:107] Running CmdStart
[DEBUG Aug  2 08:06:59.111000807, errs.go:75] Wrapped error: Service is already running -- with: valueF failed
[DEBUG Aug  2 08:06:59.111065867, errs.go:75] Wrapped error: valueF failed -- with: Could not store pid
[DEBUG Aug  2 08:06:59.111144037, errors.go:113] Wrapped input error: Could not store pid -- with: A State Service instance is already running in the background.
[DEBUG Aug  2 08:06:59.111158675, errs.go:75] Wrapped error: A State Service instance is already running in the background. -- with: Could not start serviceManager
[DEBUG Aug  2 08:06:59.111260941, client.go:128] Reporting event to 2 reporters: command-exit, state-svc start, 1
[DEBUG Aug  2 08:06:59.491409561, errs.go:75] Wrapped error: <nil> -- with: Could not start serviceManager: A State Service instance is already running in the background.: Could not store pid: valueF failed: Service is already running
[DEBUG Aug  2 08:06:59.491489891, main.go:61] state-svc errored out due to input: Could not start serviceManager: A State Service instance is already running in the background.: Could not store pid: valueF failed: Service is already running
