[DEBUG Aug  2 07:49:01.190890142, defaults.go:273] Args: [/home1/wangfeim/.local/ActiveState/StateTool/release/bin/state-svc start]
[DEBUG Aug  2 07:49:01.205638181, locale.go:38] Init
[DEBUG Aug  2 07:49:01.250435714, errs.go:68] Created error: File could not be found
[DEBUG Aug  2 07:49:01.286679640, errs.go:68] Created error: Not Recognized
[DEBUG Aug  2 07:49:01.307697410, errs.go:68] Created error: Secret not found
[DEBUG Aug  2 07:49:01.307758558, errs.go:68] Created error: Could not save keypair
[DEBUG Aug  2 07:49:01.307950023, errs.go:68] Created error: Build responded with error
[DEBUG Aug  2 07:49:01.307984354, errs.go:68] Created error: Unknown build type
[DEBUG Aug  2 07:49:01.308113713, errors.go:86] Wrapped localized error: <nil> -- with: The installed version of the State Tool Service does not match that of the client.
Please stop the service with [ACTIONABLE]state-svc stop[/RESET] and try your command again.
If this issue persists please reinstall the State Tool.

[DEBUG Aug  2 07:49:01.308130757, errs.go:68] Created error: no data
[DEBUG Aug  2 07:49:01.308156754, errs.go:68] Created error: member not found
[DEBUG Aug  2 07:49:01.308182896, errs.go:68] Created error: Commit count is unknowable
[DEBUG Aug  2 07:49:01.308224146, errs.go:68] Created error: No merge required
[DEBUG Aug  2 07:49:01.308248870, errs.go:68] Created error: Can't merge commit thats already in target commits history
[DEBUG Aug  2 07:49:01.308273090, errs.go:68] Created error: Bad expander name
[DEBUG Aug  2 07:49:01.308296957, errs.go:68] Created error: Expander has no handler
[DEBUG Aug  2 07:49:01.309750533, errs.go:68] Created error: Service is already running
[DEBUG Aug  2 07:49:01.337153848, secrets.go:35] Gcloud Secretmanager failed to initialize (ignore if you're not trying to use gcloud): google: could not find default credentials. See https://developers.google.com/accounts/docs/application-default-credentials for more information.
[DEBUG Aug  2 07:49:01.340590115, output.go:53] Requested outputer for 
[DEBUG Aug  2 07:49:01.340622901, output.go:58] Using Plain outputer
[DEBUG Aug  2 07:49:01.340747445, termutils.go:17] Cannot get terminal size: inappropriate ioctl for device
[DEBUG Aug  2 07:49:01.340853666, client.go:128] Reporting event to 2 reporters: run-command, state-svc start, 
[DEBUG Aug  2 07:49:01.340962931, main.go:107] Running CmdStart
[DEBUG Aug  2 07:49:01.385154638, errs.go:75] Wrapped error: Service is already running -- with: valueF failed
[DEBUG Aug  2 07:49:01.385515994, errs.go:75] Wrapped error: valueF failed -- with: Could not store pid
[DEBUG Aug  2 07:49:01.385829448, errors.go:113] Wrapped input error: Could not store pid -- with: A State Service instance is already running in the background.
[DEBUG Aug  2 07:49:01.385849698, errs.go:75] Wrapped error: A State Service instance is already running in the background. -- with: Could not start serviceManager
[DEBUG Aug  2 07:49:01.386400381, client.go:128] Reporting event to 2 reporters: command-exit, state-svc start, 1
[DEBUG Aug  2 07:49:01.703332576, errs.go:75] Wrapped error: <nil> -- with: Could not start serviceManager: A State Service instance is already running in the background.: Could not store pid: valueF failed: Service is already running
[DEBUG Aug  2 07:49:01.703389970, main.go:61] state-svc errored out due to input: Could not start serviceManager: A State Service instance is already running in the background.: Could not store pid: valueF failed: Service is already running
