[DEBUG Mar  8 17:21:57.892455764, defaults.go:273] Args: [/home1/wangfeim/.local/ActiveState/StateTool/release/bin/state-svc start]
[DEBUG Mar  8 17:21:57.904592140, locale.go:38] Init
[DEBUG Mar  8 17:21:57.942270817, errs.go:68] Created error: File could not be found
[DEBUG Mar  8 17:21:57.944698359, errs.go:68] Created error: Not Recognized
[DEBUG Mar  8 17:21:57.962085167, errs.go:68] Created error: Secret not found
[DEBUG Mar  8 17:21:57.962120966, errs.go:68] Created error: Could not save keypair
[DEBUG Mar  8 17:21:57.962261566, errs.go:68] Created error: Build responded with error
[DEBUG Mar  8 17:21:57.962284832, errs.go:68] Created error: Unknown build type
[DEBUG Mar  8 17:21:57.962374125, errors.go:86] Wrapped localized error: <nil> -- with: The installed version of the State Tool Service does not match that of the client.
Please stop the service with [ACTIONABLE]state-svc stop[/RESET] and try your command again.
If this issue persists please reinstall the State Tool.

[DEBUG Mar  8 17:21:57.962383087, errs.go:68] Created error: no data
[DEBUG Mar  8 17:21:57.962400995, errs.go:68] Created error: member not found
[DEBUG Mar  8 17:21:57.962418251, errs.go:68] Created error: Commit count is unknowable
[DEBUG Mar  8 17:21:57.962438123, errs.go:68] Created error: No merge required
[DEBUG Mar  8 17:21:57.962455470, errs.go:68] Created error: Can't merge commit thats already in target commits history
[DEBUG Mar  8 17:21:57.962472993, errs.go:68] Created error: Bad expander name
[DEBUG Mar  8 17:21:57.962489086, errs.go:68] Created error: Expander has no handler
[DEBUG Mar  8 17:21:57.963366198, errs.go:68] Created error: Service is already running
[DEBUG Mar  8 17:21:57.988044041, secrets.go:35] Gcloud Secretmanager failed to initialize (ignore if you're not trying to use gcloud): google: could not find default credentials. See https://developers.google.com/accounts/docs/application-default-credentials for more information.
[DEBUG Mar  8 17:21:57.991681143, output.go:53] Requested outputer for 
[DEBUG Mar  8 17:21:57.991696457, output.go:58] Using Plain outputer
[DEBUG Mar  8 17:21:57.991751880, termutils.go:17] Cannot get terminal size: inappropriate ioctl for device
[DEBUG Mar  8 17:21:57.991835705, client.go:128] Reporting event to 2 reporters: run-command, state-svc start, 
[DEBUG Mar  8 17:21:57.991845229, main.go:107] Running CmdStart
[DEBUG Mar  8 17:21:57.992857636, exeutils.go:149] Executing: /home1/wangfeim/.local/ActiveState/StateTool/release/bin/state-svc [foreground]
[DEBUG Mar  8 17:21:57.997211886, manager.go:68] Process started using pid 3202548
[DEBUG Mar  8 17:21:57.997287814, client.go:128] Reporting event to 2 reporters: command-exit, state-svc start, 0
