[DEBUG Mar  8 17:38:07.679588705, defaults.go:273] Args: [/home1/wangfeim/.local/ActiveState/StateTool/release/bin/state-svc start]
[DEBUG Mar  8 17:38:07.691042799, locale.go:38] Init
[DEBUG Mar  8 17:38:07.947417112, errs.go:68] Created error: File could not be found
[DEBUG Mar  8 17:38:07.949965895, errs.go:68] Created error: Not Recognized
[DEBUG Mar  8 17:38:07.967511621, errs.go:68] Created error: Secret not found
[DEBUG Mar  8 17:38:07.967601395, errs.go:68] Created error: Could not save keypair
[DEBUG Mar  8 17:38:07.968147104, errs.go:68] Created error: Build responded with error
[DEBUG Mar  8 17:38:07.968189666, errs.go:68] Created error: Unknown build type
[DEBUG Mar  8 17:38:07.968368788, errors.go:86] Wrapped localized error: <nil> -- with: The installed version of the State Tool Service does not match that of the client.
Please stop the service with [ACTIONABLE]state-svc stop[/RESET] and try your command again.
If this issue persists please reinstall the State Tool.

[DEBUG Mar  8 17:38:07.968386584, errs.go:68] Created error: no data
[DEBUG Mar  8 17:38:07.968754767, errs.go:68] Created error: member not found
[DEBUG Mar  8 17:38:07.968784998, errs.go:68] Created error: Commit count is unknowable
[DEBUG Mar  8 17:38:07.968807004, errs.go:68] Created error: No merge required
[DEBUG Mar  8 17:38:07.968828364, errs.go:68] Created error: Can't merge commit thats already in target commits history
[DEBUG Mar  8 17:38:07.968848016, errs.go:68] Created error: Bad expander name
[DEBUG Mar  8 17:38:07.968865796, errs.go:68] Created error: Expander has no handler
[DEBUG Mar  8 17:38:07.969695866, errs.go:68] Created error: Service is already running
[DEBUG Mar  8 17:38:08.013640564, secrets.go:35] Gcloud Secretmanager failed to initialize (ignore if you're not trying to use gcloud): google: could not find default credentials. See https://developers.google.com/accounts/docs/application-default-credentials for more information.
[DEBUG Mar  8 17:38:08.016775199, output.go:53] Requested outputer for 
[DEBUG Mar  8 17:38:08.016790316, output.go:58] Using Plain outputer
[DEBUG Mar  8 17:38:08.016868447, termutils.go:17] Cannot get terminal size: inappropriate ioctl for device
[DEBUG Mar  8 17:38:08.016993868, main.go:107] Running CmdStart
[DEBUG Mar  8 17:38:08.017635528, client.go:128] Reporting event to 2 reporters: run-command, state-svc start, 
[DEBUG Mar  8 17:38:08.023155673, errs.go:75] Wrapped error: Service is already running -- with: valueF failed
[DEBUG Mar  8 17:38:08.023203941, errs.go:75] Wrapped error: valueF failed -- with: Could not store pid
[DEBUG Mar  8 17:38:08.023265567, errors.go:113] Wrapped input error: Could not store pid -- with: A State Service instance is already running in the background.
[DEBUG Mar  8 17:38:08.023273792, errs.go:75] Wrapped error: A State Service instance is already running in the background. -- with: Could not start serviceManager
[DEBUG Mar  8 17:38:08.023342514, client.go:128] Reporting event to 2 reporters: command-exit, state-svc start, 1
[DEBUG Mar  8 17:38:08.386230127, errs.go:75] Wrapped error: <nil> -- with: Could not start serviceManager: A State Service instance is already running in the background.: Could not store pid: valueF failed: Service is already running
[DEBUG Mar  8 17:38:08.386276640, main.go:61] state-svc errored out due to input: Could not start serviceManager: A State Service instance is already running in the background.: Could not store pid: valueF failed: Service is already running
