[DEBUG Aug  2 08:13:29.104766979, defaults.go:273] Args: [/home1/wangfeim/.local/ActiveState/StateTool/release/bin/state-svc start]
[DEBUG Aug  2 08:13:29.118658121, locale.go:38] Init
[DEBUG Aug  2 08:13:29.204010093, errs.go:68] Created error: File could not be found
[DEBUG Aug  2 08:13:29.208227367, errs.go:68] Created error: Not Recognized
[DEBUG Aug  2 08:13:29.230782164, errs.go:68] Created error: Secret not found
[DEBUG Aug  2 08:13:29.230832956, errs.go:68] Created error: Could not save keypair
[DEBUG Aug  2 08:13:29.230988019, errs.go:68] Created error: Build responded with error
[DEBUG Aug  2 08:13:29.231015172, errs.go:68] Created error: Unknown build type
[DEBUG Aug  2 08:13:29.231141215, errors.go:86] Wrapped localized error: <nil> -- with: The installed version of the State Tool Service does not match that of the client.
Please stop the service with [ACTIONABLE]state-svc stop[/RESET] and try your command again.
If this issue persists please reinstall the State Tool.

[DEBUG Aug  2 08:13:29.231154420, errs.go:68] Created error: no data
[DEBUG Aug  2 08:13:29.231177239, errs.go:68] Created error: member not found
[DEBUG Aug  2 08:13:29.231198023, errs.go:68] Created error: Commit count is unknowable
[DEBUG Aug  2 08:13:29.231218156, errs.go:68] Created error: No merge required
[DEBUG Aug  2 08:13:29.231239168, errs.go:68] Created error: Can't merge commit thats already in target commits history
[DEBUG Aug  2 08:13:29.231270809, errs.go:68] Created error: Bad expander name
[DEBUG Aug  2 08:13:29.231292717, errs.go:68] Created error: Expander has no handler
[DEBUG Aug  2 08:13:29.232389464, errs.go:68] Created error: Service is already running
[DEBUG Aug  2 08:13:29.261263474, secrets.go:35] Gcloud Secretmanager failed to initialize (ignore if you're not trying to use gcloud): google: could not find default credentials. See https://developers.google.com/accounts/docs/application-default-credentials for more information.
[DEBUG Aug  2 08:13:29.286123565, output.go:53] Requested outputer for 
[DEBUG Aug  2 08:13:29.286170002, output.go:58] Using Plain outputer
[DEBUG Aug  2 08:13:29.286274377, termutils.go:17] Cannot get terminal size: inappropriate ioctl for device
[DEBUG Aug  2 08:13:29.286387530, client.go:128] Reporting event to 2 reporters: run-command, state-svc start, 
[DEBUG Aug  2 08:13:29.286437561, main.go:107] Running CmdStart
[DEBUG Aug  2 08:13:29.292434532, errs.go:75] Wrapped error: Service is already running -- with: valueF failed
[DEBUG Aug  2 08:13:29.292496624, errs.go:75] Wrapped error: valueF failed -- with: Could not store pid
[DEBUG Aug  2 08:13:29.292577478, errors.go:113] Wrapped input error: Could not store pid -- with: A State Service instance is already running in the background.
[DEBUG Aug  2 08:13:29.292592998, errs.go:75] Wrapped error: A State Service instance is already running in the background. -- with: Could not start serviceManager
[DEBUG Aug  2 08:13:29.292675823, client.go:128] Reporting event to 2 reporters: command-exit, state-svc start, 1
[DEBUG Aug  2 08:13:29.622900655, errs.go:75] Wrapped error: <nil> -- with: Could not start serviceManager: A State Service instance is already running in the background.: Could not store pid: valueF failed: Service is already running
[DEBUG Aug  2 08:13:29.622982170, main.go:61] state-svc errored out due to input: Could not start serviceManager: A State Service instance is already running in the background.: Could not store pid: valueF failed: Service is already running
