[DEBUG Aug  2 07:49:08.731826381, defaults.go:273] Args: [/home1/wangfeim/.local/ActiveState/StateTool/release/bin/state-svc start]
[DEBUG Aug  2 07:49:08.744885027, locale.go:38] Init
[DEBUG Aug  2 07:49:09.031867399, errs.go:68] Created error: File could not be found
[DEBUG Aug  2 07:49:09.034924180, errs.go:68] Created error: Not Recognized
[DEBUG Aug  2 07:49:09.055724541, errs.go:68] Created error: Secret not found
[DEBUG Aug  2 07:49:09.055772451, errs.go:68] Created error: Could not save keypair
[DEBUG Aug  2 07:49:09.055927253, errs.go:68] Created error: Build responded with error
[DEBUG Aug  2 07:49:09.055962706, errs.go:68] Created error: Unknown build type
[DEBUG Aug  2 07:49:09.056069522, errors.go:86] Wrapped localized error: <nil> -- with: The installed version of the State Tool Service does not match that of the client.
Please stop the service with [ACTIONABLE]state-svc stop[/RESET] and try your command again.
If this issue persists please reinstall the State Tool.

[DEBUG Aug  2 07:49:09.056084092, errs.go:68] Created error: no data
[DEBUG Aug  2 07:49:09.056105737, errs.go:68] Created error: member not found
[DEBUG Aug  2 07:49:09.056133933, errs.go:68] Created error: Commit count is unknowable
[DEBUG Aug  2 07:49:09.056159936, errs.go:68] Created error: No merge required
[DEBUG Aug  2 07:49:09.056183381, errs.go:68] Created error: Can't merge commit thats already in target commits history
[DEBUG Aug  2 07:49:09.056204437, errs.go:68] Created error: Bad expander name
[DEBUG Aug  2 07:49:09.056224371, errs.go:68] Created error: Expander has no handler
[DEBUG Aug  2 07:49:09.057365360, errs.go:68] Created error: Service is already running
[DEBUG Aug  2 07:49:09.087850033, secrets.go:35] Gcloud Secretmanager failed to initialize (ignore if you're not trying to use gcloud): google: could not find default credentials. See https://developers.google.com/accounts/docs/application-default-credentials for more information.
[DEBUG Aug  2 07:49:09.093140889, output.go:53] Requested outputer for 
[DEBUG Aug  2 07:49:09.093172066, output.go:58] Using Plain outputer
[DEBUG Aug  2 07:49:09.093247445, termutils.go:17] Cannot get terminal size: inappropriate ioctl for device
[DEBUG Aug  2 07:49:09.093337277, client.go:128] Reporting event to 2 reporters: run-command, state-svc start, 
[DEBUG Aug  2 07:49:09.093417205, main.go:107] Running CmdStart
[DEBUG Aug  2 07:49:09.099709744, errs.go:75] Wrapped error: Service is already running -- with: valueF failed
[DEBUG Aug  2 07:49:09.099768897, errs.go:75] Wrapped error: valueF failed -- with: Could not store pid
[DEBUG Aug  2 07:49:09.099848940, errors.go:113] Wrapped input error: Could not store pid -- with: A State Service instance is already running in the background.
[DEBUG Aug  2 07:49:09.099864601, errs.go:75] Wrapped error: A State Service instance is already running in the background. -- with: Could not start serviceManager
[DEBUG Aug  2 07:49:09.099962577, client.go:128] Reporting event to 2 reporters: command-exit, state-svc start, 1
[DEBUG Aug  2 07:49:09.458360592, errs.go:75] Wrapped error: <nil> -- with: Could not start serviceManager: A State Service instance is already running in the background.: Could not store pid: valueF failed: Service is already running
[DEBUG Aug  2 07:49:09.458432650, main.go:61] state-svc errored out due to input: Could not start serviceManager: A State Service instance is already running in the background.: Could not store pid: valueF failed: Service is already running
