[DEBUG Aug  2 08:17:46.326145712, defaults.go:273] Args: [/home1/wangfeim/.local/ActiveState/StateTool/release/bin/state-svc start]
[DEBUG Aug  2 08:17:46.340216538, locale.go:38] Init
[DEBUG Aug  2 08:17:46.404448077, errs.go:68] Created error: File could not be found
[DEBUG Aug  2 08:17:46.407499052, errs.go:68] Created error: Not Recognized
[DEBUG Aug  2 08:17:46.429975136, errs.go:68] Created error: Secret not found
[DEBUG Aug  2 08:17:46.430030818, errs.go:68] Created error: Could not save keypair
[DEBUG Aug  2 08:17:46.430220506, errs.go:68] Created error: Build responded with error
[DEBUG Aug  2 08:17:46.430250223, errs.go:68] Created error: Unknown build type
[DEBUG Aug  2 08:17:46.430368827, errors.go:86] Wrapped localized error: <nil> -- with: The installed version of the State Tool Service does not match that of the client.
Please stop the service with [ACTIONABLE]state-svc stop[/RESET] and try your command again.
If this issue persists please reinstall the State Tool.

[DEBUG Aug  2 08:17:46.430385600, errs.go:68] Created error: no data
[DEBUG Aug  2 08:17:46.430410449, errs.go:68] Created error: member not found
[DEBUG Aug  2 08:17:46.430442507, errs.go:68] Created error: Commit count is unknowable
[DEBUG Aug  2 08:17:46.430467086, errs.go:68] Created error: No merge required
[DEBUG Aug  2 08:17:46.430495735, errs.go:68] Created error: Can't merge commit thats already in target commits history
[DEBUG Aug  2 08:17:46.430521923, errs.go:68] Created error: Bad expander name
[DEBUG Aug  2 08:17:46.430561762, errs.go:68] Created error: Expander has no handler
[DEBUG Aug  2 08:17:46.431835155, errs.go:68] Created error: Service is already running
[DEBUG Aug  2 08:17:46.507951071, secrets.go:35] Gcloud Secretmanager failed to initialize (ignore if you're not trying to use gcloud): google: could not find default credentials. See https://developers.google.com/accounts/docs/application-default-credentials for more information.
[DEBUG Aug  2 08:17:46.511706874, output.go:53] Requested outputer for 
[DEBUG Aug  2 08:17:46.511732028, output.go:58] Using Plain outputer
[DEBUG Aug  2 08:17:46.511801310, termutils.go:17] Cannot get terminal size: inappropriate ioctl for device
[DEBUG Aug  2 08:17:46.511952681, main.go:107] Running CmdStart
[DEBUG Aug  2 08:17:46.512004107, client.go:128] Reporting event to 2 reporters: run-command, state-svc start, 
[DEBUG Aug  2 08:17:46.517556343, errs.go:75] Wrapped error: Service is already running -- with: valueF failed
[DEBUG Aug  2 08:17:46.517623161, errs.go:75] Wrapped error: valueF failed -- with: Could not store pid
[DEBUG Aug  2 08:17:46.517702715, errors.go:113] Wrapped input error: Could not store pid -- with: A State Service instance is already running in the background.
[DEBUG Aug  2 08:17:46.517725782, errs.go:75] Wrapped error: A State Service instance is already running in the background. -- with: Could not start serviceManager
[DEBUG Aug  2 08:17:46.517829678, client.go:128] Reporting event to 2 reporters: command-exit, state-svc start, 1
[DEBUG Aug  2 08:17:46.875536145, errs.go:75] Wrapped error: <nil> -- with: Could not start serviceManager: A State Service instance is already running in the background.: Could not store pid: valueF failed: Service is already running
[DEBUG Aug  2 08:17:46.875625694, main.go:61] state-svc errored out due to input: Could not start serviceManager: A State Service instance is already running in the background.: Could not store pid: valueF failed: Service is already running
