[DEBUG Aug  2 07:58:22.085863247, defaults.go:273] Args: [/home1/wangfeim/.local/ActiveState/StateTool/release/bin/state-svc start]
[DEBUG Aug  2 07:58:22.100068407, locale.go:38] Init
[DEBUG Aug  2 07:58:22.144365698, errs.go:68] Created error: File could not be found
[DEBUG Aug  2 07:58:22.147848413, errs.go:68] Created error: Not Recognized
[DEBUG Aug  2 07:58:22.200160292, errs.go:68] Created error: Secret not found
[DEBUG Aug  2 07:58:22.200216521, errs.go:68] Created error: Could not save keypair
[DEBUG Aug  2 07:58:22.200386441, errs.go:68] Created error: Build responded with error
[DEBUG Aug  2 07:58:22.200413593, errs.go:68] Created error: Unknown build type
[DEBUG Aug  2 07:58:22.200528011, errors.go:86] Wrapped localized error: <nil> -- with: The installed version of the State Tool Service does not match that of the client.
Please stop the service with [ACTIONABLE]state-svc stop[/RESET] and try your command again.
If this issue persists please reinstall the State Tool.

[DEBUG Aug  2 07:58:22.200548925, errs.go:68] Created error: no data
[DEBUG Aug  2 07:58:22.200572276, errs.go:68] Created error: member not found
[DEBUG Aug  2 07:58:22.200593213, errs.go:68] Created error: Commit count is unknowable
[DEBUG Aug  2 07:58:22.200614599, errs.go:68] Created error: No merge required
[DEBUG Aug  2 07:58:22.200635477, errs.go:68] Created error: Can't merge commit thats already in target commits history
[DEBUG Aug  2 07:58:22.200658863, errs.go:68] Created error: Bad expander name
[DEBUG Aug  2 07:58:22.200680500, errs.go:68] Created error: Expander has no handler
[DEBUG Aug  2 07:58:22.201766292, errs.go:68] Created error: Service is already running
[DEBUG Aug  2 07:58:22.227805594, secrets.go:35] Gcloud Secretmanager failed to initialize (ignore if you're not trying to use gcloud): google: could not find default credentials. See https://developers.google.com/accounts/docs/application-default-credentials for more information.
[DEBUG Aug  2 07:58:22.231717383, output.go:53] Requested outputer for 
[DEBUG Aug  2 07:58:22.231751987, output.go:58] Using Plain outputer
[DEBUG Aug  2 07:58:22.231834465, termutils.go:17] Cannot get terminal size: inappropriate ioctl for device
[DEBUG Aug  2 07:58:22.231925194, client.go:128] Reporting event to 2 reporters: run-command, state-svc start, 
[DEBUG Aug  2 07:58:22.232014793, main.go:107] Running CmdStart
[DEBUG Aug  2 07:58:22.238020474, errs.go:75] Wrapped error: Service is already running -- with: valueF failed
[DEBUG Aug  2 07:58:22.238078160, errs.go:75] Wrapped error: valueF failed -- with: Could not store pid
[DEBUG Aug  2 07:58:22.238151369, errors.go:113] Wrapped input error: Could not store pid -- with: A State Service instance is already running in the background.
[DEBUG Aug  2 07:58:22.238164598, errs.go:75] Wrapped error: A State Service instance is already running in the background. -- with: Could not start serviceManager
[DEBUG Aug  2 07:58:22.238252804, client.go:128] Reporting event to 2 reporters: command-exit, state-svc start, 1
[DEBUG Aug  2 07:58:22.605653055, errs.go:75] Wrapped error: <nil> -- with: Could not start serviceManager: A State Service instance is already running in the background.: Could not store pid: valueF failed: Service is already running
[DEBUG Aug  2 07:58:22.605729259, main.go:61] state-svc errored out due to input: Could not start serviceManager: A State Service instance is already running in the background.: Could not store pid: valueF failed: Service is already running
