[DEBUG Aug  2 08:21:54.830820637, defaults.go:273] Args: [/home1/wangfeim/.local/ActiveState/StateTool/release/bin/state-svc start]
[DEBUG Aug  2 08:21:54.844839415, locale.go:38] Init
[DEBUG Aug  2 08:21:54.885803687, errs.go:68] Created error: File could not be found
[DEBUG Aug  2 08:21:54.888979821, errs.go:68] Created error: Not Recognized
[DEBUG Aug  2 08:21:54.908788423, errs.go:68] Created error: Secret not found
[DEBUG Aug  2 08:21:54.908836942, errs.go:68] Created error: Could not save keypair
[DEBUG Aug  2 08:21:54.909028782, errs.go:68] Created error: Build responded with error
[DEBUG Aug  2 08:21:54.909062269, errs.go:68] Created error: Unknown build type
[DEBUG Aug  2 08:21:54.910016468, errors.go:86] Wrapped localized error: <nil> -- with: The installed version of the State Tool Service does not match that of the client.
Please stop the service with [ACTIONABLE]state-svc stop[/RESET] and try your command again.
If this issue persists please reinstall the State Tool.

[DEBUG Aug  2 08:21:54.910100002, errs.go:68] Created error: no data
[DEBUG Aug  2 08:21:54.910179755, errs.go:68] Created error: member not found
[DEBUG Aug  2 08:21:54.910234657, errs.go:68] Created error: Commit count is unknowable
[DEBUG Aug  2 08:21:54.910317475, errs.go:68] Created error: No merge required
[DEBUG Aug  2 08:21:54.910377034, errs.go:68] Created error: Can't merge commit thats already in target commits history
[DEBUG Aug  2 08:21:54.910446247, errs.go:68] Created error: Bad expander name
[DEBUG Aug  2 08:21:54.910501435, errs.go:68] Created error: Expander has no handler
[DEBUG Aug  2 08:21:54.912036201, errs.go:68] Created error: Service is already running
[DEBUG Aug  2 08:21:54.939178781, secrets.go:35] Gcloud Secretmanager failed to initialize (ignore if you're not trying to use gcloud): google: could not find default credentials. See https://developers.google.com/accounts/docs/application-default-credentials for more information.
[DEBUG Aug  2 08:21:54.942462569, output.go:53] Requested outputer for 
[DEBUG Aug  2 08:21:54.942482836, output.go:58] Using Plain outputer
[DEBUG Aug  2 08:21:54.942560367, termutils.go:17] Cannot get terminal size: inappropriate ioctl for device
[DEBUG Aug  2 08:21:54.942676657, main.go:107] Running CmdStart
[DEBUG Aug  2 08:21:54.942770458, client.go:128] Reporting event to 2 reporters: run-command, state-svc start, 
[DEBUG Aug  2 08:21:54.948107455, errs.go:75] Wrapped error: Service is already running -- with: valueF failed
[DEBUG Aug  2 08:21:54.948178083, errs.go:75] Wrapped error: valueF failed -- with: Could not store pid
[DEBUG Aug  2 08:21:54.948244366, errors.go:113] Wrapped input error: Could not store pid -- with: A State Service instance is already running in the background.
[DEBUG Aug  2 08:21:54.948257881, errs.go:75] Wrapped error: A State Service instance is already running in the background. -- with: Could not start serviceManager
[DEBUG Aug  2 08:21:54.948327493, client.go:128] Reporting event to 2 reporters: command-exit, state-svc start, 1
[DEBUG Aug  2 08:21:55.279279427, errs.go:75] Wrapped error: <nil> -- with: Could not start serviceManager: A State Service instance is already running in the background.: Could not store pid: valueF failed: Service is already running
[DEBUG Aug  2 08:21:55.279356269, main.go:61] state-svc errored out due to input: Could not start serviceManager: A State Service instance is already running in the background.: Could not store pid: valueF failed: Service is already running
