[DEBUG Aug  2 07:52:34.201919620, defaults.go:273] Args: [/home1/wangfeim/.local/ActiveState/StateTool/release/bin/state-svc start]
[DEBUG Aug  2 07:52:34.216611944, locale.go:38] Init
[DEBUG Aug  2 07:52:34.292088481, errs.go:68] Created error: File could not be found
[DEBUG Aug  2 07:52:34.295095054, errs.go:68] Created error: Not Recognized
[DEBUG Aug  2 07:52:34.315785297, errs.go:68] Created error: Secret not found
[DEBUG Aug  2 07:52:34.315883120, errs.go:68] Created error: Could not save keypair
[DEBUG Aug  2 07:52:34.316474461, errs.go:68] Created error: Build responded with error
[DEBUG Aug  2 07:52:34.316575288, errs.go:68] Created error: Unknown build type
[DEBUG Aug  2 07:52:34.316940865, errors.go:86] Wrapped localized error: <nil> -- with: The installed version of the State Tool Service does not match that of the client.
Please stop the service with [ACTIONABLE]state-svc stop[/RESET] and try your command again.
If this issue persists please reinstall the State Tool.

[DEBUG Aug  2 07:52:34.316981037, errs.go:68] Created error: no data
[DEBUG Aug  2 07:52:34.317254838, errs.go:68] Created error: member not found
[DEBUG Aug  2 07:52:34.317548584, errs.go:68] Created error: Commit count is unknowable
[DEBUG Aug  2 07:52:34.317586340, errs.go:68] Created error: No merge required
[DEBUG Aug  2 07:52:34.317615235, errs.go:68] Created error: Can't merge commit thats already in target commits history
[DEBUG Aug  2 07:52:34.317645213, errs.go:68] Created error: Bad expander name
[DEBUG Aug  2 07:52:34.317672856, errs.go:68] Created error: Expander has no handler
[DEBUG Aug  2 07:52:34.318968976, errs.go:68] Created error: Service is already running
[DEBUG Aug  2 07:52:34.385152794, secrets.go:35] Gcloud Secretmanager failed to initialize (ignore if you're not trying to use gcloud): google: could not find default credentials. See https://developers.google.com/accounts/docs/application-default-credentials for more information.
[DEBUG Aug  2 07:52:34.388889505, output.go:53] Requested outputer for 
[DEBUG Aug  2 07:52:34.388912668, output.go:58] Using Plain outputer
[DEBUG Aug  2 07:52:34.388988334, termutils.go:17] Cannot get terminal size: inappropriate ioctl for device
[DEBUG Aug  2 07:52:34.389095089, client.go:128] Reporting event to 2 reporters: run-command, state-svc start, 
[DEBUG Aug  2 07:52:34.389137133, main.go:107] Running CmdStart
[DEBUG Aug  2 07:52:34.395064272, errs.go:75] Wrapped error: Service is already running -- with: valueF failed
[DEBUG Aug  2 07:52:34.395133400, errs.go:75] Wrapped error: valueF failed -- with: Could not store pid
[DEBUG Aug  2 07:52:34.395208925, errors.go:113] Wrapped input error: Could not store pid -- with: A State Service instance is already running in the background.
[DEBUG Aug  2 07:52:34.395226373, errs.go:75] Wrapped error: A State Service instance is already running in the background. -- with: Could not start serviceManager
[DEBUG Aug  2 07:52:34.395353727, client.go:128] Reporting event to 2 reporters: command-exit, state-svc start, 1
[DEBUG Aug  2 07:52:34.757392906, errs.go:75] Wrapped error: <nil> -- with: Could not start serviceManager: A State Service instance is already running in the background.: Could not store pid: valueF failed: Service is already running
[DEBUG Aug  2 07:52:34.757453281, main.go:61] state-svc errored out due to input: Could not start serviceManager: A State Service instance is already running in the background.: Could not store pid: valueF failed: Service is already running
