[DEBUG Aug  2 07:44:33.985762685, defaults.go:273] Args: [/home1/wangfeim/.local/ActiveState/StateTool/release/bin/state-svc start]
[DEBUG Aug  2 07:44:34.000648719, locale.go:38] Init
[DEBUG Aug  2 07:44:34.043492796, errs.go:68] Created error: File could not be found
[DEBUG Aug  2 07:44:34.046646457, errs.go:68] Created error: Not Recognized
[DEBUG Aug  2 07:44:34.100927201, errs.go:68] Created error: Secret not found
[DEBUG Aug  2 07:44:34.100989670, errs.go:68] Created error: Could not save keypair
[DEBUG Aug  2 07:44:34.101186755, errs.go:68] Created error: Build responded with error
[DEBUG Aug  2 07:44:34.101241855, errs.go:68] Created error: Unknown build type
[DEBUG Aug  2 07:44:34.101364566, errors.go:86] Wrapped localized error: <nil> -- with: The installed version of the State Tool Service does not match that of the client.
Please stop the service with [ACTIONABLE]state-svc stop[/RESET] and try your command again.
If this issue persists please reinstall the State Tool.

[DEBUG Aug  2 07:44:34.101379875, errs.go:68] Created error: no data
[DEBUG Aug  2 07:44:34.101413821, errs.go:68] Created error: member not found
[DEBUG Aug  2 07:44:34.101439855, errs.go:68] Created error: Commit count is unknowable
[DEBUG Aug  2 07:44:34.101464677, errs.go:68] Created error: No merge required
[DEBUG Aug  2 07:44:34.101488784, errs.go:68] Created error: Can't merge commit thats already in target commits history
[DEBUG Aug  2 07:44:34.101514214, errs.go:68] Created error: Bad expander name
[DEBUG Aug  2 07:44:34.101550751, errs.go:68] Created error: Expander has no handler
[DEBUG Aug  2 07:44:34.102593994, errs.go:68] Created error: Service is already running
[DEBUG Aug  2 07:44:34.132857384, secrets.go:35] Gcloud Secretmanager failed to initialize (ignore if you're not trying to use gcloud): google: could not find default credentials. See https://developers.google.com/accounts/docs/application-default-credentials for more information.
[DEBUG Aug  2 07:44:34.136574052, output.go:53] Requested outputer for 
[DEBUG Aug  2 07:44:34.136600383, output.go:58] Using Plain outputer
[DEBUG Aug  2 07:44:34.136691314, termutils.go:17] Cannot get terminal size: inappropriate ioctl for device
[DEBUG Aug  2 07:44:34.136794811, client.go:128] Reporting event to 2 reporters: run-command, state-svc start, 
[DEBUG Aug  2 07:44:34.136861781, main.go:107] Running CmdStart
[DEBUG Aug  2 07:44:34.143023227, errs.go:75] Wrapped error: Service is already running -- with: valueF failed
[DEBUG Aug  2 07:44:34.143095625, errs.go:75] Wrapped error: valueF failed -- with: Could not store pid
[DEBUG Aug  2 07:44:34.143173711, errors.go:113] Wrapped input error: Could not store pid -- with: A State Service instance is already running in the background.
[DEBUG Aug  2 07:44:34.143188042, errs.go:75] Wrapped error: A State Service instance is already running in the background. -- with: Could not start serviceManager
[DEBUG Aug  2 07:44:34.143266591, client.go:128] Reporting event to 2 reporters: command-exit, state-svc start, 1
[DEBUG Aug  2 07:44:34.528600504, errs.go:75] Wrapped error: <nil> -- with: Could not start serviceManager: A State Service instance is already running in the background.: Could not store pid: valueF failed: Service is already running
[DEBUG Aug  2 07:44:34.528659407, main.go:61] state-svc errored out due to input: Could not start serviceManager: A State Service instance is already running in the background.: Could not store pid: valueF failed: Service is already running
