[DEBUG Aug  2 08:04:47.886240574, defaults.go:273] Args: [/home1/wangfeim/.local/ActiveState/StateTool/release/bin/state-svc start]
[DEBUG Aug  2 08:04:47.901381428, locale.go:38] Init
[DEBUG Aug  2 08:04:47.943136073, errs.go:68] Created error: File could not be found
[DEBUG Aug  2 08:04:47.946225352, errs.go:68] Created error: Not Recognized
[DEBUG Aug  2 08:04:48.000648827, errs.go:68] Created error: Secret not found
[DEBUG Aug  2 08:04:48.000696552, errs.go:68] Created error: Could not save keypair
[DEBUG Aug  2 08:04:48.000864163, errs.go:68] Created error: Build responded with error
[DEBUG Aug  2 08:04:48.000890632, errs.go:68] Created error: Unknown build type
[DEBUG Aug  2 08:04:48.001002727, errors.go:86] Wrapped localized error: <nil> -- with: The installed version of the State Tool Service does not match that of the client.
Please stop the service with [ACTIONABLE]state-svc stop[/RESET] and try your command again.
If this issue persists please reinstall the State Tool.

[DEBUG Aug  2 08:04:48.001015599, errs.go:68] Created error: no data
[DEBUG Aug  2 08:04:48.001037502, errs.go:68] Created error: member not found
[DEBUG Aug  2 08:04:48.001059075, errs.go:68] Created error: Commit count is unknowable
[DEBUG Aug  2 08:04:48.001079626, errs.go:68] Created error: No merge required
[DEBUG Aug  2 08:04:48.001100032, errs.go:68] Created error: Can't merge commit thats already in target commits history
[DEBUG Aug  2 08:04:48.001121521, errs.go:68] Created error: Bad expander name
[DEBUG Aug  2 08:04:48.001141889, errs.go:68] Created error: Expander has no handler
[DEBUG Aug  2 08:04:48.002574832, errs.go:68] Created error: Service is already running
[DEBUG Aug  2 08:04:48.027175976, secrets.go:35] Gcloud Secretmanager failed to initialize (ignore if you're not trying to use gcloud): google: could not find default credentials. See https://developers.google.com/accounts/docs/application-default-credentials for more information.
[DEBUG Aug  2 08:04:48.030713600, output.go:53] Requested outputer for 
[DEBUG Aug  2 08:04:48.030735849, output.go:58] Using Plain outputer
[DEBUG Aug  2 08:04:48.031354361, termutils.go:17] Cannot get terminal size: inappropriate ioctl for device
[DEBUG Aug  2 08:04:48.031565467, client.go:128] Reporting event to 2 reporters: run-command, state-svc start, 
[DEBUG Aug  2 08:04:48.032036484, main.go:107] Running CmdStart
[DEBUG Aug  2 08:04:48.038922773, errs.go:75] Wrapped error: Service is already running -- with: valueF failed
[DEBUG Aug  2 08:04:48.038988106, errs.go:75] Wrapped error: valueF failed -- with: Could not store pid
[DEBUG Aug  2 08:04:48.039073512, errors.go:113] Wrapped input error: Could not store pid -- with: A State Service instance is already running in the background.
[DEBUG Aug  2 08:04:48.039088384, errs.go:75] Wrapped error: A State Service instance is already running in the background. -- with: Could not start serviceManager
[DEBUG Aug  2 08:04:48.039191165, client.go:128] Reporting event to 2 reporters: command-exit, state-svc start, 1
[DEBUG Aug  2 08:04:48.367509399, errs.go:75] Wrapped error: <nil> -- with: Could not start serviceManager: A State Service instance is already running in the background.: Could not store pid: valueF failed: Service is already running
[DEBUG Aug  2 08:04:48.367590567, main.go:61] state-svc errored out due to input: Could not start serviceManager: A State Service instance is already running in the background.: Could not store pid: valueF failed: Service is already running
