[DEBUG Aug  2 07:51:26.934974345, defaults.go:273] Args: [/home1/wangfeim/.local/ActiveState/StateTool/release/bin/state-svc start]
[DEBUG Aug  2 07:51:26.991017697, locale.go:38] Init
[DEBUG Aug  2 07:51:27.031951682, errs.go:68] Created error: File could not be found
[DEBUG Aug  2 07:51:27.034685617, errs.go:68] Created error: Not Recognized
[DEBUG Aug  2 07:51:27.092271605, errs.go:68] Created error: Secret not found
[DEBUG Aug  2 07:51:27.092320028, errs.go:68] Created error: Could not save keypair
[DEBUG Aug  2 07:51:27.092484623, errs.go:68] Created error: Build responded with error
[DEBUG Aug  2 07:51:27.092515763, errs.go:68] Created error: Unknown build type
[DEBUG Aug  2 07:51:27.092640860, errors.go:86] Wrapped localized error: <nil> -- with: The installed version of the State Tool Service does not match that of the client.
Please stop the service with [ACTIONABLE]state-svc stop[/RESET] and try your command again.
If this issue persists please reinstall the State Tool.

[DEBUG Aug  2 07:51:27.092655862, errs.go:68] Created error: no data
[DEBUG Aug  2 07:51:27.092678704, errs.go:68] Created error: member not found
[DEBUG Aug  2 07:51:27.092706273, errs.go:68] Created error: Commit count is unknowable
[DEBUG Aug  2 07:51:27.092732728, errs.go:68] Created error: No merge required
[DEBUG Aug  2 07:51:27.092753895, errs.go:68] Created error: Can't merge commit thats already in target commits history
[DEBUG Aug  2 07:51:27.092778700, errs.go:68] Created error: Bad expander name
[DEBUG Aug  2 07:51:27.092799320, errs.go:68] Created error: Expander has no handler
[DEBUG Aug  2 07:51:27.093868284, errs.go:68] Created error: Service is already running
[DEBUG Aug  2 07:51:27.121092519, secrets.go:35] Gcloud Secretmanager failed to initialize (ignore if you're not trying to use gcloud): google: could not find default credentials. See https://developers.google.com/accounts/docs/application-default-credentials for more information.
[DEBUG Aug  2 07:51:27.124267295, output.go:53] Requested outputer for 
[DEBUG Aug  2 07:51:27.124291201, output.go:58] Using Plain outputer
[DEBUG Aug  2 07:51:27.124369575, termutils.go:17] Cannot get terminal size: inappropriate ioctl for device
[DEBUG Aug  2 07:51:27.124453565, client.go:128] Reporting event to 2 reporters: run-command, state-svc start, 
[DEBUG Aug  2 07:51:27.124524682, main.go:107] Running CmdStart
[DEBUG Aug  2 07:51:27.130350410, errs.go:75] Wrapped error: Service is already running -- with: valueF failed
[DEBUG Aug  2 07:51:27.130417589, errs.go:75] Wrapped error: valueF failed -- with: Could not store pid
[DEBUG Aug  2 07:51:27.130493781, errors.go:113] Wrapped input error: Could not store pid -- with: A State Service instance is already running in the background.
[DEBUG Aug  2 07:51:27.130508958, errs.go:75] Wrapped error: A State Service instance is already running in the background. -- with: Could not start serviceManager
[DEBUG Aug  2 07:51:27.130621093, client.go:128] Reporting event to 2 reporters: command-exit, state-svc start, 1
[DEBUG Aug  2 07:51:27.492306975, errs.go:75] Wrapped error: <nil> -- with: Could not start serviceManager: A State Service instance is already running in the background.: Could not store pid: valueF failed: Service is already running
[DEBUG Aug  2 07:51:27.492387994, main.go:61] state-svc errored out due to input: Could not start serviceManager: A State Service instance is already running in the background.: Could not store pid: valueF failed: Service is already running
