[DEBUG Aug  2 07:59:59.610595341, defaults.go:273] Args: [/home1/wangfeim/.local/ActiveState/StateTool/release/bin/state-svc start]
[DEBUG Aug  2 07:59:59.624201686, locale.go:38] Init
[DEBUG Aug  2 07:59:59.698973808, errs.go:68] Created error: File could not be found
[DEBUG Aug  2 07:59:59.702181515, errs.go:68] Created error: Not Recognized
[DEBUG Aug  2 07:59:59.723448422, errs.go:68] Created error: Secret not found
[DEBUG Aug  2 07:59:59.723561229, errs.go:68] Created error: Could not save keypair
[DEBUG Aug  2 07:59:59.723916395, errs.go:68] Created error: Build responded with error
[DEBUG Aug  2 07:59:59.723976322, errs.go:68] Created error: Unknown build type
[DEBUG Aug  2 07:59:59.724182159, errors.go:86] Wrapped localized error: <nil> -- with: The installed version of the State Tool Service does not match that of the client.
Please stop the service with [ACTIONABLE]state-svc stop[/RESET] and try your command again.
If this issue persists please reinstall the State Tool.

[DEBUG Aug  2 07:59:59.724201459, errs.go:68] Created error: no data
[DEBUG Aug  2 07:59:59.724243407, errs.go:68] Created error: member not found
[DEBUG Aug  2 07:59:59.724284980, errs.go:68] Created error: Commit count is unknowable
[DEBUG Aug  2 07:59:59.724318837, errs.go:68] Created error: No merge required
[DEBUG Aug  2 07:59:59.724354888, errs.go:68] Created error: Can't merge commit thats already in target commits history
[DEBUG Aug  2 07:59:59.724392928, errs.go:68] Created error: Bad expander name
[DEBUG Aug  2 07:59:59.724424970, errs.go:68] Created error: Expander has no handler
[DEBUG Aug  2 07:59:59.726199739, errs.go:68] Created error: Service is already running
[DEBUG Aug  2 07:59:59.753257727, secrets.go:35] Gcloud Secretmanager failed to initialize (ignore if you're not trying to use gcloud): google: could not find default credentials. See https://developers.google.com/accounts/docs/application-default-credentials for more information.
[DEBUG Aug  2 07:59:59.788770684, output.go:53] Requested outputer for 
[DEBUG Aug  2 07:59:59.788802037, output.go:58] Using Plain outputer
[DEBUG Aug  2 07:59:59.788874565, termutils.go:17] Cannot get terminal size: inappropriate ioctl for device
[DEBUG Aug  2 07:59:59.789048019, client.go:128] Reporting event to 2 reporters: run-command, state-svc start, 
[DEBUG Aug  2 07:59:59.789053011, main.go:107] Running CmdStart
[DEBUG Aug  2 07:59:59.794951332, errs.go:75] Wrapped error: Service is already running -- with: valueF failed
[DEBUG Aug  2 07:59:59.795005825, errs.go:75] Wrapped error: valueF failed -- with: Could not store pid
[DEBUG Aug  2 07:59:59.795082078, errors.go:113] Wrapped input error: Could not store pid -- with: A State Service instance is already running in the background.
[DEBUG Aug  2 07:59:59.795096777, errs.go:75] Wrapped error: A State Service instance is already running in the background. -- with: Could not start serviceManager
[DEBUG Aug  2 07:59:59.795169221, client.go:128] Reporting event to 2 reporters: command-exit, state-svc start, 1
[DEBUG Aug  2 08:00:00.155117259, errs.go:75] Wrapped error: <nil> -- with: Could not start serviceManager: A State Service instance is already running in the background.: Could not store pid: valueF failed: Service is already running
[DEBUG Aug  2 08:00:00.155175330, main.go:61] state-svc errored out due to input: Could not start serviceManager: A State Service instance is already running in the background.: Could not store pid: valueF failed: Service is already running
