[DEBUG Sep 17 21:28:22.634009851, defaults.go:273] Args: [/home1/wangfeim/.local/ActiveState/StateTool/release/bin/state-svc foreground]
[DEBUG Sep 17 21:28:22.674603441, locale.go:38] Init
[DEBUG Sep 17 21:28:22.713103343, errs.go:68] Created error: File could not be found
[DEBUG Sep 17 21:28:22.714879357, errs.go:68] Created error: Not Recognized
[DEBUG Sep 17 21:28:22.756190926, errs.go:68] Created error: Secret not found
[DEBUG Sep 17 21:28:22.756374404, errs.go:68] Created error: Could not save keypair
[DEBUG Sep 17 21:28:22.756546205, errs.go:68] Created error: Build responded with error
[DEBUG Sep 17 21:28:22.756568828, errs.go:68] Created error: Unknown build type
[DEBUG Sep 17 21:28:22.756689424, errors.go:86] Wrapped localized error: <nil> -- with: The installed version of the State Tool Service does not match that of the client.
Please stop the service with [ACTIONABLE]state-svc stop[/RESET] and try your command again.
If this issue persists please reinstall the State Tool.

[DEBUG Sep 17 21:28:22.756697296, errs.go:68] Created error: no data
[DEBUG Sep 17 21:28:22.756717896, errs.go:68] Created error: member not found
[DEBUG Sep 17 21:28:22.756738386, errs.go:68] Created error: Commit count is unknowable
[DEBUG Sep 17 21:28:22.756757183, errs.go:68] Created error: No merge required
[DEBUG Sep 17 21:28:22.756774238, errs.go:68] Created error: Can't merge commit thats already in target commits history
[DEBUG Sep 17 21:28:22.756794698, errs.go:68] Created error: Bad expander name
[DEBUG Sep 17 21:28:22.756813175, errs.go:68] Created error: Expander has no handler
[DEBUG Sep 17 21:28:22.757884921, errs.go:68] Created error: Service is already running
[DEBUG Sep 17 21:28:22.830846835, secrets.go:35] Gcloud Secretmanager failed to initialize (ignore if you're not trying to use gcloud): google: could not find default credentials. See https://developers.google.com/accounts/docs/application-default-credentials for more information.
[DEBUG Sep 17 21:28:22.843770344, output.go:53] Requested outputer for 
[DEBUG Sep 17 21:28:22.843786778, output.go:58] Using Plain outputer
[DEBUG Sep 17 21:28:22.843840126, termutils.go:17] Cannot get terminal size: inappropriate ioctl for device
[DEBUG Sep 17 21:28:22.843938960, main.go:137] Running CmdForeground
[DEBUG Sep 17 21:28:22.843946050, main.go:147] Running in Foreground
[DEBUG Sep 17 21:28:22.843973621, client.go:128] Reporting event to 2 reporters: run-command, state-svc foreground, 
[DEBUG Sep 17 21:28:22.844140635, service.go:30] service:Start
[DEBUG Sep 17 21:28:22.852598961, service.go:42] Server starting on port: 43110
[DEBUG Sep 17 21:28:22.852665007, client.go:128] Reporting event to 2 reporters: state-svc, start, 
[DEBUG Sep 17 21:28:22.918022193, resolver.go:57] Version resolver
[DEBUG Sep 17 21:28:22.918355559, client.go:128] Reporting event to 2 reporters: state-svc, endpoint, Version
[DEBUG Sep 17 21:28:22.939099833, resolver.go:57] Version resolver
[DEBUG Sep 17 21:28:22.951732517, client.go:128] Reporting event to 2 reporters: state-svc, endpoint, Version
[DEBUG Sep 17 21:28:22.951903517, resolver.go:57] Version resolver
[DEBUG Sep 17 21:28:22.953033848, client.go:128] Reporting event to 2 reporters: state-svc, endpoint, Version
[DEBUG Sep 17 21:28:22.954405041, resolver.go:57] Version resolver
[DEBUG Sep 17 21:28:22.955376681, client.go:128] Reporting event to 2 reporters: state-svc, endpoint, Version
[DEBUG Sep 17 21:28:22.956553380, resolver.go:121] Analytics event resolver
[DEBUG Sep 17 21:28:22.956794672, client.go:128] Reporting event to 2 reporters: runtime, start, 
[DEBUG Sep 17 21:28:22.958359939, resolver.go:121] Analytics event resolver
[DEBUG Sep 17 21:28:22.958469839, client.go:128] Reporting event to 2 reporters: runtime, cache, 
[DEBUG Sep 17 21:28:22.958647128, resolver.go:121] Analytics event resolver
[DEBUG Sep 17 21:28:22.958793742, client.go:128] Reporting event to 2 reporters: runtime, success, 
[DEBUG Sep 17 21:28:22.960377106, resolver.go:121] Analytics event resolver
[DEBUG Sep 17 21:28:22.960524751, client.go:128] Reporting event to 2 reporters: run-command, exec, 
[DEBUG Sep 17 21:29:22.852923793, watcher.go:72] Checking for runtime processes
[DEBUG Sep 17 21:30:22.853787378, watcher.go:72] Checking for runtime processes
[DEBUG Sep 17 21:31:22.853775863, watcher.go:72] Checking for runtime processes
[DEBUG Sep 17 21:32:22.853934352, watcher.go:72] Checking for runtime processes
[DEBUG Sep 17 21:33:22.853840712, watcher.go:72] Checking for runtime processes
[DEBUG Sep 17 21:34:22.852886449, watcher.go:72] Checking for runtime processes
[DEBUG Sep 17 21:35:22.853863308, watcher.go:72] Checking for runtime processes
[DEBUG Sep 17 21:36:22.853869365, watcher.go:72] Checking for runtime processes
[DEBUG Sep 17 21:37:22.853681700, watcher.go:72] Checking for runtime processes
[DEBUG Sep 17 21:38:22.853723625, watcher.go:72] Checking for runtime processes
[DEBUG Sep 17 21:39:22.853725281, watcher.go:72] Checking for runtime processes
[DEBUG Sep 17 21:40:22.853677745, watcher.go:72] Checking for runtime processes
[DEBUG Sep 17 21:41:22.852887258, watcher.go:72] Checking for runtime processes
[DEBUG Sep 17 21:42:22.852899795, watcher.go:72] Checking for runtime processes
[DEBUG Sep 17 21:43:22.852881277, watcher.go:72] Checking for runtime processes
[DEBUG Sep 17 21:44:22.852889091, watcher.go:72] Checking for runtime processes
[DEBUG Sep 17 21:45:22.853811750, watcher.go:72] Checking for runtime processes
[DEBUG Sep 17 21:46:22.852883031, watcher.go:72] Checking for runtime processes
[DEBUG Sep 17 21:47:22.853837435, watcher.go:72] Checking for runtime processes
[DEBUG Sep 17 21:48:22.853867481, watcher.go:72] Checking for runtime processes
[DEBUG Sep 17 21:49:22.852848655, watcher.go:72] Checking for runtime processes
[DEBUG Sep 17 21:50:22.853811326, watcher.go:72] Checking for runtime processes
[DEBUG Sep 17 21:51:22.852924193, watcher.go:72] Checking for runtime processes
[DEBUG Sep 17 21:52:22.853833707, watcher.go:72] Checking for runtime processes
[DEBUG Sep 17 21:53:22.852875604, watcher.go:72] Checking for runtime processes
[DEBUG Sep 17 21:54:22.853676937, watcher.go:72] Checking for runtime processes
[DEBUG Sep 17 21:55:22.853558301, watcher.go:72] Checking for runtime processes
[DEBUG Sep 17 21:56:22.852866037, watcher.go:72] Checking for runtime processes
[DEBUG Sep 17 21:57:22.853945215, watcher.go:72] Checking for runtime processes
[DEBUG Sep 17 21:58:22.853008717, watcher.go:72] Checking for runtime processes
[DEBUG Sep 17 21:59:22.853671841, watcher.go:72] Checking for runtime processes
[DEBUG Sep 17 22:00:22.852885406, watcher.go:72] Checking for runtime processes
[DEBUG Sep 17 22:01:22.852970743, watcher.go:72] Checking for runtime processes
[DEBUG Sep 17 22:02:22.852917553, watcher.go:72] Checking for runtime processes
[DEBUG Sep 17 22:03:22.853784488, watcher.go:72] Checking for runtime processes
[DEBUG Sep 17 22:04:22.853872144, watcher.go:72] Checking for runtime processes
[DEBUG Sep 17 22:05:22.853734525, watcher.go:72] Checking for runtime processes
[DEBUG Sep 17 22:06:22.853865159, watcher.go:72] Checking for runtime processes
[DEBUG Sep 17 22:07:22.853887045, watcher.go:72] Checking for runtime processes
[DEBUG Sep 17 22:08:22.853906297, watcher.go:72] Checking for runtime processes
[DEBUG Sep 17 22:09:22.853853177, watcher.go:72] Checking for runtime processes
[DEBUG Sep 17 22:10:22.853677255, watcher.go:72] Checking for runtime processes
[DEBUG Sep 17 22:11:22.853676753, watcher.go:72] Checking for runtime processes
[DEBUG Sep 17 22:12:22.854067886, watcher.go:72] Checking for runtime processes
[DEBUG Sep 17 22:13:22.852908239, watcher.go:72] Checking for runtime processes
[DEBUG Sep 17 22:14:22.853808072, watcher.go:72] Checking for runtime processes
[DEBUG Sep 17 22:15:22.853157771, watcher.go:72] Checking for runtime processes
[DEBUG Sep 17 22:16:22.853987515, watcher.go:72] Checking for runtime processes
[DEBUG Sep 17 22:17:22.853988730, watcher.go:72] Checking for runtime processes
[DEBUG Sep 17 22:18:22.852867519, watcher.go:72] Checking for runtime processes
[DEBUG Sep 17 22:19:22.853768882, watcher.go:72] Checking for runtime processes
[DEBUG Sep 17 22:20:22.853592438, watcher.go:72] Checking for runtime processes
[DEBUG Sep 17 22:21:22.853826719, watcher.go:72] Checking for runtime processes
[DEBUG Sep 17 22:22:22.853897585, watcher.go:72] Checking for runtime processes
[DEBUG Sep 17 22:23:22.852889067, watcher.go:72] Checking for runtime processes
[DEBUG Sep 17 22:24:22.852894148, watcher.go:72] Checking for runtime processes
[DEBUG Sep 17 22:25:22.853830053, watcher.go:72] Checking for runtime processes
[DEBUG Sep 17 22:26:22.853313185, watcher.go:72] Checking for runtime processes
[DEBUG Sep 17 22:27:22.852838436, watcher.go:72] Checking for runtime processes
[DEBUG Sep 17 22:28:22.852879043, watcher.go:72] Checking for runtime processes
[DEBUG Sep 17 22:29:22.853013867, watcher.go:72] Checking for runtime processes
[DEBUG Sep 17 22:30:22.852922636, watcher.go:72] Checking for runtime processes
[DEBUG Sep 17 22:31:22.853774263, watcher.go:72] Checking for runtime processes
[DEBUG Sep 17 22:32:22.853135299, watcher.go:72] Checking for runtime processes
[DEBUG Sep 17 22:33:22.853795515, watcher.go:72] Checking for runtime processes
[DEBUG Sep 17 22:34:22.853790448, watcher.go:72] Checking for runtime processes
[DEBUG Sep 17 22:35:22.853807511, watcher.go:72] Checking for runtime processes
[DEBUG Sep 17 22:36:22.853904592, watcher.go:72] Checking for runtime processes
[DEBUG Sep 17 22:37:22.853858106, watcher.go:72] Checking for runtime processes
[DEBUG Sep 17 22:38:22.853893679, watcher.go:72] Checking for runtime processes
[DEBUG Sep 17 22:39:22.853980849, watcher.go:72] Checking for runtime processes
[DEBUG Sep 17 22:40:22.852896888, watcher.go:72] Checking for runtime processes
[DEBUG Sep 17 22:41:22.853977485, watcher.go:72] Checking for runtime processes
[DEBUG Sep 17 22:42:22.853586571, watcher.go:72] Checking for runtime processes
[DEBUG Sep 17 22:43:22.852886039, watcher.go:72] Checking for runtime processes
[DEBUG Sep 17 22:44:22.853908732, watcher.go:72] Checking for runtime processes
[DEBUG Sep 17 22:45:22.852884842, watcher.go:72] Checking for runtime processes
[DEBUG Sep 17 22:46:22.853967117, watcher.go:72] Checking for runtime processes
[DEBUG Sep 17 22:47:22.853977229, watcher.go:72] Checking for runtime processes
[DEBUG Sep 17 22:48:22.853696069, watcher.go:72] Checking for runtime processes
[DEBUG Sep 17 22:49:22.853896245, watcher.go:72] Checking for runtime processes
[DEBUG Sep 17 22:50:22.854021562, watcher.go:72] Checking for runtime processes
[DEBUG Sep 17 22:51:22.853707438, watcher.go:72] Checking for runtime processes
[DEBUG Sep 17 22:52:22.853865187, watcher.go:72] Checking for runtime processes
[DEBUG Sep 17 22:53:22.853689251, watcher.go:72] Checking for runtime processes
[DEBUG Sep 17 22:54:22.853892006, watcher.go:72] Checking for runtime processes
[DEBUG Sep 17 22:55:22.852889003, watcher.go:72] Checking for runtime processes
[DEBUG Sep 17 22:56:22.853933504, watcher.go:72] Checking for runtime processes
[DEBUG Sep 17 22:57:22.853874185, watcher.go:72] Checking for runtime processes
[DEBUG Sep 17 22:58:22.852887785, watcher.go:72] Checking for runtime processes
[DEBUG Sep 17 22:59:22.853709242, watcher.go:72] Checking for runtime processes
[DEBUG Sep 17 23:00:22.852956615, watcher.go:72] Checking for runtime processes
[DEBUG Sep 17 23:01:22.853691755, watcher.go:72] Checking for runtime processes
[DEBUG Sep 17 23:02:22.853872885, watcher.go:72] Checking for runtime processes
[DEBUG Sep 17 23:03:22.853910124, watcher.go:72] Checking for runtime processes
[DEBUG Sep 17 23:04:22.853861626, watcher.go:72] Checking for runtime processes
[DEBUG Sep 17 23:05:22.852943311, watcher.go:72] Checking for runtime processes
[DEBUG Sep 17 23:06:22.853707594, watcher.go:72] Checking for runtime processes
[DEBUG Sep 17 23:07:22.852882139, watcher.go:72] Checking for runtime processes
[DEBUG Sep 17 23:08:22.852843967, watcher.go:72] Checking for runtime processes
[DEBUG Sep 17 23:09:22.853728243, watcher.go:72] Checking for runtime processes
[DEBUG Sep 17 23:10:22.853850488, watcher.go:72] Checking for runtime processes
[DEBUG Sep 17 23:11:22.853670492, watcher.go:72] Checking for runtime processes
[DEBUG Sep 17 23:12:22.853886202, watcher.go:72] Checking for runtime processes
[DEBUG Sep 17 23:13:22.852884043, watcher.go:72] Checking for runtime processes
[DEBUG Sep 17 23:14:22.852844269, watcher.go:72] Checking for runtime processes
[DEBUG Sep 17 23:15:22.852958529, watcher.go:72] Checking for runtime processes
[DEBUG Sep 17 23:16:22.852906771, watcher.go:72] Checking for runtime processes
[DEBUG Sep 17 23:17:22.852849186, watcher.go:72] Checking for runtime processes
[DEBUG Sep 17 23:18:22.853683365, watcher.go:72] Checking for runtime processes
[DEBUG Sep 17 23:19:22.853886223, watcher.go:72] Checking for runtime processes
[DEBUG Sep 17 23:20:22.852822180, watcher.go:72] Checking for runtime processes
[DEBUG Sep 17 23:21:22.853691476, watcher.go:72] Checking for runtime processes
[DEBUG Sep 17 23:22:22.853838096, watcher.go:72] Checking for runtime processes
[DEBUG Sep 17 23:23:22.852879527, watcher.go:72] Checking for runtime processes
[DEBUG Sep 17 23:24:22.853684133, watcher.go:72] Checking for runtime processes
[DEBUG Sep 17 23:25:22.853825056, watcher.go:72] Checking for runtime processes
[DEBUG Sep 17 23:26:22.852857274, watcher.go:72] Checking for runtime processes
[DEBUG Sep 17 23:27:22.852822119, watcher.go:72] Checking for runtime processes
[DEBUG Sep 17 23:28:22.852929641, watcher.go:72] Checking for runtime processes
[DEBUG Sep 17 23:29:22.853024530, watcher.go:72] Checking for runtime processes
[DEBUG Sep 17 23:30:22.852918722, watcher.go:72] Checking for runtime processes
[DEBUG Sep 17 23:31:22.853793516, watcher.go:72] Checking for runtime processes
[DEBUG Sep 17 23:32:22.853878868, watcher.go:72] Checking for runtime processes
[DEBUG Sep 17 23:33:22.852836304, watcher.go:72] Checking for runtime processes
[DEBUG Sep 17 23:34:22.853753361, watcher.go:72] Checking for runtime processes
[DEBUG Sep 17 23:35:22.854018324, watcher.go:72] Checking for runtime processes
[DEBUG Sep 17 23:35:45.949240595, resolver.go:121] Analytics event resolver
[DEBUG Sep 17 23:35:45.949493483, client.go:128] Reporting event to 2 reporters: command-exit, exec, 0
[DEBUG Sep 17 23:36:22.853679436, watcher.go:72] Checking for runtime processes
[DEBUG Sep 17 23:37:22.853605102, watcher.go:72] Checking for runtime processes
[DEBUG Sep 17 23:38:22.853687259, watcher.go:72] Checking for runtime processes
[DEBUG Sep 17 23:39:22.853730035, watcher.go:72] Checking for runtime processes
[DEBUG Sep 17 23:40:22.853690147, watcher.go:72] Checking for runtime processes
[DEBUG Sep 17 23:41:22.853676908, watcher.go:72] Checking for runtime processes
[DEBUG Sep 17 23:42:22.853688657, watcher.go:72] Checking for runtime processes
[DEBUG Sep 17 23:43:22.852893543, watcher.go:72] Checking for runtime processes
[DEBUG Sep 17 23:44:22.853695679, watcher.go:72] Checking for runtime processes
[DEBUG Sep 17 23:45:22.852889952, watcher.go:72] Checking for runtime processes
[DEBUG Sep 17 23:46:22.853683320, watcher.go:72] Checking for runtime processes
[DEBUG Sep 17 23:47:22.853693829, watcher.go:72] Checking for runtime processes
[DEBUG Sep 17 23:48:22.853692641, watcher.go:72] Checking for runtime processes
[DEBUG Sep 17 23:49:22.853687417, watcher.go:72] Checking for runtime processes
[DEBUG Sep 17 23:50:22.853696459, watcher.go:72] Checking for runtime processes
[DEBUG Sep 17 23:51:22.853707917, watcher.go:72] Checking for runtime processes
[DEBUG Sep 17 23:52:22.853691667, watcher.go:72] Checking for runtime processes
[DEBUG Sep 17 23:53:22.853701102, watcher.go:72] Checking for runtime processes
[DEBUG Sep 17 23:54:22.853734772, watcher.go:72] Checking for runtime processes
[DEBUG Sep 17 23:55:22.853705322, watcher.go:72] Checking for runtime processes
[DEBUG Sep 17 23:56:22.853689917, watcher.go:72] Checking for runtime processes
[DEBUG Sep 17 23:57:22.853677950, watcher.go:72] Checking for runtime processes
[DEBUG Sep 17 23:58:22.852893233, watcher.go:72] Checking for runtime processes
[DEBUG Sep 17 23:59:22.853686446, watcher.go:72] Checking for runtime processes
[DEBUG Sep 18 00:00:22.852884454, watcher.go:72] Checking for runtime processes
[DEBUG Sep 18 00:01:22.853681503, watcher.go:72] Checking for runtime processes
[DEBUG Sep 18 00:02:22.853678383, watcher.go:72] Checking for runtime processes
[DEBUG Sep 18 00:03:22.853688428, watcher.go:72] Checking for runtime processes
[DEBUG Sep 18 00:04:22.853532261, watcher.go:72] Checking for runtime processes
[DEBUG Sep 18 00:05:22.853681501, watcher.go:72] Checking for runtime processes
[DEBUG Sep 18 00:06:22.853690086, watcher.go:72] Checking for runtime processes
[DEBUG Sep 18 00:07:22.853698650, watcher.go:72] Checking for runtime processes
[DEBUG Sep 18 00:08:22.853701097, watcher.go:72] Checking for runtime processes
[DEBUG Sep 18 00:09:22.853691287, watcher.go:72] Checking for runtime processes
[DEBUG Sep 18 00:10:22.853683033, watcher.go:72] Checking for runtime processes
[DEBUG Sep 18 00:11:22.853678149, watcher.go:72] Checking for runtime processes
[DEBUG Sep 18 00:12:22.853681959, watcher.go:72] Checking for runtime processes
[DEBUG Sep 18 00:13:22.852889170, watcher.go:72] Checking for runtime processes
[DEBUG Sep 18 00:14:22.853677698, watcher.go:72] Checking for runtime processes
[DEBUG Sep 18 00:15:22.852883684, watcher.go:72] Checking for runtime processes
[DEBUG Sep 18 00:16:22.853681505, watcher.go:72] Checking for runtime processes
[DEBUG Sep 18 00:17:22.853681334, watcher.go:72] Checking for runtime processes
[DEBUG Sep 18 00:18:22.853685518, watcher.go:72] Checking for runtime processes
[DEBUG Sep 18 00:19:22.853680779, watcher.go:72] Checking for runtime processes
[DEBUG Sep 18 00:20:22.853685767, watcher.go:72] Checking for runtime processes
[DEBUG Sep 18 00:21:22.853684250, watcher.go:72] Checking for runtime processes
[DEBUG Sep 18 00:22:22.853691352, watcher.go:72] Checking for runtime processes
[DEBUG Sep 18 00:23:22.853694882, watcher.go:72] Checking for runtime processes
[DEBUG Sep 18 00:24:22.853686124, watcher.go:72] Checking for runtime processes
[DEBUG Sep 18 00:25:22.853684588, watcher.go:72] Checking for runtime processes
[DEBUG Sep 18 00:26:22.853674163, watcher.go:72] Checking for runtime processes
[DEBUG Sep 18 00:27:22.853686337, watcher.go:72] Checking for runtime processes
[DEBUG Sep 18 00:28:22.852885395, watcher.go:72] Checking for runtime processes
[DEBUG Sep 18 00:29:22.853683539, watcher.go:72] Checking for runtime processes
[DEBUG Sep 18 00:30:22.852888025, watcher.go:72] Checking for runtime processes
[DEBUG Sep 18 00:31:22.853683955, watcher.go:72] Checking for runtime processes
[DEBUG Sep 18 00:32:22.853674822, watcher.go:72] Checking for runtime processes
[DEBUG Sep 18 00:33:22.853684835, watcher.go:72] Checking for runtime processes
[DEBUG Sep 18 00:34:22.853675708, watcher.go:72] Checking for runtime processes
[DEBUG Sep 18 00:35:22.853688955, watcher.go:72] Checking for runtime processes
[DEBUG Sep 18 00:36:22.853676684, watcher.go:72] Checking for runtime processes
[DEBUG Sep 18 00:37:22.853688990, watcher.go:72] Checking for runtime processes
[DEBUG Sep 18 00:38:22.853681489, watcher.go:72] Checking for runtime processes
[DEBUG Sep 18 00:39:22.853679946, watcher.go:72] Checking for runtime processes
[DEBUG Sep 18 00:40:22.853683702, watcher.go:72] Checking for runtime processes
[DEBUG Sep 18 00:41:22.853671631, watcher.go:72] Checking for runtime processes
[DEBUG Sep 18 00:42:22.853685406, watcher.go:72] Checking for runtime processes
[DEBUG Sep 18 00:43:22.852888877, watcher.go:72] Checking for runtime processes
[DEBUG Sep 18 00:44:22.853678296, watcher.go:72] Checking for runtime processes
[DEBUG Sep 18 00:45:22.852884919, watcher.go:72] Checking for runtime processes
[DEBUG Sep 18 00:46:22.853683678, watcher.go:72] Checking for runtime processes
[DEBUG Sep 18 00:47:22.853680246, watcher.go:72] Checking for runtime processes
[DEBUG Sep 18 00:48:22.853695790, watcher.go:72] Checking for runtime processes
[DEBUG Sep 18 00:49:22.853689427, watcher.go:72] Checking for runtime processes
[DEBUG Sep 18 00:50:22.853687424, watcher.go:72] Checking for runtime processes
[DEBUG Sep 18 00:51:22.853685752, watcher.go:72] Checking for runtime processes
[DEBUG Sep 18 00:52:22.853680771, watcher.go:72] Checking for runtime processes
[DEBUG Sep 18 00:53:22.853677442, watcher.go:72] Checking for runtime processes
[DEBUG Sep 18 00:54:22.853692290, watcher.go:72] Checking for runtime processes
[DEBUG Sep 18 00:55:22.853682756, watcher.go:72] Checking for runtime processes
[DEBUG Sep 18 00:56:22.853534056, watcher.go:72] Checking for runtime processes
[DEBUG Sep 18 00:57:22.853681770, watcher.go:72] Checking for runtime processes
[DEBUG Sep 18 00:58:22.852884740, watcher.go:72] Checking for runtime processes
[DEBUG Sep 18 00:59:22.853680963, watcher.go:72] Checking for runtime processes
[DEBUG Sep 18 01:00:22.852885662, watcher.go:72] Checking for runtime processes
[DEBUG Sep 18 01:01:22.853682245, watcher.go:72] Checking for runtime processes
[DEBUG Sep 18 01:02:22.853677330, watcher.go:72] Checking for runtime processes
[DEBUG Sep 18 01:03:22.853684328, watcher.go:72] Checking for runtime processes
[DEBUG Sep 18 01:04:22.853683303, watcher.go:72] Checking for runtime processes
[DEBUG Sep 18 01:05:22.853694342, watcher.go:72] Checking for runtime processes
[DEBUG Sep 18 01:06:22.853687651, watcher.go:72] Checking for runtime processes
[DEBUG Sep 18 01:07:22.853690936, watcher.go:72] Checking for runtime processes
[DEBUG Sep 18 01:08:22.853683912, watcher.go:72] Checking for runtime processes
[DEBUG Sep 18 01:09:22.853684185, watcher.go:72] Checking for runtime processes
[DEBUG Sep 18 01:10:22.853686506, watcher.go:72] Checking for runtime processes
[DEBUG Sep 18 01:11:22.853675367, watcher.go:72] Checking for runtime processes
[DEBUG Sep 18 01:12:22.853685960, watcher.go:72] Checking for runtime processes
[DEBUG Sep 18 01:13:22.852891100, watcher.go:72] Checking for runtime processes
[DEBUG Sep 18 01:14:22.853680246, watcher.go:72] Checking for runtime processes
[DEBUG Sep 18 01:15:22.852890269, watcher.go:72] Checking for runtime processes
[DEBUG Sep 18 01:16:22.853693081, watcher.go:72] Checking for runtime processes
[DEBUG Sep 18 01:17:22.853687658, watcher.go:72] Checking for runtime processes
[DEBUG Sep 18 01:18:22.853684767, watcher.go:72] Checking for runtime processes
[DEBUG Sep 18 01:19:22.853704088, watcher.go:72] Checking for runtime processes
[DEBUG Sep 18 01:20:22.853690062, watcher.go:72] Checking for runtime processes
[DEBUG Sep 18 01:21:22.853683267, watcher.go:72] Checking for runtime processes
[DEBUG Sep 18 01:22:22.853685056, watcher.go:72] Checking for runtime processes
[DEBUG Sep 18 01:23:22.853679094, watcher.go:72] Checking for runtime processes
[DEBUG Sep 18 01:24:22.853700275, watcher.go:72] Checking for runtime processes
[DEBUG Sep 18 01:25:22.853692168, watcher.go:72] Checking for runtime processes
[DEBUG Sep 18 01:26:22.853673721, watcher.go:72] Checking for runtime processes
[DEBUG Sep 18 01:27:22.853684002, watcher.go:72] Checking for runtime processes
[DEBUG Sep 18 01:28:22.852888089, watcher.go:72] Checking for runtime processes
[DEBUG Sep 18 01:29:22.853681934, watcher.go:72] Checking for runtime processes
[DEBUG Sep 18 01:30:22.852886652, watcher.go:72] Checking for runtime processes
[DEBUG Sep 18 01:31:22.853696161, watcher.go:72] Checking for runtime processes
[DEBUG Sep 18 01:32:22.853685729, watcher.go:72] Checking for runtime processes
[DEBUG Sep 18 01:33:22.853683922, watcher.go:72] Checking for runtime processes
[DEBUG Sep 18 01:34:22.853690894, watcher.go:72] Checking for runtime processes
[DEBUG Sep 18 01:35:22.853691203, watcher.go:72] Checking for runtime processes
[DEBUG Sep 18 01:36:22.853692351, watcher.go:72] Checking for runtime processes
[DEBUG Sep 18 01:37:22.853692353, watcher.go:72] Checking for runtime processes
[DEBUG Sep 18 01:38:22.853678941, watcher.go:72] Checking for runtime processes
[DEBUG Sep 18 01:39:22.853688484, watcher.go:72] Checking for runtime processes
[DEBUG Sep 18 01:40:22.853690940, watcher.go:72] Checking for runtime processes
[DEBUG Sep 18 01:41:22.853685626, watcher.go:72] Checking for runtime processes
[DEBUG Sep 18 01:42:22.853694673, watcher.go:72] Checking for runtime processes
[DEBUG Sep 18 01:43:22.852898302, watcher.go:72] Checking for runtime processes
[DEBUG Sep 18 01:44:22.853701449, watcher.go:72] Checking for runtime processes
[DEBUG Sep 18 01:45:22.852891629, watcher.go:72] Checking for runtime processes
[DEBUG Sep 18 01:46:22.853687343, watcher.go:72] Checking for runtime processes
[DEBUG Sep 18 01:47:22.853685497, watcher.go:72] Checking for runtime processes
[DEBUG Sep 18 01:48:22.853694888, watcher.go:72] Checking for runtime processes
[DEBUG Sep 18 01:49:22.853681962, watcher.go:72] Checking for runtime processes
[DEBUG Sep 18 01:50:22.853696966, watcher.go:72] Checking for runtime processes
[DEBUG Sep 18 01:51:22.853682136, watcher.go:72] Checking for runtime processes
[DEBUG Sep 18 01:52:22.853687423, watcher.go:72] Checking for runtime processes
[DEBUG Sep 18 01:53:22.853683744, watcher.go:72] Checking for runtime processes
[DEBUG Sep 18 01:54:22.853684012, watcher.go:72] Checking for runtime processes
[DEBUG Sep 18 01:55:22.853684241, watcher.go:72] Checking for runtime processes
[DEBUG Sep 18 01:56:22.853675225, watcher.go:72] Checking for runtime processes
[DEBUG Sep 18 01:57:22.853682794, watcher.go:72] Checking for runtime processes
[DEBUG Sep 18 01:58:22.852894451, watcher.go:72] Checking for runtime processes
[DEBUG Sep 18 01:59:22.853686360, watcher.go:72] Checking for runtime processes
[DEBUG Sep 18 02:00:22.852889563, watcher.go:72] Checking for runtime processes
[DEBUG Sep 18 02:01:22.853688222, watcher.go:72] Checking for runtime processes
[DEBUG Sep 18 02:02:22.853685190, watcher.go:72] Checking for runtime processes
[DEBUG Sep 18 02:03:22.853687141, watcher.go:72] Checking for runtime processes
[DEBUG Sep 18 02:04:22.853682749, watcher.go:72] Checking for runtime processes
[DEBUG Sep 18 02:05:22.853532064, watcher.go:72] Checking for runtime processes
[DEBUG Sep 18 02:06:22.853531666, watcher.go:72] Checking for runtime processes
[DEBUG Sep 18 02:07:22.853685618, watcher.go:72] Checking for runtime processes
[DEBUG Sep 18 02:08:22.853688715, watcher.go:72] Checking for runtime processes
[DEBUG Sep 18 02:09:22.853693226, watcher.go:72] Checking for runtime processes
[DEBUG Sep 18 02:10:22.853679826, watcher.go:72] Checking for runtime processes
[DEBUG Sep 18 02:11:22.853533897, watcher.go:72] Checking for runtime processes
[DEBUG Sep 18 02:12:22.853688746, watcher.go:72] Checking for runtime processes
[DEBUG Sep 18 02:13:22.852889518, watcher.go:72] Checking for runtime processes
[DEBUG Sep 18 02:14:22.853690615, watcher.go:72] Checking for runtime processes
[DEBUG Sep 18 02:15:22.852881567, watcher.go:72] Checking for runtime processes
[DEBUG Sep 18 02:16:22.853683924, watcher.go:72] Checking for runtime processes
[DEBUG Sep 18 02:17:22.853688369, watcher.go:72] Checking for runtime processes
[DEBUG Sep 18 02:18:22.853687372, watcher.go:72] Checking for runtime processes
[DEBUG Sep 18 02:19:22.853682931, watcher.go:72] Checking for runtime processes
[DEBUG Sep 18 02:20:22.853688291, watcher.go:72] Checking for runtime processes
[DEBUG Sep 18 02:21:22.853706062, watcher.go:72] Checking for runtime processes
