[DEBUG Aug  2 08:16:07.222296476, defaults.go:273] Args: [/home1/wangfeim/.local/ActiveState/StateTool/release/bin/state-svc start]
[DEBUG Aug  2 08:16:07.238454709, locale.go:38] Init
[DEBUG Aug  2 08:16:07.633162301, errs.go:68] Created error: File could not be found
[DEBUG Aug  2 08:16:07.636825157, errs.go:68] Created error: Not Recognized
[DEBUG Aug  2 08:16:07.689481137, errs.go:68] Created error: Secret not found
[DEBUG Aug  2 08:16:07.689560013, errs.go:68] Created error: Could not save keypair
[DEBUG Aug  2 08:16:07.689769814, errs.go:68] Created error: Build responded with error
[DEBUG Aug  2 08:16:07.689809673, errs.go:68] Created error: Unknown build type
[DEBUG Aug  2 08:16:07.689944218, errors.go:86] Wrapped localized error: <nil> -- with: The installed version of the State Tool Service does not match that of the client.
Please stop the service with [ACTIONABLE]state-svc stop[/RESET] and try your command again.
If this issue persists please reinstall the State Tool.

[DEBUG Aug  2 08:16:07.689971138, errs.go:68] Created error: no data
[DEBUG Aug  2 08:16:07.690019590, errs.go:68] Created error: member not found
[DEBUG Aug  2 08:16:07.690049736, errs.go:68] Created error: Commit count is unknowable
[DEBUG Aug  2 08:16:07.690076473, errs.go:68] Created error: No merge required
[DEBUG Aug  2 08:16:07.690111524, errs.go:68] Created error: Can't merge commit thats already in target commits history
[DEBUG Aug  2 08:16:07.690137538, errs.go:68] Created error: Bad expander name
[DEBUG Aug  2 08:16:07.690160791, errs.go:68] Created error: Expander has no handler
[DEBUG Aug  2 08:16:07.691614472, errs.go:68] Created error: Service is already running
[DEBUG Aug  2 08:16:07.727721912, secrets.go:35] Gcloud Secretmanager failed to initialize (ignore if you're not trying to use gcloud): google: could not find default credentials. See https://developers.google.com/accounts/docs/application-default-credentials for more information.
[DEBUG Aug  2 08:16:07.734124530, output.go:53] Requested outputer for 
[DEBUG Aug  2 08:16:07.734158659, output.go:58] Using Plain outputer
[DEBUG Aug  2 08:16:07.734241041, termutils.go:17] Cannot get terminal size: inappropriate ioctl for device
[DEBUG Aug  2 08:16:07.734329838, client.go:128] Reporting event to 2 reporters: run-command, state-svc start, 
[DEBUG Aug  2 08:16:07.734422230, main.go:107] Running CmdStart
[DEBUG Aug  2 08:16:07.740779621, errs.go:75] Wrapped error: Service is already running -- with: valueF failed
[DEBUG Aug  2 08:16:07.740843326, errs.go:75] Wrapped error: valueF failed -- with: Could not store pid
[DEBUG Aug  2 08:16:07.740920049, errors.go:113] Wrapped input error: Could not store pid -- with: A State Service instance is already running in the background.
[DEBUG Aug  2 08:16:07.740934502, errs.go:75] Wrapped error: A State Service instance is already running in the background. -- with: Could not start serviceManager
[DEBUG Aug  2 08:16:07.741010433, client.go:128] Reporting event to 2 reporters: command-exit, state-svc start, 1
[DEBUG Aug  2 08:16:08.114449506, errs.go:75] Wrapped error: <nil> -- with: Could not start serviceManager: A State Service instance is already running in the background.: Could not store pid: valueF failed: Service is already running
[DEBUG Aug  2 08:16:08.114508212, main.go:61] state-svc errored out due to input: Could not start serviceManager: A State Service instance is already running in the background.: Could not store pid: valueF failed: Service is already running
