[DEBUG Aug  2 08:12:22.693840952, defaults.go:273] Args: [/home1/wangfeim/.local/ActiveState/StateTool/release/bin/state-svc start]
[DEBUG Aug  2 08:12:22.708610069, locale.go:38] Init
[DEBUG Aug  2 08:12:23.067235877, errs.go:68] Created error: File could not be found
[DEBUG Aug  2 08:12:23.070377930, errs.go:68] Created error: Not Recognized
[DEBUG Aug  2 08:12:23.094334537, errs.go:68] Created error: Secret not found
[DEBUG Aug  2 08:12:23.094393322, errs.go:68] Created error: Could not save keypair
[DEBUG Aug  2 08:12:23.094577032, errs.go:68] Created error: Build responded with error
[DEBUG Aug  2 08:12:23.094606195, errs.go:68] Created error: Unknown build type
[DEBUG Aug  2 08:12:23.094733452, errors.go:86] Wrapped localized error: <nil> -- with: The installed version of the State Tool Service does not match that of the client.
Please stop the service with [ACTIONABLE]state-svc stop[/RESET] and try your command again.
If this issue persists please reinstall the State Tool.

[DEBUG Aug  2 08:12:23.094750661, errs.go:68] Created error: no data
[DEBUG Aug  2 08:12:23.094795575, errs.go:68] Created error: member not found
[DEBUG Aug  2 08:12:23.094822363, errs.go:68] Created error: Commit count is unknowable
[DEBUG Aug  2 08:12:23.094854228, errs.go:68] Created error: No merge required
[DEBUG Aug  2 08:12:23.094878200, errs.go:68] Created error: Can't merge commit thats already in target commits history
[DEBUG Aug  2 08:12:23.094903649, errs.go:68] Created error: Bad expander name
[DEBUG Aug  2 08:12:23.094927380, errs.go:68] Created error: Expander has no handler
[DEBUG Aug  2 08:12:23.096272593, errs.go:68] Created error: Service is already running
[DEBUG Aug  2 08:12:23.136885880, secrets.go:35] Gcloud Secretmanager failed to initialize (ignore if you're not trying to use gcloud): google: could not find default credentials. See https://developers.google.com/accounts/docs/application-default-credentials for more information.
[DEBUG Aug  2 08:12:23.188736059, output.go:53] Requested outputer for 
[DEBUG Aug  2 08:12:23.188772031, output.go:58] Using Plain outputer
[DEBUG Aug  2 08:12:23.188870885, termutils.go:17] Cannot get terminal size: inappropriate ioctl for device
[DEBUG Aug  2 08:12:23.189028709, client.go:128] Reporting event to 2 reporters: run-command, state-svc start, 
[DEBUG Aug  2 08:12:23.189066274, main.go:107] Running CmdStart
[DEBUG Aug  2 08:12:23.194905217, errs.go:75] Wrapped error: Service is already running -- with: valueF failed
[DEBUG Aug  2 08:12:23.194966424, errs.go:75] Wrapped error: valueF failed -- with: Could not store pid
[DEBUG Aug  2 08:12:23.195055497, errors.go:113] Wrapped input error: Could not store pid -- with: A State Service instance is already running in the background.
[DEBUG Aug  2 08:12:23.195070411, errs.go:75] Wrapped error: A State Service instance is already running in the background. -- with: Could not start serviceManager
[DEBUG Aug  2 08:12:23.195139493, client.go:128] Reporting event to 2 reporters: command-exit, state-svc start, 1
[DEBUG Aug  2 08:12:23.523398800, errs.go:75] Wrapped error: <nil> -- with: Could not start serviceManager: A State Service instance is already running in the background.: Could not store pid: valueF failed: Service is already running
[DEBUG Aug  2 08:12:23.523508994, main.go:61] state-svc errored out due to input: Could not start serviceManager: A State Service instance is already running in the background.: Could not store pid: valueF failed: Service is already running
