[DEBUG Aug  2 08:03:21.776793325, defaults.go:273] Args: [/home1/wangfeim/.local/ActiveState/StateTool/release/bin/state-svc start]
[DEBUG Aug  2 08:03:21.790428896, locale.go:38] Init
[DEBUG Aug  2 08:03:22.345004848, errs.go:68] Created error: File could not be found
[DEBUG Aug  2 08:03:22.348124082, errs.go:68] Created error: Not Recognized
[DEBUG Aug  2 08:03:22.369720930, errs.go:68] Created error: Secret not found
[DEBUG Aug  2 08:03:22.369783118, errs.go:68] Created error: Could not save keypair
[DEBUG Aug  2 08:03:22.369948459, errs.go:68] Created error: Build responded with error
[DEBUG Aug  2 08:03:22.369978035, errs.go:68] Created error: Unknown build type
[DEBUG Aug  2 08:03:22.370105192, errors.go:86] Wrapped localized error: <nil> -- with: The installed version of the State Tool Service does not match that of the client.
Please stop the service with [ACTIONABLE]state-svc stop[/RESET] and try your command again.
If this issue persists please reinstall the State Tool.

[DEBUG Aug  2 08:03:22.370121430, errs.go:68] Created error: no data
[DEBUG Aug  2 08:03:22.370147210, errs.go:68] Created error: member not found
[DEBUG Aug  2 08:03:22.370170631, errs.go:68] Created error: Commit count is unknowable
[DEBUG Aug  2 08:03:22.370194854, errs.go:68] Created error: No merge required
[DEBUG Aug  2 08:03:22.370224432, errs.go:68] Created error: Can't merge commit thats already in target commits history
[DEBUG Aug  2 08:03:22.370249010, errs.go:68] Created error: Bad expander name
[DEBUG Aug  2 08:03:22.370273120, errs.go:68] Created error: Expander has no handler
[DEBUG Aug  2 08:03:22.371358114, errs.go:68] Created error: Service is already running
[DEBUG Aug  2 08:03:22.402084168, secrets.go:35] Gcloud Secretmanager failed to initialize (ignore if you're not trying to use gcloud): google: could not find default credentials. See https://developers.google.com/accounts/docs/application-default-credentials for more information.
[DEBUG Aug  2 08:03:22.408191727, output.go:53] Requested outputer for 
[DEBUG Aug  2 08:03:22.408251940, output.go:58] Using Plain outputer
[DEBUG Aug  2 08:03:22.408368850, termutils.go:17] Cannot get terminal size: inappropriate ioctl for device
[DEBUG Aug  2 08:03:22.408555039, client.go:128] Reporting event to 2 reporters: run-command, state-svc start, 
[DEBUG Aug  2 08:03:22.408566127, main.go:107] Running CmdStart
[DEBUG Aug  2 08:03:22.415292064, errs.go:75] Wrapped error: Service is already running -- with: valueF failed
[DEBUG Aug  2 08:03:22.415344891, errs.go:75] Wrapped error: valueF failed -- with: Could not store pid
[DEBUG Aug  2 08:03:22.415408988, errors.go:113] Wrapped input error: Could not store pid -- with: A State Service instance is already running in the background.
[DEBUG Aug  2 08:03:22.415421435, errs.go:75] Wrapped error: A State Service instance is already running in the background. -- with: Could not start serviceManager
[DEBUG Aug  2 08:03:22.415493147, client.go:128] Reporting event to 2 reporters: command-exit, state-svc start, 1
[DEBUG Aug  2 08:03:22.742257265, errs.go:75] Wrapped error: <nil> -- with: Could not start serviceManager: A State Service instance is already running in the background.: Could not store pid: valueF failed: Service is already running
[DEBUG Aug  2 08:03:22.742303138, main.go:61] state-svc errored out due to input: Could not start serviceManager: A State Service instance is already running in the background.: Could not store pid: valueF failed: Service is already running
