[DEBUG Aug  2 07:54:38.302150928, defaults.go:273] Args: [/home1/wangfeim/.local/ActiveState/StateTool/release/bin/state-svc start]
[DEBUG Aug  2 07:54:38.316320836, locale.go:38] Init
[DEBUG Aug  2 07:54:38.692668854, errs.go:68] Created error: File could not be found
[DEBUG Aug  2 07:54:38.695782898, errs.go:68] Created error: Not Recognized
[DEBUG Aug  2 07:54:38.718032727, errs.go:68] Created error: Secret not found
[DEBUG Aug  2 07:54:38.718088871, errs.go:68] Created error: Could not save keypair
[DEBUG Aug  2 07:54:38.718261467, errs.go:68] Created error: Build responded with error
[DEBUG Aug  2 07:54:38.718289981, errs.go:68] Created error: Unknown build type
[DEBUG Aug  2 07:54:38.718416047, errors.go:86] Wrapped localized error: <nil> -- with: The installed version of the State Tool Service does not match that of the client.
Please stop the service with [ACTIONABLE]state-svc stop[/RESET] and try your command again.
If this issue persists please reinstall the State Tool.

[DEBUG Aug  2 07:54:38.718431542, errs.go:68] Created error: no data
[DEBUG Aug  2 07:54:38.718457182, errs.go:68] Created error: member not found
[DEBUG Aug  2 07:54:38.718491115, errs.go:68] Created error: Commit count is unknowable
[DEBUG Aug  2 07:54:38.718520515, errs.go:68] Created error: No merge required
[DEBUG Aug  2 07:54:38.718550675, errs.go:68] Created error: Can't merge commit thats already in target commits history
[DEBUG Aug  2 07:54:38.718575307, errs.go:68] Created error: Bad expander name
[DEBUG Aug  2 07:54:38.718606039, errs.go:68] Created error: Expander has no handler
[DEBUG Aug  2 07:54:38.719841931, errs.go:68] Created error: Service is already running
[DEBUG Aug  2 07:54:38.793738401, secrets.go:35] Gcloud Secretmanager failed to initialize (ignore if you're not trying to use gcloud): google: could not find default credentials. See https://developers.google.com/accounts/docs/application-default-credentials for more information.
[DEBUG Aug  2 07:54:38.796961901, output.go:53] Requested outputer for 
[DEBUG Aug  2 07:54:38.796993992, output.go:58] Using Plain outputer
[DEBUG Aug  2 07:54:38.797067005, termutils.go:17] Cannot get terminal size: inappropriate ioctl for device
[DEBUG Aug  2 07:54:38.797098777, client.go:128] Reporting event to 2 reporters: run-command, state-svc start, 
[DEBUG Aug  2 07:54:38.797214674, main.go:107] Running CmdStart
[DEBUG Aug  2 07:54:38.803078378, errs.go:75] Wrapped error: Service is already running -- with: valueF failed
[DEBUG Aug  2 07:54:38.803141660, errs.go:75] Wrapped error: valueF failed -- with: Could not store pid
[DEBUG Aug  2 07:54:38.803220772, errors.go:113] Wrapped input error: Could not store pid -- with: A State Service instance is already running in the background.
[DEBUG Aug  2 07:54:38.803236436, errs.go:75] Wrapped error: A State Service instance is already running in the background. -- with: Could not start serviceManager
[DEBUG Aug  2 07:54:38.803318525, client.go:128] Reporting event to 2 reporters: command-exit, state-svc start, 1
[DEBUG Aug  2 07:54:39.216078277, errs.go:75] Wrapped error: <nil> -- with: Could not start serviceManager: A State Service instance is already running in the background.: Could not store pid: valueF failed: Service is already running
[DEBUG Aug  2 07:54:39.216153200, main.go:61] state-svc errored out due to input: Could not start serviceManager: A State Service instance is already running in the background.: Could not store pid: valueF failed: Service is already running
