[DEBUG Aug  2 07:52:19.007558889, defaults.go:273] Args: [/home1/wangfeim/.local/ActiveState/StateTool/release/bin/state-svc start]
[DEBUG Aug  2 07:52:19.022138138, locale.go:38] Init
[DEBUG Aug  2 07:52:19.095153172, errs.go:68] Created error: File could not be found
[DEBUG Aug  2 07:52:19.099912297, errs.go:68] Created error: Not Recognized
[DEBUG Aug  2 07:52:19.131317709, errs.go:68] Created error: Secret not found
[DEBUG Aug  2 07:52:19.131390547, errs.go:68] Created error: Could not save keypair
[DEBUG Aug  2 07:52:19.131661650, errs.go:68] Created error: Build responded with error
[DEBUG Aug  2 07:52:19.131712160, errs.go:68] Created error: Unknown build type
[DEBUG Aug  2 07:52:19.131893578, errors.go:86] Wrapped localized error: <nil> -- with: The installed version of the State Tool Service does not match that of the client.
Please stop the service with [ACTIONABLE]state-svc stop[/RESET] and try your command again.
If this issue persists please reinstall the State Tool.

[DEBUG Aug  2 07:52:19.131914838, errs.go:68] Created error: no data
[DEBUG Aug  2 07:52:19.131960050, errs.go:68] Created error: member not found
[DEBUG Aug  2 07:52:19.131997808, errs.go:68] Created error: Commit count is unknowable
[DEBUG Aug  2 07:52:19.132034335, errs.go:68] Created error: No merge required
[DEBUG Aug  2 07:52:19.132071084, errs.go:68] Created error: Can't merge commit thats already in target commits history
[DEBUG Aug  2 07:52:19.132108609, errs.go:68] Created error: Bad expander name
[DEBUG Aug  2 07:52:19.132143763, errs.go:68] Created error: Expander has no handler
[DEBUG Aug  2 07:52:19.133411748, errs.go:68] Created error: Service is already running
[DEBUG Aug  2 07:52:19.188902740, secrets.go:35] Gcloud Secretmanager failed to initialize (ignore if you're not trying to use gcloud): google: could not find default credentials. See https://developers.google.com/accounts/docs/application-default-credentials for more information.
[DEBUG Aug  2 07:52:19.193425321, output.go:53] Requested outputer for 
[DEBUG Aug  2 07:52:19.193456749, output.go:58] Using Plain outputer
[DEBUG Aug  2 07:52:19.193563213, termutils.go:17] Cannot get terminal size: inappropriate ioctl for device
[DEBUG Aug  2 07:52:19.193585678, client.go:128] Reporting event to 2 reporters: run-command, state-svc start, 
[DEBUG Aug  2 07:52:19.193736818, main.go:107] Running CmdStart
[DEBUG Aug  2 07:52:19.199535508, errs.go:75] Wrapped error: Service is already running -- with: valueF failed
[DEBUG Aug  2 07:52:19.199597531, errs.go:75] Wrapped error: valueF failed -- with: Could not store pid
[DEBUG Aug  2 07:52:19.199671551, errors.go:113] Wrapped input error: Could not store pid -- with: A State Service instance is already running in the background.
[DEBUG Aug  2 07:52:19.199685531, errs.go:75] Wrapped error: A State Service instance is already running in the background. -- with: Could not start serviceManager
[DEBUG Aug  2 07:52:19.199747233, client.go:128] Reporting event to 2 reporters: command-exit, state-svc start, 1
[DEBUG Aug  2 07:52:19.585004311, errs.go:75] Wrapped error: <nil> -- with: Could not start serviceManager: A State Service instance is already running in the background.: Could not store pid: valueF failed: Service is already running
[DEBUG Aug  2 07:52:19.585072696, main.go:61] state-svc errored out due to input: Could not start serviceManager: A State Service instance is already running in the background.: Could not store pid: valueF failed: Service is already running
