[DEBUG Aug  2 07:39:34.644262671, defaults.go:273] Args: [/home1/wangfeim/.local/ActiveState/StateTool/release/bin/state-svc start]
[DEBUG Aug  2 07:39:34.659248102, locale.go:38] Init
[DEBUG Aug  2 07:39:34.724001313, errs.go:68] Created error: File could not be found
[DEBUG Aug  2 07:39:34.726845243, errs.go:68] Created error: Not Recognized
[DEBUG Aug  2 07:39:34.747463577, errs.go:68] Created error: Secret not found
[DEBUG Aug  2 07:39:34.747520171, errs.go:68] Created error: Could not save keypair
[DEBUG Aug  2 07:39:34.747731366, errs.go:68] Created error: Build responded with error
[DEBUG Aug  2 07:39:34.747759532, errs.go:68] Created error: Unknown build type
[DEBUG Aug  2 07:39:34.747877188, errors.go:86] Wrapped localized error: <nil> -- with: The installed version of the State Tool Service does not match that of the client.
Please stop the service with [ACTIONABLE]state-svc stop[/RESET] and try your command again.
If this issue persists please reinstall the State Tool.

[DEBUG Aug  2 07:39:34.747893482, errs.go:68] Created error: no data
[DEBUG Aug  2 07:39:34.747923435, errs.go:68] Created error: member not found
[DEBUG Aug  2 07:39:34.747948389, errs.go:68] Created error: Commit count is unknowable
[DEBUG Aug  2 07:39:34.747988447, errs.go:68] Created error: No merge required
[DEBUG Aug  2 07:39:34.748011036, errs.go:68] Created error: Can't merge commit thats already in target commits history
[DEBUG Aug  2 07:39:34.748037146, errs.go:68] Created error: Bad expander name
[DEBUG Aug  2 07:39:34.748059701, errs.go:68] Created error: Expander has no handler
[DEBUG Aug  2 07:39:34.749199759, errs.go:68] Created error: Service is already running
[DEBUG Aug  2 07:39:34.805242671, secrets.go:35] Gcloud Secretmanager failed to initialize (ignore if you're not trying to use gcloud): google: could not find default credentials. See https://developers.google.com/accounts/docs/application-default-credentials for more information.
[DEBUG Aug  2 07:39:34.808823187, output.go:53] Requested outputer for 
[DEBUG Aug  2 07:39:34.808847552, output.go:58] Using Plain outputer
[DEBUG Aug  2 07:39:34.808929979, termutils.go:17] Cannot get terminal size: inappropriate ioctl for device
[DEBUG Aug  2 07:39:34.809024030, client.go:128] Reporting event to 2 reporters: run-command, state-svc start, 
[DEBUG Aug  2 07:39:34.809082053, main.go:107] Running CmdStart
[DEBUG Aug  2 07:39:34.814850821, errs.go:75] Wrapped error: Service is already running -- with: valueF failed
[DEBUG Aug  2 07:39:34.814916349, errs.go:75] Wrapped error: valueF failed -- with: Could not store pid
[DEBUG Aug  2 07:39:34.814992491, errors.go:113] Wrapped input error: Could not store pid -- with: A State Service instance is already running in the background.
[DEBUG Aug  2 07:39:34.815007620, errs.go:75] Wrapped error: A State Service instance is already running in the background. -- with: Could not start serviceManager
[DEBUG Aug  2 07:39:34.815080595, client.go:128] Reporting event to 2 reporters: command-exit, state-svc start, 1
[DEBUG Aug  2 07:39:35.194581021, errs.go:75] Wrapped error: <nil> -- with: Could not start serviceManager: A State Service instance is already running in the background.: Could not store pid: valueF failed: Service is already running
[DEBUG Aug  2 07:39:35.194667315, main.go:61] state-svc errored out due to input: Could not start serviceManager: A State Service instance is already running in the background.: Could not store pid: valueF failed: Service is already running
