[DEBUG Sep 17 23:31:52.342508842, defaults.go:273] Args: [/home1/wangfeim/.local/ActiveState/StateTool/release/bin/state-svc start]
[DEBUG Sep 17 23:31:52.358405840, locale.go:38] Init
[DEBUG Sep 17 23:31:52.393242791, errs.go:68] Created error: File could not be found
[DEBUG Sep 17 23:31:52.396578409, errs.go:68] Created error: Not Recognized
[DEBUG Sep 17 23:31:52.421553851, errs.go:68] Created error: Secret not found
[DEBUG Sep 17 23:31:52.421610505, errs.go:68] Created error: Could not save keypair
[DEBUG Sep 17 23:31:52.421810742, errs.go:68] Created error: Build responded with error
[DEBUG Sep 17 23:31:52.421855338, errs.go:68] Created error: Unknown build type
[DEBUG Sep 17 23:31:52.421979132, errors.go:86] Wrapped localized error: <nil> -- with: The installed version of the State Tool Service does not match that of the client.
Please stop the service with [ACTIONABLE]state-svc stop[/RESET] and try your command again.
If this issue persists please reinstall the State Tool.

[DEBUG Sep 17 23:31:52.421993705, errs.go:68] Created error: no data
[DEBUG Sep 17 23:31:52.422022101, errs.go:68] Created error: member not found
[DEBUG Sep 17 23:31:52.422045336, errs.go:68] Created error: Commit count is unknowable
[DEBUG Sep 17 23:31:52.422322317, errs.go:68] Created error: No merge required
[DEBUG Sep 17 23:31:52.422352296, errs.go:68] Created error: Can't merge commit thats already in target commits history
[DEBUG Sep 17 23:31:52.422391151, errs.go:68] Created error: Bad expander name
[DEBUG Sep 17 23:31:52.422424501, errs.go:68] Created error: Expander has no handler
[DEBUG Sep 17 23:31:52.424347976, errs.go:68] Created error: Service is already running
[DEBUG Sep 17 23:31:52.465881609, secrets.go:35] Gcloud Secretmanager failed to initialize (ignore if you're not trying to use gcloud): google: could not find default credentials. See https://developers.google.com/accounts/docs/application-default-credentials for more information.
[DEBUG Sep 17 23:31:52.470467704, output.go:53] Requested outputer for 
[DEBUG Sep 17 23:31:52.470513395, output.go:58] Using Plain outputer
[DEBUG Sep 17 23:31:52.470579681, termutils.go:17] Cannot get terminal size: inappropriate ioctl for device
[DEBUG Sep 17 23:31:52.470668945, main.go:107] Running CmdStart
[DEBUG Sep 17 23:31:52.471898149, exeutils.go:149] Executing: /home1/wangfeim/.local/ActiveState/StateTool/release/bin/state-svc [foreground]
[DEBUG Sep 17 23:31:52.476331364, manager.go:68] Process started using pid 27101
[DEBUG Sep 17 23:31:52.476425029, client.go:128] Reporting event to 2 reporters: command-exit, state-svc start, 0
[DEBUG Sep 17 23:31:52.476689385, client.go:128] Reporting event to 2 reporters: run-command, state-svc start, 
