[DEBUG Sep 17 23:38:26.409686694, defaults.go:273] Args: [/home1/wangfeim/.local/ActiveState/StateTool/release/bin/state-svc start]
[DEBUG Sep 17 23:38:26.427534572, locale.go:38] Init
[DEBUG Sep 17 23:38:26.469152301, errs.go:68] Created error: File could not be found
[DEBUG Sep 17 23:38:26.472341267, errs.go:68] Created error: Not Recognized
[DEBUG Sep 17 23:38:26.499607321, errs.go:68] Created error: Secret not found
[DEBUG Sep 17 23:38:26.499697384, errs.go:68] Created error: Could not save keypair
[DEBUG Sep 17 23:38:26.500040936, errs.go:68] Created error: Build responded with error
[DEBUG Sep 17 23:38:26.500097136, errs.go:68] Created error: Unknown build type
[DEBUG Sep 17 23:38:26.500260188, errors.go:86] Wrapped localized error: <nil> -- with: The installed version of the State Tool Service does not match that of the client.
Please stop the service with [ACTIONABLE]state-svc stop[/RESET] and try your command again.
If this issue persists please reinstall the State Tool.

[DEBUG Sep 17 23:38:26.500280934, errs.go:68] Created error: no data
[DEBUG Sep 17 23:38:26.500314297, errs.go:68] Created error: member not found
[DEBUG Sep 17 23:38:26.500344435, errs.go:68] Created error: Commit count is unknowable
[DEBUG Sep 17 23:38:26.500465296, errs.go:68] Created error: No merge required
[DEBUG Sep 17 23:38:26.500502061, errs.go:68] Created error: Can't merge commit thats already in target commits history
[DEBUG Sep 17 23:38:26.500533893, errs.go:68] Created error: Bad expander name
[DEBUG Sep 17 23:38:26.500565211, errs.go:68] Created error: Expander has no handler
[DEBUG Sep 17 23:38:26.503558722, errs.go:68] Created error: Service is already running
[DEBUG Sep 17 23:38:26.543708077, secrets.go:35] Gcloud Secretmanager failed to initialize (ignore if you're not trying to use gcloud): google: could not find default credentials. See https://developers.google.com/accounts/docs/application-default-credentials for more information.
[DEBUG Sep 17 23:38:26.548991211, output.go:53] Requested outputer for 
[DEBUG Sep 17 23:38:26.549011359, output.go:58] Using Plain outputer
[DEBUG Sep 17 23:38:26.549101869, termutils.go:17] Cannot get terminal size: inappropriate ioctl for device
[DEBUG Sep 17 23:38:26.549236775, main.go:107] Running CmdStart
[DEBUG Sep 17 23:38:26.550420997, exeutils.go:149] Executing: /home1/wangfeim/.local/ActiveState/StateTool/release/bin/state-svc [foreground]
[DEBUG Sep 17 23:38:26.556035750, manager.go:68] Process started using pid 909
[DEBUG Sep 17 23:38:26.556086928, client.go:128] Reporting event to 2 reporters: command-exit, state-svc start, 0
[DEBUG Sep 17 23:38:26.556339138, client.go:128] Reporting event to 2 reporters: run-command, state-svc start, 
