[DEBUG Aug  2 08:09:44.232938411, defaults.go:273] Args: [/home1/wangfeim/.local/ActiveState/StateTool/release/bin/state-svc start]
[DEBUG Aug  2 08:09:44.247371075, locale.go:38] Init
[DEBUG Aug  2 08:09:44.304878735, errs.go:68] Created error: File could not be found
[DEBUG Aug  2 08:09:44.308425577, errs.go:68] Created error: Not Recognized
[DEBUG Aug  2 08:09:44.329354529, errs.go:68] Created error: Secret not found
[DEBUG Aug  2 08:09:44.329407927, errs.go:68] Created error: Could not save keypair
[DEBUG Aug  2 08:09:44.329601617, errs.go:68] Created error: Build responded with error
[DEBUG Aug  2 08:09:44.329631895, errs.go:68] Created error: Unknown build type
[DEBUG Aug  2 08:09:44.329760746, errors.go:86] Wrapped localized error: <nil> -- with: The installed version of the State Tool Service does not match that of the client.
Please stop the service with [ACTIONABLE]state-svc stop[/RESET] and try your command again.
If this issue persists please reinstall the State Tool.

[DEBUG Aug  2 08:09:44.329790065, errs.go:68] Created error: no data
[DEBUG Aug  2 08:09:44.329812175, errs.go:68] Created error: member not found
[DEBUG Aug  2 08:09:44.329838933, errs.go:68] Created error: Commit count is unknowable
[DEBUG Aug  2 08:09:44.329866525, errs.go:68] Created error: No merge required
[DEBUG Aug  2 08:09:44.329888611, errs.go:68] Created error: Can't merge commit thats already in target commits history
[DEBUG Aug  2 08:09:44.329911663, errs.go:68] Created error: Bad expander name
[DEBUG Aug  2 08:09:44.329933492, errs.go:68] Created error: Expander has no handler
[DEBUG Aug  2 08:09:44.330950014, errs.go:68] Created error: Service is already running
[DEBUG Aug  2 08:09:44.393117380, secrets.go:35] Gcloud Secretmanager failed to initialize (ignore if you're not trying to use gcloud): google: could not find default credentials. See https://developers.google.com/accounts/docs/application-default-credentials for more information.
[DEBUG Aug  2 08:09:44.398796690, output.go:53] Requested outputer for 
[DEBUG Aug  2 08:09:44.398819426, output.go:58] Using Plain outputer
[DEBUG Aug  2 08:09:44.398895224, termutils.go:17] Cannot get terminal size: inappropriate ioctl for device
[DEBUG Aug  2 08:09:44.398930454, client.go:128] Reporting event to 2 reporters: run-command, state-svc start, 
[DEBUG Aug  2 08:09:44.399038789, main.go:107] Running CmdStart
[DEBUG Aug  2 08:09:44.404733208, errs.go:75] Wrapped error: Service is already running -- with: valueF failed
[DEBUG Aug  2 08:09:44.404785710, errs.go:75] Wrapped error: valueF failed -- with: Could not store pid
[DEBUG Aug  2 08:09:44.404851242, errors.go:113] Wrapped input error: Could not store pid -- with: A State Service instance is already running in the background.
[DEBUG Aug  2 08:09:44.404864925, errs.go:75] Wrapped error: A State Service instance is already running in the background. -- with: Could not start serviceManager
[DEBUG Aug  2 08:09:44.404929889, client.go:128] Reporting event to 2 reporters: command-exit, state-svc start, 1
[DEBUG Aug  2 08:09:44.757100430, errs.go:75] Wrapped error: <nil> -- with: Could not start serviceManager: A State Service instance is already running in the background.: Could not store pid: valueF failed: Service is already running
[DEBUG Aug  2 08:09:44.757176269, main.go:61] state-svc errored out due to input: Could not start serviceManager: A State Service instance is already running in the background.: Could not store pid: valueF failed: Service is already running
