[DEBUG Aug  2 07:39:16.011461792, defaults.go:273] Args: [/home1/wangfeim/.local/ActiveState/StateTool/release/bin/state-svc start]
[DEBUG Aug  2 07:39:16.025918459, locale.go:38] Init
[DEBUG Aug  2 07:39:16.126145581, errs.go:68] Created error: File could not be found
[DEBUG Aug  2 07:39:16.129135177, errs.go:68] Created error: Not Recognized
[DEBUG Aug  2 07:39:16.150159384, errs.go:68] Created error: Secret not found
[DEBUG Aug  2 07:39:16.150234738, errs.go:68] Created error: Could not save keypair
[DEBUG Aug  2 07:39:16.150501184, errs.go:68] Created error: Build responded with error
[DEBUG Aug  2 07:39:16.150555879, errs.go:68] Created error: Unknown build type
[DEBUG Aug  2 07:39:16.150722037, errors.go:86] Wrapped localized error: <nil> -- with: The installed version of the State Tool Service does not match that of the client.
Please stop the service with [ACTIONABLE]state-svc stop[/RESET] and try your command again.
If this issue persists please reinstall the State Tool.

[DEBUG Aug  2 07:39:16.150746996, errs.go:68] Created error: no data
[DEBUG Aug  2 07:39:16.150800923, errs.go:68] Created error: member not found
[DEBUG Aug  2 07:39:16.150832637, errs.go:68] Created error: Commit count is unknowable
[DEBUG Aug  2 07:39:16.150863113, errs.go:68] Created error: No merge required
[DEBUG Aug  2 07:39:16.150894649, errs.go:68] Created error: Can't merge commit thats already in target commits history
[DEBUG Aug  2 07:39:16.150928228, errs.go:68] Created error: Bad expander name
[DEBUG Aug  2 07:39:16.150957524, errs.go:68] Created error: Expander has no handler
[DEBUG Aug  2 07:39:16.152302872, errs.go:68] Created error: Service is already running
[DEBUG Aug  2 07:39:16.203204176, secrets.go:35] Gcloud Secretmanager failed to initialize (ignore if you're not trying to use gcloud): google: could not find default credentials. See https://developers.google.com/accounts/docs/application-default-credentials for more information.
[DEBUG Aug  2 07:39:16.206453363, output.go:53] Requested outputer for 
[DEBUG Aug  2 07:39:16.206485127, output.go:58] Using Plain outputer
[DEBUG Aug  2 07:39:16.206591505, termutils.go:17] Cannot get terminal size: inappropriate ioctl for device
[DEBUG Aug  2 07:39:16.206674609, client.go:128] Reporting event to 2 reporters: run-command, state-svc start, 
[DEBUG Aug  2 07:39:16.206757939, main.go:107] Running CmdStart
[DEBUG Aug  2 07:39:16.212563082, errs.go:75] Wrapped error: Service is already running -- with: valueF failed
[DEBUG Aug  2 07:39:16.212632719, errs.go:75] Wrapped error: valueF failed -- with: Could not store pid
[DEBUG Aug  2 07:39:16.212729095, errors.go:113] Wrapped input error: Could not store pid -- with: A State Service instance is already running in the background.
[DEBUG Aug  2 07:39:16.212743885, errs.go:75] Wrapped error: A State Service instance is already running in the background. -- with: Could not start serviceManager
[DEBUG Aug  2 07:39:16.212826000, client.go:128] Reporting event to 2 reporters: command-exit, state-svc start, 1
[DEBUG Aug  2 07:39:16.585747261, errs.go:75] Wrapped error: <nil> -- with: Could not start serviceManager: A State Service instance is already running in the background.: Could not store pid: valueF failed: Service is already running
[DEBUG Aug  2 07:39:16.585818726, main.go:61] state-svc errored out due to input: Could not start serviceManager: A State Service instance is already running in the background.: Could not store pid: valueF failed: Service is already running
