[DEBUG Aug  2 08:18:21.518655906, defaults.go:273] Args: [/home1/wangfeim/.local/ActiveState/StateTool/release/bin/state-svc start]
[DEBUG Aug  2 08:18:21.534951236, locale.go:38] Init
[DEBUG Aug  2 08:18:21.611830703, errs.go:68] Created error: File could not be found
[DEBUG Aug  2 08:18:21.615049470, errs.go:68] Created error: Not Recognized
[DEBUG Aug  2 08:18:21.635313180, errs.go:68] Created error: Secret not found
[DEBUG Aug  2 08:18:21.635398674, errs.go:68] Created error: Could not save keypair
[DEBUG Aug  2 08:18:21.635734060, errs.go:68] Created error: Build responded with error
[DEBUG Aug  2 08:18:21.635785196, errs.go:68] Created error: Unknown build type
[DEBUG Aug  2 08:18:21.636397066, errors.go:86] Wrapped localized error: <nil> -- with: The installed version of the State Tool Service does not match that of the client.
Please stop the service with [ACTIONABLE]state-svc stop[/RESET] and try your command again.
If this issue persists please reinstall the State Tool.

[DEBUG Aug  2 08:18:21.636653164, errs.go:68] Created error: no data
[DEBUG Aug  2 08:18:21.636699709, errs.go:68] Created error: member not found
[DEBUG Aug  2 08:18:21.636728543, errs.go:68] Created error: Commit count is unknowable
[DEBUG Aug  2 08:18:21.636753675, errs.go:68] Created error: No merge required
[DEBUG Aug  2 08:18:21.636780967, errs.go:68] Created error: Can't merge commit thats already in target commits history
[DEBUG Aug  2 08:18:21.636809380, errs.go:68] Created error: Bad expander name
[DEBUG Aug  2 08:18:21.636834201, errs.go:68] Created error: Expander has no handler
[DEBUG Aug  2 08:18:21.637829961, errs.go:68] Created error: Service is already running
[DEBUG Aug  2 08:18:21.698745458, secrets.go:35] Gcloud Secretmanager failed to initialize (ignore if you're not trying to use gcloud): google: could not find default credentials. See https://developers.google.com/accounts/docs/application-default-credentials for more information.
[DEBUG Aug  2 08:18:21.701787344, output.go:53] Requested outputer for 
[DEBUG Aug  2 08:18:21.701809273, output.go:58] Using Plain outputer
[DEBUG Aug  2 08:18:21.701867900, termutils.go:17] Cannot get terminal size: inappropriate ioctl for device
[DEBUG Aug  2 08:18:21.702007946, client.go:128] Reporting event to 2 reporters: run-command, state-svc start, 
[DEBUG Aug  2 08:18:21.702012942, main.go:107] Running CmdStart
[DEBUG Aug  2 08:18:21.708138659, errs.go:75] Wrapped error: Service is already running -- with: valueF failed
[DEBUG Aug  2 08:18:21.708195807, errs.go:75] Wrapped error: valueF failed -- with: Could not store pid
[DEBUG Aug  2 08:18:21.708270957, errors.go:113] Wrapped input error: Could not store pid -- with: A State Service instance is already running in the background.
[DEBUG Aug  2 08:18:21.708297311, errs.go:75] Wrapped error: A State Service instance is already running in the background. -- with: Could not start serviceManager
[DEBUG Aug  2 08:18:21.708367266, client.go:128] Reporting event to 2 reporters: command-exit, state-svc start, 1
[DEBUG Aug  2 08:18:22.084902960, errs.go:75] Wrapped error: <nil> -- with: Could not start serviceManager: A State Service instance is already running in the background.: Could not store pid: valueF failed: Service is already running
[DEBUG Aug  2 08:18:22.084977816, main.go:61] state-svc errored out due to input: Could not start serviceManager: A State Service instance is already running in the background.: Could not store pid: valueF failed: Service is already running
