[DEBUG Aug  2 08:04:43.799805295, defaults.go:273] Args: [/home1/wangfeim/.local/ActiveState/StateTool/release/bin/state-svc start]
[DEBUG Aug  2 08:04:43.814090493, locale.go:38] Init
[DEBUG Aug  2 08:04:44.464097189, errs.go:68] Created error: File could not be found
[DEBUG Aug  2 08:04:44.467091605, errs.go:68] Created error: Not Recognized
[DEBUG Aug  2 08:04:44.502374664, errs.go:68] Created error: Secret not found
[DEBUG Aug  2 08:04:44.502434399, errs.go:68] Created error: Could not save keypair
[DEBUG Aug  2 08:04:44.502629441, errs.go:68] Created error: Build responded with error
[DEBUG Aug  2 08:04:44.502660010, errs.go:68] Created error: Unknown build type
[DEBUG Aug  2 08:04:44.502781895, errors.go:86] Wrapped localized error: <nil> -- with: The installed version of the State Tool Service does not match that of the client.
Please stop the service with [ACTIONABLE]state-svc stop[/RESET] and try your command again.
If this issue persists please reinstall the State Tool.

[DEBUG Aug  2 08:04:44.502796485, errs.go:68] Created error: no data
[DEBUG Aug  2 08:04:44.502822506, errs.go:68] Created error: member not found
[DEBUG Aug  2 08:04:44.502846389, errs.go:68] Created error: Commit count is unknowable
[DEBUG Aug  2 08:04:44.502873439, errs.go:68] Created error: No merge required
[DEBUG Aug  2 08:04:44.502897653, errs.go:68] Created error: Can't merge commit thats already in target commits history
[DEBUG Aug  2 08:04:44.502923979, errs.go:68] Created error: Bad expander name
[DEBUG Aug  2 08:04:44.502948131, errs.go:68] Created error: Expander has no handler
[DEBUG Aug  2 08:04:44.504257258, errs.go:68] Created error: Service is already running
[DEBUG Aug  2 08:04:44.533582239, secrets.go:35] Gcloud Secretmanager failed to initialize (ignore if you're not trying to use gcloud): google: could not find default credentials. See https://developers.google.com/accounts/docs/application-default-credentials for more information.
[DEBUG Aug  2 08:04:44.539499590, output.go:53] Requested outputer for 
[DEBUG Aug  2 08:04:44.539530316, output.go:58] Using Plain outputer
[DEBUG Aug  2 08:04:44.539624547, termutils.go:17] Cannot get terminal size: inappropriate ioctl for device
[DEBUG Aug  2 08:04:44.539744170, client.go:128] Reporting event to 2 reporters: run-command, state-svc start, 
[DEBUG Aug  2 08:04:44.539787135, main.go:107] Running CmdStart
[DEBUG Aug  2 08:04:44.585394343, errs.go:75] Wrapped error: Service is already running -- with: valueF failed
[DEBUG Aug  2 08:04:44.585457534, errs.go:75] Wrapped error: valueF failed -- with: Could not store pid
[DEBUG Aug  2 08:04:44.585548564, errors.go:113] Wrapped input error: Could not store pid -- with: A State Service instance is already running in the background.
[DEBUG Aug  2 08:04:44.585564308, errs.go:75] Wrapped error: A State Service instance is already running in the background. -- with: Could not start serviceManager
[DEBUG Aug  2 08:04:44.585703435, client.go:128] Reporting event to 2 reporters: command-exit, state-svc start, 1
[DEBUG Aug  2 08:04:44.989261750, errs.go:75] Wrapped error: <nil> -- with: Could not start serviceManager: A State Service instance is already running in the background.: Could not store pid: valueF failed: Service is already running
[DEBUG Aug  2 08:04:44.989333610, main.go:61] state-svc errored out due to input: Could not start serviceManager: A State Service instance is already running in the background.: Could not store pid: valueF failed: Service is already running
