[DEBUG Aug  2 07:35:09.420494563, defaults.go:273] Args: [/home1/wangfeim/.local/ActiveState/StateTool/release/bin/state-svc start]
[DEBUG Aug  2 07:35:09.434676681, locale.go:38] Init
[DEBUG Aug  2 07:35:09.477571184, errs.go:68] Created error: File could not be found
[DEBUG Aug  2 07:35:09.480188189, errs.go:68] Created error: Not Recognized
[DEBUG Aug  2 07:35:09.499610343, errs.go:68] Created error: Secret not found
[DEBUG Aug  2 07:35:09.499716373, errs.go:68] Created error: Could not save keypair
[DEBUG Aug  2 07:35:09.500163746, errs.go:68] Created error: Build responded with error
[DEBUG Aug  2 07:35:09.500217311, errs.go:68] Created error: Unknown build type
[DEBUG Aug  2 07:35:09.500397326, errors.go:86] Wrapped localized error: <nil> -- with: The installed version of the State Tool Service does not match that of the client.
Please stop the service with [ACTIONABLE]state-svc stop[/RESET] and try your command again.
If this issue persists please reinstall the State Tool.

[DEBUG Aug  2 07:35:09.500683735, errs.go:68] Created error: no data
[DEBUG Aug  2 07:35:09.500723753, errs.go:68] Created error: member not found
[DEBUG Aug  2 07:35:09.500750508, errs.go:68] Created error: Commit count is unknowable
[DEBUG Aug  2 07:35:09.500776172, errs.go:68] Created error: No merge required
[DEBUG Aug  2 07:35:09.500801489, errs.go:68] Created error: Can't merge commit thats already in target commits history
[DEBUG Aug  2 07:35:09.500826884, errs.go:68] Created error: Bad expander name
[DEBUG Aug  2 07:35:09.500851030, errs.go:68] Created error: Expander has no handler
[DEBUG Aug  2 07:35:09.501815702, errs.go:68] Created error: Service is already running
[DEBUG Aug  2 07:35:09.527199368, secrets.go:35] Gcloud Secretmanager failed to initialize (ignore if you're not trying to use gcloud): google: could not find default credentials. See https://developers.google.com/accounts/docs/application-default-credentials for more information.
[DEBUG Aug  2 07:35:09.530998277, output.go:53] Requested outputer for 
[DEBUG Aug  2 07:35:09.531019827, output.go:58] Using Plain outputer
[DEBUG Aug  2 07:35:09.531080120, termutils.go:17] Cannot get terminal size: inappropriate ioctl for device
[DEBUG Aug  2 07:35:09.531250400, main.go:107] Running CmdStart
[DEBUG Aug  2 07:35:09.531245067, client.go:128] Reporting event to 2 reporters: run-command, state-svc start, 
[DEBUG Aug  2 07:35:09.536650971, errs.go:75] Wrapped error: Service is already running -- with: valueF failed
[DEBUG Aug  2 07:35:09.536703291, errs.go:75] Wrapped error: valueF failed -- with: Could not store pid
[DEBUG Aug  2 07:35:09.536766368, errors.go:113] Wrapped input error: Could not store pid -- with: A State Service instance is already running in the background.
[DEBUG Aug  2 07:35:09.536778942, errs.go:75] Wrapped error: A State Service instance is already running in the background. -- with: Could not start serviceManager
[DEBUG Aug  2 07:35:09.536852740, client.go:128] Reporting event to 2 reporters: command-exit, state-svc start, 1
[DEBUG Aug  2 07:35:09.867974241, errs.go:75] Wrapped error: <nil> -- with: Could not start serviceManager: A State Service instance is already running in the background.: Could not store pid: valueF failed: Service is already running
[DEBUG Aug  2 07:35:09.868062576, main.go:61] state-svc errored out due to input: Could not start serviceManager: A State Service instance is already running in the background.: Could not store pid: valueF failed: Service is already running
