[DEBUG Aug  2 08:14:47.241019631, defaults.go:273] Args: [/home1/wangfeim/.local/ActiveState/StateTool/release/bin/state-svc start]
[DEBUG Aug  2 08:14:47.254176618, locale.go:38] Init
[DEBUG Aug  2 08:14:47.323181875, errs.go:68] Created error: File could not be found
[DEBUG Aug  2 08:14:47.326212164, errs.go:68] Created error: Not Recognized
[DEBUG Aug  2 08:14:47.385947033, errs.go:68] Created error: Secret not found
[DEBUG Aug  2 08:14:47.386001838, errs.go:68] Created error: Could not save keypair
[DEBUG Aug  2 08:14:47.386158463, errs.go:68] Created error: Build responded with error
[DEBUG Aug  2 08:14:47.386185330, errs.go:68] Created error: Unknown build type
[DEBUG Aug  2 08:14:47.386311632, errors.go:86] Wrapped localized error: <nil> -- with: The installed version of the State Tool Service does not match that of the client.
Please stop the service with [ACTIONABLE]state-svc stop[/RESET] and try your command again.
If this issue persists please reinstall the State Tool.

[DEBUG Aug  2 08:14:47.386326676, errs.go:68] Created error: no data
[DEBUG Aug  2 08:14:47.386351378, errs.go:68] Created error: member not found
[DEBUG Aug  2 08:14:47.386373155, errs.go:68] Created error: Commit count is unknowable
[DEBUG Aug  2 08:14:47.386398922, errs.go:68] Created error: No merge required
[DEBUG Aug  2 08:14:47.386422407, errs.go:68] Created error: Can't merge commit thats already in target commits history
[DEBUG Aug  2 08:14:47.386452550, errs.go:68] Created error: Bad expander name
[DEBUG Aug  2 08:14:47.386475029, errs.go:68] Created error: Expander has no handler
[DEBUG Aug  2 08:14:47.387725364, errs.go:68] Created error: Service is already running
[DEBUG Aug  2 08:14:47.417078953, secrets.go:35] Gcloud Secretmanager failed to initialize (ignore if you're not trying to use gcloud): google: could not find default credentials. See https://developers.google.com/accounts/docs/application-default-credentials for more information.
[DEBUG Aug  2 08:14:47.420012821, output.go:53] Requested outputer for 
[DEBUG Aug  2 08:14:47.420034066, output.go:58] Using Plain outputer
[DEBUG Aug  2 08:14:47.420110498, termutils.go:17] Cannot get terminal size: inappropriate ioctl for device
[DEBUG Aug  2 08:14:47.420195349, client.go:128] Reporting event to 2 reporters: run-command, state-svc start, 
[DEBUG Aug  2 08:14:47.420265957, main.go:107] Running CmdStart
[DEBUG Aug  2 08:14:47.426157914, errs.go:75] Wrapped error: Service is already running -- with: valueF failed
[DEBUG Aug  2 08:14:47.426230970, errs.go:75] Wrapped error: valueF failed -- with: Could not store pid
[DEBUG Aug  2 08:14:47.426325381, errors.go:113] Wrapped input error: Could not store pid -- with: A State Service instance is already running in the background.
[DEBUG Aug  2 08:14:47.426340613, errs.go:75] Wrapped error: A State Service instance is already running in the background. -- with: Could not start serviceManager
[DEBUG Aug  2 08:14:47.426453991, client.go:128] Reporting event to 2 reporters: command-exit, state-svc start, 1
[DEBUG Aug  2 08:14:47.787109252, errs.go:75] Wrapped error: <nil> -- with: Could not start serviceManager: A State Service instance is already running in the background.: Could not store pid: valueF failed: Service is already running
[DEBUG Aug  2 08:14:47.787175175, main.go:61] state-svc errored out due to input: Could not start serviceManager: A State Service instance is already running in the background.: Could not store pid: valueF failed: Service is already running
