[DEBUG Aug  2 08:00:36.777775855, defaults.go:273] Args: [/home1/wangfeim/.local/ActiveState/StateTool/release/bin/state-svc start]
[DEBUG Aug  2 08:00:36.792608967, locale.go:38] Init
[DEBUG Aug  2 08:00:37.180423390, errs.go:68] Created error: File could not be found
[DEBUG Aug  2 08:00:37.183832905, errs.go:68] Created error: Not Recognized
[DEBUG Aug  2 08:00:37.205263157, errs.go:68] Created error: Secret not found
[DEBUG Aug  2 08:00:37.205319883, errs.go:68] Created error: Could not save keypair
[DEBUG Aug  2 08:00:37.205485577, errs.go:68] Created error: Build responded with error
[DEBUG Aug  2 08:00:37.205513403, errs.go:68] Created error: Unknown build type
[DEBUG Aug  2 08:00:37.205639046, errors.go:86] Wrapped localized error: <nil> -- with: The installed version of the State Tool Service does not match that of the client.
Please stop the service with [ACTIONABLE]state-svc stop[/RESET] and try your command again.
If this issue persists please reinstall the State Tool.

[DEBUG Aug  2 08:00:37.205655354, errs.go:68] Created error: no data
[DEBUG Aug  2 08:00:37.205680378, errs.go:68] Created error: member not found
[DEBUG Aug  2 08:00:37.205709233, errs.go:68] Created error: Commit count is unknowable
[DEBUG Aug  2 08:00:37.205739423, errs.go:68] Created error: No merge required
[DEBUG Aug  2 08:00:37.205761747, errs.go:68] Created error: Can't merge commit thats already in target commits history
[DEBUG Aug  2 08:00:37.205790458, errs.go:68] Created error: Bad expander name
[DEBUG Aug  2 08:00:37.205812906, errs.go:68] Created error: Expander has no handler
[DEBUG Aug  2 08:00:37.206833920, errs.go:68] Created error: Service is already running
[DEBUG Aug  2 08:00:37.293799043, secrets.go:35] Gcloud Secretmanager failed to initialize (ignore if you're not trying to use gcloud): google: could not find default credentials. See https://developers.google.com/accounts/docs/application-default-credentials for more information.
[DEBUG Aug  2 08:00:37.297090997, output.go:53] Requested outputer for 
[DEBUG Aug  2 08:00:37.297113126, output.go:58] Using Plain outputer
[DEBUG Aug  2 08:00:37.297195059, termutils.go:17] Cannot get terminal size: inappropriate ioctl for device
[DEBUG Aug  2 08:00:37.297289921, client.go:128] Reporting event to 2 reporters: run-command, state-svc start, 
[DEBUG Aug  2 08:00:37.297400710, main.go:107] Running CmdStart
[DEBUG Aug  2 08:00:37.303313724, errs.go:75] Wrapped error: Service is already running -- with: valueF failed
[DEBUG Aug  2 08:00:37.303389827, errs.go:75] Wrapped error: valueF failed -- with: Could not store pid
[DEBUG Aug  2 08:00:37.303467115, errors.go:113] Wrapped input error: Could not store pid -- with: A State Service instance is already running in the background.
[DEBUG Aug  2 08:00:37.303481793, errs.go:75] Wrapped error: A State Service instance is already running in the background. -- with: Could not start serviceManager
[DEBUG Aug  2 08:00:37.303566380, client.go:128] Reporting event to 2 reporters: command-exit, state-svc start, 1
[DEBUG Aug  2 08:00:37.631363823, errs.go:75] Wrapped error: <nil> -- with: Could not start serviceManager: A State Service instance is already running in the background.: Could not store pid: valueF failed: Service is already running
[DEBUG Aug  2 08:00:37.631469495, main.go:61] state-svc errored out due to input: Could not start serviceManager: A State Service instance is already running in the background.: Could not store pid: valueF failed: Service is already running
