[DEBUG Aug  2 07:54:13.789218188, defaults.go:273] Args: [/home1/wangfeim/.local/ActiveState/StateTool/release/bin/state-svc start]
[DEBUG Aug  2 07:54:13.803450876, locale.go:38] Init
[DEBUG Aug  2 07:54:14.728144436, errs.go:68] Created error: File could not be found
[DEBUG Aug  2 07:54:14.731158323, errs.go:68] Created error: Not Recognized
[DEBUG Aug  2 07:54:14.751613882, errs.go:68] Created error: Secret not found
[DEBUG Aug  2 07:54:14.751666443, errs.go:68] Created error: Could not save keypair
[DEBUG Aug  2 07:54:14.751874905, errs.go:68] Created error: Build responded with error
[DEBUG Aug  2 07:54:14.751906738, errs.go:68] Created error: Unknown build type
[DEBUG Aug  2 07:54:14.752015317, errors.go:86] Wrapped localized error: <nil> -- with: The installed version of the State Tool Service does not match that of the client.
Please stop the service with [ACTIONABLE]state-svc stop[/RESET] and try your command again.
If this issue persists please reinstall the State Tool.

[DEBUG Aug  2 07:54:14.752029999, errs.go:68] Created error: no data
[DEBUG Aug  2 07:54:14.752053197, errs.go:68] Created error: member not found
[DEBUG Aug  2 07:54:14.752080590, errs.go:68] Created error: Commit count is unknowable
[DEBUG Aug  2 07:54:14.752102124, errs.go:68] Created error: No merge required
[DEBUG Aug  2 07:54:14.752122273, errs.go:68] Created error: Can't merge commit thats already in target commits history
[DEBUG Aug  2 07:54:14.752146566, errs.go:68] Created error: Bad expander name
[DEBUG Aug  2 07:54:14.752167268, errs.go:68] Created error: Expander has no handler
[DEBUG Aug  2 07:54:14.753267776, errs.go:68] Created error: Service is already running
[DEBUG Aug  2 07:54:14.786833655, secrets.go:35] Gcloud Secretmanager failed to initialize (ignore if you're not trying to use gcloud): google: could not find default credentials. See https://developers.google.com/accounts/docs/application-default-credentials for more information.
[DEBUG Aug  2 07:54:14.792276942, output.go:53] Requested outputer for 
[DEBUG Aug  2 07:54:14.792302401, output.go:58] Using Plain outputer
[DEBUG Aug  2 07:54:14.792376485, termutils.go:17] Cannot get terminal size: inappropriate ioctl for device
[DEBUG Aug  2 07:54:14.792407917, client.go:128] Reporting event to 2 reporters: run-command, state-svc start, 
[DEBUG Aug  2 07:54:14.792526750, main.go:107] Running CmdStart
[DEBUG Aug  2 07:54:14.798934553, errs.go:75] Wrapped error: Service is already running -- with: valueF failed
[DEBUG Aug  2 07:54:14.798999916, errs.go:75] Wrapped error: valueF failed -- with: Could not store pid
[DEBUG Aug  2 07:54:14.799088048, errors.go:113] Wrapped input error: Could not store pid -- with: A State Service instance is already running in the background.
[DEBUG Aug  2 07:54:14.799104173, errs.go:75] Wrapped error: A State Service instance is already running in the background. -- with: Could not start serviceManager
[DEBUG Aug  2 07:54:14.799222172, client.go:128] Reporting event to 2 reporters: command-exit, state-svc start, 1
[DEBUG Aug  2 07:54:15.129988830, errs.go:75] Wrapped error: <nil> -- with: Could not start serviceManager: A State Service instance is already running in the background.: Could not store pid: valueF failed: Service is already running
[DEBUG Aug  2 07:54:15.130057468, main.go:61] state-svc errored out due to input: Could not start serviceManager: A State Service instance is already running in the background.: Could not store pid: valueF failed: Service is already running
