[DEBUG Aug  2 08:13:57.637727637, defaults.go:273] Args: [/home1/wangfeim/.local/ActiveState/StateTool/release/bin/state-svc start]
[DEBUG Aug  2 08:13:57.652399605, locale.go:38] Init
[DEBUG Aug  2 08:13:57.755440252, errs.go:68] Created error: File could not be found
[DEBUG Aug  2 08:13:57.758624737, errs.go:68] Created error: Not Recognized
[DEBUG Aug  2 08:13:57.780149848, errs.go:68] Created error: Secret not found
[DEBUG Aug  2 08:13:57.780215797, errs.go:68] Created error: Could not save keypair
[DEBUG Aug  2 08:13:57.780508345, errs.go:68] Created error: Build responded with error
[DEBUG Aug  2 08:13:57.780566230, errs.go:68] Created error: Unknown build type
[DEBUG Aug  2 08:13:57.780729608, errors.go:86] Wrapped localized error: <nil> -- with: The installed version of the State Tool Service does not match that of the client.
Please stop the service with [ACTIONABLE]state-svc stop[/RESET] and try your command again.
If this issue persists please reinstall the State Tool.

[DEBUG Aug  2 08:13:57.780762103, errs.go:68] Created error: no data
[DEBUG Aug  2 08:13:57.780796070, errs.go:68] Created error: member not found
[DEBUG Aug  2 08:13:57.780841658, errs.go:68] Created error: Commit count is unknowable
[DEBUG Aug  2 08:13:57.780879185, errs.go:68] Created error: No merge required
[DEBUG Aug  2 08:13:57.780912579, errs.go:68] Created error: Can't merge commit thats already in target commits history
[DEBUG Aug  2 08:13:57.780944928, errs.go:68] Created error: Bad expander name
[DEBUG Aug  2 08:13:57.780977807, errs.go:68] Created error: Expander has no handler
[DEBUG Aug  2 08:13:57.786086826, errs.go:68] Created error: Service is already running
[DEBUG Aug  2 08:13:57.814266603, secrets.go:35] Gcloud Secretmanager failed to initialize (ignore if you're not trying to use gcloud): google: could not find default credentials. See https://developers.google.com/accounts/docs/application-default-credentials for more information.
[DEBUG Aug  2 08:13:57.819446886, output.go:53] Requested outputer for 
[DEBUG Aug  2 08:13:57.819469947, output.go:58] Using Plain outputer
[DEBUG Aug  2 08:13:57.819546834, termutils.go:17] Cannot get terminal size: inappropriate ioctl for device
[DEBUG Aug  2 08:13:57.819734756, client.go:128] Reporting event to 2 reporters: run-command, state-svc start, 
[DEBUG Aug  2 08:13:57.819757281, main.go:107] Running CmdStart
[DEBUG Aug  2 08:13:57.828428757, errs.go:75] Wrapped error: Service is already running -- with: valueF failed
[DEBUG Aug  2 08:13:57.828484445, errs.go:75] Wrapped error: valueF failed -- with: Could not store pid
[DEBUG Aug  2 08:13:57.828573046, errors.go:113] Wrapped input error: Could not store pid -- with: A State Service instance is already running in the background.
[DEBUG Aug  2 08:13:57.828588493, errs.go:75] Wrapped error: A State Service instance is already running in the background. -- with: Could not start serviceManager
[DEBUG Aug  2 08:13:57.828676624, client.go:128] Reporting event to 2 reporters: command-exit, state-svc start, 1
[DEBUG Aug  2 08:13:58.184815132, errs.go:75] Wrapped error: <nil> -- with: Could not start serviceManager: A State Service instance is already running in the background.: Could not store pid: valueF failed: Service is already running
[DEBUG Aug  2 08:13:58.184887362, main.go:61] state-svc errored out due to input: Could not start serviceManager: A State Service instance is already running in the background.: Could not store pid: valueF failed: Service is already running
