[DEBUG Aug  2 08:06:52.337764382, defaults.go:273] Args: [/home1/wangfeim/.local/ActiveState/StateTool/release/bin/state-svc start]
[DEBUG Aug  2 08:06:52.388910497, locale.go:38] Init
[DEBUG Aug  2 08:06:52.431334564, errs.go:68] Created error: File could not be found
[DEBUG Aug  2 08:06:52.436754596, errs.go:68] Created error: Not Recognized
[DEBUG Aug  2 08:06:52.456561895, errs.go:68] Created error: Secret not found
[DEBUG Aug  2 08:06:52.456613072, errs.go:68] Created error: Could not save keypair
[DEBUG Aug  2 08:06:52.456782207, errs.go:68] Created error: Build responded with error
[DEBUG Aug  2 08:06:52.456810781, errs.go:68] Created error: Unknown build type
[DEBUG Aug  2 08:06:52.456927615, errors.go:86] Wrapped localized error: <nil> -- with: The installed version of the State Tool Service does not match that of the client.
Please stop the service with [ACTIONABLE]state-svc stop[/RESET] and try your command again.
If this issue persists please reinstall the State Tool.

[DEBUG Aug  2 08:06:52.456941930, errs.go:68] Created error: no data
[DEBUG Aug  2 08:06:52.456966293, errs.go:68] Created error: member not found
[DEBUG Aug  2 08:06:52.456989292, errs.go:68] Created error: Commit count is unknowable
[DEBUG Aug  2 08:06:52.457012216, errs.go:68] Created error: No merge required
[DEBUG Aug  2 08:06:52.457034276, errs.go:68] Created error: Can't merge commit thats already in target commits history
[DEBUG Aug  2 08:06:52.457064108, errs.go:68] Created error: Bad expander name
[DEBUG Aug  2 08:06:52.457087570, errs.go:68] Created error: Expander has no handler
[DEBUG Aug  2 08:06:52.485712920, errs.go:68] Created error: Service is already running
[DEBUG Aug  2 08:06:52.515522832, secrets.go:35] Gcloud Secretmanager failed to initialize (ignore if you're not trying to use gcloud): google: could not find default credentials. See https://developers.google.com/accounts/docs/application-default-credentials for more information.
[DEBUG Aug  2 08:06:52.518985093, output.go:53] Requested outputer for 
[DEBUG Aug  2 08:06:52.519006011, output.go:58] Using Plain outputer
[DEBUG Aug  2 08:06:52.519066725, termutils.go:17] Cannot get terminal size: inappropriate ioctl for device
[DEBUG Aug  2 08:06:52.519161722, client.go:128] Reporting event to 2 reporters: run-command, state-svc start, 
[DEBUG Aug  2 08:06:52.519215923, main.go:107] Running CmdStart
[DEBUG Aug  2 08:06:52.524486169, errs.go:75] Wrapped error: Service is already running -- with: valueF failed
[DEBUG Aug  2 08:06:52.524550145, errs.go:75] Wrapped error: valueF failed -- with: Could not store pid
[DEBUG Aug  2 08:06:52.524615954, errors.go:113] Wrapped input error: Could not store pid -- with: A State Service instance is already running in the background.
[DEBUG Aug  2 08:06:52.524628970, errs.go:75] Wrapped error: A State Service instance is already running in the background. -- with: Could not start serviceManager
[DEBUG Aug  2 08:06:52.524712790, client.go:128] Reporting event to 2 reporters: command-exit, state-svc start, 1
[DEBUG Aug  2 08:06:52.887142327, errs.go:75] Wrapped error: <nil> -- with: Could not start serviceManager: A State Service instance is already running in the background.: Could not store pid: valueF failed: Service is already running
[DEBUG Aug  2 08:06:52.887233956, main.go:61] state-svc errored out due to input: Could not start serviceManager: A State Service instance is already running in the background.: Could not store pid: valueF failed: Service is already running
