[DEBUG Aug  2 07:50:09.386009250, defaults.go:273] Args: [/home1/wangfeim/.local/ActiveState/StateTool/release/bin/state-svc start]
[DEBUG Aug  2 07:50:09.399604385, locale.go:38] Init
[DEBUG Aug  2 07:50:09.444374282, errs.go:68] Created error: File could not be found
[DEBUG Aug  2 07:50:09.447614103, errs.go:68] Created error: Not Recognized
[DEBUG Aug  2 07:50:09.499201401, errs.go:68] Created error: Secret not found
[DEBUG Aug  2 07:50:09.499256425, errs.go:68] Created error: Could not save keypair
[DEBUG Aug  2 07:50:09.499445296, errs.go:68] Created error: Build responded with error
[DEBUG Aug  2 07:50:09.499472535, errs.go:68] Created error: Unknown build type
[DEBUG Aug  2 07:50:09.499595784, errors.go:86] Wrapped localized error: <nil> -- with: The installed version of the State Tool Service does not match that of the client.
Please stop the service with [ACTIONABLE]state-svc stop[/RESET] and try your command again.
If this issue persists please reinstall the State Tool.

[DEBUG Aug  2 07:50:09.499609101, errs.go:68] Created error: no data
[DEBUG Aug  2 07:50:09.499632141, errs.go:68] Created error: member not found
[DEBUG Aug  2 07:50:09.499655435, errs.go:68] Created error: Commit count is unknowable
[DEBUG Aug  2 07:50:09.499677184, errs.go:68] Created error: No merge required
[DEBUG Aug  2 07:50:09.499708612, errs.go:68] Created error: Can't merge commit thats already in target commits history
[DEBUG Aug  2 07:50:09.499732578, errs.go:68] Created error: Bad expander name
[DEBUG Aug  2 07:50:09.499770224, errs.go:68] Created error: Expander has no handler
[DEBUG Aug  2 07:50:09.500785446, errs.go:68] Created error: Service is already running
[DEBUG Aug  2 07:50:09.527609870, secrets.go:35] Gcloud Secretmanager failed to initialize (ignore if you're not trying to use gcloud): google: could not find default credentials. See https://developers.google.com/accounts/docs/application-default-credentials for more information.
[DEBUG Aug  2 07:50:09.531675461, output.go:53] Requested outputer for 
[DEBUG Aug  2 07:50:09.531699342, output.go:58] Using Plain outputer
[DEBUG Aug  2 07:50:09.531809252, termutils.go:17] Cannot get terminal size: inappropriate ioctl for device
[DEBUG Aug  2 07:50:09.531890804, client.go:128] Reporting event to 2 reporters: run-command, state-svc start, 
[DEBUG Aug  2 07:50:09.531957374, main.go:107] Running CmdStart
[DEBUG Aug  2 07:50:09.538000461, errs.go:75] Wrapped error: Service is already running -- with: valueF failed
[DEBUG Aug  2 07:50:09.538071136, errs.go:75] Wrapped error: valueF failed -- with: Could not store pid
[DEBUG Aug  2 07:50:09.538144687, errors.go:113] Wrapped input error: Could not store pid -- with: A State Service instance is already running in the background.
[DEBUG Aug  2 07:50:09.538159710, errs.go:75] Wrapped error: A State Service instance is already running in the background. -- with: Could not start serviceManager
[DEBUG Aug  2 07:50:09.538217144, client.go:128] Reporting event to 2 reporters: command-exit, state-svc start, 1
[DEBUG Aug  2 07:50:09.920038720, errs.go:75] Wrapped error: <nil> -- with: Could not start serviceManager: A State Service instance is already running in the background.: Could not store pid: valueF failed: Service is already running
[DEBUG Aug  2 07:50:09.920122269, main.go:61] state-svc errored out due to input: Could not start serviceManager: A State Service instance is already running in the background.: Could not store pid: valueF failed: Service is already running
