[DEBUG Aug  2 07:48:43.996018201, defaults.go:273] Args: [/home1/wangfeim/.local/ActiveState/StateTool/release/bin/state-svc start]
[DEBUG Aug  2 07:48:44.010400877, locale.go:38] Init
[DEBUG Aug  2 07:48:44.091916474, errs.go:68] Created error: File could not be found
[DEBUG Aug  2 07:48:44.094925221, errs.go:68] Created error: Not Recognized
[DEBUG Aug  2 07:48:44.116683154, errs.go:68] Created error: Secret not found
[DEBUG Aug  2 07:48:44.116732649, errs.go:68] Created error: Could not save keypair
[DEBUG Aug  2 07:48:44.116886288, errs.go:68] Created error: Build responded with error
[DEBUG Aug  2 07:48:44.116916917, errs.go:68] Created error: Unknown build type
[DEBUG Aug  2 07:48:44.117037781, errors.go:86] Wrapped localized error: <nil> -- with: The installed version of the State Tool Service does not match that of the client.
Please stop the service with [ACTIONABLE]state-svc stop[/RESET] and try your command again.
If this issue persists please reinstall the State Tool.

[DEBUG Aug  2 07:48:44.117053793, errs.go:68] Created error: no data
[DEBUG Aug  2 07:48:44.117077044, errs.go:68] Created error: member not found
[DEBUG Aug  2 07:48:44.117098451, errs.go:68] Created error: Commit count is unknowable
[DEBUG Aug  2 07:48:44.117118737, errs.go:68] Created error: No merge required
[DEBUG Aug  2 07:48:44.117139179, errs.go:68] Created error: Can't merge commit thats already in target commits history
[DEBUG Aug  2 07:48:44.117160644, errs.go:68] Created error: Bad expander name
[DEBUG Aug  2 07:48:44.117180227, errs.go:68] Created error: Expander has no handler
[DEBUG Aug  2 07:48:44.118201933, errs.go:68] Created error: Service is already running
[DEBUG Aug  2 07:48:44.144935350, secrets.go:35] Gcloud Secretmanager failed to initialize (ignore if you're not trying to use gcloud): google: could not find default credentials. See https://developers.google.com/accounts/docs/application-default-credentials for more information.
[DEBUG Aug  2 07:48:44.148671975, output.go:53] Requested outputer for 
[DEBUG Aug  2 07:48:44.148691218, output.go:58] Using Plain outputer
[DEBUG Aug  2 07:48:44.148759365, termutils.go:17] Cannot get terminal size: inappropriate ioctl for device
[DEBUG Aug  2 07:48:44.148785674, client.go:128] Reporting event to 2 reporters: run-command, state-svc start, 
[DEBUG Aug  2 07:48:44.148925920, main.go:107] Running CmdStart
[DEBUG Aug  2 07:48:44.155085439, errs.go:75] Wrapped error: Service is already running -- with: valueF failed
[DEBUG Aug  2 07:48:44.155157759, errs.go:75] Wrapped error: valueF failed -- with: Could not store pid
[DEBUG Aug  2 07:48:44.155237402, errors.go:113] Wrapped input error: Could not store pid -- with: A State Service instance is already running in the background.
[DEBUG Aug  2 07:48:44.155252576, errs.go:75] Wrapped error: A State Service instance is already running in the background. -- with: Could not start serviceManager
[DEBUG Aug  2 07:48:44.155344823, client.go:128] Reporting event to 2 reporters: command-exit, state-svc start, 1
[DEBUG Aug  2 07:48:44.548350026, errs.go:75] Wrapped error: <nil> -- with: Could not start serviceManager: A State Service instance is already running in the background.: Could not store pid: valueF failed: Service is already running
[DEBUG Aug  2 07:48:44.548416652, main.go:61] state-svc errored out due to input: Could not start serviceManager: A State Service instance is already running in the background.: Could not store pid: valueF failed: Service is already running
