[DEBUG Mar  8 13:59:38.508118918, defaults.go:273] Args: [/home1/wangfeim/.local/ActiveState/StateTool/release/bin/state-svc start]
[DEBUG Mar  8 13:59:38.522008289, locale.go:38] Init
[DEBUG Mar  8 13:59:38.559455830, errs.go:68] Created error: File could not be found
[DEBUG Mar  8 13:59:38.562404885, errs.go:68] Created error: Not Recognized
[DEBUG Mar  8 13:59:38.583350367, errs.go:68] Created error: Secret not found
[DEBUG Mar  8 13:59:38.583398284, errs.go:68] Created error: Could not save keypair
[DEBUG Mar  8 13:59:38.583580283, errs.go:68] Created error: Build responded with error
[DEBUG Mar  8 13:59:38.583607912, errs.go:68] Created error: Unknown build type
[DEBUG Mar  8 13:59:38.583729627, errors.go:86] Wrapped localized error: <nil> -- with: The installed version of the State Tool Service does not match that of the client.
Please stop the service with [ACTIONABLE]state-svc stop[/RESET] and try your command again.
If this issue persists please reinstall the State Tool.

[DEBUG Mar  8 13:59:38.583742980, errs.go:68] Created error: no data
[DEBUG Mar  8 13:59:38.583773017, errs.go:68] Created error: member not found
[DEBUG Mar  8 13:59:38.583805579, errs.go:68] Created error: Commit count is unknowable
[DEBUG Mar  8 13:59:38.583833198, errs.go:68] Created error: No merge required
[DEBUG Mar  8 13:59:38.583855169, errs.go:68] Created error: Can't merge commit thats already in target commits history
[DEBUG Mar  8 13:59:38.583878093, errs.go:68] Created error: Bad expander name
[DEBUG Mar  8 13:59:38.583902355, errs.go:68] Created error: Expander has no handler
[DEBUG Mar  8 13:59:38.584870777, errs.go:68] Created error: Service is already running
[DEBUG Mar  8 13:59:38.613748116, secrets.go:35] Gcloud Secretmanager failed to initialize (ignore if you're not trying to use gcloud): google: could not find default credentials. See https://developers.google.com/accounts/docs/application-default-credentials for more information.
[DEBUG Mar  8 13:59:38.617401949, output.go:53] Requested outputer for 
[DEBUG Mar  8 13:59:38.617421728, output.go:58] Using Plain outputer
[DEBUG Mar  8 13:59:38.617495224, termutils.go:17] Cannot get terminal size: inappropriate ioctl for device
[DEBUG Mar  8 13:59:38.617575571, client.go:128] Reporting event to 2 reporters: run-command, state-svc start, 
[DEBUG Mar  8 13:59:38.617615918, main.go:107] Running CmdStart
[DEBUG Mar  8 13:59:38.623511164, errs.go:75] Wrapped error: Service is already running -- with: valueF failed
[DEBUG Mar  8 13:59:38.623565451, errs.go:75] Wrapped error: valueF failed -- with: Could not store pid
[DEBUG Mar  8 13:59:38.623632571, errors.go:113] Wrapped input error: Could not store pid -- with: A State Service instance is already running in the background.
[DEBUG Mar  8 13:59:38.623647715, errs.go:75] Wrapped error: A State Service instance is already running in the background. -- with: Could not start serviceManager
[DEBUG Mar  8 13:59:38.623709671, client.go:128] Reporting event to 2 reporters: command-exit, state-svc start, 1
[DEBUG Mar  8 13:59:38.983492182, errs.go:75] Wrapped error: <nil> -- with: Could not start serviceManager: A State Service instance is already running in the background.: Could not store pid: valueF failed: Service is already running
[DEBUG Mar  8 13:59:38.983562512, main.go:61] state-svc errored out due to input: Could not start serviceManager: A State Service instance is already running in the background.: Could not store pid: valueF failed: Service is already running
