[DEBUG Aug  2 07:59:05.317617003, defaults.go:273] Args: [/home1/wangfeim/.local/ActiveState/StateTool/release/bin/state-svc start]
[DEBUG Aug  2 07:59:05.332643443, locale.go:38] Init
[DEBUG Aug  2 07:59:05.400024140, errs.go:68] Created error: File could not be found
[DEBUG Aug  2 07:59:05.402989740, errs.go:68] Created error: Not Recognized
[DEBUG Aug  2 07:59:05.424703575, errs.go:68] Created error: Secret not found
[DEBUG Aug  2 07:59:05.424767039, errs.go:68] Created error: Could not save keypair
[DEBUG Aug  2 07:59:05.424980644, errs.go:68] Created error: Build responded with error
[DEBUG Aug  2 07:59:05.425015707, errs.go:68] Created error: Unknown build type
[DEBUG Aug  2 07:59:05.425153415, errors.go:86] Wrapped localized error: <nil> -- with: The installed version of the State Tool Service does not match that of the client.
Please stop the service with [ACTIONABLE]state-svc stop[/RESET] and try your command again.
If this issue persists please reinstall the State Tool.

[DEBUG Aug  2 07:59:05.425170107, errs.go:68] Created error: no data
[DEBUG Aug  2 07:59:05.425195747, errs.go:68] Created error: member not found
[DEBUG Aug  2 07:59:05.425221237, errs.go:68] Created error: Commit count is unknowable
[DEBUG Aug  2 07:59:05.425243625, errs.go:68] Created error: No merge required
[DEBUG Aug  2 07:59:05.425268299, errs.go:68] Created error: Can't merge commit thats already in target commits history
[DEBUG Aug  2 07:59:05.425293115, errs.go:68] Created error: Bad expander name
[DEBUG Aug  2 07:59:05.425316268, errs.go:68] Created error: Expander has no handler
[DEBUG Aug  2 07:59:05.426527958, errs.go:68] Created error: Service is already running
[DEBUG Aug  2 07:59:05.485609960, secrets.go:35] Gcloud Secretmanager failed to initialize (ignore if you're not trying to use gcloud): google: could not find default credentials. See https://developers.google.com/accounts/docs/application-default-credentials for more information.
[DEBUG Aug  2 07:59:05.488866038, output.go:53] Requested outputer for 
[DEBUG Aug  2 07:59:05.488901842, output.go:58] Using Plain outputer
[DEBUG Aug  2 07:59:05.489010639, termutils.go:17] Cannot get terminal size: inappropriate ioctl for device
[DEBUG Aug  2 07:59:05.489119644, client.go:128] Reporting event to 2 reporters: run-command, state-svc start, 
[DEBUG Aug  2 07:59:05.489199743, main.go:107] Running CmdStart
[DEBUG Aug  2 07:59:05.494519732, errs.go:75] Wrapped error: Service is already running -- with: valueF failed
[DEBUG Aug  2 07:59:05.494589687, errs.go:75] Wrapped error: valueF failed -- with: Could not store pid
[DEBUG Aug  2 07:59:05.494660196, errors.go:113] Wrapped input error: Could not store pid -- with: A State Service instance is already running in the background.
[DEBUG Aug  2 07:59:05.494674204, errs.go:75] Wrapped error: A State Service instance is already running in the background. -- with: Could not start serviceManager
[DEBUG Aug  2 07:59:05.494771028, client.go:128] Reporting event to 2 reporters: command-exit, state-svc start, 1
[DEBUG Aug  2 07:59:05.821068002, errs.go:75] Wrapped error: <nil> -- with: Could not start serviceManager: A State Service instance is already running in the background.: Could not store pid: valueF failed: Service is already running
[DEBUG Aug  2 07:59:05.821136712, main.go:61] state-svc errored out due to input: Could not start serviceManager: A State Service instance is already running in the background.: Could not store pid: valueF failed: Service is already running
