[DEBUG Aug  2 08:07:18.699028790, defaults.go:273] Args: [/home1/wangfeim/.local/ActiveState/StateTool/release/bin/state-svc start]
[DEBUG Aug  2 08:07:18.713240831, locale.go:38] Init
[DEBUG Aug  2 08:07:18.859340735, errs.go:68] Created error: File could not be found
[DEBUG Aug  2 08:07:18.862595647, errs.go:68] Created error: Not Recognized
[DEBUG Aug  2 08:07:18.887156317, errs.go:68] Created error: Secret not found
[DEBUG Aug  2 08:07:18.887213154, errs.go:68] Created error: Could not save keypair
[DEBUG Aug  2 08:07:18.887415089, errs.go:68] Created error: Build responded with error
[DEBUG Aug  2 08:07:18.887453986, errs.go:68] Created error: Unknown build type
[DEBUG Aug  2 08:07:18.887593906, errors.go:86] Wrapped localized error: <nil> -- with: The installed version of the State Tool Service does not match that of the client.
Please stop the service with [ACTIONABLE]state-svc stop[/RESET] and try your command again.
If this issue persists please reinstall the State Tool.

[DEBUG Aug  2 08:07:18.887610012, errs.go:68] Created error: no data
[DEBUG Aug  2 08:07:18.887634718, errs.go:68] Created error: member not found
[DEBUG Aug  2 08:07:18.887671604, errs.go:68] Created error: Commit count is unknowable
[DEBUG Aug  2 08:07:18.887695829, errs.go:68] Created error: No merge required
[DEBUG Aug  2 08:07:18.887719988, errs.go:68] Created error: Can't merge commit thats already in target commits history
[DEBUG Aug  2 08:07:18.887747385, errs.go:68] Created error: Bad expander name
[DEBUG Aug  2 08:07:18.887777113, errs.go:68] Created error: Expander has no handler
[DEBUG Aug  2 08:07:18.889003775, errs.go:68] Created error: Service is already running
[DEBUG Aug  2 08:07:18.919366094, secrets.go:35] Gcloud Secretmanager failed to initialize (ignore if you're not trying to use gcloud): google: could not find default credentials. See https://developers.google.com/accounts/docs/application-default-credentials for more information.
[DEBUG Aug  2 08:07:18.922604564, output.go:53] Requested outputer for 
[DEBUG Aug  2 08:07:18.922629854, output.go:58] Using Plain outputer
[DEBUG Aug  2 08:07:18.922705264, termutils.go:17] Cannot get terminal size: inappropriate ioctl for device
[DEBUG Aug  2 08:07:18.922793617, client.go:128] Reporting event to 2 reporters: run-command, state-svc start, 
[DEBUG Aug  2 08:07:18.922845314, main.go:107] Running CmdStart
[DEBUG Aug  2 08:07:18.928846271, errs.go:75] Wrapped error: Service is already running -- with: valueF failed
[DEBUG Aug  2 08:07:18.928909660, errs.go:75] Wrapped error: valueF failed -- with: Could not store pid
[DEBUG Aug  2 08:07:18.928983500, errors.go:113] Wrapped input error: Could not store pid -- with: A State Service instance is already running in the background.
[DEBUG Aug  2 08:07:18.928997542, errs.go:75] Wrapped error: A State Service instance is already running in the background. -- with: Could not start serviceManager
[DEBUG Aug  2 08:07:18.929072253, client.go:128] Reporting event to 2 reporters: command-exit, state-svc start, 1
[DEBUG Aug  2 08:07:19.323023276, errs.go:75] Wrapped error: <nil> -- with: Could not start serviceManager: A State Service instance is already running in the background.: Could not store pid: valueF failed: Service is already running
[DEBUG Aug  2 08:07:19.323100468, main.go:61] state-svc errored out due to input: Could not start serviceManager: A State Service instance is already running in the background.: Could not store pid: valueF failed: Service is already running
