[DEBUG Aug  2 08:15:48.519216942, defaults.go:273] Args: [/home1/wangfeim/.local/ActiveState/StateTool/release/bin/state-svc start]
[DEBUG Aug  2 08:15:48.533815535, locale.go:38] Init
[DEBUG Aug  2 08:15:48.616142105, errs.go:68] Created error: File could not be found
[DEBUG Aug  2 08:15:48.621518725, errs.go:68] Created error: Not Recognized
[DEBUG Aug  2 08:15:48.639402758, errs.go:68] Created error: Secret not found
[DEBUG Aug  2 08:15:48.639453798, errs.go:68] Created error: Could not save keypair
[DEBUG Aug  2 08:15:48.639623575, errs.go:68] Created error: Build responded with error
[DEBUG Aug  2 08:15:48.639650693, errs.go:68] Created error: Unknown build type
[DEBUG Aug  2 08:15:48.639763908, errors.go:86] Wrapped localized error: <nil> -- with: The installed version of the State Tool Service does not match that of the client.
Please stop the service with [ACTIONABLE]state-svc stop[/RESET] and try your command again.
If this issue persists please reinstall the State Tool.

[DEBUG Aug  2 08:15:48.639777293, errs.go:68] Created error: no data
[DEBUG Aug  2 08:15:48.639801457, errs.go:68] Created error: member not found
[DEBUG Aug  2 08:15:48.639823852, errs.go:68] Created error: Commit count is unknowable
[DEBUG Aug  2 08:15:48.639846282, errs.go:68] Created error: No merge required
[DEBUG Aug  2 08:15:48.639866995, errs.go:68] Created error: Can't merge commit thats already in target commits history
[DEBUG Aug  2 08:15:48.639889354, errs.go:68] Created error: Bad expander name
[DEBUG Aug  2 08:15:48.639910388, errs.go:68] Created error: Expander has no handler
[DEBUG Aug  2 08:15:48.641016239, errs.go:68] Created error: Service is already running
[DEBUG Aug  2 08:15:48.687390862, secrets.go:35] Gcloud Secretmanager failed to initialize (ignore if you're not trying to use gcloud): google: could not find default credentials. See https://developers.google.com/accounts/docs/application-default-credentials for more information.
[DEBUG Aug  2 08:15:48.690844555, output.go:53] Requested outputer for 
[DEBUG Aug  2 08:15:48.690865753, output.go:58] Using Plain outputer
[DEBUG Aug  2 08:15:48.690933569, termutils.go:17] Cannot get terminal size: inappropriate ioctl for device
[DEBUG Aug  2 08:15:48.690960978, client.go:128] Reporting event to 2 reporters: run-command, state-svc start, 
[DEBUG Aug  2 08:15:48.691116993, main.go:107] Running CmdStart
[DEBUG Aug  2 08:15:48.697711675, errs.go:75] Wrapped error: Service is already running -- with: valueF failed
[DEBUG Aug  2 08:15:48.697776286, errs.go:75] Wrapped error: valueF failed -- with: Could not store pid
[DEBUG Aug  2 08:15:48.697859009, errors.go:113] Wrapped input error: Could not store pid -- with: A State Service instance is already running in the background.
[DEBUG Aug  2 08:15:48.697872836, errs.go:75] Wrapped error: A State Service instance is already running in the background. -- with: Could not start serviceManager
[DEBUG Aug  2 08:15:48.697943801, client.go:128] Reporting event to 2 reporters: command-exit, state-svc start, 1
[DEBUG Aug  2 08:15:49.032125140, errs.go:75] Wrapped error: <nil> -- with: Could not start serviceManager: A State Service instance is already running in the background.: Could not store pid: valueF failed: Service is already running
[DEBUG Aug  2 08:15:49.032205297, main.go:61] state-svc errored out due to input: Could not start serviceManager: A State Service instance is already running in the background.: Could not store pid: valueF failed: Service is already running
