[DEBUG Aug  2 07:50:16.050564004, defaults.go:273] Args: [/home1/wangfeim/.local/ActiveState/StateTool/release/bin/state-svc start]
[DEBUG Aug  2 07:50:16.064701001, locale.go:38] Init
[DEBUG Aug  2 07:50:16.117712518, errs.go:68] Created error: File could not be found
[DEBUG Aug  2 07:50:16.120782353, errs.go:68] Created error: Not Recognized
[DEBUG Aug  2 07:50:16.140895919, errs.go:68] Created error: Secret not found
[DEBUG Aug  2 07:50:16.140943551, errs.go:68] Created error: Could not save keypair
[DEBUG Aug  2 07:50:16.141113969, errs.go:68] Created error: Build responded with error
[DEBUG Aug  2 07:50:16.141144798, errs.go:68] Created error: Unknown build type
[DEBUG Aug  2 07:50:16.141243973, errors.go:86] Wrapped localized error: <nil> -- with: The installed version of the State Tool Service does not match that of the client.
Please stop the service with [ACTIONABLE]state-svc stop[/RESET] and try your command again.
If this issue persists please reinstall the State Tool.

[DEBUG Aug  2 07:50:16.141256316, errs.go:68] Created error: no data
[DEBUG Aug  2 07:50:16.141279055, errs.go:68] Created error: member not found
[DEBUG Aug  2 07:50:16.141302947, errs.go:68] Created error: Commit count is unknowable
[DEBUG Aug  2 07:50:16.141324160, errs.go:68] Created error: No merge required
[DEBUG Aug  2 07:50:16.141344541, errs.go:68] Created error: Can't merge commit thats already in target commits history
[DEBUG Aug  2 07:50:16.141369177, errs.go:68] Created error: Bad expander name
[DEBUG Aug  2 07:50:16.141391438, errs.go:68] Created error: Expander has no handler
[DEBUG Aug  2 07:50:16.143206347, errs.go:68] Created error: Service is already running
[DEBUG Aug  2 07:50:16.202466398, secrets.go:35] Gcloud Secretmanager failed to initialize (ignore if you're not trying to use gcloud): google: could not find default credentials. See https://developers.google.com/accounts/docs/application-default-credentials for more information.
[DEBUG Aug  2 07:50:16.208245469, output.go:53] Requested outputer for 
[DEBUG Aug  2 07:50:16.208347140, output.go:58] Using Plain outputer
[DEBUG Aug  2 07:50:16.208903320, termutils.go:17] Cannot get terminal size: inappropriate ioctl for device
[DEBUG Aug  2 07:50:16.208935972, client.go:128] Reporting event to 2 reporters: run-command, state-svc start, 
[DEBUG Aug  2 07:50:16.209644225, main.go:107] Running CmdStart
[DEBUG Aug  2 07:50:16.215381160, errs.go:75] Wrapped error: Service is already running -- with: valueF failed
[DEBUG Aug  2 07:50:16.215457473, errs.go:75] Wrapped error: valueF failed -- with: Could not store pid
[DEBUG Aug  2 07:50:16.215547941, errors.go:113] Wrapped input error: Could not store pid -- with: A State Service instance is already running in the background.
[DEBUG Aug  2 07:50:16.215563742, errs.go:75] Wrapped error: A State Service instance is already running in the background. -- with: Could not start serviceManager
[DEBUG Aug  2 07:50:16.215669848, client.go:128] Reporting event to 2 reporters: command-exit, state-svc start, 1
[DEBUG Aug  2 07:50:16.585123049, errs.go:75] Wrapped error: <nil> -- with: Could not start serviceManager: A State Service instance is already running in the background.: Could not store pid: valueF failed: Service is already running
[DEBUG Aug  2 07:50:16.585202021, main.go:61] state-svc errored out due to input: Could not start serviceManager: A State Service instance is already running in the background.: Could not store pid: valueF failed: Service is already running
