[DEBUG Aug  2 07:33:57.596365659, defaults.go:273] Args: [/home1/wangfeim/.local/ActiveState/StateTool/release/bin/state-svc start]
[DEBUG Aug  2 07:33:57.610085643, locale.go:38] Init
[DEBUG Aug  2 07:33:57.649486948, errs.go:68] Created error: File could not be found
[DEBUG Aug  2 07:33:57.652501314, errs.go:68] Created error: Not Recognized
[DEBUG Aug  2 07:33:57.674819625, errs.go:68] Created error: Secret not found
[DEBUG Aug  2 07:33:57.674870928, errs.go:68] Created error: Could not save keypair
[DEBUG Aug  2 07:33:57.675026915, errs.go:68] Created error: Build responded with error
[DEBUG Aug  2 07:33:57.675053023, errs.go:68] Created error: Unknown build type
[DEBUG Aug  2 07:33:57.675171824, errors.go:86] Wrapped localized error: <nil> -- with: The installed version of the State Tool Service does not match that of the client.
Please stop the service with [ACTIONABLE]state-svc stop[/RESET] and try your command again.
If this issue persists please reinstall the State Tool.

[DEBUG Aug  2 07:33:57.675186076, errs.go:68] Created error: no data
[DEBUG Aug  2 07:33:57.675208846, errs.go:68] Created error: member not found
[DEBUG Aug  2 07:33:57.675229511, errs.go:68] Created error: Commit count is unknowable
[DEBUG Aug  2 07:33:57.675249669, errs.go:68] Created error: No merge required
[DEBUG Aug  2 07:33:57.675270077, errs.go:68] Created error: Can't merge commit thats already in target commits history
[DEBUG Aug  2 07:33:57.675297441, errs.go:68] Created error: Bad expander name
[DEBUG Aug  2 07:33:57.675318161, errs.go:68] Created error: Expander has no handler
[DEBUG Aug  2 07:33:57.676568322, errs.go:68] Created error: Service is already running
[DEBUG Aug  2 07:33:57.703725363, secrets.go:35] Gcloud Secretmanager failed to initialize (ignore if you're not trying to use gcloud): google: could not find default credentials. See https://developers.google.com/accounts/docs/application-default-credentials for more information.
[DEBUG Aug  2 07:33:57.707832307, output.go:53] Requested outputer for 
[DEBUG Aug  2 07:33:57.707852153, output.go:58] Using Plain outputer
[DEBUG Aug  2 07:33:57.707934221, termutils.go:17] Cannot get terminal size: inappropriate ioctl for device
[DEBUG Aug  2 07:33:57.708010880, client.go:128] Reporting event to 2 reporters: run-command, state-svc start, 
[DEBUG Aug  2 07:33:57.708070823, main.go:107] Running CmdStart
[DEBUG Aug  2 07:33:57.713499433, errs.go:75] Wrapped error: Service is already running -- with: valueF failed
[DEBUG Aug  2 07:33:57.713561552, errs.go:75] Wrapped error: valueF failed -- with: Could not store pid
[DEBUG Aug  2 07:33:57.713628536, errors.go:113] Wrapped input error: Could not store pid -- with: A State Service instance is already running in the background.
[DEBUG Aug  2 07:33:57.713642891, errs.go:75] Wrapped error: A State Service instance is already running in the background. -- with: Could not start serviceManager
[DEBUG Aug  2 07:33:57.713786536, client.go:128] Reporting event to 2 reporters: command-exit, state-svc start, 1
[DEBUG Aug  2 07:33:58.040272131, errs.go:75] Wrapped error: <nil> -- with: Could not start serviceManager: A State Service instance is already running in the background.: Could not store pid: valueF failed: Service is already running
[DEBUG Aug  2 07:33:58.040358446, main.go:61] state-svc errored out due to input: Could not start serviceManager: A State Service instance is already running in the background.: Could not store pid: valueF failed: Service is already running
