[DEBUG Aug  2 07:54:05.149342923, defaults.go:273] Args: [/home1/wangfeim/.local/ActiveState/StateTool/release/bin/state-svc start]
[DEBUG Aug  2 07:54:05.165215535, locale.go:38] Init
[DEBUG Aug  2 07:54:05.231173699, errs.go:68] Created error: File could not be found
[DEBUG Aug  2 07:54:05.235865072, errs.go:68] Created error: Not Recognized
[DEBUG Aug  2 07:54:05.287943190, errs.go:68] Created error: Secret not found
[DEBUG Aug  2 07:54:05.287998230, errs.go:68] Created error: Could not save keypair
[DEBUG Aug  2 07:54:05.288205783, errs.go:68] Created error: Build responded with error
[DEBUG Aug  2 07:54:05.288243159, errs.go:68] Created error: Unknown build type
[DEBUG Aug  2 07:54:05.288365173, errors.go:86] Wrapped localized error: <nil> -- with: The installed version of the State Tool Service does not match that of the client.
Please stop the service with [ACTIONABLE]state-svc stop[/RESET] and try your command again.
If this issue persists please reinstall the State Tool.

[DEBUG Aug  2 07:54:05.288381253, errs.go:68] Created error: no data
[DEBUG Aug  2 07:54:05.288406207, errs.go:68] Created error: member not found
[DEBUG Aug  2 07:54:05.288429285, errs.go:68] Created error: Commit count is unknowable
[DEBUG Aug  2 07:54:05.288458944, errs.go:68] Created error: No merge required
[DEBUG Aug  2 07:54:05.288490792, errs.go:68] Created error: Can't merge commit thats already in target commits history
[DEBUG Aug  2 07:54:05.288516444, errs.go:68] Created error: Bad expander name
[DEBUG Aug  2 07:54:05.288547607, errs.go:68] Created error: Expander has no handler
[DEBUG Aug  2 07:54:05.289659743, errs.go:68] Created error: Service is already running
[DEBUG Aug  2 07:54:05.318130777, secrets.go:35] Gcloud Secretmanager failed to initialize (ignore if you're not trying to use gcloud): google: could not find default credentials. See https://developers.google.com/accounts/docs/application-default-credentials for more information.
[DEBUG Aug  2 07:54:05.321718155, output.go:53] Requested outputer for 
[DEBUG Aug  2 07:54:05.321740276, output.go:58] Using Plain outputer
[DEBUG Aug  2 07:54:05.321800496, termutils.go:17] Cannot get terminal size: inappropriate ioctl for device
[DEBUG Aug  2 07:54:05.321826537, client.go:128] Reporting event to 2 reporters: run-command, state-svc start, 
[DEBUG Aug  2 07:54:05.321925744, main.go:107] Running CmdStart
[DEBUG Aug  2 07:54:05.327629267, errs.go:75] Wrapped error: Service is already running -- with: valueF failed
[DEBUG Aug  2 07:54:05.327692377, errs.go:75] Wrapped error: valueF failed -- with: Could not store pid
[DEBUG Aug  2 07:54:05.327760901, errors.go:113] Wrapped input error: Could not store pid -- with: A State Service instance is already running in the background.
[DEBUG Aug  2 07:54:05.327775245, errs.go:75] Wrapped error: A State Service instance is already running in the background. -- with: Could not start serviceManager
[DEBUG Aug  2 07:54:05.327848840, client.go:128] Reporting event to 2 reporters: command-exit, state-svc start, 1
[DEBUG Aug  2 07:54:05.720636478, errs.go:75] Wrapped error: <nil> -- with: Could not start serviceManager: A State Service instance is already running in the background.: Could not store pid: valueF failed: Service is already running
[DEBUG Aug  2 07:54:05.720715407, main.go:61] state-svc errored out due to input: Could not start serviceManager: A State Service instance is already running in the background.: Could not store pid: valueF failed: Service is already running
