[DEBUG Aug  2 07:52:59.038642101, defaults.go:273] Args: [/home1/wangfeim/.local/ActiveState/StateTool/release/bin/state-svc start]
[DEBUG Aug  2 07:52:59.053452978, locale.go:38] Init
[DEBUG Aug  2 07:52:59.114304076, errs.go:68] Created error: File could not be found
[DEBUG Aug  2 07:52:59.117124711, errs.go:68] Created error: Not Recognized
[DEBUG Aug  2 07:52:59.137889662, errs.go:68] Created error: Secret not found
[DEBUG Aug  2 07:52:59.137944912, errs.go:68] Created error: Could not save keypair
[DEBUG Aug  2 07:52:59.138123363, errs.go:68] Created error: Build responded with error
[DEBUG Aug  2 07:52:59.138159422, errs.go:68] Created error: Unknown build type
[DEBUG Aug  2 07:52:59.138277668, errors.go:86] Wrapped localized error: <nil> -- with: The installed version of the State Tool Service does not match that of the client.
Please stop the service with [ACTIONABLE]state-svc stop[/RESET] and try your command again.
If this issue persists please reinstall the State Tool.

[DEBUG Aug  2 07:52:59.138294035, errs.go:68] Created error: no data
[DEBUG Aug  2 07:52:59.138319701, errs.go:68] Created error: member not found
[DEBUG Aug  2 07:52:59.138350006, errs.go:68] Created error: Commit count is unknowable
[DEBUG Aug  2 07:52:59.138373962, errs.go:68] Created error: No merge required
[DEBUG Aug  2 07:52:59.138407482, errs.go:68] Created error: Can't merge commit thats already in target commits history
[DEBUG Aug  2 07:52:59.138453677, errs.go:68] Created error: Bad expander name
[DEBUG Aug  2 07:52:59.138489916, errs.go:68] Created error: Expander has no handler
[DEBUG Aug  2 07:52:59.140114540, errs.go:68] Created error: Service is already running
[DEBUG Aug  2 07:52:59.194320923, secrets.go:35] Gcloud Secretmanager failed to initialize (ignore if you're not trying to use gcloud): google: could not find default credentials. See https://developers.google.com/accounts/docs/application-default-credentials for more information.
[DEBUG Aug  2 07:52:59.197734093, output.go:53] Requested outputer for 
[DEBUG Aug  2 07:52:59.197754396, output.go:58] Using Plain outputer
[DEBUG Aug  2 07:52:59.197821651, termutils.go:17] Cannot get terminal size: inappropriate ioctl for device
[DEBUG Aug  2 07:52:59.197912714, client.go:128] Reporting event to 2 reporters: run-command, state-svc start, 
[DEBUG Aug  2 07:52:59.198068543, main.go:107] Running CmdStart
[DEBUG Aug  2 07:52:59.204220220, errs.go:75] Wrapped error: Service is already running -- with: valueF failed
[DEBUG Aug  2 07:52:59.204278524, errs.go:75] Wrapped error: valueF failed -- with: Could not store pid
[DEBUG Aug  2 07:52:59.204346817, errors.go:113] Wrapped input error: Could not store pid -- with: A State Service instance is already running in the background.
[DEBUG Aug  2 07:52:59.204361548, errs.go:75] Wrapped error: A State Service instance is already running in the background. -- with: Could not start serviceManager
[DEBUG Aug  2 07:52:59.204486154, client.go:128] Reporting event to 2 reporters: command-exit, state-svc start, 1
[DEBUG Aug  2 07:52:59.584811258, errs.go:75] Wrapped error: <nil> -- with: Could not start serviceManager: A State Service instance is already running in the background.: Could not store pid: valueF failed: Service is already running
[DEBUG Aug  2 07:52:59.584897057, main.go:61] state-svc errored out due to input: Could not start serviceManager: A State Service instance is already running in the background.: Could not store pid: valueF failed: Service is already running
