[DEBUG Aug  2 08:20:20.420331793, defaults.go:273] Args: [/home1/wangfeim/.local/ActiveState/StateTool/release/bin/state-svc start]
[DEBUG Aug  2 08:20:20.434369029, locale.go:38] Init
[DEBUG Aug  2 08:20:20.504310052, errs.go:68] Created error: File could not be found
[DEBUG Aug  2 08:20:20.507438636, errs.go:68] Created error: Not Recognized
[DEBUG Aug  2 08:20:20.530262016, errs.go:68] Created error: Secret not found
[DEBUG Aug  2 08:20:20.530316659, errs.go:68] Created error: Could not save keypair
[DEBUG Aug  2 08:20:20.530487086, errs.go:68] Created error: Build responded with error
[DEBUG Aug  2 08:20:20.530522171, errs.go:68] Created error: Unknown build type
[DEBUG Aug  2 08:20:20.530651833, errors.go:86] Wrapped localized error: <nil> -- with: The installed version of the State Tool Service does not match that of the client.
Please stop the service with [ACTIONABLE]state-svc stop[/RESET] and try your command again.
If this issue persists please reinstall the State Tool.

[DEBUG Aug  2 08:20:20.530667143, errs.go:68] Created error: no data
[DEBUG Aug  2 08:20:20.530692151, errs.go:68] Created error: member not found
[DEBUG Aug  2 08:20:20.530725919, errs.go:68] Created error: Commit count is unknowable
[DEBUG Aug  2 08:20:20.530749978, errs.go:68] Created error: No merge required
[DEBUG Aug  2 08:20:20.530773779, errs.go:68] Created error: Can't merge commit thats already in target commits history
[DEBUG Aug  2 08:20:20.530809928, errs.go:68] Created error: Bad expander name
[DEBUG Aug  2 08:20:20.530843289, errs.go:68] Created error: Expander has no handler
[DEBUG Aug  2 08:20:20.531923282, errs.go:68] Created error: Service is already running
[DEBUG Aug  2 08:20:20.601082720, secrets.go:35] Gcloud Secretmanager failed to initialize (ignore if you're not trying to use gcloud): google: could not find default credentials. See https://developers.google.com/accounts/docs/application-default-credentials for more information.
[DEBUG Aug  2 08:20:20.605075061, output.go:53] Requested outputer for 
[DEBUG Aug  2 08:20:20.605098526, output.go:58] Using Plain outputer
[DEBUG Aug  2 08:20:20.605186610, termutils.go:17] Cannot get terminal size: inappropriate ioctl for device
[DEBUG Aug  2 08:20:20.605273896, client.go:128] Reporting event to 2 reporters: run-command, state-svc start, 
[DEBUG Aug  2 08:20:20.605365994, main.go:107] Running CmdStart
[DEBUG Aug  2 08:20:20.611214104, errs.go:75] Wrapped error: Service is already running -- with: valueF failed
[DEBUG Aug  2 08:20:20.611274480, errs.go:75] Wrapped error: valueF failed -- with: Could not store pid
[DEBUG Aug  2 08:20:20.611348158, errors.go:113] Wrapped input error: Could not store pid -- with: A State Service instance is already running in the background.
[DEBUG Aug  2 08:20:20.611363900, errs.go:75] Wrapped error: A State Service instance is already running in the background. -- with: Could not start serviceManager
[DEBUG Aug  2 08:20:20.611440763, client.go:128] Reporting event to 2 reporters: command-exit, state-svc start, 1
[DEBUG Aug  2 08:20:20.986095618, errs.go:75] Wrapped error: <nil> -- with: Could not start serviceManager: A State Service instance is already running in the background.: Could not store pid: valueF failed: Service is already running
[DEBUG Aug  2 08:20:20.986175801, main.go:61] state-svc errored out due to input: Could not start serviceManager: A State Service instance is already running in the background.: Could not store pid: valueF failed: Service is already running
