[DEBUG Sep 18 09:39:42.555057979, defaults.go:273] Args: [/home1/wangfeim/.local/ActiveState/StateTool/release/bin/state-svc foreground]
[DEBUG Sep 18 09:39:42.567020201, locale.go:38] Init
[DEBUG Sep 18 09:39:42.595562008, errs.go:68] Created error: File could not be found
[DEBUG Sep 18 09:39:42.598018495, errs.go:68] Created error: Not Recognized
[DEBUG Sep 18 09:39:42.617624212, errs.go:68] Created error: Secret not found
[DEBUG Sep 18 09:39:42.617662875, errs.go:68] Created error: Could not save keypair
[DEBUG Sep 18 09:39:42.617810573, errs.go:68] Created error: Build responded with error
[DEBUG Sep 18 09:39:42.617838862, errs.go:68] Created error: Unknown build type
[DEBUG Sep 18 09:39:42.617931247, errors.go:86] Wrapped localized error: <nil> -- with: The installed version of the State Tool Service does not match that of the client.
Please stop the service with [ACTIONABLE]state-svc stop[/RESET] and try your command again.
If this issue persists please reinstall the State Tool.

[DEBUG Sep 18 09:39:42.617941104, errs.go:68] Created error: no data
[DEBUG Sep 18 09:39:42.617960717, errs.go:68] Created error: member not found
[DEBUG Sep 18 09:39:42.617978823, errs.go:68] Created error: Commit count is unknowable
[DEBUG Sep 18 09:39:42.617996085, errs.go:68] Created error: No merge required
[DEBUG Sep 18 09:39:42.618023225, errs.go:68] Created error: Can't merge commit thats already in target commits history
[DEBUG Sep 18 09:39:42.618042285, errs.go:68] Created error: Bad expander name
[DEBUG Sep 18 09:39:42.618059489, errs.go:68] Created error: Expander has no handler
[DEBUG Sep 18 09:39:42.619015761, errs.go:68] Created error: Service is already running
[DEBUG Sep 18 09:39:42.655704675, secrets.go:35] Gcloud Secretmanager failed to initialize (ignore if you're not trying to use gcloud): google: could not find default credentials. See https://developers.google.com/accounts/docs/application-default-credentials for more information.
[DEBUG Sep 18 09:39:42.659095539, output.go:53] Requested outputer for 
[DEBUG Sep 18 09:39:42.659113721, output.go:58] Using Plain outputer
[DEBUG Sep 18 09:39:42.659168024, termutils.go:17] Cannot get terminal size: inappropriate ioctl for device
[DEBUG Sep 18 09:39:42.659254010, main.go:137] Running CmdForeground
[DEBUG Sep 18 09:39:42.659263890, main.go:147] Running in Foreground
[DEBUG Sep 18 09:39:42.659295594, client.go:128] Reporting event to 2 reporters: run-command, state-svc foreground, 
[DEBUG Sep 18 09:39:42.659479920, service.go:30] service:Start
[DEBUG Sep 18 09:39:42.664329556, service.go:42] Server starting on port: 44330
[DEBUG Sep 18 09:39:42.664388199, client.go:128] Reporting event to 2 reporters: state-svc, start, 
[DEBUG Sep 18 09:39:42.743606943, resolver.go:57] Version resolver
[DEBUG Sep 18 09:39:42.743984691, client.go:128] Reporting event to 2 reporters: state-svc, endpoint, Version
[DEBUG Sep 18 09:39:42.744206555, resolver.go:57] Version resolver
[DEBUG Sep 18 09:39:42.744307971, client.go:128] Reporting event to 2 reporters: state-svc, endpoint, Version
[DEBUG Sep 18 09:39:42.744500574, resolver.go:57] Version resolver
[DEBUG Sep 18 09:39:42.744572413, client.go:128] Reporting event to 2 reporters: state-svc, endpoint, Version
[DEBUG Sep 18 09:39:42.744796133, resolver.go:57] Version resolver
[DEBUG Sep 18 09:39:42.745083247, client.go:128] Reporting event to 2 reporters: state-svc, endpoint, Version
[DEBUG Sep 18 09:39:42.745338191, resolver.go:121] Analytics event resolver
[DEBUG Sep 18 09:39:42.745542874, client.go:128] Reporting event to 2 reporters: runtime, start, 
[DEBUG Sep 18 09:39:42.746137059, resolver.go:121] Analytics event resolver
[DEBUG Sep 18 09:39:42.746282484, client.go:128] Reporting event to 2 reporters: runtime, success, 
[DEBUG Sep 18 09:39:42.747187462, resolver.go:121] Analytics event resolver
[DEBUG Sep 18 09:39:42.747352839, client.go:128] Reporting event to 2 reporters: runtime, cache, 
[DEBUG Sep 18 09:39:42.748066508, resolver.go:121] Analytics event resolver
[DEBUG Sep 18 09:39:42.748220693, client.go:128] Reporting event to 2 reporters: run-command, exec, 
[DEBUG Sep 18 09:40:42.665136286, watcher.go:72] Checking for runtime processes
[DEBUG Sep 18 09:41:42.665359527, watcher.go:72] Checking for runtime processes
[DEBUG Sep 18 09:42:42.665368470, watcher.go:72] Checking for runtime processes
[DEBUG Sep 18 09:43:42.664594645, watcher.go:72] Checking for runtime processes
[DEBUG Sep 18 09:44:42.665345034, watcher.go:72] Checking for runtime processes
[DEBUG Sep 18 09:45:42.664908025, watcher.go:72] Checking for runtime processes
[DEBUG Sep 18 09:46:42.664891954, watcher.go:72] Checking for runtime processes
[DEBUG Sep 18 09:47:42.664852254, watcher.go:72] Checking for runtime processes
[DEBUG Sep 18 09:48:42.665382891, watcher.go:72] Checking for runtime processes
[DEBUG Sep 18 09:49:42.665250031, watcher.go:72] Checking for runtime processes
[DEBUG Sep 18 09:50:42.665125108, watcher.go:72] Checking for runtime processes
[DEBUG Sep 18 09:51:42.664842888, watcher.go:72] Checking for runtime processes
[DEBUG Sep 18 09:52:42.665315080, watcher.go:72] Checking for runtime processes
[DEBUG Sep 18 09:53:42.665535015, watcher.go:72] Checking for runtime processes
[DEBUG Sep 18 09:54:42.664635530, watcher.go:72] Checking for runtime processes
[DEBUG Sep 18 09:55:42.665466561, watcher.go:72] Checking for runtime processes
[DEBUG Sep 18 09:56:42.664659791, watcher.go:72] Checking for runtime processes
[DEBUG Sep 18 09:57:42.665423562, watcher.go:72] Checking for runtime processes
[DEBUG Sep 18 09:58:42.665755805, watcher.go:72] Checking for runtime processes
[DEBUG Sep 18 09:59:42.665285746, watcher.go:72] Checking for runtime processes
[DEBUG Sep 18 10:00:42.665336290, watcher.go:72] Checking for runtime processes
[DEBUG Sep 18 10:01:42.665432692, watcher.go:72] Checking for runtime processes
[DEBUG Sep 18 10:02:42.665461416, watcher.go:72] Checking for runtime processes
[DEBUG Sep 18 10:03:42.665255769, watcher.go:72] Checking for runtime processes
[DEBUG Sep 18 10:04:42.664838805, watcher.go:72] Checking for runtime processes
[DEBUG Sep 18 10:05:42.665552504, watcher.go:72] Checking for runtime processes
[DEBUG Sep 18 10:06:42.665248142, watcher.go:72] Checking for runtime processes
[DEBUG Sep 18 10:07:42.665596010, watcher.go:72] Checking for runtime processes
[DEBUG Sep 18 10:08:42.665244581, watcher.go:72] Checking for runtime processes
[DEBUG Sep 18 10:09:42.664575110, watcher.go:72] Checking for runtime processes
[DEBUG Sep 18 10:10:42.665009773, watcher.go:72] Checking for runtime processes
[DEBUG Sep 18 10:11:42.664888132, watcher.go:72] Checking for runtime processes
[DEBUG Sep 18 10:12:42.664608392, watcher.go:72] Checking for runtime processes
[DEBUG Sep 18 10:13:42.665436487, watcher.go:72] Checking for runtime processes
[DEBUG Sep 18 10:14:42.665706125, watcher.go:72] Checking for runtime processes
[DEBUG Sep 18 10:15:42.665183725, watcher.go:72] Checking for runtime processes
[DEBUG Sep 18 10:16:42.665607678, watcher.go:72] Checking for runtime processes
[DEBUG Sep 18 10:17:42.664911258, watcher.go:72] Checking for runtime processes
[DEBUG Sep 18 10:18:42.665350235, watcher.go:72] Checking for runtime processes
[DEBUG Sep 18 10:19:42.665382903, watcher.go:72] Checking for runtime processes
[DEBUG Sep 18 10:20:42.665328393, watcher.go:72] Checking for runtime processes
[DEBUG Sep 18 10:21:42.664898438, watcher.go:72] Checking for runtime processes
[DEBUG Sep 18 10:22:42.665022041, watcher.go:72] Checking for runtime processes
[DEBUG Sep 18 10:23:42.665396763, watcher.go:72] Checking for runtime processes
[DEBUG Sep 18 10:24:42.664638843, watcher.go:72] Checking for runtime processes
[DEBUG Sep 18 10:25:42.665294012, watcher.go:72] Checking for runtime processes
[DEBUG Sep 18 10:26:42.664636560, watcher.go:72] Checking for runtime processes
[DEBUG Sep 18 10:27:42.665776245, watcher.go:72] Checking for runtime processes
[DEBUG Sep 18 10:28:42.664814148, watcher.go:72] Checking for runtime processes
[DEBUG Sep 18 10:29:42.665450604, watcher.go:72] Checking for runtime processes
[DEBUG Sep 18 10:30:42.665844106, watcher.go:72] Checking for runtime processes
[DEBUG Sep 18 10:31:42.665480459, watcher.go:72] Checking for runtime processes
[DEBUG Sep 18 10:32:42.665252701, watcher.go:72] Checking for runtime processes
[DEBUG Sep 18 10:33:42.664928747, watcher.go:72] Checking for runtime processes
[DEBUG Sep 18 10:34:42.665621575, watcher.go:72] Checking for runtime processes
[DEBUG Sep 18 10:35:42.665244241, watcher.go:72] Checking for runtime processes
[DEBUG Sep 18 10:36:42.664894218, watcher.go:72] Checking for runtime processes
[DEBUG Sep 18 10:37:42.665239206, watcher.go:72] Checking for runtime processes
[DEBUG Sep 18 10:38:42.665602905, watcher.go:72] Checking for runtime processes
[DEBUG Sep 18 10:39:42.664628132, watcher.go:72] Checking for runtime processes
[DEBUG Sep 18 10:40:42.664878460, watcher.go:72] Checking for runtime processes
[DEBUG Sep 18 10:41:42.664629140, watcher.go:72] Checking for runtime processes
[DEBUG Sep 18 10:42:42.665549900, watcher.go:72] Checking for runtime processes
[DEBUG Sep 18 10:43:42.664585374, watcher.go:72] Checking for runtime processes
[DEBUG Sep 18 10:44:42.665250559, watcher.go:72] Checking for runtime processes
[DEBUG Sep 18 10:45:42.665163067, watcher.go:72] Checking for runtime processes
[DEBUG Sep 18 10:46:42.665341224, watcher.go:72] Checking for runtime processes
[DEBUG Sep 18 10:47:42.665038186, watcher.go:72] Checking for runtime processes
[DEBUG Sep 18 10:48:42.664626382, watcher.go:72] Checking for runtime processes
[DEBUG Sep 18 10:49:42.665733255, watcher.go:72] Checking for runtime processes
[DEBUG Sep 18 10:50:42.665330808, watcher.go:72] Checking for runtime processes
[DEBUG Sep 18 10:51:42.665720917, watcher.go:72] Checking for runtime processes
[DEBUG Sep 18 10:52:42.665265190, watcher.go:72] Checking for runtime processes
[DEBUG Sep 18 10:53:42.665622423, watcher.go:72] Checking for runtime processes
[DEBUG Sep 18 10:54:42.664664202, watcher.go:72] Checking for runtime processes
[DEBUG Sep 18 10:55:42.664574388, watcher.go:72] Checking for runtime processes
[DEBUG Sep 18 10:56:42.664714532, watcher.go:72] Checking for runtime processes
[DEBUG Sep 18 10:57:42.665251233, watcher.go:72] Checking for runtime processes
[DEBUG Sep 18 10:58:42.665031416, watcher.go:72] Checking for runtime processes
[DEBUG Sep 18 10:59:42.665342791, watcher.go:72] Checking for runtime processes
[DEBUG Sep 18 11:00:42.665284574, watcher.go:72] Checking for runtime processes
[DEBUG Sep 18 11:01:42.665338677, watcher.go:72] Checking for runtime processes
[DEBUG Sep 18 11:02:42.665304429, watcher.go:72] Checking for runtime processes
[DEBUG Sep 18 11:03:42.665243962, watcher.go:72] Checking for runtime processes
[DEBUG Sep 18 11:04:42.665088732, watcher.go:72] Checking for runtime processes
[DEBUG Sep 18 11:05:42.665249293, watcher.go:72] Checking for runtime processes
[DEBUG Sep 18 11:06:42.665706568, watcher.go:72] Checking for runtime processes
[DEBUG Sep 18 11:07:42.664891956, watcher.go:72] Checking for runtime processes
[DEBUG Sep 18 11:08:42.665254306, watcher.go:72] Checking for runtime processes
[DEBUG Sep 18 11:09:42.664637704, watcher.go:72] Checking for runtime processes
[DEBUG Sep 18 11:10:42.665533859, watcher.go:72] Checking for runtime processes
[DEBUG Sep 18 11:11:42.665015344, watcher.go:72] Checking for runtime processes
[DEBUG Sep 18 11:12:42.664826756, watcher.go:72] Checking for runtime processes
[DEBUG Sep 18 11:13:42.665368523, watcher.go:72] Checking for runtime processes
[DEBUG Sep 18 11:14:42.665297147, watcher.go:72] Checking for runtime processes
[DEBUG Sep 18 11:15:42.665291689, watcher.go:72] Checking for runtime processes
[DEBUG Sep 18 11:16:42.665458817, watcher.go:72] Checking for runtime processes
[DEBUG Sep 18 11:17:42.664933176, watcher.go:72] Checking for runtime processes
[DEBUG Sep 18 11:18:42.665247950, watcher.go:72] Checking for runtime processes
[DEBUG Sep 18 11:19:42.664846452, watcher.go:72] Checking for runtime processes
[DEBUG Sep 18 11:20:42.664619607, watcher.go:72] Checking for runtime processes
[DEBUG Sep 18 11:21:42.664935877, watcher.go:72] Checking for runtime processes
[DEBUG Sep 18 11:22:42.665497602, watcher.go:72] Checking for runtime processes
[DEBUG Sep 18 11:23:42.665414793, watcher.go:72] Checking for runtime processes
[DEBUG Sep 18 11:24:42.664637547, watcher.go:72] Checking for runtime processes
[DEBUG Sep 18 11:25:42.665460437, watcher.go:72] Checking for runtime processes
[DEBUG Sep 18 11:26:42.664635038, watcher.go:72] Checking for runtime processes
[DEBUG Sep 18 11:27:42.665691746, watcher.go:72] Checking for runtime processes
[DEBUG Sep 18 11:28:42.665307690, watcher.go:72] Checking for runtime processes
[DEBUG Sep 18 11:29:42.665248400, watcher.go:72] Checking for runtime processes
[DEBUG Sep 18 11:30:42.665541664, watcher.go:72] Checking for runtime processes
[DEBUG Sep 18 11:31:42.664997390, watcher.go:72] Checking for runtime processes
[DEBUG Sep 18 11:32:42.665388552, watcher.go:72] Checking for runtime processes
[DEBUG Sep 18 11:33:42.665400542, watcher.go:72] Checking for runtime processes
[DEBUG Sep 18 11:34:42.665245214, watcher.go:72] Checking for runtime processes
[DEBUG Sep 18 11:35:42.665325267, watcher.go:72] Checking for runtime processes
[DEBUG Sep 18 11:36:42.665244134, watcher.go:72] Checking for runtime processes
[DEBUG Sep 18 11:37:42.665164373, watcher.go:72] Checking for runtime processes
[DEBUG Sep 18 11:38:42.665400396, watcher.go:72] Checking for runtime processes
[DEBUG Sep 18 11:39:42.664632495, watcher.go:72] Checking for runtime processes
[DEBUG Sep 18 11:40:42.665518789, watcher.go:72] Checking for runtime processes
[DEBUG Sep 18 11:41:42.664637659, watcher.go:72] Checking for runtime processes
[DEBUG Sep 18 11:42:42.664782526, watcher.go:72] Checking for runtime processes
[DEBUG Sep 18 11:43:42.665347854, watcher.go:72] Checking for runtime processes
[DEBUG Sep 18 11:44:42.665433068, watcher.go:72] Checking for runtime processes
[DEBUG Sep 18 11:45:42.665348096, watcher.go:72] Checking for runtime processes
[DEBUG Sep 18 11:46:42.665879851, watcher.go:72] Checking for runtime processes
[DEBUG Sep 18 11:47:42.664851052, watcher.go:72] Checking for runtime processes
[DEBUG Sep 18 11:48:42.665258390, watcher.go:72] Checking for runtime processes
[DEBUG Sep 18 11:49:42.665600721, watcher.go:72] Checking for runtime processes
[DEBUG Sep 18 11:50:42.665470036, watcher.go:72] Checking for runtime processes
[DEBUG Sep 18 11:51:42.665249450, watcher.go:72] Checking for runtime processes
[DEBUG Sep 18 11:52:42.665209060, watcher.go:72] Checking for runtime processes
[DEBUG Sep 18 11:53:42.665588352, watcher.go:72] Checking for runtime processes
[DEBUG Sep 18 11:54:42.664635117, watcher.go:72] Checking for runtime processes
[DEBUG Sep 18 11:55:42.665723999, watcher.go:72] Checking for runtime processes
[DEBUG Sep 18 11:56:42.664635865, watcher.go:72] Checking for runtime processes
[DEBUG Sep 18 11:57:42.665255652, watcher.go:72] Checking for runtime processes
[DEBUG Sep 18 11:58:42.665362724, watcher.go:72] Checking for runtime processes
[DEBUG Sep 18 11:59:42.664805718, watcher.go:72] Checking for runtime processes
[DEBUG Sep 18 12:00:42.665709985, watcher.go:72] Checking for runtime processes
[DEBUG Sep 18 12:01:42.665250223, watcher.go:72] Checking for runtime processes
[DEBUG Sep 18 12:02:42.665399694, watcher.go:72] Checking for runtime processes
[DEBUG Sep 18 12:03:42.665668847, watcher.go:72] Checking for runtime processes
[DEBUG Sep 18 12:04:42.664952226, watcher.go:72] Checking for runtime processes
[DEBUG Sep 18 12:05:42.665205682, watcher.go:72] Checking for runtime processes
[DEBUG Sep 18 12:06:42.664984835, watcher.go:72] Checking for runtime processes
[DEBUG Sep 18 12:07:42.665238957, watcher.go:72] Checking for runtime processes
[DEBUG Sep 18 12:08:42.665603537, watcher.go:72] Checking for runtime processes
[DEBUG Sep 18 12:09:42.664691256, watcher.go:72] Checking for runtime processes
[DEBUG Sep 18 12:10:42.665188402, watcher.go:72] Checking for runtime processes
[DEBUG Sep 18 12:11:42.664938587, watcher.go:72] Checking for runtime processes
[DEBUG Sep 18 12:12:42.665469219, watcher.go:72] Checking for runtime processes
[DEBUG Sep 18 12:13:42.665247966, watcher.go:72] Checking for runtime processes
[DEBUG Sep 18 12:14:42.664879217, watcher.go:72] Checking for runtime processes
[DEBUG Sep 18 12:15:42.664843552, watcher.go:72] Checking for runtime processes
[DEBUG Sep 18 12:16:42.665673909, watcher.go:72] Checking for runtime processes
[DEBUG Sep 18 12:17:42.665275326, watcher.go:72] Checking for runtime processes
[DEBUG Sep 18 12:18:42.665432383, watcher.go:72] Checking for runtime processes
[DEBUG Sep 18 12:19:42.664635141, watcher.go:72] Checking for runtime processes
[DEBUG Sep 18 12:20:42.664609748, watcher.go:72] Checking for runtime processes
[DEBUG Sep 18 12:21:42.665443882, watcher.go:72] Checking for runtime processes
[DEBUG Sep 18 12:22:42.665269265, watcher.go:72] Checking for runtime processes
[DEBUG Sep 18 12:23:42.665495376, watcher.go:72] Checking for runtime processes
[DEBUG Sep 18 12:24:42.665430823, watcher.go:72] Checking for runtime processes
[DEBUG Sep 18 12:25:42.665650394, watcher.go:72] Checking for runtime processes
[DEBUG Sep 18 12:26:42.664749233, watcher.go:72] Checking for runtime processes
[DEBUG Sep 18 12:27:42.664945331, watcher.go:72] Checking for runtime processes
[DEBUG Sep 18 12:28:42.664672296, watcher.go:72] Checking for runtime processes
[DEBUG Sep 18 12:29:42.665499546, watcher.go:72] Checking for runtime processes
[DEBUG Sep 18 12:30:42.665403074, watcher.go:72] Checking for runtime processes
[DEBUG Sep 18 12:31:42.664934533, watcher.go:72] Checking for runtime processes
[DEBUG Sep 18 12:32:42.665249677, watcher.go:72] Checking for runtime processes
[DEBUG Sep 18 12:33:42.665256399, watcher.go:72] Checking for runtime processes
[DEBUG Sep 18 12:34:42.665379961, watcher.go:72] Checking for runtime processes
[DEBUG Sep 18 12:35:42.665428198, watcher.go:72] Checking for runtime processes
[DEBUG Sep 18 12:36:42.665253930, watcher.go:72] Checking for runtime processes
[DEBUG Sep 18 12:37:42.665249040, watcher.go:72] Checking for runtime processes
[DEBUG Sep 18 12:38:42.665597928, watcher.go:72] Checking for runtime processes
[DEBUG Sep 18 12:39:42.664818005, watcher.go:72] Checking for runtime processes
[DEBUG Sep 18 12:40:42.664918690, watcher.go:72] Checking for runtime processes
[DEBUG Sep 18 12:41:42.664975932, watcher.go:72] Checking for runtime processes
[DEBUG Sep 18 12:42:42.665274850, watcher.go:72] Checking for runtime processes
[DEBUG Sep 18 12:43:42.664634962, watcher.go:72] Checking for runtime processes
[DEBUG Sep 18 12:44:42.665069304, watcher.go:72] Checking for runtime processes
[DEBUG Sep 18 12:45:42.665091508, watcher.go:72] Checking for runtime processes
[DEBUG Sep 18 12:46:42.665322671, watcher.go:72] Checking for runtime processes
[DEBUG Sep 18 12:47:42.665363986, watcher.go:72] Checking for runtime processes
[DEBUG Sep 18 12:48:42.665247046, watcher.go:72] Checking for runtime processes
[DEBUG Sep 18 12:49:42.664860952, watcher.go:72] Checking for runtime processes
[DEBUG Sep 18 12:50:42.665637841, watcher.go:72] Checking for runtime processes
[DEBUG Sep 18 12:51:42.665253882, watcher.go:72] Checking for runtime processes
[DEBUG Sep 18 12:52:42.664878968, watcher.go:72] Checking for runtime processes
[DEBUG Sep 18 12:53:42.664595571, watcher.go:72] Checking for runtime processes
[DEBUG Sep 18 12:54:42.665377143, watcher.go:72] Checking for runtime processes
[DEBUG Sep 18 12:55:42.664825814, watcher.go:72] Checking for runtime processes
[DEBUG Sep 18 12:56:42.664634228, watcher.go:72] Checking for runtime processes
[DEBUG Sep 18 12:57:42.665507447, watcher.go:72] Checking for runtime processes
[DEBUG Sep 18 12:58:42.664821833, watcher.go:72] Checking for runtime processes
[DEBUG Sep 18 12:59:42.665373029, watcher.go:72] Checking for runtime processes
[DEBUG Sep 18 13:00:42.665384705, watcher.go:72] Checking for runtime processes
[DEBUG Sep 18 13:01:42.665383942, watcher.go:72] Checking for runtime processes
[DEBUG Sep 18 13:02:42.664836527, watcher.go:72] Checking for runtime processes
[DEBUG Sep 18 13:03:42.664777044, watcher.go:72] Checking for runtime processes
[DEBUG Sep 18 13:04:42.665613283, watcher.go:72] Checking for runtime processes
[DEBUG Sep 18 13:05:42.665013063, watcher.go:72] Checking for runtime processes
[DEBUG Sep 18 13:06:42.665111740, watcher.go:72] Checking for runtime processes
[DEBUG Sep 18 13:07:42.665407208, watcher.go:72] Checking for runtime processes
[DEBUG Sep 18 13:08:42.665281231, watcher.go:72] Checking for runtime processes
[DEBUG Sep 18 13:09:42.665434924, watcher.go:72] Checking for runtime processes
[DEBUG Sep 18 13:10:42.665576708, watcher.go:72] Checking for runtime processes
[DEBUG Sep 18 13:11:42.664745167, watcher.go:72] Checking for runtime processes
[DEBUG Sep 18 13:12:42.665418246, watcher.go:72] Checking for runtime processes
[DEBUG Sep 18 13:13:42.664663116, watcher.go:72] Checking for runtime processes
[DEBUG Sep 18 13:14:42.665438145, watcher.go:72] Checking for runtime processes
[DEBUG Sep 18 13:15:42.665385151, watcher.go:72] Checking for runtime processes
[DEBUG Sep 18 13:16:42.665409829, watcher.go:72] Checking for runtime processes
[DEBUG Sep 18 13:16:58.595326880, resolver.go:121] Analytics event resolver
[DEBUG Sep 18 13:16:58.595502151, client.go:128] Reporting event to 2 reporters: command-exit, exec, 0
[DEBUG Sep 18 13:17:42.665295252, watcher.go:72] Checking for runtime processes
[DEBUG Sep 18 13:18:42.665248268, watcher.go:72] Checking for runtime processes
[DEBUG Sep 18 13:19:42.665241875, watcher.go:72] Checking for runtime processes
[DEBUG Sep 18 13:20:42.665243586, watcher.go:72] Checking for runtime processes
[DEBUG Sep 18 13:21:42.665249662, watcher.go:72] Checking for runtime processes
[DEBUG Sep 18 13:22:42.665248460, watcher.go:72] Checking for runtime processes
[DEBUG Sep 18 13:23:42.665246304, watcher.go:72] Checking for runtime processes
[DEBUG Sep 18 13:24:42.665237784, watcher.go:72] Checking for runtime processes
[DEBUG Sep 18 13:25:42.665245425, watcher.go:72] Checking for runtime processes
[DEBUG Sep 18 13:26:42.664637897, watcher.go:72] Checking for runtime processes
[DEBUG Sep 18 13:27:42.665258394, watcher.go:72] Checking for runtime processes
[DEBUG Sep 18 13:28:42.664635349, watcher.go:72] Checking for runtime processes
[DEBUG Sep 18 13:29:42.665251662, watcher.go:72] Checking for runtime processes
[DEBUG Sep 18 13:30:42.665250200, watcher.go:72] Checking for runtime processes
[DEBUG Sep 18 13:31:42.665249655, watcher.go:72] Checking for runtime processes
[DEBUG Sep 18 13:32:42.665244332, watcher.go:72] Checking for runtime processes
[DEBUG Sep 18 13:33:42.665246793, watcher.go:72] Checking for runtime processes
[DEBUG Sep 18 13:34:42.665248749, watcher.go:72] Checking for runtime processes
[DEBUG Sep 18 13:35:42.665252856, watcher.go:72] Checking for runtime processes
[DEBUG Sep 18 13:36:42.665250978, watcher.go:72] Checking for runtime processes
[DEBUG Sep 18 13:37:42.665251753, watcher.go:72] Checking for runtime processes
[DEBUG Sep 18 13:38:42.665248958, watcher.go:72] Checking for runtime processes
[DEBUG Sep 18 13:39:42.665243596, watcher.go:72] Checking for runtime processes
[DEBUG Sep 18 13:40:42.665248778, watcher.go:72] Checking for runtime processes
[DEBUG Sep 18 13:41:42.664640477, watcher.go:72] Checking for runtime processes
[DEBUG Sep 18 13:42:42.665249543, watcher.go:72] Checking for runtime processes
[DEBUG Sep 18 13:43:42.664635318, watcher.go:72] Checking for runtime processes
[DEBUG Sep 18 13:44:42.665251271, watcher.go:72] Checking for runtime processes
[DEBUG Sep 18 13:45:42.665244171, watcher.go:72] Checking for runtime processes
[DEBUG Sep 18 13:46:42.665257109, watcher.go:72] Checking for runtime processes
[DEBUG Sep 18 13:47:42.665243507, watcher.go:72] Checking for runtime processes
[DEBUG Sep 18 13:48:42.665246703, watcher.go:72] Checking for runtime processes
[DEBUG Sep 18 13:49:42.665244127, watcher.go:72] Checking for runtime processes
[DEBUG Sep 18 13:50:42.665246169, watcher.go:72] Checking for runtime processes
[DEBUG Sep 18 13:51:42.665265181, watcher.go:72] Checking for runtime processes
[DEBUG Sep 18 13:52:42.665247621, watcher.go:72] Checking for runtime processes
[DEBUG Sep 18 13:53:42.665242459, watcher.go:72] Checking for runtime processes
[DEBUG Sep 18 13:54:42.665237177, watcher.go:72] Checking for runtime processes
[DEBUG Sep 18 13:55:42.665242261, watcher.go:72] Checking for runtime processes
[DEBUG Sep 18 13:56:42.664636641, watcher.go:72] Checking for runtime processes
[DEBUG Sep 18 13:57:42.665246251, watcher.go:72] Checking for runtime processes
[DEBUG Sep 18 13:58:42.664634813, watcher.go:72] Checking for runtime processes
[DEBUG Sep 18 13:59:42.665246165, watcher.go:72] Checking for runtime processes
[DEBUG Sep 18 14:00:42.665246099, watcher.go:72] Checking for runtime processes
[DEBUG Sep 18 14:01:42.665245026, watcher.go:72] Checking for runtime processes
[DEBUG Sep 18 14:02:42.665258539, watcher.go:72] Checking for runtime processes
[DEBUG Sep 18 14:03:42.665248933, watcher.go:72] Checking for runtime processes
[DEBUG Sep 18 14:04:42.665243320, watcher.go:72] Checking for runtime processes
[DEBUG Sep 18 14:05:42.665244268, watcher.go:72] Checking for runtime processes
[DEBUG Sep 18 14:06:42.665295872, watcher.go:72] Checking for runtime processes
[DEBUG Sep 18 14:07:42.665244051, watcher.go:72] Checking for runtime processes
[DEBUG Sep 18 14:08:42.665245164, watcher.go:72] Checking for runtime processes
[DEBUG Sep 18 14:09:42.665239847, watcher.go:72] Checking for runtime processes
[DEBUG Sep 18 14:10:42.665262561, watcher.go:72] Checking for runtime processes
[DEBUG Sep 18 14:11:42.664635637, watcher.go:72] Checking for runtime processes
[DEBUG Sep 18 14:12:42.665246170, watcher.go:72] Checking for runtime processes
[DEBUG Sep 18 14:13:42.664634930, watcher.go:72] Checking for runtime processes
[DEBUG Sep 18 14:14:42.665248163, watcher.go:72] Checking for runtime processes
[DEBUG Sep 18 14:15:42.665243048, watcher.go:72] Checking for runtime processes
[DEBUG Sep 18 14:16:42.665249628, watcher.go:72] Checking for runtime processes
[DEBUG Sep 18 14:17:42.665243826, watcher.go:72] Checking for runtime processes
[DEBUG Sep 18 14:18:42.665242675, watcher.go:72] Checking for runtime processes
[DEBUG Sep 18 14:19:42.665242840, watcher.go:72] Checking for runtime processes
[DEBUG Sep 18 14:20:42.665244463, watcher.go:72] Checking for runtime processes
[DEBUG Sep 18 14:21:42.665245749, watcher.go:72] Checking for runtime processes
[DEBUG Sep 18 14:22:42.665248691, watcher.go:72] Checking for runtime processes
[DEBUG Sep 18 14:23:42.665244306, watcher.go:72] Checking for runtime processes
[DEBUG Sep 18 14:24:42.665237448, watcher.go:72] Checking for runtime processes
[DEBUG Sep 18 14:25:42.665244341, watcher.go:72] Checking for runtime processes
[DEBUG Sep 18 14:26:42.664638856, watcher.go:72] Checking for runtime processes
[DEBUG Sep 18 14:27:42.665247231, watcher.go:72] Checking for runtime processes
[DEBUG Sep 18 14:28:42.664633602, watcher.go:72] Checking for runtime processes
[DEBUG Sep 18 14:29:42.665247952, watcher.go:72] Checking for runtime processes
[DEBUG Sep 18 14:30:42.665247160, watcher.go:72] Checking for runtime processes
[DEBUG Sep 18 14:31:42.664773200, watcher.go:72] Checking for runtime processes
[DEBUG Sep 18 14:32:42.665246260, watcher.go:72] Checking for runtime processes
[DEBUG Sep 18 14:33:42.665252197, watcher.go:72] Checking for runtime processes
[DEBUG Sep 18 14:34:42.665244565, watcher.go:72] Checking for runtime processes
[DEBUG Sep 18 14:35:42.665242789, watcher.go:72] Checking for runtime processes
[DEBUG Sep 18 14:36:42.665246831, watcher.go:72] Checking for runtime processes
[DEBUG Sep 18 14:37:42.665245710, watcher.go:72] Checking for runtime processes
[DEBUG Sep 18 14:38:42.665239541, watcher.go:72] Checking for runtime processes
[DEBUG Sep 18 14:39:42.665237400, watcher.go:72] Checking for runtime processes
[DEBUG Sep 18 14:40:42.665245199, watcher.go:72] Checking for runtime processes
[DEBUG Sep 18 14:41:42.664637986, watcher.go:72] Checking for runtime processes
[DEBUG Sep 18 14:42:42.665245097, watcher.go:72] Checking for runtime processes
[DEBUG Sep 18 14:43:42.664634409, watcher.go:72] Checking for runtime processes
[DEBUG Sep 18 14:44:42.665251222, watcher.go:72] Checking for runtime processes
[DEBUG Sep 18 14:45:42.665245647, watcher.go:72] Checking for runtime processes
[DEBUG Sep 18 14:46:42.665262274, watcher.go:72] Checking for runtime processes
[DEBUG Sep 18 14:47:42.664835341, watcher.go:72] Checking for runtime processes
[DEBUG Sep 18 14:48:42.665263918, watcher.go:72] Checking for runtime processes
[DEBUG Sep 18 14:49:42.665242452, watcher.go:72] Checking for runtime processes
[DEBUG Sep 18 14:50:42.665248119, watcher.go:72] Checking for runtime processes
[DEBUG Sep 18 14:51:42.665245529, watcher.go:72] Checking for runtime processes
[DEBUG Sep 18 14:52:42.665249210, watcher.go:72] Checking for runtime processes
[DEBUG Sep 18 14:53:42.665260623, watcher.go:72] Checking for runtime processes
[DEBUG Sep 18 14:54:42.665245228, watcher.go:72] Checking for runtime processes
[DEBUG Sep 18 14:55:42.665250387, watcher.go:72] Checking for runtime processes
[DEBUG Sep 18 14:56:42.664639678, watcher.go:72] Checking for runtime processes
[DEBUG Sep 18 14:57:42.665249797, watcher.go:72] Checking for runtime processes
[DEBUG Sep 18 14:58:42.664633768, watcher.go:72] Checking for runtime processes
[DEBUG Sep 18 14:59:42.665249873, watcher.go:72] Checking for runtime processes
[DEBUG Sep 18 15:00:42.665246633, watcher.go:72] Checking for runtime processes
[DEBUG Sep 18 15:01:42.665246033, watcher.go:72] Checking for runtime processes
[DEBUG Sep 18 15:02:42.665246681, watcher.go:72] Checking for runtime processes
[DEBUG Sep 18 15:03:42.665252992, watcher.go:72] Checking for runtime processes
[DEBUG Sep 18 15:04:42.665246943, watcher.go:72] Checking for runtime processes
[DEBUG Sep 18 15:05:42.665246131, watcher.go:72] Checking for runtime processes
[DEBUG Sep 18 15:06:42.665245959, watcher.go:72] Checking for runtime processes
[DEBUG Sep 18 15:07:42.665250233, watcher.go:72] Checking for runtime processes
[DEBUG Sep 18 15:08:42.665244895, watcher.go:72] Checking for runtime processes
[DEBUG Sep 18 15:09:42.665237866, watcher.go:72] Checking for runtime processes
[DEBUG Sep 18 15:10:42.665267242, watcher.go:72] Checking for runtime processes
[DEBUG Sep 18 15:11:42.664635307, watcher.go:72] Checking for runtime processes
[DEBUG Sep 18 15:12:42.665251859, watcher.go:72] Checking for runtime processes
[DEBUG Sep 18 15:13:42.664636626, watcher.go:72] Checking for runtime processes
[DEBUG Sep 18 15:14:42.665253332, watcher.go:72] Checking for runtime processes
[DEBUG Sep 18 15:15:42.665253100, watcher.go:72] Checking for runtime processes
[DEBUG Sep 18 15:16:42.665251204, watcher.go:72] Checking for runtime processes
[DEBUG Sep 18 15:17:42.665254048, watcher.go:72] Checking for runtime processes
[DEBUG Sep 18 15:18:42.665253810, watcher.go:72] Checking for runtime processes
[DEBUG Sep 18 15:19:42.665250111, watcher.go:72] Checking for runtime processes
[DEBUG Sep 18 15:20:42.665253448, watcher.go:72] Checking for runtime processes
[DEBUG Sep 18 15:21:42.665248588, watcher.go:72] Checking for runtime processes
[DEBUG Sep 18 15:22:42.665262987, watcher.go:72] Checking for runtime processes
[DEBUG Sep 18 15:23:42.665245846, watcher.go:72] Checking for runtime processes
[DEBUG Sep 18 15:24:42.665237348, watcher.go:72] Checking for runtime processes
[DEBUG Sep 18 15:25:42.665242843, watcher.go:72] Checking for runtime processes
[DEBUG Sep 18 15:26:42.664634893, watcher.go:72] Checking for runtime processes
[DEBUG Sep 18 15:27:42.665246568, watcher.go:72] Checking for runtime processes
[DEBUG Sep 18 15:28:42.664633346, watcher.go:72] Checking for runtime processes
[DEBUG Sep 18 15:29:42.665261769, watcher.go:72] Checking for runtime processes
[DEBUG Sep 18 15:30:42.665244887, watcher.go:72] Checking for runtime processes
[DEBUG Sep 18 15:31:42.665245169, watcher.go:72] Checking for runtime processes
[DEBUG Sep 18 15:32:42.665245846, watcher.go:72] Checking for runtime processes
[DEBUG Sep 18 15:33:42.665243948, watcher.go:72] Checking for runtime processes
[DEBUG Sep 18 15:34:42.665249101, watcher.go:72] Checking for runtime processes
[DEBUG Sep 18 15:35:42.665246681, watcher.go:72] Checking for runtime processes
[DEBUG Sep 18 15:36:42.665247902, watcher.go:72] Checking for runtime processes
[DEBUG Sep 18 15:37:42.665245445, watcher.go:72] Checking for runtime processes
[DEBUG Sep 18 15:38:42.664780233, watcher.go:72] Checking for runtime processes
[DEBUG Sep 18 15:39:42.665240946, watcher.go:72] Checking for runtime processes
[DEBUG Sep 18 15:40:42.665261073, watcher.go:72] Checking for runtime processes
[DEBUG Sep 18 15:41:42.664636672, watcher.go:72] Checking for runtime processes
[DEBUG Sep 18 15:42:42.665242094, watcher.go:72] Checking for runtime processes
[DEBUG Sep 18 15:43:42.664636656, watcher.go:72] Checking for runtime processes
[DEBUG Sep 18 15:44:42.665249246, watcher.go:72] Checking for runtime processes
[DEBUG Sep 18 15:45:42.665244945, watcher.go:72] Checking for runtime processes
[DEBUG Sep 18 15:46:42.665247706, watcher.go:72] Checking for runtime processes
[DEBUG Sep 18 15:47:42.665243627, watcher.go:72] Checking for runtime processes
[DEBUG Sep 18 15:48:42.665247318, watcher.go:72] Checking for runtime processes
[DEBUG Sep 18 15:49:42.665246099, watcher.go:72] Checking for runtime processes
[DEBUG Sep 18 15:50:42.665249881, watcher.go:72] Checking for runtime processes
[DEBUG Sep 18 15:51:42.665241747, watcher.go:72] Checking for runtime processes
[DEBUG Sep 18 15:52:42.665263213, watcher.go:72] Checking for runtime processes
[DEBUG Sep 18 15:53:42.665243425, watcher.go:72] Checking for runtime processes
[DEBUG Sep 18 15:54:42.665236448, watcher.go:72] Checking for runtime processes
[DEBUG Sep 18 15:55:42.665247045, watcher.go:72] Checking for runtime processes
[DEBUG Sep 18 15:56:42.664638521, watcher.go:72] Checking for runtime processes
[DEBUG Sep 18 15:57:42.665244553, watcher.go:72] Checking for runtime processes
[DEBUG Sep 18 15:58:42.664634549, watcher.go:72] Checking for runtime processes
[DEBUG Sep 18 15:59:42.665246292, watcher.go:72] Checking for runtime processes
[DEBUG Sep 18 16:00:42.665249001, watcher.go:72] Checking for runtime processes
[DEBUG Sep 18 16:01:42.665252278, watcher.go:72] Checking for runtime processes
[DEBUG Sep 18 16:02:42.665246348, watcher.go:72] Checking for runtime processes
[DEBUG Sep 18 16:03:42.665249449, watcher.go:72] Checking for runtime processes
[DEBUG Sep 18 16:04:42.665243950, watcher.go:72] Checking for runtime processes
[DEBUG Sep 18 16:05:42.665245389, watcher.go:72] Checking for runtime processes
[DEBUG Sep 18 16:06:42.665244889, watcher.go:72] Checking for runtime processes
[DEBUG Sep 18 16:07:42.665246358, watcher.go:72] Checking for runtime processes
[DEBUG Sep 18 16:08:42.665260400, watcher.go:72] Checking for runtime processes
[DEBUG Sep 18 16:09:42.665233807, watcher.go:72] Checking for runtime processes
[DEBUG Sep 18 16:10:42.665242954, watcher.go:72] Checking for runtime processes
[DEBUG Sep 18 16:11:42.664635027, watcher.go:72] Checking for runtime processes
[DEBUG Sep 18 16:12:42.665250692, watcher.go:72] Checking for runtime processes
[DEBUG Sep 18 16:13:42.664637016, watcher.go:72] Checking for runtime processes
[DEBUG Sep 18 16:14:42.665267378, watcher.go:72] Checking for runtime processes
[DEBUG Sep 18 16:15:42.665246249, watcher.go:72] Checking for runtime processes
[DEBUG Sep 18 16:16:42.665247663, watcher.go:72] Checking for runtime processes
[DEBUG Sep 18 16:17:42.665245485, watcher.go:72] Checking for runtime processes
[DEBUG Sep 18 16:18:42.665245877, watcher.go:72] Checking for runtime processes
[DEBUG Sep 18 16:19:42.665262393, watcher.go:72] Checking for runtime processes
[DEBUG Sep 18 16:20:42.665243222, watcher.go:72] Checking for runtime processes
[DEBUG Sep 18 16:21:42.665244035, watcher.go:72] Checking for runtime processes
[DEBUG Sep 18 16:22:42.665246940, watcher.go:72] Checking for runtime processes
[DEBUG Sep 18 16:23:42.665242692, watcher.go:72] Checking for runtime processes
[DEBUG Sep 18 16:24:42.665235793, watcher.go:72] Checking for runtime processes
[DEBUG Sep 18 16:25:42.665241434, watcher.go:72] Checking for runtime processes
[DEBUG Sep 18 16:26:42.664638577, watcher.go:72] Checking for runtime processes
[DEBUG Sep 18 16:27:42.665248299, watcher.go:72] Checking for runtime processes
[DEBUG Sep 18 16:28:42.664638195, watcher.go:72] Checking for runtime processes
[DEBUG Sep 18 16:29:42.665251049, watcher.go:72] Checking for runtime processes
[DEBUG Sep 18 16:30:42.665245151, watcher.go:72] Checking for runtime processes
[DEBUG Sep 18 16:31:42.665251043, watcher.go:72] Checking for runtime processes
[DEBUG Sep 18 16:32:42.665245319, watcher.go:72] Checking for runtime processes
[DEBUG Sep 18 16:33:42.665251558, watcher.go:72] Checking for runtime processes
[DEBUG Sep 18 16:34:42.665250533, watcher.go:72] Checking for runtime processes
[DEBUG Sep 18 16:35:42.665253376, watcher.go:72] Checking for runtime processes
[DEBUG Sep 18 16:36:42.665250548, watcher.go:72] Checking for runtime processes
[DEBUG Sep 18 16:37:42.665255586, watcher.go:72] Checking for runtime processes
[DEBUG Sep 18 16:38:42.664780241, watcher.go:72] Checking for runtime processes
[DEBUG Sep 18 16:39:42.665246177, watcher.go:72] Checking for runtime processes
[DEBUG Sep 18 16:40:42.665251700, watcher.go:72] Checking for runtime processes
[DEBUG Sep 18 16:41:42.664641410, watcher.go:72] Checking for runtime processes
[DEBUG Sep 18 16:42:42.665248301, watcher.go:72] Checking for runtime processes
[DEBUG Sep 18 16:43:42.664636484, watcher.go:72] Checking for runtime processes
[DEBUG Sep 18 16:44:42.665256328, watcher.go:72] Checking for runtime processes
[DEBUG Sep 18 16:45:42.665246169, watcher.go:72] Checking for runtime processes
[DEBUG Sep 18 16:46:42.665247205, watcher.go:72] Checking for runtime processes
[DEBUG Sep 18 16:47:42.665244915, watcher.go:72] Checking for runtime processes
[DEBUG Sep 18 16:48:42.665247638, watcher.go:72] Checking for runtime processes
[DEBUG Sep 18 16:49:42.665257176, watcher.go:72] Checking for runtime processes
[DEBUG Sep 18 16:50:42.664772483, watcher.go:72] Checking for runtime processes
[DEBUG Sep 18 16:51:42.665242578, watcher.go:72] Checking for runtime processes
[DEBUG Sep 18 16:52:42.665246366, watcher.go:72] Checking for runtime processes
[DEBUG Sep 18 16:53:42.665239970, watcher.go:72] Checking for runtime processes
[DEBUG Sep 18 16:54:42.665238280, watcher.go:72] Checking for runtime processes
[DEBUG Sep 18 16:55:42.665241894, watcher.go:72] Checking for runtime processes
[DEBUG Sep 18 16:56:42.664635827, watcher.go:72] Checking for runtime processes
[DEBUG Sep 18 16:57:42.665247606, watcher.go:72] Checking for runtime processes
[DEBUG Sep 18 16:58:42.664634876, watcher.go:72] Checking for runtime processes
[DEBUG Sep 18 16:59:42.665246860, watcher.go:72] Checking for runtime processes
[DEBUG Sep 18 17:00:42.665268011, watcher.go:72] Checking for runtime processes
[DEBUG Sep 18 17:01:42.665244830, watcher.go:72] Checking for runtime processes
[DEBUG Sep 18 17:02:42.665243235, watcher.go:72] Checking for runtime processes
[DEBUG Sep 18 17:03:42.665224896, watcher.go:72] Checking for runtime processes
[DEBUG Sep 18 17:04:42.665220964, watcher.go:72] Checking for runtime processes
[DEBUG Sep 18 17:05:42.665245735, watcher.go:72] Checking for runtime processes
