[DEBUG Aug  2 08:06:33.113975084, defaults.go:273] Args: [/home1/wangfeim/.local/ActiveState/StateTool/release/bin/state-svc start]
[DEBUG Aug  2 08:06:33.129646886, locale.go:38] Init
[DEBUG Aug  2 08:06:33.371658959, errs.go:68] Created error: File could not be found
[DEBUG Aug  2 08:06:33.375045085, errs.go:68] Created error: Not Recognized
[DEBUG Aug  2 08:06:33.397322920, errs.go:68] Created error: Secret not found
[DEBUG Aug  2 08:06:33.397376252, errs.go:68] Created error: Could not save keypair
[DEBUG Aug  2 08:06:33.397554277, errs.go:68] Created error: Build responded with error
[DEBUG Aug  2 08:06:33.397584749, errs.go:68] Created error: Unknown build type
[DEBUG Aug  2 08:06:33.397716249, errors.go:86] Wrapped localized error: <nil> -- with: The installed version of the State Tool Service does not match that of the client.
Please stop the service with [ACTIONABLE]state-svc stop[/RESET] and try your command again.
If this issue persists please reinstall the State Tool.

[DEBUG Aug  2 08:06:33.397731930, errs.go:68] Created error: no data
[DEBUG Aug  2 08:06:33.397757160, errs.go:68] Created error: member not found
[DEBUG Aug  2 08:06:33.397781997, errs.go:68] Created error: Commit count is unknowable
[DEBUG Aug  2 08:06:33.397805577, errs.go:68] Created error: No merge required
[DEBUG Aug  2 08:06:33.397828403, errs.go:68] Created error: Can't merge commit thats already in target commits history
[DEBUG Aug  2 08:06:33.397852345, errs.go:68] Created error: Bad expander name
[DEBUG Aug  2 08:06:33.397874870, errs.go:68] Created error: Expander has no handler
[DEBUG Aug  2 08:06:33.398979887, errs.go:68] Created error: Service is already running
[DEBUG Aug  2 08:06:33.435287149, secrets.go:35] Gcloud Secretmanager failed to initialize (ignore if you're not trying to use gcloud): google: could not find default credentials. See https://developers.google.com/accounts/docs/application-default-credentials for more information.
[DEBUG Aug  2 08:06:33.438625436, output.go:53] Requested outputer for 
[DEBUG Aug  2 08:06:33.438661444, output.go:58] Using Plain outputer
[DEBUG Aug  2 08:06:33.438737294, termutils.go:17] Cannot get terminal size: inappropriate ioctl for device
[DEBUG Aug  2 08:06:33.438915243, client.go:128] Reporting event to 2 reporters: run-command, state-svc start, 
[DEBUG Aug  2 08:06:33.439146228, main.go:107] Running CmdStart
[DEBUG Aug  2 08:06:33.485897661, errs.go:75] Wrapped error: Service is already running -- with: valueF failed
[DEBUG Aug  2 08:06:33.485965954, errs.go:75] Wrapped error: valueF failed -- with: Could not store pid
[DEBUG Aug  2 08:06:33.486042719, errors.go:113] Wrapped input error: Could not store pid -- with: A State Service instance is already running in the background.
[DEBUG Aug  2 08:06:33.486057921, errs.go:75] Wrapped error: A State Service instance is already running in the background. -- with: Could not start serviceManager
[DEBUG Aug  2 08:06:33.486151658, client.go:128] Reporting event to 2 reporters: command-exit, state-svc start, 1
[DEBUG Aug  2 08:06:33.806165528, errs.go:75] Wrapped error: <nil> -- with: Could not start serviceManager: A State Service instance is already running in the background.: Could not store pid: valueF failed: Service is already running
[DEBUG Aug  2 08:06:33.806253016, main.go:61] state-svc errored out due to input: Could not start serviceManager: A State Service instance is already running in the background.: Could not store pid: valueF failed: Service is already running
