[DEBUG Aug  2 07:43:38.948770360, defaults.go:273] Args: [/home1/wangfeim/.local/ActiveState/StateTool/release/bin/state-svc start]
[DEBUG Aug  2 07:43:38.962887384, locale.go:38] Init
[DEBUG Aug  2 07:43:39.003353749, errs.go:68] Created error: File could not be found
[DEBUG Aug  2 07:43:39.006293037, errs.go:68] Created error: Not Recognized
[DEBUG Aug  2 07:43:39.026754831, errs.go:68] Created error: Secret not found
[DEBUG Aug  2 07:43:39.026803707, errs.go:68] Created error: Could not save keypair
[DEBUG Aug  2 07:43:39.027000068, errs.go:68] Created error: Build responded with error
[DEBUG Aug  2 07:43:39.027035633, errs.go:68] Created error: Unknown build type
[DEBUG Aug  2 07:43:39.027141996, errors.go:86] Wrapped localized error: <nil> -- with: The installed version of the State Tool Service does not match that of the client.
Please stop the service with [ACTIONABLE]state-svc stop[/RESET] and try your command again.
If this issue persists please reinstall the State Tool.

[DEBUG Aug  2 07:43:39.027155783, errs.go:68] Created error: no data
[DEBUG Aug  2 07:43:39.027180028, errs.go:68] Created error: member not found
[DEBUG Aug  2 07:43:39.027203474, errs.go:68] Created error: Commit count is unknowable
[DEBUG Aug  2 07:43:39.027226944, errs.go:68] Created error: No merge required
[DEBUG Aug  2 07:43:39.027249741, errs.go:68] Created error: Can't merge commit thats already in target commits history
[DEBUG Aug  2 07:43:39.027274130, errs.go:68] Created error: Bad expander name
[DEBUG Aug  2 07:43:39.027296932, errs.go:68] Created error: Expander has no handler
[DEBUG Aug  2 07:43:39.028407390, errs.go:68] Created error: Service is already running
[DEBUG Aug  2 07:43:39.056119046, secrets.go:35] Gcloud Secretmanager failed to initialize (ignore if you're not trying to use gcloud): google: could not find default credentials. See https://developers.google.com/accounts/docs/application-default-credentials for more information.
[DEBUG Aug  2 07:43:39.059109010, output.go:53] Requested outputer for 
[DEBUG Aug  2 07:43:39.059138534, output.go:58] Using Plain outputer
[DEBUG Aug  2 07:43:39.059211830, termutils.go:17] Cannot get terminal size: inappropriate ioctl for device
[DEBUG Aug  2 07:43:39.059297307, client.go:128] Reporting event to 2 reporters: run-command, state-svc start, 
[DEBUG Aug  2 07:43:39.059407239, main.go:107] Running CmdStart
[DEBUG Aug  2 07:43:39.066786324, errs.go:75] Wrapped error: Service is already running -- with: valueF failed
[DEBUG Aug  2 07:43:39.066875223, errs.go:75] Wrapped error: valueF failed -- with: Could not store pid
[DEBUG Aug  2 07:43:39.066989863, errors.go:113] Wrapped input error: Could not store pid -- with: A State Service instance is already running in the background.
[DEBUG Aug  2 07:43:39.067005983, errs.go:75] Wrapped error: A State Service instance is already running in the background. -- with: Could not start serviceManager
[DEBUG Aug  2 07:43:39.067107581, client.go:128] Reporting event to 2 reporters: command-exit, state-svc start, 1
[DEBUG Aug  2 07:43:39.426833943, errs.go:75] Wrapped error: <nil> -- with: Could not start serviceManager: A State Service instance is already running in the background.: Could not store pid: valueF failed: Service is already running
[DEBUG Aug  2 07:43:39.426894341, main.go:61] state-svc errored out due to input: Could not start serviceManager: A State Service instance is already running in the background.: Could not store pid: valueF failed: Service is already running
