[DEBUG Aug  2 08:12:38.679773388, defaults.go:273] Args: [/home1/wangfeim/.local/ActiveState/StateTool/release/bin/state-svc start]
[DEBUG Aug  2 08:12:38.695019271, locale.go:38] Init
[DEBUG Aug  2 08:12:39.198007605, errs.go:68] Created error: File could not be found
[DEBUG Aug  2 08:12:39.201209238, errs.go:68] Created error: Not Recognized
[DEBUG Aug  2 08:12:39.222003503, errs.go:68] Created error: Secret not found
[DEBUG Aug  2 08:12:39.222052337, errs.go:68] Created error: Could not save keypair
[DEBUG Aug  2 08:12:39.222235516, errs.go:68] Created error: Build responded with error
[DEBUG Aug  2 08:12:39.222272865, errs.go:68] Created error: Unknown build type
[DEBUG Aug  2 08:12:39.222396482, errors.go:86] Wrapped localized error: <nil> -- with: The installed version of the State Tool Service does not match that of the client.
Please stop the service with [ACTIONABLE]state-svc stop[/RESET] and try your command again.
If this issue persists please reinstall the State Tool.

[DEBUG Aug  2 08:12:39.222410140, errs.go:68] Created error: no data
[DEBUG Aug  2 08:12:39.222438189, errs.go:68] Created error: member not found
[DEBUG Aug  2 08:12:39.222468931, errs.go:68] Created error: Commit count is unknowable
[DEBUG Aug  2 08:12:39.222492131, errs.go:68] Created error: No merge required
[DEBUG Aug  2 08:12:39.222514253, errs.go:68] Created error: Can't merge commit thats already in target commits history
[DEBUG Aug  2 08:12:39.222546133, errs.go:68] Created error: Bad expander name
[DEBUG Aug  2 08:12:39.222569849, errs.go:68] Created error: Expander has no handler
[DEBUG Aug  2 08:12:39.223695726, errs.go:68] Created error: Service is already running
[DEBUG Aug  2 08:12:39.258639815, secrets.go:35] Gcloud Secretmanager failed to initialize (ignore if you're not trying to use gcloud): google: could not find default credentials. See https://developers.google.com/accounts/docs/application-default-credentials for more information.
[DEBUG Aug  2 08:12:39.264105758, output.go:53] Requested outputer for 
[DEBUG Aug  2 08:12:39.264126844, output.go:58] Using Plain outputer
[DEBUG Aug  2 08:12:39.264203636, termutils.go:17] Cannot get terminal size: inappropriate ioctl for device
[DEBUG Aug  2 08:12:39.264286877, client.go:128] Reporting event to 2 reporters: run-command, state-svc start, 
[DEBUG Aug  2 08:12:39.264354982, main.go:107] Running CmdStart
[DEBUG Aug  2 08:12:39.272276193, errs.go:75] Wrapped error: Service is already running -- with: valueF failed
[DEBUG Aug  2 08:12:39.272350519, errs.go:75] Wrapped error: valueF failed -- with: Could not store pid
[DEBUG Aug  2 08:12:39.272424290, errors.go:113] Wrapped input error: Could not store pid -- with: A State Service instance is already running in the background.
[DEBUG Aug  2 08:12:39.272438513, errs.go:75] Wrapped error: A State Service instance is already running in the background. -- with: Could not start serviceManager
[DEBUG Aug  2 08:12:39.272508610, client.go:128] Reporting event to 2 reporters: command-exit, state-svc start, 1
[DEBUG Aug  2 08:12:39.625858942, errs.go:75] Wrapped error: <nil> -- with: Could not start serviceManager: A State Service instance is already running in the background.: Could not store pid: valueF failed: Service is already running
[DEBUG Aug  2 08:12:39.625918758, main.go:61] state-svc errored out due to input: Could not start serviceManager: A State Service instance is already running in the background.: Could not store pid: valueF failed: Service is already running
