[DEBUG Aug  2 08:15:58.340594197, defaults.go:273] Args: [/home1/wangfeim/.local/ActiveState/StateTool/release/bin/state-svc start]
[DEBUG Aug  2 08:15:58.355202972, locale.go:38] Init
[DEBUG Aug  2 08:15:58.425564836, errs.go:68] Created error: File could not be found
[DEBUG Aug  2 08:15:58.428660845, errs.go:68] Created error: Not Recognized
[DEBUG Aug  2 08:15:58.448359801, errs.go:68] Created error: Secret not found
[DEBUG Aug  2 08:15:58.448410793, errs.go:68] Created error: Could not save keypair
[DEBUG Aug  2 08:15:58.449024655, errs.go:68] Created error: Build responded with error
[DEBUG Aug  2 08:15:58.449178343, errs.go:68] Created error: Unknown build type
[DEBUG Aug  2 08:15:58.449500920, errors.go:86] Wrapped localized error: <nil> -- with: The installed version of the State Tool Service does not match that of the client.
Please stop the service with [ACTIONABLE]state-svc stop[/RESET] and try your command again.
If this issue persists please reinstall the State Tool.

[DEBUG Aug  2 08:15:58.449555209, errs.go:68] Created error: no data
[DEBUG Aug  2 08:15:58.449600220, errs.go:68] Created error: member not found
[DEBUG Aug  2 08:15:58.449648853, errs.go:68] Created error: Commit count is unknowable
[DEBUG Aug  2 08:15:58.449693169, errs.go:68] Created error: No merge required
[DEBUG Aug  2 08:15:58.449734074, errs.go:68] Created error: Can't merge commit thats already in target commits history
[DEBUG Aug  2 08:15:58.449783704, errs.go:68] Created error: Bad expander name
[DEBUG Aug  2 08:15:58.449826760, errs.go:68] Created error: Expander has no handler
[DEBUG Aug  2 08:15:58.451500431, errs.go:68] Created error: Service is already running
[DEBUG Aug  2 08:15:58.517416065, secrets.go:35] Gcloud Secretmanager failed to initialize (ignore if you're not trying to use gcloud): google: could not find default credentials. See https://developers.google.com/accounts/docs/application-default-credentials for more information.
[DEBUG Aug  2 08:15:58.522705296, output.go:53] Requested outputer for 
[DEBUG Aug  2 08:15:58.522778197, output.go:58] Using Plain outputer
[DEBUG Aug  2 08:15:58.522889955, termutils.go:17] Cannot get terminal size: inappropriate ioctl for device
[DEBUG Aug  2 08:15:58.523149741, main.go:107] Running CmdStart
[DEBUG Aug  2 08:15:58.524785572, client.go:128] Reporting event to 2 reporters: run-command, state-svc start, 
[DEBUG Aug  2 08:15:58.530800368, errs.go:75] Wrapped error: Service is already running -- with: valueF failed
[DEBUG Aug  2 08:15:58.530900808, errs.go:75] Wrapped error: valueF failed -- with: Could not store pid
[DEBUG Aug  2 08:15:58.531027493, errors.go:113] Wrapped input error: Could not store pid -- with: A State Service instance is already running in the background.
[DEBUG Aug  2 08:15:58.531048861, errs.go:75] Wrapped error: A State Service instance is already running in the background. -- with: Could not start serviceManager
[DEBUG Aug  2 08:15:58.531172581, client.go:128] Reporting event to 2 reporters: command-exit, state-svc start, 1
[DEBUG Aug  2 08:15:58.964951059, errs.go:75] Wrapped error: <nil> -- with: Could not start serviceManager: A State Service instance is already running in the background.: Could not store pid: valueF failed: Service is already running
[DEBUG Aug  2 08:15:58.965017365, main.go:61] state-svc errored out due to input: Could not start serviceManager: A State Service instance is already running in the background.: Could not store pid: valueF failed: Service is already running
