[DEBUG Aug  2 07:46:55.457236407, defaults.go:273] Args: [/home1/wangfeim/.local/ActiveState/StateTool/release/bin/state-svc start]
[DEBUG Aug  2 07:46:55.471195033, locale.go:38] Init
[DEBUG Aug  2 07:46:56.131080240, errs.go:68] Created error: File could not be found
[DEBUG Aug  2 07:46:56.134239863, errs.go:68] Created error: Not Recognized
[DEBUG Aug  2 07:46:56.156240117, errs.go:68] Created error: Secret not found
[DEBUG Aug  2 07:46:56.156309709, errs.go:68] Created error: Could not save keypair
[DEBUG Aug  2 07:46:56.156487250, errs.go:68] Created error: Build responded with error
[DEBUG Aug  2 07:46:56.156521626, errs.go:68] Created error: Unknown build type
[DEBUG Aug  2 07:46:56.156667530, errors.go:86] Wrapped localized error: <nil> -- with: The installed version of the State Tool Service does not match that of the client.
Please stop the service with [ACTIONABLE]state-svc stop[/RESET] and try your command again.
If this issue persists please reinstall the State Tool.

[DEBUG Aug  2 07:46:56.156684706, errs.go:68] Created error: no data
[DEBUG Aug  2 07:46:56.156710876, errs.go:68] Created error: member not found
[DEBUG Aug  2 07:46:56.156738537, errs.go:68] Created error: Commit count is unknowable
[DEBUG Aug  2 07:46:56.156763572, errs.go:68] Created error: No merge required
[DEBUG Aug  2 07:46:56.156787797, errs.go:68] Created error: Can't merge commit thats already in target commits history
[DEBUG Aug  2 07:46:56.156813218, errs.go:68] Created error: Bad expander name
[DEBUG Aug  2 07:46:56.156844753, errs.go:68] Created error: Expander has no handler
[DEBUG Aug  2 07:46:56.157995288, errs.go:68] Created error: Service is already running
[DEBUG Aug  2 07:46:56.187246274, secrets.go:35] Gcloud Secretmanager failed to initialize (ignore if you're not trying to use gcloud): google: could not find default credentials. See https://developers.google.com/accounts/docs/application-default-credentials for more information.
[DEBUG Aug  2 07:46:56.190723845, output.go:53] Requested outputer for 
[DEBUG Aug  2 07:46:56.190744137, output.go:58] Using Plain outputer
[DEBUG Aug  2 07:46:56.190826118, termutils.go:17] Cannot get terminal size: inappropriate ioctl for device
[DEBUG Aug  2 07:46:56.190976919, client.go:128] Reporting event to 2 reporters: run-command, state-svc start, 
[DEBUG Aug  2 07:46:56.191046899, main.go:107] Running CmdStart
[DEBUG Aug  2 07:46:56.199813942, errs.go:75] Wrapped error: Service is already running -- with: valueF failed
[DEBUG Aug  2 07:46:56.199871027, errs.go:75] Wrapped error: valueF failed -- with: Could not store pid
[DEBUG Aug  2 07:46:56.199939814, errors.go:113] Wrapped input error: Could not store pid -- with: A State Service instance is already running in the background.
[DEBUG Aug  2 07:46:56.199953833, errs.go:75] Wrapped error: A State Service instance is already running in the background. -- with: Could not start serviceManager
[DEBUG Aug  2 07:46:56.200044786, client.go:128] Reporting event to 2 reporters: command-exit, state-svc start, 1
[DEBUG Aug  2 07:46:56.525776179, errs.go:75] Wrapped error: <nil> -- with: Could not start serviceManager: A State Service instance is already running in the background.: Could not store pid: valueF failed: Service is already running
[DEBUG Aug  2 07:46:56.525873358, main.go:61] state-svc errored out due to input: Could not start serviceManager: A State Service instance is already running in the background.: Could not store pid: valueF failed: Service is already running
