[DEBUG Aug  2 08:21:45.241648368, defaults.go:273] Args: [/home1/wangfeim/.local/ActiveState/StateTool/release/bin/state-svc start]
[DEBUG Aug  2 08:21:45.256696154, locale.go:38] Init
[DEBUG Aug  2 08:21:45.294169173, errs.go:68] Created error: File could not be found
[DEBUG Aug  2 08:21:45.296984389, errs.go:68] Created error: Not Recognized
[DEBUG Aug  2 08:21:45.316720898, errs.go:68] Created error: Secret not found
[DEBUG Aug  2 08:21:45.316772520, errs.go:68] Created error: Could not save keypair
[DEBUG Aug  2 08:21:45.316935452, errs.go:68] Created error: Build responded with error
[DEBUG Aug  2 08:21:45.316964732, errs.go:68] Created error: Unknown build type
[DEBUG Aug  2 08:21:45.317078832, errors.go:86] Wrapped localized error: <nil> -- with: The installed version of the State Tool Service does not match that of the client.
Please stop the service with [ACTIONABLE]state-svc stop[/RESET] and try your command again.
If this issue persists please reinstall the State Tool.

[DEBUG Aug  2 08:21:45.317094549, errs.go:68] Created error: no data
[DEBUG Aug  2 08:21:45.317118349, errs.go:68] Created error: member not found
[DEBUG Aug  2 08:21:45.317142148, errs.go:68] Created error: Commit count is unknowable
[DEBUG Aug  2 08:21:45.317175976, errs.go:68] Created error: No merge required
[DEBUG Aug  2 08:21:45.317207744, errs.go:68] Created error: Can't merge commit thats already in target commits history
[DEBUG Aug  2 08:21:45.317228967, errs.go:68] Created error: Bad expander name
[DEBUG Aug  2 08:21:45.317248634, errs.go:68] Created error: Expander has no handler
[DEBUG Aug  2 08:21:45.318227374, errs.go:68] Created error: Service is already running
[DEBUG Aug  2 08:21:45.345136585, secrets.go:35] Gcloud Secretmanager failed to initialize (ignore if you're not trying to use gcloud): google: could not find default credentials. See https://developers.google.com/accounts/docs/application-default-credentials for more information.
[DEBUG Aug  2 08:21:45.349069373, output.go:53] Requested outputer for 
[DEBUG Aug  2 08:21:45.349091566, output.go:58] Using Plain outputer
[DEBUG Aug  2 08:21:45.349181151, termutils.go:17] Cannot get terminal size: inappropriate ioctl for device
[DEBUG Aug  2 08:21:45.349229494, client.go:128] Reporting event to 2 reporters: run-command, state-svc start, 
[DEBUG Aug  2 08:21:45.349335096, main.go:107] Running CmdStart
[DEBUG Aug  2 08:21:45.354918656, errs.go:75] Wrapped error: Service is already running -- with: valueF failed
[DEBUG Aug  2 08:21:45.354971934, errs.go:75] Wrapped error: valueF failed -- with: Could not store pid
[DEBUG Aug  2 08:21:45.355036956, errors.go:113] Wrapped input error: Could not store pid -- with: A State Service instance is already running in the background.
[DEBUG Aug  2 08:21:45.355050059, errs.go:75] Wrapped error: A State Service instance is already running in the background. -- with: Could not start serviceManager
[DEBUG Aug  2 08:21:45.355110445, client.go:128] Reporting event to 2 reporters: command-exit, state-svc start, 1
[DEBUG Aug  2 08:21:45.682774003, errs.go:75] Wrapped error: <nil> -- with: Could not start serviceManager: A State Service instance is already running in the background.: Could not store pid: valueF failed: Service is already running
[DEBUG Aug  2 08:21:45.682849811, main.go:61] state-svc errored out due to input: Could not start serviceManager: A State Service instance is already running in the background.: Could not store pid: valueF failed: Service is already running
