[DEBUG Aug  2 08:16:50.166136107, defaults.go:273] Args: [/home1/wangfeim/.local/ActiveState/StateTool/release/bin/state-svc start]
[DEBUG Aug  2 08:16:50.184139032, locale.go:38] Init
[DEBUG Aug  2 08:16:50.224435048, errs.go:68] Created error: File could not be found
[DEBUG Aug  2 08:16:50.229924237, errs.go:68] Created error: Not Recognized
[DEBUG Aug  2 08:16:50.288191476, errs.go:68] Created error: Secret not found
[DEBUG Aug  2 08:16:50.288251995, errs.go:68] Created error: Could not save keypair
[DEBUG Aug  2 08:16:50.288425508, errs.go:68] Created error: Build responded with error
[DEBUG Aug  2 08:16:50.288458026, errs.go:68] Created error: Unknown build type
[DEBUG Aug  2 08:16:50.288589458, errors.go:86] Wrapped localized error: <nil> -- with: The installed version of the State Tool Service does not match that of the client.
Please stop the service with [ACTIONABLE]state-svc stop[/RESET] and try your command again.
If this issue persists please reinstall the State Tool.

[DEBUG Aug  2 08:16:50.288606049, errs.go:68] Created error: no data
[DEBUG Aug  2 08:16:50.288647694, errs.go:68] Created error: member not found
[DEBUG Aug  2 08:16:50.288672910, errs.go:68] Created error: Commit count is unknowable
[DEBUG Aug  2 08:16:50.288696818, errs.go:68] Created error: No merge required
[DEBUG Aug  2 08:16:50.288720538, errs.go:68] Created error: Can't merge commit thats already in target commits history
[DEBUG Aug  2 08:16:50.288746010, errs.go:68] Created error: Bad expander name
[DEBUG Aug  2 08:16:50.288770732, errs.go:68] Created error: Expander has no handler
[DEBUG Aug  2 08:16:50.290015309, errs.go:68] Created error: Service is already running
[DEBUG Aug  2 08:16:50.318464585, secrets.go:35] Gcloud Secretmanager failed to initialize (ignore if you're not trying to use gcloud): google: could not find default credentials. See https://developers.google.com/accounts/docs/application-default-credentials for more information.
[DEBUG Aug  2 08:16:50.321448235, output.go:53] Requested outputer for 
[DEBUG Aug  2 08:16:50.321470919, output.go:58] Using Plain outputer
[DEBUG Aug  2 08:16:50.321557027, termutils.go:17] Cannot get terminal size: inappropriate ioctl for device
[DEBUG Aug  2 08:16:50.321658528, client.go:128] Reporting event to 2 reporters: run-command, state-svc start, 
[DEBUG Aug  2 08:16:50.321850271, main.go:107] Running CmdStart
[DEBUG Aug  2 08:16:50.327627443, errs.go:75] Wrapped error: Service is already running -- with: valueF failed
[DEBUG Aug  2 08:16:50.327692932, errs.go:75] Wrapped error: valueF failed -- with: Could not store pid
[DEBUG Aug  2 08:16:50.327768825, errors.go:113] Wrapped input error: Could not store pid -- with: A State Service instance is already running in the background.
[DEBUG Aug  2 08:16:50.327783734, errs.go:75] Wrapped error: A State Service instance is already running in the background. -- with: Could not start serviceManager
[DEBUG Aug  2 08:16:50.327848916, client.go:128] Reporting event to 2 reporters: command-exit, state-svc start, 1
[DEBUG Aug  2 08:16:50.686270658, errs.go:75] Wrapped error: <nil> -- with: Could not start serviceManager: A State Service instance is already running in the background.: Could not store pid: valueF failed: Service is already running
[DEBUG Aug  2 08:16:50.686331293, main.go:61] state-svc errored out due to input: Could not start serviceManager: A State Service instance is already running in the background.: Could not store pid: valueF failed: Service is already running
