[DEBUG Aug  2 07:47:28.420264920, defaults.go:273] Args: [/home1/wangfeim/.local/ActiveState/StateTool/release/bin/state-svc start]
[DEBUG Aug  2 07:47:28.434501983, locale.go:38] Init
[DEBUG Aug  2 07:47:28.844786902, errs.go:68] Created error: File could not be found
[DEBUG Aug  2 07:47:28.848120770, errs.go:68] Created error: Not Recognized
[DEBUG Aug  2 07:47:28.871171464, errs.go:68] Created error: Secret not found
[DEBUG Aug  2 07:47:28.871244456, errs.go:68] Created error: Could not save keypair
[DEBUG Aug  2 07:47:28.871516583, errs.go:68] Created error: Build responded with error
[DEBUG Aug  2 07:47:28.871566149, errs.go:68] Created error: Unknown build type
[DEBUG Aug  2 07:47:28.871727715, errors.go:86] Wrapped localized error: <nil> -- with: The installed version of the State Tool Service does not match that of the client.
Please stop the service with [ACTIONABLE]state-svc stop[/RESET] and try your command again.
If this issue persists please reinstall the State Tool.

[DEBUG Aug  2 07:47:28.871752860, errs.go:68] Created error: no data
[DEBUG Aug  2 07:47:28.871788292, errs.go:68] Created error: member not found
[DEBUG Aug  2 07:47:28.871820713, errs.go:68] Created error: Commit count is unknowable
[DEBUG Aug  2 07:47:28.871850498, errs.go:68] Created error: No merge required
[DEBUG Aug  2 07:47:28.871877313, errs.go:68] Created error: Can't merge commit thats already in target commits history
[DEBUG Aug  2 07:47:28.871911181, errs.go:68] Created error: Bad expander name
[DEBUG Aug  2 07:47:28.871942020, errs.go:68] Created error: Expander has no handler
[DEBUG Aug  2 07:47:28.874099306, errs.go:68] Created error: Service is already running
[DEBUG Aug  2 07:47:28.905981198, secrets.go:35] Gcloud Secretmanager failed to initialize (ignore if you're not trying to use gcloud): google: could not find default credentials. See https://developers.google.com/accounts/docs/application-default-credentials for more information.
[DEBUG Aug  2 07:47:28.910789819, output.go:53] Requested outputer for 
[DEBUG Aug  2 07:47:28.910813394, output.go:58] Using Plain outputer
[DEBUG Aug  2 07:47:28.910892968, termutils.go:17] Cannot get terminal size: inappropriate ioctl for device
[DEBUG Aug  2 07:47:28.910982639, client.go:128] Reporting event to 2 reporters: run-command, state-svc start, 
[DEBUG Aug  2 07:47:28.911148251, main.go:107] Running CmdStart
[DEBUG Aug  2 07:47:28.919531160, errs.go:75] Wrapped error: Service is already running -- with: valueF failed
[DEBUG Aug  2 07:47:28.919612671, errs.go:75] Wrapped error: valueF failed -- with: Could not store pid
[DEBUG Aug  2 07:47:28.919698634, errors.go:113] Wrapped input error: Could not store pid -- with: A State Service instance is already running in the background.
[DEBUG Aug  2 07:47:28.919714507, errs.go:75] Wrapped error: A State Service instance is already running in the background. -- with: Could not start serviceManager
[DEBUG Aug  2 07:47:28.919792622, client.go:128] Reporting event to 2 reporters: command-exit, state-svc start, 1
[DEBUG Aug  2 07:47:29.272661103, errs.go:75] Wrapped error: <nil> -- with: Could not start serviceManager: A State Service instance is already running in the background.: Could not store pid: valueF failed: Service is already running
[DEBUG Aug  2 07:47:29.272734830, main.go:61] state-svc errored out due to input: Could not start serviceManager: A State Service instance is already running in the background.: Could not store pid: valueF failed: Service is already running
