[DEBUG Aug  2 08:18:40.762353491, defaults.go:273] Args: [/home1/wangfeim/.local/ActiveState/StateTool/release/bin/state-svc start]
[DEBUG Aug  2 08:18:40.777499547, locale.go:38] Init
[DEBUG Aug  2 08:18:40.826383889, errs.go:68] Created error: File could not be found
[DEBUG Aug  2 08:18:40.886905141, errs.go:68] Created error: Not Recognized
[DEBUG Aug  2 08:18:40.909297684, errs.go:68] Created error: Secret not found
[DEBUG Aug  2 08:18:40.909354606, errs.go:68] Created error: Could not save keypair
[DEBUG Aug  2 08:18:40.909564459, errs.go:68] Created error: Build responded with error
[DEBUG Aug  2 08:18:40.909602612, errs.go:68] Created error: Unknown build type
[DEBUG Aug  2 08:18:40.909726743, errors.go:86] Wrapped localized error: <nil> -- with: The installed version of the State Tool Service does not match that of the client.
Please stop the service with [ACTIONABLE]state-svc stop[/RESET] and try your command again.
If this issue persists please reinstall the State Tool.

[DEBUG Aug  2 08:18:40.909740458, errs.go:68] Created error: no data
[DEBUG Aug  2 08:18:40.909765215, errs.go:68] Created error: member not found
[DEBUG Aug  2 08:18:40.909789625, errs.go:68] Created error: Commit count is unknowable
[DEBUG Aug  2 08:18:40.909812500, errs.go:68] Created error: No merge required
[DEBUG Aug  2 08:18:40.909835783, errs.go:68] Created error: Can't merge commit thats already in target commits history
[DEBUG Aug  2 08:18:40.909861116, errs.go:68] Created error: Bad expander name
[DEBUG Aug  2 08:18:40.909884290, errs.go:68] Created error: Expander has no handler
[DEBUG Aug  2 08:18:40.911613748, errs.go:68] Created error: Service is already running
[DEBUG Aug  2 08:18:40.939945930, secrets.go:35] Gcloud Secretmanager failed to initialize (ignore if you're not trying to use gcloud): google: could not find default credentials. See https://developers.google.com/accounts/docs/application-default-credentials for more information.
[DEBUG Aug  2 08:18:40.943086567, output.go:53] Requested outputer for 
[DEBUG Aug  2 08:18:40.943105734, output.go:58] Using Plain outputer
[DEBUG Aug  2 08:18:40.943186521, termutils.go:17] Cannot get terminal size: inappropriate ioctl for device
[DEBUG Aug  2 08:18:40.943568079, client.go:128] Reporting event to 2 reporters: run-command, state-svc start, 
[DEBUG Aug  2 08:18:40.943439022, main.go:107] Running CmdStart
[DEBUG Aug  2 08:18:40.988672256, errs.go:75] Wrapped error: Service is already running -- with: valueF failed
[DEBUG Aug  2 08:18:40.988731428, errs.go:75] Wrapped error: valueF failed -- with: Could not store pid
[DEBUG Aug  2 08:18:40.988825894, errors.go:113] Wrapped input error: Could not store pid -- with: A State Service instance is already running in the background.
[DEBUG Aug  2 08:18:40.988839157, errs.go:75] Wrapped error: A State Service instance is already running in the background. -- with: Could not start serviceManager
[DEBUG Aug  2 08:18:40.988944855, client.go:128] Reporting event to 2 reporters: command-exit, state-svc start, 1
[DEBUG Aug  2 08:18:41.322307259, errs.go:75] Wrapped error: <nil> -- with: Could not start serviceManager: A State Service instance is already running in the background.: Could not store pid: valueF failed: Service is already running
[DEBUG Aug  2 08:18:41.322387211, main.go:61] state-svc errored out due to input: Could not start serviceManager: A State Service instance is already running in the background.: Could not store pid: valueF failed: Service is already running
