[DEBUG Aug  2 07:58:33.496333776, defaults.go:273] Args: [/home1/wangfeim/.local/ActiveState/StateTool/release/bin/state-svc start]
[DEBUG Aug  2 07:58:33.510261928, locale.go:38] Init
[DEBUG Aug  2 07:58:33.554600395, errs.go:68] Created error: File could not be found
[DEBUG Aug  2 07:58:33.558115567, errs.go:68] Created error: Not Recognized
[DEBUG Aug  2 07:58:33.604265652, errs.go:68] Created error: Secret not found
[DEBUG Aug  2 07:58:33.604321434, errs.go:68] Created error: Could not save keypair
[DEBUG Aug  2 07:58:33.604508069, errs.go:68] Created error: Build responded with error
[DEBUG Aug  2 07:58:33.604556696, errs.go:68] Created error: Unknown build type
[DEBUG Aug  2 07:58:33.604674686, errors.go:86] Wrapped localized error: <nil> -- with: The installed version of the State Tool Service does not match that of the client.
Please stop the service with [ACTIONABLE]state-svc stop[/RESET] and try your command again.
If this issue persists please reinstall the State Tool.

[DEBUG Aug  2 07:58:33.604690050, errs.go:68] Created error: no data
[DEBUG Aug  2 07:58:33.604714750, errs.go:68] Created error: member not found
[DEBUG Aug  2 07:58:33.604743089, errs.go:68] Created error: Commit count is unknowable
[DEBUG Aug  2 07:58:33.604766269, errs.go:68] Created error: No merge required
[DEBUG Aug  2 07:58:33.604795007, errs.go:68] Created error: Can't merge commit thats already in target commits history
[DEBUG Aug  2 07:58:33.604820447, errs.go:68] Created error: Bad expander name
[DEBUG Aug  2 07:58:33.604849253, errs.go:68] Created error: Expander has no handler
[DEBUG Aug  2 07:58:33.605975476, errs.go:68] Created error: Service is already running
[DEBUG Aug  2 07:58:33.633372339, secrets.go:35] Gcloud Secretmanager failed to initialize (ignore if you're not trying to use gcloud): google: could not find default credentials. See https://developers.google.com/accounts/docs/application-default-credentials for more information.
[DEBUG Aug  2 07:58:33.637389781, output.go:53] Requested outputer for 
[DEBUG Aug  2 07:58:33.637417225, output.go:58] Using Plain outputer
[DEBUG Aug  2 07:58:33.637509881, termutils.go:17] Cannot get terminal size: inappropriate ioctl for device
[DEBUG Aug  2 07:58:33.637676150, client.go:128] Reporting event to 2 reporters: run-command, state-svc start, 
[DEBUG Aug  2 07:58:33.637711486, main.go:107] Running CmdStart
[DEBUG Aug  2 07:58:33.644162809, errs.go:75] Wrapped error: Service is already running -- with: valueF failed
[DEBUG Aug  2 07:58:33.644230826, errs.go:75] Wrapped error: valueF failed -- with: Could not store pid
[DEBUG Aug  2 07:58:33.644313839, errors.go:113] Wrapped input error: Could not store pid -- with: A State Service instance is already running in the background.
[DEBUG Aug  2 07:58:33.644328921, errs.go:75] Wrapped error: A State Service instance is already running in the background. -- with: Could not start serviceManager
[DEBUG Aug  2 07:58:33.644421253, client.go:128] Reporting event to 2 reporters: command-exit, state-svc start, 1
[DEBUG Aug  2 07:58:34.001300941, errs.go:75] Wrapped error: <nil> -- with: Could not start serviceManager: A State Service instance is already running in the background.: Could not store pid: valueF failed: Service is already running
[DEBUG Aug  2 07:58:34.001373661, main.go:61] state-svc errored out due to input: Could not start serviceManager: A State Service instance is already running in the background.: Could not store pid: valueF failed: Service is already running
