[DEBUG Aug  2 07:52:09.047529291, defaults.go:273] Args: [/home1/wangfeim/.local/ActiveState/StateTool/release/bin/state-svc start]
[DEBUG Aug  2 07:52:09.061099304, locale.go:38] Init
[DEBUG Aug  2 07:52:09.124710312, errs.go:68] Created error: File could not be found
[DEBUG Aug  2 07:52:09.127803478, errs.go:68] Created error: Not Recognized
[DEBUG Aug  2 07:52:09.186491951, errs.go:68] Created error: Secret not found
[DEBUG Aug  2 07:52:09.186558694, errs.go:68] Created error: Could not save keypair
[DEBUG Aug  2 07:52:09.186723495, errs.go:68] Created error: Build responded with error
[DEBUG Aug  2 07:52:09.186749170, errs.go:68] Created error: Unknown build type
[DEBUG Aug  2 07:52:09.186865878, errors.go:86] Wrapped localized error: <nil> -- with: The installed version of the State Tool Service does not match that of the client.
Please stop the service with [ACTIONABLE]state-svc stop[/RESET] and try your command again.
If this issue persists please reinstall the State Tool.

[DEBUG Aug  2 07:52:09.186881562, errs.go:68] Created error: no data
[DEBUG Aug  2 07:52:09.186909543, errs.go:68] Created error: member not found
[DEBUG Aug  2 07:52:09.186936419, errs.go:68] Created error: Commit count is unknowable
[DEBUG Aug  2 07:52:09.186961329, errs.go:68] Created error: No merge required
[DEBUG Aug  2 07:52:09.186983026, errs.go:68] Created error: Can't merge commit thats already in target commits history
[DEBUG Aug  2 07:52:09.187010175, errs.go:68] Created error: Bad expander name
[DEBUG Aug  2 07:52:09.187031738, errs.go:68] Created error: Expander has no handler
[DEBUG Aug  2 07:52:09.188189606, errs.go:68] Created error: Service is already running
[DEBUG Aug  2 07:52:09.217508864, secrets.go:35] Gcloud Secretmanager failed to initialize (ignore if you're not trying to use gcloud): google: could not find default credentials. See https://developers.google.com/accounts/docs/application-default-credentials for more information.
[DEBUG Aug  2 07:52:09.221664170, output.go:53] Requested outputer for 
[DEBUG Aug  2 07:52:09.221686730, output.go:58] Using Plain outputer
[DEBUG Aug  2 07:52:09.221776092, termutils.go:17] Cannot get terminal size: inappropriate ioctl for device
[DEBUG Aug  2 07:52:09.221927249, client.go:128] Reporting event to 2 reporters: run-command, state-svc start, 
[DEBUG Aug  2 07:52:09.221935383, main.go:107] Running CmdStart
[DEBUG Aug  2 07:52:09.227829166, errs.go:75] Wrapped error: Service is already running -- with: valueF failed
[DEBUG Aug  2 07:52:09.227889910, errs.go:75] Wrapped error: valueF failed -- with: Could not store pid
[DEBUG Aug  2 07:52:09.227993781, errors.go:113] Wrapped input error: Could not store pid -- with: A State Service instance is already running in the background.
[DEBUG Aug  2 07:52:09.228015952, errs.go:75] Wrapped error: A State Service instance is already running in the background. -- with: Could not start serviceManager
[DEBUG Aug  2 07:52:09.228115556, client.go:128] Reporting event to 2 reporters: command-exit, state-svc start, 1
[DEBUG Aug  2 07:52:09.589113046, errs.go:75] Wrapped error: <nil> -- with: Could not start serviceManager: A State Service instance is already running in the background.: Could not store pid: valueF failed: Service is already running
[DEBUG Aug  2 07:52:09.589178935, main.go:61] state-svc errored out due to input: Could not start serviceManager: A State Service instance is already running in the background.: Could not store pid: valueF failed: Service is already running
