[DEBUG Sep 18 04:27:39.696627011, defaults.go:273] Args: [/home1/wangfeim/.local/ActiveState/StateTool/release/bin/state-svc foreground]
[DEBUG Sep 18 04:27:39.710076921, locale.go:38] Init
[DEBUG Sep 18 04:27:39.739055121, errs.go:68] Created error: File could not be found
[DEBUG Sep 18 04:27:39.741900508, errs.go:68] Created error: Not Recognized
[DEBUG Sep 18 04:27:39.765490326, errs.go:68] Created error: Secret not found
[DEBUG Sep 18 04:27:39.765552022, errs.go:68] Created error: Could not save keypair
[DEBUG Sep 18 04:27:39.765896760, errs.go:68] Created error: Build responded with error
[DEBUG Sep 18 04:27:39.765935714, errs.go:68] Created error: Unknown build type
[DEBUG Sep 18 04:27:39.766071733, errors.go:86] Wrapped localized error: <nil> -- with: The installed version of the State Tool Service does not match that of the client.
Please stop the service with [ACTIONABLE]state-svc stop[/RESET] and try your command again.
If this issue persists please reinstall the State Tool.

[DEBUG Sep 18 04:27:39.766090941, errs.go:68] Created error: no data
[DEBUG Sep 18 04:27:39.766123583, errs.go:68] Created error: member not found
[DEBUG Sep 18 04:27:39.766152464, errs.go:68] Created error: Commit count is unknowable
[DEBUG Sep 18 04:27:39.766178094, errs.go:68] Created error: No merge required
[DEBUG Sep 18 04:27:39.766205799, errs.go:68] Created error: Can't merge commit thats already in target commits history
[DEBUG Sep 18 04:27:39.766359393, errs.go:68] Created error: Bad expander name
[DEBUG Sep 18 04:27:39.766384255, errs.go:68] Created error: Expander has no handler
[DEBUG Sep 18 04:27:39.769366808, errs.go:68] Created error: Service is already running
[DEBUG Sep 18 04:27:39.805489032, secrets.go:35] Gcloud Secretmanager failed to initialize (ignore if you're not trying to use gcloud): google: could not find default credentials. See https://developers.google.com/accounts/docs/application-default-credentials for more information.
[DEBUG Sep 18 04:27:39.808689711, output.go:53] Requested outputer for 
[DEBUG Sep 18 04:27:39.808709772, output.go:58] Using Plain outputer
[DEBUG Sep 18 04:27:39.808765286, termutils.go:17] Cannot get terminal size: inappropriate ioctl for device
[DEBUG Sep 18 04:27:39.808855937, main.go:137] Running CmdForeground
[DEBUG Sep 18 04:27:39.808866903, main.go:147] Running in Foreground
[DEBUG Sep 18 04:27:39.808900992, client.go:128] Reporting event to 2 reporters: run-command, state-svc foreground, 
[DEBUG Sep 18 04:27:39.809136634, service.go:30] service:Start
[DEBUG Sep 18 04:27:39.814142333, service.go:42] Server starting on port: 46592
[DEBUG Sep 18 04:27:39.814205325, client.go:128] Reporting event to 2 reporters: state-svc, start, 
[DEBUG Sep 18 04:27:39.885146003, resolver.go:57] Version resolver
[DEBUG Sep 18 04:27:39.885561005, client.go:128] Reporting event to 2 reporters: state-svc, endpoint, Version
[DEBUG Sep 18 04:27:39.885770403, resolver.go:57] Version resolver
[DEBUG Sep 18 04:27:39.885852461, client.go:128] Reporting event to 2 reporters: state-svc, endpoint, Version
[DEBUG Sep 18 04:27:39.885992128, resolver.go:57] Version resolver
[DEBUG Sep 18 04:27:39.886060274, client.go:128] Reporting event to 2 reporters: state-svc, endpoint, Version
[DEBUG Sep 18 04:27:39.886258932, resolver.go:57] Version resolver
[DEBUG Sep 18 04:27:39.886336408, client.go:128] Reporting event to 2 reporters: state-svc, endpoint, Version
[DEBUG Sep 18 04:27:39.891221713, resolver.go:121] Analytics event resolver
[DEBUG Sep 18 04:27:39.891376881, client.go:128] Reporting event to 2 reporters: runtime, success, 
[DEBUG Sep 18 04:27:39.892784124, resolver.go:121] Analytics event resolver
[DEBUG Sep 18 04:27:39.892928488, client.go:128] Reporting event to 2 reporters: runtime, cache, 
[DEBUG Sep 18 04:27:39.895009196, resolver.go:121] Analytics event resolver
[DEBUG Sep 18 04:27:39.895145432, client.go:128] Reporting event to 2 reporters: runtime, start, 
[DEBUG Sep 18 04:27:39.896302449, resolver.go:121] Analytics event resolver
[DEBUG Sep 18 04:27:39.896432320, client.go:128] Reporting event to 2 reporters: run-command, exec, 
[DEBUG Sep 18 04:28:39.815413981, watcher.go:72] Checking for runtime processes
[DEBUG Sep 18 04:29:39.814419061, watcher.go:72] Checking for runtime processes
[DEBUG Sep 18 04:30:39.815397443, watcher.go:72] Checking for runtime processes
[DEBUG Sep 18 04:31:39.815404618, watcher.go:72] Checking for runtime processes
[DEBUG Sep 18 04:32:39.815332051, watcher.go:72] Checking for runtime processes
[DEBUG Sep 18 04:33:39.815340823, watcher.go:72] Checking for runtime processes
[DEBUG Sep 18 04:34:39.815423252, watcher.go:72] Checking for runtime processes
[DEBUG Sep 18 04:35:39.815332482, watcher.go:72] Checking for runtime processes
[DEBUG Sep 18 04:36:39.814498944, watcher.go:72] Checking for runtime processes
[DEBUG Sep 18 04:37:39.815645322, watcher.go:72] Checking for runtime processes
[DEBUG Sep 18 04:38:39.814497960, watcher.go:72] Checking for runtime processes
[DEBUG Sep 18 04:39:39.815693095, watcher.go:72] Checking for runtime processes
[DEBUG Sep 18 04:40:39.814452714, watcher.go:72] Checking for runtime processes
[DEBUG Sep 18 04:41:39.815460772, watcher.go:72] Checking for runtime processes
[DEBUG Sep 18 04:42:39.814505717, watcher.go:72] Checking for runtime processes
[DEBUG Sep 18 04:43:39.814529947, watcher.go:72] Checking for runtime processes
[DEBUG Sep 18 04:44:39.815358480, watcher.go:72] Checking for runtime processes
[DEBUG Sep 18 04:45:39.815742875, watcher.go:72] Checking for runtime processes
[DEBUG Sep 18 04:46:39.815341474, watcher.go:72] Checking for runtime processes
[DEBUG Sep 18 04:47:39.815347914, watcher.go:72] Checking for runtime processes
[DEBUG Sep 18 04:48:39.814473862, watcher.go:72] Checking for runtime processes
[DEBUG Sep 18 04:49:39.815493846, watcher.go:72] Checking for runtime processes
[DEBUG Sep 18 04:50:39.815451050, watcher.go:72] Checking for runtime processes
[DEBUG Sep 18 04:51:39.815805714, watcher.go:72] Checking for runtime processes
[DEBUG Sep 18 04:52:39.815316425, watcher.go:72] Checking for runtime processes
[DEBUG Sep 18 04:53:39.815419305, watcher.go:72] Checking for runtime processes
[DEBUG Sep 18 04:54:39.815548119, watcher.go:72] Checking for runtime processes
[DEBUG Sep 18 04:55:39.814475998, watcher.go:72] Checking for runtime processes
[DEBUG Sep 18 04:56:39.815608788, watcher.go:72] Checking for runtime processes
[DEBUG Sep 18 04:57:39.814572072, watcher.go:72] Checking for runtime processes
[DEBUG Sep 18 04:58:39.815303560, watcher.go:72] Checking for runtime processes
[DEBUG Sep 18 04:59:39.815417990, watcher.go:72] Checking for runtime processes
[DEBUG Sep 18 05:00:39.815305760, watcher.go:72] Checking for runtime processes
[DEBUG Sep 18 05:01:39.814799374, watcher.go:72] Checking for runtime processes
[DEBUG Sep 18 05:02:39.814843996, watcher.go:72] Checking for runtime processes
[DEBUG Sep 18 05:03:39.814900618, watcher.go:72] Checking for runtime processes
[DEBUG Sep 18 05:04:39.815376489, watcher.go:72] Checking for runtime processes
[DEBUG Sep 18 05:05:39.815390797, watcher.go:72] Checking for runtime processes
[DEBUG Sep 18 05:06:39.815561626, watcher.go:72] Checking for runtime processes
[DEBUG Sep 18 05:07:39.815644804, watcher.go:72] Checking for runtime processes
[DEBUG Sep 18 05:08:39.815407088, watcher.go:72] Checking for runtime processes
[DEBUG Sep 18 05:09:39.815334227, watcher.go:72] Checking for runtime processes
[DEBUG Sep 18 05:10:39.814471421, watcher.go:72] Checking for runtime processes
[DEBUG Sep 18 05:11:39.814516202, watcher.go:72] Checking for runtime processes
[DEBUG Sep 18 05:12:39.814433995, watcher.go:72] Checking for runtime processes
[DEBUG Sep 18 05:13:39.815344857, watcher.go:72] Checking for runtime processes
[DEBUG Sep 18 05:14:39.815585681, watcher.go:72] Checking for runtime processes
[DEBUG Sep 18 05:15:39.815253997, watcher.go:72] Checking for runtime processes
[DEBUG Sep 18 05:16:39.814410298, watcher.go:72] Checking for runtime processes
[DEBUG Sep 18 05:17:39.815523311, watcher.go:72] Checking for runtime processes
[DEBUG Sep 18 05:18:39.814558134, watcher.go:72] Checking for runtime processes
[DEBUG Sep 18 05:19:39.814556993, watcher.go:72] Checking for runtime processes
[DEBUG Sep 18 05:20:39.815446577, watcher.go:72] Checking for runtime processes
[DEBUG Sep 18 05:21:39.814605503, watcher.go:72] Checking for runtime processes
[DEBUG Sep 18 05:22:39.815415014, watcher.go:72] Checking for runtime processes
[DEBUG Sep 18 05:23:39.815440402, watcher.go:72] Checking for runtime processes
[DEBUG Sep 18 05:24:39.815316656, watcher.go:72] Checking for runtime processes
[DEBUG Sep 18 05:25:39.815401619, watcher.go:72] Checking for runtime processes
[DEBUG Sep 18 05:26:39.814428189, watcher.go:72] Checking for runtime processes
[DEBUG Sep 18 05:27:39.814582106, watcher.go:72] Checking for runtime processes
[DEBUG Sep 18 05:28:39.815256817, watcher.go:72] Checking for runtime processes
[DEBUG Sep 18 05:29:39.814606553, watcher.go:72] Checking for runtime processes
[DEBUG Sep 18 05:30:39.814520836, watcher.go:72] Checking for runtime processes
[DEBUG Sep 18 05:31:39.814747021, watcher.go:72] Checking for runtime processes
[DEBUG Sep 18 05:32:39.815415384, watcher.go:72] Checking for runtime processes
[DEBUG Sep 18 05:33:39.815353781, watcher.go:72] Checking for runtime processes
[DEBUG Sep 18 05:34:39.814408187, watcher.go:72] Checking for runtime processes
[DEBUG Sep 18 05:35:39.815459541, watcher.go:72] Checking for runtime processes
[DEBUG Sep 18 05:36:39.815539372, watcher.go:72] Checking for runtime processes
[DEBUG Sep 18 05:37:39.815563026, watcher.go:72] Checking for runtime processes
[DEBUG Sep 18 05:38:39.815606924, watcher.go:72] Checking for runtime processes
[DEBUG Sep 18 05:39:39.814443636, watcher.go:72] Checking for runtime processes
[DEBUG Sep 18 05:40:39.814571209, watcher.go:72] Checking for runtime processes
[DEBUG Sep 18 05:41:39.815350332, watcher.go:72] Checking for runtime processes
[DEBUG Sep 18 05:42:39.814469280, watcher.go:72] Checking for runtime processes
[DEBUG Sep 18 05:43:39.815386355, watcher.go:72] Checking for runtime processes
[DEBUG Sep 18 05:44:39.814945788, watcher.go:72] Checking for runtime processes
[DEBUG Sep 18 05:45:39.815417707, watcher.go:72] Checking for runtime processes
[DEBUG Sep 18 05:46:39.815637608, watcher.go:72] Checking for runtime processes
[DEBUG Sep 18 05:47:39.815264227, watcher.go:72] Checking for runtime processes
[DEBUG Sep 18 05:48:39.814709333, watcher.go:72] Checking for runtime processes
[DEBUG Sep 18 05:49:39.814825112, watcher.go:72] Checking for runtime processes
[DEBUG Sep 18 05:50:39.815353217, watcher.go:72] Checking for runtime processes
[DEBUG Sep 18 05:51:39.815351469, watcher.go:72] Checking for runtime processes
[DEBUG Sep 18 05:52:39.814540582, watcher.go:72] Checking for runtime processes
[DEBUG Sep 18 05:53:39.814770611, watcher.go:72] Checking for runtime processes
[DEBUG Sep 18 05:54:39.815562308, watcher.go:72] Checking for runtime processes
[DEBUG Sep 18 05:55:39.815315079, watcher.go:72] Checking for runtime processes
[DEBUG Sep 18 05:56:39.815409240, watcher.go:72] Checking for runtime processes
[DEBUG Sep 18 05:57:39.814580322, watcher.go:72] Checking for runtime processes
[DEBUG Sep 18 05:58:39.815462661, watcher.go:72] Checking for runtime processes
[DEBUG Sep 18 05:59:39.814402684, watcher.go:72] Checking for runtime processes
[DEBUG Sep 18 06:00:39.814457204, watcher.go:72] Checking for runtime processes
[DEBUG Sep 18 06:01:39.814553078, watcher.go:72] Checking for runtime processes
[DEBUG Sep 18 06:02:39.815449813, watcher.go:72] Checking for runtime processes
[DEBUG Sep 18 06:03:39.815491494, watcher.go:72] Checking for runtime processes
[DEBUG Sep 18 06:04:39.815350560, watcher.go:72] Checking for runtime processes
[DEBUG Sep 18 06:05:39.815390635, watcher.go:72] Checking for runtime processes
[DEBUG Sep 18 06:06:39.814410672, watcher.go:72] Checking for runtime processes
[DEBUG Sep 18 06:07:39.814829468, watcher.go:72] Checking for runtime processes
[DEBUG Sep 18 06:08:39.815266290, watcher.go:72] Checking for runtime processes
[DEBUG Sep 18 06:09:39.815529763, watcher.go:72] Checking for runtime processes
[DEBUG Sep 18 06:10:39.815589141, watcher.go:72] Checking for runtime processes
[DEBUG Sep 18 06:11:39.815608116, watcher.go:72] Checking for runtime processes
[DEBUG Sep 18 06:12:39.814470574, watcher.go:72] Checking for runtime processes
[DEBUG Sep 18 06:13:39.815383980, watcher.go:72] Checking for runtime processes
[DEBUG Sep 18 06:14:39.814465690, watcher.go:72] Checking for runtime processes
[DEBUG Sep 18 06:15:39.815390033, watcher.go:72] Checking for runtime processes
[DEBUG Sep 18 06:16:39.814471505, watcher.go:72] Checking for runtime processes
[DEBUG Sep 18 06:17:39.815250953, watcher.go:72] Checking for runtime processes
[DEBUG Sep 18 06:18:39.815360523, watcher.go:72] Checking for runtime processes
[DEBUG Sep 18 06:19:39.815263074, watcher.go:72] Checking for runtime processes
[DEBUG Sep 18 06:20:39.814741982, watcher.go:72] Checking for runtime processes
[DEBUG Sep 18 06:21:39.814491475, watcher.go:72] Checking for runtime processes
[DEBUG Sep 18 06:22:39.815390728, watcher.go:72] Checking for runtime processes
[DEBUG Sep 18 06:23:39.815599917, watcher.go:72] Checking for runtime processes
[DEBUG Sep 18 06:24:39.815561921, watcher.go:72] Checking for runtime processes
[DEBUG Sep 18 06:25:39.815458298, watcher.go:72] Checking for runtime processes
[DEBUG Sep 18 06:26:39.815381672, watcher.go:72] Checking for runtime processes
[DEBUG Sep 18 06:27:39.815511865, watcher.go:72] Checking for runtime processes
[DEBUG Sep 18 06:28:39.814614434, watcher.go:72] Checking for runtime processes
[DEBUG Sep 18 06:29:39.814472730, watcher.go:72] Checking for runtime processes
[DEBUG Sep 18 06:30:39.815556449, watcher.go:72] Checking for runtime processes
[DEBUG Sep 18 06:31:39.814502729, watcher.go:72] Checking for runtime processes
[DEBUG Sep 18 06:32:39.815356530, watcher.go:72] Checking for runtime processes
[DEBUG Sep 18 06:33:39.815393749, watcher.go:72] Checking for runtime processes
[DEBUG Sep 18 06:34:39.815464259, watcher.go:72] Checking for runtime processes
[DEBUG Sep 18 06:35:39.815438137, watcher.go:72] Checking for runtime processes
[DEBUG Sep 18 06:36:39.815347767, watcher.go:72] Checking for runtime processes
[DEBUG Sep 18 06:37:39.814543147, watcher.go:72] Checking for runtime processes
[DEBUG Sep 18 06:38:39.814716289, watcher.go:72] Checking for runtime processes
[DEBUG Sep 18 06:39:39.815562984, watcher.go:72] Checking for runtime processes
[DEBUG Sep 18 06:40:39.815269069, watcher.go:72] Checking for runtime processes
[DEBUG Sep 18 06:41:39.814844242, watcher.go:72] Checking for runtime processes
[DEBUG Sep 18 06:42:39.815437856, watcher.go:72] Checking for runtime processes
[DEBUG Sep 18 06:43:39.814665651, watcher.go:72] Checking for runtime processes
[DEBUG Sep 18 06:44:39.815584874, watcher.go:72] Checking for runtime processes
[DEBUG Sep 18 06:45:39.815253662, watcher.go:72] Checking for runtime processes
[DEBUG Sep 18 06:46:39.814620106, watcher.go:72] Checking for runtime processes
[DEBUG Sep 18 06:47:39.815612150, watcher.go:72] Checking for runtime processes
[DEBUG Sep 18 06:48:39.814468886, watcher.go:72] Checking for runtime processes
[DEBUG Sep 18 06:49:39.814888927, watcher.go:72] Checking for runtime processes
[DEBUG Sep 18 06:50:39.815586781, watcher.go:72] Checking for runtime processes
[DEBUG Sep 18 06:51:39.814525767, watcher.go:72] Checking for runtime processes
[DEBUG Sep 18 06:52:39.814423735, watcher.go:72] Checking for runtime processes
[DEBUG Sep 18 06:53:39.815338839, watcher.go:72] Checking for runtime processes
[DEBUG Sep 18 06:54:39.815460827, watcher.go:72] Checking for runtime processes
[DEBUG Sep 18 06:55:39.814413428, watcher.go:72] Checking for runtime processes
[DEBUG Sep 18 06:56:39.815452135, watcher.go:72] Checking for runtime processes
[DEBUG Sep 18 06:57:39.815721544, watcher.go:72] Checking for runtime processes
[DEBUG Sep 18 06:58:39.814422029, watcher.go:72] Checking for runtime processes
[DEBUG Sep 18 06:59:39.814591916, watcher.go:72] Checking for runtime processes
[DEBUG Sep 18 07:00:39.814661019, watcher.go:72] Checking for runtime processes
[DEBUG Sep 18 07:01:39.814474176, watcher.go:72] Checking for runtime processes
[DEBUG Sep 18 07:02:39.815368517, watcher.go:72] Checking for runtime processes
[DEBUG Sep 18 07:03:39.814470481, watcher.go:72] Checking for runtime processes
[DEBUG Sep 18 07:04:39.815272243, watcher.go:72] Checking for runtime processes
[DEBUG Sep 18 07:05:39.815527880, watcher.go:72] Checking for runtime processes
[DEBUG Sep 18 07:06:39.814648140, watcher.go:72] Checking for runtime processes
[DEBUG Sep 18 07:07:39.815480947, watcher.go:72] Checking for runtime processes
[DEBUG Sep 18 07:08:39.815354875, watcher.go:72] Checking for runtime processes
[DEBUG Sep 18 07:09:39.815534144, watcher.go:72] Checking for runtime processes
[DEBUG Sep 18 07:10:39.814528163, watcher.go:72] Checking for runtime processes
[DEBUG Sep 18 07:11:39.815305324, watcher.go:72] Checking for runtime processes
[DEBUG Sep 18 07:12:39.815343817, watcher.go:72] Checking for runtime processes
[DEBUG Sep 18 07:13:39.814669634, watcher.go:72] Checking for runtime processes
[DEBUG Sep 18 07:14:39.815247750, watcher.go:72] Checking for runtime processes
[DEBUG Sep 18 07:15:39.814462407, watcher.go:72] Checking for runtime processes
[DEBUG Sep 18 07:16:39.815021247, watcher.go:72] Checking for runtime processes
[DEBUG Sep 18 07:17:39.814421803, watcher.go:72] Checking for runtime processes
[DEBUG Sep 18 07:18:39.814471589, watcher.go:72] Checking for runtime processes
[DEBUG Sep 18 07:19:39.815397695, watcher.go:72] Checking for runtime processes
[DEBUG Sep 18 07:20:39.815686761, watcher.go:72] Checking for runtime processes
[DEBUG Sep 18 07:21:39.814594942, watcher.go:72] Checking for runtime processes
[DEBUG Sep 18 07:22:39.815253866, watcher.go:72] Checking for runtime processes
[DEBUG Sep 18 07:23:39.814605329, watcher.go:72] Checking for runtime processes
[DEBUG Sep 18 07:24:39.815632948, watcher.go:72] Checking for runtime processes
[DEBUG Sep 18 07:25:39.814603596, watcher.go:72] Checking for runtime processes
[DEBUG Sep 18 07:26:39.814743630, watcher.go:72] Checking for runtime processes
[DEBUG Sep 18 07:27:39.815417114, watcher.go:72] Checking for runtime processes
[DEBUG Sep 18 07:28:39.814680197, watcher.go:72] Checking for runtime processes
[DEBUG Sep 18 07:29:39.815294345, watcher.go:72] Checking for runtime processes
[DEBUG Sep 18 07:30:39.815691865, watcher.go:72] Checking for runtime processes
[DEBUG Sep 18 07:31:39.814471280, watcher.go:72] Checking for runtime processes
[DEBUG Sep 18 07:32:39.815461995, watcher.go:72] Checking for runtime processes
[DEBUG Sep 18 07:33:39.814471613, watcher.go:72] Checking for runtime processes
[DEBUG Sep 18 07:34:39.815479713, watcher.go:72] Checking for runtime processes
[DEBUG Sep 18 07:35:39.815346075, watcher.go:72] Checking for runtime processes
[DEBUG Sep 18 07:36:39.814481501, watcher.go:72] Checking for runtime processes
[DEBUG Sep 18 07:37:39.815560627, watcher.go:72] Checking for runtime processes
[DEBUG Sep 18 07:38:39.814689329, watcher.go:72] Checking for runtime processes
[DEBUG Sep 18 07:39:39.814682593, watcher.go:72] Checking for runtime processes
[DEBUG Sep 18 07:40:39.815652634, watcher.go:72] Checking for runtime processes
[DEBUG Sep 18 07:41:39.815350062, watcher.go:72] Checking for runtime processes
[DEBUG Sep 18 07:42:39.815584641, watcher.go:72] Checking for runtime processes
[DEBUG Sep 18 07:43:39.815261799, watcher.go:72] Checking for runtime processes
[DEBUG Sep 18 07:44:39.815658904, watcher.go:72] Checking for runtime processes
[DEBUG Sep 18 07:45:39.815733492, watcher.go:72] Checking for runtime processes
[DEBUG Sep 18 07:46:39.814474485, watcher.go:72] Checking for runtime processes
[DEBUG Sep 18 07:47:39.815253821, watcher.go:72] Checking for runtime processes
[DEBUG Sep 18 07:48:39.814458705, watcher.go:72] Checking for runtime processes
[DEBUG Sep 18 07:49:39.814457143, watcher.go:72] Checking for runtime processes
[DEBUG Sep 18 07:50:39.814663619, watcher.go:72] Checking for runtime processes
[DEBUG Sep 18 07:51:39.815436568, watcher.go:72] Checking for runtime processes
[DEBUG Sep 18 07:52:39.815003903, watcher.go:72] Checking for runtime processes
[DEBUG Sep 18 07:53:39.814586502, watcher.go:72] Checking for runtime processes
[DEBUG Sep 18 07:54:39.814981627, watcher.go:72] Checking for runtime processes
[DEBUG Sep 18 07:55:39.814808196, watcher.go:72] Checking for runtime processes
[DEBUG Sep 18 07:56:39.815300974, watcher.go:72] Checking for runtime processes
[DEBUG Sep 18 07:57:39.814655839, watcher.go:72] Checking for runtime processes
[DEBUG Sep 18 07:58:39.815286630, watcher.go:72] Checking for runtime processes
[DEBUG Sep 18 07:59:39.815319973, watcher.go:72] Checking for runtime processes
[DEBUG Sep 18 08:00:39.815450355, watcher.go:72] Checking for runtime processes
[DEBUG Sep 18 08:01:39.814471453, watcher.go:72] Checking for runtime processes
[DEBUG Sep 18 08:02:39.815366691, watcher.go:72] Checking for runtime processes
[DEBUG Sep 18 08:03:39.814607851, watcher.go:72] Checking for runtime processes
[DEBUG Sep 18 08:04:39.815617523, watcher.go:72] Checking for runtime processes
[DEBUG Sep 18 08:05:39.815717979, watcher.go:72] Checking for runtime processes
[DEBUG Sep 18 08:06:39.814404355, watcher.go:72] Checking for runtime processes
[DEBUG Sep 18 08:07:39.814701182, watcher.go:72] Checking for runtime processes
[DEBUG Sep 18 08:08:39.815301934, watcher.go:72] Checking for runtime processes
[DEBUG Sep 18 08:09:39.815372250, watcher.go:72] Checking for runtime processes
[DEBUG Sep 18 08:10:39.814521060, watcher.go:72] Checking for runtime processes
[DEBUG Sep 18 08:11:39.815258999, watcher.go:72] Checking for runtime processes
[DEBUG Sep 18 08:12:39.814603840, watcher.go:72] Checking for runtime processes
[DEBUG Sep 18 08:13:39.815422815, watcher.go:72] Checking for runtime processes
[DEBUG Sep 18 08:14:39.815413161, watcher.go:72] Checking for runtime processes
[DEBUG Sep 18 08:15:39.815308662, watcher.go:72] Checking for runtime processes
[DEBUG Sep 18 08:16:39.814473331, watcher.go:72] Checking for runtime processes
[DEBUG Sep 18 08:17:39.814659570, watcher.go:72] Checking for runtime processes
[DEBUG Sep 18 08:18:39.814409812, watcher.go:72] Checking for runtime processes
[DEBUG Sep 18 08:18:55.608747752, resolver.go:121] Analytics event resolver
[DEBUG Sep 18 08:18:55.608933924, client.go:128] Reporting event to 2 reporters: command-exit, exec, 0
[DEBUG Sep 18 08:19:39.815295663, watcher.go:72] Checking for runtime processes
[DEBUG Sep 18 08:20:39.814954115, watcher.go:72] Checking for runtime processes
[DEBUG Sep 18 08:21:39.815254957, watcher.go:72] Checking for runtime processes
[DEBUG Sep 18 08:22:39.815254454, watcher.go:72] Checking for runtime processes
[DEBUG Sep 18 08:23:39.815259213, watcher.go:72] Checking for runtime processes
[DEBUG Sep 18 08:24:39.815259229, watcher.go:72] Checking for runtime processes
[DEBUG Sep 18 08:25:39.815257472, watcher.go:72] Checking for runtime processes
[DEBUG Sep 18 08:26:39.815256407, watcher.go:72] Checking for runtime processes
[DEBUG Sep 18 08:27:39.815256264, watcher.go:72] Checking for runtime processes
[DEBUG Sep 18 08:28:39.815253670, watcher.go:72] Checking for runtime processes
[DEBUG Sep 18 08:29:39.815244294, watcher.go:72] Checking for runtime processes
[DEBUG Sep 18 08:30:39.815255460, watcher.go:72] Checking for runtime processes
[DEBUG Sep 18 08:31:39.814471965, watcher.go:72] Checking for runtime processes
[DEBUG Sep 18 08:32:39.815258507, watcher.go:72] Checking for runtime processes
[DEBUG Sep 18 08:33:39.814467983, watcher.go:72] Checking for runtime processes
[DEBUG Sep 18 08:34:39.815259255, watcher.go:72] Checking for runtime processes
[DEBUG Sep 18 08:35:39.815250793, watcher.go:72] Checking for runtime processes
[DEBUG Sep 18 08:36:39.815259790, watcher.go:72] Checking for runtime processes
[DEBUG Sep 18 08:37:39.815252942, watcher.go:72] Checking for runtime processes
[DEBUG Sep 18 08:38:39.815258325, watcher.go:72] Checking for runtime processes
[DEBUG Sep 18 08:39:39.815255171, watcher.go:72] Checking for runtime processes
[DEBUG Sep 18 08:40:39.815258026, watcher.go:72] Checking for runtime processes
[DEBUG Sep 18 08:41:39.815254995, watcher.go:72] Checking for runtime processes
[DEBUG Sep 18 08:42:39.815257340, watcher.go:72] Checking for runtime processes
[DEBUG Sep 18 08:43:39.815253635, watcher.go:72] Checking for runtime processes
[DEBUG Sep 18 08:44:39.815250486, watcher.go:72] Checking for runtime processes
[DEBUG Sep 18 08:45:39.815260028, watcher.go:72] Checking for runtime processes
[DEBUG Sep 18 08:46:39.814471640, watcher.go:72] Checking for runtime processes
[DEBUG Sep 18 08:47:39.815256847, watcher.go:72] Checking for runtime processes
[DEBUG Sep 18 08:48:39.814468495, watcher.go:72] Checking for runtime processes
[DEBUG Sep 18 08:49:39.815259655, watcher.go:72] Checking for runtime processes
[DEBUG Sep 18 08:50:39.815253993, watcher.go:72] Checking for runtime processes
[DEBUG Sep 18 08:51:39.815257700, watcher.go:72] Checking for runtime processes
[DEBUG Sep 18 08:52:39.815255682, watcher.go:72] Checking for runtime processes
[DEBUG Sep 18 08:53:39.815261433, watcher.go:72] Checking for runtime processes
[DEBUG Sep 18 08:54:39.815258005, watcher.go:72] Checking for runtime processes
[DEBUG Sep 18 08:55:39.815256149, watcher.go:72] Checking for runtime processes
[DEBUG Sep 18 08:56:39.815257084, watcher.go:72] Checking for runtime processes
[DEBUG Sep 18 08:57:39.815265274, watcher.go:72] Checking for runtime processes
[DEBUG Sep 18 08:58:39.815270271, watcher.go:72] Checking for runtime processes
[DEBUG Sep 18 08:59:39.815251833, watcher.go:72] Checking for runtime processes
[DEBUG Sep 18 09:00:39.815262366, watcher.go:72] Checking for runtime processes
[DEBUG Sep 18 09:01:39.814474451, watcher.go:72] Checking for runtime processes
[DEBUG Sep 18 09:02:39.815261811, watcher.go:72] Checking for runtime processes
[DEBUG Sep 18 09:03:39.814471530, watcher.go:72] Checking for runtime processes
[DEBUG Sep 18 09:04:39.815263410, watcher.go:72] Checking for runtime processes
[DEBUG Sep 18 09:05:39.815258544, watcher.go:72] Checking for runtime processes
[DEBUG Sep 18 09:06:39.815265132, watcher.go:72] Checking for runtime processes
[DEBUG Sep 18 09:07:39.815261777, watcher.go:72] Checking for runtime processes
[DEBUG Sep 18 09:08:39.815258875, watcher.go:72] Checking for runtime processes
[DEBUG Sep 18 09:09:39.815254849, watcher.go:72] Checking for runtime processes
[DEBUG Sep 18 09:10:39.815253458, watcher.go:72] Checking for runtime processes
[DEBUG Sep 18 09:11:39.815255553, watcher.go:72] Checking for runtime processes
[DEBUG Sep 18 09:12:39.815256596, watcher.go:72] Checking for runtime processes
[DEBUG Sep 18 09:13:39.815253608, watcher.go:72] Checking for runtime processes
[DEBUG Sep 18 09:14:39.815243755, watcher.go:72] Checking for runtime processes
[DEBUG Sep 18 09:15:39.815251742, watcher.go:72] Checking for runtime processes
[DEBUG Sep 18 09:16:39.814471745, watcher.go:72] Checking for runtime processes
[DEBUG Sep 18 09:17:39.815273320, watcher.go:72] Checking for runtime processes
[DEBUG Sep 18 09:18:39.814467336, watcher.go:72] Checking for runtime processes
[DEBUG Sep 18 09:19:39.815256715, watcher.go:72] Checking for runtime processes
[DEBUG Sep 18 09:20:39.815260835, watcher.go:72] Checking for runtime processes
[DEBUG Sep 18 09:21:39.815259131, watcher.go:72] Checking for runtime processes
[DEBUG Sep 18 09:22:39.815252156, watcher.go:72] Checking for runtime processes
[DEBUG Sep 18 09:23:39.815257708, watcher.go:72] Checking for runtime processes
[DEBUG Sep 18 09:24:39.815253722, watcher.go:72] Checking for runtime processes
[DEBUG Sep 18 09:25:39.815259758, watcher.go:72] Checking for runtime processes
[DEBUG Sep 18 09:26:39.815251159, watcher.go:72] Checking for runtime processes
[DEBUG Sep 18 09:27:39.815258558, watcher.go:72] Checking for runtime processes
[DEBUG Sep 18 09:28:39.815252311, watcher.go:72] Checking for runtime processes
[DEBUG Sep 18 09:29:39.815247072, watcher.go:72] Checking for runtime processes
[DEBUG Sep 18 09:30:39.815254844, watcher.go:72] Checking for runtime processes
[DEBUG Sep 18 09:31:39.814470847, watcher.go:72] Checking for runtime processes
[DEBUG Sep 18 09:32:39.815262032, watcher.go:72] Checking for runtime processes
[DEBUG Sep 18 09:33:39.814470050, watcher.go:72] Checking for runtime processes
[DEBUG Sep 18 09:34:39.815259476, watcher.go:72] Checking for runtime processes
[DEBUG Sep 18 09:35:39.815259793, watcher.go:72] Checking for runtime processes
[DEBUG Sep 18 09:36:39.815255182, watcher.go:72] Checking for runtime processes
[DEBUG Sep 18 09:37:39.815256360, watcher.go:72] Checking for runtime processes
[DEBUG Sep 18 09:38:39.815259965, watcher.go:72] Checking for runtime processes
[DEBUG Sep 18 09:39:39.815252691, watcher.go:72] Checking for runtime processes
[DEBUG Sep 18 09:40:39.815255591, watcher.go:72] Checking for runtime processes
[DEBUG Sep 18 09:41:39.815255686, watcher.go:72] Checking for runtime processes
[DEBUG Sep 18 09:42:39.815255793, watcher.go:72] Checking for runtime processes
[DEBUG Sep 18 09:43:39.815255672, watcher.go:72] Checking for runtime processes
[DEBUG Sep 18 09:44:39.815244794, watcher.go:72] Checking for runtime processes
[DEBUG Sep 18 09:45:39.815249779, watcher.go:72] Checking for runtime processes
[DEBUG Sep 18 09:46:39.814474796, watcher.go:72] Checking for runtime processes
[DEBUG Sep 18 09:47:39.815279494, watcher.go:72] Checking for runtime processes
[DEBUG Sep 18 09:48:39.814467603, watcher.go:72] Checking for runtime processes
[DEBUG Sep 18 09:49:39.815259011, watcher.go:72] Checking for runtime processes
[DEBUG Sep 18 09:50:39.815253167, watcher.go:72] Checking for runtime processes
[DEBUG Sep 18 09:51:39.815258399, watcher.go:72] Checking for runtime processes
[DEBUG Sep 18 09:52:39.815256212, watcher.go:72] Checking for runtime processes
[DEBUG Sep 18 09:53:39.815256367, watcher.go:72] Checking for runtime processes
[DEBUG Sep 18 09:54:39.815252260, watcher.go:72] Checking for runtime processes
[DEBUG Sep 18 09:55:39.815256149, watcher.go:72] Checking for runtime processes
[DEBUG Sep 18 09:56:39.815261019, watcher.go:72] Checking for runtime processes
[DEBUG Sep 18 09:57:39.815256223, watcher.go:72] Checking for runtime processes
[DEBUG Sep 18 09:58:39.815255859, watcher.go:72] Checking for runtime processes
[DEBUG Sep 18 09:59:39.815247475, watcher.go:72] Checking for runtime processes
[DEBUG Sep 18 10:00:39.815255523, watcher.go:72] Checking for runtime processes
[DEBUG Sep 18 10:01:39.814482787, watcher.go:72] Checking for runtime processes
[DEBUG Sep 18 10:02:39.815256299, watcher.go:72] Checking for runtime processes
[DEBUG Sep 18 10:03:39.814469117, watcher.go:72] Checking for runtime processes
[DEBUG Sep 18 10:04:39.815262461, watcher.go:72] Checking for runtime processes
[DEBUG Sep 18 10:05:39.815257702, watcher.go:72] Checking for runtime processes
[DEBUG Sep 18 10:06:39.815259983, watcher.go:72] Checking for runtime processes
[DEBUG Sep 18 10:07:39.815254339, watcher.go:72] Checking for runtime processes
[DEBUG Sep 18 10:08:39.815258734, watcher.go:72] Checking for runtime processes
[DEBUG Sep 18 10:09:39.815252757, watcher.go:72] Checking for runtime processes
[DEBUG Sep 18 10:10:39.815256104, watcher.go:72] Checking for runtime processes
[DEBUG Sep 18 10:11:39.815253163, watcher.go:72] Checking for runtime processes
[DEBUG Sep 18 10:12:39.815255440, watcher.go:72] Checking for runtime processes
[DEBUG Sep 18 10:13:39.815258684, watcher.go:72] Checking for runtime processes
[DEBUG Sep 18 10:14:39.815260963, watcher.go:72] Checking for runtime processes
[DEBUG Sep 18 10:15:39.815258344, watcher.go:72] Checking for runtime processes
[DEBUG Sep 18 10:16:39.814470759, watcher.go:72] Checking for runtime processes
[DEBUG Sep 18 10:17:39.815257134, watcher.go:72] Checking for runtime processes
[DEBUG Sep 18 10:18:39.814469869, watcher.go:72] Checking for runtime processes
[DEBUG Sep 18 10:19:39.815258087, watcher.go:72] Checking for runtime processes
[DEBUG Sep 18 10:20:39.815252634, watcher.go:72] Checking for runtime processes
[DEBUG Sep 18 10:21:39.815253376, watcher.go:72] Checking for runtime processes
[DEBUG Sep 18 10:22:39.815257892, watcher.go:72] Checking for runtime processes
[DEBUG Sep 18 10:23:39.815264115, watcher.go:72] Checking for runtime processes
[DEBUG Sep 18 10:24:39.815261190, watcher.go:72] Checking for runtime processes
[DEBUG Sep 18 10:25:39.815263119, watcher.go:72] Checking for runtime processes
[DEBUG Sep 18 10:26:39.815260882, watcher.go:72] Checking for runtime processes
[DEBUG Sep 18 10:27:39.815267852, watcher.go:72] Checking for runtime processes
[DEBUG Sep 18 10:28:39.815261782, watcher.go:72] Checking for runtime processes
[DEBUG Sep 18 10:29:39.815249186, watcher.go:72] Checking for runtime processes
[DEBUG Sep 18 10:30:39.815258296, watcher.go:72] Checking for runtime processes
[DEBUG Sep 18 10:31:39.814474549, watcher.go:72] Checking for runtime processes
[DEBUG Sep 18 10:32:39.815266717, watcher.go:72] Checking for runtime processes
[DEBUG Sep 18 10:33:39.814468419, watcher.go:72] Checking for runtime processes
[DEBUG Sep 18 10:34:39.815261894, watcher.go:72] Checking for runtime processes
[DEBUG Sep 18 10:35:39.815255510, watcher.go:72] Checking for runtime processes
[DEBUG Sep 18 10:36:39.815255259, watcher.go:72] Checking for runtime processes
[DEBUG Sep 18 10:37:39.815252122, watcher.go:72] Checking for runtime processes
[DEBUG Sep 18 10:38:39.815255404, watcher.go:72] Checking for runtime processes
[DEBUG Sep 18 10:39:39.815254578, watcher.go:72] Checking for runtime processes
[DEBUG Sep 18 10:40:39.815298536, watcher.go:72] Checking for runtime processes
[DEBUG Sep 18 10:41:39.815255782, watcher.go:72] Checking for runtime processes
[DEBUG Sep 18 10:42:39.815264649, watcher.go:72] Checking for runtime processes
[DEBUG Sep 18 10:43:39.815259111, watcher.go:72] Checking for runtime processes
[DEBUG Sep 18 10:44:39.815259551, watcher.go:72] Checking for runtime processes
[DEBUG Sep 18 10:45:39.815254917, watcher.go:72] Checking for runtime processes
[DEBUG Sep 18 10:46:39.814469839, watcher.go:72] Checking for runtime processes
[DEBUG Sep 18 10:47:39.815256374, watcher.go:72] Checking for runtime processes
[DEBUG Sep 18 10:48:39.814470250, watcher.go:72] Checking for runtime processes
[DEBUG Sep 18 10:49:39.815254172, watcher.go:72] Checking for runtime processes
[DEBUG Sep 18 10:50:39.815253126, watcher.go:72] Checking for runtime processes
[DEBUG Sep 18 10:51:39.815251828, watcher.go:72] Checking for runtime processes
[DEBUG Sep 18 10:52:39.815252077, watcher.go:72] Checking for runtime processes
[DEBUG Sep 18 10:53:39.815260591, watcher.go:72] Checking for runtime processes
[DEBUG Sep 18 10:54:39.815262679, watcher.go:72] Checking for runtime processes
[DEBUG Sep 18 10:55:39.815253518, watcher.go:72] Checking for runtime processes
[DEBUG Sep 18 10:56:39.815254305, watcher.go:72] Checking for runtime processes
[DEBUG Sep 18 10:57:39.815271717, watcher.go:72] Checking for runtime processes
[DEBUG Sep 18 10:58:39.815257267, watcher.go:72] Checking for runtime processes
[DEBUG Sep 18 10:59:39.815243932, watcher.go:72] Checking for runtime processes
[DEBUG Sep 18 11:00:39.815251515, watcher.go:72] Checking for runtime processes
[DEBUG Sep 18 11:01:39.814472474, watcher.go:72] Checking for runtime processes
[DEBUG Sep 18 11:02:39.815249490, watcher.go:72] Checking for runtime processes
[DEBUG Sep 18 11:03:39.814468166, watcher.go:72] Checking for runtime processes
[DEBUG Sep 18 11:04:39.815292135, watcher.go:72] Checking for runtime processes
[DEBUG Sep 18 11:05:39.815250164, watcher.go:72] Checking for runtime processes
[DEBUG Sep 18 11:06:39.815254495, watcher.go:72] Checking for runtime processes
[DEBUG Sep 18 11:07:39.815251430, watcher.go:72] Checking for runtime processes
[DEBUG Sep 18 11:08:39.815263856, watcher.go:72] Checking for runtime processes
[DEBUG Sep 18 11:09:39.815253048, watcher.go:72] Checking for runtime processes
[DEBUG Sep 18 11:10:39.815257095, watcher.go:72] Checking for runtime processes
[DEBUG Sep 18 11:11:39.815250930, watcher.go:72] Checking for runtime processes
[DEBUG Sep 18 11:12:39.815265316, watcher.go:72] Checking for runtime processes
[DEBUG Sep 18 11:13:39.814596709, watcher.go:72] Checking for runtime processes
[DEBUG Sep 18 11:14:39.814483545, watcher.go:72] Checking for runtime processes
[DEBUG Sep 18 11:15:39.815255643, watcher.go:72] Checking for runtime processes
[DEBUG Sep 18 11:16:39.814474426, watcher.go:72] Checking for runtime processes
[DEBUG Sep 18 11:17:39.815345305, watcher.go:72] Checking for runtime processes
[DEBUG Sep 18 11:18:39.814470410, watcher.go:72] Checking for runtime processes
[DEBUG Sep 18 11:19:39.815257980, watcher.go:72] Checking for runtime processes
[DEBUG Sep 18 11:20:39.815260307, watcher.go:72] Checking for runtime processes
[DEBUG Sep 18 11:21:39.815256629, watcher.go:72] Checking for runtime processes
[DEBUG Sep 18 11:22:39.815257186, watcher.go:72] Checking for runtime processes
[DEBUG Sep 18 11:23:39.815261681, watcher.go:72] Checking for runtime processes
[DEBUG Sep 18 11:24:39.815258760, watcher.go:72] Checking for runtime processes
[DEBUG Sep 18 11:25:39.815266036, watcher.go:72] Checking for runtime processes
[DEBUG Sep 18 11:26:39.815254373, watcher.go:72] Checking for runtime processes
[DEBUG Sep 18 11:27:39.815253890, watcher.go:72] Checking for runtime processes
[DEBUG Sep 18 11:28:39.815252884, watcher.go:72] Checking for runtime processes
[DEBUG Sep 18 11:29:39.815248938, watcher.go:72] Checking for runtime processes
[DEBUG Sep 18 11:30:39.815252996, watcher.go:72] Checking for runtime processes
[DEBUG Sep 18 11:31:39.814470899, watcher.go:72] Checking for runtime processes
[DEBUG Sep 18 11:32:39.815252512, watcher.go:72] Checking for runtime processes
[DEBUG Sep 18 11:33:39.814467932, watcher.go:72] Checking for runtime processes
[DEBUG Sep 18 11:34:39.815254908, watcher.go:72] Checking for runtime processes
[DEBUG Sep 18 11:35:39.815251616, watcher.go:72] Checking for runtime processes
[DEBUG Sep 18 11:36:39.815256077, watcher.go:72] Checking for runtime processes
[DEBUG Sep 18 11:37:39.815261362, watcher.go:72] Checking for runtime processes
[DEBUG Sep 18 11:38:39.815260134, watcher.go:72] Checking for runtime processes
[DEBUG Sep 18 11:39:39.815260858, watcher.go:72] Checking for runtime processes
[DEBUG Sep 18 11:40:39.815272939, watcher.go:72] Checking for runtime processes
[DEBUG Sep 18 11:41:39.815264190, watcher.go:72] Checking for runtime processes
[DEBUG Sep 18 11:42:39.815265454, watcher.go:72] Checking for runtime processes
[DEBUG Sep 18 11:43:39.815276349, watcher.go:72] Checking for runtime processes
[DEBUG Sep 18 11:44:39.815252198, watcher.go:72] Checking for runtime processes
[DEBUG Sep 18 11:45:39.815257620, watcher.go:72] Checking for runtime processes
[DEBUG Sep 18 11:46:39.814472378, watcher.go:72] Checking for runtime processes
[DEBUG Sep 18 11:47:39.815254443, watcher.go:72] Checking for runtime processes
[DEBUG Sep 18 11:48:39.814467783, watcher.go:72] Checking for runtime processes
[DEBUG Sep 18 11:49:39.815264125, watcher.go:72] Checking for runtime processes
[DEBUG Sep 18 11:50:39.815257735, watcher.go:72] Checking for runtime processes
[DEBUG Sep 18 11:51:39.815260077, watcher.go:72] Checking for runtime processes
[DEBUG Sep 18 11:52:39.815251613, watcher.go:72] Checking for runtime processes
[DEBUG Sep 18 11:53:39.815256514, watcher.go:72] Checking for runtime processes
[DEBUG Sep 18 11:54:39.815251584, watcher.go:72] Checking for runtime processes
[DEBUG Sep 18 11:55:39.815260296, watcher.go:72] Checking for runtime processes
[DEBUG Sep 18 11:56:39.815259044, watcher.go:72] Checking for runtime processes
[DEBUG Sep 18 11:57:39.815259495, watcher.go:72] Checking for runtime processes
[DEBUG Sep 18 11:58:39.815254911, watcher.go:72] Checking for runtime processes
[DEBUG Sep 18 11:59:39.815244094, watcher.go:72] Checking for runtime processes
[DEBUG Sep 18 12:00:39.815254210, watcher.go:72] Checking for runtime processes
[DEBUG Sep 18 12:01:39.814468975, watcher.go:72] Checking for runtime processes
[DEBUG Sep 18 12:02:39.815258301, watcher.go:72] Checking for runtime processes
[DEBUG Sep 18 12:03:39.814470985, watcher.go:72] Checking for runtime processes
[DEBUG Sep 18 12:04:39.815261555, watcher.go:72] Checking for runtime processes
[DEBUG Sep 18 12:05:39.815261822, watcher.go:72] Checking for runtime processes
[DEBUG Sep 18 12:06:39.815257919, watcher.go:72] Checking for runtime processes
[DEBUG Sep 18 12:07:39.815270095, watcher.go:72] Checking for runtime processes
[DEBUG Sep 18 12:08:39.815347937, watcher.go:72] Checking for runtime processes
[DEBUG Sep 18 12:09:39.815252372, watcher.go:72] Checking for runtime processes
[DEBUG Sep 18 12:10:39.815260406, watcher.go:72] Checking for runtime processes
[DEBUG Sep 18 12:11:39.815256797, watcher.go:72] Checking for runtime processes
[DEBUG Sep 18 12:12:39.815264098, watcher.go:72] Checking for runtime processes
[DEBUG Sep 18 12:13:39.815259235, watcher.go:72] Checking for runtime processes
[DEBUG Sep 18 12:14:39.815246244, watcher.go:72] Checking for runtime processes
[DEBUG Sep 18 12:15:39.815344541, watcher.go:72] Checking for runtime processes
[DEBUG Sep 18 12:16:39.814471628, watcher.go:72] Checking for runtime processes
[DEBUG Sep 18 12:17:39.815252094, watcher.go:72] Checking for runtime processes
[DEBUG Sep 18 12:18:39.814467960, watcher.go:72] Checking for runtime processes
[DEBUG Sep 18 12:19:39.815261543, watcher.go:72] Checking for runtime processes
[DEBUG Sep 18 12:20:39.815260541, watcher.go:72] Checking for runtime processes
[DEBUG Sep 18 12:21:39.815262335, watcher.go:72] Checking for runtime processes
[DEBUG Sep 18 12:22:39.815262210, watcher.go:72] Checking for runtime processes
[DEBUG Sep 18 12:23:39.815256616, watcher.go:72] Checking for runtime processes
[DEBUG Sep 18 12:24:39.815253693, watcher.go:72] Checking for runtime processes
[DEBUG Sep 18 12:25:39.815255479, watcher.go:72] Checking for runtime processes
[DEBUG Sep 18 12:26:39.815254731, watcher.go:72] Checking for runtime processes
[DEBUG Sep 18 12:27:39.815263736, watcher.go:72] Checking for runtime processes
[DEBUG Sep 18 12:28:39.815264027, watcher.go:72] Checking for runtime processes
[DEBUG Sep 18 12:29:39.815254360, watcher.go:72] Checking for runtime processes
[DEBUG Sep 18 12:30:39.815260127, watcher.go:72] Checking for runtime processes
[DEBUG Sep 18 12:31:39.814475566, watcher.go:72] Checking for runtime processes
[DEBUG Sep 18 12:32:39.815261873, watcher.go:72] Checking for runtime processes
[DEBUG Sep 18 12:33:39.814471946, watcher.go:72] Checking for runtime processes
[DEBUG Sep 18 12:34:39.815267957, watcher.go:72] Checking for runtime processes
[DEBUG Sep 18 12:35:39.815261428, watcher.go:72] Checking for runtime processes
[DEBUG Sep 18 12:36:39.815263039, watcher.go:72] Checking for runtime processes
[DEBUG Sep 18 12:37:39.815260181, watcher.go:72] Checking for runtime processes
[DEBUG Sep 18 12:38:39.815256299, watcher.go:72] Checking for runtime processes
[DEBUG Sep 18 12:39:39.815253371, watcher.go:72] Checking for runtime processes
[DEBUG Sep 18 12:40:39.815252359, watcher.go:72] Checking for runtime processes
[DEBUG Sep 18 12:41:39.815259295, watcher.go:72] Checking for runtime processes
[DEBUG Sep 18 12:42:39.815255685, watcher.go:72] Checking for runtime processes
[DEBUG Sep 18 12:43:39.815254804, watcher.go:72] Checking for runtime processes
[DEBUG Sep 18 12:44:39.815242201, watcher.go:72] Checking for runtime processes
[DEBUG Sep 18 12:45:39.815255790, watcher.go:72] Checking for runtime processes
[DEBUG Sep 18 12:46:39.814472825, watcher.go:72] Checking for runtime processes
[DEBUG Sep 18 12:47:39.815252528, watcher.go:72] Checking for runtime processes
[DEBUG Sep 18 12:48:39.814468283, watcher.go:72] Checking for runtime processes
[DEBUG Sep 18 12:49:39.815253121, watcher.go:72] Checking for runtime processes
[DEBUG Sep 18 12:50:39.815254624, watcher.go:72] Checking for runtime processes
[DEBUG Sep 18 12:51:39.815254785, watcher.go:72] Checking for runtime processes
[DEBUG Sep 18 12:52:39.815264287, watcher.go:72] Checking for runtime processes
[DEBUG Sep 18 12:53:39.815255725, watcher.go:72] Checking for runtime processes
[DEBUG Sep 18 12:54:39.815253009, watcher.go:72] Checking for runtime processes
[DEBUG Sep 18 12:55:39.815262393, watcher.go:72] Checking for runtime processes
[DEBUG Sep 18 12:56:39.815256113, watcher.go:72] Checking for runtime processes
[DEBUG Sep 18 12:57:39.815260320, watcher.go:72] Checking for runtime processes
[DEBUG Sep 18 12:58:39.815255715, watcher.go:72] Checking for runtime processes
[DEBUG Sep 18 12:59:39.815242183, watcher.go:72] Checking for runtime processes
[DEBUG Sep 18 13:00:39.815258245, watcher.go:72] Checking for runtime processes
[DEBUG Sep 18 13:01:39.814471073, watcher.go:72] Checking for runtime processes
[DEBUG Sep 18 13:02:39.815264568, watcher.go:72] Checking for runtime processes
[DEBUG Sep 18 13:03:39.814469288, watcher.go:72] Checking for runtime processes
[DEBUG Sep 18 13:04:39.815258485, watcher.go:72] Checking for runtime processes
[DEBUG Sep 18 13:05:39.815256315, watcher.go:72] Checking for runtime processes
