[DEBUG Aug  2 08:15:12.138348600, defaults.go:273] Args: [/home1/wangfeim/.local/ActiveState/StateTool/release/bin/state-svc start]
[DEBUG Aug  2 08:15:12.152635322, locale.go:38] Init
[DEBUG Aug  2 08:15:12.207301665, errs.go:68] Created error: File could not be found
[DEBUG Aug  2 08:15:12.210334188, errs.go:68] Created error: Not Recognized
[DEBUG Aug  2 08:15:12.230269228, errs.go:68] Created error: Secret not found
[DEBUG Aug  2 08:15:12.230347349, errs.go:68] Created error: Could not save keypair
[DEBUG Aug  2 08:15:12.230956314, errs.go:68] Created error: Build responded with error
[DEBUG Aug  2 08:15:12.231005486, errs.go:68] Created error: Unknown build type
[DEBUG Aug  2 08:15:12.231162458, errors.go:86] Wrapped localized error: <nil> -- with: The installed version of the State Tool Service does not match that of the client.
Please stop the service with [ACTIONABLE]state-svc stop[/RESET] and try your command again.
If this issue persists please reinstall the State Tool.

[DEBUG Aug  2 08:15:12.231181459, errs.go:68] Created error: no data
[DEBUG Aug  2 08:15:12.231213957, errs.go:68] Created error: member not found
[DEBUG Aug  2 08:15:12.231245005, errs.go:68] Created error: Commit count is unknowable
[DEBUG Aug  2 08:15:12.231279352, errs.go:68] Created error: No merge required
[DEBUG Aug  2 08:15:12.231321592, errs.go:68] Created error: Can't merge commit thats already in target commits history
[DEBUG Aug  2 08:15:12.231348689, errs.go:68] Created error: Bad expander name
[DEBUG Aug  2 08:15:12.231372183, errs.go:68] Created error: Expander has no handler
[DEBUG Aug  2 08:15:12.232659173, errs.go:68] Created error: Service is already running
[DEBUG Aug  2 08:15:12.295575653, secrets.go:35] Gcloud Secretmanager failed to initialize (ignore if you're not trying to use gcloud): google: could not find default credentials. See https://developers.google.com/accounts/docs/application-default-credentials for more information.
[DEBUG Aug  2 08:15:12.299680491, output.go:53] Requested outputer for 
[DEBUG Aug  2 08:15:12.299701428, output.go:58] Using Plain outputer
[DEBUG Aug  2 08:15:12.299760702, termutils.go:17] Cannot get terminal size: inappropriate ioctl for device
[DEBUG Aug  2 08:15:12.299870484, client.go:128] Reporting event to 2 reporters: run-command, state-svc start, 
[DEBUG Aug  2 08:15:12.299910598, main.go:107] Running CmdStart
[DEBUG Aug  2 08:15:12.305966321, errs.go:75] Wrapped error: Service is already running -- with: valueF failed
[DEBUG Aug  2 08:15:12.306026948, errs.go:75] Wrapped error: valueF failed -- with: Could not store pid
[DEBUG Aug  2 08:15:12.306104835, errors.go:113] Wrapped input error: Could not store pid -- with: A State Service instance is already running in the background.
[DEBUG Aug  2 08:15:12.306119276, errs.go:75] Wrapped error: A State Service instance is already running in the background. -- with: Could not start serviceManager
[DEBUG Aug  2 08:15:12.306216522, client.go:128] Reporting event to 2 reporters: command-exit, state-svc start, 1
[DEBUG Aug  2 08:15:12.681506518, errs.go:75] Wrapped error: <nil> -- with: Could not start serviceManager: A State Service instance is already running in the background.: Could not store pid: valueF failed: Service is already running
[DEBUG Aug  2 08:15:12.681607551, main.go:61] state-svc errored out due to input: Could not start serviceManager: A State Service instance is already running in the background.: Could not store pid: valueF failed: Service is already running
