[DEBUG Aug  2 08:00:02.618975073, defaults.go:273] Args: [/home1/wangfeim/.local/ActiveState/StateTool/release/bin/state-svc start]
[DEBUG Aug  2 08:00:02.632508845, locale.go:38] Init
[DEBUG Aug  2 08:00:02.695369111, errs.go:68] Created error: File could not be found
[DEBUG Aug  2 08:00:02.698361223, errs.go:68] Created error: Not Recognized
[DEBUG Aug  2 08:00:02.718205083, errs.go:68] Created error: Secret not found
[DEBUG Aug  2 08:00:02.718252885, errs.go:68] Created error: Could not save keypair
[DEBUG Aug  2 08:00:02.718419873, errs.go:68] Created error: Build responded with error
[DEBUG Aug  2 08:00:02.718450673, errs.go:68] Created error: Unknown build type
[DEBUG Aug  2 08:00:02.718557504, errors.go:86] Wrapped localized error: <nil> -- with: The installed version of the State Tool Service does not match that of the client.
Please stop the service with [ACTIONABLE]state-svc stop[/RESET] and try your command again.
If this issue persists please reinstall the State Tool.

[DEBUG Aug  2 08:00:02.718570571, errs.go:68] Created error: no data
[DEBUG Aug  2 08:00:02.718593418, errs.go:68] Created error: member not found
[DEBUG Aug  2 08:00:02.718614168, errs.go:68] Created error: Commit count is unknowable
[DEBUG Aug  2 08:00:02.718664978, errs.go:68] Created error: No merge required
[DEBUG Aug  2 08:00:02.718687774, errs.go:68] Created error: Can't merge commit thats already in target commits history
[DEBUG Aug  2 08:00:02.718711727, errs.go:68] Created error: Bad expander name
[DEBUG Aug  2 08:00:02.718751439, errs.go:68] Created error: Expander has no handler
[DEBUG Aug  2 08:00:02.719886580, errs.go:68] Created error: Service is already running
[DEBUG Aug  2 08:00:02.747752825, secrets.go:35] Gcloud Secretmanager failed to initialize (ignore if you're not trying to use gcloud): google: could not find default credentials. See https://developers.google.com/accounts/docs/application-default-credentials for more information.
[DEBUG Aug  2 08:00:02.751340938, output.go:53] Requested outputer for 
[DEBUG Aug  2 08:00:02.751390553, output.go:58] Using Plain outputer
[DEBUG Aug  2 08:00:02.751508107, termutils.go:17] Cannot get terminal size: inappropriate ioctl for device
[DEBUG Aug  2 08:00:02.751748322, client.go:128] Reporting event to 2 reporters: run-command, state-svc start, 
[DEBUG Aug  2 08:00:02.751823984, main.go:107] Running CmdStart
[DEBUG Aug  2 08:00:02.785010862, errs.go:75] Wrapped error: Service is already running -- with: valueF failed
[DEBUG Aug  2 08:00:02.785432241, errs.go:75] Wrapped error: valueF failed -- with: Could not store pid
[DEBUG Aug  2 08:00:02.785637064, errors.go:113] Wrapped input error: Could not store pid -- with: A State Service instance is already running in the background.
[DEBUG Aug  2 08:00:02.786078203, errs.go:75] Wrapped error: A State Service instance is already running in the background. -- with: Could not start serviceManager
[DEBUG Aug  2 08:00:02.786214783, client.go:128] Reporting event to 2 reporters: command-exit, state-svc start, 1
[DEBUG Aug  2 08:00:03.102023858, errs.go:75] Wrapped error: <nil> -- with: Could not start serviceManager: A State Service instance is already running in the background.: Could not store pid: valueF failed: Service is already running
[DEBUG Aug  2 08:00:03.102081199, main.go:61] state-svc errored out due to input: Could not start serviceManager: A State Service instance is already running in the background.: Could not store pid: valueF failed: Service is already running
