[DEBUG Aug  2 08:02:15.989712617, defaults.go:273] Args: [/home1/wangfeim/.local/ActiveState/StateTool/release/bin/state-svc start]
[DEBUG Aug  2 08:02:16.003522611, locale.go:38] Init
[DEBUG Aug  2 08:02:16.051089752, errs.go:68] Created error: File could not be found
[DEBUG Aug  2 08:02:16.054035587, errs.go:68] Created error: Not Recognized
[DEBUG Aug  2 08:02:16.101382252, errs.go:68] Created error: Secret not found
[DEBUG Aug  2 08:02:16.101555258, errs.go:68] Created error: Could not save keypair
[DEBUG Aug  2 08:02:16.102116982, errs.go:68] Created error: Build responded with error
[DEBUG Aug  2 08:02:16.102203138, errs.go:68] Created error: Unknown build type
[DEBUG Aug  2 08:02:16.102408304, errors.go:86] Wrapped localized error: <nil> -- with: The installed version of the State Tool Service does not match that of the client.
Please stop the service with [ACTIONABLE]state-svc stop[/RESET] and try your command again.
If this issue persists please reinstall the State Tool.

[DEBUG Aug  2 08:02:16.102432480, errs.go:68] Created error: no data
[DEBUG Aug  2 08:02:16.102522275, errs.go:68] Created error: member not found
[DEBUG Aug  2 08:02:16.102636878, errs.go:68] Created error: Commit count is unknowable
[DEBUG Aug  2 08:02:16.102906493, errs.go:68] Created error: No merge required
[DEBUG Aug  2 08:02:16.102937378, errs.go:68] Created error: Can't merge commit thats already in target commits history
[DEBUG Aug  2 08:02:16.102967460, errs.go:68] Created error: Bad expander name
[DEBUG Aug  2 08:02:16.102993762, errs.go:68] Created error: Expander has no handler
[DEBUG Aug  2 08:02:16.104126008, errs.go:68] Created error: Service is already running
[DEBUG Aug  2 08:02:16.133954550, secrets.go:35] Gcloud Secretmanager failed to initialize (ignore if you're not trying to use gcloud): google: could not find default credentials. See https://developers.google.com/accounts/docs/application-default-credentials for more information.
[DEBUG Aug  2 08:02:16.137285434, output.go:53] Requested outputer for 
[DEBUG Aug  2 08:02:16.137308856, output.go:58] Using Plain outputer
[DEBUG Aug  2 08:02:16.137375732, termutils.go:17] Cannot get terminal size: inappropriate ioctl for device
[DEBUG Aug  2 08:02:16.137499059, client.go:128] Reporting event to 2 reporters: run-command, state-svc start, 
[DEBUG Aug  2 08:02:16.137559935, main.go:107] Running CmdStart
[DEBUG Aug  2 08:02:16.143510331, errs.go:75] Wrapped error: Service is already running -- with: valueF failed
[DEBUG Aug  2 08:02:16.143586833, errs.go:75] Wrapped error: valueF failed -- with: Could not store pid
[DEBUG Aug  2 08:02:16.143672594, errors.go:113] Wrapped input error: Could not store pid -- with: A State Service instance is already running in the background.
[DEBUG Aug  2 08:02:16.143688107, errs.go:75] Wrapped error: A State Service instance is already running in the background. -- with: Could not start serviceManager
[DEBUG Aug  2 08:02:16.143787524, client.go:128] Reporting event to 2 reporters: command-exit, state-svc start, 1
[DEBUG Aug  2 08:02:16.497354014, errs.go:75] Wrapped error: <nil> -- with: Could not start serviceManager: A State Service instance is already running in the background.: Could not store pid: valueF failed: Service is already running
[DEBUG Aug  2 08:02:16.497430935, main.go:61] state-svc errored out due to input: Could not start serviceManager: A State Service instance is already running in the background.: Could not store pid: valueF failed: Service is already running
