[DEBUG Aug  2 07:49:06.951262801, defaults.go:273] Args: [/home1/wangfeim/.local/ActiveState/StateTool/release/bin/state-svc start]
[DEBUG Aug  2 07:49:06.965630150, locale.go:38] Init
[DEBUG Aug  2 07:49:07.025288457, errs.go:68] Created error: File could not be found
[DEBUG Aug  2 07:49:07.028322458, errs.go:68] Created error: Not Recognized
[DEBUG Aug  2 07:49:07.048872738, errs.go:68] Created error: Secret not found
[DEBUG Aug  2 07:49:07.048919009, errs.go:68] Created error: Could not save keypair
[DEBUG Aug  2 07:49:07.049077011, errs.go:68] Created error: Build responded with error
[DEBUG Aug  2 07:49:07.049102817, errs.go:68] Created error: Unknown build type
[DEBUG Aug  2 07:49:07.049209555, errors.go:86] Wrapped localized error: <nil> -- with: The installed version of the State Tool Service does not match that of the client.
Please stop the service with [ACTIONABLE]state-svc stop[/RESET] and try your command again.
If this issue persists please reinstall the State Tool.

[DEBUG Aug  2 07:49:07.049222714, errs.go:68] Created error: no data
[DEBUG Aug  2 07:49:07.049247045, errs.go:68] Created error: member not found
[DEBUG Aug  2 07:49:07.049271477, errs.go:68] Created error: Commit count is unknowable
[DEBUG Aug  2 07:49:07.049293309, errs.go:68] Created error: No merge required
[DEBUG Aug  2 07:49:07.049316142, errs.go:68] Created error: Can't merge commit thats already in target commits history
[DEBUG Aug  2 07:49:07.049338610, errs.go:68] Created error: Bad expander name
[DEBUG Aug  2 07:49:07.049366950, errs.go:68] Created error: Expander has no handler
[DEBUG Aug  2 07:49:07.050312100, errs.go:68] Created error: Service is already running
[DEBUG Aug  2 07:49:07.111617944, secrets.go:35] Gcloud Secretmanager failed to initialize (ignore if you're not trying to use gcloud): google: could not find default credentials. See https://developers.google.com/accounts/docs/application-default-credentials for more information.
[DEBUG Aug  2 07:49:07.114858871, output.go:53] Requested outputer for 
[DEBUG Aug  2 07:49:07.114879666, output.go:58] Using Plain outputer
[DEBUG Aug  2 07:49:07.114957351, termutils.go:17] Cannot get terminal size: inappropriate ioctl for device
[DEBUG Aug  2 07:49:07.115062164, client.go:128] Reporting event to 2 reporters: run-command, state-svc start, 
[DEBUG Aug  2 07:49:07.115111709, main.go:107] Running CmdStart
[DEBUG Aug  2 07:49:07.120584963, errs.go:75] Wrapped error: Service is already running -- with: valueF failed
[DEBUG Aug  2 07:49:07.120652594, errs.go:75] Wrapped error: valueF failed -- with: Could not store pid
[DEBUG Aug  2 07:49:07.120726800, errors.go:113] Wrapped input error: Could not store pid -- with: A State Service instance is already running in the background.
[DEBUG Aug  2 07:49:07.120739867, errs.go:75] Wrapped error: A State Service instance is already running in the background. -- with: Could not start serviceManager
[DEBUG Aug  2 07:49:07.120819768, client.go:128] Reporting event to 2 reporters: command-exit, state-svc start, 1
[DEBUG Aug  2 07:49:07.539465765, errs.go:75] Wrapped error: <nil> -- with: Could not start serviceManager: A State Service instance is already running in the background.: Could not store pid: valueF failed: Service is already running
[DEBUG Aug  2 07:49:07.539547104, main.go:61] state-svc errored out due to input: Could not start serviceManager: A State Service instance is already running in the background.: Could not store pid: valueF failed: Service is already running
