[DEBUG Aug  2 07:57:50.189916656, defaults.go:273] Args: [/home1/wangfeim/.local/ActiveState/StateTool/release/bin/state-svc start]
[DEBUG Aug  2 07:57:50.204084359, locale.go:38] Init
[DEBUG Aug  2 07:57:50.251755327, errs.go:68] Created error: File could not be found
[DEBUG Aug  2 07:57:50.254405944, errs.go:68] Created error: Not Recognized
[DEBUG Aug  2 07:57:50.300658500, errs.go:68] Created error: Secret not found
[DEBUG Aug  2 07:57:50.300705516, errs.go:68] Created error: Could not save keypair
[DEBUG Aug  2 07:57:50.300883502, errs.go:68] Created error: Build responded with error
[DEBUG Aug  2 07:57:50.301154362, errs.go:68] Created error: Unknown build type
[DEBUG Aug  2 07:57:50.301804157, errors.go:86] Wrapped localized error: <nil> -- with: The installed version of the State Tool Service does not match that of the client.
Please stop the service with [ACTIONABLE]state-svc stop[/RESET] and try your command again.
If this issue persists please reinstall the State Tool.

[DEBUG Aug  2 07:57:50.301849333, errs.go:68] Created error: no data
[DEBUG Aug  2 07:57:50.301897774, errs.go:68] Created error: member not found
[DEBUG Aug  2 07:57:50.301942847, errs.go:68] Created error: Commit count is unknowable
[DEBUG Aug  2 07:57:50.301983566, errs.go:68] Created error: No merge required
[DEBUG Aug  2 07:57:50.302023706, errs.go:68] Created error: Can't merge commit thats already in target commits history
[DEBUG Aug  2 07:57:50.302072099, errs.go:68] Created error: Bad expander name
[DEBUG Aug  2 07:57:50.302114376, errs.go:68] Created error: Expander has no handler
[DEBUG Aug  2 07:57:50.303977839, errs.go:68] Created error: Service is already running
[DEBUG Aug  2 07:57:50.330047750, secrets.go:35] Gcloud Secretmanager failed to initialize (ignore if you're not trying to use gcloud): google: could not find default credentials. See https://developers.google.com/accounts/docs/application-default-credentials for more information.
[DEBUG Aug  2 07:57:50.333752774, output.go:53] Requested outputer for 
[DEBUG Aug  2 07:57:50.333778940, output.go:58] Using Plain outputer
[DEBUG Aug  2 07:57:50.333852714, termutils.go:17] Cannot get terminal size: inappropriate ioctl for device
[DEBUG Aug  2 07:57:50.333883496, client.go:128] Reporting event to 2 reporters: run-command, state-svc start, 
[DEBUG Aug  2 07:57:50.334020749, main.go:107] Running CmdStart
[DEBUG Aug  2 07:57:50.339893528, errs.go:75] Wrapped error: Service is already running -- with: valueF failed
[DEBUG Aug  2 07:57:50.339949349, errs.go:75] Wrapped error: valueF failed -- with: Could not store pid
[DEBUG Aug  2 07:57:50.340026785, errors.go:113] Wrapped input error: Could not store pid -- with: A State Service instance is already running in the background.
[DEBUG Aug  2 07:57:50.340043445, errs.go:75] Wrapped error: A State Service instance is already running in the background. -- with: Could not start serviceManager
[DEBUG Aug  2 07:57:50.340129763, client.go:128] Reporting event to 2 reporters: command-exit, state-svc start, 1
[DEBUG Aug  2 07:57:50.702735011, errs.go:75] Wrapped error: <nil> -- with: Could not start serviceManager: A State Service instance is already running in the background.: Could not store pid: valueF failed: Service is already running
[DEBUG Aug  2 07:57:50.702828048, main.go:61] state-svc errored out due to input: Could not start serviceManager: A State Service instance is already running in the background.: Could not store pid: valueF failed: Service is already running
