[DEBUG Mar  8 22:48:56.934531697, defaults.go:273] Args: [/home1/wangfeim/.local/ActiveState/StateTool/release/bin/state-svc start]
[DEBUG Mar  8 22:48:56.946328879, locale.go:38] Init
[DEBUG Mar  8 22:48:56.977496408, errs.go:68] Created error: File could not be found
[DEBUG Mar  8 22:48:56.979791241, errs.go:68] Created error: Not Recognized
[DEBUG Mar  8 22:48:56.996270765, errs.go:68] Created error: Secret not found
[DEBUG Mar  8 22:48:56.996303076, errs.go:68] Created error: Could not save keypair
[DEBUG Mar  8 22:48:56.996442247, errs.go:68] Created error: Build responded with error
[DEBUG Mar  8 22:48:56.996465375, errs.go:68] Created error: Unknown build type
[DEBUG Mar  8 22:48:56.996551109, errors.go:86] Wrapped localized error: <nil> -- with: The installed version of the State Tool Service does not match that of the client.
Please stop the service with [ACTIONABLE]state-svc stop[/RESET] and try your command again.
If this issue persists please reinstall the State Tool.

[DEBUG Mar  8 22:48:56.996559507, errs.go:68] Created error: no data
[DEBUG Mar  8 22:48:56.996583546, errs.go:68] Created error: member not found
[DEBUG Mar  8 22:48:56.996600546, errs.go:68] Created error: Commit count is unknowable
[DEBUG Mar  8 22:48:56.996616802, errs.go:68] Created error: No merge required
[DEBUG Mar  8 22:48:56.996633502, errs.go:68] Created error: Can't merge commit thats already in target commits history
[DEBUG Mar  8 22:48:56.996652007, errs.go:68] Created error: Bad expander name
[DEBUG Mar  8 22:48:56.996669052, errs.go:68] Created error: Expander has no handler
[DEBUG Mar  8 22:48:56.997780325, errs.go:68] Created error: Service is already running
[DEBUG Mar  8 22:48:57.023655763, secrets.go:35] Gcloud Secretmanager failed to initialize (ignore if you're not trying to use gcloud): google: could not find default credentials. See https://developers.google.com/accounts/docs/application-default-credentials for more information.
[DEBUG Mar  8 22:48:57.027070996, output.go:53] Requested outputer for 
[DEBUG Mar  8 22:48:57.027085343, output.go:58] Using Plain outputer
[DEBUG Mar  8 22:48:57.027142658, termutils.go:17] Cannot get terminal size: inappropriate ioctl for device
[DEBUG Mar  8 22:48:57.027223867, client.go:128] Reporting event to 2 reporters: run-command, state-svc start, 
[DEBUG Mar  8 22:48:57.027356247, main.go:107] Running CmdStart
[DEBUG Mar  8 22:48:57.034012255, errs.go:75] Wrapped error: Service is already running -- with: valueF failed
[DEBUG Mar  8 22:48:57.034054250, errs.go:75] Wrapped error: valueF failed -- with: Could not store pid
[DEBUG Mar  8 22:48:57.034122824, errors.go:113] Wrapped input error: Could not store pid -- with: A State Service instance is already running in the background.
[DEBUG Mar  8 22:48:57.034131569, errs.go:75] Wrapped error: A State Service instance is already running in the background. -- with: Could not start serviceManager
[DEBUG Mar  8 22:48:57.034184815, client.go:128] Reporting event to 2 reporters: command-exit, state-svc start, 1
[DEBUG Mar  8 22:48:57.408091503, errs.go:75] Wrapped error: <nil> -- with: Could not start serviceManager: A State Service instance is already running in the background.: Could not store pid: valueF failed: Service is already running
[DEBUG Mar  8 22:48:57.408141715, main.go:61] state-svc errored out due to input: Could not start serviceManager: A State Service instance is already running in the background.: Could not store pid: valueF failed: Service is already running
