[DEBUG Aug  2 07:50:05.306646596, defaults.go:273] Args: [/home1/wangfeim/.local/ActiveState/StateTool/release/bin/state-svc start]
[DEBUG Aug  2 07:50:05.320930063, locale.go:38] Init
[DEBUG Aug  2 07:50:05.440037968, errs.go:68] Created error: File could not be found
[DEBUG Aug  2 07:50:05.442758667, errs.go:68] Created error: Not Recognized
[DEBUG Aug  2 07:50:05.464285866, errs.go:68] Created error: Secret not found
[DEBUG Aug  2 07:50:05.464357111, errs.go:68] Created error: Could not save keypair
[DEBUG Aug  2 07:50:05.464837439, errs.go:68] Created error: Build responded with error
[DEBUG Aug  2 07:50:05.464882309, errs.go:68] Created error: Unknown build type
[DEBUG Aug  2 07:50:05.465013433, errors.go:86] Wrapped localized error: <nil> -- with: The installed version of the State Tool Service does not match that of the client.
Please stop the service with [ACTIONABLE]state-svc stop[/RESET] and try your command again.
If this issue persists please reinstall the State Tool.

[DEBUG Aug  2 07:50:05.465030920, errs.go:68] Created error: no data
[DEBUG Aug  2 07:50:05.465062774, errs.go:68] Created error: member not found
[DEBUG Aug  2 07:50:05.465090268, errs.go:68] Created error: Commit count is unknowable
[DEBUG Aug  2 07:50:05.465118950, errs.go:68] Created error: No merge required
[DEBUG Aug  2 07:50:05.465145959, errs.go:68] Created error: Can't merge commit thats already in target commits history
[DEBUG Aug  2 07:50:05.465174594, errs.go:68] Created error: Bad expander name
[DEBUG Aug  2 07:50:05.465206615, errs.go:68] Created error: Expander has no handler
[DEBUG Aug  2 07:50:05.466330907, errs.go:68] Created error: Service is already running
[DEBUG Aug  2 07:50:05.498770575, secrets.go:35] Gcloud Secretmanager failed to initialize (ignore if you're not trying to use gcloud): google: could not find default credentials. See https://developers.google.com/accounts/docs/application-default-credentials for more information.
[DEBUG Aug  2 07:50:05.501914837, output.go:53] Requested outputer for 
[DEBUG Aug  2 07:50:05.501933684, output.go:58] Using Plain outputer
[DEBUG Aug  2 07:50:05.502907469, termutils.go:17] Cannot get terminal size: inappropriate ioctl for device
[DEBUG Aug  2 07:50:05.503245556, client.go:128] Reporting event to 2 reporters: run-command, state-svc start, 
[DEBUG Aug  2 07:50:05.503656016, main.go:107] Running CmdStart
[DEBUG Aug  2 07:50:05.509900847, errs.go:75] Wrapped error: Service is already running -- with: valueF failed
[DEBUG Aug  2 07:50:05.509970504, errs.go:75] Wrapped error: valueF failed -- with: Could not store pid
[DEBUG Aug  2 07:50:05.510047616, errors.go:113] Wrapped input error: Could not store pid -- with: A State Service instance is already running in the background.
[DEBUG Aug  2 07:50:05.510063024, errs.go:75] Wrapped error: A State Service instance is already running in the background. -- with: Could not start serviceManager
[DEBUG Aug  2 07:50:05.510152799, client.go:128] Reporting event to 2 reporters: command-exit, state-svc start, 1
[DEBUG Aug  2 07:50:05.924315980, errs.go:75] Wrapped error: <nil> -- with: Could not start serviceManager: A State Service instance is already running in the background.: Could not store pid: valueF failed: Service is already running
[DEBUG Aug  2 07:50:05.924380130, main.go:61] state-svc errored out due to input: Could not start serviceManager: A State Service instance is already running in the background.: Could not store pid: valueF failed: Service is already running
