[DEBUG Sep 17 12:44:54.945920494, defaults.go:273] Args: [/home1/wangfeim/.local/ActiveState/StateTool/release/bin/state-svc start]
[DEBUG Sep 17 12:44:54.958794672, locale.go:38] Init
[DEBUG Sep 17 12:44:55.003292870, errs.go:68] Created error: File could not be found
[DEBUG Sep 17 12:44:55.006056059, errs.go:68] Created error: Not Recognized
[DEBUG Sep 17 12:44:55.027097665, errs.go:68] Created error: Secret not found
[DEBUG Sep 17 12:44:55.027144406, errs.go:68] Created error: Could not save keypair
[DEBUG Sep 17 12:44:55.027444706, errs.go:68] Created error: Build responded with error
[DEBUG Sep 17 12:44:55.027488738, errs.go:68] Created error: Unknown build type
[DEBUG Sep 17 12:44:55.027610772, errors.go:86] Wrapped localized error: <nil> -- with: The installed version of the State Tool Service does not match that of the client.
Please stop the service with [ACTIONABLE]state-svc stop[/RESET] and try your command again.
If this issue persists please reinstall the State Tool.

[DEBUG Sep 17 12:44:55.027628523, errs.go:68] Created error: no data
[DEBUG Sep 17 12:44:55.027656788, errs.go:68] Created error: member not found
[DEBUG Sep 17 12:44:55.027679908, errs.go:68] Created error: Commit count is unknowable
[DEBUG Sep 17 12:44:55.027705605, errs.go:68] Created error: No merge required
[DEBUG Sep 17 12:44:55.027730382, errs.go:68] Created error: Can't merge commit thats already in target commits history
[DEBUG Sep 17 12:44:55.027757416, errs.go:68] Created error: Bad expander name
[DEBUG Sep 17 12:44:55.027779686, errs.go:68] Created error: Expander has no handler
[DEBUG Sep 17 12:44:55.030467127, errs.go:68] Created error: Service is already running
[DEBUG Sep 17 12:44:55.069651084, secrets.go:35] Gcloud Secretmanager failed to initialize (ignore if you're not trying to use gcloud): google: could not find default credentials. See https://developers.google.com/accounts/docs/application-default-credentials for more information.
[DEBUG Sep 17 12:44:55.075522453, output.go:53] Requested outputer for 
[DEBUG Sep 17 12:44:55.075539729, output.go:58] Using Plain outputer
[DEBUG Sep 17 12:44:55.075617284, termutils.go:17] Cannot get terminal size: inappropriate ioctl for device
[DEBUG Sep 17 12:44:55.075721185, main.go:107] Running CmdStart
[DEBUG Sep 17 12:44:55.076724277, exeutils.go:149] Executing: /home1/wangfeim/.local/ActiveState/StateTool/release/bin/state-svc [foreground]
[DEBUG Sep 17 12:44:55.080543129, manager.go:68] Process started using pid 1617
[DEBUG Sep 17 12:44:55.080587975, client.go:128] Reporting event to 2 reporters: command-exit, state-svc start, 0
[DEBUG Sep 17 12:44:55.080804730, client.go:128] Reporting event to 2 reporters: run-command, state-svc start, 
