[DEBUG Aug  2 08:03:58.721969527, defaults.go:273] Args: [/home1/wangfeim/.local/ActiveState/StateTool/release/bin/state-svc start]
[DEBUG Aug  2 08:03:58.736189027, locale.go:38] Init
[DEBUG Aug  2 08:03:58.881688188, errs.go:68] Created error: File could not be found
[DEBUG Aug  2 08:03:58.884820807, errs.go:68] Created error: Not Recognized
[DEBUG Aug  2 08:03:58.905649675, errs.go:68] Created error: Secret not found
[DEBUG Aug  2 08:03:58.905715423, errs.go:68] Created error: Could not save keypair
[DEBUG Aug  2 08:03:58.905916325, errs.go:68] Created error: Build responded with error
[DEBUG Aug  2 08:03:58.905952408, errs.go:68] Created error: Unknown build type
[DEBUG Aug  2 08:03:58.906090545, errors.go:86] Wrapped localized error: <nil> -- with: The installed version of the State Tool Service does not match that of the client.
Please stop the service with [ACTIONABLE]state-svc stop[/RESET] and try your command again.
If this issue persists please reinstall the State Tool.

[DEBUG Aug  2 08:03:58.906107905, errs.go:68] Created error: no data
[DEBUG Aug  2 08:03:58.906139997, errs.go:68] Created error: member not found
[DEBUG Aug  2 08:03:58.906165081, errs.go:68] Created error: Commit count is unknowable
[DEBUG Aug  2 08:03:58.906196365, errs.go:68] Created error: No merge required
[DEBUG Aug  2 08:03:58.906220865, errs.go:68] Created error: Can't merge commit thats already in target commits history
[DEBUG Aug  2 08:03:58.906245762, errs.go:68] Created error: Bad expander name
[DEBUG Aug  2 08:03:58.906269169, errs.go:68] Created error: Expander has no handler
[DEBUG Aug  2 08:03:58.907563107, errs.go:68] Created error: Service is already running
[DEBUG Aug  2 08:03:58.943400704, secrets.go:35] Gcloud Secretmanager failed to initialize (ignore if you're not trying to use gcloud): google: could not find default credentials. See https://developers.google.com/accounts/docs/application-default-credentials for more information.
[DEBUG Aug  2 08:03:58.948946872, output.go:53] Requested outputer for 
[DEBUG Aug  2 08:03:58.948971815, output.go:58] Using Plain outputer
[DEBUG Aug  2 08:03:58.949050987, termutils.go:17] Cannot get terminal size: inappropriate ioctl for device
[DEBUG Aug  2 08:03:58.949150612, client.go:128] Reporting event to 2 reporters: run-command, state-svc start, 
[DEBUG Aug  2 08:03:58.949230176, main.go:107] Running CmdStart
[DEBUG Aug  2 08:03:58.955824774, errs.go:75] Wrapped error: Service is already running -- with: valueF failed
[DEBUG Aug  2 08:03:58.955889256, errs.go:75] Wrapped error: valueF failed -- with: Could not store pid
[DEBUG Aug  2 08:03:58.955970100, errors.go:113] Wrapped input error: Could not store pid -- with: A State Service instance is already running in the background.
[DEBUG Aug  2 08:03:58.955984641, errs.go:75] Wrapped error: A State Service instance is already running in the background. -- with: Could not start serviceManager
[DEBUG Aug  2 08:03:58.956051613, client.go:128] Reporting event to 2 reporters: command-exit, state-svc start, 1
[DEBUG Aug  2 08:03:59.309792967, errs.go:75] Wrapped error: <nil> -- with: Could not start serviceManager: A State Service instance is already running in the background.: Could not store pid: valueF failed: Service is already running
[DEBUG Aug  2 08:03:59.309859339, main.go:61] state-svc errored out due to input: Could not start serviceManager: A State Service instance is already running in the background.: Could not store pid: valueF failed: Service is already running
