[DEBUG Aug  2 07:55:42.997277627, defaults.go:273] Args: [/home1/wangfeim/.local/ActiveState/StateTool/release/bin/state-svc start]
[DEBUG Aug  2 07:55:43.011810629, locale.go:38] Init
[DEBUG Aug  2 07:55:43.052535660, errs.go:68] Created error: File could not be found
[DEBUG Aug  2 07:55:43.055372008, errs.go:68] Created error: Not Recognized
[DEBUG Aug  2 07:55:43.092961562, errs.go:68] Created error: Secret not found
[DEBUG Aug  2 07:55:43.093013064, errs.go:68] Created error: Could not save keypair
[DEBUG Aug  2 07:55:43.093198291, errs.go:68] Created error: Build responded with error
[DEBUG Aug  2 07:55:43.093227629, errs.go:68] Created error: Unknown build type
[DEBUG Aug  2 07:55:43.093343402, errors.go:86] Wrapped localized error: <nil> -- with: The installed version of the State Tool Service does not match that of the client.
Please stop the service with [ACTIONABLE]state-svc stop[/RESET] and try your command again.
If this issue persists please reinstall the State Tool.

[DEBUG Aug  2 07:55:43.093357198, errs.go:68] Created error: no data
[DEBUG Aug  2 07:55:43.093382646, errs.go:68] Created error: member not found
[DEBUG Aug  2 07:55:43.093408207, errs.go:68] Created error: Commit count is unknowable
[DEBUG Aug  2 07:55:43.093435200, errs.go:68] Created error: No merge required
[DEBUG Aug  2 07:55:43.093458902, errs.go:68] Created error: Can't merge commit thats already in target commits history
[DEBUG Aug  2 07:55:43.093482586, errs.go:68] Created error: Bad expander name
[DEBUG Aug  2 07:55:43.093506299, errs.go:68] Created error: Expander has no handler
[DEBUG Aug  2 07:55:43.096330522, errs.go:68] Created error: Service is already running
[DEBUG Aug  2 07:55:43.123748967, secrets.go:35] Gcloud Secretmanager failed to initialize (ignore if you're not trying to use gcloud): google: could not find default credentials. See https://developers.google.com/accounts/docs/application-default-credentials for more information.
[DEBUG Aug  2 07:55:43.127812379, output.go:53] Requested outputer for 
[DEBUG Aug  2 07:55:43.127837119, output.go:58] Using Plain outputer
[DEBUG Aug  2 07:55:43.127922757, termutils.go:17] Cannot get terminal size: inappropriate ioctl for device
[DEBUG Aug  2 07:55:43.128042641, client.go:128] Reporting event to 2 reporters: run-command, state-svc start, 
[DEBUG Aug  2 07:55:43.128093670, main.go:107] Running CmdStart
[DEBUG Aug  2 07:55:43.134298029, errs.go:75] Wrapped error: Service is already running -- with: valueF failed
[DEBUG Aug  2 07:55:43.134351546, errs.go:75] Wrapped error: valueF failed -- with: Could not store pid
[DEBUG Aug  2 07:55:43.134430064, errors.go:113] Wrapped input error: Could not store pid -- with: A State Service instance is already running in the background.
[DEBUG Aug  2 07:55:43.134444574, errs.go:75] Wrapped error: A State Service instance is already running in the background. -- with: Could not start serviceManager
[DEBUG Aug  2 07:55:43.134550235, client.go:128] Reporting event to 2 reporters: command-exit, state-svc start, 1
[DEBUG Aug  2 07:55:43.496102916, errs.go:75] Wrapped error: <nil> -- with: Could not start serviceManager: A State Service instance is already running in the background.: Could not store pid: valueF failed: Service is already running
[DEBUG Aug  2 07:55:43.496187358, main.go:61] state-svc errored out due to input: Could not start serviceManager: A State Service instance is already running in the background.: Could not store pid: valueF failed: Service is already running
