[DEBUG Aug  2 07:45:43.679562990, defaults.go:273] Args: [/home1/wangfeim/.local/ActiveState/StateTool/release/bin/state-svc start]
[DEBUG Aug  2 07:45:43.695147109, locale.go:38] Init
[DEBUG Aug  2 07:45:44.149899894, errs.go:68] Created error: File could not be found
[DEBUG Aug  2 07:45:44.152716686, errs.go:68] Created error: Not Recognized
[DEBUG Aug  2 07:45:44.174404372, errs.go:68] Created error: Secret not found
[DEBUG Aug  2 07:45:44.174461984, errs.go:68] Created error: Could not save keypair
[DEBUG Aug  2 07:45:44.174628940, errs.go:68] Created error: Build responded with error
[DEBUG Aug  2 07:45:44.174655048, errs.go:68] Created error: Unknown build type
[DEBUG Aug  2 07:45:44.174781998, errors.go:86] Wrapped localized error: <nil> -- with: The installed version of the State Tool Service does not match that of the client.
Please stop the service with [ACTIONABLE]state-svc stop[/RESET] and try your command again.
If this issue persists please reinstall the State Tool.

[DEBUG Aug  2 07:45:44.174797237, errs.go:68] Created error: no data
[DEBUG Aug  2 07:45:44.174819611, errs.go:68] Created error: member not found
[DEBUG Aug  2 07:45:44.174841402, errs.go:68] Created error: Commit count is unknowable
[DEBUG Aug  2 07:45:44.174862136, errs.go:68] Created error: No merge required
[DEBUG Aug  2 07:45:44.174882437, errs.go:68] Created error: Can't merge commit thats already in target commits history
[DEBUG Aug  2 07:45:44.174904674, errs.go:68] Created error: Bad expander name
[DEBUG Aug  2 07:45:44.174925273, errs.go:68] Created error: Expander has no handler
[DEBUG Aug  2 07:45:44.176251075, errs.go:68] Created error: Service is already running
[DEBUG Aug  2 07:45:44.204742647, secrets.go:35] Gcloud Secretmanager failed to initialize (ignore if you're not trying to use gcloud): google: could not find default credentials. See https://developers.google.com/accounts/docs/application-default-credentials for more information.
[DEBUG Aug  2 07:45:44.207955811, output.go:53] Requested outputer for 
[DEBUG Aug  2 07:45:44.207976431, output.go:58] Using Plain outputer
[DEBUG Aug  2 07:45:44.208059541, termutils.go:17] Cannot get terminal size: inappropriate ioctl for device
[DEBUG Aug  2 07:45:44.208145216, client.go:128] Reporting event to 2 reporters: run-command, state-svc start, 
[DEBUG Aug  2 07:45:44.208201328, main.go:107] Running CmdStart
[DEBUG Aug  2 07:45:44.214160619, errs.go:75] Wrapped error: Service is already running -- with: valueF failed
[DEBUG Aug  2 07:45:44.214243068, errs.go:75] Wrapped error: valueF failed -- with: Could not store pid
[DEBUG Aug  2 07:45:44.214339715, errors.go:113] Wrapped input error: Could not store pid -- with: A State Service instance is already running in the background.
[DEBUG Aug  2 07:45:44.214355295, errs.go:75] Wrapped error: A State Service instance is already running in the background. -- with: Could not start serviceManager
[DEBUG Aug  2 07:45:44.214419940, client.go:128] Reporting event to 2 reporters: command-exit, state-svc start, 1
[DEBUG Aug  2 07:45:44.592553442, errs.go:75] Wrapped error: <nil> -- with: Could not start serviceManager: A State Service instance is already running in the background.: Could not store pid: valueF failed: Service is already running
[DEBUG Aug  2 07:45:44.592616319, main.go:61] state-svc errored out due to input: Could not start serviceManager: A State Service instance is already running in the background.: Could not store pid: valueF failed: Service is already running
