[DEBUG Aug  2 08:17:53.966764000, defaults.go:273] Args: [/home1/wangfeim/.local/ActiveState/StateTool/release/bin/state-svc start]
[DEBUG Aug  2 08:17:53.997240922, locale.go:38] Init
[DEBUG Aug  2 08:17:54.043451056, errs.go:68] Created error: File could not be found
[DEBUG Aug  2 08:17:54.046531435, errs.go:68] Created error: Not Recognized
[DEBUG Aug  2 08:17:54.105795165, errs.go:68] Created error: Secret not found
[DEBUG Aug  2 08:17:54.106053957, errs.go:68] Created error: Could not save keypair
[DEBUG Aug  2 08:17:54.106275508, errs.go:68] Created error: Build responded with error
[DEBUG Aug  2 08:17:54.106310030, errs.go:68] Created error: Unknown build type
[DEBUG Aug  2 08:17:54.106441104, errors.go:86] Wrapped localized error: <nil> -- with: The installed version of the State Tool Service does not match that of the client.
Please stop the service with [ACTIONABLE]state-svc stop[/RESET] and try your command again.
If this issue persists please reinstall the State Tool.

[DEBUG Aug  2 08:17:54.106459910, errs.go:68] Created error: no data
[DEBUG Aug  2 08:17:54.106486676, errs.go:68] Created error: member not found
[DEBUG Aug  2 08:17:54.106514640, errs.go:68] Created error: Commit count is unknowable
[DEBUG Aug  2 08:17:54.106547071, errs.go:68] Created error: No merge required
[DEBUG Aug  2 08:17:54.106570367, errs.go:68] Created error: Can't merge commit thats already in target commits history
[DEBUG Aug  2 08:17:54.106597233, errs.go:68] Created error: Bad expander name
[DEBUG Aug  2 08:17:54.106621621, errs.go:68] Created error: Expander has no handler
[DEBUG Aug  2 08:17:54.107738481, errs.go:68] Created error: Service is already running
[DEBUG Aug  2 08:17:54.135775372, secrets.go:35] Gcloud Secretmanager failed to initialize (ignore if you're not trying to use gcloud): google: could not find default credentials. See https://developers.google.com/accounts/docs/application-default-credentials for more information.
[DEBUG Aug  2 08:17:54.139041110, output.go:53] Requested outputer for 
[DEBUG Aug  2 08:17:54.139064336, output.go:58] Using Plain outputer
[DEBUG Aug  2 08:17:54.139136616, termutils.go:17] Cannot get terminal size: inappropriate ioctl for device
[DEBUG Aug  2 08:17:54.184730860, client.go:128] Reporting event to 2 reporters: run-command, state-svc start, 
[DEBUG Aug  2 08:17:54.184814599, main.go:107] Running CmdStart
[DEBUG Aug  2 08:17:54.190409352, errs.go:75] Wrapped error: Service is already running -- with: valueF failed
[DEBUG Aug  2 08:17:54.190460818, errs.go:75] Wrapped error: valueF failed -- with: Could not store pid
[DEBUG Aug  2 08:17:54.190527745, errors.go:113] Wrapped input error: Could not store pid -- with: A State Service instance is already running in the background.
[DEBUG Aug  2 08:17:54.190546655, errs.go:75] Wrapped error: A State Service instance is already running in the background. -- with: Could not start serviceManager
[DEBUG Aug  2 08:17:54.190632267, client.go:128] Reporting event to 2 reporters: command-exit, state-svc start, 1
[DEBUG Aug  2 08:17:54.528802645, errs.go:75] Wrapped error: <nil> -- with: Could not start serviceManager: A State Service instance is already running in the background.: Could not store pid: valueF failed: Service is already running
[DEBUG Aug  2 08:17:54.528869963, main.go:61] state-svc errored out due to input: Could not start serviceManager: A State Service instance is already running in the background.: Could not store pid: valueF failed: Service is already running
