[DEBUG Aug  2 08:15:53.065291097, defaults.go:273] Args: [/home1/wangfeim/.local/ActiveState/StateTool/release/bin/state-svc start]
[DEBUG Aug  2 08:15:53.079676433, locale.go:38] Init
[DEBUG Aug  2 08:15:53.372841299, errs.go:68] Created error: File could not be found
[DEBUG Aug  2 08:15:53.376367750, errs.go:68] Created error: Not Recognized
[DEBUG Aug  2 08:15:53.407436163, errs.go:68] Created error: Secret not found
[DEBUG Aug  2 08:15:53.407493861, errs.go:68] Created error: Could not save keypair
[DEBUG Aug  2 08:15:53.407679220, errs.go:68] Created error: Build responded with error
[DEBUG Aug  2 08:15:53.407708396, errs.go:68] Created error: Unknown build type
[DEBUG Aug  2 08:15:53.407826977, errors.go:86] Wrapped localized error: <nil> -- with: The installed version of the State Tool Service does not match that of the client.
Please stop the service with [ACTIONABLE]state-svc stop[/RESET] and try your command again.
If this issue persists please reinstall the State Tool.

[DEBUG Aug  2 08:15:53.407842474, errs.go:68] Created error: no data
[DEBUG Aug  2 08:15:53.407867114, errs.go:68] Created error: member not found
[DEBUG Aug  2 08:15:53.407896887, errs.go:68] Created error: Commit count is unknowable
[DEBUG Aug  2 08:15:53.407921751, errs.go:68] Created error: No merge required
[DEBUG Aug  2 08:15:53.407945414, errs.go:68] Created error: Can't merge commit thats already in target commits history
[DEBUG Aug  2 08:15:53.407977221, errs.go:68] Created error: Bad expander name
[DEBUG Aug  2 08:15:53.408001168, errs.go:68] Created error: Expander has no handler
[DEBUG Aug  2 08:15:53.409106379, errs.go:68] Created error: Service is already running
[DEBUG Aug  2 08:15:53.441965502, secrets.go:35] Gcloud Secretmanager failed to initialize (ignore if you're not trying to use gcloud): google: could not find default credentials. See https://developers.google.com/accounts/docs/application-default-credentials for more information.
[DEBUG Aug  2 08:15:53.451972729, output.go:53] Requested outputer for 
[DEBUG Aug  2 08:15:53.452001647, output.go:58] Using Plain outputer
[DEBUG Aug  2 08:15:53.452074155, termutils.go:17] Cannot get terminal size: inappropriate ioctl for device
[DEBUG Aug  2 08:15:53.452168173, client.go:128] Reporting event to 2 reporters: run-command, state-svc start, 
[DEBUG Aug  2 08:15:53.452230645, main.go:107] Running CmdStart
[DEBUG Aug  2 08:15:53.458938934, errs.go:75] Wrapped error: Service is already running -- with: valueF failed
[DEBUG Aug  2 08:15:53.458998212, errs.go:75] Wrapped error: valueF failed -- with: Could not store pid
[DEBUG Aug  2 08:15:53.459069451, errors.go:113] Wrapped input error: Could not store pid -- with: A State Service instance is already running in the background.
[DEBUG Aug  2 08:15:53.459083892, errs.go:75] Wrapped error: A State Service instance is already running in the background. -- with: Could not start serviceManager
[DEBUG Aug  2 08:15:53.484721785, client.go:128] Reporting event to 2 reporters: command-exit, state-svc start, 1
[DEBUG Aug  2 08:15:53.881629189, errs.go:75] Wrapped error: <nil> -- with: Could not start serviceManager: A State Service instance is already running in the background.: Could not store pid: valueF failed: Service is already running
[DEBUG Aug  2 08:15:53.881690369, main.go:61] state-svc errored out due to input: Could not start serviceManager: A State Service instance is already running in the background.: Could not store pid: valueF failed: Service is already running
