[DEBUG Aug  2 07:40:38.298391657, defaults.go:273] Args: [/home1/wangfeim/.local/ActiveState/StateTool/release/bin/state-svc start]
[DEBUG Aug  2 07:40:38.312625254, locale.go:38] Init
[DEBUG Aug  2 07:40:38.424154611, errs.go:68] Created error: File could not be found
[DEBUG Aug  2 07:40:38.427570188, errs.go:68] Created error: Not Recognized
[DEBUG Aug  2 07:40:38.451092615, errs.go:68] Created error: Secret not found
[DEBUG Aug  2 07:40:38.451165039, errs.go:68] Created error: Could not save keypair
[DEBUG Aug  2 07:40:38.451342381, errs.go:68] Created error: Build responded with error
[DEBUG Aug  2 07:40:38.451372345, errs.go:68] Created error: Unknown build type
[DEBUG Aug  2 07:40:38.451506893, errors.go:86] Wrapped localized error: <nil> -- with: The installed version of the State Tool Service does not match that of the client.
Please stop the service with [ACTIONABLE]state-svc stop[/RESET] and try your command again.
If this issue persists please reinstall the State Tool.

[DEBUG Aug  2 07:40:38.451524004, errs.go:68] Created error: no data
[DEBUG Aug  2 07:40:38.451563142, errs.go:68] Created error: member not found
[DEBUG Aug  2 07:40:38.451603085, errs.go:68] Created error: Commit count is unknowable
[DEBUG Aug  2 07:40:38.451628902, errs.go:68] Created error: No merge required
[DEBUG Aug  2 07:40:38.451653127, errs.go:68] Created error: Can't merge commit thats already in target commits history
[DEBUG Aug  2 07:40:38.451678786, errs.go:68] Created error: Bad expander name
[DEBUG Aug  2 07:40:38.451703504, errs.go:68] Created error: Expander has no handler
[DEBUG Aug  2 07:40:38.452867948, errs.go:68] Created error: Service is already running
[DEBUG Aug  2 07:40:38.513980767, secrets.go:35] Gcloud Secretmanager failed to initialize (ignore if you're not trying to use gcloud): google: could not find default credentials. See https://developers.google.com/accounts/docs/application-default-credentials for more information.
[DEBUG Aug  2 07:40:38.517424749, output.go:53] Requested outputer for 
[DEBUG Aug  2 07:40:38.517445489, output.go:58] Using Plain outputer
[DEBUG Aug  2 07:40:38.517509479, termutils.go:17] Cannot get terminal size: inappropriate ioctl for device
[DEBUG Aug  2 07:40:38.517532801, client.go:128] Reporting event to 2 reporters: run-command, state-svc start, 
[DEBUG Aug  2 07:40:38.517645303, main.go:107] Running CmdStart
[DEBUG Aug  2 07:40:38.523503632, errs.go:75] Wrapped error: Service is already running -- with: valueF failed
[DEBUG Aug  2 07:40:38.523576768, errs.go:75] Wrapped error: valueF failed -- with: Could not store pid
[DEBUG Aug  2 07:40:38.523653891, errors.go:113] Wrapped input error: Could not store pid -- with: A State Service instance is already running in the background.
[DEBUG Aug  2 07:40:38.523668840, errs.go:75] Wrapped error: A State Service instance is already running in the background. -- with: Could not start serviceManager
[DEBUG Aug  2 07:40:38.523751097, client.go:128] Reporting event to 2 reporters: command-exit, state-svc start, 1
[DEBUG Aug  2 07:40:38.951637278, errs.go:75] Wrapped error: <nil> -- with: Could not start serviceManager: A State Service instance is already running in the background.: Could not store pid: valueF failed: Service is already running
[DEBUG Aug  2 07:40:38.951720826, main.go:61] state-svc errored out due to input: Could not start serviceManager: A State Service instance is already running in the background.: Could not store pid: valueF failed: Service is already running
