[DEBUG Aug  2 08:19:19.318797523, defaults.go:273] Args: [/home1/wangfeim/.local/ActiveState/StateTool/release/bin/state-svc start]
[DEBUG Aug  2 08:19:19.332203395, locale.go:38] Init
[DEBUG Aug  2 08:19:19.395520906, errs.go:68] Created error: File could not be found
[DEBUG Aug  2 08:19:19.398537408, errs.go:68] Created error: Not Recognized
[DEBUG Aug  2 08:19:19.420365951, errs.go:68] Created error: Secret not found
[DEBUG Aug  2 08:19:19.420428568, errs.go:68] Created error: Could not save keypair
[DEBUG Aug  2 08:19:19.420654836, errs.go:68] Created error: Build responded with error
[DEBUG Aug  2 08:19:19.420690583, errs.go:68] Created error: Unknown build type
[DEBUG Aug  2 08:19:19.420829043, errors.go:86] Wrapped localized error: <nil> -- with: The installed version of the State Tool Service does not match that of the client.
Please stop the service with [ACTIONABLE]state-svc stop[/RESET] and try your command again.
If this issue persists please reinstall the State Tool.

[DEBUG Aug  2 08:19:19.420845493, errs.go:68] Created error: no data
[DEBUG Aug  2 08:19:19.420870596, errs.go:68] Created error: member not found
[DEBUG Aug  2 08:19:19.420902682, errs.go:68] Created error: Commit count is unknowable
[DEBUG Aug  2 08:19:19.420933363, errs.go:68] Created error: No merge required
[DEBUG Aug  2 08:19:19.420957103, errs.go:68] Created error: Can't merge commit thats already in target commits history
[DEBUG Aug  2 08:19:19.420982660, errs.go:68] Created error: Bad expander name
[DEBUG Aug  2 08:19:19.421010878, errs.go:68] Created error: Expander has no handler
[DEBUG Aug  2 08:19:19.422291915, errs.go:68] Created error: Service is already running
[DEBUG Aug  2 08:19:19.488180865, secrets.go:35] Gcloud Secretmanager failed to initialize (ignore if you're not trying to use gcloud): google: could not find default credentials. See https://developers.google.com/accounts/docs/application-default-credentials for more information.
[DEBUG Aug  2 08:19:19.491792805, output.go:53] Requested outputer for 
[DEBUG Aug  2 08:19:19.491815822, output.go:58] Using Plain outputer
[DEBUG Aug  2 08:19:19.491898903, termutils.go:17] Cannot get terminal size: inappropriate ioctl for device
[DEBUG Aug  2 08:19:19.491935721, client.go:128] Reporting event to 2 reporters: run-command, state-svc start, 
[DEBUG Aug  2 08:19:19.492084220, main.go:107] Running CmdStart
[DEBUG Aug  2 08:19:19.497496552, errs.go:75] Wrapped error: Service is already running -- with: valueF failed
[DEBUG Aug  2 08:19:19.497566578, errs.go:75] Wrapped error: valueF failed -- with: Could not store pid
[DEBUG Aug  2 08:19:19.497634541, errors.go:113] Wrapped input error: Could not store pid -- with: A State Service instance is already running in the background.
[DEBUG Aug  2 08:19:19.497648603, errs.go:75] Wrapped error: A State Service instance is already running in the background. -- with: Could not start serviceManager
[DEBUG Aug  2 08:19:19.497717881, client.go:128] Reporting event to 2 reporters: command-exit, state-svc start, 1
[DEBUG Aug  2 08:19:19.885241690, errs.go:75] Wrapped error: <nil> -- with: Could not start serviceManager: A State Service instance is already running in the background.: Could not store pid: valueF failed: Service is already running
[DEBUG Aug  2 08:19:19.885312182, main.go:61] state-svc errored out due to input: Could not start serviceManager: A State Service instance is already running in the background.: Could not store pid: valueF failed: Service is already running
