[DEBUG Aug  2 08:02:45.643668422, defaults.go:273] Args: [/home1/wangfeim/.local/ActiveState/StateTool/release/bin/state-svc start]
[DEBUG Aug  2 08:02:45.658873248, locale.go:38] Init
[DEBUG Aug  2 08:02:45.722075253, errs.go:68] Created error: File could not be found
[DEBUG Aug  2 08:02:45.725232419, errs.go:68] Created error: Not Recognized
[DEBUG Aug  2 08:02:45.798351293, errs.go:68] Created error: Secret not found
[DEBUG Aug  2 08:02:45.798409085, errs.go:68] Created error: Could not save keypair
[DEBUG Aug  2 08:02:45.798614236, errs.go:68] Created error: Build responded with error
[DEBUG Aug  2 08:02:45.798653171, errs.go:68] Created error: Unknown build type
[DEBUG Aug  2 08:02:45.798771090, errors.go:86] Wrapped localized error: <nil> -- with: The installed version of the State Tool Service does not match that of the client.
Please stop the service with [ACTIONABLE]state-svc stop[/RESET] and try your command again.
If this issue persists please reinstall the State Tool.

[DEBUG Aug  2 08:02:45.798785844, errs.go:68] Created error: no data
[DEBUG Aug  2 08:02:45.798814755, errs.go:68] Created error: member not found
[DEBUG Aug  2 08:02:45.798838855, errs.go:68] Created error: Commit count is unknowable
[DEBUG Aug  2 08:02:45.798865005, errs.go:68] Created error: No merge required
[DEBUG Aug  2 08:02:45.798888039, errs.go:68] Created error: Can't merge commit thats already in target commits history
[DEBUG Aug  2 08:02:45.798912062, errs.go:68] Created error: Bad expander name
[DEBUG Aug  2 08:02:45.798935863, errs.go:68] Created error: Expander has no handler
[DEBUG Aug  2 08:02:45.800881988, errs.go:68] Created error: Service is already running
[DEBUG Aug  2 08:02:45.826433481, secrets.go:35] Gcloud Secretmanager failed to initialize (ignore if you're not trying to use gcloud): google: could not find default credentials. See https://developers.google.com/accounts/docs/application-default-credentials for more information.
[DEBUG Aug  2 08:02:45.831458601, output.go:53] Requested outputer for 
[DEBUG Aug  2 08:02:45.831500922, output.go:58] Using Plain outputer
[DEBUG Aug  2 08:02:45.831590056, termutils.go:17] Cannot get terminal size: inappropriate ioctl for device
[DEBUG Aug  2 08:02:45.831739157, client.go:128] Reporting event to 2 reporters: run-command, state-svc start, 
[DEBUG Aug  2 08:02:45.831802741, main.go:107] Running CmdStart
[DEBUG Aug  2 08:02:45.837560251, errs.go:75] Wrapped error: Service is already running -- with: valueF failed
[DEBUG Aug  2 08:02:45.837613728, errs.go:75] Wrapped error: valueF failed -- with: Could not store pid
[DEBUG Aug  2 08:02:45.837687372, errors.go:113] Wrapped input error: Could not store pid -- with: A State Service instance is already running in the background.
[DEBUG Aug  2 08:02:45.837700640, errs.go:75] Wrapped error: A State Service instance is already running in the background. -- with: Could not start serviceManager
[DEBUG Aug  2 08:02:45.837772507, client.go:128] Reporting event to 2 reporters: command-exit, state-svc start, 1
[DEBUG Aug  2 08:02:46.227766701, errs.go:75] Wrapped error: <nil> -- with: Could not start serviceManager: A State Service instance is already running in the background.: Could not store pid: valueF failed: Service is already running
[DEBUG Aug  2 08:02:46.227859224, main.go:61] state-svc errored out due to input: Could not start serviceManager: A State Service instance is already running in the background.: Could not store pid: valueF failed: Service is already running
