[DEBUG Aug  2 07:37:47.927005963, defaults.go:273] Args: [/home1/wangfeim/.local/ActiveState/StateTool/release/bin/state-svc start]
[DEBUG Aug  2 07:37:47.941433461, locale.go:38] Init
[DEBUG Aug  2 07:37:48.008002819, errs.go:68] Created error: File could not be found
[DEBUG Aug  2 07:37:48.010942448, errs.go:68] Created error: Not Recognized
[DEBUG Aug  2 07:37:48.031831454, errs.go:68] Created error: Secret not found
[DEBUG Aug  2 07:37:48.031904569, errs.go:68] Created error: Could not save keypair
[DEBUG Aug  2 07:37:48.032182652, errs.go:68] Created error: Build responded with error
[DEBUG Aug  2 07:37:48.032226660, errs.go:68] Created error: Unknown build type
[DEBUG Aug  2 07:37:48.032389802, errors.go:86] Wrapped localized error: <nil> -- with: The installed version of the State Tool Service does not match that of the client.
Please stop the service with [ACTIONABLE]state-svc stop[/RESET] and try your command again.
If this issue persists please reinstall the State Tool.

[DEBUG Aug  2 07:37:48.032427064, errs.go:68] Created error: no data
[DEBUG Aug  2 07:37:48.032466666, errs.go:68] Created error: member not found
[DEBUG Aug  2 07:37:48.032502309, errs.go:68] Created error: Commit count is unknowable
[DEBUG Aug  2 07:37:48.032550527, errs.go:68] Created error: No merge required
[DEBUG Aug  2 07:37:48.032584436, errs.go:68] Created error: Can't merge commit thats already in target commits history
[DEBUG Aug  2 07:37:48.032620069, errs.go:68] Created error: Bad expander name
[DEBUG Aug  2 07:37:48.032656850, errs.go:68] Created error: Expander has no handler
[DEBUG Aug  2 07:37:48.034046154, errs.go:68] Created error: Service is already running
[DEBUG Aug  2 07:37:48.102286343, secrets.go:35] Gcloud Secretmanager failed to initialize (ignore if you're not trying to use gcloud): google: could not find default credentials. See https://developers.google.com/accounts/docs/application-default-credentials for more information.
[DEBUG Aug  2 07:37:48.105400820, output.go:53] Requested outputer for 
[DEBUG Aug  2 07:37:48.105430097, output.go:58] Using Plain outputer
[DEBUG Aug  2 07:37:48.105536258, termutils.go:17] Cannot get terminal size: inappropriate ioctl for device
[DEBUG Aug  2 07:37:48.105615905, client.go:128] Reporting event to 2 reporters: run-command, state-svc start, 
[DEBUG Aug  2 07:37:48.105816553, main.go:107] Running CmdStart
[DEBUG Aug  2 07:37:48.113338089, errs.go:75] Wrapped error: Service is already running -- with: valueF failed
[DEBUG Aug  2 07:37:48.113401042, errs.go:75] Wrapped error: valueF failed -- with: Could not store pid
[DEBUG Aug  2 07:37:48.113483823, errors.go:113] Wrapped input error: Could not store pid -- with: A State Service instance is already running in the background.
[DEBUG Aug  2 07:37:48.113498271, errs.go:75] Wrapped error: A State Service instance is already running in the background. -- with: Could not start serviceManager
[DEBUG Aug  2 07:37:48.113625808, client.go:128] Reporting event to 2 reporters: command-exit, state-svc start, 1
[DEBUG Aug  2 07:37:48.472261184, errs.go:75] Wrapped error: <nil> -- with: Could not start serviceManager: A State Service instance is already running in the background.: Could not store pid: valueF failed: Service is already running
[DEBUG Aug  2 07:37:48.472324586, main.go:61] state-svc errored out due to input: Could not start serviceManager: A State Service instance is already running in the background.: Could not store pid: valueF failed: Service is already running
