[DEBUG Aug  2 08:18:04.146191969, defaults.go:273] Args: [/home1/wangfeim/.local/ActiveState/StateTool/release/bin/state-svc start]
[DEBUG Aug  2 08:18:04.161164787, locale.go:38] Init
[DEBUG Aug  2 08:18:04.226556989, errs.go:68] Created error: File could not be found
[DEBUG Aug  2 08:18:04.229644870, errs.go:68] Created error: Not Recognized
[DEBUG Aug  2 08:18:04.254126861, errs.go:68] Created error: Secret not found
[DEBUG Aug  2 08:18:04.254193141, errs.go:68] Created error: Could not save keypair
[DEBUG Aug  2 08:18:04.254467280, errs.go:68] Created error: Build responded with error
[DEBUG Aug  2 08:18:04.254516169, errs.go:68] Created error: Unknown build type
[DEBUG Aug  2 08:18:04.255034190, errors.go:86] Wrapped localized error: <nil> -- with: The installed version of the State Tool Service does not match that of the client.
Please stop the service with [ACTIONABLE]state-svc stop[/RESET] and try your command again.
If this issue persists please reinstall the State Tool.

[DEBUG Aug  2 08:18:04.255054011, errs.go:68] Created error: no data
[DEBUG Aug  2 08:18:04.255082410, errs.go:68] Created error: member not found
[DEBUG Aug  2 08:18:04.255107509, errs.go:68] Created error: Commit count is unknowable
[DEBUG Aug  2 08:18:04.255133818, errs.go:68] Created error: No merge required
[DEBUG Aug  2 08:18:04.255157385, errs.go:68] Created error: Can't merge commit thats already in target commits history
[DEBUG Aug  2 08:18:04.255189917, errs.go:68] Created error: Bad expander name
[DEBUG Aug  2 08:18:04.255217683, errs.go:68] Created error: Expander has no handler
[DEBUG Aug  2 08:18:04.256409876, errs.go:68] Created error: Service is already running
[DEBUG Aug  2 08:18:04.305103394, secrets.go:35] Gcloud Secretmanager failed to initialize (ignore if you're not trying to use gcloud): google: could not find default credentials. See https://developers.google.com/accounts/docs/application-default-credentials for more information.
[DEBUG Aug  2 08:18:04.308497700, output.go:53] Requested outputer for 
[DEBUG Aug  2 08:18:04.308523506, output.go:58] Using Plain outputer
[DEBUG Aug  2 08:18:04.309322042, termutils.go:17] Cannot get terminal size: inappropriate ioctl for device
[DEBUG Aug  2 08:18:04.309396625, client.go:128] Reporting event to 2 reporters: run-command, state-svc start, 
[DEBUG Aug  2 08:18:04.310527330, main.go:107] Running CmdStart
[DEBUG Aug  2 08:18:04.316864800, errs.go:75] Wrapped error: Service is already running -- with: valueF failed
[DEBUG Aug  2 08:18:04.316931091, errs.go:75] Wrapped error: valueF failed -- with: Could not store pid
[DEBUG Aug  2 08:18:04.317007340, errors.go:113] Wrapped input error: Could not store pid -- with: A State Service instance is already running in the background.
[DEBUG Aug  2 08:18:04.317021787, errs.go:75] Wrapped error: A State Service instance is already running in the background. -- with: Could not start serviceManager
[DEBUG Aug  2 08:18:04.317086293, client.go:128] Reporting event to 2 reporters: command-exit, state-svc start, 1
[DEBUG Aug  2 08:18:04.784925042, errs.go:75] Wrapped error: <nil> -- with: Could not start serviceManager: A State Service instance is already running in the background.: Could not store pid: valueF failed: Service is already running
[DEBUG Aug  2 08:18:04.785003868, main.go:61] state-svc errored out due to input: Could not start serviceManager: A State Service instance is already running in the background.: Could not store pid: valueF failed: Service is already running
