[DEBUG Aug  2 07:44:25.409677509, defaults.go:273] Args: [/home1/wangfeim/.local/ActiveState/StateTool/release/bin/state-svc start]
[DEBUG Aug  2 07:44:25.424199058, locale.go:38] Init
[DEBUG Aug  2 07:44:25.498815458, errs.go:68] Created error: File could not be found
[DEBUG Aug  2 07:44:25.501866675, errs.go:68] Created error: Not Recognized
[DEBUG Aug  2 07:44:25.521862233, errs.go:68] Created error: Secret not found
[DEBUG Aug  2 07:44:25.521915660, errs.go:68] Created error: Could not save keypair
[DEBUG Aug  2 07:44:25.522101282, errs.go:68] Created error: Build responded with error
[DEBUG Aug  2 07:44:25.522129693, errs.go:68] Created error: Unknown build type
[DEBUG Aug  2 07:44:25.522241051, errors.go:86] Wrapped localized error: <nil> -- with: The installed version of the State Tool Service does not match that of the client.
Please stop the service with [ACTIONABLE]state-svc stop[/RESET] and try your command again.
If this issue persists please reinstall the State Tool.

[DEBUG Aug  2 07:44:25.522255973, errs.go:68] Created error: no data
[DEBUG Aug  2 07:44:25.522286877, errs.go:68] Created error: member not found
[DEBUG Aug  2 07:44:25.522319771, errs.go:68] Created error: Commit count is unknowable
[DEBUG Aug  2 07:44:25.522343992, errs.go:68] Created error: No merge required
[DEBUG Aug  2 07:44:25.522366552, errs.go:68] Created error: Can't merge commit thats already in target commits history
[DEBUG Aug  2 07:44:25.522390602, errs.go:68] Created error: Bad expander name
[DEBUG Aug  2 07:44:25.522418410, errs.go:68] Created error: Expander has no handler
[DEBUG Aug  2 07:44:25.523577006, errs.go:68] Created error: Service is already running
[DEBUG Aug  2 07:44:25.596062743, secrets.go:35] Gcloud Secretmanager failed to initialize (ignore if you're not trying to use gcloud): google: could not find default credentials. See https://developers.google.com/accounts/docs/application-default-credentials for more information.
[DEBUG Aug  2 07:44:25.599384500, output.go:53] Requested outputer for 
[DEBUG Aug  2 07:44:25.599405505, output.go:58] Using Plain outputer
[DEBUG Aug  2 07:44:25.599461036, termutils.go:17] Cannot get terminal size: inappropriate ioctl for device
[DEBUG Aug  2 07:44:25.599575567, client.go:128] Reporting event to 2 reporters: run-command, state-svc start, 
[DEBUG Aug  2 07:44:25.599654222, main.go:107] Running CmdStart
[DEBUG Aug  2 07:44:25.607202946, errs.go:75] Wrapped error: Service is already running -- with: valueF failed
[DEBUG Aug  2 07:44:25.607292196, errs.go:75] Wrapped error: valueF failed -- with: Could not store pid
[DEBUG Aug  2 07:44:25.607397071, errors.go:113] Wrapped input error: Could not store pid -- with: A State Service instance is already running in the background.
[DEBUG Aug  2 07:44:25.607416768, errs.go:75] Wrapped error: A State Service instance is already running in the background. -- with: Could not start serviceManager
[DEBUG Aug  2 07:44:25.607510432, client.go:128] Reporting event to 2 reporters: command-exit, state-svc start, 1
[DEBUG Aug  2 07:44:25.969980443, errs.go:75] Wrapped error: <nil> -- with: Could not start serviceManager: A State Service instance is already running in the background.: Could not store pid: valueF failed: Service is already running
[DEBUG Aug  2 07:44:25.970048847, main.go:61] state-svc errored out due to input: Could not start serviceManager: A State Service instance is already running in the background.: Could not store pid: valueF failed: Service is already running
