[DEBUG Aug  2 07:33:40.913443843, defaults.go:273] Args: [/home1/wangfeim/.local/ActiveState/StateTool/release/bin/state-svc start]
[DEBUG Aug  2 07:33:40.927141710, locale.go:38] Init
[DEBUG Aug  2 07:33:40.965460485, errs.go:68] Created error: File could not be found
[DEBUG Aug  2 07:33:40.968199197, errs.go:68] Created error: Not Recognized
[DEBUG Aug  2 07:33:40.989201066, errs.go:68] Created error: Secret not found
[DEBUG Aug  2 07:33:40.989248297, errs.go:68] Created error: Could not save keypair
[DEBUG Aug  2 07:33:40.989399190, errs.go:68] Created error: Build responded with error
[DEBUG Aug  2 07:33:40.989424615, errs.go:68] Created error: Unknown build type
[DEBUG Aug  2 07:33:40.989536198, errors.go:86] Wrapped localized error: <nil> -- with: The installed version of the State Tool Service does not match that of the client.
Please stop the service with [ACTIONABLE]state-svc stop[/RESET] and try your command again.
If this issue persists please reinstall the State Tool.

[DEBUG Aug  2 07:33:40.989561577, errs.go:68] Created error: no data
[DEBUG Aug  2 07:33:40.989583726, errs.go:68] Created error: member not found
[DEBUG Aug  2 07:33:40.989609092, errs.go:68] Created error: Commit count is unknowable
[DEBUG Aug  2 07:33:40.989634436, errs.go:68] Created error: No merge required
[DEBUG Aug  2 07:33:40.989654833, errs.go:68] Created error: Can't merge commit thats already in target commits history
[DEBUG Aug  2 07:33:40.989675888, errs.go:68] Created error: Bad expander name
[DEBUG Aug  2 07:33:40.989696162, errs.go:68] Created error: Expander has no handler
[DEBUG Aug  2 07:33:40.990676431, errs.go:68] Created error: Service is already running
[DEBUG Aug  2 07:33:41.016828494, secrets.go:35] Gcloud Secretmanager failed to initialize (ignore if you're not trying to use gcloud): google: could not find default credentials. See https://developers.google.com/accounts/docs/application-default-credentials for more information.
[DEBUG Aug  2 07:33:41.019908903, output.go:53] Requested outputer for 
[DEBUG Aug  2 07:33:41.019928015, output.go:58] Using Plain outputer
[DEBUG Aug  2 07:33:41.019995991, termutils.go:17] Cannot get terminal size: inappropriate ioctl for device
[DEBUG Aug  2 07:33:41.020076268, client.go:128] Reporting event to 2 reporters: run-command, state-svc start, 
[DEBUG Aug  2 07:33:41.020122238, main.go:107] Running CmdStart
[DEBUG Aug  2 07:33:41.025330641, errs.go:75] Wrapped error: Service is already running -- with: valueF failed
[DEBUG Aug  2 07:33:41.025376416, errs.go:75] Wrapped error: valueF failed -- with: Could not store pid
[DEBUG Aug  2 07:33:41.025459966, errors.go:113] Wrapped input error: Could not store pid -- with: A State Service instance is already running in the background.
[DEBUG Aug  2 07:33:41.025473346, errs.go:75] Wrapped error: A State Service instance is already running in the background. -- with: Could not start serviceManager
[DEBUG Aug  2 07:33:41.025552970, client.go:128] Reporting event to 2 reporters: command-exit, state-svc start, 1
[DEBUG Aug  2 07:33:41.352961164, errs.go:75] Wrapped error: <nil> -- with: Could not start serviceManager: A State Service instance is already running in the background.: Could not store pid: valueF failed: Service is already running
[DEBUG Aug  2 07:33:41.353038266, main.go:61] state-svc errored out due to input: Could not start serviceManager: A State Service instance is already running in the background.: Could not store pid: valueF failed: Service is already running
