[DEBUG Aug  2 07:39:50.618621974, defaults.go:273] Args: [/home1/wangfeim/.local/ActiveState/StateTool/release/bin/state-svc start]
[DEBUG Aug  2 07:39:50.632011139, locale.go:38] Init
[DEBUG Aug  2 07:39:50.708853066, errs.go:68] Created error: File could not be found
[DEBUG Aug  2 07:39:50.711951758, errs.go:68] Created error: Not Recognized
[DEBUG Aug  2 07:39:50.731087303, errs.go:68] Created error: Secret not found
[DEBUG Aug  2 07:39:50.731188061, errs.go:68] Created error: Could not save keypair
[DEBUG Aug  2 07:39:50.731639005, errs.go:68] Created error: Build responded with error
[DEBUG Aug  2 07:39:50.731741648, errs.go:68] Created error: Unknown build type
[DEBUG Aug  2 07:39:50.731910575, errors.go:86] Wrapped localized error: <nil> -- with: The installed version of the State Tool Service does not match that of the client.
Please stop the service with [ACTIONABLE]state-svc stop[/RESET] and try your command again.
If this issue persists please reinstall the State Tool.

[DEBUG Aug  2 07:39:50.732016012, errs.go:68] Created error: no data
[DEBUG Aug  2 07:39:50.732181796, errs.go:68] Created error: member not found
[DEBUG Aug  2 07:39:50.732225450, errs.go:68] Created error: Commit count is unknowable
[DEBUG Aug  2 07:39:50.732264056, errs.go:68] Created error: No merge required
[DEBUG Aug  2 07:39:50.732299030, errs.go:68] Created error: Can't merge commit thats already in target commits history
[DEBUG Aug  2 07:39:50.732337410, errs.go:68] Created error: Bad expander name
[DEBUG Aug  2 07:39:50.732430241, errs.go:68] Created error: Expander has no handler
[DEBUG Aug  2 07:39:50.733890318, errs.go:68] Created error: Service is already running
[DEBUG Aug  2 07:39:50.791329155, secrets.go:35] Gcloud Secretmanager failed to initialize (ignore if you're not trying to use gcloud): google: could not find default credentials. See https://developers.google.com/accounts/docs/application-default-credentials for more information.
[DEBUG Aug  2 07:39:50.795413551, output.go:53] Requested outputer for 
[DEBUG Aug  2 07:39:50.795434511, output.go:58] Using Plain outputer
[DEBUG Aug  2 07:39:50.795492109, termutils.go:17] Cannot get terminal size: inappropriate ioctl for device
[DEBUG Aug  2 07:39:50.795619611, client.go:128] Reporting event to 2 reporters: run-command, state-svc start, 
[DEBUG Aug  2 07:39:50.795638553, main.go:107] Running CmdStart
[DEBUG Aug  2 07:39:50.805285944, errs.go:75] Wrapped error: Service is already running -- with: valueF failed
[DEBUG Aug  2 07:39:50.805365890, errs.go:75] Wrapped error: valueF failed -- with: Could not store pid
[DEBUG Aug  2 07:39:50.805438511, errors.go:113] Wrapped input error: Could not store pid -- with: A State Service instance is already running in the background.
[DEBUG Aug  2 07:39:50.805455017, errs.go:75] Wrapped error: A State Service instance is already running in the background. -- with: Could not start serviceManager
[DEBUG Aug  2 07:39:50.805522458, client.go:128] Reporting event to 2 reporters: command-exit, state-svc start, 1
[DEBUG Aug  2 07:39:51.127991382, errs.go:75] Wrapped error: <nil> -- with: Could not start serviceManager: A State Service instance is already running in the background.: Could not store pid: valueF failed: Service is already running
[DEBUG Aug  2 07:39:51.128079730, main.go:61] state-svc errored out due to input: Could not start serviceManager: A State Service instance is already running in the background.: Could not store pid: valueF failed: Service is already running
