[DEBUG Aug  2 08:05:13.917332777, defaults.go:273] Args: [/home1/wangfeim/.local/ActiveState/StateTool/release/bin/state-svc start]
[DEBUG Aug  2 08:05:13.931762624, locale.go:38] Init
[DEBUG Aug  2 08:05:14.155159661, errs.go:68] Created error: File could not be found
[DEBUG Aug  2 08:05:14.158561002, errs.go:68] Created error: Not Recognized
[DEBUG Aug  2 08:05:14.180629461, errs.go:68] Created error: Secret not found
[DEBUG Aug  2 08:05:14.180687398, errs.go:68] Created error: Could not save keypair
[DEBUG Aug  2 08:05:14.180864987, errs.go:68] Created error: Build responded with error
[DEBUG Aug  2 08:05:14.180911436, errs.go:68] Created error: Unknown build type
[DEBUG Aug  2 08:05:14.181029196, errors.go:86] Wrapped localized error: <nil> -- with: The installed version of the State Tool Service does not match that of the client.
Please stop the service with [ACTIONABLE]state-svc stop[/RESET] and try your command again.
If this issue persists please reinstall the State Tool.

[DEBUG Aug  2 08:05:14.181045620, errs.go:68] Created error: no data
[DEBUG Aug  2 08:05:14.181071610, errs.go:68] Created error: member not found
[DEBUG Aug  2 08:05:14.181095879, errs.go:68] Created error: Commit count is unknowable
[DEBUG Aug  2 08:05:14.181119236, errs.go:68] Created error: No merge required
[DEBUG Aug  2 08:05:14.181155572, errs.go:68] Created error: Can't merge commit thats already in target commits history
[DEBUG Aug  2 08:05:14.181201040, errs.go:68] Created error: Bad expander name
[DEBUG Aug  2 08:05:14.181228979, errs.go:68] Created error: Expander has no handler
[DEBUG Aug  2 08:05:14.182659725, errs.go:68] Created error: Service is already running
[DEBUG Aug  2 08:05:14.217893272, secrets.go:35] Gcloud Secretmanager failed to initialize (ignore if you're not trying to use gcloud): google: could not find default credentials. See https://developers.google.com/accounts/docs/application-default-credentials for more information.
[DEBUG Aug  2 08:05:14.226061277, output.go:53] Requested outputer for 
[DEBUG Aug  2 08:05:14.226083575, output.go:58] Using Plain outputer
[DEBUG Aug  2 08:05:14.226198984, termutils.go:17] Cannot get terminal size: inappropriate ioctl for device
[DEBUG Aug  2 08:05:14.226287780, client.go:128] Reporting event to 2 reporters: run-command, state-svc start, 
[DEBUG Aug  2 08:05:14.226361948, main.go:107] Running CmdStart
[DEBUG Aug  2 08:05:14.232455805, errs.go:75] Wrapped error: Service is already running -- with: valueF failed
[DEBUG Aug  2 08:05:14.232522543, errs.go:75] Wrapped error: valueF failed -- with: Could not store pid
[DEBUG Aug  2 08:05:14.232633500, errors.go:113] Wrapped input error: Could not store pid -- with: A State Service instance is already running in the background.
[DEBUG Aug  2 08:05:14.232650269, errs.go:75] Wrapped error: A State Service instance is already running in the background. -- with: Could not start serviceManager
[DEBUG Aug  2 08:05:14.232746126, client.go:128] Reporting event to 2 reporters: command-exit, state-svc start, 1
[DEBUG Aug  2 08:05:14.584915203, errs.go:75] Wrapped error: <nil> -- with: Could not start serviceManager: A State Service instance is already running in the background.: Could not store pid: valueF failed: Service is already running
[DEBUG Aug  2 08:05:14.584981719, main.go:61] state-svc errored out due to input: Could not start serviceManager: A State Service instance is already running in the background.: Could not store pid: valueF failed: Service is already running
