[DEBUG Aug  2 07:45:14.131668635, defaults.go:273] Args: [/home1/wangfeim/.local/ActiveState/StateTool/release/bin/state-svc start]
[DEBUG Aug  2 07:45:14.147527476, locale.go:38] Init
[DEBUG Aug  2 07:45:14.208208119, errs.go:68] Created error: File could not be found
[DEBUG Aug  2 07:45:14.211467532, errs.go:68] Created error: Not Recognized
[DEBUG Aug  2 07:45:14.285694023, errs.go:68] Created error: Secret not found
[DEBUG Aug  2 07:45:14.285751228, errs.go:68] Created error: Could not save keypair
[DEBUG Aug  2 07:45:14.285933336, errs.go:68] Created error: Build responded with error
[DEBUG Aug  2 07:45:14.285965430, errs.go:68] Created error: Unknown build type
[DEBUG Aug  2 07:45:14.286093534, errors.go:86] Wrapped localized error: <nil> -- with: The installed version of the State Tool Service does not match that of the client.
Please stop the service with [ACTIONABLE]state-svc stop[/RESET] and try your command again.
If this issue persists please reinstall the State Tool.

[DEBUG Aug  2 07:45:14.286109588, errs.go:68] Created error: no data
[DEBUG Aug  2 07:45:14.286134808, errs.go:68] Created error: member not found
[DEBUG Aug  2 07:45:14.286167071, errs.go:68] Created error: Commit count is unknowable
[DEBUG Aug  2 07:45:14.286190292, errs.go:68] Created error: No merge required
[DEBUG Aug  2 07:45:14.286220157, errs.go:68] Created error: Can't merge commit thats already in target commits history
[DEBUG Aug  2 07:45:14.286245175, errs.go:68] Created error: Bad expander name
[DEBUG Aug  2 07:45:14.286269574, errs.go:68] Created error: Expander has no handler
[DEBUG Aug  2 07:45:14.287739182, errs.go:68] Created error: Service is already running
[DEBUG Aug  2 07:45:14.317347428, secrets.go:35] Gcloud Secretmanager failed to initialize (ignore if you're not trying to use gcloud): google: could not find default credentials. See https://developers.google.com/accounts/docs/application-default-credentials for more information.
[DEBUG Aug  2 07:45:14.320887462, output.go:53] Requested outputer for 
[DEBUG Aug  2 07:45:14.320910525, output.go:58] Using Plain outputer
[DEBUG Aug  2 07:45:14.320991147, termutils.go:17] Cannot get terminal size: inappropriate ioctl for device
[DEBUG Aug  2 07:45:14.321025494, client.go:128] Reporting event to 2 reporters: run-command, state-svc start, 
[DEBUG Aug  2 07:45:14.321141068, main.go:107] Running CmdStart
[DEBUG Aug  2 07:45:14.326982313, errs.go:75] Wrapped error: Service is already running -- with: valueF failed
[DEBUG Aug  2 07:45:14.327050019, errs.go:75] Wrapped error: valueF failed -- with: Could not store pid
[DEBUG Aug  2 07:45:14.327134577, errors.go:113] Wrapped input error: Could not store pid -- with: A State Service instance is already running in the background.
[DEBUG Aug  2 07:45:14.327149884, errs.go:75] Wrapped error: A State Service instance is already running in the background. -- with: Could not start serviceManager
[DEBUG Aug  2 07:45:14.327254412, client.go:128] Reporting event to 2 reporters: command-exit, state-svc start, 1
[DEBUG Aug  2 07:45:14.693511408, errs.go:75] Wrapped error: <nil> -- with: Could not start serviceManager: A State Service instance is already running in the background.: Could not store pid: valueF failed: Service is already running
[DEBUG Aug  2 07:45:14.693601001, main.go:61] state-svc errored out due to input: Could not start serviceManager: A State Service instance is already running in the background.: Could not store pid: valueF failed: Service is already running
