[DEBUG Aug  2 08:15:18.038226504, defaults.go:273] Args: [/home1/wangfeim/.local/ActiveState/StateTool/release/bin/state-svc start]
[DEBUG Aug  2 08:15:18.051377007, locale.go:38] Init
[DEBUG Aug  2 08:15:18.102716580, errs.go:68] Created error: File could not be found
[DEBUG Aug  2 08:15:18.106153659, errs.go:68] Created error: Not Recognized
[DEBUG Aug  2 08:15:18.128641630, errs.go:68] Created error: Secret not found
[DEBUG Aug  2 08:15:18.128703106, errs.go:68] Created error: Could not save keypair
[DEBUG Aug  2 08:15:18.128893741, errs.go:68] Created error: Build responded with error
[DEBUG Aug  2 08:15:18.128925244, errs.go:68] Created error: Unknown build type
[DEBUG Aug  2 08:15:18.129086602, errors.go:86] Wrapped localized error: <nil> -- with: The installed version of the State Tool Service does not match that of the client.
Please stop the service with [ACTIONABLE]state-svc stop[/RESET] and try your command again.
If this issue persists please reinstall the State Tool.

[DEBUG Aug  2 08:15:18.129103792, errs.go:68] Created error: no data
[DEBUG Aug  2 08:15:18.129130947, errs.go:68] Created error: member not found
[DEBUG Aug  2 08:15:18.129155642, errs.go:68] Created error: Commit count is unknowable
[DEBUG Aug  2 08:15:18.129179983, errs.go:68] Created error: No merge required
[DEBUG Aug  2 08:15:18.129210813, errs.go:68] Created error: Can't merge commit thats already in target commits history
[DEBUG Aug  2 08:15:18.129237691, errs.go:68] Created error: Bad expander name
[DEBUG Aug  2 08:15:18.129262556, errs.go:68] Created error: Expander has no handler
[DEBUG Aug  2 08:15:18.130413910, errs.go:68] Created error: Service is already running
[DEBUG Aug  2 08:15:18.195928197, secrets.go:35] Gcloud Secretmanager failed to initialize (ignore if you're not trying to use gcloud): google: could not find default credentials. See https://developers.google.com/accounts/docs/application-default-credentials for more information.
[DEBUG Aug  2 08:15:18.200229786, output.go:53] Requested outputer for 
[DEBUG Aug  2 08:15:18.200254647, output.go:58] Using Plain outputer
[DEBUG Aug  2 08:15:18.200329389, termutils.go:17] Cannot get terminal size: inappropriate ioctl for device
[DEBUG Aug  2 08:15:18.200406022, client.go:128] Reporting event to 2 reporters: run-command, state-svc start, 
[DEBUG Aug  2 08:15:18.200498764, main.go:107] Running CmdStart
[DEBUG Aug  2 08:15:18.206520945, errs.go:75] Wrapped error: Service is already running -- with: valueF failed
[DEBUG Aug  2 08:15:18.206605312, errs.go:75] Wrapped error: valueF failed -- with: Could not store pid
[DEBUG Aug  2 08:15:18.206692051, errors.go:113] Wrapped input error: Could not store pid -- with: A State Service instance is already running in the background.
[DEBUG Aug  2 08:15:18.206708287, errs.go:75] Wrapped error: A State Service instance is already running in the background. -- with: Could not start serviceManager
[DEBUG Aug  2 08:15:18.206832901, client.go:128] Reporting event to 2 reporters: command-exit, state-svc start, 1
[DEBUG Aug  2 08:15:18.584864004, errs.go:75] Wrapped error: <nil> -- with: Could not start serviceManager: A State Service instance is already running in the background.: Could not store pid: valueF failed: Service is already running
[DEBUG Aug  2 08:15:18.584931696, main.go:61] state-svc errored out due to input: Could not start serviceManager: A State Service instance is already running in the background.: Could not store pid: valueF failed: Service is already running
