[DEBUG Aug  2 08:02:59.641977387, defaults.go:273] Args: [/home1/wangfeim/.local/ActiveState/StateTool/release/bin/state-svc start]
[DEBUG Aug  2 08:02:59.656404223, locale.go:38] Init
[DEBUG Aug  2 08:02:59.727526047, errs.go:68] Created error: File could not be found
[DEBUG Aug  2 08:02:59.730874811, errs.go:68] Created error: Not Recognized
[DEBUG Aug  2 08:02:59.793832704, errs.go:68] Created error: Secret not found
[DEBUG Aug  2 08:02:59.794092454, errs.go:68] Created error: Could not save keypair
[DEBUG Aug  2 08:02:59.794310572, errs.go:68] Created error: Build responded with error
[DEBUG Aug  2 08:02:59.794343882, errs.go:68] Created error: Unknown build type
[DEBUG Aug  2 08:02:59.794478579, errors.go:86] Wrapped localized error: <nil> -- with: The installed version of the State Tool Service does not match that of the client.
Please stop the service with [ACTIONABLE]state-svc stop[/RESET] and try your command again.
If this issue persists please reinstall the State Tool.

[DEBUG Aug  2 08:02:59.794498872, errs.go:68] Created error: no data
[DEBUG Aug  2 08:02:59.794527378, errs.go:68] Created error: member not found
[DEBUG Aug  2 08:02:59.794567216, errs.go:68] Created error: Commit count is unknowable
[DEBUG Aug  2 08:02:59.794594173, errs.go:68] Created error: No merge required
[DEBUG Aug  2 08:02:59.794635960, errs.go:68] Created error: Can't merge commit thats already in target commits history
[DEBUG Aug  2 08:02:59.794660018, errs.go:68] Created error: Bad expander name
[DEBUG Aug  2 08:02:59.794682284, errs.go:68] Created error: Expander has no handler
[DEBUG Aug  2 08:02:59.795899848, errs.go:68] Created error: Service is already running
[DEBUG Aug  2 08:02:59.821796065, secrets.go:35] Gcloud Secretmanager failed to initialize (ignore if you're not trying to use gcloud): google: could not find default credentials. See https://developers.google.com/accounts/docs/application-default-credentials for more information.
[DEBUG Aug  2 08:02:59.825763706, output.go:53] Requested outputer for 
[DEBUG Aug  2 08:02:59.825785156, output.go:58] Using Plain outputer
[DEBUG Aug  2 08:02:59.825844713, termutils.go:17] Cannot get terminal size: inappropriate ioctl for device
[DEBUG Aug  2 08:02:59.825942715, client.go:128] Reporting event to 2 reporters: run-command, state-svc start, 
[DEBUG Aug  2 08:02:59.826025953, main.go:107] Running CmdStart
[DEBUG Aug  2 08:02:59.831705567, errs.go:75] Wrapped error: Service is already running -- with: valueF failed
[DEBUG Aug  2 08:02:59.831761639, errs.go:75] Wrapped error: valueF failed -- with: Could not store pid
[DEBUG Aug  2 08:02:59.831830910, errors.go:113] Wrapped input error: Could not store pid -- with: A State Service instance is already running in the background.
[DEBUG Aug  2 08:02:59.831844844, errs.go:75] Wrapped error: A State Service instance is already running in the background. -- with: Could not start serviceManager
[DEBUG Aug  2 08:02:59.831917082, client.go:128] Reporting event to 2 reporters: command-exit, state-svc start, 1
[DEBUG Aug  2 08:03:00.189765979, errs.go:75] Wrapped error: <nil> -- with: Could not start serviceManager: A State Service instance is already running in the background.: Could not store pid: valueF failed: Service is already running
[DEBUG Aug  2 08:03:00.189852698, main.go:61] state-svc errored out due to input: Could not start serviceManager: A State Service instance is already running in the background.: Could not store pid: valueF failed: Service is already running
