[DEBUG Aug  2 07:49:25.557387275, defaults.go:273] Args: [/home1/wangfeim/.local/ActiveState/StateTool/release/bin/state-svc start]
[DEBUG Aug  2 07:49:25.591297812, locale.go:38] Init
[DEBUG Aug  2 07:49:25.633644935, errs.go:68] Created error: File could not be found
[DEBUG Aug  2 07:49:25.637111497, errs.go:68] Created error: Not Recognized
[DEBUG Aug  2 07:49:25.699279486, errs.go:68] Created error: Secret not found
[DEBUG Aug  2 07:49:25.699331383, errs.go:68] Created error: Could not save keypair
[DEBUG Aug  2 07:49:25.699494333, errs.go:68] Created error: Build responded with error
[DEBUG Aug  2 07:49:25.699520430, errs.go:68] Created error: Unknown build type
[DEBUG Aug  2 07:49:25.699633115, errors.go:86] Wrapped localized error: <nil> -- with: The installed version of the State Tool Service does not match that of the client.
Please stop the service with [ACTIONABLE]state-svc stop[/RESET] and try your command again.
If this issue persists please reinstall the State Tool.

[DEBUG Aug  2 07:49:25.699646099, errs.go:68] Created error: no data
[DEBUG Aug  2 07:49:25.699672164, errs.go:68] Created error: member not found
[DEBUG Aug  2 07:49:25.699693513, errs.go:68] Created error: Commit count is unknowable
[DEBUG Aug  2 07:49:25.699714672, errs.go:68] Created error: No merge required
[DEBUG Aug  2 07:49:25.699734681, errs.go:68] Created error: Can't merge commit thats already in target commits history
[DEBUG Aug  2 07:49:25.699759485, errs.go:68] Created error: Bad expander name
[DEBUG Aug  2 07:49:25.699779990, errs.go:68] Created error: Expander has no handler
[DEBUG Aug  2 07:49:25.700739494, errs.go:68] Created error: Service is already running
[DEBUG Aug  2 07:49:25.728903921, secrets.go:35] Gcloud Secretmanager failed to initialize (ignore if you're not trying to use gcloud): google: could not find default credentials. See https://developers.google.com/accounts/docs/application-default-credentials for more information.
[DEBUG Aug  2 07:49:25.732449455, output.go:53] Requested outputer for 
[DEBUG Aug  2 07:49:25.732472504, output.go:58] Using Plain outputer
[DEBUG Aug  2 07:49:25.732567765, termutils.go:17] Cannot get terminal size: inappropriate ioctl for device
[DEBUG Aug  2 07:49:25.732668737, client.go:128] Reporting event to 2 reporters: run-command, state-svc start, 
[DEBUG Aug  2 07:49:25.732777499, main.go:107] Running CmdStart
[DEBUG Aug  2 07:49:25.739854006, errs.go:75] Wrapped error: Service is already running -- with: valueF failed
[DEBUG Aug  2 07:49:25.739935186, errs.go:75] Wrapped error: valueF failed -- with: Could not store pid
[DEBUG Aug  2 07:49:25.740393568, errors.go:113] Wrapped input error: Could not store pid -- with: A State Service instance is already running in the background.
[DEBUG Aug  2 07:49:25.740431290, errs.go:75] Wrapped error: A State Service instance is already running in the background. -- with: Could not start serviceManager
[DEBUG Aug  2 07:49:25.740563942, client.go:128] Reporting event to 2 reporters: command-exit, state-svc start, 1
[DEBUG Aug  2 07:49:26.106172719, errs.go:75] Wrapped error: <nil> -- with: Could not start serviceManager: A State Service instance is already running in the background.: Could not store pid: valueF failed: Service is already running
[DEBUG Aug  2 07:49:26.106243331, main.go:61] state-svc errored out due to input: Could not start serviceManager: A State Service instance is already running in the background.: Could not store pid: valueF failed: Service is already running
