[DEBUG Aug  2 07:52:19.970570800, defaults.go:273] Args: [/home1/wangfeim/.local/ActiveState/StateTool/release/bin/state-svc start]
[DEBUG Aug  2 07:52:19.990111642, locale.go:38] Init
[DEBUG Aug  2 07:52:20.032041941, errs.go:68] Created error: File could not be found
[DEBUG Aug  2 07:52:20.034831313, errs.go:68] Created error: Not Recognized
[DEBUG Aug  2 07:52:20.055605831, errs.go:68] Created error: Secret not found
[DEBUG Aug  2 07:52:20.055659628, errs.go:68] Created error: Could not save keypair
[DEBUG Aug  2 07:52:20.055837703, errs.go:68] Created error: Build responded with error
[DEBUG Aug  2 07:52:20.055865512, errs.go:68] Created error: Unknown build type
[DEBUG Aug  2 07:52:20.056000813, errors.go:86] Wrapped localized error: <nil> -- with: The installed version of the State Tool Service does not match that of the client.
Please stop the service with [ACTIONABLE]state-svc stop[/RESET] and try your command again.
If this issue persists please reinstall the State Tool.

[DEBUG Aug  2 07:52:20.056016720, errs.go:68] Created error: no data
[DEBUG Aug  2 07:52:20.056041859, errs.go:68] Created error: member not found
[DEBUG Aug  2 07:52:20.056065164, errs.go:68] Created error: Commit count is unknowable
[DEBUG Aug  2 07:52:20.056089207, errs.go:68] Created error: No merge required
[DEBUG Aug  2 07:52:20.056119016, errs.go:68] Created error: Can't merge commit thats already in target commits history
[DEBUG Aug  2 07:52:20.056143902, errs.go:68] Created error: Bad expander name
[DEBUG Aug  2 07:52:20.056168041, errs.go:68] Created error: Expander has no handler
[DEBUG Aug  2 07:52:20.057243658, errs.go:68] Created error: Service is already running
[DEBUG Aug  2 07:52:20.108814951, secrets.go:35] Gcloud Secretmanager failed to initialize (ignore if you're not trying to use gcloud): google: could not find default credentials. See https://developers.google.com/accounts/docs/application-default-credentials for more information.
[DEBUG Aug  2 07:52:20.111958218, output.go:53] Requested outputer for 
[DEBUG Aug  2 07:52:20.111980164, output.go:58] Using Plain outputer
[DEBUG Aug  2 07:52:20.112052644, termutils.go:17] Cannot get terminal size: inappropriate ioctl for device
[DEBUG Aug  2 07:52:20.112137547, client.go:128] Reporting event to 2 reporters: run-command, state-svc start, 
[DEBUG Aug  2 07:52:20.112275686, main.go:107] Running CmdStart
[DEBUG Aug  2 07:52:20.117948373, errs.go:75] Wrapped error: Service is already running -- with: valueF failed
[DEBUG Aug  2 07:52:20.118023608, errs.go:75] Wrapped error: valueF failed -- with: Could not store pid
[DEBUG Aug  2 07:52:20.118102900, errors.go:113] Wrapped input error: Could not store pid -- with: A State Service instance is already running in the background.
[DEBUG Aug  2 07:52:20.118117388, errs.go:75] Wrapped error: A State Service instance is already running in the background. -- with: Could not start serviceManager
[DEBUG Aug  2 07:52:20.118220226, client.go:128] Reporting event to 2 reporters: command-exit, state-svc start, 1
[DEBUG Aug  2 07:52:20.483102960, errs.go:75] Wrapped error: <nil> -- with: Could not start serviceManager: A State Service instance is already running in the background.: Could not store pid: valueF failed: Service is already running
[DEBUG Aug  2 07:52:20.483188116, main.go:61] state-svc errored out due to input: Could not start serviceManager: A State Service instance is already running in the background.: Could not store pid: valueF failed: Service is already running
