[DEBUG Mar  8 14:14:19.140783347, defaults.go:273] Args: [/home1/wangfeim/.local/ActiveState/StateTool/release/bin/state-svc start]
[DEBUG Mar  8 14:14:19.155139018, locale.go:38] Init
[DEBUG Mar  8 14:14:19.193538931, errs.go:68] Created error: File could not be found
[DEBUG Mar  8 14:14:19.198480044, errs.go:68] Created error: Not Recognized
[DEBUG Mar  8 14:14:19.215392834, errs.go:68] Created error: Secret not found
[DEBUG Mar  8 14:14:19.215432194, errs.go:68] Created error: Could not save keypair
[DEBUG Mar  8 14:14:19.215593003, errs.go:68] Created error: Build responded with error
[DEBUG Mar  8 14:14:19.215633816, errs.go:68] Created error: Unknown build type
[DEBUG Mar  8 14:14:19.215743786, errors.go:86] Wrapped localized error: <nil> -- with: The installed version of the State Tool Service does not match that of the client.
Please stop the service with [ACTIONABLE]state-svc stop[/RESET] and try your command again.
If this issue persists please reinstall the State Tool.

[DEBUG Mar  8 14:14:19.215760331, errs.go:68] Created error: no data
[DEBUG Mar  8 14:14:19.215787518, errs.go:68] Created error: member not found
[DEBUG Mar  8 14:14:19.215807813, errs.go:68] Created error: Commit count is unknowable
[DEBUG Mar  8 14:14:19.215831706, errs.go:68] Created error: No merge required
[DEBUG Mar  8 14:14:19.215850447, errs.go:68] Created error: Can't merge commit thats already in target commits history
[DEBUG Mar  8 14:14:19.215879228, errs.go:68] Created error: Bad expander name
[DEBUG Mar  8 14:14:19.215902227, errs.go:68] Created error: Expander has no handler
[DEBUG Mar  8 14:14:19.216939720, errs.go:68] Created error: Service is already running
[DEBUG Mar  8 14:14:19.245786633, secrets.go:35] Gcloud Secretmanager failed to initialize (ignore if you're not trying to use gcloud): google: could not find default credentials. See https://developers.google.com/accounts/docs/application-default-credentials for more information.
[DEBUG Mar  8 14:14:19.249525668, output.go:53] Requested outputer for 
[DEBUG Mar  8 14:14:19.249541686, output.go:58] Using Plain outputer
[DEBUG Mar  8 14:14:19.249597864, termutils.go:17] Cannot get terminal size: inappropriate ioctl for device
[DEBUG Mar  8 14:14:19.249676988, client.go:128] Reporting event to 2 reporters: run-command, state-svc start, 
[DEBUG Mar  8 14:14:19.249735012, main.go:107] Running CmdStart
[DEBUG Mar  8 14:14:19.255758142, errs.go:75] Wrapped error: Service is already running -- with: valueF failed
[DEBUG Mar  8 14:14:19.255826627, errs.go:75] Wrapped error: valueF failed -- with: Could not store pid
[DEBUG Mar  8 14:14:19.255902570, errors.go:113] Wrapped input error: Could not store pid -- with: A State Service instance is already running in the background.
[DEBUG Mar  8 14:14:19.255915467, errs.go:75] Wrapped error: A State Service instance is already running in the background. -- with: Could not start serviceManager
[DEBUG Mar  8 14:14:19.256005920, client.go:128] Reporting event to 2 reporters: command-exit, state-svc start, 1
[DEBUG Mar  8 14:14:19.622786180, errs.go:75] Wrapped error: <nil> -- with: Could not start serviceManager: A State Service instance is already running in the background.: Could not store pid: valueF failed: Service is already running
[DEBUG Mar  8 14:14:19.622848979, main.go:61] state-svc errored out due to input: Could not start serviceManager: A State Service instance is already running in the background.: Could not store pid: valueF failed: Service is already running
