[DEBUG Aug  2 07:49:06.708994325, defaults.go:273] Args: [/home1/wangfeim/.local/ActiveState/StateTool/release/bin/state-svc start]
[DEBUG Aug  2 07:49:06.722379426, locale.go:38] Init
[DEBUG Aug  2 07:49:06.797224984, errs.go:68] Created error: File could not be found
[DEBUG Aug  2 07:49:06.800038009, errs.go:68] Created error: Not Recognized
[DEBUG Aug  2 07:49:06.820489159, errs.go:68] Created error: Secret not found
[DEBUG Aug  2 07:49:06.820548662, errs.go:68] Created error: Could not save keypair
[DEBUG Aug  2 07:49:06.820730523, errs.go:68] Created error: Build responded with error
[DEBUG Aug  2 07:49:06.820765040, errs.go:68] Created error: Unknown build type
[DEBUG Aug  2 07:49:06.820878833, errors.go:86] Wrapped localized error: <nil> -- with: The installed version of the State Tool Service does not match that of the client.
Please stop the service with [ACTIONABLE]state-svc stop[/RESET] and try your command again.
If this issue persists please reinstall the State Tool.

[DEBUG Aug  2 07:49:06.820894032, errs.go:68] Created error: no data
[DEBUG Aug  2 07:49:06.820916938, errs.go:68] Created error: member not found
[DEBUG Aug  2 07:49:06.820948268, errs.go:68] Created error: Commit count is unknowable
[DEBUG Aug  2 07:49:06.820969962, errs.go:68] Created error: No merge required
[DEBUG Aug  2 07:49:06.820990693, errs.go:68] Created error: Can't merge commit thats already in target commits history
[DEBUG Aug  2 07:49:06.821029680, errs.go:68] Created error: Bad expander name
[DEBUG Aug  2 07:49:06.821058332, errs.go:68] Created error: Expander has no handler
[DEBUG Aug  2 07:49:06.822345407, errs.go:68] Created error: Service is already running
[DEBUG Aug  2 07:49:06.850083495, secrets.go:35] Gcloud Secretmanager failed to initialize (ignore if you're not trying to use gcloud): google: could not find default credentials. See https://developers.google.com/accounts/docs/application-default-credentials for more information.
[DEBUG Aug  2 07:49:06.887187158, output.go:53] Requested outputer for 
[DEBUG Aug  2 07:49:06.887213702, output.go:58] Using Plain outputer
[DEBUG Aug  2 07:49:06.887289599, termutils.go:17] Cannot get terminal size: inappropriate ioctl for device
[DEBUG Aug  2 07:49:06.887393543, client.go:128] Reporting event to 2 reporters: run-command, state-svc start, 
[DEBUG Aug  2 07:49:06.887441934, main.go:107] Running CmdStart
[DEBUG Aug  2 07:49:06.893159718, errs.go:75] Wrapped error: Service is already running -- with: valueF failed
[DEBUG Aug  2 07:49:06.893217944, errs.go:75] Wrapped error: valueF failed -- with: Could not store pid
[DEBUG Aug  2 07:49:06.893291687, errors.go:113] Wrapped input error: Could not store pid -- with: A State Service instance is already running in the background.
[DEBUG Aug  2 07:49:06.893306495, errs.go:75] Wrapped error: A State Service instance is already running in the background. -- with: Could not start serviceManager
[DEBUG Aug  2 07:49:06.893386325, client.go:128] Reporting event to 2 reporters: command-exit, state-svc start, 1
[DEBUG Aug  2 07:49:07.222241330, errs.go:75] Wrapped error: <nil> -- with: Could not start serviceManager: A State Service instance is already running in the background.: Could not store pid: valueF failed: Service is already running
[DEBUG Aug  2 07:49:07.222330140, main.go:61] state-svc errored out due to input: Could not start serviceManager: A State Service instance is already running in the background.: Could not store pid: valueF failed: Service is already running
