[DEBUG Aug  2 08:01:43.016058268, defaults.go:273] Args: [/home1/wangfeim/.local/ActiveState/StateTool/release/bin/state-svc start]
[DEBUG Aug  2 08:01:43.031173648, locale.go:38] Init
[DEBUG Aug  2 08:01:43.099584954, errs.go:68] Created error: File could not be found
[DEBUG Aug  2 08:01:43.102569295, errs.go:68] Created error: Not Recognized
[DEBUG Aug  2 08:01:43.122714097, errs.go:68] Created error: Secret not found
[DEBUG Aug  2 08:01:43.122764280, errs.go:68] Created error: Could not save keypair
[DEBUG Aug  2 08:01:43.122934490, errs.go:68] Created error: Build responded with error
[DEBUG Aug  2 08:01:43.122965886, errs.go:68] Created error: Unknown build type
[DEBUG Aug  2 08:01:43.123077432, errors.go:86] Wrapped localized error: <nil> -- with: The installed version of the State Tool Service does not match that of the client.
Please stop the service with [ACTIONABLE]state-svc stop[/RESET] and try your command again.
If this issue persists please reinstall the State Tool.

[DEBUG Aug  2 08:01:43.123089846, errs.go:68] Created error: no data
[DEBUG Aug  2 08:01:43.123113175, errs.go:68] Created error: member not found
[DEBUG Aug  2 08:01:43.123135055, errs.go:68] Created error: Commit count is unknowable
[DEBUG Aug  2 08:01:43.123157093, errs.go:68] Created error: No merge required
[DEBUG Aug  2 08:01:43.123181085, errs.go:68] Created error: Can't merge commit thats already in target commits history
[DEBUG Aug  2 08:01:43.123203765, errs.go:68] Created error: Bad expander name
[DEBUG Aug  2 08:01:43.123226430, errs.go:68] Created error: Expander has no handler
[DEBUG Aug  2 08:01:43.125088699, errs.go:68] Created error: Service is already running
[DEBUG Aug  2 08:01:43.197859977, secrets.go:35] Gcloud Secretmanager failed to initialize (ignore if you're not trying to use gcloud): google: could not find default credentials. See https://developers.google.com/accounts/docs/application-default-credentials for more information.
[DEBUG Aug  2 08:01:43.201454209, output.go:53] Requested outputer for 
[DEBUG Aug  2 08:01:43.201478640, output.go:58] Using Plain outputer
[DEBUG Aug  2 08:01:43.201584978, termutils.go:17] Cannot get terminal size: inappropriate ioctl for device
[DEBUG Aug  2 08:01:43.201823564, main.go:107] Running CmdStart
[DEBUG Aug  2 08:01:43.201826086, client.go:128] Reporting event to 2 reporters: run-command, state-svc start, 
[DEBUG Aug  2 08:01:43.209179178, errs.go:75] Wrapped error: Service is already running -- with: valueF failed
[DEBUG Aug  2 08:01:43.209239632, errs.go:75] Wrapped error: valueF failed -- with: Could not store pid
[DEBUG Aug  2 08:01:43.209321761, errors.go:113] Wrapped input error: Could not store pid -- with: A State Service instance is already running in the background.
[DEBUG Aug  2 08:01:43.209336683, errs.go:75] Wrapped error: A State Service instance is already running in the background. -- with: Could not start serviceManager
[DEBUG Aug  2 08:01:43.209406787, client.go:128] Reporting event to 2 reporters: command-exit, state-svc start, 1
[DEBUG Aug  2 08:01:43.565905900, errs.go:75] Wrapped error: <nil> -- with: Could not start serviceManager: A State Service instance is already running in the background.: Could not store pid: valueF failed: Service is already running
[DEBUG Aug  2 08:01:43.565965859, main.go:61] state-svc errored out due to input: Could not start serviceManager: A State Service instance is already running in the background.: Could not store pid: valueF failed: Service is already running
