[DEBUG Aug  2 08:02:12.029902049, defaults.go:273] Args: [/home1/wangfeim/.local/ActiveState/StateTool/release/bin/state-svc start]
[DEBUG Aug  2 08:02:12.043495536, locale.go:38] Init
[DEBUG Aug  2 08:02:12.103058364, errs.go:68] Created error: File could not be found
[DEBUG Aug  2 08:02:12.105921498, errs.go:68] Created error: Not Recognized
[DEBUG Aug  2 08:02:12.128644412, errs.go:68] Created error: Secret not found
[DEBUG Aug  2 08:02:12.128700991, errs.go:68] Created error: Could not save keypair
[DEBUG Aug  2 08:02:12.128877877, errs.go:68] Created error: Build responded with error
[DEBUG Aug  2 08:02:12.128914606, errs.go:68] Created error: Unknown build type
[DEBUG Aug  2 08:02:12.129039617, errors.go:86] Wrapped localized error: <nil> -- with: The installed version of the State Tool Service does not match that of the client.
Please stop the service with [ACTIONABLE]state-svc stop[/RESET] and try your command again.
If this issue persists please reinstall the State Tool.

[DEBUG Aug  2 08:02:12.129054335, errs.go:68] Created error: no data
[DEBUG Aug  2 08:02:12.129085540, errs.go:68] Created error: member not found
[DEBUG Aug  2 08:02:12.129113610, errs.go:68] Created error: Commit count is unknowable
[DEBUG Aug  2 08:02:12.129137802, errs.go:68] Created error: No merge required
[DEBUG Aug  2 08:02:12.129161788, errs.go:68] Created error: Can't merge commit thats already in target commits history
[DEBUG Aug  2 08:02:12.129188552, errs.go:68] Created error: Bad expander name
[DEBUG Aug  2 08:02:12.129212021, errs.go:68] Created error: Expander has no handler
[DEBUG Aug  2 08:02:12.130307239, errs.go:68] Created error: Service is already running
[DEBUG Aug  2 08:02:12.196233015, secrets.go:35] Gcloud Secretmanager failed to initialize (ignore if you're not trying to use gcloud): google: could not find default credentials. See https://developers.google.com/accounts/docs/application-default-credentials for more information.
[DEBUG Aug  2 08:02:12.200139661, output.go:53] Requested outputer for 
[DEBUG Aug  2 08:02:12.200165506, output.go:58] Using Plain outputer
[DEBUG Aug  2 08:02:12.200254623, termutils.go:17] Cannot get terminal size: inappropriate ioctl for device
[DEBUG Aug  2 08:02:12.200355629, client.go:128] Reporting event to 2 reporters: run-command, state-svc start, 
[DEBUG Aug  2 08:02:12.200415922, main.go:107] Running CmdStart
[DEBUG Aug  2 08:02:12.206962796, errs.go:75] Wrapped error: Service is already running -- with: valueF failed
[DEBUG Aug  2 08:02:12.207042820, errs.go:75] Wrapped error: valueF failed -- with: Could not store pid
[DEBUG Aug  2 08:02:12.207157825, errors.go:113] Wrapped input error: Could not store pid -- with: A State Service instance is already running in the background.
[DEBUG Aug  2 08:02:12.207190287, errs.go:75] Wrapped error: A State Service instance is already running in the background. -- with: Could not start serviceManager
[DEBUG Aug  2 08:02:12.207297675, client.go:128] Reporting event to 2 reporters: command-exit, state-svc start, 1
[DEBUG Aug  2 08:02:12.584969981, errs.go:75] Wrapped error: <nil> -- with: Could not start serviceManager: A State Service instance is already running in the background.: Could not store pid: valueF failed: Service is already running
[DEBUG Aug  2 08:02:12.585025761, main.go:61] state-svc errored out due to input: Could not start serviceManager: A State Service instance is already running in the background.: Could not store pid: valueF failed: Service is already running
