[DEBUG Aug  2 08:08:54.500322009, defaults.go:273] Args: [/home1/wangfeim/.local/ActiveState/StateTool/release/bin/state-svc start]
[DEBUG Aug  2 08:08:54.513676716, locale.go:38] Init
[DEBUG Aug  2 08:08:54.554215540, errs.go:68] Created error: File could not be found
[DEBUG Aug  2 08:08:54.557228713, errs.go:68] Created error: Not Recognized
[DEBUG Aug  2 08:08:54.584738114, errs.go:68] Created error: Secret not found
[DEBUG Aug  2 08:08:54.584964630, errs.go:68] Created error: Could not save keypair
[DEBUG Aug  2 08:08:54.585378036, errs.go:68] Created error: Build responded with error
[DEBUG Aug  2 08:08:54.585411128, errs.go:68] Created error: Unknown build type
[DEBUG Aug  2 08:08:54.585531201, errors.go:86] Wrapped localized error: <nil> -- with: The installed version of the State Tool Service does not match that of the client.
Please stop the service with [ACTIONABLE]state-svc stop[/RESET] and try your command again.
If this issue persists please reinstall the State Tool.

[DEBUG Aug  2 08:08:54.585555501, errs.go:68] Created error: no data
[DEBUG Aug  2 08:08:54.585584349, errs.go:68] Created error: member not found
[DEBUG Aug  2 08:08:54.585612740, errs.go:68] Created error: Commit count is unknowable
[DEBUG Aug  2 08:08:54.585639086, errs.go:68] Created error: No merge required
[DEBUG Aug  2 08:08:54.585663081, errs.go:68] Created error: Can't merge commit thats already in target commits history
[DEBUG Aug  2 08:08:54.585694298, errs.go:68] Created error: Bad expander name
[DEBUG Aug  2 08:08:54.585717261, errs.go:68] Created error: Expander has no handler
[DEBUG Aug  2 08:08:54.586822033, errs.go:68] Created error: Service is already running
[DEBUG Aug  2 08:08:54.618078488, secrets.go:35] Gcloud Secretmanager failed to initialize (ignore if you're not trying to use gcloud): google: could not find default credentials. See https://developers.google.com/accounts/docs/application-default-credentials for more information.
[DEBUG Aug  2 08:08:54.621506184, output.go:53] Requested outputer for 
[DEBUG Aug  2 08:08:54.621528918, output.go:58] Using Plain outputer
[DEBUG Aug  2 08:08:54.621599992, termutils.go:17] Cannot get terminal size: inappropriate ioctl for device
[DEBUG Aug  2 08:08:54.621697429, client.go:128] Reporting event to 2 reporters: run-command, state-svc start, 
[DEBUG Aug  2 08:08:54.621739930, main.go:107] Running CmdStart
[DEBUG Aug  2 08:08:54.627612032, errs.go:75] Wrapped error: Service is already running -- with: valueF failed
[DEBUG Aug  2 08:08:54.627671149, errs.go:75] Wrapped error: valueF failed -- with: Could not store pid
[DEBUG Aug  2 08:08:54.627752385, errors.go:113] Wrapped input error: Could not store pid -- with: A State Service instance is already running in the background.
[DEBUG Aug  2 08:08:54.627766527, errs.go:75] Wrapped error: A State Service instance is already running in the background. -- with: Could not start serviceManager
[DEBUG Aug  2 08:08:54.627830572, client.go:128] Reporting event to 2 reporters: command-exit, state-svc start, 1
[DEBUG Aug  2 08:08:54.985072434, errs.go:75] Wrapped error: <nil> -- with: Could not start serviceManager: A State Service instance is already running in the background.: Could not store pid: valueF failed: Service is already running
[DEBUG Aug  2 08:08:54.985150083, main.go:61] state-svc errored out due to input: Could not start serviceManager: A State Service instance is already running in the background.: Could not store pid: valueF failed: Service is already running
