[DEBUG Aug  2 07:38:53.725784197, defaults.go:273] Args: [/home1/wangfeim/.local/ActiveState/StateTool/release/bin/state-svc start]
[DEBUG Aug  2 07:38:53.739559675, locale.go:38] Init
[DEBUG Aug  2 07:38:53.817657815, errs.go:68] Created error: File could not be found
[DEBUG Aug  2 07:38:53.820662691, errs.go:68] Created error: Not Recognized
[DEBUG Aug  2 07:38:53.841805400, errs.go:68] Created error: Secret not found
[DEBUG Aug  2 07:38:53.841854409, errs.go:68] Created error: Could not save keypair
[DEBUG Aug  2 07:38:53.842015982, errs.go:68] Created error: Build responded with error
[DEBUG Aug  2 07:38:53.842043192, errs.go:68] Created error: Unknown build type
[DEBUG Aug  2 07:38:53.842156554, errors.go:86] Wrapped localized error: <nil> -- with: The installed version of the State Tool Service does not match that of the client.
Please stop the service with [ACTIONABLE]state-svc stop[/RESET] and try your command again.
If this issue persists please reinstall the State Tool.

[DEBUG Aug  2 07:38:53.842170912, errs.go:68] Created error: no data
[DEBUG Aug  2 07:38:53.842194940, errs.go:68] Created error: member not found
[DEBUG Aug  2 07:38:53.842215865, errs.go:68] Created error: Commit count is unknowable
[DEBUG Aug  2 07:38:53.842243817, errs.go:68] Created error: No merge required
[DEBUG Aug  2 07:38:53.842276607, errs.go:68] Created error: Can't merge commit thats already in target commits history
[DEBUG Aug  2 07:38:53.842300339, errs.go:68] Created error: Bad expander name
[DEBUG Aug  2 07:38:53.842321387, errs.go:68] Created error: Expander has no handler
[DEBUG Aug  2 07:38:53.843312015, errs.go:68] Created error: Service is already running
[DEBUG Aug  2 07:38:53.892813824, secrets.go:35] Gcloud Secretmanager failed to initialize (ignore if you're not trying to use gcloud): google: could not find default credentials. See https://developers.google.com/accounts/docs/application-default-credentials for more information.
[DEBUG Aug  2 07:38:53.895918496, output.go:53] Requested outputer for 
[DEBUG Aug  2 07:38:53.895946326, output.go:58] Using Plain outputer
[DEBUG Aug  2 07:38:53.896005061, termutils.go:17] Cannot get terminal size: inappropriate ioctl for device
[DEBUG Aug  2 07:38:53.896147230, main.go:107] Running CmdStart
[DEBUG Aug  2 07:38:53.896185657, client.go:128] Reporting event to 2 reporters: run-command, state-svc start, 
[DEBUG Aug  2 07:38:53.901426027, errs.go:75] Wrapped error: Service is already running -- with: valueF failed
[DEBUG Aug  2 07:38:53.901481529, errs.go:75] Wrapped error: valueF failed -- with: Could not store pid
[DEBUG Aug  2 07:38:53.901560089, errors.go:113] Wrapped input error: Could not store pid -- with: A State Service instance is already running in the background.
[DEBUG Aug  2 07:38:53.901577619, errs.go:75] Wrapped error: A State Service instance is already running in the background. -- with: Could not start serviceManager
[DEBUG Aug  2 07:38:53.901660492, client.go:128] Reporting event to 2 reporters: command-exit, state-svc start, 1
[DEBUG Aug  2 07:38:54.256875189, errs.go:75] Wrapped error: <nil> -- with: Could not start serviceManager: A State Service instance is already running in the background.: Could not store pid: valueF failed: Service is already running
[DEBUG Aug  2 07:38:54.256941040, main.go:61] state-svc errored out due to input: Could not start serviceManager: A State Service instance is already running in the background.: Could not store pid: valueF failed: Service is already running
