[DEBUG Aug  2 07:36:29.150921244, defaults.go:273] Args: [/home1/wangfeim/.local/ActiveState/StateTool/release/bin/state-svc start]
[DEBUG Aug  2 07:36:29.198050181, locale.go:38] Init
[DEBUG Aug  2 07:36:29.289226261, errs.go:68] Created error: File could not be found
[DEBUG Aug  2 07:36:29.292642281, errs.go:68] Created error: Not Recognized
[DEBUG Aug  2 07:36:29.313269923, errs.go:68] Created error: Secret not found
[DEBUG Aug  2 07:36:29.313322335, errs.go:68] Created error: Could not save keypair
[DEBUG Aug  2 07:36:29.313504794, errs.go:68] Created error: Build responded with error
[DEBUG Aug  2 07:36:29.313545954, errs.go:68] Created error: Unknown build type
[DEBUG Aug  2 07:36:29.313658955, errors.go:86] Wrapped localized error: <nil> -- with: The installed version of the State Tool Service does not match that of the client.
Please stop the service with [ACTIONABLE]state-svc stop[/RESET] and try your command again.
If this issue persists please reinstall the State Tool.

[DEBUG Aug  2 07:36:29.313673135, errs.go:68] Created error: no data
[DEBUG Aug  2 07:36:29.313699248, errs.go:68] Created error: member not found
[DEBUG Aug  2 07:36:29.313723785, errs.go:68] Created error: Commit count is unknowable
[DEBUG Aug  2 07:36:29.313757553, errs.go:68] Created error: No merge required
[DEBUG Aug  2 07:36:29.313781330, errs.go:68] Created error: Can't merge commit thats already in target commits history
[DEBUG Aug  2 07:36:29.313808778, errs.go:68] Created error: Bad expander name
[DEBUG Aug  2 07:36:29.313832579, errs.go:68] Created error: Expander has no handler
[DEBUG Aug  2 07:36:29.315124949, errs.go:68] Created error: Service is already running
[DEBUG Aug  2 07:36:29.343458562, secrets.go:35] Gcloud Secretmanager failed to initialize (ignore if you're not trying to use gcloud): google: could not find default credentials. See https://developers.google.com/accounts/docs/application-default-credentials for more information.
[DEBUG Aug  2 07:36:29.346870979, output.go:53] Requested outputer for 
[DEBUG Aug  2 07:36:29.346895024, output.go:58] Using Plain outputer
[DEBUG Aug  2 07:36:29.346957844, termutils.go:17] Cannot get terminal size: inappropriate ioctl for device
[DEBUG Aug  2 07:36:29.347042594, client.go:128] Reporting event to 2 reporters: run-command, state-svc start, 
[DEBUG Aug  2 07:36:29.347173113, main.go:107] Running CmdStart
[DEBUG Aug  2 07:36:29.386423901, errs.go:75] Wrapped error: Service is already running -- with: valueF failed
[DEBUG Aug  2 07:36:29.386490206, errs.go:75] Wrapped error: valueF failed -- with: Could not store pid
[DEBUG Aug  2 07:36:29.386580478, errors.go:113] Wrapped input error: Could not store pid -- with: A State Service instance is already running in the background.
[DEBUG Aug  2 07:36:29.386596345, errs.go:75] Wrapped error: A State Service instance is already running in the background. -- with: Could not start serviceManager
[DEBUG Aug  2 07:36:29.386672701, client.go:128] Reporting event to 2 reporters: command-exit, state-svc start, 1
[DEBUG Aug  2 07:36:29.728085457, errs.go:75] Wrapped error: <nil> -- with: Could not start serviceManager: A State Service instance is already running in the background.: Could not store pid: valueF failed: Service is already running
[DEBUG Aug  2 07:36:29.728152714, main.go:61] state-svc errored out due to input: Could not start serviceManager: A State Service instance is already running in the background.: Could not store pid: valueF failed: Service is already running
