[DEBUG Mar  8 22:49:02.796833786, defaults.go:273] Args: [/home1/wangfeim/.local/ActiveState/StateTool/release/bin/state-svc start]
[DEBUG Mar  8 22:49:02.807789177, locale.go:38] Init
[DEBUG Mar  8 22:49:02.842568631, errs.go:68] Created error: File could not be found
[DEBUG Mar  8 22:49:02.844908739, errs.go:68] Created error: Not Recognized
[DEBUG Mar  8 22:49:02.861731919, errs.go:68] Created error: Secret not found
[DEBUG Mar  8 22:49:02.861764899, errs.go:68] Created error: Could not save keypair
[DEBUG Mar  8 22:49:02.862232183, errs.go:68] Created error: Build responded with error
[DEBUG Mar  8 22:49:02.862271263, errs.go:68] Created error: Unknown build type
[DEBUG Mar  8 22:49:02.862474133, errors.go:86] Wrapped localized error: <nil> -- with: The installed version of the State Tool Service does not match that of the client.
Please stop the service with [ACTIONABLE]state-svc stop[/RESET] and try your command again.
If this issue persists please reinstall the State Tool.

[DEBUG Mar  8 22:49:02.862499687, errs.go:68] Created error: no data
[DEBUG Mar  8 22:49:02.862536963, errs.go:68] Created error: member not found
[DEBUG Mar  8 22:49:02.862585016, errs.go:68] Created error: Commit count is unknowable
[DEBUG Mar  8 22:49:02.862614464, errs.go:68] Created error: No merge required
[DEBUG Mar  8 22:49:02.862651226, errs.go:68] Created error: Can't merge commit thats already in target commits history
[DEBUG Mar  8 22:49:02.862695514, errs.go:68] Created error: Bad expander name
[DEBUG Mar  8 22:49:02.862798055, errs.go:68] Created error: Expander has no handler
[DEBUG Mar  8 22:49:02.864177669, errs.go:68] Created error: Service is already running
[DEBUG Mar  8 22:49:02.886614671, secrets.go:35] Gcloud Secretmanager failed to initialize (ignore if you're not trying to use gcloud): google: could not find default credentials. See https://developers.google.com/accounts/docs/application-default-credentials for more information.
[DEBUG Mar  8 22:49:02.889971356, output.go:53] Requested outputer for 
[DEBUG Mar  8 22:49:02.889985365, output.go:58] Using Plain outputer
[DEBUG Mar  8 22:49:02.890031178, termutils.go:17] Cannot get terminal size: inappropriate ioctl for device
[DEBUG Mar  8 22:49:02.890109634, client.go:128] Reporting event to 2 reporters: run-command, state-svc start, 
[DEBUG Mar  8 22:49:02.890128193, main.go:107] Running CmdStart
[DEBUG Mar  8 22:49:02.897007853, errs.go:75] Wrapped error: Service is already running -- with: valueF failed
[DEBUG Mar  8 22:49:02.897056344, errs.go:75] Wrapped error: valueF failed -- with: Could not store pid
[DEBUG Mar  8 22:49:02.897119933, errors.go:113] Wrapped input error: Could not store pid -- with: A State Service instance is already running in the background.
[DEBUG Mar  8 22:49:02.897129819, errs.go:75] Wrapped error: A State Service instance is already running in the background. -- with: Could not start serviceManager
[DEBUG Mar  8 22:49:02.897208517, client.go:128] Reporting event to 2 reporters: command-exit, state-svc start, 1
[DEBUG Mar  8 22:49:03.250909824, errs.go:75] Wrapped error: <nil> -- with: Could not start serviceManager: A State Service instance is already running in the background.: Could not store pid: valueF failed: Service is already running
[DEBUG Mar  8 22:49:03.250956956, main.go:61] state-svc errored out due to input: Could not start serviceManager: A State Service instance is already running in the background.: Could not store pid: valueF failed: Service is already running
