[DEBUG Aug  2 08:02:04.345803352, defaults.go:273] Args: [/home1/wangfeim/.local/ActiveState/StateTool/release/bin/state-svc start]
[DEBUG Aug  2 08:02:04.359994449, locale.go:38] Init
[DEBUG Aug  2 08:02:04.539010423, errs.go:68] Created error: File could not be found
[DEBUG Aug  2 08:02:04.542277180, errs.go:68] Created error: Not Recognized
[DEBUG Aug  2 08:02:04.566716136, errs.go:68] Created error: Secret not found
[DEBUG Aug  2 08:02:04.566774957, errs.go:68] Created error: Could not save keypair
[DEBUG Aug  2 08:02:04.566953357, errs.go:68] Created error: Build responded with error
[DEBUG Aug  2 08:02:04.566982435, errs.go:68] Created error: Unknown build type
[DEBUG Aug  2 08:02:04.567117915, errors.go:86] Wrapped localized error: <nil> -- with: The installed version of the State Tool Service does not match that of the client.
Please stop the service with [ACTIONABLE]state-svc stop[/RESET] and try your command again.
If this issue persists please reinstall the State Tool.

[DEBUG Aug  2 08:02:04.567133824, errs.go:68] Created error: no data
[DEBUG Aug  2 08:02:04.567164834, errs.go:68] Created error: member not found
[DEBUG Aug  2 08:02:04.567195068, errs.go:68] Created error: Commit count is unknowable
[DEBUG Aug  2 08:02:04.567220350, errs.go:68] Created error: No merge required
[DEBUG Aug  2 08:02:04.567243442, errs.go:68] Created error: Can't merge commit thats already in target commits history
[DEBUG Aug  2 08:02:04.567274083, errs.go:68] Created error: Bad expander name
[DEBUG Aug  2 08:02:04.567301625, errs.go:68] Created error: Expander has no handler
[DEBUG Aug  2 08:02:04.568649492, errs.go:68] Created error: Service is already running
[DEBUG Aug  2 08:02:04.601134375, secrets.go:35] Gcloud Secretmanager failed to initialize (ignore if you're not trying to use gcloud): google: could not find default credentials. See https://developers.google.com/accounts/docs/application-default-credentials for more information.
[DEBUG Aug  2 08:02:04.605193481, output.go:53] Requested outputer for 
[DEBUG Aug  2 08:02:04.605229941, output.go:58] Using Plain outputer
[DEBUG Aug  2 08:02:04.605323759, termutils.go:17] Cannot get terminal size: inappropriate ioctl for device
[DEBUG Aug  2 08:02:04.605356144, client.go:128] Reporting event to 2 reporters: run-command, state-svc start, 
[DEBUG Aug  2 08:02:04.605509279, main.go:107] Running CmdStart
[DEBUG Aug  2 08:02:04.611601533, errs.go:75] Wrapped error: Service is already running -- with: valueF failed
[DEBUG Aug  2 08:02:04.611673909, errs.go:75] Wrapped error: valueF failed -- with: Could not store pid
[DEBUG Aug  2 08:02:04.611760107, errors.go:113] Wrapped input error: Could not store pid -- with: A State Service instance is already running in the background.
[DEBUG Aug  2 08:02:04.611774842, errs.go:75] Wrapped error: A State Service instance is already running in the background. -- with: Could not start serviceManager
[DEBUG Aug  2 08:02:04.611851659, client.go:128] Reporting event to 2 reporters: command-exit, state-svc start, 1
[DEBUG Aug  2 08:02:04.978778711, errs.go:75] Wrapped error: <nil> -- with: Could not start serviceManager: A State Service instance is already running in the background.: Could not store pid: valueF failed: Service is already running
[DEBUG Aug  2 08:02:04.978861382, main.go:61] state-svc errored out due to input: Could not start serviceManager: A State Service instance is already running in the background.: Could not store pid: valueF failed: Service is already running
