[DEBUG Sep 20 17:23:20.208903939, defaults.go:273] Args: [/home1/wangfeim/.local/ActiveState/StateTool/release/bin/state-svc start]
[DEBUG Sep 20 17:23:20.221901822, locale.go:38] Init
[DEBUG Sep 20 17:23:20.259352424, errs.go:68] Created error: File could not be found
[DEBUG Sep 20 17:23:20.262123766, errs.go:68] Created error: Not Recognized
[DEBUG Sep 20 17:23:20.283866404, errs.go:68] Created error: Secret not found
[DEBUG Sep 20 17:23:20.283941475, errs.go:68] Created error: Could not save keypair
[DEBUG Sep 20 17:23:20.284250248, errs.go:68] Created error: Build responded with error
[DEBUG Sep 20 17:23:20.284294512, errs.go:68] Created error: Unknown build type
[DEBUG Sep 20 17:23:20.284475633, errors.go:86] Wrapped localized error: <nil> -- with: The installed version of the State Tool Service does not match that of the client.
Please stop the service with [ACTIONABLE]state-svc stop[/RESET] and try your command again.
If this issue persists please reinstall the State Tool.

[DEBUG Sep 20 17:23:20.284527388, errs.go:68] Created error: no data
[DEBUG Sep 20 17:23:20.284744171, errs.go:68] Created error: member not found
[DEBUG Sep 20 17:23:20.284784153, errs.go:68] Created error: Commit count is unknowable
[DEBUG Sep 20 17:23:20.284831937, errs.go:68] Created error: No merge required
[DEBUG Sep 20 17:23:20.284861831, errs.go:68] Created error: Can't merge commit thats already in target commits history
[DEBUG Sep 20 17:23:20.284892633, errs.go:68] Created error: Bad expander name
[DEBUG Sep 20 17:23:20.284921899, errs.go:68] Created error: Expander has no handler
[DEBUG Sep 20 17:23:20.286045781, errs.go:68] Created error: Service is already running
[DEBUG Sep 20 17:23:20.311734805, secrets.go:35] Gcloud Secretmanager failed to initialize (ignore if you're not trying to use gcloud): google: could not find default credentials. See https://developers.google.com/accounts/docs/application-default-credentials for more information.
[DEBUG Sep 20 17:23:20.316213927, output.go:53] Requested outputer for 
[DEBUG Sep 20 17:23:20.316241297, output.go:58] Using Plain outputer
[DEBUG Sep 20 17:23:20.316324165, termutils.go:17] Cannot get terminal size: inappropriate ioctl for device
[DEBUG Sep 20 17:23:20.316441739, client.go:128] Reporting event to 2 reporters: run-command, state-svc start, 
[DEBUG Sep 20 17:23:20.316481308, main.go:107] Running CmdStart
[DEBUG Sep 20 17:23:20.321993557, errs.go:75] Wrapped error: Service is already running -- with: valueF failed
[DEBUG Sep 20 17:23:20.322042608, errs.go:75] Wrapped error: valueF failed -- with: Could not store pid
[DEBUG Sep 20 17:23:20.322103649, errors.go:113] Wrapped input error: Could not store pid -- with: A State Service instance is already running in the background.
[DEBUG Sep 20 17:23:20.322117133, errs.go:75] Wrapped error: A State Service instance is already running in the background. -- with: Could not start serviceManager
[DEBUG Sep 20 17:23:20.322169919, client.go:128] Reporting event to 2 reporters: command-exit, state-svc start, 1
[DEBUG Sep 20 17:23:20.664812959, errs.go:75] Wrapped error: <nil> -- with: Could not start serviceManager: A State Service instance is already running in the background.: Could not store pid: valueF failed: Service is already running
[DEBUG Sep 20 17:23:20.664889487, main.go:61] state-svc errored out due to input: Could not start serviceManager: A State Service instance is already running in the background.: Could not store pid: valueF failed: Service is already running
