[DEBUG Aug  2 07:51:43.102731893, defaults.go:273] Args: [/home1/wangfeim/.local/ActiveState/StateTool/release/bin/state-svc start]
[DEBUG Aug  2 07:51:43.116847281, locale.go:38] Init
[DEBUG Aug  2 07:51:43.193333786, errs.go:68] Created error: File could not be found
[DEBUG Aug  2 07:51:43.196368197, errs.go:68] Created error: Not Recognized
[DEBUG Aug  2 07:51:43.217915972, errs.go:68] Created error: Secret not found
[DEBUG Aug  2 07:51:43.217969404, errs.go:68] Created error: Could not save keypair
[DEBUG Aug  2 07:51:43.218129210, errs.go:68] Created error: Build responded with error
[DEBUG Aug  2 07:51:43.218154851, errs.go:68] Created error: Unknown build type
[DEBUG Aug  2 07:51:43.218276963, errors.go:86] Wrapped localized error: <nil> -- with: The installed version of the State Tool Service does not match that of the client.
Please stop the service with [ACTIONABLE]state-svc stop[/RESET] and try your command again.
If this issue persists please reinstall the State Tool.

[DEBUG Aug  2 07:51:43.218292020, errs.go:68] Created error: no data
[DEBUG Aug  2 07:51:43.218314205, errs.go:68] Created error: member not found
[DEBUG Aug  2 07:51:43.218334889, errs.go:68] Created error: Commit count is unknowable
[DEBUG Aug  2 07:51:43.218360159, errs.go:68] Created error: No merge required
[DEBUG Aug  2 07:51:43.218385947, errs.go:68] Created error: Can't merge commit thats already in target commits history
[DEBUG Aug  2 07:51:43.218414346, errs.go:68] Created error: Bad expander name
[DEBUG Aug  2 07:51:43.218436430, errs.go:68] Created error: Expander has no handler
[DEBUG Aug  2 07:51:43.219583270, errs.go:68] Created error: Service is already running
[DEBUG Aug  2 07:51:43.288180183, secrets.go:35] Gcloud Secretmanager failed to initialize (ignore if you're not trying to use gcloud): google: could not find default credentials. See https://developers.google.com/accounts/docs/application-default-credentials for more information.
[DEBUG Aug  2 07:51:43.291978599, output.go:53] Requested outputer for 
[DEBUG Aug  2 07:51:43.291998472, output.go:58] Using Plain outputer
[DEBUG Aug  2 07:51:43.292067998, termutils.go:17] Cannot get terminal size: inappropriate ioctl for device
[DEBUG Aug  2 07:51:43.292145742, client.go:128] Reporting event to 2 reporters: run-command, state-svc start, 
[DEBUG Aug  2 07:51:43.292221111, main.go:107] Running CmdStart
[DEBUG Aug  2 07:51:43.298551780, errs.go:75] Wrapped error: Service is already running -- with: valueF failed
[DEBUG Aug  2 07:51:43.298633123, errs.go:75] Wrapped error: valueF failed -- with: Could not store pid
[DEBUG Aug  2 07:51:43.298711328, errors.go:113] Wrapped input error: Could not store pid -- with: A State Service instance is already running in the background.
[DEBUG Aug  2 07:51:43.298726850, errs.go:75] Wrapped error: A State Service instance is already running in the background. -- with: Could not start serviceManager
[DEBUG Aug  2 07:51:43.298835017, client.go:128] Reporting event to 2 reporters: command-exit, state-svc start, 1
[DEBUG Aug  2 07:51:43.629165289, errs.go:75] Wrapped error: <nil> -- with: Could not start serviceManager: A State Service instance is already running in the background.: Could not store pid: valueF failed: Service is already running
[DEBUG Aug  2 07:51:43.629226481, main.go:61] state-svc errored out due to input: Could not start serviceManager: A State Service instance is already running in the background.: Could not store pid: valueF failed: Service is already running
