[DEBUG Aug  2 07:44:45.796652291, defaults.go:273] Args: [/home1/wangfeim/.local/ActiveState/StateTool/release/bin/state-svc start]
[DEBUG Aug  2 07:44:45.810181194, locale.go:38] Init
[DEBUG Aug  2 07:44:45.847385088, errs.go:68] Created error: File could not be found
[DEBUG Aug  2 07:44:45.850838559, errs.go:68] Created error: Not Recognized
[DEBUG Aug  2 07:44:45.899237512, errs.go:68] Created error: Secret not found
[DEBUG Aug  2 07:44:45.899285819, errs.go:68] Created error: Could not save keypair
[DEBUG Aug  2 07:44:45.899444295, errs.go:68] Created error: Build responded with error
[DEBUG Aug  2 07:44:45.899478152, errs.go:68] Created error: Unknown build type
[DEBUG Aug  2 07:44:45.899584202, errors.go:86] Wrapped localized error: <nil> -- with: The installed version of the State Tool Service does not match that of the client.
Please stop the service with [ACTIONABLE]state-svc stop[/RESET] and try your command again.
If this issue persists please reinstall the State Tool.

[DEBUG Aug  2 07:44:45.899598010, errs.go:68] Created error: no data
[DEBUG Aug  2 07:44:45.899619502, errs.go:68] Created error: member not found
[DEBUG Aug  2 07:44:45.899642757, errs.go:68] Created error: Commit count is unknowable
[DEBUG Aug  2 07:44:45.899667422, errs.go:68] Created error: No merge required
[DEBUG Aug  2 07:44:45.899688664, errs.go:68] Created error: Can't merge commit thats already in target commits history
[DEBUG Aug  2 07:44:45.899710182, errs.go:68] Created error: Bad expander name
[DEBUG Aug  2 07:44:45.899734323, errs.go:68] Created error: Expander has no handler
[DEBUG Aug  2 07:44:45.900790718, errs.go:68] Created error: Service is already running
[DEBUG Aug  2 07:44:45.928439873, secrets.go:35] Gcloud Secretmanager failed to initialize (ignore if you're not trying to use gcloud): google: could not find default credentials. See https://developers.google.com/accounts/docs/application-default-credentials for more information.
[DEBUG Aug  2 07:44:45.931974480, output.go:53] Requested outputer for 
[DEBUG Aug  2 07:44:45.931996195, output.go:58] Using Plain outputer
[DEBUG Aug  2 07:44:45.932063568, termutils.go:17] Cannot get terminal size: inappropriate ioctl for device
[DEBUG Aug  2 07:44:45.932152352, client.go:128] Reporting event to 2 reporters: run-command, state-svc start, 
[DEBUG Aug  2 07:44:45.932199483, main.go:107] Running CmdStart
[DEBUG Aug  2 07:44:45.937958065, errs.go:75] Wrapped error: Service is already running -- with: valueF failed
[DEBUG Aug  2 07:44:45.938031962, errs.go:75] Wrapped error: valueF failed -- with: Could not store pid
[DEBUG Aug  2 07:44:45.938101122, errors.go:113] Wrapped input error: Could not store pid -- with: A State Service instance is already running in the background.
[DEBUG Aug  2 07:44:45.938115320, errs.go:75] Wrapped error: A State Service instance is already running in the background. -- with: Could not start serviceManager
[DEBUG Aug  2 07:44:45.938195253, client.go:128] Reporting event to 2 reporters: command-exit, state-svc start, 1
[DEBUG Aug  2 07:44:46.286746694, errs.go:75] Wrapped error: <nil> -- with: Could not start serviceManager: A State Service instance is already running in the background.: Could not store pid: valueF failed: Service is already running
[DEBUG Aug  2 07:44:46.286815616, main.go:61] state-svc errored out due to input: Could not start serviceManager: A State Service instance is already running in the background.: Could not store pid: valueF failed: Service is already running
