[DEBUG Aug  2 08:15:11.440274951, defaults.go:273] Args: [/home1/wangfeim/.local/ActiveState/StateTool/release/bin/state-svc start]
[DEBUG Aug  2 08:15:11.454434343, locale.go:38] Init
[DEBUG Aug  2 08:15:11.500967324, errs.go:68] Created error: File could not be found
[DEBUG Aug  2 08:15:11.504189906, errs.go:68] Created error: Not Recognized
[DEBUG Aug  2 08:15:11.524574474, errs.go:68] Created error: Secret not found
[DEBUG Aug  2 08:15:11.524622820, errs.go:68] Created error: Could not save keypair
[DEBUG Aug  2 08:15:11.525841543, errs.go:68] Created error: Build responded with error
[DEBUG Aug  2 08:15:11.526033431, errs.go:68] Created error: Unknown build type
[DEBUG Aug  2 08:15:11.526324657, errors.go:86] Wrapped localized error: <nil> -- with: The installed version of the State Tool Service does not match that of the client.
Please stop the service with [ACTIONABLE]state-svc stop[/RESET] and try your command again.
If this issue persists please reinstall the State Tool.

[DEBUG Aug  2 08:15:11.526563744, errs.go:68] Created error: no data
[DEBUG Aug  2 08:15:11.526721707, errs.go:68] Created error: member not found
[DEBUG Aug  2 08:15:11.526836718, errs.go:68] Created error: Commit count is unknowable
[DEBUG Aug  2 08:15:11.526893088, errs.go:68] Created error: No merge required
[DEBUG Aug  2 08:15:11.527121028, errs.go:68] Created error: Can't merge commit thats already in target commits history
[DEBUG Aug  2 08:15:11.527154501, errs.go:68] Created error: Bad expander name
[DEBUG Aug  2 08:15:11.527180607, errs.go:68] Created error: Expander has no handler
[DEBUG Aug  2 08:15:11.528173653, errs.go:68] Created error: Service is already running
[DEBUG Aug  2 08:15:11.586262920, secrets.go:35] Gcloud Secretmanager failed to initialize (ignore if you're not trying to use gcloud): google: could not find default credentials. See https://developers.google.com/accounts/docs/application-default-credentials for more information.
[DEBUG Aug  2 08:15:11.589625859, output.go:53] Requested outputer for 
[DEBUG Aug  2 08:15:11.589651041, output.go:58] Using Plain outputer
[DEBUG Aug  2 08:15:11.589716080, termutils.go:17] Cannot get terminal size: inappropriate ioctl for device
[DEBUG Aug  2 08:15:11.589857514, client.go:128] Reporting event to 2 reporters: run-command, state-svc start, 
[DEBUG Aug  2 08:15:11.589865260, main.go:107] Running CmdStart
[DEBUG Aug  2 08:15:11.595678573, errs.go:75] Wrapped error: Service is already running -- with: valueF failed
[DEBUG Aug  2 08:15:11.595741840, errs.go:75] Wrapped error: valueF failed -- with: Could not store pid
[DEBUG Aug  2 08:15:11.595825519, errors.go:113] Wrapped input error: Could not store pid -- with: A State Service instance is already running in the background.
[DEBUG Aug  2 08:15:11.595841304, errs.go:75] Wrapped error: A State Service instance is already running in the background. -- with: Could not start serviceManager
[DEBUG Aug  2 08:15:11.595908063, client.go:128] Reporting event to 2 reporters: command-exit, state-svc start, 1
[DEBUG Aug  2 08:15:11.922195417, errs.go:75] Wrapped error: <nil> -- with: Could not start serviceManager: A State Service instance is already running in the background.: Could not store pid: valueF failed: Service is already running
[DEBUG Aug  2 08:15:11.922262501, main.go:61] state-svc errored out due to input: Could not start serviceManager: A State Service instance is already running in the background.: Could not store pid: valueF failed: Service is already running
