[DEBUG Aug  2 07:40:31.740079374, defaults.go:273] Args: [/home1/wangfeim/.local/ActiveState/StateTool/release/bin/state-svc start]
[DEBUG Aug  2 07:40:31.753745241, locale.go:38] Init
[DEBUG Aug  2 07:40:31.813852885, errs.go:68] Created error: File could not be found
[DEBUG Aug  2 07:40:31.816998854, errs.go:68] Created error: Not Recognized
[DEBUG Aug  2 07:40:31.837145224, errs.go:68] Created error: Secret not found
[DEBUG Aug  2 07:40:31.837196604, errs.go:68] Created error: Could not save keypair
[DEBUG Aug  2 07:40:31.837382728, errs.go:68] Created error: Build responded with error
[DEBUG Aug  2 07:40:31.837411128, errs.go:68] Created error: Unknown build type
[DEBUG Aug  2 07:40:31.837520781, errors.go:86] Wrapped localized error: <nil> -- with: The installed version of the State Tool Service does not match that of the client.
Please stop the service with [ACTIONABLE]state-svc stop[/RESET] and try your command again.
If this issue persists please reinstall the State Tool.

[DEBUG Aug  2 07:40:31.837534655, errs.go:68] Created error: no data
[DEBUG Aug  2 07:40:31.837564036, errs.go:68] Created error: member not found
[DEBUG Aug  2 07:40:31.837593920, errs.go:68] Created error: Commit count is unknowable
[DEBUG Aug  2 07:40:31.837615687, errs.go:68] Created error: No merge required
[DEBUG Aug  2 07:40:31.837643604, errs.go:68] Created error: Can't merge commit thats already in target commits history
[DEBUG Aug  2 07:40:31.837665855, errs.go:68] Created error: Bad expander name
[DEBUG Aug  2 07:40:31.837688538, errs.go:68] Created error: Expander has no handler
[DEBUG Aug  2 07:40:31.838931454, errs.go:68] Created error: Service is already running
[DEBUG Aug  2 07:40:31.903288798, secrets.go:35] Gcloud Secretmanager failed to initialize (ignore if you're not trying to use gcloud): google: could not find default credentials. See https://developers.google.com/accounts/docs/application-default-credentials for more information.
[DEBUG Aug  2 07:40:31.909063390, output.go:53] Requested outputer for 
[DEBUG Aug  2 07:40:31.909086940, output.go:58] Using Plain outputer
[DEBUG Aug  2 07:40:31.909179077, termutils.go:17] Cannot get terminal size: inappropriate ioctl for device
[DEBUG Aug  2 07:40:31.909274897, client.go:128] Reporting event to 2 reporters: run-command, state-svc start, 
[DEBUG Aug  2 07:40:31.909398929, main.go:107] Running CmdStart
[DEBUG Aug  2 07:40:31.915679954, errs.go:75] Wrapped error: Service is already running -- with: valueF failed
[DEBUG Aug  2 07:40:31.915737845, errs.go:75] Wrapped error: valueF failed -- with: Could not store pid
[DEBUG Aug  2 07:40:31.915818058, errors.go:113] Wrapped input error: Could not store pid -- with: A State Service instance is already running in the background.
[DEBUG Aug  2 07:40:31.915831053, errs.go:75] Wrapped error: A State Service instance is already running in the background. -- with: Could not start serviceManager
[DEBUG Aug  2 07:40:31.915888849, client.go:128] Reporting event to 2 reporters: command-exit, state-svc start, 1
[DEBUG Aug  2 07:40:32.285083204, errs.go:75] Wrapped error: <nil> -- with: Could not start serviceManager: A State Service instance is already running in the background.: Could not store pid: valueF failed: Service is already running
[DEBUG Aug  2 07:40:32.285186243, main.go:61] state-svc errored out due to input: Could not start serviceManager: A State Service instance is already running in the background.: Could not store pid: valueF failed: Service is already running
