[DEBUG Aug  2 07:40:11.540567199, defaults.go:273] Args: [/home1/wangfeim/.local/ActiveState/StateTool/release/bin/state-svc start]
[DEBUG Aug  2 07:40:11.554365690, locale.go:38] Init
[DEBUG Aug  2 07:40:11.666746298, errs.go:68] Created error: File could not be found
[DEBUG Aug  2 07:40:11.670129068, errs.go:68] Created error: Not Recognized
[DEBUG Aug  2 07:40:11.694142793, errs.go:68] Created error: Secret not found
[DEBUG Aug  2 07:40:11.694204606, errs.go:68] Created error: Could not save keypair
[DEBUG Aug  2 07:40:11.694402086, errs.go:68] Created error: Build responded with error
[DEBUG Aug  2 07:40:11.694432479, errs.go:68] Created error: Unknown build type
[DEBUG Aug  2 07:40:11.694571434, errors.go:86] Wrapped localized error: <nil> -- with: The installed version of the State Tool Service does not match that of the client.
Please stop the service with [ACTIONABLE]state-svc stop[/RESET] and try your command again.
If this issue persists please reinstall the State Tool.

[DEBUG Aug  2 07:40:11.694588777, errs.go:68] Created error: no data
[DEBUG Aug  2 07:40:11.694613646, errs.go:68] Created error: member not found
[DEBUG Aug  2 07:40:11.694638230, errs.go:68] Created error: Commit count is unknowable
[DEBUG Aug  2 07:40:11.694666493, errs.go:68] Created error: No merge required
[DEBUG Aug  2 07:40:11.694690124, errs.go:68] Created error: Can't merge commit thats already in target commits history
[DEBUG Aug  2 07:40:11.694716882, errs.go:68] Created error: Bad expander name
[DEBUG Aug  2 07:40:11.694742149, errs.go:68] Created error: Expander has no handler
[DEBUG Aug  2 07:40:11.695863460, errs.go:68] Created error: Service is already running
[DEBUG Aug  2 07:40:11.729111816, secrets.go:35] Gcloud Secretmanager failed to initialize (ignore if you're not trying to use gcloud): google: could not find default credentials. See https://developers.google.com/accounts/docs/application-default-credentials for more information.
[DEBUG Aug  2 07:40:11.733980729, output.go:53] Requested outputer for 
[DEBUG Aug  2 07:40:11.734007580, output.go:58] Using Plain outputer
[DEBUG Aug  2 07:40:11.734097374, termutils.go:17] Cannot get terminal size: inappropriate ioctl for device
[DEBUG Aug  2 07:40:11.734249580, main.go:107] Running CmdStart
[DEBUG Aug  2 07:40:11.734251762, client.go:128] Reporting event to 2 reporters: run-command, state-svc start, 
[DEBUG Aug  2 07:40:11.788504372, errs.go:75] Wrapped error: Service is already running -- with: valueF failed
[DEBUG Aug  2 07:40:11.788581487, errs.go:75] Wrapped error: valueF failed -- with: Could not store pid
[DEBUG Aug  2 07:40:11.788655468, errors.go:113] Wrapped input error: Could not store pid -- with: A State Service instance is already running in the background.
[DEBUG Aug  2 07:40:11.788670395, errs.go:75] Wrapped error: A State Service instance is already running in the background. -- with: Could not start serviceManager
[DEBUG Aug  2 07:40:11.788756493, client.go:128] Reporting event to 2 reporters: command-exit, state-svc start, 1
[DEBUG Aug  2 07:40:12.148702040, errs.go:75] Wrapped error: <nil> -- with: Could not start serviceManager: A State Service instance is already running in the background.: Could not store pid: valueF failed: Service is already running
[DEBUG Aug  2 07:40:12.148771528, main.go:61] state-svc errored out due to input: Could not start serviceManager: A State Service instance is already running in the background.: Could not store pid: valueF failed: Service is already running
