[DEBUG Aug  2 07:43:39.330366618, defaults.go:273] Args: [/home1/wangfeim/.local/ActiveState/StateTool/release/bin/state-svc start]
[DEBUG Aug  2 07:43:39.345982924, locale.go:38] Init
[DEBUG Aug  2 07:43:39.404445358, errs.go:68] Created error: File could not be found
[DEBUG Aug  2 07:43:39.407358798, errs.go:68] Created error: Not Recognized
[DEBUG Aug  2 07:43:39.428165629, errs.go:68] Created error: Secret not found
[DEBUG Aug  2 07:43:39.428217636, errs.go:68] Created error: Could not save keypair
[DEBUG Aug  2 07:43:39.428393484, errs.go:68] Created error: Build responded with error
[DEBUG Aug  2 07:43:39.428424279, errs.go:68] Created error: Unknown build type
[DEBUG Aug  2 07:43:39.428559656, errors.go:86] Wrapped localized error: <nil> -- with: The installed version of the State Tool Service does not match that of the client.
Please stop the service with [ACTIONABLE]state-svc stop[/RESET] and try your command again.
If this issue persists please reinstall the State Tool.

[DEBUG Aug  2 07:43:39.428577402, errs.go:68] Created error: no data
[DEBUG Aug  2 07:43:39.428603228, errs.go:68] Created error: member not found
[DEBUG Aug  2 07:43:39.428633104, errs.go:68] Created error: Commit count is unknowable
[DEBUG Aug  2 07:43:39.428655584, errs.go:68] Created error: No merge required
[DEBUG Aug  2 07:43:39.428679043, errs.go:68] Created error: Can't merge commit thats already in target commits history
[DEBUG Aug  2 07:43:39.428702905, errs.go:68] Created error: Bad expander name
[DEBUG Aug  2 07:43:39.428725151, errs.go:68] Created error: Expander has no handler
[DEBUG Aug  2 07:43:39.429683162, errs.go:68] Created error: Service is already running
[DEBUG Aug  2 07:43:39.488653595, secrets.go:35] Gcloud Secretmanager failed to initialize (ignore if you're not trying to use gcloud): google: could not find default credentials. See https://developers.google.com/accounts/docs/application-default-credentials for more information.
[DEBUG Aug  2 07:43:39.492460246, output.go:53] Requested outputer for 
[DEBUG Aug  2 07:43:39.492482169, output.go:58] Using Plain outputer
[DEBUG Aug  2 07:43:39.492571271, termutils.go:17] Cannot get terminal size: inappropriate ioctl for device
[DEBUG Aug  2 07:43:39.492652773, client.go:128] Reporting event to 2 reporters: run-command, state-svc start, 
[DEBUG Aug  2 07:43:39.492712646, main.go:107] Running CmdStart
[DEBUG Aug  2 07:43:39.498296771, errs.go:75] Wrapped error: Service is already running -- with: valueF failed
[DEBUG Aug  2 07:43:39.498354987, errs.go:75] Wrapped error: valueF failed -- with: Could not store pid
[DEBUG Aug  2 07:43:39.498424501, errors.go:113] Wrapped input error: Could not store pid -- with: A State Service instance is already running in the background.
[DEBUG Aug  2 07:43:39.498442936, errs.go:75] Wrapped error: A State Service instance is already running in the background. -- with: Could not start serviceManager
[DEBUG Aug  2 07:43:39.498573306, client.go:128] Reporting event to 2 reporters: command-exit, state-svc start, 1
[DEBUG Aug  2 07:43:39.885368231, errs.go:75] Wrapped error: <nil> -- with: Could not start serviceManager: A State Service instance is already running in the background.: Could not store pid: valueF failed: Service is already running
[DEBUG Aug  2 07:43:39.885463537, main.go:61] state-svc errored out due to input: Could not start serviceManager: A State Service instance is already running in the background.: Could not store pid: valueF failed: Service is already running
