[DEBUG Jun  2 20:45:01.238090780, defaults.go:273] Args: [/home1/wangfeim/.local/ActiveState/StateTool/release/bin/state-svc start]
[DEBUG Jun  2 20:45:01.248869731, locale.go:38] Init
[DEBUG Jun  2 20:45:01.293115194, errs.go:68] Created error: File could not be found
[DEBUG Jun  2 20:45:01.295552397, errs.go:68] Created error: Not Recognized
[DEBUG Jun  2 20:45:01.312437384, errs.go:68] Created error: Secret not found
[DEBUG Jun  2 20:45:01.312478155, errs.go:68] Created error: Could not save keypair
[DEBUG Jun  2 20:45:01.312624972, errs.go:68] Created error: Build responded with error
[DEBUG Jun  2 20:45:01.312648540, errs.go:68] Created error: Unknown build type
[DEBUG Jun  2 20:45:01.312737452, errors.go:86] Wrapped localized error: <nil> -- with: The installed version of the State Tool Service does not match that of the client.
Please stop the service with [ACTIONABLE]state-svc stop[/RESET] and try your command again.
If this issue persists please reinstall the State Tool.

[DEBUG Jun  2 20:45:01.312748780, errs.go:68] Created error: no data
[DEBUG Jun  2 20:45:01.312769494, errs.go:68] Created error: member not found
[DEBUG Jun  2 20:45:01.312794068, errs.go:68] Created error: Commit count is unknowable
[DEBUG Jun  2 20:45:01.312812044, errs.go:68] Created error: No merge required
[DEBUG Jun  2 20:45:01.312830397, errs.go:68] Created error: Can't merge commit thats already in target commits history
[DEBUG Jun  2 20:45:01.312849282, errs.go:68] Created error: Bad expander name
[DEBUG Jun  2 20:45:01.312867071, errs.go:68] Created error: Expander has no handler
[DEBUG Jun  2 20:45:01.313614083, errs.go:68] Created error: Service is already running
[DEBUG Jun  2 20:45:01.336011538, secrets.go:35] Gcloud Secretmanager failed to initialize (ignore if you're not trying to use gcloud): google: could not find default credentials. See https://developers.google.com/accounts/docs/application-default-credentials for more information.
[DEBUG Jun  2 20:45:01.338747609, output.go:53] Requested outputer for 
[DEBUG Jun  2 20:45:01.338765546, output.go:58] Using Plain outputer
[DEBUG Jun  2 20:45:01.338834215, termutils.go:17] Cannot get terminal size: inappropriate ioctl for device
[DEBUG Jun  2 20:45:01.338913537, client.go:128] Reporting event to 2 reporters: run-command, state-svc start, 
[DEBUG Jun  2 20:45:01.338967081, main.go:107] Running CmdStart
[DEBUG Jun  2 20:45:01.340041541, exeutils.go:149] Executing: /home1/wangfeim/.local/ActiveState/StateTool/release/bin/state-svc [foreground]
[DEBUG Jun  2 20:45:01.345809622, manager.go:68] Process started using pid 509351
[DEBUG Jun  2 20:45:01.345868554, client.go:128] Reporting event to 2 reporters: command-exit, state-svc start, 0
