[DEBUG Aug  2 07:47:29.840238247, defaults.go:273] Args: [/home1/wangfeim/.local/ActiveState/StateTool/release/bin/state-svc start]
[DEBUG Aug  2 07:47:29.885404934, locale.go:38] Init
[DEBUG Aug  2 07:47:29.935262678, errs.go:68] Created error: File could not be found
[DEBUG Aug  2 07:47:29.938416927, errs.go:68] Created error: Not Recognized
[DEBUG Aug  2 07:47:30.002461056, errs.go:68] Created error: Secret not found
[DEBUG Aug  2 07:47:30.002510825, errs.go:68] Created error: Could not save keypair
[DEBUG Aug  2 07:47:30.002672950, errs.go:68] Created error: Build responded with error
[DEBUG Aug  2 07:47:30.002702525, errs.go:68] Created error: Unknown build type
[DEBUG Aug  2 07:47:30.002813683, errors.go:86] Wrapped localized error: <nil> -- with: The installed version of the State Tool Service does not match that of the client.
Please stop the service with [ACTIONABLE]state-svc stop[/RESET] and try your command again.
If this issue persists please reinstall the State Tool.

[DEBUG Aug  2 07:47:30.002828431, errs.go:68] Created error: no data
[DEBUG Aug  2 07:47:30.002851343, errs.go:68] Created error: member not found
[DEBUG Aug  2 07:47:30.002873105, errs.go:68] Created error: Commit count is unknowable
[DEBUG Aug  2 07:47:30.002906002, errs.go:68] Created error: No merge required
[DEBUG Aug  2 07:47:30.002929323, errs.go:68] Created error: Can't merge commit thats already in target commits history
[DEBUG Aug  2 07:47:30.002952914, errs.go:68] Created error: Bad expander name
[DEBUG Aug  2 07:47:30.002973885, errs.go:68] Created error: Expander has no handler
[DEBUG Aug  2 07:47:30.003954678, errs.go:68] Created error: Service is already running
[DEBUG Aug  2 07:47:30.032484010, secrets.go:35] Gcloud Secretmanager failed to initialize (ignore if you're not trying to use gcloud): google: could not find default credentials. See https://developers.google.com/accounts/docs/application-default-credentials for more information.
[DEBUG Aug  2 07:47:30.036228955, output.go:53] Requested outputer for 
[DEBUG Aug  2 07:47:30.036249692, output.go:58] Using Plain outputer
[DEBUG Aug  2 07:47:30.036317392, termutils.go:17] Cannot get terminal size: inappropriate ioctl for device
[DEBUG Aug  2 07:47:30.036470467, client.go:128] Reporting event to 2 reporters: run-command, state-svc start, 
[DEBUG Aug  2 07:47:30.036500011, main.go:107] Running CmdStart
[DEBUG Aug  2 07:47:30.087860711, errs.go:75] Wrapped error: Service is already running -- with: valueF failed
[DEBUG Aug  2 07:47:30.087935272, errs.go:75] Wrapped error: valueF failed -- with: Could not store pid
[DEBUG Aug  2 07:47:30.088021437, errors.go:113] Wrapped input error: Could not store pid -- with: A State Service instance is already running in the background.
[DEBUG Aug  2 07:47:30.088038593, errs.go:75] Wrapped error: A State Service instance is already running in the background. -- with: Could not start serviceManager
[DEBUG Aug  2 07:47:30.088156627, client.go:128] Reporting event to 2 reporters: command-exit, state-svc start, 1
[DEBUG Aug  2 07:47:30.417789957, errs.go:75] Wrapped error: <nil> -- with: Could not start serviceManager: A State Service instance is already running in the background.: Could not store pid: valueF failed: Service is already running
[DEBUG Aug  2 07:47:30.417882109, main.go:61] state-svc errored out due to input: Could not start serviceManager: A State Service instance is already running in the background.: Could not store pid: valueF failed: Service is already running
