[DEBUG Aug  2 08:19:58.723536770, defaults.go:273] Args: [/home1/wangfeim/.local/ActiveState/StateTool/release/bin/state-svc start]
[DEBUG Aug  2 08:19:58.736193877, locale.go:38] Init
[DEBUG Aug  2 08:19:58.781205293, errs.go:68] Created error: File could not be found
[DEBUG Aug  2 08:19:58.783948470, errs.go:68] Created error: Not Recognized
[DEBUG Aug  2 08:19:58.805109605, errs.go:68] Created error: Secret not found
[DEBUG Aug  2 08:19:58.805155258, errs.go:68] Created error: Could not save keypair
[DEBUG Aug  2 08:19:58.805310667, errs.go:68] Created error: Build responded with error
[DEBUG Aug  2 08:19:58.805337656, errs.go:68] Created error: Unknown build type
[DEBUG Aug  2 08:19:58.805452613, errors.go:86] Wrapped localized error: <nil> -- with: The installed version of the State Tool Service does not match that of the client.
Please stop the service with [ACTIONABLE]state-svc stop[/RESET] and try your command again.
If this issue persists please reinstall the State Tool.

[DEBUG Aug  2 08:19:58.805465769, errs.go:68] Created error: no data
[DEBUG Aug  2 08:19:58.805505561, errs.go:68] Created error: member not found
[DEBUG Aug  2 08:19:58.805529744, errs.go:68] Created error: Commit count is unknowable
[DEBUG Aug  2 08:19:58.805564792, errs.go:68] Created error: No merge required
[DEBUG Aug  2 08:19:58.805588298, errs.go:68] Created error: Can't merge commit thats already in target commits history
[DEBUG Aug  2 08:19:58.805626786, errs.go:68] Created error: Bad expander name
[DEBUG Aug  2 08:19:58.805651011, errs.go:68] Created error: Expander has no handler
[DEBUG Aug  2 08:19:58.806702904, errs.go:68] Created error: Service is already running
[DEBUG Aug  2 08:19:58.836815857, secrets.go:35] Gcloud Secretmanager failed to initialize (ignore if you're not trying to use gcloud): google: could not find default credentials. See https://developers.google.com/accounts/docs/application-default-credentials for more information.
[DEBUG Aug  2 08:19:58.840074678, output.go:53] Requested outputer for 
[DEBUG Aug  2 08:19:58.840097301, output.go:58] Using Plain outputer
[DEBUG Aug  2 08:19:58.840196643, termutils.go:17] Cannot get terminal size: inappropriate ioctl for device
[DEBUG Aug  2 08:19:58.840310003, client.go:128] Reporting event to 2 reporters: run-command, state-svc start, 
[DEBUG Aug  2 08:19:58.840344578, main.go:107] Running CmdStart
[DEBUG Aug  2 08:19:58.846369202, errs.go:75] Wrapped error: Service is already running -- with: valueF failed
[DEBUG Aug  2 08:19:58.846437820, errs.go:75] Wrapped error: valueF failed -- with: Could not store pid
[DEBUG Aug  2 08:19:58.846514476, errors.go:113] Wrapped input error: Could not store pid -- with: A State Service instance is already running in the background.
[DEBUG Aug  2 08:19:58.846529024, errs.go:75] Wrapped error: A State Service instance is already running in the background. -- with: Could not start serviceManager
[DEBUG Aug  2 08:19:58.846609754, client.go:128] Reporting event to 2 reporters: command-exit, state-svc start, 1
[DEBUG Aug  2 08:19:59.204582883, errs.go:75] Wrapped error: <nil> -- with: Could not start serviceManager: A State Service instance is already running in the background.: Could not store pid: valueF failed: Service is already running
[DEBUG Aug  2 08:19:59.204642017, main.go:61] state-svc errored out due to input: Could not start serviceManager: A State Service instance is already running in the background.: Could not store pid: valueF failed: Service is already running
