[DEBUG Aug  2 07:45:37.134361216, defaults.go:273] Args: [/home1/wangfeim/.local/ActiveState/StateTool/release/bin/state-svc start]
[DEBUG Aug  2 07:45:37.149389051, locale.go:38] Init
[DEBUG Aug  2 07:45:37.228162641, errs.go:68] Created error: File could not be found
[DEBUG Aug  2 07:45:37.231023544, errs.go:68] Created error: Not Recognized
[DEBUG Aug  2 07:45:37.296573991, errs.go:68] Created error: Secret not found
[DEBUG Aug  2 07:45:37.296650120, errs.go:68] Created error: Could not save keypair
[DEBUG Aug  2 07:45:37.296874552, errs.go:68] Created error: Build responded with error
[DEBUG Aug  2 07:45:37.296906633, errs.go:68] Created error: Unknown build type
[DEBUG Aug  2 07:45:37.297026461, errors.go:86] Wrapped localized error: <nil> -- with: The installed version of the State Tool Service does not match that of the client.
Please stop the service with [ACTIONABLE]state-svc stop[/RESET] and try your command again.
If this issue persists please reinstall the State Tool.

[DEBUG Aug  2 07:45:37.297041162, errs.go:68] Created error: no data
[DEBUG Aug  2 07:45:37.297066853, errs.go:68] Created error: member not found
[DEBUG Aug  2 07:45:37.297099167, errs.go:68] Created error: Commit count is unknowable
[DEBUG Aug  2 07:45:37.297129206, errs.go:68] Created error: No merge required
[DEBUG Aug  2 07:45:37.297153372, errs.go:68] Created error: Can't merge commit thats already in target commits history
[DEBUG Aug  2 07:45:37.297177704, errs.go:68] Created error: Bad expander name
[DEBUG Aug  2 07:45:37.297201111, errs.go:68] Created error: Expander has no handler
[DEBUG Aug  2 07:45:37.298622583, errs.go:68] Created error: Service is already running
[DEBUG Aug  2 07:45:37.327143477, secrets.go:35] Gcloud Secretmanager failed to initialize (ignore if you're not trying to use gcloud): google: could not find default credentials. See https://developers.google.com/accounts/docs/application-default-credentials for more information.
[DEBUG Aug  2 07:45:37.330507684, output.go:53] Requested outputer for 
[DEBUG Aug  2 07:45:37.330529468, output.go:58] Using Plain outputer
[DEBUG Aug  2 07:45:37.330616193, termutils.go:17] Cannot get terminal size: inappropriate ioctl for device
[DEBUG Aug  2 07:45:37.330698377, client.go:128] Reporting event to 2 reporters: run-command, state-svc start, 
[DEBUG Aug  2 07:45:37.330770872, main.go:107] Running CmdStart
[DEBUG Aug  2 07:45:37.336960893, errs.go:75] Wrapped error: Service is already running -- with: valueF failed
[DEBUG Aug  2 07:45:37.337037895, errs.go:75] Wrapped error: valueF failed -- with: Could not store pid
[DEBUG Aug  2 07:45:37.337124143, errors.go:113] Wrapped input error: Could not store pid -- with: A State Service instance is already running in the background.
[DEBUG Aug  2 07:45:37.337138809, errs.go:75] Wrapped error: A State Service instance is already running in the background. -- with: Could not start serviceManager
[DEBUG Aug  2 07:45:37.337206818, client.go:128] Reporting event to 2 reporters: command-exit, state-svc start, 1
[DEBUG Aug  2 07:45:37.708164129, errs.go:75] Wrapped error: <nil> -- with: Could not start serviceManager: A State Service instance is already running in the background.: Could not store pid: valueF failed: Service is already running
[DEBUG Aug  2 07:45:37.708254790, main.go:61] state-svc errored out due to input: Could not start serviceManager: A State Service instance is already running in the background.: Could not store pid: valueF failed: Service is already running
