[DEBUG Aug  2 08:03:26.332568915, defaults.go:273] Args: [/home1/wangfeim/.local/ActiveState/StateTool/release/bin/state-svc start]
[DEBUG Aug  2 08:03:26.346384841, locale.go:38] Init
[DEBUG Aug  2 08:03:26.420727087, errs.go:68] Created error: File could not be found
[DEBUG Aug  2 08:03:26.423907804, errs.go:68] Created error: Not Recognized
[DEBUG Aug  2 08:03:26.444156132, errs.go:68] Created error: Secret not found
[DEBUG Aug  2 08:03:26.444201084, errs.go:68] Created error: Could not save keypair
[DEBUG Aug  2 08:03:26.444424910, errs.go:68] Created error: Build responded with error
[DEBUG Aug  2 08:03:26.444469827, errs.go:68] Created error: Unknown build type
[DEBUG Aug  2 08:03:26.444603707, errors.go:86] Wrapped localized error: <nil> -- with: The installed version of the State Tool Service does not match that of the client.
Please stop the service with [ACTIONABLE]state-svc stop[/RESET] and try your command again.
If this issue persists please reinstall the State Tool.

[DEBUG Aug  2 08:03:26.444620716, errs.go:68] Created error: no data
[DEBUG Aug  2 08:03:26.444649589, errs.go:68] Created error: member not found
[DEBUG Aug  2 08:03:26.444673687, errs.go:68] Created error: Commit count is unknowable
[DEBUG Aug  2 08:03:26.444694927, errs.go:68] Created error: No merge required
[DEBUG Aug  2 08:03:26.444715546, errs.go:68] Created error: Can't merge commit thats already in target commits history
[DEBUG Aug  2 08:03:26.444744534, errs.go:68] Created error: Bad expander name
[DEBUG Aug  2 08:03:26.444768458, errs.go:68] Created error: Expander has no handler
[DEBUG Aug  2 08:03:26.446878669, errs.go:68] Created error: Service is already running
[DEBUG Aug  2 08:03:26.507322631, secrets.go:35] Gcloud Secretmanager failed to initialize (ignore if you're not trying to use gcloud): google: could not find default credentials. See https://developers.google.com/accounts/docs/application-default-credentials for more information.
[DEBUG Aug  2 08:03:26.512038303, output.go:53] Requested outputer for 
[DEBUG Aug  2 08:03:26.512231312, output.go:58] Using Plain outputer
[DEBUG Aug  2 08:03:26.512458734, termutils.go:17] Cannot get terminal size: inappropriate ioctl for device
[DEBUG Aug  2 08:03:26.512756211, client.go:128] Reporting event to 2 reporters: run-command, state-svc start, 
[DEBUG Aug  2 08:03:26.513790940, main.go:107] Running CmdStart
[DEBUG Aug  2 08:03:26.519171663, errs.go:75] Wrapped error: Service is already running -- with: valueF failed
[DEBUG Aug  2 08:03:26.519231120, errs.go:75] Wrapped error: valueF failed -- with: Could not store pid
[DEBUG Aug  2 08:03:26.519293861, errors.go:113] Wrapped input error: Could not store pid -- with: A State Service instance is already running in the background.
[DEBUG Aug  2 08:03:26.519306738, errs.go:75] Wrapped error: A State Service instance is already running in the background. -- with: Could not start serviceManager
[DEBUG Aug  2 08:03:26.519421621, client.go:128] Reporting event to 2 reporters: command-exit, state-svc start, 1
[DEBUG Aug  2 08:03:26.884932924, errs.go:75] Wrapped error: <nil> -- with: Could not start serviceManager: A State Service instance is already running in the background.: Could not store pid: valueF failed: Service is already running
[DEBUG Aug  2 08:03:26.885011450, main.go:61] state-svc errored out due to input: Could not start serviceManager: A State Service instance is already running in the background.: Could not store pid: valueF failed: Service is already running
