[DEBUG Aug  2 07:49:20.841356400, defaults.go:273] Args: [/home1/wangfeim/.local/ActiveState/StateTool/release/bin/state-svc start]
[DEBUG Aug  2 07:49:20.859708016, locale.go:38] Init
[DEBUG Aug  2 07:49:21.291839554, errs.go:68] Created error: File could not be found
[DEBUG Aug  2 07:49:21.295338352, errs.go:68] Created error: Not Recognized
[DEBUG Aug  2 07:49:21.318630034, errs.go:68] Created error: Secret not found
[DEBUG Aug  2 07:49:21.318711861, errs.go:68] Created error: Could not save keypair
[DEBUG Aug  2 07:49:21.318975939, errs.go:68] Created error: Build responded with error
[DEBUG Aug  2 07:49:21.319016713, errs.go:68] Created error: Unknown build type
[DEBUG Aug  2 07:49:21.319260666, errors.go:86] Wrapped localized error: <nil> -- with: The installed version of the State Tool Service does not match that of the client.
Please stop the service with [ACTIONABLE]state-svc stop[/RESET] and try your command again.
If this issue persists please reinstall the State Tool.

[DEBUG Aug  2 07:49:21.319286802, errs.go:68] Created error: no data
[DEBUG Aug  2 07:49:21.319333248, errs.go:68] Created error: member not found
[DEBUG Aug  2 07:49:21.319384130, errs.go:68] Created error: Commit count is unknowable
[DEBUG Aug  2 07:49:21.319425634, errs.go:68] Created error: No merge required
[DEBUG Aug  2 07:49:21.319460050, errs.go:68] Created error: Can't merge commit thats already in target commits history
[DEBUG Aug  2 07:49:21.319508426, errs.go:68] Created error: Bad expander name
[DEBUG Aug  2 07:49:21.319557745, errs.go:68] Created error: Expander has no handler
[DEBUG Aug  2 07:49:21.320904584, errs.go:68] Created error: Service is already running
[DEBUG Aug  2 07:49:21.402872019, secrets.go:35] Gcloud Secretmanager failed to initialize (ignore if you're not trying to use gcloud): google: could not find default credentials. See https://developers.google.com/accounts/docs/application-default-credentials for more information.
[DEBUG Aug  2 07:49:21.408525964, output.go:53] Requested outputer for 
[DEBUG Aug  2 07:49:21.408564995, output.go:58] Using Plain outputer
[DEBUG Aug  2 07:49:21.408634712, termutils.go:17] Cannot get terminal size: inappropriate ioctl for device
[DEBUG Aug  2 07:49:21.408759776, client.go:128] Reporting event to 2 reporters: run-command, state-svc start, 
[DEBUG Aug  2 07:49:21.408849600, main.go:107] Running CmdStart
[DEBUG Aug  2 07:49:21.414746029, errs.go:75] Wrapped error: Service is already running -- with: valueF failed
[DEBUG Aug  2 07:49:21.414818006, errs.go:75] Wrapped error: valueF failed -- with: Could not store pid
[DEBUG Aug  2 07:49:21.414900033, errors.go:113] Wrapped input error: Could not store pid -- with: A State Service instance is already running in the background.
[DEBUG Aug  2 07:49:21.414915669, errs.go:75] Wrapped error: A State Service instance is already running in the background. -- with: Could not start serviceManager
[DEBUG Aug  2 07:49:21.415001022, client.go:128] Reporting event to 2 reporters: command-exit, state-svc start, 1
[DEBUG Aug  2 07:49:21.791955608, errs.go:75] Wrapped error: <nil> -- with: Could not start serviceManager: A State Service instance is already running in the background.: Could not store pid: valueF failed: Service is already running
[DEBUG Aug  2 07:49:21.792015594, main.go:61] state-svc errored out due to input: Could not start serviceManager: A State Service instance is already running in the background.: Could not store pid: valueF failed: Service is already running
