[DEBUG Aug  2 08:11:27.808130736, defaults.go:273] Args: [/home1/wangfeim/.local/ActiveState/StateTool/release/bin/state-svc start]
[DEBUG Aug  2 08:11:27.823433249, locale.go:38] Init
[DEBUG Aug  2 08:11:27.909575225, errs.go:68] Created error: File could not be found
[DEBUG Aug  2 08:11:27.912811658, errs.go:68] Created error: Not Recognized
[DEBUG Aug  2 08:11:27.932810407, errs.go:68] Created error: Secret not found
[DEBUG Aug  2 08:11:27.932857050, errs.go:68] Created error: Could not save keypair
[DEBUG Aug  2 08:11:27.933020822, errs.go:68] Created error: Build responded with error
[DEBUG Aug  2 08:11:27.933052115, errs.go:68] Created error: Unknown build type
[DEBUG Aug  2 08:11:27.933153944, errors.go:86] Wrapped localized error: <nil> -- with: The installed version of the State Tool Service does not match that of the client.
Please stop the service with [ACTIONABLE]state-svc stop[/RESET] and try your command again.
If this issue persists please reinstall the State Tool.

[DEBUG Aug  2 08:11:27.933167161, errs.go:68] Created error: no data
[DEBUG Aug  2 08:11:27.933196040, errs.go:68] Created error: member not found
[DEBUG Aug  2 08:11:27.933217492, errs.go:68] Created error: Commit count is unknowable
[DEBUG Aug  2 08:11:27.933241853, errs.go:68] Created error: No merge required
[DEBUG Aug  2 08:11:27.933262566, errs.go:68] Created error: Can't merge commit thats already in target commits history
[DEBUG Aug  2 08:11:27.933284452, errs.go:68] Created error: Bad expander name
[DEBUG Aug  2 08:11:27.933305915, errs.go:68] Created error: Expander has no handler
[DEBUG Aug  2 08:11:27.934486505, errs.go:68] Created error: Service is already running
[DEBUG Aug  2 08:11:28.004634001, secrets.go:35] Gcloud Secretmanager failed to initialize (ignore if you're not trying to use gcloud): google: could not find default credentials. See https://developers.google.com/accounts/docs/application-default-credentials for more information.
[DEBUG Aug  2 08:11:28.008297023, output.go:53] Requested outputer for 
[DEBUG Aug  2 08:11:28.008318197, output.go:58] Using Plain outputer
[DEBUG Aug  2 08:11:28.008397706, termutils.go:17] Cannot get terminal size: inappropriate ioctl for device
[DEBUG Aug  2 08:11:28.008476314, client.go:128] Reporting event to 2 reporters: run-command, state-svc start, 
[DEBUG Aug  2 08:11:28.008554605, main.go:107] Running CmdStart
[DEBUG Aug  2 08:11:28.016915691, errs.go:75] Wrapped error: Service is already running -- with: valueF failed
[DEBUG Aug  2 08:11:28.016983477, errs.go:75] Wrapped error: valueF failed -- with: Could not store pid
[DEBUG Aug  2 08:11:28.017064985, errors.go:113] Wrapped input error: Could not store pid -- with: A State Service instance is already running in the background.
[DEBUG Aug  2 08:11:28.017079470, errs.go:75] Wrapped error: A State Service instance is already running in the background. -- with: Could not start serviceManager
[DEBUG Aug  2 08:11:28.017187137, client.go:128] Reporting event to 2 reporters: command-exit, state-svc start, 1
[DEBUG Aug  2 08:11:28.420889254, errs.go:75] Wrapped error: <nil> -- with: Could not start serviceManager: A State Service instance is already running in the background.: Could not store pid: valueF failed: Service is already running
[DEBUG Aug  2 08:11:28.420954775, main.go:61] state-svc errored out due to input: Could not start serviceManager: A State Service instance is already running in the background.: Could not store pid: valueF failed: Service is already running
