[DEBUG Aug  2 08:06:26.962449041, defaults.go:273] Args: [/home1/wangfeim/.local/ActiveState/StateTool/release/bin/state-svc start]
[DEBUG Aug  2 08:06:26.977683839, locale.go:38] Init
[DEBUG Aug  2 08:06:27.026930642, errs.go:68] Created error: File could not be found
[DEBUG Aug  2 08:06:27.030284078, errs.go:68] Created error: Not Recognized
[DEBUG Aug  2 08:06:27.100745142, errs.go:68] Created error: Secret not found
[DEBUG Aug  2 08:06:27.100800880, errs.go:68] Created error: Could not save keypair
[DEBUG Aug  2 08:06:27.100972420, errs.go:68] Created error: Build responded with error
[DEBUG Aug  2 08:06:27.101000939, errs.go:68] Created error: Unknown build type
[DEBUG Aug  2 08:06:27.101113887, errors.go:86] Wrapped localized error: <nil> -- with: The installed version of the State Tool Service does not match that of the client.
Please stop the service with [ACTIONABLE]state-svc stop[/RESET] and try your command again.
If this issue persists please reinstall the State Tool.

[DEBUG Aug  2 08:06:27.101131837, errs.go:68] Created error: no data
[DEBUG Aug  2 08:06:27.101156333, errs.go:68] Created error: member not found
[DEBUG Aug  2 08:06:27.101179109, errs.go:68] Created error: Commit count is unknowable
[DEBUG Aug  2 08:06:27.101210399, errs.go:68] Created error: No merge required
[DEBUG Aug  2 08:06:27.101244616, errs.go:68] Created error: Can't merge commit thats already in target commits history
[DEBUG Aug  2 08:06:27.101269137, errs.go:68] Created error: Bad expander name
[DEBUG Aug  2 08:06:27.101291977, errs.go:68] Created error: Expander has no handler
[DEBUG Aug  2 08:06:27.102652183, errs.go:68] Created error: Service is already running
[DEBUG Aug  2 08:06:27.129980006, secrets.go:35] Gcloud Secretmanager failed to initialize (ignore if you're not trying to use gcloud): google: could not find default credentials. See https://developers.google.com/accounts/docs/application-default-credentials for more information.
[DEBUG Aug  2 08:06:27.133520078, output.go:53] Requested outputer for 
[DEBUG Aug  2 08:06:27.133567948, output.go:58] Using Plain outputer
[DEBUG Aug  2 08:06:27.133663962, termutils.go:17] Cannot get terminal size: inappropriate ioctl for device
[DEBUG Aug  2 08:06:27.133811079, main.go:107] Running CmdStart
[DEBUG Aug  2 08:06:27.133849139, client.go:128] Reporting event to 2 reporters: run-command, state-svc start, 
[DEBUG Aug  2 08:06:27.141639839, errs.go:75] Wrapped error: Service is already running -- with: valueF failed
[DEBUG Aug  2 08:06:27.141719898, errs.go:75] Wrapped error: valueF failed -- with: Could not store pid
[DEBUG Aug  2 08:06:27.141821704, errors.go:113] Wrapped input error: Could not store pid -- with: A State Service instance is already running in the background.
[DEBUG Aug  2 08:06:27.141837647, errs.go:75] Wrapped error: A State Service instance is already running in the background. -- with: Could not start serviceManager
[DEBUG Aug  2 08:06:27.141970748, client.go:128] Reporting event to 2 reporters: command-exit, state-svc start, 1
[DEBUG Aug  2 08:06:27.506186161, errs.go:75] Wrapped error: <nil> -- with: Could not start serviceManager: A State Service instance is already running in the background.: Could not store pid: valueF failed: Service is already running
[DEBUG Aug  2 08:06:27.506266271, main.go:61] state-svc errored out due to input: Could not start serviceManager: A State Service instance is already running in the background.: Could not store pid: valueF failed: Service is already running
