[DEBUG Aug  2 07:55:07.086895509, defaults.go:273] Args: [/home1/wangfeim/.local/ActiveState/StateTool/release/bin/state-svc start]
[DEBUG Aug  2 07:55:07.101238590, locale.go:38] Init
[DEBUG Aug  2 07:55:07.385492452, errs.go:68] Created error: File could not be found
[DEBUG Aug  2 07:55:07.388581075, errs.go:68] Created error: Not Recognized
[DEBUG Aug  2 07:55:07.411795774, errs.go:68] Created error: Secret not found
[DEBUG Aug  2 07:55:07.411848859, errs.go:68] Created error: Could not save keypair
[DEBUG Aug  2 07:55:07.412016603, errs.go:68] Created error: Build responded with error
[DEBUG Aug  2 07:55:07.412057217, errs.go:68] Created error: Unknown build type
[DEBUG Aug  2 07:55:07.412185435, errors.go:86] Wrapped localized error: <nil> -- with: The installed version of the State Tool Service does not match that of the client.
Please stop the service with [ACTIONABLE]state-svc stop[/RESET] and try your command again.
If this issue persists please reinstall the State Tool.

[DEBUG Aug  2 07:55:07.412201101, errs.go:68] Created error: no data
[DEBUG Aug  2 07:55:07.412225706, errs.go:68] Created error: member not found
[DEBUG Aug  2 07:55:07.412252947, errs.go:68] Created error: Commit count is unknowable
[DEBUG Aug  2 07:55:07.412277203, errs.go:68] Created error: No merge required
[DEBUG Aug  2 07:55:07.412300252, errs.go:68] Created error: Can't merge commit thats already in target commits history
[DEBUG Aug  2 07:55:07.412331702, errs.go:68] Created error: Bad expander name
[DEBUG Aug  2 07:55:07.412355097, errs.go:68] Created error: Expander has no handler
[DEBUG Aug  2 07:55:07.413486881, errs.go:68] Created error: Service is already running
[DEBUG Aug  2 07:55:07.485109787, secrets.go:35] Gcloud Secretmanager failed to initialize (ignore if you're not trying to use gcloud): google: could not find default credentials. See https://developers.google.com/accounts/docs/application-default-credentials for more information.
[DEBUG Aug  2 07:55:07.488954714, output.go:53] Requested outputer for 
[DEBUG Aug  2 07:55:07.489002342, output.go:58] Using Plain outputer
[DEBUG Aug  2 07:55:07.489108153, termutils.go:17] Cannot get terminal size: inappropriate ioctl for device
[DEBUG Aug  2 07:55:07.489229781, client.go:128] Reporting event to 2 reporters: run-command, state-svc start, 
[DEBUG Aug  2 07:55:07.489395971, main.go:107] Running CmdStart
[DEBUG Aug  2 07:55:07.495851837, errs.go:75] Wrapped error: Service is already running -- with: valueF failed
[DEBUG Aug  2 07:55:07.495911065, errs.go:75] Wrapped error: valueF failed -- with: Could not store pid
[DEBUG Aug  2 07:55:07.496008749, errors.go:113] Wrapped input error: Could not store pid -- with: A State Service instance is already running in the background.
[DEBUG Aug  2 07:55:07.496023498, errs.go:75] Wrapped error: A State Service instance is already running in the background. -- with: Could not start serviceManager
[DEBUG Aug  2 07:55:07.496101360, client.go:128] Reporting event to 2 reporters: command-exit, state-svc start, 1
[DEBUG Aug  2 07:55:07.886902324, errs.go:75] Wrapped error: <nil> -- with: Could not start serviceManager: A State Service instance is already running in the background.: Could not store pid: valueF failed: Service is already running
[DEBUG Aug  2 07:55:07.886982870, main.go:61] state-svc errored out due to input: Could not start serviceManager: A State Service instance is already running in the background.: Could not store pid: valueF failed: Service is already running
