[DEBUG Aug  2 07:42:10.539165608, defaults.go:273] Args: [/home1/wangfeim/.local/ActiveState/StateTool/release/bin/state-svc start]
[DEBUG Aug  2 07:42:10.553611778, locale.go:38] Init
[DEBUG Aug  2 07:42:10.610813538, errs.go:68] Created error: File could not be found
[DEBUG Aug  2 07:42:10.614072341, errs.go:68] Created error: Not Recognized
[DEBUG Aug  2 07:42:10.634881023, errs.go:68] Created error: Secret not found
[DEBUG Aug  2 07:42:10.634937945, errs.go:68] Created error: Could not save keypair
[DEBUG Aug  2 07:42:10.635122373, errs.go:68] Created error: Build responded with error
[DEBUG Aug  2 07:42:10.635153829, errs.go:68] Created error: Unknown build type
[DEBUG Aug  2 07:42:10.635275738, errors.go:86] Wrapped localized error: <nil> -- with: The installed version of the State Tool Service does not match that of the client.
Please stop the service with [ACTIONABLE]state-svc stop[/RESET] and try your command again.
If this issue persists please reinstall the State Tool.

[DEBUG Aug  2 07:42:10.635291305, errs.go:68] Created error: no data
[DEBUG Aug  2 07:42:10.635316163, errs.go:68] Created error: member not found
[DEBUG Aug  2 07:42:10.635342308, errs.go:68] Created error: Commit count is unknowable
[DEBUG Aug  2 07:42:10.635371635, errs.go:68] Created error: No merge required
[DEBUG Aug  2 07:42:10.635395050, errs.go:68] Created error: Can't merge commit thats already in target commits history
[DEBUG Aug  2 07:42:10.635425467, errs.go:68] Created error: Bad expander name
[DEBUG Aug  2 07:42:10.635449451, errs.go:68] Created error: Expander has no handler
[DEBUG Aug  2 07:42:10.636455438, errs.go:68] Created error: Service is already running
[DEBUG Aug  2 07:42:10.695406269, secrets.go:35] Gcloud Secretmanager failed to initialize (ignore if you're not trying to use gcloud): google: could not find default credentials. See https://developers.google.com/accounts/docs/application-default-credentials for more information.
[DEBUG Aug  2 07:42:10.699387160, output.go:53] Requested outputer for 
[DEBUG Aug  2 07:42:10.699408689, output.go:58] Using Plain outputer
[DEBUG Aug  2 07:42:10.699476575, termutils.go:17] Cannot get terminal size: inappropriate ioctl for device
[DEBUG Aug  2 07:42:10.699572353, client.go:128] Reporting event to 2 reporters: run-command, state-svc start, 
[DEBUG Aug  2 07:42:10.699642028, main.go:107] Running CmdStart
[DEBUG Aug  2 07:42:10.705274601, errs.go:75] Wrapped error: Service is already running -- with: valueF failed
[DEBUG Aug  2 07:42:10.705347919, errs.go:75] Wrapped error: valueF failed -- with: Could not store pid
[DEBUG Aug  2 07:42:10.705418228, errors.go:113] Wrapped input error: Could not store pid -- with: A State Service instance is already running in the background.
[DEBUG Aug  2 07:42:10.705432922, errs.go:75] Wrapped error: A State Service instance is already running in the background. -- with: Could not start serviceManager
[DEBUG Aug  2 07:42:10.705507711, client.go:128] Reporting event to 2 reporters: command-exit, state-svc start, 1
[DEBUG Aug  2 07:42:11.085029790, errs.go:75] Wrapped error: <nil> -- with: Could not start serviceManager: A State Service instance is already running in the background.: Could not store pid: valueF failed: Service is already running
[DEBUG Aug  2 07:42:11.085124166, main.go:61] state-svc errored out due to input: Could not start serviceManager: A State Service instance is already running in the background.: Could not store pid: valueF failed: Service is already running
