[DEBUG Aug  2 08:13:25.707121147, defaults.go:273] Args: [/home1/wangfeim/.local/ActiveState/StateTool/release/bin/state-svc start]
[DEBUG Aug  2 08:13:25.721324549, locale.go:38] Init
[DEBUG Aug  2 08:13:25.768805464, errs.go:68] Created error: File could not be found
[DEBUG Aug  2 08:13:25.786890392, errs.go:68] Created error: Not Recognized
[DEBUG Aug  2 08:13:25.807560583, errs.go:68] Created error: Secret not found
[DEBUG Aug  2 08:13:25.807609351, errs.go:68] Created error: Could not save keypair
[DEBUG Aug  2 08:13:25.807759969, errs.go:68] Created error: Build responded with error
[DEBUG Aug  2 08:13:25.807784547, errs.go:68] Created error: Unknown build type
[DEBUG Aug  2 08:13:25.807907937, errors.go:86] Wrapped localized error: <nil> -- with: The installed version of the State Tool Service does not match that of the client.
Please stop the service with [ACTIONABLE]state-svc stop[/RESET] and try your command again.
If this issue persists please reinstall the State Tool.

[DEBUG Aug  2 08:13:25.807922539, errs.go:68] Created error: no data
[DEBUG Aug  2 08:13:25.807944500, errs.go:68] Created error: member not found
[DEBUG Aug  2 08:13:25.807965821, errs.go:68] Created error: Commit count is unknowable
[DEBUG Aug  2 08:13:25.807986027, errs.go:68] Created error: No merge required
[DEBUG Aug  2 08:13:25.808009175, errs.go:68] Created error: Can't merge commit thats already in target commits history
[DEBUG Aug  2 08:13:25.808036102, errs.go:68] Created error: Bad expander name
[DEBUG Aug  2 08:13:25.808056101, errs.go:68] Created error: Expander has no handler
[DEBUG Aug  2 08:13:25.809132257, errs.go:68] Created error: Service is already running
[DEBUG Aug  2 08:13:25.836668978, secrets.go:35] Gcloud Secretmanager failed to initialize (ignore if you're not trying to use gcloud): google: could not find default credentials. See https://developers.google.com/accounts/docs/application-default-credentials for more information.
[DEBUG Aug  2 08:13:25.840103042, output.go:53] Requested outputer for 
[DEBUG Aug  2 08:13:25.840124668, output.go:58] Using Plain outputer
[DEBUG Aug  2 08:13:25.840210546, termutils.go:17] Cannot get terminal size: inappropriate ioctl for device
[DEBUG Aug  2 08:13:25.840299173, client.go:128] Reporting event to 2 reporters: run-command, state-svc start, 
[DEBUG Aug  2 08:13:25.840353747, main.go:107] Running CmdStart
[DEBUG Aug  2 08:13:25.847655663, errs.go:75] Wrapped error: Service is already running -- with: valueF failed
[DEBUG Aug  2 08:13:25.847726703, errs.go:75] Wrapped error: valueF failed -- with: Could not store pid
[DEBUG Aug  2 08:13:25.847833058, errors.go:113] Wrapped input error: Could not store pid -- with: A State Service instance is already running in the background.
[DEBUG Aug  2 08:13:25.847851812, errs.go:75] Wrapped error: A State Service instance is already running in the background. -- with: Could not start serviceManager
[DEBUG Aug  2 08:13:25.847961615, client.go:128] Reporting event to 2 reporters: command-exit, state-svc start, 1
[DEBUG Aug  2 08:13:26.204977444, errs.go:75] Wrapped error: <nil> -- with: Could not start serviceManager: A State Service instance is already running in the background.: Could not store pid: valueF failed: Service is already running
[DEBUG Aug  2 08:13:26.205046790, main.go:61] state-svc errored out due to input: Could not start serviceManager: A State Service instance is already running in the background.: Could not store pid: valueF failed: Service is already running
