[DEBUG Aug  2 08:20:06.074521935, defaults.go:273] Args: [/home1/wangfeim/.local/ActiveState/StateTool/release/bin/state-svc start]
[DEBUG Aug  2 08:20:06.088900779, locale.go:38] Init
[DEBUG Aug  2 08:20:06.185132575, errs.go:68] Created error: File could not be found
[DEBUG Aug  2 08:20:06.188332261, errs.go:68] Created error: Not Recognized
[DEBUG Aug  2 08:20:06.210987237, errs.go:68] Created error: Secret not found
[DEBUG Aug  2 08:20:06.211041652, errs.go:68] Created error: Could not save keypair
[DEBUG Aug  2 08:20:06.211221611, errs.go:68] Created error: Build responded with error
[DEBUG Aug  2 08:20:06.211256610, errs.go:68] Created error: Unknown build type
[DEBUG Aug  2 08:20:06.211375392, errors.go:86] Wrapped localized error: <nil> -- with: The installed version of the State Tool Service does not match that of the client.
Please stop the service with [ACTIONABLE]state-svc stop[/RESET] and try your command again.
If this issue persists please reinstall the State Tool.

[DEBUG Aug  2 08:20:06.211391434, errs.go:68] Created error: no data
[DEBUG Aug  2 08:20:06.211416256, errs.go:68] Created error: member not found
[DEBUG Aug  2 08:20:06.211449251, errs.go:68] Created error: Commit count is unknowable
[DEBUG Aug  2 08:20:06.211479911, errs.go:68] Created error: No merge required
[DEBUG Aug  2 08:20:06.211503802, errs.go:68] Created error: Can't merge commit thats already in target commits history
[DEBUG Aug  2 08:20:06.211527916, errs.go:68] Created error: Bad expander name
[DEBUG Aug  2 08:20:06.211558815, errs.go:68] Created error: Expander has no handler
[DEBUG Aug  2 08:20:06.212664233, errs.go:68] Created error: Service is already running
[DEBUG Aug  2 08:20:06.302287453, secrets.go:35] Gcloud Secretmanager failed to initialize (ignore if you're not trying to use gcloud): google: could not find default credentials. See https://developers.google.com/accounts/docs/application-default-credentials for more information.
[DEBUG Aug  2 08:20:06.305960982, output.go:53] Requested outputer for 
[DEBUG Aug  2 08:20:06.305995061, output.go:58] Using Plain outputer
[DEBUG Aug  2 08:20:06.306080326, termutils.go:17] Cannot get terminal size: inappropriate ioctl for device
[DEBUG Aug  2 08:20:06.306168983, client.go:128] Reporting event to 2 reporters: run-command, state-svc start, 
[DEBUG Aug  2 08:20:06.306266621, main.go:107] Running CmdStart
[DEBUG Aug  2 08:20:06.312014887, errs.go:75] Wrapped error: Service is already running -- with: valueF failed
[DEBUG Aug  2 08:20:06.312075075, errs.go:75] Wrapped error: valueF failed -- with: Could not store pid
[DEBUG Aug  2 08:20:06.312145962, errors.go:113] Wrapped input error: Could not store pid -- with: A State Service instance is already running in the background.
[DEBUG Aug  2 08:20:06.312159813, errs.go:75] Wrapped error: A State Service instance is already running in the background. -- with: Could not start serviceManager
[DEBUG Aug  2 08:20:06.312258340, client.go:128] Reporting event to 2 reporters: command-exit, state-svc start, 1
[DEBUG Aug  2 08:20:06.689635685, errs.go:75] Wrapped error: <nil> -- with: Could not start serviceManager: A State Service instance is already running in the background.: Could not store pid: valueF failed: Service is already running
[DEBUG Aug  2 08:20:06.689710235, main.go:61] state-svc errored out due to input: Could not start serviceManager: A State Service instance is already running in the background.: Could not store pid: valueF failed: Service is already running
