[DEBUG Aug  2 07:59:04.418175295, defaults.go:273] Args: [/home1/wangfeim/.local/ActiveState/StateTool/release/bin/state-svc start]
[DEBUG Aug  2 07:59:04.433012031, locale.go:38] Init
[DEBUG Aug  2 07:59:04.503167177, errs.go:68] Created error: File could not be found
[DEBUG Aug  2 07:59:04.506771353, errs.go:68] Created error: Not Recognized
[DEBUG Aug  2 07:59:04.528935464, errs.go:68] Created error: Secret not found
[DEBUG Aug  2 07:59:04.528996551, errs.go:68] Created error: Could not save keypair
[DEBUG Aug  2 07:59:04.529188617, errs.go:68] Created error: Build responded with error
[DEBUG Aug  2 07:59:04.529224870, errs.go:68] Created error: Unknown build type
[DEBUG Aug  2 07:59:04.529346633, errors.go:86] Wrapped localized error: <nil> -- with: The installed version of the State Tool Service does not match that of the client.
Please stop the service with [ACTIONABLE]state-svc stop[/RESET] and try your command again.
If this issue persists please reinstall the State Tool.

[DEBUG Aug  2 07:59:04.529363325, errs.go:68] Created error: no data
[DEBUG Aug  2 07:59:04.529390097, errs.go:68] Created error: member not found
[DEBUG Aug  2 07:59:04.529420726, errs.go:68] Created error: Commit count is unknowable
[DEBUG Aug  2 07:59:04.529444718, errs.go:68] Created error: No merge required
[DEBUG Aug  2 07:59:04.529468043, errs.go:68] Created error: Can't merge commit thats already in target commits history
[DEBUG Aug  2 07:59:04.529494152, errs.go:68] Created error: Bad expander name
[DEBUG Aug  2 07:59:04.529517576, errs.go:68] Created error: Expander has no handler
[DEBUG Aug  2 07:59:04.530703186, errs.go:68] Created error: Service is already running
[DEBUG Aug  2 07:59:04.590495088, secrets.go:35] Gcloud Secretmanager failed to initialize (ignore if you're not trying to use gcloud): google: could not find default credentials. See https://developers.google.com/accounts/docs/application-default-credentials for more information.
[DEBUG Aug  2 07:59:04.593936125, output.go:53] Requested outputer for 
[DEBUG Aug  2 07:59:04.593960125, output.go:58] Using Plain outputer
[DEBUG Aug  2 07:59:04.594023651, termutils.go:17] Cannot get terminal size: inappropriate ioctl for device
[DEBUG Aug  2 07:59:04.594104967, client.go:128] Reporting event to 2 reporters: run-command, state-svc start, 
[DEBUG Aug  2 07:59:04.594151131, main.go:107] Running CmdStart
[DEBUG Aug  2 07:59:04.599473000, errs.go:75] Wrapped error: Service is already running -- with: valueF failed
[DEBUG Aug  2 07:59:04.599530445, errs.go:75] Wrapped error: valueF failed -- with: Could not store pid
[DEBUG Aug  2 07:59:04.599607926, errors.go:113] Wrapped input error: Could not store pid -- with: A State Service instance is already running in the background.
[DEBUG Aug  2 07:59:04.599622061, errs.go:75] Wrapped error: A State Service instance is already running in the background. -- with: Could not start serviceManager
[DEBUG Aug  2 07:59:04.599690274, client.go:128] Reporting event to 2 reporters: command-exit, state-svc start, 1
[DEBUG Aug  2 07:59:04.984896269, errs.go:75] Wrapped error: <nil> -- with: Could not start serviceManager: A State Service instance is already running in the background.: Could not store pid: valueF failed: Service is already running
[DEBUG Aug  2 07:59:04.984970040, main.go:61] state-svc errored out due to input: Could not start serviceManager: A State Service instance is already running in the background.: Could not store pid: valueF failed: Service is already running
