[DEBUG Aug  2 08:00:02.014874168, defaults.go:273] Args: [/home1/wangfeim/.local/ActiveState/StateTool/release/bin/state-svc start]
[DEBUG Aug  2 08:00:02.029509129, locale.go:38] Init
[DEBUG Aug  2 08:00:02.210100404, errs.go:68] Created error: File could not be found
[DEBUG Aug  2 08:00:02.214410424, errs.go:68] Created error: Not Recognized
[DEBUG Aug  2 08:00:02.239712444, errs.go:68] Created error: Secret not found
[DEBUG Aug  2 08:00:02.239791959, errs.go:68] Created error: Could not save keypair
[DEBUG Aug  2 08:00:02.240066588, errs.go:68] Created error: Build responded with error
[DEBUG Aug  2 08:00:02.240113490, errs.go:68] Created error: Unknown build type
[DEBUG Aug  2 08:00:02.240276369, errors.go:86] Wrapped localized error: <nil> -- with: The installed version of the State Tool Service does not match that of the client.
Please stop the service with [ACTIONABLE]state-svc stop[/RESET] and try your command again.
If this issue persists please reinstall the State Tool.

[DEBUG Aug  2 08:00:02.240299740, errs.go:68] Created error: no data
[DEBUG Aug  2 08:00:02.240339202, errs.go:68] Created error: member not found
[DEBUG Aug  2 08:00:02.240372943, errs.go:68] Created error: Commit count is unknowable
[DEBUG Aug  2 08:00:02.240411055, errs.go:68] Created error: No merge required
[DEBUG Aug  2 08:00:02.240446835, errs.go:68] Created error: Can't merge commit thats already in target commits history
[DEBUG Aug  2 08:00:02.240484514, errs.go:68] Created error: Bad expander name
[DEBUG Aug  2 08:00:02.240517182, errs.go:68] Created error: Expander has no handler
[DEBUG Aug  2 08:00:02.285943974, errs.go:68] Created error: Service is already running
[DEBUG Aug  2 08:00:02.311179746, secrets.go:35] Gcloud Secretmanager failed to initialize (ignore if you're not trying to use gcloud): google: could not find default credentials. See https://developers.google.com/accounts/docs/application-default-credentials for more information.
[DEBUG Aug  2 08:00:02.314631802, output.go:53] Requested outputer for 
[DEBUG Aug  2 08:00:02.314665386, output.go:58] Using Plain outputer
[DEBUG Aug  2 08:00:02.315091332, termutils.go:17] Cannot get terminal size: inappropriate ioctl for device
[DEBUG Aug  2 08:00:02.315383303, main.go:107] Running CmdStart
[DEBUG Aug  2 08:00:02.315450055, client.go:128] Reporting event to 2 reporters: run-command, state-svc start, 
[DEBUG Aug  2 08:00:02.322341260, errs.go:75] Wrapped error: Service is already running -- with: valueF failed
[DEBUG Aug  2 08:00:02.322419564, errs.go:75] Wrapped error: valueF failed -- with: Could not store pid
[DEBUG Aug  2 08:00:02.322524609, errors.go:113] Wrapped input error: Could not store pid -- with: A State Service instance is already running in the background.
[DEBUG Aug  2 08:00:02.322550360, errs.go:75] Wrapped error: A State Service instance is already running in the background. -- with: Could not start serviceManager
[DEBUG Aug  2 08:00:02.322636479, client.go:128] Reporting event to 2 reporters: command-exit, state-svc start, 1
[DEBUG Aug  2 08:00:02.686681977, errs.go:75] Wrapped error: <nil> -- with: Could not start serviceManager: A State Service instance is already running in the background.: Could not store pid: valueF failed: Service is already running
[DEBUG Aug  2 08:00:02.686740370, main.go:61] state-svc errored out due to input: Could not start serviceManager: A State Service instance is already running in the background.: Could not store pid: valueF failed: Service is already running
