[DEBUG Aug  2 07:50:44.364443161, defaults.go:273] Args: [/home1/wangfeim/.local/ActiveState/StateTool/release/bin/state-svc start]
[DEBUG Aug  2 07:50:44.378172277, locale.go:38] Init
[DEBUG Aug  2 07:50:44.595731745, errs.go:68] Created error: File could not be found
[DEBUG Aug  2 07:50:44.599049200, errs.go:68] Created error: Not Recognized
[DEBUG Aug  2 07:50:44.621515341, errs.go:68] Created error: Secret not found
[DEBUG Aug  2 07:50:44.621586821, errs.go:68] Created error: Could not save keypair
[DEBUG Aug  2 07:50:44.621779008, errs.go:68] Created error: Build responded with error
[DEBUG Aug  2 07:50:44.621816226, errs.go:68] Created error: Unknown build type
[DEBUG Aug  2 07:50:44.621962936, errors.go:86] Wrapped localized error: <nil> -- with: The installed version of the State Tool Service does not match that of the client.
Please stop the service with [ACTIONABLE]state-svc stop[/RESET] and try your command again.
If this issue persists please reinstall the State Tool.

[DEBUG Aug  2 07:50:44.621980137, errs.go:68] Created error: no data
[DEBUG Aug  2 07:50:44.622005022, errs.go:68] Created error: member not found
[DEBUG Aug  2 07:50:44.622034715, errs.go:68] Created error: Commit count is unknowable
[DEBUG Aug  2 07:50:44.622060617, errs.go:68] Created error: No merge required
[DEBUG Aug  2 07:50:44.622083925, errs.go:68] Created error: Can't merge commit thats already in target commits history
[DEBUG Aug  2 07:50:44.622107967, errs.go:68] Created error: Bad expander name
[DEBUG Aug  2 07:50:44.622130292, errs.go:68] Created error: Expander has no handler
[DEBUG Aug  2 07:50:44.623329346, errs.go:68] Created error: Service is already running
[DEBUG Aug  2 07:50:44.696894609, secrets.go:35] Gcloud Secretmanager failed to initialize (ignore if you're not trying to use gcloud): google: could not find default credentials. See https://developers.google.com/accounts/docs/application-default-credentials for more information.
[DEBUG Aug  2 07:50:44.700842201, output.go:53] Requested outputer for 
[DEBUG Aug  2 07:50:44.700865882, output.go:58] Using Plain outputer
[DEBUG Aug  2 07:50:44.700942866, termutils.go:17] Cannot get terminal size: inappropriate ioctl for device
[DEBUG Aug  2 07:50:44.701038667, client.go:128] Reporting event to 2 reporters: run-command, state-svc start, 
[DEBUG Aug  2 07:50:44.701099490, main.go:107] Running CmdStart
[DEBUG Aug  2 07:50:44.707347591, errs.go:75] Wrapped error: Service is already running -- with: valueF failed
[DEBUG Aug  2 07:50:44.707412297, errs.go:75] Wrapped error: valueF failed -- with: Could not store pid
[DEBUG Aug  2 07:50:44.707490341, errors.go:113] Wrapped input error: Could not store pid -- with: A State Service instance is already running in the background.
[DEBUG Aug  2 07:50:44.707505350, errs.go:75] Wrapped error: A State Service instance is already running in the background. -- with: Could not start serviceManager
[DEBUG Aug  2 07:50:44.707586654, client.go:128] Reporting event to 2 reporters: command-exit, state-svc start, 1
[DEBUG Aug  2 07:50:45.096221228, errs.go:75] Wrapped error: <nil> -- with: Could not start serviceManager: A State Service instance is already running in the background.: Could not store pid: valueF failed: Service is already running
[DEBUG Aug  2 07:50:45.096290073, main.go:61] state-svc errored out due to input: Could not start serviceManager: A State Service instance is already running in the background.: Could not store pid: valueF failed: Service is already running
