[DEBUG Mar  8 14:45:06.899133931, defaults.go:273] Args: [/home1/wangfeim/.local/ActiveState/StateTool/release/bin/state-svc start]
[DEBUG Mar  8 14:45:06.911595441, locale.go:38] Init
[DEBUG Mar  8 14:45:06.952054572, errs.go:68] Created error: File could not be found
[DEBUG Mar  8 14:45:06.954729351, errs.go:68] Created error: Not Recognized
[DEBUG Mar  8 14:45:06.975716348, errs.go:68] Created error: Secret not found
[DEBUG Mar  8 14:45:06.975786116, errs.go:68] Created error: Could not save keypair
[DEBUG Mar  8 14:45:06.975997604, errs.go:68] Created error: Build responded with error
[DEBUG Mar  8 14:45:06.976030327, errs.go:68] Created error: Unknown build type
[DEBUG Mar  8 14:45:06.976178453, errors.go:86] Wrapped localized error: <nil> -- with: The installed version of the State Tool Service does not match that of the client.
Please stop the service with [ACTIONABLE]state-svc stop[/RESET] and try your command again.
If this issue persists please reinstall the State Tool.

[DEBUG Mar  8 14:45:06.976194281, errs.go:68] Created error: no data
[DEBUG Mar  8 14:45:06.976216842, errs.go:68] Created error: member not found
[DEBUG Mar  8 14:45:06.976272587, errs.go:68] Created error: Commit count is unknowable
[DEBUG Mar  8 14:45:06.976294399, errs.go:68] Created error: No merge required
[DEBUG Mar  8 14:45:06.976320576, errs.go:68] Created error: Can't merge commit thats already in target commits history
[DEBUG Mar  8 14:45:06.976343804, errs.go:68] Created error: Bad expander name
[DEBUG Mar  8 14:45:06.976363635, errs.go:68] Created error: Expander has no handler
[DEBUG Mar  8 14:45:06.977457551, errs.go:68] Created error: Service is already running
[DEBUG Mar  8 14:45:07.006896875, secrets.go:35] Gcloud Secretmanager failed to initialize (ignore if you're not trying to use gcloud): google: could not find default credentials. See https://developers.google.com/accounts/docs/application-default-credentials for more information.
[DEBUG Mar  8 14:45:07.010623526, output.go:53] Requested outputer for 
[DEBUG Mar  8 14:45:07.010644549, output.go:58] Using Plain outputer
[DEBUG Mar  8 14:45:07.010717905, termutils.go:17] Cannot get terminal size: inappropriate ioctl for device
[DEBUG Mar  8 14:45:07.010881034, main.go:107] Running CmdStart
[DEBUG Mar  8 14:45:07.010881765, client.go:128] Reporting event to 2 reporters: run-command, state-svc start, 
[DEBUG Mar  8 14:45:07.016974036, errs.go:75] Wrapped error: Service is already running -- with: valueF failed
[DEBUG Mar  8 14:45:07.017020881, errs.go:75] Wrapped error: valueF failed -- with: Could not store pid
[DEBUG Mar  8 14:45:07.017081708, errors.go:113] Wrapped input error: Could not store pid -- with: A State Service instance is already running in the background.
[DEBUG Mar  8 14:45:07.017093027, errs.go:75] Wrapped error: A State Service instance is already running in the background. -- with: Could not start serviceManager
[DEBUG Mar  8 14:45:07.017158421, client.go:128] Reporting event to 2 reporters: command-exit, state-svc start, 1
[DEBUG Mar  8 14:45:07.383892364, errs.go:75] Wrapped error: <nil> -- with: Could not start serviceManager: A State Service instance is already running in the background.: Could not store pid: valueF failed: Service is already running
[DEBUG Mar  8 14:45:07.383971256, main.go:61] state-svc errored out due to input: Could not start serviceManager: A State Service instance is already running in the background.: Could not store pid: valueF failed: Service is already running
