[DEBUG Aug  2 07:41:51.631125156, defaults.go:273] Args: [/home1/wangfeim/.local/ActiveState/StateTool/release/bin/state-svc start]
[DEBUG Aug  2 07:41:51.645844493, locale.go:38] Init
[DEBUG Aug  2 07:41:51.700845454, errs.go:68] Created error: File could not be found
[DEBUG Aug  2 07:41:51.704148698, errs.go:68] Created error: Not Recognized
[DEBUG Aug  2 07:41:51.726236265, errs.go:68] Created error: Secret not found
[DEBUG Aug  2 07:41:51.726290362, errs.go:68] Created error: Could not save keypair
[DEBUG Aug  2 07:41:51.726475193, errs.go:68] Created error: Build responded with error
[DEBUG Aug  2 07:41:51.726520089, errs.go:68] Created error: Unknown build type
[DEBUG Aug  2 07:41:51.726665802, errors.go:86] Wrapped localized error: <nil> -- with: The installed version of the State Tool Service does not match that of the client.
Please stop the service with [ACTIONABLE]state-svc stop[/RESET] and try your command again.
If this issue persists please reinstall the State Tool.

[DEBUG Aug  2 07:41:51.726682740, errs.go:68] Created error: no data
[DEBUG Aug  2 07:41:51.726708547, errs.go:68] Created error: member not found
[DEBUG Aug  2 07:41:51.726732121, errs.go:68] Created error: Commit count is unknowable
[DEBUG Aug  2 07:41:51.726756042, errs.go:68] Created error: No merge required
[DEBUG Aug  2 07:41:51.726785581, errs.go:68] Created error: Can't merge commit thats already in target commits history
[DEBUG Aug  2 07:41:51.726811301, errs.go:68] Created error: Bad expander name
[DEBUG Aug  2 07:41:51.726834384, errs.go:68] Created error: Expander has no handler
[DEBUG Aug  2 07:41:51.727882832, errs.go:68] Created error: Service is already running
[DEBUG Aug  2 07:41:51.761141953, secrets.go:35] Gcloud Secretmanager failed to initialize (ignore if you're not trying to use gcloud): google: could not find default credentials. See https://developers.google.com/accounts/docs/application-default-credentials for more information.
[DEBUG Aug  2 07:41:51.768282164, output.go:53] Requested outputer for 
[DEBUG Aug  2 07:41:51.768306498, output.go:58] Using Plain outputer
[DEBUG Aug  2 07:41:51.768386827, termutils.go:17] Cannot get terminal size: inappropriate ioctl for device
[DEBUG Aug  2 07:41:51.768492434, client.go:128] Reporting event to 2 reporters: run-command, state-svc start, 
[DEBUG Aug  2 07:41:51.768556462, main.go:107] Running CmdStart
[DEBUG Aug  2 07:41:51.774682497, errs.go:75] Wrapped error: Service is already running -- with: valueF failed
[DEBUG Aug  2 07:41:51.774747270, errs.go:75] Wrapped error: valueF failed -- with: Could not store pid
[DEBUG Aug  2 07:41:51.774822400, errors.go:113] Wrapped input error: Could not store pid -- with: A State Service instance is already running in the background.
[DEBUG Aug  2 07:41:51.774838824, errs.go:75] Wrapped error: A State Service instance is already running in the background. -- with: Could not start serviceManager
[DEBUG Aug  2 07:41:51.774904929, client.go:128] Reporting event to 2 reporters: command-exit, state-svc start, 1
[DEBUG Aug  2 07:41:52.106592974, errs.go:75] Wrapped error: <nil> -- with: Could not start serviceManager: A State Service instance is already running in the background.: Could not store pid: valueF failed: Service is already running
[DEBUG Aug  2 07:41:52.106663471, main.go:61] state-svc errored out due to input: Could not start serviceManager: A State Service instance is already running in the background.: Could not store pid: valueF failed: Service is already running
