[DEBUG Aug  2 07:42:25.938526653, defaults.go:273] Args: [/home1/wangfeim/.local/ActiveState/StateTool/release/bin/state-svc start]
[DEBUG Aug  2 07:42:25.952454633, locale.go:38] Init
[DEBUG Aug  2 07:42:26.022975275, errs.go:68] Created error: File could not be found
[DEBUG Aug  2 07:42:26.026021479, errs.go:68] Created error: Not Recognized
[DEBUG Aug  2 07:42:26.102006226, errs.go:68] Created error: Secret not found
[DEBUG Aug  2 07:42:26.102098917, errs.go:68] Created error: Could not save keypair
[DEBUG Aug  2 07:42:26.102423098, errs.go:68] Created error: Build responded with error
[DEBUG Aug  2 07:42:26.102470341, errs.go:68] Created error: Unknown build type
[DEBUG Aug  2 07:42:26.102707412, errors.go:86] Wrapped localized error: <nil> -- with: The installed version of the State Tool Service does not match that of the client.
Please stop the service with [ACTIONABLE]state-svc stop[/RESET] and try your command again.
If this issue persists please reinstall the State Tool.

[DEBUG Aug  2 07:42:26.102732284, errs.go:68] Created error: no data
[DEBUG Aug  2 07:42:26.102782718, errs.go:68] Created error: member not found
[DEBUG Aug  2 07:42:26.102823135, errs.go:68] Created error: Commit count is unknowable
[DEBUG Aug  2 07:42:26.102873063, errs.go:68] Created error: No merge required
[DEBUG Aug  2 07:42:26.102916573, errs.go:68] Created error: Can't merge commit thats already in target commits history
[DEBUG Aug  2 07:42:26.102960882, errs.go:68] Created error: Bad expander name
[DEBUG Aug  2 07:42:26.102996857, errs.go:68] Created error: Expander has no handler
[DEBUG Aug  2 07:42:26.104360915, errs.go:68] Created error: Service is already running
[DEBUG Aug  2 07:42:26.133469637, secrets.go:35] Gcloud Secretmanager failed to initialize (ignore if you're not trying to use gcloud): google: could not find default credentials. See https://developers.google.com/accounts/docs/application-default-credentials for more information.
[DEBUG Aug  2 07:42:26.136731072, output.go:53] Requested outputer for 
[DEBUG Aug  2 07:42:26.136755275, output.go:58] Using Plain outputer
[DEBUG Aug  2 07:42:26.136817232, termutils.go:17] Cannot get terminal size: inappropriate ioctl for device
[DEBUG Aug  2 07:42:26.136844783, client.go:128] Reporting event to 2 reporters: run-command, state-svc start, 
[DEBUG Aug  2 07:42:26.136949415, main.go:107] Running CmdStart
[DEBUG Aug  2 07:42:26.188533440, errs.go:75] Wrapped error: Service is already running -- with: valueF failed
[DEBUG Aug  2 07:42:26.188604265, errs.go:75] Wrapped error: valueF failed -- with: Could not store pid
[DEBUG Aug  2 07:42:26.188683912, errors.go:113] Wrapped input error: Could not store pid -- with: A State Service instance is already running in the background.
[DEBUG Aug  2 07:42:26.188697196, errs.go:75] Wrapped error: A State Service instance is already running in the background. -- with: Could not start serviceManager
[DEBUG Aug  2 07:42:26.188763222, client.go:128] Reporting event to 2 reporters: command-exit, state-svc start, 1
[DEBUG Aug  2 07:42:26.526442816, errs.go:75] Wrapped error: <nil> -- with: Could not start serviceManager: A State Service instance is already running in the background.: Could not store pid: valueF failed: Service is already running
[DEBUG Aug  2 07:42:26.526512670, main.go:61] state-svc errored out due to input: Could not start serviceManager: A State Service instance is already running in the background.: Could not store pid: valueF failed: Service is already running
