[DEBUG Aug  2 07:54:43.881935740, defaults.go:273] Args: [/home1/wangfeim/.local/ActiveState/StateTool/release/bin/state-svc start]
[DEBUG Aug  2 07:54:43.899911176, locale.go:38] Init
[DEBUG Aug  2 07:54:43.941294260, errs.go:68] Created error: File could not be found
[DEBUG Aug  2 07:54:43.944225710, errs.go:68] Created error: Not Recognized
[DEBUG Aug  2 07:54:43.990631782, errs.go:68] Created error: Secret not found
[DEBUG Aug  2 07:54:43.990679868, errs.go:68] Created error: Could not save keypair
[DEBUG Aug  2 07:54:43.990847731, errs.go:68] Created error: Build responded with error
[DEBUG Aug  2 07:54:43.990876760, errs.go:68] Created error: Unknown build type
[DEBUG Aug  2 07:54:43.990979553, errors.go:86] Wrapped localized error: <nil> -- with: The installed version of the State Tool Service does not match that of the client.
Please stop the service with [ACTIONABLE]state-svc stop[/RESET] and try your command again.
If this issue persists please reinstall the State Tool.

[DEBUG Aug  2 07:54:43.990992063, errs.go:68] Created error: no data
[DEBUG Aug  2 07:54:43.991014967, errs.go:68] Created error: member not found
[DEBUG Aug  2 07:54:43.991035654, errs.go:68] Created error: Commit count is unknowable
[DEBUG Aug  2 07:54:43.991056925, errs.go:68] Created error: No merge required
[DEBUG Aug  2 07:54:43.991080217, errs.go:68] Created error: Can't merge commit thats already in target commits history
[DEBUG Aug  2 07:54:43.991103334, errs.go:68] Created error: Bad expander name
[DEBUG Aug  2 07:54:43.991128603, errs.go:68] Created error: Expander has no handler
[DEBUG Aug  2 07:54:43.992165453, errs.go:68] Created error: Service is already running
[DEBUG Aug  2 07:54:44.018390435, secrets.go:35] Gcloud Secretmanager failed to initialize (ignore if you're not trying to use gcloud): google: could not find default credentials. See https://developers.google.com/accounts/docs/application-default-credentials for more information.
[DEBUG Aug  2 07:54:44.022770259, output.go:53] Requested outputer for 
[DEBUG Aug  2 07:54:44.022790691, output.go:58] Using Plain outputer
[DEBUG Aug  2 07:54:44.022869932, termutils.go:17] Cannot get terminal size: inappropriate ioctl for device
[DEBUG Aug  2 07:54:44.022959998, client.go:128] Reporting event to 2 reporters: run-command, state-svc start, 
[DEBUG Aug  2 07:54:44.023027886, main.go:107] Running CmdStart
[DEBUG Aug  2 07:54:44.029118932, errs.go:75] Wrapped error: Service is already running -- with: valueF failed
[DEBUG Aug  2 07:54:44.029263708, errs.go:75] Wrapped error: valueF failed -- with: Could not store pid
[DEBUG Aug  2 07:54:44.029737436, errors.go:113] Wrapped input error: Could not store pid -- with: A State Service instance is already running in the background.
[DEBUG Aug  2 07:54:44.029872631, errs.go:75] Wrapped error: A State Service instance is already running in the background. -- with: Could not start serviceManager
[DEBUG Aug  2 07:54:44.030097192, client.go:128] Reporting event to 2 reporters: command-exit, state-svc start, 1
[DEBUG Aug  2 07:54:44.399391190, errs.go:75] Wrapped error: <nil> -- with: Could not start serviceManager: A State Service instance is already running in the background.: Could not store pid: valueF failed: Service is already running
[DEBUG Aug  2 07:54:44.399456429, main.go:61] state-svc errored out due to input: Could not start serviceManager: A State Service instance is already running in the background.: Could not store pid: valueF failed: Service is already running
