[DEBUG Sep 18 01:19:12.020572818, defaults.go:273] Args: [/home1/wangfeim/.local/ActiveState/StateTool/release/bin/state-svc foreground]
[DEBUG Sep 18 01:19:12.032541475, locale.go:38] Init
[DEBUG Sep 18 01:19:12.065035307, errs.go:68] Created error: File could not be found
[DEBUG Sep 18 01:19:12.067491820, errs.go:68] Created error: Not Recognized
[DEBUG Sep 18 01:19:12.087051158, errs.go:68] Created error: Secret not found
[DEBUG Sep 18 01:19:12.087094811, errs.go:68] Created error: Could not save keypair
[DEBUG Sep 18 01:19:12.087270045, errs.go:68] Created error: Build responded with error
[DEBUG Sep 18 01:19:12.087297079, errs.go:68] Created error: Unknown build type
[DEBUG Sep 18 01:19:12.087411981, errors.go:86] Wrapped localized error: <nil> -- with: The installed version of the State Tool Service does not match that of the client.
Please stop the service with [ACTIONABLE]state-svc stop[/RESET] and try your command again.
If this issue persists please reinstall the State Tool.

[DEBUG Sep 18 01:19:12.087422731, errs.go:68] Created error: no data
[DEBUG Sep 18 01:19:12.087443129, errs.go:68] Created error: member not found
[DEBUG Sep 18 01:19:12.087461981, errs.go:68] Created error: Commit count is unknowable
[DEBUG Sep 18 01:19:12.087479863, errs.go:68] Created error: No merge required
[DEBUG Sep 18 01:19:12.087497981, errs.go:68] Created error: Can't merge commit thats already in target commits history
[DEBUG Sep 18 01:19:12.087519582, errs.go:68] Created error: Bad expander name
[DEBUG Sep 18 01:19:12.087537767, errs.go:68] Created error: Expander has no handler
[DEBUG Sep 18 01:19:12.088806342, errs.go:68] Created error: Service is already running
[DEBUG Sep 18 01:19:12.120368206, secrets.go:35] Gcloud Secretmanager failed to initialize (ignore if you're not trying to use gcloud): google: could not find default credentials. See https://developers.google.com/accounts/docs/application-default-credentials for more information.
[DEBUG Sep 18 01:19:12.123414294, output.go:53] Requested outputer for 
[DEBUG Sep 18 01:19:12.123432491, output.go:58] Using Plain outputer
[DEBUG Sep 18 01:19:12.123489774, termutils.go:17] Cannot get terminal size: inappropriate ioctl for device
[DEBUG Sep 18 01:19:12.123585054, main.go:137] Running CmdForeground
[DEBUG Sep 18 01:19:12.123595277, main.go:147] Running in Foreground
[DEBUG Sep 18 01:19:12.123628021, client.go:128] Reporting event to 2 reporters: run-command, state-svc foreground, 
[DEBUG Sep 18 01:19:12.123813452, service.go:30] service:Start
[DEBUG Sep 18 01:19:12.128883010, service.go:42] Server starting on port: 40447
[DEBUG Sep 18 01:19:12.128945349, client.go:128] Reporting event to 2 reporters: state-svc, start, 
[DEBUG Sep 18 01:19:12.260074931, resolver.go:57] Version resolver
[DEBUG Sep 18 01:19:12.260330305, client.go:128] Reporting event to 2 reporters: state-svc, endpoint, Version
[DEBUG Sep 18 01:19:12.261847407, resolver.go:57] Version resolver
[DEBUG Sep 18 01:19:12.262026860, client.go:128] Reporting event to 2 reporters: state-svc, endpoint, Version
[DEBUG Sep 18 01:19:12.262195572, resolver.go:57] Version resolver
[DEBUG Sep 18 01:19:12.262412748, client.go:128] Reporting event to 2 reporters: state-svc, endpoint, Version
[DEBUG Sep 18 01:19:12.264199291, resolver.go:121] Analytics event resolver
[DEBUG Sep 18 01:19:12.264415226, client.go:128] Reporting event to 2 reporters: runtime, success, 
[DEBUG Sep 18 01:19:12.264607959, resolver.go:121] Analytics event resolver
[DEBUG Sep 18 01:19:12.264820382, client.go:128] Reporting event to 2 reporters: runtime, start, 
[DEBUG Sep 18 01:19:12.265352612, resolver.go:121] Analytics event resolver
[DEBUG Sep 18 01:19:12.265500288, client.go:128] Reporting event to 2 reporters: run-command, exec, 
[DEBUG Sep 18 01:19:12.266037452, resolver.go:57] Version resolver
[DEBUG Sep 18 01:19:12.266232051, client.go:128] Reporting event to 2 reporters: state-svc, endpoint, Version
[DEBUG Sep 18 01:19:12.267358302, resolver.go:121] Analytics event resolver
[DEBUG Sep 18 01:19:12.267471893, client.go:128] Reporting event to 2 reporters: runtime, cache, 
[DEBUG Sep 18 01:20:12.129707005, watcher.go:72] Checking for runtime processes
[DEBUG Sep 18 01:21:12.129216042, watcher.go:72] Checking for runtime processes
[DEBUG Sep 18 01:22:12.129341086, watcher.go:72] Checking for runtime processes
[DEBUG Sep 18 01:23:12.129887301, watcher.go:72] Checking for runtime processes
[DEBUG Sep 18 01:24:12.129681023, watcher.go:72] Checking for runtime processes
[DEBUG Sep 18 01:25:12.129245010, watcher.go:72] Checking for runtime processes
[DEBUG Sep 18 01:26:12.129213264, watcher.go:72] Checking for runtime processes
[DEBUG Sep 18 01:27:12.129483220, watcher.go:72] Checking for runtime processes
[DEBUG Sep 18 01:28:12.129393151, watcher.go:72] Checking for runtime processes
[DEBUG Sep 18 01:29:12.129682178, watcher.go:72] Checking for runtime processes
[DEBUG Sep 18 01:30:12.129952233, watcher.go:72] Checking for runtime processes
[DEBUG Sep 18 01:31:12.129202472, watcher.go:72] Checking for runtime processes
[DEBUG Sep 18 01:32:12.129324241, watcher.go:72] Checking for runtime processes
[DEBUG Sep 18 01:33:12.129649087, watcher.go:72] Checking for runtime processes
[DEBUG Sep 18 01:34:12.129406224, watcher.go:72] Checking for runtime processes
[DEBUG Sep 18 01:35:12.129923520, watcher.go:72] Checking for runtime processes
[DEBUG Sep 18 01:36:12.129463212, watcher.go:72] Checking for runtime processes
[DEBUG Sep 18 01:37:12.129232298, watcher.go:72] Checking for runtime processes
[DEBUG Sep 18 01:38:12.129409443, watcher.go:72] Checking for runtime processes
[DEBUG Sep 18 01:39:12.129228067, watcher.go:72] Checking for runtime processes
[DEBUG Sep 18 01:40:12.129951961, watcher.go:72] Checking for runtime processes
[DEBUG Sep 18 01:41:12.129223060, watcher.go:72] Checking for runtime processes
[DEBUG Sep 18 01:42:12.130048004, watcher.go:72] Checking for runtime processes
[DEBUG Sep 18 01:43:12.129511463, watcher.go:72] Checking for runtime processes
[DEBUG Sep 18 01:44:12.129421894, watcher.go:72] Checking for runtime processes
[DEBUG Sep 18 01:45:12.129684943, watcher.go:72] Checking for runtime processes
[DEBUG Sep 18 01:46:12.129484891, watcher.go:72] Checking for runtime processes
[DEBUG Sep 18 01:47:12.129206466, watcher.go:72] Checking for runtime processes
[DEBUG Sep 18 01:48:12.129434307, watcher.go:72] Checking for runtime processes
[DEBUG Sep 18 01:49:12.129196381, watcher.go:72] Checking for runtime processes
[DEBUG Sep 18 01:50:12.129346168, watcher.go:72] Checking for runtime processes
[DEBUG Sep 18 01:51:12.129207585, watcher.go:72] Checking for runtime processes
[DEBUG Sep 18 01:52:12.129222473, watcher.go:72] Checking for runtime processes
[DEBUG Sep 18 01:53:12.129378014, watcher.go:72] Checking for runtime processes
[DEBUG Sep 18 01:54:12.129273700, watcher.go:72] Checking for runtime processes
[DEBUG Sep 18 01:55:12.129201580, watcher.go:72] Checking for runtime processes
[DEBUG Sep 18 01:56:12.129217448, watcher.go:72] Checking for runtime processes
[DEBUG Sep 18 01:57:12.129391715, watcher.go:72] Checking for runtime processes
[DEBUG Sep 18 01:58:12.129682418, watcher.go:72] Checking for runtime processes
[DEBUG Sep 18 01:59:12.129404324, watcher.go:72] Checking for runtime processes
[DEBUG Sep 18 02:00:12.129811236, watcher.go:72] Checking for runtime processes
[DEBUG Sep 18 02:01:12.129576690, watcher.go:72] Checking for runtime processes
[DEBUG Sep 18 02:02:12.129314869, watcher.go:72] Checking for runtime processes
[DEBUG Sep 18 02:03:12.129200439, watcher.go:72] Checking for runtime processes
[DEBUG Sep 18 02:04:12.129224060, watcher.go:72] Checking for runtime processes
[DEBUG Sep 18 02:05:12.129386820, watcher.go:72] Checking for runtime processes
[DEBUG Sep 18 02:06:12.129211338, watcher.go:72] Checking for runtime processes
[DEBUG Sep 18 02:07:12.129270941, watcher.go:72] Checking for runtime processes
[DEBUG Sep 18 02:08:12.129448478, watcher.go:72] Checking for runtime processes
[DEBUG Sep 18 02:09:12.129803211, watcher.go:72] Checking for runtime processes
[DEBUG Sep 18 02:10:12.129762091, watcher.go:72] Checking for runtime processes
[DEBUG Sep 18 02:11:12.129622158, watcher.go:72] Checking for runtime processes
[DEBUG Sep 18 02:12:12.129528366, watcher.go:72] Checking for runtime processes
[DEBUG Sep 18 02:13:12.129437539, watcher.go:72] Checking for runtime processes
[DEBUG Sep 18 02:14:12.129612458, watcher.go:72] Checking for runtime processes
[DEBUG Sep 18 02:15:12.129354981, watcher.go:72] Checking for runtime processes
[DEBUG Sep 18 02:16:12.129607751, watcher.go:72] Checking for runtime processes
[DEBUG Sep 18 02:17:12.129383298, watcher.go:72] Checking for runtime processes
[DEBUG Sep 18 02:18:12.129692409, watcher.go:72] Checking for runtime processes
[DEBUG Sep 18 02:19:12.129204094, watcher.go:72] Checking for runtime processes
[DEBUG Sep 18 02:20:12.129458051, watcher.go:72] Checking for runtime processes
[DEBUG Sep 18 02:21:12.129207993, watcher.go:72] Checking for runtime processes
[DEBUG Sep 18 02:22:12.129237378, watcher.go:72] Checking for runtime processes
[DEBUG Sep 18 02:23:12.129206446, watcher.go:72] Checking for runtime processes
[DEBUG Sep 18 02:24:12.129619249, watcher.go:72] Checking for runtime processes
[DEBUG Sep 18 02:25:12.129232631, watcher.go:72] Checking for runtime processes
[DEBUG Sep 18 02:26:12.129206539, watcher.go:72] Checking for runtime processes
[DEBUG Sep 18 02:27:12.129489659, watcher.go:72] Checking for runtime processes
[DEBUG Sep 18 02:28:12.129433002, watcher.go:72] Checking for runtime processes
[DEBUG Sep 18 02:29:12.129896883, watcher.go:72] Checking for runtime processes
[DEBUG Sep 18 02:30:12.129261071, watcher.go:72] Checking for runtime processes
[DEBUG Sep 18 02:31:12.129211292, watcher.go:72] Checking for runtime processes
[DEBUG Sep 18 02:32:12.129193944, watcher.go:72] Checking for runtime processes
[DEBUG Sep 18 02:33:12.129543166, watcher.go:72] Checking for runtime processes
[DEBUG Sep 18 02:34:12.129220086, watcher.go:72] Checking for runtime processes
[DEBUG Sep 18 02:35:12.129488779, watcher.go:72] Checking for runtime processes
[DEBUG Sep 18 02:36:12.129298736, watcher.go:72] Checking for runtime processes
[DEBUG Sep 18 02:37:12.129204559, watcher.go:72] Checking for runtime processes
[DEBUG Sep 18 02:38:12.129374804, watcher.go:72] Checking for runtime processes
[DEBUG Sep 18 02:39:12.129294969, watcher.go:72] Checking for runtime processes
[DEBUG Sep 18 02:40:12.129203153, watcher.go:72] Checking for runtime processes
[DEBUG Sep 18 02:41:12.129552205, watcher.go:72] Checking for runtime processes
[DEBUG Sep 18 02:42:12.129650522, watcher.go:72] Checking for runtime processes
[DEBUG Sep 18 02:43:12.129666106, watcher.go:72] Checking for runtime processes
[DEBUG Sep 18 02:44:12.129326444, watcher.go:72] Checking for runtime processes
[DEBUG Sep 18 02:45:12.129506005, watcher.go:72] Checking for runtime processes
[DEBUG Sep 18 02:46:12.129402773, watcher.go:72] Checking for runtime processes
[DEBUG Sep 18 02:47:12.129519286, watcher.go:72] Checking for runtime processes
[DEBUG Sep 18 02:48:12.129523461, watcher.go:72] Checking for runtime processes
[DEBUG Sep 18 02:49:12.129192492, watcher.go:72] Checking for runtime processes
[DEBUG Sep 18 02:50:12.129304943, watcher.go:72] Checking for runtime processes
[DEBUG Sep 18 02:51:12.129208201, watcher.go:72] Checking for runtime processes
[DEBUG Sep 18 02:52:12.129307144, watcher.go:72] Checking for runtime processes
[DEBUG Sep 18 02:53:12.129379897, watcher.go:72] Checking for runtime processes
[DEBUG Sep 18 02:54:12.129416682, watcher.go:72] Checking for runtime processes
[DEBUG Sep 18 02:55:12.129201605, watcher.go:72] Checking for runtime processes
[DEBUG Sep 18 02:56:12.129712259, watcher.go:72] Checking for runtime processes
[DEBUG Sep 18 02:57:12.129795285, watcher.go:72] Checking for runtime processes
[DEBUG Sep 18 02:58:12.129207544, watcher.go:72] Checking for runtime processes
[DEBUG Sep 18 02:59:12.129532665, watcher.go:72] Checking for runtime processes
[DEBUG Sep 18 03:00:12.129261189, watcher.go:72] Checking for runtime processes
[DEBUG Sep 18 03:01:12.129332662, watcher.go:72] Checking for runtime processes
[DEBUG Sep 18 03:02:12.129213529, watcher.go:72] Checking for runtime processes
[DEBUG Sep 18 03:03:12.129395915, watcher.go:72] Checking for runtime processes
[DEBUG Sep 18 03:04:12.129301955, watcher.go:72] Checking for runtime processes
[DEBUG Sep 18 03:05:12.129460658, watcher.go:72] Checking for runtime processes
[DEBUG Sep 18 03:06:12.129209356, watcher.go:72] Checking for runtime processes
[DEBUG Sep 18 03:07:12.129277455, watcher.go:72] Checking for runtime processes
[DEBUG Sep 18 03:08:12.129204255, watcher.go:72] Checking for runtime processes
[DEBUG Sep 18 03:09:12.129212353, watcher.go:72] Checking for runtime processes
[DEBUG Sep 18 03:10:12.129204348, watcher.go:72] Checking for runtime processes
[DEBUG Sep 18 03:11:12.129378279, watcher.go:72] Checking for runtime processes
[DEBUG Sep 18 03:12:12.129353792, watcher.go:72] Checking for runtime processes
[DEBUG Sep 18 03:13:12.129449096, watcher.go:72] Checking for runtime processes
[DEBUG Sep 18 03:14:12.129202327, watcher.go:72] Checking for runtime processes
[DEBUG Sep 18 03:15:12.129516484, watcher.go:72] Checking for runtime processes
[DEBUG Sep 18 03:16:12.129201074, watcher.go:72] Checking for runtime processes
[DEBUG Sep 18 03:17:12.129688723, watcher.go:72] Checking for runtime processes
[DEBUG Sep 18 03:18:12.129332442, watcher.go:72] Checking for runtime processes
[DEBUG Sep 18 03:19:12.129314379, watcher.go:72] Checking for runtime processes
[DEBUG Sep 18 03:20:12.129345184, watcher.go:72] Checking for runtime processes
[DEBUG Sep 18 03:21:12.129500417, watcher.go:72] Checking for runtime processes
[DEBUG Sep 18 03:22:12.129326361, watcher.go:72] Checking for runtime processes
[DEBUG Sep 18 03:23:12.129210221, watcher.go:72] Checking for runtime processes
[DEBUG Sep 18 03:24:12.129583885, watcher.go:72] Checking for runtime processes
[DEBUG Sep 18 03:25:12.129207971, watcher.go:72] Checking for runtime processes
[DEBUG Sep 18 03:26:12.129406482, watcher.go:72] Checking for runtime processes
[DEBUG Sep 18 03:27:12.129208428, watcher.go:72] Checking for runtime processes
[DEBUG Sep 18 03:28:12.129375202, watcher.go:72] Checking for runtime processes
[DEBUG Sep 18 03:29:12.129336619, watcher.go:72] Checking for runtime processes
[DEBUG Sep 18 03:30:12.129229421, watcher.go:72] Checking for runtime processes
[DEBUG Sep 18 03:31:12.129666929, watcher.go:72] Checking for runtime processes
[DEBUG Sep 18 03:32:12.129400770, watcher.go:72] Checking for runtime processes
[DEBUG Sep 18 03:33:12.129365296, watcher.go:72] Checking for runtime processes
[DEBUG Sep 18 03:34:12.129210716, watcher.go:72] Checking for runtime processes
[DEBUG Sep 18 03:35:12.129687769, watcher.go:72] Checking for runtime processes
[DEBUG Sep 18 03:36:12.129463464, watcher.go:72] Checking for runtime processes
[DEBUG Sep 18 03:37:12.129238867, watcher.go:72] Checking for runtime processes
[DEBUG Sep 18 03:38:12.129348210, watcher.go:72] Checking for runtime processes
[DEBUG Sep 18 03:39:12.129471761, watcher.go:72] Checking for runtime processes
[DEBUG Sep 18 03:40:12.129240268, watcher.go:72] Checking for runtime processes
[DEBUG Sep 18 03:41:12.129448864, watcher.go:72] Checking for runtime processes
[DEBUG Sep 18 03:42:12.129576643, watcher.go:72] Checking for runtime processes
[DEBUG Sep 18 03:43:12.129711483, watcher.go:72] Checking for runtime processes
[DEBUG Sep 18 03:44:12.129211911, watcher.go:72] Checking for runtime processes
[DEBUG Sep 18 03:45:12.129745772, watcher.go:72] Checking for runtime processes
[DEBUG Sep 18 03:46:12.129435023, watcher.go:72] Checking for runtime processes
[DEBUG Sep 18 03:47:12.129690589, watcher.go:72] Checking for runtime processes
[DEBUG Sep 18 03:48:12.129751248, watcher.go:72] Checking for runtime processes
[DEBUG Sep 18 03:49:12.129281879, watcher.go:72] Checking for runtime processes
[DEBUG Sep 18 03:50:12.129245201, watcher.go:72] Checking for runtime processes
[DEBUG Sep 18 03:51:12.129257728, watcher.go:72] Checking for runtime processes
[DEBUG Sep 18 03:52:12.129259933, watcher.go:72] Checking for runtime processes
[DEBUG Sep 18 03:53:12.129215816, watcher.go:72] Checking for runtime processes
[DEBUG Sep 18 03:54:12.129901265, watcher.go:72] Checking for runtime processes
[DEBUG Sep 18 03:55:12.129330681, watcher.go:72] Checking for runtime processes
[DEBUG Sep 18 03:56:12.129537858, watcher.go:72] Checking for runtime processes
[DEBUG Sep 18 03:57:12.129264044, watcher.go:72] Checking for runtime processes
[DEBUG Sep 18 03:58:12.129758899, watcher.go:72] Checking for runtime processes
[DEBUG Sep 18 03:59:12.129783985, watcher.go:72] Checking for runtime processes
[DEBUG Sep 18 04:00:12.129308678, watcher.go:72] Checking for runtime processes
[DEBUG Sep 18 04:01:12.129293037, watcher.go:72] Checking for runtime processes
[DEBUG Sep 18 04:02:12.129399456, watcher.go:72] Checking for runtime processes
[DEBUG Sep 18 04:03:12.129500349, watcher.go:72] Checking for runtime processes
[DEBUG Sep 18 04:04:12.130034741, watcher.go:72] Checking for runtime processes
[DEBUG Sep 18 04:05:12.129675984, watcher.go:72] Checking for runtime processes
[DEBUG Sep 18 04:06:12.129444383, watcher.go:72] Checking for runtime processes
[DEBUG Sep 18 04:07:12.129574308, watcher.go:72] Checking for runtime processes
[DEBUG Sep 18 04:08:12.129632052, watcher.go:72] Checking for runtime processes
[DEBUG Sep 18 04:09:12.129544469, watcher.go:72] Checking for runtime processes
[DEBUG Sep 18 04:10:12.129211860, watcher.go:72] Checking for runtime processes
[DEBUG Sep 18 04:11:12.129295295, watcher.go:72] Checking for runtime processes
[DEBUG Sep 18 04:12:12.129369781, watcher.go:72] Checking for runtime processes
[DEBUG Sep 18 04:13:12.129360385, watcher.go:72] Checking for runtime processes
[DEBUG Sep 18 04:14:12.129461949, watcher.go:72] Checking for runtime processes
[DEBUG Sep 18 04:15:12.129425744, watcher.go:72] Checking for runtime processes
[DEBUG Sep 18 04:16:12.129782540, watcher.go:72] Checking for runtime processes
[DEBUG Sep 18 04:17:12.129549377, watcher.go:72] Checking for runtime processes
[DEBUG Sep 18 04:18:12.129876766, watcher.go:72] Checking for runtime processes
[DEBUG Sep 18 04:19:12.129329397, watcher.go:72] Checking for runtime processes
[DEBUG Sep 18 04:20:12.129470395, watcher.go:72] Checking for runtime processes
[DEBUG Sep 18 04:21:12.129576012, watcher.go:72] Checking for runtime processes
[DEBUG Sep 18 04:22:12.129312828, watcher.go:72] Checking for runtime processes
[DEBUG Sep 18 04:23:12.129419484, watcher.go:72] Checking for runtime processes
[DEBUG Sep 18 04:24:12.129461574, watcher.go:72] Checking for runtime processes
[DEBUG Sep 18 04:25:12.129211629, watcher.go:72] Checking for runtime processes
[DEBUG Sep 18 04:26:12.129352401, watcher.go:72] Checking for runtime processes
[DEBUG Sep 18 04:27:12.129244969, watcher.go:72] Checking for runtime processes
[DEBUG Sep 18 04:28:12.129452108, watcher.go:72] Checking for runtime processes
[DEBUG Sep 18 04:29:12.129289366, watcher.go:72] Checking for runtime processes
[DEBUG Sep 18 04:30:12.129247226, watcher.go:72] Checking for runtime processes
[DEBUG Sep 18 04:31:12.129218991, watcher.go:72] Checking for runtime processes
[DEBUG Sep 18 04:32:12.129582726, watcher.go:72] Checking for runtime processes
[DEBUG Sep 18 04:33:12.129458889, watcher.go:72] Checking for runtime processes
[DEBUG Sep 18 04:34:12.129445592, watcher.go:72] Checking for runtime processes
[DEBUG Sep 18 04:35:12.129693590, watcher.go:72] Checking for runtime processes
[DEBUG Sep 18 04:36:12.129204088, watcher.go:72] Checking for runtime processes
[DEBUG Sep 18 04:37:12.129443992, watcher.go:72] Checking for runtime processes
[DEBUG Sep 18 04:38:12.129809677, watcher.go:72] Checking for runtime processes
[DEBUG Sep 18 04:39:12.129899140, watcher.go:72] Checking for runtime processes
[DEBUG Sep 18 04:40:12.129500399, watcher.go:72] Checking for runtime processes
[DEBUG Sep 18 04:41:12.129897138, watcher.go:72] Checking for runtime processes
[DEBUG Sep 18 04:42:12.129215926, watcher.go:72] Checking for runtime processes
[DEBUG Sep 18 04:43:12.129267881, watcher.go:72] Checking for runtime processes
[DEBUG Sep 18 04:44:12.129404298, watcher.go:72] Checking for runtime processes
[DEBUG Sep 18 04:45:12.129765542, watcher.go:72] Checking for runtime processes
[DEBUG Sep 18 04:46:12.129301556, watcher.go:72] Checking for runtime processes
[DEBUG Sep 18 04:47:12.129204121, watcher.go:72] Checking for runtime processes
[DEBUG Sep 18 04:48:12.129737239, watcher.go:72] Checking for runtime processes
[DEBUG Sep 18 04:49:12.129608698, watcher.go:72] Checking for runtime processes
[DEBUG Sep 18 04:50:12.129206994, watcher.go:72] Checking for runtime processes
[DEBUG Sep 18 04:51:12.129205499, watcher.go:72] Checking for runtime processes
[DEBUG Sep 18 04:52:12.129203220, watcher.go:72] Checking for runtime processes
[DEBUG Sep 18 04:53:12.129390708, watcher.go:72] Checking for runtime processes
[DEBUG Sep 18 04:54:12.129274953, watcher.go:72] Checking for runtime processes
[DEBUG Sep 18 04:55:12.129520316, watcher.go:72] Checking for runtime processes
[DEBUG Sep 18 04:56:12.129376937, watcher.go:72] Checking for runtime processes
[DEBUG Sep 18 04:57:12.129194339, watcher.go:72] Checking for runtime processes
[DEBUG Sep 18 04:58:12.129226410, watcher.go:72] Checking for runtime processes
[DEBUG Sep 18 04:59:12.129210802, watcher.go:72] Checking for runtime processes
[DEBUG Sep 18 05:00:12.129374748, watcher.go:72] Checking for runtime processes
[DEBUG Sep 18 05:01:12.129645355, watcher.go:72] Checking for runtime processes
[DEBUG Sep 18 05:02:12.129428545, watcher.go:72] Checking for runtime processes
[DEBUG Sep 18 05:03:12.129667200, watcher.go:72] Checking for runtime processes
[DEBUG Sep 18 05:04:12.129555879, watcher.go:72] Checking for runtime processes
[DEBUG Sep 18 05:05:12.129615425, watcher.go:72] Checking for runtime processes
[DEBUG Sep 18 05:06:12.129383268, watcher.go:72] Checking for runtime processes
[DEBUG Sep 18 05:07:12.129474901, watcher.go:72] Checking for runtime processes
[DEBUG Sep 18 05:08:12.129379740, watcher.go:72] Checking for runtime processes
[DEBUG Sep 18 05:09:12.129656329, watcher.go:72] Checking for runtime processes
[DEBUG Sep 18 05:10:12.129671950, watcher.go:72] Checking for runtime processes
[DEBUG Sep 18 05:11:12.129510985, watcher.go:72] Checking for runtime processes
[DEBUG Sep 18 05:12:12.129299100, watcher.go:72] Checking for runtime processes
[DEBUG Sep 18 05:13:12.129277552, watcher.go:72] Checking for runtime processes
[DEBUG Sep 18 05:14:12.129211749, watcher.go:72] Checking for runtime processes
[DEBUG Sep 18 05:15:12.129633307, watcher.go:72] Checking for runtime processes
[DEBUG Sep 18 05:16:12.129399987, watcher.go:72] Checking for runtime processes
[DEBUG Sep 18 05:17:12.129534468, watcher.go:72] Checking for runtime processes
[DEBUG Sep 18 05:18:12.129349050, watcher.go:72] Checking for runtime processes
[DEBUG Sep 18 05:19:12.129275228, watcher.go:72] Checking for runtime processes
[DEBUG Sep 18 05:20:12.129466093, watcher.go:72] Checking for runtime processes
[DEBUG Sep 18 05:21:12.129630003, watcher.go:72] Checking for runtime processes
[DEBUG Sep 18 05:22:12.129548133, watcher.go:72] Checking for runtime processes
[DEBUG Sep 18 05:23:12.129269842, watcher.go:72] Checking for runtime processes
[DEBUG Sep 18 05:24:12.129789039, watcher.go:72] Checking for runtime processes
[DEBUG Sep 18 05:25:12.129679264, watcher.go:72] Checking for runtime processes
[DEBUG Sep 18 05:26:12.129207915, watcher.go:72] Checking for runtime processes
[DEBUG Sep 18 05:27:12.129331555, watcher.go:72] Checking for runtime processes
[DEBUG Sep 18 05:28:12.129538269, watcher.go:72] Checking for runtime processes
[DEBUG Sep 18 05:29:12.129208577, watcher.go:72] Checking for runtime processes
[DEBUG Sep 18 05:30:12.129570355, watcher.go:72] Checking for runtime processes
[DEBUG Sep 18 05:31:12.129715489, watcher.go:72] Checking for runtime processes
[DEBUG Sep 18 05:32:12.129558377, watcher.go:72] Checking for runtime processes
[DEBUG Sep 18 05:33:12.129775759, watcher.go:72] Checking for runtime processes
[DEBUG Sep 18 05:34:12.129754038, watcher.go:72] Checking for runtime processes
[DEBUG Sep 18 05:35:12.129268625, watcher.go:72] Checking for runtime processes
[DEBUG Sep 18 05:36:12.129758425, watcher.go:72] Checking for runtime processes
[DEBUG Sep 18 05:37:12.129286690, watcher.go:72] Checking for runtime processes
[DEBUG Sep 18 05:38:12.129341143, watcher.go:72] Checking for runtime processes
[DEBUG Sep 18 05:39:12.129376309, watcher.go:72] Checking for runtime processes
[DEBUG Sep 18 05:40:12.129199867, watcher.go:72] Checking for runtime processes
[DEBUG Sep 18 05:41:12.129804124, watcher.go:72] Checking for runtime processes
[DEBUG Sep 18 05:42:12.129212886, watcher.go:72] Checking for runtime processes
[DEBUG Sep 18 05:42:56.113070485, resolver.go:121] Analytics event resolver
[DEBUG Sep 18 05:42:56.113256904, client.go:128] Reporting event to 2 reporters: command-exit, exec, 0
[DEBUG Sep 18 05:43:12.129435350, watcher.go:72] Checking for runtime processes
[DEBUG Sep 18 05:44:12.129201794, watcher.go:72] Checking for runtime processes
[DEBUG Sep 18 05:45:12.129204355, watcher.go:72] Checking for runtime processes
[DEBUG Sep 18 05:46:12.129201851, watcher.go:72] Checking for runtime processes
[DEBUG Sep 18 05:47:12.129417420, watcher.go:72] Checking for runtime processes
[DEBUG Sep 18 05:48:12.129214221, watcher.go:72] Checking for runtime processes
[DEBUG Sep 18 05:49:12.129206470, watcher.go:72] Checking for runtime processes
[DEBUG Sep 18 05:50:12.129283436, watcher.go:72] Checking for runtime processes
[DEBUG Sep 18 05:51:12.129296080, watcher.go:72] Checking for runtime processes
[DEBUG Sep 18 05:52:12.129266450, watcher.go:72] Checking for runtime processes
[DEBUG Sep 18 05:53:12.129205615, watcher.go:72] Checking for runtime processes
[DEBUG Sep 18 05:54:12.129206867, watcher.go:72] Checking for runtime processes
[DEBUG Sep 18 05:55:12.129210622, watcher.go:72] Checking for runtime processes
[DEBUG Sep 18 05:56:12.129209264, watcher.go:72] Checking for runtime processes
[DEBUG Sep 18 05:57:12.129199085, watcher.go:72] Checking for runtime processes
[DEBUG Sep 18 05:58:12.129211530, watcher.go:72] Checking for runtime processes
[DEBUG Sep 18 05:59:12.129204112, watcher.go:72] Checking for runtime processes
[DEBUG Sep 18 06:00:12.129206135, watcher.go:72] Checking for runtime processes
[DEBUG Sep 18 06:01:12.129211890, watcher.go:72] Checking for runtime processes
[DEBUG Sep 18 06:02:12.129272298, watcher.go:72] Checking for runtime processes
[DEBUG Sep 18 06:03:12.129263894, watcher.go:72] Checking for runtime processes
[DEBUG Sep 18 06:04:12.129215243, watcher.go:72] Checking for runtime processes
[DEBUG Sep 18 06:05:12.129212990, watcher.go:72] Checking for runtime processes
[DEBUG Sep 18 06:06:12.129283526, watcher.go:72] Checking for runtime processes
[DEBUG Sep 18 06:07:12.129200591, watcher.go:72] Checking for runtime processes
[DEBUG Sep 18 06:08:12.129205846, watcher.go:72] Checking for runtime processes
[DEBUG Sep 18 06:09:12.129206282, watcher.go:72] Checking for runtime processes
[DEBUG Sep 18 06:10:12.129199171, watcher.go:72] Checking for runtime processes
[DEBUG Sep 18 06:11:12.129212666, watcher.go:72] Checking for runtime processes
[DEBUG Sep 18 06:12:12.129199312, watcher.go:72] Checking for runtime processes
[DEBUG Sep 18 06:13:12.129200813, watcher.go:72] Checking for runtime processes
[DEBUG Sep 18 06:14:12.129204514, watcher.go:72] Checking for runtime processes
[DEBUG Sep 18 06:15:12.129266331, watcher.go:72] Checking for runtime processes
[DEBUG Sep 18 06:16:12.129204072, watcher.go:72] Checking for runtime processes
[DEBUG Sep 18 06:17:12.129209043, watcher.go:72] Checking for runtime processes
[DEBUG Sep 18 06:18:12.129212208, watcher.go:72] Checking for runtime processes
[DEBUG Sep 18 06:19:12.129267068, watcher.go:72] Checking for runtime processes
[DEBUG Sep 18 06:20:12.129265059, watcher.go:72] Checking for runtime processes
[DEBUG Sep 18 06:21:12.129216289, watcher.go:72] Checking for runtime processes
[DEBUG Sep 18 06:22:12.129204881, watcher.go:72] Checking for runtime processes
[DEBUG Sep 18 06:23:12.129269133, watcher.go:72] Checking for runtime processes
[DEBUG Sep 18 06:24:12.129204713, watcher.go:72] Checking for runtime processes
[DEBUG Sep 18 06:25:12.129200803, watcher.go:72] Checking for runtime processes
[DEBUG Sep 18 06:26:12.129214615, watcher.go:72] Checking for runtime processes
[DEBUG Sep 18 06:27:12.129197612, watcher.go:72] Checking for runtime processes
[DEBUG Sep 18 06:28:12.129213152, watcher.go:72] Checking for runtime processes
[DEBUG Sep 18 06:29:12.129222998, watcher.go:72] Checking for runtime processes
[DEBUG Sep 18 06:30:12.129268131, watcher.go:72] Checking for runtime processes
[DEBUG Sep 18 06:31:12.129203289, watcher.go:72] Checking for runtime processes
[DEBUG Sep 18 06:32:12.129215229, watcher.go:72] Checking for runtime processes
[DEBUG Sep 18 06:33:12.129210375, watcher.go:72] Checking for runtime processes
[DEBUG Sep 18 06:34:12.129208153, watcher.go:72] Checking for runtime processes
[DEBUG Sep 18 06:35:12.129210385, watcher.go:72] Checking for runtime processes
[DEBUG Sep 18 06:36:12.129269519, watcher.go:72] Checking for runtime processes
[DEBUG Sep 18 06:37:12.129263490, watcher.go:72] Checking for runtime processes
[DEBUG Sep 18 06:38:12.129282841, watcher.go:72] Checking for runtime processes
[DEBUG Sep 18 06:39:12.129213747, watcher.go:72] Checking for runtime processes
[DEBUG Sep 18 06:40:12.129200385, watcher.go:72] Checking for runtime processes
[DEBUG Sep 18 06:41:12.129215749, watcher.go:72] Checking for runtime processes
[DEBUG Sep 18 06:42:12.129197557, watcher.go:72] Checking for runtime processes
[DEBUG Sep 18 06:43:12.129204867, watcher.go:72] Checking for runtime processes
[DEBUG Sep 18 06:44:12.129210769, watcher.go:72] Checking for runtime processes
[DEBUG Sep 18 06:45:12.129204725, watcher.go:72] Checking for runtime processes
[DEBUG Sep 18 06:46:12.129205388, watcher.go:72] Checking for runtime processes
[DEBUG Sep 18 06:47:12.129208537, watcher.go:72] Checking for runtime processes
[DEBUG Sep 18 06:48:12.129212335, watcher.go:72] Checking for runtime processes
[DEBUG Sep 18 06:49:12.129269754, watcher.go:72] Checking for runtime processes
[DEBUG Sep 18 06:50:12.129279376, watcher.go:72] Checking for runtime processes
[DEBUG Sep 18 06:51:12.129213663, watcher.go:72] Checking for runtime processes
[DEBUG Sep 18 06:52:12.129202685, watcher.go:72] Checking for runtime processes
[DEBUG Sep 18 06:53:12.129206887, watcher.go:72] Checking for runtime processes
[DEBUG Sep 18 06:54:12.129265864, watcher.go:72] Checking for runtime processes
[DEBUG Sep 18 06:55:12.129200477, watcher.go:72] Checking for runtime processes
[DEBUG Sep 18 06:56:12.129207548, watcher.go:72] Checking for runtime processes
[DEBUG Sep 18 06:57:12.129195126, watcher.go:72] Checking for runtime processes
[DEBUG Sep 18 06:58:12.129204710, watcher.go:72] Checking for runtime processes
[DEBUG Sep 18 06:59:12.129219551, watcher.go:72] Checking for runtime processes
[DEBUG Sep 18 07:00:12.129214034, watcher.go:72] Checking for runtime processes
[DEBUG Sep 18 07:01:12.129265948, watcher.go:72] Checking for runtime processes
[DEBUG Sep 18 07:02:12.129206993, watcher.go:72] Checking for runtime processes
[DEBUG Sep 18 07:03:12.129203682, watcher.go:72] Checking for runtime processes
[DEBUG Sep 18 07:04:12.129212749, watcher.go:72] Checking for runtime processes
[DEBUG Sep 18 07:05:12.129217240, watcher.go:72] Checking for runtime processes
[DEBUG Sep 18 07:06:12.129207500, watcher.go:72] Checking for runtime processes
[DEBUG Sep 18 07:07:12.129208528, watcher.go:72] Checking for runtime processes
[DEBUG Sep 18 07:08:12.129214757, watcher.go:72] Checking for runtime processes
[DEBUG Sep 18 07:09:12.129203851, watcher.go:72] Checking for runtime processes
[DEBUG Sep 18 07:10:12.129200797, watcher.go:72] Checking for runtime processes
[DEBUG Sep 18 07:11:12.129209981, watcher.go:72] Checking for runtime processes
[DEBUG Sep 18 07:12:12.129195875, watcher.go:72] Checking for runtime processes
[DEBUG Sep 18 07:13:12.129204750, watcher.go:72] Checking for runtime processes
[DEBUG Sep 18 07:14:12.129204921, watcher.go:72] Checking for runtime processes
[DEBUG Sep 18 07:15:12.129206197, watcher.go:72] Checking for runtime processes
[DEBUG Sep 18 07:16:12.129217771, watcher.go:72] Checking for runtime processes
[DEBUG Sep 18 07:17:12.129208923, watcher.go:72] Checking for runtime processes
[DEBUG Sep 18 07:18:12.129204314, watcher.go:72] Checking for runtime processes
[DEBUG Sep 18 07:19:12.129274870, watcher.go:72] Checking for runtime processes
[DEBUG Sep 18 07:20:12.129211610, watcher.go:72] Checking for runtime processes
[DEBUG Sep 18 07:21:12.129269298, watcher.go:72] Checking for runtime processes
[DEBUG Sep 18 07:22:12.129203909, watcher.go:72] Checking for runtime processes
[DEBUG Sep 18 07:23:12.129207066, watcher.go:72] Checking for runtime processes
[DEBUG Sep 18 07:24:12.129203819, watcher.go:72] Checking for runtime processes
[DEBUG Sep 18 07:25:12.129213303, watcher.go:72] Checking for runtime processes
[DEBUG Sep 18 07:26:12.129210002, watcher.go:72] Checking for runtime processes
[DEBUG Sep 18 07:27:12.129199264, watcher.go:72] Checking for runtime processes
[DEBUG Sep 18 07:28:12.129212239, watcher.go:72] Checking for runtime processes
[DEBUG Sep 18 07:29:12.129204049, watcher.go:72] Checking for runtime processes
[DEBUG Sep 18 07:30:12.129206040, watcher.go:72] Checking for runtime processes
[DEBUG Sep 18 07:31:12.129286465, watcher.go:72] Checking for runtime processes
[DEBUG Sep 18 07:32:12.129270994, watcher.go:72] Checking for runtime processes
[DEBUG Sep 18 07:33:12.129277893, watcher.go:72] Checking for runtime processes
[DEBUG Sep 18 07:34:12.129300145, watcher.go:72] Checking for runtime processes
[DEBUG Sep 18 07:35:12.129201925, watcher.go:72] Checking for runtime processes
[DEBUG Sep 18 07:36:12.129206204, watcher.go:72] Checking for runtime processes
[DEBUG Sep 18 07:37:12.129203726, watcher.go:72] Checking for runtime processes
[DEBUG Sep 18 07:38:12.129282918, watcher.go:72] Checking for runtime processes
[DEBUG Sep 18 07:39:12.129202835, watcher.go:72] Checking for runtime processes
[DEBUG Sep 18 07:40:12.129201036, watcher.go:72] Checking for runtime processes
[DEBUG Sep 18 07:41:12.129203407, watcher.go:72] Checking for runtime processes
[DEBUG Sep 18 07:42:12.129197860, watcher.go:72] Checking for runtime processes
[DEBUG Sep 18 07:43:12.129393426, watcher.go:72] Checking for runtime processes
[DEBUG Sep 18 07:44:12.129202671, watcher.go:72] Checking for runtime processes
[DEBUG Sep 18 07:45:12.129206776, watcher.go:72] Checking for runtime processes
[DEBUG Sep 18 07:46:12.129204850, watcher.go:72] Checking for runtime processes
[DEBUG Sep 18 07:47:12.129215539, watcher.go:72] Checking for runtime processes
[DEBUG Sep 18 07:48:12.129204367, watcher.go:72] Checking for runtime processes
[DEBUG Sep 18 07:49:12.129206710, watcher.go:72] Checking for runtime processes
[DEBUG Sep 18 07:50:12.129204982, watcher.go:72] Checking for runtime processes
[DEBUG Sep 18 07:51:12.129213915, watcher.go:72] Checking for runtime processes
[DEBUG Sep 18 07:52:12.129206453, watcher.go:72] Checking for runtime processes
[DEBUG Sep 18 07:53:12.129208611, watcher.go:72] Checking for runtime processes
[DEBUG Sep 18 07:54:12.129292392, watcher.go:72] Checking for runtime processes
[DEBUG Sep 18 07:55:12.129202163, watcher.go:72] Checking for runtime processes
[DEBUG Sep 18 07:56:12.129266286, watcher.go:72] Checking for runtime processes
[DEBUG Sep 18 07:57:12.129213123, watcher.go:72] Checking for runtime processes
[DEBUG Sep 18 07:58:12.129210507, watcher.go:72] Checking for runtime processes
[DEBUG Sep 18 07:59:12.129219612, watcher.go:72] Checking for runtime processes
[DEBUG Sep 18 08:00:12.129212459, watcher.go:72] Checking for runtime processes
[DEBUG Sep 18 08:01:12.129202805, watcher.go:72] Checking for runtime processes
[DEBUG Sep 18 08:02:12.129207630, watcher.go:72] Checking for runtime processes
[DEBUG Sep 18 08:03:12.129203881, watcher.go:72] Checking for runtime processes
[DEBUG Sep 18 08:04:12.129286753, watcher.go:72] Checking for runtime processes
[DEBUG Sep 18 08:05:12.129206741, watcher.go:72] Checking for runtime processes
[DEBUG Sep 18 08:06:12.129214842, watcher.go:72] Checking for runtime processes
[DEBUG Sep 18 08:07:12.129203637, watcher.go:72] Checking for runtime processes
[DEBUG Sep 18 08:08:12.129214046, watcher.go:72] Checking for runtime processes
[DEBUG Sep 18 08:09:12.129204884, watcher.go:72] Checking for runtime processes
[DEBUG Sep 18 08:10:12.129204347, watcher.go:72] Checking for runtime processes
[DEBUG Sep 18 08:11:12.129202380, watcher.go:72] Checking for runtime processes
[DEBUG Sep 18 08:12:12.129198662, watcher.go:72] Checking for runtime processes
[DEBUG Sep 18 08:13:12.129214570, watcher.go:72] Checking for runtime processes
[DEBUG Sep 18 08:14:12.129210991, watcher.go:72] Checking for runtime processes
[DEBUG Sep 18 08:15:12.129206929, watcher.go:72] Checking for runtime processes
[DEBUG Sep 18 08:16:12.129205167, watcher.go:72] Checking for runtime processes
[DEBUG Sep 18 08:17:12.129215102, watcher.go:72] Checking for runtime processes
[DEBUG Sep 18 08:18:12.129267675, watcher.go:72] Checking for runtime processes
[DEBUG Sep 18 08:19:12.129266193, watcher.go:72] Checking for runtime processes
[DEBUG Sep 18 08:20:12.129206265, watcher.go:72] Checking for runtime processes
[DEBUG Sep 18 08:21:12.129214314, watcher.go:72] Checking for runtime processes
[DEBUG Sep 18 08:22:12.129204278, watcher.go:72] Checking for runtime processes
[DEBUG Sep 18 08:23:12.129207094, watcher.go:72] Checking for runtime processes
[DEBUG Sep 18 08:24:12.129263052, watcher.go:72] Checking for runtime processes
[DEBUG Sep 18 08:25:12.129204129, watcher.go:72] Checking for runtime processes
[DEBUG Sep 18 08:26:12.129202211, watcher.go:72] Checking for runtime processes
[DEBUG Sep 18 08:27:12.129195118, watcher.go:72] Checking for runtime processes
[DEBUG Sep 18 08:28:12.129204847, watcher.go:72] Checking for runtime processes
[DEBUG Sep 18 08:29:12.129218965, watcher.go:72] Checking for runtime processes
[DEBUG Sep 18 08:30:12.129213973, watcher.go:72] Checking for runtime processes
[DEBUG Sep 18 08:31:12.129211888, watcher.go:72] Checking for runtime processes
[DEBUG Sep 18 08:32:12.129206119, watcher.go:72] Checking for runtime processes
[DEBUG Sep 18 08:33:12.129204644, watcher.go:72] Checking for runtime processes
[DEBUG Sep 18 08:34:12.129216072, watcher.go:72] Checking for runtime processes
[DEBUG Sep 18 08:35:12.129205822, watcher.go:72] Checking for runtime processes
[DEBUG Sep 18 08:36:12.129207106, watcher.go:72] Checking for runtime processes
[DEBUG Sep 18 08:37:12.129284072, watcher.go:72] Checking for runtime processes
[DEBUG Sep 18 08:38:12.129213950, watcher.go:72] Checking for runtime processes
[DEBUG Sep 18 08:39:12.129210757, watcher.go:72] Checking for runtime processes
[DEBUG Sep 18 08:40:12.129267399, watcher.go:72] Checking for runtime processes
[DEBUG Sep 18 08:41:12.129206283, watcher.go:72] Checking for runtime processes
[DEBUG Sep 18 08:42:12.129220026, watcher.go:72] Checking for runtime processes
[DEBUG Sep 18 08:43:12.129212844, watcher.go:72] Checking for runtime processes
[DEBUG Sep 18 08:44:12.129199868, watcher.go:72] Checking for runtime processes
[DEBUG Sep 18 08:45:12.129210969, watcher.go:72] Checking for runtime processes
[DEBUG Sep 18 08:46:12.129202601, watcher.go:72] Checking for runtime processes
[DEBUG Sep 18 08:47:12.129207153, watcher.go:72] Checking for runtime processes
[DEBUG Sep 18 08:48:12.129202185, watcher.go:72] Checking for runtime processes
[DEBUG Sep 18 08:49:12.129282015, watcher.go:72] Checking for runtime processes
[DEBUG Sep 18 08:50:12.129206794, watcher.go:72] Checking for runtime processes
[DEBUG Sep 18 08:51:12.129283842, watcher.go:72] Checking for runtime processes
[DEBUG Sep 18 08:52:12.129269894, watcher.go:72] Checking for runtime processes
[DEBUG Sep 18 08:53:12.129208686, watcher.go:72] Checking for runtime processes
[DEBUG Sep 18 08:54:12.129267117, watcher.go:72] Checking for runtime processes
[DEBUG Sep 18 08:55:12.129215880, watcher.go:72] Checking for runtime processes
[DEBUG Sep 18 08:56:12.129205558, watcher.go:72] Checking for runtime processes
[DEBUG Sep 18 08:57:12.129200017, watcher.go:72] Checking for runtime processes
[DEBUG Sep 18 08:58:12.129209729, watcher.go:72] Checking for runtime processes
[DEBUG Sep 18 08:59:12.129196989, watcher.go:72] Checking for runtime processes
[DEBUG Sep 18 09:00:12.129210882, watcher.go:72] Checking for runtime processes
[DEBUG Sep 18 09:01:12.129203103, watcher.go:72] Checking for runtime processes
[DEBUG Sep 18 09:02:12.129292192, watcher.go:72] Checking for runtime processes
[DEBUG Sep 18 09:03:12.129269208, watcher.go:72] Checking for runtime processes
[DEBUG Sep 18 09:04:12.129279055, watcher.go:72] Checking for runtime processes
[DEBUG Sep 18 09:05:12.129211367, watcher.go:72] Checking for runtime processes
[DEBUG Sep 18 09:06:12.129213987, watcher.go:72] Checking for runtime processes
[DEBUG Sep 18 09:07:12.129267391, watcher.go:72] Checking for runtime processes
[DEBUG Sep 18 09:08:12.129214832, watcher.go:72] Checking for runtime processes
[DEBUG Sep 18 09:09:12.129210530, watcher.go:72] Checking for runtime processes
[DEBUG Sep 18 09:10:12.129213434, watcher.go:72] Checking for runtime processes
[DEBUG Sep 18 09:11:12.129213000, watcher.go:72] Checking for runtime processes
[DEBUG Sep 18 09:12:12.129200214, watcher.go:72] Checking for runtime processes
[DEBUG Sep 18 09:13:12.129211694, watcher.go:72] Checking for runtime processes
[DEBUG Sep 18 09:14:12.129197691, watcher.go:72] Checking for runtime processes
[DEBUG Sep 18 09:15:12.129204207, watcher.go:72] Checking for runtime processes
[DEBUG Sep 18 09:16:12.129202771, watcher.go:72] Checking for runtime processes
[DEBUG Sep 18 09:17:12.129212687, watcher.go:72] Checking for runtime processes
[DEBUG Sep 18 09:18:12.129205695, watcher.go:72] Checking for runtime processes
[DEBUG Sep 18 09:19:12.129268998, watcher.go:72] Checking for runtime processes
[DEBUG Sep 18 09:20:12.129210407, watcher.go:72] Checking for runtime processes
[DEBUG Sep 18 09:21:12.129211735, watcher.go:72] Checking for runtime processes
[DEBUG Sep 18 09:22:12.129212360, watcher.go:72] Checking for runtime processes
[DEBUG Sep 18 09:23:12.129205010, watcher.go:72] Checking for runtime processes
[DEBUG Sep 18 09:24:12.129201751, watcher.go:72] Checking for runtime processes
[DEBUG Sep 18 09:25:12.129204491, watcher.go:72] Checking for runtime processes
[DEBUG Sep 18 09:26:12.129202056, watcher.go:72] Checking for runtime processes
[DEBUG Sep 18 09:27:12.129201736, watcher.go:72] Checking for runtime processes
[DEBUG Sep 18 09:28:12.129201057, watcher.go:72] Checking for runtime processes
[DEBUG Sep 18 09:29:12.129197292, watcher.go:72] Checking for runtime processes
[DEBUG Sep 18 09:30:12.129210938, watcher.go:72] Checking for runtime processes
[DEBUG Sep 18 09:31:12.129203830, watcher.go:72] Checking for runtime processes
[DEBUG Sep 18 09:32:12.129287390, watcher.go:72] Checking for runtime processes
[DEBUG Sep 18 09:33:12.129211217, watcher.go:72] Checking for runtime processes
[DEBUG Sep 18 09:34:12.129266354, watcher.go:72] Checking for runtime processes
[DEBUG Sep 18 09:35:12.129265805, watcher.go:72] Checking for runtime processes
[DEBUG Sep 18 09:36:12.129234552, watcher.go:72] Checking for runtime processes
[DEBUG Sep 18 09:37:12.129204080, watcher.go:72] Checking for runtime processes
[DEBUG Sep 18 09:38:12.129203937, watcher.go:72] Checking for runtime processes
[DEBUG Sep 18 09:39:12.129219322, watcher.go:72] Checking for runtime processes
[DEBUG Sep 18 09:40:12.129276756, watcher.go:72] Checking for runtime processes
[DEBUG Sep 18 09:41:12.129211005, watcher.go:72] Checking for runtime processes
[DEBUG Sep 18 09:42:12.129200807, watcher.go:72] Checking for runtime processes
[DEBUG Sep 18 09:43:12.129202431, watcher.go:72] Checking for runtime processes
[DEBUG Sep 18 09:44:12.129225427, watcher.go:72] Checking for runtime processes
[DEBUG Sep 18 09:45:12.129203501, watcher.go:72] Checking for runtime processes
[DEBUG Sep 18 09:46:12.129203647, watcher.go:72] Checking for runtime processes
[DEBUG Sep 18 09:47:12.129214462, watcher.go:72] Checking for runtime processes
[DEBUG Sep 18 09:48:12.129280194, watcher.go:72] Checking for runtime processes
[DEBUG Sep 18 09:49:12.129206680, watcher.go:72] Checking for runtime processes
[DEBUG Sep 18 09:50:12.129213835, watcher.go:72] Checking for runtime processes
[DEBUG Sep 18 09:51:12.129217371, watcher.go:72] Checking for runtime processes
[DEBUG Sep 18 09:52:12.129287335, watcher.go:72] Checking for runtime processes
[DEBUG Sep 18 09:53:12.129207546, watcher.go:72] Checking for runtime processes
[DEBUG Sep 18 09:54:12.129202832, watcher.go:72] Checking for runtime processes
[DEBUG Sep 18 09:55:12.129214352, watcher.go:72] Checking for runtime processes
[DEBUG Sep 18 09:56:12.129203020, watcher.go:72] Checking for runtime processes
[DEBUG Sep 18 09:57:12.129215589, watcher.go:72] Checking for runtime processes
[DEBUG Sep 18 09:58:12.129205408, watcher.go:72] Checking for runtime processes
[DEBUG Sep 18 09:59:12.129200132, watcher.go:72] Checking for runtime processes
[DEBUG Sep 18 10:00:12.129266645, watcher.go:72] Checking for runtime processes
[DEBUG Sep 18 10:01:12.129219135, watcher.go:72] Checking for runtime processes
[DEBUG Sep 18 10:02:12.129203649, watcher.go:72] Checking for runtime processes
[DEBUG Sep 18 10:03:12.129205128, watcher.go:72] Checking for runtime processes
[DEBUG Sep 18 10:04:12.129207503, watcher.go:72] Checking for runtime processes
[DEBUG Sep 18 10:05:12.129202435, watcher.go:72] Checking for runtime processes
[DEBUG Sep 18 10:06:12.129206860, watcher.go:72] Checking for runtime processes
[DEBUG Sep 18 10:07:12.129203711, watcher.go:72] Checking for runtime processes
[DEBUG Sep 18 10:08:12.129282145, watcher.go:72] Checking for runtime processes
[DEBUG Sep 18 10:09:12.129203597, watcher.go:72] Checking for runtime processes
[DEBUG Sep 18 10:10:12.129269345, watcher.go:72] Checking for runtime processes
[DEBUG Sep 18 10:11:12.129213957, watcher.go:72] Checking for runtime processes
[DEBUG Sep 18 10:12:12.129199670, watcher.go:72] Checking for runtime processes
[DEBUG Sep 18 10:13:12.129210063, watcher.go:72] Checking for runtime processes
[DEBUG Sep 18 10:14:12.129197078, watcher.go:72] Checking for runtime processes
[DEBUG Sep 18 10:15:12.129275664, watcher.go:72] Checking for runtime processes
[DEBUG Sep 18 10:16:12.129209163, watcher.go:72] Checking for runtime processes
[DEBUG Sep 18 10:17:12.129212974, watcher.go:72] Checking for runtime processes
[DEBUG Sep 18 10:18:12.129203801, watcher.go:72] Checking for runtime processes
[DEBUG Sep 18 10:19:12.129267804, watcher.go:72] Checking for runtime processes
[DEBUG Sep 18 10:20:12.129203330, watcher.go:72] Checking for runtime processes
[DEBUG Sep 18 10:21:12.129211465, watcher.go:72] Checking for runtime processes
[DEBUG Sep 18 10:22:12.129210139, watcher.go:72] Checking for runtime processes
[DEBUG Sep 18 10:23:12.129264906, watcher.go:72] Checking for runtime processes
[DEBUG Sep 18 10:24:12.129213057, watcher.go:72] Checking for runtime processes
[DEBUG Sep 18 10:25:12.129264828, watcher.go:72] Checking for runtime processes
[DEBUG Sep 18 10:26:12.129210791, watcher.go:72] Checking for runtime processes
[DEBUG Sep 18 10:27:12.129198609, watcher.go:72] Checking for runtime processes
[DEBUG Sep 18 10:28:12.129210421, watcher.go:72] Checking for runtime processes
[DEBUG Sep 18 10:29:12.129198330, watcher.go:72] Checking for runtime processes
[DEBUG Sep 18 10:30:12.129264825, watcher.go:72] Checking for runtime processes
[DEBUG Sep 18 10:31:12.129203763, watcher.go:72] Checking for runtime processes
[DEBUG Sep 18 10:32:12.129213341, watcher.go:72] Checking for runtime processes
[DEBUG Sep 18 10:33:12.129208701, watcher.go:72] Checking for runtime processes
[DEBUG Sep 18 10:34:12.129212202, watcher.go:72] Checking for runtime processes
[DEBUG Sep 18 10:35:12.129203821, watcher.go:72] Checking for runtime processes
[DEBUG Sep 18 10:36:12.129205443, watcher.go:72] Checking for runtime processes
[DEBUG Sep 18 10:37:12.129266117, watcher.go:72] Checking for runtime processes
[DEBUG Sep 18 10:38:12.129212407, watcher.go:72] Checking for runtime processes
[DEBUG Sep 18 10:39:12.129204037, watcher.go:72] Checking for runtime processes
[DEBUG Sep 18 10:40:12.129212830, watcher.go:72] Checking for runtime processes
[DEBUG Sep 18 10:41:12.129203766, watcher.go:72] Checking for runtime processes
[DEBUG Sep 18 10:42:12.129202369, watcher.go:72] Checking for runtime processes
[DEBUG Sep 18 10:43:12.129203317, watcher.go:72] Checking for runtime processes
[DEBUG Sep 18 10:44:12.129199225, watcher.go:72] Checking for runtime processes
[DEBUG Sep 18 10:45:12.129203448, watcher.go:72] Checking for runtime processes
[DEBUG Sep 18 10:46:12.129220355, watcher.go:72] Checking for runtime processes
[DEBUG Sep 18 10:47:12.129215516, watcher.go:72] Checking for runtime processes
[DEBUG Sep 18 10:48:12.129211924, watcher.go:72] Checking for runtime processes
[DEBUG Sep 18 10:49:12.129215794, watcher.go:72] Checking for runtime processes
[DEBUG Sep 18 10:50:12.129203786, watcher.go:72] Checking for runtime processes
[DEBUG Sep 18 10:51:12.129280342, watcher.go:72] Checking for runtime processes
[DEBUG Sep 18 10:52:12.129202072, watcher.go:72] Checking for runtime processes
[DEBUG Sep 18 10:53:12.129217312, watcher.go:72] Checking for runtime processes
[DEBUG Sep 18 10:54:12.129204427, watcher.go:72] Checking for runtime processes
[DEBUG Sep 18 10:55:12.129206311, watcher.go:72] Checking for runtime processes
[DEBUG Sep 18 10:56:12.129203062, watcher.go:72] Checking for runtime processes
[DEBUG Sep 18 10:57:12.129200084, watcher.go:72] Checking for runtime processes
[DEBUG Sep 18 10:58:12.129208657, watcher.go:72] Checking for runtime processes
[DEBUG Sep 18 10:59:12.129198717, watcher.go:72] Checking for runtime processes
[DEBUG Sep 18 11:00:12.129204090, watcher.go:72] Checking for runtime processes
[DEBUG Sep 18 11:01:12.129220104, watcher.go:72] Checking for runtime processes
[DEBUG Sep 18 11:02:12.129215381, watcher.go:72] Checking for runtime processes
[DEBUG Sep 18 11:03:12.129266861, watcher.go:72] Checking for runtime processes
[DEBUG Sep 18 11:04:12.129215173, watcher.go:72] Checking for runtime processes
[DEBUG Sep 18 11:05:12.129209930, watcher.go:72] Checking for runtime processes
[DEBUG Sep 18 11:06:12.129207205, watcher.go:72] Checking for runtime processes
[DEBUG Sep 18 11:07:12.129213095, watcher.go:72] Checking for runtime processes
[DEBUG Sep 18 11:08:12.129208743, watcher.go:72] Checking for runtime processes
[DEBUG Sep 18 11:09:12.129213616, watcher.go:72] Checking for runtime processes
[DEBUG Sep 18 11:10:12.129207701, watcher.go:72] Checking for runtime processes
[DEBUG Sep 18 11:11:12.129212935, watcher.go:72] Checking for runtime processes
[DEBUG Sep 18 11:12:12.129201359, watcher.go:72] Checking for runtime processes
[DEBUG Sep 18 11:13:12.129205084, watcher.go:72] Checking for runtime processes
[DEBUG Sep 18 11:14:12.129194920, watcher.go:72] Checking for runtime processes
[DEBUG Sep 18 11:15:12.129204483, watcher.go:72] Checking for runtime processes
[DEBUG Sep 18 11:16:12.129211459, watcher.go:72] Checking for runtime processes
[DEBUG Sep 18 11:17:12.129287439, watcher.go:72] Checking for runtime processes
[DEBUG Sep 18 11:18:12.129203624, watcher.go:72] Checking for runtime processes
[DEBUG Sep 18 11:19:12.129268102, watcher.go:72] Checking for runtime processes
[DEBUG Sep 18 11:20:12.129209343, watcher.go:72] Checking for runtime processes
[DEBUG Sep 18 11:21:12.129216858, watcher.go:72] Checking for runtime processes
[DEBUG Sep 18 11:22:12.129440851, watcher.go:72] Checking for runtime processes
[DEBUG Sep 18 11:23:12.129214183, watcher.go:72] Checking for runtime processes
[DEBUG Sep 18 11:24:12.129281318, watcher.go:72] Checking for runtime processes
[DEBUG Sep 18 11:25:12.129274209, watcher.go:72] Checking for runtime processes
[DEBUG Sep 18 11:26:12.129379129, watcher.go:72] Checking for runtime processes
[DEBUG Sep 18 11:27:12.129201090, watcher.go:72] Checking for runtime processes
[DEBUG Sep 18 11:28:12.129272787, watcher.go:72] Checking for runtime processes
