[DEBUG Aug  2 07:34:05.979632443, defaults.go:273] Args: [/home1/wangfeim/.local/ActiveState/StateTool/release/bin/state-svc start]
[DEBUG Aug  2 07:34:05.993369820, locale.go:38] Init
[DEBUG Aug  2 07:34:06.035174559, errs.go:68] Created error: File could not be found
[DEBUG Aug  2 07:34:06.037878977, errs.go:68] Created error: Not Recognized
[DEBUG Aug  2 07:34:06.059444847, errs.go:68] Created error: Secret not found
[DEBUG Aug  2 07:34:06.059501933, errs.go:68] Created error: Could not save keypair
[DEBUG Aug  2 07:34:06.059689069, errs.go:68] Created error: Build responded with error
[DEBUG Aug  2 07:34:06.059718295, errs.go:68] Created error: Unknown build type
[DEBUG Aug  2 07:34:06.059871021, errors.go:86] Wrapped localized error: <nil> -- with: The installed version of the State Tool Service does not match that of the client.
Please stop the service with [ACTIONABLE]state-svc stop[/RESET] and try your command again.
If this issue persists please reinstall the State Tool.

[DEBUG Aug  2 07:34:06.059894283, errs.go:68] Created error: no data
[DEBUG Aug  2 07:34:06.059922814, errs.go:68] Created error: member not found
[DEBUG Aug  2 07:34:06.059945610, errs.go:68] Created error: Commit count is unknowable
[DEBUG Aug  2 07:34:06.059968023, errs.go:68] Created error: No merge required
[DEBUG Aug  2 07:34:06.059991086, errs.go:68] Created error: Can't merge commit thats already in target commits history
[DEBUG Aug  2 07:34:06.060023349, errs.go:68] Created error: Bad expander name
[DEBUG Aug  2 07:34:06.060047376, errs.go:68] Created error: Expander has no handler
[DEBUG Aug  2 07:34:06.061304218, errs.go:68] Created error: Service is already running
[DEBUG Aug  2 07:34:06.092784472, secrets.go:35] Gcloud Secretmanager failed to initialize (ignore if you're not trying to use gcloud): google: could not find default credentials. See https://developers.google.com/accounts/docs/application-default-credentials for more information.
[DEBUG Aug  2 07:34:06.096126361, output.go:53] Requested outputer for 
[DEBUG Aug  2 07:34:06.096148692, output.go:58] Using Plain outputer
[DEBUG Aug  2 07:34:06.096223604, termutils.go:17] Cannot get terminal size: inappropriate ioctl for device
[DEBUG Aug  2 07:34:06.096305009, client.go:128] Reporting event to 2 reporters: run-command, state-svc start, 
[DEBUG Aug  2 07:34:06.096409091, main.go:107] Running CmdStart
[DEBUG Aug  2 07:34:06.102288762, errs.go:75] Wrapped error: Service is already running -- with: valueF failed
[DEBUG Aug  2 07:34:06.102348805, errs.go:75] Wrapped error: valueF failed -- with: Could not store pid
[DEBUG Aug  2 07:34:06.102417554, errors.go:113] Wrapped input error: Could not store pid -- with: A State Service instance is already running in the background.
[DEBUG Aug  2 07:34:06.102430775, errs.go:75] Wrapped error: A State Service instance is already running in the background. -- with: Could not start serviceManager
[DEBUG Aug  2 07:34:06.102498393, client.go:128] Reporting event to 2 reporters: command-exit, state-svc start, 1
[DEBUG Aug  2 07:34:06.432599243, errs.go:75] Wrapped error: <nil> -- with: Could not start serviceManager: A State Service instance is already running in the background.: Could not store pid: valueF failed: Service is already running
[DEBUG Aug  2 07:34:06.432705996, main.go:61] state-svc errored out due to input: Could not start serviceManager: A State Service instance is already running in the background.: Could not store pid: valueF failed: Service is already running
