[DEBUG Aug  2 07:42:19.446828142, defaults.go:273] Args: [/home1/wangfeim/.local/ActiveState/StateTool/release/bin/state-svc start]
[DEBUG Aug  2 07:42:19.461345835, locale.go:38] Init
[DEBUG Aug  2 07:42:19.524102120, errs.go:68] Created error: File could not be found
[DEBUG Aug  2 07:42:19.527298561, errs.go:68] Created error: Not Recognized
[DEBUG Aug  2 07:42:19.587533086, errs.go:68] Created error: Secret not found
[DEBUG Aug  2 07:42:19.587598885, errs.go:68] Created error: Could not save keypair
[DEBUG Aug  2 07:42:19.587780140, errs.go:68] Created error: Build responded with error
[DEBUG Aug  2 07:42:19.587809852, errs.go:68] Created error: Unknown build type
[DEBUG Aug  2 07:42:19.587937569, errors.go:86] Wrapped localized error: <nil> -- with: The installed version of the State Tool Service does not match that of the client.
Please stop the service with [ACTIONABLE]state-svc stop[/RESET] and try your command again.
If this issue persists please reinstall the State Tool.

[DEBUG Aug  2 07:42:19.587953255, errs.go:68] Created error: no data
[DEBUG Aug  2 07:42:19.587978111, errs.go:68] Created error: member not found
[DEBUG Aug  2 07:42:19.588007942, errs.go:68] Created error: Commit count is unknowable
[DEBUG Aug  2 07:42:19.588037385, errs.go:68] Created error: No merge required
[DEBUG Aug  2 07:42:19.588062664, errs.go:68] Created error: Can't merge commit thats already in target commits history
[DEBUG Aug  2 07:42:19.588088384, errs.go:68] Created error: Bad expander name
[DEBUG Aug  2 07:42:19.588112769, errs.go:68] Created error: Expander has no handler
[DEBUG Aug  2 07:42:19.589203900, errs.go:68] Created error: Service is already running
[DEBUG Aug  2 07:42:19.619835534, secrets.go:35] Gcloud Secretmanager failed to initialize (ignore if you're not trying to use gcloud): google: could not find default credentials. See https://developers.google.com/accounts/docs/application-default-credentials for more information.
[DEBUG Aug  2 07:42:19.624242401, output.go:53] Requested outputer for 
[DEBUG Aug  2 07:42:19.624263216, output.go:58] Using Plain outputer
[DEBUG Aug  2 07:42:19.624328997, termutils.go:17] Cannot get terminal size: inappropriate ioctl for device
[DEBUG Aug  2 07:42:19.624421729, client.go:128] Reporting event to 2 reporters: run-command, state-svc start, 
[DEBUG Aug  2 07:42:19.624510130, main.go:107] Running CmdStart
[DEBUG Aug  2 07:42:19.630691190, errs.go:75] Wrapped error: Service is already running -- with: valueF failed
[DEBUG Aug  2 07:42:19.630756487, errs.go:75] Wrapped error: valueF failed -- with: Could not store pid
[DEBUG Aug  2 07:42:19.630833456, errors.go:113] Wrapped input error: Could not store pid -- with: A State Service instance is already running in the background.
[DEBUG Aug  2 07:42:19.630848261, errs.go:75] Wrapped error: A State Service instance is already running in the background. -- with: Could not start serviceManager
[DEBUG Aug  2 07:42:19.630915070, client.go:128] Reporting event to 2 reporters: command-exit, state-svc start, 1
[DEBUG Aug  2 07:42:20.022220349, errs.go:75] Wrapped error: <nil> -- with: Could not start serviceManager: A State Service instance is already running in the background.: Could not store pid: valueF failed: Service is already running
[DEBUG Aug  2 07:42:20.022293489, main.go:61] state-svc errored out due to input: Could not start serviceManager: A State Service instance is already running in the background.: Could not store pid: valueF failed: Service is already running
