[DEBUG Aug  2 07:44:13.246682052, defaults.go:273] Args: [/home1/wangfeim/.local/ActiveState/StateTool/release/bin/state-svc start]
[DEBUG Aug  2 07:44:13.297262727, locale.go:38] Init
[DEBUG Aug  2 07:44:13.342841886, errs.go:68] Created error: File could not be found
[DEBUG Aug  2 07:44:13.345865766, errs.go:68] Created error: Not Recognized
[DEBUG Aug  2 07:44:13.400988528, errs.go:68] Created error: Secret not found
[DEBUG Aug  2 07:44:13.401035034, errs.go:68] Created error: Could not save keypair
[DEBUG Aug  2 07:44:13.401191764, errs.go:68] Created error: Build responded with error
[DEBUG Aug  2 07:44:13.401236357, errs.go:68] Created error: Unknown build type
[DEBUG Aug  2 07:44:13.401341351, errors.go:86] Wrapped localized error: <nil> -- with: The installed version of the State Tool Service does not match that of the client.
Please stop the service with [ACTIONABLE]state-svc stop[/RESET] and try your command again.
If this issue persists please reinstall the State Tool.

[DEBUG Aug  2 07:44:13.401353781, errs.go:68] Created error: no data
[DEBUG Aug  2 07:44:13.401375023, errs.go:68] Created error: member not found
[DEBUG Aug  2 07:44:13.401398733, errs.go:68] Created error: Commit count is unknowable
[DEBUG Aug  2 07:44:13.401418561, errs.go:68] Created error: No merge required
[DEBUG Aug  2 07:44:13.401439550, errs.go:68] Created error: Can't merge commit thats already in target commits history
[DEBUG Aug  2 07:44:13.401461286, errs.go:68] Created error: Bad expander name
[DEBUG Aug  2 07:44:13.401482118, errs.go:68] Created error: Expander has no handler
[DEBUG Aug  2 07:44:13.402764511, errs.go:68] Created error: Service is already running
[DEBUG Aug  2 07:44:13.429576774, secrets.go:35] Gcloud Secretmanager failed to initialize (ignore if you're not trying to use gcloud): google: could not find default credentials. See https://developers.google.com/accounts/docs/application-default-credentials for more information.
[DEBUG Aug  2 07:44:13.432724578, output.go:53] Requested outputer for 
[DEBUG Aug  2 07:44:13.432744413, output.go:58] Using Plain outputer
[DEBUG Aug  2 07:44:13.432810445, termutils.go:17] Cannot get terminal size: inappropriate ioctl for device
[DEBUG Aug  2 07:44:13.432983800, client.go:128] Reporting event to 2 reporters: run-command, state-svc start, 
[DEBUG Aug  2 07:44:13.432998342, main.go:107] Running CmdStart
[DEBUG Aug  2 07:44:13.487403166, errs.go:75] Wrapped error: Service is already running -- with: valueF failed
[DEBUG Aug  2 07:44:13.487466719, errs.go:75] Wrapped error: valueF failed -- with: Could not store pid
[DEBUG Aug  2 07:44:13.487553812, errors.go:113] Wrapped input error: Could not store pid -- with: A State Service instance is already running in the background.
[DEBUG Aug  2 07:44:13.487569339, errs.go:75] Wrapped error: A State Service instance is already running in the background. -- with: Could not start serviceManager
[DEBUG Aug  2 07:44:13.487697932, client.go:128] Reporting event to 2 reporters: command-exit, state-svc start, 1
[DEBUG Aug  2 07:44:13.798503761, errs.go:75] Wrapped error: <nil> -- with: Could not start serviceManager: A State Service instance is already running in the background.: Could not store pid: valueF failed: Service is already running
[DEBUG Aug  2 07:44:13.798575991, main.go:61] state-svc errored out due to input: Could not start serviceManager: A State Service instance is already running in the background.: Could not store pid: valueF failed: Service is already running
