[DEBUG Sep 18 02:23:02.621718348, defaults.go:273] Args: [/home1/wangfeim/.local/ActiveState/StateTool/release/bin/state-svc foreground]
[DEBUG Sep 18 02:23:02.635452476, locale.go:38] Init
[DEBUG Sep 18 02:23:02.667022924, errs.go:68] Created error: File could not be found
[DEBUG Sep 18 02:23:02.669949352, errs.go:68] Created error: Not Recognized
[DEBUG Sep 18 02:23:02.691470274, errs.go:68] Created error: Secret not found
[DEBUG Sep 18 02:23:02.691516573, errs.go:68] Created error: Could not save keypair
[DEBUG Sep 18 02:23:02.691681752, errs.go:68] Created error: Build responded with error
[DEBUG Sep 18 02:23:02.691911045, errs.go:68] Created error: Unknown build type
[DEBUG Sep 18 02:23:02.692120917, errors.go:86] Wrapped localized error: <nil> -- with: The installed version of the State Tool Service does not match that of the client.
Please stop the service with [ACTIONABLE]state-svc stop[/RESET] and try your command again.
If this issue persists please reinstall the State Tool.

[DEBUG Sep 18 02:23:02.692144882, errs.go:68] Created error: no data
[DEBUG Sep 18 02:23:02.692175259, errs.go:68] Created error: member not found
[DEBUG Sep 18 02:23:02.692204867, errs.go:68] Created error: Commit count is unknowable
[DEBUG Sep 18 02:23:02.692233358, errs.go:68] Created error: No merge required
[DEBUG Sep 18 02:23:02.692261302, errs.go:68] Created error: Can't merge commit thats already in target commits history
[DEBUG Sep 18 02:23:02.692290744, errs.go:68] Created error: Bad expander name
[DEBUG Sep 18 02:23:02.692319842, errs.go:68] Created error: Expander has no handler
[DEBUG Sep 18 02:23:02.693785395, errs.go:68] Created error: Service is already running
[DEBUG Sep 18 02:23:02.729728136, secrets.go:35] Gcloud Secretmanager failed to initialize (ignore if you're not trying to use gcloud): google: could not find default credentials. See https://developers.google.com/accounts/docs/application-default-credentials for more information.
[DEBUG Sep 18 02:23:02.733869534, output.go:53] Requested outputer for 
[DEBUG Sep 18 02:23:02.733889392, output.go:58] Using Plain outputer
[DEBUG Sep 18 02:23:02.734022913, termutils.go:17] Cannot get terminal size: inappropriate ioctl for device
[DEBUG Sep 18 02:23:02.734135256, main.go:137] Running CmdForeground
[DEBUG Sep 18 02:23:02.734150457, main.go:147] Running in Foreground
[DEBUG Sep 18 02:23:02.734190695, client.go:128] Reporting event to 2 reporters: run-command, state-svc foreground, 
[DEBUG Sep 18 02:23:02.734418967, service.go:30] service:Start
[DEBUG Sep 18 02:23:02.739989101, service.go:42] Server starting on port: 43390
[DEBUG Sep 18 02:23:02.740084599, client.go:128] Reporting event to 2 reporters: state-svc, start, 
[DEBUG Sep 18 02:23:02.797247519, resolver.go:57] Version resolver
[DEBUG Sep 18 02:23:02.797783671, client.go:128] Reporting event to 2 reporters: state-svc, endpoint, Version
[DEBUG Sep 18 02:23:02.806885852, resolver.go:57] Version resolver
[DEBUG Sep 18 02:23:02.807155340, client.go:128] Reporting event to 2 reporters: state-svc, endpoint, Version
[DEBUG Sep 18 02:23:02.807739536, resolver.go:57] Version resolver
[DEBUG Sep 18 02:23:02.808225715, client.go:128] Reporting event to 2 reporters: state-svc, endpoint, Version
[DEBUG Sep 18 02:23:02.809412727, resolver.go:57] Version resolver
[DEBUG Sep 18 02:23:02.810010257, client.go:128] Reporting event to 2 reporters: state-svc, endpoint, Version
[DEBUG Sep 18 02:23:02.810580638, resolver.go:121] Analytics event resolver
[DEBUG Sep 18 02:23:02.811136652, client.go:128] Reporting event to 2 reporters: runtime, cache, 
[DEBUG Sep 18 02:23:02.811976165, resolver.go:121] Analytics event resolver
[DEBUG Sep 18 02:23:02.812225519, client.go:128] Reporting event to 2 reporters: runtime, success, 
[DEBUG Sep 18 02:23:02.812436114, resolver.go:121] Analytics event resolver
[DEBUG Sep 18 02:23:02.812838759, client.go:128] Reporting event to 2 reporters: runtime, start, 
[DEBUG Sep 18 02:23:02.813063221, resolver.go:121] Analytics event resolver
[DEBUG Sep 18 02:23:02.813262140, client.go:128] Reporting event to 2 reporters: run-command, exec, 
[DEBUG Sep 18 02:24:02.740378044, watcher.go:72] Checking for runtime processes
[DEBUG Sep 18 02:25:02.740377902, watcher.go:72] Checking for runtime processes
[DEBUG Sep 18 02:26:02.741349252, watcher.go:72] Checking for runtime processes
[DEBUG Sep 18 02:27:02.740384581, watcher.go:72] Checking for runtime processes
[DEBUG Sep 18 02:28:02.740876288, watcher.go:72] Checking for runtime processes
[DEBUG Sep 18 02:29:02.740806531, watcher.go:72] Checking for runtime processes
[DEBUG Sep 18 02:30:02.740584841, watcher.go:72] Checking for runtime processes
[DEBUG Sep 18 02:31:02.741353656, watcher.go:72] Checking for runtime processes
[DEBUG Sep 18 02:32:02.740393814, watcher.go:72] Checking for runtime processes
[DEBUG Sep 18 02:33:02.741393190, watcher.go:72] Checking for runtime processes
[DEBUG Sep 18 02:34:02.741364055, watcher.go:72] Checking for runtime processes
[DEBUG Sep 18 02:35:02.741356907, watcher.go:72] Checking for runtime processes
[DEBUG Sep 18 02:36:02.740314643, watcher.go:72] Checking for runtime processes
[DEBUG Sep 18 02:37:02.740603920, watcher.go:72] Checking for runtime processes
[DEBUG Sep 18 02:38:02.740611028, watcher.go:72] Checking for runtime processes
[DEBUG Sep 18 02:39:02.740366563, watcher.go:72] Checking for runtime processes
[DEBUG Sep 18 02:40:02.740723745, watcher.go:72] Checking for runtime processes
[DEBUG Sep 18 02:41:02.740431652, watcher.go:72] Checking for runtime processes
[DEBUG Sep 18 02:42:02.741402462, watcher.go:72] Checking for runtime processes
[DEBUG Sep 18 02:43:02.740622748, watcher.go:72] Checking for runtime processes
[DEBUG Sep 18 02:44:02.740362004, watcher.go:72] Checking for runtime processes
[DEBUG Sep 18 02:45:02.740516206, watcher.go:72] Checking for runtime processes
[DEBUG Sep 18 02:46:02.740477524, watcher.go:72] Checking for runtime processes
[DEBUG Sep 18 02:47:02.740562083, watcher.go:72] Checking for runtime processes
[DEBUG Sep 18 02:48:02.741258731, watcher.go:72] Checking for runtime processes
[DEBUG Sep 18 02:49:02.740436925, watcher.go:72] Checking for runtime processes
[DEBUG Sep 18 02:50:02.741442602, watcher.go:72] Checking for runtime processes
[DEBUG Sep 18 02:51:02.740588528, watcher.go:72] Checking for runtime processes
[DEBUG Sep 18 02:52:02.740336888, watcher.go:72] Checking for runtime processes
[DEBUG Sep 18 02:53:02.740522027, watcher.go:72] Checking for runtime processes
[DEBUG Sep 18 02:54:02.740389696, watcher.go:72] Checking for runtime processes
[DEBUG Sep 18 02:55:02.741257859, watcher.go:72] Checking for runtime processes
[DEBUG Sep 18 02:56:02.740352624, watcher.go:72] Checking for runtime processes
[DEBUG Sep 18 02:57:02.741427779, watcher.go:72] Checking for runtime processes
[DEBUG Sep 18 02:58:02.740425745, watcher.go:72] Checking for runtime processes
[DEBUG Sep 18 02:59:02.741543461, watcher.go:72] Checking for runtime processes
[DEBUG Sep 18 03:00:02.740438004, watcher.go:72] Checking for runtime processes
[DEBUG Sep 18 03:01:02.741357770, watcher.go:72] Checking for runtime processes
[DEBUG Sep 18 03:02:02.740569863, watcher.go:72] Checking for runtime processes
[DEBUG Sep 18 03:03:02.741320868, watcher.go:72] Checking for runtime processes
[DEBUG Sep 18 03:04:02.741429625, watcher.go:72] Checking for runtime processes
[DEBUG Sep 18 03:05:02.741439505, watcher.go:72] Checking for runtime processes
[DEBUG Sep 18 03:06:02.740451868, watcher.go:72] Checking for runtime processes
[DEBUG Sep 18 03:07:02.741480498, watcher.go:72] Checking for runtime processes
[DEBUG Sep 18 03:08:02.740378286, watcher.go:72] Checking for runtime processes
[DEBUG Sep 18 03:09:02.741359462, watcher.go:72] Checking for runtime processes
[DEBUG Sep 18 03:10:02.740576549, watcher.go:72] Checking for runtime processes
[DEBUG Sep 18 03:11:02.741376901, watcher.go:72] Checking for runtime processes
[DEBUG Sep 18 03:12:02.740582791, watcher.go:72] Checking for runtime processes
[DEBUG Sep 18 03:13:02.740581989, watcher.go:72] Checking for runtime processes
[DEBUG Sep 18 03:14:02.740368613, watcher.go:72] Checking for runtime processes
[DEBUG Sep 18 03:15:02.741272847, watcher.go:72] Checking for runtime processes
[DEBUG Sep 18 03:16:02.741257416, watcher.go:72] Checking for runtime processes
[DEBUG Sep 18 03:17:02.741341290, watcher.go:72] Checking for runtime processes
[DEBUG Sep 18 03:18:02.740419679, watcher.go:72] Checking for runtime processes
[DEBUG Sep 18 03:19:02.740394578, watcher.go:72] Checking for runtime processes
[DEBUG Sep 18 03:20:02.741524650, watcher.go:72] Checking for runtime processes
[DEBUG Sep 18 03:21:02.740385945, watcher.go:72] Checking for runtime processes
[DEBUG Sep 18 03:22:02.740803743, watcher.go:72] Checking for runtime processes
[DEBUG Sep 18 03:23:02.740364610, watcher.go:72] Checking for runtime processes
[DEBUG Sep 18 03:24:02.741354830, watcher.go:72] Checking for runtime processes
[DEBUG Sep 18 03:25:02.740427077, watcher.go:72] Checking for runtime processes
[DEBUG Sep 18 03:26:02.740624253, watcher.go:72] Checking for runtime processes
[DEBUG Sep 18 03:27:02.740617407, watcher.go:72] Checking for runtime processes
[DEBUG Sep 18 03:28:02.741609247, watcher.go:72] Checking for runtime processes
[DEBUG Sep 18 03:29:02.740436496, watcher.go:72] Checking for runtime processes
[DEBUG Sep 18 03:30:02.740566013, watcher.go:72] Checking for runtime processes
[DEBUG Sep 18 03:31:02.740770783, watcher.go:72] Checking for runtime processes
[DEBUG Sep 18 03:32:02.740334149, watcher.go:72] Checking for runtime processes
[DEBUG Sep 18 03:33:02.741552889, watcher.go:72] Checking for runtime processes
[DEBUG Sep 18 03:34:02.741340067, watcher.go:72] Checking for runtime processes
[DEBUG Sep 18 03:35:02.740621592, watcher.go:72] Checking for runtime processes
[DEBUG Sep 18 03:36:02.740822845, watcher.go:72] Checking for runtime processes
[DEBUG Sep 18 03:37:02.740555656, watcher.go:72] Checking for runtime processes
[DEBUG Sep 18 03:38:02.740382035, watcher.go:72] Checking for runtime processes
[DEBUG Sep 18 03:39:02.741382675, watcher.go:72] Checking for runtime processes
[DEBUG Sep 18 03:40:02.740798561, watcher.go:72] Checking for runtime processes
[DEBUG Sep 18 03:41:02.741277692, watcher.go:72] Checking for runtime processes
[DEBUG Sep 18 03:42:02.741332939, watcher.go:72] Checking for runtime processes
[DEBUG Sep 18 03:43:02.740452335, watcher.go:72] Checking for runtime processes
[DEBUG Sep 18 03:44:02.740367063, watcher.go:72] Checking for runtime processes
[DEBUG Sep 18 03:45:02.741512264, watcher.go:72] Checking for runtime processes
[DEBUG Sep 18 03:46:02.741462017, watcher.go:72] Checking for runtime processes
[DEBUG Sep 18 03:47:02.740353495, watcher.go:72] Checking for runtime processes
[DEBUG Sep 18 03:48:02.741468664, watcher.go:72] Checking for runtime processes
[DEBUG Sep 18 03:49:02.740390836, watcher.go:72] Checking for runtime processes
[DEBUG Sep 18 03:50:02.741443206, watcher.go:72] Checking for runtime processes
[DEBUG Sep 18 03:51:02.740336289, watcher.go:72] Checking for runtime processes
[DEBUG Sep 18 03:52:02.741260917, watcher.go:72] Checking for runtime processes
[DEBUG Sep 18 03:53:02.740384019, watcher.go:72] Checking for runtime processes
[DEBUG Sep 18 03:54:02.740326991, watcher.go:72] Checking for runtime processes
[DEBUG Sep 18 03:55:02.740381531, watcher.go:72] Checking for runtime processes
[DEBUG Sep 18 03:56:02.740457928, watcher.go:72] Checking for runtime processes
[DEBUG Sep 18 03:57:02.740326852, watcher.go:72] Checking for runtime processes
[DEBUG Sep 18 03:58:02.741344308, watcher.go:72] Checking for runtime processes
[DEBUG Sep 18 03:59:02.741291921, watcher.go:72] Checking for runtime processes
[DEBUG Sep 18 04:00:02.741495393, watcher.go:72] Checking for runtime processes
[DEBUG Sep 18 04:01:02.741107802, watcher.go:72] Checking for runtime processes
[DEBUG Sep 18 04:02:02.740394973, watcher.go:72] Checking for runtime processes
[DEBUG Sep 18 04:03:02.741280891, watcher.go:72] Checking for runtime processes
[DEBUG Sep 18 04:04:02.740639609, watcher.go:72] Checking for runtime processes
[DEBUG Sep 18 04:05:02.741571443, watcher.go:72] Checking for runtime processes
[DEBUG Sep 18 04:06:02.741364482, watcher.go:72] Checking for runtime processes
[DEBUG Sep 18 04:07:02.741576343, watcher.go:72] Checking for runtime processes
[DEBUG Sep 18 04:08:02.740373089, watcher.go:72] Checking for runtime processes
[DEBUG Sep 18 04:09:02.741272405, watcher.go:72] Checking for runtime processes
[DEBUG Sep 18 04:10:02.740382147, watcher.go:72] Checking for runtime processes
[DEBUG Sep 18 04:11:02.741286851, watcher.go:72] Checking for runtime processes
[DEBUG Sep 18 04:12:02.741581883, watcher.go:72] Checking for runtime processes
[DEBUG Sep 18 04:13:02.740689275, watcher.go:72] Checking for runtime processes
[DEBUG Sep 18 04:14:02.740404353, watcher.go:72] Checking for runtime processes
[DEBUG Sep 18 04:15:02.741365222, watcher.go:72] Checking for runtime processes
[DEBUG Sep 18 04:16:02.740545025, watcher.go:72] Checking for runtime processes
[DEBUG Sep 18 04:17:02.741274067, watcher.go:72] Checking for runtime processes
[DEBUG Sep 18 04:18:02.740429132, watcher.go:72] Checking for runtime processes
[DEBUG Sep 18 04:19:02.740812260, watcher.go:72] Checking for runtime processes
[DEBUG Sep 18 04:20:02.740424194, watcher.go:72] Checking for runtime processes
[DEBUG Sep 18 04:21:02.740457730, watcher.go:72] Checking for runtime processes
[DEBUG Sep 18 04:22:02.740781368, watcher.go:72] Checking for runtime processes
[DEBUG Sep 18 04:23:02.741648274, watcher.go:72] Checking for runtime processes
[DEBUG Sep 18 04:24:02.741268205, watcher.go:72] Checking for runtime processes
[DEBUG Sep 18 04:25:02.740375507, watcher.go:72] Checking for runtime processes
[DEBUG Sep 18 04:26:02.741484219, watcher.go:72] Checking for runtime processes
[DEBUG Sep 18 04:27:02.740312405, watcher.go:72] Checking for runtime processes
[DEBUG Sep 18 04:28:02.740448659, watcher.go:72] Checking for runtime processes
[DEBUG Sep 18 04:29:02.741398414, watcher.go:72] Checking for runtime processes
[DEBUG Sep 18 04:30:02.740335810, watcher.go:72] Checking for runtime processes
[DEBUG Sep 18 04:31:02.740373418, watcher.go:72] Checking for runtime processes
[DEBUG Sep 18 04:32:02.741259972, watcher.go:72] Checking for runtime processes
[DEBUG Sep 18 04:33:02.741273937, watcher.go:72] Checking for runtime processes
[DEBUG Sep 18 04:34:02.740475174, watcher.go:72] Checking for runtime processes
[DEBUG Sep 18 04:35:02.741569586, watcher.go:72] Checking for runtime processes
[DEBUG Sep 18 04:36:02.740401556, watcher.go:72] Checking for runtime processes
[DEBUG Sep 18 04:37:02.741258268, watcher.go:72] Checking for runtime processes
[DEBUG Sep 18 04:38:02.740463412, watcher.go:72] Checking for runtime processes
[DEBUG Sep 18 04:39:02.740738239, watcher.go:72] Checking for runtime processes
[DEBUG Sep 18 04:40:02.740463555, watcher.go:72] Checking for runtime processes
[DEBUG Sep 18 04:41:02.740369185, watcher.go:72] Checking for runtime processes
[DEBUG Sep 18 04:42:02.740518351, watcher.go:72] Checking for runtime processes
[DEBUG Sep 18 04:43:02.740356723, watcher.go:72] Checking for runtime processes
[DEBUG Sep 18 04:44:02.740667178, watcher.go:72] Checking for runtime processes
[DEBUG Sep 18 04:45:02.740809845, watcher.go:72] Checking for runtime processes
[DEBUG Sep 18 04:46:02.741318085, watcher.go:72] Checking for runtime processes
[DEBUG Sep 18 04:47:02.740619986, watcher.go:72] Checking for runtime processes
[DEBUG Sep 18 04:48:02.740328957, watcher.go:72] Checking for runtime processes
[DEBUG Sep 18 04:49:02.741339929, watcher.go:72] Checking for runtime processes
[DEBUG Sep 18 04:50:02.741271342, watcher.go:72] Checking for runtime processes
[DEBUG Sep 18 04:51:02.741262899, watcher.go:72] Checking for runtime processes
[DEBUG Sep 18 04:52:02.741320876, watcher.go:72] Checking for runtime processes
[DEBUG Sep 18 04:53:02.740943792, watcher.go:72] Checking for runtime processes
[DEBUG Sep 18 04:54:02.741391665, watcher.go:72] Checking for runtime processes
[DEBUG Sep 18 04:55:02.740347100, watcher.go:72] Checking for runtime processes
[DEBUG Sep 18 04:56:02.741379808, watcher.go:72] Checking for runtime processes
[DEBUG Sep 18 04:57:02.740393834, watcher.go:72] Checking for runtime processes
[DEBUG Sep 18 04:58:02.740521708, watcher.go:72] Checking for runtime processes
[DEBUG Sep 18 04:59:02.740652728, watcher.go:72] Checking for runtime processes
[DEBUG Sep 18 05:00:02.740653992, watcher.go:72] Checking for runtime processes
[DEBUG Sep 18 05:01:02.740320636, watcher.go:72] Checking for runtime processes
[DEBUG Sep 18 05:02:02.740398248, watcher.go:72] Checking for runtime processes
[DEBUG Sep 18 05:03:02.741361589, watcher.go:72] Checking for runtime processes
[DEBUG Sep 18 05:04:02.740434781, watcher.go:72] Checking for runtime processes
[DEBUG Sep 18 05:05:02.740583480, watcher.go:72] Checking for runtime processes
[DEBUG Sep 18 05:06:02.741338513, watcher.go:72] Checking for runtime processes
[DEBUG Sep 18 05:07:02.740345461, watcher.go:72] Checking for runtime processes
[DEBUG Sep 18 05:08:02.740751202, watcher.go:72] Checking for runtime processes
[DEBUG Sep 18 05:09:02.741564170, watcher.go:72] Checking for runtime processes
[DEBUG Sep 18 05:10:02.740401845, watcher.go:72] Checking for runtime processes
[DEBUG Sep 18 05:11:02.741604784, watcher.go:72] Checking for runtime processes
[DEBUG Sep 18 05:12:02.740387814, watcher.go:72] Checking for runtime processes
[DEBUG Sep 18 05:13:02.740491871, watcher.go:72] Checking for runtime processes
[DEBUG Sep 18 05:14:02.740509556, watcher.go:72] Checking for runtime processes
[DEBUG Sep 18 05:15:02.740489168, watcher.go:72] Checking for runtime processes
[DEBUG Sep 18 05:16:02.741283979, watcher.go:72] Checking for runtime processes
[DEBUG Sep 18 05:16:41.997469139, resolver.go:121] Analytics event resolver
[DEBUG Sep 18 05:16:41.997727627, client.go:128] Reporting event to 2 reporters: command-exit, exec, 0
[DEBUG Sep 18 05:17:02.740447565, watcher.go:72] Checking for runtime processes
[DEBUG Sep 18 05:18:02.741275780, watcher.go:72] Checking for runtime processes
[DEBUG Sep 18 05:19:02.741112392, watcher.go:72] Checking for runtime processes
[DEBUG Sep 18 05:20:02.741354601, watcher.go:72] Checking for runtime processes
[DEBUG Sep 18 05:21:02.741259621, watcher.go:72] Checking for runtime processes
[DEBUG Sep 18 05:22:02.741270261, watcher.go:72] Checking for runtime processes
[DEBUG Sep 18 05:23:02.741268902, watcher.go:72] Checking for runtime processes
[DEBUG Sep 18 05:24:02.741272386, watcher.go:72] Checking for runtime processes
[DEBUG Sep 18 05:25:02.741245625, watcher.go:72] Checking for runtime processes
[DEBUG Sep 18 05:26:02.741257194, watcher.go:72] Checking for runtime processes
[DEBUG Sep 18 05:27:02.740385007, watcher.go:72] Checking for runtime processes
[DEBUG Sep 18 05:28:02.741267826, watcher.go:72] Checking for runtime processes
[DEBUG Sep 18 05:29:02.740380828, watcher.go:72] Checking for runtime processes
[DEBUG Sep 18 05:30:02.741259621, watcher.go:72] Checking for runtime processes
[DEBUG Sep 18 05:31:02.741255321, watcher.go:72] Checking for runtime processes
[DEBUG Sep 18 05:32:02.741278850, watcher.go:72] Checking for runtime processes
[DEBUG Sep 18 05:33:02.741260583, watcher.go:72] Checking for runtime processes
[DEBUG Sep 18 05:34:02.741285044, watcher.go:72] Checking for runtime processes
[DEBUG Sep 18 05:35:02.741254885, watcher.go:72] Checking for runtime processes
[DEBUG Sep 18 05:36:02.741272110, watcher.go:72] Checking for runtime processes
[DEBUG Sep 18 05:37:02.741266429, watcher.go:72] Checking for runtime processes
[DEBUG Sep 18 05:38:02.741268396, watcher.go:72] Checking for runtime processes
[DEBUG Sep 18 05:39:02.741255126, watcher.go:72] Checking for runtime processes
[DEBUG Sep 18 05:40:02.741252622, watcher.go:72] Checking for runtime processes
[DEBUG Sep 18 05:41:02.741267453, watcher.go:72] Checking for runtime processes
[DEBUG Sep 18 05:42:02.740388360, watcher.go:72] Checking for runtime processes
[DEBUG Sep 18 05:43:02.741254651, watcher.go:72] Checking for runtime processes
[DEBUG Sep 18 05:44:02.740382265, watcher.go:72] Checking for runtime processes
[DEBUG Sep 18 05:45:02.741278102, watcher.go:72] Checking for runtime processes
[DEBUG Sep 18 05:46:02.741264503, watcher.go:72] Checking for runtime processes
[DEBUG Sep 18 05:47:02.741273713, watcher.go:72] Checking for runtime processes
[DEBUG Sep 18 05:48:02.741275599, watcher.go:72] Checking for runtime processes
[DEBUG Sep 18 05:49:02.741285216, watcher.go:72] Checking for runtime processes
[DEBUG Sep 18 05:50:02.741286732, watcher.go:72] Checking for runtime processes
[DEBUG Sep 18 05:51:02.741277108, watcher.go:72] Checking for runtime processes
[DEBUG Sep 18 05:52:02.741254951, watcher.go:72] Checking for runtime processes
[DEBUG Sep 18 05:53:02.741282653, watcher.go:72] Checking for runtime processes
[DEBUG Sep 18 05:54:02.741268634, watcher.go:72] Checking for runtime processes
[DEBUG Sep 18 05:55:02.741253642, watcher.go:72] Checking for runtime processes
[DEBUG Sep 18 05:56:02.741268514, watcher.go:72] Checking for runtime processes
[DEBUG Sep 18 05:57:02.740384482, watcher.go:72] Checking for runtime processes
[DEBUG Sep 18 05:58:02.741264942, watcher.go:72] Checking for runtime processes
[DEBUG Sep 18 05:59:02.740379875, watcher.go:72] Checking for runtime processes
[DEBUG Sep 18 06:00:02.741261723, watcher.go:72] Checking for runtime processes
[DEBUG Sep 18 06:01:02.741264836, watcher.go:72] Checking for runtime processes
[DEBUG Sep 18 06:02:02.741299996, watcher.go:72] Checking for runtime processes
[DEBUG Sep 18 06:03:02.741265560, watcher.go:72] Checking for runtime processes
[DEBUG Sep 18 06:04:02.741272763, watcher.go:72] Checking for runtime processes
[DEBUG Sep 18 06:05:02.741260000, watcher.go:72] Checking for runtime processes
[DEBUG Sep 18 06:06:02.741283663, watcher.go:72] Checking for runtime processes
[DEBUG Sep 18 06:07:02.741269136, watcher.go:72] Checking for runtime processes
[DEBUG Sep 18 06:08:02.741273146, watcher.go:72] Checking for runtime processes
[DEBUG Sep 18 06:09:02.741270396, watcher.go:72] Checking for runtime processes
[DEBUG Sep 18 06:10:02.741293956, watcher.go:72] Checking for runtime processes
[DEBUG Sep 18 06:11:02.741268299, watcher.go:72] Checking for runtime processes
[DEBUG Sep 18 06:12:02.740385497, watcher.go:72] Checking for runtime processes
[DEBUG Sep 18 06:13:02.741251244, watcher.go:72] Checking for runtime processes
[DEBUG Sep 18 06:14:02.740383400, watcher.go:72] Checking for runtime processes
[DEBUG Sep 18 06:15:02.741271705, watcher.go:72] Checking for runtime processes
[DEBUG Sep 18 06:16:02.741268217, watcher.go:72] Checking for runtime processes
[DEBUG Sep 18 06:17:02.741259023, watcher.go:72] Checking for runtime processes
[DEBUG Sep 18 06:18:02.741269582, watcher.go:72] Checking for runtime processes
[DEBUG Sep 18 06:19:02.741267975, watcher.go:72] Checking for runtime processes
[DEBUG Sep 18 06:20:02.741254260, watcher.go:72] Checking for runtime processes
[DEBUG Sep 18 06:21:02.741268858, watcher.go:72] Checking for runtime processes
[DEBUG Sep 18 06:22:02.741268706, watcher.go:72] Checking for runtime processes
[DEBUG Sep 18 06:23:02.741264763, watcher.go:72] Checking for runtime processes
[DEBUG Sep 18 06:24:02.741291282, watcher.go:72] Checking for runtime processes
[DEBUG Sep 18 06:25:02.741271709, watcher.go:72] Checking for runtime processes
[DEBUG Sep 18 06:26:02.741258889, watcher.go:72] Checking for runtime processes
[DEBUG Sep 18 06:27:02.740386390, watcher.go:72] Checking for runtime processes
[DEBUG Sep 18 06:28:02.741260667, watcher.go:72] Checking for runtime processes
[DEBUG Sep 18 06:29:02.740382249, watcher.go:72] Checking for runtime processes
[DEBUG Sep 18 06:30:02.741284527, watcher.go:72] Checking for runtime processes
[DEBUG Sep 18 06:31:02.741260375, watcher.go:72] Checking for runtime processes
[DEBUG Sep 18 06:32:02.741270435, watcher.go:72] Checking for runtime processes
[DEBUG Sep 18 06:33:02.741252127, watcher.go:72] Checking for runtime processes
[DEBUG Sep 18 06:34:02.741268255, watcher.go:72] Checking for runtime processes
[DEBUG Sep 18 06:35:02.741279107, watcher.go:72] Checking for runtime processes
[DEBUG Sep 18 06:36:02.741254984, watcher.go:72] Checking for runtime processes
[DEBUG Sep 18 06:37:02.741255077, watcher.go:72] Checking for runtime processes
[DEBUG Sep 18 06:38:02.741259316, watcher.go:72] Checking for runtime processes
[DEBUG Sep 18 06:39:02.741271498, watcher.go:72] Checking for runtime processes
[DEBUG Sep 18 06:40:02.741244028, watcher.go:72] Checking for runtime processes
[DEBUG Sep 18 06:41:02.741280606, watcher.go:72] Checking for runtime processes
[DEBUG Sep 18 06:42:02.740386586, watcher.go:72] Checking for runtime processes
[DEBUG Sep 18 06:43:02.741270412, watcher.go:72] Checking for runtime processes
[DEBUG Sep 18 06:44:02.740381244, watcher.go:72] Checking for runtime processes
[DEBUG Sep 18 06:45:02.741283787, watcher.go:72] Checking for runtime processes
[DEBUG Sep 18 06:46:02.741255257, watcher.go:72] Checking for runtime processes
[DEBUG Sep 18 06:47:02.741258656, watcher.go:72] Checking for runtime processes
[DEBUG Sep 18 06:48:02.741266630, watcher.go:72] Checking for runtime processes
[DEBUG Sep 18 06:49:02.741257347, watcher.go:72] Checking for runtime processes
[DEBUG Sep 18 06:50:02.741265946, watcher.go:72] Checking for runtime processes
[DEBUG Sep 18 06:51:02.741270862, watcher.go:72] Checking for runtime processes
[DEBUG Sep 18 06:52:02.741266071, watcher.go:72] Checking for runtime processes
[DEBUG Sep 18 06:53:02.741261113, watcher.go:72] Checking for runtime processes
[DEBUG Sep 18 06:54:02.741256171, watcher.go:72] Checking for runtime processes
[DEBUG Sep 18 06:55:02.741244397, watcher.go:72] Checking for runtime processes
[DEBUG Sep 18 06:56:02.741257367, watcher.go:72] Checking for runtime processes
[DEBUG Sep 18 06:57:02.740386130, watcher.go:72] Checking for runtime processes
[DEBUG Sep 18 06:58:02.741270913, watcher.go:72] Checking for runtime processes
[DEBUG Sep 18 06:59:02.740384038, watcher.go:72] Checking for runtime processes
[DEBUG Sep 18 07:00:02.741257501, watcher.go:72] Checking for runtime processes
[DEBUG Sep 18 07:01:02.741277981, watcher.go:72] Checking for runtime processes
[DEBUG Sep 18 07:02:02.741273527, watcher.go:72] Checking for runtime processes
[DEBUG Sep 18 07:03:02.741254068, watcher.go:72] Checking for runtime processes
[DEBUG Sep 18 07:04:02.741272825, watcher.go:72] Checking for runtime processes
[DEBUG Sep 18 07:05:02.741257032, watcher.go:72] Checking for runtime processes
[DEBUG Sep 18 07:06:02.741268269, watcher.go:72] Checking for runtime processes
[DEBUG Sep 18 07:07:02.741257176, watcher.go:72] Checking for runtime processes
[DEBUG Sep 18 07:08:02.741270390, watcher.go:72] Checking for runtime processes
[DEBUG Sep 18 07:09:02.741263603, watcher.go:72] Checking for runtime processes
[DEBUG Sep 18 07:10:02.741241178, watcher.go:72] Checking for runtime processes
[DEBUG Sep 18 07:11:02.741264400, watcher.go:72] Checking for runtime processes
[DEBUG Sep 18 07:12:02.740385206, watcher.go:72] Checking for runtime processes
[DEBUG Sep 18 07:13:02.741256314, watcher.go:72] Checking for runtime processes
[DEBUG Sep 18 07:14:02.740382037, watcher.go:72] Checking for runtime processes
[DEBUG Sep 18 07:15:02.741262035, watcher.go:72] Checking for runtime processes
[DEBUG Sep 18 07:16:02.741251616, watcher.go:72] Checking for runtime processes
[DEBUG Sep 18 07:17:02.741278035, watcher.go:72] Checking for runtime processes
[DEBUG Sep 18 07:18:02.741257055, watcher.go:72] Checking for runtime processes
[DEBUG Sep 18 07:19:02.741265907, watcher.go:72] Checking for runtime processes
[DEBUG Sep 18 07:20:02.741258194, watcher.go:72] Checking for runtime processes
[DEBUG Sep 18 07:21:02.741264672, watcher.go:72] Checking for runtime processes
[DEBUG Sep 18 07:22:02.741259153, watcher.go:72] Checking for runtime processes
[DEBUG Sep 18 07:23:02.741262935, watcher.go:72] Checking for runtime processes
[DEBUG Sep 18 07:24:02.741269118, watcher.go:72] Checking for runtime processes
[DEBUG Sep 18 07:25:02.741254436, watcher.go:72] Checking for runtime processes
[DEBUG Sep 18 07:26:02.741275508, watcher.go:72] Checking for runtime processes
[DEBUG Sep 18 07:27:02.740388156, watcher.go:72] Checking for runtime processes
[DEBUG Sep 18 07:28:02.741266742, watcher.go:72] Checking for runtime processes
[DEBUG Sep 18 07:29:02.740382549, watcher.go:72] Checking for runtime processes
[DEBUG Sep 18 07:30:02.741263979, watcher.go:72] Checking for runtime processes
[DEBUG Sep 18 07:31:02.741256156, watcher.go:72] Checking for runtime processes
[DEBUG Sep 18 07:32:02.741256638, watcher.go:72] Checking for runtime processes
[DEBUG Sep 18 07:33:02.741255067, watcher.go:72] Checking for runtime processes
[DEBUG Sep 18 07:34:02.741270425, watcher.go:72] Checking for runtime processes
[DEBUG Sep 18 07:35:02.741268408, watcher.go:72] Checking for runtime processes
[DEBUG Sep 18 07:36:02.741266829, watcher.go:72] Checking for runtime processes
[DEBUG Sep 18 07:37:02.741270573, watcher.go:72] Checking for runtime processes
[DEBUG Sep 18 07:38:02.741261523, watcher.go:72] Checking for runtime processes
[DEBUG Sep 18 07:39:02.741257668, watcher.go:72] Checking for runtime processes
[DEBUG Sep 18 07:40:02.741254361, watcher.go:72] Checking for runtime processes
[DEBUG Sep 18 07:41:02.741260788, watcher.go:72] Checking for runtime processes
[DEBUG Sep 18 07:42:02.740387369, watcher.go:72] Checking for runtime processes
[DEBUG Sep 18 07:43:02.741258582, watcher.go:72] Checking for runtime processes
[DEBUG Sep 18 07:44:02.740381683, watcher.go:72] Checking for runtime processes
[DEBUG Sep 18 07:45:02.741260781, watcher.go:72] Checking for runtime processes
[DEBUG Sep 18 07:46:02.741306372, watcher.go:72] Checking for runtime processes
[DEBUG Sep 18 07:47:02.741262132, watcher.go:72] Checking for runtime processes
[DEBUG Sep 18 07:48:02.741251006, watcher.go:72] Checking for runtime processes
[DEBUG Sep 18 07:49:02.741273165, watcher.go:72] Checking for runtime processes
[DEBUG Sep 18 07:50:02.741261400, watcher.go:72] Checking for runtime processes
[DEBUG Sep 18 07:51:02.741259698, watcher.go:72] Checking for runtime processes
[DEBUG Sep 18 07:52:02.741264442, watcher.go:72] Checking for runtime processes
[DEBUG Sep 18 07:53:02.741277851, watcher.go:72] Checking for runtime processes
[DEBUG Sep 18 07:54:02.741269813, watcher.go:72] Checking for runtime processes
[DEBUG Sep 18 07:55:02.741263817, watcher.go:72] Checking for runtime processes
[DEBUG Sep 18 07:56:02.741268088, watcher.go:72] Checking for runtime processes
[DEBUG Sep 18 07:57:02.740385525, watcher.go:72] Checking for runtime processes
[DEBUG Sep 18 07:58:02.741268614, watcher.go:72] Checking for runtime processes
[DEBUG Sep 18 07:59:02.740382973, watcher.go:72] Checking for runtime processes
[DEBUG Sep 18 08:00:02.741260148, watcher.go:72] Checking for runtime processes
[DEBUG Sep 18 08:01:02.741253399, watcher.go:72] Checking for runtime processes
[DEBUG Sep 18 08:02:02.741254355, watcher.go:72] Checking for runtime processes
[DEBUG Sep 18 08:03:02.741257296, watcher.go:72] Checking for runtime processes
[DEBUG Sep 18 08:04:02.741279753, watcher.go:72] Checking for runtime processes
[DEBUG Sep 18 08:05:02.741278631, watcher.go:72] Checking for runtime processes
[DEBUG Sep 18 08:06:02.741272050, watcher.go:72] Checking for runtime processes
[DEBUG Sep 18 08:07:02.741268338, watcher.go:72] Checking for runtime processes
[DEBUG Sep 18 08:08:02.741329336, watcher.go:72] Checking for runtime processes
[DEBUG Sep 18 08:09:02.741257545, watcher.go:72] Checking for runtime processes
[DEBUG Sep 18 08:10:02.741250071, watcher.go:72] Checking for runtime processes
[DEBUG Sep 18 08:11:02.741259185, watcher.go:72] Checking for runtime processes
[DEBUG Sep 18 08:12:02.740386093, watcher.go:72] Checking for runtime processes
[DEBUG Sep 18 08:13:02.741260101, watcher.go:72] Checking for runtime processes
[DEBUG Sep 18 08:14:02.740380830, watcher.go:72] Checking for runtime processes
[DEBUG Sep 18 08:15:02.741277306, watcher.go:72] Checking for runtime processes
[DEBUG Sep 18 08:16:02.741298842, watcher.go:72] Checking for runtime processes
[DEBUG Sep 18 08:17:02.741273541, watcher.go:72] Checking for runtime processes
[DEBUG Sep 18 08:18:02.741265138, watcher.go:72] Checking for runtime processes
[DEBUG Sep 18 08:19:02.741263119, watcher.go:72] Checking for runtime processes
[DEBUG Sep 18 08:20:02.741265866, watcher.go:72] Checking for runtime processes
[DEBUG Sep 18 08:21:02.741262406, watcher.go:72] Checking for runtime processes
[DEBUG Sep 18 08:22:02.741257448, watcher.go:72] Checking for runtime processes
[DEBUG Sep 18 08:23:02.741278317, watcher.go:72] Checking for runtime processes
[DEBUG Sep 18 08:24:02.741252023, watcher.go:72] Checking for runtime processes
[DEBUG Sep 18 08:25:02.741243688, watcher.go:72] Checking for runtime processes
[DEBUG Sep 18 08:26:02.741264261, watcher.go:72] Checking for runtime processes
[DEBUG Sep 18 08:27:02.740383891, watcher.go:72] Checking for runtime processes
[DEBUG Sep 18 08:28:02.741258006, watcher.go:72] Checking for runtime processes
[DEBUG Sep 18 08:29:02.740382628, watcher.go:72] Checking for runtime processes
[DEBUG Sep 18 08:30:02.741281428, watcher.go:72] Checking for runtime processes
[DEBUG Sep 18 08:31:02.741294378, watcher.go:72] Checking for runtime processes
[DEBUG Sep 18 08:32:02.741259760, watcher.go:72] Checking for runtime processes
[DEBUG Sep 18 08:33:02.741257657, watcher.go:72] Checking for runtime processes
[DEBUG Sep 18 08:34:02.741336361, watcher.go:72] Checking for runtime processes
[DEBUG Sep 18 08:35:02.741273816, watcher.go:72] Checking for runtime processes
[DEBUG Sep 18 08:36:02.741284155, watcher.go:72] Checking for runtime processes
[DEBUG Sep 18 08:37:02.741257317, watcher.go:72] Checking for runtime processes
[DEBUG Sep 18 08:38:02.741263312, watcher.go:72] Checking for runtime processes
[DEBUG Sep 18 08:39:02.741269936, watcher.go:72] Checking for runtime processes
[DEBUG Sep 18 08:40:02.741246623, watcher.go:72] Checking for runtime processes
[DEBUG Sep 18 08:41:02.741266265, watcher.go:72] Checking for runtime processes
[DEBUG Sep 18 08:42:02.740387041, watcher.go:72] Checking for runtime processes
[DEBUG Sep 18 08:43:02.741253269, watcher.go:72] Checking for runtime processes
[DEBUG Sep 18 08:44:02.740382018, watcher.go:72] Checking for runtime processes
[DEBUG Sep 18 08:45:02.741256287, watcher.go:72] Checking for runtime processes
[DEBUG Sep 18 08:46:02.741258747, watcher.go:72] Checking for runtime processes
[DEBUG Sep 18 08:47:02.741266488, watcher.go:72] Checking for runtime processes
[DEBUG Sep 18 08:48:02.741256041, watcher.go:72] Checking for runtime processes
[DEBUG Sep 18 08:49:02.741310802, watcher.go:72] Checking for runtime processes
[DEBUG Sep 18 08:50:02.741264543, watcher.go:72] Checking for runtime processes
[DEBUG Sep 18 08:51:02.741283488, watcher.go:72] Checking for runtime processes
[DEBUG Sep 18 08:52:02.741257803, watcher.go:72] Checking for runtime processes
[DEBUG Sep 18 08:53:02.741276863, watcher.go:72] Checking for runtime processes
[DEBUG Sep 18 08:54:02.741294220, watcher.go:72] Checking for runtime processes
[DEBUG Sep 18 08:55:02.741253310, watcher.go:72] Checking for runtime processes
[DEBUG Sep 18 08:56:02.741274839, watcher.go:72] Checking for runtime processes
[DEBUG Sep 18 08:57:02.740386373, watcher.go:72] Checking for runtime processes
[DEBUG Sep 18 08:58:02.741259282, watcher.go:72] Checking for runtime processes
[DEBUG Sep 18 08:59:02.740381506, watcher.go:72] Checking for runtime processes
[DEBUG Sep 18 09:00:02.741257946, watcher.go:72] Checking for runtime processes
[DEBUG Sep 18 09:01:02.741254239, watcher.go:72] Checking for runtime processes
[DEBUG Sep 18 09:02:02.741259082, watcher.go:72] Checking for runtime processes
[DEBUG Sep 18 09:03:02.741256646, watcher.go:72] Checking for runtime processes
[DEBUG Sep 18 09:04:02.741261725, watcher.go:72] Checking for runtime processes
[DEBUG Sep 18 09:05:02.741259315, watcher.go:72] Checking for runtime processes
[DEBUG Sep 18 09:06:02.741262886, watcher.go:72] Checking for runtime processes
[DEBUG Sep 18 09:07:02.741250859, watcher.go:72] Checking for runtime processes
[DEBUG Sep 18 09:08:02.741259284, watcher.go:72] Checking for runtime processes
[DEBUG Sep 18 09:09:02.741262387, watcher.go:72] Checking for runtime processes
[DEBUG Sep 18 09:10:02.741265256, watcher.go:72] Checking for runtime processes
[DEBUG Sep 18 09:11:02.741279907, watcher.go:72] Checking for runtime processes
[DEBUG Sep 18 09:12:02.740385258, watcher.go:72] Checking for runtime processes
[DEBUG Sep 18 09:13:02.741253958, watcher.go:72] Checking for runtime processes
[DEBUG Sep 18 09:14:02.740384743, watcher.go:72] Checking for runtime processes
[DEBUG Sep 18 09:15:02.741258222, watcher.go:72] Checking for runtime processes
[DEBUG Sep 18 09:16:02.741259615, watcher.go:72] Checking for runtime processes
[DEBUG Sep 18 09:17:02.741272287, watcher.go:72] Checking for runtime processes
[DEBUG Sep 18 09:18:02.741252981, watcher.go:72] Checking for runtime processes
[DEBUG Sep 18 09:19:02.741265570, watcher.go:72] Checking for runtime processes
[DEBUG Sep 18 09:20:02.741269618, watcher.go:72] Checking for runtime processes
[DEBUG Sep 18 09:21:02.741259376, watcher.go:72] Checking for runtime processes
[DEBUG Sep 18 09:22:02.741281088, watcher.go:72] Checking for runtime processes
[DEBUG Sep 18 09:23:02.741301441, watcher.go:72] Checking for runtime processes
[DEBUG Sep 18 09:24:02.741256608, watcher.go:72] Checking for runtime processes
[DEBUG Sep 18 09:25:02.741255223, watcher.go:72] Checking for runtime processes
[DEBUG Sep 18 09:26:02.741257036, watcher.go:72] Checking for runtime processes
[DEBUG Sep 18 09:27:02.740385436, watcher.go:72] Checking for runtime processes
[DEBUG Sep 18 09:28:02.741271717, watcher.go:72] Checking for runtime processes
[DEBUG Sep 18 09:29:02.740381522, watcher.go:72] Checking for runtime processes
[DEBUG Sep 18 09:30:02.741277017, watcher.go:72] Checking for runtime processes
[DEBUG Sep 18 09:31:02.741273134, watcher.go:72] Checking for runtime processes
[DEBUG Sep 18 09:32:02.741271470, watcher.go:72] Checking for runtime processes
[DEBUG Sep 18 09:33:02.741250694, watcher.go:72] Checking for runtime processes
[DEBUG Sep 18 09:34:02.741275389, watcher.go:72] Checking for runtime processes
[DEBUG Sep 18 09:35:02.741268905, watcher.go:72] Checking for runtime processes
[DEBUG Sep 18 09:36:02.741258249, watcher.go:72] Checking for runtime processes
[DEBUG Sep 18 09:37:02.741266690, watcher.go:72] Checking for runtime processes
[DEBUG Sep 18 09:38:02.741257125, watcher.go:72] Checking for runtime processes
[DEBUG Sep 18 09:39:02.741253670, watcher.go:72] Checking for runtime processes
[DEBUG Sep 18 09:40:02.741257526, watcher.go:72] Checking for runtime processes
[DEBUG Sep 18 09:41:02.741258386, watcher.go:72] Checking for runtime processes
[DEBUG Sep 18 09:42:02.740386625, watcher.go:72] Checking for runtime processes
[DEBUG Sep 18 09:43:02.741259032, watcher.go:72] Checking for runtime processes
[DEBUG Sep 18 09:44:02.740380023, watcher.go:72] Checking for runtime processes
[DEBUG Sep 18 09:45:02.741327058, watcher.go:72] Checking for runtime processes
[DEBUG Sep 18 09:46:02.741259037, watcher.go:72] Checking for runtime processes
[DEBUG Sep 18 09:47:02.741259277, watcher.go:72] Checking for runtime processes
[DEBUG Sep 18 09:48:02.741267946, watcher.go:72] Checking for runtime processes
[DEBUG Sep 18 09:49:02.741261152, watcher.go:72] Checking for runtime processes
[DEBUG Sep 18 09:50:02.741260121, watcher.go:72] Checking for runtime processes
[DEBUG Sep 18 09:51:02.741265513, watcher.go:72] Checking for runtime processes
[DEBUG Sep 18 09:52:02.741266977, watcher.go:72] Checking for runtime processes
[DEBUG Sep 18 09:53:02.741259547, watcher.go:72] Checking for runtime processes
[DEBUG Sep 18 09:54:02.741265616, watcher.go:72] Checking for runtime processes
[DEBUG Sep 18 09:55:02.741257411, watcher.go:72] Checking for runtime processes
[DEBUG Sep 18 09:56:02.741267694, watcher.go:72] Checking for runtime processes
[DEBUG Sep 18 09:57:02.740383950, watcher.go:72] Checking for runtime processes
[DEBUG Sep 18 09:58:02.741254098, watcher.go:72] Checking for runtime processes
[DEBUG Sep 18 09:59:02.740380893, watcher.go:72] Checking for runtime processes
[DEBUG Sep 18 10:00:02.741263531, watcher.go:72] Checking for runtime processes
[DEBUG Sep 18 10:01:02.741261570, watcher.go:72] Checking for runtime processes
[DEBUG Sep 18 10:02:02.741273931, watcher.go:72] Checking for runtime processes
[DEBUG Sep 18 10:03:02.741268364, watcher.go:72] Checking for runtime processes
[DEBUG Sep 18 10:04:02.741260451, watcher.go:72] Checking for runtime processes
[DEBUG Sep 18 10:05:02.741265897, watcher.go:72] Checking for runtime processes
[DEBUG Sep 18 10:06:02.741261534, watcher.go:72] Checking for runtime processes
[DEBUG Sep 18 10:07:02.741271979, watcher.go:72] Checking for runtime processes
[DEBUG Sep 18 10:08:02.741281979, watcher.go:72] Checking for runtime processes
[DEBUG Sep 18 10:09:02.741256946, watcher.go:72] Checking for runtime processes
[DEBUG Sep 18 10:10:02.741266858, watcher.go:72] Checking for runtime processes
[DEBUG Sep 18 10:11:02.741268368, watcher.go:72] Checking for runtime processes
[DEBUG Sep 18 10:12:02.740383806, watcher.go:72] Checking for runtime processes
[DEBUG Sep 18 10:13:02.741279460, watcher.go:72] Checking for runtime processes
[DEBUG Sep 18 10:14:02.740382683, watcher.go:72] Checking for runtime processes
[DEBUG Sep 18 10:15:02.741288058, watcher.go:72] Checking for runtime processes
[DEBUG Sep 18 10:16:02.741254309, watcher.go:72] Checking for runtime processes
[DEBUG Sep 18 10:17:02.741272897, watcher.go:72] Checking for runtime processes
[DEBUG Sep 18 10:18:02.741257368, watcher.go:72] Checking for runtime processes
[DEBUG Sep 18 10:19:02.741271008, watcher.go:72] Checking for runtime processes
[DEBUG Sep 18 10:20:02.741266143, watcher.go:72] Checking for runtime processes
[DEBUG Sep 18 10:21:02.741286628, watcher.go:72] Checking for runtime processes
[DEBUG Sep 18 10:22:02.741267409, watcher.go:72] Checking for runtime processes
[DEBUG Sep 18 10:23:02.741271116, watcher.go:72] Checking for runtime processes
[DEBUG Sep 18 10:24:02.741258632, watcher.go:72] Checking for runtime processes
[DEBUG Sep 18 10:25:02.741278648, watcher.go:72] Checking for runtime processes
[DEBUG Sep 18 10:26:02.741258139, watcher.go:72] Checking for runtime processes
[DEBUG Sep 18 10:27:02.740383902, watcher.go:72] Checking for runtime processes
[DEBUG Sep 18 10:28:02.741278872, watcher.go:72] Checking for runtime processes
[DEBUG Sep 18 10:29:02.740379358, watcher.go:72] Checking for runtime processes
[DEBUG Sep 18 10:30:02.741277897, watcher.go:72] Checking for runtime processes
[DEBUG Sep 18 10:31:02.741254092, watcher.go:72] Checking for runtime processes
[DEBUG Sep 18 10:32:02.741258808, watcher.go:72] Checking for runtime processes
[DEBUG Sep 18 10:33:02.741253463, watcher.go:72] Checking for runtime processes
[DEBUG Sep 18 10:34:02.741257717, watcher.go:72] Checking for runtime processes
[DEBUG Sep 18 10:35:02.741264080, watcher.go:72] Checking for runtime processes
[DEBUG Sep 18 10:36:02.741258543, watcher.go:72] Checking for runtime processes
[DEBUG Sep 18 10:37:02.741259910, watcher.go:72] Checking for runtime processes
[DEBUG Sep 18 10:38:02.741254188, watcher.go:72] Checking for runtime processes
[DEBUG Sep 18 10:39:02.741252806, watcher.go:72] Checking for runtime processes
[DEBUG Sep 18 10:40:02.741251499, watcher.go:72] Checking for runtime processes
[DEBUG Sep 18 10:41:02.741262194, watcher.go:72] Checking for runtime processes
[DEBUG Sep 18 10:42:02.740388385, watcher.go:72] Checking for runtime processes
[DEBUG Sep 18 10:43:02.741278334, watcher.go:72] Checking for runtime processes
[DEBUG Sep 18 10:44:02.740382554, watcher.go:72] Checking for runtime processes
[DEBUG Sep 18 10:45:02.741264564, watcher.go:72] Checking for runtime processes
[DEBUG Sep 18 10:46:02.741262117, watcher.go:72] Checking for runtime processes
[DEBUG Sep 18 10:47:02.741267219, watcher.go:72] Checking for runtime processes
[DEBUG Sep 18 10:48:02.741278461, watcher.go:72] Checking for runtime processes
[DEBUG Sep 18 10:49:02.741261437, watcher.go:72] Checking for runtime processes
[DEBUG Sep 18 10:50:02.741256295, watcher.go:72] Checking for runtime processes
[DEBUG Sep 18 10:51:02.741276350, watcher.go:72] Checking for runtime processes
[DEBUG Sep 18 10:52:02.741256743, watcher.go:72] Checking for runtime processes
[DEBUG Sep 18 10:53:02.741300458, watcher.go:72] Checking for runtime processes
[DEBUG Sep 18 10:54:02.741271965, watcher.go:72] Checking for runtime processes
[DEBUG Sep 18 10:55:02.741256258, watcher.go:72] Checking for runtime processes
[DEBUG Sep 18 10:56:02.741268531, watcher.go:72] Checking for runtime processes
[DEBUG Sep 18 10:57:02.740388712, watcher.go:72] Checking for runtime processes
[DEBUG Sep 18 10:58:02.741106920, watcher.go:72] Checking for runtime processes
[DEBUG Sep 18 10:59:02.740379597, watcher.go:72] Checking for runtime processes
[DEBUG Sep 18 11:00:02.741257708, watcher.go:72] Checking for runtime processes
[DEBUG Sep 18 11:01:02.741253824, watcher.go:72] Checking for runtime processes
[DEBUG Sep 18 11:02:02.741271948, watcher.go:72] Checking for runtime processes
[DEBUG Sep 18 11:03:02.741272136, watcher.go:72] Checking for runtime processes
[DEBUG Sep 18 11:04:02.741271178, watcher.go:72] Checking for runtime processes
[DEBUG Sep 18 11:05:02.741268492, watcher.go:72] Checking for runtime processes
[DEBUG Sep 18 11:06:02.741276194, watcher.go:72] Checking for runtime processes
[DEBUG Sep 18 11:07:02.741259205, watcher.go:72] Checking for runtime processes
[DEBUG Sep 18 11:08:02.741103730, watcher.go:72] Checking for runtime processes
[DEBUG Sep 18 11:09:02.741098942, watcher.go:72] Checking for runtime processes
[DEBUG Sep 18 11:10:02.741256229, watcher.go:72] Checking for runtime processes
[DEBUG Sep 18 11:11:02.741269053, watcher.go:72] Checking for runtime processes
[DEBUG Sep 18 11:12:02.740386910, watcher.go:72] Checking for runtime processes
[DEBUG Sep 18 11:13:02.741099558, watcher.go:72] Checking for runtime processes
[DEBUG Sep 18 11:14:02.740381141, watcher.go:72] Checking for runtime processes
[DEBUG Sep 18 11:15:02.741320266, watcher.go:72] Checking for runtime processes
[DEBUG Sep 18 11:16:02.741258699, watcher.go:72] Checking for runtime processes
[DEBUG Sep 18 11:17:02.741262985, watcher.go:72] Checking for runtime processes
[DEBUG Sep 18 11:18:02.741260488, watcher.go:72] Checking for runtime processes
[DEBUG Sep 18 11:19:02.741259101, watcher.go:72] Checking for runtime processes
[DEBUG Sep 18 11:20:02.741280691, watcher.go:72] Checking for runtime processes
[DEBUG Sep 18 11:21:02.741261104, watcher.go:72] Checking for runtime processes
[DEBUG Sep 18 11:22:02.741269365, watcher.go:72] Checking for runtime processes
[DEBUG Sep 18 11:23:02.741257657, watcher.go:72] Checking for runtime processes
[DEBUG Sep 18 11:24:02.741278362, watcher.go:72] Checking for runtime processes
[DEBUG Sep 18 11:25:02.741254227, watcher.go:72] Checking for runtime processes
[DEBUG Sep 18 11:26:02.741257076, watcher.go:72] Checking for runtime processes
[DEBUG Sep 18 11:27:02.740386082, watcher.go:72] Checking for runtime processes
[DEBUG Sep 18 11:28:02.741255194, watcher.go:72] Checking for runtime processes
[DEBUG Sep 18 11:29:02.740381580, watcher.go:72] Checking for runtime processes
[DEBUG Sep 18 11:30:02.741300441, watcher.go:72] Checking for runtime processes
[DEBUG Sep 18 11:31:02.741265742, watcher.go:72] Checking for runtime processes
[DEBUG Sep 18 11:32:02.741259179, watcher.go:72] Checking for runtime processes
[DEBUG Sep 18 11:33:02.741276815, watcher.go:72] Checking for runtime processes
[DEBUG Sep 18 11:34:02.741258797, watcher.go:72] Checking for runtime processes
[DEBUG Sep 18 11:35:02.741276801, watcher.go:72] Checking for runtime processes
[DEBUG Sep 18 11:36:02.741259560, watcher.go:72] Checking for runtime processes
[DEBUG Sep 18 11:37:02.741249489, watcher.go:72] Checking for runtime processes
[DEBUG Sep 18 11:38:02.741257357, watcher.go:72] Checking for runtime processes
[DEBUG Sep 18 11:39:02.741081214, watcher.go:72] Checking for runtime processes
[DEBUG Sep 18 11:40:02.741241247, watcher.go:72] Checking for runtime processes
[DEBUG Sep 18 11:41:02.741253761, watcher.go:72] Checking for runtime processes
[DEBUG Sep 18 11:42:02.740384221, watcher.go:72] Checking for runtime processes
[DEBUG Sep 18 11:43:02.741252645, watcher.go:72] Checking for runtime processes
[DEBUG Sep 18 11:44:02.740382894, watcher.go:72] Checking for runtime processes
[DEBUG Sep 18 11:45:02.741272876, watcher.go:72] Checking for runtime processes
[DEBUG Sep 18 11:46:02.741250834, watcher.go:72] Checking for runtime processes
[DEBUG Sep 18 11:47:02.741257577, watcher.go:72] Checking for runtime processes
[DEBUG Sep 18 11:48:02.741254156, watcher.go:72] Checking for runtime processes
[DEBUG Sep 18 11:49:02.741255775, watcher.go:72] Checking for runtime processes
[DEBUG Sep 18 11:50:02.741249096, watcher.go:72] Checking for runtime processes
[DEBUG Sep 18 11:51:02.741252000, watcher.go:72] Checking for runtime processes
[DEBUG Sep 18 11:52:02.741248072, watcher.go:72] Checking for runtime processes
[DEBUG Sep 18 11:53:02.741251864, watcher.go:72] Checking for runtime processes
[DEBUG Sep 18 11:54:02.741251640, watcher.go:72] Checking for runtime processes
[DEBUG Sep 18 11:55:02.741236012, watcher.go:72] Checking for runtime processes
[DEBUG Sep 18 11:56:02.741294124, watcher.go:72] Checking for runtime processes
[DEBUG Sep 18 11:57:02.740382769, watcher.go:72] Checking for runtime processes
[DEBUG Sep 18 11:58:02.741256804, watcher.go:72] Checking for runtime processes
[DEBUG Sep 18 11:59:02.740381227, watcher.go:72] Checking for runtime processes
[DEBUG Sep 18 12:00:02.741274813, watcher.go:72] Checking for runtime processes
[DEBUG Sep 18 12:01:02.741253523, watcher.go:72] Checking for runtime processes
[DEBUG Sep 18 12:02:02.741258035, watcher.go:72] Checking for runtime processes
[DEBUG Sep 18 12:03:02.741251027, watcher.go:72] Checking for runtime processes
[DEBUG Sep 18 12:04:02.741253518, watcher.go:72] Checking for runtime processes
[DEBUG Sep 18 12:05:02.741254907, watcher.go:72] Checking for runtime processes
[DEBUG Sep 18 12:06:02.741260126, watcher.go:72] Checking for runtime processes
[DEBUG Sep 18 12:07:02.741251698, watcher.go:72] Checking for runtime processes
[DEBUG Sep 18 12:08:02.741258521, watcher.go:72] Checking for runtime processes
[DEBUG Sep 18 12:09:02.741256881, watcher.go:72] Checking for runtime processes
[DEBUG Sep 18 12:10:02.741246949, watcher.go:72] Checking for runtime processes
[DEBUG Sep 18 12:11:02.741255007, watcher.go:72] Checking for runtime processes
[DEBUG Sep 18 12:12:02.740383670, watcher.go:72] Checking for runtime processes
[DEBUG Sep 18 12:13:02.741263086, watcher.go:72] Checking for runtime processes
[DEBUG Sep 18 12:14:02.740379938, watcher.go:72] Checking for runtime processes
[DEBUG Sep 18 12:15:02.741256327, watcher.go:72] Checking for runtime processes
[DEBUG Sep 18 12:16:02.741251901, watcher.go:72] Checking for runtime processes
[DEBUG Sep 18 12:17:02.741257556, watcher.go:72] Checking for runtime processes
[DEBUG Sep 18 12:18:02.741253947, watcher.go:72] Checking for runtime processes
[DEBUG Sep 18 12:19:02.741256909, watcher.go:72] Checking for runtime processes
[DEBUG Sep 18 12:20:02.741305492, watcher.go:72] Checking for runtime processes
[DEBUG Sep 18 12:21:02.741268073, watcher.go:72] Checking for runtime processes
[DEBUG Sep 18 12:22:02.741253632, watcher.go:72] Checking for runtime processes
[DEBUG Sep 18 12:23:02.741265234, watcher.go:72] Checking for runtime processes
[DEBUG Sep 18 12:24:02.741252389, watcher.go:72] Checking for runtime processes
[DEBUG Sep 18 12:25:02.741237192, watcher.go:72] Checking for runtime processes
[DEBUG Sep 18 12:26:02.741270740, watcher.go:72] Checking for runtime processes
[DEBUG Sep 18 12:27:02.740385534, watcher.go:72] Checking for runtime processes
[DEBUG Sep 18 12:28:02.741252404, watcher.go:72] Checking for runtime processes
[DEBUG Sep 18 12:29:02.740380137, watcher.go:72] Checking for runtime processes
[DEBUG Sep 18 12:30:02.741258166, watcher.go:72] Checking for runtime processes
[DEBUG Sep 18 12:31:02.741250460, watcher.go:72] Checking for runtime processes
[DEBUG Sep 18 12:32:02.741260468, watcher.go:72] Checking for runtime processes
[DEBUG Sep 18 12:33:02.741267564, watcher.go:72] Checking for runtime processes
[DEBUG Sep 18 12:34:02.741254180, watcher.go:72] Checking for runtime processes
[DEBUG Sep 18 12:35:02.741267878, watcher.go:72] Checking for runtime processes
[DEBUG Sep 18 12:36:02.741293621, watcher.go:72] Checking for runtime processes
[DEBUG Sep 18 12:37:02.741252754, watcher.go:72] Checking for runtime processes
[DEBUG Sep 18 12:38:02.741087583, watcher.go:72] Checking for runtime processes
[DEBUG Sep 18 12:39:02.741246039, watcher.go:72] Checking for runtime processes
[DEBUG Sep 18 12:40:02.741240970, watcher.go:72] Checking for runtime processes
[DEBUG Sep 18 12:41:02.741253460, watcher.go:72] Checking for runtime processes
[DEBUG Sep 18 12:42:02.740387105, watcher.go:72] Checking for runtime processes
[DEBUG Sep 18 12:43:02.741251390, watcher.go:72] Checking for runtime processes
[DEBUG Sep 18 12:44:02.740381669, watcher.go:72] Checking for runtime processes
[DEBUG Sep 18 12:45:02.741257806, watcher.go:72] Checking for runtime processes
[DEBUG Sep 18 12:46:02.741251960, watcher.go:72] Checking for runtime processes
[DEBUG Sep 18 12:47:02.741257122, watcher.go:72] Checking for runtime processes
[DEBUG Sep 18 12:48:02.741284447, watcher.go:72] Checking for runtime processes
[DEBUG Sep 18 12:49:02.741265571, watcher.go:72] Checking for runtime processes
[DEBUG Sep 18 12:50:02.741268750, watcher.go:72] Checking for runtime processes
[DEBUG Sep 18 12:51:02.741277084, watcher.go:72] Checking for runtime processes
[DEBUG Sep 18 12:52:02.741250419, watcher.go:72] Checking for runtime processes
[DEBUG Sep 18 12:53:02.741261471, watcher.go:72] Checking for runtime processes
[DEBUG Sep 18 12:54:02.741254871, watcher.go:72] Checking for runtime processes
[DEBUG Sep 18 12:55:02.741237986, watcher.go:72] Checking for runtime processes
[DEBUG Sep 18 12:56:02.741264853, watcher.go:72] Checking for runtime processes
[DEBUG Sep 18 12:57:02.740434700, watcher.go:72] Checking for runtime processes
[DEBUG Sep 18 12:58:02.741253836, watcher.go:72] Checking for runtime processes
[DEBUG Sep 18 12:59:02.740380633, watcher.go:72] Checking for runtime processes
[DEBUG Sep 18 13:00:02.741239948, watcher.go:72] Checking for runtime processes
[DEBUG Sep 18 13:01:02.741266675, watcher.go:72] Checking for runtime processes
[DEBUG Sep 18 13:02:02.741260531, watcher.go:72] Checking for runtime processes
