[DEBUG Aug  2 08:00:52.828304889, defaults.go:273] Args: [/home1/wangfeim/.local/ActiveState/StateTool/release/bin/state-svc start]
[DEBUG Aug  2 08:00:52.842119653, locale.go:38] Init
[DEBUG Aug  2 08:00:52.900159798, errs.go:68] Created error: File could not be found
[DEBUG Aug  2 08:00:52.903150263, errs.go:68] Created error: Not Recognized
[DEBUG Aug  2 08:00:52.924571814, errs.go:68] Created error: Secret not found
[DEBUG Aug  2 08:00:52.924632737, errs.go:68] Created error: Could not save keypair
[DEBUG Aug  2 08:00:52.924801537, errs.go:68] Created error: Build responded with error
[DEBUG Aug  2 08:00:52.924830205, errs.go:68] Created error: Unknown build type
[DEBUG Aug  2 08:00:52.924955067, errors.go:86] Wrapped localized error: <nil> -- with: The installed version of the State Tool Service does not match that of the client.
Please stop the service with [ACTIONABLE]state-svc stop[/RESET] and try your command again.
If this issue persists please reinstall the State Tool.

[DEBUG Aug  2 08:00:52.924970467, errs.go:68] Created error: no data
[DEBUG Aug  2 08:00:52.925006481, errs.go:68] Created error: member not found
[DEBUG Aug  2 08:00:52.925036246, errs.go:68] Created error: Commit count is unknowable
[DEBUG Aug  2 08:00:52.925067594, errs.go:68] Created error: No merge required
[DEBUG Aug  2 08:00:52.925092985, errs.go:68] Created error: Can't merge commit thats already in target commits history
[DEBUG Aug  2 08:00:52.925118447, errs.go:68] Created error: Bad expander name
[DEBUG Aug  2 08:00:52.925144642, errs.go:68] Created error: Expander has no handler
[DEBUG Aug  2 08:00:52.926258301, errs.go:68] Created error: Service is already running
[DEBUG Aug  2 08:00:52.993141436, secrets.go:35] Gcloud Secretmanager failed to initialize (ignore if you're not trying to use gcloud): google: could not find default credentials. See https://developers.google.com/accounts/docs/application-default-credentials for more information.
[DEBUG Aug  2 08:00:52.997057796, output.go:53] Requested outputer for 
[DEBUG Aug  2 08:00:52.997083314, output.go:58] Using Plain outputer
[DEBUG Aug  2 08:00:52.997172467, termutils.go:17] Cannot get terminal size: inappropriate ioctl for device
[DEBUG Aug  2 08:00:52.997254377, client.go:128] Reporting event to 2 reporters: run-command, state-svc start, 
[DEBUG Aug  2 08:00:52.997313839, main.go:107] Running CmdStart
[DEBUG Aug  2 08:00:53.004131363, errs.go:75] Wrapped error: Service is already running -- with: valueF failed
[DEBUG Aug  2 08:00:53.004195382, errs.go:75] Wrapped error: valueF failed -- with: Could not store pid
[DEBUG Aug  2 08:00:53.004274434, errors.go:113] Wrapped input error: Could not store pid -- with: A State Service instance is already running in the background.
[DEBUG Aug  2 08:00:53.004289328, errs.go:75] Wrapped error: A State Service instance is already running in the background. -- with: Could not start serviceManager
[DEBUG Aug  2 08:00:53.004374043, client.go:128] Reporting event to 2 reporters: command-exit, state-svc start, 1
[DEBUG Aug  2 08:00:53.379244595, errs.go:75] Wrapped error: <nil> -- with: Could not start serviceManager: A State Service instance is already running in the background.: Could not store pid: valueF failed: Service is already running
[DEBUG Aug  2 08:00:53.379313695, main.go:61] state-svc errored out due to input: Could not start serviceManager: A State Service instance is already running in the background.: Could not store pid: valueF failed: Service is already running
