[DEBUG Aug  2 07:58:05.116137325, defaults.go:273] Args: [/home1/wangfeim/.local/ActiveState/StateTool/release/bin/state-svc start]
[DEBUG Aug  2 07:58:05.129748111, locale.go:38] Init
[DEBUG Aug  2 07:58:05.224527284, errs.go:68] Created error: File could not be found
[DEBUG Aug  2 07:58:05.227348279, errs.go:68] Created error: Not Recognized
[DEBUG Aug  2 07:58:05.293725744, errs.go:68] Created error: Secret not found
[DEBUG Aug  2 07:58:05.293777706, errs.go:68] Created error: Could not save keypair
[DEBUG Aug  2 07:58:05.293948349, errs.go:68] Created error: Build responded with error
[DEBUG Aug  2 07:58:05.293976569, errs.go:68] Created error: Unknown build type
[DEBUG Aug  2 07:58:05.294086762, errors.go:86] Wrapped localized error: <nil> -- with: The installed version of the State Tool Service does not match that of the client.
Please stop the service with [ACTIONABLE]state-svc stop[/RESET] and try your command again.
If this issue persists please reinstall the State Tool.

[DEBUG Aug  2 07:58:05.294102938, errs.go:68] Created error: no data
[DEBUG Aug  2 07:58:05.294127777, errs.go:68] Created error: member not found
[DEBUG Aug  2 07:58:05.294156263, errs.go:68] Created error: Commit count is unknowable
[DEBUG Aug  2 07:58:05.294185579, errs.go:68] Created error: No merge required
[DEBUG Aug  2 07:58:05.294210709, errs.go:68] Created error: Can't merge commit thats already in target commits history
[DEBUG Aug  2 07:58:05.294242277, errs.go:68] Created error: Bad expander name
[DEBUG Aug  2 07:58:05.294266236, errs.go:68] Created error: Expander has no handler
[DEBUG Aug  2 07:58:05.295428998, errs.go:68] Created error: Service is already running
[DEBUG Aug  2 07:58:05.333617005, secrets.go:35] Gcloud Secretmanager failed to initialize (ignore if you're not trying to use gcloud): google: could not find default credentials. See https://developers.google.com/accounts/docs/application-default-credentials for more information.
[DEBUG Aug  2 07:58:05.337402405, output.go:53] Requested outputer for 
[DEBUG Aug  2 07:58:05.337433063, output.go:58] Using Plain outputer
[DEBUG Aug  2 07:58:05.337505459, termutils.go:17] Cannot get terminal size: inappropriate ioctl for device
[DEBUG Aug  2 07:58:05.337577774, client.go:128] Reporting event to 2 reporters: run-command, state-svc start, 
[DEBUG Aug  2 07:58:05.337690878, main.go:107] Running CmdStart
[DEBUG Aug  2 07:58:05.343631932, errs.go:75] Wrapped error: Service is already running -- with: valueF failed
[DEBUG Aug  2 07:58:05.343699580, errs.go:75] Wrapped error: valueF failed -- with: Could not store pid
[DEBUG Aug  2 07:58:05.343780922, errors.go:113] Wrapped input error: Could not store pid -- with: A State Service instance is already running in the background.
[DEBUG Aug  2 07:58:05.343795057, errs.go:75] Wrapped error: A State Service instance is already running in the background. -- with: Could not start serviceManager
[DEBUG Aug  2 07:58:05.343874767, client.go:128] Reporting event to 2 reporters: command-exit, state-svc start, 1
[DEBUG Aug  2 07:58:05.688327294, errs.go:75] Wrapped error: <nil> -- with: Could not start serviceManager: A State Service instance is already running in the background.: Could not store pid: valueF failed: Service is already running
[DEBUG Aug  2 07:58:05.688394404, main.go:61] state-svc errored out due to input: Could not start serviceManager: A State Service instance is already running in the background.: Could not store pid: valueF failed: Service is already running
