[DEBUG Aug  2 07:41:43.509833864, defaults.go:273] Args: [/home1/wangfeim/.local/ActiveState/StateTool/release/bin/state-svc start]
[DEBUG Aug  2 07:41:43.524421084, locale.go:38] Init
[DEBUG Aug  2 07:41:43.601908968, errs.go:68] Created error: File could not be found
[DEBUG Aug  2 07:41:43.604669340, errs.go:68] Created error: Not Recognized
[DEBUG Aug  2 07:41:43.624963316, errs.go:68] Created error: Secret not found
[DEBUG Aug  2 07:41:43.625014649, errs.go:68] Created error: Could not save keypair
[DEBUG Aug  2 07:41:43.625170401, errs.go:68] Created error: Build responded with error
[DEBUG Aug  2 07:41:43.625198205, errs.go:68] Created error: Unknown build type
[DEBUG Aug  2 07:41:43.625310601, errors.go:86] Wrapped localized error: <nil> -- with: The installed version of the State Tool Service does not match that of the client.
Please stop the service with [ACTIONABLE]state-svc stop[/RESET] and try your command again.
If this issue persists please reinstall the State Tool.

[DEBUG Aug  2 07:41:43.625325283, errs.go:68] Created error: no data
[DEBUG Aug  2 07:41:43.625352956, errs.go:68] Created error: member not found
[DEBUG Aug  2 07:41:43.625375625, errs.go:68] Created error: Commit count is unknowable
[DEBUG Aug  2 07:41:43.625395951, errs.go:68] Created error: No merge required
[DEBUG Aug  2 07:41:43.625415743, errs.go:68] Created error: Can't merge commit thats already in target commits history
[DEBUG Aug  2 07:41:43.625443021, errs.go:68] Created error: Bad expander name
[DEBUG Aug  2 07:41:43.625465080, errs.go:68] Created error: Expander has no handler
[DEBUG Aug  2 07:41:43.626620698, errs.go:68] Created error: Service is already running
[DEBUG Aug  2 07:41:43.685736001, secrets.go:35] Gcloud Secretmanager failed to initialize (ignore if you're not trying to use gcloud): google: could not find default credentials. See https://developers.google.com/accounts/docs/application-default-credentials for more information.
[DEBUG Aug  2 07:41:43.689033828, output.go:53] Requested outputer for 
[DEBUG Aug  2 07:41:43.689059121, output.go:58] Using Plain outputer
[DEBUG Aug  2 07:41:43.689131164, termutils.go:17] Cannot get terminal size: inappropriate ioctl for device
[DEBUG Aug  2 07:41:43.689233821, client.go:128] Reporting event to 2 reporters: run-command, state-svc start, 
[DEBUG Aug  2 07:41:43.689274677, main.go:107] Running CmdStart
[DEBUG Aug  2 07:41:43.696007118, errs.go:75] Wrapped error: Service is already running -- with: valueF failed
[DEBUG Aug  2 07:41:43.696074676, errs.go:75] Wrapped error: valueF failed -- with: Could not store pid
[DEBUG Aug  2 07:41:43.696160078, errors.go:113] Wrapped input error: Could not store pid -- with: A State Service instance is already running in the background.
[DEBUG Aug  2 07:41:43.696175865, errs.go:75] Wrapped error: A State Service instance is already running in the background. -- with: Could not start serviceManager
[DEBUG Aug  2 07:41:43.696244146, client.go:128] Reporting event to 2 reporters: command-exit, state-svc start, 1
[DEBUG Aug  2 07:41:44.031547059, errs.go:75] Wrapped error: <nil> -- with: Could not start serviceManager: A State Service instance is already running in the background.: Could not store pid: valueF failed: Service is already running
[DEBUG Aug  2 07:41:44.031627710, main.go:61] state-svc errored out due to input: Could not start serviceManager: A State Service instance is already running in the background.: Could not store pid: valueF failed: Service is already running
