[DEBUG Aug  2 08:08:44.574011351, defaults.go:273] Args: [/home1/wangfeim/.local/ActiveState/StateTool/release/bin/state-svc start]
[DEBUG Aug  2 08:08:44.588931781, locale.go:38] Init
[DEBUG Aug  2 08:08:44.687475380, errs.go:68] Created error: File could not be found
[DEBUG Aug  2 08:08:44.690909992, errs.go:68] Created error: Not Recognized
[DEBUG Aug  2 08:08:44.714206734, errs.go:68] Created error: Secret not found
[DEBUG Aug  2 08:08:44.714265918, errs.go:68] Created error: Could not save keypair
[DEBUG Aug  2 08:08:44.714439423, errs.go:68] Created error: Build responded with error
[DEBUG Aug  2 08:08:44.714475177, errs.go:68] Created error: Unknown build type
[DEBUG Aug  2 08:08:44.714615148, errors.go:86] Wrapped localized error: <nil> -- with: The installed version of the State Tool Service does not match that of the client.
Please stop the service with [ACTIONABLE]state-svc stop[/RESET] and try your command again.
If this issue persists please reinstall the State Tool.

[DEBUG Aug  2 08:08:44.714632304, errs.go:68] Created error: no data
[DEBUG Aug  2 08:08:44.714658288, errs.go:68] Created error: member not found
[DEBUG Aug  2 08:08:44.714687800, errs.go:68] Created error: Commit count is unknowable
[DEBUG Aug  2 08:08:44.714713676, errs.go:68] Created error: No merge required
[DEBUG Aug  2 08:08:44.714741563, errs.go:68] Created error: Can't merge commit thats already in target commits history
[DEBUG Aug  2 08:08:44.714766470, errs.go:68] Created error: Bad expander name
[DEBUG Aug  2 08:08:44.714788908, errs.go:68] Created error: Expander has no handler
[DEBUG Aug  2 08:08:44.716135515, errs.go:68] Created error: Service is already running
[DEBUG Aug  2 08:08:44.794788120, secrets.go:35] Gcloud Secretmanager failed to initialize (ignore if you're not trying to use gcloud): google: could not find default credentials. See https://developers.google.com/accounts/docs/application-default-credentials for more information.
[DEBUG Aug  2 08:08:44.798017090, output.go:53] Requested outputer for 
[DEBUG Aug  2 08:08:44.798043317, output.go:58] Using Plain outputer
[DEBUG Aug  2 08:08:44.798137576, termutils.go:17] Cannot get terminal size: inappropriate ioctl for device
[DEBUG Aug  2 08:08:44.798229815, client.go:128] Reporting event to 2 reporters: run-command, state-svc start, 
[DEBUG Aug  2 08:08:44.798281755, main.go:107] Running CmdStart
[DEBUG Aug  2 08:08:44.804006912, errs.go:75] Wrapped error: Service is already running -- with: valueF failed
[DEBUG Aug  2 08:08:44.804069389, errs.go:75] Wrapped error: valueF failed -- with: Could not store pid
[DEBUG Aug  2 08:08:44.804144674, errors.go:113] Wrapped input error: Could not store pid -- with: A State Service instance is already running in the background.
[DEBUG Aug  2 08:08:44.804159721, errs.go:75] Wrapped error: A State Service instance is already running in the background. -- with: Could not start serviceManager
[DEBUG Aug  2 08:08:44.804222188, client.go:128] Reporting event to 2 reporters: command-exit, state-svc start, 1
[DEBUG Aug  2 08:08:45.155004862, errs.go:75] Wrapped error: <nil> -- with: Could not start serviceManager: A State Service instance is already running in the background.: Could not store pid: valueF failed: Service is already running
[DEBUG Aug  2 08:08:45.155074049, main.go:61] state-svc errored out due to input: Could not start serviceManager: A State Service instance is already running in the background.: Could not store pid: valueF failed: Service is already running
