[DEBUG Aug  2 07:39:13.833826719, defaults.go:273] Args: [/home1/wangfeim/.local/ActiveState/StateTool/release/bin/state-svc start]
[DEBUG Aug  2 07:39:13.847965170, locale.go:38] Init
[DEBUG Aug  2 07:39:13.905376631, errs.go:68] Created error: File could not be found
[DEBUG Aug  2 07:39:13.908453603, errs.go:68] Created error: Not Recognized
[DEBUG Aug  2 07:39:13.929175546, errs.go:68] Created error: Secret not found
[DEBUG Aug  2 07:39:13.929274274, errs.go:68] Created error: Could not save keypair
[DEBUG Aug  2 07:39:13.929527694, errs.go:68] Created error: Build responded with error
[DEBUG Aug  2 07:39:13.929571792, errs.go:68] Created error: Unknown build type
[DEBUG Aug  2 07:39:13.929717083, errors.go:86] Wrapped localized error: <nil> -- with: The installed version of the State Tool Service does not match that of the client.
Please stop the service with [ACTIONABLE]state-svc stop[/RESET] and try your command again.
If this issue persists please reinstall the State Tool.

[DEBUG Aug  2 07:39:13.929738028, errs.go:68] Created error: no data
[DEBUG Aug  2 07:39:13.929775058, errs.go:68] Created error: member not found
[DEBUG Aug  2 07:39:13.929808418, errs.go:68] Created error: Commit count is unknowable
[DEBUG Aug  2 07:39:13.929840651, errs.go:68] Created error: No merge required
[DEBUG Aug  2 07:39:13.929869744, errs.go:68] Created error: Can't merge commit thats already in target commits history
[DEBUG Aug  2 07:39:13.929904171, errs.go:68] Created error: Bad expander name
[DEBUG Aug  2 07:39:13.929938936, errs.go:68] Created error: Expander has no handler
[DEBUG Aug  2 07:39:13.931082951, errs.go:68] Created error: Service is already running
[DEBUG Aug  2 07:39:14.009347433, secrets.go:35] Gcloud Secretmanager failed to initialize (ignore if you're not trying to use gcloud): google: could not find default credentials. See https://developers.google.com/accounts/docs/application-default-credentials for more information.
[DEBUG Aug  2 07:39:14.012886449, output.go:53] Requested outputer for 
[DEBUG Aug  2 07:39:14.012908164, output.go:58] Using Plain outputer
[DEBUG Aug  2 07:39:14.012991814, termutils.go:17] Cannot get terminal size: inappropriate ioctl for device
[DEBUG Aug  2 07:39:14.013073094, client.go:128] Reporting event to 2 reporters: run-command, state-svc start, 
[DEBUG Aug  2 07:39:14.013154786, main.go:107] Running CmdStart
[DEBUG Aug  2 07:39:14.020786085, errs.go:75] Wrapped error: Service is already running -- with: valueF failed
[DEBUG Aug  2 07:39:14.020851480, errs.go:75] Wrapped error: valueF failed -- with: Could not store pid
[DEBUG Aug  2 07:39:14.020922731, errors.go:113] Wrapped input error: Could not store pid -- with: A State Service instance is already running in the background.
[DEBUG Aug  2 07:39:14.020937682, errs.go:75] Wrapped error: A State Service instance is already running in the background. -- with: Could not start serviceManager
[DEBUG Aug  2 07:39:14.021004564, client.go:128] Reporting event to 2 reporters: command-exit, state-svc start, 1
[DEBUG Aug  2 07:39:14.386792205, errs.go:75] Wrapped error: <nil> -- with: Could not start serviceManager: A State Service instance is already running in the background.: Could not store pid: valueF failed: Service is already running
[DEBUG Aug  2 07:39:14.386868450, main.go:61] state-svc errored out due to input: Could not start serviceManager: A State Service instance is already running in the background.: Could not store pid: valueF failed: Service is already running
