[DEBUG Mar  8 17:37:58.818249539, defaults.go:273] Args: [/home1/wangfeim/.local/ActiveState/StateTool/release/bin/state-svc start]
[DEBUG Mar  8 17:37:58.830173576, locale.go:38] Init
[DEBUG Mar  8 17:37:58.866429410, errs.go:68] Created error: File could not be found
[DEBUG Mar  8 17:37:58.868952469, errs.go:68] Created error: Not Recognized
[DEBUG Mar  8 17:37:58.885831196, errs.go:68] Created error: Secret not found
[DEBUG Mar  8 17:37:58.885867372, errs.go:68] Created error: Could not save keypair
[DEBUG Mar  8 17:37:58.886028342, errs.go:68] Created error: Build responded with error
[DEBUG Mar  8 17:37:58.886049887, errs.go:68] Created error: Unknown build type
[DEBUG Mar  8 17:37:58.886141065, errors.go:86] Wrapped localized error: <nil> -- with: The installed version of the State Tool Service does not match that of the client.
Please stop the service with [ACTIONABLE]state-svc stop[/RESET] and try your command again.
If this issue persists please reinstall the State Tool.

[DEBUG Mar  8 17:37:58.886149938, errs.go:68] Created error: no data
[DEBUG Mar  8 17:37:58.886169198, errs.go:68] Created error: member not found
[DEBUG Mar  8 17:37:58.886185589, errs.go:68] Created error: Commit count is unknowable
[DEBUG Mar  8 17:37:58.886202086, errs.go:68] Created error: No merge required
[DEBUG Mar  8 17:37:58.886220360, errs.go:68] Created error: Can't merge commit thats already in target commits history
[DEBUG Mar  8 17:37:58.886238099, errs.go:68] Created error: Bad expander name
[DEBUG Mar  8 17:37:58.886255407, errs.go:68] Created error: Expander has no handler
[DEBUG Mar  8 17:37:58.888618045, errs.go:68] Created error: Service is already running
[DEBUG Mar  8 17:37:58.910851610, secrets.go:35] Gcloud Secretmanager failed to initialize (ignore if you're not trying to use gcloud): google: could not find default credentials. See https://developers.google.com/accounts/docs/application-default-credentials for more information.
[DEBUG Mar  8 17:37:58.914238272, output.go:53] Requested outputer for 
[DEBUG Mar  8 17:37:58.914253159, output.go:58] Using Plain outputer
[DEBUG Mar  8 17:37:58.914314594, termutils.go:17] Cannot get terminal size: inappropriate ioctl for device
[DEBUG Mar  8 17:37:58.914434532, client.go:128] Reporting event to 2 reporters: run-command, state-svc start, 
[DEBUG Mar  8 17:37:58.914448129, main.go:107] Running CmdStart
[DEBUG Mar  8 17:37:58.921360340, errs.go:75] Wrapped error: Service is already running -- with: valueF failed
[DEBUG Mar  8 17:37:58.921423553, errs.go:75] Wrapped error: valueF failed -- with: Could not store pid
[DEBUG Mar  8 17:37:58.921541314, errors.go:113] Wrapped input error: Could not store pid -- with: A State Service instance is already running in the background.
[DEBUG Mar  8 17:37:58.921553021, errs.go:75] Wrapped error: A State Service instance is already running in the background. -- with: Could not start serviceManager
[DEBUG Mar  8 17:37:58.921632395, client.go:128] Reporting event to 2 reporters: command-exit, state-svc start, 1
[DEBUG Mar  8 17:37:59.313390390, errs.go:75] Wrapped error: <nil> -- with: Could not start serviceManager: A State Service instance is already running in the background.: Could not store pid: valueF failed: Service is already running
[DEBUG Mar  8 17:37:59.313466151, main.go:61] state-svc errored out due to input: Could not start serviceManager: A State Service instance is already running in the background.: Could not store pid: valueF failed: Service is already running
