[DEBUG Aug  2 08:04:57.008425937, defaults.go:273] Args: [/home1/wangfeim/.local/ActiveState/StateTool/release/bin/state-svc start]
[DEBUG Aug  2 08:04:57.022973179, locale.go:38] Init
[DEBUG Aug  2 08:04:57.099697815, errs.go:68] Created error: File could not be found
[DEBUG Aug  2 08:04:57.102888268, errs.go:68] Created error: Not Recognized
[DEBUG Aug  2 08:04:57.122182071, errs.go:68] Created error: Secret not found
[DEBUG Aug  2 08:04:57.122229063, errs.go:68] Created error: Could not save keypair
[DEBUG Aug  2 08:04:57.122467225, errs.go:68] Created error: Build responded with error
[DEBUG Aug  2 08:04:57.122500040, errs.go:68] Created error: Unknown build type
[DEBUG Aug  2 08:04:57.122616934, errors.go:86] Wrapped localized error: <nil> -- with: The installed version of the State Tool Service does not match that of the client.
Please stop the service with [ACTIONABLE]state-svc stop[/RESET] and try your command again.
If this issue persists please reinstall the State Tool.

[DEBUG Aug  2 08:04:57.122630282, errs.go:68] Created error: no data
[DEBUG Aug  2 08:04:57.122653063, errs.go:68] Created error: member not found
[DEBUG Aug  2 08:04:57.122675376, errs.go:68] Created error: Commit count is unknowable
[DEBUG Aug  2 08:04:57.122696828, errs.go:68] Created error: No merge required
[DEBUG Aug  2 08:04:57.122718648, errs.go:68] Created error: Can't merge commit thats already in target commits history
[DEBUG Aug  2 08:04:57.122740708, errs.go:68] Created error: Bad expander name
[DEBUG Aug  2 08:04:57.122761083, errs.go:68] Created error: Expander has no handler
[DEBUG Aug  2 08:04:57.125279417, errs.go:68] Created error: Service is already running
[DEBUG Aug  2 08:04:57.186992053, secrets.go:35] Gcloud Secretmanager failed to initialize (ignore if you're not trying to use gcloud): google: could not find default credentials. See https://developers.google.com/accounts/docs/application-default-credentials for more information.
[DEBUG Aug  2 08:04:57.191837183, output.go:53] Requested outputer for 
[DEBUG Aug  2 08:04:57.191880186, output.go:58] Using Plain outputer
[DEBUG Aug  2 08:04:57.191978553, termutils.go:17] Cannot get terminal size: inappropriate ioctl for device
[DEBUG Aug  2 08:04:57.192053960, client.go:128] Reporting event to 2 reporters: run-command, state-svc start, 
[DEBUG Aug  2 08:04:57.192152820, main.go:107] Running CmdStart
[DEBUG Aug  2 08:04:57.197835501, errs.go:75] Wrapped error: Service is already running -- with: valueF failed
[DEBUG Aug  2 08:04:57.197893750, errs.go:75] Wrapped error: valueF failed -- with: Could not store pid
[DEBUG Aug  2 08:04:57.197963594, errors.go:113] Wrapped input error: Could not store pid -- with: A State Service instance is already running in the background.
[DEBUG Aug  2 08:04:57.197976832, errs.go:75] Wrapped error: A State Service instance is already running in the background. -- with: Could not start serviceManager
[DEBUG Aug  2 08:04:57.198048483, client.go:128] Reporting event to 2 reporters: command-exit, state-svc start, 1
[DEBUG Aug  2 08:04:57.532616595, errs.go:75] Wrapped error: <nil> -- with: Could not start serviceManager: A State Service instance is already running in the background.: Could not store pid: valueF failed: Service is already running
[DEBUG Aug  2 08:04:57.532683571, main.go:61] state-svc errored out due to input: Could not start serviceManager: A State Service instance is already running in the background.: Could not store pid: valueF failed: Service is already running
