[DEBUG Aug  2 08:17:33.494810578, defaults.go:273] Args: [/home1/wangfeim/.local/ActiveState/StateTool/release/bin/state-svc start]
[DEBUG Aug  2 08:17:33.509258998, locale.go:38] Init
[DEBUG Aug  2 08:17:33.587182995, errs.go:68] Created error: File could not be found
[DEBUG Aug  2 08:17:33.590344255, errs.go:68] Created error: Not Recognized
[DEBUG Aug  2 08:17:33.610327260, errs.go:68] Created error: Secret not found
[DEBUG Aug  2 08:17:33.610375445, errs.go:68] Created error: Could not save keypair
[DEBUG Aug  2 08:17:33.610577796, errs.go:68] Created error: Build responded with error
[DEBUG Aug  2 08:17:33.610621220, errs.go:68] Created error: Unknown build type
[DEBUG Aug  2 08:17:33.610734641, errors.go:86] Wrapped localized error: <nil> -- with: The installed version of the State Tool Service does not match that of the client.
Please stop the service with [ACTIONABLE]state-svc stop[/RESET] and try your command again.
If this issue persists please reinstall the State Tool.

[DEBUG Aug  2 08:17:33.610748830, errs.go:68] Created error: no data
[DEBUG Aug  2 08:17:33.610774676, errs.go:68] Created error: member not found
[DEBUG Aug  2 08:17:33.610798906, errs.go:68] Created error: Commit count is unknowable
[DEBUG Aug  2 08:17:33.610821423, errs.go:68] Created error: No merge required
[DEBUG Aug  2 08:17:33.610844529, errs.go:68] Created error: Can't merge commit thats already in target commits history
[DEBUG Aug  2 08:17:33.610869773, errs.go:68] Created error: Bad expander name
[DEBUG Aug  2 08:17:33.610893049, errs.go:68] Created error: Expander has no handler
[DEBUG Aug  2 08:17:33.613609995, errs.go:68] Created error: Service is already running
[DEBUG Aug  2 08:17:33.686277438, secrets.go:35] Gcloud Secretmanager failed to initialize (ignore if you're not trying to use gcloud): google: could not find default credentials. See https://developers.google.com/accounts/docs/application-default-credentials for more information.
[DEBUG Aug  2 08:17:33.689277906, output.go:53] Requested outputer for 
[DEBUG Aug  2 08:17:33.689298472, output.go:58] Using Plain outputer
[DEBUG Aug  2 08:17:33.689357293, termutils.go:17] Cannot get terminal size: inappropriate ioctl for device
[DEBUG Aug  2 08:17:33.689518773, client.go:128] Reporting event to 2 reporters: run-command, state-svc start, 
[DEBUG Aug  2 08:17:33.689527738, main.go:107] Running CmdStart
[DEBUG Aug  2 08:17:33.695062168, errs.go:75] Wrapped error: Service is already running -- with: valueF failed
[DEBUG Aug  2 08:17:33.695124478, errs.go:75] Wrapped error: valueF failed -- with: Could not store pid
[DEBUG Aug  2 08:17:33.695196044, errors.go:113] Wrapped input error: Could not store pid -- with: A State Service instance is already running in the background.
[DEBUG Aug  2 08:17:33.695209283, errs.go:75] Wrapped error: A State Service instance is already running in the background. -- with: Could not start serviceManager
[DEBUG Aug  2 08:17:33.695269996, client.go:128] Reporting event to 2 reporters: command-exit, state-svc start, 1
[DEBUG Aug  2 08:17:34.070185131, errs.go:75] Wrapped error: <nil> -- with: Could not start serviceManager: A State Service instance is already running in the background.: Could not store pid: valueF failed: Service is already running
[DEBUG Aug  2 08:17:34.070276652, main.go:61] state-svc errored out due to input: Could not start serviceManager: A State Service instance is already running in the background.: Could not store pid: valueF failed: Service is already running
