[DEBUG Aug  2 08:09:51.625827215, defaults.go:273] Args: [/home1/wangfeim/.local/ActiveState/StateTool/release/bin/state-svc start]
[DEBUG Aug  2 08:09:51.639250333, locale.go:38] Init
[DEBUG Aug  2 08:09:51.711903741, errs.go:68] Created error: File could not be found
[DEBUG Aug  2 08:09:51.715270213, errs.go:68] Created error: Not Recognized
[DEBUG Aug  2 08:09:51.736465231, errs.go:68] Created error: Secret not found
[DEBUG Aug  2 08:09:51.736528402, errs.go:68] Created error: Could not save keypair
[DEBUG Aug  2 08:09:51.736731516, errs.go:68] Created error: Build responded with error
[DEBUG Aug  2 08:09:51.736767735, errs.go:68] Created error: Unknown build type
[DEBUG Aug  2 08:09:51.736889699, errors.go:86] Wrapped localized error: <nil> -- with: The installed version of the State Tool Service does not match that of the client.
Please stop the service with [ACTIONABLE]state-svc stop[/RESET] and try your command again.
If this issue persists please reinstall the State Tool.

[DEBUG Aug  2 08:09:51.736904847, errs.go:68] Created error: no data
[DEBUG Aug  2 08:09:51.736934140, errs.go:68] Created error: member not found
[DEBUG Aug  2 08:09:51.736958808, errs.go:68] Created error: Commit count is unknowable
[DEBUG Aug  2 08:09:51.736984494, errs.go:68] Created error: No merge required
[DEBUG Aug  2 08:09:51.737018364, errs.go:68] Created error: Can't merge commit thats already in target commits history
[DEBUG Aug  2 08:09:51.737050604, errs.go:68] Created error: Bad expander name
[DEBUG Aug  2 08:09:51.737077693, errs.go:68] Created error: Expander has no handler
[DEBUG Aug  2 08:09:51.739116258, errs.go:68] Created error: Service is already running
[DEBUG Aug  2 08:09:51.800604896, secrets.go:35] Gcloud Secretmanager failed to initialize (ignore if you're not trying to use gcloud): google: could not find default credentials. See https://developers.google.com/accounts/docs/application-default-credentials for more information.
[DEBUG Aug  2 08:09:51.804770002, output.go:53] Requested outputer for 
[DEBUG Aug  2 08:09:51.804791332, output.go:58] Using Plain outputer
[DEBUG Aug  2 08:09:51.804866958, termutils.go:17] Cannot get terminal size: inappropriate ioctl for device
[DEBUG Aug  2 08:09:51.804949321, client.go:128] Reporting event to 2 reporters: run-command, state-svc start, 
[DEBUG Aug  2 08:09:51.805019018, main.go:107] Running CmdStart
[DEBUG Aug  2 08:09:51.810727507, errs.go:75] Wrapped error: Service is already running -- with: valueF failed
[DEBUG Aug  2 08:09:51.810814963, errs.go:75] Wrapped error: valueF failed -- with: Could not store pid
[DEBUG Aug  2 08:09:51.810913986, errors.go:113] Wrapped input error: Could not store pid -- with: A State Service instance is already running in the background.
[DEBUG Aug  2 08:09:51.810940736, errs.go:75] Wrapped error: A State Service instance is already running in the background. -- with: Could not start serviceManager
[DEBUG Aug  2 08:09:51.811045079, client.go:128] Reporting event to 2 reporters: command-exit, state-svc start, 1
[DEBUG Aug  2 08:09:52.181139813, errs.go:75] Wrapped error: <nil> -- with: Could not start serviceManager: A State Service instance is already running in the background.: Could not store pid: valueF failed: Service is already running
[DEBUG Aug  2 08:09:52.181244169, main.go:61] state-svc errored out due to input: Could not start serviceManager: A State Service instance is already running in the background.: Could not store pid: valueF failed: Service is already running
