[DEBUG Aug  2 07:57:27.451249604, defaults.go:273] Args: [/home1/wangfeim/.local/ActiveState/StateTool/release/bin/state-svc start]
[DEBUG Aug  2 07:57:27.465570196, locale.go:38] Init
[DEBUG Aug  2 07:57:28.143270784, errs.go:68] Created error: File could not be found
[DEBUG Aug  2 07:57:28.146546936, errs.go:68] Created error: Not Recognized
[DEBUG Aug  2 07:57:28.167733489, errs.go:68] Created error: Secret not found
[DEBUG Aug  2 07:57:28.167780244, errs.go:68] Created error: Could not save keypair
[DEBUG Aug  2 07:57:28.167930800, errs.go:68] Created error: Build responded with error
[DEBUG Aug  2 07:57:28.167956125, errs.go:68] Created error: Unknown build type
[DEBUG Aug  2 07:57:28.168125893, errors.go:86] Wrapped localized error: <nil> -- with: The installed version of the State Tool Service does not match that of the client.
Please stop the service with [ACTIONABLE]state-svc stop[/RESET] and try your command again.
If this issue persists please reinstall the State Tool.

[DEBUG Aug  2 07:57:28.168151872, errs.go:68] Created error: no data
[DEBUG Aug  2 07:57:28.168200105, errs.go:68] Created error: member not found
[DEBUG Aug  2 07:57:28.168240580, errs.go:68] Created error: Commit count is unknowable
[DEBUG Aug  2 07:57:28.168284668, errs.go:68] Created error: No merge required
[DEBUG Aug  2 07:57:28.168319248, errs.go:68] Created error: Can't merge commit thats already in target commits history
[DEBUG Aug  2 07:57:28.168356450, errs.go:68] Created error: Bad expander name
[DEBUG Aug  2 07:57:28.168392221, errs.go:68] Created error: Expander has no handler
[DEBUG Aug  2 07:57:28.169976304, errs.go:68] Created error: Service is already running
[DEBUG Aug  2 07:57:28.199838586, secrets.go:35] Gcloud Secretmanager failed to initialize (ignore if you're not trying to use gcloud): google: could not find default credentials. See https://developers.google.com/accounts/docs/application-default-credentials for more information.
[DEBUG Aug  2 07:57:28.204799720, output.go:53] Requested outputer for 
[DEBUG Aug  2 07:57:28.204823325, output.go:58] Using Plain outputer
[DEBUG Aug  2 07:57:28.204904752, termutils.go:17] Cannot get terminal size: inappropriate ioctl for device
[DEBUG Aug  2 07:57:28.204995413, client.go:128] Reporting event to 2 reporters: run-command, state-svc start, 
[DEBUG Aug  2 07:57:28.205145718, main.go:107] Running CmdStart
[DEBUG Aug  2 07:57:28.210905742, errs.go:75] Wrapped error: Service is already running -- with: valueF failed
[DEBUG Aug  2 07:57:28.210961227, errs.go:75] Wrapped error: valueF failed -- with: Could not store pid
[DEBUG Aug  2 07:57:28.211053759, errors.go:113] Wrapped input error: Could not store pid -- with: A State Service instance is already running in the background.
[DEBUG Aug  2 07:57:28.211066962, errs.go:75] Wrapped error: A State Service instance is already running in the background. -- with: Could not start serviceManager
[DEBUG Aug  2 07:57:28.211135508, client.go:128] Reporting event to 2 reporters: command-exit, state-svc start, 1
[DEBUG Aug  2 07:57:28.554814862, errs.go:75] Wrapped error: <nil> -- with: Could not start serviceManager: A State Service instance is already running in the background.: Could not store pid: valueF failed: Service is already running
[DEBUG Aug  2 07:57:28.554870012, main.go:61] state-svc errored out due to input: Could not start serviceManager: A State Service instance is already running in the background.: Could not store pid: valueF failed: Service is already running
