[DEBUG Sep 16 19:06:23.234019930, defaults.go:273] Args: [/home1/wangfeim/.local/ActiveState/StateTool/release/bin/state-svc start]
[DEBUG Sep 16 19:06:23.247850535, locale.go:38] Init
[DEBUG Sep 16 19:06:23.293932572, errs.go:68] Created error: File could not be found
[DEBUG Sep 16 19:06:23.297185750, errs.go:68] Created error: Not Recognized
[DEBUG Sep 16 19:06:23.317422323, errs.go:68] Created error: Secret not found
[DEBUG Sep 16 19:06:23.317476326, errs.go:68] Created error: Could not save keypair
[DEBUG Sep 16 19:06:23.317646940, errs.go:68] Created error: Build responded with error
[DEBUG Sep 16 19:06:23.317678628, errs.go:68] Created error: Unknown build type
[DEBUG Sep 16 19:06:23.317805247, errors.go:86] Wrapped localized error: <nil> -- with: The installed version of the State Tool Service does not match that of the client.
Please stop the service with [ACTIONABLE]state-svc stop[/RESET] and try your command again.
If this issue persists please reinstall the State Tool.

[DEBUG Sep 16 19:06:23.317820821, errs.go:68] Created error: no data
[DEBUG Sep 16 19:06:23.317844229, errs.go:68] Created error: member not found
[DEBUG Sep 16 19:06:23.317870932, errs.go:68] Created error: Commit count is unknowable
[DEBUG Sep 16 19:06:23.317892489, errs.go:68] Created error: No merge required
[DEBUG Sep 16 19:06:23.317916183, errs.go:68] Created error: Can't merge commit thats already in target commits history
[DEBUG Sep 16 19:06:23.317941487, errs.go:68] Created error: Bad expander name
[DEBUG Sep 16 19:06:23.317962419, errs.go:68] Created error: Expander has no handler
[DEBUG Sep 16 19:06:23.319231740, errs.go:68] Created error: Service is already running
[DEBUG Sep 16 19:06:23.346896344, secrets.go:35] Gcloud Secretmanager failed to initialize (ignore if you're not trying to use gcloud): google: could not find default credentials. See https://developers.google.com/accounts/docs/application-default-credentials for more information.
[DEBUG Sep 16 19:06:23.352214133, output.go:53] Requested outputer for 
[DEBUG Sep 16 19:06:23.352234071, output.go:58] Using Plain outputer
[DEBUG Sep 16 19:06:23.352303653, termutils.go:17] Cannot get terminal size: inappropriate ioctl for device
[DEBUG Sep 16 19:06:23.352382601, client.go:128] Reporting event to 2 reporters: run-command, state-svc start, 
[DEBUG Sep 16 19:06:23.352416572, main.go:107] Running CmdStart
[DEBUG Sep 16 19:06:23.357649880, errs.go:75] Wrapped error: Service is already running -- with: valueF failed
[DEBUG Sep 16 19:06:23.357703259, errs.go:75] Wrapped error: valueF failed -- with: Could not store pid
[DEBUG Sep 16 19:06:23.357784696, errors.go:113] Wrapped input error: Could not store pid -- with: A State Service instance is already running in the background.
[DEBUG Sep 16 19:06:23.357817179, errs.go:75] Wrapped error: A State Service instance is already running in the background. -- with: Could not start serviceManager
[DEBUG Sep 16 19:06:23.357874640, client.go:128] Reporting event to 2 reporters: command-exit, state-svc start, 1
[DEBUG Sep 16 19:06:23.727796740, errs.go:75] Wrapped error: <nil> -- with: Could not start serviceManager: A State Service instance is already running in the background.: Could not store pid: valueF failed: Service is already running
[DEBUG Sep 16 19:06:23.727869314, main.go:61] state-svc errored out due to input: Could not start serviceManager: A State Service instance is already running in the background.: Could not store pid: valueF failed: Service is already running
