[DEBUG Aug  2 07:49:22.035754083, defaults.go:273] Args: [/home1/wangfeim/.local/ActiveState/StateTool/release/bin/state-svc start]
[DEBUG Aug  2 07:49:22.049924697, locale.go:38] Init
[DEBUG Aug  2 07:49:22.116477622, errs.go:68] Created error: File could not be found
[DEBUG Aug  2 07:49:22.119587145, errs.go:68] Created error: Not Recognized
[DEBUG Aug  2 07:49:22.186003226, errs.go:68] Created error: Secret not found
[DEBUG Aug  2 07:49:22.186062466, errs.go:68] Created error: Could not save keypair
[DEBUG Aug  2 07:49:22.186245733, errs.go:68] Created error: Build responded with error
[DEBUG Aug  2 07:49:22.186275862, errs.go:68] Created error: Unknown build type
[DEBUG Aug  2 07:49:22.186406124, errors.go:86] Wrapped localized error: <nil> -- with: The installed version of the State Tool Service does not match that of the client.
Please stop the service with [ACTIONABLE]state-svc stop[/RESET] and try your command again.
If this issue persists please reinstall the State Tool.

[DEBUG Aug  2 07:49:22.186419992, errs.go:68] Created error: no data
[DEBUG Aug  2 07:49:22.186442698, errs.go:68] Created error: member not found
[DEBUG Aug  2 07:49:22.186472671, errs.go:68] Created error: Commit count is unknowable
[DEBUG Aug  2 07:49:22.186499722, errs.go:68] Created error: No merge required
[DEBUG Aug  2 07:49:22.186529809, errs.go:68] Created error: Can't merge commit thats already in target commits history
[DEBUG Aug  2 07:49:22.186574336, errs.go:68] Created error: Bad expander name
[DEBUG Aug  2 07:49:22.186624341, errs.go:68] Created error: Expander has no handler
[DEBUG Aug  2 07:49:22.187638032, errs.go:68] Created error: Service is already running
[DEBUG Aug  2 07:49:22.216075273, secrets.go:35] Gcloud Secretmanager failed to initialize (ignore if you're not trying to use gcloud): google: could not find default credentials. See https://developers.google.com/accounts/docs/application-default-credentials for more information.
[DEBUG Aug  2 07:49:22.219908873, output.go:53] Requested outputer for 
[DEBUG Aug  2 07:49:22.219934520, output.go:58] Using Plain outputer
[DEBUG Aug  2 07:49:22.220027802, termutils.go:17] Cannot get terminal size: inappropriate ioctl for device
[DEBUG Aug  2 07:49:22.220067908, client.go:128] Reporting event to 2 reporters: run-command, state-svc start, 
[DEBUG Aug  2 07:49:22.220199638, main.go:107] Running CmdStart
[DEBUG Aug  2 07:49:22.225973986, errs.go:75] Wrapped error: Service is already running -- with: valueF failed
[DEBUG Aug  2 07:49:22.226035945, errs.go:75] Wrapped error: valueF failed -- with: Could not store pid
[DEBUG Aug  2 07:49:22.226129152, errors.go:113] Wrapped input error: Could not store pid -- with: A State Service instance is already running in the background.
[DEBUG Aug  2 07:49:22.226145131, errs.go:75] Wrapped error: A State Service instance is already running in the background. -- with: Could not start serviceManager
[DEBUG Aug  2 07:49:22.226255140, client.go:128] Reporting event to 2 reporters: command-exit, state-svc start, 1
[DEBUG Aug  2 07:49:22.631883119, errs.go:75] Wrapped error: <nil> -- with: Could not start serviceManager: A State Service instance is already running in the background.: Could not store pid: valueF failed: Service is already running
[DEBUG Aug  2 07:49:22.631940376, main.go:61] state-svc errored out due to input: Could not start serviceManager: A State Service instance is already running in the background.: Could not store pid: valueF failed: Service is already running
