[DEBUG Aug  2 07:34:45.032306591, defaults.go:273] Args: [/home1/wangfeim/.local/ActiveState/StateTool/release/bin/state-svc start]
[DEBUG Aug  2 07:34:45.045436886, locale.go:38] Init
[DEBUG Aug  2 07:34:45.083302144, errs.go:68] Created error: File could not be found
[DEBUG Aug  2 07:34:45.086205260, errs.go:68] Created error: Not Recognized
[DEBUG Aug  2 07:34:45.106552026, errs.go:68] Created error: Secret not found
[DEBUG Aug  2 07:34:45.106595990, errs.go:68] Created error: Could not save keypair
[DEBUG Aug  2 07:34:45.106742876, errs.go:68] Created error: Build responded with error
[DEBUG Aug  2 07:34:45.106768627, errs.go:68] Created error: Unknown build type
[DEBUG Aug  2 07:34:45.106863780, errors.go:86] Wrapped localized error: <nil> -- with: The installed version of the State Tool Service does not match that of the client.
Please stop the service with [ACTIONABLE]state-svc stop[/RESET] and try your command again.
If this issue persists please reinstall the State Tool.

[DEBUG Aug  2 07:34:45.106881753, errs.go:68] Created error: no data
[DEBUG Aug  2 07:34:45.106904518, errs.go:68] Created error: member not found
[DEBUG Aug  2 07:34:45.106930436, errs.go:68] Created error: Commit count is unknowable
[DEBUG Aug  2 07:34:45.106955912, errs.go:68] Created error: No merge required
[DEBUG Aug  2 07:34:45.106978231, errs.go:68] Created error: Can't merge commit thats already in target commits history
[DEBUG Aug  2 07:34:45.107000730, errs.go:68] Created error: Bad expander name
[DEBUG Aug  2 07:34:45.107021573, errs.go:68] Created error: Expander has no handler
[DEBUG Aug  2 07:34:45.108034461, errs.go:68] Created error: Service is already running
[DEBUG Aug  2 07:34:45.135135396, secrets.go:35] Gcloud Secretmanager failed to initialize (ignore if you're not trying to use gcloud): google: could not find default credentials. See https://developers.google.com/accounts/docs/application-default-credentials for more information.
[DEBUG Aug  2 07:34:45.138556451, output.go:53] Requested outputer for 
[DEBUG Aug  2 07:34:45.138577351, output.go:58] Using Plain outputer
[DEBUG Aug  2 07:34:45.138657583, termutils.go:17] Cannot get terminal size: inappropriate ioctl for device
[DEBUG Aug  2 07:34:45.138745948, client.go:128] Reporting event to 2 reporters: run-command, state-svc start, 
[DEBUG Aug  2 07:34:45.138801942, main.go:107] Running CmdStart
[DEBUG Aug  2 07:34:45.144154344, errs.go:75] Wrapped error: Service is already running -- with: valueF failed
[DEBUG Aug  2 07:34:45.144211457, errs.go:75] Wrapped error: valueF failed -- with: Could not store pid
[DEBUG Aug  2 07:34:45.144288540, errors.go:113] Wrapped input error: Could not store pid -- with: A State Service instance is already running in the background.
[DEBUG Aug  2 07:34:45.144302436, errs.go:75] Wrapped error: A State Service instance is already running in the background. -- with: Could not start serviceManager
[DEBUG Aug  2 07:34:45.144372150, client.go:128] Reporting event to 2 reporters: command-exit, state-svc start, 1
[DEBUG Aug  2 07:34:45.474451234, errs.go:75] Wrapped error: <nil> -- with: Could not start serviceManager: A State Service instance is already running in the background.: Could not store pid: valueF failed: Service is already running
[DEBUG Aug  2 07:34:45.474515742, main.go:61] state-svc errored out due to input: Could not start serviceManager: A State Service instance is already running in the background.: Could not store pid: valueF failed: Service is already running
