[DEBUG Aug  2 08:03:53.149928237, defaults.go:273] Args: [/home1/wangfeim/.local/ActiveState/StateTool/release/bin/state-svc start]
[DEBUG Aug  2 08:03:53.192578504, locale.go:38] Init
[DEBUG Aug  2 08:03:53.234217766, errs.go:68] Created error: File could not be found
[DEBUG Aug  2 08:03:53.237186159, errs.go:68] Created error: Not Recognized
[DEBUG Aug  2 08:03:53.300439679, errs.go:68] Created error: Secret not found
[DEBUG Aug  2 08:03:53.300497527, errs.go:68] Created error: Could not save keypair
[DEBUG Aug  2 08:03:53.300694689, errs.go:68] Created error: Build responded with error
[DEBUG Aug  2 08:03:53.300724209, errs.go:68] Created error: Unknown build type
[DEBUG Aug  2 08:03:53.300840454, errors.go:86] Wrapped localized error: <nil> -- with: The installed version of the State Tool Service does not match that of the client.
Please stop the service with [ACTIONABLE]state-svc stop[/RESET] and try your command again.
If this issue persists please reinstall the State Tool.

[DEBUG Aug  2 08:03:53.300855811, errs.go:68] Created error: no data
[DEBUG Aug  2 08:03:53.300881927, errs.go:68] Created error: member not found
[DEBUG Aug  2 08:03:53.300911590, errs.go:68] Created error: Commit count is unknowable
[DEBUG Aug  2 08:03:53.300935820, errs.go:68] Created error: No merge required
[DEBUG Aug  2 08:03:53.300959035, errs.go:68] Created error: Can't merge commit thats already in target commits history
[DEBUG Aug  2 08:03:53.300985899, errs.go:68] Created error: Bad expander name
[DEBUG Aug  2 08:03:53.301016563, errs.go:68] Created error: Expander has no handler
[DEBUG Aug  2 08:03:53.302219300, errs.go:68] Created error: Service is already running
[DEBUG Aug  2 08:03:53.332346351, secrets.go:35] Gcloud Secretmanager failed to initialize (ignore if you're not trying to use gcloud): google: could not find default credentials. See https://developers.google.com/accounts/docs/application-default-credentials for more information.
[DEBUG Aug  2 08:03:53.335854662, output.go:53] Requested outputer for 
[DEBUG Aug  2 08:03:53.335877841, output.go:58] Using Plain outputer
[DEBUG Aug  2 08:03:53.335956571, termutils.go:17] Cannot get terminal size: inappropriate ioctl for device
[DEBUG Aug  2 08:03:53.336042421, client.go:128] Reporting event to 2 reporters: run-command, state-svc start, 
[DEBUG Aug  2 08:03:53.336128406, main.go:107] Running CmdStart
[DEBUG Aug  2 08:03:53.342130400, errs.go:75] Wrapped error: Service is already running -- with: valueF failed
[DEBUG Aug  2 08:03:53.342189878, errs.go:75] Wrapped error: valueF failed -- with: Could not store pid
[DEBUG Aug  2 08:03:53.342268047, errors.go:113] Wrapped input error: Could not store pid -- with: A State Service instance is already running in the background.
[DEBUG Aug  2 08:03:53.342282606, errs.go:75] Wrapped error: A State Service instance is already running in the background. -- with: Could not start serviceManager
[DEBUG Aug  2 08:03:53.342363612, client.go:128] Reporting event to 2 reporters: command-exit, state-svc start, 1
[DEBUG Aug  2 08:03:53.699529902, errs.go:75] Wrapped error: <nil> -- with: Could not start serviceManager: A State Service instance is already running in the background.: Could not store pid: valueF failed: Service is already running
[DEBUG Aug  2 08:03:53.699617339, main.go:61] state-svc errored out due to input: Could not start serviceManager: A State Service instance is already running in the background.: Could not store pid: valueF failed: Service is already running
