[DEBUG Aug  2 07:38:39.992231398, defaults.go:273] Args: [/home1/wangfeim/.local/ActiveState/StateTool/release/bin/state-svc start]
[DEBUG Aug  2 07:38:40.006668636, locale.go:38] Init
[DEBUG Aug  2 07:38:40.096463063, errs.go:68] Created error: File could not be found
[DEBUG Aug  2 07:38:40.099354754, errs.go:68] Created error: Not Recognized
[DEBUG Aug  2 07:38:40.121093375, errs.go:68] Created error: Secret not found
[DEBUG Aug  2 07:38:40.121150649, errs.go:68] Created error: Could not save keypair
[DEBUG Aug  2 07:38:40.121327674, errs.go:68] Created error: Build responded with error
[DEBUG Aug  2 07:38:40.121356017, errs.go:68] Created error: Unknown build type
[DEBUG Aug  2 07:38:40.121488692, errors.go:86] Wrapped localized error: <nil> -- with: The installed version of the State Tool Service does not match that of the client.
Please stop the service with [ACTIONABLE]state-svc stop[/RESET] and try your command again.
If this issue persists please reinstall the State Tool.

[DEBUG Aug  2 07:38:40.121505160, errs.go:68] Created error: no data
[DEBUG Aug  2 07:38:40.121532927, errs.go:68] Created error: member not found
[DEBUG Aug  2 07:38:40.121571593, errs.go:68] Created error: Commit count is unknowable
[DEBUG Aug  2 07:38:40.121595673, errs.go:68] Created error: No merge required
[DEBUG Aug  2 07:38:40.121619540, errs.go:68] Created error: Can't merge commit thats already in target commits history
[DEBUG Aug  2 07:38:40.121644419, errs.go:68] Created error: Bad expander name
[DEBUG Aug  2 07:38:40.121668819, errs.go:68] Created error: Expander has no handler
[DEBUG Aug  2 07:38:40.122709579, errs.go:68] Created error: Service is already running
[DEBUG Aug  2 07:38:40.187462461, secrets.go:35] Gcloud Secretmanager failed to initialize (ignore if you're not trying to use gcloud): google: could not find default credentials. See https://developers.google.com/accounts/docs/application-default-credentials for more information.
[DEBUG Aug  2 07:38:40.190718740, output.go:53] Requested outputer for 
[DEBUG Aug  2 07:38:40.190741134, output.go:58] Using Plain outputer
[DEBUG Aug  2 07:38:40.190810861, termutils.go:17] Cannot get terminal size: inappropriate ioctl for device
[DEBUG Aug  2 07:38:40.190894803, client.go:128] Reporting event to 2 reporters: run-command, state-svc start, 
[DEBUG Aug  2 07:38:40.190963720, main.go:107] Running CmdStart
[DEBUG Aug  2 07:38:40.198725072, errs.go:75] Wrapped error: Service is already running -- with: valueF failed
[DEBUG Aug  2 07:38:40.198805268, errs.go:75] Wrapped error: valueF failed -- with: Could not store pid
[DEBUG Aug  2 07:38:40.198926710, errors.go:113] Wrapped input error: Could not store pid -- with: A State Service instance is already running in the background.
[DEBUG Aug  2 07:38:40.198953841, errs.go:75] Wrapped error: A State Service instance is already running in the background. -- with: Could not start serviceManager
[DEBUG Aug  2 07:38:40.199045020, client.go:128] Reporting event to 2 reporters: command-exit, state-svc start, 1
[DEBUG Aug  2 07:38:40.557264144, errs.go:75] Wrapped error: <nil> -- with: Could not start serviceManager: A State Service instance is already running in the background.: Could not store pid: valueF failed: Service is already running
[DEBUG Aug  2 07:38:40.557334122, main.go:61] state-svc errored out due to input: Could not start serviceManager: A State Service instance is already running in the background.: Could not store pid: valueF failed: Service is already running
