[DEBUG Aug  2 07:51:07.118307758, defaults.go:273] Args: [/home1/wangfeim/.local/ActiveState/StateTool/release/bin/state-svc start]
[DEBUG Aug  2 07:51:07.132546278, locale.go:38] Init
[DEBUG Aug  2 07:51:07.574424698, errs.go:68] Created error: File could not be found
[DEBUG Aug  2 07:51:07.577739810, errs.go:68] Created error: Not Recognized
[DEBUG Aug  2 07:51:07.601662328, errs.go:68] Created error: Secret not found
[DEBUG Aug  2 07:51:07.601721237, errs.go:68] Created error: Could not save keypair
[DEBUG Aug  2 07:51:07.601924832, errs.go:68] Created error: Build responded with error
[DEBUG Aug  2 07:51:07.601954609, errs.go:68] Created error: Unknown build type
[DEBUG Aug  2 07:51:07.602075108, errors.go:86] Wrapped localized error: <nil> -- with: The installed version of the State Tool Service does not match that of the client.
Please stop the service with [ACTIONABLE]state-svc stop[/RESET] and try your command again.
If this issue persists please reinstall the State Tool.

[DEBUG Aug  2 07:51:07.602090685, errs.go:68] Created error: no data
[DEBUG Aug  2 07:51:07.602115276, errs.go:68] Created error: member not found
[DEBUG Aug  2 07:51:07.602139834, errs.go:68] Created error: Commit count is unknowable
[DEBUG Aug  2 07:51:07.602163471, errs.go:68] Created error: No merge required
[DEBUG Aug  2 07:51:07.602190888, errs.go:68] Created error: Can't merge commit thats already in target commits history
[DEBUG Aug  2 07:51:07.602216242, errs.go:68] Created error: Bad expander name
[DEBUG Aug  2 07:51:07.602241648, errs.go:68] Created error: Expander has no handler
[DEBUG Aug  2 07:51:07.603347137, errs.go:68] Created error: Service is already running
[DEBUG Aug  2 07:51:07.631468824, secrets.go:35] Gcloud Secretmanager failed to initialize (ignore if you're not trying to use gcloud): google: could not find default credentials. See https://developers.google.com/accounts/docs/application-default-credentials for more information.
[DEBUG Aug  2 07:51:07.635113345, output.go:53] Requested outputer for 
[DEBUG Aug  2 07:51:07.635148693, output.go:58] Using Plain outputer
[DEBUG Aug  2 07:51:07.635229488, termutils.go:17] Cannot get terminal size: inappropriate ioctl for device
[DEBUG Aug  2 07:51:07.635323703, client.go:128] Reporting event to 2 reporters: run-command, state-svc start, 
[DEBUG Aug  2 07:51:07.635400440, main.go:107] Running CmdStart
[DEBUG Aug  2 07:51:07.641153001, errs.go:75] Wrapped error: Service is already running -- with: valueF failed
[DEBUG Aug  2 07:51:07.641215031, errs.go:75] Wrapped error: valueF failed -- with: Could not store pid
[DEBUG Aug  2 07:51:07.641295136, errors.go:113] Wrapped input error: Could not store pid -- with: A State Service instance is already running in the background.
[DEBUG Aug  2 07:51:07.641310437, errs.go:75] Wrapped error: A State Service instance is already running in the background. -- with: Could not start serviceManager
[DEBUG Aug  2 07:51:07.641374937, client.go:128] Reporting event to 2 reporters: command-exit, state-svc start, 1
[DEBUG Aug  2 07:51:08.014804795, errs.go:75] Wrapped error: <nil> -- with: Could not start serviceManager: A State Service instance is already running in the background.: Could not store pid: valueF failed: Service is already running
[DEBUG Aug  2 07:51:08.014858883, main.go:61] state-svc errored out due to input: Could not start serviceManager: A State Service instance is already running in the background.: Could not store pid: valueF failed: Service is already running
