[DEBUG Aug  2 08:09:48.729493654, defaults.go:273] Args: [/home1/wangfeim/.local/ActiveState/StateTool/release/bin/state-svc start]
[DEBUG Aug  2 08:09:48.743594742, locale.go:38] Init
[DEBUG Aug  2 08:09:48.821640143, errs.go:68] Created error: File could not be found
[DEBUG Aug  2 08:09:48.824665006, errs.go:68] Created error: Not Recognized
[DEBUG Aug  2 08:09:48.845219967, errs.go:68] Created error: Secret not found
[DEBUG Aug  2 08:09:48.845289521, errs.go:68] Created error: Could not save keypair
[DEBUG Aug  2 08:09:48.884774031, errs.go:68] Created error: Build responded with error
[DEBUG Aug  2 08:09:48.884875687, errs.go:68] Created error: Unknown build type
[DEBUG Aug  2 08:09:48.885269071, errors.go:86] Wrapped localized error: <nil> -- with: The installed version of the State Tool Service does not match that of the client.
Please stop the service with [ACTIONABLE]state-svc stop[/RESET] and try your command again.
If this issue persists please reinstall the State Tool.

[DEBUG Aug  2 08:09:48.885294594, errs.go:68] Created error: no data
[DEBUG Aug  2 08:09:48.885326972, errs.go:68] Created error: member not found
[DEBUG Aug  2 08:09:48.885355348, errs.go:68] Created error: Commit count is unknowable
[DEBUG Aug  2 08:09:48.885385589, errs.go:68] Created error: No merge required
[DEBUG Aug  2 08:09:48.885416412, errs.go:68] Created error: Can't merge commit thats already in target commits history
[DEBUG Aug  2 08:09:48.885451246, errs.go:68] Created error: Bad expander name
[DEBUG Aug  2 08:09:48.885482455, errs.go:68] Created error: Expander has no handler
[DEBUG Aug  2 08:09:48.886879752, errs.go:68] Created error: Service is already running
[DEBUG Aug  2 08:09:48.915383482, secrets.go:35] Gcloud Secretmanager failed to initialize (ignore if you're not trying to use gcloud): google: could not find default credentials. See https://developers.google.com/accounts/docs/application-default-credentials for more information.
[DEBUG Aug  2 08:09:48.918893889, output.go:53] Requested outputer for 
[DEBUG Aug  2 08:09:48.918918026, output.go:58] Using Plain outputer
[DEBUG Aug  2 08:09:48.918989358, termutils.go:17] Cannot get terminal size: inappropriate ioctl for device
[DEBUG Aug  2 08:09:48.919017890, client.go:128] Reporting event to 2 reporters: run-command, state-svc start, 
[DEBUG Aug  2 08:09:48.919153944, main.go:107] Running CmdStart
[DEBUG Aug  2 08:09:48.924953847, errs.go:75] Wrapped error: Service is already running -- with: valueF failed
[DEBUG Aug  2 08:09:48.925015777, errs.go:75] Wrapped error: valueF failed -- with: Could not store pid
[DEBUG Aug  2 08:09:48.925100771, errors.go:113] Wrapped input error: Could not store pid -- with: A State Service instance is already running in the background.
[DEBUG Aug  2 08:09:48.925115847, errs.go:75] Wrapped error: A State Service instance is already running in the background. -- with: Could not start serviceManager
[DEBUG Aug  2 08:09:48.925215424, client.go:128] Reporting event to 2 reporters: command-exit, state-svc start, 1
[DEBUG Aug  2 08:09:49.308701842, errs.go:75] Wrapped error: <nil> -- with: Could not start serviceManager: A State Service instance is already running in the background.: Could not store pid: valueF failed: Service is already running
[DEBUG Aug  2 08:09:49.308776357, main.go:61] state-svc errored out due to input: Could not start serviceManager: A State Service instance is already running in the background.: Could not store pid: valueF failed: Service is already running
