[DEBUG Aug  2 08:00:31.095933638, defaults.go:273] Args: [/home1/wangfeim/.local/ActiveState/StateTool/release/bin/state-svc start]
[DEBUG Aug  2 08:00:31.109935618, locale.go:38] Init
[DEBUG Aug  2 08:00:31.151221744, errs.go:68] Created error: File could not be found
[DEBUG Aug  2 08:00:31.154347008, errs.go:68] Created error: Not Recognized
[DEBUG Aug  2 08:00:31.209692113, errs.go:68] Created error: Secret not found
[DEBUG Aug  2 08:00:31.209762515, errs.go:68] Created error: Could not save keypair
[DEBUG Aug  2 08:00:31.210026520, errs.go:68] Created error: Build responded with error
[DEBUG Aug  2 08:00:31.210073260, errs.go:68] Created error: Unknown build type
[DEBUG Aug  2 08:00:31.210265180, errors.go:86] Wrapped localized error: <nil> -- with: The installed version of the State Tool Service does not match that of the client.
Please stop the service with [ACTIONABLE]state-svc stop[/RESET] and try your command again.
If this issue persists please reinstall the State Tool.

[DEBUG Aug  2 08:00:31.210286574, errs.go:68] Created error: no data
[DEBUG Aug  2 08:00:31.210328718, errs.go:68] Created error: member not found
[DEBUG Aug  2 08:00:31.210373880, errs.go:68] Created error: Commit count is unknowable
[DEBUG Aug  2 08:00:31.210434435, errs.go:68] Created error: No merge required
[DEBUG Aug  2 08:00:31.210476174, errs.go:68] Created error: Can't merge commit thats already in target commits history
[DEBUG Aug  2 08:00:31.210519197, errs.go:68] Created error: Bad expander name
[DEBUG Aug  2 08:00:31.210567075, errs.go:68] Created error: Expander has no handler
[DEBUG Aug  2 08:00:31.212034734, errs.go:68] Created error: Service is already running
[DEBUG Aug  2 08:00:31.241218344, secrets.go:35] Gcloud Secretmanager failed to initialize (ignore if you're not trying to use gcloud): google: could not find default credentials. See https://developers.google.com/accounts/docs/application-default-credentials for more information.
[DEBUG Aug  2 08:00:31.247603695, output.go:53] Requested outputer for 
[DEBUG Aug  2 08:00:31.247628077, output.go:58] Using Plain outputer
[DEBUG Aug  2 08:00:31.247711679, termutils.go:17] Cannot get terminal size: inappropriate ioctl for device
[DEBUG Aug  2 08:00:31.247805414, client.go:128] Reporting event to 2 reporters: run-command, state-svc start, 
[DEBUG Aug  2 08:00:31.247855237, main.go:107] Running CmdStart
[DEBUG Aug  2 08:00:31.253828502, errs.go:75] Wrapped error: Service is already running -- with: valueF failed
[DEBUG Aug  2 08:00:31.253893786, errs.go:75] Wrapped error: valueF failed -- with: Could not store pid
[DEBUG Aug  2 08:00:31.253973301, errors.go:113] Wrapped input error: Could not store pid -- with: A State Service instance is already running in the background.
[DEBUG Aug  2 08:00:31.253989089, errs.go:75] Wrapped error: A State Service instance is already running in the background. -- with: Could not start serviceManager
[DEBUG Aug  2 08:00:31.254051424, client.go:128] Reporting event to 2 reporters: command-exit, state-svc start, 1
[DEBUG Aug  2 08:00:31.626768288, errs.go:75] Wrapped error: <nil> -- with: Could not start serviceManager: A State Service instance is already running in the background.: Could not store pid: valueF failed: Service is already running
[DEBUG Aug  2 08:00:31.626827600, main.go:61] state-svc errored out due to input: Could not start serviceManager: A State Service instance is already running in the background.: Could not store pid: valueF failed: Service is already running
