[DEBUG Aug  2 07:45:38.469904431, defaults.go:273] Args: [/home1/wangfeim/.local/ActiveState/StateTool/release/bin/state-svc start]
[DEBUG Aug  2 07:45:38.484351464, locale.go:38] Init
[DEBUG Aug  2 07:45:38.667057426, errs.go:68] Created error: File could not be found
[DEBUG Aug  2 07:45:38.670334738, errs.go:68] Created error: Not Recognized
[DEBUG Aug  2 07:45:38.691973034, errs.go:68] Created error: Secret not found
[DEBUG Aug  2 07:45:38.692030468, errs.go:68] Created error: Could not save keypair
[DEBUG Aug  2 07:45:38.692220976, errs.go:68] Created error: Build responded with error
[DEBUG Aug  2 07:45:38.692249549, errs.go:68] Created error: Unknown build type
[DEBUG Aug  2 07:45:38.692370868, errors.go:86] Wrapped localized error: <nil> -- with: The installed version of the State Tool Service does not match that of the client.
Please stop the service with [ACTIONABLE]state-svc stop[/RESET] and try your command again.
If this issue persists please reinstall the State Tool.

[DEBUG Aug  2 07:45:38.692386409, errs.go:68] Created error: no data
[DEBUG Aug  2 07:45:38.692410960, errs.go:68] Created error: member not found
[DEBUG Aug  2 07:45:38.692434420, errs.go:68] Created error: Commit count is unknowable
[DEBUG Aug  2 07:45:38.692457613, errs.go:68] Created error: No merge required
[DEBUG Aug  2 07:45:38.692480087, errs.go:68] Created error: Can't merge commit thats already in target commits history
[DEBUG Aug  2 07:45:38.692506118, errs.go:68] Created error: Bad expander name
[DEBUG Aug  2 07:45:38.692529027, errs.go:68] Created error: Expander has no handler
[DEBUG Aug  2 07:45:38.693644643, errs.go:68] Created error: Service is already running
[DEBUG Aug  2 07:45:38.724022566, secrets.go:35] Gcloud Secretmanager failed to initialize (ignore if you're not trying to use gcloud): google: could not find default credentials. See https://developers.google.com/accounts/docs/application-default-credentials for more information.
[DEBUG Aug  2 07:45:38.727248309, output.go:53] Requested outputer for 
[DEBUG Aug  2 07:45:38.727271819, output.go:58] Using Plain outputer
[DEBUG Aug  2 07:45:38.727345370, termutils.go:17] Cannot get terminal size: inappropriate ioctl for device
[DEBUG Aug  2 07:45:38.727431620, client.go:128] Reporting event to 2 reporters: run-command, state-svc start, 
[DEBUG Aug  2 07:45:38.727494283, main.go:107] Running CmdStart
[DEBUG Aug  2 07:45:38.734056314, errs.go:75] Wrapped error: Service is already running -- with: valueF failed
[DEBUG Aug  2 07:45:38.734126323, errs.go:75] Wrapped error: valueF failed -- with: Could not store pid
[DEBUG Aug  2 07:45:38.734201286, errors.go:113] Wrapped input error: Could not store pid -- with: A State Service instance is already running in the background.
[DEBUG Aug  2 07:45:38.734217420, errs.go:75] Wrapped error: A State Service instance is already running in the background. -- with: Could not start serviceManager
[DEBUG Aug  2 07:45:38.734727312, client.go:128] Reporting event to 2 reporters: command-exit, state-svc start, 1
[DEBUG Aug  2 07:45:39.117586002, errs.go:75] Wrapped error: <nil> -- with: Could not start serviceManager: A State Service instance is already running in the background.: Could not store pid: valueF failed: Service is already running
[DEBUG Aug  2 07:45:39.117660162, main.go:61] state-svc errored out due to input: Could not start serviceManager: A State Service instance is already running in the background.: Could not store pid: valueF failed: Service is already running
