[DEBUG Aug  2 07:38:21.553263706, defaults.go:273] Args: [/home1/wangfeim/.local/ActiveState/StateTool/release/bin/state-svc start]
[DEBUG Aug  2 07:38:21.567798364, locale.go:38] Init
[DEBUG Aug  2 07:38:21.614254429, errs.go:68] Created error: File could not be found
[DEBUG Aug  2 07:38:21.617263377, errs.go:68] Created error: Not Recognized
[DEBUG Aug  2 07:38:21.694503984, errs.go:68] Created error: Secret not found
[DEBUG Aug  2 07:38:21.694593719, errs.go:68] Created error: Could not save keypair
[DEBUG Aug  2 07:38:21.694888923, errs.go:68] Created error: Build responded with error
[DEBUG Aug  2 07:38:21.694934401, errs.go:68] Created error: Unknown build type
[DEBUG Aug  2 07:38:21.695339108, errors.go:86] Wrapped localized error: <nil> -- with: The installed version of the State Tool Service does not match that of the client.
Please stop the service with [ACTIONABLE]state-svc stop[/RESET] and try your command again.
If this issue persists please reinstall the State Tool.

[DEBUG Aug  2 07:38:21.695580419, errs.go:68] Created error: no data
[DEBUG Aug  2 07:38:21.695633362, errs.go:68] Created error: member not found
[DEBUG Aug  2 07:38:21.695667222, errs.go:68] Created error: Commit count is unknowable
[DEBUG Aug  2 07:38:21.695696567, errs.go:68] Created error: No merge required
[DEBUG Aug  2 07:38:21.695725381, errs.go:68] Created error: Can't merge commit thats already in target commits history
[DEBUG Aug  2 07:38:21.695757160, errs.go:68] Created error: Bad expander name
[DEBUG Aug  2 07:38:21.695785525, errs.go:68] Created error: Expander has no handler
[DEBUG Aug  2 07:38:21.696955015, errs.go:68] Created error: Service is already running
[DEBUG Aug  2 07:38:21.789265647, secrets.go:35] Gcloud Secretmanager failed to initialize (ignore if you're not trying to use gcloud): google: could not find default credentials. See https://developers.google.com/accounts/docs/application-default-credentials for more information.
[DEBUG Aug  2 07:38:21.792737774, output.go:53] Requested outputer for 
[DEBUG Aug  2 07:38:21.792761169, output.go:58] Using Plain outputer
[DEBUG Aug  2 07:38:21.792829051, termutils.go:17] Cannot get terminal size: inappropriate ioctl for device
[DEBUG Aug  2 07:38:21.792927951, client.go:128] Reporting event to 2 reporters: run-command, state-svc start, 
[DEBUG Aug  2 07:38:21.792970704, main.go:107] Running CmdStart
[DEBUG Aug  2 07:38:21.798802431, errs.go:75] Wrapped error: Service is already running -- with: valueF failed
[DEBUG Aug  2 07:38:21.798856306, errs.go:75] Wrapped error: valueF failed -- with: Could not store pid
[DEBUG Aug  2 07:38:21.798918994, errors.go:113] Wrapped input error: Could not store pid -- with: A State Service instance is already running in the background.
[DEBUG Aug  2 07:38:21.798931962, errs.go:75] Wrapped error: A State Service instance is already running in the background. -- with: Could not start serviceManager
[DEBUG Aug  2 07:38:21.798988625, client.go:128] Reporting event to 2 reporters: command-exit, state-svc start, 1
[DEBUG Aug  2 07:38:22.121115643, errs.go:75] Wrapped error: <nil> -- with: Could not start serviceManager: A State Service instance is already running in the background.: Could not store pid: valueF failed: Service is already running
[DEBUG Aug  2 07:38:22.121175199, main.go:61] state-svc errored out due to input: Could not start serviceManager: A State Service instance is already running in the background.: Could not store pid: valueF failed: Service is already running
