[DEBUG Aug  2 08:10:39.509534632, defaults.go:273] Args: [/home1/wangfeim/.local/ActiveState/StateTool/release/bin/state-svc start]
[DEBUG Aug  2 08:10:39.524184005, locale.go:38] Init
[DEBUG Aug  2 08:10:39.597786313, errs.go:68] Created error: File could not be found
[DEBUG Aug  2 08:10:39.600790852, errs.go:68] Created error: Not Recognized
[DEBUG Aug  2 08:10:39.623092391, errs.go:68] Created error: Secret not found
[DEBUG Aug  2 08:10:39.623140468, errs.go:68] Created error: Could not save keypair
[DEBUG Aug  2 08:10:39.623312537, errs.go:68] Created error: Build responded with error
[DEBUG Aug  2 08:10:39.623340170, errs.go:68] Created error: Unknown build type
[DEBUG Aug  2 08:10:39.623450943, errors.go:86] Wrapped localized error: <nil> -- with: The installed version of the State Tool Service does not match that of the client.
Please stop the service with [ACTIONABLE]state-svc stop[/RESET] and try your command again.
If this issue persists please reinstall the State Tool.

[DEBUG Aug  2 08:10:39.623464182, errs.go:68] Created error: no data
[DEBUG Aug  2 08:10:39.623488006, errs.go:68] Created error: member not found
[DEBUG Aug  2 08:10:39.623515204, errs.go:68] Created error: Commit count is unknowable
[DEBUG Aug  2 08:10:39.623536904, errs.go:68] Created error: No merge required
[DEBUG Aug  2 08:10:39.623563616, errs.go:68] Created error: Can't merge commit thats already in target commits history
[DEBUG Aug  2 08:10:39.623586492, errs.go:68] Created error: Bad expander name
[DEBUG Aug  2 08:10:39.623607797, errs.go:68] Created error: Expander has no handler
[DEBUG Aug  2 08:10:39.624591647, errs.go:68] Created error: Service is already running
[DEBUG Aug  2 08:10:39.687432420, secrets.go:35] Gcloud Secretmanager failed to initialize (ignore if you're not trying to use gcloud): google: could not find default credentials. See https://developers.google.com/accounts/docs/application-default-credentials for more information.
[DEBUG Aug  2 08:10:39.690989701, output.go:53] Requested outputer for 
[DEBUG Aug  2 08:10:39.691014547, output.go:58] Using Plain outputer
[DEBUG Aug  2 08:10:39.691094101, termutils.go:17] Cannot get terminal size: inappropriate ioctl for device
[DEBUG Aug  2 08:10:39.691195120, client.go:128] Reporting event to 2 reporters: run-command, state-svc start, 
[DEBUG Aug  2 08:10:39.691233064, main.go:107] Running CmdStart
[DEBUG Aug  2 08:10:39.697121542, errs.go:75] Wrapped error: Service is already running -- with: valueF failed
[DEBUG Aug  2 08:10:39.697179129, errs.go:75] Wrapped error: valueF failed -- with: Could not store pid
[DEBUG Aug  2 08:10:39.697260425, errors.go:113] Wrapped input error: Could not store pid -- with: A State Service instance is already running in the background.
[DEBUG Aug  2 08:10:39.697275411, errs.go:75] Wrapped error: A State Service instance is already running in the background. -- with: Could not start serviceManager
[DEBUG Aug  2 08:10:39.697339259, client.go:128] Reporting event to 2 reporters: command-exit, state-svc start, 1
[DEBUG Aug  2 08:10:40.026971894, errs.go:75] Wrapped error: <nil> -- with: Could not start serviceManager: A State Service instance is already running in the background.: Could not store pid: valueF failed: Service is already running
[DEBUG Aug  2 08:10:40.027037693, main.go:61] state-svc errored out due to input: Could not start serviceManager: A State Service instance is already running in the background.: Could not store pid: valueF failed: Service is already running
