[DEBUG Aug  2 07:36:04.287727456, defaults.go:273] Args: [/home1/wangfeim/.local/ActiveState/StateTool/release/bin/state-svc start]
[DEBUG Aug  2 07:36:04.300685930, locale.go:38] Init
[DEBUG Aug  2 07:36:04.417627978, errs.go:68] Created error: File could not be found
[DEBUG Aug  2 07:36:04.420562752, errs.go:68] Created error: Not Recognized
[DEBUG Aug  2 07:36:04.440419953, errs.go:68] Created error: Secret not found
[DEBUG Aug  2 07:36:04.440475546, errs.go:68] Created error: Could not save keypair
[DEBUG Aug  2 07:36:04.441635854, errs.go:68] Created error: Build responded with error
[DEBUG Aug  2 07:36:04.441772593, errs.go:68] Created error: Unknown build type
[DEBUG Aug  2 07:36:04.442040533, errors.go:86] Wrapped localized error: <nil> -- with: The installed version of the State Tool Service does not match that of the client.
Please stop the service with [ACTIONABLE]state-svc stop[/RESET] and try your command again.
If this issue persists please reinstall the State Tool.

[DEBUG Aug  2 07:36:04.442110622, errs.go:68] Created error: no data
[DEBUG Aug  2 07:36:04.442181376, errs.go:68] Created error: member not found
[DEBUG Aug  2 07:36:04.442256613, errs.go:68] Created error: Commit count is unknowable
[DEBUG Aug  2 07:36:04.442317387, errs.go:68] Created error: No merge required
[DEBUG Aug  2 07:36:04.442647623, errs.go:68] Created error: Can't merge commit thats already in target commits history
[DEBUG Aug  2 07:36:04.442845388, errs.go:68] Created error: Bad expander name
[DEBUG Aug  2 07:36:04.442876598, errs.go:68] Created error: Expander has no handler
[DEBUG Aug  2 07:36:04.443937276, errs.go:68] Created error: Service is already running
[DEBUG Aug  2 07:36:04.487125261, secrets.go:35] Gcloud Secretmanager failed to initialize (ignore if you're not trying to use gcloud): google: could not find default credentials. See https://developers.google.com/accounts/docs/application-default-credentials for more information.
[DEBUG Aug  2 07:36:04.490436746, output.go:53] Requested outputer for 
[DEBUG Aug  2 07:36:04.490461548, output.go:58] Using Plain outputer
[DEBUG Aug  2 07:36:04.490533741, termutils.go:17] Cannot get terminal size: inappropriate ioctl for device
[DEBUG Aug  2 07:36:04.490573510, client.go:128] Reporting event to 2 reporters: run-command, state-svc start, 
[DEBUG Aug  2 07:36:04.490734958, main.go:107] Running CmdStart
[DEBUG Aug  2 07:36:04.496729290, errs.go:75] Wrapped error: Service is already running -- with: valueF failed
[DEBUG Aug  2 07:36:04.496794539, errs.go:75] Wrapped error: valueF failed -- with: Could not store pid
[DEBUG Aug  2 07:36:04.496877902, errors.go:113] Wrapped input error: Could not store pid -- with: A State Service instance is already running in the background.
[DEBUG Aug  2 07:36:04.496900668, errs.go:75] Wrapped error: A State Service instance is already running in the background. -- with: Could not start serviceManager
[DEBUG Aug  2 07:36:04.496979666, client.go:128] Reporting event to 2 reporters: command-exit, state-svc start, 1
[DEBUG Aug  2 07:36:04.885156321, errs.go:75] Wrapped error: <nil> -- with: Could not start serviceManager: A State Service instance is already running in the background.: Could not store pid: valueF failed: Service is already running
[DEBUG Aug  2 07:36:04.885216625, main.go:61] state-svc errored out due to input: Could not start serviceManager: A State Service instance is already running in the background.: Could not store pid: valueF failed: Service is already running
