[DEBUG Aug  2 08:19:26.515840351, defaults.go:273] Args: [/home1/wangfeim/.local/ActiveState/StateTool/release/bin/state-svc start]
[DEBUG Aug  2 08:19:26.528938971, locale.go:38] Init
[DEBUG Aug  2 08:19:26.589075000, errs.go:68] Created error: File could not be found
[DEBUG Aug  2 08:19:26.591846806, errs.go:68] Created error: Not Recognized
[DEBUG Aug  2 08:19:26.613304547, errs.go:68] Created error: Secret not found
[DEBUG Aug  2 08:19:26.613364784, errs.go:68] Created error: Could not save keypair
[DEBUG Aug  2 08:19:26.613525147, errs.go:68] Created error: Build responded with error
[DEBUG Aug  2 08:19:26.613558574, errs.go:68] Created error: Unknown build type
[DEBUG Aug  2 08:19:26.613676112, errors.go:86] Wrapped localized error: <nil> -- with: The installed version of the State Tool Service does not match that of the client.
Please stop the service with [ACTIONABLE]state-svc stop[/RESET] and try your command again.
If this issue persists please reinstall the State Tool.

[DEBUG Aug  2 08:19:26.613690029, errs.go:68] Created error: no data
[DEBUG Aug  2 08:19:26.613711484, errs.go:68] Created error: member not found
[DEBUG Aug  2 08:19:26.613733333, errs.go:68] Created error: Commit count is unknowable
[DEBUG Aug  2 08:19:26.613759595, errs.go:68] Created error: No merge required
[DEBUG Aug  2 08:19:26.613783829, errs.go:68] Created error: Can't merge commit thats already in target commits history
[DEBUG Aug  2 08:19:26.613805502, errs.go:68] Created error: Bad expander name
[DEBUG Aug  2 08:19:26.613825918, errs.go:68] Created error: Expander has no handler
[DEBUG Aug  2 08:19:26.614930826, errs.go:68] Created error: Service is already running
[DEBUG Aug  2 08:19:26.650555166, secrets.go:35] Gcloud Secretmanager failed to initialize (ignore if you're not trying to use gcloud): google: could not find default credentials. See https://developers.google.com/accounts/docs/application-default-credentials for more information.
[DEBUG Aug  2 08:19:26.656467228, output.go:53] Requested outputer for 
[DEBUG Aug  2 08:19:26.656491142, output.go:58] Using Plain outputer
[DEBUG Aug  2 08:19:26.656574566, termutils.go:17] Cannot get terminal size: inappropriate ioctl for device
[DEBUG Aug  2 08:19:26.656734556, main.go:107] Running CmdStart
[DEBUG Aug  2 08:19:26.656747865, client.go:128] Reporting event to 2 reporters: run-command, state-svc start, 
[DEBUG Aug  2 08:19:26.664161475, errs.go:75] Wrapped error: Service is already running -- with: valueF failed
[DEBUG Aug  2 08:19:26.664224400, errs.go:75] Wrapped error: valueF failed -- with: Could not store pid
[DEBUG Aug  2 08:19:26.664291001, errors.go:113] Wrapped input error: Could not store pid -- with: A State Service instance is already running in the background.
[DEBUG Aug  2 08:19:26.664305944, errs.go:75] Wrapped error: A State Service instance is already running in the background. -- with: Could not start serviceManager
[DEBUG Aug  2 08:19:26.664397206, client.go:128] Reporting event to 2 reporters: command-exit, state-svc start, 1
[DEBUG Aug  2 08:19:27.097788782, errs.go:75] Wrapped error: <nil> -- with: Could not start serviceManager: A State Service instance is already running in the background.: Could not store pid: valueF failed: Service is already running
[DEBUG Aug  2 08:19:27.097851794, main.go:61] state-svc errored out due to input: Could not start serviceManager: A State Service instance is already running in the background.: Could not store pid: valueF failed: Service is already running
