[DEBUG Mar  8 21:48:04.327760735, defaults.go:273] Args: [/home1/wangfeim/.local/ActiveState/StateTool/release/bin/state-svc start]
[DEBUG Mar  8 21:48:04.339150172, locale.go:38] Init
[DEBUG Mar  8 21:48:04.375338175, errs.go:68] Created error: File could not be found
[DEBUG Mar  8 21:48:04.377751854, errs.go:68] Created error: Not Recognized
[DEBUG Mar  8 21:48:04.395017509, errs.go:68] Created error: Secret not found
[DEBUG Mar  8 21:48:04.395201214, errs.go:68] Created error: Could not save keypair
[DEBUG Mar  8 21:48:04.395393135, errs.go:68] Created error: Build responded with error
[DEBUG Mar  8 21:48:04.395420048, errs.go:68] Created error: Unknown build type
[DEBUG Mar  8 21:48:04.395545120, errors.go:86] Wrapped localized error: <nil> -- with: The installed version of the State Tool Service does not match that of the client.
Please stop the service with [ACTIONABLE]state-svc stop[/RESET] and try your command again.
If this issue persists please reinstall the State Tool.

[DEBUG Mar  8 21:48:04.395557127, errs.go:68] Created error: no data
[DEBUG Mar  8 21:48:04.395583322, errs.go:68] Created error: member not found
[DEBUG Mar  8 21:48:04.395603991, errs.go:68] Created error: Commit count is unknowable
[DEBUG Mar  8 21:48:04.395620676, errs.go:68] Created error: No merge required
[DEBUG Mar  8 21:48:04.395638181, errs.go:68] Created error: Can't merge commit thats already in target commits history
[DEBUG Mar  8 21:48:04.395657229, errs.go:68] Created error: Bad expander name
[DEBUG Mar  8 21:48:04.395673416, errs.go:68] Created error: Expander has no handler
[DEBUG Mar  8 21:48:04.396461616, errs.go:68] Created error: Service is already running
[DEBUG Mar  8 21:48:04.418256086, secrets.go:35] Gcloud Secretmanager failed to initialize (ignore if you're not trying to use gcloud): google: could not find default credentials. See https://developers.google.com/accounts/docs/application-default-credentials for more information.
[DEBUG Mar  8 21:48:04.421785267, output.go:53] Requested outputer for 
[DEBUG Mar  8 21:48:04.421801995, output.go:58] Using Plain outputer
[DEBUG Mar  8 21:48:04.421861718, termutils.go:17] Cannot get terminal size: inappropriate ioctl for device
[DEBUG Mar  8 21:48:04.421953299, client.go:128] Reporting event to 2 reporters: run-command, state-svc start, 
[DEBUG Mar  8 21:48:04.421983451, main.go:107] Running CmdStart
[DEBUG Mar  8 21:48:04.428773219, errs.go:75] Wrapped error: Service is already running -- with: valueF failed
[DEBUG Mar  8 21:48:04.428817128, errs.go:75] Wrapped error: valueF failed -- with: Could not store pid
[DEBUG Mar  8 21:48:04.428883372, errors.go:113] Wrapped input error: Could not store pid -- with: A State Service instance is already running in the background.
[DEBUG Mar  8 21:48:04.428891482, errs.go:75] Wrapped error: A State Service instance is already running in the background. -- with: Could not start serviceManager
[DEBUG Mar  8 21:48:04.428965161, client.go:128] Reporting event to 2 reporters: command-exit, state-svc start, 1
[DEBUG Mar  8 21:48:04.783892704, errs.go:75] Wrapped error: <nil> -- with: Could not start serviceManager: A State Service instance is already running in the background.: Could not store pid: valueF failed: Service is already running
[DEBUG Mar  8 21:48:04.783948862, main.go:61] state-svc errored out due to input: Could not start serviceManager: A State Service instance is already running in the background.: Could not store pid: valueF failed: Service is already running
