[DEBUG Aug  2 08:10:30.743344295, defaults.go:273] Args: [/home1/wangfeim/.local/ActiveState/StateTool/release/bin/state-svc start]
[DEBUG Aug  2 08:10:30.756803186, locale.go:38] Init
[DEBUG Aug  2 08:10:30.822958868, errs.go:68] Created error: File could not be found
[DEBUG Aug  2 08:10:30.825804211, errs.go:68] Created error: Not Recognized
[DEBUG Aug  2 08:10:30.894231087, errs.go:68] Created error: Secret not found
[DEBUG Aug  2 08:10:30.894289426, errs.go:68] Created error: Could not save keypair
[DEBUG Aug  2 08:10:30.894462527, errs.go:68] Created error: Build responded with error
[DEBUG Aug  2 08:10:30.894492310, errs.go:68] Created error: Unknown build type
[DEBUG Aug  2 08:10:30.894620920, errors.go:86] Wrapped localized error: <nil> -- with: The installed version of the State Tool Service does not match that of the client.
Please stop the service with [ACTIONABLE]state-svc stop[/RESET] and try your command again.
If this issue persists please reinstall the State Tool.

[DEBUG Aug  2 08:10:30.894636367, errs.go:68] Created error: no data
[DEBUG Aug  2 08:10:30.894663092, errs.go:68] Created error: member not found
[DEBUG Aug  2 08:10:30.894689956, errs.go:68] Created error: Commit count is unknowable
[DEBUG Aug  2 08:10:30.894723889, errs.go:68] Created error: No merge required
[DEBUG Aug  2 08:10:30.894753083, errs.go:68] Created error: Can't merge commit thats already in target commits history
[DEBUG Aug  2 08:10:30.894779076, errs.go:68] Created error: Bad expander name
[DEBUG Aug  2 08:10:30.894803872, errs.go:68] Created error: Expander has no handler
[DEBUG Aug  2 08:10:30.895891685, errs.go:68] Created error: Service is already running
[DEBUG Aug  2 08:10:30.925621399, secrets.go:35] Gcloud Secretmanager failed to initialize (ignore if you're not trying to use gcloud): google: could not find default credentials. See https://developers.google.com/accounts/docs/application-default-credentials for more information.
[DEBUG Aug  2 08:10:30.929191683, output.go:53] Requested outputer for 
[DEBUG Aug  2 08:10:30.929216932, output.go:58] Using Plain outputer
[DEBUG Aug  2 08:10:30.929291791, termutils.go:17] Cannot get terminal size: inappropriate ioctl for device
[DEBUG Aug  2 08:10:30.929374392, client.go:128] Reporting event to 2 reporters: run-command, state-svc start, 
[DEBUG Aug  2 08:10:30.929455145, main.go:107] Running CmdStart
[DEBUG Aug  2 08:10:30.935349812, errs.go:75] Wrapped error: Service is already running -- with: valueF failed
[DEBUG Aug  2 08:10:30.935415578, errs.go:75] Wrapped error: valueF failed -- with: Could not store pid
[DEBUG Aug  2 08:10:30.935498817, errors.go:113] Wrapped input error: Could not store pid -- with: A State Service instance is already running in the background.
[DEBUG Aug  2 08:10:30.935514564, errs.go:75] Wrapped error: A State Service instance is already running in the background. -- with: Could not start serviceManager
[DEBUG Aug  2 08:10:30.935602886, client.go:128] Reporting event to 2 reporters: command-exit, state-svc start, 1
[DEBUG Aug  2 08:10:31.297901147, errs.go:75] Wrapped error: <nil> -- with: Could not start serviceManager: A State Service instance is already running in the background.: Could not store pid: valueF failed: Service is already running
[DEBUG Aug  2 08:10:31.297970838, main.go:61] state-svc errored out due to input: Could not start serviceManager: A State Service instance is already running in the background.: Could not store pid: valueF failed: Service is already running
