[DEBUG Aug  2 07:53:48.754041197, defaults.go:273] Args: [/home1/wangfeim/.local/ActiveState/StateTool/release/bin/state-svc start]
[DEBUG Aug  2 07:53:48.790061989, locale.go:38] Init
[DEBUG Aug  2 07:53:48.834827788, errs.go:68] Created error: File could not be found
[DEBUG Aug  2 07:53:48.837591313, errs.go:68] Created error: Not Recognized
[DEBUG Aug  2 07:53:48.886091493, errs.go:68] Created error: Secret not found
[DEBUG Aug  2 07:53:48.886144809, errs.go:68] Created error: Could not save keypair
[DEBUG Aug  2 07:53:48.886313872, errs.go:68] Created error: Build responded with error
[DEBUG Aug  2 07:53:48.886340954, errs.go:68] Created error: Unknown build type
[DEBUG Aug  2 07:53:48.886454287, errors.go:86] Wrapped localized error: <nil> -- with: The installed version of the State Tool Service does not match that of the client.
Please stop the service with [ACTIONABLE]state-svc stop[/RESET] and try your command again.
If this issue persists please reinstall the State Tool.

[DEBUG Aug  2 07:53:48.886468815, errs.go:68] Created error: no data
[DEBUG Aug  2 07:53:48.886492362, errs.go:68] Created error: member not found
[DEBUG Aug  2 07:53:48.886520310, errs.go:68] Created error: Commit count is unknowable
[DEBUG Aug  2 07:53:48.886549670, errs.go:68] Created error: No merge required
[DEBUG Aug  2 07:53:48.886572536, errs.go:68] Created error: Can't merge commit thats already in target commits history
[DEBUG Aug  2 07:53:48.886594447, errs.go:68] Created error: Bad expander name
[DEBUG Aug  2 07:53:48.886616265, errs.go:68] Created error: Expander has no handler
[DEBUG Aug  2 07:53:48.887773726, errs.go:68] Created error: Service is already running
[DEBUG Aug  2 07:53:48.919376473, secrets.go:35] Gcloud Secretmanager failed to initialize (ignore if you're not trying to use gcloud): google: could not find default credentials. See https://developers.google.com/accounts/docs/application-default-credentials for more information.
[DEBUG Aug  2 07:53:48.926259417, output.go:53] Requested outputer for 
[DEBUG Aug  2 07:53:48.926286680, output.go:58] Using Plain outputer
[DEBUG Aug  2 07:53:48.926375367, termutils.go:17] Cannot get terminal size: inappropriate ioctl for device
[DEBUG Aug  2 07:53:48.926468656, client.go:128] Reporting event to 2 reporters: run-command, state-svc start, 
[DEBUG Aug  2 07:53:48.926528073, main.go:107] Running CmdStart
[DEBUG Aug  2 07:53:48.931895004, errs.go:75] Wrapped error: Service is already running -- with: valueF failed
[DEBUG Aug  2 07:53:48.931963903, errs.go:75] Wrapped error: valueF failed -- with: Could not store pid
[DEBUG Aug  2 07:53:48.932044488, errors.go:113] Wrapped input error: Could not store pid -- with: A State Service instance is already running in the background.
[DEBUG Aug  2 07:53:48.932063161, errs.go:75] Wrapped error: A State Service instance is already running in the background. -- with: Could not start serviceManager
[DEBUG Aug  2 07:53:48.932132936, client.go:128] Reporting event to 2 reporters: command-exit, state-svc start, 1
[DEBUG Aug  2 07:53:49.330694343, errs.go:75] Wrapped error: <nil> -- with: Could not start serviceManager: A State Service instance is already running in the background.: Could not store pid: valueF failed: Service is already running
[DEBUG Aug  2 07:53:49.330781337, main.go:61] state-svc errored out due to input: Could not start serviceManager: A State Service instance is already running in the background.: Could not store pid: valueF failed: Service is already running
