[DEBUG Nov 17 14:38:36.039412300, defaults.go:273] Args: [/home1/wangfeim/.local/ActiveState/StateTool/release/bin/state-svc start]
[DEBUG Nov 17 14:38:36.062393871, locale.go:38] Init
[DEBUG Nov 17 14:38:36.123537509, errs.go:68] Created error: File could not be found
[DEBUG Nov 17 14:38:36.127762406, errs.go:68] Created error: Not Recognized
[DEBUG Nov 17 14:38:36.150220969, errs.go:68] Created error: Secret not found
[DEBUG Nov 17 14:38:36.150261552, errs.go:68] Created error: Could not save keypair
[DEBUG Nov 17 14:38:36.150443820, errs.go:68] Created error: Build responded with error
[DEBUG Nov 17 14:38:36.150470165, errs.go:68] Created error: Unknown build type
[DEBUG Nov 17 14:38:36.150579778, errors.go:86] Wrapped localized error: <nil> -- with: The installed version of the State Tool Service does not match that of the client.
Please stop the service with [ACTIONABLE]state-svc stop[/RESET] and try your command again.
If this issue persists please reinstall the State Tool.

[DEBUG Nov 17 14:38:36.150590455, errs.go:68] Created error: no data
[DEBUG Nov 17 14:38:36.150613547, errs.go:68] Created error: member not found
[DEBUG Nov 17 14:38:36.150635740, errs.go:68] Created error: Commit count is unknowable
[DEBUG Nov 17 14:38:36.150656807, errs.go:68] Created error: No merge required
[DEBUG Nov 17 14:38:36.150678803, errs.go:68] Created error: Can't merge commit thats already in target commits history
[DEBUG Nov 17 14:38:36.150700744, errs.go:68] Created error: Bad expander name
[DEBUG Nov 17 14:38:36.150721492, errs.go:68] Created error: Expander has no handler
[DEBUG Nov 17 14:38:36.151765675, errs.go:68] Created error: Service is already running
[DEBUG Nov 17 14:38:36.918439835, secrets.go:35] Gcloud Secretmanager failed to initialize (ignore if you're not trying to use gcloud): google: could not find default credentials. See https://developers.google.com/accounts/docs/application-default-credentials for more information.
[DEBUG Nov 17 14:38:36.927560700, output.go:53] Requested outputer for 
[DEBUG Nov 17 14:38:36.927607102, output.go:58] Using Plain outputer
[DEBUG Nov 17 14:38:36.927740359, termutils.go:17] Cannot get terminal size: inappropriate ioctl for device
[DEBUG Nov 17 14:38:36.927936992, client.go:128] Reporting event to 2 reporters: run-command, state-svc start, 
[DEBUG Nov 17 14:38:36.927951511, main.go:107] Running CmdStart
[DEBUG Nov 17 14:38:36.938430209, errs.go:75] Wrapped error: Service is already running -- with: valueF failed
[DEBUG Nov 17 14:38:36.938544882, errs.go:75] Wrapped error: valueF failed -- with: Could not store pid
[DEBUG Nov 17 14:38:36.938691717, errors.go:113] Wrapped input error: Could not store pid -- with: A State Service instance is already running in the background.
[DEBUG Nov 17 14:38:36.938714122, errs.go:75] Wrapped error: A State Service instance is already running in the background. -- with: Could not start serviceManager
[DEBUG Nov 17 14:38:36.939539346, client.go:128] Reporting event to 2 reporters: command-exit, state-svc start, 1
[DEBUG Nov 17 14:38:37.363321941, errs.go:75] Wrapped error: <nil> -- with: Could not start serviceManager: A State Service instance is already running in the background.: Could not store pid: valueF failed: Service is already running
[DEBUG Nov 17 14:38:37.363419511, main.go:61] state-svc errored out due to input: Could not start serviceManager: A State Service instance is already running in the background.: Could not store pid: valueF failed: Service is already running
