[DEBUG Aug  2 08:08:24.012621166, defaults.go:273] Args: [/home1/wangfeim/.local/ActiveState/StateTool/release/bin/state-svc start]
[DEBUG Aug  2 08:08:24.026742886, locale.go:38] Init
[DEBUG Aug  2 08:08:24.075732335, errs.go:68] Created error: File could not be found
[DEBUG Aug  2 08:08:24.078893314, errs.go:68] Created error: Not Recognized
[DEBUG Aug  2 08:08:24.100429243, errs.go:68] Created error: Secret not found
[DEBUG Aug  2 08:08:24.100486633, errs.go:68] Created error: Could not save keypair
[DEBUG Aug  2 08:08:24.100678201, errs.go:68] Created error: Build responded with error
[DEBUG Aug  2 08:08:24.100708670, errs.go:68] Created error: Unknown build type
[DEBUG Aug  2 08:08:24.100828187, errors.go:86] Wrapped localized error: <nil> -- with: The installed version of the State Tool Service does not match that of the client.
Please stop the service with [ACTIONABLE]state-svc stop[/RESET] and try your command again.
If this issue persists please reinstall the State Tool.

[DEBUG Aug  2 08:08:24.100843437, errs.go:68] Created error: no data
[DEBUG Aug  2 08:08:24.100869506, errs.go:68] Created error: member not found
[DEBUG Aug  2 08:08:24.100896101, errs.go:68] Created error: Commit count is unknowable
[DEBUG Aug  2 08:08:24.100920718, errs.go:68] Created error: No merge required
[DEBUG Aug  2 08:08:24.100945342, errs.go:68] Created error: Can't merge commit thats already in target commits history
[DEBUG Aug  2 08:08:24.100970791, errs.go:68] Created error: Bad expander name
[DEBUG Aug  2 08:08:24.100995053, errs.go:68] Created error: Expander has no handler
[DEBUG Aug  2 08:08:24.102080280, errs.go:68] Created error: Service is already running
[DEBUG Aug  2 08:08:24.131631649, secrets.go:35] Gcloud Secretmanager failed to initialize (ignore if you're not trying to use gcloud): google: could not find default credentials. See https://developers.google.com/accounts/docs/application-default-credentials for more information.
[DEBUG Aug  2 08:08:24.134950166, output.go:53] Requested outputer for 
[DEBUG Aug  2 08:08:24.134975690, output.go:58] Using Plain outputer
[DEBUG Aug  2 08:08:24.135074353, termutils.go:17] Cannot get terminal size: inappropriate ioctl for device
[DEBUG Aug  2 08:08:24.135170482, client.go:128] Reporting event to 2 reporters: run-command, state-svc start, 
[DEBUG Aug  2 08:08:24.135268400, main.go:107] Running CmdStart
[DEBUG Aug  2 08:08:24.141937706, errs.go:75] Wrapped error: Service is already running -- with: valueF failed
[DEBUG Aug  2 08:08:24.142002674, errs.go:75] Wrapped error: valueF failed -- with: Could not store pid
[DEBUG Aug  2 08:08:24.142082628, errors.go:113] Wrapped input error: Could not store pid -- with: A State Service instance is already running in the background.
[DEBUG Aug  2 08:08:24.142097008, errs.go:75] Wrapped error: A State Service instance is already running in the background. -- with: Could not start serviceManager
[DEBUG Aug  2 08:08:24.142181208, client.go:128] Reporting event to 2 reporters: command-exit, state-svc start, 1
[DEBUG Aug  2 08:08:24.528711675, errs.go:75] Wrapped error: <nil> -- with: Could not start serviceManager: A State Service instance is already running in the background.: Could not store pid: valueF failed: Service is already running
[DEBUG Aug  2 08:08:24.528774452, main.go:61] state-svc errored out due to input: Could not start serviceManager: A State Service instance is already running in the background.: Could not store pid: valueF failed: Service is already running
