[DEBUG Aug  2 07:39:11.556295660, defaults.go:273] Args: [/home1/wangfeim/.local/ActiveState/StateTool/release/bin/state-svc start]
[DEBUG Aug  2 07:39:11.590245026, locale.go:38] Init
[DEBUG Aug  2 07:39:11.635361928, errs.go:68] Created error: File could not be found
[DEBUG Aug  2 07:39:11.638999794, errs.go:68] Created error: Not Recognized
[DEBUG Aug  2 07:39:11.660198291, errs.go:68] Created error: Secret not found
[DEBUG Aug  2 07:39:11.660261572, errs.go:68] Created error: Could not save keypair
[DEBUG Aug  2 07:39:11.660429572, errs.go:68] Created error: Build responded with error
[DEBUG Aug  2 07:39:11.660462786, errs.go:68] Created error: Unknown build type
[DEBUG Aug  2 07:39:11.660602326, errors.go:86] Wrapped localized error: <nil> -- with: The installed version of the State Tool Service does not match that of the client.
Please stop the service with [ACTIONABLE]state-svc stop[/RESET] and try your command again.
If this issue persists please reinstall the State Tool.

[DEBUG Aug  2 07:39:11.660620127, errs.go:68] Created error: no data
[DEBUG Aug  2 07:39:11.660645076, errs.go:68] Created error: member not found
[DEBUG Aug  2 07:39:11.660670293, errs.go:68] Created error: Commit count is unknowable
[DEBUG Aug  2 07:39:11.660703066, errs.go:68] Created error: No merge required
[DEBUG Aug  2 07:39:11.660727008, errs.go:68] Created error: Can't merge commit thats already in target commits history
[DEBUG Aug  2 07:39:11.660752432, errs.go:68] Created error: Bad expander name
[DEBUG Aug  2 07:39:11.660783579, errs.go:68] Created error: Expander has no handler
[DEBUG Aug  2 07:39:11.662276431, errs.go:68] Created error: Service is already running
[DEBUG Aug  2 07:39:11.712668824, secrets.go:35] Gcloud Secretmanager failed to initialize (ignore if you're not trying to use gcloud): google: could not find default credentials. See https://developers.google.com/accounts/docs/application-default-credentials for more information.
[DEBUG Aug  2 07:39:11.716522730, output.go:53] Requested outputer for 
[DEBUG Aug  2 07:39:11.716553953, output.go:58] Using Plain outputer
[DEBUG Aug  2 07:39:11.716631199, termutils.go:17] Cannot get terminal size: inappropriate ioctl for device
[DEBUG Aug  2 07:39:11.716807899, main.go:107] Running CmdStart
[DEBUG Aug  2 07:39:11.716814183, client.go:128] Reporting event to 2 reporters: run-command, state-svc start, 
[DEBUG Aug  2 07:39:11.722658856, errs.go:75] Wrapped error: Service is already running -- with: valueF failed
[DEBUG Aug  2 07:39:11.722722939, errs.go:75] Wrapped error: valueF failed -- with: Could not store pid
[DEBUG Aug  2 07:39:11.722806221, errors.go:113] Wrapped input error: Could not store pid -- with: A State Service instance is already running in the background.
[DEBUG Aug  2 07:39:11.722824849, errs.go:75] Wrapped error: A State Service instance is already running in the background. -- with: Could not start serviceManager
[DEBUG Aug  2 07:39:11.722918251, client.go:128] Reporting event to 2 reporters: command-exit, state-svc start, 1
[DEBUG Aug  2 07:39:12.079571192, errs.go:75] Wrapped error: <nil> -- with: Could not start serviceManager: A State Service instance is already running in the background.: Could not store pid: valueF failed: Service is already running
[DEBUG Aug  2 07:39:12.079661076, main.go:61] state-svc errored out due to input: Could not start serviceManager: A State Service instance is already running in the background.: Could not store pid: valueF failed: Service is already running
