[DEBUG Aug  2 07:33:34.895056092, defaults.go:273] Args: [/home1/wangfeim/.local/ActiveState/StateTool/release/bin/state-svc start]
[DEBUG Aug  2 07:33:34.908928437, locale.go:38] Init
[DEBUG Aug  2 07:33:34.948853100, errs.go:68] Created error: File could not be found
[DEBUG Aug  2 07:33:34.951647717, errs.go:68] Created error: Not Recognized
[DEBUG Aug  2 07:33:34.972878771, errs.go:68] Created error: Secret not found
[DEBUG Aug  2 07:33:34.972927413, errs.go:68] Created error: Could not save keypair
[DEBUG Aug  2 07:33:34.973082685, errs.go:68] Created error: Build responded with error
[DEBUG Aug  2 07:33:34.973107625, errs.go:68] Created error: Unknown build type
[DEBUG Aug  2 07:33:34.973227927, errors.go:86] Wrapped localized error: <nil> -- with: The installed version of the State Tool Service does not match that of the client.
Please stop the service with [ACTIONABLE]state-svc stop[/RESET] and try your command again.
If this issue persists please reinstall the State Tool.

[DEBUG Aug  2 07:33:34.973242642, errs.go:68] Created error: no data
[DEBUG Aug  2 07:33:34.973276274, errs.go:68] Created error: member not found
[DEBUG Aug  2 07:33:34.973310666, errs.go:68] Created error: Commit count is unknowable
[DEBUG Aug  2 07:33:34.973336870, errs.go:68] Created error: No merge required
[DEBUG Aug  2 07:33:34.973356644, errs.go:68] Created error: Can't merge commit thats already in target commits history
[DEBUG Aug  2 07:33:34.973377445, errs.go:68] Created error: Bad expander name
[DEBUG Aug  2 07:33:34.973398915, errs.go:68] Created error: Expander has no handler
[DEBUG Aug  2 07:33:34.974492717, errs.go:68] Created error: Service is already running
[DEBUG Aug  2 07:33:35.002088679, secrets.go:35] Gcloud Secretmanager failed to initialize (ignore if you're not trying to use gcloud): google: could not find default credentials. See https://developers.google.com/accounts/docs/application-default-credentials for more information.
[DEBUG Aug  2 07:33:35.005731747, output.go:53] Requested outputer for 
[DEBUG Aug  2 07:33:35.005753757, output.go:58] Using Plain outputer
[DEBUG Aug  2 07:33:35.005833423, termutils.go:17] Cannot get terminal size: inappropriate ioctl for device
[DEBUG Aug  2 07:33:35.005911685, client.go:128] Reporting event to 2 reporters: run-command, state-svc start, 
[DEBUG Aug  2 07:33:35.006051518, main.go:107] Running CmdStart
[DEBUG Aug  2 07:33:35.011714425, errs.go:75] Wrapped error: Service is already running -- with: valueF failed
[DEBUG Aug  2 07:33:35.011771655, errs.go:75] Wrapped error: valueF failed -- with: Could not store pid
[DEBUG Aug  2 07:33:35.011852480, errors.go:113] Wrapped input error: Could not store pid -- with: A State Service instance is already running in the background.
[DEBUG Aug  2 07:33:35.011866212, errs.go:75] Wrapped error: A State Service instance is already running in the background. -- with: Could not start serviceManager
[DEBUG Aug  2 07:33:35.011943520, client.go:128] Reporting event to 2 reporters: command-exit, state-svc start, 1
[DEBUG Aug  2 07:33:35.339157857, errs.go:75] Wrapped error: <nil> -- with: Could not start serviceManager: A State Service instance is already running in the background.: Could not store pid: valueF failed: Service is already running
[DEBUG Aug  2 07:33:35.339215788, main.go:61] state-svc errored out due to input: Could not start serviceManager: A State Service instance is already running in the background.: Could not store pid: valueF failed: Service is already running
