[DEBUG Aug  2 08:17:22.003249814, defaults.go:273] Args: [/home1/wangfeim/.local/ActiveState/StateTool/release/bin/state-svc start]
[DEBUG Aug  2 08:17:22.016961358, locale.go:38] Init
[DEBUG Aug  2 08:17:22.086634968, errs.go:68] Created error: File could not be found
[DEBUG Aug  2 08:17:22.089755785, errs.go:68] Created error: Not Recognized
[DEBUG Aug  2 08:17:22.111202950, errs.go:68] Created error: Secret not found
[DEBUG Aug  2 08:17:22.111263779, errs.go:68] Created error: Could not save keypair
[DEBUG Aug  2 08:17:22.111450698, errs.go:68] Created error: Build responded with error
[DEBUG Aug  2 08:17:22.111480425, errs.go:68] Created error: Unknown build type
[DEBUG Aug  2 08:17:22.111609513, errors.go:86] Wrapped localized error: <nil> -- with: The installed version of the State Tool Service does not match that of the client.
Please stop the service with [ACTIONABLE]state-svc stop[/RESET] and try your command again.
If this issue persists please reinstall the State Tool.

[DEBUG Aug  2 08:17:22.111626678, errs.go:68] Created error: no data
[DEBUG Aug  2 08:17:22.111659530, errs.go:68] Created error: member not found
[DEBUG Aug  2 08:17:22.111693933, errs.go:68] Created error: Commit count is unknowable
[DEBUG Aug  2 08:17:22.111719049, errs.go:68] Created error: No merge required
[DEBUG Aug  2 08:17:22.111742993, errs.go:68] Created error: Can't merge commit thats already in target commits history
[DEBUG Aug  2 08:17:22.111767652, errs.go:68] Created error: Bad expander name
[DEBUG Aug  2 08:17:22.111790885, errs.go:68] Created error: Expander has no handler
[DEBUG Aug  2 08:17:22.112967748, errs.go:68] Created error: Service is already running
[DEBUG Aug  2 08:17:22.142609315, secrets.go:35] Gcloud Secretmanager failed to initialize (ignore if you're not trying to use gcloud): google: could not find default credentials. See https://developers.google.com/accounts/docs/application-default-credentials for more information.
[DEBUG Aug  2 08:17:22.188132082, output.go:53] Requested outputer for 
[DEBUG Aug  2 08:17:22.188156774, output.go:58] Using Plain outputer
[DEBUG Aug  2 08:17:22.188236175, termutils.go:17] Cannot get terminal size: inappropriate ioctl for device
[DEBUG Aug  2 08:17:22.188263586, client.go:128] Reporting event to 2 reporters: run-command, state-svc start, 
[DEBUG Aug  2 08:17:22.188379629, main.go:107] Running CmdStart
[DEBUG Aug  2 08:17:22.195760502, errs.go:75] Wrapped error: Service is already running -- with: valueF failed
[DEBUG Aug  2 08:17:22.195834176, errs.go:75] Wrapped error: valueF failed -- with: Could not store pid
[DEBUG Aug  2 08:17:22.195924226, errors.go:113] Wrapped input error: Could not store pid -- with: A State Service instance is already running in the background.
[DEBUG Aug  2 08:17:22.195947328, errs.go:75] Wrapped error: A State Service instance is already running in the background. -- with: Could not start serviceManager
[DEBUG Aug  2 08:17:22.196052241, client.go:128] Reporting event to 2 reporters: command-exit, state-svc start, 1
[DEBUG Aug  2 08:17:22.566531578, errs.go:75] Wrapped error: <nil> -- with: Could not start serviceManager: A State Service instance is already running in the background.: Could not store pid: valueF failed: Service is already running
[DEBUG Aug  2 08:17:22.566608179, main.go:61] state-svc errored out due to input: Could not start serviceManager: A State Service instance is already running in the background.: Could not store pid: valueF failed: Service is already running
