[DEBUG Aug  2 07:52:45.786054809, defaults.go:273] Args: [/home1/wangfeim/.local/ActiveState/StateTool/release/bin/state-svc start]
[DEBUG Aug  2 07:52:45.799908797, locale.go:38] Init
[DEBUG Aug  2 07:52:45.842031318, errs.go:68] Created error: File could not be found
[DEBUG Aug  2 07:52:45.887144332, errs.go:68] Created error: Not Recognized
[DEBUG Aug  2 07:52:45.905740201, errs.go:68] Created error: Secret not found
[DEBUG Aug  2 07:52:45.905827520, errs.go:68] Created error: Could not save keypair
[DEBUG Aug  2 07:52:45.906213814, errs.go:68] Created error: Build responded with error
[DEBUG Aug  2 07:52:45.906292778, errs.go:68] Created error: Unknown build type
[DEBUG Aug  2 07:52:45.906477298, errors.go:86] Wrapped localized error: <nil> -- with: The installed version of the State Tool Service does not match that of the client.
Please stop the service with [ACTIONABLE]state-svc stop[/RESET] and try your command again.
If this issue persists please reinstall the State Tool.

[DEBUG Aug  2 07:52:45.906532513, errs.go:68] Created error: no data
[DEBUG Aug  2 07:52:45.906698643, errs.go:68] Created error: member not found
[DEBUG Aug  2 07:52:45.906880770, errs.go:68] Created error: Commit count is unknowable
[DEBUG Aug  2 07:52:45.907091876, errs.go:68] Created error: No merge required
[DEBUG Aug  2 07:52:45.907124585, errs.go:68] Created error: Can't merge commit thats already in target commits history
[DEBUG Aug  2 07:52:45.907154143, errs.go:68] Created error: Bad expander name
[DEBUG Aug  2 07:52:45.907181999, errs.go:68] Created error: Expander has no handler
[DEBUG Aug  2 07:52:45.908212075, errs.go:68] Created error: Service is already running
[DEBUG Aug  2 07:52:45.936115212, secrets.go:35] Gcloud Secretmanager failed to initialize (ignore if you're not trying to use gcloud): google: could not find default credentials. See https://developers.google.com/accounts/docs/application-default-credentials for more information.
[DEBUG Aug  2 07:52:45.939912628, output.go:53] Requested outputer for 
[DEBUG Aug  2 07:52:45.939933272, output.go:58] Using Plain outputer
[DEBUG Aug  2 07:52:45.940000284, termutils.go:17] Cannot get terminal size: inappropriate ioctl for device
[DEBUG Aug  2 07:52:45.940100854, client.go:128] Reporting event to 2 reporters: run-command, state-svc start, 
[DEBUG Aug  2 07:52:45.940128957, main.go:107] Running CmdStart
[DEBUG Aug  2 07:52:45.945706141, errs.go:75] Wrapped error: Service is already running -- with: valueF failed
[DEBUG Aug  2 07:52:45.945759759, errs.go:75] Wrapped error: valueF failed -- with: Could not store pid
[DEBUG Aug  2 07:52:45.945825119, errors.go:113] Wrapped input error: Could not store pid -- with: A State Service instance is already running in the background.
[DEBUG Aug  2 07:52:45.945838207, errs.go:75] Wrapped error: A State Service instance is already running in the background. -- with: Could not start serviceManager
[DEBUG Aug  2 07:52:45.945913098, client.go:128] Reporting event to 2 reporters: command-exit, state-svc start, 1
[DEBUG Aug  2 07:52:46.305274997, errs.go:75] Wrapped error: <nil> -- with: Could not start serviceManager: A State Service instance is already running in the background.: Could not store pid: valueF failed: Service is already running
[DEBUG Aug  2 07:52:46.305336304, main.go:61] state-svc errored out due to input: Could not start serviceManager: A State Service instance is already running in the background.: Could not store pid: valueF failed: Service is already running
