[DEBUG Aug  2 08:13:08.643662626, defaults.go:273] Args: [/home1/wangfeim/.local/ActiveState/StateTool/release/bin/state-svc start]
[DEBUG Aug  2 08:13:08.657411958, locale.go:38] Init
[DEBUG Aug  2 08:13:08.736437457, errs.go:68] Created error: File could not be found
[DEBUG Aug  2 08:13:08.739751230, errs.go:68] Created error: Not Recognized
[DEBUG Aug  2 08:13:08.761074512, errs.go:68] Created error: Secret not found
[DEBUG Aug  2 08:13:08.761132163, errs.go:68] Created error: Could not save keypair
[DEBUG Aug  2 08:13:08.761304625, errs.go:68] Created error: Build responded with error
[DEBUG Aug  2 08:13:08.761333379, errs.go:68] Created error: Unknown build type
[DEBUG Aug  2 08:13:08.761463247, errors.go:86] Wrapped localized error: <nil> -- with: The installed version of the State Tool Service does not match that of the client.
Please stop the service with [ACTIONABLE]state-svc stop[/RESET] and try your command again.
If this issue persists please reinstall the State Tool.

[DEBUG Aug  2 08:13:08.761479815, errs.go:68] Created error: no data
[DEBUG Aug  2 08:13:08.761505200, errs.go:68] Created error: member not found
[DEBUG Aug  2 08:13:08.761546872, errs.go:68] Created error: Commit count is unknowable
[DEBUG Aug  2 08:13:08.761571287, errs.go:68] Created error: No merge required
[DEBUG Aug  2 08:13:08.761599444, errs.go:68] Created error: Can't merge commit thats already in target commits history
[DEBUG Aug  2 08:13:08.761623305, errs.go:68] Created error: Bad expander name
[DEBUG Aug  2 08:13:08.761645993, errs.go:68] Created error: Expander has no handler
[DEBUG Aug  2 08:13:08.762874479, errs.go:68] Created error: Service is already running
[DEBUG Aug  2 08:13:08.808357641, secrets.go:35] Gcloud Secretmanager failed to initialize (ignore if you're not trying to use gcloud): google: could not find default credentials. See https://developers.google.com/accounts/docs/application-default-credentials for more information.
[DEBUG Aug  2 08:13:08.811584202, output.go:53] Requested outputer for 
[DEBUG Aug  2 08:13:08.811608411, output.go:58] Using Plain outputer
[DEBUG Aug  2 08:13:08.811707266, termutils.go:17] Cannot get terminal size: inappropriate ioctl for device
[DEBUG Aug  2 08:13:08.811754419, client.go:128] Reporting event to 2 reporters: run-command, state-svc start, 
[DEBUG Aug  2 08:13:08.811897424, main.go:107] Running CmdStart
[DEBUG Aug  2 08:13:08.817622656, errs.go:75] Wrapped error: Service is already running -- with: valueF failed
[DEBUG Aug  2 08:13:08.817686948, errs.go:75] Wrapped error: valueF failed -- with: Could not store pid
[DEBUG Aug  2 08:13:08.817771577, errors.go:113] Wrapped input error: Could not store pid -- with: A State Service instance is already running in the background.
[DEBUG Aug  2 08:13:08.817786172, errs.go:75] Wrapped error: A State Service instance is already running in the background. -- with: Could not start serviceManager
[DEBUG Aug  2 08:13:08.817874544, client.go:128] Reporting event to 2 reporters: command-exit, state-svc start, 1
[DEBUG Aug  2 08:13:09.189472528, errs.go:75] Wrapped error: <nil> -- with: Could not start serviceManager: A State Service instance is already running in the background.: Could not store pid: valueF failed: Service is already running
[DEBUG Aug  2 08:13:09.189533858, main.go:61] state-svc errored out due to input: Could not start serviceManager: A State Service instance is already running in the background.: Could not store pid: valueF failed: Service is already running
