[DEBUG Aug  2 07:47:01.024088719, defaults.go:273] Args: [/home1/wangfeim/.local/ActiveState/StateTool/release/bin/state-svc start]
[DEBUG Aug  2 07:47:01.040008240, locale.go:38] Init
[DEBUG Aug  2 07:47:01.279010447, errs.go:68] Created error: File could not be found
[DEBUG Aug  2 07:47:01.282290942, errs.go:68] Created error: Not Recognized
[DEBUG Aug  2 07:47:01.304734668, errs.go:68] Created error: Secret not found
[DEBUG Aug  2 07:47:01.304822514, errs.go:68] Created error: Could not save keypair
[DEBUG Aug  2 07:47:01.305104508, errs.go:68] Created error: Build responded with error
[DEBUG Aug  2 07:47:01.305147577, errs.go:68] Created error: Unknown build type
[DEBUG Aug  2 07:47:01.305286923, errors.go:86] Wrapped localized error: <nil> -- with: The installed version of the State Tool Service does not match that of the client.
Please stop the service with [ACTIONABLE]state-svc stop[/RESET] and try your command again.
If this issue persists please reinstall the State Tool.

[DEBUG Aug  2 07:47:01.305302808, errs.go:68] Created error: no data
[DEBUG Aug  2 07:47:01.305333543, errs.go:68] Created error: member not found
[DEBUG Aug  2 07:47:01.305357750, errs.go:68] Created error: Commit count is unknowable
[DEBUG Aug  2 07:47:01.305381765, errs.go:68] Created error: No merge required
[DEBUG Aug  2 07:47:01.305404400, errs.go:68] Created error: Can't merge commit thats already in target commits history
[DEBUG Aug  2 07:47:01.305429046, errs.go:68] Created error: Bad expander name
[DEBUG Aug  2 07:47:01.305452988, errs.go:68] Created error: Expander has no handler
[DEBUG Aug  2 07:47:01.306528449, errs.go:68] Created error: Service is already running
[DEBUG Aug  2 07:47:01.341714947, secrets.go:35] Gcloud Secretmanager failed to initialize (ignore if you're not trying to use gcloud): google: could not find default credentials. See https://developers.google.com/accounts/docs/application-default-credentials for more information.
[DEBUG Aug  2 07:47:01.345098994, output.go:53] Requested outputer for 
[DEBUG Aug  2 07:47:01.345126637, output.go:58] Using Plain outputer
[DEBUG Aug  2 07:47:01.345214904, termutils.go:17] Cannot get terminal size: inappropriate ioctl for device
[DEBUG Aug  2 07:47:01.345310228, client.go:128] Reporting event to 2 reporters: run-command, state-svc start, 
[DEBUG Aug  2 07:47:01.345364829, main.go:107] Running CmdStart
[DEBUG Aug  2 07:47:01.352145884, errs.go:75] Wrapped error: Service is already running -- with: valueF failed
[DEBUG Aug  2 07:47:01.352229397, errs.go:75] Wrapped error: valueF failed -- with: Could not store pid
[DEBUG Aug  2 07:47:01.352307779, errors.go:113] Wrapped input error: Could not store pid -- with: A State Service instance is already running in the background.
[DEBUG Aug  2 07:47:01.352323975, errs.go:75] Wrapped error: A State Service instance is already running in the background. -- with: Could not start serviceManager
[DEBUG Aug  2 07:47:01.352418590, client.go:128] Reporting event to 2 reporters: command-exit, state-svc start, 1
[DEBUG Aug  2 07:47:01.702175354, errs.go:75] Wrapped error: <nil> -- with: Could not start serviceManager: A State Service instance is already running in the background.: Could not store pid: valueF failed: Service is already running
[DEBUG Aug  2 07:47:01.702246677, main.go:61] state-svc errored out due to input: Could not start serviceManager: A State Service instance is already running in the background.: Could not store pid: valueF failed: Service is already running
