[DEBUG Aug  2 07:43:34.908431845, defaults.go:273] Args: [/home1/wangfeim/.local/ActiveState/StateTool/release/bin/state-svc start]
[DEBUG Aug  2 07:43:34.922899355, locale.go:38] Init
[DEBUG Aug  2 07:43:34.990956188, errs.go:68] Created error: File could not be found
[DEBUG Aug  2 07:43:34.993870087, errs.go:68] Created error: Not Recognized
[DEBUG Aug  2 07:43:35.013989687, errs.go:68] Created error: Secret not found
[DEBUG Aug  2 07:43:35.014040066, errs.go:68] Created error: Could not save keypair
[DEBUG Aug  2 07:43:35.014200687, errs.go:68] Created error: Build responded with error
[DEBUG Aug  2 07:43:35.014226441, errs.go:68] Created error: Unknown build type
[DEBUG Aug  2 07:43:35.014334348, errors.go:86] Wrapped localized error: <nil> -- with: The installed version of the State Tool Service does not match that of the client.
Please stop the service with [ACTIONABLE]state-svc stop[/RESET] and try your command again.
If this issue persists please reinstall the State Tool.

[DEBUG Aug  2 07:43:35.014347809, errs.go:68] Created error: no data
[DEBUG Aug  2 07:43:35.014369431, errs.go:68] Created error: member not found
[DEBUG Aug  2 07:43:35.014402300, errs.go:68] Created error: Commit count is unknowable
[DEBUG Aug  2 07:43:35.014423889, errs.go:68] Created error: No merge required
[DEBUG Aug  2 07:43:35.014443596, errs.go:68] Created error: Can't merge commit thats already in target commits history
[DEBUG Aug  2 07:43:35.014466303, errs.go:68] Created error: Bad expander name
[DEBUG Aug  2 07:43:35.014488182, errs.go:68] Created error: Expander has no handler
[DEBUG Aug  2 07:43:35.015451002, errs.go:68] Created error: Service is already running
[DEBUG Aug  2 07:43:35.046292409, secrets.go:35] Gcloud Secretmanager failed to initialize (ignore if you're not trying to use gcloud): google: could not find default credentials. See https://developers.google.com/accounts/docs/application-default-credentials for more information.
[DEBUG Aug  2 07:43:35.084786228, output.go:53] Requested outputer for 
[DEBUG Aug  2 07:43:35.084818144, output.go:58] Using Plain outputer
[DEBUG Aug  2 07:43:35.084903948, termutils.go:17] Cannot get terminal size: inappropriate ioctl for device
[DEBUG Aug  2 07:43:35.085042882, client.go:128] Reporting event to 2 reporters: run-command, state-svc start, 
[DEBUG Aug  2 07:43:35.085062722, main.go:107] Running CmdStart
[DEBUG Aug  2 07:43:35.090798883, errs.go:75] Wrapped error: Service is already running -- with: valueF failed
[DEBUG Aug  2 07:43:35.090861351, errs.go:75] Wrapped error: valueF failed -- with: Could not store pid
[DEBUG Aug  2 07:43:35.090939694, errors.go:113] Wrapped input error: Could not store pid -- with: A State Service instance is already running in the background.
[DEBUG Aug  2 07:43:35.090954495, errs.go:75] Wrapped error: A State Service instance is already running in the background. -- with: Could not start serviceManager
[DEBUG Aug  2 07:43:35.091043279, client.go:128] Reporting event to 2 reporters: command-exit, state-svc start, 1
[DEBUG Aug  2 07:43:35.427420940, errs.go:75] Wrapped error: <nil> -- with: Could not start serviceManager: A State Service instance is already running in the background.: Could not store pid: valueF failed: Service is already running
[DEBUG Aug  2 07:43:35.427489110, main.go:61] state-svc errored out due to input: Could not start serviceManager: A State Service instance is already running in the background.: Could not store pid: valueF failed: Service is already running
