[DEBUG Aug  2 07:55:37.894675289, defaults.go:273] Args: [/home1/wangfeim/.local/ActiveState/StateTool/release/bin/state-svc start]
[DEBUG Aug  2 07:55:37.908338763, locale.go:38] Init
[DEBUG Aug  2 07:55:38.075617935, errs.go:68] Created error: File could not be found
[DEBUG Aug  2 07:55:38.079531028, errs.go:68] Created error: Not Recognized
[DEBUG Aug  2 07:55:38.101625165, errs.go:68] Created error: Secret not found
[DEBUG Aug  2 07:55:38.101680423, errs.go:68] Created error: Could not save keypair
[DEBUG Aug  2 07:55:38.101856140, errs.go:68] Created error: Build responded with error
[DEBUG Aug  2 07:55:38.101892046, errs.go:68] Created error: Unknown build type
[DEBUG Aug  2 07:55:38.102014388, errors.go:86] Wrapped localized error: <nil> -- with: The installed version of the State Tool Service does not match that of the client.
Please stop the service with [ACTIONABLE]state-svc stop[/RESET] and try your command again.
If this issue persists please reinstall the State Tool.

[DEBUG Aug  2 07:55:38.102029904, errs.go:68] Created error: no data
[DEBUG Aug  2 07:55:38.102055056, errs.go:68] Created error: member not found
[DEBUG Aug  2 07:55:38.102083999, errs.go:68] Created error: Commit count is unknowable
[DEBUG Aug  2 07:55:38.102111895, errs.go:68] Created error: No merge required
[DEBUG Aug  2 07:55:38.102134177, errs.go:68] Created error: Can't merge commit thats already in target commits history
[DEBUG Aug  2 07:55:38.102158964, errs.go:68] Created error: Bad expander name
[DEBUG Aug  2 07:55:38.102182838, errs.go:68] Created error: Expander has no handler
[DEBUG Aug  2 07:55:38.103273702, errs.go:68] Created error: Service is already running
[DEBUG Aug  2 07:55:38.132379990, secrets.go:35] Gcloud Secretmanager failed to initialize (ignore if you're not trying to use gcloud): google: could not find default credentials. See https://developers.google.com/accounts/docs/application-default-credentials for more information.
[DEBUG Aug  2 07:55:38.136017892, output.go:53] Requested outputer for 
[DEBUG Aug  2 07:55:38.136044881, output.go:58] Using Plain outputer
[DEBUG Aug  2 07:55:38.136133010, termutils.go:17] Cannot get terminal size: inappropriate ioctl for device
[DEBUG Aug  2 07:55:38.136226348, client.go:128] Reporting event to 2 reporters: run-command, state-svc start, 
[DEBUG Aug  2 07:55:38.136285596, main.go:107] Running CmdStart
[DEBUG Aug  2 07:55:38.142614211, errs.go:75] Wrapped error: Service is already running -- with: valueF failed
[DEBUG Aug  2 07:55:38.142672341, errs.go:75] Wrapped error: valueF failed -- with: Could not store pid
[DEBUG Aug  2 07:55:38.142743098, errors.go:113] Wrapped input error: Could not store pid -- with: A State Service instance is already running in the background.
[DEBUG Aug  2 07:55:38.142756843, errs.go:75] Wrapped error: A State Service instance is already running in the background. -- with: Could not start serviceManager
[DEBUG Aug  2 07:55:38.142839136, client.go:128] Reporting event to 2 reporters: command-exit, state-svc start, 1
[DEBUG Aug  2 07:55:38.504301331, errs.go:75] Wrapped error: <nil> -- with: Could not start serviceManager: A State Service instance is already running in the background.: Could not store pid: valueF failed: Service is already running
[DEBUG Aug  2 07:55:38.504378995, main.go:61] state-svc errored out due to input: Could not start serviceManager: A State Service instance is already running in the background.: Could not store pid: valueF failed: Service is already running
