[DEBUG Aug  2 07:38:54.815366014, defaults.go:273] Args: [/home1/wangfeim/.local/ActiveState/StateTool/release/bin/state-svc start]
[DEBUG Aug  2 07:38:54.829365558, locale.go:38] Init
[DEBUG Aug  2 07:38:54.904042292, errs.go:68] Created error: File could not be found
[DEBUG Aug  2 07:38:54.907738745, errs.go:68] Created error: Not Recognized
[DEBUG Aug  2 07:38:54.930603190, errs.go:68] Created error: Secret not found
[DEBUG Aug  2 07:38:54.930690012, errs.go:68] Created error: Could not save keypair
[DEBUG Aug  2 07:38:54.930953688, errs.go:68] Created error: Build responded with error
[DEBUG Aug  2 07:38:54.930996313, errs.go:68] Created error: Unknown build type
[DEBUG Aug  2 07:38:54.931172033, errors.go:86] Wrapped localized error: <nil> -- with: The installed version of the State Tool Service does not match that of the client.
Please stop the service with [ACTIONABLE]state-svc stop[/RESET] and try your command again.
If this issue persists please reinstall the State Tool.

[DEBUG Aug  2 07:38:54.931198995, errs.go:68] Created error: no data
[DEBUG Aug  2 07:38:54.931239007, errs.go:68] Created error: member not found
[DEBUG Aug  2 07:38:54.931280353, errs.go:68] Created error: Commit count is unknowable
[DEBUG Aug  2 07:38:54.931314808, errs.go:68] Created error: No merge required
[DEBUG Aug  2 07:38:54.931351677, errs.go:68] Created error: Can't merge commit thats already in target commits history
[DEBUG Aug  2 07:38:54.931388836, errs.go:68] Created error: Bad expander name
[DEBUG Aug  2 07:38:54.931422585, errs.go:68] Created error: Expander has no handler
[DEBUG Aug  2 07:38:54.933085970, errs.go:68] Created error: Service is already running
[DEBUG Aug  2 07:38:55.007303812, secrets.go:35] Gcloud Secretmanager failed to initialize (ignore if you're not trying to use gcloud): google: could not find default credentials. See https://developers.google.com/accounts/docs/application-default-credentials for more information.
[DEBUG Aug  2 07:38:55.011491804, output.go:53] Requested outputer for 
[DEBUG Aug  2 07:38:55.011513537, output.go:58] Using Plain outputer
[DEBUG Aug  2 07:38:55.011595558, termutils.go:17] Cannot get terminal size: inappropriate ioctl for device
[DEBUG Aug  2 07:38:55.011743889, client.go:128] Reporting event to 2 reporters: run-command, state-svc start, 
[DEBUG Aug  2 07:38:55.011754585, main.go:107] Running CmdStart
[DEBUG Aug  2 07:38:55.019075962, errs.go:75] Wrapped error: Service is already running -- with: valueF failed
[DEBUG Aug  2 07:38:55.019138892, errs.go:75] Wrapped error: valueF failed -- with: Could not store pid
[DEBUG Aug  2 07:38:55.019220915, errors.go:113] Wrapped input error: Could not store pid -- with: A State Service instance is already running in the background.
[DEBUG Aug  2 07:38:55.019235725, errs.go:75] Wrapped error: A State Service instance is already running in the background. -- with: Could not start serviceManager
[DEBUG Aug  2 07:38:55.019348135, client.go:128] Reporting event to 2 reporters: command-exit, state-svc start, 1
[DEBUG Aug  2 07:38:55.385755706, errs.go:75] Wrapped error: <nil> -- with: Could not start serviceManager: A State Service instance is already running in the background.: Could not store pid: valueF failed: Service is already running
[DEBUG Aug  2 07:38:55.385809051, main.go:61] state-svc errored out due to input: Could not start serviceManager: A State Service instance is already running in the background.: Could not store pid: valueF failed: Service is already running
