[DEBUG Mar  8 22:49:00.380108200, defaults.go:273] Args: [/home1/wangfeim/.local/ActiveState/StateTool/release/bin/state-svc start]
[DEBUG Mar  8 22:49:00.391133166, locale.go:38] Init
[DEBUG Mar  8 22:49:00.424103244, errs.go:68] Created error: File could not be found
[DEBUG Mar  8 22:49:00.426600158, errs.go:68] Created error: Not Recognized
[DEBUG Mar  8 22:49:00.443037748, errs.go:68] Created error: Secret not found
[DEBUG Mar  8 22:49:00.443068540, errs.go:68] Created error: Could not save keypair
[DEBUG Mar  8 22:49:00.443204119, errs.go:68] Created error: Build responded with error
[DEBUG Mar  8 22:49:00.443223528, errs.go:68] Created error: Unknown build type
[DEBUG Mar  8 22:49:00.443306981, errors.go:86] Wrapped localized error: <nil> -- with: The installed version of the State Tool Service does not match that of the client.
Please stop the service with [ACTIONABLE]state-svc stop[/RESET] and try your command again.
If this issue persists please reinstall the State Tool.

[DEBUG Mar  8 22:49:00.443314512, errs.go:68] Created error: no data
[DEBUG Mar  8 22:49:00.443331370, errs.go:68] Created error: member not found
[DEBUG Mar  8 22:49:00.443346521, errs.go:68] Created error: Commit count is unknowable
[DEBUG Mar  8 22:49:00.443367628, errs.go:68] Created error: No merge required
[DEBUG Mar  8 22:49:00.443386869, errs.go:68] Created error: Can't merge commit thats already in target commits history
[DEBUG Mar  8 22:49:00.443404006, errs.go:68] Created error: Bad expander name
[DEBUG Mar  8 22:49:00.443419690, errs.go:68] Created error: Expander has no handler
[DEBUG Mar  8 22:49:00.444313710, errs.go:68] Created error: Service is already running
[DEBUG Mar  8 22:49:00.468003925, secrets.go:35] Gcloud Secretmanager failed to initialize (ignore if you're not trying to use gcloud): google: could not find default credentials. See https://developers.google.com/accounts/docs/application-default-credentials for more information.
[DEBUG Mar  8 22:49:00.471496432, output.go:53] Requested outputer for 
[DEBUG Mar  8 22:49:00.471512946, output.go:58] Using Plain outputer
[DEBUG Mar  8 22:49:00.471583542, termutils.go:17] Cannot get terminal size: inappropriate ioctl for device
[DEBUG Mar  8 22:49:00.471683578, main.go:107] Running CmdStart
[DEBUG Mar  8 22:49:00.471774988, client.go:128] Reporting event to 2 reporters: run-command, state-svc start, 
[DEBUG Mar  8 22:49:00.476817566, errs.go:75] Wrapped error: Service is already running -- with: valueF failed
[DEBUG Mar  8 22:49:00.476859342, errs.go:75] Wrapped error: valueF failed -- with: Could not store pid
[DEBUG Mar  8 22:49:00.478003561, errors.go:113] Wrapped input error: Could not store pid -- with: A State Service instance is already running in the background.
[DEBUG Mar  8 22:49:00.478111514, errs.go:75] Wrapped error: A State Service instance is already running in the background. -- with: Could not start serviceManager
[DEBUG Mar  8 22:49:00.478277302, client.go:128] Reporting event to 2 reporters: command-exit, state-svc start, 1
[DEBUG Mar  8 22:49:00.835483053, errs.go:75] Wrapped error: <nil> -- with: Could not start serviceManager: A State Service instance is already running in the background.: Could not store pid: valueF failed: Service is already running
[DEBUG Mar  8 22:49:00.835553231, main.go:61] state-svc errored out due to input: Could not start serviceManager: A State Service instance is already running in the background.: Could not store pid: valueF failed: Service is already running
