[DEBUG Sep 18 00:38:39.076743223, defaults.go:273] Args: [/home1/wangfeim/.local/ActiveState/StateTool/release/bin/state-svc foreground]
[DEBUG Sep 18 00:38:39.088996254, locale.go:38] Init
[DEBUG Sep 18 00:38:39.119908881, errs.go:68] Created error: File could not be found
[DEBUG Sep 18 00:38:39.122276800, errs.go:68] Created error: Not Recognized
[DEBUG Sep 18 00:38:39.141229279, errs.go:68] Created error: Secret not found
[DEBUG Sep 18 00:38:39.141266472, errs.go:68] Created error: Could not save keypair
[DEBUG Sep 18 00:38:39.141410439, errs.go:68] Created error: Build responded with error
[DEBUG Sep 18 00:38:39.141594374, errs.go:68] Created error: Unknown build type
[DEBUG Sep 18 00:38:39.141776963, errors.go:86] Wrapped localized error: <nil> -- with: The installed version of the State Tool Service does not match that of the client.
Please stop the service with [ACTIONABLE]state-svc stop[/RESET] and try your command again.
If this issue persists please reinstall the State Tool.

[DEBUG Sep 18 00:38:39.141796368, errs.go:68] Created error: no data
[DEBUG Sep 18 00:38:39.141825178, errs.go:68] Created error: member not found
[DEBUG Sep 18 00:38:39.141849022, errs.go:68] Created error: Commit count is unknowable
[DEBUG Sep 18 00:38:39.141873319, errs.go:68] Created error: No merge required
[DEBUG Sep 18 00:38:39.141897853, errs.go:68] Created error: Can't merge commit thats already in target commits history
[DEBUG Sep 18 00:38:39.141922200, errs.go:68] Created error: Bad expander name
[DEBUG Sep 18 00:38:39.141946153, errs.go:68] Created error: Expander has no handler
[DEBUG Sep 18 00:38:39.143362009, errs.go:68] Created error: Service is already running
[DEBUG Sep 18 00:38:39.180591052, secrets.go:35] Gcloud Secretmanager failed to initialize (ignore if you're not trying to use gcloud): google: could not find default credentials. See https://developers.google.com/accounts/docs/application-default-credentials for more information.
[DEBUG Sep 18 00:38:39.185245627, output.go:53] Requested outputer for 
[DEBUG Sep 18 00:38:39.185263468, output.go:58] Using Plain outputer
[DEBUG Sep 18 00:38:39.185344369, termutils.go:17] Cannot get terminal size: inappropriate ioctl for device
[DEBUG Sep 18 00:38:39.185470910, main.go:137] Running CmdForeground
[DEBUG Sep 18 00:38:39.185504358, main.go:147] Running in Foreground
[DEBUG Sep 18 00:38:39.185540939, client.go:128] Reporting event to 2 reporters: run-command, state-svc foreground, 
[DEBUG Sep 18 00:38:39.185739918, service.go:30] service:Start
[DEBUG Sep 18 00:38:39.192423680, service.go:42] Server starting on port: 46071
[DEBUG Sep 18 00:38:39.192485083, client.go:128] Reporting event to 2 reporters: state-svc, start, 
[DEBUG Sep 18 00:38:39.283901831, resolver.go:57] Version resolver
[DEBUG Sep 18 00:38:39.284372408, client.go:128] Reporting event to 2 reporters: state-svc, endpoint, Version
[DEBUG Sep 18 00:38:39.284632783, resolver.go:57] Version resolver
[DEBUG Sep 18 00:38:39.284781091, client.go:128] Reporting event to 2 reporters: state-svc, endpoint, Version
[DEBUG Sep 18 00:38:39.285106339, resolver.go:57] Version resolver
[DEBUG Sep 18 00:38:39.285242722, client.go:128] Reporting event to 2 reporters: state-svc, endpoint, Version
[DEBUG Sep 18 00:38:39.285884519, resolver.go:57] Version resolver
[DEBUG Sep 18 00:38:39.286032276, client.go:128] Reporting event to 2 reporters: state-svc, endpoint, Version
[DEBUG Sep 18 00:38:39.286478136, resolver.go:121] Analytics event resolver
[DEBUG Sep 18 00:38:39.287123353, client.go:128] Reporting event to 2 reporters: run-command, exec, 
[DEBUG Sep 18 00:38:39.287423861, resolver.go:121] Analytics event resolver
[DEBUG Sep 18 00:38:39.287694847, client.go:128] Reporting event to 2 reporters: runtime, cache, 
[DEBUG Sep 18 00:38:39.288654701, resolver.go:121] Analytics event resolver
[DEBUG Sep 18 00:38:39.288915585, client.go:128] Reporting event to 2 reporters: runtime, start, 
[DEBUG Sep 18 00:38:39.289714916, resolver.go:121] Analytics event resolver
[DEBUG Sep 18 00:38:39.289909998, client.go:128] Reporting event to 2 reporters: runtime, success, 
[DEBUG Sep 18 00:39:39.193318014, watcher.go:72] Checking for runtime processes
[DEBUG Sep 18 00:40:39.193634335, watcher.go:72] Checking for runtime processes
[DEBUG Sep 18 00:41:39.193594330, watcher.go:72] Checking for runtime processes
[DEBUG Sep 18 00:42:39.193445379, watcher.go:72] Checking for runtime processes
[DEBUG Sep 18 00:43:39.192798126, watcher.go:72] Checking for runtime processes
[DEBUG Sep 18 00:44:39.193823518, watcher.go:72] Checking for runtime processes
[DEBUG Sep 18 00:45:39.193445528, watcher.go:72] Checking for runtime processes
[DEBUG Sep 18 00:46:39.193436433, watcher.go:72] Checking for runtime processes
[DEBUG Sep 18 00:47:39.193571651, watcher.go:72] Checking for runtime processes
[DEBUG Sep 18 00:48:39.193618744, watcher.go:72] Checking for runtime processes
[DEBUG Sep 18 00:49:39.193541825, watcher.go:72] Checking for runtime processes
[DEBUG Sep 18 00:50:39.193666508, watcher.go:72] Checking for runtime processes
[DEBUG Sep 18 00:51:39.192734490, watcher.go:72] Checking for runtime processes
[DEBUG Sep 18 00:52:39.193275120, watcher.go:72] Checking for runtime processes
[DEBUG Sep 18 00:53:39.192741386, watcher.go:72] Checking for runtime processes
[DEBUG Sep 18 00:54:39.193540554, watcher.go:72] Checking for runtime processes
[DEBUG Sep 18 00:55:39.193535410, watcher.go:72] Checking for runtime processes
[DEBUG Sep 18 00:56:39.193777785, watcher.go:72] Checking for runtime processes
[DEBUG Sep 18 00:57:39.193684841, watcher.go:72] Checking for runtime processes
[DEBUG Sep 18 00:58:39.193309796, watcher.go:72] Checking for runtime processes
[DEBUG Sep 18 00:59:39.193600389, watcher.go:72] Checking for runtime processes
[DEBUG Sep 18 01:00:39.193323275, watcher.go:72] Checking for runtime processes
[DEBUG Sep 18 01:01:39.193569076, watcher.go:72] Checking for runtime processes
[DEBUG Sep 18 01:02:39.193368749, watcher.go:72] Checking for runtime processes
[DEBUG Sep 18 01:03:39.192837709, watcher.go:72] Checking for runtime processes
[DEBUG Sep 18 01:04:39.192692066, watcher.go:72] Checking for runtime processes
[DEBUG Sep 18 01:05:39.193421555, watcher.go:72] Checking for runtime processes
[DEBUG Sep 18 01:06:39.192944044, watcher.go:72] Checking for runtime processes
[DEBUG Sep 18 01:07:39.193753418, watcher.go:72] Checking for runtime processes
[DEBUG Sep 18 01:08:39.192738768, watcher.go:72] Checking for runtime processes
[DEBUG Sep 18 01:09:39.193534806, watcher.go:72] Checking for runtime processes
[DEBUG Sep 18 01:10:39.193730693, watcher.go:72] Checking for runtime processes
[DEBUG Sep 18 01:11:39.193662474, watcher.go:72] Checking for runtime processes
[DEBUG Sep 18 01:12:39.193545374, watcher.go:72] Checking for runtime processes
[DEBUG Sep 18 01:13:39.193583991, watcher.go:72] Checking for runtime processes
[DEBUG Sep 18 01:14:39.193416730, watcher.go:72] Checking for runtime processes
[DEBUG Sep 18 01:15:39.193282797, watcher.go:72] Checking for runtime processes
[DEBUG Sep 18 01:16:39.192770477, watcher.go:72] Checking for runtime processes
[DEBUG Sep 18 01:17:39.193497350, watcher.go:72] Checking for runtime processes
[DEBUG Sep 18 01:18:39.193407091, watcher.go:72] Checking for runtime processes
[DEBUG Sep 18 01:19:39.193280275, watcher.go:72] Checking for runtime processes
[DEBUG Sep 18 01:20:39.193679625, watcher.go:72] Checking for runtime processes
[DEBUG Sep 18 01:21:39.192731490, watcher.go:72] Checking for runtime processes
[DEBUG Sep 18 01:22:39.193689613, watcher.go:72] Checking for runtime processes
[DEBUG Sep 18 01:23:39.192759024, watcher.go:72] Checking for runtime processes
[DEBUG Sep 18 01:24:39.193700006, watcher.go:72] Checking for runtime processes
[DEBUG Sep 18 01:25:39.193357576, watcher.go:72] Checking for runtime processes
[DEBUG Sep 18 01:26:39.193612419, watcher.go:72] Checking for runtime processes
[DEBUG Sep 18 01:27:39.193479370, watcher.go:72] Checking for runtime processes
[DEBUG Sep 18 01:28:39.193614876, watcher.go:72] Checking for runtime processes
[DEBUG Sep 18 01:29:39.193326386, watcher.go:72] Checking for runtime processes
[DEBUG Sep 18 01:30:39.193267391, watcher.go:72] Checking for runtime processes
[DEBUG Sep 18 01:31:39.193350791, watcher.go:72] Checking for runtime processes
[DEBUG Sep 18 01:32:39.193362975, watcher.go:72] Checking for runtime processes
[DEBUG Sep 18 01:33:39.193697468, watcher.go:72] Checking for runtime processes
[DEBUG Sep 18 01:34:39.193333390, watcher.go:72] Checking for runtime processes
[DEBUG Sep 18 01:35:39.193601928, watcher.go:72] Checking for runtime processes
[DEBUG Sep 18 01:36:39.192738448, watcher.go:72] Checking for runtime processes
[DEBUG Sep 18 01:37:39.193681299, watcher.go:72] Checking for runtime processes
[DEBUG Sep 18 01:38:39.192728801, watcher.go:72] Checking for runtime processes
[DEBUG Sep 18 01:39:39.193667229, watcher.go:72] Checking for runtime processes
[DEBUG Sep 18 01:40:39.193401020, watcher.go:72] Checking for runtime processes
[DEBUG Sep 18 01:41:39.193673632, watcher.go:72] Checking for runtime processes
[DEBUG Sep 18 01:42:39.193232994, watcher.go:72] Checking for runtime processes
[DEBUG Sep 18 01:43:39.193612390, watcher.go:72] Checking for runtime processes
[DEBUG Sep 18 01:44:39.193722595, watcher.go:72] Checking for runtime processes
[DEBUG Sep 18 01:45:39.193277597, watcher.go:72] Checking for runtime processes
[DEBUG Sep 18 01:46:39.193495496, watcher.go:72] Checking for runtime processes
[DEBUG Sep 18 01:47:39.193366588, watcher.go:72] Checking for runtime processes
[DEBUG Sep 18 01:48:39.193253117, watcher.go:72] Checking for runtime processes
[DEBUG Sep 18 01:49:39.193333224, watcher.go:72] Checking for runtime processes
[DEBUG Sep 18 01:50:39.193502895, watcher.go:72] Checking for runtime processes
[DEBUG Sep 18 01:51:39.192804710, watcher.go:72] Checking for runtime processes
[DEBUG Sep 18 01:52:39.193500057, watcher.go:72] Checking for runtime processes
[DEBUG Sep 18 01:53:39.192741199, watcher.go:72] Checking for runtime processes
[DEBUG Sep 18 01:54:39.193652182, watcher.go:72] Checking for runtime processes
[DEBUG Sep 18 01:55:39.193434374, watcher.go:72] Checking for runtime processes
[DEBUG Sep 18 01:56:39.193374976, watcher.go:72] Checking for runtime processes
[DEBUG Sep 18 01:57:39.193660280, watcher.go:72] Checking for runtime processes
[DEBUG Sep 18 01:58:39.193260568, watcher.go:72] Checking for runtime processes
[DEBUG Sep 18 01:59:39.193434445, watcher.go:72] Checking for runtime processes
[DEBUG Sep 18 02:00:39.192689382, watcher.go:72] Checking for runtime processes
[DEBUG Sep 18 02:01:39.193359600, watcher.go:72] Checking for runtime processes
[DEBUG Sep 18 02:02:39.193519507, watcher.go:72] Checking for runtime processes
[DEBUG Sep 18 02:03:39.193568707, watcher.go:72] Checking for runtime processes
[DEBUG Sep 18 02:04:39.193546434, watcher.go:72] Checking for runtime processes
[DEBUG Sep 18 02:05:39.193358401, watcher.go:72] Checking for runtime processes
[DEBUG Sep 18 02:06:39.192741248, watcher.go:72] Checking for runtime processes
[DEBUG Sep 18 02:07:39.193402919, watcher.go:72] Checking for runtime processes
[DEBUG Sep 18 02:08:39.192927944, watcher.go:72] Checking for runtime processes
[DEBUG Sep 18 02:09:39.193618482, watcher.go:72] Checking for runtime processes
[DEBUG Sep 18 02:10:39.193319110, watcher.go:72] Checking for runtime processes
[DEBUG Sep 18 02:11:39.193998599, watcher.go:72] Checking for runtime processes
[DEBUG Sep 18 02:12:39.193337150, watcher.go:72] Checking for runtime processes
[DEBUG Sep 18 02:13:39.193340278, watcher.go:72] Checking for runtime processes
[DEBUG Sep 18 02:14:39.193330069, watcher.go:72] Checking for runtime processes
[DEBUG Sep 18 02:15:39.193575489, watcher.go:72] Checking for runtime processes
[DEBUG Sep 18 02:16:39.193929954, watcher.go:72] Checking for runtime processes
[DEBUG Sep 18 02:17:39.193668787, watcher.go:72] Checking for runtime processes
[DEBUG Sep 18 02:18:39.193491506, watcher.go:72] Checking for runtime processes
[DEBUG Sep 18 02:19:39.193487288, watcher.go:72] Checking for runtime processes
[DEBUG Sep 18 02:20:39.193818721, watcher.go:72] Checking for runtime processes
[DEBUG Sep 18 02:21:39.192732442, watcher.go:72] Checking for runtime processes
[DEBUG Sep 18 02:22:39.193760618, watcher.go:72] Checking for runtime processes
[DEBUG Sep 18 02:23:39.192741809, watcher.go:72] Checking for runtime processes
[DEBUG Sep 18 02:24:39.193436433, watcher.go:72] Checking for runtime processes
[DEBUG Sep 18 02:25:39.193598080, watcher.go:72] Checking for runtime processes
[DEBUG Sep 18 02:26:39.193298116, watcher.go:72] Checking for runtime processes
[DEBUG Sep 18 02:27:39.193572374, watcher.go:72] Checking for runtime processes
[DEBUG Sep 18 02:28:39.193272051, watcher.go:72] Checking for runtime processes
[DEBUG Sep 18 02:29:39.193723621, watcher.go:72] Checking for runtime processes
[DEBUG Sep 18 02:30:39.193459145, watcher.go:72] Checking for runtime processes
[DEBUG Sep 18 02:31:39.193555503, watcher.go:72] Checking for runtime processes
[DEBUG Sep 18 02:32:39.193323863, watcher.go:72] Checking for runtime processes
[DEBUG Sep 18 02:33:39.193497896, watcher.go:72] Checking for runtime processes
[DEBUG Sep 18 02:34:39.193341443, watcher.go:72] Checking for runtime processes
[DEBUG Sep 18 02:35:39.193564945, watcher.go:72] Checking for runtime processes
[DEBUG Sep 18 02:36:39.192749855, watcher.go:72] Checking for runtime processes
[DEBUG Sep 18 02:37:39.193302019, watcher.go:72] Checking for runtime processes
[DEBUG Sep 18 02:38:39.193160767, watcher.go:72] Checking for runtime processes
[DEBUG Sep 18 02:39:39.193759054, watcher.go:72] Checking for runtime processes
[DEBUG Sep 18 02:40:39.193239974, watcher.go:72] Checking for runtime processes
[DEBUG Sep 18 02:41:39.193486989, watcher.go:72] Checking for runtime processes
[DEBUG Sep 18 02:42:39.193594714, watcher.go:72] Checking for runtime processes
[DEBUG Sep 18 02:43:39.193682125, watcher.go:72] Checking for runtime processes
[DEBUG Sep 18 02:44:39.193485941, watcher.go:72] Checking for runtime processes
[DEBUG Sep 18 02:45:39.193566878, watcher.go:72] Checking for runtime processes
[DEBUG Sep 18 02:46:39.193538646, watcher.go:72] Checking for runtime processes
[DEBUG Sep 18 02:47:39.193297313, watcher.go:72] Checking for runtime processes
[DEBUG Sep 18 02:48:39.193384638, watcher.go:72] Checking for runtime processes
[DEBUG Sep 18 02:49:39.193393664, watcher.go:72] Checking for runtime processes
[DEBUG Sep 18 02:50:39.193803640, watcher.go:72] Checking for runtime processes
[DEBUG Sep 18 02:51:39.192741877, watcher.go:72] Checking for runtime processes
[DEBUG Sep 18 02:52:39.193666575, watcher.go:72] Checking for runtime processes
[DEBUG Sep 18 02:53:39.192798500, watcher.go:72] Checking for runtime processes
[DEBUG Sep 18 02:54:39.193512883, watcher.go:72] Checking for runtime processes
[DEBUG Sep 18 02:55:39.193541953, watcher.go:72] Checking for runtime processes
[DEBUG Sep 18 02:56:39.193415468, watcher.go:72] Checking for runtime processes
[DEBUG Sep 18 02:57:39.193238393, watcher.go:72] Checking for runtime processes
[DEBUG Sep 18 02:58:39.193414056, watcher.go:72] Checking for runtime processes
[DEBUG Sep 18 02:59:39.193532181, watcher.go:72] Checking for runtime processes
[DEBUG Sep 18 03:00:39.193559046, watcher.go:72] Checking for runtime processes
[DEBUG Sep 18 03:01:39.193431906, watcher.go:72] Checking for runtime processes
[DEBUG Sep 18 03:02:39.193270334, watcher.go:72] Checking for runtime processes
[DEBUG Sep 18 03:03:39.193440156, watcher.go:72] Checking for runtime processes
[DEBUG Sep 18 03:04:39.193592507, watcher.go:72] Checking for runtime processes
[DEBUG Sep 18 03:05:39.193247950, watcher.go:72] Checking for runtime processes
[DEBUG Sep 18 03:06:39.192740767, watcher.go:72] Checking for runtime processes
[DEBUG Sep 18 03:07:39.193448579, watcher.go:72] Checking for runtime processes
[DEBUG Sep 18 03:08:39.192754644, watcher.go:72] Checking for runtime processes
[DEBUG Sep 18 03:09:39.193294423, watcher.go:72] Checking for runtime processes
[DEBUG Sep 18 03:10:39.193362456, watcher.go:72] Checking for runtime processes
[DEBUG Sep 18 03:11:39.193325529, watcher.go:72] Checking for runtime processes
[DEBUG Sep 18 03:12:39.193553220, watcher.go:72] Checking for runtime processes
[DEBUG Sep 18 03:13:39.193687384, watcher.go:72] Checking for runtime processes
[DEBUG Sep 18 03:14:39.193335183, watcher.go:72] Checking for runtime processes
[DEBUG Sep 18 03:15:39.193428716, watcher.go:72] Checking for runtime processes
[DEBUG Sep 18 03:16:39.193355666, watcher.go:72] Checking for runtime processes
[DEBUG Sep 18 03:17:39.193250967, watcher.go:72] Checking for runtime processes
[DEBUG Sep 18 03:18:39.193298685, watcher.go:72] Checking for runtime processes
[DEBUG Sep 18 03:19:39.193334197, watcher.go:72] Checking for runtime processes
[DEBUG Sep 18 03:20:39.193308014, watcher.go:72] Checking for runtime processes
[DEBUG Sep 18 03:21:39.192744785, watcher.go:72] Checking for runtime processes
[DEBUG Sep 18 03:22:39.193646111, watcher.go:72] Checking for runtime processes
[DEBUG Sep 18 03:23:39.192833676, watcher.go:72] Checking for runtime processes
[DEBUG Sep 18 03:24:39.193509564, watcher.go:72] Checking for runtime processes
[DEBUG Sep 18 03:25:39.193421212, watcher.go:72] Checking for runtime processes
[DEBUG Sep 18 03:26:39.193690262, watcher.go:72] Checking for runtime processes
[DEBUG Sep 18 03:27:39.193368834, watcher.go:72] Checking for runtime processes
[DEBUG Sep 18 03:28:39.193475970, watcher.go:72] Checking for runtime processes
[DEBUG Sep 18 03:29:39.193477562, watcher.go:72] Checking for runtime processes
[DEBUG Sep 18 03:30:39.193498714, watcher.go:72] Checking for runtime processes
[DEBUG Sep 18 03:31:16.330111306, resolver.go:121] Analytics event resolver
[DEBUG Sep 18 03:31:16.330369299, client.go:128] Reporting event to 2 reporters: command-exit, exec, 0
[DEBUG Sep 18 03:31:39.193450619, watcher.go:72] Checking for runtime processes
[DEBUG Sep 18 03:32:39.193258086, watcher.go:72] Checking for runtime processes
[DEBUG Sep 18 03:33:39.193239745, watcher.go:72] Checking for runtime processes
[DEBUG Sep 18 03:34:39.193595333, watcher.go:72] Checking for runtime processes
[DEBUG Sep 18 03:35:39.193255946, watcher.go:72] Checking for runtime processes
[DEBUG Sep 18 03:36:39.192746816, watcher.go:72] Checking for runtime processes
[DEBUG Sep 18 03:37:39.193257158, watcher.go:72] Checking for runtime processes
[DEBUG Sep 18 03:38:39.192735905, watcher.go:72] Checking for runtime processes
[DEBUG Sep 18 03:39:39.193297696, watcher.go:72] Checking for runtime processes
[DEBUG Sep 18 03:40:39.193244899, watcher.go:72] Checking for runtime processes
[DEBUG Sep 18 03:41:39.193272557, watcher.go:72] Checking for runtime processes
[DEBUG Sep 18 03:42:39.193256624, watcher.go:72] Checking for runtime processes
[DEBUG Sep 18 03:43:39.193263853, watcher.go:72] Checking for runtime processes
[DEBUG Sep 18 03:44:39.193259154, watcher.go:72] Checking for runtime processes
[DEBUG Sep 18 03:45:39.193262281, watcher.go:72] Checking for runtime processes
[DEBUG Sep 18 03:46:39.193258140, watcher.go:72] Checking for runtime processes
[DEBUG Sep 18 03:47:39.193248715, watcher.go:72] Checking for runtime processes
[DEBUG Sep 18 03:48:39.193277603, watcher.go:72] Checking for runtime processes
[DEBUG Sep 18 03:49:39.193231516, watcher.go:72] Checking for runtime processes
[DEBUG Sep 18 03:50:39.193260061, watcher.go:72] Checking for runtime processes
[DEBUG Sep 18 03:51:39.192747785, watcher.go:72] Checking for runtime processes
[DEBUG Sep 18 03:52:39.193257681, watcher.go:72] Checking for runtime processes
[DEBUG Sep 18 03:53:39.192744508, watcher.go:72] Checking for runtime processes
[DEBUG Sep 18 03:54:39.193262365, watcher.go:72] Checking for runtime processes
[DEBUG Sep 18 03:55:39.193260214, watcher.go:72] Checking for runtime processes
[DEBUG Sep 18 03:56:39.193247230, watcher.go:72] Checking for runtime processes
[DEBUG Sep 18 03:57:39.193258731, watcher.go:72] Checking for runtime processes
[DEBUG Sep 18 03:58:39.193259170, watcher.go:72] Checking for runtime processes
[DEBUG Sep 18 03:59:39.193255370, watcher.go:72] Checking for runtime processes
[DEBUG Sep 18 04:00:39.193248152, watcher.go:72] Checking for runtime processes
[DEBUG Sep 18 04:01:39.193246689, watcher.go:72] Checking for runtime processes
[DEBUG Sep 18 04:02:39.193250276, watcher.go:72] Checking for runtime processes
[DEBUG Sep 18 04:03:39.193248979, watcher.go:72] Checking for runtime processes
[DEBUG Sep 18 04:04:39.193248793, watcher.go:72] Checking for runtime processes
[DEBUG Sep 18 04:05:39.193256881, watcher.go:72] Checking for runtime processes
[DEBUG Sep 18 04:06:39.192746476, watcher.go:72] Checking for runtime processes
[DEBUG Sep 18 04:07:39.193255188, watcher.go:72] Checking for runtime processes
[DEBUG Sep 18 04:08:39.192745362, watcher.go:72] Checking for runtime processes
[DEBUG Sep 18 04:09:39.193263838, watcher.go:72] Checking for runtime processes
[DEBUG Sep 18 04:10:39.193246862, watcher.go:72] Checking for runtime processes
[DEBUG Sep 18 04:11:39.193249118, watcher.go:72] Checking for runtime processes
[DEBUG Sep 18 04:12:39.193243652, watcher.go:72] Checking for runtime processes
[DEBUG Sep 18 04:13:39.193260195, watcher.go:72] Checking for runtime processes
[DEBUG Sep 18 04:14:39.193256417, watcher.go:72] Checking for runtime processes
[DEBUG Sep 18 04:15:39.193248252, watcher.go:72] Checking for runtime processes
[DEBUG Sep 18 04:16:39.193260948, watcher.go:72] Checking for runtime processes
[DEBUG Sep 18 04:17:39.193261853, watcher.go:72] Checking for runtime processes
[DEBUG Sep 18 04:18:39.193258294, watcher.go:72] Checking for runtime processes
[DEBUG Sep 18 04:19:39.193245667, watcher.go:72] Checking for runtime processes
[DEBUG Sep 18 04:20:39.193248739, watcher.go:72] Checking for runtime processes
[DEBUG Sep 18 04:21:39.192746582, watcher.go:72] Checking for runtime processes
[DEBUG Sep 18 04:22:39.193259616, watcher.go:72] Checking for runtime processes
[DEBUG Sep 18 04:23:39.192772174, watcher.go:72] Checking for runtime processes
[DEBUG Sep 18 04:24:39.193252071, watcher.go:72] Checking for runtime processes
[DEBUG Sep 18 04:25:39.193257101, watcher.go:72] Checking for runtime processes
[DEBUG Sep 18 04:26:39.193246614, watcher.go:72] Checking for runtime processes
[DEBUG Sep 18 04:27:39.193245352, watcher.go:72] Checking for runtime processes
[DEBUG Sep 18 04:28:39.193261258, watcher.go:72] Checking for runtime processes
[DEBUG Sep 18 04:29:39.193245839, watcher.go:72] Checking for runtime processes
[DEBUG Sep 18 04:30:39.193261696, watcher.go:72] Checking for runtime processes
[DEBUG Sep 18 04:31:39.193244170, watcher.go:72] Checking for runtime processes
[DEBUG Sep 18 04:32:39.193247636, watcher.go:72] Checking for runtime processes
[DEBUG Sep 18 04:33:39.193271829, watcher.go:72] Checking for runtime processes
[DEBUG Sep 18 04:34:39.193243203, watcher.go:72] Checking for runtime processes
[DEBUG Sep 18 04:35:39.193254886, watcher.go:72] Checking for runtime processes
[DEBUG Sep 18 04:36:39.192749639, watcher.go:72] Checking for runtime processes
[DEBUG Sep 18 04:37:39.193246310, watcher.go:72] Checking for runtime processes
[DEBUG Sep 18 04:38:39.192737904, watcher.go:72] Checking for runtime processes
[DEBUG Sep 18 04:39:39.193252071, watcher.go:72] Checking for runtime processes
[DEBUG Sep 18 04:40:39.193245903, watcher.go:72] Checking for runtime processes
[DEBUG Sep 18 04:41:39.193249173, watcher.go:72] Checking for runtime processes
[DEBUG Sep 18 04:42:39.193245274, watcher.go:72] Checking for runtime processes
[DEBUG Sep 18 04:43:39.193260040, watcher.go:72] Checking for runtime processes
[DEBUG Sep 18 04:44:39.193246934, watcher.go:72] Checking for runtime processes
[DEBUG Sep 18 04:45:39.193249146, watcher.go:72] Checking for runtime processes
[DEBUG Sep 18 04:46:39.193260398, watcher.go:72] Checking for runtime processes
[DEBUG Sep 18 04:47:39.193246926, watcher.go:72] Checking for runtime processes
[DEBUG Sep 18 04:48:39.193245637, watcher.go:72] Checking for runtime processes
[DEBUG Sep 18 04:49:39.193244317, watcher.go:72] Checking for runtime processes
[DEBUG Sep 18 04:50:39.193242647, watcher.go:72] Checking for runtime processes
[DEBUG Sep 18 04:51:39.192747413, watcher.go:72] Checking for runtime processes
[DEBUG Sep 18 04:52:39.193245176, watcher.go:72] Checking for runtime processes
[DEBUG Sep 18 04:53:39.192744478, watcher.go:72] Checking for runtime processes
[DEBUG Sep 18 04:54:39.193262839, watcher.go:72] Checking for runtime processes
[DEBUG Sep 18 04:55:39.193257594, watcher.go:72] Checking for runtime processes
[DEBUG Sep 18 04:56:39.193261385, watcher.go:72] Checking for runtime processes
[DEBUG Sep 18 04:57:39.193258197, watcher.go:72] Checking for runtime processes
[DEBUG Sep 18 04:58:39.193261738, watcher.go:72] Checking for runtime processes
[DEBUG Sep 18 04:59:39.193244723, watcher.go:72] Checking for runtime processes
[DEBUG Sep 18 05:00:39.193264937, watcher.go:72] Checking for runtime processes
[DEBUG Sep 18 05:01:39.193247251, watcher.go:72] Checking for runtime processes
[DEBUG Sep 18 05:02:39.193260801, watcher.go:72] Checking for runtime processes
[DEBUG Sep 18 05:03:39.193258344, watcher.go:72] Checking for runtime processes
[DEBUG Sep 18 05:04:39.193232482, watcher.go:72] Checking for runtime processes
[DEBUG Sep 18 05:05:39.193245204, watcher.go:72] Checking for runtime processes
[DEBUG Sep 18 05:06:39.192747159, watcher.go:72] Checking for runtime processes
[DEBUG Sep 18 05:07:39.193245388, watcher.go:72] Checking for runtime processes
[DEBUG Sep 18 05:08:39.192744258, watcher.go:72] Checking for runtime processes
[DEBUG Sep 18 05:09:39.193251911, watcher.go:72] Checking for runtime processes
[DEBUG Sep 18 05:10:39.193246974, watcher.go:72] Checking for runtime processes
[DEBUG Sep 18 05:11:39.193249548, watcher.go:72] Checking for runtime processes
[DEBUG Sep 18 05:12:39.193249850, watcher.go:72] Checking for runtime processes
[DEBUG Sep 18 05:13:39.193251985, watcher.go:72] Checking for runtime processes
[DEBUG Sep 18 05:14:39.193244422, watcher.go:72] Checking for runtime processes
[DEBUG Sep 18 05:15:39.193274976, watcher.go:72] Checking for runtime processes
[DEBUG Sep 18 05:16:39.193245382, watcher.go:72] Checking for runtime processes
[DEBUG Sep 18 05:17:39.193247795, watcher.go:72] Checking for runtime processes
[DEBUG Sep 18 05:18:39.193245743, watcher.go:72] Checking for runtime processes
[DEBUG Sep 18 05:19:39.193246746, watcher.go:72] Checking for runtime processes
[DEBUG Sep 18 05:20:39.193243543, watcher.go:72] Checking for runtime processes
[DEBUG Sep 18 05:21:39.192748532, watcher.go:72] Checking for runtime processes
[DEBUG Sep 18 05:22:39.193251540, watcher.go:72] Checking for runtime processes
[DEBUG Sep 18 05:23:39.192745541, watcher.go:72] Checking for runtime processes
[DEBUG Sep 18 05:24:39.193254322, watcher.go:72] Checking for runtime processes
[DEBUG Sep 18 05:25:39.193248751, watcher.go:72] Checking for runtime processes
[DEBUG Sep 18 05:26:39.193253366, watcher.go:72] Checking for runtime processes
[DEBUG Sep 18 05:27:39.193261021, watcher.go:72] Checking for runtime processes
[DEBUG Sep 18 05:28:39.193267136, watcher.go:72] Checking for runtime processes
[DEBUG Sep 18 05:29:39.193247334, watcher.go:72] Checking for runtime processes
[DEBUG Sep 18 05:30:39.193262932, watcher.go:72] Checking for runtime processes
[DEBUG Sep 18 05:31:39.193250244, watcher.go:72] Checking for runtime processes
[DEBUG Sep 18 05:32:39.193268029, watcher.go:72] Checking for runtime processes
[DEBUG Sep 18 05:33:39.193264865, watcher.go:72] Checking for runtime processes
[DEBUG Sep 18 05:34:39.193233445, watcher.go:72] Checking for runtime processes
[DEBUG Sep 18 05:35:39.193250068, watcher.go:72] Checking for runtime processes
[DEBUG Sep 18 05:36:39.192746190, watcher.go:72] Checking for runtime processes
[DEBUG Sep 18 05:37:39.193250878, watcher.go:72] Checking for runtime processes
[DEBUG Sep 18 05:38:39.192737040, watcher.go:72] Checking for runtime processes
[DEBUG Sep 18 05:39:39.193253551, watcher.go:72] Checking for runtime processes
[DEBUG Sep 18 05:40:39.193259718, watcher.go:72] Checking for runtime processes
[DEBUG Sep 18 05:41:39.193251727, watcher.go:72] Checking for runtime processes
[DEBUG Sep 18 05:42:39.193270935, watcher.go:72] Checking for runtime processes
[DEBUG Sep 18 05:43:39.193255325, watcher.go:72] Checking for runtime processes
[DEBUG Sep 18 05:44:39.193259136, watcher.go:72] Checking for runtime processes
[DEBUG Sep 18 05:45:39.193253304, watcher.go:72] Checking for runtime processes
[DEBUG Sep 18 05:46:39.193273401, watcher.go:72] Checking for runtime processes
[DEBUG Sep 18 05:47:39.193250206, watcher.go:72] Checking for runtime processes
[DEBUG Sep 18 05:48:39.193264874, watcher.go:72] Checking for runtime processes
[DEBUG Sep 18 05:49:39.193262179, watcher.go:72] Checking for runtime processes
[DEBUG Sep 18 05:50:39.193250352, watcher.go:72] Checking for runtime processes
[DEBUG Sep 18 05:51:39.192747123, watcher.go:72] Checking for runtime processes
[DEBUG Sep 18 05:52:39.193245245, watcher.go:72] Checking for runtime processes
[DEBUG Sep 18 05:53:39.192743511, watcher.go:72] Checking for runtime processes
[DEBUG Sep 18 05:54:39.193266052, watcher.go:72] Checking for runtime processes
[DEBUG Sep 18 05:55:39.193246968, watcher.go:72] Checking for runtime processes
[DEBUG Sep 18 05:56:39.193251380, watcher.go:72] Checking for runtime processes
[DEBUG Sep 18 05:57:39.193246988, watcher.go:72] Checking for runtime processes
[DEBUG Sep 18 05:58:39.193264583, watcher.go:72] Checking for runtime processes
[DEBUG Sep 18 05:59:39.193249901, watcher.go:72] Checking for runtime processes
[DEBUG Sep 18 06:00:39.193263982, watcher.go:72] Checking for runtime processes
[DEBUG Sep 18 06:01:39.193248976, watcher.go:72] Checking for runtime processes
[DEBUG Sep 18 06:02:39.193255863, watcher.go:72] Checking for runtime processes
[DEBUG Sep 18 06:03:39.193250486, watcher.go:72] Checking for runtime processes
[DEBUG Sep 18 06:04:39.193253211, watcher.go:72] Checking for runtime processes
[DEBUG Sep 18 06:05:39.193479365, watcher.go:72] Checking for runtime processes
[DEBUG Sep 18 06:06:39.192747786, watcher.go:72] Checking for runtime processes
[DEBUG Sep 18 06:07:39.193246973, watcher.go:72] Checking for runtime processes
[DEBUG Sep 18 06:08:39.192743234, watcher.go:72] Checking for runtime processes
[DEBUG Sep 18 06:09:39.193254624, watcher.go:72] Checking for runtime processes
[DEBUG Sep 18 06:10:39.193251336, watcher.go:72] Checking for runtime processes
[DEBUG Sep 18 06:11:39.193262226, watcher.go:72] Checking for runtime processes
[DEBUG Sep 18 06:12:39.193248315, watcher.go:72] Checking for runtime processes
[DEBUG Sep 18 06:13:39.193268578, watcher.go:72] Checking for runtime processes
[DEBUG Sep 18 06:14:39.193250113, watcher.go:72] Checking for runtime processes
[DEBUG Sep 18 06:15:39.193268922, watcher.go:72] Checking for runtime processes
[DEBUG Sep 18 06:16:39.193250961, watcher.go:72] Checking for runtime processes
[DEBUG Sep 18 06:17:39.193273476, watcher.go:72] Checking for runtime processes
[DEBUG Sep 18 06:18:39.193250437, watcher.go:72] Checking for runtime processes
[DEBUG Sep 18 06:19:39.193238572, watcher.go:72] Checking for runtime processes
[DEBUG Sep 18 06:20:39.193250005, watcher.go:72] Checking for runtime processes
[DEBUG Sep 18 06:21:39.192749491, watcher.go:72] Checking for runtime processes
[DEBUG Sep 18 06:22:39.193247266, watcher.go:72] Checking for runtime processes
[DEBUG Sep 18 06:23:39.192743721, watcher.go:72] Checking for runtime processes
[DEBUG Sep 18 06:24:39.193254364, watcher.go:72] Checking for runtime processes
[DEBUG Sep 18 06:25:39.193253311, watcher.go:72] Checking for runtime processes
[DEBUG Sep 18 06:26:39.193252673, watcher.go:72] Checking for runtime processes
[DEBUG Sep 18 06:27:39.193244545, watcher.go:72] Checking for runtime processes
[DEBUG Sep 18 06:28:39.193251177, watcher.go:72] Checking for runtime processes
[DEBUG Sep 18 06:29:39.193247674, watcher.go:72] Checking for runtime processes
[DEBUG Sep 18 06:30:39.193254501, watcher.go:72] Checking for runtime processes
[DEBUG Sep 18 06:31:39.193249685, watcher.go:72] Checking for runtime processes
[DEBUG Sep 18 06:32:39.193268784, watcher.go:72] Checking for runtime processes
[DEBUG Sep 18 06:33:39.193244371, watcher.go:72] Checking for runtime processes
[DEBUG Sep 18 06:34:39.193250065, watcher.go:72] Checking for runtime processes
[DEBUG Sep 18 06:35:39.193258986, watcher.go:72] Checking for runtime processes
[DEBUG Sep 18 06:36:39.192747648, watcher.go:72] Checking for runtime processes
[DEBUG Sep 18 06:37:39.193263218, watcher.go:72] Checking for runtime processes
[DEBUG Sep 18 06:38:39.192736877, watcher.go:72] Checking for runtime processes
[DEBUG Sep 18 06:39:39.193254101, watcher.go:72] Checking for runtime processes
[DEBUG Sep 18 06:40:39.193253037, watcher.go:72] Checking for runtime processes
[DEBUG Sep 18 06:41:39.193257753, watcher.go:72] Checking for runtime processes
[DEBUG Sep 18 06:42:39.193250592, watcher.go:72] Checking for runtime processes
[DEBUG Sep 18 06:43:39.193254985, watcher.go:72] Checking for runtime processes
[DEBUG Sep 18 06:44:39.193247822, watcher.go:72] Checking for runtime processes
[DEBUG Sep 18 06:45:39.193253854, watcher.go:72] Checking for runtime processes
[DEBUG Sep 18 06:46:39.193248293, watcher.go:72] Checking for runtime processes
[DEBUG Sep 18 06:47:39.193263296, watcher.go:72] Checking for runtime processes
[DEBUG Sep 18 06:48:39.193261192, watcher.go:72] Checking for runtime processes
[DEBUG Sep 18 06:49:39.193242856, watcher.go:72] Checking for runtime processes
[DEBUG Sep 18 06:50:39.193252451, watcher.go:72] Checking for runtime processes
[DEBUG Sep 18 06:51:39.192747413, watcher.go:72] Checking for runtime processes
[DEBUG Sep 18 06:52:39.193248717, watcher.go:72] Checking for runtime processes
[DEBUG Sep 18 06:53:39.192744758, watcher.go:72] Checking for runtime processes
[DEBUG Sep 18 06:54:39.193266390, watcher.go:72] Checking for runtime processes
[DEBUG Sep 18 06:55:39.193251597, watcher.go:72] Checking for runtime processes
[DEBUG Sep 18 06:56:39.193254729, watcher.go:72] Checking for runtime processes
[DEBUG Sep 18 06:57:39.193248990, watcher.go:72] Checking for runtime processes
[DEBUG Sep 18 06:58:39.193253281, watcher.go:72] Checking for runtime processes
[DEBUG Sep 18 06:59:39.193249494, watcher.go:72] Checking for runtime processes
[DEBUG Sep 18 07:00:39.193254352, watcher.go:72] Checking for runtime processes
[DEBUG Sep 18 07:01:39.193245036, watcher.go:72] Checking for runtime processes
[DEBUG Sep 18 07:02:39.193265628, watcher.go:72] Checking for runtime processes
[DEBUG Sep 18 07:03:39.193261836, watcher.go:72] Checking for runtime processes
[DEBUG Sep 18 07:04:39.193235003, watcher.go:72] Checking for runtime processes
[DEBUG Sep 18 07:05:39.193262426, watcher.go:72] Checking for runtime processes
[DEBUG Sep 18 07:06:39.192749025, watcher.go:72] Checking for runtime processes
[DEBUG Sep 18 07:07:39.193261793, watcher.go:72] Checking for runtime processes
[DEBUG Sep 18 07:08:39.192743558, watcher.go:72] Checking for runtime processes
[DEBUG Sep 18 07:09:39.193254970, watcher.go:72] Checking for runtime processes
[DEBUG Sep 18 07:10:39.193264093, watcher.go:72] Checking for runtime processes
[DEBUG Sep 18 07:11:39.193256304, watcher.go:72] Checking for runtime processes
[DEBUG Sep 18 07:12:39.193245217, watcher.go:72] Checking for runtime processes
[DEBUG Sep 18 07:13:39.193248789, watcher.go:72] Checking for runtime processes
[DEBUG Sep 18 07:14:39.193252439, watcher.go:72] Checking for runtime processes
[DEBUG Sep 18 07:15:39.193254431, watcher.go:72] Checking for runtime processes
[DEBUG Sep 18 07:16:39.193253260, watcher.go:72] Checking for runtime processes
[DEBUG Sep 18 07:17:39.193264920, watcher.go:72] Checking for runtime processes
[DEBUG Sep 18 07:18:39.193244377, watcher.go:72] Checking for runtime processes
[DEBUG Sep 18 07:19:39.193240003, watcher.go:72] Checking for runtime processes
[DEBUG Sep 18 07:20:39.193249770, watcher.go:72] Checking for runtime processes
[DEBUG Sep 18 07:21:39.192747472, watcher.go:72] Checking for runtime processes
[DEBUG Sep 18 07:22:39.193256887, watcher.go:72] Checking for runtime processes
[DEBUG Sep 18 07:23:39.192745081, watcher.go:72] Checking for runtime processes
[DEBUG Sep 18 07:24:39.193255149, watcher.go:72] Checking for runtime processes
[DEBUG Sep 18 07:25:39.193251185, watcher.go:72] Checking for runtime processes
[DEBUG Sep 18 07:26:39.193248870, watcher.go:72] Checking for runtime processes
[DEBUG Sep 18 07:27:39.193248629, watcher.go:72] Checking for runtime processes
[DEBUG Sep 18 07:28:39.193272503, watcher.go:72] Checking for runtime processes
[DEBUG Sep 18 07:29:39.193247327, watcher.go:72] Checking for runtime processes
[DEBUG Sep 18 07:30:39.193268985, watcher.go:72] Checking for runtime processes
[DEBUG Sep 18 07:31:39.193264962, watcher.go:72] Checking for runtime processes
[DEBUG Sep 18 07:32:39.193251541, watcher.go:72] Checking for runtime processes
[DEBUG Sep 18 07:33:39.193257206, watcher.go:72] Checking for runtime processes
[DEBUG Sep 18 07:34:39.193238156, watcher.go:72] Checking for runtime processes
[DEBUG Sep 18 07:35:39.193249014, watcher.go:72] Checking for runtime processes
[DEBUG Sep 18 07:36:39.192746936, watcher.go:72] Checking for runtime processes
[DEBUG Sep 18 07:37:39.193249794, watcher.go:72] Checking for runtime processes
[DEBUG Sep 18 07:38:39.192737495, watcher.go:72] Checking for runtime processes
[DEBUG Sep 18 07:39:39.193263694, watcher.go:72] Checking for runtime processes
[DEBUG Sep 18 07:40:39.193249675, watcher.go:72] Checking for runtime processes
[DEBUG Sep 18 07:41:39.193252581, watcher.go:72] Checking for runtime processes
[DEBUG Sep 18 07:42:39.193248896, watcher.go:72] Checking for runtime processes
[DEBUG Sep 18 07:43:39.193253464, watcher.go:72] Checking for runtime processes
[DEBUG Sep 18 07:44:39.193250341, watcher.go:72] Checking for runtime processes
[DEBUG Sep 18 07:45:39.193248532, watcher.go:72] Checking for runtime processes
[DEBUG Sep 18 07:46:39.193250951, watcher.go:72] Checking for runtime processes
[DEBUG Sep 18 07:47:39.193268807, watcher.go:72] Checking for runtime processes
[DEBUG Sep 18 07:48:39.193263805, watcher.go:72] Checking for runtime processes
[DEBUG Sep 18 07:49:39.193249851, watcher.go:72] Checking for runtime processes
[DEBUG Sep 18 07:50:39.193271894, watcher.go:72] Checking for runtime processes
[DEBUG Sep 18 07:51:39.192748843, watcher.go:72] Checking for runtime processes
[DEBUG Sep 18 07:52:39.193246774, watcher.go:72] Checking for runtime processes
[DEBUG Sep 18 07:53:39.192744646, watcher.go:72] Checking for runtime processes
[DEBUG Sep 18 07:54:39.193269414, watcher.go:72] Checking for runtime processes
[DEBUG Sep 18 07:55:39.193251603, watcher.go:72] Checking for runtime processes
[DEBUG Sep 18 07:56:39.193251034, watcher.go:72] Checking for runtime processes
[DEBUG Sep 18 07:57:39.193256892, watcher.go:72] Checking for runtime processes
[DEBUG Sep 18 07:58:39.193252951, watcher.go:72] Checking for runtime processes
[DEBUG Sep 18 07:59:39.193248333, watcher.go:72] Checking for runtime processes
[DEBUG Sep 18 08:00:39.193267816, watcher.go:72] Checking for runtime processes
[DEBUG Sep 18 08:01:39.193485398, watcher.go:72] Checking for runtime processes
[DEBUG Sep 18 08:02:39.193250705, watcher.go:72] Checking for runtime processes
[DEBUG Sep 18 08:03:39.193252107, watcher.go:72] Checking for runtime processes
[DEBUG Sep 18 08:04:39.193251273, watcher.go:72] Checking for runtime processes
[DEBUG Sep 18 08:05:39.193245833, watcher.go:72] Checking for runtime processes
[DEBUG Sep 18 08:06:39.192748576, watcher.go:72] Checking for runtime processes
[DEBUG Sep 18 08:07:39.193248222, watcher.go:72] Checking for runtime processes
[DEBUG Sep 18 08:08:39.192745205, watcher.go:72] Checking for runtime processes
[DEBUG Sep 18 08:09:39.193257999, watcher.go:72] Checking for runtime processes
[DEBUG Sep 18 08:10:39.193251165, watcher.go:72] Checking for runtime processes
[DEBUG Sep 18 08:11:39.193268106, watcher.go:72] Checking for runtime processes
[DEBUG Sep 18 08:12:39.193246709, watcher.go:72] Checking for runtime processes
[DEBUG Sep 18 08:13:39.193254779, watcher.go:72] Checking for runtime processes
[DEBUG Sep 18 08:14:39.193248116, watcher.go:72] Checking for runtime processes
[DEBUG Sep 18 08:15:39.193252033, watcher.go:72] Checking for runtime processes
[DEBUG Sep 18 08:16:39.193257710, watcher.go:72] Checking for runtime processes
[DEBUG Sep 18 08:17:39.193256699, watcher.go:72] Checking for runtime processes
[DEBUG Sep 18 08:18:39.193250584, watcher.go:72] Checking for runtime processes
[DEBUG Sep 18 08:19:39.193245489, watcher.go:72] Checking for runtime processes
[DEBUG Sep 18 08:20:39.193261495, watcher.go:72] Checking for runtime processes
[DEBUG Sep 18 08:21:39.192748869, watcher.go:72] Checking for runtime processes
[DEBUG Sep 18 08:22:39.193252392, watcher.go:72] Checking for runtime processes
[DEBUG Sep 18 08:23:39.192743653, watcher.go:72] Checking for runtime processes
[DEBUG Sep 18 08:24:39.193267194, watcher.go:72] Checking for runtime processes
[DEBUG Sep 18 08:25:39.193252497, watcher.go:72] Checking for runtime processes
[DEBUG Sep 18 08:26:39.193274586, watcher.go:72] Checking for runtime processes
[DEBUG Sep 18 08:27:39.193261129, watcher.go:72] Checking for runtime processes
[DEBUG Sep 18 08:28:39.193269451, watcher.go:72] Checking for runtime processes
[DEBUG Sep 18 08:29:39.193251329, watcher.go:72] Checking for runtime processes
[DEBUG Sep 18 08:30:39.193271049, watcher.go:72] Checking for runtime processes
[DEBUG Sep 18 08:31:39.193264453, watcher.go:72] Checking for runtime processes
[DEBUG Sep 18 08:32:39.193252314, watcher.go:72] Checking for runtime processes
[DEBUG Sep 18 08:33:39.193246041, watcher.go:72] Checking for runtime processes
[DEBUG Sep 18 08:34:39.193239682, watcher.go:72] Checking for runtime processes
[DEBUG Sep 18 08:35:39.193262841, watcher.go:72] Checking for runtime processes
[DEBUG Sep 18 08:36:39.192750625, watcher.go:72] Checking for runtime processes
[DEBUG Sep 18 08:37:39.193249777, watcher.go:72] Checking for runtime processes
[DEBUG Sep 18 08:38:39.192736939, watcher.go:72] Checking for runtime processes
[DEBUG Sep 18 08:39:39.193263580, watcher.go:72] Checking for runtime processes
[DEBUG Sep 18 08:40:39.193260339, watcher.go:72] Checking for runtime processes
[DEBUG Sep 18 08:41:39.193254636, watcher.go:72] Checking for runtime processes
[DEBUG Sep 18 08:42:39.193248434, watcher.go:72] Checking for runtime processes
[DEBUG Sep 18 08:43:39.193247484, watcher.go:72] Checking for runtime processes
[DEBUG Sep 18 08:44:39.193253735, watcher.go:72] Checking for runtime processes
[DEBUG Sep 18 08:45:39.193255066, watcher.go:72] Checking for runtime processes
[DEBUG Sep 18 08:46:39.193248193, watcher.go:72] Checking for runtime processes
[DEBUG Sep 18 08:47:39.193534200, watcher.go:72] Checking for runtime processes
[DEBUG Sep 18 08:48:39.193244244, watcher.go:72] Checking for runtime processes
[DEBUG Sep 18 08:49:39.193233731, watcher.go:72] Checking for runtime processes
[DEBUG Sep 18 08:50:39.193249551, watcher.go:72] Checking for runtime processes
[DEBUG Sep 18 08:51:39.192748912, watcher.go:72] Checking for runtime processes
[DEBUG Sep 18 08:52:39.193252099, watcher.go:72] Checking for runtime processes
[DEBUG Sep 18 08:53:39.192744989, watcher.go:72] Checking for runtime processes
[DEBUG Sep 18 08:54:39.193249546, watcher.go:72] Checking for runtime processes
[DEBUG Sep 18 08:55:39.193258605, watcher.go:72] Checking for runtime processes
[DEBUG Sep 18 08:56:39.193253849, watcher.go:72] Checking for runtime processes
[DEBUG Sep 18 08:57:39.193245044, watcher.go:72] Checking for runtime processes
[DEBUG Sep 18 08:58:39.193259989, watcher.go:72] Checking for runtime processes
[DEBUG Sep 18 08:59:39.193263186, watcher.go:72] Checking for runtime processes
[DEBUG Sep 18 09:00:39.193258283, watcher.go:72] Checking for runtime processes
[DEBUG Sep 18 09:01:39.193263959, watcher.go:72] Checking for runtime processes
[DEBUG Sep 18 09:02:39.193264998, watcher.go:72] Checking for runtime processes
[DEBUG Sep 18 09:03:39.193247847, watcher.go:72] Checking for runtime processes
[DEBUG Sep 18 09:04:39.193237083, watcher.go:72] Checking for runtime processes
[DEBUG Sep 18 09:05:39.193252571, watcher.go:72] Checking for runtime processes
[DEBUG Sep 18 09:06:39.192748532, watcher.go:72] Checking for runtime processes
[DEBUG Sep 18 09:07:39.193249248, watcher.go:72] Checking for runtime processes
[DEBUG Sep 18 09:08:39.192745340, watcher.go:72] Checking for runtime processes
[DEBUG Sep 18 09:09:39.193253783, watcher.go:72] Checking for runtime processes
[DEBUG Sep 18 09:10:39.193251886, watcher.go:72] Checking for runtime processes
[DEBUG Sep 18 09:11:39.193250655, watcher.go:72] Checking for runtime processes
[DEBUG Sep 18 09:12:39.193258803, watcher.go:72] Checking for runtime processes
[DEBUG Sep 18 09:13:39.193254442, watcher.go:72] Checking for runtime processes
[DEBUG Sep 18 09:14:39.193249482, watcher.go:72] Checking for runtime processes
[DEBUG Sep 18 09:15:39.193268821, watcher.go:72] Checking for runtime processes
[DEBUG Sep 18 09:16:39.193261517, watcher.go:72] Checking for runtime processes
[DEBUG Sep 18 09:17:39.193253978, watcher.go:72] Checking for runtime processes
[DEBUG Sep 18 09:18:39.193256755, watcher.go:72] Checking for runtime processes
[DEBUG Sep 18 09:19:39.193245118, watcher.go:72] Checking for runtime processes
[DEBUG Sep 18 09:20:39.193248646, watcher.go:72] Checking for runtime processes
[DEBUG Sep 18 09:21:39.192747506, watcher.go:72] Checking for runtime processes
[DEBUG Sep 18 09:22:39.193248683, watcher.go:72] Checking for runtime processes
[DEBUG Sep 18 09:23:39.192746272, watcher.go:72] Checking for runtime processes
[DEBUG Sep 18 09:24:39.193251755, watcher.go:72] Checking for runtime processes
[DEBUG Sep 18 09:25:39.193244787, watcher.go:72] Checking for runtime processes
[DEBUG Sep 18 09:26:39.193266760, watcher.go:72] Checking for runtime processes
[DEBUG Sep 18 09:27:39.193250748, watcher.go:72] Checking for runtime processes
[DEBUG Sep 18 09:28:39.193260413, watcher.go:72] Checking for runtime processes
[DEBUG Sep 18 09:29:39.193254255, watcher.go:72] Checking for runtime processes
[DEBUG Sep 18 09:30:39.193267615, watcher.go:72] Checking for runtime processes
[DEBUG Sep 18 09:31:39.193472721, watcher.go:72] Checking for runtime processes
[DEBUG Sep 18 09:32:39.193260440, watcher.go:72] Checking for runtime processes
[DEBUG Sep 18 09:33:39.193248217, watcher.go:72] Checking for runtime processes
[DEBUG Sep 18 09:34:39.193240456, watcher.go:72] Checking for runtime processes
[DEBUG Sep 18 09:35:39.193247457, watcher.go:72] Checking for runtime processes
[DEBUG Sep 18 09:36:39.192747941, watcher.go:72] Checking for runtime processes
[DEBUG Sep 18 09:37:39.193247412, watcher.go:72] Checking for runtime processes
[DEBUG Sep 18 09:38:39.192737925, watcher.go:72] Checking for runtime processes
[DEBUG Sep 18 09:39:39.193263909, watcher.go:72] Checking for runtime processes
[DEBUG Sep 18 09:40:39.193248415, watcher.go:72] Checking for runtime processes
[DEBUG Sep 18 09:41:39.193268622, watcher.go:72] Checking for runtime processes
[DEBUG Sep 18 09:42:39.193254591, watcher.go:72] Checking for runtime processes
[DEBUG Sep 18 09:43:39.193265824, watcher.go:72] Checking for runtime processes
[DEBUG Sep 18 09:44:39.193259723, watcher.go:72] Checking for runtime processes
[DEBUG Sep 18 09:45:39.193256792, watcher.go:72] Checking for runtime processes
[DEBUG Sep 18 09:46:39.193252818, watcher.go:72] Checking for runtime processes
[DEBUG Sep 18 09:47:39.193265015, watcher.go:72] Checking for runtime processes
[DEBUG Sep 18 09:48:39.193246782, watcher.go:72] Checking for runtime processes
[DEBUG Sep 18 09:49:39.193239853, watcher.go:72] Checking for runtime processes
[DEBUG Sep 18 09:50:39.193247404, watcher.go:72] Checking for runtime processes
[DEBUG Sep 18 09:51:39.192749532, watcher.go:72] Checking for runtime processes
[DEBUG Sep 18 09:52:39.193251383, watcher.go:72] Checking for runtime processes
[DEBUG Sep 18 09:53:39.192745789, watcher.go:72] Checking for runtime processes
[DEBUG Sep 18 09:54:39.193261189, watcher.go:72] Checking for runtime processes
[DEBUG Sep 18 09:55:39.193266389, watcher.go:72] Checking for runtime processes
[DEBUG Sep 18 09:56:39.193308767, watcher.go:72] Checking for runtime processes
[DEBUG Sep 18 09:57:39.193247259, watcher.go:72] Checking for runtime processes
[DEBUG Sep 18 09:58:39.193248218, watcher.go:72] Checking for runtime processes
[DEBUG Sep 18 09:59:39.193262053, watcher.go:72] Checking for runtime processes
[DEBUG Sep 18 10:00:39.193251419, watcher.go:72] Checking for runtime processes
[DEBUG Sep 18 10:01:39.193246545, watcher.go:72] Checking for runtime processes
[DEBUG Sep 18 10:02:39.193247871, watcher.go:72] Checking for runtime processes
[DEBUG Sep 18 10:03:39.193255343, watcher.go:72] Checking for runtime processes
[DEBUG Sep 18 10:04:39.193255984, watcher.go:72] Checking for runtime processes
[DEBUG Sep 18 10:05:39.193273600, watcher.go:72] Checking for runtime processes
[DEBUG Sep 18 10:06:39.192747891, watcher.go:72] Checking for runtime processes
[DEBUG Sep 18 10:07:39.193264852, watcher.go:72] Checking for runtime processes
[DEBUG Sep 18 10:08:39.192744345, watcher.go:72] Checking for runtime processes
[DEBUG Sep 18 10:09:39.193255061, watcher.go:72] Checking for runtime processes
[DEBUG Sep 18 10:10:39.193249416, watcher.go:72] Checking for runtime processes
[DEBUG Sep 18 10:11:39.193252664, watcher.go:72] Checking for runtime processes
[DEBUG Sep 18 10:12:39.193265468, watcher.go:72] Checking for runtime processes
[DEBUG Sep 18 10:13:39.193250061, watcher.go:72] Checking for runtime processes
[DEBUG Sep 18 10:14:39.193265119, watcher.go:72] Checking for runtime processes
[DEBUG Sep 18 10:15:39.193255798, watcher.go:72] Checking for runtime processes
[DEBUG Sep 18 10:16:39.193261752, watcher.go:72] Checking for runtime processes
[DEBUG Sep 18 10:17:39.193251713, watcher.go:72] Checking for runtime processes
[DEBUG Sep 18 10:18:39.193249271, watcher.go:72] Checking for runtime processes
[DEBUG Sep 18 10:19:39.193240465, watcher.go:72] Checking for runtime processes
[DEBUG Sep 18 10:20:39.193251513, watcher.go:72] Checking for runtime processes
[DEBUG Sep 18 10:21:39.192747415, watcher.go:72] Checking for runtime processes
[DEBUG Sep 18 10:22:39.193253258, watcher.go:72] Checking for runtime processes
[DEBUG Sep 18 10:23:39.192745209, watcher.go:72] Checking for runtime processes
[DEBUG Sep 18 10:24:39.193252597, watcher.go:72] Checking for runtime processes
[DEBUG Sep 18 10:25:39.193264364, watcher.go:72] Checking for runtime processes
[DEBUG Sep 18 10:26:39.193252048, watcher.go:72] Checking for runtime processes
[DEBUG Sep 18 10:27:39.193251874, watcher.go:72] Checking for runtime processes
[DEBUG Sep 18 10:28:39.193266279, watcher.go:72] Checking for runtime processes
[DEBUG Sep 18 10:29:39.193260681, watcher.go:72] Checking for runtime processes
[DEBUG Sep 18 10:30:39.193256199, watcher.go:72] Checking for runtime processes
[DEBUG Sep 18 10:31:39.193247316, watcher.go:72] Checking for runtime processes
[DEBUG Sep 18 10:32:39.193251173, watcher.go:72] Checking for runtime processes
[DEBUG Sep 18 10:33:39.193269154, watcher.go:72] Checking for runtime processes
[DEBUG Sep 18 10:34:39.193245431, watcher.go:72] Checking for runtime processes
[DEBUG Sep 18 10:35:39.193247527, watcher.go:72] Checking for runtime processes
[DEBUG Sep 18 10:36:39.192747358, watcher.go:72] Checking for runtime processes
[DEBUG Sep 18 10:37:39.193259894, watcher.go:72] Checking for runtime processes
[DEBUG Sep 18 10:38:39.192738625, watcher.go:72] Checking for runtime processes
[DEBUG Sep 18 10:39:39.193268973, watcher.go:72] Checking for runtime processes
[DEBUG Sep 18 10:40:39.193254631, watcher.go:72] Checking for runtime processes
[DEBUG Sep 18 10:41:39.193253461, watcher.go:72] Checking for runtime processes
[DEBUG Sep 18 10:42:39.193249289, watcher.go:72] Checking for runtime processes
[DEBUG Sep 18 10:43:39.193244850, watcher.go:72] Checking for runtime processes
[DEBUG Sep 18 10:44:39.193248636, watcher.go:72] Checking for runtime processes
[DEBUG Sep 18 10:45:39.193253264, watcher.go:72] Checking for runtime processes
[DEBUG Sep 18 10:46:39.193246976, watcher.go:72] Checking for runtime processes
[DEBUG Sep 18 10:47:39.193253885, watcher.go:72] Checking for runtime processes
[DEBUG Sep 18 10:48:39.193249749, watcher.go:72] Checking for runtime processes
[DEBUG Sep 18 10:49:39.193234934, watcher.go:72] Checking for runtime processes
[DEBUG Sep 18 10:50:39.193261778, watcher.go:72] Checking for runtime processes
[DEBUG Sep 18 10:51:39.192748338, watcher.go:72] Checking for runtime processes
[DEBUG Sep 18 10:52:39.193249264, watcher.go:72] Checking for runtime processes
[DEBUG Sep 18 10:53:39.192745686, watcher.go:72] Checking for runtime processes
[DEBUG Sep 18 10:54:39.193250664, watcher.go:72] Checking for runtime processes
[DEBUG Sep 18 10:55:39.193248298, watcher.go:72] Checking for runtime processes
[DEBUG Sep 18 10:56:39.193252570, watcher.go:72] Checking for runtime processes
[DEBUG Sep 18 10:57:39.193260180, watcher.go:72] Checking for runtime processes
[DEBUG Sep 18 10:58:39.193256345, watcher.go:72] Checking for runtime processes
[DEBUG Sep 18 10:59:39.193284628, watcher.go:72] Checking for runtime processes
[DEBUG Sep 18 11:00:39.193255403, watcher.go:72] Checking for runtime processes
[DEBUG Sep 18 11:01:39.193490086, watcher.go:72] Checking for runtime processes
[DEBUG Sep 18 11:02:39.193249709, watcher.go:72] Checking for runtime processes
[DEBUG Sep 18 11:03:39.193263879, watcher.go:72] Checking for runtime processes
[DEBUG Sep 18 11:04:39.193236183, watcher.go:72] Checking for runtime processes
[DEBUG Sep 18 11:05:39.193457017, watcher.go:72] Checking for runtime processes
[DEBUG Sep 18 11:06:39.192745902, watcher.go:72] Checking for runtime processes
[DEBUG Sep 18 11:07:39.193262919, watcher.go:72] Checking for runtime processes
[DEBUG Sep 18 11:08:39.192745676, watcher.go:72] Checking for runtime processes
[DEBUG Sep 18 11:09:39.193251191, watcher.go:72] Checking for runtime processes
[DEBUG Sep 18 11:10:39.193247944, watcher.go:72] Checking for runtime processes
[DEBUG Sep 18 11:11:39.193265222, watcher.go:72] Checking for runtime processes
[DEBUG Sep 18 11:12:39.193250480, watcher.go:72] Checking for runtime processes
[DEBUG Sep 18 11:13:39.193262415, watcher.go:72] Checking for runtime processes
[DEBUG Sep 18 11:14:39.193247387, watcher.go:72] Checking for runtime processes
[DEBUG Sep 18 11:15:39.193256730, watcher.go:72] Checking for runtime processes
[DEBUG Sep 18 11:16:39.193248547, watcher.go:72] Checking for runtime processes
[DEBUG Sep 18 11:17:39.193528292, watcher.go:72] Checking for runtime processes
[DEBUG Sep 18 11:18:39.193248129, watcher.go:72] Checking for runtime processes
[DEBUG Sep 18 11:19:39.193231167, watcher.go:72] Checking for runtime processes
[DEBUG Sep 18 11:20:39.193251891, watcher.go:72] Checking for runtime processes
[DEBUG Sep 18 11:21:39.192748559, watcher.go:72] Checking for runtime processes
[DEBUG Sep 18 11:22:39.193247058, watcher.go:72] Checking for runtime processes
[DEBUG Sep 18 11:23:39.192744311, watcher.go:72] Checking for runtime processes
[DEBUG Sep 18 11:24:39.193256343, watcher.go:72] Checking for runtime processes
[DEBUG Sep 18 11:25:39.193247105, watcher.go:72] Checking for runtime processes
[DEBUG Sep 18 11:26:39.193255774, watcher.go:72] Checking for runtime processes
[DEBUG Sep 18 11:27:39.193244841, watcher.go:72] Checking for runtime processes
[DEBUG Sep 18 11:28:39.193254587, watcher.go:72] Checking for runtime processes
[DEBUG Sep 18 11:29:39.193252287, watcher.go:72] Checking for runtime processes
[DEBUG Sep 18 11:30:39.193252172, watcher.go:72] Checking for runtime processes
[DEBUG Sep 18 11:31:39.193248343, watcher.go:72] Checking for runtime processes
[DEBUG Sep 18 11:32:39.193254631, watcher.go:72] Checking for runtime processes
[DEBUG Sep 18 11:33:39.193243332, watcher.go:72] Checking for runtime processes
[DEBUG Sep 18 11:34:39.193246033, watcher.go:72] Checking for runtime processes
[DEBUG Sep 18 11:35:39.193240108, watcher.go:72] Checking for runtime processes
[DEBUG Sep 18 11:36:39.192747202, watcher.go:72] Checking for runtime processes
[DEBUG Sep 18 11:37:39.193256254, watcher.go:72] Checking for runtime processes
[DEBUG Sep 18 11:38:39.192734846, watcher.go:72] Checking for runtime processes
[DEBUG Sep 18 11:39:39.193259350, watcher.go:72] Checking for runtime processes
