[DEBUG Aug  2 07:41:16.834654208, defaults.go:273] Args: [/home1/wangfeim/.local/ActiveState/StateTool/release/bin/state-svc start]
[DEBUG Aug  2 07:41:16.848804442, locale.go:38] Init
[DEBUG Aug  2 07:41:16.961358016, errs.go:68] Created error: File could not be found
[DEBUG Aug  2 07:41:16.966366672, errs.go:68] Created error: Not Recognized
[DEBUG Aug  2 07:41:16.984743702, errs.go:68] Created error: Secret not found
[DEBUG Aug  2 07:41:16.984791234, errs.go:68] Created error: Could not save keypair
[DEBUG Aug  2 07:41:16.984944898, errs.go:68] Created error: Build responded with error
[DEBUG Aug  2 07:41:16.984991603, errs.go:68] Created error: Unknown build type
[DEBUG Aug  2 07:41:16.985091449, errors.go:86] Wrapped localized error: <nil> -- with: The installed version of the State Tool Service does not match that of the client.
Please stop the service with [ACTIONABLE]state-svc stop[/RESET] and try your command again.
If this issue persists please reinstall the State Tool.

[DEBUG Aug  2 07:41:16.985104286, errs.go:68] Created error: no data
[DEBUG Aug  2 07:41:16.985131990, errs.go:68] Created error: member not found
[DEBUG Aug  2 07:41:16.985158589, errs.go:68] Created error: Commit count is unknowable
[DEBUG Aug  2 07:41:16.985179817, errs.go:68] Created error: No merge required
[DEBUG Aug  2 07:41:16.985201289, errs.go:68] Created error: Can't merge commit thats already in target commits history
[DEBUG Aug  2 07:41:16.985222212, errs.go:68] Created error: Bad expander name
[DEBUG Aug  2 07:41:16.985247395, errs.go:68] Created error: Expander has no handler
[DEBUG Aug  2 07:41:16.986233946, errs.go:68] Created error: Service is already running
[DEBUG Aug  2 07:41:17.016737981, secrets.go:35] Gcloud Secretmanager failed to initialize (ignore if you're not trying to use gcloud): google: could not find default credentials. See https://developers.google.com/accounts/docs/application-default-credentials for more information.
[DEBUG Aug  2 07:41:17.022143236, output.go:53] Requested outputer for 
[DEBUG Aug  2 07:41:17.022165588, output.go:58] Using Plain outputer
[DEBUG Aug  2 07:41:17.022246337, termutils.go:17] Cannot get terminal size: inappropriate ioctl for device
[DEBUG Aug  2 07:41:17.022363411, client.go:128] Reporting event to 2 reporters: run-command, state-svc start, 
[DEBUG Aug  2 07:41:17.022400494, main.go:107] Running CmdStart
[DEBUG Aug  2 07:41:17.028235891, errs.go:75] Wrapped error: Service is already running -- with: valueF failed
[DEBUG Aug  2 07:41:17.028301231, errs.go:75] Wrapped error: valueF failed -- with: Could not store pid
[DEBUG Aug  2 07:41:17.028377862, errors.go:113] Wrapped input error: Could not store pid -- with: A State Service instance is already running in the background.
[DEBUG Aug  2 07:41:17.028393016, errs.go:75] Wrapped error: A State Service instance is already running in the background. -- with: Could not start serviceManager
[DEBUG Aug  2 07:41:17.028456947, client.go:128] Reporting event to 2 reporters: command-exit, state-svc start, 1
[DEBUG Aug  2 07:41:17.414322424, errs.go:75] Wrapped error: <nil> -- with: Could not start serviceManager: A State Service instance is already running in the background.: Could not store pid: valueF failed: Service is already running
[DEBUG Aug  2 07:41:17.414381148, main.go:61] state-svc errored out due to input: Could not start serviceManager: A State Service instance is already running in the background.: Could not store pid: valueF failed: Service is already running
