[DEBUG Sep 16 20:32:13.004604763, defaults.go:273] Args: [/home1/wangfeim/.local/ActiveState/StateTool/release/bin/state-svc start]
[DEBUG Sep 16 20:32:13.020737947, locale.go:38] Init
[DEBUG Sep 16 20:32:13.097518764, errs.go:68] Created error: File could not be found
[DEBUG Sep 16 20:32:13.100771194, errs.go:68] Created error: Not Recognized
[DEBUG Sep 16 20:32:13.123450234, errs.go:68] Created error: Secret not found
[DEBUG Sep 16 20:32:13.123514204, errs.go:68] Created error: Could not save keypair
[DEBUG Sep 16 20:32:13.123692582, errs.go:68] Created error: Build responded with error
[DEBUG Sep 16 20:32:13.123727771, errs.go:68] Created error: Unknown build type
[DEBUG Sep 16 20:32:13.123875388, errors.go:86] Wrapped localized error: <nil> -- with: The installed version of the State Tool Service does not match that of the client.
Please stop the service with [ACTIONABLE]state-svc stop[/RESET] and try your command again.
If this issue persists please reinstall the State Tool.

[DEBUG Sep 16 20:32:13.123891726, errs.go:68] Created error: no data
[DEBUG Sep 16 20:32:13.123917517, errs.go:68] Created error: member not found
[DEBUG Sep 16 20:32:13.123941724, errs.go:68] Created error: Commit count is unknowable
[DEBUG Sep 16 20:32:13.123965055, errs.go:68] Created error: No merge required
[DEBUG Sep 16 20:32:13.123987718, errs.go:68] Created error: Can't merge commit thats already in target commits history
[DEBUG Sep 16 20:32:13.124011266, errs.go:68] Created error: Bad expander name
[DEBUG Sep 16 20:32:13.124034818, errs.go:68] Created error: Expander has no handler
[DEBUG Sep 16 20:32:13.125197508, errs.go:68] Created error: Service is already running
[DEBUG Sep 16 20:32:13.203570379, secrets.go:35] Gcloud Secretmanager failed to initialize (ignore if you're not trying to use gcloud): google: could not find default credentials. See https://developers.google.com/accounts/docs/application-default-credentials for more information.
[DEBUG Sep 16 20:32:13.208886723, output.go:53] Requested outputer for 
[DEBUG Sep 16 20:32:13.208912575, output.go:58] Using Plain outputer
[DEBUG Sep 16 20:32:13.208977450, termutils.go:17] Cannot get terminal size: inappropriate ioctl for device
[DEBUG Sep 16 20:32:13.209006741, client.go:128] Reporting event to 2 reporters: run-command, state-svc start, 
[DEBUG Sep 16 20:32:13.209180576, main.go:107] Running CmdStart
[DEBUG Sep 16 20:32:13.216116043, errs.go:75] Wrapped error: Service is already running -- with: valueF failed
[DEBUG Sep 16 20:32:13.216182331, errs.go:75] Wrapped error: valueF failed -- with: Could not store pid
[DEBUG Sep 16 20:32:13.216258780, errors.go:113] Wrapped input error: Could not store pid -- with: A State Service instance is already running in the background.
[DEBUG Sep 16 20:32:13.216274010, errs.go:75] Wrapped error: A State Service instance is already running in the background. -- with: Could not start serviceManager
[DEBUG Sep 16 20:32:13.216353592, client.go:128] Reporting event to 2 reporters: command-exit, state-svc start, 1
[DEBUG Sep 16 20:32:13.636411024, errs.go:75] Wrapped error: <nil> -- with: Could not start serviceManager: A State Service instance is already running in the background.: Could not store pid: valueF failed: Service is already running
[DEBUG Sep 16 20:32:13.636492765, main.go:61] state-svc errored out due to input: Could not start serviceManager: A State Service instance is already running in the background.: Could not store pid: valueF failed: Service is already running
