[DEBUG Aug  2 07:33:32.627580453, defaults.go:273] Args: [/home1/wangfeim/.local/ActiveState/StateTool/release/bin/state-svc start]
[DEBUG Aug  2 07:33:32.641138928, locale.go:38] Init
[DEBUG Aug  2 07:33:32.681912179, errs.go:68] Created error: File could not be found
[DEBUG Aug  2 07:33:32.684640448, errs.go:68] Created error: Not Recognized
[DEBUG Aug  2 07:33:32.705256399, errs.go:68] Created error: Secret not found
[DEBUG Aug  2 07:33:32.705303538, errs.go:68] Created error: Could not save keypair
[DEBUG Aug  2 07:33:32.705446898, errs.go:68] Created error: Build responded with error
[DEBUG Aug  2 07:33:32.705489519, errs.go:68] Created error: Unknown build type
[DEBUG Aug  2 07:33:32.705607473, errors.go:86] Wrapped localized error: <nil> -- with: The installed version of the State Tool Service does not match that of the client.
Please stop the service with [ACTIONABLE]state-svc stop[/RESET] and try your command again.
If this issue persists please reinstall the State Tool.

[DEBUG Aug  2 07:33:32.705626013, errs.go:68] Created error: no data
[DEBUG Aug  2 07:33:32.705649877, errs.go:68] Created error: member not found
[DEBUG Aug  2 07:33:32.705679904, errs.go:68] Created error: Commit count is unknowable
[DEBUG Aug  2 07:33:32.705700643, errs.go:68] Created error: No merge required
[DEBUG Aug  2 07:33:32.705721429, errs.go:68] Created error: Can't merge commit thats already in target commits history
[DEBUG Aug  2 07:33:32.705742805, errs.go:68] Created error: Bad expander name
[DEBUG Aug  2 07:33:32.705762400, errs.go:68] Created error: Expander has no handler
[DEBUG Aug  2 07:33:32.706774224, errs.go:68] Created error: Service is already running
[DEBUG Aug  2 07:33:32.733905650, secrets.go:35] Gcloud Secretmanager failed to initialize (ignore if you're not trying to use gcloud): google: could not find default credentials. See https://developers.google.com/accounts/docs/application-default-credentials for more information.
[DEBUG Aug  2 07:33:32.737607521, output.go:53] Requested outputer for 
[DEBUG Aug  2 07:33:32.737630872, output.go:58] Using Plain outputer
[DEBUG Aug  2 07:33:32.737701784, termutils.go:17] Cannot get terminal size: inappropriate ioctl for device
[DEBUG Aug  2 07:33:32.737820471, main.go:107] Running CmdStart
[DEBUG Aug  2 07:33:32.737925318, client.go:128] Reporting event to 2 reporters: run-command, state-svc start, 
[DEBUG Aug  2 07:33:32.743324031, errs.go:75] Wrapped error: Service is already running -- with: valueF failed
[DEBUG Aug  2 07:33:32.743379422, errs.go:75] Wrapped error: valueF failed -- with: Could not store pid
[DEBUG Aug  2 07:33:32.743451774, errors.go:113] Wrapped input error: Could not store pid -- with: A State Service instance is already running in the background.
[DEBUG Aug  2 07:33:32.743465040, errs.go:75] Wrapped error: A State Service instance is already running in the background. -- with: Could not start serviceManager
[DEBUG Aug  2 07:33:32.743544504, client.go:128] Reporting event to 2 reporters: command-exit, state-svc start, 1
[DEBUG Aug  2 07:33:33.065854543, errs.go:75] Wrapped error: <nil> -- with: Could not start serviceManager: A State Service instance is already running in the background.: Could not store pid: valueF failed: Service is already running
[DEBUG Aug  2 07:33:33.065913682, main.go:61] state-svc errored out due to input: Could not start serviceManager: A State Service instance is already running in the background.: Could not store pid: valueF failed: Service is already running
