[DEBUG Aug  2 07:53:42.637291475, defaults.go:273] Args: [/home1/wangfeim/.local/ActiveState/StateTool/release/bin/state-svc start]
[DEBUG Aug  2 07:53:42.651317319, locale.go:38] Init
[DEBUG Aug  2 07:53:42.708947385, errs.go:68] Created error: File could not be found
[DEBUG Aug  2 07:53:42.711996514, errs.go:68] Created error: Not Recognized
[DEBUG Aug  2 07:53:42.732338721, errs.go:68] Created error: Secret not found
[DEBUG Aug  2 07:53:42.732383643, errs.go:68] Created error: Could not save keypair
[DEBUG Aug  2 07:53:42.732554964, errs.go:68] Created error: Build responded with error
[DEBUG Aug  2 07:53:42.732587153, errs.go:68] Created error: Unknown build type
[DEBUG Aug  2 07:53:42.732690322, errors.go:86] Wrapped localized error: <nil> -- with: The installed version of the State Tool Service does not match that of the client.
Please stop the service with [ACTIONABLE]state-svc stop[/RESET] and try your command again.
If this issue persists please reinstall the State Tool.

[DEBUG Aug  2 07:53:42.732702918, errs.go:68] Created error: no data
[DEBUG Aug  2 07:53:42.732725890, errs.go:68] Created error: member not found
[DEBUG Aug  2 07:53:42.732749413, errs.go:68] Created error: Commit count is unknowable
[DEBUG Aug  2 07:53:42.732770375, errs.go:68] Created error: No merge required
[DEBUG Aug  2 07:53:42.732792864, errs.go:68] Created error: Can't merge commit thats already in target commits history
[DEBUG Aug  2 07:53:42.732814241, errs.go:68] Created error: Bad expander name
[DEBUG Aug  2 07:53:42.732835349, errs.go:68] Created error: Expander has no handler
[DEBUG Aug  2 07:53:42.740404298, errs.go:68] Created error: Service is already running
[DEBUG Aug  2 07:53:42.811617020, secrets.go:35] Gcloud Secretmanager failed to initialize (ignore if you're not trying to use gcloud): google: could not find default credentials. See https://developers.google.com/accounts/docs/application-default-credentials for more information.
[DEBUG Aug  2 07:53:42.815087638, output.go:53] Requested outputer for 
[DEBUG Aug  2 07:53:42.815117076, output.go:58] Using Plain outputer
[DEBUG Aug  2 07:53:42.815196631, termutils.go:17] Cannot get terminal size: inappropriate ioctl for device
[DEBUG Aug  2 07:53:42.815772708, client.go:128] Reporting event to 2 reporters: run-command, state-svc start, 
[DEBUG Aug  2 07:53:42.815814499, main.go:107] Running CmdStart
[DEBUG Aug  2 07:53:42.822738233, errs.go:75] Wrapped error: Service is already running -- with: valueF failed
[DEBUG Aug  2 07:53:42.822807670, errs.go:75] Wrapped error: valueF failed -- with: Could not store pid
[DEBUG Aug  2 07:53:42.822884929, errors.go:113] Wrapped input error: Could not store pid -- with: A State Service instance is already running in the background.
[DEBUG Aug  2 07:53:42.822906859, errs.go:75] Wrapped error: A State Service instance is already running in the background. -- with: Could not start serviceManager
[DEBUG Aug  2 07:53:42.823027123, client.go:128] Reporting event to 2 reporters: command-exit, state-svc start, 1
[DEBUG Aug  2 07:53:43.184642742, errs.go:75] Wrapped error: <nil> -- with: Could not start serviceManager: A State Service instance is already running in the background.: Could not store pid: valueF failed: Service is already running
[DEBUG Aug  2 07:53:43.184709391, main.go:61] state-svc errored out due to input: Could not start serviceManager: A State Service instance is already running in the background.: Could not store pid: valueF failed: Service is already running
