[DEBUG Aug  2 08:20:19.768561642, defaults.go:273] Args: [/home1/wangfeim/.local/ActiveState/StateTool/release/bin/state-svc start]
[DEBUG Aug  2 08:20:19.792739285, locale.go:38] Init
[DEBUG Aug  2 08:20:19.834992959, errs.go:68] Created error: File could not be found
[DEBUG Aug  2 08:20:19.838368958, errs.go:68] Created error: Not Recognized
[DEBUG Aug  2 08:20:19.866282024, errs.go:68] Created error: Secret not found
[DEBUG Aug  2 08:20:19.866341090, errs.go:68] Created error: Could not save keypair
[DEBUG Aug  2 08:20:19.866523646, errs.go:68] Created error: Build responded with error
[DEBUG Aug  2 08:20:19.866564134, errs.go:68] Created error: Unknown build type
[DEBUG Aug  2 08:20:19.866703637, errors.go:86] Wrapped localized error: <nil> -- with: The installed version of the State Tool Service does not match that of the client.
Please stop the service with [ACTIONABLE]state-svc stop[/RESET] and try your command again.
If this issue persists please reinstall the State Tool.

[DEBUG Aug  2 08:20:19.866725598, errs.go:68] Created error: no data
[DEBUG Aug  2 08:20:19.866757209, errs.go:68] Created error: member not found
[DEBUG Aug  2 08:20:19.866780563, errs.go:68] Created error: Commit count is unknowable
[DEBUG Aug  2 08:20:19.866804940, errs.go:68] Created error: No merge required
[DEBUG Aug  2 08:20:19.866829339, errs.go:68] Created error: Can't merge commit thats already in target commits history
[DEBUG Aug  2 08:20:19.866853784, errs.go:68] Created error: Bad expander name
[DEBUG Aug  2 08:20:19.866883083, errs.go:68] Created error: Expander has no handler
[DEBUG Aug  2 08:20:19.868003816, errs.go:68] Created error: Service is already running
[DEBUG Aug  2 08:20:19.891892777, secrets.go:35] Gcloud Secretmanager failed to initialize (ignore if you're not trying to use gcloud): google: could not find default credentials. See https://developers.google.com/accounts/docs/application-default-credentials for more information.
[DEBUG Aug  2 08:20:19.895044536, output.go:53] Requested outputer for 
[DEBUG Aug  2 08:20:19.895070290, output.go:58] Using Plain outputer
[DEBUG Aug  2 08:20:19.895157438, termutils.go:17] Cannot get terminal size: inappropriate ioctl for device
[DEBUG Aug  2 08:20:19.895238760, client.go:128] Reporting event to 2 reporters: run-command, state-svc start, 
[DEBUG Aug  2 08:20:19.895304477, main.go:107] Running CmdStart
[DEBUG Aug  2 08:20:19.901550864, errs.go:75] Wrapped error: Service is already running -- with: valueF failed
[DEBUG Aug  2 08:20:19.901618548, errs.go:75] Wrapped error: valueF failed -- with: Could not store pid
[DEBUG Aug  2 08:20:19.901699631, errors.go:113] Wrapped input error: Could not store pid -- with: A State Service instance is already running in the background.
[DEBUG Aug  2 08:20:19.901714026, errs.go:75] Wrapped error: A State Service instance is already running in the background. -- with: Could not start serviceManager
[DEBUG Aug  2 08:20:19.901876555, client.go:128] Reporting event to 2 reporters: command-exit, state-svc start, 1
[DEBUG Aug  2 08:20:20.285397844, errs.go:75] Wrapped error: <nil> -- with: Could not start serviceManager: A State Service instance is already running in the background.: Could not store pid: valueF failed: Service is already running
[DEBUG Aug  2 08:20:20.285461370, main.go:61] state-svc errored out due to input: Could not start serviceManager: A State Service instance is already running in the background.: Could not store pid: valueF failed: Service is already running
