[DEBUG Aug  2 07:54:02.203349643, defaults.go:273] Args: [/home1/wangfeim/.local/ActiveState/StateTool/release/bin/state-svc start]
[DEBUG Aug  2 07:54:02.217662404, locale.go:38] Init
[DEBUG Aug  2 07:54:02.785391674, errs.go:68] Created error: File could not be found
[DEBUG Aug  2 07:54:02.788641193, errs.go:68] Created error: Not Recognized
[DEBUG Aug  2 07:54:02.810630604, errs.go:68] Created error: Secret not found
[DEBUG Aug  2 07:54:02.810682042, errs.go:68] Created error: Could not save keypair
[DEBUG Aug  2 07:54:02.810836489, errs.go:68] Created error: Build responded with error
[DEBUG Aug  2 07:54:02.810868048, errs.go:68] Created error: Unknown build type
[DEBUG Aug  2 07:54:02.810977820, errors.go:86] Wrapped localized error: <nil> -- with: The installed version of the State Tool Service does not match that of the client.
Please stop the service with [ACTIONABLE]state-svc stop[/RESET] and try your command again.
If this issue persists please reinstall the State Tool.

[DEBUG Aug  2 07:54:02.810992005, errs.go:68] Created error: no data
[DEBUG Aug  2 07:54:02.811019610, errs.go:68] Created error: member not found
[DEBUG Aug  2 07:54:02.811042072, errs.go:68] Created error: Commit count is unknowable
[DEBUG Aug  2 07:54:02.811062337, errs.go:68] Created error: No merge required
[DEBUG Aug  2 07:54:02.811082397, errs.go:68] Created error: Can't merge commit thats already in target commits history
[DEBUG Aug  2 07:54:02.811105139, errs.go:68] Created error: Bad expander name
[DEBUG Aug  2 07:54:02.811126046, errs.go:68] Created error: Expander has no handler
[DEBUG Aug  2 07:54:02.812185594, errs.go:68] Created error: Service is already running
[DEBUG Aug  2 07:54:02.842865028, secrets.go:35] Gcloud Secretmanager failed to initialize (ignore if you're not trying to use gcloud): google: could not find default credentials. See https://developers.google.com/accounts/docs/application-default-credentials for more information.
[DEBUG Aug  2 07:54:02.889808737, output.go:53] Requested outputer for 
[DEBUG Aug  2 07:54:02.889834037, output.go:58] Using Plain outputer
[DEBUG Aug  2 07:54:02.889898539, termutils.go:17] Cannot get terminal size: inappropriate ioctl for device
[DEBUG Aug  2 07:54:02.890035199, client.go:128] Reporting event to 2 reporters: run-command, state-svc start, 
[DEBUG Aug  2 07:54:02.890146435, main.go:107] Running CmdStart
[DEBUG Aug  2 07:54:02.897010965, errs.go:75] Wrapped error: Service is already running -- with: valueF failed
[DEBUG Aug  2 07:54:02.897081152, errs.go:75] Wrapped error: valueF failed -- with: Could not store pid
[DEBUG Aug  2 07:54:02.897161972, errors.go:113] Wrapped input error: Could not store pid -- with: A State Service instance is already running in the background.
[DEBUG Aug  2 07:54:02.897183045, errs.go:75] Wrapped error: A State Service instance is already running in the background. -- with: Could not start serviceManager
[DEBUG Aug  2 07:54:02.897306093, client.go:128] Reporting event to 2 reporters: command-exit, state-svc start, 1
[DEBUG Aug  2 07:54:03.223583218, errs.go:75] Wrapped error: <nil> -- with: Could not start serviceManager: A State Service instance is already running in the background.: Could not store pid: valueF failed: Service is already running
[DEBUG Aug  2 07:54:03.223676567, main.go:61] state-svc errored out due to input: Could not start serviceManager: A State Service instance is already running in the background.: Could not store pid: valueF failed: Service is already running
