[DEBUG Sep 17 12:54:33.488411813, defaults.go:273] Args: [/home1/wangfeim/.local/ActiveState/StateTool/release/bin/state-svc start]
[DEBUG Sep 17 12:54:33.505120786, locale.go:38] Init
[DEBUG Sep 17 12:54:33.591423929, errs.go:68] Created error: File could not be found
[DEBUG Sep 17 12:54:33.594321290, errs.go:68] Created error: Not Recognized
[DEBUG Sep 17 12:54:33.618425924, errs.go:68] Created error: Secret not found
[DEBUG Sep 17 12:54:33.618472877, errs.go:68] Created error: Could not save keypair
[DEBUG Sep 17 12:54:33.618729667, errs.go:68] Created error: Build responded with error
[DEBUG Sep 17 12:54:33.618945139, errs.go:68] Created error: Unknown build type
[DEBUG Sep 17 12:54:33.619085268, errors.go:86] Wrapped localized error: <nil> -- with: The installed version of the State Tool Service does not match that of the client.
Please stop the service with [ACTIONABLE]state-svc stop[/RESET] and try your command again.
If this issue persists please reinstall the State Tool.

[DEBUG Sep 17 12:54:33.619101585, errs.go:68] Created error: no data
[DEBUG Sep 17 12:54:33.619130449, errs.go:68] Created error: member not found
[DEBUG Sep 17 12:54:33.619156450, errs.go:68] Created error: Commit count is unknowable
[DEBUG Sep 17 12:54:33.619179920, errs.go:68] Created error: No merge required
[DEBUG Sep 17 12:54:33.619205371, errs.go:68] Created error: Can't merge commit thats already in target commits history
[DEBUG Sep 17 12:54:33.619232342, errs.go:68] Created error: Bad expander name
[DEBUG Sep 17 12:54:33.619254631, errs.go:68] Created error: Expander has no handler
[DEBUG Sep 17 12:54:33.620842330, errs.go:68] Created error: Service is already running
[DEBUG Sep 17 12:54:33.653995941, secrets.go:35] Gcloud Secretmanager failed to initialize (ignore if you're not trying to use gcloud): google: could not find default credentials. See https://developers.google.com/accounts/docs/application-default-credentials for more information.
[DEBUG Sep 17 12:54:33.658472631, output.go:53] Requested outputer for 
[DEBUG Sep 17 12:54:33.658491701, output.go:58] Using Plain outputer
[DEBUG Sep 17 12:54:33.658575655, termutils.go:17] Cannot get terminal size: inappropriate ioctl for device
[DEBUG Sep 17 12:54:33.658686579, main.go:107] Running CmdStart
[DEBUG Sep 17 12:54:33.660020632, exeutils.go:149] Executing: /home1/wangfeim/.local/ActiveState/StateTool/release/bin/state-svc [foreground]
[DEBUG Sep 17 12:54:33.664498321, manager.go:68] Process started using pid 16906
[DEBUG Sep 17 12:54:33.664557954, client.go:128] Reporting event to 2 reporters: command-exit, state-svc start, 0
[DEBUG Sep 17 12:54:33.664790035, client.go:128] Reporting event to 2 reporters: run-command, state-svc start, 
