[DEBUG Aug  2 07:51:05.813919248, defaults.go:273] Args: [/home1/wangfeim/.local/ActiveState/StateTool/release/bin/state-svc start]
[DEBUG Aug  2 07:51:05.829021712, locale.go:38] Init
[DEBUG Aug  2 07:51:05.985659224, errs.go:68] Created error: File could not be found
[DEBUG Aug  2 07:51:05.988525130, errs.go:68] Created error: Not Recognized
[DEBUG Aug  2 07:51:06.011156158, errs.go:68] Created error: Secret not found
[DEBUG Aug  2 07:51:06.011211486, errs.go:68] Created error: Could not save keypair
[DEBUG Aug  2 07:51:06.011381619, errs.go:68] Created error: Build responded with error
[DEBUG Aug  2 07:51:06.011409629, errs.go:68] Created error: Unknown build type
[DEBUG Aug  2 07:51:06.011530673, errors.go:86] Wrapped localized error: <nil> -- with: The installed version of the State Tool Service does not match that of the client.
Please stop the service with [ACTIONABLE]state-svc stop[/RESET] and try your command again.
If this issue persists please reinstall the State Tool.

[DEBUG Aug  2 07:51:06.011552567, errs.go:68] Created error: no data
[DEBUG Aug  2 07:51:06.011577263, errs.go:68] Created error: member not found
[DEBUG Aug  2 07:51:06.011618005, errs.go:68] Created error: Commit count is unknowable
[DEBUG Aug  2 07:51:06.011648037, errs.go:68] Created error: No merge required
[DEBUG Aug  2 07:51:06.011671739, errs.go:68] Created error: Can't merge commit thats already in target commits history
[DEBUG Aug  2 07:51:06.011704222, errs.go:68] Created error: Bad expander name
[DEBUG Aug  2 07:51:06.011729469, errs.go:68] Created error: Expander has no handler
[DEBUG Aug  2 07:51:06.012858157, errs.go:68] Created error: Service is already running
[DEBUG Aug  2 07:51:06.031864922, secrets.go:35] Gcloud Secretmanager failed to initialize (ignore if you're not trying to use gcloud): google: could not find default credentials. See https://developers.google.com/accounts/docs/application-default-credentials for more information.
[DEBUG Aug  2 07:51:06.086164498, output.go:53] Requested outputer for 
[DEBUG Aug  2 07:51:06.086254715, output.go:58] Using Plain outputer
[DEBUG Aug  2 07:51:06.086431578, termutils.go:17] Cannot get terminal size: inappropriate ioctl for device
[DEBUG Aug  2 07:51:06.086623760, client.go:128] Reporting event to 2 reporters: run-command, state-svc start, 
[DEBUG Aug  2 07:51:06.087032907, main.go:107] Running CmdStart
[DEBUG Aug  2 07:51:06.095330637, errs.go:75] Wrapped error: Service is already running -- with: valueF failed
[DEBUG Aug  2 07:51:06.095407022, errs.go:75] Wrapped error: valueF failed -- with: Could not store pid
[DEBUG Aug  2 07:51:06.095500617, errors.go:113] Wrapped input error: Could not store pid -- with: A State Service instance is already running in the background.
[DEBUG Aug  2 07:51:06.095516515, errs.go:75] Wrapped error: A State Service instance is already running in the background. -- with: Could not start serviceManager
[DEBUG Aug  2 07:51:06.095617603, client.go:128] Reporting event to 2 reporters: command-exit, state-svc start, 1
[DEBUG Aug  2 07:51:06.490065103, errs.go:75] Wrapped error: <nil> -- with: Could not start serviceManager: A State Service instance is already running in the background.: Could not store pid: valueF failed: Service is already running
[DEBUG Aug  2 07:51:06.490132955, main.go:61] state-svc errored out due to input: Could not start serviceManager: A State Service instance is already running in the background.: Could not store pid: valueF failed: Service is already running
