[DEBUG Aug  2 08:09:46.828214071, defaults.go:273] Args: [/home1/wangfeim/.local/ActiveState/StateTool/release/bin/state-svc start]
[DEBUG Aug  2 08:09:46.842659450, locale.go:38] Init
[DEBUG Aug  2 08:09:46.910330023, errs.go:68] Created error: File could not be found
[DEBUG Aug  2 08:09:46.913442317, errs.go:68] Created error: Not Recognized
[DEBUG Aug  2 08:09:46.941626688, errs.go:68] Created error: Secret not found
[DEBUG Aug  2 08:09:46.941726957, errs.go:68] Created error: Could not save keypair
[DEBUG Aug  2 08:09:46.942215935, errs.go:68] Created error: Build responded with error
[DEBUG Aug  2 08:09:46.942291137, errs.go:68] Created error: Unknown build type
[DEBUG Aug  2 08:09:46.942598161, errors.go:86] Wrapped localized error: <nil> -- with: The installed version of the State Tool Service does not match that of the client.
Please stop the service with [ACTIONABLE]state-svc stop[/RESET] and try your command again.
If this issue persists please reinstall the State Tool.

[DEBUG Aug  2 08:09:46.942623875, errs.go:68] Created error: no data
[DEBUG Aug  2 08:09:46.942690431, errs.go:68] Created error: member not found
[DEBUG Aug  2 08:09:46.942752073, errs.go:68] Created error: Commit count is unknowable
[DEBUG Aug  2 08:09:46.942809044, errs.go:68] Created error: No merge required
[DEBUG Aug  2 08:09:46.942868794, errs.go:68] Created error: Can't merge commit thats already in target commits history
[DEBUG Aug  2 08:09:46.942932163, errs.go:68] Created error: Bad expander name
[DEBUG Aug  2 08:09:46.942987208, errs.go:68] Created error: Expander has no handler
[DEBUG Aug  2 08:09:46.945048185, errs.go:68] Created error: Service is already running
[DEBUG Aug  2 08:09:47.010898032, secrets.go:35] Gcloud Secretmanager failed to initialize (ignore if you're not trying to use gcloud): google: could not find default credentials. See https://developers.google.com/accounts/docs/application-default-credentials for more information.
[DEBUG Aug  2 08:09:47.014206020, output.go:53] Requested outputer for 
[DEBUG Aug  2 08:09:47.014228070, output.go:58] Using Plain outputer
[DEBUG Aug  2 08:09:47.014320786, termutils.go:17] Cannot get terminal size: inappropriate ioctl for device
[DEBUG Aug  2 08:09:47.014398449, client.go:128] Reporting event to 2 reporters: run-command, state-svc start, 
[DEBUG Aug  2 08:09:47.014559466, main.go:107] Running CmdStart
[DEBUG Aug  2 08:09:47.021900079, errs.go:75] Wrapped error: Service is already running -- with: valueF failed
[DEBUG Aug  2 08:09:47.021964657, errs.go:75] Wrapped error: valueF failed -- with: Could not store pid
[DEBUG Aug  2 08:09:47.022045455, errors.go:113] Wrapped input error: Could not store pid -- with: A State Service instance is already running in the background.
[DEBUG Aug  2 08:09:47.022060330, errs.go:75] Wrapped error: A State Service instance is already running in the background. -- with: Could not start serviceManager
[DEBUG Aug  2 08:09:47.022132899, client.go:128] Reporting event to 2 reporters: command-exit, state-svc start, 1
[DEBUG Aug  2 08:09:47.419478156, errs.go:75] Wrapped error: <nil> -- with: Could not start serviceManager: A State Service instance is already running in the background.: Could not store pid: valueF failed: Service is already running
[DEBUG Aug  2 08:09:47.419552068, main.go:61] state-svc errored out due to input: Could not start serviceManager: A State Service instance is already running in the background.: Could not store pid: valueF failed: Service is already running
