[DEBUG Aug  2 07:56:43.716220120, defaults.go:273] Args: [/home1/wangfeim/.local/ActiveState/StateTool/release/bin/state-svc start]
[DEBUG Aug  2 07:56:43.731420379, locale.go:38] Init
[DEBUG Aug  2 07:56:43.801182474, errs.go:68] Created error: File could not be found
[DEBUG Aug  2 07:56:43.804167069, errs.go:68] Created error: Not Recognized
[DEBUG Aug  2 07:56:43.823272214, errs.go:68] Created error: Secret not found
[DEBUG Aug  2 07:56:43.823320281, errs.go:68] Created error: Could not save keypair
[DEBUG Aug  2 07:56:43.823494205, errs.go:68] Created error: Build responded with error
[DEBUG Aug  2 07:56:43.823524765, errs.go:68] Created error: Unknown build type
[DEBUG Aug  2 07:56:43.823637027, errors.go:86] Wrapped localized error: <nil> -- with: The installed version of the State Tool Service does not match that of the client.
Please stop the service with [ACTIONABLE]state-svc stop[/RESET] and try your command again.
If this issue persists please reinstall the State Tool.

[DEBUG Aug  2 07:56:43.823652585, errs.go:68] Created error: no data
[DEBUG Aug  2 07:56:43.823674593, errs.go:68] Created error: member not found
[DEBUG Aug  2 07:56:43.823695260, errs.go:68] Created error: Commit count is unknowable
[DEBUG Aug  2 07:56:43.823715108, errs.go:68] Created error: No merge required
[DEBUG Aug  2 07:56:43.823742168, errs.go:68] Created error: Can't merge commit thats already in target commits history
[DEBUG Aug  2 07:56:43.823764385, errs.go:68] Created error: Bad expander name
[DEBUG Aug  2 07:56:43.823784968, errs.go:68] Created error: Expander has no handler
[DEBUG Aug  2 07:56:43.824839008, errs.go:68] Created error: Service is already running
[DEBUG Aug  2 07:56:43.850832268, secrets.go:35] Gcloud Secretmanager failed to initialize (ignore if you're not trying to use gcloud): google: could not find default credentials. See https://developers.google.com/accounts/docs/application-default-credentials for more information.
[DEBUG Aug  2 07:56:43.853755952, output.go:53] Requested outputer for 
[DEBUG Aug  2 07:56:43.853776378, output.go:58] Using Plain outputer
[DEBUG Aug  2 07:56:43.853867706, termutils.go:17] Cannot get terminal size: inappropriate ioctl for device
[DEBUG Aug  2 07:56:43.853949188, client.go:128] Reporting event to 2 reporters: run-command, state-svc start, 
[DEBUG Aug  2 07:56:43.854047814, main.go:107] Running CmdStart
[DEBUG Aug  2 07:56:43.891386165, errs.go:75] Wrapped error: Service is already running -- with: valueF failed
[DEBUG Aug  2 07:56:43.891446333, errs.go:75] Wrapped error: valueF failed -- with: Could not store pid
[DEBUG Aug  2 07:56:43.891518674, errors.go:113] Wrapped input error: Could not store pid -- with: A State Service instance is already running in the background.
[DEBUG Aug  2 07:56:43.891532932, errs.go:75] Wrapped error: A State Service instance is already running in the background. -- with: Could not start serviceManager
[DEBUG Aug  2 07:56:43.891675392, client.go:128] Reporting event to 2 reporters: command-exit, state-svc start, 1
[DEBUG Aug  2 07:56:44.220562158, errs.go:75] Wrapped error: <nil> -- with: Could not start serviceManager: A State Service instance is already running in the background.: Could not store pid: valueF failed: Service is already running
[DEBUG Aug  2 07:56:44.220615226, main.go:61] state-svc errored out due to input: Could not start serviceManager: A State Service instance is already running in the background.: Could not store pid: valueF failed: Service is already running
