[DEBUG Aug  2 08:06:19.350282306, defaults.go:273] Args: [/home1/wangfeim/.local/ActiveState/StateTool/release/bin/state-svc start]
[DEBUG Aug  2 08:06:19.363883340, locale.go:38] Init
[DEBUG Aug  2 08:06:19.413664030, errs.go:68] Created error: File could not be found
[DEBUG Aug  2 08:06:19.416712454, errs.go:68] Created error: Not Recognized
[DEBUG Aug  2 08:06:19.437976314, errs.go:68] Created error: Secret not found
[DEBUG Aug  2 08:06:19.438027248, errs.go:68] Created error: Could not save keypair
[DEBUG Aug  2 08:06:19.438198252, errs.go:68] Created error: Build responded with error
[DEBUG Aug  2 08:06:19.438227510, errs.go:68] Created error: Unknown build type
[DEBUG Aug  2 08:06:19.438361190, errors.go:86] Wrapped localized error: <nil> -- with: The installed version of the State Tool Service does not match that of the client.
Please stop the service with [ACTIONABLE]state-svc stop[/RESET] and try your command again.
If this issue persists please reinstall the State Tool.

[DEBUG Aug  2 08:06:19.438381776, errs.go:68] Created error: no data
[DEBUG Aug  2 08:06:19.438404203, errs.go:68] Created error: member not found
[DEBUG Aug  2 08:06:19.438425835, errs.go:68] Created error: Commit count is unknowable
[DEBUG Aug  2 08:06:19.438452460, errs.go:68] Created error: No merge required
[DEBUG Aug  2 08:06:19.438473175, errs.go:68] Created error: Can't merge commit thats already in target commits history
[DEBUG Aug  2 08:06:19.438500877, errs.go:68] Created error: Bad expander name
[DEBUG Aug  2 08:06:19.438521765, errs.go:68] Created error: Expander has no handler
[DEBUG Aug  2 08:06:19.439738462, errs.go:68] Created error: Service is already running
[DEBUG Aug  2 08:06:19.472311591, secrets.go:35] Gcloud Secretmanager failed to initialize (ignore if you're not trying to use gcloud): google: could not find default credentials. See https://developers.google.com/accounts/docs/application-default-credentials for more information.
[DEBUG Aug  2 08:06:19.478511341, output.go:53] Requested outputer for 
[DEBUG Aug  2 08:06:19.478532897, output.go:58] Using Plain outputer
[DEBUG Aug  2 08:06:19.478611646, termutils.go:17] Cannot get terminal size: inappropriate ioctl for device
[DEBUG Aug  2 08:06:19.478687561, client.go:128] Reporting event to 2 reporters: run-command, state-svc start, 
[DEBUG Aug  2 08:06:19.478763613, main.go:107] Running CmdStart
[DEBUG Aug  2 08:06:19.485225329, errs.go:75] Wrapped error: Service is already running -- with: valueF failed
[DEBUG Aug  2 08:06:19.485278962, errs.go:75] Wrapped error: valueF failed -- with: Could not store pid
[DEBUG Aug  2 08:06:19.485345031, errors.go:113] Wrapped input error: Could not store pid -- with: A State Service instance is already running in the background.
[DEBUG Aug  2 08:06:19.485359820, errs.go:75] Wrapped error: A State Service instance is already running in the background. -- with: Could not start serviceManager
[DEBUG Aug  2 08:06:19.485434420, client.go:128] Reporting event to 2 reporters: command-exit, state-svc start, 1
[DEBUG Aug  2 08:06:19.811304788, errs.go:75] Wrapped error: <nil> -- with: Could not start serviceManager: A State Service instance is already running in the background.: Could not store pid: valueF failed: Service is already running
[DEBUG Aug  2 08:06:19.811369602, main.go:61] state-svc errored out due to input: Could not start serviceManager: A State Service instance is already running in the background.: Could not store pid: valueF failed: Service is already running
