[DEBUG Aug  2 08:14:37.717933651, defaults.go:273] Args: [/home1/wangfeim/.local/ActiveState/StateTool/release/bin/state-svc start]
[DEBUG Aug  2 08:14:37.732559152, locale.go:38] Init
[DEBUG Aug  2 08:14:38.124336661, errs.go:68] Created error: File could not be found
[DEBUG Aug  2 08:14:38.127807023, errs.go:68] Created error: Not Recognized
[DEBUG Aug  2 08:14:38.152902744, errs.go:68] Created error: Secret not found
[DEBUG Aug  2 08:14:38.152965833, errs.go:68] Created error: Could not save keypair
[DEBUG Aug  2 08:14:38.153155675, errs.go:68] Created error: Build responded with error
[DEBUG Aug  2 08:14:38.153198610, errs.go:68] Created error: Unknown build type
[DEBUG Aug  2 08:14:38.153365423, errors.go:86] Wrapped localized error: <nil> -- with: The installed version of the State Tool Service does not match that of the client.
Please stop the service with [ACTIONABLE]state-svc stop[/RESET] and try your command again.
If this issue persists please reinstall the State Tool.

[DEBUG Aug  2 08:14:38.153397691, errs.go:68] Created error: no data
[DEBUG Aug  2 08:14:38.153449469, errs.go:68] Created error: member not found
[DEBUG Aug  2 08:14:38.153479473, errs.go:68] Created error: Commit count is unknowable
[DEBUG Aug  2 08:14:38.153528210, errs.go:68] Created error: No merge required
[DEBUG Aug  2 08:14:38.153597841, errs.go:68] Created error: Can't merge commit thats already in target commits history
[DEBUG Aug  2 08:14:38.153644305, errs.go:68] Created error: Bad expander name
[DEBUG Aug  2 08:14:38.153671073, errs.go:68] Created error: Expander has no handler
[DEBUG Aug  2 08:14:38.154909858, errs.go:68] Created error: Service is already running
[DEBUG Aug  2 08:14:38.195146542, secrets.go:35] Gcloud Secretmanager failed to initialize (ignore if you're not trying to use gcloud): google: could not find default credentials. See https://developers.google.com/accounts/docs/application-default-credentials for more information.
[DEBUG Aug  2 08:14:38.198479506, output.go:53] Requested outputer for 
[DEBUG Aug  2 08:14:38.198504573, output.go:58] Using Plain outputer
[DEBUG Aug  2 08:14:38.198585237, termutils.go:17] Cannot get terminal size: inappropriate ioctl for device
[DEBUG Aug  2 08:14:38.198678392, client.go:128] Reporting event to 2 reporters: run-command, state-svc start, 
[DEBUG Aug  2 08:14:38.198739052, main.go:107] Running CmdStart
[DEBUG Aug  2 08:14:38.204657783, errs.go:75] Wrapped error: Service is already running -- with: valueF failed
[DEBUG Aug  2 08:14:38.204723372, errs.go:75] Wrapped error: valueF failed -- with: Could not store pid
[DEBUG Aug  2 08:14:38.204801551, errors.go:113] Wrapped input error: Could not store pid -- with: A State Service instance is already running in the background.
[DEBUG Aug  2 08:14:38.204820450, errs.go:75] Wrapped error: A State Service instance is already running in the background. -- with: Could not start serviceManager
[DEBUG Aug  2 08:14:38.204914762, client.go:128] Reporting event to 2 reporters: command-exit, state-svc start, 1
[DEBUG Aug  2 08:14:38.543943524, errs.go:75] Wrapped error: <nil> -- with: Could not start serviceManager: A State Service instance is already running in the background.: Could not store pid: valueF failed: Service is already running
[DEBUG Aug  2 08:14:38.544012648, main.go:61] state-svc errored out due to input: Could not start serviceManager: A State Service instance is already running in the background.: Could not store pid: valueF failed: Service is already running
