[DEBUG Aug  2 07:58:36.162597924, defaults.go:273] Args: [/home1/wangfeim/.local/ActiveState/StateTool/release/bin/state-svc start]
[DEBUG Aug  2 07:58:36.199314513, locale.go:38] Init
[DEBUG Aug  2 07:58:36.243813526, errs.go:68] Created error: File could not be found
[DEBUG Aug  2 07:58:36.287240132, errs.go:68] Created error: Not Recognized
[DEBUG Aug  2 07:58:36.309915530, errs.go:68] Created error: Secret not found
[DEBUG Aug  2 07:58:36.309967512, errs.go:68] Created error: Could not save keypair
[DEBUG Aug  2 07:58:36.310121979, errs.go:68] Created error: Build responded with error
[DEBUG Aug  2 07:58:36.310147857, errs.go:68] Created error: Unknown build type
[DEBUG Aug  2 07:58:36.310262062, errors.go:86] Wrapped localized error: <nil> -- with: The installed version of the State Tool Service does not match that of the client.
Please stop the service with [ACTIONABLE]state-svc stop[/RESET] and try your command again.
If this issue persists please reinstall the State Tool.

[DEBUG Aug  2 07:58:36.310277013, errs.go:68] Created error: no data
[DEBUG Aug  2 07:58:36.310310510, errs.go:68] Created error: member not found
[DEBUG Aug  2 07:58:36.310338887, errs.go:68] Created error: Commit count is unknowable
[DEBUG Aug  2 07:58:36.310360814, errs.go:68] Created error: No merge required
[DEBUG Aug  2 07:58:36.310382236, errs.go:68] Created error: Can't merge commit thats already in target commits history
[DEBUG Aug  2 07:58:36.310404707, errs.go:68] Created error: Bad expander name
[DEBUG Aug  2 07:58:36.310426204, errs.go:68] Created error: Expander has no handler
[DEBUG Aug  2 07:58:36.311468631, errs.go:68] Created error: Service is already running
[DEBUG Aug  2 07:58:36.340086436, secrets.go:35] Gcloud Secretmanager failed to initialize (ignore if you're not trying to use gcloud): google: could not find default credentials. See https://developers.google.com/accounts/docs/application-default-credentials for more information.
[DEBUG Aug  2 07:58:36.343246689, output.go:53] Requested outputer for 
[DEBUG Aug  2 07:58:36.343266464, output.go:58] Using Plain outputer
[DEBUG Aug  2 07:58:36.343335640, termutils.go:17] Cannot get terminal size: inappropriate ioctl for device
[DEBUG Aug  2 07:58:36.343419483, client.go:128] Reporting event to 2 reporters: run-command, state-svc start, 
[DEBUG Aug  2 07:58:36.343459763, main.go:107] Running CmdStart
[DEBUG Aug  2 07:58:36.387952572, errs.go:75] Wrapped error: Service is already running -- with: valueF failed
[DEBUG Aug  2 07:58:36.388014212, errs.go:75] Wrapped error: valueF failed -- with: Could not store pid
[DEBUG Aug  2 07:58:36.388093773, errors.go:113] Wrapped input error: Could not store pid -- with: A State Service instance is already running in the background.
[DEBUG Aug  2 07:58:36.388107691, errs.go:75] Wrapped error: A State Service instance is already running in the background. -- with: Could not start serviceManager
[DEBUG Aug  2 07:58:36.388171860, client.go:128] Reporting event to 2 reporters: command-exit, state-svc start, 1
[DEBUG Aug  2 07:58:36.762523759, errs.go:75] Wrapped error: <nil> -- with: Could not start serviceManager: A State Service instance is already running in the background.: Could not store pid: valueF failed: Service is already running
[DEBUG Aug  2 07:58:36.762622293, main.go:61] state-svc errored out due to input: Could not start serviceManager: A State Service instance is already running in the background.: Could not store pid: valueF failed: Service is already running
