[DEBUG Aug  2 07:36:38.617144763, defaults.go:273] Args: [/home1/wangfeim/.local/ActiveState/StateTool/release/bin/state-svc start]
[DEBUG Aug  2 07:36:38.631329656, locale.go:38] Init
[DEBUG Aug  2 07:36:38.724273629, errs.go:68] Created error: File could not be found
[DEBUG Aug  2 07:36:38.727411050, errs.go:68] Created error: Not Recognized
[DEBUG Aug  2 07:36:38.747318217, errs.go:68] Created error: Secret not found
[DEBUG Aug  2 07:36:38.747364710, errs.go:68] Created error: Could not save keypair
[DEBUG Aug  2 07:36:38.784717831, errs.go:68] Created error: Build responded with error
[DEBUG Aug  2 07:36:38.784776611, errs.go:68] Created error: Unknown build type
[DEBUG Aug  2 07:36:38.784908442, errors.go:86] Wrapped localized error: <nil> -- with: The installed version of the State Tool Service does not match that of the client.
Please stop the service with [ACTIONABLE]state-svc stop[/RESET] and try your command again.
If this issue persists please reinstall the State Tool.

[DEBUG Aug  2 07:36:38.784924216, errs.go:68] Created error: no data
[DEBUG Aug  2 07:36:38.784949553, errs.go:68] Created error: member not found
[DEBUG Aug  2 07:36:38.784974306, errs.go:68] Created error: Commit count is unknowable
[DEBUG Aug  2 07:36:38.784997612, errs.go:68] Created error: No merge required
[DEBUG Aug  2 07:36:38.785020579, errs.go:68] Created error: Can't merge commit thats already in target commits history
[DEBUG Aug  2 07:36:38.785047390, errs.go:68] Created error: Bad expander name
[DEBUG Aug  2 07:36:38.785070140, errs.go:68] Created error: Expander has no handler
[DEBUG Aug  2 07:36:38.786211687, errs.go:68] Created error: Service is already running
[DEBUG Aug  2 07:36:38.812026070, secrets.go:35] Gcloud Secretmanager failed to initialize (ignore if you're not trying to use gcloud): google: could not find default credentials. See https://developers.google.com/accounts/docs/application-default-credentials for more information.
[DEBUG Aug  2 07:36:38.814972629, output.go:53] Requested outputer for 
[DEBUG Aug  2 07:36:38.814993498, output.go:58] Using Plain outputer
[DEBUG Aug  2 07:36:38.815063277, termutils.go:17] Cannot get terminal size: inappropriate ioctl for device
[DEBUG Aug  2 07:36:38.815151728, client.go:128] Reporting event to 2 reporters: run-command, state-svc start, 
[DEBUG Aug  2 07:36:38.815227467, main.go:107] Running CmdStart
[DEBUG Aug  2 07:36:38.823027278, errs.go:75] Wrapped error: Service is already running -- with: valueF failed
[DEBUG Aug  2 07:36:38.823088870, errs.go:75] Wrapped error: valueF failed -- with: Could not store pid
[DEBUG Aug  2 07:36:38.823170256, errors.go:113] Wrapped input error: Could not store pid -- with: A State Service instance is already running in the background.
[DEBUG Aug  2 07:36:38.823182757, errs.go:75] Wrapped error: A State Service instance is already running in the background. -- with: Could not start serviceManager
[DEBUG Aug  2 07:36:38.823300915, client.go:128] Reporting event to 2 reporters: command-exit, state-svc start, 1
[DEBUG Aug  2 07:36:39.202388318, errs.go:75] Wrapped error: <nil> -- with: Could not start serviceManager: A State Service instance is already running in the background.: Could not store pid: valueF failed: Service is already running
[DEBUG Aug  2 07:36:39.202459148, main.go:61] state-svc errored out due to input: Could not start serviceManager: A State Service instance is already running in the background.: Could not store pid: valueF failed: Service is already running
