[DEBUG Aug  2 07:53:15.185691548, defaults.go:273] Args: [/home1/wangfeim/.local/ActiveState/StateTool/release/bin/state-svc start]
[DEBUG Aug  2 07:53:15.199277782, locale.go:38] Init
[DEBUG Aug  2 07:53:15.241016590, errs.go:68] Created error: File could not be found
[DEBUG Aug  2 07:53:15.243799031, errs.go:68] Created error: Not Recognized
[DEBUG Aug  2 07:53:15.298990696, errs.go:68] Created error: Secret not found
[DEBUG Aug  2 07:53:15.299037464, errs.go:68] Created error: Could not save keypair
[DEBUG Aug  2 07:53:15.299192023, errs.go:68] Created error: Build responded with error
[DEBUG Aug  2 07:53:15.299220328, errs.go:68] Created error: Unknown build type
[DEBUG Aug  2 07:53:15.299322139, errors.go:86] Wrapped localized error: <nil> -- with: The installed version of the State Tool Service does not match that of the client.
Please stop the service with [ACTIONABLE]state-svc stop[/RESET] and try your command again.
If this issue persists please reinstall the State Tool.

[DEBUG Aug  2 07:53:15.299334710, errs.go:68] Created error: no data
[DEBUG Aug  2 07:53:15.299358037, errs.go:68] Created error: member not found
[DEBUG Aug  2 07:53:15.299392905, errs.go:68] Created error: Commit count is unknowable
[DEBUG Aug  2 07:53:15.299413778, errs.go:68] Created error: No merge required
[DEBUG Aug  2 07:53:15.299436164, errs.go:68] Created error: Can't merge commit thats already in target commits history
[DEBUG Aug  2 07:53:15.299463386, errs.go:68] Created error: Bad expander name
[DEBUG Aug  2 07:53:15.299484073, errs.go:68] Created error: Expander has no handler
[DEBUG Aug  2 07:53:15.300476648, errs.go:68] Created error: Service is already running
[DEBUG Aug  2 07:53:15.334601593, secrets.go:35] Gcloud Secretmanager failed to initialize (ignore if you're not trying to use gcloud): google: could not find default credentials. See https://developers.google.com/accounts/docs/application-default-credentials for more information.
[DEBUG Aug  2 07:53:15.338333108, output.go:53] Requested outputer for 
[DEBUG Aug  2 07:53:15.338353618, output.go:58] Using Plain outputer
[DEBUG Aug  2 07:53:15.338431415, termutils.go:17] Cannot get terminal size: inappropriate ioctl for device
[DEBUG Aug  2 07:53:15.338530765, client.go:128] Reporting event to 2 reporters: run-command, state-svc start, 
[DEBUG Aug  2 07:53:15.338680754, main.go:107] Running CmdStart
[DEBUG Aug  2 07:53:15.346351719, errs.go:75] Wrapped error: Service is already running -- with: valueF failed
[DEBUG Aug  2 07:53:15.346629725, errs.go:75] Wrapped error: valueF failed -- with: Could not store pid
[DEBUG Aug  2 07:53:15.346971352, errors.go:113] Wrapped input error: Could not store pid -- with: A State Service instance is already running in the background.
[DEBUG Aug  2 07:53:15.347053947, errs.go:75] Wrapped error: A State Service instance is already running in the background. -- with: Could not start serviceManager
[DEBUG Aug  2 07:53:15.347420556, client.go:128] Reporting event to 2 reporters: command-exit, state-svc start, 1
[DEBUG Aug  2 07:53:15.703441396, errs.go:75] Wrapped error: <nil> -- with: Could not start serviceManager: A State Service instance is already running in the background.: Could not store pid: valueF failed: Service is already running
[DEBUG Aug  2 07:53:15.703512037, main.go:61] state-svc errored out due to input: Could not start serviceManager: A State Service instance is already running in the background.: Could not store pid: valueF failed: Service is already running
