[DEBUG Aug  2 07:54:46.634508640, defaults.go:273] Args: [/home1/wangfeim/.local/ActiveState/StateTool/release/bin/state-svc start]
[DEBUG Aug  2 07:54:46.649043623, locale.go:38] Init
[DEBUG Aug  2 07:54:46.703771319, errs.go:68] Created error: File could not be found
[DEBUG Aug  2 07:54:46.706814914, errs.go:68] Created error: Not Recognized
[DEBUG Aug  2 07:54:46.726857001, errs.go:68] Created error: Secret not found
[DEBUG Aug  2 07:54:46.726906182, errs.go:68] Created error: Could not save keypair
[DEBUG Aug  2 07:54:46.727079792, errs.go:68] Created error: Build responded with error
[DEBUG Aug  2 07:54:46.727115582, errs.go:68] Created error: Unknown build type
[DEBUG Aug  2 07:54:46.727237178, errors.go:86] Wrapped localized error: <nil> -- with: The installed version of the State Tool Service does not match that of the client.
Please stop the service with [ACTIONABLE]state-svc stop[/RESET] and try your command again.
If this issue persists please reinstall the State Tool.

[DEBUG Aug  2 07:54:46.727252057, errs.go:68] Created error: no data
[DEBUG Aug  2 07:54:46.727277642, errs.go:68] Created error: member not found
[DEBUG Aug  2 07:54:46.727301399, errs.go:68] Created error: Commit count is unknowable
[DEBUG Aug  2 07:54:46.727330921, errs.go:68] Created error: No merge required
[DEBUG Aug  2 07:54:46.727353851, errs.go:68] Created error: Can't merge commit thats already in target commits history
[DEBUG Aug  2 07:54:46.727391987, errs.go:68] Created error: Bad expander name
[DEBUG Aug  2 07:54:46.727412585, errs.go:68] Created error: Expander has no handler
[DEBUG Aug  2 07:54:46.728331960, errs.go:68] Created error: Service is already running
[DEBUG Aug  2 07:54:46.787724199, secrets.go:35] Gcloud Secretmanager failed to initialize (ignore if you're not trying to use gcloud): google: could not find default credentials. See https://developers.google.com/accounts/docs/application-default-credentials for more information.
[DEBUG Aug  2 07:54:46.791486919, output.go:53] Requested outputer for 
[DEBUG Aug  2 07:54:46.791511910, output.go:58] Using Plain outputer
[DEBUG Aug  2 07:54:46.791595602, termutils.go:17] Cannot get terminal size: inappropriate ioctl for device
[DEBUG Aug  2 07:54:46.791688025, client.go:128] Reporting event to 2 reporters: run-command, state-svc start, 
[DEBUG Aug  2 07:54:46.791735586, main.go:107] Running CmdStart
[DEBUG Aug  2 07:54:46.797376587, errs.go:75] Wrapped error: Service is already running -- with: valueF failed
[DEBUG Aug  2 07:54:46.797428407, errs.go:75] Wrapped error: valueF failed -- with: Could not store pid
[DEBUG Aug  2 07:54:46.797501328, errors.go:113] Wrapped input error: Could not store pid -- with: A State Service instance is already running in the background.
[DEBUG Aug  2 07:54:46.797515802, errs.go:75] Wrapped error: A State Service instance is already running in the background. -- with: Could not start serviceManager
[DEBUG Aug  2 07:54:46.797607268, client.go:128] Reporting event to 2 reporters: command-exit, state-svc start, 1
[DEBUG Aug  2 07:54:47.173392356, errs.go:75] Wrapped error: <nil> -- with: Could not start serviceManager: A State Service instance is already running in the background.: Could not store pid: valueF failed: Service is already running
[DEBUG Aug  2 07:54:47.173471927, main.go:61] state-svc errored out due to input: Could not start serviceManager: A State Service instance is already running in the background.: Could not store pid: valueF failed: Service is already running
