[DEBUG Aug  2 08:03:18.944481672, defaults.go:273] Args: [/home1/wangfeim/.local/ActiveState/StateTool/release/bin/state-svc start]
[DEBUG Aug  2 08:03:18.958959266, locale.go:38] Init
[DEBUG Aug  2 08:03:19.017986295, errs.go:68] Created error: File could not be found
[DEBUG Aug  2 08:03:19.020942897, errs.go:68] Created error: Not Recognized
[DEBUG Aug  2 08:03:19.087811989, errs.go:68] Created error: Secret not found
[DEBUG Aug  2 08:03:19.087866212, errs.go:68] Created error: Could not save keypair
[DEBUG Aug  2 08:03:19.088039302, errs.go:68] Created error: Build responded with error
[DEBUG Aug  2 08:03:19.088067460, errs.go:68] Created error: Unknown build type
[DEBUG Aug  2 08:03:19.088188626, errors.go:86] Wrapped localized error: <nil> -- with: The installed version of the State Tool Service does not match that of the client.
Please stop the service with [ACTIONABLE]state-svc stop[/RESET] and try your command again.
If this issue persists please reinstall the State Tool.

[DEBUG Aug  2 08:03:19.088204895, errs.go:68] Created error: no data
[DEBUG Aug  2 08:03:19.088231276, errs.go:68] Created error: member not found
[DEBUG Aug  2 08:03:19.088254526, errs.go:68] Created error: Commit count is unknowable
[DEBUG Aug  2 08:03:19.088277154, errs.go:68] Created error: No merge required
[DEBUG Aug  2 08:03:19.088299738, errs.go:68] Created error: Can't merge commit thats already in target commits history
[DEBUG Aug  2 08:03:19.088323174, errs.go:68] Created error: Bad expander name
[DEBUG Aug  2 08:03:19.088351644, errs.go:68] Created error: Expander has no handler
[DEBUG Aug  2 08:03:19.089416830, errs.go:68] Created error: Service is already running
[DEBUG Aug  2 08:03:19.116431143, secrets.go:35] Gcloud Secretmanager failed to initialize (ignore if you're not trying to use gcloud): google: could not find default credentials. See https://developers.google.com/accounts/docs/application-default-credentials for more information.
[DEBUG Aug  2 08:03:19.120049248, output.go:53] Requested outputer for 
[DEBUG Aug  2 08:03:19.120073598, output.go:58] Using Plain outputer
[DEBUG Aug  2 08:03:19.120156628, termutils.go:17] Cannot get terminal size: inappropriate ioctl for device
[DEBUG Aug  2 08:03:19.120260745, client.go:128] Reporting event to 2 reporters: run-command, state-svc start, 
[DEBUG Aug  2 08:03:19.120343794, main.go:107] Running CmdStart
[DEBUG Aug  2 08:03:19.126096360, errs.go:75] Wrapped error: Service is already running -- with: valueF failed
[DEBUG Aug  2 08:03:19.126154681, errs.go:75] Wrapped error: valueF failed -- with: Could not store pid
[DEBUG Aug  2 08:03:19.126229231, errors.go:113] Wrapped input error: Could not store pid -- with: A State Service instance is already running in the background.
[DEBUG Aug  2 08:03:19.126243536, errs.go:75] Wrapped error: A State Service instance is already running in the background. -- with: Could not start serviceManager
[DEBUG Aug  2 08:03:19.126332179, client.go:128] Reporting event to 2 reporters: command-exit, state-svc start, 1
[DEBUG Aug  2 08:03:19.476808288, errs.go:75] Wrapped error: <nil> -- with: Could not start serviceManager: A State Service instance is already running in the background.: Could not store pid: valueF failed: Service is already running
[DEBUG Aug  2 08:03:19.476891460, main.go:61] state-svc errored out due to input: Could not start serviceManager: A State Service instance is already running in the background.: Could not store pid: valueF failed: Service is already running
