[DEBUG Aug  2 07:56:02.440778106, defaults.go:273] Args: [/home1/wangfeim/.local/ActiveState/StateTool/release/bin/state-svc start]
[DEBUG Aug  2 07:56:02.456894607, locale.go:38] Init
[DEBUG Aug  2 07:56:02.528787445, errs.go:68] Created error: File could not be found
[DEBUG Aug  2 07:56:02.531902476, errs.go:68] Created error: Not Recognized
[DEBUG Aug  2 07:56:02.597640974, errs.go:68] Created error: Secret not found
[DEBUG Aug  2 07:56:02.597691434, errs.go:68] Created error: Could not save keypair
[DEBUG Aug  2 07:56:02.597854731, errs.go:68] Created error: Build responded with error
[DEBUG Aug  2 07:56:02.597887112, errs.go:68] Created error: Unknown build type
[DEBUG Aug  2 07:56:02.597995909, errors.go:86] Wrapped localized error: <nil> -- with: The installed version of the State Tool Service does not match that of the client.
Please stop the service with [ACTIONABLE]state-svc stop[/RESET] and try your command again.
If this issue persists please reinstall the State Tool.

[DEBUG Aug  2 07:56:02.598008448, errs.go:68] Created error: no data
[DEBUG Aug  2 07:56:02.598031414, errs.go:68] Created error: member not found
[DEBUG Aug  2 07:56:02.598054174, errs.go:68] Created error: Commit count is unknowable
[DEBUG Aug  2 07:56:02.598076508, errs.go:68] Created error: No merge required
[DEBUG Aug  2 07:56:02.598098109, errs.go:68] Created error: Can't merge commit thats already in target commits history
[DEBUG Aug  2 07:56:02.598122335, errs.go:68] Created error: Bad expander name
[DEBUG Aug  2 07:56:02.598143646, errs.go:68] Created error: Expander has no handler
[DEBUG Aug  2 07:56:02.599213385, errs.go:68] Created error: Service is already running
[DEBUG Aug  2 07:56:02.627382729, secrets.go:35] Gcloud Secretmanager failed to initialize (ignore if you're not trying to use gcloud): google: could not find default credentials. See https://developers.google.com/accounts/docs/application-default-credentials for more information.
[DEBUG Aug  2 07:56:02.630952865, output.go:53] Requested outputer for 
[DEBUG Aug  2 07:56:02.630979064, output.go:58] Using Plain outputer
[DEBUG Aug  2 07:56:02.631069831, termutils.go:17] Cannot get terminal size: inappropriate ioctl for device
[DEBUG Aug  2 07:56:02.631135859, client.go:128] Reporting event to 2 reporters: run-command, state-svc start, 
[DEBUG Aug  2 07:56:02.631219145, main.go:107] Running CmdStart
[DEBUG Aug  2 07:56:02.636959550, errs.go:75] Wrapped error: Service is already running -- with: valueF failed
[DEBUG Aug  2 07:56:02.637027336, errs.go:75] Wrapped error: valueF failed -- with: Could not store pid
[DEBUG Aug  2 07:56:02.637102565, errors.go:113] Wrapped input error: Could not store pid -- with: A State Service instance is already running in the background.
[DEBUG Aug  2 07:56:02.637117679, errs.go:75] Wrapped error: A State Service instance is already running in the background. -- with: Could not start serviceManager
[DEBUG Aug  2 07:56:02.637202879, client.go:128] Reporting event to 2 reporters: command-exit, state-svc start, 1
[DEBUG Aug  2 07:56:03.001673838, errs.go:75] Wrapped error: <nil> -- with: Could not start serviceManager: A State Service instance is already running in the background.: Could not store pid: valueF failed: Service is already running
[DEBUG Aug  2 07:56:03.001738908, main.go:61] state-svc errored out due to input: Could not start serviceManager: A State Service instance is already running in the background.: Could not store pid: valueF failed: Service is already running
