[DEBUG Aug  2 08:13:50.110524179, defaults.go:273] Args: [/home1/wangfeim/.local/ActiveState/StateTool/release/bin/state-svc start]
[DEBUG Aug  2 08:13:50.124956385, locale.go:38] Init
[DEBUG Aug  2 08:13:50.172568483, errs.go:68] Created error: File could not be found
[DEBUG Aug  2 08:13:50.186705902, errs.go:68] Created error: Not Recognized
[DEBUG Aug  2 08:13:50.210109643, errs.go:68] Created error: Secret not found
[DEBUG Aug  2 08:13:50.210172845, errs.go:68] Created error: Could not save keypair
[DEBUG Aug  2 08:13:50.210357488, errs.go:68] Created error: Build responded with error
[DEBUG Aug  2 08:13:50.210385811, errs.go:68] Created error: Unknown build type
[DEBUG Aug  2 08:13:50.210518229, errors.go:86] Wrapped localized error: <nil> -- with: The installed version of the State Tool Service does not match that of the client.
Please stop the service with [ACTIONABLE]state-svc stop[/RESET] and try your command again.
If this issue persists please reinstall the State Tool.

[DEBUG Aug  2 08:13:50.210535429, errs.go:68] Created error: no data
[DEBUG Aug  2 08:13:50.210575631, errs.go:68] Created error: member not found
[DEBUG Aug  2 08:13:50.210609175, errs.go:68] Created error: Commit count is unknowable
[DEBUG Aug  2 08:13:50.210633174, errs.go:68] Created error: No merge required
[DEBUG Aug  2 08:13:50.210659209, errs.go:68] Created error: Can't merge commit thats already in target commits history
[DEBUG Aug  2 08:13:50.210683788, errs.go:68] Created error: Bad expander name
[DEBUG Aug  2 08:13:50.210709828, errs.go:68] Created error: Expander has no handler
[DEBUG Aug  2 08:13:50.211948512, errs.go:68] Created error: Service is already running
[DEBUG Aug  2 08:13:50.289685589, secrets.go:35] Gcloud Secretmanager failed to initialize (ignore if you're not trying to use gcloud): google: could not find default credentials. See https://developers.google.com/accounts/docs/application-default-credentials for more information.
[DEBUG Aug  2 08:13:50.295142525, output.go:53] Requested outputer for 
[DEBUG Aug  2 08:13:50.295167449, output.go:58] Using Plain outputer
[DEBUG Aug  2 08:13:50.295238720, termutils.go:17] Cannot get terminal size: inappropriate ioctl for device
[DEBUG Aug  2 08:13:50.295323268, client.go:128] Reporting event to 2 reporters: run-command, state-svc start, 
[DEBUG Aug  2 08:13:50.295381915, main.go:107] Running CmdStart
[DEBUG Aug  2 08:13:50.301032538, errs.go:75] Wrapped error: Service is already running -- with: valueF failed
[DEBUG Aug  2 08:13:50.301097934, errs.go:75] Wrapped error: valueF failed -- with: Could not store pid
[DEBUG Aug  2 08:13:50.301178252, errors.go:113] Wrapped input error: Could not store pid -- with: A State Service instance is already running in the background.
[DEBUG Aug  2 08:13:50.301194887, errs.go:75] Wrapped error: A State Service instance is already running in the background. -- with: Could not start serviceManager
[DEBUG Aug  2 08:13:50.301295514, client.go:128] Reporting event to 2 reporters: command-exit, state-svc start, 1
[DEBUG Aug  2 08:13:50.688809478, errs.go:75] Wrapped error: <nil> -- with: Could not start serviceManager: A State Service instance is already running in the background.: Could not store pid: valueF failed: Service is already running
[DEBUG Aug  2 08:13:50.688885126, main.go:61] state-svc errored out due to input: Could not start serviceManager: A State Service instance is already running in the background.: Could not store pid: valueF failed: Service is already running
