[DEBUG Aug  2 08:18:34.776595509, defaults.go:273] Args: [/home1/wangfeim/.local/ActiveState/StateTool/release/bin/state-svc start]
[DEBUG Aug  2 08:18:34.790873929, locale.go:38] Init
[DEBUG Aug  2 08:18:34.943954462, errs.go:68] Created error: File could not be found
[DEBUG Aug  2 08:18:34.948807126, errs.go:68] Created error: Not Recognized
[DEBUG Aug  2 08:18:34.969239072, errs.go:68] Created error: Secret not found
[DEBUG Aug  2 08:18:34.969312401, errs.go:68] Created error: Could not save keypair
[DEBUG Aug  2 08:18:34.969598712, errs.go:68] Created error: Build responded with error
[DEBUG Aug  2 08:18:34.969653142, errs.go:68] Created error: Unknown build type
[DEBUG Aug  2 08:18:34.969833172, errors.go:86] Wrapped localized error: <nil> -- with: The installed version of the State Tool Service does not match that of the client.
Please stop the service with [ACTIONABLE]state-svc stop[/RESET] and try your command again.
If this issue persists please reinstall the State Tool.

[DEBUG Aug  2 08:18:34.969862844, errs.go:68] Created error: no data
[DEBUG Aug  2 08:18:34.969900995, errs.go:68] Created error: member not found
[DEBUG Aug  2 08:18:34.969936004, errs.go:68] Created error: Commit count is unknowable
[DEBUG Aug  2 08:18:34.969970875, errs.go:68] Created error: No merge required
[DEBUG Aug  2 08:18:34.970003858, errs.go:68] Created error: Can't merge commit thats already in target commits history
[DEBUG Aug  2 08:18:34.970051127, errs.go:68] Created error: Bad expander name
[DEBUG Aug  2 08:18:34.970094685, errs.go:68] Created error: Expander has no handler
[DEBUG Aug  2 08:18:34.975568833, errs.go:68] Created error: Service is already running
[DEBUG Aug  2 08:18:35.008060008, secrets.go:35] Gcloud Secretmanager failed to initialize (ignore if you're not trying to use gcloud): google: could not find default credentials. See https://developers.google.com/accounts/docs/application-default-credentials for more information.
[DEBUG Aug  2 08:18:35.011307445, output.go:53] Requested outputer for 
[DEBUG Aug  2 08:18:35.011333891, output.go:58] Using Plain outputer
[DEBUG Aug  2 08:18:35.011437692, termutils.go:17] Cannot get terminal size: inappropriate ioctl for device
[DEBUG Aug  2 08:18:35.011522400, client.go:128] Reporting event to 2 reporters: run-command, state-svc start, 
[DEBUG Aug  2 08:18:35.011653887, main.go:107] Running CmdStart
[DEBUG Aug  2 08:18:35.019506629, errs.go:75] Wrapped error: Service is already running -- with: valueF failed
[DEBUG Aug  2 08:18:35.019593943, errs.go:75] Wrapped error: valueF failed -- with: Could not store pid
[DEBUG Aug  2 08:18:35.019709640, errors.go:113] Wrapped input error: Could not store pid -- with: A State Service instance is already running in the background.
[DEBUG Aug  2 08:18:35.019742490, errs.go:75] Wrapped error: A State Service instance is already running in the background. -- with: Could not start serviceManager
[DEBUG Aug  2 08:18:35.019857811, client.go:128] Reporting event to 2 reporters: command-exit, state-svc start, 1
[DEBUG Aug  2 08:18:35.410576575, errs.go:75] Wrapped error: <nil> -- with: Could not start serviceManager: A State Service instance is already running in the background.: Could not store pid: valueF failed: Service is already running
[DEBUG Aug  2 08:18:35.410631308, main.go:61] state-svc errored out due to input: Could not start serviceManager: A State Service instance is already running in the background.: Could not store pid: valueF failed: Service is already running
