[DEBUG Aug  2 07:37:10.751033190, defaults.go:273] Args: [/home1/wangfeim/.local/ActiveState/StateTool/release/bin/state-svc start]
[DEBUG Aug  2 07:37:10.791827457, locale.go:38] Init
[DEBUG Aug  2 07:37:10.947243948, errs.go:68] Created error: File could not be found
[DEBUG Aug  2 07:37:10.950524151, errs.go:68] Created error: Not Recognized
[DEBUG Aug  2 07:37:10.985932894, errs.go:68] Created error: Secret not found
[DEBUG Aug  2 07:37:10.986011544, errs.go:68] Created error: Could not save keypair
[DEBUG Aug  2 07:37:10.986238115, errs.go:68] Created error: Build responded with error
[DEBUG Aug  2 07:37:10.986271332, errs.go:68] Created error: Unknown build type
[DEBUG Aug  2 07:37:10.986414189, errors.go:86] Wrapped localized error: <nil> -- with: The installed version of the State Tool Service does not match that of the client.
Please stop the service with [ACTIONABLE]state-svc stop[/RESET] and try your command again.
If this issue persists please reinstall the State Tool.

[DEBUG Aug  2 07:37:10.986436997, errs.go:68] Created error: no data
[DEBUG Aug  2 07:37:10.986469236, errs.go:68] Created error: member not found
[DEBUG Aug  2 07:37:10.986502654, errs.go:68] Created error: Commit count is unknowable
[DEBUG Aug  2 07:37:10.986527538, errs.go:68] Created error: No merge required
[DEBUG Aug  2 07:37:10.986571648, errs.go:68] Created error: Can't merge commit thats already in target commits history
[DEBUG Aug  2 07:37:10.986596821, errs.go:68] Created error: Bad expander name
[DEBUG Aug  2 07:37:10.986621663, errs.go:68] Created error: Expander has no handler
[DEBUG Aug  2 07:37:10.987841215, errs.go:68] Created error: Service is already running
[DEBUG Aug  2 07:37:11.017807866, secrets.go:35] Gcloud Secretmanager failed to initialize (ignore if you're not trying to use gcloud): google: could not find default credentials. See https://developers.google.com/accounts/docs/application-default-credentials for more information.
[DEBUG Aug  2 07:37:11.021600931, output.go:53] Requested outputer for 
[DEBUG Aug  2 07:37:11.021628169, output.go:58] Using Plain outputer
[DEBUG Aug  2 07:37:11.021723890, termutils.go:17] Cannot get terminal size: inappropriate ioctl for device
[DEBUG Aug  2 07:37:11.021818517, client.go:128] Reporting event to 2 reporters: run-command, state-svc start, 
[DEBUG Aug  2 07:37:11.021867798, main.go:107] Running CmdStart
[DEBUG Aug  2 07:37:11.027777394, errs.go:75] Wrapped error: Service is already running -- with: valueF failed
[DEBUG Aug  2 07:37:11.027840926, errs.go:75] Wrapped error: valueF failed -- with: Could not store pid
[DEBUG Aug  2 07:37:11.027922346, errors.go:113] Wrapped input error: Could not store pid -- with: A State Service instance is already running in the background.
[DEBUG Aug  2 07:37:11.027937266, errs.go:75] Wrapped error: A State Service instance is already running in the background. -- with: Could not start serviceManager
[DEBUG Aug  2 07:37:11.028007355, client.go:128] Reporting event to 2 reporters: command-exit, state-svc start, 1
[DEBUG Aug  2 07:37:11.457500127, errs.go:75] Wrapped error: <nil> -- with: Could not start serviceManager: A State Service instance is already running in the background.: Could not store pid: valueF failed: Service is already running
[DEBUG Aug  2 07:37:11.457574392, main.go:61] state-svc errored out due to input: Could not start serviceManager: A State Service instance is already running in the background.: Could not store pid: valueF failed: Service is already running
