[DEBUG Aug  2 08:02:43.434318250, defaults.go:273] Args: [/home1/wangfeim/.local/ActiveState/StateTool/release/bin/state-svc start]
[DEBUG Aug  2 08:02:43.448269141, locale.go:38] Init
[DEBUG Aug  2 08:02:43.557350026, errs.go:68] Created error: File could not be found
[DEBUG Aug  2 08:02:43.560457529, errs.go:68] Created error: Not Recognized
[DEBUG Aug  2 08:02:43.586904359, errs.go:68] Created error: Secret not found
[DEBUG Aug  2 08:02:43.586957754, errs.go:68] Created error: Could not save keypair
[DEBUG Aug  2 08:02:43.587128503, errs.go:68] Created error: Build responded with error
[DEBUG Aug  2 08:02:43.587157535, errs.go:68] Created error: Unknown build type
[DEBUG Aug  2 08:02:43.587291542, errors.go:86] Wrapped localized error: <nil> -- with: The installed version of the State Tool Service does not match that of the client.
Please stop the service with [ACTIONABLE]state-svc stop[/RESET] and try your command again.
If this issue persists please reinstall the State Tool.

[DEBUG Aug  2 08:02:43.587306362, errs.go:68] Created error: no data
[DEBUG Aug  2 08:02:43.587328279, errs.go:68] Created error: member not found
[DEBUG Aug  2 08:02:43.587354154, errs.go:68] Created error: Commit count is unknowable
[DEBUG Aug  2 08:02:43.587388296, errs.go:68] Created error: No merge required
[DEBUG Aug  2 08:02:43.587409549, errs.go:68] Created error: Can't merge commit thats already in target commits history
[DEBUG Aug  2 08:02:43.587450566, errs.go:68] Created error: Bad expander name
[DEBUG Aug  2 08:02:43.587472966, errs.go:68] Created error: Expander has no handler
[DEBUG Aug  2 08:02:43.588743185, errs.go:68] Created error: Service is already running
[DEBUG Aug  2 08:02:43.617567577, secrets.go:35] Gcloud Secretmanager failed to initialize (ignore if you're not trying to use gcloud): google: could not find default credentials. See https://developers.google.com/accounts/docs/application-default-credentials for more information.
[DEBUG Aug  2 08:02:43.620739686, output.go:53] Requested outputer for 
[DEBUG Aug  2 08:02:43.620764024, output.go:58] Using Plain outputer
[DEBUG Aug  2 08:02:43.620831547, termutils.go:17] Cannot get terminal size: inappropriate ioctl for device
[DEBUG Aug  2 08:02:43.620858429, client.go:128] Reporting event to 2 reporters: run-command, state-svc start, 
[DEBUG Aug  2 08:02:43.621006290, main.go:107] Running CmdStart
[DEBUG Aug  2 08:02:43.626947043, errs.go:75] Wrapped error: Service is already running -- with: valueF failed
[DEBUG Aug  2 08:02:43.627011144, errs.go:75] Wrapped error: valueF failed -- with: Could not store pid
[DEBUG Aug  2 08:02:43.627087698, errors.go:113] Wrapped input error: Could not store pid -- with: A State Service instance is already running in the background.
[DEBUG Aug  2 08:02:43.627101733, errs.go:75] Wrapped error: A State Service instance is already running in the background. -- with: Could not start serviceManager
[DEBUG Aug  2 08:02:43.627176822, client.go:128] Reporting event to 2 reporters: command-exit, state-svc start, 1
[DEBUG Aug  2 08:02:44.020856041, errs.go:75] Wrapped error: <nil> -- with: Could not start serviceManager: A State Service instance is already running in the background.: Could not store pid: valueF failed: Service is already running
[DEBUG Aug  2 08:02:44.020940546, main.go:61] state-svc errored out due to input: Could not start serviceManager: A State Service instance is already running in the background.: Could not store pid: valueF failed: Service is already running
