[DEBUG Aug  2 08:14:55.743167584, defaults.go:273] Args: [/home1/wangfeim/.local/ActiveState/StateTool/release/bin/state-svc start]
[DEBUG Aug  2 08:14:55.757633156, locale.go:38] Init
[DEBUG Aug  2 08:14:55.824564876, errs.go:68] Created error: File could not be found
[DEBUG Aug  2 08:14:55.827780600, errs.go:68] Created error: Not Recognized
[DEBUG Aug  2 08:14:55.850317257, errs.go:68] Created error: Secret not found
[DEBUG Aug  2 08:14:55.850370702, errs.go:68] Created error: Could not save keypair
[DEBUG Aug  2 08:14:55.850580150, errs.go:68] Created error: Build responded with error
[DEBUG Aug  2 08:14:55.850610622, errs.go:68] Created error: Unknown build type
[DEBUG Aug  2 08:14:55.850729522, errors.go:86] Wrapped localized error: <nil> -- with: The installed version of the State Tool Service does not match that of the client.
Please stop the service with [ACTIONABLE]state-svc stop[/RESET] and try your command again.
If this issue persists please reinstall the State Tool.

[DEBUG Aug  2 08:14:55.850744836, errs.go:68] Created error: no data
[DEBUG Aug  2 08:14:55.850769217, errs.go:68] Created error: member not found
[DEBUG Aug  2 08:14:55.850796569, errs.go:68] Created error: Commit count is unknowable
[DEBUG Aug  2 08:14:55.850825460, errs.go:68] Created error: No merge required
[DEBUG Aug  2 08:14:55.850854606, errs.go:68] Created error: Can't merge commit thats already in target commits history
[DEBUG Aug  2 08:14:55.850879827, errs.go:68] Created error: Bad expander name
[DEBUG Aug  2 08:14:55.850903393, errs.go:68] Created error: Expander has no handler
[DEBUG Aug  2 08:14:55.885553012, errs.go:68] Created error: Service is already running
[DEBUG Aug  2 08:14:55.913873582, secrets.go:35] Gcloud Secretmanager failed to initialize (ignore if you're not trying to use gcloud): google: could not find default credentials. See https://developers.google.com/accounts/docs/application-default-credentials for more information.
[DEBUG Aug  2 08:14:55.917402458, output.go:53] Requested outputer for 
[DEBUG Aug  2 08:14:55.917423307, output.go:58] Using Plain outputer
[DEBUG Aug  2 08:14:55.917483417, termutils.go:17] Cannot get terminal size: inappropriate ioctl for device
[DEBUG Aug  2 08:14:55.917584366, client.go:128] Reporting event to 2 reporters: run-command, state-svc start, 
[DEBUG Aug  2 08:14:55.917628437, main.go:107] Running CmdStart
[DEBUG Aug  2 08:14:55.923584259, errs.go:75] Wrapped error: Service is already running -- with: valueF failed
[DEBUG Aug  2 08:14:55.923644234, errs.go:75] Wrapped error: valueF failed -- with: Could not store pid
[DEBUG Aug  2 08:14:55.923717235, errors.go:113] Wrapped input error: Could not store pid -- with: A State Service instance is already running in the background.
[DEBUG Aug  2 08:14:55.923731135, errs.go:75] Wrapped error: A State Service instance is already running in the background. -- with: Could not start serviceManager
[DEBUG Aug  2 08:14:55.923788874, client.go:128] Reporting event to 2 reporters: command-exit, state-svc start, 1
[DEBUG Aug  2 08:14:56.285010039, errs.go:75] Wrapped error: <nil> -- with: Could not start serviceManager: A State Service instance is already running in the background.: Could not store pid: valueF failed: Service is already running
[DEBUG Aug  2 08:14:56.285087362, main.go:61] state-svc errored out due to input: Could not start serviceManager: A State Service instance is already running in the background.: Could not store pid: valueF failed: Service is already running
