[DEBUG Aug  2 07:54:30.996404547, defaults.go:273] Args: [/home1/wangfeim/.local/ActiveState/StateTool/release/bin/state-svc start]
[DEBUG Aug  2 07:54:31.011096816, locale.go:38] Init
[DEBUG Aug  2 07:54:31.055625574, errs.go:68] Created error: File could not be found
[DEBUG Aug  2 07:54:31.087031422, errs.go:68] Created error: Not Recognized
[DEBUG Aug  2 07:54:31.109556809, errs.go:68] Created error: Secret not found
[DEBUG Aug  2 07:54:31.109613433, errs.go:68] Created error: Could not save keypair
[DEBUG Aug  2 07:54:31.109789095, errs.go:68] Created error: Build responded with error
[DEBUG Aug  2 07:54:31.109839201, errs.go:68] Created error: Unknown build type
[DEBUG Aug  2 07:54:31.109958208, errors.go:86] Wrapped localized error: <nil> -- with: The installed version of the State Tool Service does not match that of the client.
Please stop the service with [ACTIONABLE]state-svc stop[/RESET] and try your command again.
If this issue persists please reinstall the State Tool.

[DEBUG Aug  2 07:54:31.109987963, errs.go:68] Created error: no data
[DEBUG Aug  2 07:54:31.110016385, errs.go:68] Created error: member not found
[DEBUG Aug  2 07:54:31.110048560, errs.go:68] Created error: Commit count is unknowable
[DEBUG Aug  2 07:54:31.110071040, errs.go:68] Created error: No merge required
[DEBUG Aug  2 07:54:31.110097196, errs.go:68] Created error: Can't merge commit thats already in target commits history
[DEBUG Aug  2 07:54:31.110120354, errs.go:68] Created error: Bad expander name
[DEBUG Aug  2 07:54:31.110142079, errs.go:68] Created error: Expander has no handler
[DEBUG Aug  2 07:54:31.111148881, errs.go:68] Created error: Service is already running
[DEBUG Aug  2 07:54:31.188661447, secrets.go:35] Gcloud Secretmanager failed to initialize (ignore if you're not trying to use gcloud): google: could not find default credentials. See https://developers.google.com/accounts/docs/application-default-credentials for more information.
[DEBUG Aug  2 07:54:31.191835125, output.go:53] Requested outputer for 
[DEBUG Aug  2 07:54:31.191858314, output.go:58] Using Plain outputer
[DEBUG Aug  2 07:54:31.191950744, termutils.go:17] Cannot get terminal size: inappropriate ioctl for device
[DEBUG Aug  2 07:54:31.192103580, client.go:128] Reporting event to 2 reporters: run-command, state-svc start, 
[DEBUG Aug  2 07:54:31.192231285, main.go:107] Running CmdStart
[DEBUG Aug  2 07:54:31.197508519, errs.go:75] Wrapped error: Service is already running -- with: valueF failed
[DEBUG Aug  2 07:54:31.197577007, errs.go:75] Wrapped error: valueF failed -- with: Could not store pid
[DEBUG Aug  2 07:54:31.197657874, errors.go:113] Wrapped input error: Could not store pid -- with: A State Service instance is already running in the background.
[DEBUG Aug  2 07:54:31.197673502, errs.go:75] Wrapped error: A State Service instance is already running in the background. -- with: Could not start serviceManager
[DEBUG Aug  2 07:54:31.197780412, client.go:128] Reporting event to 2 reporters: command-exit, state-svc start, 1
[DEBUG Aug  2 07:54:31.527566674, errs.go:75] Wrapped error: <nil> -- with: Could not start serviceManager: A State Service instance is already running in the background.: Could not store pid: valueF failed: Service is already running
[DEBUG Aug  2 07:54:31.527643688, main.go:61] state-svc errored out due to input: Could not start serviceManager: A State Service instance is already running in the background.: Could not store pid: valueF failed: Service is already running
