[DEBUG Aug  2 07:59:13.578391517, defaults.go:273] Args: [/home1/wangfeim/.local/ActiveState/StateTool/release/bin/state-svc start]
[DEBUG Aug  2 07:59:13.592930856, locale.go:38] Init
[DEBUG Aug  2 07:59:14.165625742, errs.go:68] Created error: File could not be found
[DEBUG Aug  2 07:59:14.168800270, errs.go:68] Created error: Not Recognized
[DEBUG Aug  2 07:59:14.190456255, errs.go:68] Created error: Secret not found
[DEBUG Aug  2 07:59:14.190516558, errs.go:68] Created error: Could not save keypair
[DEBUG Aug  2 07:59:14.190722164, errs.go:68] Created error: Build responded with error
[DEBUG Aug  2 07:59:14.190758321, errs.go:68] Created error: Unknown build type
[DEBUG Aug  2 07:59:14.190880901, errors.go:86] Wrapped localized error: <nil> -- with: The installed version of the State Tool Service does not match that of the client.
Please stop the service with [ACTIONABLE]state-svc stop[/RESET] and try your command again.
If this issue persists please reinstall the State Tool.

[DEBUG Aug  2 07:59:14.190894897, errs.go:68] Created error: no data
[DEBUG Aug  2 07:59:14.190919824, errs.go:68] Created error: member not found
[DEBUG Aug  2 07:59:14.190944894, errs.go:68] Created error: Commit count is unknowable
[DEBUG Aug  2 07:59:14.190969750, errs.go:68] Created error: No merge required
[DEBUG Aug  2 07:59:14.190994812, errs.go:68] Created error: Can't merge commit thats already in target commits history
[DEBUG Aug  2 07:59:14.191020426, errs.go:68] Created error: Bad expander name
[DEBUG Aug  2 07:59:14.191044792, errs.go:68] Created error: Expander has no handler
[DEBUG Aug  2 07:59:14.192222851, errs.go:68] Created error: Service is already running
[DEBUG Aug  2 07:59:14.227171386, secrets.go:35] Gcloud Secretmanager failed to initialize (ignore if you're not trying to use gcloud): google: could not find default credentials. See https://developers.google.com/accounts/docs/application-default-credentials for more information.
[DEBUG Aug  2 07:59:14.231962710, output.go:53] Requested outputer for 
[DEBUG Aug  2 07:59:14.231988223, output.go:58] Using Plain outputer
[DEBUG Aug  2 07:59:14.232066897, termutils.go:17] Cannot get terminal size: inappropriate ioctl for device
[DEBUG Aug  2 07:59:14.232171812, client.go:128] Reporting event to 2 reporters: run-command, state-svc start, 
[DEBUG Aug  2 07:59:14.232199247, main.go:107] Running CmdStart
[DEBUG Aug  2 07:59:14.240711664, errs.go:75] Wrapped error: Service is already running -- with: valueF failed
[DEBUG Aug  2 07:59:14.240916626, errs.go:75] Wrapped error: valueF failed -- with: Could not store pid
[DEBUG Aug  2 07:59:14.241382679, errors.go:113] Wrapped input error: Could not store pid -- with: A State Service instance is already running in the background.
[DEBUG Aug  2 07:59:14.241484050, errs.go:75] Wrapped error: A State Service instance is already running in the background. -- with: Could not start serviceManager
[DEBUG Aug  2 07:59:14.244647100, client.go:128] Reporting event to 2 reporters: command-exit, state-svc start, 1
[DEBUG Aug  2 07:59:14.610715378, errs.go:75] Wrapped error: <nil> -- with: Could not start serviceManager: A State Service instance is already running in the background.: Could not store pid: valueF failed: Service is already running
[DEBUG Aug  2 07:59:14.610776211, main.go:61] state-svc errored out due to input: Could not start serviceManager: A State Service instance is already running in the background.: Could not store pid: valueF failed: Service is already running
