[DEBUG Aug  2 08:01:38.394727057, defaults.go:273] Args: [/home1/wangfeim/.local/ActiveState/StateTool/release/bin/state-svc start]
[DEBUG Aug  2 08:01:38.408735138, locale.go:38] Init
[DEBUG Aug  2 08:01:38.450979026, errs.go:68] Created error: File could not be found
[DEBUG Aug  2 08:01:38.454064267, errs.go:68] Created error: Not Recognized
[DEBUG Aug  2 08:01:38.490914534, errs.go:68] Created error: Secret not found
[DEBUG Aug  2 08:01:38.490975479, errs.go:68] Created error: Could not save keypair
[DEBUG Aug  2 08:01:38.491155829, errs.go:68] Created error: Build responded with error
[DEBUG Aug  2 08:01:38.491190997, errs.go:68] Created error: Unknown build type
[DEBUG Aug  2 08:01:38.491304814, errors.go:86] Wrapped localized error: <nil> -- with: The installed version of the State Tool Service does not match that of the client.
Please stop the service with [ACTIONABLE]state-svc stop[/RESET] and try your command again.
If this issue persists please reinstall the State Tool.

[DEBUG Aug  2 08:01:38.491320787, errs.go:68] Created error: no data
[DEBUG Aug  2 08:01:38.491346203, errs.go:68] Created error: member not found
[DEBUG Aug  2 08:01:38.491370643, errs.go:68] Created error: Commit count is unknowable
[DEBUG Aug  2 08:01:38.491395169, errs.go:68] Created error: No merge required
[DEBUG Aug  2 08:01:38.491423597, errs.go:68] Created error: Can't merge commit thats already in target commits history
[DEBUG Aug  2 08:01:38.491449703, errs.go:68] Created error: Bad expander name
[DEBUG Aug  2 08:01:38.491473056, errs.go:68] Created error: Expander has no handler
[DEBUG Aug  2 08:01:38.492589525, errs.go:68] Created error: Service is already running
[DEBUG Aug  2 08:01:38.518898901, secrets.go:35] Gcloud Secretmanager failed to initialize (ignore if you're not trying to use gcloud): google: could not find default credentials. See https://developers.google.com/accounts/docs/application-default-credentials for more information.
[DEBUG Aug  2 08:01:38.522133010, output.go:53] Requested outputer for 
[DEBUG Aug  2 08:01:38.522155070, output.go:58] Using Plain outputer
[DEBUG Aug  2 08:01:38.522241191, termutils.go:17] Cannot get terminal size: inappropriate ioctl for device
[DEBUG Aug  2 08:01:38.522320871, client.go:128] Reporting event to 2 reporters: run-command, state-svc start, 
[DEBUG Aug  2 08:01:38.522371185, main.go:107] Running CmdStart
[DEBUG Aug  2 08:01:38.528021431, errs.go:75] Wrapped error: Service is already running -- with: valueF failed
[DEBUG Aug  2 08:01:38.528075015, errs.go:75] Wrapped error: valueF failed -- with: Could not store pid
[DEBUG Aug  2 08:01:38.528150614, errors.go:113] Wrapped input error: Could not store pid -- with: A State Service instance is already running in the background.
[DEBUG Aug  2 08:01:38.528165337, errs.go:75] Wrapped error: A State Service instance is already running in the background. -- with: Could not start serviceManager
[DEBUG Aug  2 08:01:38.528261226, client.go:128] Reporting event to 2 reporters: command-exit, state-svc start, 1
[DEBUG Aug  2 08:01:38.886783058, errs.go:75] Wrapped error: <nil> -- with: Could not start serviceManager: A State Service instance is already running in the background.: Could not store pid: valueF failed: Service is already running
[DEBUG Aug  2 08:01:38.886864964, main.go:61] state-svc errored out due to input: Could not start serviceManager: A State Service instance is already running in the background.: Could not store pid: valueF failed: Service is already running
