[DEBUG Aug  2 07:52:55.944826068, defaults.go:273] Args: [/home1/wangfeim/.local/ActiveState/StateTool/release/bin/state-svc start]
[DEBUG Aug  2 07:52:55.958238973, locale.go:38] Init
[DEBUG Aug  2 07:52:55.999798791, errs.go:68] Created error: File could not be found
[DEBUG Aug  2 07:52:56.002704203, errs.go:68] Created error: Not Recognized
[DEBUG Aug  2 07:52:56.023843510, errs.go:68] Created error: Secret not found
[DEBUG Aug  2 07:52:56.023913878, errs.go:68] Created error: Could not save keypair
[DEBUG Aug  2 07:52:56.024492671, errs.go:68] Created error: Build responded with error
[DEBUG Aug  2 07:52:56.024605202, errs.go:68] Created error: Unknown build type
[DEBUG Aug  2 07:52:56.024872231, errors.go:86] Wrapped localized error: <nil> -- with: The installed version of the State Tool Service does not match that of the client.
Please stop the service with [ACTIONABLE]state-svc stop[/RESET] and try your command again.
If this issue persists please reinstall the State Tool.

[DEBUG Aug  2 07:52:56.024907351, errs.go:68] Created error: no data
[DEBUG Aug  2 07:52:56.024956954, errs.go:68] Created error: member not found
[DEBUG Aug  2 07:52:56.025007059, errs.go:68] Created error: Commit count is unknowable
[DEBUG Aug  2 07:52:56.025069298, errs.go:68] Created error: No merge required
[DEBUG Aug  2 07:52:56.025130058, errs.go:68] Created error: Can't merge commit thats already in target commits history
[DEBUG Aug  2 07:52:56.025183681, errs.go:68] Created error: Bad expander name
[DEBUG Aug  2 07:52:56.025391549, errs.go:68] Created error: Expander has no handler
[DEBUG Aug  2 07:52:56.027290110, errs.go:68] Created error: Service is already running
[DEBUG Aug  2 07:52:56.085898678, secrets.go:35] Gcloud Secretmanager failed to initialize (ignore if you're not trying to use gcloud): google: could not find default credentials. See https://developers.google.com/accounts/docs/application-default-credentials for more information.
[DEBUG Aug  2 07:52:56.089825671, output.go:53] Requested outputer for 
[DEBUG Aug  2 07:52:56.089855873, output.go:58] Using Plain outputer
[DEBUG Aug  2 07:52:56.089928156, termutils.go:17] Cannot get terminal size: inappropriate ioctl for device
[DEBUG Aug  2 07:52:56.090051053, client.go:128] Reporting event to 2 reporters: run-command, state-svc start, 
[DEBUG Aug  2 07:52:56.090073420, main.go:107] Running CmdStart
[DEBUG Aug  2 07:52:56.096386548, errs.go:75] Wrapped error: Service is already running -- with: valueF failed
[DEBUG Aug  2 07:52:56.096448516, errs.go:75] Wrapped error: valueF failed -- with: Could not store pid
[DEBUG Aug  2 07:52:56.096517717, errors.go:113] Wrapped input error: Could not store pid -- with: A State Service instance is already running in the background.
[DEBUG Aug  2 07:52:56.096531666, errs.go:75] Wrapped error: A State Service instance is already running in the background. -- with: Could not start serviceManager
[DEBUG Aug  2 07:52:56.096624402, client.go:128] Reporting event to 2 reporters: command-exit, state-svc start, 1
[DEBUG Aug  2 07:52:56.433847496, errs.go:75] Wrapped error: <nil> -- with: Could not start serviceManager: A State Service instance is already running in the background.: Could not store pid: valueF failed: Service is already running
[DEBUG Aug  2 07:52:56.433993203, main.go:61] state-svc errored out due to input: Could not start serviceManager: A State Service instance is already running in the background.: Could not store pid: valueF failed: Service is already running
