[DEBUG Aug  2 07:50:38.741130216, defaults.go:273] Args: [/home1/wangfeim/.local/ActiveState/StateTool/release/bin/state-svc start]
[DEBUG Aug  2 07:50:38.755689638, locale.go:38] Init
[DEBUG Aug  2 07:50:38.817166489, errs.go:68] Created error: File could not be found
[DEBUG Aug  2 07:50:38.820371066, errs.go:68] Created error: Not Recognized
[DEBUG Aug  2 07:50:38.885144575, errs.go:68] Created error: Secret not found
[DEBUG Aug  2 07:50:38.885210375, errs.go:68] Created error: Could not save keypair
[DEBUG Aug  2 07:50:38.885391169, errs.go:68] Created error: Build responded with error
[DEBUG Aug  2 07:50:38.885447585, errs.go:68] Created error: Unknown build type
[DEBUG Aug  2 07:50:38.885599248, errors.go:86] Wrapped localized error: <nil> -- with: The installed version of the State Tool Service does not match that of the client.
Please stop the service with [ACTIONABLE]state-svc stop[/RESET] and try your command again.
If this issue persists please reinstall the State Tool.

[DEBUG Aug  2 07:50:38.885617262, errs.go:68] Created error: no data
[DEBUG Aug  2 07:50:38.885648900, errs.go:68] Created error: member not found
[DEBUG Aug  2 07:50:38.885683349, errs.go:68] Created error: Commit count is unknowable
[DEBUG Aug  2 07:50:38.885714606, errs.go:68] Created error: No merge required
[DEBUG Aug  2 07:50:38.885739138, errs.go:68] Created error: Can't merge commit thats already in target commits history
[DEBUG Aug  2 07:50:38.885782355, errs.go:68] Created error: Bad expander name
[DEBUG Aug  2 07:50:38.885807415, errs.go:68] Created error: Expander has no handler
[DEBUG Aug  2 07:50:38.886978650, errs.go:68] Created error: Service is already running
[DEBUG Aug  2 07:50:38.917026503, secrets.go:35] Gcloud Secretmanager failed to initialize (ignore if you're not trying to use gcloud): google: could not find default credentials. See https://developers.google.com/accounts/docs/application-default-credentials for more information.
[DEBUG Aug  2 07:50:38.922935902, output.go:53] Requested outputer for 
[DEBUG Aug  2 07:50:38.922963840, output.go:58] Using Plain outputer
[DEBUG Aug  2 07:50:38.923054135, termutils.go:17] Cannot get terminal size: inappropriate ioctl for device
[DEBUG Aug  2 07:50:38.923171563, client.go:128] Reporting event to 2 reporters: run-command, state-svc start, 
[DEBUG Aug  2 07:50:38.923192762, main.go:107] Running CmdStart
[DEBUG Aug  2 07:50:38.930204737, errs.go:75] Wrapped error: Service is already running -- with: valueF failed
[DEBUG Aug  2 07:50:38.930273262, errs.go:75] Wrapped error: valueF failed -- with: Could not store pid
[DEBUG Aug  2 07:50:38.930350106, errors.go:113] Wrapped input error: Could not store pid -- with: A State Service instance is already running in the background.
[DEBUG Aug  2 07:50:38.930365008, errs.go:75] Wrapped error: A State Service instance is already running in the background. -- with: Could not start serviceManager
[DEBUG Aug  2 07:50:38.930431803, client.go:128] Reporting event to 2 reporters: command-exit, state-svc start, 1
[DEBUG Aug  2 07:50:39.291509842, errs.go:75] Wrapped error: <nil> -- with: Could not start serviceManager: A State Service instance is already running in the background.: Could not store pid: valueF failed: Service is already running
[DEBUG Aug  2 07:50:39.291573727, main.go:61] state-svc errored out due to input: Could not start serviceManager: A State Service instance is already running in the background.: Could not store pid: valueF failed: Service is already running
