[DEBUG Aug  2 08:09:07.504697498, defaults.go:273] Args: [/home1/wangfeim/.local/ActiveState/StateTool/release/bin/state-svc start]
[DEBUG Aug  2 08:09:07.517957055, locale.go:38] Init
[DEBUG Aug  2 08:09:07.562147836, errs.go:68] Created error: File could not be found
[DEBUG Aug  2 08:09:07.565395463, errs.go:68] Created error: Not Recognized
[DEBUG Aug  2 08:09:07.602829293, errs.go:68] Created error: Secret not found
[DEBUG Aug  2 08:09:07.602913019, errs.go:68] Created error: Could not save keypair
[DEBUG Aug  2 08:09:07.603109053, errs.go:68] Created error: Build responded with error
[DEBUG Aug  2 08:09:07.603141579, errs.go:68] Created error: Unknown build type
[DEBUG Aug  2 08:09:07.603284719, errors.go:86] Wrapped localized error: <nil> -- with: The installed version of the State Tool Service does not match that of the client.
Please stop the service with [ACTIONABLE]state-svc stop[/RESET] and try your command again.
If this issue persists please reinstall the State Tool.

[DEBUG Aug  2 08:09:07.603301396, errs.go:68] Created error: no data
[DEBUG Aug  2 08:09:07.603325053, errs.go:68] Created error: member not found
[DEBUG Aug  2 08:09:07.603346547, errs.go:68] Created error: Commit count is unknowable
[DEBUG Aug  2 08:09:07.603367702, errs.go:68] Created error: No merge required
[DEBUG Aug  2 08:09:07.603388600, errs.go:68] Created error: Can't merge commit thats already in target commits history
[DEBUG Aug  2 08:09:07.603417290, errs.go:68] Created error: Bad expander name
[DEBUG Aug  2 08:09:07.603439923, errs.go:68] Created error: Expander has no handler
[DEBUG Aug  2 08:09:07.604580022, errs.go:68] Created error: Service is already running
[DEBUG Aug  2 08:09:07.636815336, secrets.go:35] Gcloud Secretmanager failed to initialize (ignore if you're not trying to use gcloud): google: could not find default credentials. See https://developers.google.com/accounts/docs/application-default-credentials for more information.
[DEBUG Aug  2 08:09:07.640154910, output.go:53] Requested outputer for 
[DEBUG Aug  2 08:09:07.640179282, output.go:58] Using Plain outputer
[DEBUG Aug  2 08:09:07.640262977, termutils.go:17] Cannot get terminal size: inappropriate ioctl for device
[DEBUG Aug  2 08:09:07.640396033, main.go:107] Running CmdStart
[DEBUG Aug  2 08:09:07.684658158, client.go:128] Reporting event to 2 reporters: run-command, state-svc start, 
[DEBUG Aug  2 08:09:07.687631941, errs.go:75] Wrapped error: Service is already running -- with: valueF failed
[DEBUG Aug  2 08:09:07.687691930, errs.go:75] Wrapped error: valueF failed -- with: Could not store pid
[DEBUG Aug  2 08:09:07.687777918, errors.go:113] Wrapped input error: Could not store pid -- with: A State Service instance is already running in the background.
[DEBUG Aug  2 08:09:07.687792956, errs.go:75] Wrapped error: A State Service instance is already running in the background. -- with: Could not start serviceManager
[DEBUG Aug  2 08:09:07.687885335, client.go:128] Reporting event to 2 reporters: command-exit, state-svc start, 1
[DEBUG Aug  2 08:09:08.021160262, errs.go:75] Wrapped error: <nil> -- with: Could not start serviceManager: A State Service instance is already running in the background.: Could not store pid: valueF failed: Service is already running
[DEBUG Aug  2 08:09:08.021267037, main.go:61] state-svc errored out due to input: Could not start serviceManager: A State Service instance is already running in the background.: Could not store pid: valueF failed: Service is already running
