[DEBUG Aug  2 08:05:08.291011455, defaults.go:273] Args: [/home1/wangfeim/.local/ActiveState/StateTool/release/bin/state-svc start]
[DEBUG Aug  2 08:05:08.308206917, locale.go:38] Init
[DEBUG Aug  2 08:05:08.441940325, errs.go:68] Created error: File could not be found
[DEBUG Aug  2 08:05:08.445095396, errs.go:68] Created error: Not Recognized
[DEBUG Aug  2 08:05:08.484878475, errs.go:68] Created error: Secret not found
[DEBUG Aug  2 08:05:08.484976289, errs.go:68] Created error: Could not save keypair
[DEBUG Aug  2 08:05:08.485295722, errs.go:68] Created error: Build responded with error
[DEBUG Aug  2 08:05:08.485586640, errs.go:68] Created error: Unknown build type
[DEBUG Aug  2 08:05:08.485759256, errors.go:86] Wrapped localized error: <nil> -- with: The installed version of the State Tool Service does not match that of the client.
Please stop the service with [ACTIONABLE]state-svc stop[/RESET] and try your command again.
If this issue persists please reinstall the State Tool.

[DEBUG Aug  2 08:05:08.485780249, errs.go:68] Created error: no data
[DEBUG Aug  2 08:05:08.485808296, errs.go:68] Created error: member not found
[DEBUG Aug  2 08:05:08.485834543, errs.go:68] Created error: Commit count is unknowable
[DEBUG Aug  2 08:05:08.485860719, errs.go:68] Created error: No merge required
[DEBUG Aug  2 08:05:08.485885716, errs.go:68] Created error: Can't merge commit thats already in target commits history
[DEBUG Aug  2 08:05:08.485915987, errs.go:68] Created error: Bad expander name
[DEBUG Aug  2 08:05:08.485947602, errs.go:68] Created error: Expander has no handler
[DEBUG Aug  2 08:05:08.487112259, errs.go:68] Created error: Service is already running
[DEBUG Aug  2 08:05:08.516238251, secrets.go:35] Gcloud Secretmanager failed to initialize (ignore if you're not trying to use gcloud): google: could not find default credentials. See https://developers.google.com/accounts/docs/application-default-credentials for more information.
[DEBUG Aug  2 08:05:08.519773140, output.go:53] Requested outputer for 
[DEBUG Aug  2 08:05:08.519799869, output.go:58] Using Plain outputer
[DEBUG Aug  2 08:05:08.519869448, termutils.go:17] Cannot get terminal size: inappropriate ioctl for device
[DEBUG Aug  2 08:05:08.520084489, client.go:128] Reporting event to 2 reporters: run-command, state-svc start, 
[DEBUG Aug  2 08:05:08.520231518, main.go:107] Running CmdStart
[DEBUG Aug  2 08:05:08.526521385, errs.go:75] Wrapped error: Service is already running -- with: valueF failed
[DEBUG Aug  2 08:05:08.526592804, errs.go:75] Wrapped error: valueF failed -- with: Could not store pid
[DEBUG Aug  2 08:05:08.526679340, errors.go:113] Wrapped input error: Could not store pid -- with: A State Service instance is already running in the background.
[DEBUG Aug  2 08:05:08.526693816, errs.go:75] Wrapped error: A State Service instance is already running in the background. -- with: Could not start serviceManager
[DEBUG Aug  2 08:05:08.526770956, client.go:128] Reporting event to 2 reporters: command-exit, state-svc start, 1
[DEBUG Aug  2 08:05:08.905708835, errs.go:75] Wrapped error: <nil> -- with: Could not start serviceManager: A State Service instance is already running in the background.: Could not store pid: valueF failed: Service is already running
[DEBUG Aug  2 08:05:08.905777055, main.go:61] state-svc errored out due to input: Could not start serviceManager: A State Service instance is already running in the background.: Could not store pid: valueF failed: Service is already running
