[DEBUG Aug  2 07:38:12.742114319, defaults.go:273] Args: [/home1/wangfeim/.local/ActiveState/StateTool/release/bin/state-svc start]
[DEBUG Aug  2 07:38:12.755760212, locale.go:38] Init
[DEBUG Aug  2 07:38:12.806277497, errs.go:68] Created error: File could not be found
[DEBUG Aug  2 07:38:12.809310895, errs.go:68] Created error: Not Recognized
[DEBUG Aug  2 07:38:12.828820004, errs.go:68] Created error: Secret not found
[DEBUG Aug  2 07:38:12.828961363, errs.go:68] Created error: Could not save keypair
[DEBUG Aug  2 07:38:12.829393300, errs.go:68] Created error: Build responded with error
[DEBUG Aug  2 07:38:12.829456766, errs.go:68] Created error: Unknown build type
[DEBUG Aug  2 07:38:12.829626315, errors.go:86] Wrapped localized error: <nil> -- with: The installed version of the State Tool Service does not match that of the client.
Please stop the service with [ACTIONABLE]state-svc stop[/RESET] and try your command again.
If this issue persists please reinstall the State Tool.

[DEBUG Aug  2 07:38:12.829663545, errs.go:68] Created error: no data
[DEBUG Aug  2 07:38:12.829698475, errs.go:68] Created error: member not found
[DEBUG Aug  2 07:38:12.829736902, errs.go:68] Created error: Commit count is unknowable
[DEBUG Aug  2 07:38:12.829774153, errs.go:68] Created error: No merge required
[DEBUG Aug  2 07:38:12.829807203, errs.go:68] Created error: Can't merge commit thats already in target commits history
[DEBUG Aug  2 07:38:12.829841595, errs.go:68] Created error: Bad expander name
[DEBUG Aug  2 07:38:12.829875637, errs.go:68] Created error: Expander has no handler
[DEBUG Aug  2 07:38:12.831645347, errs.go:68] Created error: Service is already running
[DEBUG Aug  2 07:38:12.886768648, secrets.go:35] Gcloud Secretmanager failed to initialize (ignore if you're not trying to use gcloud): google: could not find default credentials. See https://developers.google.com/accounts/docs/application-default-credentials for more information.
[DEBUG Aug  2 07:38:12.890775937, output.go:53] Requested outputer for 
[DEBUG Aug  2 07:38:12.890796743, output.go:58] Using Plain outputer
[DEBUG Aug  2 07:38:12.890856390, termutils.go:17] Cannot get terminal size: inappropriate ioctl for device
[DEBUG Aug  2 07:38:12.891019465, client.go:128] Reporting event to 2 reporters: run-command, state-svc start, 
[DEBUG Aug  2 07:38:12.891030342, main.go:107] Running CmdStart
[DEBUG Aug  2 07:38:12.897075986, errs.go:75] Wrapped error: Service is already running -- with: valueF failed
[DEBUG Aug  2 07:38:12.897132641, errs.go:75] Wrapped error: valueF failed -- with: Could not store pid
[DEBUG Aug  2 07:38:12.897202454, errors.go:113] Wrapped input error: Could not store pid -- with: A State Service instance is already running in the background.
[DEBUG Aug  2 07:38:12.897215941, errs.go:75] Wrapped error: A State Service instance is already running in the background. -- with: Could not start serviceManager
[DEBUG Aug  2 07:38:12.897293043, client.go:128] Reporting event to 2 reporters: command-exit, state-svc start, 1
[DEBUG Aug  2 07:38:13.284852154, errs.go:75] Wrapped error: <nil> -- with: Could not start serviceManager: A State Service instance is already running in the background.: Could not store pid: valueF failed: Service is already running
[DEBUG Aug  2 07:38:13.284921416, main.go:61] state-svc errored out due to input: Could not start serviceManager: A State Service instance is already running in the background.: Could not store pid: valueF failed: Service is already running
