[DEBUG Aug  2 07:51:56.934971803, defaults.go:273] Args: [/home1/wangfeim/.local/ActiveState/StateTool/release/bin/state-svc start]
[DEBUG Aug  2 07:51:56.949381682, locale.go:38] Init
[DEBUG Aug  2 07:51:57.013597536, errs.go:68] Created error: File could not be found
[DEBUG Aug  2 07:51:57.016313007, errs.go:68] Created error: Not Recognized
[DEBUG Aug  2 07:51:57.037874257, errs.go:68] Created error: Secret not found
[DEBUG Aug  2 07:51:57.037926837, errs.go:68] Created error: Could not save keypair
[DEBUG Aug  2 07:51:57.038100241, errs.go:68] Created error: Build responded with error
[DEBUG Aug  2 07:51:57.038129168, errs.go:68] Created error: Unknown build type
[DEBUG Aug  2 07:51:57.038254808, errors.go:86] Wrapped localized error: <nil> -- with: The installed version of the State Tool Service does not match that of the client.
Please stop the service with [ACTIONABLE]state-svc stop[/RESET] and try your command again.
If this issue persists please reinstall the State Tool.

[DEBUG Aug  2 07:51:57.038270634, errs.go:68] Created error: no data
[DEBUG Aug  2 07:51:57.038294956, errs.go:68] Created error: member not found
[DEBUG Aug  2 07:51:57.038326145, errs.go:68] Created error: Commit count is unknowable
[DEBUG Aug  2 07:51:57.038355413, errs.go:68] Created error: No merge required
[DEBUG Aug  2 07:51:57.038378847, errs.go:68] Created error: Can't merge commit thats already in target commits history
[DEBUG Aug  2 07:51:57.038402944, errs.go:68] Created error: Bad expander name
[DEBUG Aug  2 07:51:57.038425657, errs.go:68] Created error: Expander has no handler
[DEBUG Aug  2 07:51:57.039682302, errs.go:68] Created error: Service is already running
[DEBUG Aug  2 07:51:57.101509083, secrets.go:35] Gcloud Secretmanager failed to initialize (ignore if you're not trying to use gcloud): google: could not find default credentials. See https://developers.google.com/accounts/docs/application-default-credentials for more information.
[DEBUG Aug  2 07:51:57.107101865, output.go:53] Requested outputer for 
[DEBUG Aug  2 07:51:57.107125497, output.go:58] Using Plain outputer
[DEBUG Aug  2 07:51:57.107185483, termutils.go:17] Cannot get terminal size: inappropriate ioctl for device
[DEBUG Aug  2 07:51:57.107285035, client.go:128] Reporting event to 2 reporters: run-command, state-svc start, 
[DEBUG Aug  2 07:51:57.107339543, main.go:107] Running CmdStart
[DEBUG Aug  2 07:51:57.113219347, errs.go:75] Wrapped error: Service is already running -- with: valueF failed
[DEBUG Aug  2 07:51:57.113275054, errs.go:75] Wrapped error: valueF failed -- with: Could not store pid
[DEBUG Aug  2 07:51:57.113358810, errors.go:113] Wrapped input error: Could not store pid -- with: A State Service instance is already running in the background.
[DEBUG Aug  2 07:51:57.113377984, errs.go:75] Wrapped error: A State Service instance is already running in the background. -- with: Could not start serviceManager
[DEBUG Aug  2 07:51:57.113473088, client.go:128] Reporting event to 2 reporters: command-exit, state-svc start, 1
[DEBUG Aug  2 07:51:57.485020997, errs.go:75] Wrapped error: <nil> -- with: Could not start serviceManager: A State Service instance is already running in the background.: Could not store pid: valueF failed: Service is already running
[DEBUG Aug  2 07:51:57.485102866, main.go:61] state-svc errored out due to input: Could not start serviceManager: A State Service instance is already running in the background.: Could not store pid: valueF failed: Service is already running
