[DEBUG Aug  2 07:53:43.336578494, defaults.go:273] Args: [/home1/wangfeim/.local/ActiveState/StateTool/release/bin/state-svc start]
[DEBUG Aug  2 07:53:43.350841232, locale.go:38] Init
[DEBUG Aug  2 07:53:43.418175441, errs.go:68] Created error: File could not be found
[DEBUG Aug  2 07:53:43.421385033, errs.go:68] Created error: Not Recognized
[DEBUG Aug  2 07:53:43.486069403, errs.go:68] Created error: Secret not found
[DEBUG Aug  2 07:53:43.486123023, errs.go:68] Created error: Could not save keypair
[DEBUG Aug  2 07:53:43.486280363, errs.go:68] Created error: Build responded with error
[DEBUG Aug  2 07:53:43.486306208, errs.go:68] Created error: Unknown build type
[DEBUG Aug  2 07:53:43.486426135, errors.go:86] Wrapped localized error: <nil> -- with: The installed version of the State Tool Service does not match that of the client.
Please stop the service with [ACTIONABLE]state-svc stop[/RESET] and try your command again.
If this issue persists please reinstall the State Tool.

[DEBUG Aug  2 07:53:43.486441134, errs.go:68] Created error: no data
[DEBUG Aug  2 07:53:43.486464079, errs.go:68] Created error: member not found
[DEBUG Aug  2 07:53:43.486484527, errs.go:68] Created error: Commit count is unknowable
[DEBUG Aug  2 07:53:43.486506813, errs.go:68] Created error: No merge required
[DEBUG Aug  2 07:53:43.486527948, errs.go:68] Created error: Can't merge commit thats already in target commits history
[DEBUG Aug  2 07:53:43.486567056, errs.go:68] Created error: Bad expander name
[DEBUG Aug  2 07:53:43.486589172, errs.go:68] Created error: Expander has no handler
[DEBUG Aug  2 07:53:43.487886081, errs.go:68] Created error: Service is already running
[DEBUG Aug  2 07:53:43.517005230, secrets.go:35] Gcloud Secretmanager failed to initialize (ignore if you're not trying to use gcloud): google: could not find default credentials. See https://developers.google.com/accounts/docs/application-default-credentials for more information.
[DEBUG Aug  2 07:53:43.520033814, output.go:53] Requested outputer for 
[DEBUG Aug  2 07:53:43.520055550, output.go:58] Using Plain outputer
[DEBUG Aug  2 07:53:43.520126209, termutils.go:17] Cannot get terminal size: inappropriate ioctl for device
[DEBUG Aug  2 07:53:43.520226573, client.go:128] Reporting event to 2 reporters: run-command, state-svc start, 
[DEBUG Aug  2 07:53:43.520299342, main.go:107] Running CmdStart
[DEBUG Aug  2 07:53:43.525956065, errs.go:75] Wrapped error: Service is already running -- with: valueF failed
[DEBUG Aug  2 07:53:43.526013679, errs.go:75] Wrapped error: valueF failed -- with: Could not store pid
[DEBUG Aug  2 07:53:43.526086781, errors.go:113] Wrapped input error: Could not store pid -- with: A State Service instance is already running in the background.
[DEBUG Aug  2 07:53:43.526101378, errs.go:75] Wrapped error: A State Service instance is already running in the background. -- with: Could not start serviceManager
[DEBUG Aug  2 07:53:43.526169448, client.go:128] Reporting event to 2 reporters: command-exit, state-svc start, 1
[DEBUG Aug  2 07:53:43.893729530, errs.go:75] Wrapped error: <nil> -- with: Could not start serviceManager: A State Service instance is already running in the background.: Could not store pid: valueF failed: Service is already running
[DEBUG Aug  2 07:53:43.893796257, main.go:61] state-svc errored out due to input: Could not start serviceManager: A State Service instance is already running in the background.: Could not store pid: valueF failed: Service is already running
