[DEBUG Aug  2 07:54:59.329743878, defaults.go:273] Args: [/home1/wangfeim/.local/ActiveState/StateTool/release/bin/state-svc start]
[DEBUG Aug  2 07:54:59.343707798, locale.go:38] Init
[DEBUG Aug  2 07:54:59.570681689, errs.go:68] Created error: File could not be found
[DEBUG Aug  2 07:54:59.573998994, errs.go:68] Created error: Not Recognized
[DEBUG Aug  2 07:54:59.595986751, errs.go:68] Created error: Secret not found
[DEBUG Aug  2 07:54:59.596048433, errs.go:68] Created error: Could not save keypair
[DEBUG Aug  2 07:54:59.596251273, errs.go:68] Created error: Build responded with error
[DEBUG Aug  2 07:54:59.596287536, errs.go:68] Created error: Unknown build type
[DEBUG Aug  2 07:54:59.596414536, errors.go:86] Wrapped localized error: <nil> -- with: The installed version of the State Tool Service does not match that of the client.
Please stop the service with [ACTIONABLE]state-svc stop[/RESET] and try your command again.
If this issue persists please reinstall the State Tool.

[DEBUG Aug  2 07:54:59.596430956, errs.go:68] Created error: no data
[DEBUG Aug  2 07:54:59.596456031, errs.go:68] Created error: member not found
[DEBUG Aug  2 07:54:59.596480617, errs.go:68] Created error: Commit count is unknowable
[DEBUG Aug  2 07:54:59.596503454, errs.go:68] Created error: No merge required
[DEBUG Aug  2 07:54:59.596531081, errs.go:68] Created error: Can't merge commit thats already in target commits history
[DEBUG Aug  2 07:54:59.596563333, errs.go:68] Created error: Bad expander name
[DEBUG Aug  2 07:54:59.596590747, errs.go:68] Created error: Expander has no handler
[DEBUG Aug  2 07:54:59.597662518, errs.go:68] Created error: Service is already running
[DEBUG Aug  2 07:54:59.627115846, secrets.go:35] Gcloud Secretmanager failed to initialize (ignore if you're not trying to use gcloud): google: could not find default credentials. See https://developers.google.com/accounts/docs/application-default-credentials for more information.
[DEBUG Aug  2 07:54:59.630368147, output.go:53] Requested outputer for 
[DEBUG Aug  2 07:54:59.630393504, output.go:58] Using Plain outputer
[DEBUG Aug  2 07:54:59.630469942, termutils.go:17] Cannot get terminal size: inappropriate ioctl for device
[DEBUG Aug  2 07:54:59.630621223, client.go:128] Reporting event to 2 reporters: run-command, state-svc start, 
[DEBUG Aug  2 07:54:59.630647513, main.go:107] Running CmdStart
[DEBUG Aug  2 07:54:59.691415414, errs.go:75] Wrapped error: Service is already running -- with: valueF failed
[DEBUG Aug  2 07:54:59.691511319, errs.go:75] Wrapped error: valueF failed -- with: Could not store pid
[DEBUG Aug  2 07:54:59.691608578, errors.go:113] Wrapped input error: Could not store pid -- with: A State Service instance is already running in the background.
[DEBUG Aug  2 07:54:59.691625022, errs.go:75] Wrapped error: A State Service instance is already running in the background. -- with: Could not start serviceManager
[DEBUG Aug  2 07:54:59.691758313, client.go:128] Reporting event to 2 reporters: command-exit, state-svc start, 1
[DEBUG Aug  2 07:55:00.016505820, errs.go:75] Wrapped error: <nil> -- with: Could not start serviceManager: A State Service instance is already running in the background.: Could not store pid: valueF failed: Service is already running
[DEBUG Aug  2 07:55:00.016582822, main.go:61] state-svc errored out due to input: Could not start serviceManager: A State Service instance is already running in the background.: Could not store pid: valueF failed: Service is already running
