[DEBUG Aug  2 07:48:03.995906551, defaults.go:273] Args: [/home1/wangfeim/.local/ActiveState/StateTool/release/bin/state-svc start]
[DEBUG Aug  2 07:48:04.010033753, locale.go:38] Init
[DEBUG Aug  2 07:48:04.091080448, errs.go:68] Created error: File could not be found
[DEBUG Aug  2 07:48:04.093803143, errs.go:68] Created error: Not Recognized
[DEBUG Aug  2 07:48:04.113806409, errs.go:68] Created error: Secret not found
[DEBUG Aug  2 07:48:04.113856333, errs.go:68] Created error: Could not save keypair
[DEBUG Aug  2 07:48:04.114055957, errs.go:68] Created error: Build responded with error
[DEBUG Aug  2 07:48:04.114088434, errs.go:68] Created error: Unknown build type
[DEBUG Aug  2 07:48:04.114196416, errors.go:86] Wrapped localized error: <nil> -- with: The installed version of the State Tool Service does not match that of the client.
Please stop the service with [ACTIONABLE]state-svc stop[/RESET] and try your command again.
If this issue persists please reinstall the State Tool.

[DEBUG Aug  2 07:48:04.114215936, errs.go:68] Created error: no data
[DEBUG Aug  2 07:48:04.114239047, errs.go:68] Created error: member not found
[DEBUG Aug  2 07:48:04.114266671, errs.go:68] Created error: Commit count is unknowable
[DEBUG Aug  2 07:48:04.114288400, errs.go:68] Created error: No merge required
[DEBUG Aug  2 07:48:04.114314377, errs.go:68] Created error: Can't merge commit thats already in target commits history
[DEBUG Aug  2 07:48:04.114337226, errs.go:68] Created error: Bad expander name
[DEBUG Aug  2 07:48:04.114358169, errs.go:68] Created error: Expander has no handler
[DEBUG Aug  2 07:48:04.115383798, errs.go:68] Created error: Service is already running
[DEBUG Aug  2 07:48:04.144641881, secrets.go:35] Gcloud Secretmanager failed to initialize (ignore if you're not trying to use gcloud): google: could not find default credentials. See https://developers.google.com/accounts/docs/application-default-credentials for more information.
[DEBUG Aug  2 07:48:04.148105102, output.go:53] Requested outputer for 
[DEBUG Aug  2 07:48:04.148128880, output.go:58] Using Plain outputer
[DEBUG Aug  2 07:48:04.148197686, termutils.go:17] Cannot get terminal size: inappropriate ioctl for device
[DEBUG Aug  2 07:48:04.148284804, client.go:128] Reporting event to 2 reporters: run-command, state-svc start, 
[DEBUG Aug  2 07:48:04.148341707, main.go:107] Running CmdStart
[DEBUG Aug  2 07:48:04.154714340, errs.go:75] Wrapped error: Service is already running -- with: valueF failed
[DEBUG Aug  2 07:48:04.154772846, errs.go:75] Wrapped error: valueF failed -- with: Could not store pid
[DEBUG Aug  2 07:48:04.154867608, errors.go:113] Wrapped input error: Could not store pid -- with: A State Service instance is already running in the background.
[DEBUG Aug  2 07:48:04.154883416, errs.go:75] Wrapped error: A State Service instance is already running in the background. -- with: Could not start serviceManager
[DEBUG Aug  2 07:48:04.154989206, client.go:128] Reporting event to 2 reporters: command-exit, state-svc start, 1
[DEBUG Aug  2 07:48:04.498661640, errs.go:75] Wrapped error: <nil> -- with: Could not start serviceManager: A State Service instance is already running in the background.: Could not store pid: valueF failed: Service is already running
[DEBUG Aug  2 07:48:04.498721373, main.go:61] state-svc errored out due to input: Could not start serviceManager: A State Service instance is already running in the background.: Could not store pid: valueF failed: Service is already running
