[DEBUG Aug  2 08:06:17.107791020, defaults.go:273] Args: [/home1/wangfeim/.local/ActiveState/StateTool/release/bin/state-svc start]
[DEBUG Aug  2 08:06:17.122261481, locale.go:38] Init
[DEBUG Aug  2 08:06:17.630226578, errs.go:68] Created error: File could not be found
[DEBUG Aug  2 08:06:17.633431662, errs.go:68] Created error: Not Recognized
[DEBUG Aug  2 08:06:17.656509675, errs.go:68] Created error: Secret not found
[DEBUG Aug  2 08:06:17.656587768, errs.go:68] Created error: Could not save keypair
[DEBUG Aug  2 08:06:17.656861087, errs.go:68] Created error: Build responded with error
[DEBUG Aug  2 08:06:17.656916714, errs.go:68] Created error: Unknown build type
[DEBUG Aug  2 08:06:17.657105216, errors.go:86] Wrapped localized error: <nil> -- with: The installed version of the State Tool Service does not match that of the client.
Please stop the service with [ACTIONABLE]state-svc stop[/RESET] and try your command again.
If this issue persists please reinstall the State Tool.

[DEBUG Aug  2 08:06:17.657135677, errs.go:68] Created error: no data
[DEBUG Aug  2 08:06:17.657188039, errs.go:68] Created error: member not found
[DEBUG Aug  2 08:06:17.657229794, errs.go:68] Created error: Commit count is unknowable
[DEBUG Aug  2 08:06:17.657272048, errs.go:68] Created error: No merge required
[DEBUG Aug  2 08:06:17.657314457, errs.go:68] Created error: Can't merge commit thats already in target commits history
[DEBUG Aug  2 08:06:17.657349265, errs.go:68] Created error: Bad expander name
[DEBUG Aug  2 08:06:17.657385039, errs.go:68] Created error: Expander has no handler
[DEBUG Aug  2 08:06:17.658379062, errs.go:68] Created error: Service is already running
[DEBUG Aug  2 08:06:17.711559778, secrets.go:35] Gcloud Secretmanager failed to initialize (ignore if you're not trying to use gcloud): google: could not find default credentials. See https://developers.google.com/accounts/docs/application-default-credentials for more information.
[DEBUG Aug  2 08:06:17.714577510, output.go:53] Requested outputer for 
[DEBUG Aug  2 08:06:17.714600520, output.go:58] Using Plain outputer
[DEBUG Aug  2 08:06:17.714676456, termutils.go:17] Cannot get terminal size: inappropriate ioctl for device
[DEBUG Aug  2 08:06:17.714770982, client.go:128] Reporting event to 2 reporters: run-command, state-svc start, 
[DEBUG Aug  2 08:06:17.714812700, main.go:107] Running CmdStart
[DEBUG Aug  2 08:06:17.720428305, errs.go:75] Wrapped error: Service is already running -- with: valueF failed
[DEBUG Aug  2 08:06:17.720489698, errs.go:75] Wrapped error: valueF failed -- with: Could not store pid
[DEBUG Aug  2 08:06:17.720572787, errors.go:113] Wrapped input error: Could not store pid -- with: A State Service instance is already running in the background.
[DEBUG Aug  2 08:06:17.720588885, errs.go:75] Wrapped error: A State Service instance is already running in the background. -- with: Could not start serviceManager
[DEBUG Aug  2 08:06:17.720656958, client.go:128] Reporting event to 2 reporters: command-exit, state-svc start, 1
[DEBUG Aug  2 08:06:18.103499557, errs.go:75] Wrapped error: <nil> -- with: Could not start serviceManager: A State Service instance is already running in the background.: Could not store pid: valueF failed: Service is already running
[DEBUG Aug  2 08:06:18.103575993, main.go:61] state-svc errored out due to input: Could not start serviceManager: A State Service instance is already running in the background.: Could not store pid: valueF failed: Service is already running
