[DEBUG Aug  2 07:56:27.456834266, defaults.go:273] Args: [/home1/wangfeim/.local/ActiveState/StateTool/release/bin/state-svc start]
[DEBUG Aug  2 07:56:27.470971762, locale.go:38] Init
[DEBUG Aug  2 07:56:27.775494505, errs.go:68] Created error: File could not be found
[DEBUG Aug  2 07:56:27.778842616, errs.go:68] Created error: Not Recognized
[DEBUG Aug  2 07:56:27.802966477, errs.go:68] Created error: Secret not found
[DEBUG Aug  2 07:56:27.803024453, errs.go:68] Created error: Could not save keypair
[DEBUG Aug  2 07:56:27.803196500, errs.go:68] Created error: Build responded with error
[DEBUG Aug  2 07:56:27.803224912, errs.go:68] Created error: Unknown build type
[DEBUG Aug  2 07:56:27.803373785, errors.go:86] Wrapped localized error: <nil> -- with: The installed version of the State Tool Service does not match that of the client.
Please stop the service with [ACTIONABLE]state-svc stop[/RESET] and try your command again.
If this issue persists please reinstall the State Tool.

[DEBUG Aug  2 07:56:27.803391717, errs.go:68] Created error: no data
[DEBUG Aug  2 07:56:27.803419951, errs.go:68] Created error: member not found
[DEBUG Aug  2 07:56:27.803444491, errs.go:68] Created error: Commit count is unknowable
[DEBUG Aug  2 07:56:27.803475242, errs.go:68] Created error: No merge required
[DEBUG Aug  2 07:56:27.803498470, errs.go:68] Created error: Can't merge commit thats already in target commits history
[DEBUG Aug  2 07:56:27.803522741, errs.go:68] Created error: Bad expander name
[DEBUG Aug  2 07:56:27.803553107, errs.go:68] Created error: Expander has no handler
[DEBUG Aug  2 07:56:27.804713387, errs.go:68] Created error: Service is already running
[DEBUG Aug  2 07:56:27.839966906, secrets.go:35] Gcloud Secretmanager failed to initialize (ignore if you're not trying to use gcloud): google: could not find default credentials. See https://developers.google.com/accounts/docs/application-default-credentials for more information.
[DEBUG Aug  2 07:56:27.885580192, output.go:53] Requested outputer for 
[DEBUG Aug  2 07:56:27.885608099, output.go:58] Using Plain outputer
[DEBUG Aug  2 07:56:27.885679994, termutils.go:17] Cannot get terminal size: inappropriate ioctl for device
[DEBUG Aug  2 07:56:27.885777233, client.go:128] Reporting event to 2 reporters: run-command, state-svc start, 
[DEBUG Aug  2 07:56:27.885812230, main.go:107] Running CmdStart
[DEBUG Aug  2 07:56:27.890906759, errs.go:75] Wrapped error: Service is already running -- with: valueF failed
[DEBUG Aug  2 07:56:27.890968828, errs.go:75] Wrapped error: valueF failed -- with: Could not store pid
[DEBUG Aug  2 07:56:27.891041311, errors.go:113] Wrapped input error: Could not store pid -- with: A State Service instance is already running in the background.
[DEBUG Aug  2 07:56:27.891056823, errs.go:75] Wrapped error: A State Service instance is already running in the background. -- with: Could not start serviceManager
[DEBUG Aug  2 07:56:27.891133249, client.go:128] Reporting event to 2 reporters: command-exit, state-svc start, 1
[DEBUG Aug  2 07:56:28.217589140, errs.go:75] Wrapped error: <nil> -- with: Could not start serviceManager: A State Service instance is already running in the background.: Could not store pid: valueF failed: Service is already running
[DEBUG Aug  2 07:56:28.217672144, main.go:61] state-svc errored out due to input: Could not start serviceManager: A State Service instance is already running in the background.: Could not store pid: valueF failed: Service is already running
