[DEBUG Sep 17 12:44:55.740813386, defaults.go:273] Args: [/home1/wangfeim/.local/ActiveState/StateTool/release/bin/state-svc foreground]
[DEBUG Sep 17 12:44:55.765043065, locale.go:38] Init
[DEBUG Sep 17 12:44:55.804279559, errs.go:68] Created error: File could not be found
[DEBUG Sep 17 12:44:55.806859717, errs.go:68] Created error: Not Recognized
[DEBUG Sep 17 12:44:55.847472575, errs.go:68] Created error: Secret not found
[DEBUG Sep 17 12:44:55.847536131, errs.go:68] Created error: Could not save keypair
[DEBUG Sep 17 12:44:55.847879877, errs.go:68] Created error: Build responded with error
[DEBUG Sep 17 12:44:55.847931248, errs.go:68] Created error: Unknown build type
[DEBUG Sep 17 12:44:55.848076756, errors.go:86] Wrapped localized error: <nil> -- with: The installed version of the State Tool Service does not match that of the client.
Please stop the service with [ACTIONABLE]state-svc stop[/RESET] and try your command again.
If this issue persists please reinstall the State Tool.

[DEBUG Sep 17 12:44:55.848096141, errs.go:68] Created error: no data
[DEBUG Sep 17 12:44:55.848126807, errs.go:68] Created error: member not found
[DEBUG Sep 17 12:44:55.848153046, errs.go:68] Created error: Commit count is unknowable
[DEBUG Sep 17 12:44:55.848310693, errs.go:68] Created error: No merge required
[DEBUG Sep 17 12:44:55.848346052, errs.go:68] Created error: Can't merge commit thats already in target commits history
[DEBUG Sep 17 12:44:55.848377770, errs.go:68] Created error: Bad expander name
[DEBUG Sep 17 12:44:55.848403589, errs.go:68] Created error: Expander has no handler
[DEBUG Sep 17 12:44:55.851567650, errs.go:68] Created error: Service is already running
[DEBUG Sep 17 12:44:55.919364089, secrets.go:35] Gcloud Secretmanager failed to initialize (ignore if you're not trying to use gcloud): google: could not find default credentials. See https://developers.google.com/accounts/docs/application-default-credentials for more information.
[DEBUG Sep 17 12:44:55.924380173, output.go:53] Requested outputer for 
[DEBUG Sep 17 12:44:55.924400464, output.go:58] Using Plain outputer
[DEBUG Sep 17 12:44:55.924505588, termutils.go:17] Cannot get terminal size: inappropriate ioctl for device
[DEBUG Sep 17 12:44:55.924611762, main.go:137] Running CmdForeground
[DEBUG Sep 17 12:44:55.924627012, main.go:147] Running in Foreground
[DEBUG Sep 17 12:44:55.924657921, client.go:128] Reporting event to 2 reporters: run-command, state-svc foreground, 
[DEBUG Sep 17 12:44:55.924882641, service.go:30] service:Start
[DEBUG Sep 17 12:44:55.936797982, service.go:42] Server starting on port: 39856
[DEBUG Sep 17 12:44:55.936886956, client.go:128] Reporting event to 2 reporters: state-svc, start, 
[DEBUG Sep 17 12:44:56.008415580, resolver.go:57] Version resolver
[DEBUG Sep 17 12:44:56.008874142, client.go:128] Reporting event to 2 reporters: state-svc, endpoint, Version
[DEBUG Sep 17 12:44:56.009612299, resolver.go:57] Version resolver
[DEBUG Sep 17 12:44:56.010120990, client.go:128] Reporting event to 2 reporters: state-svc, endpoint, Version
[DEBUG Sep 17 12:44:56.010610034, resolver.go:121] Analytics event resolver
[DEBUG Sep 17 12:44:56.010817454, client.go:128] Reporting event to 2 reporters: run-command, exec, 
[DEBUG Sep 17 12:44:56.011089430, resolver.go:121] Analytics event resolver
[DEBUG Sep 17 12:44:56.011281520, client.go:128] Reporting event to 2 reporters: runtime, success, 
[DEBUG Sep 17 12:44:56.011494862, resolver.go:57] Version resolver
[DEBUG Sep 17 12:44:56.011719632, client.go:128] Reporting event to 2 reporters: state-svc, endpoint, Version
[DEBUG Sep 17 12:44:56.012132384, resolver.go:57] Version resolver
[DEBUG Sep 17 12:44:56.012549112, client.go:128] Reporting event to 2 reporters: state-svc, endpoint, Version
[DEBUG Sep 17 12:44:56.037490191, resolver.go:121] Analytics event resolver
[DEBUG Sep 17 12:44:56.047487922, client.go:128] Reporting event to 2 reporters: runtime, start, 
[DEBUG Sep 17 12:44:56.049370559, resolver.go:121] Analytics event resolver
[DEBUG Sep 17 12:44:56.049581095, client.go:128] Reporting event to 2 reporters: runtime, cache, 
[DEBUG Sep 17 12:45:55.937121907, watcher.go:72] Checking for runtime processes
[DEBUG Sep 17 12:46:55.937110883, watcher.go:72] Checking for runtime processes
[DEBUG Sep 17 12:47:55.937266380, watcher.go:72] Checking for runtime processes
[DEBUG Sep 17 12:48:55.937282347, watcher.go:72] Checking for runtime processes
[DEBUG Sep 17 12:49:55.937209762, watcher.go:72] Checking for runtime processes
[DEBUG Sep 17 12:50:55.937157830, watcher.go:72] Checking for runtime processes
[DEBUG Sep 17 12:51:55.937271979, watcher.go:72] Checking for runtime processes
[DEBUG Sep 17 12:52:55.937646761, watcher.go:72] Checking for runtime processes
[DEBUG Sep 17 12:53:55.937321294, watcher.go:72] Checking for runtime processes
[DEBUG Sep 17 12:54:55.937271791, watcher.go:72] Checking for runtime processes
[DEBUG Sep 17 12:55:55.937564410, watcher.go:72] Checking for runtime processes
[DEBUG Sep 17 12:56:55.937210645, watcher.go:72] Checking for runtime processes
[DEBUG Sep 17 12:57:55.937631282, watcher.go:72] Checking for runtime processes
[DEBUG Sep 17 12:58:55.937706388, watcher.go:72] Checking for runtime processes
[DEBUG Sep 17 12:59:55.937117363, watcher.go:72] Checking for runtime processes
[DEBUG Sep 17 13:00:55.937720960, watcher.go:72] Checking for runtime processes
[DEBUG Sep 17 13:01:55.937108252, watcher.go:72] Checking for runtime processes
[DEBUG Sep 17 13:02:55.937557394, watcher.go:72] Checking for runtime processes
[DEBUG Sep 17 13:03:55.937381492, watcher.go:72] Checking for runtime processes
[DEBUG Sep 17 13:04:55.937175258, watcher.go:72] Checking for runtime processes
[DEBUG Sep 17 13:05:55.937521971, watcher.go:72] Checking for runtime processes
[DEBUG Sep 17 13:06:55.937115825, watcher.go:72] Checking for runtime processes
[DEBUG Sep 17 13:07:55.937138284, watcher.go:72] Checking for runtime processes
[DEBUG Sep 17 13:08:55.937605792, watcher.go:72] Checking for runtime processes
[DEBUG Sep 17 13:09:55.937301167, watcher.go:72] Checking for runtime processes
[DEBUG Sep 17 13:10:55.937121081, watcher.go:72] Checking for runtime processes
[DEBUG Sep 17 13:11:55.937117065, watcher.go:72] Checking for runtime processes
[DEBUG Sep 17 13:12:55.937344356, watcher.go:72] Checking for runtime processes
[DEBUG Sep 17 13:13:55.937382014, watcher.go:72] Checking for runtime processes
[DEBUG Sep 17 13:14:55.937238076, watcher.go:72] Checking for runtime processes
[DEBUG Sep 17 13:15:55.937556532, watcher.go:72] Checking for runtime processes
[DEBUG Sep 17 13:16:55.937202511, watcher.go:72] Checking for runtime processes
[DEBUG Sep 17 13:17:55.937255540, watcher.go:72] Checking for runtime processes
[DEBUG Sep 17 13:18:55.937105442, watcher.go:72] Checking for runtime processes
[DEBUG Sep 17 13:19:55.937305288, watcher.go:72] Checking for runtime processes
[DEBUG Sep 17 13:20:55.937857641, watcher.go:72] Checking for runtime processes
[DEBUG Sep 17 13:21:55.937680814, watcher.go:72] Checking for runtime processes
[DEBUG Sep 17 13:22:55.937195382, watcher.go:72] Checking for runtime processes
[DEBUG Sep 17 13:23:55.937190785, watcher.go:72] Checking for runtime processes
[DEBUG Sep 17 13:24:55.937837032, watcher.go:72] Checking for runtime processes
[DEBUG Sep 17 13:25:55.937445973, watcher.go:72] Checking for runtime processes
[DEBUG Sep 17 13:26:55.937470808, watcher.go:72] Checking for runtime processes
[DEBUG Sep 17 13:27:55.937691335, watcher.go:72] Checking for runtime processes
[DEBUG Sep 17 13:28:55.937480949, watcher.go:72] Checking for runtime processes
[DEBUG Sep 17 13:29:55.937101654, watcher.go:72] Checking for runtime processes
[DEBUG Sep 17 13:30:55.937548908, watcher.go:72] Checking for runtime processes
[DEBUG Sep 17 13:31:55.937184544, watcher.go:72] Checking for runtime processes
[DEBUG Sep 17 13:32:55.937385127, watcher.go:72] Checking for runtime processes
[DEBUG Sep 17 13:33:55.937113033, watcher.go:72] Checking for runtime processes
[DEBUG Sep 17 13:34:55.937115501, watcher.go:72] Checking for runtime processes
[DEBUG Sep 17 13:35:55.937586384, watcher.go:72] Checking for runtime processes
[DEBUG Sep 17 13:36:55.937123035, watcher.go:72] Checking for runtime processes
[DEBUG Sep 17 13:37:55.937106280, watcher.go:72] Checking for runtime processes
[DEBUG Sep 17 13:38:55.937118296, watcher.go:72] Checking for runtime processes
[DEBUG Sep 17 13:39:55.937176792, watcher.go:72] Checking for runtime processes
[DEBUG Sep 17 13:40:55.937118843, watcher.go:72] Checking for runtime processes
[DEBUG Sep 17 13:41:55.937195146, watcher.go:72] Checking for runtime processes
[DEBUG Sep 17 13:42:55.937113316, watcher.go:72] Checking for runtime processes
[DEBUG Sep 17 13:43:55.937180589, watcher.go:72] Checking for runtime processes
[DEBUG Sep 17 13:44:55.937242326, watcher.go:72] Checking for runtime processes
[DEBUG Sep 17 13:45:55.937111471, watcher.go:72] Checking for runtime processes
[DEBUG Sep 17 13:46:55.937191643, watcher.go:72] Checking for runtime processes
[DEBUG Sep 17 13:47:55.937108951, watcher.go:72] Checking for runtime processes
[DEBUG Sep 17 13:48:55.937154859, watcher.go:72] Checking for runtime processes
[DEBUG Sep 17 13:49:55.937174417, watcher.go:72] Checking for runtime processes
[DEBUG Sep 17 13:50:55.937117350, watcher.go:72] Checking for runtime processes
[DEBUG Sep 17 13:51:55.937184436, watcher.go:72] Checking for runtime processes
[DEBUG Sep 17 13:52:55.937401521, watcher.go:72] Checking for runtime processes
[DEBUG Sep 17 13:53:55.937115571, watcher.go:72] Checking for runtime processes
[DEBUG Sep 17 13:54:55.937171015, watcher.go:72] Checking for runtime processes
[DEBUG Sep 17 13:55:55.937251224, watcher.go:72] Checking for runtime processes
[DEBUG Sep 17 13:56:55.937323195, watcher.go:72] Checking for runtime processes
[DEBUG Sep 17 13:57:55.937112931, watcher.go:72] Checking for runtime processes
[DEBUG Sep 17 13:58:55.937101293, watcher.go:72] Checking for runtime processes
[DEBUG Sep 17 13:59:55.937089070, watcher.go:72] Checking for runtime processes
[DEBUG Sep 17 14:00:55.937103182, watcher.go:72] Checking for runtime processes
[DEBUG Sep 17 14:01:55.937118967, watcher.go:72] Checking for runtime processes
[DEBUG Sep 17 14:02:55.937218866, watcher.go:72] Checking for runtime processes
[DEBUG Sep 17 14:03:55.937477674, watcher.go:72] Checking for runtime processes
[DEBUG Sep 17 14:04:55.937167296, watcher.go:72] Checking for runtime processes
[DEBUG Sep 17 14:05:55.937206788, watcher.go:72] Checking for runtime processes
[DEBUG Sep 17 14:06:55.937175299, watcher.go:72] Checking for runtime processes
[DEBUG Sep 17 14:07:55.937098072, watcher.go:72] Checking for runtime processes
[DEBUG Sep 17 14:08:55.937451996, watcher.go:72] Checking for runtime processes
[DEBUG Sep 17 14:09:55.937176951, watcher.go:72] Checking for runtime processes
[DEBUG Sep 17 14:10:55.937129837, watcher.go:72] Checking for runtime processes
[DEBUG Sep 17 14:11:55.937457055, watcher.go:72] Checking for runtime processes
[DEBUG Sep 17 14:12:55.937275212, watcher.go:72] Checking for runtime processes
[DEBUG Sep 17 14:13:55.937555918, watcher.go:72] Checking for runtime processes
[DEBUG Sep 17 14:14:55.937759688, watcher.go:72] Checking for runtime processes
[DEBUG Sep 17 14:15:55.937441641, watcher.go:72] Checking for runtime processes
[DEBUG Sep 17 14:16:55.937196951, watcher.go:72] Checking for runtime processes
[DEBUG Sep 17 14:17:55.937148942, watcher.go:72] Checking for runtime processes
[DEBUG Sep 17 14:18:55.937119747, watcher.go:72] Checking for runtime processes
[DEBUG Sep 17 14:19:55.937107435, watcher.go:72] Checking for runtime processes
[DEBUG Sep 17 14:20:55.937163873, watcher.go:72] Checking for runtime processes
[DEBUG Sep 17 14:21:55.937115728, watcher.go:72] Checking for runtime processes
[DEBUG Sep 17 14:22:55.937599286, watcher.go:72] Checking for runtime processes
[DEBUG Sep 17 14:23:55.937651488, watcher.go:72] Checking for runtime processes
[DEBUG Sep 17 14:24:55.937272968, watcher.go:72] Checking for runtime processes
[DEBUG Sep 17 14:25:55.937101876, watcher.go:72] Checking for runtime processes
[DEBUG Sep 17 14:26:55.937111141, watcher.go:72] Checking for runtime processes
[DEBUG Sep 17 14:27:55.937181787, watcher.go:72] Checking for runtime processes
[DEBUG Sep 17 14:28:55.937135093, watcher.go:72] Checking for runtime processes
[DEBUG Sep 17 14:29:55.937312243, watcher.go:72] Checking for runtime processes
[DEBUG Sep 17 14:30:55.937108050, watcher.go:72] Checking for runtime processes
[DEBUG Sep 17 14:31:55.937396036, watcher.go:72] Checking for runtime processes
[DEBUG Sep 17 14:32:55.937108177, watcher.go:72] Checking for runtime processes
[DEBUG Sep 17 14:33:55.937479617, watcher.go:72] Checking for runtime processes
[DEBUG Sep 17 14:34:55.937205367, watcher.go:72] Checking for runtime processes
[DEBUG Sep 17 14:35:55.937108733, watcher.go:72] Checking for runtime processes
[DEBUG Sep 17 14:36:55.937636443, watcher.go:72] Checking for runtime processes
[DEBUG Sep 17 14:37:55.937115287, watcher.go:72] Checking for runtime processes
[DEBUG Sep 17 14:38:55.937111155, watcher.go:72] Checking for runtime processes
[DEBUG Sep 17 14:39:55.937197736, watcher.go:72] Checking for runtime processes
[DEBUG Sep 17 14:40:55.937225186, watcher.go:72] Checking for runtime processes
[DEBUG Sep 17 14:41:55.937583282, watcher.go:72] Checking for runtime processes
[DEBUG Sep 17 14:42:55.937112729, watcher.go:72] Checking for runtime processes
[DEBUG Sep 17 14:43:55.937103003, watcher.go:72] Checking for runtime processes
[DEBUG Sep 17 14:44:55.937621098, watcher.go:72] Checking for runtime processes
[DEBUG Sep 17 14:45:55.937566901, watcher.go:72] Checking for runtime processes
[DEBUG Sep 17 14:46:55.937125941, watcher.go:72] Checking for runtime processes
[DEBUG Sep 17 14:47:55.937170799, watcher.go:72] Checking for runtime processes
[DEBUG Sep 17 14:48:55.937383128, watcher.go:72] Checking for runtime processes
[DEBUG Sep 17 14:49:55.937367435, watcher.go:72] Checking for runtime processes
[DEBUG Sep 17 14:50:55.937087826, watcher.go:72] Checking for runtime processes
[DEBUG Sep 17 14:51:55.937640072, watcher.go:72] Checking for runtime processes
[DEBUG Sep 17 14:52:55.937243998, watcher.go:72] Checking for runtime processes
[DEBUG Sep 17 14:53:55.937118168, watcher.go:72] Checking for runtime processes
[DEBUG Sep 17 14:54:55.937561973, watcher.go:72] Checking for runtime processes
[DEBUG Sep 17 14:55:55.937233942, watcher.go:72] Checking for runtime processes
[DEBUG Sep 17 14:56:55.937175290, watcher.go:72] Checking for runtime processes
[DEBUG Sep 17 14:57:55.937111558, watcher.go:72] Checking for runtime processes
[DEBUG Sep 17 14:58:55.937266472, watcher.go:72] Checking for runtime processes
[DEBUG Sep 17 14:59:55.937277488, watcher.go:72] Checking for runtime processes
[DEBUG Sep 17 15:00:55.937743705, watcher.go:72] Checking for runtime processes
[DEBUG Sep 17 15:01:55.937638311, watcher.go:72] Checking for runtime processes
[DEBUG Sep 17 15:02:55.937110053, watcher.go:72] Checking for runtime processes
[DEBUG Sep 17 15:03:55.937640867, watcher.go:72] Checking for runtime processes
[DEBUG Sep 17 15:04:55.937709250, watcher.go:72] Checking for runtime processes
[DEBUG Sep 17 15:05:55.937088518, watcher.go:72] Checking for runtime processes
[DEBUG Sep 17 15:06:55.937722668, watcher.go:72] Checking for runtime processes
[DEBUG Sep 17 15:07:55.937114112, watcher.go:72] Checking for runtime processes
[DEBUG Sep 17 15:08:55.937567296, watcher.go:72] Checking for runtime processes
[DEBUG Sep 17 15:09:55.937277830, watcher.go:72] Checking for runtime processes
[DEBUG Sep 17 15:10:55.937332379, watcher.go:72] Checking for runtime processes
[DEBUG Sep 17 15:11:55.937630450, watcher.go:72] Checking for runtime processes
[DEBUG Sep 17 15:12:55.937509191, watcher.go:72] Checking for runtime processes
[DEBUG Sep 17 15:13:55.937606015, watcher.go:72] Checking for runtime processes
[DEBUG Sep 17 15:14:55.937112059, watcher.go:72] Checking for runtime processes
[DEBUG Sep 17 15:15:55.937129405, watcher.go:72] Checking for runtime processes
[DEBUG Sep 17 15:16:55.937105108, watcher.go:72] Checking for runtime processes
[DEBUG Sep 17 15:17:55.937116247, watcher.go:72] Checking for runtime processes
[DEBUG Sep 17 15:18:55.937095256, watcher.go:72] Checking for runtime processes
[DEBUG Sep 17 15:19:55.937412110, watcher.go:72] Checking for runtime processes
[DEBUG Sep 17 15:20:55.937086621, watcher.go:72] Checking for runtime processes
[DEBUG Sep 17 15:21:55.937378772, watcher.go:72] Checking for runtime processes
[DEBUG Sep 17 15:22:55.937317307, watcher.go:72] Checking for runtime processes
[DEBUG Sep 17 15:23:55.937407556, watcher.go:72] Checking for runtime processes
[DEBUG Sep 17 15:24:55.937410457, watcher.go:72] Checking for runtime processes
[DEBUG Sep 17 15:25:55.937738133, watcher.go:72] Checking for runtime processes
[DEBUG Sep 17 15:26:55.937344556, watcher.go:72] Checking for runtime processes
[DEBUG Sep 17 15:27:55.937142735, watcher.go:72] Checking for runtime processes
[DEBUG Sep 17 15:28:55.937682048, watcher.go:72] Checking for runtime processes
[DEBUG Sep 17 15:29:55.937113058, watcher.go:72] Checking for runtime processes
[DEBUG Sep 17 15:30:55.937105075, watcher.go:72] Checking for runtime processes
[DEBUG Sep 17 15:31:49.558090255, resolver.go:121] Analytics event resolver
[DEBUG Sep 17 15:31:49.558329555, client.go:128] Reporting event to 2 reporters: command-exit, exec, 0
[DEBUG Sep 17 15:31:55.937954719, watcher.go:72] Checking for runtime processes
[DEBUG Sep 17 15:32:55.937651232, watcher.go:72] Checking for runtime processes
[DEBUG Sep 17 15:33:55.937095141, watcher.go:72] Checking for runtime processes
[DEBUG Sep 17 15:34:55.937122296, watcher.go:72] Checking for runtime processes
[DEBUG Sep 17 15:35:55.937095769, watcher.go:72] Checking for runtime processes
[DEBUG Sep 17 15:36:55.937123565, watcher.go:72] Checking for runtime processes
[DEBUG Sep 17 15:37:55.937112480, watcher.go:72] Checking for runtime processes
[DEBUG Sep 17 15:38:55.937113796, watcher.go:72] Checking for runtime processes
[DEBUG Sep 17 15:39:55.937107466, watcher.go:72] Checking for runtime processes
[DEBUG Sep 17 15:40:55.937124586, watcher.go:72] Checking for runtime processes
[DEBUG Sep 17 15:41:55.937121286, watcher.go:72] Checking for runtime processes
[DEBUG Sep 17 15:42:55.937126323, watcher.go:72] Checking for runtime processes
[DEBUG Sep 17 15:43:55.937123439, watcher.go:72] Checking for runtime processes
[DEBUG Sep 17 15:44:55.937408681, watcher.go:72] Checking for runtime processes
[DEBUG Sep 17 15:45:55.937109468, watcher.go:72] Checking for runtime processes
[DEBUG Sep 17 15:46:55.937114931, watcher.go:72] Checking for runtime processes
[DEBUG Sep 17 15:47:55.937122358, watcher.go:72] Checking for runtime processes
[DEBUG Sep 17 15:48:55.937103876, watcher.go:72] Checking for runtime processes
[DEBUG Sep 17 15:49:55.937109959, watcher.go:72] Checking for runtime processes
[DEBUG Sep 17 15:50:55.937095160, watcher.go:72] Checking for runtime processes
[DEBUG Sep 17 15:51:55.937122443, watcher.go:72] Checking for runtime processes
[DEBUG Sep 17 15:52:55.937131356, watcher.go:72] Checking for runtime processes
[DEBUG Sep 17 15:53:55.937121641, watcher.go:72] Checking for runtime processes
[DEBUG Sep 17 15:54:55.937111446, watcher.go:72] Checking for runtime processes
[DEBUG Sep 17 15:55:55.937127015, watcher.go:72] Checking for runtime processes
[DEBUG Sep 17 15:56:55.937118989, watcher.go:72] Checking for runtime processes
[DEBUG Sep 17 15:57:55.937113667, watcher.go:72] Checking for runtime processes
[DEBUG Sep 17 15:58:55.937109116, watcher.go:72] Checking for runtime processes
[DEBUG Sep 17 15:59:55.937114563, watcher.go:72] Checking for runtime processes
[DEBUG Sep 17 16:00:55.937108419, watcher.go:72] Checking for runtime processes
[DEBUG Sep 17 16:01:55.937115677, watcher.go:72] Checking for runtime processes
[DEBUG Sep 17 16:02:55.937120810, watcher.go:72] Checking for runtime processes
[DEBUG Sep 17 16:03:55.937104320, watcher.go:72] Checking for runtime processes
[DEBUG Sep 17 16:04:55.937119966, watcher.go:72] Checking for runtime processes
[DEBUG Sep 17 16:05:55.937097735, watcher.go:72] Checking for runtime processes
[DEBUG Sep 17 16:06:55.937241664, watcher.go:72] Checking for runtime processes
[DEBUG Sep 17 16:07:55.937133013, watcher.go:72] Checking for runtime processes
[DEBUG Sep 17 16:08:55.937111299, watcher.go:72] Checking for runtime processes
[DEBUG Sep 17 16:09:55.937119392, watcher.go:72] Checking for runtime processes
[DEBUG Sep 17 16:10:55.937124230, watcher.go:72] Checking for runtime processes
[DEBUG Sep 17 16:11:55.937123011, watcher.go:72] Checking for runtime processes
[DEBUG Sep 17 16:12:55.937116272, watcher.go:72] Checking for runtime processes
[DEBUG Sep 17 16:13:55.937121825, watcher.go:72] Checking for runtime processes
[DEBUG Sep 17 16:14:55.937125776, watcher.go:72] Checking for runtime processes
[DEBUG Sep 17 16:15:55.937109072, watcher.go:72] Checking for runtime processes
[DEBUG Sep 17 16:16:55.937112558, watcher.go:72] Checking for runtime processes
[DEBUG Sep 17 16:17:55.937119419, watcher.go:72] Checking for runtime processes
[DEBUG Sep 17 16:18:55.937113275, watcher.go:72] Checking for runtime processes
[DEBUG Sep 17 16:19:55.937122354, watcher.go:72] Checking for runtime processes
[DEBUG Sep 17 16:20:55.937109196, watcher.go:72] Checking for runtime processes
[DEBUG Sep 17 16:21:55.937120362, watcher.go:72] Checking for runtime processes
[DEBUG Sep 17 16:22:55.937132250, watcher.go:72] Checking for runtime processes
[DEBUG Sep 17 16:23:55.937125640, watcher.go:72] Checking for runtime processes
[DEBUG Sep 17 16:24:55.937109421, watcher.go:72] Checking for runtime processes
[DEBUG Sep 17 16:25:55.937124646, watcher.go:72] Checking for runtime processes
[DEBUG Sep 17 16:26:55.937122181, watcher.go:72] Checking for runtime processes
[DEBUG Sep 17 16:27:55.937111958, watcher.go:72] Checking for runtime processes
[DEBUG Sep 17 16:28:55.937116987, watcher.go:72] Checking for runtime processes
[DEBUG Sep 17 16:29:55.937112595, watcher.go:72] Checking for runtime processes
[DEBUG Sep 17 16:30:55.937119701, watcher.go:72] Checking for runtime processes
[DEBUG Sep 17 16:31:55.937126131, watcher.go:72] Checking for runtime processes
[DEBUG Sep 17 16:32:55.937119747, watcher.go:72] Checking for runtime processes
[DEBUG Sep 17 16:33:55.937097549, watcher.go:72] Checking for runtime processes
[DEBUG Sep 17 16:34:55.937119511, watcher.go:72] Checking for runtime processes
[DEBUG Sep 17 16:35:55.937110178, watcher.go:72] Checking for runtime processes
[DEBUG Sep 17 16:36:55.937119360, watcher.go:72] Checking for runtime processes
[DEBUG Sep 17 16:37:55.937131918, watcher.go:72] Checking for runtime processes
[DEBUG Sep 17 16:38:55.937122706, watcher.go:72] Checking for runtime processes
[DEBUG Sep 17 16:39:55.937120994, watcher.go:72] Checking for runtime processes
[DEBUG Sep 17 16:40:55.937112356, watcher.go:72] Checking for runtime processes
[DEBUG Sep 17 16:41:55.937119283, watcher.go:72] Checking for runtime processes
[DEBUG Sep 17 16:42:55.937123104, watcher.go:72] Checking for runtime processes
[DEBUG Sep 17 16:43:55.937119627, watcher.go:72] Checking for runtime processes
[DEBUG Sep 17 16:44:55.937426401, watcher.go:72] Checking for runtime processes
[DEBUG Sep 17 16:45:55.937127484, watcher.go:72] Checking for runtime processes
[DEBUG Sep 17 16:46:55.937625515, watcher.go:72] Checking for runtime processes
[DEBUG Sep 17 16:47:55.937116403, watcher.go:72] Checking for runtime processes
[DEBUG Sep 17 16:48:55.937109199, watcher.go:72] Checking for runtime processes
[DEBUG Sep 17 16:49:55.937128605, watcher.go:72] Checking for runtime processes
[DEBUG Sep 17 16:50:55.937098006, watcher.go:72] Checking for runtime processes
[DEBUG Sep 17 16:51:55.937146038, watcher.go:72] Checking for runtime processes
[DEBUG Sep 17 16:52:55.937138487, watcher.go:72] Checking for runtime processes
[DEBUG Sep 17 16:53:55.937125539, watcher.go:72] Checking for runtime processes
[DEBUG Sep 17 16:54:55.937120829, watcher.go:72] Checking for runtime processes
[DEBUG Sep 17 16:55:55.937124342, watcher.go:72] Checking for runtime processes
[DEBUG Sep 17 16:56:55.937111429, watcher.go:72] Checking for runtime processes
[DEBUG Sep 17 16:57:55.937142172, watcher.go:72] Checking for runtime processes
[DEBUG Sep 17 16:58:55.937116808, watcher.go:72] Checking for runtime processes
[DEBUG Sep 17 16:59:55.937122598, watcher.go:72] Checking for runtime processes
[DEBUG Sep 17 17:00:55.937119721, watcher.go:72] Checking for runtime processes
[DEBUG Sep 17 17:01:55.937124019, watcher.go:72] Checking for runtime processes
[DEBUG Sep 17 17:02:55.937121943, watcher.go:72] Checking for runtime processes
[DEBUG Sep 17 17:03:55.937123830, watcher.go:72] Checking for runtime processes
[DEBUG Sep 17 17:04:55.937120157, watcher.go:72] Checking for runtime processes
[DEBUG Sep 17 17:05:55.937103192, watcher.go:72] Checking for runtime processes
[DEBUG Sep 17 17:06:55.937128343, watcher.go:72] Checking for runtime processes
[DEBUG Sep 17 17:07:55.937134746, watcher.go:72] Checking for runtime processes
[DEBUG Sep 17 17:08:55.937123875, watcher.go:72] Checking for runtime processes
[DEBUG Sep 17 17:09:55.937128550, watcher.go:72] Checking for runtime processes
[DEBUG Sep 17 17:10:55.937123536, watcher.go:72] Checking for runtime processes
[DEBUG Sep 17 17:11:55.937117068, watcher.go:72] Checking for runtime processes
[DEBUG Sep 17 17:12:55.937123996, watcher.go:72] Checking for runtime processes
[DEBUG Sep 17 17:13:55.937122303, watcher.go:72] Checking for runtime processes
[DEBUG Sep 17 17:14:55.937125275, watcher.go:72] Checking for runtime processes
[DEBUG Sep 17 17:15:55.937120607, watcher.go:72] Checking for runtime processes
[DEBUG Sep 17 17:16:55.937124588, watcher.go:72] Checking for runtime processes
[DEBUG Sep 17 17:17:55.937117676, watcher.go:72] Checking for runtime processes
[DEBUG Sep 17 17:18:55.937123414, watcher.go:72] Checking for runtime processes
[DEBUG Sep 17 17:19:55.937119232, watcher.go:72] Checking for runtime processes
[DEBUG Sep 17 17:20:55.937102560, watcher.go:72] Checking for runtime processes
[DEBUG Sep 17 17:21:55.937124568, watcher.go:72] Checking for runtime processes
[DEBUG Sep 17 17:22:55.937100781, watcher.go:72] Checking for runtime processes
[DEBUG Sep 17 17:23:55.937121582, watcher.go:72] Checking for runtime processes
[DEBUG Sep 17 17:24:55.937135785, watcher.go:72] Checking for runtime processes
[DEBUG Sep 17 17:25:55.937130198, watcher.go:72] Checking for runtime processes
[DEBUG Sep 17 17:26:55.937120607, watcher.go:72] Checking for runtime processes
[DEBUG Sep 17 17:27:55.937124575, watcher.go:72] Checking for runtime processes
[DEBUG Sep 17 17:28:55.937119866, watcher.go:72] Checking for runtime processes
[DEBUG Sep 17 17:29:55.937113080, watcher.go:72] Checking for runtime processes
[DEBUG Sep 17 17:30:55.937123624, watcher.go:72] Checking for runtime processes
[DEBUG Sep 17 17:31:55.937125380, watcher.go:72] Checking for runtime processes
[DEBUG Sep 17 17:32:55.937120639, watcher.go:72] Checking for runtime processes
[DEBUG Sep 17 17:33:55.937123453, watcher.go:72] Checking for runtime processes
[DEBUG Sep 17 17:34:55.937118054, watcher.go:72] Checking for runtime processes
[DEBUG Sep 17 17:35:55.937104472, watcher.go:72] Checking for runtime processes
[DEBUG Sep 17 17:36:55.937125268, watcher.go:72] Checking for runtime processes
[DEBUG Sep 17 17:37:55.937105012, watcher.go:72] Checking for runtime processes
[DEBUG Sep 17 17:38:55.937108633, watcher.go:72] Checking for runtime processes
[DEBUG Sep 17 17:39:55.937110965, watcher.go:72] Checking for runtime processes
[DEBUG Sep 17 17:40:55.937122602, watcher.go:72] Checking for runtime processes
[DEBUG Sep 17 17:41:55.937119347, watcher.go:72] Checking for runtime processes
[DEBUG Sep 17 17:42:55.937123240, watcher.go:72] Checking for runtime processes
[DEBUG Sep 17 17:43:55.937121155, watcher.go:72] Checking for runtime processes
[DEBUG Sep 17 17:44:55.937430369, watcher.go:72] Checking for runtime processes
[DEBUG Sep 17 17:45:55.937126745, watcher.go:72] Checking for runtime processes
[DEBUG Sep 17 17:46:55.937116512, watcher.go:72] Checking for runtime processes
[DEBUG Sep 17 17:47:55.937119237, watcher.go:72] Checking for runtime processes
[DEBUG Sep 17 17:48:55.937123455, watcher.go:72] Checking for runtime processes
[DEBUG Sep 17 17:49:55.937113133, watcher.go:72] Checking for runtime processes
[DEBUG Sep 17 17:50:55.937115434, watcher.go:72] Checking for runtime processes
[DEBUG Sep 17 17:51:55.937113432, watcher.go:72] Checking for runtime processes
[DEBUG Sep 17 17:52:55.937099158, watcher.go:72] Checking for runtime processes
[DEBUG Sep 17 17:53:55.937125580, watcher.go:72] Checking for runtime processes
[DEBUG Sep 17 17:54:55.937110742, watcher.go:72] Checking for runtime processes
[DEBUG Sep 17 17:55:55.937121970, watcher.go:72] Checking for runtime processes
[DEBUG Sep 17 17:56:55.937107972, watcher.go:72] Checking for runtime processes
[DEBUG Sep 17 17:57:55.937125335, watcher.go:72] Checking for runtime processes
[DEBUG Sep 17 17:58:55.937127749, watcher.go:72] Checking for runtime processes
[DEBUG Sep 17 17:59:55.937128019, watcher.go:72] Checking for runtime processes
[DEBUG Sep 17 18:00:55.937136908, watcher.go:72] Checking for runtime processes
[DEBUG Sep 17 18:01:55.937123070, watcher.go:72] Checking for runtime processes
[DEBUG Sep 17 18:02:55.937125959, watcher.go:72] Checking for runtime processes
[DEBUG Sep 17 18:03:55.937124535, watcher.go:72] Checking for runtime processes
[DEBUG Sep 17 18:04:55.937123453, watcher.go:72] Checking for runtime processes
[DEBUG Sep 17 18:05:55.937099059, watcher.go:72] Checking for runtime processes
[DEBUG Sep 17 18:06:55.937111221, watcher.go:72] Checking for runtime processes
[DEBUG Sep 17 18:07:55.937110706, watcher.go:72] Checking for runtime processes
[DEBUG Sep 17 18:08:55.937122806, watcher.go:72] Checking for runtime processes
[DEBUG Sep 17 18:09:55.937111989, watcher.go:72] Checking for runtime processes
[DEBUG Sep 17 18:10:55.937128337, watcher.go:72] Checking for runtime processes
[DEBUG Sep 17 18:11:55.937109163, watcher.go:72] Checking for runtime processes
[DEBUG Sep 17 18:12:55.937111276, watcher.go:72] Checking for runtime processes
[DEBUG Sep 17 18:13:55.937125625, watcher.go:72] Checking for runtime processes
[DEBUG Sep 17 18:14:55.937121379, watcher.go:72] Checking for runtime processes
[DEBUG Sep 17 18:15:55.937110773, watcher.go:72] Checking for runtime processes
[DEBUG Sep 17 18:16:55.937112412, watcher.go:72] Checking for runtime processes
[DEBUG Sep 17 18:17:55.937116333, watcher.go:72] Checking for runtime processes
[DEBUG Sep 17 18:18:55.937112708, watcher.go:72] Checking for runtime processes
[DEBUG Sep 17 18:19:55.937126127, watcher.go:72] Checking for runtime processes
[DEBUG Sep 17 18:20:55.937100480, watcher.go:72] Checking for runtime processes
[DEBUG Sep 17 18:21:55.937122563, watcher.go:72] Checking for runtime processes
[DEBUG Sep 17 18:22:55.937108324, watcher.go:72] Checking for runtime processes
[DEBUG Sep 17 18:23:55.937120975, watcher.go:72] Checking for runtime processes
[DEBUG Sep 17 18:24:55.937133543, watcher.go:72] Checking for runtime processes
[DEBUG Sep 17 18:25:55.937113916, watcher.go:72] Checking for runtime processes
[DEBUG Sep 17 18:26:55.937123489, watcher.go:72] Checking for runtime processes
[DEBUG Sep 17 18:27:55.937126783, watcher.go:72] Checking for runtime processes
[DEBUG Sep 17 18:28:55.937120191, watcher.go:72] Checking for runtime processes
[DEBUG Sep 17 18:29:55.937130670, watcher.go:72] Checking for runtime processes
[DEBUG Sep 17 18:30:55.937127176, watcher.go:72] Checking for runtime processes
[DEBUG Sep 17 18:31:55.937115578, watcher.go:72] Checking for runtime processes
[DEBUG Sep 17 18:32:55.937111658, watcher.go:72] Checking for runtime processes
[DEBUG Sep 17 18:33:55.937127855, watcher.go:72] Checking for runtime processes
[DEBUG Sep 17 18:34:55.937121764, watcher.go:72] Checking for runtime processes
[DEBUG Sep 17 18:35:55.937103875, watcher.go:72] Checking for runtime processes
[DEBUG Sep 17 18:36:55.937124539, watcher.go:72] Checking for runtime processes
[DEBUG Sep 17 18:37:55.937112217, watcher.go:72] Checking for runtime processes
[DEBUG Sep 17 18:38:55.937119565, watcher.go:72] Checking for runtime processes
[DEBUG Sep 17 18:39:55.937124802, watcher.go:72] Checking for runtime processes
[DEBUG Sep 17 18:40:55.937136037, watcher.go:72] Checking for runtime processes
[DEBUG Sep 17 18:41:55.937110225, watcher.go:72] Checking for runtime processes
[DEBUG Sep 17 18:42:55.937123907, watcher.go:72] Checking for runtime processes
[DEBUG Sep 17 18:43:55.937123619, watcher.go:72] Checking for runtime processes
[DEBUG Sep 17 18:44:55.937419028, watcher.go:72] Checking for runtime processes
[DEBUG Sep 17 18:45:55.937121540, watcher.go:72] Checking for runtime processes
[DEBUG Sep 17 18:46:55.937115556, watcher.go:72] Checking for runtime processes
[DEBUG Sep 17 18:47:55.937110414, watcher.go:72] Checking for runtime processes
[DEBUG Sep 17 18:48:55.937131298, watcher.go:72] Checking for runtime processes
[DEBUG Sep 17 18:49:55.937127992, watcher.go:72] Checking for runtime processes
[DEBUG Sep 17 18:50:55.937115880, watcher.go:72] Checking for runtime processes
[DEBUG Sep 17 18:51:55.937122505, watcher.go:72] Checking for runtime processes
[DEBUG Sep 17 18:52:55.937099922, watcher.go:72] Checking for runtime processes
[DEBUG Sep 17 18:53:55.937113590, watcher.go:72] Checking for runtime processes
[DEBUG Sep 17 18:54:55.937136892, watcher.go:72] Checking for runtime processes
[DEBUG Sep 17 18:55:55.937114400, watcher.go:72] Checking for runtime processes
[DEBUG Sep 17 18:56:55.937120804, watcher.go:72] Checking for runtime processes
[DEBUG Sep 17 18:57:55.937125974, watcher.go:72] Checking for runtime processes
[DEBUG Sep 17 18:58:55.937121346, watcher.go:72] Checking for runtime processes
[DEBUG Sep 17 18:59:55.937129599, watcher.go:72] Checking for runtime processes
[DEBUG Sep 17 19:00:55.937125120, watcher.go:72] Checking for runtime processes
[DEBUG Sep 17 19:01:55.937124442, watcher.go:72] Checking for runtime processes
[DEBUG Sep 17 19:02:55.937120254, watcher.go:72] Checking for runtime processes
[DEBUG Sep 17 19:03:55.937124433, watcher.go:72] Checking for runtime processes
[DEBUG Sep 17 19:04:55.937119972, watcher.go:72] Checking for runtime processes
[DEBUG Sep 17 19:05:55.937102298, watcher.go:72] Checking for runtime processes
[DEBUG Sep 17 19:06:55.937110687, watcher.go:72] Checking for runtime processes
[DEBUG Sep 17 19:07:55.937108056, watcher.go:72] Checking for runtime processes
[DEBUG Sep 17 19:08:55.937128842, watcher.go:72] Checking for runtime processes
[DEBUG Sep 17 19:09:55.937111989, watcher.go:72] Checking for runtime processes
[DEBUG Sep 17 19:10:55.937114981, watcher.go:72] Checking for runtime processes
[DEBUG Sep 17 19:11:55.937120091, watcher.go:72] Checking for runtime processes
[DEBUG Sep 17 19:12:55.937113731, watcher.go:72] Checking for runtime processes
[DEBUG Sep 17 19:13:55.937119305, watcher.go:72] Checking for runtime processes
[DEBUG Sep 17 19:14:55.937246395, watcher.go:72] Checking for runtime processes
[DEBUG Sep 17 19:15:55.937119882, watcher.go:72] Checking for runtime processes
[DEBUG Sep 17 19:16:55.937123810, watcher.go:72] Checking for runtime processes
[DEBUG Sep 17 19:17:55.937122255, watcher.go:72] Checking for runtime processes
[DEBUG Sep 17 19:18:55.937128758, watcher.go:72] Checking for runtime processes
[DEBUG Sep 17 19:19:55.937121787, watcher.go:72] Checking for runtime processes
[DEBUG Sep 17 19:20:55.937112118, watcher.go:72] Checking for runtime processes
[DEBUG Sep 17 19:21:55.937114457, watcher.go:72] Checking for runtime processes
[DEBUG Sep 17 19:22:55.937101001, watcher.go:72] Checking for runtime processes
[DEBUG Sep 17 19:23:55.937124902, watcher.go:72] Checking for runtime processes
[DEBUG Sep 17 19:24:55.937136083, watcher.go:72] Checking for runtime processes
[DEBUG Sep 17 19:25:55.937129769, watcher.go:72] Checking for runtime processes
[DEBUG Sep 17 19:26:55.937118789, watcher.go:72] Checking for runtime processes
[DEBUG Sep 17 19:27:55.937124780, watcher.go:72] Checking for runtime processes
[DEBUG Sep 17 19:28:55.937110955, watcher.go:72] Checking for runtime processes
[DEBUG Sep 17 19:29:55.937127995, watcher.go:72] Checking for runtime processes
[DEBUG Sep 17 19:30:55.937122015, watcher.go:72] Checking for runtime processes
[DEBUG Sep 17 19:31:55.937125044, watcher.go:72] Checking for runtime processes
[DEBUG Sep 17 19:32:55.937124631, watcher.go:72] Checking for runtime processes
[DEBUG Sep 17 19:33:55.937123115, watcher.go:72] Checking for runtime processes
[DEBUG Sep 17 19:34:55.937119623, watcher.go:72] Checking for runtime processes
[DEBUG Sep 17 19:35:55.937114146, watcher.go:72] Checking for runtime processes
[DEBUG Sep 17 19:36:55.937128703, watcher.go:72] Checking for runtime processes
[DEBUG Sep 17 19:37:55.937109642, watcher.go:72] Checking for runtime processes
[DEBUG Sep 17 19:38:55.937127073, watcher.go:72] Checking for runtime processes
[DEBUG Sep 17 19:39:55.937097893, watcher.go:72] Checking for runtime processes
[DEBUG Sep 17 19:40:55.937118270, watcher.go:72] Checking for runtime processes
[DEBUG Sep 17 19:41:55.937132127, watcher.go:72] Checking for runtime processes
[DEBUG Sep 17 19:42:55.937131250, watcher.go:72] Checking for runtime processes
[DEBUG Sep 17 19:43:55.937130346, watcher.go:72] Checking for runtime processes
[DEBUG Sep 17 19:44:55.937495435, watcher.go:72] Checking for runtime processes
[DEBUG Sep 17 19:45:55.937130763, watcher.go:72] Checking for runtime processes
[DEBUG Sep 17 19:46:55.937217571, watcher.go:72] Checking for runtime processes
[DEBUG Sep 17 19:47:55.937129897, watcher.go:72] Checking for runtime processes
[DEBUG Sep 17 19:48:55.937125634, watcher.go:72] Checking for runtime processes
[DEBUG Sep 17 19:49:55.937128454, watcher.go:72] Checking for runtime processes
[DEBUG Sep 17 19:50:55.937179011, watcher.go:72] Checking for runtime processes
[DEBUG Sep 17 19:51:55.937120788, watcher.go:72] Checking for runtime processes
[DEBUG Sep 17 19:52:55.937103494, watcher.go:72] Checking for runtime processes
[DEBUG Sep 17 19:53:55.937126011, watcher.go:72] Checking for runtime processes
[DEBUG Sep 17 19:54:55.937098028, watcher.go:72] Checking for runtime processes
[DEBUG Sep 17 19:55:55.937125596, watcher.go:72] Checking for runtime processes
[DEBUG Sep 17 19:56:55.937139454, watcher.go:72] Checking for runtime processes
[DEBUG Sep 17 19:57:55.937127653, watcher.go:72] Checking for runtime processes
[DEBUG Sep 17 19:58:55.937122770, watcher.go:72] Checking for runtime processes
[DEBUG Sep 17 19:59:55.937129717, watcher.go:72] Checking for runtime processes
[DEBUG Sep 17 20:00:55.937122457, watcher.go:72] Checking for runtime processes
[DEBUG Sep 17 20:01:55.937127119, watcher.go:72] Checking for runtime processes
[DEBUG Sep 17 20:02:55.937119248, watcher.go:72] Checking for runtime processes
[DEBUG Sep 17 20:03:55.937129966, watcher.go:72] Checking for runtime processes
[DEBUG Sep 17 20:04:55.937124168, watcher.go:72] Checking for runtime processes
[DEBUG Sep 17 20:05:55.937131837, watcher.go:72] Checking for runtime processes
[DEBUG Sep 17 20:06:55.937127367, watcher.go:72] Checking for runtime processes
[DEBUG Sep 17 20:07:55.937150460, watcher.go:72] Checking for runtime processes
[DEBUG Sep 17 20:08:55.937127055, watcher.go:72] Checking for runtime processes
[DEBUG Sep 17 20:09:55.937112220, watcher.go:72] Checking for runtime processes
[DEBUG Sep 17 20:10:55.937121605, watcher.go:72] Checking for runtime processes
[DEBUG Sep 17 20:11:55.937137909, watcher.go:72] Checking for runtime processes
[DEBUG Sep 17 20:12:55.937131066, watcher.go:72] Checking for runtime processes
[DEBUG Sep 17 20:13:55.937156995, watcher.go:72] Checking for runtime processes
[DEBUG Sep 17 20:14:55.937131497, watcher.go:72] Checking for runtime processes
[DEBUG Sep 17 20:15:55.937122891, watcher.go:72] Checking for runtime processes
[DEBUG Sep 17 20:16:55.937131030, watcher.go:72] Checking for runtime processes
[DEBUG Sep 17 20:17:55.937120881, watcher.go:72] Checking for runtime processes
[DEBUG Sep 17 20:18:55.937128445, watcher.go:72] Checking for runtime processes
[DEBUG Sep 17 20:19:55.937112579, watcher.go:72] Checking for runtime processes
[DEBUG Sep 17 20:20:55.937118253, watcher.go:72] Checking for runtime processes
[DEBUG Sep 17 20:21:55.937124137, watcher.go:72] Checking for runtime processes
[DEBUG Sep 17 20:22:55.937127892, watcher.go:72] Checking for runtime processes
[DEBUG Sep 17 20:23:55.937123211, watcher.go:72] Checking for runtime processes
[DEBUG Sep 17 20:24:55.937097850, watcher.go:72] Checking for runtime processes
[DEBUG Sep 17 20:25:55.937121681, watcher.go:72] Checking for runtime processes
[DEBUG Sep 17 20:26:55.937136432, watcher.go:72] Checking for runtime processes
[DEBUG Sep 17 20:27:55.937124439, watcher.go:72] Checking for runtime processes
[DEBUG Sep 17 20:28:55.937124222, watcher.go:72] Checking for runtime processes
[DEBUG Sep 17 20:29:55.937125853, watcher.go:72] Checking for runtime processes
[DEBUG Sep 17 20:30:55.937118902, watcher.go:72] Checking for runtime processes
[DEBUG Sep 17 20:31:55.937127008, watcher.go:72] Checking for runtime processes
[DEBUG Sep 17 20:32:55.937110784, watcher.go:72] Checking for runtime processes
[DEBUG Sep 17 20:33:55.937112807, watcher.go:72] Checking for runtime processes
[DEBUG Sep 17 20:34:55.937125584, watcher.go:72] Checking for runtime processes
[DEBUG Sep 17 20:35:55.937122911, watcher.go:72] Checking for runtime processes
[DEBUG Sep 17 20:36:55.937122408, watcher.go:72] Checking for runtime processes
[DEBUG Sep 17 20:37:55.937100759, watcher.go:72] Checking for runtime processes
[DEBUG Sep 17 20:38:55.937125296, watcher.go:72] Checking for runtime processes
[DEBUG Sep 17 20:39:55.937100894, watcher.go:72] Checking for runtime processes
[DEBUG Sep 17 20:40:55.937130447, watcher.go:72] Checking for runtime processes
[DEBUG Sep 17 20:41:55.937139859, watcher.go:72] Checking for runtime processes
[DEBUG Sep 17 20:42:55.937127999, watcher.go:72] Checking for runtime processes
[DEBUG Sep 17 20:43:55.937123738, watcher.go:72] Checking for runtime processes
[DEBUG Sep 17 20:44:55.937427271, watcher.go:72] Checking for runtime processes
[DEBUG Sep 17 20:45:55.937111236, watcher.go:72] Checking for runtime processes
[DEBUG Sep 17 20:46:55.937127680, watcher.go:72] Checking for runtime processes
[DEBUG Sep 17 20:47:55.937123634, watcher.go:72] Checking for runtime processes
[DEBUG Sep 17 20:48:55.937126125, watcher.go:72] Checking for runtime processes
[DEBUG Sep 17 20:49:55.937122397, watcher.go:72] Checking for runtime processes
[DEBUG Sep 17 20:50:55.937131423, watcher.go:72] Checking for runtime processes
[DEBUG Sep 17 20:51:55.937121977, watcher.go:72] Checking for runtime processes
[DEBUG Sep 17 20:52:55.937127577, watcher.go:72] Checking for runtime processes
[DEBUG Sep 17 20:53:55.937122139, watcher.go:72] Checking for runtime processes
[DEBUG Sep 17 20:54:55.937103101, watcher.go:72] Checking for runtime processes
[DEBUG Sep 17 20:55:55.937123702, watcher.go:72] Checking for runtime processes
[DEBUG Sep 17 20:56:55.937102652, watcher.go:72] Checking for runtime processes
[DEBUG Sep 17 20:57:55.937122319, watcher.go:72] Checking for runtime processes
[DEBUG Sep 17 20:58:55.937134306, watcher.go:72] Checking for runtime processes
[DEBUG Sep 17 20:59:55.937123552, watcher.go:72] Checking for runtime processes
[DEBUG Sep 17 21:00:55.937127505, watcher.go:72] Checking for runtime processes
[DEBUG Sep 17 21:01:55.937127873, watcher.go:72] Checking for runtime processes
[DEBUG Sep 17 21:02:55.937114864, watcher.go:72] Checking for runtime processes
[DEBUG Sep 17 21:03:55.937112828, watcher.go:72] Checking for runtime processes
[DEBUG Sep 17 21:04:55.937127470, watcher.go:72] Checking for runtime processes
[DEBUG Sep 17 21:05:55.937672823, watcher.go:72] Checking for runtime processes
[DEBUG Sep 17 21:06:55.937115688, watcher.go:72] Checking for runtime processes
[DEBUG Sep 17 21:07:55.937123447, watcher.go:72] Checking for runtime processes
[DEBUG Sep 17 21:08:55.937115388, watcher.go:72] Checking for runtime processes
[DEBUG Sep 17 21:09:55.937107189, watcher.go:72] Checking for runtime processes
[DEBUG Sep 17 21:10:55.937114590, watcher.go:72] Checking for runtime processes
[DEBUG Sep 17 21:11:55.937092291, watcher.go:72] Checking for runtime processes
[DEBUG Sep 17 21:12:55.937123579, watcher.go:72] Checking for runtime processes
[DEBUG Sep 17 21:13:55.937134757, watcher.go:72] Checking for runtime processes
[DEBUG Sep 17 21:14:55.937124212, watcher.go:72] Checking for runtime processes
[DEBUG Sep 17 21:15:55.937108141, watcher.go:72] Checking for runtime processes
[DEBUG Sep 17 21:16:55.937114589, watcher.go:72] Checking for runtime processes
[DEBUG Sep 17 21:17:55.937111889, watcher.go:72] Checking for runtime processes
[DEBUG Sep 17 21:18:55.937114544, watcher.go:72] Checking for runtime processes
[DEBUG Sep 17 21:19:55.937124158, watcher.go:72] Checking for runtime processes
[DEBUG Sep 17 21:20:55.937110976, watcher.go:72] Checking for runtime processes
[DEBUG Sep 17 21:21:55.937106972, watcher.go:72] Checking for runtime processes
[DEBUG Sep 17 21:22:55.937116896, watcher.go:72] Checking for runtime processes
[DEBUG Sep 17 21:23:55.937136714, watcher.go:72] Checking for runtime processes
[DEBUG Sep 17 21:24:55.937114356, watcher.go:72] Checking for runtime processes
[DEBUG Sep 17 21:25:55.937110567, watcher.go:72] Checking for runtime processes
[DEBUG Sep 17 21:26:55.937100801, watcher.go:72] Checking for runtime processes
[DEBUG Sep 17 21:27:55.937120877, watcher.go:72] Checking for runtime processes
[DEBUG Sep 17 21:28:55.937098067, watcher.go:72] Checking for runtime processes
[DEBUG Sep 17 21:29:55.937668406, watcher.go:72] Checking for runtime processes
[DEBUG Sep 17 21:30:55.937135414, watcher.go:72] Checking for runtime processes
[DEBUG Sep 17 21:31:55.937114758, watcher.go:72] Checking for runtime processes
[DEBUG Sep 17 21:32:55.937126369, watcher.go:72] Checking for runtime processes
[DEBUG Sep 17 21:33:55.937127035, watcher.go:72] Checking for runtime processes
[DEBUG Sep 17 21:34:55.937125000, watcher.go:72] Checking for runtime processes
[DEBUG Sep 17 21:35:55.937129871, watcher.go:72] Checking for runtime processes
[DEBUG Sep 17 21:36:55.937121932, watcher.go:72] Checking for runtime processes
[DEBUG Sep 17 21:37:55.937124528, watcher.go:72] Checking for runtime processes
[DEBUG Sep 17 21:38:55.937109533, watcher.go:72] Checking for runtime processes
[DEBUG Sep 17 21:39:55.937125876, watcher.go:72] Checking for runtime processes
[DEBUG Sep 17 21:40:55.937123992, watcher.go:72] Checking for runtime processes
[DEBUG Sep 17 21:41:55.937100858, watcher.go:72] Checking for runtime processes
[DEBUG Sep 17 21:42:55.937121432, watcher.go:72] Checking for runtime processes
[DEBUG Sep 17 21:43:55.937120789, watcher.go:72] Checking for runtime processes
[DEBUG Sep 17 21:44:55.937404176, watcher.go:72] Checking for runtime processes
[DEBUG Sep 17 21:45:55.937143140, watcher.go:72] Checking for runtime processes
[DEBUG Sep 17 21:46:55.937153118, watcher.go:72] Checking for runtime processes
[DEBUG Sep 17 21:47:55.937117087, watcher.go:72] Checking for runtime processes
[DEBUG Sep 17 21:48:55.937129858, watcher.go:72] Checking for runtime processes
[DEBUG Sep 17 21:49:55.937123354, watcher.go:72] Checking for runtime processes
[DEBUG Sep 17 21:50:55.937126414, watcher.go:72] Checking for runtime processes
[DEBUG Sep 17 21:51:55.937119085, watcher.go:72] Checking for runtime processes
[DEBUG Sep 17 21:52:55.937125313, watcher.go:72] Checking for runtime processes
[DEBUG Sep 17 21:53:55.937124105, watcher.go:72] Checking for runtime processes
[DEBUG Sep 17 21:54:55.937125084, watcher.go:72] Checking for runtime processes
[DEBUG Sep 17 21:55:55.937122391, watcher.go:72] Checking for runtime processes
[DEBUG Sep 17 21:56:55.937137139, watcher.go:72] Checking for runtime processes
[DEBUG Sep 17 21:57:55.937293423, watcher.go:72] Checking for runtime processes
[DEBUG Sep 17 21:58:55.937109712, watcher.go:72] Checking for runtime processes
[DEBUG Sep 17 21:59:55.937120451, watcher.go:72] Checking for runtime processes
[DEBUG Sep 17 22:00:55.937128714, watcher.go:72] Checking for runtime processes
[DEBUG Sep 17 22:01:55.937123016, watcher.go:72] Checking for runtime processes
[DEBUG Sep 17 22:02:55.937123235, watcher.go:72] Checking for runtime processes
[DEBUG Sep 17 22:03:55.937125636, watcher.go:72] Checking for runtime processes
[DEBUG Sep 17 22:04:55.937123136, watcher.go:72] Checking for runtime processes
[DEBUG Sep 17 22:05:55.937125357, watcher.go:72] Checking for runtime processes
[DEBUG Sep 17 22:06:55.937120715, watcher.go:72] Checking for runtime processes
[DEBUG Sep 17 22:07:55.937134308, watcher.go:72] Checking for runtime processes
[DEBUG Sep 17 22:08:55.937121280, watcher.go:72] Checking for runtime processes
[DEBUG Sep 17 22:09:55.937122063, watcher.go:72] Checking for runtime processes
[DEBUG Sep 17 22:10:55.937121915, watcher.go:72] Checking for runtime processes
[DEBUG Sep 17 22:11:55.937127155, watcher.go:72] Checking for runtime processes
[DEBUG Sep 17 22:12:55.937123028, watcher.go:72] Checking for runtime processes
[DEBUG Sep 17 22:13:55.937109525, watcher.go:72] Checking for runtime processes
[DEBUG Sep 17 22:14:55.937120490, watcher.go:72] Checking for runtime processes
[DEBUG Sep 17 22:15:55.937131047, watcher.go:72] Checking for runtime processes
[DEBUG Sep 17 22:16:55.937126338, watcher.go:72] Checking for runtime processes
[DEBUG Sep 17 22:17:55.937120372, watcher.go:72] Checking for runtime processes
[DEBUG Sep 17 22:18:55.937122187, watcher.go:72] Checking for runtime processes
[DEBUG Sep 17 22:19:55.937110588, watcher.go:72] Checking for runtime processes
[DEBUG Sep 17 22:20:55.937125580, watcher.go:72] Checking for runtime processes
[DEBUG Sep 17 22:21:55.937122420, watcher.go:72] Checking for runtime processes
[DEBUG Sep 17 22:22:55.937125003, watcher.go:72] Checking for runtime processes
[DEBUG Sep 17 22:23:55.937120450, watcher.go:72] Checking for runtime processes
[DEBUG Sep 17 22:24:55.937129388, watcher.go:72] Checking for runtime processes
[DEBUG Sep 17 22:25:55.937110485, watcher.go:72] Checking for runtime processes
[DEBUG Sep 17 22:26:55.937131678, watcher.go:72] Checking for runtime processes
[DEBUG Sep 17 22:27:55.937118157, watcher.go:72] Checking for runtime processes
[DEBUG Sep 17 22:28:55.937099153, watcher.go:72] Checking for runtime processes
[DEBUG Sep 17 22:29:55.937129759, watcher.go:72] Checking for runtime processes
[DEBUG Sep 17 22:30:55.937110511, watcher.go:72] Checking for runtime processes
[DEBUG Sep 17 22:31:55.937122053, watcher.go:72] Checking for runtime processes
[DEBUG Sep 17 22:32:55.937117930, watcher.go:72] Checking for runtime processes
[DEBUG Sep 17 22:33:55.937129733, watcher.go:72] Checking for runtime processes
[DEBUG Sep 17 22:34:55.937199703, watcher.go:72] Checking for runtime processes
[DEBUG Sep 17 22:35:55.937128111, watcher.go:72] Checking for runtime processes
[DEBUG Sep 17 22:36:55.937123877, watcher.go:72] Checking for runtime processes
[DEBUG Sep 17 22:37:55.937131961, watcher.go:72] Checking for runtime processes
[DEBUG Sep 17 22:38:55.937117033, watcher.go:72] Checking for runtime processes
[DEBUG Sep 17 22:39:55.937129677, watcher.go:72] Checking for runtime processes
[DEBUG Sep 17 22:40:55.937126387, watcher.go:72] Checking for runtime processes
[DEBUG Sep 17 22:41:55.937124746, watcher.go:72] Checking for runtime processes
[DEBUG Sep 17 22:42:55.937113690, watcher.go:72] Checking for runtime processes
[DEBUG Sep 17 22:43:55.937114934, watcher.go:72] Checking for runtime processes
[DEBUG Sep 17 22:44:55.937466981, watcher.go:72] Checking for runtime processes
[DEBUG Sep 17 22:45:55.937116188, watcher.go:72] Checking for runtime processes
[DEBUG Sep 17 22:46:55.937123254, watcher.go:72] Checking for runtime processes
[DEBUG Sep 17 22:47:55.937137525, watcher.go:72] Checking for runtime processes
[DEBUG Sep 17 22:48:55.937129626, watcher.go:72] Checking for runtime processes
[DEBUG Sep 17 22:49:55.937123944, watcher.go:72] Checking for runtime processes
[DEBUG Sep 17 22:50:55.937118412, watcher.go:72] Checking for runtime processes
[DEBUG Sep 17 22:51:55.937119180, watcher.go:72] Checking for runtime processes
[DEBUG Sep 17 22:52:55.937129572, watcher.go:72] Checking for runtime processes
[DEBUG Sep 17 22:53:55.937110910, watcher.go:72] Checking for runtime processes
[DEBUG Sep 17 22:54:55.937125965, watcher.go:72] Checking for runtime processes
[DEBUG Sep 17 22:55:55.937111972, watcher.go:72] Checking for runtime processes
[DEBUG Sep 17 22:56:55.937114764, watcher.go:72] Checking for runtime processes
[DEBUG Sep 17 22:57:55.937124199, watcher.go:72] Checking for runtime processes
[DEBUG Sep 17 22:58:55.937118446, watcher.go:72] Checking for runtime processes
[DEBUG Sep 17 22:59:55.937613053, watcher.go:72] Checking for runtime processes
[DEBUG Sep 17 23:00:55.937107208, watcher.go:72] Checking for runtime processes
[DEBUG Sep 17 23:01:55.937111639, watcher.go:72] Checking for runtime processes
[DEBUG Sep 17 23:02:55.937113175, watcher.go:72] Checking for runtime processes
[DEBUG Sep 17 23:03:55.937112312, watcher.go:72] Checking for runtime processes
[DEBUG Sep 17 23:04:55.937121016, watcher.go:72] Checking for runtime processes
[DEBUG Sep 17 23:05:55.937134154, watcher.go:72] Checking for runtime processes
[DEBUG Sep 17 23:06:55.937129439, watcher.go:72] Checking for runtime processes
[DEBUG Sep 17 23:07:55.937132899, watcher.go:72] Checking for runtime processes
[DEBUG Sep 17 23:08:55.937129095, watcher.go:72] Checking for runtime processes
[DEBUG Sep 17 23:09:55.937132832, watcher.go:72] Checking for runtime processes
[DEBUG Sep 17 23:10:55.937122868, watcher.go:72] Checking for runtime processes
[DEBUG Sep 17 23:11:55.937133327, watcher.go:72] Checking for runtime processes
[DEBUG Sep 17 23:12:55.937119245, watcher.go:72] Checking for runtime processes
[DEBUG Sep 17 23:13:55.937110060, watcher.go:72] Checking for runtime processes
[DEBUG Sep 17 23:14:55.937120209, watcher.go:72] Checking for runtime processes
[DEBUG Sep 17 23:15:55.937107980, watcher.go:72] Checking for runtime processes
[DEBUG Sep 17 23:16:55.937125027, watcher.go:72] Checking for runtime processes
[DEBUG Sep 17 23:17:55.937133061, watcher.go:72] Checking for runtime processes
