[DEBUG Aug  2 07:58:24.949070513, defaults.go:273] Args: [/home1/wangfeim/.local/ActiveState/StateTool/release/bin/state-svc start]
[DEBUG Aug  2 07:58:24.962516506, locale.go:38] Init
[DEBUG Aug  2 07:58:25.003272125, errs.go:68] Created error: File could not be found
[DEBUG Aug  2 07:58:25.005977016, errs.go:68] Created error: Not Recognized
[DEBUG Aug  2 07:58:25.026058416, errs.go:68] Created error: Secret not found
[DEBUG Aug  2 07:58:25.026210756, errs.go:68] Created error: Could not save keypair
[DEBUG Aug  2 07:58:25.027050427, errs.go:68] Created error: Build responded with error
[DEBUG Aug  2 07:58:25.027328546, errs.go:68] Created error: Unknown build type
[DEBUG Aug  2 07:58:25.027478257, errors.go:86] Wrapped localized error: <nil> -- with: The installed version of the State Tool Service does not match that of the client.
Please stop the service with [ACTIONABLE]state-svc stop[/RESET] and try your command again.
If this issue persists please reinstall the State Tool.

[DEBUG Aug  2 07:58:25.027495766, errs.go:68] Created error: no data
[DEBUG Aug  2 07:58:25.027524615, errs.go:68] Created error: member not found
[DEBUG Aug  2 07:58:25.027558826, errs.go:68] Created error: Commit count is unknowable
[DEBUG Aug  2 07:58:25.027590744, errs.go:68] Created error: No merge required
[DEBUG Aug  2 07:58:25.027618291, errs.go:68] Created error: Can't merge commit thats already in target commits history
[DEBUG Aug  2 07:58:25.027653357, errs.go:68] Created error: Bad expander name
[DEBUG Aug  2 07:58:25.027679852, errs.go:68] Created error: Expander has no handler
[DEBUG Aug  2 07:58:25.028774098, errs.go:68] Created error: Service is already running
[DEBUG Aug  2 07:58:25.086456148, secrets.go:35] Gcloud Secretmanager failed to initialize (ignore if you're not trying to use gcloud): google: could not find default credentials. See https://developers.google.com/accounts/docs/application-default-credentials for more information.
[DEBUG Aug  2 07:58:25.090296384, output.go:53] Requested outputer for 
[DEBUG Aug  2 07:58:25.090317121, output.go:58] Using Plain outputer
[DEBUG Aug  2 07:58:25.090412175, termutils.go:17] Cannot get terminal size: inappropriate ioctl for device
[DEBUG Aug  2 07:58:25.090495502, client.go:128] Reporting event to 2 reporters: run-command, state-svc start, 
[DEBUG Aug  2 07:58:25.090622236, main.go:107] Running CmdStart
[DEBUG Aug  2 07:58:25.096472573, errs.go:75] Wrapped error: Service is already running -- with: valueF failed
[DEBUG Aug  2 07:58:25.096529455, errs.go:75] Wrapped error: valueF failed -- with: Could not store pid
[DEBUG Aug  2 07:58:25.096604302, errors.go:113] Wrapped input error: Could not store pid -- with: A State Service instance is already running in the background.
[DEBUG Aug  2 07:58:25.096618614, errs.go:75] Wrapped error: A State Service instance is already running in the background. -- with: Could not start serviceManager
[DEBUG Aug  2 07:58:25.096715769, client.go:128] Reporting event to 2 reporters: command-exit, state-svc start, 1
[DEBUG Aug  2 07:58:25.460046123, errs.go:75] Wrapped error: <nil> -- with: Could not start serviceManager: A State Service instance is already running in the background.: Could not store pid: valueF failed: Service is already running
[DEBUG Aug  2 07:58:25.460117090, main.go:61] state-svc errored out due to input: Could not start serviceManager: A State Service instance is already running in the background.: Could not store pid: valueF failed: Service is already running
