[DEBUG Aug  2 08:03:01.017774391, defaults.go:273] Args: [/home1/wangfeim/.local/ActiveState/StateTool/release/bin/state-svc start]
[DEBUG Aug  2 08:03:01.032389784, locale.go:38] Init
[DEBUG Aug  2 08:03:01.098679116, errs.go:68] Created error: File could not be found
[DEBUG Aug  2 08:03:01.101897511, errs.go:68] Created error: Not Recognized
[DEBUG Aug  2 08:03:01.122522232, errs.go:68] Created error: Secret not found
[DEBUG Aug  2 08:03:01.122600210, errs.go:68] Created error: Could not save keypair
[DEBUG Aug  2 08:03:01.122757662, errs.go:68] Created error: Build responded with error
[DEBUG Aug  2 08:03:01.122784296, errs.go:68] Created error: Unknown build type
[DEBUG Aug  2 08:03:01.122896493, errors.go:86] Wrapped localized error: <nil> -- with: The installed version of the State Tool Service does not match that of the client.
Please stop the service with [ACTIONABLE]state-svc stop[/RESET] and try your command again.
If this issue persists please reinstall the State Tool.

[DEBUG Aug  2 08:03:01.122910357, errs.go:68] Created error: no data
[DEBUG Aug  2 08:03:01.122932692, errs.go:68] Created error: member not found
[DEBUG Aug  2 08:03:01.122959933, errs.go:68] Created error: Commit count is unknowable
[DEBUG Aug  2 08:03:01.122992438, errs.go:68] Created error: No merge required
[DEBUG Aug  2 08:03:01.123013331, errs.go:68] Created error: Can't merge commit thats already in target commits history
[DEBUG Aug  2 08:03:01.123049866, errs.go:68] Created error: Bad expander name
[DEBUG Aug  2 08:03:01.123071762, errs.go:68] Created error: Expander has no handler
[DEBUG Aug  2 08:03:01.124105509, errs.go:68] Created error: Service is already running
[DEBUG Aug  2 08:03:01.151974276, secrets.go:35] Gcloud Secretmanager failed to initialize (ignore if you're not trying to use gcloud): google: could not find default credentials. See https://developers.google.com/accounts/docs/application-default-credentials for more information.
[DEBUG Aug  2 08:03:01.188408479, output.go:53] Requested outputer for 
[DEBUG Aug  2 08:03:01.188439899, output.go:58] Using Plain outputer
[DEBUG Aug  2 08:03:01.188549493, termutils.go:17] Cannot get terminal size: inappropriate ioctl for device
[DEBUG Aug  2 08:03:01.188681273, client.go:128] Reporting event to 2 reporters: run-command, state-svc start, 
[DEBUG Aug  2 08:03:01.188722817, main.go:107] Running CmdStart
[DEBUG Aug  2 08:03:01.194474903, errs.go:75] Wrapped error: Service is already running -- with: valueF failed
[DEBUG Aug  2 08:03:01.194534180, errs.go:75] Wrapped error: valueF failed -- with: Could not store pid
[DEBUG Aug  2 08:03:01.194625524, errors.go:113] Wrapped input error: Could not store pid -- with: A State Service instance is already running in the background.
[DEBUG Aug  2 08:03:01.194654394, errs.go:75] Wrapped error: A State Service instance is already running in the background. -- with: Could not start serviceManager
[DEBUG Aug  2 08:03:01.194752038, client.go:128] Reporting event to 2 reporters: command-exit, state-svc start, 1
[DEBUG Aug  2 08:03:01.534927665, errs.go:75] Wrapped error: <nil> -- with: Could not start serviceManager: A State Service instance is already running in the background.: Could not store pid: valueF failed: Service is already running
[DEBUG Aug  2 08:03:01.534992795, main.go:61] state-svc errored out due to input: Could not start serviceManager: A State Service instance is already running in the background.: Could not store pid: valueF failed: Service is already running
