[DEBUG Aug  2 07:45:10.808192023, defaults.go:273] Args: [/home1/wangfeim/.local/ActiveState/StateTool/release/bin/state-svc start]
[DEBUG Aug  2 07:45:10.822817673, locale.go:38] Init
[DEBUG Aug  2 07:45:10.899848037, errs.go:68] Created error: File could not be found
[DEBUG Aug  2 07:45:10.903161829, errs.go:68] Created error: Not Recognized
[DEBUG Aug  2 07:45:10.924525008, errs.go:68] Created error: Secret not found
[DEBUG Aug  2 07:45:10.924591632, errs.go:68] Created error: Could not save keypair
[DEBUG Aug  2 07:45:10.925298518, errs.go:68] Created error: Build responded with error
[DEBUG Aug  2 07:45:10.925360931, errs.go:68] Created error: Unknown build type
[DEBUG Aug  2 07:45:10.925704743, errors.go:86] Wrapped localized error: <nil> -- with: The installed version of the State Tool Service does not match that of the client.
Please stop the service with [ACTIONABLE]state-svc stop[/RESET] and try your command again.
If this issue persists please reinstall the State Tool.

[DEBUG Aug  2 07:45:10.925739784, errs.go:68] Created error: no data
[DEBUG Aug  2 07:45:10.925801082, errs.go:68] Created error: member not found
[DEBUG Aug  2 07:45:10.925856013, errs.go:68] Created error: Commit count is unknowable
[DEBUG Aug  2 07:45:10.925920106, errs.go:68] Created error: No merge required
[DEBUG Aug  2 07:45:10.925982768, errs.go:68] Created error: Can't merge commit thats already in target commits history
[DEBUG Aug  2 07:45:10.926058616, errs.go:68] Created error: Bad expander name
[DEBUG Aug  2 07:45:10.926324365, errs.go:68] Created error: Expander has no handler
[DEBUG Aug  2 07:45:10.927803231, errs.go:68] Created error: Service is already running
[DEBUG Aug  2 07:45:10.987231321, secrets.go:35] Gcloud Secretmanager failed to initialize (ignore if you're not trying to use gcloud): google: could not find default credentials. See https://developers.google.com/accounts/docs/application-default-credentials for more information.
[DEBUG Aug  2 07:45:10.990789791, output.go:53] Requested outputer for 
[DEBUG Aug  2 07:45:10.990815834, output.go:58] Using Plain outputer
[DEBUG Aug  2 07:45:10.990888113, termutils.go:17] Cannot get terminal size: inappropriate ioctl for device
[DEBUG Aug  2 07:45:10.990970075, client.go:128] Reporting event to 2 reporters: run-command, state-svc start, 
[DEBUG Aug  2 07:45:10.991065108, main.go:107] Running CmdStart
[DEBUG Aug  2 07:45:10.997481887, errs.go:75] Wrapped error: Service is already running -- with: valueF failed
[DEBUG Aug  2 07:45:10.997553738, errs.go:75] Wrapped error: valueF failed -- with: Could not store pid
[DEBUG Aug  2 07:45:10.997631149, errors.go:113] Wrapped input error: Could not store pid -- with: A State Service instance is already running in the background.
[DEBUG Aug  2 07:45:10.997645998, errs.go:75] Wrapped error: A State Service instance is already running in the background. -- with: Could not start serviceManager
[DEBUG Aug  2 07:45:10.997739399, client.go:128] Reporting event to 2 reporters: command-exit, state-svc start, 1
[DEBUG Aug  2 07:45:11.384835244, errs.go:75] Wrapped error: <nil> -- with: Could not start serviceManager: A State Service instance is already running in the background.: Could not store pid: valueF failed: Service is already running
[DEBUG Aug  2 07:45:11.384908209, main.go:61] state-svc errored out due to input: Could not start serviceManager: A State Service instance is already running in the background.: Could not store pid: valueF failed: Service is already running
