[DEBUG Aug  2 07:47:25.136802819, defaults.go:273] Args: [/home1/wangfeim/.local/ActiveState/StateTool/release/bin/state-svc start]
[DEBUG Aug  2 07:47:25.151095369, locale.go:38] Init
[DEBUG Aug  2 07:47:25.203099353, errs.go:68] Created error: File could not be found
[DEBUG Aug  2 07:47:25.205736533, errs.go:68] Created error: Not Recognized
[DEBUG Aug  2 07:47:25.226115582, errs.go:68] Created error: Secret not found
[DEBUG Aug  2 07:47:25.226163650, errs.go:68] Created error: Could not save keypair
[DEBUG Aug  2 07:47:25.226318430, errs.go:68] Created error: Build responded with error
[DEBUG Aug  2 07:47:25.226354711, errs.go:68] Created error: Unknown build type
[DEBUG Aug  2 07:47:25.226465171, errors.go:86] Wrapped localized error: <nil> -- with: The installed version of the State Tool Service does not match that of the client.
Please stop the service with [ACTIONABLE]state-svc stop[/RESET] and try your command again.
If this issue persists please reinstall the State Tool.

[DEBUG Aug  2 07:47:25.226480247, errs.go:68] Created error: no data
[DEBUG Aug  2 07:47:25.226503301, errs.go:68] Created error: member not found
[DEBUG Aug  2 07:47:25.226524830, errs.go:68] Created error: Commit count is unknowable
[DEBUG Aug  2 07:47:25.226554482, errs.go:68] Created error: No merge required
[DEBUG Aug  2 07:47:25.226576237, errs.go:68] Created error: Can't merge commit thats already in target commits history
[DEBUG Aug  2 07:47:25.226599735, errs.go:68] Created error: Bad expander name
[DEBUG Aug  2 07:47:25.226620315, errs.go:68] Created error: Expander has no handler
[DEBUG Aug  2 07:47:25.227674924, errs.go:68] Created error: Service is already running
[DEBUG Aug  2 07:47:25.286513349, secrets.go:35] Gcloud Secretmanager failed to initialize (ignore if you're not trying to use gcloud): google: could not find default credentials. See https://developers.google.com/accounts/docs/application-default-credentials for more information.
[DEBUG Aug  2 07:47:25.289739267, output.go:53] Requested outputer for 
[DEBUG Aug  2 07:47:25.289766178, output.go:58] Using Plain outputer
[DEBUG Aug  2 07:47:25.289843762, termutils.go:17] Cannot get terminal size: inappropriate ioctl for device
[DEBUG Aug  2 07:47:25.289947707, client.go:128] Reporting event to 2 reporters: run-command, state-svc start, 
[DEBUG Aug  2 07:47:25.289993310, main.go:107] Running CmdStart
[DEBUG Aug  2 07:47:25.295777008, errs.go:75] Wrapped error: Service is already running -- with: valueF failed
[DEBUG Aug  2 07:47:25.295843630, errs.go:75] Wrapped error: valueF failed -- with: Could not store pid
[DEBUG Aug  2 07:47:25.295926719, errors.go:113] Wrapped input error: Could not store pid -- with: A State Service instance is already running in the background.
[DEBUG Aug  2 07:47:25.295942714, errs.go:75] Wrapped error: A State Service instance is already running in the background. -- with: Could not start serviceManager
[DEBUG Aug  2 07:47:25.296020539, client.go:128] Reporting event to 2 reporters: command-exit, state-svc start, 1
[DEBUG Aug  2 07:47:25.646816576, errs.go:75] Wrapped error: <nil> -- with: Could not start serviceManager: A State Service instance is already running in the background.: Could not store pid: valueF failed: Service is already running
[DEBUG Aug  2 07:47:25.646883868, main.go:61] state-svc errored out due to input: Could not start serviceManager: A State Service instance is already running in the background.: Could not store pid: valueF failed: Service is already running
