[DEBUG Aug  2 07:41:15.449940260, defaults.go:273] Args: [/home1/wangfeim/.local/ActiveState/StateTool/release/bin/state-svc start]
[DEBUG Aug  2 07:41:15.490950452, locale.go:38] Init
[DEBUG Aug  2 07:41:15.533531040, errs.go:68] Created error: File could not be found
[DEBUG Aug  2 07:41:15.536726845, errs.go:68] Created error: Not Recognized
[DEBUG Aug  2 07:41:15.599988589, errs.go:68] Created error: Secret not found
[DEBUG Aug  2 07:41:15.600036756, errs.go:68] Created error: Could not save keypair
[DEBUG Aug  2 07:41:15.600201527, errs.go:68] Created error: Build responded with error
[DEBUG Aug  2 07:41:15.600233118, errs.go:68] Created error: Unknown build type
[DEBUG Aug  2 07:41:15.600336894, errors.go:86] Wrapped localized error: <nil> -- with: The installed version of the State Tool Service does not match that of the client.
Please stop the service with [ACTIONABLE]state-svc stop[/RESET] and try your command again.
If this issue persists please reinstall the State Tool.

[DEBUG Aug  2 07:41:15.600349394, errs.go:68] Created error: no data
[DEBUG Aug  2 07:41:15.600373005, errs.go:68] Created error: member not found
[DEBUG Aug  2 07:41:15.600396526, errs.go:68] Created error: Commit count is unknowable
[DEBUG Aug  2 07:41:15.600419470, errs.go:68] Created error: No merge required
[DEBUG Aug  2 07:41:15.600441127, errs.go:68] Created error: Can't merge commit thats already in target commits history
[DEBUG Aug  2 07:41:15.600463978, errs.go:68] Created error: Bad expander name
[DEBUG Aug  2 07:41:15.600488525, errs.go:68] Created error: Expander has no handler
[DEBUG Aug  2 07:41:15.603081335, errs.go:68] Created error: Service is already running
[DEBUG Aug  2 07:41:15.634960829, secrets.go:35] Gcloud Secretmanager failed to initialize (ignore if you're not trying to use gcloud): google: could not find default credentials. See https://developers.google.com/accounts/docs/application-default-credentials for more information.
[DEBUG Aug  2 07:41:15.638692458, output.go:53] Requested outputer for 
[DEBUG Aug  2 07:41:15.638712964, output.go:58] Using Plain outputer
[DEBUG Aug  2 07:41:15.638777072, termutils.go:17] Cannot get terminal size: inappropriate ioctl for device
[DEBUG Aug  2 07:41:15.638903560, client.go:128] Reporting event to 2 reporters: run-command, state-svc start, 
[DEBUG Aug  2 07:41:15.638999909, main.go:107] Running CmdStart
[DEBUG Aug  2 07:41:15.688504219, errs.go:75] Wrapped error: Service is already running -- with: valueF failed
[DEBUG Aug  2 07:41:15.688575219, errs.go:75] Wrapped error: valueF failed -- with: Could not store pid
[DEBUG Aug  2 07:41:15.688660454, errors.go:113] Wrapped input error: Could not store pid -- with: A State Service instance is already running in the background.
[DEBUG Aug  2 07:41:15.688676543, errs.go:75] Wrapped error: A State Service instance is already running in the background. -- with: Could not start serviceManager
[DEBUG Aug  2 07:41:15.688772984, client.go:128] Reporting event to 2 reporters: command-exit, state-svc start, 1
[DEBUG Aug  2 07:41:16.028180217, errs.go:75] Wrapped error: <nil> -- with: Could not start serviceManager: A State Service instance is already running in the background.: Could not store pid: valueF failed: Service is already running
[DEBUG Aug  2 07:41:16.028263011, main.go:61] state-svc errored out due to input: Could not start serviceManager: A State Service instance is already running in the background.: Could not store pid: valueF failed: Service is already running
