[DEBUG Aug  2 08:06:59.307708909, defaults.go:273] Args: [/home1/wangfeim/.local/ActiveState/StateTool/release/bin/state-svc start]
[DEBUG Aug  2 08:06:59.321049207, locale.go:38] Init
[DEBUG Aug  2 08:06:59.485804633, errs.go:68] Created error: File could not be found
[DEBUG Aug  2 08:06:59.488941309, errs.go:68] Created error: Not Recognized
[DEBUG Aug  2 08:06:59.511610260, errs.go:68] Created error: Secret not found
[DEBUG Aug  2 08:06:59.511663990, errs.go:68] Created error: Could not save keypair
[DEBUG Aug  2 08:06:59.511851025, errs.go:68] Created error: Build responded with error
[DEBUG Aug  2 08:06:59.511885710, errs.go:68] Created error: Unknown build type
[DEBUG Aug  2 08:06:59.512014453, errors.go:86] Wrapped localized error: <nil> -- with: The installed version of the State Tool Service does not match that of the client.
Please stop the service with [ACTIONABLE]state-svc stop[/RESET] and try your command again.
If this issue persists please reinstall the State Tool.

[DEBUG Aug  2 08:06:59.512030779, errs.go:68] Created error: no data
[DEBUG Aug  2 08:06:59.512060736, errs.go:68] Created error: member not found
[DEBUG Aug  2 08:06:59.512089022, errs.go:68] Created error: Commit count is unknowable
[DEBUG Aug  2 08:06:59.512113267, errs.go:68] Created error: No merge required
[DEBUG Aug  2 08:06:59.512139692, errs.go:68] Created error: Can't merge commit thats already in target commits history
[DEBUG Aug  2 08:06:59.512163057, errs.go:68] Created error: Bad expander name
[DEBUG Aug  2 08:06:59.512185843, errs.go:68] Created error: Expander has no handler
[DEBUG Aug  2 08:06:59.513306825, errs.go:68] Created error: Service is already running
[DEBUG Aug  2 08:06:59.545734217, secrets.go:35] Gcloud Secretmanager failed to initialize (ignore if you're not trying to use gcloud): google: could not find default credentials. See https://developers.google.com/accounts/docs/application-default-credentials for more information.
[DEBUG Aug  2 08:06:59.552382244, output.go:53] Requested outputer for 
[DEBUG Aug  2 08:06:59.552411521, output.go:58] Using Plain outputer
[DEBUG Aug  2 08:06:59.552498952, termutils.go:17] Cannot get terminal size: inappropriate ioctl for device
[DEBUG Aug  2 08:06:59.552578346, client.go:128] Reporting event to 2 reporters: run-command, state-svc start, 
[DEBUG Aug  2 08:06:59.552676704, main.go:107] Running CmdStart
[DEBUG Aug  2 08:06:59.558948144, errs.go:75] Wrapped error: Service is already running -- with: valueF failed
[DEBUG Aug  2 08:06:59.559013141, errs.go:75] Wrapped error: valueF failed -- with: Could not store pid
[DEBUG Aug  2 08:06:59.559080396, errors.go:113] Wrapped input error: Could not store pid -- with: A State Service instance is already running in the background.
[DEBUG Aug  2 08:06:59.559093746, errs.go:75] Wrapped error: A State Service instance is already running in the background. -- with: Could not start serviceManager
[DEBUG Aug  2 08:06:59.559159211, client.go:128] Reporting event to 2 reporters: command-exit, state-svc start, 1
[DEBUG Aug  2 08:06:59.890802456, errs.go:75] Wrapped error: <nil> -- with: Could not start serviceManager: A State Service instance is already running in the background.: Could not store pid: valueF failed: Service is already running
[DEBUG Aug  2 08:06:59.890874691, main.go:61] state-svc errored out due to input: Could not start serviceManager: A State Service instance is already running in the background.: Could not store pid: valueF failed: Service is already running
