[DEBUG Aug  2 08:15:29.396453921, defaults.go:273] Args: [/home1/wangfeim/.local/ActiveState/StateTool/release/bin/state-svc start]
[DEBUG Aug  2 08:15:29.410344659, locale.go:38] Init
[DEBUG Aug  2 08:15:29.932046596, errs.go:68] Created error: File could not be found
[DEBUG Aug  2 08:15:29.935778460, errs.go:68] Created error: Not Recognized
[DEBUG Aug  2 08:15:29.959311062, errs.go:68] Created error: Secret not found
[DEBUG Aug  2 08:15:29.959368278, errs.go:68] Created error: Could not save keypair
[DEBUG Aug  2 08:15:29.959575857, errs.go:68] Created error: Build responded with error
[DEBUG Aug  2 08:15:29.959659811, errs.go:68] Created error: Unknown build type
[DEBUG Aug  2 08:15:29.959790202, errors.go:86] Wrapped localized error: <nil> -- with: The installed version of the State Tool Service does not match that of the client.
Please stop the service with [ACTIONABLE]state-svc stop[/RESET] and try your command again.
If this issue persists please reinstall the State Tool.

[DEBUG Aug  2 08:15:29.959805824, errs.go:68] Created error: no data
[DEBUG Aug  2 08:15:29.959831578, errs.go:68] Created error: member not found
[DEBUG Aug  2 08:15:29.959856662, errs.go:68] Created error: Commit count is unknowable
[DEBUG Aug  2 08:15:29.959887927, errs.go:68] Created error: No merge required
[DEBUG Aug  2 08:15:29.959912147, errs.go:68] Created error: Can't merge commit thats already in target commits history
[DEBUG Aug  2 08:15:29.959936879, errs.go:68] Created error: Bad expander name
[DEBUG Aug  2 08:15:29.959962028, errs.go:68] Created error: Expander has no handler
[DEBUG Aug  2 08:15:29.961200811, errs.go:68] Created error: Service is already running
[DEBUG Aug  2 08:15:30.010387289, secrets.go:35] Gcloud Secretmanager failed to initialize (ignore if you're not trying to use gcloud): google: could not find default credentials. See https://developers.google.com/accounts/docs/application-default-credentials for more information.
[DEBUG Aug  2 08:15:30.013989362, output.go:53] Requested outputer for 
[DEBUG Aug  2 08:15:30.014039611, output.go:58] Using Plain outputer
[DEBUG Aug  2 08:15:30.014157733, termutils.go:17] Cannot get terminal size: inappropriate ioctl for device
[DEBUG Aug  2 08:15:30.014193966, client.go:128] Reporting event to 2 reporters: run-command, state-svc start, 
[DEBUG Aug  2 08:15:30.014409185, main.go:107] Running CmdStart
[DEBUG Aug  2 08:15:30.020397629, errs.go:75] Wrapped error: Service is already running -- with: valueF failed
[DEBUG Aug  2 08:15:30.020477728, errs.go:75] Wrapped error: valueF failed -- with: Could not store pid
[DEBUG Aug  2 08:15:30.020559311, errors.go:113] Wrapped input error: Could not store pid -- with: A State Service instance is already running in the background.
[DEBUG Aug  2 08:15:30.020581872, errs.go:75] Wrapped error: A State Service instance is already running in the background. -- with: Could not start serviceManager
[DEBUG Aug  2 08:15:30.020685707, client.go:128] Reporting event to 2 reporters: command-exit, state-svc start, 1
[DEBUG Aug  2 08:15:30.449324721, errs.go:75] Wrapped error: <nil> -- with: Could not start serviceManager: A State Service instance is already running in the background.: Could not store pid: valueF failed: Service is already running
[DEBUG Aug  2 08:15:30.449395304, main.go:61] state-svc errored out due to input: Could not start serviceManager: A State Service instance is already running in the background.: Could not store pid: valueF failed: Service is already running
