[DEBUG Aug  2 08:04:52.772621301, defaults.go:273] Args: [/home1/wangfeim/.local/ActiveState/StateTool/release/bin/state-svc start]
[DEBUG Aug  2 08:04:52.786565457, locale.go:38] Init
[DEBUG Aug  2 08:04:52.865210234, errs.go:68] Created error: File could not be found
[DEBUG Aug  2 08:04:52.868571498, errs.go:68] Created error: Not Recognized
[DEBUG Aug  2 08:04:52.890116502, errs.go:68] Created error: Secret not found
[DEBUG Aug  2 08:04:52.890171645, errs.go:68] Created error: Could not save keypair
[DEBUG Aug  2 08:04:52.890348468, errs.go:68] Created error: Build responded with error
[DEBUG Aug  2 08:04:52.890378020, errs.go:68] Created error: Unknown build type
[DEBUG Aug  2 08:04:52.890507255, errors.go:86] Wrapped localized error: <nil> -- with: The installed version of the State Tool Service does not match that of the client.
Please stop the service with [ACTIONABLE]state-svc stop[/RESET] and try your command again.
If this issue persists please reinstall the State Tool.

[DEBUG Aug  2 08:04:52.890523577, errs.go:68] Created error: no data
[DEBUG Aug  2 08:04:52.890557479, errs.go:68] Created error: member not found
[DEBUG Aug  2 08:04:52.890585157, errs.go:68] Created error: Commit count is unknowable
[DEBUG Aug  2 08:04:52.890625679, errs.go:68] Created error: No merge required
[DEBUG Aug  2 08:04:52.890656549, errs.go:68] Created error: Can't merge commit thats already in target commits history
[DEBUG Aug  2 08:04:52.890688735, errs.go:68] Created error: Bad expander name
[DEBUG Aug  2 08:04:52.890714057, errs.go:68] Created error: Expander has no handler
[DEBUG Aug  2 08:04:52.891935114, errs.go:68] Created error: Service is already running
[DEBUG Aug  2 08:04:52.928172562, secrets.go:35] Gcloud Secretmanager failed to initialize (ignore if you're not trying to use gcloud): google: could not find default credentials. See https://developers.google.com/accounts/docs/application-default-credentials for more information.
[DEBUG Aug  2 08:04:52.936547435, output.go:53] Requested outputer for 
[DEBUG Aug  2 08:04:52.936571084, output.go:58] Using Plain outputer
[DEBUG Aug  2 08:04:52.936663021, termutils.go:17] Cannot get terminal size: inappropriate ioctl for device
[DEBUG Aug  2 08:04:52.936777206, client.go:128] Reporting event to 2 reporters: run-command, state-svc start, 
[DEBUG Aug  2 08:04:52.936842528, main.go:107] Running CmdStart
[DEBUG Aug  2 08:04:52.942940955, errs.go:75] Wrapped error: Service is already running -- with: valueF failed
[DEBUG Aug  2 08:04:52.943008691, errs.go:75] Wrapped error: valueF failed -- with: Could not store pid
[DEBUG Aug  2 08:04:52.943089495, errors.go:113] Wrapped input error: Could not store pid -- with: A State Service instance is already running in the background.
[DEBUG Aug  2 08:04:52.943104381, errs.go:75] Wrapped error: A State Service instance is already running in the background. -- with: Could not start serviceManager
[DEBUG Aug  2 08:04:52.943198182, client.go:128] Reporting event to 2 reporters: command-exit, state-svc start, 1
[DEBUG Aug  2 08:04:53.268197890, errs.go:75] Wrapped error: <nil> -- with: Could not start serviceManager: A State Service instance is already running in the background.: Could not store pid: valueF failed: Service is already running
[DEBUG Aug  2 08:04:53.268295229, main.go:61] state-svc errored out due to input: Could not start serviceManager: A State Service instance is already running in the background.: Could not store pid: valueF failed: Service is already running
