[DEBUG Sep 17 11:43:35.258995108, defaults.go:273] Args: [/home1/wangfeim/.local/ActiveState/StateTool/release/bin/state-svc start]
[DEBUG Sep 17 11:43:35.278380727, locale.go:38] Init
[DEBUG Sep 17 11:43:35.316188354, errs.go:68] Created error: File could not be found
[DEBUG Sep 17 11:43:35.319285677, errs.go:68] Created error: Not Recognized
[DEBUG Sep 17 11:43:35.343774779, errs.go:68] Created error: Secret not found
[DEBUG Sep 17 11:43:35.343850824, errs.go:68] Created error: Could not save keypair
[DEBUG Sep 17 11:43:35.344402044, errs.go:68] Created error: Build responded with error
[DEBUG Sep 17 11:43:35.344455115, errs.go:68] Created error: Unknown build type
[DEBUG Sep 17 11:43:35.344605489, errors.go:86] Wrapped localized error: <nil> -- with: The installed version of the State Tool Service does not match that of the client.
Please stop the service with [ACTIONABLE]state-svc stop[/RESET] and try your command again.
If this issue persists please reinstall the State Tool.

[DEBUG Sep 17 11:43:35.344623006, errs.go:68] Created error: no data
[DEBUG Sep 17 11:43:35.344656650, errs.go:68] Created error: member not found
[DEBUG Sep 17 11:43:35.344687729, errs.go:68] Created error: Commit count is unknowable
[DEBUG Sep 17 11:43:35.344715345, errs.go:68] Created error: No merge required
[DEBUG Sep 17 11:43:35.344745774, errs.go:68] Created error: Can't merge commit thats already in target commits history
[DEBUG Sep 17 11:43:35.344778958, errs.go:68] Created error: Bad expander name
[DEBUG Sep 17 11:43:35.344813616, errs.go:68] Created error: Expander has no handler
[DEBUG Sep 17 11:43:35.347280082, errs.go:68] Created error: Service is already running
[DEBUG Sep 17 11:43:35.384414887, secrets.go:35] Gcloud Secretmanager failed to initialize (ignore if you're not trying to use gcloud): google: could not find default credentials. See https://developers.google.com/accounts/docs/application-default-credentials for more information.
[DEBUG Sep 17 11:43:35.389032175, output.go:53] Requested outputer for 
[DEBUG Sep 17 11:43:35.389072298, output.go:58] Using Plain outputer
[DEBUG Sep 17 11:43:35.389154790, termutils.go:17] Cannot get terminal size: inappropriate ioctl for device
[DEBUG Sep 17 11:43:35.389283695, main.go:107] Running CmdStart
[DEBUG Sep 17 11:43:35.390538486, exeutils.go:149] Executing: /home1/wangfeim/.local/ActiveState/StateTool/release/bin/state-svc [foreground]
[DEBUG Sep 17 11:43:35.394189102, manager.go:68] Process started using pid 1795
[DEBUG Sep 17 11:43:35.394240562, client.go:128] Reporting event to 2 reporters: command-exit, state-svc start, 0
[DEBUG Sep 17 11:43:35.394472622, client.go:128] Reporting event to 2 reporters: run-command, state-svc start, 
