[DEBUG Aug  2 08:02:19.920531776, defaults.go:273] Args: [/home1/wangfeim/.local/ActiveState/StateTool/release/bin/state-svc start]
[DEBUG Aug  2 08:02:19.934670067, locale.go:38] Init
[DEBUG Aug  2 08:02:20.202566102, errs.go:68] Created error: File could not be found
[DEBUG Aug  2 08:02:20.205678273, errs.go:68] Created error: Not Recognized
[DEBUG Aug  2 08:02:20.227349734, errs.go:68] Created error: Secret not found
[DEBUG Aug  2 08:02:20.227414821, errs.go:68] Created error: Could not save keypair
[DEBUG Aug  2 08:02:20.227614186, errs.go:68] Created error: Build responded with error
[DEBUG Aug  2 08:02:20.227644177, errs.go:68] Created error: Unknown build type
[DEBUG Aug  2 08:02:20.227760733, errors.go:86] Wrapped localized error: <nil> -- with: The installed version of the State Tool Service does not match that of the client.
Please stop the service with [ACTIONABLE]state-svc stop[/RESET] and try your command again.
If this issue persists please reinstall the State Tool.

[DEBUG Aug  2 08:02:20.227783589, errs.go:68] Created error: no data
[DEBUG Aug  2 08:02:20.227823401, errs.go:68] Created error: member not found
[DEBUG Aug  2 08:02:20.227853105, errs.go:68] Created error: Commit count is unknowable
[DEBUG Aug  2 08:02:20.227877561, errs.go:68] Created error: No merge required
[DEBUG Aug  2 08:02:20.227910121, errs.go:68] Created error: Can't merge commit thats already in target commits history
[DEBUG Aug  2 08:02:20.227935252, errs.go:68] Created error: Bad expander name
[DEBUG Aug  2 08:02:20.227958865, errs.go:68] Created error: Expander has no handler
[DEBUG Aug  2 08:02:20.229075091, errs.go:68] Created error: Service is already running
[DEBUG Aug  2 08:02:20.264292119, secrets.go:35] Gcloud Secretmanager failed to initialize (ignore if you're not trying to use gcloud): google: could not find default credentials. See https://developers.google.com/accounts/docs/application-default-credentials for more information.
[DEBUG Aug  2 08:02:20.269749602, output.go:53] Requested outputer for 
[DEBUG Aug  2 08:02:20.269782454, output.go:58] Using Plain outputer
[DEBUG Aug  2 08:02:20.269842068, termutils.go:17] Cannot get terminal size: inappropriate ioctl for device
[DEBUG Aug  2 08:02:20.269952317, client.go:128] Reporting event to 2 reporters: run-command, state-svc start, 
[DEBUG Aug  2 08:02:20.270015617, main.go:107] Running CmdStart
[DEBUG Aug  2 08:02:20.276367591, errs.go:75] Wrapped error: Service is already running -- with: valueF failed
[DEBUG Aug  2 08:02:20.276433889, errs.go:75] Wrapped error: valueF failed -- with: Could not store pid
[DEBUG Aug  2 08:02:20.276502921, errors.go:113] Wrapped input error: Could not store pid -- with: A State Service instance is already running in the background.
[DEBUG Aug  2 08:02:20.276517034, errs.go:75] Wrapped error: A State Service instance is already running in the background. -- with: Could not start serviceManager
[DEBUG Aug  2 08:02:20.276629274, client.go:128] Reporting event to 2 reporters: command-exit, state-svc start, 1
[DEBUG Aug  2 08:02:20.611357155, errs.go:75] Wrapped error: <nil> -- with: Could not start serviceManager: A State Service instance is already running in the background.: Could not store pid: valueF failed: Service is already running
[DEBUG Aug  2 08:02:20.611426802, main.go:61] state-svc errored out due to input: Could not start serviceManager: A State Service instance is already running in the background.: Could not store pid: valueF failed: Service is already running
