[DEBUG Aug  2 07:56:07.759805770, defaults.go:273] Args: [/home1/wangfeim/.local/ActiveState/StateTool/release/bin/state-svc start]
[DEBUG Aug  2 07:56:07.773405868, locale.go:38] Init
[DEBUG Aug  2 07:56:07.831035999, errs.go:68] Created error: File could not be found
[DEBUG Aug  2 07:56:07.834580471, errs.go:68] Created error: Not Recognized
[DEBUG Aug  2 07:56:07.902735164, errs.go:68] Created error: Secret not found
[DEBUG Aug  2 07:56:07.902789617, errs.go:68] Created error: Could not save keypair
[DEBUG Aug  2 07:56:07.902960543, errs.go:68] Created error: Build responded with error
[DEBUG Aug  2 07:56:07.903004209, errs.go:68] Created error: Unknown build type
[DEBUG Aug  2 07:56:07.903118537, errors.go:86] Wrapped localized error: <nil> -- with: The installed version of the State Tool Service does not match that of the client.
Please stop the service with [ACTIONABLE]state-svc stop[/RESET] and try your command again.
If this issue persists please reinstall the State Tool.

[DEBUG Aug  2 07:56:07.903138792, errs.go:68] Created error: no data
[DEBUG Aug  2 07:56:07.903163874, errs.go:68] Created error: member not found
[DEBUG Aug  2 07:56:07.903199807, errs.go:68] Created error: Commit count is unknowable
[DEBUG Aug  2 07:56:07.903237291, errs.go:68] Created error: No merge required
[DEBUG Aug  2 07:56:07.903258353, errs.go:68] Created error: Can't merge commit thats already in target commits history
[DEBUG Aug  2 07:56:07.903280912, errs.go:68] Created error: Bad expander name
[DEBUG Aug  2 07:56:07.903306515, errs.go:68] Created error: Expander has no handler
[DEBUG Aug  2 07:56:07.904466970, errs.go:68] Created error: Service is already running
[DEBUG Aug  2 07:56:07.939294995, secrets.go:35] Gcloud Secretmanager failed to initialize (ignore if you're not trying to use gcloud): google: could not find default credentials. See https://developers.google.com/accounts/docs/application-default-credentials for more information.
[DEBUG Aug  2 07:56:07.943235696, output.go:53] Requested outputer for 
[DEBUG Aug  2 07:56:07.943259316, output.go:58] Using Plain outputer
[DEBUG Aug  2 07:56:07.943339046, termutils.go:17] Cannot get terminal size: inappropriate ioctl for device
[DEBUG Aug  2 07:56:07.943432286, client.go:128] Reporting event to 2 reporters: run-command, state-svc start, 
[DEBUG Aug  2 07:56:07.943474526, main.go:107] Running CmdStart
[DEBUG Aug  2 07:56:07.949262754, errs.go:75] Wrapped error: Service is already running -- with: valueF failed
[DEBUG Aug  2 07:56:07.949312191, errs.go:75] Wrapped error: valueF failed -- with: Could not store pid
[DEBUG Aug  2 07:56:07.949383119, errors.go:113] Wrapped input error: Could not store pid -- with: A State Service instance is already running in the background.
[DEBUG Aug  2 07:56:07.949397249, errs.go:75] Wrapped error: A State Service instance is already running in the background. -- with: Could not start serviceManager
[DEBUG Aug  2 07:56:07.949491528, client.go:128] Reporting event to 2 reporters: command-exit, state-svc start, 1
[DEBUG Aug  2 07:56:08.385337613, errs.go:75] Wrapped error: <nil> -- with: Could not start serviceManager: A State Service instance is already running in the background.: Could not store pid: valueF failed: Service is already running
[DEBUG Aug  2 07:56:08.385447573, main.go:61] state-svc errored out due to input: Could not start serviceManager: A State Service instance is already running in the background.: Could not store pid: valueF failed: Service is already running
