[DEBUG Aug  2 07:42:27.951190166, defaults.go:273] Args: [/home1/wangfeim/.local/ActiveState/StateTool/release/bin/state-svc start]
[DEBUG Aug  2 07:42:27.994829571, locale.go:38] Init
[DEBUG Aug  2 07:42:28.036771777, errs.go:68] Created error: File could not be found
[DEBUG Aug  2 07:42:28.039907223, errs.go:68] Created error: Not Recognized
[DEBUG Aug  2 07:42:28.093974760, errs.go:68] Created error: Secret not found
[DEBUG Aug  2 07:42:28.094035733, errs.go:68] Created error: Could not save keypair
[DEBUG Aug  2 07:42:28.094268805, errs.go:68] Created error: Build responded with error
[DEBUG Aug  2 07:42:28.094304312, errs.go:68] Created error: Unknown build type
[DEBUG Aug  2 07:42:28.094441627, errors.go:86] Wrapped localized error: <nil> -- with: The installed version of the State Tool Service does not match that of the client.
Please stop the service with [ACTIONABLE]state-svc stop[/RESET] and try your command again.
If this issue persists please reinstall the State Tool.

[DEBUG Aug  2 07:42:28.094457197, errs.go:68] Created error: no data
[DEBUG Aug  2 07:42:28.094479746, errs.go:68] Created error: member not found
[DEBUG Aug  2 07:42:28.094501827, errs.go:68] Created error: Commit count is unknowable
[DEBUG Aug  2 07:42:28.094522508, errs.go:68] Created error: No merge required
[DEBUG Aug  2 07:42:28.094559883, errs.go:68] Created error: Can't merge commit thats already in target commits history
[DEBUG Aug  2 07:42:28.094582577, errs.go:68] Created error: Bad expander name
[DEBUG Aug  2 07:42:28.094617137, errs.go:68] Created error: Expander has no handler
[DEBUG Aug  2 07:42:28.096984452, errs.go:68] Created error: Service is already running
[DEBUG Aug  2 07:42:28.122212732, secrets.go:35] Gcloud Secretmanager failed to initialize (ignore if you're not trying to use gcloud): google: could not find default credentials. See https://developers.google.com/accounts/docs/application-default-credentials for more information.
[DEBUG Aug  2 07:42:28.127346275, output.go:53] Requested outputer for 
[DEBUG Aug  2 07:42:28.127388023, output.go:58] Using Plain outputer
[DEBUG Aug  2 07:42:28.127486465, termutils.go:17] Cannot get terminal size: inappropriate ioctl for device
[DEBUG Aug  2 07:42:28.127873044, main.go:107] Running CmdStart
[DEBUG Aug  2 07:42:28.129728279, client.go:128] Reporting event to 2 reporters: run-command, state-svc start, 
[DEBUG Aug  2 07:42:28.134284963, errs.go:75] Wrapped error: Service is already running -- with: valueF failed
[DEBUG Aug  2 07:42:28.134348163, errs.go:75] Wrapped error: valueF failed -- with: Could not store pid
[DEBUG Aug  2 07:42:28.134424817, errors.go:113] Wrapped input error: Could not store pid -- with: A State Service instance is already running in the background.
[DEBUG Aug  2 07:42:28.134459149, errs.go:75] Wrapped error: A State Service instance is already running in the background. -- with: Could not start serviceManager
[DEBUG Aug  2 07:42:28.134633447, client.go:128] Reporting event to 2 reporters: command-exit, state-svc start, 1
[DEBUG Aug  2 07:42:28.554829099, errs.go:75] Wrapped error: <nil> -- with: Could not start serviceManager: A State Service instance is already running in the background.: Could not store pid: valueF failed: Service is already running
[DEBUG Aug  2 07:42:28.554894966, main.go:61] state-svc errored out due to input: Could not start serviceManager: A State Service instance is already running in the background.: Could not store pid: valueF failed: Service is already running
