[DEBUG Sep 18 10:05:42.098882791, defaults.go:273] Args: [/home1/wangfeim/.local/ActiveState/StateTool/release/bin/state-svc start]
[DEBUG Sep 18 10:05:42.113297002, locale.go:38] Init
[DEBUG Sep 18 10:05:42.144392102, errs.go:68] Created error: File could not be found
[DEBUG Sep 18 10:05:42.147626238, errs.go:68] Created error: Not Recognized
[DEBUG Sep 18 10:05:42.169421855, errs.go:68] Created error: Secret not found
[DEBUG Sep 18 10:05:42.169490757, errs.go:68] Created error: Could not save keypair
[DEBUG Sep 18 10:05:42.169706774, errs.go:68] Created error: Build responded with error
[DEBUG Sep 18 10:05:42.169750843, errs.go:68] Created error: Unknown build type
[DEBUG Sep 18 10:05:42.169985085, errors.go:86] Wrapped localized error: <nil> -- with: The installed version of the State Tool Service does not match that of the client.
Please stop the service with [ACTIONABLE]state-svc stop[/RESET] and try your command again.
If this issue persists please reinstall the State Tool.

[DEBUG Sep 18 10:05:42.170004363, errs.go:68] Created error: no data
[DEBUG Sep 18 10:05:42.170034192, errs.go:68] Created error: member not found
[DEBUG Sep 18 10:05:42.170059306, errs.go:68] Created error: Commit count is unknowable
[DEBUG Sep 18 10:05:42.170085018, errs.go:68] Created error: No merge required
[DEBUG Sep 18 10:05:42.170110922, errs.go:68] Created error: Can't merge commit thats already in target commits history
[DEBUG Sep 18 10:05:42.170136664, errs.go:68] Created error: Bad expander name
[DEBUG Sep 18 10:05:42.170162123, errs.go:68] Created error: Expander has no handler
[DEBUG Sep 18 10:05:42.172748655, errs.go:68] Created error: Service is already running
[DEBUG Sep 18 10:05:42.206592735, secrets.go:35] Gcloud Secretmanager failed to initialize (ignore if you're not trying to use gcloud): google: could not find default credentials. See https://developers.google.com/accounts/docs/application-default-credentials for more information.
[DEBUG Sep 18 10:05:42.210748978, output.go:53] Requested outputer for 
[DEBUG Sep 18 10:05:42.210768023, output.go:58] Using Plain outputer
[DEBUG Sep 18 10:05:42.210871220, termutils.go:17] Cannot get terminal size: inappropriate ioctl for device
[DEBUG Sep 18 10:05:42.210980509, main.go:107] Running CmdStart
[DEBUG Sep 18 10:05:42.212104768, exeutils.go:149] Executing: /home1/wangfeim/.local/ActiveState/StateTool/release/bin/state-svc [foreground]
[DEBUG Sep 18 10:05:42.216114162, manager.go:68] Process started using pid 11482
[DEBUG Sep 18 10:05:42.216185717, client.go:128] Reporting event to 2 reporters: command-exit, state-svc start, 0
[DEBUG Sep 18 10:05:42.216474288, client.go:128] Reporting event to 2 reporters: run-command, state-svc start, 
