[DEBUG Sep 16 18:40:30.610257515, defaults.go:273] Args: [/home1/wangfeim/.local/ActiveState/StateTool/release/bin/state-svc start]
[DEBUG Sep 16 18:40:30.623845984, locale.go:38] Init
[DEBUG Sep 16 18:40:30.668970316, errs.go:68] Created error: File could not be found
[DEBUG Sep 16 18:40:30.671839353, errs.go:68] Created error: Not Recognized
[DEBUG Sep 16 18:40:30.692338778, errs.go:68] Created error: Secret not found
[DEBUG Sep 16 18:40:30.692386893, errs.go:68] Created error: Could not save keypair
[DEBUG Sep 16 18:40:30.692551702, errs.go:68] Created error: Build responded with error
[DEBUG Sep 16 18:40:30.692586173, errs.go:68] Created error: Unknown build type
[DEBUG Sep 16 18:40:30.692700051, errors.go:86] Wrapped localized error: <nil> -- with: The installed version of the State Tool Service does not match that of the client.
Please stop the service with [ACTIONABLE]state-svc stop[/RESET] and try your command again.
If this issue persists please reinstall the State Tool.

[DEBUG Sep 16 18:40:30.692713946, errs.go:68] Created error: no data
[DEBUG Sep 16 18:40:30.692737756, errs.go:68] Created error: member not found
[DEBUG Sep 16 18:40:30.692759253, errs.go:68] Created error: Commit count is unknowable
[DEBUG Sep 16 18:40:30.692785576, errs.go:68] Created error: No merge required
[DEBUG Sep 16 18:40:30.692806661, errs.go:68] Created error: Can't merge commit thats already in target commits history
[DEBUG Sep 16 18:40:30.692829538, errs.go:68] Created error: Bad expander name
[DEBUG Sep 16 18:40:30.692851447, errs.go:68] Created error: Expander has no handler
[DEBUG Sep 16 18:40:30.693881734, errs.go:68] Created error: Service is already running
[DEBUG Sep 16 18:40:30.721515900, secrets.go:35] Gcloud Secretmanager failed to initialize (ignore if you're not trying to use gcloud): google: could not find default credentials. See https://developers.google.com/accounts/docs/application-default-credentials for more information.
[DEBUG Sep 16 18:40:30.728215317, output.go:53] Requested outputer for 
[DEBUG Sep 16 18:40:30.728239783, output.go:58] Using Plain outputer
[DEBUG Sep 16 18:40:30.728319964, termutils.go:17] Cannot get terminal size: inappropriate ioctl for device
[DEBUG Sep 16 18:40:30.728436609, client.go:128] Reporting event to 2 reporters: run-command, state-svc start, 
[DEBUG Sep 16 18:40:30.728475968, main.go:107] Running CmdStart
[DEBUG Sep 16 18:40:30.734452334, errs.go:75] Wrapped error: Service is already running -- with: valueF failed
[DEBUG Sep 16 18:40:30.734515938, errs.go:75] Wrapped error: valueF failed -- with: Could not store pid
[DEBUG Sep 16 18:40:30.734593421, errors.go:113] Wrapped input error: Could not store pid -- with: A State Service instance is already running in the background.
[DEBUG Sep 16 18:40:30.734607788, errs.go:75] Wrapped error: A State Service instance is already running in the background. -- with: Could not start serviceManager
[DEBUG Sep 16 18:40:30.734702352, client.go:128] Reporting event to 2 reporters: command-exit, state-svc start, 1
[DEBUG Sep 16 18:40:31.090422616, errs.go:75] Wrapped error: <nil> -- with: Could not start serviceManager: A State Service instance is already running in the background.: Could not store pid: valueF failed: Service is already running
[DEBUG Sep 16 18:40:31.090495666, main.go:61] state-svc errored out due to input: Could not start serviceManager: A State Service instance is already running in the background.: Could not store pid: valueF failed: Service is already running
