[DEBUG Aug  2 07:54:00.737405215, defaults.go:273] Args: [/home1/wangfeim/.local/ActiveState/StateTool/release/bin/state-svc start]
[DEBUG Aug  2 07:54:00.752048526, locale.go:38] Init
[DEBUG Aug  2 07:54:00.824951682, errs.go:68] Created error: File could not be found
[DEBUG Aug  2 07:54:00.829317761, errs.go:68] Created error: Not Recognized
[DEBUG Aug  2 07:54:00.849002179, errs.go:68] Created error: Secret not found
[DEBUG Aug  2 07:54:00.849049758, errs.go:68] Created error: Could not save keypair
[DEBUG Aug  2 07:54:00.849237138, errs.go:68] Created error: Build responded with error
[DEBUG Aug  2 07:54:00.849269548, errs.go:68] Created error: Unknown build type
[DEBUG Aug  2 07:54:00.849378577, errors.go:86] Wrapped localized error: <nil> -- with: The installed version of the State Tool Service does not match that of the client.
Please stop the service with [ACTIONABLE]state-svc stop[/RESET] and try your command again.
If this issue persists please reinstall the State Tool.

[DEBUG Aug  2 07:54:00.849391904, errs.go:68] Created error: no data
[DEBUG Aug  2 07:54:00.849416930, errs.go:68] Created error: member not found
[DEBUG Aug  2 07:54:00.849438945, errs.go:68] Created error: Commit count is unknowable
[DEBUG Aug  2 07:54:00.849460371, errs.go:68] Created error: No merge required
[DEBUG Aug  2 07:54:00.849481319, errs.go:68] Created error: Can't merge commit thats already in target commits history
[DEBUG Aug  2 07:54:00.849503727, errs.go:68] Created error: Bad expander name
[DEBUG Aug  2 07:54:00.849525503, errs.go:68] Created error: Expander has no handler
[DEBUG Aug  2 07:54:00.850842706, errs.go:68] Created error: Service is already running
[DEBUG Aug  2 07:54:00.910506947, secrets.go:35] Gcloud Secretmanager failed to initialize (ignore if you're not trying to use gcloud): google: could not find default credentials. See https://developers.google.com/accounts/docs/application-default-credentials for more information.
[DEBUG Aug  2 07:54:00.914172587, output.go:53] Requested outputer for 
[DEBUG Aug  2 07:54:00.914198638, output.go:58] Using Plain outputer
[DEBUG Aug  2 07:54:00.914275372, termutils.go:17] Cannot get terminal size: inappropriate ioctl for device
[DEBUG Aug  2 07:54:00.914378228, client.go:128] Reporting event to 2 reporters: run-command, state-svc start, 
[DEBUG Aug  2 07:54:00.914421579, main.go:107] Running CmdStart
[DEBUG Aug  2 07:54:00.922416517, errs.go:75] Wrapped error: Service is already running -- with: valueF failed
[DEBUG Aug  2 07:54:00.922476635, errs.go:75] Wrapped error: valueF failed -- with: Could not store pid
[DEBUG Aug  2 07:54:00.922557615, errors.go:113] Wrapped input error: Could not store pid -- with: A State Service instance is already running in the background.
[DEBUG Aug  2 07:54:00.922572864, errs.go:75] Wrapped error: A State Service instance is already running in the background. -- with: Could not start serviceManager
[DEBUG Aug  2 07:54:00.922664245, client.go:128] Reporting event to 2 reporters: command-exit, state-svc start, 1
[DEBUG Aug  2 07:54:01.294902733, errs.go:75] Wrapped error: <nil> -- with: Could not start serviceManager: A State Service instance is already running in the background.: Could not store pid: valueF failed: Service is already running
[DEBUG Aug  2 07:54:01.294972706, main.go:61] state-svc errored out due to input: Could not start serviceManager: A State Service instance is already running in the background.: Could not store pid: valueF failed: Service is already running
