[DEBUG Aug  2 07:50:12.045197175, defaults.go:273] Args: [/home1/wangfeim/.local/ActiveState/StateTool/release/bin/state-svc start]
[DEBUG Aug  2 07:50:12.059342010, locale.go:38] Init
[DEBUG Aug  2 07:50:12.114272901, errs.go:68] Created error: File could not be found
[DEBUG Aug  2 07:50:12.116923175, errs.go:68] Created error: Not Recognized
[DEBUG Aug  2 07:50:12.138246521, errs.go:68] Created error: Secret not found
[DEBUG Aug  2 07:50:12.138315303, errs.go:68] Created error: Could not save keypair
[DEBUG Aug  2 07:50:12.138579137, errs.go:68] Created error: Build responded with error
[DEBUG Aug  2 07:50:12.138627275, errs.go:68] Created error: Unknown build type
[DEBUG Aug  2 07:50:12.138781273, errors.go:86] Wrapped localized error: <nil> -- with: The installed version of the State Tool Service does not match that of the client.
Please stop the service with [ACTIONABLE]state-svc stop[/RESET] and try your command again.
If this issue persists please reinstall the State Tool.

[DEBUG Aug  2 07:50:12.138805258, errs.go:68] Created error: no data
[DEBUG Aug  2 07:50:12.138838842, errs.go:68] Created error: member not found
[DEBUG Aug  2 07:50:12.138869540, errs.go:68] Created error: Commit count is unknowable
[DEBUG Aug  2 07:50:12.138900935, errs.go:68] Created error: No merge required
[DEBUG Aug  2 07:50:12.138942230, errs.go:68] Created error: Can't merge commit thats already in target commits history
[DEBUG Aug  2 07:50:12.138972143, errs.go:68] Created error: Bad expander name
[DEBUG Aug  2 07:50:12.139001587, errs.go:68] Created error: Expander has no handler
[DEBUG Aug  2 07:50:12.140307778, errs.go:68] Created error: Service is already running
[DEBUG Aug  2 07:50:12.197343854, secrets.go:35] Gcloud Secretmanager failed to initialize (ignore if you're not trying to use gcloud): google: could not find default credentials. See https://developers.google.com/accounts/docs/application-default-credentials for more information.
[DEBUG Aug  2 07:50:12.200865541, output.go:53] Requested outputer for 
[DEBUG Aug  2 07:50:12.200890178, output.go:58] Using Plain outputer
[DEBUG Aug  2 07:50:12.200968024, termutils.go:17] Cannot get terminal size: inappropriate ioctl for device
[DEBUG Aug  2 07:50:12.201106558, client.go:128] Reporting event to 2 reporters: run-command, state-svc start, 
[DEBUG Aug  2 07:50:12.201119318, main.go:107] Running CmdStart
[DEBUG Aug  2 07:50:12.208721559, errs.go:75] Wrapped error: Service is already running -- with: valueF failed
[DEBUG Aug  2 07:50:12.208773258, errs.go:75] Wrapped error: valueF failed -- with: Could not store pid
[DEBUG Aug  2 07:50:12.208840724, errors.go:113] Wrapped input error: Could not store pid -- with: A State Service instance is already running in the background.
[DEBUG Aug  2 07:50:12.208854997, errs.go:75] Wrapped error: A State Service instance is already running in the background. -- with: Could not start serviceManager
[DEBUG Aug  2 07:50:12.208929804, client.go:128] Reporting event to 2 reporters: command-exit, state-svc start, 1
[DEBUG Aug  2 07:50:12.656458215, errs.go:75] Wrapped error: <nil> -- with: Could not start serviceManager: A State Service instance is already running in the background.: Could not store pid: valueF failed: Service is already running
[DEBUG Aug  2 07:50:12.656531411, main.go:61] state-svc errored out due to input: Could not start serviceManager: A State Service instance is already running in the background.: Could not store pid: valueF failed: Service is already running
