[DEBUG Aug  2 07:46:00.145482185, defaults.go:273] Args: [/home1/wangfeim/.local/ActiveState/StateTool/release/bin/state-svc start]
[DEBUG Aug  2 07:46:00.158713459, locale.go:38] Init
[DEBUG Aug  2 07:46:00.199299464, errs.go:68] Created error: File could not be found
[DEBUG Aug  2 07:46:00.202402418, errs.go:68] Created error: Not Recognized
[DEBUG Aug  2 07:46:00.223235231, errs.go:68] Created error: Secret not found
[DEBUG Aug  2 07:46:00.223287557, errs.go:68] Created error: Could not save keypair
[DEBUG Aug  2 07:46:00.223448082, errs.go:68] Created error: Build responded with error
[DEBUG Aug  2 07:46:00.223474008, errs.go:68] Created error: Unknown build type
[DEBUG Aug  2 07:46:00.223595888, errors.go:86] Wrapped localized error: <nil> -- with: The installed version of the State Tool Service does not match that of the client.
Please stop the service with [ACTIONABLE]state-svc stop[/RESET] and try your command again.
If this issue persists please reinstall the State Tool.

[DEBUG Aug  2 07:46:00.223609799, errs.go:68] Created error: no data
[DEBUG Aug  2 07:46:00.223631420, errs.go:68] Created error: member not found
[DEBUG Aug  2 07:46:00.223651950, errs.go:68] Created error: Commit count is unknowable
[DEBUG Aug  2 07:46:00.223673450, errs.go:68] Created error: No merge required
[DEBUG Aug  2 07:46:00.223694302, errs.go:68] Created error: Can't merge commit thats already in target commits history
[DEBUG Aug  2 07:46:00.223720963, errs.go:68] Created error: Bad expander name
[DEBUG Aug  2 07:46:00.223742497, errs.go:68] Created error: Expander has no handler
[DEBUG Aug  2 07:46:00.224778503, errs.go:68] Created error: Service is already running
[DEBUG Aug  2 07:46:00.253703605, secrets.go:35] Gcloud Secretmanager failed to initialize (ignore if you're not trying to use gcloud): google: could not find default credentials. See https://developers.google.com/accounts/docs/application-default-credentials for more information.
[DEBUG Aug  2 07:46:00.257115194, output.go:53] Requested outputer for 
[DEBUG Aug  2 07:46:00.257139552, output.go:58] Using Plain outputer
[DEBUG Aug  2 07:46:00.257207041, termutils.go:17] Cannot get terminal size: inappropriate ioctl for device
[DEBUG Aug  2 07:46:00.257291125, client.go:128] Reporting event to 2 reporters: run-command, state-svc start, 
[DEBUG Aug  2 07:46:00.257332831, main.go:107] Running CmdStart
[DEBUG Aug  2 07:46:00.262976998, errs.go:75] Wrapped error: Service is already running -- with: valueF failed
[DEBUG Aug  2 07:46:00.263028951, errs.go:75] Wrapped error: valueF failed -- with: Could not store pid
[DEBUG Aug  2 07:46:00.263112022, errors.go:113] Wrapped input error: Could not store pid -- with: A State Service instance is already running in the background.
[DEBUG Aug  2 07:46:00.263128067, errs.go:75] Wrapped error: A State Service instance is already running in the background. -- with: Could not start serviceManager
[DEBUG Aug  2 07:46:00.263205274, client.go:128] Reporting event to 2 reporters: command-exit, state-svc start, 1
[DEBUG Aug  2 07:46:00.617185386, errs.go:75] Wrapped error: <nil> -- with: Could not start serviceManager: A State Service instance is already running in the background.: Could not store pid: valueF failed: Service is already running
[DEBUG Aug  2 07:46:00.617248443, main.go:61] state-svc errored out due to input: Could not start serviceManager: A State Service instance is already running in the background.: Could not store pid: valueF failed: Service is already running
