[DEBUG Aug  2 07:37:08.714128303, defaults.go:273] Args: [/home1/wangfeim/.local/ActiveState/StateTool/release/bin/state-svc start]
[DEBUG Aug  2 07:37:08.728372563, locale.go:38] Init
[DEBUG Aug  2 07:37:08.801899091, errs.go:68] Created error: File could not be found
[DEBUG Aug  2 07:37:08.804921686, errs.go:68] Created error: Not Recognized
[DEBUG Aug  2 07:37:08.825697450, errs.go:68] Created error: Secret not found
[DEBUG Aug  2 07:37:08.825747877, errs.go:68] Created error: Could not save keypair
[DEBUG Aug  2 07:37:08.825926828, errs.go:68] Created error: Build responded with error
[DEBUG Aug  2 07:37:08.825965613, errs.go:68] Created error: Unknown build type
[DEBUG Aug  2 07:37:08.826079044, errors.go:86] Wrapped localized error: <nil> -- with: The installed version of the State Tool Service does not match that of the client.
Please stop the service with [ACTIONABLE]state-svc stop[/RESET] and try your command again.
If this issue persists please reinstall the State Tool.

[DEBUG Aug  2 07:37:08.826093252, errs.go:68] Created error: no data
[DEBUG Aug  2 07:37:08.826118341, errs.go:68] Created error: member not found
[DEBUG Aug  2 07:37:08.826142594, errs.go:68] Created error: Commit count is unknowable
[DEBUG Aug  2 07:37:08.826165335, errs.go:68] Created error: No merge required
[DEBUG Aug  2 07:37:08.826199054, errs.go:68] Created error: Can't merge commit thats already in target commits history
[DEBUG Aug  2 07:37:08.826220213, errs.go:68] Created error: Bad expander name
[DEBUG Aug  2 07:37:08.826239599, errs.go:68] Created error: Expander has no handler
[DEBUG Aug  2 07:37:08.827190903, errs.go:68] Created error: Service is already running
[DEBUG Aug  2 07:37:08.856852988, secrets.go:35] Gcloud Secretmanager failed to initialize (ignore if you're not trying to use gcloud): google: could not find default credentials. See https://developers.google.com/accounts/docs/application-default-credentials for more information.
[DEBUG Aug  2 07:37:08.886756648, output.go:53] Requested outputer for 
[DEBUG Aug  2 07:37:08.886780343, output.go:58] Using Plain outputer
[DEBUG Aug  2 07:37:08.886856946, termutils.go:17] Cannot get terminal size: inappropriate ioctl for device
[DEBUG Aug  2 07:37:08.887004187, client.go:128] Reporting event to 2 reporters: run-command, state-svc start, 
[DEBUG Aug  2 07:37:08.887014043, main.go:107] Running CmdStart
[DEBUG Aug  2 07:37:08.893018337, errs.go:75] Wrapped error: Service is already running -- with: valueF failed
[DEBUG Aug  2 07:37:08.893079411, errs.go:75] Wrapped error: valueF failed -- with: Could not store pid
[DEBUG Aug  2 07:37:08.893156831, errors.go:113] Wrapped input error: Could not store pid -- with: A State Service instance is already running in the background.
[DEBUG Aug  2 07:37:08.893170515, errs.go:75] Wrapped error: A State Service instance is already running in the background. -- with: Could not start serviceManager
[DEBUG Aug  2 07:37:08.893264582, client.go:128] Reporting event to 2 reporters: command-exit, state-svc start, 1
[DEBUG Aug  2 07:37:09.220783128, errs.go:75] Wrapped error: <nil> -- with: Could not start serviceManager: A State Service instance is already running in the background.: Could not store pid: valueF failed: Service is already running
[DEBUG Aug  2 07:37:09.220865475, main.go:61] state-svc errored out due to input: Could not start serviceManager: A State Service instance is already running in the background.: Could not store pid: valueF failed: Service is already running
