[DEBUG Aug  2 07:46:10.803564242, defaults.go:273] Args: [/home1/wangfeim/.local/ActiveState/StateTool/release/bin/state-svc start]
[DEBUG Aug  2 07:46:10.818547018, locale.go:38] Init
[DEBUG Aug  2 07:46:10.900797645, errs.go:68] Created error: File could not be found
[DEBUG Aug  2 07:46:10.904010051, errs.go:68] Created error: Not Recognized
[DEBUG Aug  2 07:46:10.925822078, errs.go:68] Created error: Secret not found
[DEBUG Aug  2 07:46:10.925913993, errs.go:68] Created error: Could not save keypair
[DEBUG Aug  2 07:46:10.926674244, errs.go:68] Created error: Build responded with error
[DEBUG Aug  2 07:46:10.926726599, errs.go:68] Created error: Unknown build type
[DEBUG Aug  2 07:46:10.926874030, errors.go:86] Wrapped localized error: <nil> -- with: The installed version of the State Tool Service does not match that of the client.
Please stop the service with [ACTIONABLE]state-svc stop[/RESET] and try your command again.
If this issue persists please reinstall the State Tool.

[DEBUG Aug  2 07:46:10.926892494, errs.go:68] Created error: no data
[DEBUG Aug  2 07:46:10.926924245, errs.go:68] Created error: member not found
[DEBUG Aug  2 07:46:10.926950402, errs.go:68] Created error: Commit count is unknowable
[DEBUG Aug  2 07:46:10.926978908, errs.go:68] Created error: No merge required
[DEBUG Aug  2 07:46:10.927006114, errs.go:68] Created error: Can't merge commit thats already in target commits history
[DEBUG Aug  2 07:46:10.927037517, errs.go:68] Created error: Bad expander name
[DEBUG Aug  2 07:46:10.927064067, errs.go:68] Created error: Expander has no handler
[DEBUG Aug  2 07:46:10.928301658, errs.go:68] Created error: Service is already running
[DEBUG Aug  2 07:46:10.985990728, secrets.go:35] Gcloud Secretmanager failed to initialize (ignore if you're not trying to use gcloud): google: could not find default credentials. See https://developers.google.com/accounts/docs/application-default-credentials for more information.
[DEBUG Aug  2 07:46:10.989977940, output.go:53] Requested outputer for 
[DEBUG Aug  2 07:46:10.989999070, output.go:58] Using Plain outputer
[DEBUG Aug  2 07:46:10.990074447, termutils.go:17] Cannot get terminal size: inappropriate ioctl for device
[DEBUG Aug  2 07:46:10.990204828, client.go:128] Reporting event to 2 reporters: run-command, state-svc start, 
[DEBUG Aug  2 07:46:10.990301783, main.go:107] Running CmdStart
[DEBUG Aug  2 07:46:10.997018884, errs.go:75] Wrapped error: Service is already running -- with: valueF failed
[DEBUG Aug  2 07:46:10.997085818, errs.go:75] Wrapped error: valueF failed -- with: Could not store pid
[DEBUG Aug  2 07:46:10.997164152, errors.go:113] Wrapped input error: Could not store pid -- with: A State Service instance is already running in the background.
[DEBUG Aug  2 07:46:10.997194578, errs.go:75] Wrapped error: A State Service instance is already running in the background. -- with: Could not start serviceManager
[DEBUG Aug  2 07:46:10.997333951, client.go:128] Reporting event to 2 reporters: command-exit, state-svc start, 1
[DEBUG Aug  2 07:46:11.370228605, errs.go:75] Wrapped error: <nil> -- with: Could not start serviceManager: A State Service instance is already running in the background.: Could not store pid: valueF failed: Service is already running
[DEBUG Aug  2 07:46:11.370290727, main.go:61] state-svc errored out due to input: Could not start serviceManager: A State Service instance is already running in the background.: Could not store pid: valueF failed: Service is already running
