[DEBUG Sep 17 12:54:33.832046203, defaults.go:273] Args: [/home1/wangfeim/.local/ActiveState/StateTool/release/bin/state-svc foreground]
[DEBUG Sep 17 12:54:33.843617556, locale.go:38] Init
[DEBUG Sep 17 12:54:33.884985813, errs.go:68] Created error: File could not be found
[DEBUG Sep 17 12:54:33.887340440, errs.go:68] Created error: Not Recognized
[DEBUG Sep 17 12:54:33.906177327, errs.go:68] Created error: Secret not found
[DEBUG Sep 17 12:54:33.906221736, errs.go:68] Created error: Could not save keypair
[DEBUG Sep 17 12:54:33.906547633, errs.go:68] Created error: Build responded with error
[DEBUG Sep 17 12:54:33.906589341, errs.go:68] Created error: Unknown build type
[DEBUG Sep 17 12:54:33.906757205, errors.go:86] Wrapped localized error: <nil> -- with: The installed version of the State Tool Service does not match that of the client.
Please stop the service with [ACTIONABLE]state-svc stop[/RESET] and try your command again.
If this issue persists please reinstall the State Tool.

[DEBUG Sep 17 12:54:33.906777045, errs.go:68] Created error: no data
[DEBUG Sep 17 12:54:33.906802428, errs.go:68] Created error: member not found
[DEBUG Sep 17 12:54:33.906827523, errs.go:68] Created error: Commit count is unknowable
[DEBUG Sep 17 12:54:33.906851530, errs.go:68] Created error: No merge required
[DEBUG Sep 17 12:54:33.906875671, errs.go:68] Created error: Can't merge commit thats already in target commits history
[DEBUG Sep 17 12:54:33.906900393, errs.go:68] Created error: Bad expander name
[DEBUG Sep 17 12:54:33.906923831, errs.go:68] Created error: Expander has no handler
[DEBUG Sep 17 12:54:33.908351932, errs.go:68] Created error: Service is already running
[DEBUG Sep 17 12:54:33.946750555, secrets.go:35] Gcloud Secretmanager failed to initialize (ignore if you're not trying to use gcloud): google: could not find default credentials. See https://developers.google.com/accounts/docs/application-default-credentials for more information.
[DEBUG Sep 17 12:54:33.951474456, output.go:53] Requested outputer for 
[DEBUG Sep 17 12:54:33.951492632, output.go:58] Using Plain outputer
[DEBUG Sep 17 12:54:33.951592844, termutils.go:17] Cannot get terminal size: inappropriate ioctl for device
[DEBUG Sep 17 12:54:33.951705041, main.go:137] Running CmdForeground
[DEBUG Sep 17 12:54:33.951733470, main.go:147] Running in Foreground
[DEBUG Sep 17 12:54:33.951768730, client.go:128] Reporting event to 2 reporters: run-command, state-svc foreground, 
[DEBUG Sep 17 12:54:33.951965878, service.go:30] service:Start
[DEBUG Sep 17 12:54:33.959128446, service.go:42] Server starting on port: 33315
[DEBUG Sep 17 12:54:33.959200432, client.go:128] Reporting event to 2 reporters: state-svc, start, 
[DEBUG Sep 17 12:54:33.991638487, resolver.go:57] Version resolver
[DEBUG Sep 17 12:54:33.992541669, client.go:128] Reporting event to 2 reporters: state-svc, endpoint, Version
[DEBUG Sep 17 12:54:34.011794036, resolver.go:121] Analytics event resolver
[DEBUG Sep 17 12:54:34.012076872, client.go:128] Reporting event to 2 reporters: run-command, exec, 
[DEBUG Sep 17 12:54:34.012341602, resolver.go:57] Version resolver
[DEBUG Sep 17 12:54:34.012571263, client.go:128] Reporting event to 2 reporters: state-svc, endpoint, Version
[DEBUG Sep 17 12:54:34.014152412, resolver.go:121] Analytics event resolver
[DEBUG Sep 17 12:54:34.014367288, client.go:128] Reporting event to 2 reporters: runtime, cache, 
[DEBUG Sep 17 12:54:34.032542343, resolver.go:57] Version resolver
[DEBUG Sep 17 12:54:34.032748386, client.go:128] Reporting event to 2 reporters: state-svc, endpoint, Version
[DEBUG Sep 17 12:54:34.034076806, resolver.go:121] Analytics event resolver
[DEBUG Sep 17 12:54:34.034253058, client.go:128] Reporting event to 2 reporters: runtime, start, 
[DEBUG Sep 17 12:54:34.037775104, resolver.go:57] Version resolver
[DEBUG Sep 17 12:54:34.037977609, client.go:128] Reporting event to 2 reporters: state-svc, endpoint, Version
[DEBUG Sep 17 12:54:34.039151896, resolver.go:121] Analytics event resolver
[DEBUG Sep 17 12:54:34.039330384, client.go:128] Reporting event to 2 reporters: runtime, success, 
[DEBUG Sep 17 12:55:33.960153488, watcher.go:72] Checking for runtime processes
[DEBUG Sep 17 12:56:33.959975792, watcher.go:72] Checking for runtime processes
[DEBUG Sep 17 12:57:33.960097079, watcher.go:72] Checking for runtime processes
[DEBUG Sep 17 12:58:33.959871309, watcher.go:72] Checking for runtime processes
[DEBUG Sep 17 12:59:33.960187540, watcher.go:72] Checking for runtime processes
[DEBUG Sep 17 13:00:33.959917557, watcher.go:72] Checking for runtime processes
[DEBUG Sep 17 13:01:33.959927323, watcher.go:72] Checking for runtime processes
[DEBUG Sep 17 13:02:33.959974083, watcher.go:72] Checking for runtime processes
[DEBUG Sep 17 13:03:33.960053765, watcher.go:72] Checking for runtime processes
[DEBUG Sep 17 13:04:33.960349455, watcher.go:72] Checking for runtime processes
[DEBUG Sep 17 13:05:33.959826853, watcher.go:72] Checking for runtime processes
[DEBUG Sep 17 13:06:33.959897194, watcher.go:72] Checking for runtime processes
[DEBUG Sep 17 13:07:33.959447283, watcher.go:72] Checking for runtime processes
[DEBUG Sep 17 13:08:33.960323633, watcher.go:72] Checking for runtime processes
[DEBUG Sep 17 13:09:33.959488422, watcher.go:72] Checking for runtime processes
[DEBUG Sep 17 13:10:33.960579911, watcher.go:72] Checking for runtime processes
[DEBUG Sep 17 13:11:33.959947395, watcher.go:72] Checking for runtime processes
[DEBUG Sep 17 13:12:33.960255859, watcher.go:72] Checking for runtime processes
[DEBUG Sep 17 13:13:33.959870752, watcher.go:72] Checking for runtime processes
[DEBUG Sep 17 13:14:33.959987507, watcher.go:72] Checking for runtime processes
[DEBUG Sep 17 13:15:33.959880872, watcher.go:72] Checking for runtime processes
[DEBUG Sep 17 13:16:33.960214001, watcher.go:72] Checking for runtime processes
[DEBUG Sep 17 13:17:33.959966459, watcher.go:72] Checking for runtime processes
[DEBUG Sep 17 13:18:33.959850173, watcher.go:72] Checking for runtime processes
[DEBUG Sep 17 13:19:33.959958087, watcher.go:72] Checking for runtime processes
[DEBUG Sep 17 13:20:33.960417800, watcher.go:72] Checking for runtime processes
[DEBUG Sep 17 13:21:33.959914559, watcher.go:72] Checking for runtime processes
[DEBUG Sep 17 13:22:33.959451410, watcher.go:72] Checking for runtime processes
[DEBUG Sep 17 13:23:33.960232847, watcher.go:72] Checking for runtime processes
[DEBUG Sep 17 13:24:33.959578287, watcher.go:72] Checking for runtime processes
[DEBUG Sep 17 13:25:33.959954936, watcher.go:72] Checking for runtime processes
[DEBUG Sep 17 13:26:33.960058524, watcher.go:72] Checking for runtime processes
[DEBUG Sep 17 13:27:33.959969583, watcher.go:72] Checking for runtime processes
[DEBUG Sep 17 13:28:33.960177869, watcher.go:72] Checking for runtime processes
[DEBUG Sep 17 13:29:33.960065202, watcher.go:72] Checking for runtime processes
[DEBUG Sep 17 13:30:33.959897915, watcher.go:72] Checking for runtime processes
[DEBUG Sep 17 13:31:33.959890544, watcher.go:72] Checking for runtime processes
[DEBUG Sep 17 13:32:33.960151906, watcher.go:72] Checking for runtime processes
[DEBUG Sep 17 13:33:33.960298727, watcher.go:72] Checking for runtime processes
[DEBUG Sep 17 13:34:33.960408123, watcher.go:72] Checking for runtime processes
[DEBUG Sep 17 13:35:33.960203186, watcher.go:72] Checking for runtime processes
[DEBUG Sep 17 13:36:33.960163864, watcher.go:72] Checking for runtime processes
[DEBUG Sep 17 13:37:33.959614378, watcher.go:72] Checking for runtime processes
[DEBUG Sep 17 13:38:33.960396937, watcher.go:72] Checking for runtime processes
[DEBUG Sep 17 13:39:33.959476762, watcher.go:72] Checking for runtime processes
[DEBUG Sep 17 13:40:33.960159362, watcher.go:72] Checking for runtime processes
[DEBUG Sep 17 13:41:33.959963360, watcher.go:72] Checking for runtime processes
[DEBUG Sep 17 13:42:33.960573743, watcher.go:72] Checking for runtime processes
[DEBUG Sep 17 13:43:33.959945763, watcher.go:72] Checking for runtime processes
[DEBUG Sep 17 13:44:33.960094995, watcher.go:72] Checking for runtime processes
[DEBUG Sep 17 13:45:33.959963423, watcher.go:72] Checking for runtime processes
[DEBUG Sep 17 13:46:33.960072208, watcher.go:72] Checking for runtime processes
[DEBUG Sep 17 13:47:33.960098749, watcher.go:72] Checking for runtime processes
[DEBUG Sep 17 13:48:33.959986659, watcher.go:72] Checking for runtime processes
[DEBUG Sep 17 13:49:33.960185941, watcher.go:72] Checking for runtime processes
[DEBUG Sep 17 13:50:33.960033626, watcher.go:72] Checking for runtime processes
[DEBUG Sep 17 13:51:33.960091720, watcher.go:72] Checking for runtime processes
[DEBUG Sep 17 13:52:33.959476306, watcher.go:72] Checking for runtime processes
[DEBUG Sep 17 13:53:33.960082255, watcher.go:72] Checking for runtime processes
[DEBUG Sep 17 13:54:33.959444417, watcher.go:72] Checking for runtime processes
[DEBUG Sep 17 13:55:33.960098083, watcher.go:72] Checking for runtime processes
[DEBUG Sep 17 13:56:33.959913673, watcher.go:72] Checking for runtime processes
[DEBUG Sep 17 13:57:33.959899306, watcher.go:72] Checking for runtime processes
[DEBUG Sep 17 13:58:33.960247406, watcher.go:72] Checking for runtime processes
[DEBUG Sep 17 13:59:33.959845676, watcher.go:72] Checking for runtime processes
[DEBUG Sep 17 14:00:33.960250746, watcher.go:72] Checking for runtime processes
[DEBUG Sep 17 14:01:33.959996630, watcher.go:72] Checking for runtime processes
[DEBUG Sep 17 14:02:33.960007584, watcher.go:72] Checking for runtime processes
[DEBUG Sep 17 14:03:33.959820475, watcher.go:72] Checking for runtime processes
[DEBUG Sep 17 14:04:33.960002642, watcher.go:72] Checking for runtime processes
[DEBUG Sep 17 14:05:33.959758007, watcher.go:72] Checking for runtime processes
[DEBUG Sep 17 14:06:33.960405324, watcher.go:72] Checking for runtime processes
[DEBUG Sep 17 14:07:33.959471475, watcher.go:72] Checking for runtime processes
[DEBUG Sep 17 14:08:33.959837247, watcher.go:72] Checking for runtime processes
[DEBUG Sep 17 14:09:33.959450527, watcher.go:72] Checking for runtime processes
[DEBUG Sep 17 14:10:33.960065351, watcher.go:72] Checking for runtime processes
[DEBUG Sep 17 14:11:33.959838934, watcher.go:72] Checking for runtime processes
[DEBUG Sep 17 14:12:33.959452821, watcher.go:72] Checking for runtime processes
[DEBUG Sep 17 14:13:33.960257564, watcher.go:72] Checking for runtime processes
[DEBUG Sep 17 14:14:33.960264168, watcher.go:72] Checking for runtime processes
[DEBUG Sep 17 14:15:33.960300305, watcher.go:72] Checking for runtime processes
[DEBUG Sep 17 14:16:33.959967708, watcher.go:72] Checking for runtime processes
[DEBUG Sep 17 14:17:33.960027849, watcher.go:72] Checking for runtime processes
[DEBUG Sep 17 14:18:33.960060241, watcher.go:72] Checking for runtime processes
[DEBUG Sep 17 14:19:33.959834434, watcher.go:72] Checking for runtime processes
[DEBUG Sep 17 14:20:33.960054125, watcher.go:72] Checking for runtime processes
[DEBUG Sep 17 14:21:33.960062096, watcher.go:72] Checking for runtime processes
[DEBUG Sep 17 14:22:33.959586066, watcher.go:72] Checking for runtime processes
[DEBUG Sep 17 14:23:33.959933365, watcher.go:72] Checking for runtime processes
[DEBUG Sep 17 14:24:33.959620582, watcher.go:72] Checking for runtime processes
[DEBUG Sep 17 14:25:33.960050966, watcher.go:72] Checking for runtime processes
[DEBUG Sep 17 14:26:33.960119126, watcher.go:72] Checking for runtime processes
[DEBUG Sep 17 14:27:33.960280479, watcher.go:72] Checking for runtime processes
[DEBUG Sep 17 14:28:33.959885040, watcher.go:72] Checking for runtime processes
[DEBUG Sep 17 14:29:33.959910830, watcher.go:72] Checking for runtime processes
[DEBUG Sep 17 14:30:33.960606959, watcher.go:72] Checking for runtime processes
[DEBUG Sep 17 14:31:33.960195835, watcher.go:72] Checking for runtime processes
[DEBUG Sep 17 14:32:33.959906474, watcher.go:72] Checking for runtime processes
[DEBUG Sep 17 14:33:33.959880737, watcher.go:72] Checking for runtime processes
[DEBUG Sep 17 14:34:33.960289103, watcher.go:72] Checking for runtime processes
[DEBUG Sep 17 14:35:33.960161822, watcher.go:72] Checking for runtime processes
[DEBUG Sep 17 14:36:33.960162493, watcher.go:72] Checking for runtime processes
[DEBUG Sep 17 14:37:33.959778919, watcher.go:72] Checking for runtime processes
[DEBUG Sep 17 14:38:33.960245680, watcher.go:72] Checking for runtime processes
[DEBUG Sep 17 14:39:33.959621993, watcher.go:72] Checking for runtime processes
[DEBUG Sep 17 14:40:33.960247002, watcher.go:72] Checking for runtime processes
[DEBUG Sep 17 14:41:33.959888513, watcher.go:72] Checking for runtime processes
[DEBUG Sep 17 14:42:33.959981303, watcher.go:72] Checking for runtime processes
[DEBUG Sep 17 14:43:33.960188414, watcher.go:72] Checking for runtime processes
[DEBUG Sep 17 14:44:33.960142191, watcher.go:72] Checking for runtime processes
[DEBUG Sep 17 14:45:33.960043403, watcher.go:72] Checking for runtime processes
[DEBUG Sep 17 14:46:33.960226762, watcher.go:72] Checking for runtime processes
[DEBUG Sep 17 14:47:33.959877832, watcher.go:72] Checking for runtime processes
[DEBUG Sep 17 14:48:33.959955140, watcher.go:72] Checking for runtime processes
[DEBUG Sep 17 14:49:33.959849688, watcher.go:72] Checking for runtime processes
[DEBUG Sep 17 14:50:33.960080216, watcher.go:72] Checking for runtime processes
[DEBUG Sep 17 14:51:33.960301700, watcher.go:72] Checking for runtime processes
[DEBUG Sep 17 14:52:33.959455213, watcher.go:72] Checking for runtime processes
[DEBUG Sep 17 14:53:33.959419008, watcher.go:72] Checking for runtime processes
[DEBUG Sep 17 14:54:33.959446216, watcher.go:72] Checking for runtime processes
[DEBUG Sep 17 14:55:33.959847062, watcher.go:72] Checking for runtime processes
[DEBUG Sep 17 14:56:33.960106985, watcher.go:72] Checking for runtime processes
[DEBUG Sep 17 14:57:33.960111128, watcher.go:72] Checking for runtime processes
[DEBUG Sep 17 14:58:33.960008383, watcher.go:72] Checking for runtime processes
[DEBUG Sep 17 14:59:33.959921390, watcher.go:72] Checking for runtime processes
[DEBUG Sep 17 15:00:33.960263562, watcher.go:72] Checking for runtime processes
[DEBUG Sep 17 15:01:33.960233960, watcher.go:72] Checking for runtime processes
[DEBUG Sep 17 15:02:33.960240691, watcher.go:72] Checking for runtime processes
[DEBUG Sep 17 15:03:33.959954759, watcher.go:72] Checking for runtime processes
[DEBUG Sep 17 15:04:33.960095770, watcher.go:72] Checking for runtime processes
[DEBUG Sep 17 15:05:33.960103936, watcher.go:72] Checking for runtime processes
[DEBUG Sep 17 15:06:33.960376389, watcher.go:72] Checking for runtime processes
[DEBUG Sep 17 15:07:33.959558361, watcher.go:72] Checking for runtime processes
[DEBUG Sep 17 15:08:33.960068857, watcher.go:72] Checking for runtime processes
[DEBUG Sep 17 15:09:33.959518074, watcher.go:72] Checking for runtime processes
[DEBUG Sep 17 15:10:33.960099871, watcher.go:72] Checking for runtime processes
[DEBUG Sep 17 15:11:33.960095101, watcher.go:72] Checking for runtime processes
[DEBUG Sep 17 15:12:33.959840204, watcher.go:72] Checking for runtime processes
[DEBUG Sep 17 15:13:33.960147573, watcher.go:72] Checking for runtime processes
[DEBUG Sep 17 15:14:33.959843307, watcher.go:72] Checking for runtime processes
[DEBUG Sep 17 15:15:33.960070422, watcher.go:72] Checking for runtime processes
[DEBUG Sep 17 15:16:33.959850209, watcher.go:72] Checking for runtime processes
[DEBUG Sep 17 15:17:33.959938684, watcher.go:72] Checking for runtime processes
[DEBUG Sep 17 15:18:33.959872824, watcher.go:72] Checking for runtime processes
[DEBUG Sep 17 15:19:33.959945702, watcher.go:72] Checking for runtime processes
[DEBUG Sep 17 15:20:33.959822108, watcher.go:72] Checking for runtime processes
[DEBUG Sep 17 15:21:33.960179485, watcher.go:72] Checking for runtime processes
[DEBUG Sep 17 15:22:33.959452318, watcher.go:72] Checking for runtime processes
[DEBUG Sep 17 15:23:33.959958295, watcher.go:72] Checking for runtime processes
[DEBUG Sep 17 15:24:33.959450603, watcher.go:72] Checking for runtime processes
[DEBUG Sep 17 15:25:33.959908739, watcher.go:72] Checking for runtime processes
[DEBUG Sep 17 15:26:33.960116148, watcher.go:72] Checking for runtime processes
[DEBUG Sep 17 15:27:33.959837103, watcher.go:72] Checking for runtime processes
[DEBUG Sep 17 15:28:33.959849194, watcher.go:72] Checking for runtime processes
[DEBUG Sep 17 15:29:33.960138433, watcher.go:72] Checking for runtime processes
[DEBUG Sep 17 15:30:33.960184371, watcher.go:72] Checking for runtime processes
[DEBUG Sep 17 15:31:33.960025992, watcher.go:72] Checking for runtime processes
[DEBUG Sep 17 15:32:33.959849559, watcher.go:72] Checking for runtime processes
[DEBUG Sep 17 15:33:33.959922480, watcher.go:72] Checking for runtime processes
[DEBUG Sep 17 15:34:33.960308096, watcher.go:72] Checking for runtime processes
[DEBUG Sep 17 15:35:33.960216378, watcher.go:72] Checking for runtime processes
[DEBUG Sep 17 15:36:33.960149674, watcher.go:72] Checking for runtime processes
[DEBUG Sep 17 15:37:33.959632579, watcher.go:72] Checking for runtime processes
[DEBUG Sep 17 15:38:33.960098098, watcher.go:72] Checking for runtime processes
[DEBUG Sep 17 15:39:33.959743018, watcher.go:72] Checking for runtime processes
[DEBUG Sep 17 15:40:33.959883125, watcher.go:72] Checking for runtime processes
[DEBUG Sep 17 15:41:33.960285121, watcher.go:72] Checking for runtime processes
[DEBUG Sep 17 15:42:33.959904992, watcher.go:72] Checking for runtime processes
[DEBUG Sep 17 15:43:33.960128181, watcher.go:72] Checking for runtime processes
[DEBUG Sep 17 15:44:33.960138369, watcher.go:72] Checking for runtime processes
[DEBUG Sep 17 15:45:33.959886692, watcher.go:72] Checking for runtime processes
[DEBUG Sep 17 15:46:33.960177309, watcher.go:72] Checking for runtime processes
[DEBUG Sep 17 15:47:33.960184295, watcher.go:72] Checking for runtime processes
[DEBUG Sep 17 15:48:33.960200411, watcher.go:72] Checking for runtime processes
[DEBUG Sep 17 15:49:33.960069141, watcher.go:72] Checking for runtime processes
[DEBUG Sep 17 15:50:33.960083763, watcher.go:72] Checking for runtime processes
[DEBUG Sep 17 15:51:33.960139325, watcher.go:72] Checking for runtime processes
[DEBUG Sep 17 15:52:33.959805769, watcher.go:72] Checking for runtime processes
[DEBUG Sep 17 15:53:33.959918910, watcher.go:72] Checking for runtime processes
[DEBUG Sep 17 15:54:33.959509200, watcher.go:72] Checking for runtime processes
[DEBUG Sep 17 15:55:33.959921908, watcher.go:72] Checking for runtime processes
[DEBUG Sep 17 15:56:33.959831646, watcher.go:72] Checking for runtime processes
[DEBUG Sep 17 15:57:33.959832030, watcher.go:72] Checking for runtime processes
[DEBUG Sep 17 15:58:33.959836895, watcher.go:72] Checking for runtime processes
[DEBUG Sep 17 15:59:33.959850670, watcher.go:72] Checking for runtime processes
[DEBUG Sep 17 16:00:33.959980930, watcher.go:72] Checking for runtime processes
[DEBUG Sep 17 16:01:33.960181196, watcher.go:72] Checking for runtime processes
[DEBUG Sep 17 16:01:36.991914765, resolver.go:121] Analytics event resolver
[DEBUG Sep 17 16:01:36.992157118, client.go:128] Reporting event to 2 reporters: command-exit, exec, 0
[DEBUG Sep 17 16:02:33.959840766, watcher.go:72] Checking for runtime processes
[DEBUG Sep 17 16:03:33.959842489, watcher.go:72] Checking for runtime processes
[DEBUG Sep 17 16:04:33.959843849, watcher.go:72] Checking for runtime processes
[DEBUG Sep 17 16:05:33.959847813, watcher.go:72] Checking for runtime processes
[DEBUG Sep 17 16:06:33.959841144, watcher.go:72] Checking for runtime processes
[DEBUG Sep 17 16:07:33.959827759, watcher.go:72] Checking for runtime processes
[DEBUG Sep 17 16:08:33.959841932, watcher.go:72] Checking for runtime processes
[DEBUG Sep 17 16:09:33.959457262, watcher.go:72] Checking for runtime processes
[DEBUG Sep 17 16:10:33.959841966, watcher.go:72] Checking for runtime processes
[DEBUG Sep 17 16:11:33.959455785, watcher.go:72] Checking for runtime processes
[DEBUG Sep 17 16:12:33.959846233, watcher.go:72] Checking for runtime processes
[DEBUG Sep 17 16:13:33.959841197, watcher.go:72] Checking for runtime processes
[DEBUG Sep 17 16:14:33.959846090, watcher.go:72] Checking for runtime processes
[DEBUG Sep 17 16:15:33.959843067, watcher.go:72] Checking for runtime processes
[DEBUG Sep 17 16:16:33.959759110, watcher.go:72] Checking for runtime processes
[DEBUG Sep 17 16:17:33.959842538, watcher.go:72] Checking for runtime processes
[DEBUG Sep 17 16:18:33.959845591, watcher.go:72] Checking for runtime processes
[DEBUG Sep 17 16:19:33.959844645, watcher.go:72] Checking for runtime processes
[DEBUG Sep 17 16:20:33.959844770, watcher.go:72] Checking for runtime processes
[DEBUG Sep 17 16:21:33.959843769, watcher.go:72] Checking for runtime processes
[DEBUG Sep 17 16:22:33.959830462, watcher.go:72] Checking for runtime processes
[DEBUG Sep 17 16:23:33.959855867, watcher.go:72] Checking for runtime processes
[DEBUG Sep 17 16:24:33.959460040, watcher.go:72] Checking for runtime processes
[DEBUG Sep 17 16:25:33.959843962, watcher.go:72] Checking for runtime processes
[DEBUG Sep 17 16:26:33.959457657, watcher.go:72] Checking for runtime processes
[DEBUG Sep 17 16:27:33.959847849, watcher.go:72] Checking for runtime processes
[DEBUG Sep 17 16:28:33.959844333, watcher.go:72] Checking for runtime processes
[DEBUG Sep 17 16:29:33.959847118, watcher.go:72] Checking for runtime processes
[DEBUG Sep 17 16:30:33.959845481, watcher.go:72] Checking for runtime processes
[DEBUG Sep 17 16:31:33.959847914, watcher.go:72] Checking for runtime processes
[DEBUG Sep 17 16:32:33.959843740, watcher.go:72] Checking for runtime processes
[DEBUG Sep 17 16:33:33.959845766, watcher.go:72] Checking for runtime processes
[DEBUG Sep 17 16:34:33.959755652, watcher.go:72] Checking for runtime processes
[DEBUG Sep 17 16:35:33.959848531, watcher.go:72] Checking for runtime processes
[DEBUG Sep 17 16:36:33.959751548, watcher.go:72] Checking for runtime processes
[DEBUG Sep 17 16:37:33.959759721, watcher.go:72] Checking for runtime processes
[DEBUG Sep 17 16:38:33.959856727, watcher.go:72] Checking for runtime processes
[DEBUG Sep 17 16:39:33.959463232, watcher.go:72] Checking for runtime processes
[DEBUG Sep 17 16:40:33.959844165, watcher.go:72] Checking for runtime processes
[DEBUG Sep 17 16:41:33.959456568, watcher.go:72] Checking for runtime processes
[DEBUG Sep 17 16:42:33.959860470, watcher.go:72] Checking for runtime processes
[DEBUG Sep 17 16:43:33.959846427, watcher.go:72] Checking for runtime processes
[DEBUG Sep 17 16:44:33.959863507, watcher.go:72] Checking for runtime processes
[DEBUG Sep 17 16:45:33.959846984, watcher.go:72] Checking for runtime processes
[DEBUG Sep 17 16:46:33.959860062, watcher.go:72] Checking for runtime processes
[DEBUG Sep 17 16:47:33.959846140, watcher.go:72] Checking for runtime processes
[DEBUG Sep 17 16:48:33.959862349, watcher.go:72] Checking for runtime processes
[DEBUG Sep 17 16:49:33.959850518, watcher.go:72] Checking for runtime processes
[DEBUG Sep 17 16:50:33.959850672, watcher.go:72] Checking for runtime processes
[DEBUG Sep 17 16:51:33.959849694, watcher.go:72] Checking for runtime processes
[DEBUG Sep 17 16:52:33.959848828, watcher.go:72] Checking for runtime processes
[DEBUG Sep 17 16:53:33.959851598, watcher.go:72] Checking for runtime processes
[DEBUG Sep 17 16:54:33.959447275, watcher.go:72] Checking for runtime processes
[DEBUG Sep 17 16:55:33.959859742, watcher.go:72] Checking for runtime processes
[DEBUG Sep 17 16:56:33.959457552, watcher.go:72] Checking for runtime processes
[DEBUG Sep 17 16:57:33.959851402, watcher.go:72] Checking for runtime processes
[DEBUG Sep 17 16:58:33.959848305, watcher.go:72] Checking for runtime processes
[DEBUG Sep 17 16:59:33.959847720, watcher.go:72] Checking for runtime processes
[DEBUG Sep 17 17:00:33.959858809, watcher.go:72] Checking for runtime processes
[DEBUG Sep 17 17:01:33.959757718, watcher.go:72] Checking for runtime processes
[DEBUG Sep 17 17:02:33.959858523, watcher.go:72] Checking for runtime processes
[DEBUG Sep 17 17:03:33.959847363, watcher.go:72] Checking for runtime processes
[DEBUG Sep 17 17:04:33.959869929, watcher.go:72] Checking for runtime processes
[DEBUG Sep 17 17:05:33.959859555, watcher.go:72] Checking for runtime processes
[DEBUG Sep 17 17:06:33.959864327, watcher.go:72] Checking for runtime processes
[DEBUG Sep 17 17:07:33.959835806, watcher.go:72] Checking for runtime processes
[DEBUG Sep 17 17:08:33.959860078, watcher.go:72] Checking for runtime processes
[DEBUG Sep 17 17:09:33.959461470, watcher.go:72] Checking for runtime processes
[DEBUG Sep 17 17:10:33.959861166, watcher.go:72] Checking for runtime processes
[DEBUG Sep 17 17:11:33.959455754, watcher.go:72] Checking for runtime processes
[DEBUG Sep 17 17:12:33.959848498, watcher.go:72] Checking for runtime processes
[DEBUG Sep 17 17:13:33.959913975, watcher.go:72] Checking for runtime processes
[DEBUG Sep 17 17:14:33.959867954, watcher.go:72] Checking for runtime processes
[DEBUG Sep 17 17:15:33.959874002, watcher.go:72] Checking for runtime processes
[DEBUG Sep 17 17:16:33.959866556, watcher.go:72] Checking for runtime processes
[DEBUG Sep 17 17:17:33.959869364, watcher.go:72] Checking for runtime processes
[DEBUG Sep 17 17:18:33.959851909, watcher.go:72] Checking for runtime processes
[DEBUG Sep 17 17:19:33.959856407, watcher.go:72] Checking for runtime processes
[DEBUG Sep 17 17:20:33.959847310, watcher.go:72] Checking for runtime processes
[DEBUG Sep 17 17:21:33.959845187, watcher.go:72] Checking for runtime processes
[DEBUG Sep 17 17:22:33.959846663, watcher.go:72] Checking for runtime processes
[DEBUG Sep 17 17:23:33.959846917, watcher.go:72] Checking for runtime processes
[DEBUG Sep 17 17:24:33.959458774, watcher.go:72] Checking for runtime processes
[DEBUG Sep 17 17:25:33.959846655, watcher.go:72] Checking for runtime processes
[DEBUG Sep 17 17:26:33.959456705, watcher.go:72] Checking for runtime processes
[DEBUG Sep 17 17:27:33.959847926, watcher.go:72] Checking for runtime processes
[DEBUG Sep 17 17:28:33.959843753, watcher.go:72] Checking for runtime processes
[DEBUG Sep 17 17:29:33.959861378, watcher.go:72] Checking for runtime processes
[DEBUG Sep 17 17:30:33.959843615, watcher.go:72] Checking for runtime processes
[DEBUG Sep 17 17:31:33.959871579, watcher.go:72] Checking for runtime processes
[DEBUG Sep 17 17:32:33.959859502, watcher.go:72] Checking for runtime processes
[DEBUG Sep 17 17:33:33.959888550, watcher.go:72] Checking for runtime processes
[DEBUG Sep 17 17:34:33.959849759, watcher.go:72] Checking for runtime processes
[DEBUG Sep 17 17:35:33.959863056, watcher.go:72] Checking for runtime processes
[DEBUG Sep 17 17:36:33.959850597, watcher.go:72] Checking for runtime processes
[DEBUG Sep 17 17:37:33.959853828, watcher.go:72] Checking for runtime processes
[DEBUG Sep 17 17:38:33.959849382, watcher.go:72] Checking for runtime processes
[DEBUG Sep 17 17:39:33.959460230, watcher.go:72] Checking for runtime processes
[DEBUG Sep 17 17:40:33.959844054, watcher.go:72] Checking for runtime processes
[DEBUG Sep 17 17:41:33.959457064, watcher.go:72] Checking for runtime processes
[DEBUG Sep 17 17:42:33.959859569, watcher.go:72] Checking for runtime processes
[DEBUG Sep 17 17:43:33.959840931, watcher.go:72] Checking for runtime processes
[DEBUG Sep 17 17:44:33.959844372, watcher.go:72] Checking for runtime processes
[DEBUG Sep 17 17:45:33.959843538, watcher.go:72] Checking for runtime processes
[DEBUG Sep 17 17:46:33.959844701, watcher.go:72] Checking for runtime processes
[DEBUG Sep 17 17:47:33.959843867, watcher.go:72] Checking for runtime processes
[DEBUG Sep 17 17:48:33.959848885, watcher.go:72] Checking for runtime processes
[DEBUG Sep 17 17:49:33.959843073, watcher.go:72] Checking for runtime processes
[DEBUG Sep 17 17:50:33.959856731, watcher.go:72] Checking for runtime processes
[DEBUG Sep 17 17:51:33.959844166, watcher.go:72] Checking for runtime processes
[DEBUG Sep 17 17:52:33.959830714, watcher.go:72] Checking for runtime processes
[DEBUG Sep 17 17:53:33.959842167, watcher.go:72] Checking for runtime processes
[DEBUG Sep 17 17:54:33.959450901, watcher.go:72] Checking for runtime processes
[DEBUG Sep 17 17:55:33.959840599, watcher.go:72] Checking for runtime processes
[DEBUG Sep 17 17:56:33.959456585, watcher.go:72] Checking for runtime processes
[DEBUG Sep 17 17:57:33.959846115, watcher.go:72] Checking for runtime processes
[DEBUG Sep 17 17:58:33.959845909, watcher.go:72] Checking for runtime processes
[DEBUG Sep 17 17:59:33.959846484, watcher.go:72] Checking for runtime processes
[DEBUG Sep 17 18:00:33.959844318, watcher.go:72] Checking for runtime processes
[DEBUG Sep 17 18:01:33.959849089, watcher.go:72] Checking for runtime processes
[DEBUG Sep 17 18:02:33.959838548, watcher.go:72] Checking for runtime processes
[DEBUG Sep 17 18:03:33.959847049, watcher.go:72] Checking for runtime processes
[DEBUG Sep 17 18:04:33.959843830, watcher.go:72] Checking for runtime processes
[DEBUG Sep 17 18:05:33.959845414, watcher.go:72] Checking for runtime processes
[DEBUG Sep 17 18:06:33.959861111, watcher.go:72] Checking for runtime processes
[DEBUG Sep 17 18:07:33.959830352, watcher.go:72] Checking for runtime processes
[DEBUG Sep 17 18:08:33.959844162, watcher.go:72] Checking for runtime processes
[DEBUG Sep 17 18:09:33.959462211, watcher.go:72] Checking for runtime processes
[DEBUG Sep 17 18:10:33.959842678, watcher.go:72] Checking for runtime processes
[DEBUG Sep 17 18:11:33.959455307, watcher.go:72] Checking for runtime processes
[DEBUG Sep 17 18:12:33.959844861, watcher.go:72] Checking for runtime processes
[DEBUG Sep 17 18:13:33.959843239, watcher.go:72] Checking for runtime processes
[DEBUG Sep 17 18:14:33.959844614, watcher.go:72] Checking for runtime processes
[DEBUG Sep 17 18:15:33.959842900, watcher.go:72] Checking for runtime processes
[DEBUG Sep 17 18:16:33.959846829, watcher.go:72] Checking for runtime processes
[DEBUG Sep 17 18:17:33.959842841, watcher.go:72] Checking for runtime processes
[DEBUG Sep 17 18:18:33.959845806, watcher.go:72] Checking for runtime processes
[DEBUG Sep 17 18:19:33.959843079, watcher.go:72] Checking for runtime processes
[DEBUG Sep 17 18:20:33.959845084, watcher.go:72] Checking for runtime processes
[DEBUG Sep 17 18:21:33.959842802, watcher.go:72] Checking for runtime processes
[DEBUG Sep 17 18:22:33.959830459, watcher.go:72] Checking for runtime processes
[DEBUG Sep 17 18:23:33.959845339, watcher.go:72] Checking for runtime processes
[DEBUG Sep 17 18:24:33.959459644, watcher.go:72] Checking for runtime processes
[DEBUG Sep 17 18:25:33.959842004, watcher.go:72] Checking for runtime processes
[DEBUG Sep 17 18:26:33.959456431, watcher.go:72] Checking for runtime processes
[DEBUG Sep 17 18:27:33.959843895, watcher.go:72] Checking for runtime processes
[DEBUG Sep 17 18:28:33.959923391, watcher.go:72] Checking for runtime processes
[DEBUG Sep 17 18:29:33.959845932, watcher.go:72] Checking for runtime processes
[DEBUG Sep 17 18:30:33.959843937, watcher.go:72] Checking for runtime processes
[DEBUG Sep 17 18:31:33.959846548, watcher.go:72] Checking for runtime processes
[DEBUG Sep 17 18:32:33.959841393, watcher.go:72] Checking for runtime processes
[DEBUG Sep 17 18:33:33.959849788, watcher.go:72] Checking for runtime processes
[DEBUG Sep 17 18:34:33.959845807, watcher.go:72] Checking for runtime processes
[DEBUG Sep 17 18:35:33.959846987, watcher.go:72] Checking for runtime processes
[DEBUG Sep 17 18:36:33.959839804, watcher.go:72] Checking for runtime processes
[DEBUG Sep 17 18:37:33.959832317, watcher.go:72] Checking for runtime processes
[DEBUG Sep 17 18:38:33.959841635, watcher.go:72] Checking for runtime processes
[DEBUG Sep 17 18:39:33.959458121, watcher.go:72] Checking for runtime processes
[DEBUG Sep 17 18:40:33.959840352, watcher.go:72] Checking for runtime processes
[DEBUG Sep 17 18:41:33.959456595, watcher.go:72] Checking for runtime processes
[DEBUG Sep 17 18:42:33.959856879, watcher.go:72] Checking for runtime processes
[DEBUG Sep 17 18:43:33.959843317, watcher.go:72] Checking for runtime processes
[DEBUG Sep 17 18:44:33.959846448, watcher.go:72] Checking for runtime processes
[DEBUG Sep 17 18:45:33.959844409, watcher.go:72] Checking for runtime processes
[DEBUG Sep 17 18:46:33.959846311, watcher.go:72] Checking for runtime processes
[DEBUG Sep 17 18:47:33.959844304, watcher.go:72] Checking for runtime processes
[DEBUG Sep 17 18:48:33.959845950, watcher.go:72] Checking for runtime processes
[DEBUG Sep 17 18:49:33.959845091, watcher.go:72] Checking for runtime processes
[DEBUG Sep 17 18:50:33.959845184, watcher.go:72] Checking for runtime processes
[DEBUG Sep 17 18:51:33.959841245, watcher.go:72] Checking for runtime processes
[DEBUG Sep 17 18:52:33.959831235, watcher.go:72] Checking for runtime processes
[DEBUG Sep 17 18:53:33.959842620, watcher.go:72] Checking for runtime processes
[DEBUG Sep 17 18:54:33.959449955, watcher.go:72] Checking for runtime processes
[DEBUG Sep 17 18:55:33.959843988, watcher.go:72] Checking for runtime processes
[DEBUG Sep 17 18:56:33.959457483, watcher.go:72] Checking for runtime processes
[DEBUG Sep 17 18:57:33.959843746, watcher.go:72] Checking for runtime processes
[DEBUG Sep 17 18:58:33.959887924, watcher.go:72] Checking for runtime processes
[DEBUG Sep 17 18:59:33.959847270, watcher.go:72] Checking for runtime processes
[DEBUG Sep 17 19:00:33.959842516, watcher.go:72] Checking for runtime processes
[DEBUG Sep 17 19:01:33.959849270, watcher.go:72] Checking for runtime processes
[DEBUG Sep 17 19:02:33.959755363, watcher.go:72] Checking for runtime processes
[DEBUG Sep 17 19:03:33.959846448, watcher.go:72] Checking for runtime processes
[DEBUG Sep 17 19:04:33.959842437, watcher.go:72] Checking for runtime processes
[DEBUG Sep 17 19:05:33.959845190, watcher.go:72] Checking for runtime processes
[DEBUG Sep 17 19:06:33.959841281, watcher.go:72] Checking for runtime processes
[DEBUG Sep 17 19:07:33.959830456, watcher.go:72] Checking for runtime processes
[DEBUG Sep 17 19:08:33.959855253, watcher.go:72] Checking for runtime processes
[DEBUG Sep 17 19:09:33.959485486, watcher.go:72] Checking for runtime processes
[DEBUG Sep 17 19:10:33.959842938, watcher.go:72] Checking for runtime processes
[DEBUG Sep 17 19:11:33.959457612, watcher.go:72] Checking for runtime processes
[DEBUG Sep 17 19:12:33.959849745, watcher.go:72] Checking for runtime processes
[DEBUG Sep 17 19:13:33.959843640, watcher.go:72] Checking for runtime processes
[DEBUG Sep 17 19:14:33.959844269, watcher.go:72] Checking for runtime processes
[DEBUG Sep 17 19:15:33.959843584, watcher.go:72] Checking for runtime processes
[DEBUG Sep 17 19:16:33.959846705, watcher.go:72] Checking for runtime processes
[DEBUG Sep 17 19:17:33.959844355, watcher.go:72] Checking for runtime processes
[DEBUG Sep 17 19:18:33.959849597, watcher.go:72] Checking for runtime processes
[DEBUG Sep 17 19:19:33.959843116, watcher.go:72] Checking for runtime processes
[DEBUG Sep 17 19:20:33.959848672, watcher.go:72] Checking for runtime processes
[DEBUG Sep 17 19:21:33.959855560, watcher.go:72] Checking for runtime processes
[DEBUG Sep 17 19:22:33.959831506, watcher.go:72] Checking for runtime processes
[DEBUG Sep 17 19:23:33.959840771, watcher.go:72] Checking for runtime processes
[DEBUG Sep 17 19:24:33.959507270, watcher.go:72] Checking for runtime processes
[DEBUG Sep 17 19:25:33.959842889, watcher.go:72] Checking for runtime processes
[DEBUG Sep 17 19:26:33.959456018, watcher.go:72] Checking for runtime processes
[DEBUG Sep 17 19:27:33.959846258, watcher.go:72] Checking for runtime processes
[DEBUG Sep 17 19:28:33.959855197, watcher.go:72] Checking for runtime processes
[DEBUG Sep 17 19:29:33.959845002, watcher.go:72] Checking for runtime processes
[DEBUG Sep 17 19:30:33.959844258, watcher.go:72] Checking for runtime processes
[DEBUG Sep 17 19:31:33.959848157, watcher.go:72] Checking for runtime processes
[DEBUG Sep 17 19:32:33.959846782, watcher.go:72] Checking for runtime processes
[DEBUG Sep 17 19:33:33.959849143, watcher.go:72] Checking for runtime processes
[DEBUG Sep 17 19:34:33.959847108, watcher.go:72] Checking for runtime processes
[DEBUG Sep 17 19:35:33.959847990, watcher.go:72] Checking for runtime processes
[DEBUG Sep 17 19:36:33.959841568, watcher.go:72] Checking for runtime processes
[DEBUG Sep 17 19:37:33.959858197, watcher.go:72] Checking for runtime processes
[DEBUG Sep 17 19:38:33.959845315, watcher.go:72] Checking for runtime processes
[DEBUG Sep 17 19:39:33.959459070, watcher.go:72] Checking for runtime processes
[DEBUG Sep 17 19:40:33.959843870, watcher.go:72] Checking for runtime processes
[DEBUG Sep 17 19:41:33.959454240, watcher.go:72] Checking for runtime processes
[DEBUG Sep 17 19:42:33.959849414, watcher.go:72] Checking for runtime processes
[DEBUG Sep 17 19:43:33.959845871, watcher.go:72] Checking for runtime processes
[DEBUG Sep 17 19:44:33.959847262, watcher.go:72] Checking for runtime processes
[DEBUG Sep 17 19:45:33.959844786, watcher.go:72] Checking for runtime processes
[DEBUG Sep 17 19:46:33.959848410, watcher.go:72] Checking for runtime processes
[DEBUG Sep 17 19:47:33.959845514, watcher.go:72] Checking for runtime processes
[DEBUG Sep 17 19:48:33.959848694, watcher.go:72] Checking for runtime processes
[DEBUG Sep 17 19:49:33.959844642, watcher.go:72] Checking for runtime processes
[DEBUG Sep 17 19:50:33.959847063, watcher.go:72] Checking for runtime processes
[DEBUG Sep 17 19:51:33.959843653, watcher.go:72] Checking for runtime processes
[DEBUG Sep 17 19:52:33.959833748, watcher.go:72] Checking for runtime processes
[DEBUG Sep 17 19:53:33.959755183, watcher.go:72] Checking for runtime processes
[DEBUG Sep 17 19:54:33.959451227, watcher.go:72] Checking for runtime processes
[DEBUG Sep 17 19:55:33.959844414, watcher.go:72] Checking for runtime processes
[DEBUG Sep 17 19:56:33.959454010, watcher.go:72] Checking for runtime processes
[DEBUG Sep 17 19:57:33.959847035, watcher.go:72] Checking for runtime processes
[DEBUG Sep 17 19:58:33.959845415, watcher.go:72] Checking for runtime processes
[DEBUG Sep 17 19:59:33.959847646, watcher.go:72] Checking for runtime processes
[DEBUG Sep 17 20:00:33.959843462, watcher.go:72] Checking for runtime processes
[DEBUG Sep 17 20:01:33.959848163, watcher.go:72] Checking for runtime processes
[DEBUG Sep 17 20:02:33.959843773, watcher.go:72] Checking for runtime processes
[DEBUG Sep 17 20:03:33.959852381, watcher.go:72] Checking for runtime processes
[DEBUG Sep 17 20:04:33.959847824, watcher.go:72] Checking for runtime processes
[DEBUG Sep 17 20:05:33.959845962, watcher.go:72] Checking for runtime processes
[DEBUG Sep 17 20:06:33.959844735, watcher.go:72] Checking for runtime processes
[DEBUG Sep 17 20:07:33.959831272, watcher.go:72] Checking for runtime processes
[DEBUG Sep 17 20:08:33.959845403, watcher.go:72] Checking for runtime processes
[DEBUG Sep 17 20:09:33.959457201, watcher.go:72] Checking for runtime processes
[DEBUG Sep 17 20:10:33.959843831, watcher.go:72] Checking for runtime processes
[DEBUG Sep 17 20:11:33.959456563, watcher.go:72] Checking for runtime processes
[DEBUG Sep 17 20:12:33.959846651, watcher.go:72] Checking for runtime processes
[DEBUG Sep 17 20:13:33.959842631, watcher.go:72] Checking for runtime processes
[DEBUG Sep 17 20:14:33.959845981, watcher.go:72] Checking for runtime processes
[DEBUG Sep 17 20:15:33.959842755, watcher.go:72] Checking for runtime processes
[DEBUG Sep 17 20:16:33.959867373, watcher.go:72] Checking for runtime processes
[DEBUG Sep 17 20:17:33.959899268, watcher.go:72] Checking for runtime processes
[DEBUG Sep 17 20:18:33.959847425, watcher.go:72] Checking for runtime processes
[DEBUG Sep 17 20:19:33.959844464, watcher.go:72] Checking for runtime processes
[DEBUG Sep 17 20:20:33.959846963, watcher.go:72] Checking for runtime processes
[DEBUG Sep 17 20:21:33.959841455, watcher.go:72] Checking for runtime processes
[DEBUG Sep 17 20:22:33.959830938, watcher.go:72] Checking for runtime processes
[DEBUG Sep 17 20:23:33.959842669, watcher.go:72] Checking for runtime processes
[DEBUG Sep 17 20:24:33.959459292, watcher.go:72] Checking for runtime processes
[DEBUG Sep 17 20:25:33.959843474, watcher.go:72] Checking for runtime processes
[DEBUG Sep 17 20:26:33.959456105, watcher.go:72] Checking for runtime processes
[DEBUG Sep 17 20:27:33.959848656, watcher.go:72] Checking for runtime processes
[DEBUG Sep 17 20:28:33.959842418, watcher.go:72] Checking for runtime processes
[DEBUG Sep 17 20:29:33.959845374, watcher.go:72] Checking for runtime processes
[DEBUG Sep 17 20:30:33.959843641, watcher.go:72] Checking for runtime processes
[DEBUG Sep 17 20:31:33.959847982, watcher.go:72] Checking for runtime processes
[DEBUG Sep 17 20:32:33.959840331, watcher.go:72] Checking for runtime processes
[DEBUG Sep 17 20:33:33.959844945, watcher.go:72] Checking for runtime processes
[DEBUG Sep 17 20:34:33.959845345, watcher.go:72] Checking for runtime processes
[DEBUG Sep 17 20:35:33.959845535, watcher.go:72] Checking for runtime processes
[DEBUG Sep 17 20:36:33.959842574, watcher.go:72] Checking for runtime processes
[DEBUG Sep 17 20:37:33.959828112, watcher.go:72] Checking for runtime processes
[DEBUG Sep 17 20:38:33.959845615, watcher.go:72] Checking for runtime processes
[DEBUG Sep 17 20:39:33.959458906, watcher.go:72] Checking for runtime processes
[DEBUG Sep 17 20:40:33.959845844, watcher.go:72] Checking for runtime processes
[DEBUG Sep 17 20:41:33.959455882, watcher.go:72] Checking for runtime processes
[DEBUG Sep 17 20:42:33.959845435, watcher.go:72] Checking for runtime processes
[DEBUG Sep 17 20:43:33.959842668, watcher.go:72] Checking for runtime processes
[DEBUG Sep 17 20:44:33.959848166, watcher.go:72] Checking for runtime processes
[DEBUG Sep 17 20:45:33.959843432, watcher.go:72] Checking for runtime processes
[DEBUG Sep 17 20:46:33.959846771, watcher.go:72] Checking for runtime processes
[DEBUG Sep 17 20:47:33.959841718, watcher.go:72] Checking for runtime processes
[DEBUG Sep 17 20:48:33.959846230, watcher.go:72] Checking for runtime processes
[DEBUG Sep 17 20:49:33.959844223, watcher.go:72] Checking for runtime processes
[DEBUG Sep 17 20:50:33.959845246, watcher.go:72] Checking for runtime processes
[DEBUG Sep 17 20:51:33.959841060, watcher.go:72] Checking for runtime processes
[DEBUG Sep 17 20:52:33.959831052, watcher.go:72] Checking for runtime processes
[DEBUG Sep 17 20:53:33.959845044, watcher.go:72] Checking for runtime processes
[DEBUG Sep 17 20:54:33.959450216, watcher.go:72] Checking for runtime processes
[DEBUG Sep 17 20:55:33.959843008, watcher.go:72] Checking for runtime processes
[DEBUG Sep 17 20:56:33.959456230, watcher.go:72] Checking for runtime processes
[DEBUG Sep 17 20:57:33.959846765, watcher.go:72] Checking for runtime processes
[DEBUG Sep 17 20:58:33.959844541, watcher.go:72] Checking for runtime processes
[DEBUG Sep 17 20:59:33.959846383, watcher.go:72] Checking for runtime processes
[DEBUG Sep 17 21:00:33.959841422, watcher.go:72] Checking for runtime processes
[DEBUG Sep 17 21:01:33.959848302, watcher.go:72] Checking for runtime processes
[DEBUG Sep 17 21:02:33.959905123, watcher.go:72] Checking for runtime processes
[DEBUG Sep 17 21:03:33.959845478, watcher.go:72] Checking for runtime processes
[DEBUG Sep 17 21:04:33.959847121, watcher.go:72] Checking for runtime processes
[DEBUG Sep 17 21:05:33.959845465, watcher.go:72] Checking for runtime processes
[DEBUG Sep 17 21:06:33.959841272, watcher.go:72] Checking for runtime processes
[DEBUG Sep 17 21:07:33.959832240, watcher.go:72] Checking for runtime processes
[DEBUG Sep 17 21:08:33.959842705, watcher.go:72] Checking for runtime processes
[DEBUG Sep 17 21:09:33.959460732, watcher.go:72] Checking for runtime processes
[DEBUG Sep 17 21:10:33.959844674, watcher.go:72] Checking for runtime processes
[DEBUG Sep 17 21:11:33.959456292, watcher.go:72] Checking for runtime processes
[DEBUG Sep 17 21:12:33.959845243, watcher.go:72] Checking for runtime processes
[DEBUG Sep 17 21:13:33.959843978, watcher.go:72] Checking for runtime processes
[DEBUG Sep 17 21:14:33.959848229, watcher.go:72] Checking for runtime processes
[DEBUG Sep 17 21:15:33.959842309, watcher.go:72] Checking for runtime processes
[DEBUG Sep 17 21:16:33.959846008, watcher.go:72] Checking for runtime processes
[DEBUG Sep 17 21:17:33.959752893, watcher.go:72] Checking for runtime processes
[DEBUG Sep 17 21:18:33.959845796, watcher.go:72] Checking for runtime processes
[DEBUG Sep 17 21:19:33.959842189, watcher.go:72] Checking for runtime processes
[DEBUG Sep 17 21:20:33.959845042, watcher.go:72] Checking for runtime processes
[DEBUG Sep 17 21:21:33.959841990, watcher.go:72] Checking for runtime processes
[DEBUG Sep 17 21:22:33.959830847, watcher.go:72] Checking for runtime processes
[DEBUG Sep 17 21:23:33.959842017, watcher.go:72] Checking for runtime processes
[DEBUG Sep 17 21:24:33.959459920, watcher.go:72] Checking for runtime processes
[DEBUG Sep 17 21:25:33.959845400, watcher.go:72] Checking for runtime processes
[DEBUG Sep 17 21:26:33.959457174, watcher.go:72] Checking for runtime processes
[DEBUG Sep 17 21:27:33.959847918, watcher.go:72] Checking for runtime processes
[DEBUG Sep 17 21:28:33.959844962, watcher.go:72] Checking for runtime processes
[DEBUG Sep 17 21:29:33.959846021, watcher.go:72] Checking for runtime processes
[DEBUG Sep 17 21:30:33.959845761, watcher.go:72] Checking for runtime processes
[DEBUG Sep 17 21:31:33.959846338, watcher.go:72] Checking for runtime processes
[DEBUG Sep 17 21:32:33.959845134, watcher.go:72] Checking for runtime processes
[DEBUG Sep 17 21:33:33.959761105, watcher.go:72] Checking for runtime processes
[DEBUG Sep 17 21:34:33.959846192, watcher.go:72] Checking for runtime processes
[DEBUG Sep 17 21:35:33.959846474, watcher.go:72] Checking for runtime processes
[DEBUG Sep 17 21:36:33.959842241, watcher.go:72] Checking for runtime processes
[DEBUG Sep 17 21:37:33.959832843, watcher.go:72] Checking for runtime processes
[DEBUG Sep 17 21:38:33.959845195, watcher.go:72] Checking for runtime processes
[DEBUG Sep 17 21:39:33.959458620, watcher.go:72] Checking for runtime processes
[DEBUG Sep 17 21:40:33.959844226, watcher.go:72] Checking for runtime processes
[DEBUG Sep 17 21:41:33.959454496, watcher.go:72] Checking for runtime processes
[DEBUG Sep 17 21:42:33.959846897, watcher.go:72] Checking for runtime processes
[DEBUG Sep 17 21:43:33.959844858, watcher.go:72] Checking for runtime processes
[DEBUG Sep 17 21:44:33.959846431, watcher.go:72] Checking for runtime processes
[DEBUG Sep 17 21:45:33.959845319, watcher.go:72] Checking for runtime processes
[DEBUG Sep 17 21:46:33.959849746, watcher.go:72] Checking for runtime processes
[DEBUG Sep 17 21:47:33.959844856, watcher.go:72] Checking for runtime processes
[DEBUG Sep 17 21:48:33.959848013, watcher.go:72] Checking for runtime processes
[DEBUG Sep 17 21:49:33.959844538, watcher.go:72] Checking for runtime processes
[DEBUG Sep 17 21:50:33.959847302, watcher.go:72] Checking for runtime processes
[DEBUG Sep 17 21:51:33.959844323, watcher.go:72] Checking for runtime processes
[DEBUG Sep 17 21:52:33.959830248, watcher.go:72] Checking for runtime processes
[DEBUG Sep 17 21:53:33.959852751, watcher.go:72] Checking for runtime processes
[DEBUG Sep 17 21:54:33.959450514, watcher.go:72] Checking for runtime processes
[DEBUG Sep 17 21:55:33.959843567, watcher.go:72] Checking for runtime processes
[DEBUG Sep 17 21:56:33.959457012, watcher.go:72] Checking for runtime processes
[DEBUG Sep 17 21:57:33.959850480, watcher.go:72] Checking for runtime processes
[DEBUG Sep 17 21:58:33.959841896, watcher.go:72] Checking for runtime processes
[DEBUG Sep 17 21:59:33.959847850, watcher.go:72] Checking for runtime processes
[DEBUG Sep 17 22:00:33.959844098, watcher.go:72] Checking for runtime processes
[DEBUG Sep 17 22:01:33.959846126, watcher.go:72] Checking for runtime processes
[DEBUG Sep 17 22:02:33.959913864, watcher.go:72] Checking for runtime processes
[DEBUG Sep 17 22:03:33.959848451, watcher.go:72] Checking for runtime processes
[DEBUG Sep 17 22:04:33.959844780, watcher.go:72] Checking for runtime processes
[DEBUG Sep 17 22:05:33.959759210, watcher.go:72] Checking for runtime processes
[DEBUG Sep 17 22:06:33.959845162, watcher.go:72] Checking for runtime processes
[DEBUG Sep 17 22:07:33.959833545, watcher.go:72] Checking for runtime processes
[DEBUG Sep 17 22:08:33.959845367, watcher.go:72] Checking for runtime processes
[DEBUG Sep 17 22:09:33.959457897, watcher.go:72] Checking for runtime processes
[DEBUG Sep 17 22:10:33.959844306, watcher.go:72] Checking for runtime processes
[DEBUG Sep 17 22:11:33.959456041, watcher.go:72] Checking for runtime processes
[DEBUG Sep 17 22:12:33.959846607, watcher.go:72] Checking for runtime processes
[DEBUG Sep 17 22:13:33.959843419, watcher.go:72] Checking for runtime processes
[DEBUG Sep 17 22:14:33.959847959, watcher.go:72] Checking for runtime processes
[DEBUG Sep 17 22:15:33.959843863, watcher.go:72] Checking for runtime processes
[DEBUG Sep 17 22:16:33.959847878, watcher.go:72] Checking for runtime processes
[DEBUG Sep 17 22:17:33.959843708, watcher.go:72] Checking for runtime processes
[DEBUG Sep 17 22:18:33.959847650, watcher.go:72] Checking for runtime processes
[DEBUG Sep 17 22:19:33.959845006, watcher.go:72] Checking for runtime processes
[DEBUG Sep 17 22:20:33.959849301, watcher.go:72] Checking for runtime processes
[DEBUG Sep 17 22:21:33.959844971, watcher.go:72] Checking for runtime processes
[DEBUG Sep 17 22:22:33.959831415, watcher.go:72] Checking for runtime processes
[DEBUG Sep 17 22:23:33.959846320, watcher.go:72] Checking for runtime processes
[DEBUG Sep 17 22:24:33.959458603, watcher.go:72] Checking for runtime processes
[DEBUG Sep 17 22:25:33.959844268, watcher.go:72] Checking for runtime processes
[DEBUG Sep 17 22:26:33.959456371, watcher.go:72] Checking for runtime processes
[DEBUG Sep 17 22:27:33.959848826, watcher.go:72] Checking for runtime processes
[DEBUG Sep 17 22:28:33.959843434, watcher.go:72] Checking for runtime processes
[DEBUG Sep 17 22:29:33.959845310, watcher.go:72] Checking for runtime processes
[DEBUG Sep 17 22:30:33.959843318, watcher.go:72] Checking for runtime processes
[DEBUG Sep 17 22:31:33.959847069, watcher.go:72] Checking for runtime processes
[DEBUG Sep 17 22:32:33.959842433, watcher.go:72] Checking for runtime processes
[DEBUG Sep 17 22:33:33.959847650, watcher.go:72] Checking for runtime processes
[DEBUG Sep 17 22:34:33.959844226, watcher.go:72] Checking for runtime processes
[DEBUG Sep 17 22:35:33.959847864, watcher.go:72] Checking for runtime processes
[DEBUG Sep 17 22:36:33.959846715, watcher.go:72] Checking for runtime processes
[DEBUG Sep 17 22:37:33.959831617, watcher.go:72] Checking for runtime processes
[DEBUG Sep 17 22:38:33.959843239, watcher.go:72] Checking for runtime processes
[DEBUG Sep 17 22:39:33.959459631, watcher.go:72] Checking for runtime processes
[DEBUG Sep 17 22:40:33.959845498, watcher.go:72] Checking for runtime processes
[DEBUG Sep 17 22:41:33.959456421, watcher.go:72] Checking for runtime processes
[DEBUG Sep 17 22:42:33.959848627, watcher.go:72] Checking for runtime processes
[DEBUG Sep 17 22:43:33.959844932, watcher.go:72] Checking for runtime processes
[DEBUG Sep 17 22:44:33.959847471, watcher.go:72] Checking for runtime processes
[DEBUG Sep 17 22:45:33.959844090, watcher.go:72] Checking for runtime processes
[DEBUG Sep 17 22:46:33.959850618, watcher.go:72] Checking for runtime processes
[DEBUG Sep 17 22:47:33.959843413, watcher.go:72] Checking for runtime processes
[DEBUG Sep 17 22:48:33.959848394, watcher.go:72] Checking for runtime processes
[DEBUG Sep 17 22:49:33.959917791, watcher.go:72] Checking for runtime processes
[DEBUG Sep 17 22:50:33.959848699, watcher.go:72] Checking for runtime processes
[DEBUG Sep 17 22:51:33.959844071, watcher.go:72] Checking for runtime processes
[DEBUG Sep 17 22:52:33.959834700, watcher.go:72] Checking for runtime processes
[DEBUG Sep 17 22:53:33.959845924, watcher.go:72] Checking for runtime processes
[DEBUG Sep 17 22:54:33.959449362, watcher.go:72] Checking for runtime processes
[DEBUG Sep 17 22:55:33.959843903, watcher.go:72] Checking for runtime processes
[DEBUG Sep 17 22:56:33.959455542, watcher.go:72] Checking for runtime processes
[DEBUG Sep 17 22:57:33.959848206, watcher.go:72] Checking for runtime processes
[DEBUG Sep 17 22:58:33.959843628, watcher.go:72] Checking for runtime processes
[DEBUG Sep 17 22:59:33.959849708, watcher.go:72] Checking for runtime processes
[DEBUG Sep 17 23:00:33.959845683, watcher.go:72] Checking for runtime processes
[DEBUG Sep 17 23:01:33.959847895, watcher.go:72] Checking for runtime processes
[DEBUG Sep 17 23:02:33.959843168, watcher.go:72] Checking for runtime processes
[DEBUG Sep 17 23:03:33.959849743, watcher.go:72] Checking for runtime processes
[DEBUG Sep 17 23:04:33.959845561, watcher.go:72] Checking for runtime processes
[DEBUG Sep 17 23:05:33.959917001, watcher.go:72] Checking for runtime processes
[DEBUG Sep 17 23:06:33.959843803, watcher.go:72] Checking for runtime processes
[DEBUG Sep 17 23:07:33.959830503, watcher.go:72] Checking for runtime processes
[DEBUG Sep 17 23:08:33.959843715, watcher.go:72] Checking for runtime processes
[DEBUG Sep 17 23:09:33.959459028, watcher.go:72] Checking for runtime processes
[DEBUG Sep 17 23:10:33.959844471, watcher.go:72] Checking for runtime processes
[DEBUG Sep 17 23:11:33.959454129, watcher.go:72] Checking for runtime processes
[DEBUG Sep 17 23:12:33.959848168, watcher.go:72] Checking for runtime processes
[DEBUG Sep 17 23:13:33.959842892, watcher.go:72] Checking for runtime processes
[DEBUG Sep 17 23:14:33.959847446, watcher.go:72] Checking for runtime processes
[DEBUG Sep 17 23:15:33.959844350, watcher.go:72] Checking for runtime processes
[DEBUG Sep 17 23:16:33.959848517, watcher.go:72] Checking for runtime processes
[DEBUG Sep 17 23:17:33.959845042, watcher.go:72] Checking for runtime processes
[DEBUG Sep 17 23:18:33.959846187, watcher.go:72] Checking for runtime processes
[DEBUG Sep 17 23:19:33.959844447, watcher.go:72] Checking for runtime processes
[DEBUG Sep 17 23:20:33.959848553, watcher.go:72] Checking for runtime processes
[DEBUG Sep 17 23:21:33.959906890, watcher.go:72] Checking for runtime processes
[DEBUG Sep 17 23:22:33.959832682, watcher.go:72] Checking for runtime processes
[DEBUG Sep 17 23:23:33.959844244, watcher.go:72] Checking for runtime processes
[DEBUG Sep 17 23:24:33.959458666, watcher.go:72] Checking for runtime processes
[DEBUG Sep 17 23:25:33.959842954, watcher.go:72] Checking for runtime processes
[DEBUG Sep 17 23:26:33.959454664, watcher.go:72] Checking for runtime processes
[DEBUG Sep 17 23:27:33.959847932, watcher.go:72] Checking for runtime processes
[DEBUG Sep 17 23:28:33.959841130, watcher.go:72] Checking for runtime processes
[DEBUG Sep 17 23:29:33.959844833, watcher.go:72] Checking for runtime processes
[DEBUG Sep 17 23:30:33.959842254, watcher.go:72] Checking for runtime processes
[DEBUG Sep 17 23:31:33.959843706, watcher.go:72] Checking for runtime processes
[DEBUG Sep 17 23:32:33.959847605, watcher.go:72] Checking for runtime processes
[DEBUG Sep 17 23:33:33.959848844, watcher.go:72] Checking for runtime processes
[DEBUG Sep 17 23:34:33.959841823, watcher.go:72] Checking for runtime processes
[DEBUG Sep 17 23:35:33.959847238, watcher.go:72] Checking for runtime processes
[DEBUG Sep 17 23:36:33.959844248, watcher.go:72] Checking for runtime processes
[DEBUG Sep 17 23:37:33.959831216, watcher.go:72] Checking for runtime processes
[DEBUG Sep 17 23:38:33.959844826, watcher.go:72] Checking for runtime processes
[DEBUG Sep 17 23:39:33.959453807, watcher.go:72] Checking for runtime processes
[DEBUG Sep 17 23:40:33.959822326, watcher.go:72] Checking for runtime processes
[DEBUG Sep 17 23:41:33.959447126, watcher.go:72] Checking for runtime processes
[DEBUG Sep 17 23:42:33.959842883, watcher.go:72] Checking for runtime processes
