[DEBUG Aug  2 08:15:29.034035471, defaults.go:273] Args: [/home1/wangfeim/.local/ActiveState/StateTool/release/bin/state-svc start]
[DEBUG Aug  2 08:15:29.048327510, locale.go:38] Init
[DEBUG Aug  2 08:15:29.107118114, errs.go:68] Created error: File could not be found
[DEBUG Aug  2 08:15:29.109941869, errs.go:68] Created error: Not Recognized
[DEBUG Aug  2 08:15:29.130968828, errs.go:68] Created error: Secret not found
[DEBUG Aug  2 08:15:29.131016082, errs.go:68] Created error: Could not save keypair
[DEBUG Aug  2 08:15:29.131171116, errs.go:68] Created error: Build responded with error
[DEBUG Aug  2 08:15:29.131202427, errs.go:68] Created error: Unknown build type
[DEBUG Aug  2 08:15:29.131310103, errors.go:86] Wrapped localized error: <nil> -- with: The installed version of the State Tool Service does not match that of the client.
Please stop the service with [ACTIONABLE]state-svc stop[/RESET] and try your command again.
If this issue persists please reinstall the State Tool.

[DEBUG Aug  2 08:15:29.131324196, errs.go:68] Created error: no data
[DEBUG Aug  2 08:15:29.131345538, errs.go:68] Created error: member not found
[DEBUG Aug  2 08:15:29.131372068, errs.go:68] Created error: Commit count is unknowable
[DEBUG Aug  2 08:15:29.131407223, errs.go:68] Created error: No merge required
[DEBUG Aug  2 08:15:29.131428118, errs.go:68] Created error: Can't merge commit thats already in target commits history
[DEBUG Aug  2 08:15:29.131450308, errs.go:68] Created error: Bad expander name
[DEBUG Aug  2 08:15:29.131471785, errs.go:68] Created error: Expander has no handler
[DEBUG Aug  2 08:15:29.132564591, errs.go:68] Created error: Service is already running
[DEBUG Aug  2 08:15:29.190255815, secrets.go:35] Gcloud Secretmanager failed to initialize (ignore if you're not trying to use gcloud): google: could not find default credentials. See https://developers.google.com/accounts/docs/application-default-credentials for more information.
[DEBUG Aug  2 08:15:29.193626075, output.go:53] Requested outputer for 
[DEBUG Aug  2 08:15:29.193647105, output.go:58] Using Plain outputer
[DEBUG Aug  2 08:15:29.193708331, termutils.go:17] Cannot get terminal size: inappropriate ioctl for device
[DEBUG Aug  2 08:15:29.193795573, client.go:128] Reporting event to 2 reporters: run-command, state-svc start, 
[DEBUG Aug  2 08:15:29.193912120, main.go:107] Running CmdStart
[DEBUG Aug  2 08:15:29.199743490, errs.go:75] Wrapped error: Service is already running -- with: valueF failed
[DEBUG Aug  2 08:15:29.199795305, errs.go:75] Wrapped error: valueF failed -- with: Could not store pid
[DEBUG Aug  2 08:15:29.199859037, errors.go:113] Wrapped input error: Could not store pid -- with: A State Service instance is already running in the background.
[DEBUG Aug  2 08:15:29.199872352, errs.go:75] Wrapped error: A State Service instance is already running in the background. -- with: Could not start serviceManager
[DEBUG Aug  2 08:15:29.199947378, client.go:128] Reporting event to 2 reporters: command-exit, state-svc start, 1
[DEBUG Aug  2 08:15:29.574680328, errs.go:75] Wrapped error: <nil> -- with: Could not start serviceManager: A State Service instance is already running in the background.: Could not store pid: valueF failed: Service is already running
[DEBUG Aug  2 08:15:29.574744092, main.go:61] state-svc errored out due to input: Could not start serviceManager: A State Service instance is already running in the background.: Could not store pid: valueF failed: Service is already running
