[DEBUG Aug  2 08:18:51.205769009, defaults.go:273] Args: [/home1/wangfeim/.local/ActiveState/StateTool/release/bin/state-svc start]
[DEBUG Aug  2 08:18:51.219567695, locale.go:38] Init
[DEBUG Aug  2 08:18:51.291355189, errs.go:68] Created error: File could not be found
[DEBUG Aug  2 08:18:51.294600441, errs.go:68] Created error: Not Recognized
[DEBUG Aug  2 08:18:51.315513969, errs.go:68] Created error: Secret not found
[DEBUG Aug  2 08:18:51.315618558, errs.go:68] Created error: Could not save keypair
[DEBUG Aug  2 08:18:51.316276706, errs.go:68] Created error: Build responded with error
[DEBUG Aug  2 08:18:51.316345713, errs.go:68] Created error: Unknown build type
[DEBUG Aug  2 08:18:51.316812809, errors.go:86] Wrapped localized error: <nil> -- with: The installed version of the State Tool Service does not match that of the client.
Please stop the service with [ACTIONABLE]state-svc stop[/RESET] and try your command again.
If this issue persists please reinstall the State Tool.

[DEBUG Aug  2 08:18:51.316835966, errs.go:68] Created error: no data
[DEBUG Aug  2 08:18:51.316868896, errs.go:68] Created error: member not found
[DEBUG Aug  2 08:18:51.316896388, errs.go:68] Created error: Commit count is unknowable
[DEBUG Aug  2 08:18:51.316929118, errs.go:68] Created error: No merge required
[DEBUG Aug  2 08:18:51.316956618, errs.go:68] Created error: Can't merge commit thats already in target commits history
[DEBUG Aug  2 08:18:51.316986506, errs.go:68] Created error: Bad expander name
[DEBUG Aug  2 08:18:51.317015099, errs.go:68] Created error: Expander has no handler
[DEBUG Aug  2 08:18:51.318298473, errs.go:68] Created error: Service is already running
[DEBUG Aug  2 08:18:51.386752196, secrets.go:35] Gcloud Secretmanager failed to initialize (ignore if you're not trying to use gcloud): google: could not find default credentials. See https://developers.google.com/accounts/docs/application-default-credentials for more information.
[DEBUG Aug  2 08:18:51.392486559, output.go:53] Requested outputer for 
[DEBUG Aug  2 08:18:51.392517474, output.go:58] Using Plain outputer
[DEBUG Aug  2 08:18:51.392608234, termutils.go:17] Cannot get terminal size: inappropriate ioctl for device
[DEBUG Aug  2 08:18:51.392749742, client.go:128] Reporting event to 2 reporters: run-command, state-svc start, 
[DEBUG Aug  2 08:18:51.392800877, main.go:107] Running CmdStart
[DEBUG Aug  2 08:18:51.400723814, errs.go:75] Wrapped error: Service is already running -- with: valueF failed
[DEBUG Aug  2 08:18:51.400785629, errs.go:75] Wrapped error: valueF failed -- with: Could not store pid
[DEBUG Aug  2 08:18:51.400863288, errors.go:113] Wrapped input error: Could not store pid -- with: A State Service instance is already running in the background.
[DEBUG Aug  2 08:18:51.400877598, errs.go:75] Wrapped error: A State Service instance is already running in the background. -- with: Could not start serviceManager
[DEBUG Aug  2 08:18:51.400956140, client.go:128] Reporting event to 2 reporters: command-exit, state-svc start, 1
[DEBUG Aug  2 08:18:51.755278726, errs.go:75] Wrapped error: <nil> -- with: Could not start serviceManager: A State Service instance is already running in the background.: Could not store pid: valueF failed: Service is already running
[DEBUG Aug  2 08:18:51.755342883, main.go:61] state-svc errored out due to input: Could not start serviceManager: A State Service instance is already running in the background.: Could not store pid: valueF failed: Service is already running
