[DEBUG Aug  2 07:56:03.269309653, defaults.go:273] Args: [/home1/wangfeim/.local/ActiveState/StateTool/release/bin/state-svc start]
[DEBUG Aug  2 07:56:03.282848121, locale.go:38] Init
[DEBUG Aug  2 07:56:03.334910389, errs.go:68] Created error: File could not be found
[DEBUG Aug  2 07:56:03.338025702, errs.go:68] Created error: Not Recognized
[DEBUG Aug  2 07:56:03.404093091, errs.go:68] Created error: Secret not found
[DEBUG Aug  2 07:56:03.404152240, errs.go:68] Created error: Could not save keypair
[DEBUG Aug  2 07:56:03.404332631, errs.go:68] Created error: Build responded with error
[DEBUG Aug  2 07:56:03.404367058, errs.go:68] Created error: Unknown build type
[DEBUG Aug  2 07:56:03.404496792, errors.go:86] Wrapped localized error: <nil> -- with: The installed version of the State Tool Service does not match that of the client.
Please stop the service with [ACTIONABLE]state-svc stop[/RESET] and try your command again.
If this issue persists please reinstall the State Tool.

[DEBUG Aug  2 07:56:03.404513245, errs.go:68] Created error: no data
[DEBUG Aug  2 07:56:03.404546383, errs.go:68] Created error: member not found
[DEBUG Aug  2 07:56:03.404573647, errs.go:68] Created error: Commit count is unknowable
[DEBUG Aug  2 07:56:03.404597641, errs.go:68] Created error: No merge required
[DEBUG Aug  2 07:56:03.404622060, errs.go:68] Created error: Can't merge commit thats already in target commits history
[DEBUG Aug  2 07:56:03.404646382, errs.go:68] Created error: Bad expander name
[DEBUG Aug  2 07:56:03.404674981, errs.go:68] Created error: Expander has no handler
[DEBUG Aug  2 07:56:03.405872251, errs.go:68] Created error: Service is already running
[DEBUG Aug  2 07:56:03.492142729, secrets.go:35] Gcloud Secretmanager failed to initialize (ignore if you're not trying to use gcloud): google: could not find default credentials. See https://developers.google.com/accounts/docs/application-default-credentials for more information.
[DEBUG Aug  2 07:56:03.495220186, output.go:53] Requested outputer for 
[DEBUG Aug  2 07:56:03.495250783, output.go:58] Using Plain outputer
[DEBUG Aug  2 07:56:03.495346761, termutils.go:17] Cannot get terminal size: inappropriate ioctl for device
[DEBUG Aug  2 07:56:03.495424047, client.go:128] Reporting event to 2 reporters: run-command, state-svc start, 
[DEBUG Aug  2 07:56:03.495631029, main.go:107] Running CmdStart
[DEBUG Aug  2 07:56:03.501685200, errs.go:75] Wrapped error: Service is already running -- with: valueF failed
[DEBUG Aug  2 07:56:03.501745932, errs.go:75] Wrapped error: valueF failed -- with: Could not store pid
[DEBUG Aug  2 07:56:03.501821948, errors.go:113] Wrapped input error: Could not store pid -- with: A State Service instance is already running in the background.
[DEBUG Aug  2 07:56:03.501835431, errs.go:75] Wrapped error: A State Service instance is already running in the background. -- with: Could not start serviceManager
[DEBUG Aug  2 07:56:03.501899837, client.go:128] Reporting event to 2 reporters: command-exit, state-svc start, 1
[DEBUG Aug  2 07:56:03.885433406, errs.go:75] Wrapped error: <nil> -- with: Could not start serviceManager: A State Service instance is already running in the background.: Could not store pid: valueF failed: Service is already running
[DEBUG Aug  2 07:56:03.885505810, main.go:61] state-svc errored out due to input: Could not start serviceManager: A State Service instance is already running in the background.: Could not store pid: valueF failed: Service is already running
