[DEBUG Mar  8 21:48:11.864036483, defaults.go:273] Args: [/home1/wangfeim/.local/ActiveState/StateTool/release/bin/state-svc start]
[DEBUG Mar  8 21:48:11.875270879, locale.go:38] Init
[DEBUG Mar  8 21:48:11.909737456, errs.go:68] Created error: File could not be found
[DEBUG Mar  8 21:48:11.912165018, errs.go:68] Created error: Not Recognized
[DEBUG Mar  8 21:48:11.929471006, errs.go:68] Created error: Secret not found
[DEBUG Mar  8 21:48:11.929504505, errs.go:68] Created error: Could not save keypair
[DEBUG Mar  8 21:48:11.929646317, errs.go:68] Created error: Build responded with error
[DEBUG Mar  8 21:48:11.929667480, errs.go:68] Created error: Unknown build type
[DEBUG Mar  8 21:48:11.929762840, errors.go:86] Wrapped localized error: <nil> -- with: The installed version of the State Tool Service does not match that of the client.
Please stop the service with [ACTIONABLE]state-svc stop[/RESET] and try your command again.
If this issue persists please reinstall the State Tool.

[DEBUG Mar  8 21:48:11.929772652, errs.go:68] Created error: no data
[DEBUG Mar  8 21:48:11.929790617, errs.go:68] Created error: member not found
[DEBUG Mar  8 21:48:11.929810214, errs.go:68] Created error: Commit count is unknowable
[DEBUG Mar  8 21:48:11.929826286, errs.go:68] Created error: No merge required
[DEBUG Mar  8 21:48:11.929844293, errs.go:68] Created error: Can't merge commit thats already in target commits history
[DEBUG Mar  8 21:48:11.929861746, errs.go:68] Created error: Bad expander name
[DEBUG Mar  8 21:48:11.929877396, errs.go:68] Created error: Expander has no handler
[DEBUG Mar  8 21:48:11.930638817, errs.go:68] Created error: Service is already running
[DEBUG Mar  8 21:48:11.955425089, secrets.go:35] Gcloud Secretmanager failed to initialize (ignore if you're not trying to use gcloud): google: could not find default credentials. See https://developers.google.com/accounts/docs/application-default-credentials for more information.
[DEBUG Mar  8 21:48:11.958641449, output.go:53] Requested outputer for 
[DEBUG Mar  8 21:48:11.958656142, output.go:58] Using Plain outputer
[DEBUG Mar  8 21:48:11.958712169, termutils.go:17] Cannot get terminal size: inappropriate ioctl for device
[DEBUG Mar  8 21:48:11.958732241, client.go:128] Reporting event to 2 reporters: run-command, state-svc start, 
[DEBUG Mar  8 21:48:11.958861729, main.go:107] Running CmdStart
[DEBUG Mar  8 21:48:11.963950566, errs.go:75] Wrapped error: Service is already running -- with: valueF failed
[DEBUG Mar  8 21:48:11.963998967, errs.go:75] Wrapped error: valueF failed -- with: Could not store pid
[DEBUG Mar  8 21:48:11.964061425, errors.go:113] Wrapped input error: Could not store pid -- with: A State Service instance is already running in the background.
[DEBUG Mar  8 21:48:11.964070207, errs.go:75] Wrapped error: A State Service instance is already running in the background. -- with: Could not start serviceManager
[DEBUG Mar  8 21:48:11.964145194, client.go:128] Reporting event to 2 reporters: command-exit, state-svc start, 1
[DEBUG Mar  8 21:48:12.318507533, errs.go:75] Wrapped error: <nil> -- with: Could not start serviceManager: A State Service instance is already running in the background.: Could not store pid: valueF failed: Service is already running
[DEBUG Mar  8 21:48:12.318554489, main.go:61] state-svc errored out due to input: Could not start serviceManager: A State Service instance is already running in the background.: Could not store pid: valueF failed: Service is already running
