[DEBUG Aug  2 08:12:23.849227863, defaults.go:273] Args: [/home1/wangfeim/.local/ActiveState/StateTool/release/bin/state-svc start]
[DEBUG Aug  2 08:12:23.863069459, locale.go:38] Init
[DEBUG Aug  2 08:12:23.925762205, errs.go:68] Created error: File could not be found
[DEBUG Aug  2 08:12:23.929069768, errs.go:68] Created error: Not Recognized
[DEBUG Aug  2 08:12:23.950873916, errs.go:68] Created error: Secret not found
[DEBUG Aug  2 08:12:23.950943270, errs.go:68] Created error: Could not save keypair
[DEBUG Aug  2 08:12:23.951177780, errs.go:68] Created error: Build responded with error
[DEBUG Aug  2 08:12:23.951224984, errs.go:68] Created error: Unknown build type
[DEBUG Aug  2 08:12:23.951399172, errors.go:86] Wrapped localized error: <nil> -- with: The installed version of the State Tool Service does not match that of the client.
Please stop the service with [ACTIONABLE]state-svc stop[/RESET] and try your command again.
If this issue persists please reinstall the State Tool.

[DEBUG Aug  2 08:12:23.951421571, errs.go:68] Created error: no data
[DEBUG Aug  2 08:12:23.951464990, errs.go:68] Created error: member not found
[DEBUG Aug  2 08:12:23.951505831, errs.go:68] Created error: Commit count is unknowable
[DEBUG Aug  2 08:12:23.984659363, errs.go:68] Created error: No merge required
[DEBUG Aug  2 08:12:23.984718208, errs.go:68] Created error: Can't merge commit thats already in target commits history
[DEBUG Aug  2 08:12:23.984751419, errs.go:68] Created error: Bad expander name
[DEBUG Aug  2 08:12:23.984777841, errs.go:68] Created error: Expander has no handler
[DEBUG Aug  2 08:12:23.986027833, errs.go:68] Created error: Service is already running
[DEBUG Aug  2 08:12:24.014882288, secrets.go:35] Gcloud Secretmanager failed to initialize (ignore if you're not trying to use gcloud): google: could not find default credentials. See https://developers.google.com/accounts/docs/application-default-credentials for more information.
[DEBUG Aug  2 08:12:24.018636232, output.go:53] Requested outputer for 
[DEBUG Aug  2 08:12:24.018658705, output.go:58] Using Plain outputer
[DEBUG Aug  2 08:12:24.018735115, termutils.go:17] Cannot get terminal size: inappropriate ioctl for device
[DEBUG Aug  2 08:12:24.018819937, client.go:128] Reporting event to 2 reporters: run-command, state-svc start, 
[DEBUG Aug  2 08:12:24.018866426, main.go:107] Running CmdStart
[DEBUG Aug  2 08:12:24.024400950, errs.go:75] Wrapped error: Service is already running -- with: valueF failed
[DEBUG Aug  2 08:12:24.024458607, errs.go:75] Wrapped error: valueF failed -- with: Could not store pid
[DEBUG Aug  2 08:12:24.024530385, errors.go:113] Wrapped input error: Could not store pid -- with: A State Service instance is already running in the background.
[DEBUG Aug  2 08:12:24.024550695, errs.go:75] Wrapped error: A State Service instance is already running in the background. -- with: Could not start serviceManager
[DEBUG Aug  2 08:12:24.024622415, client.go:128] Reporting event to 2 reporters: command-exit, state-svc start, 1
[DEBUG Aug  2 08:12:24.389173587, errs.go:75] Wrapped error: <nil> -- with: Could not start serviceManager: A State Service instance is already running in the background.: Could not store pid: valueF failed: Service is already running
[DEBUG Aug  2 08:12:24.389239514, main.go:61] state-svc errored out due to input: Could not start serviceManager: A State Service instance is already running in the background.: Could not store pid: valueF failed: Service is already running
