[DEBUG Aug  2 07:51:37.111755811, defaults.go:273] Args: [/home1/wangfeim/.local/ActiveState/StateTool/release/bin/state-svc start]
[DEBUG Aug  2 07:51:37.126483400, locale.go:38] Init
[DEBUG Aug  2 07:51:37.462243424, errs.go:68] Created error: File could not be found
[DEBUG Aug  2 07:51:37.465453989, errs.go:68] Created error: Not Recognized
[DEBUG Aug  2 07:51:37.487176141, errs.go:68] Created error: Secret not found
[DEBUG Aug  2 07:51:37.487256630, errs.go:68] Created error: Could not save keypair
[DEBUG Aug  2 07:51:37.487491526, errs.go:68] Created error: Build responded with error
[DEBUG Aug  2 07:51:37.487530683, errs.go:68] Created error: Unknown build type
[DEBUG Aug  2 07:51:37.487713974, errors.go:86] Wrapped localized error: <nil> -- with: The installed version of the State Tool Service does not match that of the client.
Please stop the service with [ACTIONABLE]state-svc stop[/RESET] and try your command again.
If this issue persists please reinstall the State Tool.

[DEBUG Aug  2 07:51:37.487735375, errs.go:68] Created error: no data
[DEBUG Aug  2 07:51:37.487762298, errs.go:68] Created error: member not found
[DEBUG Aug  2 07:51:37.487787664, errs.go:68] Created error: Commit count is unknowable
[DEBUG Aug  2 07:51:37.487823173, errs.go:68] Created error: No merge required
[DEBUG Aug  2 07:51:37.487854606, errs.go:68] Created error: Can't merge commit thats already in target commits history
[DEBUG Aug  2 07:51:37.487884183, errs.go:68] Created error: Bad expander name
[DEBUG Aug  2 07:51:37.487908847, errs.go:68] Created error: Expander has no handler
[DEBUG Aug  2 07:51:37.489443026, errs.go:68] Created error: Service is already running
[DEBUG Aug  2 07:51:37.520859679, secrets.go:35] Gcloud Secretmanager failed to initialize (ignore if you're not trying to use gcloud): google: could not find default credentials. See https://developers.google.com/accounts/docs/application-default-credentials for more information.
[DEBUG Aug  2 07:51:37.524162976, output.go:53] Requested outputer for 
[DEBUG Aug  2 07:51:37.524183993, output.go:58] Using Plain outputer
[DEBUG Aug  2 07:51:37.524257245, termutils.go:17] Cannot get terminal size: inappropriate ioctl for device
[DEBUG Aug  2 07:51:37.524395515, main.go:107] Running CmdStart
[DEBUG Aug  2 07:51:37.524409248, client.go:128] Reporting event to 2 reporters: run-command, state-svc start, 
[DEBUG Aug  2 07:51:37.530375573, errs.go:75] Wrapped error: Service is already running -- with: valueF failed
[DEBUG Aug  2 07:51:37.530435147, errs.go:75] Wrapped error: valueF failed -- with: Could not store pid
[DEBUG Aug  2 07:51:37.530506542, errors.go:113] Wrapped input error: Could not store pid -- with: A State Service instance is already running in the background.
[DEBUG Aug  2 07:51:37.530520999, errs.go:75] Wrapped error: A State Service instance is already running in the background. -- with: Could not start serviceManager
[DEBUG Aug  2 07:51:37.584857233, client.go:128] Reporting event to 2 reporters: command-exit, state-svc start, 1
[DEBUG Aug  2 07:51:37.902437371, errs.go:75] Wrapped error: <nil> -- with: Could not start serviceManager: A State Service instance is already running in the background.: Could not store pid: valueF failed: Service is already running
[DEBUG Aug  2 07:51:37.902505076, main.go:61] state-svc errored out due to input: Could not start serviceManager: A State Service instance is already running in the background.: Could not store pid: valueF failed: Service is already running
