[DEBUG Aug  2 08:18:30.633913373, defaults.go:273] Args: [/home1/wangfeim/.local/ActiveState/StateTool/release/bin/state-svc start]
[DEBUG Aug  2 08:18:30.648782379, locale.go:38] Init
[DEBUG Aug  2 08:18:30.844685744, errs.go:68] Created error: File could not be found
[DEBUG Aug  2 08:18:30.847810568, errs.go:68] Created error: Not Recognized
[DEBUG Aug  2 08:18:30.869395657, errs.go:68] Created error: Secret not found
[DEBUG Aug  2 08:18:30.869534473, errs.go:68] Created error: Could not save keypair
[DEBUG Aug  2 08:18:30.870157198, errs.go:68] Created error: Build responded with error
[DEBUG Aug  2 08:18:30.870239466, errs.go:68] Created error: Unknown build type
[DEBUG Aug  2 08:18:30.870514723, errors.go:86] Wrapped localized error: <nil> -- with: The installed version of the State Tool Service does not match that of the client.
Please stop the service with [ACTIONABLE]state-svc stop[/RESET] and try your command again.
If this issue persists please reinstall the State Tool.

[DEBUG Aug  2 08:18:30.874720814, errs.go:68] Created error: no data
[DEBUG Aug  2 08:18:30.874979374, errs.go:68] Created error: member not found
[DEBUG Aug  2 08:18:30.875014070, errs.go:68] Created error: Commit count is unknowable
[DEBUG Aug  2 08:18:30.875043516, errs.go:68] Created error: No merge required
[DEBUG Aug  2 08:18:30.875069590, errs.go:68] Created error: Can't merge commit thats already in target commits history
[DEBUG Aug  2 08:18:30.875097592, errs.go:68] Created error: Bad expander name
[DEBUG Aug  2 08:18:30.875123141, errs.go:68] Created error: Expander has no handler
[DEBUG Aug  2 08:18:30.876533277, errs.go:68] Created error: Service is already running
[DEBUG Aug  2 08:18:30.907518562, secrets.go:35] Gcloud Secretmanager failed to initialize (ignore if you're not trying to use gcloud): google: could not find default credentials. See https://developers.google.com/accounts/docs/application-default-credentials for more information.
[DEBUG Aug  2 08:18:30.911964097, output.go:53] Requested outputer for 
[DEBUG Aug  2 08:18:30.911989386, output.go:58] Using Plain outputer
[DEBUG Aug  2 08:18:30.912074284, termutils.go:17] Cannot get terminal size: inappropriate ioctl for device
[DEBUG Aug  2 08:18:30.912176800, client.go:128] Reporting event to 2 reporters: run-command, state-svc start, 
[DEBUG Aug  2 08:18:30.912247032, main.go:107] Running CmdStart
[DEBUG Aug  2 08:18:30.918489840, errs.go:75] Wrapped error: Service is already running -- with: valueF failed
[DEBUG Aug  2 08:18:30.918565103, errs.go:75] Wrapped error: valueF failed -- with: Could not store pid
[DEBUG Aug  2 08:18:30.918651661, errors.go:113] Wrapped input error: Could not store pid -- with: A State Service instance is already running in the background.
[DEBUG Aug  2 08:18:30.918668518, errs.go:75] Wrapped error: A State Service instance is already running in the background. -- with: Could not start serviceManager
[DEBUG Aug  2 08:18:30.918748705, client.go:128] Reporting event to 2 reporters: command-exit, state-svc start, 1
[DEBUG Aug  2 08:18:31.291192221, errs.go:75] Wrapped error: <nil> -- with: Could not start serviceManager: A State Service instance is already running in the background.: Could not store pid: valueF failed: Service is already running
[DEBUG Aug  2 08:18:31.291268454, main.go:61] state-svc errored out due to input: Could not start serviceManager: A State Service instance is already running in the background.: Could not store pid: valueF failed: Service is already running
