[DEBUG Aug  2 07:59:55.805340223, defaults.go:273] Args: [/home1/wangfeim/.local/ActiveState/StateTool/release/bin/state-svc start]
[DEBUG Aug  2 07:59:55.819885573, locale.go:38] Init
[DEBUG Aug  2 07:59:55.925744747, errs.go:68] Created error: File could not be found
[DEBUG Aug  2 07:59:55.929113232, errs.go:68] Created error: Not Recognized
[DEBUG Aug  2 07:59:55.991530810, errs.go:68] Created error: Secret not found
[DEBUG Aug  2 07:59:55.991601904, errs.go:68] Created error: Could not save keypair
[DEBUG Aug  2 07:59:55.991777951, errs.go:68] Created error: Build responded with error
[DEBUG Aug  2 07:59:55.991807344, errs.go:68] Created error: Unknown build type
[DEBUG Aug  2 07:59:55.991935802, errors.go:86] Wrapped localized error: <nil> -- with: The installed version of the State Tool Service does not match that of the client.
Please stop the service with [ACTIONABLE]state-svc stop[/RESET] and try your command again.
If this issue persists please reinstall the State Tool.

[DEBUG Aug  2 07:59:55.991957949, errs.go:68] Created error: no data
[DEBUG Aug  2 07:59:55.991989032, errs.go:68] Created error: member not found
[DEBUG Aug  2 07:59:55.992014448, errs.go:68] Created error: Commit count is unknowable
[DEBUG Aug  2 07:59:55.992045195, errs.go:68] Created error: No merge required
[DEBUG Aug  2 07:59:55.992068682, errs.go:68] Created error: Can't merge commit thats already in target commits history
[DEBUG Aug  2 07:59:55.992092930, errs.go:68] Created error: Bad expander name
[DEBUG Aug  2 07:59:55.992115408, errs.go:68] Created error: Expander has no handler
[DEBUG Aug  2 07:59:55.993211153, errs.go:68] Created error: Service is already running
[DEBUG Aug  2 07:59:56.024528362, secrets.go:35] Gcloud Secretmanager failed to initialize (ignore if you're not trying to use gcloud): google: could not find default credentials. See https://developers.google.com/accounts/docs/application-default-credentials for more information.
[DEBUG Aug  2 07:59:56.027746911, output.go:53] Requested outputer for 
[DEBUG Aug  2 07:59:56.027769399, output.go:58] Using Plain outputer
[DEBUG Aug  2 07:59:56.027858207, termutils.go:17] Cannot get terminal size: inappropriate ioctl for device
[DEBUG Aug  2 07:59:56.027941092, client.go:128] Reporting event to 2 reporters: run-command, state-svc start, 
[DEBUG Aug  2 07:59:56.028006591, main.go:107] Running CmdStart
[DEBUG Aug  2 07:59:56.086655330, errs.go:75] Wrapped error: Service is already running -- with: valueF failed
[DEBUG Aug  2 07:59:56.086760576, errs.go:75] Wrapped error: valueF failed -- with: Could not store pid
[DEBUG Aug  2 07:59:56.086872871, errors.go:113] Wrapped input error: Could not store pid -- with: A State Service instance is already running in the background.
[DEBUG Aug  2 07:59:56.086896773, errs.go:75] Wrapped error: A State Service instance is already running in the background. -- with: Could not start serviceManager
[DEBUG Aug  2 07:59:56.087055008, client.go:128] Reporting event to 2 reporters: command-exit, state-svc start, 1
[DEBUG Aug  2 07:59:56.407938488, errs.go:75] Wrapped error: <nil> -- with: Could not start serviceManager: A State Service instance is already running in the background.: Could not store pid: valueF failed: Service is already running
[DEBUG Aug  2 07:59:56.408018645, main.go:61] state-svc errored out due to input: Could not start serviceManager: A State Service instance is already running in the background.: Could not store pid: valueF failed: Service is already running
