[DEBUG Sep 17 13:07:36.945196382, defaults.go:273] Args: [/home1/wangfeim/.local/ActiveState/StateTool/release/bin/state-svc foreground]
[DEBUG Sep 17 13:07:36.952261341, locale.go:38] Init
[DEBUG Sep 17 13:07:36.976976721, errs.go:68] Created error: File could not be found
[DEBUG Sep 17 13:07:36.978595351, errs.go:68] Created error: Not Recognized
[DEBUG Sep 17 13:07:36.996323721, errs.go:68] Created error: Secret not found
[DEBUG Sep 17 13:07:36.996359745, errs.go:68] Created error: Could not save keypair
[DEBUG Sep 17 13:07:36.996509060, errs.go:68] Created error: Build responded with error
[DEBUG Sep 17 13:07:36.996531113, errs.go:68] Created error: Unknown build type
[DEBUG Sep 17 13:07:36.996687940, errors.go:86] Wrapped localized error: <nil> -- with: The installed version of the State Tool Service does not match that of the client.
Please stop the service with [ACTIONABLE]state-svc stop[/RESET] and try your command again.
If this issue persists please reinstall the State Tool.

[DEBUG Sep 17 13:07:36.996697494, errs.go:68] Created error: no data
[DEBUG Sep 17 13:07:36.996716973, errs.go:68] Created error: member not found
[DEBUG Sep 17 13:07:36.996732757, errs.go:68] Created error: Commit count is unknowable
[DEBUG Sep 17 13:07:36.996749943, errs.go:68] Created error: No merge required
[DEBUG Sep 17 13:07:36.996767099, errs.go:68] Created error: Can't merge commit thats already in target commits history
[DEBUG Sep 17 13:07:36.996783333, errs.go:68] Created error: Bad expander name
[DEBUG Sep 17 13:07:36.996801300, errs.go:68] Created error: Expander has no handler
[DEBUG Sep 17 13:07:36.998846603, errs.go:68] Created error: Service is already running
[DEBUG Sep 17 13:07:37.024487238, secrets.go:35] Gcloud Secretmanager failed to initialize (ignore if you're not trying to use gcloud): google: could not find default credentials. See https://developers.google.com/accounts/docs/application-default-credentials for more information.
[DEBUG Sep 17 13:07:37.028317581, output.go:53] Requested outputer for 
[DEBUG Sep 17 13:07:37.028329890, output.go:58] Using Plain outputer
[DEBUG Sep 17 13:07:37.028371082, termutils.go:17] Cannot get terminal size: inappropriate ioctl for device
[DEBUG Sep 17 13:07:37.028443922, main.go:137] Running CmdForeground
[DEBUG Sep 17 13:07:37.028450431, main.go:147] Running in Foreground
[DEBUG Sep 17 13:07:37.028474317, client.go:128] Reporting event to 2 reporters: run-command, state-svc foreground, 
[DEBUG Sep 17 13:07:37.028616382, service.go:30] service:Start
[DEBUG Sep 17 13:07:37.034599339, service.go:42] Server starting on port: 45901
[DEBUG Sep 17 13:07:37.034648162, client.go:128] Reporting event to 2 reporters: state-svc, start, 
[DEBUG Sep 17 13:07:37.145017068, resolver.go:57] Version resolver
[DEBUG Sep 17 13:07:37.145550092, client.go:128] Reporting event to 2 reporters: state-svc, endpoint, Version
[DEBUG Sep 17 13:07:37.146907097, resolver.go:121] Analytics event resolver
[DEBUG Sep 17 13:07:37.147179598, client.go:128] Reporting event to 2 reporters: run-command, exec, 
[DEBUG Sep 17 13:07:37.168289985, resolver.go:57] Version resolver
[DEBUG Sep 17 13:07:37.168535535, client.go:128] Reporting event to 2 reporters: state-svc, endpoint, Version
[DEBUG Sep 17 13:07:37.169909766, resolver.go:121] Analytics event resolver
[DEBUG Sep 17 13:07:37.170050939, client.go:128] Reporting event to 2 reporters: runtime, success, 
[DEBUG Sep 17 13:07:37.179996919, resolver.go:57] Version resolver
[DEBUG Sep 17 13:07:37.180262680, client.go:128] Reporting event to 2 reporters: state-svc, endpoint, Version
[DEBUG Sep 17 13:07:37.181636240, resolver.go:121] Analytics event resolver
[DEBUG Sep 17 13:07:37.181834599, client.go:128] Reporting event to 2 reporters: runtime, start, 
[DEBUG Sep 17 13:07:37.254849215, resolver.go:57] Version resolver
[DEBUG Sep 17 13:07:37.255170039, client.go:128] Reporting event to 2 reporters: state-svc, endpoint, Version
[DEBUG Sep 17 13:07:37.256377579, resolver.go:121] Analytics event resolver
[DEBUG Sep 17 13:07:37.256602157, client.go:128] Reporting event to 2 reporters: runtime, cache, 
[DEBUG Sep 17 13:08:37.035456507, watcher.go:72] Checking for runtime processes
[DEBUG Sep 17 13:09:37.035440025, watcher.go:72] Checking for runtime processes
[DEBUG Sep 17 13:10:37.035402692, watcher.go:72] Checking for runtime processes
[DEBUG Sep 17 13:11:37.035686789, watcher.go:72] Checking for runtime processes
[DEBUG Sep 17 13:12:37.035306644, watcher.go:72] Checking for runtime processes
[DEBUG Sep 17 13:13:37.035278179, watcher.go:72] Checking for runtime processes
[DEBUG Sep 17 13:14:37.035321079, watcher.go:72] Checking for runtime processes
[DEBUG Sep 17 13:15:37.035421702, watcher.go:72] Checking for runtime processes
[DEBUG Sep 17 13:16:37.035533960, watcher.go:72] Checking for runtime processes
[DEBUG Sep 17 13:17:37.035577983, watcher.go:72] Checking for runtime processes
[DEBUG Sep 17 13:18:37.035713677, watcher.go:72] Checking for runtime processes
[DEBUG Sep 17 13:19:37.035526949, watcher.go:72] Checking for runtime processes
[DEBUG Sep 17 13:20:37.034963070, watcher.go:72] Checking for runtime processes
[DEBUG Sep 17 13:21:37.035720832, watcher.go:72] Checking for runtime processes
[DEBUG Sep 17 13:22:37.034855228, watcher.go:72] Checking for runtime processes
[DEBUG Sep 17 13:23:37.035590707, watcher.go:72] Checking for runtime processes
[DEBUG Sep 17 13:24:37.035448170, watcher.go:72] Checking for runtime processes
[DEBUG Sep 17 13:25:37.035425924, watcher.go:72] Checking for runtime processes
[DEBUG Sep 17 13:26:37.035498068, watcher.go:72] Checking for runtime processes
[DEBUG Sep 17 13:27:37.035633535, watcher.go:72] Checking for runtime processes
[DEBUG Sep 17 13:28:37.035507369, watcher.go:72] Checking for runtime processes
[DEBUG Sep 17 13:29:37.035447218, watcher.go:72] Checking for runtime processes
[DEBUG Sep 17 13:30:37.035332326, watcher.go:72] Checking for runtime processes
[DEBUG Sep 17 13:31:37.035580123, watcher.go:72] Checking for runtime processes
[DEBUG Sep 17 13:32:37.035277031, watcher.go:72] Checking for runtime processes
[DEBUG Sep 17 13:33:37.035638662, watcher.go:72] Checking for runtime processes
[DEBUG Sep 17 13:34:37.035742491, watcher.go:72] Checking for runtime processes
[DEBUG Sep 17 13:35:37.035047817, watcher.go:72] Checking for runtime processes
[DEBUG Sep 17 13:36:37.035494328, watcher.go:72] Checking for runtime processes
[DEBUG Sep 17 13:37:37.034855891, watcher.go:72] Checking for runtime processes
[DEBUG Sep 17 13:38:37.035284402, watcher.go:72] Checking for runtime processes
[DEBUG Sep 17 13:39:37.035503896, watcher.go:72] Checking for runtime processes
[DEBUG Sep 17 13:40:37.035288442, watcher.go:72] Checking for runtime processes
[DEBUG Sep 17 13:41:37.035476797, watcher.go:72] Checking for runtime processes
[DEBUG Sep 17 13:42:37.035459494, watcher.go:72] Checking for runtime processes
[DEBUG Sep 17 13:43:37.035476572, watcher.go:72] Checking for runtime processes
[DEBUG Sep 17 13:44:37.035393691, watcher.go:72] Checking for runtime processes
[DEBUG Sep 17 13:45:37.035567312, watcher.go:72] Checking for runtime processes
[DEBUG Sep 17 13:46:37.035292281, watcher.go:72] Checking for runtime processes
[DEBUG Sep 17 13:47:37.035508298, watcher.go:72] Checking for runtime processes
[DEBUG Sep 17 13:48:37.035477589, watcher.go:72] Checking for runtime processes
[DEBUG Sep 17 13:49:37.035436037, watcher.go:72] Checking for runtime processes
[DEBUG Sep 17 13:50:37.034857373, watcher.go:72] Checking for runtime processes
[DEBUG Sep 17 13:51:37.035422369, watcher.go:72] Checking for runtime processes
[DEBUG Sep 17 13:52:37.034972881, watcher.go:72] Checking for runtime processes
[DEBUG Sep 17 13:53:37.035446662, watcher.go:72] Checking for runtime processes
[DEBUG Sep 17 13:54:37.035766799, watcher.go:72] Checking for runtime processes
[DEBUG Sep 17 13:55:37.035796040, watcher.go:72] Checking for runtime processes
[DEBUG Sep 17 13:56:37.035669394, watcher.go:72] Checking for runtime processes
[DEBUG Sep 17 13:57:37.035346426, watcher.go:72] Checking for runtime processes
[DEBUG Sep 17 13:58:37.035524212, watcher.go:72] Checking for runtime processes
[DEBUG Sep 17 13:59:37.035887856, watcher.go:72] Checking for runtime processes
[DEBUG Sep 17 14:00:37.035287804, watcher.go:72] Checking for runtime processes
[DEBUG Sep 17 14:01:37.035316979, watcher.go:72] Checking for runtime processes
[DEBUG Sep 17 14:02:37.035551476, watcher.go:72] Checking for runtime processes
[DEBUG Sep 17 14:03:37.035408619, watcher.go:72] Checking for runtime processes
[DEBUG Sep 17 14:04:37.035708092, watcher.go:72] Checking for runtime processes
[DEBUG Sep 17 14:05:37.035159627, watcher.go:72] Checking for runtime processes
[DEBUG Sep 17 14:06:37.035952334, watcher.go:72] Checking for runtime processes
[DEBUG Sep 17 14:07:37.034849902, watcher.go:72] Checking for runtime processes
[DEBUG Sep 17 14:08:37.035443017, watcher.go:72] Checking for runtime processes
[DEBUG Sep 17 14:09:37.035454252, watcher.go:72] Checking for runtime processes
[DEBUG Sep 17 14:10:37.035849787, watcher.go:72] Checking for runtime processes
[DEBUG Sep 17 14:11:37.035283464, watcher.go:72] Checking for runtime processes
[DEBUG Sep 17 14:12:37.035649001, watcher.go:72] Checking for runtime processes
[DEBUG Sep 17 14:13:37.035612101, watcher.go:72] Checking for runtime processes
[DEBUG Sep 17 14:14:37.035341988, watcher.go:72] Checking for runtime processes
[DEBUG Sep 17 14:15:37.035609754, watcher.go:72] Checking for runtime processes
[DEBUG Sep 17 14:16:37.035729678, watcher.go:72] Checking for runtime processes
[DEBUG Sep 17 14:17:37.035428594, watcher.go:72] Checking for runtime processes
[DEBUG Sep 17 14:18:37.035814052, watcher.go:72] Checking for runtime processes
[DEBUG Sep 17 14:19:37.035618617, watcher.go:72] Checking for runtime processes
[DEBUG Sep 17 14:20:37.035258854, watcher.go:72] Checking for runtime processes
[DEBUG Sep 17 14:21:37.035614197, watcher.go:72] Checking for runtime processes
[DEBUG Sep 17 14:22:37.034905451, watcher.go:72] Checking for runtime processes
[DEBUG Sep 17 14:23:37.035314022, watcher.go:72] Checking for runtime processes
[DEBUG Sep 17 14:24:37.035614510, watcher.go:72] Checking for runtime processes
[DEBUG Sep 17 14:25:37.035453983, watcher.go:72] Checking for runtime processes
[DEBUG Sep 17 14:26:37.035497371, watcher.go:72] Checking for runtime processes
[DEBUG Sep 17 14:27:37.035528461, watcher.go:72] Checking for runtime processes
[DEBUG Sep 17 14:28:37.035317311, watcher.go:72] Checking for runtime processes
[DEBUG Sep 17 14:29:37.035285805, watcher.go:72] Checking for runtime processes
[DEBUG Sep 17 14:30:37.035471868, watcher.go:72] Checking for runtime processes
[DEBUG Sep 17 14:31:37.035305548, watcher.go:72] Checking for runtime processes
[DEBUG Sep 17 14:32:37.035425651, watcher.go:72] Checking for runtime processes
[DEBUG Sep 17 14:33:37.035285198, watcher.go:72] Checking for runtime processes
[DEBUG Sep 17 14:34:37.035294318, watcher.go:72] Checking for runtime processes
[DEBUG Sep 17 14:35:37.034907175, watcher.go:72] Checking for runtime processes
[DEBUG Sep 17 14:36:37.035569150, watcher.go:72] Checking for runtime processes
[DEBUG Sep 17 14:37:37.034861198, watcher.go:72] Checking for runtime processes
[DEBUG Sep 17 14:38:37.035546333, watcher.go:72] Checking for runtime processes
[DEBUG Sep 17 14:39:37.035301036, watcher.go:72] Checking for runtime processes
[DEBUG Sep 17 14:40:37.035309720, watcher.go:72] Checking for runtime processes
[DEBUG Sep 17 14:41:37.035864204, watcher.go:72] Checking for runtime processes
[DEBUG Sep 17 14:42:37.035584237, watcher.go:72] Checking for runtime processes
[DEBUG Sep 17 14:43:37.035532874, watcher.go:72] Checking for runtime processes
[DEBUG Sep 17 14:44:37.035415034, watcher.go:72] Checking for runtime processes
[DEBUG Sep 17 14:45:37.035511267, watcher.go:72] Checking for runtime processes
[DEBUG Sep 17 14:46:37.035751979, watcher.go:72] Checking for runtime processes
[DEBUG Sep 17 14:47:37.035622865, watcher.go:72] Checking for runtime processes
[DEBUG Sep 17 14:48:37.035515959, watcher.go:72] Checking for runtime processes
[DEBUG Sep 17 14:49:37.035657049, watcher.go:72] Checking for runtime processes
[DEBUG Sep 17 14:50:37.034854880, watcher.go:72] Checking for runtime processes
[DEBUG Sep 17 14:51:37.035504721, watcher.go:72] Checking for runtime processes
[DEBUG Sep 17 14:52:37.034859574, watcher.go:72] Checking for runtime processes
[DEBUG Sep 17 14:53:37.035749673, watcher.go:72] Checking for runtime processes
[DEBUG Sep 17 14:54:37.035272427, watcher.go:72] Checking for runtime processes
[DEBUG Sep 17 14:55:37.035705102, watcher.go:72] Checking for runtime processes
[DEBUG Sep 17 14:56:37.035527431, watcher.go:72] Checking for runtime processes
[DEBUG Sep 17 14:57:37.035280909, watcher.go:72] Checking for runtime processes
[DEBUG Sep 17 14:58:37.035485260, watcher.go:72] Checking for runtime processes
[DEBUG Sep 17 14:59:37.035724551, watcher.go:72] Checking for runtime processes
[DEBUG Sep 17 15:00:37.035504800, watcher.go:72] Checking for runtime processes
[DEBUG Sep 17 15:01:37.035292930, watcher.go:72] Checking for runtime processes
[DEBUG Sep 17 15:02:37.035645474, watcher.go:72] Checking for runtime processes
[DEBUG Sep 17 15:02:54.263919335, resolver.go:57] Version resolver
[DEBUG Sep 17 15:02:54.264185613, client.go:128] Reporting event to 2 reporters: state-svc, endpoint, Version
[DEBUG Sep 17 15:02:54.274304985, resolver.go:121] Analytics event resolver
[DEBUG Sep 17 15:02:54.274408389, client.go:128] Reporting event to 2 reporters: command-exit, exec, 0
[DEBUG Sep 17 15:03:37.035740830, watcher.go:72] Checking for runtime processes
[DEBUG Sep 17 15:04:37.035606267, watcher.go:72] Checking for runtime processes
[DEBUG Sep 17 15:05:37.034960087, watcher.go:72] Checking for runtime processes
[DEBUG Sep 17 15:06:37.035557582, watcher.go:72] Checking for runtime processes
[DEBUG Sep 17 15:07:37.034852648, watcher.go:72] Checking for runtime processes
[DEBUG Sep 17 15:08:37.035381678, watcher.go:72] Checking for runtime processes
[DEBUG Sep 17 15:09:37.035289591, watcher.go:72] Checking for runtime processes
[DEBUG Sep 17 15:10:37.035559542, watcher.go:72] Checking for runtime processes
[DEBUG Sep 17 15:11:37.035288631, watcher.go:72] Checking for runtime processes
[DEBUG Sep 17 15:12:37.035797641, watcher.go:72] Checking for runtime processes
[DEBUG Sep 17 15:13:37.035312698, watcher.go:72] Checking for runtime processes
[DEBUG Sep 17 15:14:37.035741496, watcher.go:72] Checking for runtime processes
[DEBUG Sep 17 15:15:37.035606377, watcher.go:72] Checking for runtime processes
[DEBUG Sep 17 15:16:37.035423078, watcher.go:72] Checking for runtime processes
[DEBUG Sep 17 15:17:37.035459988, watcher.go:72] Checking for runtime processes
[DEBUG Sep 17 15:18:37.035845229, watcher.go:72] Checking for runtime processes
[DEBUG Sep 17 15:19:37.035581147, watcher.go:72] Checking for runtime processes
[DEBUG Sep 17 15:20:37.034866233, watcher.go:72] Checking for runtime processes
[DEBUG Sep 17 15:21:37.035967326, watcher.go:72] Checking for runtime processes
[DEBUG Sep 17 15:22:37.035183025, watcher.go:72] Checking for runtime processes
[DEBUG Sep 17 15:23:37.035419042, watcher.go:72] Checking for runtime processes
[DEBUG Sep 17 15:24:13.183190619, resolver.go:121] Analytics event resolver
[DEBUG Sep 17 15:24:13.183366551, client.go:128] Reporting event to 2 reporters: command-exit, exec, 0
[DEBUG Sep 17 15:24:37.035509901, watcher.go:72] Checking for runtime processes
[DEBUG Sep 17 15:25:37.035800204, watcher.go:72] Checking for runtime processes
[DEBUG Sep 17 15:26:37.035287158, watcher.go:72] Checking for runtime processes
[DEBUG Sep 17 15:27:37.035288980, watcher.go:72] Checking for runtime processes
[DEBUG Sep 17 15:28:37.035291507, watcher.go:72] Checking for runtime processes
[DEBUG Sep 17 15:29:37.035289196, watcher.go:72] Checking for runtime processes
[DEBUG Sep 17 15:30:37.035290924, watcher.go:72] Checking for runtime processes
[DEBUG Sep 17 15:31:37.035292343, watcher.go:72] Checking for runtime processes
[DEBUG Sep 17 15:32:37.035289427, watcher.go:72] Checking for runtime processes
[DEBUG Sep 17 15:33:37.035280273, watcher.go:72] Checking for runtime processes
[DEBUG Sep 17 15:34:37.035293969, watcher.go:72] Checking for runtime processes
[DEBUG Sep 17 15:35:37.034865918, watcher.go:72] Checking for runtime processes
[DEBUG Sep 17 15:36:37.035290303, watcher.go:72] Checking for runtime processes
[DEBUG Sep 17 15:37:37.034867395, watcher.go:72] Checking for runtime processes
[DEBUG Sep 17 15:38:37.035294559, watcher.go:72] Checking for runtime processes
[DEBUG Sep 17 15:39:37.035299343, watcher.go:72] Checking for runtime processes
[DEBUG Sep 17 15:40:37.035293765, watcher.go:72] Checking for runtime processes
[DEBUG Sep 17 15:41:37.035287981, watcher.go:72] Checking for runtime processes
[DEBUG Sep 17 15:42:37.035294064, watcher.go:72] Checking for runtime processes
[DEBUG Sep 17 15:43:37.035301414, watcher.go:72] Checking for runtime processes
[DEBUG Sep 17 15:44:37.035289772, watcher.go:72] Checking for runtime processes
[DEBUG Sep 17 15:45:37.035300925, watcher.go:72] Checking for runtime processes
[DEBUG Sep 17 15:46:37.035293406, watcher.go:72] Checking for runtime processes
[DEBUG Sep 17 15:47:37.035291770, watcher.go:72] Checking for runtime processes
[DEBUG Sep 17 15:48:37.035284812, watcher.go:72] Checking for runtime processes
[DEBUG Sep 17 15:49:37.035292573, watcher.go:72] Checking for runtime processes
[DEBUG Sep 17 15:50:37.034866071, watcher.go:72] Checking for runtime processes
[DEBUG Sep 17 15:51:37.035285768, watcher.go:72] Checking for runtime processes
[DEBUG Sep 17 15:52:37.034858430, watcher.go:72] Checking for runtime processes
[DEBUG Sep 17 15:53:37.035290630, watcher.go:72] Checking for runtime processes
[DEBUG Sep 17 15:54:37.035285228, watcher.go:72] Checking for runtime processes
[DEBUG Sep 17 15:55:37.035295469, watcher.go:72] Checking for runtime processes
[DEBUG Sep 17 15:56:37.035290639, watcher.go:72] Checking for runtime processes
[DEBUG Sep 17 15:57:37.035294263, watcher.go:72] Checking for runtime processes
[DEBUG Sep 17 15:58:37.035287009, watcher.go:72] Checking for runtime processes
[DEBUG Sep 17 15:59:37.035292660, watcher.go:72] Checking for runtime processes
[DEBUG Sep 17 16:00:37.035289003, watcher.go:72] Checking for runtime processes
[DEBUG Sep 17 16:01:37.035292069, watcher.go:72] Checking for runtime processes
[DEBUG Sep 17 16:02:37.035288432, watcher.go:72] Checking for runtime processes
[DEBUG Sep 17 16:03:37.035454027, watcher.go:72] Checking for runtime processes
[DEBUG Sep 17 16:04:37.035291435, watcher.go:72] Checking for runtime processes
[DEBUG Sep 17 16:05:37.034866333, watcher.go:72] Checking for runtime processes
[DEBUG Sep 17 16:06:37.035296072, watcher.go:72] Checking for runtime processes
[DEBUG Sep 17 16:07:37.034859082, watcher.go:72] Checking for runtime processes
[DEBUG Sep 17 16:08:37.035296543, watcher.go:72] Checking for runtime processes
[DEBUG Sep 17 16:09:37.035288033, watcher.go:72] Checking for runtime processes
[DEBUG Sep 17 16:10:37.035293442, watcher.go:72] Checking for runtime processes
[DEBUG Sep 17 16:11:37.035288722, watcher.go:72] Checking for runtime processes
[DEBUG Sep 17 16:12:37.035297977, watcher.go:72] Checking for runtime processes
[DEBUG Sep 17 16:13:37.035297164, watcher.go:72] Checking for runtime processes
[DEBUG Sep 17 16:14:37.035302556, watcher.go:72] Checking for runtime processes
[DEBUG Sep 17 16:15:37.035296069, watcher.go:72] Checking for runtime processes
[DEBUG Sep 17 16:16:37.035295686, watcher.go:72] Checking for runtime processes
[DEBUG Sep 17 16:17:37.035317905, watcher.go:72] Checking for runtime processes
[DEBUG Sep 17 16:18:37.035284391, watcher.go:72] Checking for runtime processes
[DEBUG Sep 17 16:19:37.035294166, watcher.go:72] Checking for runtime processes
[DEBUG Sep 17 16:20:37.034870434, watcher.go:72] Checking for runtime processes
[DEBUG Sep 17 16:21:37.035292832, watcher.go:72] Checking for runtime processes
[DEBUG Sep 17 16:22:37.034865285, watcher.go:72] Checking for runtime processes
[DEBUG Sep 17 16:23:37.035292285, watcher.go:72] Checking for runtime processes
[DEBUG Sep 17 16:24:37.035295080, watcher.go:72] Checking for runtime processes
[DEBUG Sep 17 16:25:37.035293555, watcher.go:72] Checking for runtime processes
[DEBUG Sep 17 16:26:37.035288856, watcher.go:72] Checking for runtime processes
[DEBUG Sep 17 16:27:37.035290239, watcher.go:72] Checking for runtime processes
[DEBUG Sep 17 16:28:37.035293365, watcher.go:72] Checking for runtime processes
[DEBUG Sep 17 16:29:37.035286346, watcher.go:72] Checking for runtime processes
[DEBUG Sep 17 16:30:37.035286299, watcher.go:72] Checking for runtime processes
[DEBUG Sep 17 16:31:37.035289716, watcher.go:72] Checking for runtime processes
[DEBUG Sep 17 16:32:37.035295506, watcher.go:72] Checking for runtime processes
[DEBUG Sep 17 16:33:37.035279289, watcher.go:72] Checking for runtime processes
[DEBUG Sep 17 16:34:37.035288783, watcher.go:72] Checking for runtime processes
[DEBUG Sep 17 16:35:37.034869175, watcher.go:72] Checking for runtime processes
[DEBUG Sep 17 16:36:37.035320366, watcher.go:72] Checking for runtime processes
[DEBUG Sep 17 16:37:37.034864178, watcher.go:72] Checking for runtime processes
[DEBUG Sep 17 16:38:37.035298019, watcher.go:72] Checking for runtime processes
[DEBUG Sep 17 16:39:37.035286377, watcher.go:72] Checking for runtime processes
[DEBUG Sep 17 16:40:37.035298813, watcher.go:72] Checking for runtime processes
[DEBUG Sep 17 16:41:37.035291229, watcher.go:72] Checking for runtime processes
[DEBUG Sep 17 16:42:37.035297186, watcher.go:72] Checking for runtime processes
[DEBUG Sep 17 16:43:37.035450114, watcher.go:72] Checking for runtime processes
[DEBUG Sep 17 16:44:37.035288405, watcher.go:72] Checking for runtime processes
[DEBUG Sep 17 16:45:37.035292362, watcher.go:72] Checking for runtime processes
[DEBUG Sep 17 16:46:37.035291078, watcher.go:72] Checking for runtime processes
[DEBUG Sep 17 16:47:37.035291705, watcher.go:72] Checking for runtime processes
[DEBUG Sep 17 16:48:37.035282227, watcher.go:72] Checking for runtime processes
[DEBUG Sep 17 16:49:37.035285645, watcher.go:72] Checking for runtime processes
[DEBUG Sep 17 16:50:37.034866848, watcher.go:72] Checking for runtime processes
[DEBUG Sep 17 16:51:37.035317280, watcher.go:72] Checking for runtime processes
[DEBUG Sep 17 16:52:37.034863028, watcher.go:72] Checking for runtime processes
[DEBUG Sep 17 16:53:37.035289412, watcher.go:72] Checking for runtime processes
[DEBUG Sep 17 16:54:37.035292729, watcher.go:72] Checking for runtime processes
[DEBUG Sep 17 16:55:37.035314369, watcher.go:72] Checking for runtime processes
[DEBUG Sep 17 16:56:37.035288721, watcher.go:72] Checking for runtime processes
[DEBUG Sep 17 16:57:37.035309138, watcher.go:72] Checking for runtime processes
[DEBUG Sep 17 16:58:37.035291942, watcher.go:72] Checking for runtime processes
[DEBUG Sep 17 16:59:37.035288274, watcher.go:72] Checking for runtime processes
[DEBUG Sep 17 17:00:37.035283238, watcher.go:72] Checking for runtime processes
[DEBUG Sep 17 17:01:37.035310303, watcher.go:72] Checking for runtime processes
[DEBUG Sep 17 17:02:37.035291977, watcher.go:72] Checking for runtime processes
[DEBUG Sep 17 17:03:37.035275667, watcher.go:72] Checking for runtime processes
[DEBUG Sep 17 17:04:37.035286192, watcher.go:72] Checking for runtime processes
[DEBUG Sep 17 17:05:37.034867122, watcher.go:72] Checking for runtime processes
[DEBUG Sep 17 17:06:37.035284319, watcher.go:72] Checking for runtime processes
[DEBUG Sep 17 17:07:37.034861905, watcher.go:72] Checking for runtime processes
[DEBUG Sep 17 17:08:37.035293068, watcher.go:72] Checking for runtime processes
[DEBUG Sep 17 17:09:37.035291691, watcher.go:72] Checking for runtime processes
[DEBUG Sep 17 17:10:37.035290965, watcher.go:72] Checking for runtime processes
[DEBUG Sep 17 17:11:37.035294830, watcher.go:72] Checking for runtime processes
[DEBUG Sep 17 17:12:37.035293426, watcher.go:72] Checking for runtime processes
[DEBUG Sep 17 17:13:37.035297984, watcher.go:72] Checking for runtime processes
[DEBUG Sep 17 17:14:37.035296155, watcher.go:72] Checking for runtime processes
[DEBUG Sep 17 17:15:37.035449435, watcher.go:72] Checking for runtime processes
[DEBUG Sep 17 17:16:37.035293037, watcher.go:72] Checking for runtime processes
[DEBUG Sep 17 17:17:37.035290193, watcher.go:72] Checking for runtime processes
[DEBUG Sep 17 17:18:37.035280772, watcher.go:72] Checking for runtime processes
[DEBUG Sep 17 17:19:37.035289803, watcher.go:72] Checking for runtime processes
[DEBUG Sep 17 17:20:37.034867554, watcher.go:72] Checking for runtime processes
[DEBUG Sep 17 17:21:37.035301025, watcher.go:72] Checking for runtime processes
[DEBUG Sep 17 17:22:37.034865310, watcher.go:72] Checking for runtime processes
[DEBUG Sep 17 17:23:37.035288443, watcher.go:72] Checking for runtime processes
[DEBUG Sep 17 17:24:37.035306355, watcher.go:72] Checking for runtime processes
[DEBUG Sep 17 17:25:37.035290920, watcher.go:72] Checking for runtime processes
[DEBUG Sep 17 17:26:37.035289429, watcher.go:72] Checking for runtime processes
[DEBUG Sep 17 17:27:37.035303266, watcher.go:72] Checking for runtime processes
[DEBUG Sep 17 17:28:37.035286937, watcher.go:72] Checking for runtime processes
[DEBUG Sep 17 17:29:37.035445683, watcher.go:72] Checking for runtime processes
[DEBUG Sep 17 17:30:37.035292976, watcher.go:72] Checking for runtime processes
[DEBUG Sep 17 17:31:37.035289036, watcher.go:72] Checking for runtime processes
[DEBUG Sep 17 17:32:37.035289204, watcher.go:72] Checking for runtime processes
[DEBUG Sep 17 17:33:37.035282751, watcher.go:72] Checking for runtime processes
[DEBUG Sep 17 17:34:37.035291849, watcher.go:72] Checking for runtime processes
[DEBUG Sep 17 17:35:37.034869279, watcher.go:72] Checking for runtime processes
[DEBUG Sep 17 17:36:37.035289484, watcher.go:72] Checking for runtime processes
[DEBUG Sep 17 17:37:37.034865982, watcher.go:72] Checking for runtime processes
[DEBUG Sep 17 17:38:37.035292007, watcher.go:72] Checking for runtime processes
[DEBUG Sep 17 17:39:37.035291266, watcher.go:72] Checking for runtime processes
[DEBUG Sep 17 17:40:37.035292938, watcher.go:72] Checking for runtime processes
[DEBUG Sep 17 17:41:37.035285547, watcher.go:72] Checking for runtime processes
[DEBUG Sep 17 17:42:37.035297921, watcher.go:72] Checking for runtime processes
[DEBUG Sep 17 17:43:37.035306716, watcher.go:72] Checking for runtime processes
[DEBUG Sep 17 17:44:37.035293064, watcher.go:72] Checking for runtime processes
[DEBUG Sep 17 17:45:37.035287357, watcher.go:72] Checking for runtime processes
[DEBUG Sep 17 17:46:37.035292608, watcher.go:72] Checking for runtime processes
[DEBUG Sep 17 17:47:37.035291597, watcher.go:72] Checking for runtime processes
[DEBUG Sep 17 17:48:37.035278698, watcher.go:72] Checking for runtime processes
[DEBUG Sep 17 17:49:37.035445111, watcher.go:72] Checking for runtime processes
[DEBUG Sep 17 17:50:37.034869392, watcher.go:72] Checking for runtime processes
[DEBUG Sep 17 17:51:37.035288463, watcher.go:72] Checking for runtime processes
[DEBUG Sep 17 17:52:37.034863734, watcher.go:72] Checking for runtime processes
[DEBUG Sep 17 17:53:37.035287934, watcher.go:72] Checking for runtime processes
[DEBUG Sep 17 17:54:37.035284994, watcher.go:72] Checking for runtime processes
[DEBUG Sep 17 17:55:37.035285473, watcher.go:72] Checking for runtime processes
[DEBUG Sep 17 17:56:37.035286625, watcher.go:72] Checking for runtime processes
[DEBUG Sep 17 17:57:37.035297321, watcher.go:72] Checking for runtime processes
[DEBUG Sep 17 17:58:37.035284628, watcher.go:72] Checking for runtime processes
[DEBUG Sep 17 17:59:37.035465375, watcher.go:72] Checking for runtime processes
[DEBUG Sep 17 18:00:37.035282928, watcher.go:72] Checking for runtime processes
[DEBUG Sep 17 18:01:37.035295366, watcher.go:72] Checking for runtime processes
[DEBUG Sep 17 18:02:37.035284195, watcher.go:72] Checking for runtime processes
[DEBUG Sep 17 18:03:37.035279430, watcher.go:72] Checking for runtime processes
[DEBUG Sep 17 18:04:37.035289374, watcher.go:72] Checking for runtime processes
[DEBUG Sep 17 18:05:37.034867920, watcher.go:72] Checking for runtime processes
[DEBUG Sep 17 18:06:37.035289482, watcher.go:72] Checking for runtime processes
[DEBUG Sep 17 18:07:37.034859120, watcher.go:72] Checking for runtime processes
[DEBUG Sep 17 18:08:37.035297236, watcher.go:72] Checking for runtime processes
[DEBUG Sep 17 18:09:37.035292753, watcher.go:72] Checking for runtime processes
[DEBUG Sep 17 18:10:37.035293193, watcher.go:72] Checking for runtime processes
[DEBUG Sep 17 18:11:37.035287792, watcher.go:72] Checking for runtime processes
[DEBUG Sep 17 18:12:37.035291138, watcher.go:72] Checking for runtime processes
[DEBUG Sep 17 18:13:37.035315604, watcher.go:72] Checking for runtime processes
[DEBUG Sep 17 18:14:37.035289051, watcher.go:72] Checking for runtime processes
[DEBUG Sep 17 18:15:37.035289412, watcher.go:72] Checking for runtime processes
[DEBUG Sep 17 18:16:37.035289271, watcher.go:72] Checking for runtime processes
[DEBUG Sep 17 18:17:37.035285211, watcher.go:72] Checking for runtime processes
[DEBUG Sep 17 18:18:37.035281171, watcher.go:72] Checking for runtime processes
[DEBUG Sep 17 18:19:37.035282013, watcher.go:72] Checking for runtime processes
[DEBUG Sep 17 18:20:37.034858851, watcher.go:72] Checking for runtime processes
