[DEBUG Sep 17 12:36:34.828310011, defaults.go:273] Args: [/home1/wangfeim/.local/ActiveState/StateTool/release/bin/state-svc start]
[DEBUG Sep 17 12:36:34.842288930, locale.go:38] Init
[DEBUG Sep 17 12:36:34.877341204, errs.go:68] Created error: File could not be found
[DEBUG Sep 17 12:36:34.880158587, errs.go:68] Created error: Not Recognized
[DEBUG Sep 17 12:36:34.900132632, errs.go:68] Created error: Secret not found
[DEBUG Sep 17 12:36:34.900179047, errs.go:68] Created error: Could not save keypair
[DEBUG Sep 17 12:36:34.900549649, errs.go:68] Created error: Build responded with error
[DEBUG Sep 17 12:36:34.900588464, errs.go:68] Created error: Unknown build type
[DEBUG Sep 17 12:36:34.900718953, errors.go:86] Wrapped localized error: <nil> -- with: The installed version of the State Tool Service does not match that of the client.
Please stop the service with [ACTIONABLE]state-svc stop[/RESET] and try your command again.
If this issue persists please reinstall the State Tool.

[DEBUG Sep 17 12:36:34.900730384, errs.go:68] Created error: no data
[DEBUG Sep 17 12:36:34.900760631, errs.go:68] Created error: member not found
[DEBUG Sep 17 12:36:34.900788432, errs.go:68] Created error: Commit count is unknowable
[DEBUG Sep 17 12:36:34.900815341, errs.go:68] Created error: No merge required
[DEBUG Sep 17 12:36:34.900839790, errs.go:68] Created error: Can't merge commit thats already in target commits history
[DEBUG Sep 17 12:36:34.900867932, errs.go:68] Created error: Bad expander name
[DEBUG Sep 17 12:36:34.900894102, errs.go:68] Created error: Expander has no handler
[DEBUG Sep 17 12:36:34.902505445, errs.go:68] Created error: Service is already running
[DEBUG Sep 17 12:36:34.933997029, secrets.go:35] Gcloud Secretmanager failed to initialize (ignore if you're not trying to use gcloud): google: could not find default credentials. See https://developers.google.com/accounts/docs/application-default-credentials for more information.
[DEBUG Sep 17 12:36:34.937242632, output.go:53] Requested outputer for 
[DEBUG Sep 17 12:36:34.937258385, output.go:58] Using Plain outputer
[DEBUG Sep 17 12:36:34.937303676, termutils.go:17] Cannot get terminal size: inappropriate ioctl for device
[DEBUG Sep 17 12:36:34.937410168, main.go:107] Running CmdStart
[DEBUG Sep 17 12:36:34.938365382, exeutils.go:149] Executing: /home1/wangfeim/.local/ActiveState/StateTool/release/bin/state-svc [foreground]
[DEBUG Sep 17 12:36:34.942010949, manager.go:68] Process started using pid 10739
[DEBUG Sep 17 12:36:34.942055513, client.go:128] Reporting event to 2 reporters: command-exit, state-svc start, 0
[DEBUG Sep 17 12:36:34.942271939, client.go:128] Reporting event to 2 reporters: run-command, state-svc start, 
