[DEBUG Aug  2 08:20:02.294765212, defaults.go:273] Args: [/home1/wangfeim/.local/ActiveState/StateTool/release/bin/state-svc start]
[DEBUG Aug  2 08:20:02.308878309, locale.go:38] Init
[DEBUG Aug  2 08:20:02.388643327, errs.go:68] Created error: File could not be found
[DEBUG Aug  2 08:20:02.391413781, errs.go:68] Created error: Not Recognized
[DEBUG Aug  2 08:20:02.413232792, errs.go:68] Created error: Secret not found
[DEBUG Aug  2 08:20:02.413285615, errs.go:68] Created error: Could not save keypair
[DEBUG Aug  2 08:20:02.413549785, errs.go:68] Created error: Build responded with error
[DEBUG Aug  2 08:20:02.413605212, errs.go:68] Created error: Unknown build type
[DEBUG Aug  2 08:20:02.413836987, errors.go:86] Wrapped localized error: <nil> -- with: The installed version of the State Tool Service does not match that of the client.
Please stop the service with [ACTIONABLE]state-svc stop[/RESET] and try your command again.
If this issue persists please reinstall the State Tool.

[DEBUG Aug  2 08:20:02.413865029, errs.go:68] Created error: no data
[DEBUG Aug  2 08:20:02.413893319, errs.go:68] Created error: member not found
[DEBUG Aug  2 08:20:02.413935777, errs.go:68] Created error: Commit count is unknowable
[DEBUG Aug  2 08:20:02.413960940, errs.go:68] Created error: No merge required
[DEBUG Aug  2 08:20:02.413983792, errs.go:68] Created error: Can't merge commit thats already in target commits history
[DEBUG Aug  2 08:20:02.414012746, errs.go:68] Created error: Bad expander name
[DEBUG Aug  2 08:20:02.414036921, errs.go:68] Created error: Expander has no handler
[DEBUG Aug  2 08:20:02.415217635, errs.go:68] Created error: Service is already running
[DEBUG Aug  2 08:20:02.492753083, secrets.go:35] Gcloud Secretmanager failed to initialize (ignore if you're not trying to use gcloud): google: could not find default credentials. See https://developers.google.com/accounts/docs/application-default-credentials for more information.
[DEBUG Aug  2 08:20:02.496471961, output.go:53] Requested outputer for 
[DEBUG Aug  2 08:20:02.496494447, output.go:58] Using Plain outputer
[DEBUG Aug  2 08:20:02.496584974, termutils.go:17] Cannot get terminal size: inappropriate ioctl for device
[DEBUG Aug  2 08:20:02.496666514, client.go:128] Reporting event to 2 reporters: run-command, state-svc start, 
[DEBUG Aug  2 08:20:02.496711297, main.go:107] Running CmdStart
[DEBUG Aug  2 08:20:02.502170779, errs.go:75] Wrapped error: Service is already running -- with: valueF failed
[DEBUG Aug  2 08:20:02.502233948, errs.go:75] Wrapped error: valueF failed -- with: Could not store pid
[DEBUG Aug  2 08:20:02.502306571, errors.go:113] Wrapped input error: Could not store pid -- with: A State Service instance is already running in the background.
[DEBUG Aug  2 08:20:02.502319735, errs.go:75] Wrapped error: A State Service instance is already running in the background. -- with: Could not start serviceManager
[DEBUG Aug  2 08:20:02.502383121, client.go:128] Reporting event to 2 reporters: command-exit, state-svc start, 1
[DEBUG Aug  2 08:20:02.867020769, errs.go:75] Wrapped error: <nil> -- with: Could not start serviceManager: A State Service instance is already running in the background.: Could not store pid: valueF failed: Service is already running
[DEBUG Aug  2 08:20:02.867099924, main.go:61] state-svc errored out due to input: Could not start serviceManager: A State Service instance is already running in the background.: Could not store pid: valueF failed: Service is already running
