[DEBUG Aug  2 07:55:48.513893541, defaults.go:273] Args: [/home1/wangfeim/.local/ActiveState/StateTool/release/bin/state-svc start]
[DEBUG Aug  2 07:55:48.527842621, locale.go:38] Init
[DEBUG Aug  2 07:55:48.602566123, errs.go:68] Created error: File could not be found
[DEBUG Aug  2 07:55:48.605569788, errs.go:68] Created error: Not Recognized
[DEBUG Aug  2 07:55:48.627310482, errs.go:68] Created error: Secret not found
[DEBUG Aug  2 07:55:48.627360660, errs.go:68] Created error: Could not save keypair
[DEBUG Aug  2 07:55:48.627569893, errs.go:68] Created error: Build responded with error
[DEBUG Aug  2 07:55:48.627607299, errs.go:68] Created error: Unknown build type
[DEBUG Aug  2 07:55:48.627729914, errors.go:86] Wrapped localized error: <nil> -- with: The installed version of the State Tool Service does not match that of the client.
Please stop the service with [ACTIONABLE]state-svc stop[/RESET] and try your command again.
If this issue persists please reinstall the State Tool.

[DEBUG Aug  2 07:55:48.627743587, errs.go:68] Created error: no data
[DEBUG Aug  2 07:55:48.627768375, errs.go:68] Created error: member not found
[DEBUG Aug  2 07:55:48.627792490, errs.go:68] Created error: Commit count is unknowable
[DEBUG Aug  2 07:55:48.627814991, errs.go:68] Created error: No merge required
[DEBUG Aug  2 07:55:48.627837268, errs.go:68] Created error: Can't merge commit thats already in target commits history
[DEBUG Aug  2 07:55:48.627862027, errs.go:68] Created error: Bad expander name
[DEBUG Aug  2 07:55:48.627889355, errs.go:68] Created error: Expander has no handler
[DEBUG Aug  2 07:55:48.629069072, errs.go:68] Created error: Service is already running
[DEBUG Aug  2 07:55:48.702424387, secrets.go:35] Gcloud Secretmanager failed to initialize (ignore if you're not trying to use gcloud): google: could not find default credentials. See https://developers.google.com/accounts/docs/application-default-credentials for more information.
[DEBUG Aug  2 07:55:48.705470984, output.go:53] Requested outputer for 
[DEBUG Aug  2 07:55:48.705492189, output.go:58] Using Plain outputer
[DEBUG Aug  2 07:55:48.705575731, termutils.go:17] Cannot get terminal size: inappropriate ioctl for device
[DEBUG Aug  2 07:55:48.705670749, client.go:128] Reporting event to 2 reporters: run-command, state-svc start, 
[DEBUG Aug  2 07:55:48.705727427, main.go:107] Running CmdStart
[DEBUG Aug  2 07:55:48.713037747, errs.go:75] Wrapped error: Service is already running -- with: valueF failed
[DEBUG Aug  2 07:55:48.713094589, errs.go:75] Wrapped error: valueF failed -- with: Could not store pid
[DEBUG Aug  2 07:55:48.713173927, errors.go:113] Wrapped input error: Could not store pid -- with: A State Service instance is already running in the background.
[DEBUG Aug  2 07:55:48.713187300, errs.go:75] Wrapped error: A State Service instance is already running in the background. -- with: Could not start serviceManager
[DEBUG Aug  2 07:55:48.713247393, client.go:128] Reporting event to 2 reporters: command-exit, state-svc start, 1
[DEBUG Aug  2 07:55:49.086717017, errs.go:75] Wrapped error: <nil> -- with: Could not start serviceManager: A State Service instance is already running in the background.: Could not store pid: valueF failed: Service is already running
[DEBUG Aug  2 07:55:49.086785990, main.go:61] state-svc errored out due to input: Could not start serviceManager: A State Service instance is already running in the background.: Could not store pid: valueF failed: Service is already running
