[DEBUG Aug  2 07:36:52.039335355, defaults.go:273] Args: [/home1/wangfeim/.local/ActiveState/StateTool/release/bin/state-svc start]
[DEBUG Aug  2 07:36:52.053255246, locale.go:38] Init
[DEBUG Aug  2 07:36:52.118557971, errs.go:68] Created error: File could not be found
[DEBUG Aug  2 07:36:52.121401886, errs.go:68] Created error: Not Recognized
[DEBUG Aug  2 07:36:52.143798746, errs.go:68] Created error: Secret not found
[DEBUG Aug  2 07:36:52.143862107, errs.go:68] Created error: Could not save keypair
[DEBUG Aug  2 07:36:52.144159246, errs.go:68] Created error: Build responded with error
[DEBUG Aug  2 07:36:52.144200356, errs.go:68] Created error: Unknown build type
[DEBUG Aug  2 07:36:52.144373399, errors.go:86] Wrapped localized error: <nil> -- with: The installed version of the State Tool Service does not match that of the client.
Please stop the service with [ACTIONABLE]state-svc stop[/RESET] and try your command again.
If this issue persists please reinstall the State Tool.

[DEBUG Aug  2 07:36:52.144396310, errs.go:68] Created error: no data
[DEBUG Aug  2 07:36:52.144453037, errs.go:68] Created error: member not found
[DEBUG Aug  2 07:36:52.144485449, errs.go:68] Created error: Commit count is unknowable
[DEBUG Aug  2 07:36:52.144515260, errs.go:68] Created error: No merge required
[DEBUG Aug  2 07:36:52.144553750, errs.go:68] Created error: Can't merge commit thats already in target commits history
[DEBUG Aug  2 07:36:52.144652070, errs.go:68] Created error: Bad expander name
[DEBUG Aug  2 07:36:52.144698423, errs.go:68] Created error: Expander has no handler
[DEBUG Aug  2 07:36:52.146258084, errs.go:68] Created error: Service is already running
[DEBUG Aug  2 07:36:52.210730269, secrets.go:35] Gcloud Secretmanager failed to initialize (ignore if you're not trying to use gcloud): google: could not find default credentials. See https://developers.google.com/accounts/docs/application-default-credentials for more information.
[DEBUG Aug  2 07:36:52.215351395, output.go:53] Requested outputer for 
[DEBUG Aug  2 07:36:52.215378270, output.go:58] Using Plain outputer
[DEBUG Aug  2 07:36:52.215457294, termutils.go:17] Cannot get terminal size: inappropriate ioctl for device
[DEBUG Aug  2 07:36:52.215573925, client.go:128] Reporting event to 2 reporters: run-command, state-svc start, 
[DEBUG Aug  2 07:36:52.215670054, main.go:107] Running CmdStart
[DEBUG Aug  2 07:36:52.221490640, errs.go:75] Wrapped error: Service is already running -- with: valueF failed
[DEBUG Aug  2 07:36:52.221554326, errs.go:75] Wrapped error: valueF failed -- with: Could not store pid
[DEBUG Aug  2 07:36:52.221629192, errors.go:113] Wrapped input error: Could not store pid -- with: A State Service instance is already running in the background.
[DEBUG Aug  2 07:36:52.221643957, errs.go:75] Wrapped error: A State Service instance is already running in the background. -- with: Could not start serviceManager
[DEBUG Aug  2 07:36:52.221734956, client.go:128] Reporting event to 2 reporters: command-exit, state-svc start, 1
[DEBUG Aug  2 07:36:52.575145217, errs.go:75] Wrapped error: <nil> -- with: Could not start serviceManager: A State Service instance is already running in the background.: Could not store pid: valueF failed: Service is already running
[DEBUG Aug  2 07:36:52.575200929, main.go:61] state-svc errored out due to input: Could not start serviceManager: A State Service instance is already running in the background.: Could not store pid: valueF failed: Service is already running
