[DEBUG Aug  2 07:41:39.402506218, defaults.go:273] Args: [/home1/wangfeim/.local/ActiveState/StateTool/release/bin/state-svc start]
[DEBUG Aug  2 07:41:39.417038632, locale.go:38] Init
[DEBUG Aug  2 07:41:39.495950305, errs.go:68] Created error: File could not be found
[DEBUG Aug  2 07:41:39.498897748, errs.go:68] Created error: Not Recognized
[DEBUG Aug  2 07:41:39.520968452, errs.go:68] Created error: Secret not found
[DEBUG Aug  2 07:41:39.521022533, errs.go:68] Created error: Could not save keypair
[DEBUG Aug  2 07:41:39.521211350, errs.go:68] Created error: Build responded with error
[DEBUG Aug  2 07:41:39.521240804, errs.go:68] Created error: Unknown build type
[DEBUG Aug  2 07:41:39.521356327, errors.go:86] Wrapped localized error: <nil> -- with: The installed version of the State Tool Service does not match that of the client.
Please stop the service with [ACTIONABLE]state-svc stop[/RESET] and try your command again.
If this issue persists please reinstall the State Tool.

[DEBUG Aug  2 07:41:39.521371590, errs.go:68] Created error: no data
[DEBUG Aug  2 07:41:39.521399475, errs.go:68] Created error: member not found
[DEBUG Aug  2 07:41:39.521422785, errs.go:68] Created error: Commit count is unknowable
[DEBUG Aug  2 07:41:39.521446583, errs.go:68] Created error: No merge required
[DEBUG Aug  2 07:41:39.521470176, errs.go:68] Created error: Can't merge commit thats already in target commits history
[DEBUG Aug  2 07:41:39.521501497, errs.go:68] Created error: Bad expander name
[DEBUG Aug  2 07:41:39.521524560, errs.go:68] Created error: Expander has no handler
[DEBUG Aug  2 07:41:39.522714859, errs.go:68] Created error: Service is already running
[DEBUG Aug  2 07:41:39.585773897, secrets.go:35] Gcloud Secretmanager failed to initialize (ignore if you're not trying to use gcloud): google: could not find default credentials. See https://developers.google.com/accounts/docs/application-default-credentials for more information.
[DEBUG Aug  2 07:41:39.590257458, output.go:53] Requested outputer for 
[DEBUG Aug  2 07:41:39.590282392, output.go:58] Using Plain outputer
[DEBUG Aug  2 07:41:39.590353141, termutils.go:17] Cannot get terminal size: inappropriate ioctl for device
[DEBUG Aug  2 07:41:39.590442479, client.go:128] Reporting event to 2 reporters: run-command, state-svc start, 
[DEBUG Aug  2 07:41:39.590508957, main.go:107] Running CmdStart
[DEBUG Aug  2 07:41:39.596573847, errs.go:75] Wrapped error: Service is already running -- with: valueF failed
[DEBUG Aug  2 07:41:39.596636724, errs.go:75] Wrapped error: valueF failed -- with: Could not store pid
[DEBUG Aug  2 07:41:39.596716936, errors.go:113] Wrapped input error: Could not store pid -- with: A State Service instance is already running in the background.
[DEBUG Aug  2 07:41:39.596732105, errs.go:75] Wrapped error: A State Service instance is already running in the background. -- with: Could not start serviceManager
[DEBUG Aug  2 07:41:39.596805721, client.go:128] Reporting event to 2 reporters: command-exit, state-svc start, 1
[DEBUG Aug  2 07:41:39.958132973, errs.go:75] Wrapped error: <nil> -- with: Could not start serviceManager: A State Service instance is already running in the background.: Could not store pid: valueF failed: Service is already running
[DEBUG Aug  2 07:41:39.958197982, main.go:61] state-svc errored out due to input: Could not start serviceManager: A State Service instance is already running in the background.: Could not store pid: valueF failed: Service is already running
