[DEBUG Aug  2 07:46:31.820867371, defaults.go:273] Args: [/home1/wangfeim/.local/ActiveState/StateTool/release/bin/state-svc start]
[DEBUG Aug  2 07:46:31.835394599, locale.go:38] Init
[DEBUG Aug  2 07:46:32.225344311, errs.go:68] Created error: File could not be found
[DEBUG Aug  2 07:46:32.228329118, errs.go:68] Created error: Not Recognized
[DEBUG Aug  2 07:46:32.249843057, errs.go:68] Created error: Secret not found
[DEBUG Aug  2 07:46:32.249893324, errs.go:68] Created error: Could not save keypair
[DEBUG Aug  2 07:46:32.250047932, errs.go:68] Created error: Build responded with error
[DEBUG Aug  2 07:46:32.250075350, errs.go:68] Created error: Unknown build type
[DEBUG Aug  2 07:46:32.250206479, errors.go:86] Wrapped localized error: <nil> -- with: The installed version of the State Tool Service does not match that of the client.
Please stop the service with [ACTIONABLE]state-svc stop[/RESET] and try your command again.
If this issue persists please reinstall the State Tool.

[DEBUG Aug  2 07:46:32.250226649, errs.go:68] Created error: no data
[DEBUG Aug  2 07:46:32.250251068, errs.go:68] Created error: member not found
[DEBUG Aug  2 07:46:32.250273289, errs.go:68] Created error: Commit count is unknowable
[DEBUG Aug  2 07:46:32.250302768, errs.go:68] Created error: No merge required
[DEBUG Aug  2 07:46:32.250324273, errs.go:68] Created error: Can't merge commit thats already in target commits history
[DEBUG Aug  2 07:46:32.250345877, errs.go:68] Created error: Bad expander name
[DEBUG Aug  2 07:46:32.250366824, errs.go:68] Created error: Expander has no handler
[DEBUG Aug  2 07:46:32.251424502, errs.go:68] Created error: Service is already running
[DEBUG Aug  2 07:46:32.280106426, secrets.go:35] Gcloud Secretmanager failed to initialize (ignore if you're not trying to use gcloud): google: could not find default credentials. See https://developers.google.com/accounts/docs/application-default-credentials for more information.
[DEBUG Aug  2 07:46:32.286436850, output.go:53] Requested outputer for 
[DEBUG Aug  2 07:46:32.286464241, output.go:58] Using Plain outputer
[DEBUG Aug  2 07:46:32.286535342, termutils.go:17] Cannot get terminal size: inappropriate ioctl for device
[DEBUG Aug  2 07:46:32.286599242, client.go:128] Reporting event to 2 reporters: run-command, state-svc start, 
[DEBUG Aug  2 07:46:32.286806810, main.go:107] Running CmdStart
[DEBUG Aug  2 07:46:32.292988462, errs.go:75] Wrapped error: Service is already running -- with: valueF failed
[DEBUG Aug  2 07:46:32.293052945, errs.go:75] Wrapped error: valueF failed -- with: Could not store pid
[DEBUG Aug  2 07:46:32.293136263, errors.go:113] Wrapped input error: Could not store pid -- with: A State Service instance is already running in the background.
[DEBUG Aug  2 07:46:32.293152308, errs.go:75] Wrapped error: A State Service instance is already running in the background. -- with: Could not start serviceManager
[DEBUG Aug  2 07:46:32.293229167, client.go:128] Reporting event to 2 reporters: command-exit, state-svc start, 1
[DEBUG Aug  2 07:46:32.629373330, errs.go:75] Wrapped error: <nil> -- with: Could not start serviceManager: A State Service instance is already running in the background.: Could not store pid: valueF failed: Service is already running
[DEBUG Aug  2 07:46:32.629495236, main.go:61] state-svc errored out due to input: Could not start serviceManager: A State Service instance is already running in the background.: Could not store pid: valueF failed: Service is already running
