[DEBUG Aug  2 07:33:54.387906154, defaults.go:273] Args: [/home1/wangfeim/.local/ActiveState/StateTool/release/bin/state-svc start]
[DEBUG Aug  2 07:33:54.401599342, locale.go:38] Init
[DEBUG Aug  2 07:33:54.442113483, errs.go:68] Created error: File could not be found
[DEBUG Aug  2 07:33:54.445159448, errs.go:68] Created error: Not Recognized
[DEBUG Aug  2 07:33:54.465949042, errs.go:68] Created error: Secret not found
[DEBUG Aug  2 07:33:54.466007080, errs.go:68] Created error: Could not save keypair
[DEBUG Aug  2 07:33:54.466215837, errs.go:68] Created error: Build responded with error
[DEBUG Aug  2 07:33:54.466247052, errs.go:68] Created error: Unknown build type
[DEBUG Aug  2 07:33:54.466373645, errors.go:86] Wrapped localized error: <nil> -- with: The installed version of the State Tool Service does not match that of the client.
Please stop the service with [ACTIONABLE]state-svc stop[/RESET] and try your command again.
If this issue persists please reinstall the State Tool.

[DEBUG Aug  2 07:33:54.466390592, errs.go:68] Created error: no data
[DEBUG Aug  2 07:33:54.466424813, errs.go:68] Created error: member not found
[DEBUG Aug  2 07:33:54.466448229, errs.go:68] Created error: Commit count is unknowable
[DEBUG Aug  2 07:33:54.466469745, errs.go:68] Created error: No merge required
[DEBUG Aug  2 07:33:54.466491500, errs.go:68] Created error: Can't merge commit thats already in target commits history
[DEBUG Aug  2 07:33:54.466513132, errs.go:68] Created error: Bad expander name
[DEBUG Aug  2 07:33:54.466535091, errs.go:68] Created error: Expander has no handler
[DEBUG Aug  2 07:33:54.467717539, errs.go:68] Created error: Service is already running
[DEBUG Aug  2 07:33:54.494987190, secrets.go:35] Gcloud Secretmanager failed to initialize (ignore if you're not trying to use gcloud): google: could not find default credentials. See https://developers.google.com/accounts/docs/application-default-credentials for more information.
[DEBUG Aug  2 07:33:54.498333603, output.go:53] Requested outputer for 
[DEBUG Aug  2 07:33:54.498353774, output.go:58] Using Plain outputer
[DEBUG Aug  2 07:33:54.498426876, termutils.go:17] Cannot get terminal size: inappropriate ioctl for device
[DEBUG Aug  2 07:33:54.498505288, client.go:128] Reporting event to 2 reporters: run-command, state-svc start, 
[DEBUG Aug  2 07:33:54.498601027, main.go:107] Running CmdStart
[DEBUG Aug  2 07:33:54.504342351, errs.go:75] Wrapped error: Service is already running -- with: valueF failed
[DEBUG Aug  2 07:33:54.504403182, errs.go:75] Wrapped error: valueF failed -- with: Could not store pid
[DEBUG Aug  2 07:33:54.504468723, errors.go:113] Wrapped input error: Could not store pid -- with: A State Service instance is already running in the background.
[DEBUG Aug  2 07:33:54.504481541, errs.go:75] Wrapped error: A State Service instance is already running in the background. -- with: Could not start serviceManager
[DEBUG Aug  2 07:33:54.504624533, client.go:128] Reporting event to 2 reporters: command-exit, state-svc start, 1
[DEBUG Aug  2 07:33:54.832691407, errs.go:75] Wrapped error: <nil> -- with: Could not start serviceManager: A State Service instance is already running in the background.: Could not store pid: valueF failed: Service is already running
[DEBUG Aug  2 07:33:54.832751893, main.go:61] state-svc errored out due to input: Could not start serviceManager: A State Service instance is already running in the background.: Could not store pid: valueF failed: Service is already running
