[DEBUG Aug  2 08:03:36.487075737, defaults.go:273] Args: [/home1/wangfeim/.local/ActiveState/StateTool/release/bin/state-svc start]
[DEBUG Aug  2 08:03:36.501828994, locale.go:38] Init
[DEBUG Aug  2 08:03:36.614896951, errs.go:68] Created error: File could not be found
[DEBUG Aug  2 08:03:36.618280871, errs.go:68] Created error: Not Recognized
[DEBUG Aug  2 08:03:36.640548469, errs.go:68] Created error: Secret not found
[DEBUG Aug  2 08:03:36.640612385, errs.go:68] Created error: Could not save keypair
[DEBUG Aug  2 08:03:36.640797703, errs.go:68] Created error: Build responded with error
[DEBUG Aug  2 08:03:36.640831905, errs.go:68] Created error: Unknown build type
[DEBUG Aug  2 08:03:36.640967019, errors.go:86] Wrapped localized error: <nil> -- with: The installed version of the State Tool Service does not match that of the client.
Please stop the service with [ACTIONABLE]state-svc stop[/RESET] and try your command again.
If this issue persists please reinstall the State Tool.

[DEBUG Aug  2 08:03:36.640983247, errs.go:68] Created error: no data
[DEBUG Aug  2 08:03:36.641008951, errs.go:68] Created error: member not found
[DEBUG Aug  2 08:03:36.641041989, errs.go:68] Created error: Commit count is unknowable
[DEBUG Aug  2 08:03:36.641072204, errs.go:68] Created error: No merge required
[DEBUG Aug  2 08:03:36.641096595, errs.go:68] Created error: Can't merge commit thats already in target commits history
[DEBUG Aug  2 08:03:36.641122220, errs.go:68] Created error: Bad expander name
[DEBUG Aug  2 08:03:36.641145379, errs.go:68] Created error: Expander has no handler
[DEBUG Aug  2 08:03:36.642283217, errs.go:68] Created error: Service is already running
[DEBUG Aug  2 08:03:36.689603263, secrets.go:35] Gcloud Secretmanager failed to initialize (ignore if you're not trying to use gcloud): google: could not find default credentials. See https://developers.google.com/accounts/docs/application-default-credentials for more information.
[DEBUG Aug  2 08:03:36.694330097, output.go:53] Requested outputer for 
[DEBUG Aug  2 08:03:36.694351751, output.go:58] Using Plain outputer
[DEBUG Aug  2 08:03:36.694428094, termutils.go:17] Cannot get terminal size: inappropriate ioctl for device
[DEBUG Aug  2 08:03:36.694529105, client.go:128] Reporting event to 2 reporters: run-command, state-svc start, 
[DEBUG Aug  2 08:03:36.694602802, main.go:107] Running CmdStart
[DEBUG Aug  2 08:03:36.700300779, errs.go:75] Wrapped error: Service is already running -- with: valueF failed
[DEBUG Aug  2 08:03:36.700372259, errs.go:75] Wrapped error: valueF failed -- with: Could not store pid
[DEBUG Aug  2 08:03:36.700449090, errors.go:113] Wrapped input error: Could not store pid -- with: A State Service instance is already running in the background.
[DEBUG Aug  2 08:03:36.700467700, errs.go:75] Wrapped error: A State Service instance is already running in the background. -- with: Could not start serviceManager
[DEBUG Aug  2 08:03:36.700572655, client.go:128] Reporting event to 2 reporters: command-exit, state-svc start, 1
[DEBUG Aug  2 08:03:37.091245439, errs.go:75] Wrapped error: <nil> -- with: Could not start serviceManager: A State Service instance is already running in the background.: Could not store pid: valueF failed: Service is already running
[DEBUG Aug  2 08:03:37.091337341, main.go:61] state-svc errored out due to input: Could not start serviceManager: A State Service instance is already running in the background.: Could not store pid: valueF failed: Service is already running
