[DEBUG Aug  2 07:56:39.664656892, defaults.go:273] Args: [/home1/wangfeim/.local/ActiveState/StateTool/release/bin/state-svc start]
[DEBUG Aug  2 07:56:39.680022143, locale.go:38] Init
[DEBUG Aug  2 07:56:39.800890044, errs.go:68] Created error: File could not be found
[DEBUG Aug  2 07:56:39.804914449, errs.go:68] Created error: Not Recognized
[DEBUG Aug  2 07:56:39.886098889, errs.go:68] Created error: Secret not found
[DEBUG Aug  2 07:56:39.886165199, errs.go:68] Created error: Could not save keypair
[DEBUG Aug  2 07:56:39.886343107, errs.go:68] Created error: Build responded with error
[DEBUG Aug  2 07:56:39.886372060, errs.go:68] Created error: Unknown build type
[DEBUG Aug  2 07:56:39.886516609, errors.go:86] Wrapped localized error: <nil> -- with: The installed version of the State Tool Service does not match that of the client.
Please stop the service with [ACTIONABLE]state-svc stop[/RESET] and try your command again.
If this issue persists please reinstall the State Tool.

[DEBUG Aug  2 07:56:39.886534171, errs.go:68] Created error: no data
[DEBUG Aug  2 07:56:39.886569228, errs.go:68] Created error: member not found
[DEBUG Aug  2 07:56:39.886612299, errs.go:68] Created error: Commit count is unknowable
[DEBUG Aug  2 07:56:39.886639455, errs.go:68] Created error: No merge required
[DEBUG Aug  2 07:56:39.886669499, errs.go:68] Created error: Can't merge commit thats already in target commits history
[DEBUG Aug  2 07:56:39.886695452, errs.go:68] Created error: Bad expander name
[DEBUG Aug  2 07:56:39.886719596, errs.go:68] Created error: Expander has no handler
[DEBUG Aug  2 07:56:39.888033670, errs.go:68] Created error: Service is already running
[DEBUG Aug  2 07:56:39.916472328, secrets.go:35] Gcloud Secretmanager failed to initialize (ignore if you're not trying to use gcloud): google: could not find default credentials. See https://developers.google.com/accounts/docs/application-default-credentials for more information.
[DEBUG Aug  2 07:56:39.920168528, output.go:53] Requested outputer for 
[DEBUG Aug  2 07:56:39.920193678, output.go:58] Using Plain outputer
[DEBUG Aug  2 07:56:39.920289691, termutils.go:17] Cannot get terminal size: inappropriate ioctl for device
[DEBUG Aug  2 07:56:39.920375084, client.go:128] Reporting event to 2 reporters: run-command, state-svc start, 
[DEBUG Aug  2 07:56:39.920450753, main.go:107] Running CmdStart
[DEBUG Aug  2 07:56:39.926437792, errs.go:75] Wrapped error: Service is already running -- with: valueF failed
[DEBUG Aug  2 07:56:39.926506082, errs.go:75] Wrapped error: valueF failed -- with: Could not store pid
[DEBUG Aug  2 07:56:39.926597162, errors.go:113] Wrapped input error: Could not store pid -- with: A State Service instance is already running in the background.
[DEBUG Aug  2 07:56:39.926613248, errs.go:75] Wrapped error: A State Service instance is already running in the background. -- with: Could not start serviceManager
[DEBUG Aug  2 07:56:39.926687393, client.go:128] Reporting event to 2 reporters: command-exit, state-svc start, 1
[DEBUG Aug  2 07:56:40.274728564, errs.go:75] Wrapped error: <nil> -- with: Could not start serviceManager: A State Service instance is already running in the background.: Could not store pid: valueF failed: Service is already running
[DEBUG Aug  2 07:56:40.274790315, main.go:61] state-svc errored out due to input: Could not start serviceManager: A State Service instance is already running in the background.: Could not store pid: valueF failed: Service is already running
