[DEBUG Aug  2 08:17:39.310908800, defaults.go:273] Args: [/home1/wangfeim/.local/ActiveState/StateTool/release/bin/state-svc start]
[DEBUG Aug  2 08:17:39.324565403, locale.go:38] Init
[DEBUG Aug  2 08:17:39.467788808, errs.go:68] Created error: File could not be found
[DEBUG Aug  2 08:17:39.470857182, errs.go:68] Created error: Not Recognized
[DEBUG Aug  2 08:17:39.498483065, errs.go:68] Created error: Secret not found
[DEBUG Aug  2 08:17:39.498581824, errs.go:68] Created error: Could not save keypair
[DEBUG Aug  2 08:17:39.498899954, errs.go:68] Created error: Build responded with error
[DEBUG Aug  2 08:17:39.498959239, errs.go:68] Created error: Unknown build type
[DEBUG Aug  2 08:17:39.499142982, errors.go:86] Wrapped localized error: <nil> -- with: The installed version of the State Tool Service does not match that of the client.
Please stop the service with [ACTIONABLE]state-svc stop[/RESET] and try your command again.
If this issue persists please reinstall the State Tool.

[DEBUG Aug  2 08:17:39.499165910, errs.go:68] Created error: no data
[DEBUG Aug  2 08:17:39.499198683, errs.go:68] Created error: member not found
[DEBUG Aug  2 08:17:39.499231829, errs.go:68] Created error: Commit count is unknowable
[DEBUG Aug  2 08:17:39.499269036, errs.go:68] Created error: No merge required
[DEBUG Aug  2 08:17:39.499309354, errs.go:68] Created error: Can't merge commit thats already in target commits history
[DEBUG Aug  2 08:17:39.499348839, errs.go:68] Created error: Bad expander name
[DEBUG Aug  2 08:17:39.499386874, errs.go:68] Created error: Expander has no handler
[DEBUG Aug  2 08:17:39.500720693, errs.go:68] Created error: Service is already running
[DEBUG Aug  2 08:17:39.532774035, secrets.go:35] Gcloud Secretmanager failed to initialize (ignore if you're not trying to use gcloud): google: could not find default credentials. See https://developers.google.com/accounts/docs/application-default-credentials for more information.
[DEBUG Aug  2 08:17:39.538341944, output.go:53] Requested outputer for 
[DEBUG Aug  2 08:17:39.538363759, output.go:58] Using Plain outputer
[DEBUG Aug  2 08:17:39.538428148, termutils.go:17] Cannot get terminal size: inappropriate ioctl for device
[DEBUG Aug  2 08:17:39.538521685, client.go:128] Reporting event to 2 reporters: run-command, state-svc start, 
[DEBUG Aug  2 08:17:39.538583642, main.go:107] Running CmdStart
[DEBUG Aug  2 08:17:39.545417088, errs.go:75] Wrapped error: Service is already running -- with: valueF failed
[DEBUG Aug  2 08:17:39.545479641, errs.go:75] Wrapped error: valueF failed -- with: Could not store pid
[DEBUG Aug  2 08:17:39.545564387, errors.go:113] Wrapped input error: Could not store pid -- with: A State Service instance is already running in the background.
[DEBUG Aug  2 08:17:39.545580641, errs.go:75] Wrapped error: A State Service instance is already running in the background. -- with: Could not start serviceManager
[DEBUG Aug  2 08:17:39.545689961, client.go:128] Reporting event to 2 reporters: command-exit, state-svc start, 1
[DEBUG Aug  2 08:17:39.890793835, errs.go:75] Wrapped error: <nil> -- with: Could not start serviceManager: A State Service instance is already running in the background.: Could not store pid: valueF failed: Service is already running
[DEBUG Aug  2 08:17:39.890864565, main.go:61] state-svc errored out due to input: Could not start serviceManager: A State Service instance is already running in the background.: Could not store pid: valueF failed: Service is already running
