[DEBUG Aug  2 07:40:49.842375022, defaults.go:273] Args: [/home1/wangfeim/.local/ActiveState/StateTool/release/bin/state-svc start]
[DEBUG Aug  2 07:40:49.857336376, locale.go:38] Init
[DEBUG Aug  2 07:40:49.923909836, errs.go:68] Created error: File could not be found
[DEBUG Aug  2 07:40:49.926899789, errs.go:68] Created error: Not Recognized
[DEBUG Aug  2 07:40:49.948624102, errs.go:68] Created error: Secret not found
[DEBUG Aug  2 07:40:49.948674155, errs.go:68] Created error: Could not save keypair
[DEBUG Aug  2 07:40:49.948837564, errs.go:68] Created error: Build responded with error
[DEBUG Aug  2 07:40:49.948867505, errs.go:68] Created error: Unknown build type
[DEBUG Aug  2 07:40:49.949000102, errors.go:86] Wrapped localized error: <nil> -- with: The installed version of the State Tool Service does not match that of the client.
Please stop the service with [ACTIONABLE]state-svc stop[/RESET] and try your command again.
If this issue persists please reinstall the State Tool.

[DEBUG Aug  2 07:40:49.949020193, errs.go:68] Created error: no data
[DEBUG Aug  2 07:40:49.949054254, errs.go:68] Created error: member not found
[DEBUG Aug  2 07:40:49.949083386, errs.go:68] Created error: Commit count is unknowable
[DEBUG Aug  2 07:40:49.949104083, errs.go:68] Created error: No merge required
[DEBUG Aug  2 07:40:49.949124324, errs.go:68] Created error: Can't merge commit thats already in target commits history
[DEBUG Aug  2 07:40:49.949147113, errs.go:68] Created error: Bad expander name
[DEBUG Aug  2 07:40:49.949168237, errs.go:68] Created error: Expander has no handler
[DEBUG Aug  2 07:40:49.985385395, errs.go:68] Created error: Service is already running
[DEBUG Aug  2 07:40:50.012203978, secrets.go:35] Gcloud Secretmanager failed to initialize (ignore if you're not trying to use gcloud): google: could not find default credentials. See https://developers.google.com/accounts/docs/application-default-credentials for more information.
[DEBUG Aug  2 07:40:50.015957068, output.go:53] Requested outputer for 
[DEBUG Aug  2 07:40:50.015981605, output.go:58] Using Plain outputer
[DEBUG Aug  2 07:40:50.016082064, termutils.go:17] Cannot get terminal size: inappropriate ioctl for device
[DEBUG Aug  2 07:40:50.016175047, client.go:128] Reporting event to 2 reporters: run-command, state-svc start, 
[DEBUG Aug  2 07:40:50.016232619, main.go:107] Running CmdStart
[DEBUG Aug  2 07:40:50.021687756, errs.go:75] Wrapped error: Service is already running -- with: valueF failed
[DEBUG Aug  2 07:40:50.021759264, errs.go:75] Wrapped error: valueF failed -- with: Could not store pid
[DEBUG Aug  2 07:40:50.021844252, errors.go:113] Wrapped input error: Could not store pid -- with: A State Service instance is already running in the background.
[DEBUG Aug  2 07:40:50.021866945, errs.go:75] Wrapped error: A State Service instance is already running in the background. -- with: Could not start serviceManager
[DEBUG Aug  2 07:40:50.021962859, client.go:128] Reporting event to 2 reporters: command-exit, state-svc start, 1
[DEBUG Aug  2 07:40:50.377643634, errs.go:75] Wrapped error: <nil> -- with: Could not start serviceManager: A State Service instance is already running in the background.: Could not store pid: valueF failed: Service is already running
[DEBUG Aug  2 07:40:50.377701508, main.go:61] state-svc errored out due to input: Could not start serviceManager: A State Service instance is already running in the background.: Could not store pid: valueF failed: Service is already running
