[DEBUG Aug  2 07:54:00.102780064, defaults.go:273] Args: [/home1/wangfeim/.local/ActiveState/StateTool/release/bin/state-svc start]
[DEBUG Aug  2 07:54:00.117028419, locale.go:38] Init
[DEBUG Aug  2 07:54:00.221158731, errs.go:68] Created error: File could not be found
[DEBUG Aug  2 07:54:00.224439382, errs.go:68] Created error: Not Recognized
[DEBUG Aug  2 07:54:00.245140955, errs.go:68] Created error: Secret not found
[DEBUG Aug  2 07:54:00.245196710, errs.go:68] Created error: Could not save keypair
[DEBUG Aug  2 07:54:00.245400692, errs.go:68] Created error: Build responded with error
[DEBUG Aug  2 07:54:00.245438833, errs.go:68] Created error: Unknown build type
[DEBUG Aug  2 07:54:00.245569655, errors.go:86] Wrapped localized error: <nil> -- with: The installed version of the State Tool Service does not match that of the client.
Please stop the service with [ACTIONABLE]state-svc stop[/RESET] and try your command again.
If this issue persists please reinstall the State Tool.

[DEBUG Aug  2 07:54:00.245584881, errs.go:68] Created error: no data
[DEBUG Aug  2 07:54:00.245624284, errs.go:68] Created error: member not found
[DEBUG Aug  2 07:54:00.245648293, errs.go:68] Created error: Commit count is unknowable
[DEBUG Aug  2 07:54:00.245671701, errs.go:68] Created error: No merge required
[DEBUG Aug  2 07:54:00.245699791, errs.go:68] Created error: Can't merge commit thats already in target commits history
[DEBUG Aug  2 07:54:00.245726325, errs.go:68] Created error: Bad expander name
[DEBUG Aug  2 07:54:00.245749674, errs.go:68] Created error: Expander has no handler
[DEBUG Aug  2 07:54:00.248340460, errs.go:68] Created error: Service is already running
[DEBUG Aug  2 07:54:00.293087152, secrets.go:35] Gcloud Secretmanager failed to initialize (ignore if you're not trying to use gcloud): google: could not find default credentials. See https://developers.google.com/accounts/docs/application-default-credentials for more information.
[DEBUG Aug  2 07:54:00.296808985, output.go:53] Requested outputer for 
[DEBUG Aug  2 07:54:00.296845322, output.go:58] Using Plain outputer
[DEBUG Aug  2 07:54:00.296955303, termutils.go:17] Cannot get terminal size: inappropriate ioctl for device
[DEBUG Aug  2 07:54:00.297041702, client.go:128] Reporting event to 2 reporters: run-command, state-svc start, 
[DEBUG Aug  2 07:54:00.297137311, main.go:107] Running CmdStart
[DEBUG Aug  2 07:54:00.302719097, errs.go:75] Wrapped error: Service is already running -- with: valueF failed
[DEBUG Aug  2 07:54:00.302774364, errs.go:75] Wrapped error: valueF failed -- with: Could not store pid
[DEBUG Aug  2 07:54:00.302866027, errors.go:113] Wrapped input error: Could not store pid -- with: A State Service instance is already running in the background.
[DEBUG Aug  2 07:54:00.302881830, errs.go:75] Wrapped error: A State Service instance is already running in the background. -- with: Could not start serviceManager
[DEBUG Aug  2 07:54:00.302978732, client.go:128] Reporting event to 2 reporters: command-exit, state-svc start, 1
[DEBUG Aug  2 07:54:00.680530976, errs.go:75] Wrapped error: <nil> -- with: Could not start serviceManager: A State Service instance is already running in the background.: Could not store pid: valueF failed: Service is already running
[DEBUG Aug  2 07:54:00.680610485, main.go:61] state-svc errored out due to input: Could not start serviceManager: A State Service instance is already running in the background.: Could not store pid: valueF failed: Service is already running
