[DEBUG Sep 17 03:00:02.802317469, errs.go:68] Created error: File could not be found
[DEBUG Sep 17 03:00:02.808037208, errs.go:68] Created error: Not Recognized
[DEBUG Sep 17 03:00:02.802561920, log.go:184] Rollbar error: empty token

[DEBUG Sep 17 03:00:02.847947424, errs.go:68] Created error: Secret not found
[DEBUG Sep 17 03:00:02.848005803, errs.go:68] Created error: Could not save keypair
[DEBUG Sep 17 03:00:02.848713001, errs.go:68] Created error: Build responded with error
[DEBUG Sep 17 03:00:02.848868759, errs.go:68] Created error: Unknown build type
[DEBUG Sep 17 03:00:02.849533948, errors.go:86] Wrapped localized error: <nil> -- with: The installed version of the State Tool Service does not match that of the client.
Please stop the service with [ACTIONABLE]state-svc stop[/RESET] and try your command again.
If this issue persists please reinstall the State Tool.

[DEBUG Sep 17 03:00:02.849628551, errs.go:68] Created error: no data
[DEBUG Sep 17 03:00:02.849709402, errs.go:68] Created error: member not found
[DEBUG Sep 17 03:00:02.849838029, errs.go:68] Created error: Commit count is unknowable
[DEBUG Sep 17 03:00:02.849885891, errs.go:68] Created error: No merge required
[DEBUG Sep 17 03:00:02.850025555, errs.go:68] Created error: Can't merge commit thats already in target commits history
[DEBUG Sep 17 03:00:02.850163147, errs.go:68] Created error: Bad expander name
[DEBUG Sep 17 03:00:02.850268522, errs.go:68] Created error: Expander has no handler
[DEBUG Sep 17 03:00:02.855431555, errs.go:68] Created error: Service is already running
[DEBUG Sep 17 03:00:02.928595486, secrets.go:35] Gcloud Secretmanager failed to initialize (ignore if you're not trying to use gcloud): google: could not find default credentials. See https://developers.google.com/accounts/docs/application-default-credentials for more information.
[DEBUG Sep 17 03:00:02.937492565, output.go:53] Requested outputer for 
[DEBUG Sep 17 03:00:02.937511902, output.go:58] Using Plain outputer
[DEBUG Sep 17 03:00:02.937832122, termutils.go:17] Cannot get terminal size: inappropriate ioctl for device
[DEBUG Sep 17 03:00:02.938148838, main.go:137] Running CmdForeground
[DEBUG Sep 17 03:00:02.938174788, main.go:147] Running in Foreground
[DEBUG Sep 17 03:00:02.938265856, client.go:128] Reporting event to 2 reporters: run-command, state-svc foreground, 
[DEBUG Sep 17 03:00:02.938618804, service.go:30] service:Start
[DEBUG Sep 17 03:01:02.949244619, watcher.go:72] Checking for runtime processes
[DEBUG Sep 17 03:02:02.949268409, watcher.go:72] Checking for runtime processes
[DEBUG Sep 17 03:03:02.949229775, watcher.go:72] Checking for runtime processes
[DEBUG Sep 17 03:03:40.748181677, errs.go:75] Wrapped error: disk I/O error (266) -- with: Could not store setting
[DEBUG Sep 17 03:03:40.748433611, errs.go:75] Wrapped error: Could not store setting -- with: Could not save config
[DEBUG Sep 17 03:03:40.748507003, errs.go:75] Wrapped error: Could not save config -- with: Could not start service
[DEBUG Sep 17 03:04:02.949357295, watcher.go:72] Checking for runtime processes
[DEBUG Sep 17 03:05:02.949197597, watcher.go:72] Checking for runtime processes
[DEBUG Sep 17 03:06:02.949253425, watcher.go:72] Checking for runtime processes
[DEBUG Sep 17 03:07:02.949311056, watcher.go:72] Checking for runtime processes
[DEBUG Sep 17 03:08:02.949740980, watcher.go:72] Checking for runtime processes
[DEBUG Sep 17 03:09:02.949355293, watcher.go:72] Checking for runtime processes
[DEBUG Sep 17 03:10:02.949264540, watcher.go:72] Checking for runtime processes
[DEBUG Sep 17 03:11:02.949309026, watcher.go:72] Checking for runtime processes
[DEBUG Sep 17 03:12:02.949371795, watcher.go:72] Checking for runtime processes
[DEBUG Sep 17 03:13:02.949216201, watcher.go:72] Checking for runtime processes
[DEBUG Sep 17 03:14:02.949208740, watcher.go:72] Checking for runtime processes
[DEBUG Sep 17 03:15:02.949203382, watcher.go:72] Checking for runtime processes
[DEBUG Sep 17 03:16:02.949182215, watcher.go:72] Checking for runtime processes
[DEBUG Sep 17 03:17:02.949188208, watcher.go:72] Checking for runtime processes
[DEBUG Sep 17 03:18:02.949215894, watcher.go:72] Checking for runtime processes
[DEBUG Sep 17 03:19:02.949192393, watcher.go:72] Checking for runtime processes
[DEBUG Sep 17 03:20:02.949347940, watcher.go:72] Checking for runtime processes
[DEBUG Sep 17 03:21:02.949335498, watcher.go:72] Checking for runtime processes
[DEBUG Sep 17 03:22:02.949707436, watcher.go:72] Checking for runtime processes
[DEBUG Sep 17 03:23:02.949188752, watcher.go:72] Checking for runtime processes
[DEBUG Sep 17 03:24:02.949403812, watcher.go:72] Checking for runtime processes
[DEBUG Sep 17 03:25:02.949193687, watcher.go:72] Checking for runtime processes
[DEBUG Sep 17 03:26:02.949270609, watcher.go:72] Checking for runtime processes
[DEBUG Sep 17 03:27:02.949338530, watcher.go:72] Checking for runtime processes
[DEBUG Sep 17 03:28:02.949347747, watcher.go:72] Checking for runtime processes
[DEBUG Sep 17 03:29:02.949223184, watcher.go:72] Checking for runtime processes
[DEBUG Sep 17 03:30:02.949192675, watcher.go:72] Checking for runtime processes
[DEBUG Sep 17 03:31:02.949202038, watcher.go:72] Checking for runtime processes
[DEBUG Sep 17 03:32:02.949204947, watcher.go:72] Checking for runtime processes
[DEBUG Sep 17 03:33:02.949678643, watcher.go:72] Checking for runtime processes
[DEBUG Sep 17 03:34:02.949270721, watcher.go:72] Checking for runtime processes
[DEBUG Sep 17 03:35:02.949224805, watcher.go:72] Checking for runtime processes
[DEBUG Sep 17 03:36:02.949462247, watcher.go:72] Checking for runtime processes
[DEBUG Sep 17 03:37:02.949176010, watcher.go:72] Checking for runtime processes
[DEBUG Sep 17 03:38:02.949219616, watcher.go:72] Checking for runtime processes
[DEBUG Sep 17 03:39:02.949218042, watcher.go:72] Checking for runtime processes
[DEBUG Sep 17 03:40:02.949192842, watcher.go:72] Checking for runtime processes
[DEBUG Sep 17 03:41:02.949194053, watcher.go:72] Checking for runtime processes
[DEBUG Sep 17 03:42:02.949200703, watcher.go:72] Checking for runtime processes
[DEBUG Sep 17 03:43:02.949215587, watcher.go:72] Checking for runtime processes
[DEBUG Sep 17 03:44:02.949192702, watcher.go:72] Checking for runtime processes
[DEBUG Sep 17 03:45:02.949210026, watcher.go:72] Checking for runtime processes
[DEBUG Sep 17 03:46:02.949202605, watcher.go:72] Checking for runtime processes
[DEBUG Sep 17 03:47:02.949206750, watcher.go:72] Checking for runtime processes
[DEBUG Sep 17 03:48:02.949227166, watcher.go:72] Checking for runtime processes
[DEBUG Sep 17 03:49:02.949196769, watcher.go:72] Checking for runtime processes
[DEBUG Sep 17 03:50:02.949199996, watcher.go:72] Checking for runtime processes
[DEBUG Sep 17 03:51:02.949318742, watcher.go:72] Checking for runtime processes
[DEBUG Sep 17 03:52:02.949230447, watcher.go:72] Checking for runtime processes
[DEBUG Sep 17 03:53:02.949224142, watcher.go:72] Checking for runtime processes
[DEBUG Sep 17 03:54:02.949467917, watcher.go:72] Checking for runtime processes
[DEBUG Sep 17 03:55:02.949198184, watcher.go:72] Checking for runtime processes
[DEBUG Sep 17 03:56:02.949289288, watcher.go:72] Checking for runtime processes
[DEBUG Sep 17 03:57:02.949487387, watcher.go:72] Checking for runtime processes
[DEBUG Sep 17 03:58:02.949290635, watcher.go:72] Checking for runtime processes
[DEBUG Sep 17 03:59:02.949604563, watcher.go:72] Checking for runtime processes
[DEBUG Sep 17 04:00:02.949199580, watcher.go:72] Checking for runtime processes
[DEBUG Sep 17 04:01:02.949928232, watcher.go:72] Checking for runtime processes
[DEBUG Sep 17 04:02:02.949227682, watcher.go:72] Checking for runtime processes
[DEBUG Sep 17 04:03:02.949678788, watcher.go:72] Checking for runtime processes
[DEBUG Sep 17 04:04:02.949337149, watcher.go:72] Checking for runtime processes
[DEBUG Sep 17 04:05:02.949297167, watcher.go:72] Checking for runtime processes
[DEBUG Sep 17 04:06:02.949521905, watcher.go:72] Checking for runtime processes
[DEBUG Sep 17 04:07:02.949384431, watcher.go:72] Checking for runtime processes
[DEBUG Sep 17 04:08:02.949213276, watcher.go:72] Checking for runtime processes
[DEBUG Sep 17 04:09:02.949224570, watcher.go:72] Checking for runtime processes
[DEBUG Sep 17 04:10:02.949773708, watcher.go:72] Checking for runtime processes
[DEBUG Sep 17 04:11:02.949445430, watcher.go:72] Checking for runtime processes
[DEBUG Sep 17 04:12:02.949469959, watcher.go:72] Checking for runtime processes
[DEBUG Sep 17 04:13:02.949215502, watcher.go:72] Checking for runtime processes
[DEBUG Sep 17 04:14:02.949324757, watcher.go:72] Checking for runtime processes
[DEBUG Sep 17 04:15:02.949253949, watcher.go:72] Checking for runtime processes
[DEBUG Sep 17 04:16:02.949235224, watcher.go:72] Checking for runtime processes
[DEBUG Sep 17 04:17:02.949236198, watcher.go:72] Checking for runtime processes
[DEBUG Sep 17 04:18:02.949700570, watcher.go:72] Checking for runtime processes
[DEBUG Sep 17 04:19:02.949255398, watcher.go:72] Checking for runtime processes
[DEBUG Sep 17 04:20:02.949348514, watcher.go:72] Checking for runtime processes
[DEBUG Sep 17 04:21:02.949397610, watcher.go:72] Checking for runtime processes
[DEBUG Sep 17 04:22:02.949561272, watcher.go:72] Checking for runtime processes
[DEBUG Sep 17 04:23:02.949215175, watcher.go:72] Checking for runtime processes
[DEBUG Sep 17 04:24:02.949442447, watcher.go:72] Checking for runtime processes
[DEBUG Sep 17 04:25:02.949606227, watcher.go:72] Checking for runtime processes
[DEBUG Sep 17 04:26:02.949350698, watcher.go:72] Checking for runtime processes
[DEBUG Sep 17 04:27:02.949621305, watcher.go:72] Checking for runtime processes
[DEBUG Sep 17 04:28:02.949427859, watcher.go:72] Checking for runtime processes
[DEBUG Sep 17 04:29:02.949489815, watcher.go:72] Checking for runtime processes
[DEBUG Sep 17 04:30:02.949222785, watcher.go:72] Checking for runtime processes
[DEBUG Sep 17 04:31:02.949297056, watcher.go:72] Checking for runtime processes
[DEBUG Sep 17 04:32:02.949207858, watcher.go:72] Checking for runtime processes
[DEBUG Sep 17 04:33:02.949215732, watcher.go:72] Checking for runtime processes
[DEBUG Sep 17 04:34:02.949231381, watcher.go:72] Checking for runtime processes
[DEBUG Sep 17 04:35:02.949410179, watcher.go:72] Checking for runtime processes
[DEBUG Sep 17 04:36:02.949231281, watcher.go:72] Checking for runtime processes
[DEBUG Sep 17 04:37:02.949465351, watcher.go:72] Checking for runtime processes
[DEBUG Sep 17 04:38:02.949233941, watcher.go:72] Checking for runtime processes
[DEBUG Sep 17 04:39:02.949226910, watcher.go:72] Checking for runtime processes
[DEBUG Sep 17 04:40:02.949205736, watcher.go:72] Checking for runtime processes
[DEBUG Sep 17 04:41:02.949215747, watcher.go:72] Checking for runtime processes
[DEBUG Sep 17 04:42:02.949390385, watcher.go:72] Checking for runtime processes
[DEBUG Sep 17 04:43:02.949560147, watcher.go:72] Checking for runtime processes
[DEBUG Sep 17 04:44:02.949541700, watcher.go:72] Checking for runtime processes
[DEBUG Sep 17 04:45:02.949210988, watcher.go:72] Checking for runtime processes
[DEBUG Sep 17 04:46:02.949598357, watcher.go:72] Checking for runtime processes
[DEBUG Sep 17 04:47:02.949245106, watcher.go:72] Checking for runtime processes
[DEBUG Sep 17 04:48:02.949818621, watcher.go:72] Checking for runtime processes
[DEBUG Sep 17 04:49:02.949748402, watcher.go:72] Checking for runtime processes
[DEBUG Sep 17 04:50:02.949257438, watcher.go:72] Checking for runtime processes
[DEBUG Sep 17 04:51:02.949495285, watcher.go:72] Checking for runtime processes
[DEBUG Sep 17 04:52:02.949213678, watcher.go:72] Checking for runtime processes
[DEBUG Sep 17 04:53:02.949224033, watcher.go:72] Checking for runtime processes
[DEBUG Sep 17 04:54:02.950135293, watcher.go:72] Checking for runtime processes
[DEBUG Sep 17 04:55:02.949858052, watcher.go:72] Checking for runtime processes
[DEBUG Sep 17 04:56:02.949219493, watcher.go:72] Checking for runtime processes
[DEBUG Sep 17 04:57:02.949764231, watcher.go:72] Checking for runtime processes
[DEBUG Sep 17 04:58:02.949215818, watcher.go:72] Checking for runtime processes
[DEBUG Sep 17 04:59:02.949211140, watcher.go:72] Checking for runtime processes
[DEBUG Sep 17 05:00:02.949300228, watcher.go:72] Checking for runtime processes
[DEBUG Sep 17 05:01:02.949211868, watcher.go:72] Checking for runtime processes
[DEBUG Sep 17 05:02:02.949235676, watcher.go:72] Checking for runtime processes
[DEBUG Sep 17 05:03:02.949214384, watcher.go:72] Checking for runtime processes
[DEBUG Sep 17 05:04:02.949251847, watcher.go:72] Checking for runtime processes
[DEBUG Sep 17 05:05:02.949241807, watcher.go:72] Checking for runtime processes
[DEBUG Sep 17 05:06:02.949216914, watcher.go:72] Checking for runtime processes
[DEBUG Sep 17 05:07:02.949215893, watcher.go:72] Checking for runtime processes
[DEBUG Sep 17 05:08:02.949209662, watcher.go:72] Checking for runtime processes
[DEBUG Sep 17 05:09:02.949253358, watcher.go:72] Checking for runtime processes
[DEBUG Sep 17 05:10:02.949209510, watcher.go:72] Checking for runtime processes
[DEBUG Sep 17 05:11:02.949218806, watcher.go:72] Checking for runtime processes
[DEBUG Sep 17 05:12:02.949209252, watcher.go:72] Checking for runtime processes
[DEBUG Sep 17 05:13:02.949233096, watcher.go:72] Checking for runtime processes
[DEBUG Sep 17 05:14:02.949216762, watcher.go:72] Checking for runtime processes
[DEBUG Sep 17 05:15:02.949230762, watcher.go:72] Checking for runtime processes
[DEBUG Sep 17 05:16:02.949212115, watcher.go:72] Checking for runtime processes
[DEBUG Sep 17 05:17:02.949223171, watcher.go:72] Checking for runtime processes
[DEBUG Sep 17 05:18:02.949220047, watcher.go:72] Checking for runtime processes
[DEBUG Sep 17 05:19:02.949209231, watcher.go:72] Checking for runtime processes
[DEBUG Sep 17 05:20:02.949218242, watcher.go:72] Checking for runtime processes
[DEBUG Sep 17 05:21:02.949210115, watcher.go:72] Checking for runtime processes
[DEBUG Sep 17 05:22:02.949220305, watcher.go:72] Checking for runtime processes
[DEBUG Sep 17 05:23:02.949347562, watcher.go:72] Checking for runtime processes
[DEBUG Sep 17 05:24:02.949213587, watcher.go:72] Checking for runtime processes
[DEBUG Sep 17 05:25:02.949214207, watcher.go:72] Checking for runtime processes
[DEBUG Sep 17 05:26:02.949220103, watcher.go:72] Checking for runtime processes
[DEBUG Sep 17 05:27:02.949213928, watcher.go:72] Checking for runtime processes
[DEBUG Sep 17 05:28:02.949214925, watcher.go:72] Checking for runtime processes
[DEBUG Sep 17 05:29:02.949213175, watcher.go:72] Checking for runtime processes
[DEBUG Sep 17 05:30:02.949211107, watcher.go:72] Checking for runtime processes
[DEBUG Sep 17 05:31:02.949213185, watcher.go:72] Checking for runtime processes
[DEBUG Sep 17 05:32:02.949223469, watcher.go:72] Checking for runtime processes
[DEBUG Sep 17 05:33:02.949219452, watcher.go:72] Checking for runtime processes
[DEBUG Sep 17 05:34:02.949343906, watcher.go:72] Checking for runtime processes
[DEBUG Sep 17 05:35:02.949214929, watcher.go:72] Checking for runtime processes
[DEBUG Sep 17 05:36:02.949214113, watcher.go:72] Checking for runtime processes
[DEBUG Sep 17 05:37:02.949226961, watcher.go:72] Checking for runtime processes
[DEBUG Sep 17 05:38:02.949214795, watcher.go:72] Checking for runtime processes
[DEBUG Sep 17 05:39:02.949216826, watcher.go:72] Checking for runtime processes
[DEBUG Sep 17 05:40:02.949213351, watcher.go:72] Checking for runtime processes
[DEBUG Sep 17 05:41:02.949217272, watcher.go:72] Checking for runtime processes
[DEBUG Sep 17 05:42:02.949210878, watcher.go:72] Checking for runtime processes
[DEBUG Sep 17 05:43:02.949232838, watcher.go:72] Checking for runtime processes
[DEBUG Sep 17 05:44:02.949211305, watcher.go:72] Checking for runtime processes
[DEBUG Sep 17 05:45:02.949228339, watcher.go:72] Checking for runtime processes
[DEBUG Sep 17 05:46:02.949214426, watcher.go:72] Checking for runtime processes
[DEBUG Sep 17 05:47:02.949223573, watcher.go:72] Checking for runtime processes
[DEBUG Sep 17 05:48:02.949223388, watcher.go:72] Checking for runtime processes
[DEBUG Sep 17 05:49:02.949213610, watcher.go:72] Checking for runtime processes
[DEBUG Sep 17 05:50:02.949216424, watcher.go:72] Checking for runtime processes
[DEBUG Sep 17 05:51:02.949212301, watcher.go:72] Checking for runtime processes
[DEBUG Sep 17 05:52:02.949226331, watcher.go:72] Checking for runtime processes
[DEBUG Sep 17 05:53:02.949213967, watcher.go:72] Checking for runtime processes
[DEBUG Sep 17 05:54:02.949219401, watcher.go:72] Checking for runtime processes
[DEBUG Sep 17 05:55:02.949364658, watcher.go:72] Checking for runtime processes
[DEBUG Sep 17 05:56:02.949221460, watcher.go:72] Checking for runtime processes
[DEBUG Sep 17 05:57:02.949216691, watcher.go:72] Checking for runtime processes
[DEBUG Sep 17 05:58:02.949220553, watcher.go:72] Checking for runtime processes
[DEBUG Sep 17 05:59:02.949213640, watcher.go:72] Checking for runtime processes
[DEBUG Sep 17 06:00:02.949134548, watcher.go:72] Checking for runtime processes
[DEBUG Sep 17 06:01:02.949218381, watcher.go:72] Checking for runtime processes
[DEBUG Sep 17 06:02:02.949225495, watcher.go:72] Checking for runtime processes
[DEBUG Sep 17 06:03:02.949212723, watcher.go:72] Checking for runtime processes
[DEBUG Sep 17 06:04:02.949210708, watcher.go:72] Checking for runtime processes
[DEBUG Sep 17 06:05:02.949213427, watcher.go:72] Checking for runtime processes
[DEBUG Sep 17 06:06:02.949209965, watcher.go:72] Checking for runtime processes
[DEBUG Sep 17 06:07:02.949408657, watcher.go:72] Checking for runtime processes
[DEBUG Sep 17 06:08:02.949210174, watcher.go:72] Checking for runtime processes
[DEBUG Sep 17 06:09:02.949216012, watcher.go:72] Checking for runtime processes
[DEBUG Sep 17 06:10:02.949212468, watcher.go:72] Checking for runtime processes
[DEBUG Sep 17 06:11:02.949214545, watcher.go:72] Checking for runtime processes
[DEBUG Sep 17 06:12:02.949209180, watcher.go:72] Checking for runtime processes
[DEBUG Sep 17 06:13:02.949210615, watcher.go:72] Checking for runtime processes
[DEBUG Sep 17 06:14:02.949212029, watcher.go:72] Checking for runtime processes
[DEBUG Sep 17 06:15:02.949232683, watcher.go:72] Checking for runtime processes
[DEBUG Sep 17 06:16:02.949213868, watcher.go:72] Checking for runtime processes
[DEBUG Sep 17 06:17:02.949223052, watcher.go:72] Checking for runtime processes
[DEBUG Sep 17 06:18:02.949219870, watcher.go:72] Checking for runtime processes
[DEBUG Sep 17 06:19:02.949213513, watcher.go:72] Checking for runtime processes
[DEBUG Sep 17 06:20:02.949218072, watcher.go:72] Checking for runtime processes
[DEBUG Sep 17 06:21:02.949212325, watcher.go:72] Checking for runtime processes
[DEBUG Sep 17 06:22:02.949220539, watcher.go:72] Checking for runtime processes
[DEBUG Sep 17 06:23:02.949213924, watcher.go:72] Checking for runtime processes
[DEBUG Sep 17 06:24:02.949218654, watcher.go:72] Checking for runtime processes
[DEBUG Sep 17 06:25:02.949214801, watcher.go:72] Checking for runtime processes
[DEBUG Sep 17 06:26:02.949215991, watcher.go:72] Checking for runtime processes
[DEBUG Sep 17 06:27:02.949213664, watcher.go:72] Checking for runtime processes
[DEBUG Sep 17 06:28:02.949215348, watcher.go:72] Checking for runtime processes
[DEBUG Sep 17 06:29:02.949210651, watcher.go:72] Checking for runtime processes
[DEBUG Sep 17 06:30:02.949231613, watcher.go:72] Checking for runtime processes
[DEBUG Sep 17 06:31:02.949212058, watcher.go:72] Checking for runtime processes
[DEBUG Sep 17 06:32:02.949222559, watcher.go:72] Checking for runtime processes
[DEBUG Sep 17 06:33:02.949217834, watcher.go:72] Checking for runtime processes
[DEBUG Sep 17 06:34:02.949215369, watcher.go:72] Checking for runtime processes
[DEBUG Sep 17 06:35:02.949219830, watcher.go:72] Checking for runtime processes
[DEBUG Sep 17 06:36:02.949216671, watcher.go:72] Checking for runtime processes
[DEBUG Sep 17 06:37:02.949338436, watcher.go:72] Checking for runtime processes
[DEBUG Sep 17 06:38:02.949212111, watcher.go:72] Checking for runtime processes
[DEBUG Sep 17 06:39:02.949212922, watcher.go:72] Checking for runtime processes
[DEBUG Sep 17 06:40:02.949209427, watcher.go:72] Checking for runtime processes
[DEBUG Sep 17 06:41:02.949219259, watcher.go:72] Checking for runtime processes
[DEBUG Sep 17 06:42:02.949215052, watcher.go:72] Checking for runtime processes
[DEBUG Sep 17 06:43:02.949219159, watcher.go:72] Checking for runtime processes
[DEBUG Sep 17 06:44:02.949211727, watcher.go:72] Checking for runtime processes
[DEBUG Sep 17 06:45:02.949232102, watcher.go:72] Checking for runtime processes
[DEBUG Sep 17 06:46:02.949207951, watcher.go:72] Checking for runtime processes
[DEBUG Sep 17 06:47:02.949224138, watcher.go:72] Checking for runtime processes
[DEBUG Sep 17 06:48:02.949215686, watcher.go:72] Checking for runtime processes
[DEBUG Sep 17 06:49:02.949227514, watcher.go:72] Checking for runtime processes
[DEBUG Sep 17 06:50:02.949379162, watcher.go:72] Checking for runtime processes
[DEBUG Sep 17 06:51:02.949215223, watcher.go:72] Checking for runtime processes
[DEBUG Sep 17 06:52:02.949212998, watcher.go:72] Checking for runtime processes
[DEBUG Sep 17 06:53:02.949210147, watcher.go:72] Checking for runtime processes
[DEBUG Sep 17 06:54:02.949215609, watcher.go:72] Checking for runtime processes
[DEBUG Sep 17 06:55:02.949255322, watcher.go:72] Checking for runtime processes
[DEBUG Sep 17 06:56:02.949213983, watcher.go:72] Checking for runtime processes
[DEBUG Sep 17 06:57:02.949208317, watcher.go:72] Checking for runtime processes
[DEBUG Sep 17 06:58:02.949217644, watcher.go:72] Checking for runtime processes
[DEBUG Sep 17 06:59:02.949212846, watcher.go:72] Checking for runtime processes
[DEBUG Sep 17 07:00:02.949146129, watcher.go:72] Checking for runtime processes
