[DEBUG Aug  2 07:56:40.348262215, defaults.go:273] Args: [/home1/wangfeim/.local/ActiveState/StateTool/release/bin/state-svc start]
[DEBUG Aug  2 07:56:40.361691698, locale.go:38] Init
[DEBUG Aug  2 07:56:40.549003583, errs.go:68] Created error: File could not be found
[DEBUG Aug  2 07:56:40.552387905, errs.go:68] Created error: Not Recognized
[DEBUG Aug  2 07:56:40.574631607, errs.go:68] Created error: Secret not found
[DEBUG Aug  2 07:56:40.574699957, errs.go:68] Created error: Could not save keypair
[DEBUG Aug  2 07:56:40.575019679, errs.go:68] Created error: Build responded with error
[DEBUG Aug  2 07:56:40.575065230, errs.go:68] Created error: Unknown build type
[DEBUG Aug  2 07:56:40.575271534, errors.go:86] Wrapped localized error: <nil> -- with: The installed version of the State Tool Service does not match that of the client.
Please stop the service with [ACTIONABLE]state-svc stop[/RESET] and try your command again.
If this issue persists please reinstall the State Tool.

[DEBUG Aug  2 07:56:40.575309951, errs.go:68] Created error: no data
[DEBUG Aug  2 07:56:40.575344908, errs.go:68] Created error: member not found
[DEBUG Aug  2 07:56:40.575380516, errs.go:68] Created error: Commit count is unknowable
[DEBUG Aug  2 07:56:40.575436659, errs.go:68] Created error: No merge required
[DEBUG Aug  2 07:56:40.575473633, errs.go:68] Created error: Can't merge commit thats already in target commits history
[DEBUG Aug  2 07:56:40.575508713, errs.go:68] Created error: Bad expander name
[DEBUG Aug  2 07:56:40.575550049, errs.go:68] Created error: Expander has no handler
[DEBUG Aug  2 07:56:40.577083277, errs.go:68] Created error: Service is already running
[DEBUG Aug  2 07:56:40.615282097, secrets.go:35] Gcloud Secretmanager failed to initialize (ignore if you're not trying to use gcloud): google: could not find default credentials. See https://developers.google.com/accounts/docs/application-default-credentials for more information.
[DEBUG Aug  2 07:56:40.620354585, output.go:53] Requested outputer for 
[DEBUG Aug  2 07:56:40.620386566, output.go:58] Using Plain outputer
[DEBUG Aug  2 07:56:40.620472748, termutils.go:17] Cannot get terminal size: inappropriate ioctl for device
[DEBUG Aug  2 07:56:40.620590198, client.go:128] Reporting event to 2 reporters: run-command, state-svc start, 
[DEBUG Aug  2 07:56:40.620710438, main.go:107] Running CmdStart
[DEBUG Aug  2 07:56:40.629060788, errs.go:75] Wrapped error: Service is already running -- with: valueF failed
[DEBUG Aug  2 07:56:40.629151188, errs.go:75] Wrapped error: valueF failed -- with: Could not store pid
[DEBUG Aug  2 07:56:40.629233363, errors.go:113] Wrapped input error: Could not store pid -- with: A State Service instance is already running in the background.
[DEBUG Aug  2 07:56:40.629250034, errs.go:75] Wrapped error: A State Service instance is already running in the background. -- with: Could not start serviceManager
[DEBUG Aug  2 07:56:40.629328172, client.go:128] Reporting event to 2 reporters: command-exit, state-svc start, 1
[DEBUG Aug  2 07:56:40.958415923, errs.go:75] Wrapped error: <nil> -- with: Could not start serviceManager: A State Service instance is already running in the background.: Could not store pid: valueF failed: Service is already running
[DEBUG Aug  2 07:56:40.958470567, main.go:61] state-svc errored out due to input: Could not start serviceManager: A State Service instance is already running in the background.: Could not store pid: valueF failed: Service is already running
