[DEBUG Aug  2 07:46:38.455945434, defaults.go:273] Args: [/home1/wangfeim/.local/ActiveState/StateTool/release/bin/state-svc start]
[DEBUG Aug  2 07:46:38.468688530, locale.go:38] Init
[DEBUG Aug  2 07:46:38.506564855, errs.go:68] Created error: File could not be found
[DEBUG Aug  2 07:46:38.509548834, errs.go:68] Created error: Not Recognized
[DEBUG Aug  2 07:46:38.530069147, errs.go:68] Created error: Secret not found
[DEBUG Aug  2 07:46:38.530117384, errs.go:68] Created error: Could not save keypair
[DEBUG Aug  2 07:46:38.530277931, errs.go:68] Created error: Build responded with error
[DEBUG Aug  2 07:46:38.530304131, errs.go:68] Created error: Unknown build type
[DEBUG Aug  2 07:46:38.530412344, errors.go:86] Wrapped localized error: <nil> -- with: The installed version of the State Tool Service does not match that of the client.
Please stop the service with [ACTIONABLE]state-svc stop[/RESET] and try your command again.
If this issue persists please reinstall the State Tool.

[DEBUG Aug  2 07:46:38.530427745, errs.go:68] Created error: no data
[DEBUG Aug  2 07:46:38.530450324, errs.go:68] Created error: member not found
[DEBUG Aug  2 07:46:38.530483884, errs.go:68] Created error: Commit count is unknowable
[DEBUG Aug  2 07:46:38.530505716, errs.go:68] Created error: No merge required
[DEBUG Aug  2 07:46:38.530527023, errs.go:68] Created error: Can't merge commit thats already in target commits history
[DEBUG Aug  2 07:46:38.530559878, errs.go:68] Created error: Bad expander name
[DEBUG Aug  2 07:46:38.530582276, errs.go:68] Created error: Expander has no handler
[DEBUG Aug  2 07:46:38.531604723, errs.go:68] Created error: Service is already running
[DEBUG Aug  2 07:46:38.558121542, secrets.go:35] Gcloud Secretmanager failed to initialize (ignore if you're not trying to use gcloud): google: could not find default credentials. See https://developers.google.com/accounts/docs/application-default-credentials for more information.
[DEBUG Aug  2 07:46:38.585841922, output.go:53] Requested outputer for 
[DEBUG Aug  2 07:46:38.585863044, output.go:58] Using Plain outputer
[DEBUG Aug  2 07:46:38.585922637, termutils.go:17] Cannot get terminal size: inappropriate ioctl for device
[DEBUG Aug  2 07:46:38.586011639, client.go:128] Reporting event to 2 reporters: run-command, state-svc start, 
[DEBUG Aug  2 07:46:38.586045115, main.go:107] Running CmdStart
[DEBUG Aug  2 07:46:38.591492185, errs.go:75] Wrapped error: Service is already running -- with: valueF failed
[DEBUG Aug  2 07:46:38.591582026, errs.go:75] Wrapped error: valueF failed -- with: Could not store pid
[DEBUG Aug  2 07:46:38.591679971, errors.go:113] Wrapped input error: Could not store pid -- with: A State Service instance is already running in the background.
[DEBUG Aug  2 07:46:38.591694734, errs.go:75] Wrapped error: A State Service instance is already running in the background. -- with: Could not start serviceManager
[DEBUG Aug  2 07:46:38.591773494, client.go:128] Reporting event to 2 reporters: command-exit, state-svc start, 1
[DEBUG Aug  2 07:46:38.940368970, errs.go:75] Wrapped error: <nil> -- with: Could not start serviceManager: A State Service instance is already running in the background.: Could not store pid: valueF failed: Service is already running
[DEBUG Aug  2 07:46:38.940460060, main.go:61] state-svc errored out due to input: Could not start serviceManager: A State Service instance is already running in the background.: Could not store pid: valueF failed: Service is already running
