[DEBUG Aug  2 07:33:39.526059740, defaults.go:273] Args: [/home1/wangfeim/.local/ActiveState/StateTool/release/bin/state-svc start]
[DEBUG Aug  2 07:33:39.539896354, locale.go:38] Init
[DEBUG Aug  2 07:33:39.582149716, errs.go:68] Created error: File could not be found
[DEBUG Aug  2 07:33:39.585217336, errs.go:68] Created error: Not Recognized
[DEBUG Aug  2 07:33:39.606565917, errs.go:68] Created error: Secret not found
[DEBUG Aug  2 07:33:39.606628217, errs.go:68] Created error: Could not save keypair
[DEBUG Aug  2 07:33:39.606808361, errs.go:68] Created error: Build responded with error
[DEBUG Aug  2 07:33:39.606839575, errs.go:68] Created error: Unknown build type
[DEBUG Aug  2 07:33:39.606960261, errors.go:86] Wrapped localized error: <nil> -- with: The installed version of the State Tool Service does not match that of the client.
Please stop the service with [ACTIONABLE]state-svc stop[/RESET] and try your command again.
If this issue persists please reinstall the State Tool.

[DEBUG Aug  2 07:33:39.606975486, errs.go:68] Created error: no data
[DEBUG Aug  2 07:33:39.607004069, errs.go:68] Created error: member not found
[DEBUG Aug  2 07:33:39.607026537, errs.go:68] Created error: Commit count is unknowable
[DEBUG Aug  2 07:33:39.607055660, errs.go:68] Created error: No merge required
[DEBUG Aug  2 07:33:39.607076912, errs.go:68] Created error: Can't merge commit thats already in target commits history
[DEBUG Aug  2 07:33:39.607099042, errs.go:68] Created error: Bad expander name
[DEBUG Aug  2 07:33:39.607119799, errs.go:68] Created error: Expander has no handler
[DEBUG Aug  2 07:33:39.608269382, errs.go:68] Created error: Service is already running
[DEBUG Aug  2 07:33:39.635789672, secrets.go:35] Gcloud Secretmanager failed to initialize (ignore if you're not trying to use gcloud): google: could not find default credentials. See https://developers.google.com/accounts/docs/application-default-credentials for more information.
[DEBUG Aug  2 07:33:39.639104035, output.go:53] Requested outputer for 
[DEBUG Aug  2 07:33:39.639125391, output.go:58] Using Plain outputer
[DEBUG Aug  2 07:33:39.639183015, termutils.go:17] Cannot get terminal size: inappropriate ioctl for device
[DEBUG Aug  2 07:33:39.639274033, client.go:128] Reporting event to 2 reporters: run-command, state-svc start, 
[DEBUG Aug  2 07:33:39.639311283, main.go:107] Running CmdStart
[DEBUG Aug  2 07:33:39.645185397, errs.go:75] Wrapped error: Service is already running -- with: valueF failed
[DEBUG Aug  2 07:33:39.645257805, errs.go:75] Wrapped error: valueF failed -- with: Could not store pid
[DEBUG Aug  2 07:33:39.645329876, errors.go:113] Wrapped input error: Could not store pid -- with: A State Service instance is already running in the background.
[DEBUG Aug  2 07:33:39.645344973, errs.go:75] Wrapped error: A State Service instance is already running in the background. -- with: Could not start serviceManager
[DEBUG Aug  2 07:33:39.645424561, client.go:128] Reporting event to 2 reporters: command-exit, state-svc start, 1
[DEBUG Aug  2 07:33:39.978163171, errs.go:75] Wrapped error: <nil> -- with: Could not start serviceManager: A State Service instance is already running in the background.: Could not store pid: valueF failed: Service is already running
[DEBUG Aug  2 07:33:39.978260193, main.go:61] state-svc errored out due to input: Could not start serviceManager: A State Service instance is already running in the background.: Could not store pid: valueF failed: Service is already running
