[DEBUG Aug  2 07:57:49.895379763, defaults.go:273] Args: [/home1/wangfeim/.local/ActiveState/StateTool/release/bin/state-svc start]
[DEBUG Aug  2 07:57:49.908470541, locale.go:38] Init
[DEBUG Aug  2 07:57:49.950818229, errs.go:68] Created error: File could not be found
[DEBUG Aug  2 07:57:49.954249503, errs.go:68] Created error: Not Recognized
[DEBUG Aug  2 07:57:50.014095826, errs.go:68] Created error: Secret not found
[DEBUG Aug  2 07:57:50.014167160, errs.go:68] Created error: Could not save keypair
[DEBUG Aug  2 07:57:50.014466390, errs.go:68] Created error: Build responded with error
[DEBUG Aug  2 07:57:50.014514736, errs.go:68] Created error: Unknown build type
[DEBUG Aug  2 07:57:50.014743174, errors.go:86] Wrapped localized error: <nil> -- with: The installed version of the State Tool Service does not match that of the client.
Please stop the service with [ACTIONABLE]state-svc stop[/RESET] and try your command again.
If this issue persists please reinstall the State Tool.

[DEBUG Aug  2 07:57:50.014775469, errs.go:68] Created error: no data
[DEBUG Aug  2 07:57:50.014839002, errs.go:68] Created error: member not found
[DEBUG Aug  2 07:57:50.014878741, errs.go:68] Created error: Commit count is unknowable
[DEBUG Aug  2 07:57:50.014918822, errs.go:68] Created error: No merge required
[DEBUG Aug  2 07:57:50.014958200, errs.go:68] Created error: Can't merge commit thats already in target commits history
[DEBUG Aug  2 07:57:50.014999109, errs.go:68] Created error: Bad expander name
[DEBUG Aug  2 07:57:50.015037493, errs.go:68] Created error: Expander has no handler
[DEBUG Aug  2 07:57:50.016507799, errs.go:68] Created error: Service is already running
[DEBUG Aug  2 07:57:50.045853179, secrets.go:35] Gcloud Secretmanager failed to initialize (ignore if you're not trying to use gcloud): google: could not find default credentials. See https://developers.google.com/accounts/docs/application-default-credentials for more information.
[DEBUG Aug  2 07:57:50.050910222, output.go:53] Requested outputer for 
[DEBUG Aug  2 07:57:50.050934300, output.go:58] Using Plain outputer
[DEBUG Aug  2 07:57:50.051005887, termutils.go:17] Cannot get terminal size: inappropriate ioctl for device
[DEBUG Aug  2 07:57:50.051084674, client.go:128] Reporting event to 2 reporters: run-command, state-svc start, 
[DEBUG Aug  2 07:57:50.051131645, main.go:107] Running CmdStart
[DEBUG Aug  2 07:57:50.057518168, errs.go:75] Wrapped error: Service is already running -- with: valueF failed
[DEBUG Aug  2 07:57:50.057589481, errs.go:75] Wrapped error: valueF failed -- with: Could not store pid
[DEBUG Aug  2 07:57:50.057661271, errors.go:113] Wrapped input error: Could not store pid -- with: A State Service instance is already running in the background.
[DEBUG Aug  2 07:57:50.057675867, errs.go:75] Wrapped error: A State Service instance is already running in the background. -- with: Could not start serviceManager
[DEBUG Aug  2 07:57:50.057751066, client.go:128] Reporting event to 2 reporters: command-exit, state-svc start, 1
[DEBUG Aug  2 07:57:50.450739013, errs.go:75] Wrapped error: <nil> -- with: Could not start serviceManager: A State Service instance is already running in the background.: Could not store pid: valueF failed: Service is already running
[DEBUG Aug  2 07:57:50.450837008, main.go:61] state-svc errored out due to input: Could not start serviceManager: A State Service instance is already running in the background.: Could not store pid: valueF failed: Service is already running
