[DEBUG Aug  2 08:07:25.043575082, defaults.go:273] Args: [/home1/wangfeim/.local/ActiveState/StateTool/release/bin/state-svc start]
[DEBUG Aug  2 08:07:25.056782115, locale.go:38] Init
[DEBUG Aug  2 08:07:25.112055239, errs.go:68] Created error: File could not be found
[DEBUG Aug  2 08:07:25.115020382, errs.go:68] Created error: Not Recognized
[DEBUG Aug  2 08:07:25.136526375, errs.go:68] Created error: Secret not found
[DEBUG Aug  2 08:07:25.136587368, errs.go:68] Created error: Could not save keypair
[DEBUG Aug  2 08:07:25.136761650, errs.go:68] Created error: Build responded with error
[DEBUG Aug  2 08:07:25.136795788, errs.go:68] Created error: Unknown build type
[DEBUG Aug  2 08:07:25.136930134, errors.go:86] Wrapped localized error: <nil> -- with: The installed version of the State Tool Service does not match that of the client.
Please stop the service with [ACTIONABLE]state-svc stop[/RESET] and try your command again.
If this issue persists please reinstall the State Tool.

[DEBUG Aug  2 08:07:25.136947264, errs.go:68] Created error: no data
[DEBUG Aug  2 08:07:25.136973336, errs.go:68] Created error: member not found
[DEBUG Aug  2 08:07:25.137004292, errs.go:68] Created error: Commit count is unknowable
[DEBUG Aug  2 08:07:25.137029119, errs.go:68] Created error: No merge required
[DEBUG Aug  2 08:07:25.137052206, errs.go:68] Created error: Can't merge commit thats already in target commits history
[DEBUG Aug  2 08:07:25.137076145, errs.go:68] Created error: Bad expander name
[DEBUG Aug  2 08:07:25.137099057, errs.go:68] Created error: Expander has no handler
[DEBUG Aug  2 08:07:25.138380881, errs.go:68] Created error: Service is already running
[DEBUG Aug  2 08:07:25.198959152, secrets.go:35] Gcloud Secretmanager failed to initialize (ignore if you're not trying to use gcloud): google: could not find default credentials. See https://developers.google.com/accounts/docs/application-default-credentials for more information.
[DEBUG Aug  2 08:07:25.203047720, output.go:53] Requested outputer for 
[DEBUG Aug  2 08:07:25.203068802, output.go:58] Using Plain outputer
[DEBUG Aug  2 08:07:25.203144721, termutils.go:17] Cannot get terminal size: inappropriate ioctl for device
[DEBUG Aug  2 08:07:25.203209586, client.go:128] Reporting event to 2 reporters: run-command, state-svc start, 
[DEBUG Aug  2 08:07:25.203286081, main.go:107] Running CmdStart
[DEBUG Aug  2 08:07:25.210398675, errs.go:75] Wrapped error: Service is already running -- with: valueF failed
[DEBUG Aug  2 08:07:25.210463409, errs.go:75] Wrapped error: valueF failed -- with: Could not store pid
[DEBUG Aug  2 08:07:25.210554867, errors.go:113] Wrapped input error: Could not store pid -- with: A State Service instance is already running in the background.
[DEBUG Aug  2 08:07:25.210569724, errs.go:75] Wrapped error: A State Service instance is already running in the background. -- with: Could not start serviceManager
[DEBUG Aug  2 08:07:25.210652652, client.go:128] Reporting event to 2 reporters: command-exit, state-svc start, 1
[DEBUG Aug  2 08:07:25.585938505, errs.go:75] Wrapped error: <nil> -- with: Could not start serviceManager: A State Service instance is already running in the background.: Could not store pid: valueF failed: Service is already running
[DEBUG Aug  2 08:07:25.586018022, main.go:61] state-svc errored out due to input: Could not start serviceManager: A State Service instance is already running in the background.: Could not store pid: valueF failed: Service is already running
