[DEBUG Aug  2 07:38:15.122997746, defaults.go:273] Args: [/home1/wangfeim/.local/ActiveState/StateTool/release/bin/state-svc start]
[DEBUG Aug  2 07:38:15.136757163, locale.go:38] Init
[DEBUG Aug  2 07:38:16.026817848, errs.go:68] Created error: File could not be found
[DEBUG Aug  2 07:38:16.029889453, errs.go:68] Created error: Not Recognized
[DEBUG Aug  2 07:38:16.051749527, errs.go:68] Created error: Secret not found
[DEBUG Aug  2 07:38:16.051832207, errs.go:68] Created error: Could not save keypair
[DEBUG Aug  2 07:38:16.052115625, errs.go:68] Created error: Build responded with error
[DEBUG Aug  2 07:38:16.052159416, errs.go:68] Created error: Unknown build type
[DEBUG Aug  2 07:38:16.052326945, errors.go:86] Wrapped localized error: <nil> -- with: The installed version of the State Tool Service does not match that of the client.
Please stop the service with [ACTIONABLE]state-svc stop[/RESET] and try your command again.
If this issue persists please reinstall the State Tool.

[DEBUG Aug  2 07:38:16.052356857, errs.go:68] Created error: no data
[DEBUG Aug  2 07:38:16.052396013, errs.go:68] Created error: member not found
[DEBUG Aug  2 07:38:16.052445875, errs.go:68] Created error: Commit count is unknowable
[DEBUG Aug  2 07:38:16.052482272, errs.go:68] Created error: No merge required
[DEBUG Aug  2 07:38:16.052520121, errs.go:68] Created error: Can't merge commit thats already in target commits history
[DEBUG Aug  2 07:38:16.052566922, errs.go:68] Created error: Bad expander name
[DEBUG Aug  2 07:38:16.052601428, errs.go:68] Created error: Expander has no handler
[DEBUG Aug  2 07:38:16.053897675, errs.go:68] Created error: Service is already running
[DEBUG Aug  2 07:38:16.092965416, secrets.go:35] Gcloud Secretmanager failed to initialize (ignore if you're not trying to use gcloud): google: could not find default credentials. See https://developers.google.com/accounts/docs/application-default-credentials for more information.
[DEBUG Aug  2 07:38:16.098173913, output.go:53] Requested outputer for 
[DEBUG Aug  2 07:38:16.098195251, output.go:58] Using Plain outputer
[DEBUG Aug  2 07:38:16.098266005, termutils.go:17] Cannot get terminal size: inappropriate ioctl for device
[DEBUG Aug  2 07:38:16.098392620, client.go:128] Reporting event to 2 reporters: run-command, state-svc start, 
[DEBUG Aug  2 07:38:16.098406649, main.go:107] Running CmdStart
[DEBUG Aug  2 07:38:16.107569881, errs.go:75] Wrapped error: Service is already running -- with: valueF failed
[DEBUG Aug  2 07:38:16.107647533, errs.go:75] Wrapped error: valueF failed -- with: Could not store pid
[DEBUG Aug  2 07:38:16.107733426, errors.go:113] Wrapped input error: Could not store pid -- with: A State Service instance is already running in the background.
[DEBUG Aug  2 07:38:16.107747179, errs.go:75] Wrapped error: A State Service instance is already running in the background. -- with: Could not start serviceManager
[DEBUG Aug  2 07:38:16.107817664, client.go:128] Reporting event to 2 reporters: command-exit, state-svc start, 1
[DEBUG Aug  2 07:38:16.425839481, errs.go:75] Wrapped error: <nil> -- with: Could not start serviceManager: A State Service instance is already running in the background.: Could not store pid: valueF failed: Service is already running
[DEBUG Aug  2 07:38:16.425909637, main.go:61] state-svc errored out due to input: Could not start serviceManager: A State Service instance is already running in the background.: Could not store pid: valueF failed: Service is already running
