[DEBUG Aug  2 07:47:44.709841450, defaults.go:273] Args: [/home1/wangfeim/.local/ActiveState/StateTool/release/bin/state-svc start]
[DEBUG Aug  2 07:47:44.723576406, locale.go:38] Init
[DEBUG Aug  2 07:47:45.499345980, errs.go:68] Created error: File could not be found
[DEBUG Aug  2 07:47:45.502946375, errs.go:68] Created error: Not Recognized
[DEBUG Aug  2 07:47:45.526638903, errs.go:68] Created error: Secret not found
[DEBUG Aug  2 07:47:45.526712949, errs.go:68] Created error: Could not save keypair
[DEBUG Aug  2 07:47:45.526984701, errs.go:68] Created error: Build responded with error
[DEBUG Aug  2 07:47:45.527031169, errs.go:68] Created error: Unknown build type
[DEBUG Aug  2 07:47:45.527191822, errors.go:86] Wrapped localized error: <nil> -- with: The installed version of the State Tool Service does not match that of the client.
Please stop the service with [ACTIONABLE]state-svc stop[/RESET] and try your command again.
If this issue persists please reinstall the State Tool.

[DEBUG Aug  2 07:47:45.527253604, errs.go:68] Created error: no data
[DEBUG Aug  2 07:47:45.527293021, errs.go:68] Created error: member not found
[DEBUG Aug  2 07:47:45.527327505, errs.go:68] Created error: Commit count is unknowable
[DEBUG Aug  2 07:47:45.527364006, errs.go:68] Created error: No merge required
[DEBUG Aug  2 07:47:45.527397695, errs.go:68] Created error: Can't merge commit thats already in target commits history
[DEBUG Aug  2 07:47:45.527430019, errs.go:68] Created error: Bad expander name
[DEBUG Aug  2 07:47:45.527463893, errs.go:68] Created error: Expander has no handler
[DEBUG Aug  2 07:47:45.528979679, errs.go:68] Created error: Service is already running
[DEBUG Aug  2 07:47:45.593083874, secrets.go:35] Gcloud Secretmanager failed to initialize (ignore if you're not trying to use gcloud): google: could not find default credentials. See https://developers.google.com/accounts/docs/application-default-credentials for more information.
[DEBUG Aug  2 07:47:45.596387679, output.go:53] Requested outputer for 
[DEBUG Aug  2 07:47:45.596411203, output.go:58] Using Plain outputer
[DEBUG Aug  2 07:47:45.596507732, termutils.go:17] Cannot get terminal size: inappropriate ioctl for device
[DEBUG Aug  2 07:47:45.596611327, client.go:128] Reporting event to 2 reporters: run-command, state-svc start, 
[DEBUG Aug  2 07:47:45.596716295, main.go:107] Running CmdStart
[DEBUG Aug  2 07:47:45.604173715, errs.go:75] Wrapped error: Service is already running -- with: valueF failed
[DEBUG Aug  2 07:47:45.604231827, errs.go:75] Wrapped error: valueF failed -- with: Could not store pid
[DEBUG Aug  2 07:47:45.604308946, errors.go:113] Wrapped input error: Could not store pid -- with: A State Service instance is already running in the background.
[DEBUG Aug  2 07:47:45.604322957, errs.go:75] Wrapped error: A State Service instance is already running in the background. -- with: Could not start serviceManager
[DEBUG Aug  2 07:47:45.604394874, client.go:128] Reporting event to 2 reporters: command-exit, state-svc start, 1
[DEBUG Aug  2 07:47:45.987194853, errs.go:75] Wrapped error: <nil> -- with: Could not start serviceManager: A State Service instance is already running in the background.: Could not store pid: valueF failed: Service is already running
[DEBUG Aug  2 07:47:45.987264502, main.go:61] state-svc errored out due to input: Could not start serviceManager: A State Service instance is already running in the background.: Could not store pid: valueF failed: Service is already running
