[DEBUG Aug  2 08:02:39.098955285, defaults.go:273] Args: [/home1/wangfeim/.local/ActiveState/StateTool/release/bin/state-svc start]
[DEBUG Aug  2 08:02:39.112189008, locale.go:38] Init
[DEBUG Aug  2 08:02:39.202905277, errs.go:68] Created error: File could not be found
[DEBUG Aug  2 08:02:39.205931413, errs.go:68] Created error: Not Recognized
[DEBUG Aug  2 08:02:39.228985414, errs.go:68] Created error: Secret not found
[DEBUG Aug  2 08:02:39.229043106, errs.go:68] Created error: Could not save keypair
[DEBUG Aug  2 08:02:39.229216060, errs.go:68] Created error: Build responded with error
[DEBUG Aug  2 08:02:39.229242427, errs.go:68] Created error: Unknown build type
[DEBUG Aug  2 08:02:39.229363491, errors.go:86] Wrapped localized error: <nil> -- with: The installed version of the State Tool Service does not match that of the client.
Please stop the service with [ACTIONABLE]state-svc stop[/RESET] and try your command again.
If this issue persists please reinstall the State Tool.

[DEBUG Aug  2 08:02:39.229378930, errs.go:68] Created error: no data
[DEBUG Aug  2 08:02:39.229407234, errs.go:68] Created error: member not found
[DEBUG Aug  2 08:02:39.229428831, errs.go:68] Created error: Commit count is unknowable
[DEBUG Aug  2 08:02:39.229456137, errs.go:68] Created error: No merge required
[DEBUG Aug  2 08:02:39.229477287, errs.go:68] Created error: Can't merge commit thats already in target commits history
[DEBUG Aug  2 08:02:39.229499452, errs.go:68] Created error: Bad expander name
[DEBUG Aug  2 08:02:39.229521375, errs.go:68] Created error: Expander has no handler
[DEBUG Aug  2 08:02:39.230879510, errs.go:68] Created error: Service is already running
[DEBUG Aug  2 08:02:39.293090524, secrets.go:35] Gcloud Secretmanager failed to initialize (ignore if you're not trying to use gcloud): google: could not find default credentials. See https://developers.google.com/accounts/docs/application-default-credentials for more information.
[DEBUG Aug  2 08:02:39.296750943, output.go:53] Requested outputer for 
[DEBUG Aug  2 08:02:39.296775608, output.go:58] Using Plain outputer
[DEBUG Aug  2 08:02:39.296850011, termutils.go:17] Cannot get terminal size: inappropriate ioctl for device
[DEBUG Aug  2 08:02:39.296980837, main.go:107] Running CmdStart
[DEBUG Aug  2 08:02:39.296995030, client.go:128] Reporting event to 2 reporters: run-command, state-svc start, 
[DEBUG Aug  2 08:02:39.302457913, errs.go:75] Wrapped error: Service is already running -- with: valueF failed
[DEBUG Aug  2 08:02:39.302513699, errs.go:75] Wrapped error: valueF failed -- with: Could not store pid
[DEBUG Aug  2 08:02:39.302593712, errors.go:113] Wrapped input error: Could not store pid -- with: A State Service instance is already running in the background.
[DEBUG Aug  2 08:02:39.302607618, errs.go:75] Wrapped error: A State Service instance is already running in the background. -- with: Could not start serviceManager
[DEBUG Aug  2 08:02:39.302674446, client.go:128] Reporting event to 2 reporters: command-exit, state-svc start, 1
[DEBUG Aug  2 08:02:39.653364084, errs.go:75] Wrapped error: <nil> -- with: Could not start serviceManager: A State Service instance is already running in the background.: Could not store pid: valueF failed: Service is already running
[DEBUG Aug  2 08:02:39.653436774, main.go:61] state-svc errored out due to input: Could not start serviceManager: A State Service instance is already running in the background.: Could not store pid: valueF failed: Service is already running
