[DEBUG Aug  2 08:17:01.616898950, defaults.go:273] Args: [/home1/wangfeim/.local/ActiveState/StateTool/release/bin/state-svc start]
[DEBUG Aug  2 08:17:01.629872977, locale.go:38] Init
[DEBUG Aug  2 08:17:01.671872988, errs.go:68] Created error: File could not be found
[DEBUG Aug  2 08:17:01.674690100, errs.go:68] Created error: Not Recognized
[DEBUG Aug  2 08:17:01.694588933, errs.go:68] Created error: Secret not found
[DEBUG Aug  2 08:17:01.694647393, errs.go:68] Created error: Could not save keypair
[DEBUG Aug  2 08:17:01.694821215, errs.go:68] Created error: Build responded with error
[DEBUG Aug  2 08:17:01.694850580, errs.go:68] Created error: Unknown build type
[DEBUG Aug  2 08:17:01.694982406, errors.go:86] Wrapped localized error: <nil> -- with: The installed version of the State Tool Service does not match that of the client.
Please stop the service with [ACTIONABLE]state-svc stop[/RESET] and try your command again.
If this issue persists please reinstall the State Tool.

[DEBUG Aug  2 08:17:01.694998791, errs.go:68] Created error: no data
[DEBUG Aug  2 08:17:01.695036585, errs.go:68] Created error: member not found
[DEBUG Aug  2 08:17:01.695075401, errs.go:68] Created error: Commit count is unknowable
[DEBUG Aug  2 08:17:01.695104273, errs.go:68] Created error: No merge required
[DEBUG Aug  2 08:17:01.695133798, errs.go:68] Created error: Can't merge commit thats already in target commits history
[DEBUG Aug  2 08:17:01.695159010, errs.go:68] Created error: Bad expander name
[DEBUG Aug  2 08:17:01.695182251, errs.go:68] Created error: Expander has no handler
[DEBUG Aug  2 08:17:01.696185194, errs.go:68] Created error: Service is already running
[DEBUG Aug  2 08:17:01.725329806, secrets.go:35] Gcloud Secretmanager failed to initialize (ignore if you're not trying to use gcloud): google: could not find default credentials. See https://developers.google.com/accounts/docs/application-default-credentials for more information.
[DEBUG Aug  2 08:17:01.728520478, output.go:53] Requested outputer for 
[DEBUG Aug  2 08:17:01.728549869, output.go:58] Using Plain outputer
[DEBUG Aug  2 08:17:01.728619925, termutils.go:17] Cannot get terminal size: inappropriate ioctl for device
[DEBUG Aug  2 08:17:01.728744366, main.go:107] Running CmdStart
[DEBUG Aug  2 08:17:01.728782829, client.go:128] Reporting event to 2 reporters: run-command, state-svc start, 
[DEBUG Aug  2 08:17:01.735030978, errs.go:75] Wrapped error: Service is already running -- with: valueF failed
[DEBUG Aug  2 08:17:01.735099218, errs.go:75] Wrapped error: valueF failed -- with: Could not store pid
[DEBUG Aug  2 08:17:01.735202850, errors.go:113] Wrapped input error: Could not store pid -- with: A State Service instance is already running in the background.
[DEBUG Aug  2 08:17:01.735223214, errs.go:75] Wrapped error: A State Service instance is already running in the background. -- with: Could not start serviceManager
[DEBUG Aug  2 08:17:01.735298715, client.go:128] Reporting event to 2 reporters: command-exit, state-svc start, 1
[DEBUG Aug  2 08:17:02.093567685, errs.go:75] Wrapped error: <nil> -- with: Could not start serviceManager: A State Service instance is already running in the background.: Could not store pid: valueF failed: Service is already running
[DEBUG Aug  2 08:17:02.093648713, main.go:61] state-svc errored out due to input: Could not start serviceManager: A State Service instance is already running in the background.: Could not store pid: valueF failed: Service is already running
