[DEBUG Aug  2 08:13:56.745517206, defaults.go:273] Args: [/home1/wangfeim/.local/ActiveState/StateTool/release/bin/state-svc start]
[DEBUG Aug  2 08:13:56.760472727, locale.go:38] Init
[DEBUG Aug  2 08:13:56.818172869, errs.go:68] Created error: File could not be found
[DEBUG Aug  2 08:13:56.822860988, errs.go:68] Created error: Not Recognized
[DEBUG Aug  2 08:13:56.841515812, errs.go:68] Created error: Secret not found
[DEBUG Aug  2 08:13:56.841591109, errs.go:68] Created error: Could not save keypair
[DEBUG Aug  2 08:13:56.841779137, errs.go:68] Created error: Build responded with error
[DEBUG Aug  2 08:13:56.841820060, errs.go:68] Created error: Unknown build type
[DEBUG Aug  2 08:13:56.841918208, errors.go:86] Wrapped localized error: <nil> -- with: The installed version of the State Tool Service does not match that of the client.
Please stop the service with [ACTIONABLE]state-svc stop[/RESET] and try your command again.
If this issue persists please reinstall the State Tool.

[DEBUG Aug  2 08:13:56.841930719, errs.go:68] Created error: no data
[DEBUG Aug  2 08:13:56.841952077, errs.go:68] Created error: member not found
[DEBUG Aug  2 08:13:56.841979836, errs.go:68] Created error: Commit count is unknowable
[DEBUG Aug  2 08:13:56.842001147, errs.go:68] Created error: No merge required
[DEBUG Aug  2 08:13:56.842021568, errs.go:68] Created error: Can't merge commit thats already in target commits history
[DEBUG Aug  2 08:13:56.842044002, errs.go:68] Created error: Bad expander name
[DEBUG Aug  2 08:13:56.842064790, errs.go:68] Created error: Expander has no handler
[DEBUG Aug  2 08:13:56.843069066, errs.go:68] Created error: Service is already running
[DEBUG Aug  2 08:13:56.899916100, secrets.go:35] Gcloud Secretmanager failed to initialize (ignore if you're not trying to use gcloud): google: could not find default credentials. See https://developers.google.com/accounts/docs/application-default-credentials for more information.
[DEBUG Aug  2 08:13:56.903546886, output.go:53] Requested outputer for 
[DEBUG Aug  2 08:13:56.903568021, output.go:58] Using Plain outputer
[DEBUG Aug  2 08:13:56.903641171, termutils.go:17] Cannot get terminal size: inappropriate ioctl for device
[DEBUG Aug  2 08:13:56.903730431, client.go:128] Reporting event to 2 reporters: run-command, state-svc start, 
[DEBUG Aug  2 08:13:56.903762088, main.go:107] Running CmdStart
[DEBUG Aug  2 08:13:56.910133294, errs.go:75] Wrapped error: Service is already running -- with: valueF failed
[DEBUG Aug  2 08:13:56.910195043, errs.go:75] Wrapped error: valueF failed -- with: Could not store pid
[DEBUG Aug  2 08:13:56.910272628, errors.go:113] Wrapped input error: Could not store pid -- with: A State Service instance is already running in the background.
[DEBUG Aug  2 08:13:56.910285812, errs.go:75] Wrapped error: A State Service instance is already running in the background. -- with: Could not start serviceManager
[DEBUG Aug  2 08:13:56.910368849, client.go:128] Reporting event to 2 reporters: command-exit, state-svc start, 1
[DEBUG Aug  2 08:13:57.290423830, errs.go:75] Wrapped error: <nil> -- with: Could not start serviceManager: A State Service instance is already running in the background.: Could not store pid: valueF failed: Service is already running
[DEBUG Aug  2 08:13:57.290492196, main.go:61] state-svc errored out due to input: Could not start serviceManager: A State Service instance is already running in the background.: Could not store pid: valueF failed: Service is already running
