[DEBUG Aug  2 07:57:18.904391070, defaults.go:273] Args: [/home1/wangfeim/.local/ActiveState/StateTool/release/bin/state-svc start]
[DEBUG Aug  2 07:57:18.918435258, locale.go:38] Init
[DEBUG Aug  2 07:57:19.003416358, errs.go:68] Created error: File could not be found
[DEBUG Aug  2 07:57:19.006560310, errs.go:68] Created error: Not Recognized
[DEBUG Aug  2 07:57:19.028141023, errs.go:68] Created error: Secret not found
[DEBUG Aug  2 07:57:19.028199709, errs.go:68] Created error: Could not save keypair
[DEBUG Aug  2 07:57:19.028401592, errs.go:68] Created error: Build responded with error
[DEBUG Aug  2 07:57:19.028433270, errs.go:68] Created error: Unknown build type
[DEBUG Aug  2 07:57:19.028573400, errors.go:86] Wrapped localized error: <nil> -- with: The installed version of the State Tool Service does not match that of the client.
Please stop the service with [ACTIONABLE]state-svc stop[/RESET] and try your command again.
If this issue persists please reinstall the State Tool.

[DEBUG Aug  2 07:57:19.028592144, errs.go:68] Created error: no data
[DEBUG Aug  2 07:57:19.028617343, errs.go:68] Created error: member not found
[DEBUG Aug  2 07:57:19.028642042, errs.go:68] Created error: Commit count is unknowable
[DEBUG Aug  2 07:57:19.028671401, errs.go:68] Created error: No merge required
[DEBUG Aug  2 07:57:19.028694712, errs.go:68] Created error: Can't merge commit thats already in target commits history
[DEBUG Aug  2 07:57:19.028724016, errs.go:68] Created error: Bad expander name
[DEBUG Aug  2 07:57:19.028748936, errs.go:68] Created error: Expander has no handler
[DEBUG Aug  2 07:57:19.029918800, errs.go:68] Created error: Service is already running
[DEBUG Aug  2 07:57:19.096685362, secrets.go:35] Gcloud Secretmanager failed to initialize (ignore if you're not trying to use gcloud): google: could not find default credentials. See https://developers.google.com/accounts/docs/application-default-credentials for more information.
[DEBUG Aug  2 07:57:19.099768096, output.go:53] Requested outputer for 
[DEBUG Aug  2 07:57:19.099791931, output.go:58] Using Plain outputer
[DEBUG Aug  2 07:57:19.099870775, termutils.go:17] Cannot get terminal size: inappropriate ioctl for device
[DEBUG Aug  2 07:57:19.099955525, client.go:128] Reporting event to 2 reporters: run-command, state-svc start, 
[DEBUG Aug  2 07:57:19.100028545, main.go:107] Running CmdStart
[DEBUG Aug  2 07:57:19.105886678, errs.go:75] Wrapped error: Service is already running -- with: valueF failed
[DEBUG Aug  2 07:57:19.105948934, errs.go:75] Wrapped error: valueF failed -- with: Could not store pid
[DEBUG Aug  2 07:57:19.106024292, errors.go:113] Wrapped input error: Could not store pid -- with: A State Service instance is already running in the background.
[DEBUG Aug  2 07:57:19.106039354, errs.go:75] Wrapped error: A State Service instance is already running in the background. -- with: Could not start serviceManager
[DEBUG Aug  2 07:57:19.106165630, client.go:128] Reporting event to 2 reporters: command-exit, state-svc start, 1
[DEBUG Aug  2 07:57:19.476758236, errs.go:75] Wrapped error: <nil> -- with: Could not start serviceManager: A State Service instance is already running in the background.: Could not store pid: valueF failed: Service is already running
[DEBUG Aug  2 07:57:19.476838131, main.go:61] state-svc errored out due to input: Could not start serviceManager: A State Service instance is already running in the background.: Could not store pid: valueF failed: Service is already running
