[DEBUG Aug  2 07:40:17.334054882, defaults.go:273] Args: [/home1/wangfeim/.local/ActiveState/StateTool/release/bin/state-svc start]
[DEBUG Aug  2 07:40:17.348686845, locale.go:38] Init
[DEBUG Aug  2 07:40:17.661196028, errs.go:68] Created error: File could not be found
[DEBUG Aug  2 07:40:17.664194552, errs.go:68] Created error: Not Recognized
[DEBUG Aug  2 07:40:17.686811340, errs.go:68] Created error: Secret not found
[DEBUG Aug  2 07:40:17.686864505, errs.go:68] Created error: Could not save keypair
[DEBUG Aug  2 07:40:17.687029847, errs.go:68] Created error: Build responded with error
[DEBUG Aug  2 07:40:17.687055866, errs.go:68] Created error: Unknown build type
[DEBUG Aug  2 07:40:17.687167698, errors.go:86] Wrapped localized error: <nil> -- with: The installed version of the State Tool Service does not match that of the client.
Please stop the service with [ACTIONABLE]state-svc stop[/RESET] and try your command again.
If this issue persists please reinstall the State Tool.

[DEBUG Aug  2 07:40:17.687183026, errs.go:68] Created error: no data
[DEBUG Aug  2 07:40:17.687205202, errs.go:68] Created error: member not found
[DEBUG Aug  2 07:40:17.687239849, errs.go:68] Created error: Commit count is unknowable
[DEBUG Aug  2 07:40:17.687261324, errs.go:68] Created error: No merge required
[DEBUG Aug  2 07:40:17.687281509, errs.go:68] Created error: Can't merge commit thats already in target commits history
[DEBUG Aug  2 07:40:17.687303107, errs.go:68] Created error: Bad expander name
[DEBUG Aug  2 07:40:17.687323419, errs.go:68] Created error: Expander has no handler
[DEBUG Aug  2 07:40:17.688268743, errs.go:68] Created error: Service is already running
[DEBUG Aug  2 07:40:17.716057227, secrets.go:35] Gcloud Secretmanager failed to initialize (ignore if you're not trying to use gcloud): google: could not find default credentials. See https://developers.google.com/accounts/docs/application-default-credentials for more information.
[DEBUG Aug  2 07:40:17.719247747, output.go:53] Requested outputer for 
[DEBUG Aug  2 07:40:17.719270933, output.go:58] Using Plain outputer
[DEBUG Aug  2 07:40:17.719341632, termutils.go:17] Cannot get terminal size: inappropriate ioctl for device
[DEBUG Aug  2 07:40:17.719372057, client.go:128] Reporting event to 2 reporters: run-command, state-svc start, 
[DEBUG Aug  2 07:40:17.719505367, main.go:107] Running CmdStart
[DEBUG Aug  2 07:40:17.725205140, errs.go:75] Wrapped error: Service is already running -- with: valueF failed
[DEBUG Aug  2 07:40:17.725270744, errs.go:75] Wrapped error: valueF failed -- with: Could not store pid
[DEBUG Aug  2 07:40:17.725343966, errors.go:113] Wrapped input error: Could not store pid -- with: A State Service instance is already running in the background.
[DEBUG Aug  2 07:40:17.725358478, errs.go:75] Wrapped error: A State Service instance is already running in the background. -- with: Could not start serviceManager
[DEBUG Aug  2 07:40:17.725449547, client.go:128] Reporting event to 2 reporters: command-exit, state-svc start, 1
[DEBUG Aug  2 07:40:18.076022762, errs.go:75] Wrapped error: <nil> -- with: Could not start serviceManager: A State Service instance is already running in the background.: Could not store pid: valueF failed: Service is already running
[DEBUG Aug  2 07:40:18.076109940, main.go:61] state-svc errored out due to input: Could not start serviceManager: A State Service instance is already running in the background.: Could not store pid: valueF failed: Service is already running
