[DEBUG Aug  2 08:02:00.123100937, defaults.go:273] Args: [/home1/wangfeim/.local/ActiveState/StateTool/release/bin/state-svc start]
[DEBUG Aug  2 08:02:00.137139757, locale.go:38] Init
[DEBUG Aug  2 08:02:00.195639080, errs.go:68] Created error: File could not be found
[DEBUG Aug  2 08:02:00.198354549, errs.go:68] Created error: Not Recognized
[DEBUG Aug  2 08:02:00.217229490, errs.go:68] Created error: Secret not found
[DEBUG Aug  2 08:02:00.217350870, errs.go:68] Created error: Could not save keypair
[DEBUG Aug  2 08:02:00.218001832, errs.go:68] Created error: Build responded with error
[DEBUG Aug  2 08:02:00.218129569, errs.go:68] Created error: Unknown build type
[DEBUG Aug  2 08:02:00.218485593, errors.go:86] Wrapped localized error: <nil> -- with: The installed version of the State Tool Service does not match that of the client.
Please stop the service with [ACTIONABLE]state-svc stop[/RESET] and try your command again.
If this issue persists please reinstall the State Tool.

[DEBUG Aug  2 08:02:00.218505889, errs.go:68] Created error: no data
[DEBUG Aug  2 08:02:00.218546791, errs.go:68] Created error: member not found
[DEBUG Aug  2 08:02:00.218575033, errs.go:68] Created error: Commit count is unknowable
[DEBUG Aug  2 08:02:00.218603468, errs.go:68] Created error: No merge required
[DEBUG Aug  2 08:02:00.218630234, errs.go:68] Created error: Can't merge commit thats already in target commits history
[DEBUG Aug  2 08:02:00.218659790, errs.go:68] Created error: Bad expander name
[DEBUG Aug  2 08:02:00.218688940, errs.go:68] Created error: Expander has no handler
[DEBUG Aug  2 08:02:00.219816022, errs.go:68] Created error: Service is already running
[DEBUG Aug  2 08:02:00.247488845, secrets.go:35] Gcloud Secretmanager failed to initialize (ignore if you're not trying to use gcloud): google: could not find default credentials. See https://developers.google.com/accounts/docs/application-default-credentials for more information.
[DEBUG Aug  2 08:02:00.288988097, output.go:53] Requested outputer for 
[DEBUG Aug  2 08:02:00.289010086, output.go:58] Using Plain outputer
[DEBUG Aug  2 08:02:00.289066327, termutils.go:17] Cannot get terminal size: inappropriate ioctl for device
[DEBUG Aug  2 08:02:00.289198877, client.go:128] Reporting event to 2 reporters: run-command, state-svc start, 
[DEBUG Aug  2 08:02:00.289229102, main.go:107] Running CmdStart
[DEBUG Aug  2 08:02:00.295615416, errs.go:75] Wrapped error: Service is already running -- with: valueF failed
[DEBUG Aug  2 08:02:00.295675476, errs.go:75] Wrapped error: valueF failed -- with: Could not store pid
[DEBUG Aug  2 08:02:00.295767031, errors.go:113] Wrapped input error: Could not store pid -- with: A State Service instance is already running in the background.
[DEBUG Aug  2 08:02:00.295788654, errs.go:75] Wrapped error: A State Service instance is already running in the background. -- with: Could not start serviceManager
[DEBUG Aug  2 08:02:00.295907010, client.go:128] Reporting event to 2 reporters: command-exit, state-svc start, 1
[DEBUG Aug  2 08:02:00.629666410, errs.go:75] Wrapped error: <nil> -- with: Could not start serviceManager: A State Service instance is already running in the background.: Could not store pid: valueF failed: Service is already running
[DEBUG Aug  2 08:02:00.629730829, main.go:61] state-svc errored out due to input: Could not start serviceManager: A State Service instance is already running in the background.: Could not store pid: valueF failed: Service is already running
