[DEBUG Aug  2 08:12:55.723153388, defaults.go:273] Args: [/home1/wangfeim/.local/ActiveState/StateTool/release/bin/state-svc start]
[DEBUG Aug  2 08:12:55.738801899, locale.go:38] Init
[DEBUG Aug  2 08:12:56.287000590, errs.go:68] Created error: File could not be found
[DEBUG Aug  2 08:12:56.290238704, errs.go:68] Created error: Not Recognized
[DEBUG Aug  2 08:12:56.313110358, errs.go:68] Created error: Secret not found
[DEBUG Aug  2 08:12:56.313169794, errs.go:68] Created error: Could not save keypair
[DEBUG Aug  2 08:12:56.313360784, errs.go:68] Created error: Build responded with error
[DEBUG Aug  2 08:12:56.313390843, errs.go:68] Created error: Unknown build type
[DEBUG Aug  2 08:12:56.313509605, errors.go:86] Wrapped localized error: <nil> -- with: The installed version of the State Tool Service does not match that of the client.
Please stop the service with [ACTIONABLE]state-svc stop[/RESET] and try your command again.
If this issue persists please reinstall the State Tool.

[DEBUG Aug  2 08:12:56.313525921, errs.go:68] Created error: no data
[DEBUG Aug  2 08:12:56.313562226, errs.go:68] Created error: member not found
[DEBUG Aug  2 08:12:56.313603403, errs.go:68] Created error: Commit count is unknowable
[DEBUG Aug  2 08:12:56.313629830, errs.go:68] Created error: No merge required
[DEBUG Aug  2 08:12:56.313659072, errs.go:68] Created error: Can't merge commit thats already in target commits history
[DEBUG Aug  2 08:12:56.313684313, errs.go:68] Created error: Bad expander name
[DEBUG Aug  2 08:12:56.313708437, errs.go:68] Created error: Expander has no handler
[DEBUG Aug  2 08:12:56.314888007, errs.go:68] Created error: Service is already running
[DEBUG Aug  2 08:12:56.344090451, secrets.go:35] Gcloud Secretmanager failed to initialize (ignore if you're not trying to use gcloud): google: could not find default credentials. See https://developers.google.com/accounts/docs/application-default-credentials for more information.
[DEBUG Aug  2 08:12:56.349289208, output.go:53] Requested outputer for 
[DEBUG Aug  2 08:12:56.349311499, output.go:58] Using Plain outputer
[DEBUG Aug  2 08:12:56.349406537, termutils.go:17] Cannot get terminal size: inappropriate ioctl for device
[DEBUG Aug  2 08:12:56.349491445, client.go:128] Reporting event to 2 reporters: run-command, state-svc start, 
[DEBUG Aug  2 08:12:56.349569829, main.go:107] Running CmdStart
[DEBUG Aug  2 08:12:56.355938488, errs.go:75] Wrapped error: Service is already running -- with: valueF failed
[DEBUG Aug  2 08:12:56.355996594, errs.go:75] Wrapped error: valueF failed -- with: Could not store pid
[DEBUG Aug  2 08:12:56.356064443, errors.go:113] Wrapped input error: Could not store pid -- with: A State Service instance is already running in the background.
[DEBUG Aug  2 08:12:56.356078721, errs.go:75] Wrapped error: A State Service instance is already running in the background. -- with: Could not start serviceManager
[DEBUG Aug  2 08:12:56.356161218, client.go:128] Reporting event to 2 reporters: command-exit, state-svc start, 1
[DEBUG Aug  2 08:12:56.683799426, errs.go:75] Wrapped error: <nil> -- with: Could not start serviceManager: A State Service instance is already running in the background.: Could not store pid: valueF failed: Service is already running
[DEBUG Aug  2 08:12:56.683878937, main.go:61] state-svc errored out due to input: Could not start serviceManager: A State Service instance is already running in the background.: Could not store pid: valueF failed: Service is already running
