[DEBUG Aug  2 07:46:34.788693500, defaults.go:273] Args: [/home1/wangfeim/.local/ActiveState/StateTool/release/bin/state-svc start]
[DEBUG Aug  2 07:46:34.802733714, locale.go:38] Init
[DEBUG Aug  2 07:46:34.904402614, errs.go:68] Created error: File could not be found
[DEBUG Aug  2 07:46:34.907380761, errs.go:68] Created error: Not Recognized
[DEBUG Aug  2 07:46:34.930573532, errs.go:68] Created error: Secret not found
[DEBUG Aug  2 07:46:34.930633919, errs.go:68] Created error: Could not save keypair
[DEBUG Aug  2 07:46:34.930812419, errs.go:68] Created error: Build responded with error
[DEBUG Aug  2 07:46:34.930842496, errs.go:68] Created error: Unknown build type
[DEBUG Aug  2 07:46:34.930966526, errors.go:86] Wrapped localized error: <nil> -- with: The installed version of the State Tool Service does not match that of the client.
Please stop the service with [ACTIONABLE]state-svc stop[/RESET] and try your command again.
If this issue persists please reinstall the State Tool.

[DEBUG Aug  2 07:46:34.930991249, errs.go:68] Created error: no data
[DEBUG Aug  2 07:46:34.931016337, errs.go:68] Created error: member not found
[DEBUG Aug  2 07:46:34.931040459, errs.go:68] Created error: Commit count is unknowable
[DEBUG Aug  2 07:46:34.931063779, errs.go:68] Created error: No merge required
[DEBUG Aug  2 07:46:34.931086881, errs.go:68] Created error: Can't merge commit thats already in target commits history
[DEBUG Aug  2 07:46:34.931116856, errs.go:68] Created error: Bad expander name
[DEBUG Aug  2 07:46:34.931139259, errs.go:68] Created error: Expander has no handler
[DEBUG Aug  2 07:46:34.932209496, errs.go:68] Created error: Service is already running
[DEBUG Aug  2 07:46:34.994005446, secrets.go:35] Gcloud Secretmanager failed to initialize (ignore if you're not trying to use gcloud): google: could not find default credentials. See https://developers.google.com/accounts/docs/application-default-credentials for more information.
[DEBUG Aug  2 07:46:34.997199789, output.go:53] Requested outputer for 
[DEBUG Aug  2 07:46:34.997223506, output.go:58] Using Plain outputer
[DEBUG Aug  2 07:46:34.997298443, termutils.go:17] Cannot get terminal size: inappropriate ioctl for device
[DEBUG Aug  2 07:46:34.997327875, client.go:128] Reporting event to 2 reporters: run-command, state-svc start, 
[DEBUG Aug  2 07:46:34.997438393, main.go:107] Running CmdStart
[DEBUG Aug  2 07:46:35.003329004, errs.go:75] Wrapped error: Service is already running -- with: valueF failed
[DEBUG Aug  2 07:46:35.003389993, errs.go:75] Wrapped error: valueF failed -- with: Could not store pid
[DEBUG Aug  2 07:46:35.003471709, errors.go:113] Wrapped input error: Could not store pid -- with: A State Service instance is already running in the background.
[DEBUG Aug  2 07:46:35.003487893, errs.go:75] Wrapped error: A State Service instance is already running in the background. -- with: Could not start serviceManager
[DEBUG Aug  2 07:46:35.003585532, client.go:128] Reporting event to 2 reporters: command-exit, state-svc start, 1
[DEBUG Aug  2 07:46:35.388158628, errs.go:75] Wrapped error: <nil> -- with: Could not start serviceManager: A State Service instance is already running in the background.: Could not store pid: valueF failed: Service is already running
[DEBUG Aug  2 07:46:35.388239481, main.go:61] state-svc errored out due to input: Could not start serviceManager: A State Service instance is already running in the background.: Could not store pid: valueF failed: Service is already running
