[DEBUG Aug  2 08:10:49.912596095, defaults.go:273] Args: [/home1/wangfeim/.local/ActiveState/StateTool/release/bin/state-svc start]
[DEBUG Aug  2 08:10:49.925931362, locale.go:38] Init
[DEBUG Aug  2 08:10:50.012878721, errs.go:68] Created error: File could not be found
[DEBUG Aug  2 08:10:50.016009644, errs.go:68] Created error: Not Recognized
[DEBUG Aug  2 08:10:50.040149741, errs.go:68] Created error: Secret not found
[DEBUG Aug  2 08:10:50.040230493, errs.go:68] Created error: Could not save keypair
[DEBUG Aug  2 08:10:50.040498540, errs.go:68] Created error: Build responded with error
[DEBUG Aug  2 08:10:50.084746932, errs.go:68] Created error: Unknown build type
[DEBUG Aug  2 08:10:50.085276642, errors.go:86] Wrapped localized error: <nil> -- with: The installed version of the State Tool Service does not match that of the client.
Please stop the service with [ACTIONABLE]state-svc stop[/RESET] and try your command again.
If this issue persists please reinstall the State Tool.

[DEBUG Aug  2 08:10:50.085315869, errs.go:68] Created error: no data
[DEBUG Aug  2 08:10:50.085362656, errs.go:68] Created error: member not found
[DEBUG Aug  2 08:10:50.085392387, errs.go:68] Created error: Commit count is unknowable
[DEBUG Aug  2 08:10:50.085419612, errs.go:68] Created error: No merge required
[DEBUG Aug  2 08:10:50.085453571, errs.go:68] Created error: Can't merge commit thats already in target commits history
[DEBUG Aug  2 08:10:50.085490092, errs.go:68] Created error: Bad expander name
[DEBUG Aug  2 08:10:50.085524880, errs.go:68] Created error: Expander has no handler
[DEBUG Aug  2 08:10:50.086923647, errs.go:68] Created error: Service is already running
[DEBUG Aug  2 08:10:50.115855151, secrets.go:35] Gcloud Secretmanager failed to initialize (ignore if you're not trying to use gcloud): google: could not find default credentials. See https://developers.google.com/accounts/docs/application-default-credentials for more information.
[DEBUG Aug  2 08:10:50.119108717, output.go:53] Requested outputer for 
[DEBUG Aug  2 08:10:50.119139164, output.go:58] Using Plain outputer
[DEBUG Aug  2 08:10:50.119226438, termutils.go:17] Cannot get terminal size: inappropriate ioctl for device
[DEBUG Aug  2 08:10:50.119257243, client.go:128] Reporting event to 2 reporters: run-command, state-svc start, 
[DEBUG Aug  2 08:10:50.119411491, main.go:107] Running CmdStart
[DEBUG Aug  2 08:10:50.125048055, errs.go:75] Wrapped error: Service is already running -- with: valueF failed
[DEBUG Aug  2 08:10:50.125098750, errs.go:75] Wrapped error: valueF failed -- with: Could not store pid
[DEBUG Aug  2 08:10:50.125172217, errors.go:113] Wrapped input error: Could not store pid -- with: A State Service instance is already running in the background.
[DEBUG Aug  2 08:10:50.125186845, errs.go:75] Wrapped error: A State Service instance is already running in the background. -- with: Could not start serviceManager
[DEBUG Aug  2 08:10:50.125250698, client.go:128] Reporting event to 2 reporters: command-exit, state-svc start, 1
[DEBUG Aug  2 08:10:50.499201453, errs.go:75] Wrapped error: <nil> -- with: Could not start serviceManager: A State Service instance is already running in the background.: Could not store pid: valueF failed: Service is already running
[DEBUG Aug  2 08:10:50.499267916, main.go:61] state-svc errored out due to input: Could not start serviceManager: A State Service instance is already running in the background.: Could not store pid: valueF failed: Service is already running
