[DEBUG Aug  2 07:45:21.014115408, defaults.go:273] Args: [/home1/wangfeim/.local/ActiveState/StateTool/release/bin/state-svc start]
[DEBUG Aug  2 07:45:21.027482266, locale.go:38] Init
[DEBUG Aug  2 07:45:21.100765520, errs.go:68] Created error: File could not be found
[DEBUG Aug  2 07:45:21.103785253, errs.go:68] Created error: Not Recognized
[DEBUG Aug  2 07:45:21.123036103, errs.go:68] Created error: Secret not found
[DEBUG Aug  2 07:45:21.123082136, errs.go:68] Created error: Could not save keypair
[DEBUG Aug  2 07:45:21.123253398, errs.go:68] Created error: Build responded with error
[DEBUG Aug  2 07:45:21.123285937, errs.go:68] Created error: Unknown build type
[DEBUG Aug  2 07:45:21.123387512, errors.go:86] Wrapped localized error: <nil> -- with: The installed version of the State Tool Service does not match that of the client.
Please stop the service with [ACTIONABLE]state-svc stop[/RESET] and try your command again.
If this issue persists please reinstall the State Tool.

[DEBUG Aug  2 07:45:21.123399890, errs.go:68] Created error: no data
[DEBUG Aug  2 07:45:21.123423075, errs.go:68] Created error: member not found
[DEBUG Aug  2 07:45:21.123445421, errs.go:68] Created error: Commit count is unknowable
[DEBUG Aug  2 07:45:21.123466697, errs.go:68] Created error: No merge required
[DEBUG Aug  2 07:45:21.123487546, errs.go:68] Created error: Can't merge commit thats already in target commits history
[DEBUG Aug  2 07:45:21.123509887, errs.go:68] Created error: Bad expander name
[DEBUG Aug  2 07:45:21.123532542, errs.go:68] Created error: Expander has no handler
[DEBUG Aug  2 07:45:21.126102120, errs.go:68] Created error: Service is already running
[DEBUG Aug  2 07:45:21.155145231, secrets.go:35] Gcloud Secretmanager failed to initialize (ignore if you're not trying to use gcloud): google: could not find default credentials. See https://developers.google.com/accounts/docs/application-default-credentials for more information.
[DEBUG Aug  2 07:45:21.158405365, output.go:53] Requested outputer for 
[DEBUG Aug  2 07:45:21.158437023, output.go:58] Using Plain outputer
[DEBUG Aug  2 07:45:21.158562135, termutils.go:17] Cannot get terminal size: inappropriate ioctl for device
[DEBUG Aug  2 07:45:21.158939600, client.go:128] Reporting event to 2 reporters: run-command, state-svc start, 
[DEBUG Aug  2 07:45:21.185459435, main.go:107] Running CmdStart
[DEBUG Aug  2 07:45:21.191942189, errs.go:75] Wrapped error: Service is already running -- with: valueF failed
[DEBUG Aug  2 07:45:21.191999295, errs.go:75] Wrapped error: valueF failed -- with: Could not store pid
[DEBUG Aug  2 07:45:21.192073184, errors.go:113] Wrapped input error: Could not store pid -- with: A State Service instance is already running in the background.
[DEBUG Aug  2 07:45:21.192086601, errs.go:75] Wrapped error: A State Service instance is already running in the background. -- with: Could not start serviceManager
[DEBUG Aug  2 07:45:21.192172874, client.go:128] Reporting event to 2 reporters: command-exit, state-svc start, 1
[DEBUG Aug  2 07:45:21.527527771, errs.go:75] Wrapped error: <nil> -- with: Could not start serviceManager: A State Service instance is already running in the background.: Could not store pid: valueF failed: Service is already running
[DEBUG Aug  2 07:45:21.527598323, main.go:61] state-svc errored out due to input: Could not start serviceManager: A State Service instance is already running in the background.: Could not store pid: valueF failed: Service is already running
