[DEBUG Aug  2 07:41:54.824760124, defaults.go:273] Args: [/home1/wangfeim/.local/ActiveState/StateTool/release/bin/state-svc start]
[DEBUG Aug  2 07:41:54.838782090, locale.go:38] Init
[DEBUG Aug  2 07:41:54.923386359, errs.go:68] Created error: File could not be found
[DEBUG Aug  2 07:41:54.926590805, errs.go:68] Created error: Not Recognized
[DEBUG Aug  2 07:41:54.946616676, errs.go:68] Created error: Secret not found
[DEBUG Aug  2 07:41:54.946669238, errs.go:68] Created error: Could not save keypair
[DEBUG Aug  2 07:41:54.946847051, errs.go:68] Created error: Build responded with error
[DEBUG Aug  2 07:41:54.946876484, errs.go:68] Created error: Unknown build type
[DEBUG Aug  2 07:41:54.946986296, errors.go:86] Wrapped localized error: <nil> -- with: The installed version of the State Tool Service does not match that of the client.
Please stop the service with [ACTIONABLE]state-svc stop[/RESET] and try your command again.
If this issue persists please reinstall the State Tool.

[DEBUG Aug  2 07:41:54.947008812, errs.go:68] Created error: no data
[DEBUG Aug  2 07:41:54.947032624, errs.go:68] Created error: member not found
[DEBUG Aug  2 07:41:54.947053733, errs.go:68] Created error: Commit count is unknowable
[DEBUG Aug  2 07:41:54.947083301, errs.go:68] Created error: No merge required
[DEBUG Aug  2 07:41:54.947105394, errs.go:68] Created error: Can't merge commit thats already in target commits history
[DEBUG Aug  2 07:41:54.947128581, errs.go:68] Created error: Bad expander name
[DEBUG Aug  2 07:41:54.947152515, errs.go:68] Created error: Expander has no handler
[DEBUG Aug  2 07:41:54.985674061, errs.go:68] Created error: Service is already running
[DEBUG Aug  2 07:41:55.014707378, secrets.go:35] Gcloud Secretmanager failed to initialize (ignore if you're not trying to use gcloud): google: could not find default credentials. See https://developers.google.com/accounts/docs/application-default-credentials for more information.
[DEBUG Aug  2 07:41:55.018178550, output.go:53] Requested outputer for 
[DEBUG Aug  2 07:41:55.018203171, output.go:58] Using Plain outputer
[DEBUG Aug  2 07:41:55.018317539, termutils.go:17] Cannot get terminal size: inappropriate ioctl for device
[DEBUG Aug  2 07:41:55.018402100, client.go:128] Reporting event to 2 reporters: run-command, state-svc start, 
[DEBUG Aug  2 07:41:55.018574256, main.go:107] Running CmdStart
[DEBUG Aug  2 07:41:55.026302961, errs.go:75] Wrapped error: Service is already running -- with: valueF failed
[DEBUG Aug  2 07:41:55.026372663, errs.go:75] Wrapped error: valueF failed -- with: Could not store pid
[DEBUG Aug  2 07:41:55.026452228, errors.go:113] Wrapped input error: Could not store pid -- with: A State Service instance is already running in the background.
[DEBUG Aug  2 07:41:55.026467331, errs.go:75] Wrapped error: A State Service instance is already running in the background. -- with: Could not start serviceManager
[DEBUG Aug  2 07:41:55.026579279, client.go:128] Reporting event to 2 reporters: command-exit, state-svc start, 1
[DEBUG Aug  2 07:41:55.468698580, errs.go:75] Wrapped error: <nil> -- with: Could not start serviceManager: A State Service instance is already running in the background.: Could not store pid: valueF failed: Service is already running
[DEBUG Aug  2 07:41:55.468759444, main.go:61] state-svc errored out due to input: Could not start serviceManager: A State Service instance is already running in the background.: Could not store pid: valueF failed: Service is already running
