[DEBUG Mar  8 13:59:40.107180559, defaults.go:273] Args: [/home1/wangfeim/.local/ActiveState/StateTool/release/bin/state-svc start]
[DEBUG Mar  8 13:59:40.120951743, locale.go:38] Init
[DEBUG Mar  8 13:59:40.162573262, errs.go:68] Created error: File could not be found
[DEBUG Mar  8 13:59:40.165626828, errs.go:68] Created error: Not Recognized
[DEBUG Mar  8 13:59:40.184631193, errs.go:68] Created error: Secret not found
[DEBUG Mar  8 13:59:40.184672931, errs.go:68] Created error: Could not save keypair
[DEBUG Mar  8 13:59:40.184857024, errs.go:68] Created error: Build responded with error
[DEBUG Mar  8 13:59:40.184897344, errs.go:68] Created error: Unknown build type
[DEBUG Mar  8 13:59:40.185005072, errors.go:86] Wrapped localized error: <nil> -- with: The installed version of the State Tool Service does not match that of the client.
Please stop the service with [ACTIONABLE]state-svc stop[/RESET] and try your command again.
If this issue persists please reinstall the State Tool.

[DEBUG Mar  8 13:59:40.185016329, errs.go:68] Created error: no data
[DEBUG Mar  8 13:59:40.185039268, errs.go:68] Created error: member not found
[DEBUG Mar  8 13:59:40.185066865, errs.go:68] Created error: Commit count is unknowable
[DEBUG Mar  8 13:59:40.185088121, errs.go:68] Created error: No merge required
[DEBUG Mar  8 13:59:40.185108388, errs.go:68] Created error: Can't merge commit thats already in target commits history
[DEBUG Mar  8 13:59:40.185129541, errs.go:68] Created error: Bad expander name
[DEBUG Mar  8 13:59:40.185150848, errs.go:68] Created error: Expander has no handler
[DEBUG Mar  8 13:59:40.188400377, errs.go:68] Created error: Service is already running
[DEBUG Mar  8 13:59:40.213792113, secrets.go:35] Gcloud Secretmanager failed to initialize (ignore if you're not trying to use gcloud): google: could not find default credentials. See https://developers.google.com/accounts/docs/application-default-credentials for more information.
[DEBUG Mar  8 13:59:40.217723800, output.go:53] Requested outputer for 
[DEBUG Mar  8 13:59:40.217743587, output.go:58] Using Plain outputer
[DEBUG Mar  8 13:59:40.217832974, termutils.go:17] Cannot get terminal size: inappropriate ioctl for device
[DEBUG Mar  8 13:59:40.217898345, client.go:128] Reporting event to 2 reporters: run-command, state-svc start, 
[DEBUG Mar  8 13:59:40.218035093, main.go:107] Running CmdStart
[DEBUG Mar  8 13:59:40.225974068, errs.go:75] Wrapped error: Service is already running -- with: valueF failed
[DEBUG Mar  8 13:59:40.226024814, errs.go:75] Wrapped error: valueF failed -- with: Could not store pid
[DEBUG Mar  8 13:59:40.226092523, errors.go:113] Wrapped input error: Could not store pid -- with: A State Service instance is already running in the background.
[DEBUG Mar  8 13:59:40.226103733, errs.go:75] Wrapped error: A State Service instance is already running in the background. -- with: Could not start serviceManager
[DEBUG Mar  8 13:59:40.226169945, client.go:128] Reporting event to 2 reporters: command-exit, state-svc start, 1
[DEBUG Mar  8 13:59:40.585040161, errs.go:75] Wrapped error: <nil> -- with: Could not start serviceManager: A State Service instance is already running in the background.: Could not store pid: valueF failed: Service is already running
[DEBUG Mar  8 13:59:40.585096060, main.go:61] state-svc errored out due to input: Could not start serviceManager: A State Service instance is already running in the background.: Could not store pid: valueF failed: Service is already running
