[DEBUG Aug  2 08:11:24.379750280, defaults.go:273] Args: [/home1/wangfeim/.local/ActiveState/StateTool/release/bin/state-svc start]
[DEBUG Aug  2 08:11:24.394115471, locale.go:38] Init
[DEBUG Aug  2 08:11:24.677152403, errs.go:68] Created error: File could not be found
[DEBUG Aug  2 08:11:24.680776570, errs.go:68] Created error: Not Recognized
[DEBUG Aug  2 08:11:24.702985891, errs.go:68] Created error: Secret not found
[DEBUG Aug  2 08:11:24.703042984, errs.go:68] Created error: Could not save keypair
[DEBUG Aug  2 08:11:24.703219984, errs.go:68] Created error: Build responded with error
[DEBUG Aug  2 08:11:24.703256666, errs.go:68] Created error: Unknown build type
[DEBUG Aug  2 08:11:24.703385598, errors.go:86] Wrapped localized error: <nil> -- with: The installed version of the State Tool Service does not match that of the client.
Please stop the service with [ACTIONABLE]state-svc stop[/RESET] and try your command again.
If this issue persists please reinstall the State Tool.

[DEBUG Aug  2 08:11:24.703401890, errs.go:68] Created error: no data
[DEBUG Aug  2 08:11:24.703433297, errs.go:68] Created error: member not found
[DEBUG Aug  2 08:11:24.703458021, errs.go:68] Created error: Commit count is unknowable
[DEBUG Aug  2 08:11:24.703481990, errs.go:68] Created error: No merge required
[DEBUG Aug  2 08:11:24.703513086, errs.go:68] Created error: Can't merge commit thats already in target commits history
[DEBUG Aug  2 08:11:24.703554558, errs.go:68] Created error: Bad expander name
[DEBUG Aug  2 08:11:24.703581220, errs.go:68] Created error: Expander has no handler
[DEBUG Aug  2 08:11:24.704721880, errs.go:68] Created error: Service is already running
[DEBUG Aug  2 08:11:24.737798930, secrets.go:35] Gcloud Secretmanager failed to initialize (ignore if you're not trying to use gcloud): google: could not find default credentials. See https://developers.google.com/accounts/docs/application-default-credentials for more information.
[DEBUG Aug  2 08:11:24.743328093, output.go:53] Requested outputer for 
[DEBUG Aug  2 08:11:24.743348968, output.go:58] Using Plain outputer
[DEBUG Aug  2 08:11:24.743440576, termutils.go:17] Cannot get terminal size: inappropriate ioctl for device
[DEBUG Aug  2 08:11:24.743552422, client.go:128] Reporting event to 2 reporters: run-command, state-svc start, 
[DEBUG Aug  2 08:11:24.743615275, main.go:107] Running CmdStart
[DEBUG Aug  2 08:11:24.749605722, errs.go:75] Wrapped error: Service is already running -- with: valueF failed
[DEBUG Aug  2 08:11:24.749671794, errs.go:75] Wrapped error: valueF failed -- with: Could not store pid
[DEBUG Aug  2 08:11:24.749749174, errors.go:113] Wrapped input error: Could not store pid -- with: A State Service instance is already running in the background.
[DEBUG Aug  2 08:11:24.749763973, errs.go:75] Wrapped error: A State Service instance is already running in the background. -- with: Could not start serviceManager
[DEBUG Aug  2 08:11:24.749830176, client.go:128] Reporting event to 2 reporters: command-exit, state-svc start, 1
[DEBUG Aug  2 08:11:25.103749882, errs.go:75] Wrapped error: <nil> -- with: Could not start serviceManager: A State Service instance is already running in the background.: Could not store pid: valueF failed: Service is already running
[DEBUG Aug  2 08:11:25.103820357, main.go:61] state-svc errored out due to input: Could not start serviceManager: A State Service instance is already running in the background.: Could not store pid: valueF failed: Service is already running
