[DEBUG Aug  2 07:36:17.650056137, defaults.go:273] Args: [/home1/wangfeim/.local/ActiveState/StateTool/release/bin/state-svc start]
[DEBUG Aug  2 07:36:17.663397380, locale.go:38] Init
[DEBUG Aug  2 07:36:18.306333501, errs.go:68] Created error: File could not be found
[DEBUG Aug  2 07:36:18.311278389, errs.go:68] Created error: Not Recognized
[DEBUG Aug  2 07:36:18.333231579, errs.go:68] Created error: Secret not found
[DEBUG Aug  2 07:36:18.333288459, errs.go:68] Created error: Could not save keypair
[DEBUG Aug  2 07:36:18.333471957, errs.go:68] Created error: Build responded with error
[DEBUG Aug  2 07:36:18.333510611, errs.go:68] Created error: Unknown build type
[DEBUG Aug  2 07:36:18.333637493, errors.go:86] Wrapped localized error: <nil> -- with: The installed version of the State Tool Service does not match that of the client.
Please stop the service with [ACTIONABLE]state-svc stop[/RESET] and try your command again.
If this issue persists please reinstall the State Tool.

[DEBUG Aug  2 07:36:18.333652373, errs.go:68] Created error: no data
[DEBUG Aug  2 07:36:18.333677542, errs.go:68] Created error: member not found
[DEBUG Aug  2 07:36:18.333713418, errs.go:68] Created error: Commit count is unknowable
[DEBUG Aug  2 07:36:18.333737626, errs.go:68] Created error: No merge required
[DEBUG Aug  2 07:36:18.333760622, errs.go:68] Created error: Can't merge commit thats already in target commits history
[DEBUG Aug  2 07:36:18.333784022, errs.go:68] Created error: Bad expander name
[DEBUG Aug  2 07:36:18.333806267, errs.go:68] Created error: Expander has no handler
[DEBUG Aug  2 07:36:18.334934664, errs.go:68] Created error: Service is already running
[DEBUG Aug  2 07:36:18.394673670, secrets.go:35] Gcloud Secretmanager failed to initialize (ignore if you're not trying to use gcloud): google: could not find default credentials. See https://developers.google.com/accounts/docs/application-default-credentials for more information.
[DEBUG Aug  2 07:36:18.400585941, output.go:53] Requested outputer for 
[DEBUG Aug  2 07:36:18.400624544, output.go:58] Using Plain outputer
[DEBUG Aug  2 07:36:18.400712086, termutils.go:17] Cannot get terminal size: inappropriate ioctl for device
[DEBUG Aug  2 07:36:18.400832912, client.go:128] Reporting event to 2 reporters: run-command, state-svc start, 
[DEBUG Aug  2 07:36:18.400875679, main.go:107] Running CmdStart
[DEBUG Aug  2 07:36:18.406976053, errs.go:75] Wrapped error: Service is already running -- with: valueF failed
[DEBUG Aug  2 07:36:18.407030783, errs.go:75] Wrapped error: valueF failed -- with: Could not store pid
[DEBUG Aug  2 07:36:18.407135239, errors.go:113] Wrapped input error: Could not store pid -- with: A State Service instance is already running in the background.
[DEBUG Aug  2 07:36:18.407150343, errs.go:75] Wrapped error: A State Service instance is already running in the background. -- with: Could not start serviceManager
[DEBUG Aug  2 07:36:18.407218655, client.go:128] Reporting event to 2 reporters: command-exit, state-svc start, 1
[DEBUG Aug  2 07:36:18.734173100, errs.go:75] Wrapped error: <nil> -- with: Could not start serviceManager: A State Service instance is already running in the background.: Could not store pid: valueF failed: Service is already running
[DEBUG Aug  2 07:36:18.734240285, main.go:61] state-svc errored out due to input: Could not start serviceManager: A State Service instance is already running in the background.: Could not store pid: valueF failed: Service is already running
