[DEBUG Aug  2 07:36:32.095555768, defaults.go:273] Args: [/home1/wangfeim/.local/ActiveState/StateTool/release/bin/state-svc start]
[DEBUG Aug  2 07:36:32.108928239, locale.go:38] Init
[DEBUG Aug  2 07:36:32.193968067, errs.go:68] Created error: File could not be found
[DEBUG Aug  2 07:36:32.197016773, errs.go:68] Created error: Not Recognized
[DEBUG Aug  2 07:36:32.219198049, errs.go:68] Created error: Secret not found
[DEBUG Aug  2 07:36:32.219259161, errs.go:68] Created error: Could not save keypair
[DEBUG Aug  2 07:36:32.219434130, errs.go:68] Created error: Build responded with error
[DEBUG Aug  2 07:36:32.219474890, errs.go:68] Created error: Unknown build type
[DEBUG Aug  2 07:36:32.219594478, errors.go:86] Wrapped localized error: <nil> -- with: The installed version of the State Tool Service does not match that of the client.
Please stop the service with [ACTIONABLE]state-svc stop[/RESET] and try your command again.
If this issue persists please reinstall the State Tool.

[DEBUG Aug  2 07:36:32.219608673, errs.go:68] Created error: no data
[DEBUG Aug  2 07:36:32.219633281, errs.go:68] Created error: member not found
[DEBUG Aug  2 07:36:32.219661960, errs.go:68] Created error: Commit count is unknowable
[DEBUG Aug  2 07:36:32.219682737, errs.go:68] Created error: No merge required
[DEBUG Aug  2 07:36:32.219707857, errs.go:68] Created error: Can't merge commit thats already in target commits history
[DEBUG Aug  2 07:36:32.219730776, errs.go:68] Created error: Bad expander name
[DEBUG Aug  2 07:36:32.219752125, errs.go:68] Created error: Expander has no handler
[DEBUG Aug  2 07:36:32.220702427, errs.go:68] Created error: Service is already running
[DEBUG Aug  2 07:36:32.287707925, secrets.go:35] Gcloud Secretmanager failed to initialize (ignore if you're not trying to use gcloud): google: could not find default credentials. See https://developers.google.com/accounts/docs/application-default-credentials for more information.
[DEBUG Aug  2 07:36:32.291067591, output.go:53] Requested outputer for 
[DEBUG Aug  2 07:36:32.291090270, output.go:58] Using Plain outputer
[DEBUG Aug  2 07:36:32.291158642, termutils.go:17] Cannot get terminal size: inappropriate ioctl for device
[DEBUG Aug  2 07:36:32.291251343, client.go:128] Reporting event to 2 reporters: run-command, state-svc start, 
[DEBUG Aug  2 07:36:32.291349804, main.go:107] Running CmdStart
[DEBUG Aug  2 07:36:32.296973154, errs.go:75] Wrapped error: Service is already running -- with: valueF failed
[DEBUG Aug  2 07:36:32.297067548, errs.go:75] Wrapped error: valueF failed -- with: Could not store pid
[DEBUG Aug  2 07:36:32.297180522, errors.go:113] Wrapped input error: Could not store pid -- with: A State Service instance is already running in the background.
[DEBUG Aug  2 07:36:32.297208132, errs.go:75] Wrapped error: A State Service instance is already running in the background. -- with: Could not start serviceManager
[DEBUG Aug  2 07:36:32.297330521, client.go:128] Reporting event to 2 reporters: command-exit, state-svc start, 1
[DEBUG Aug  2 07:36:32.623306810, errs.go:75] Wrapped error: <nil> -- with: Could not start serviceManager: A State Service instance is already running in the background.: Could not store pid: valueF failed: Service is already running
[DEBUG Aug  2 07:36:32.623410300, main.go:61] state-svc errored out due to input: Could not start serviceManager: A State Service instance is already running in the background.: Could not store pid: valueF failed: Service is already running
