[DEBUG Aug  2 08:04:12.143441211, defaults.go:273] Args: [/home1/wangfeim/.local/ActiveState/StateTool/release/bin/state-svc start]
[DEBUG Aug  2 08:04:12.157021702, locale.go:38] Init
[DEBUG Aug  2 08:04:12.224738565, errs.go:68] Created error: File could not be found
[DEBUG Aug  2 08:04:12.227522493, errs.go:68] Created error: Not Recognized
[DEBUG Aug  2 08:04:12.300285147, errs.go:68] Created error: Secret not found
[DEBUG Aug  2 08:04:12.300340310, errs.go:68] Created error: Could not save keypair
[DEBUG Aug  2 08:04:12.300534374, errs.go:68] Created error: Build responded with error
[DEBUG Aug  2 08:04:12.300575387, errs.go:68] Created error: Unknown build type
[DEBUG Aug  2 08:04:12.300688126, errors.go:86] Wrapped localized error: <nil> -- with: The installed version of the State Tool Service does not match that of the client.
Please stop the service with [ACTIONABLE]state-svc stop[/RESET] and try your command again.
If this issue persists please reinstall the State Tool.

[DEBUG Aug  2 08:04:12.300716624, errs.go:68] Created error: no data
[DEBUG Aug  2 08:04:12.300739964, errs.go:68] Created error: member not found
[DEBUG Aug  2 08:04:12.300763944, errs.go:68] Created error: Commit count is unknowable
[DEBUG Aug  2 08:04:12.300793327, errs.go:68] Created error: No merge required
[DEBUG Aug  2 08:04:12.300814246, errs.go:68] Created error: Can't merge commit thats already in target commits history
[DEBUG Aug  2 08:04:12.300836490, errs.go:68] Created error: Bad expander name
[DEBUG Aug  2 08:04:12.300860368, errs.go:68] Created error: Expander has no handler
[DEBUG Aug  2 08:04:12.301932581, errs.go:68] Created error: Service is already running
[DEBUG Aug  2 08:04:12.328163818, secrets.go:35] Gcloud Secretmanager failed to initialize (ignore if you're not trying to use gcloud): google: could not find default credentials. See https://developers.google.com/accounts/docs/application-default-credentials for more information.
[DEBUG Aug  2 08:04:12.331375447, output.go:53] Requested outputer for 
[DEBUG Aug  2 08:04:12.331397823, output.go:58] Using Plain outputer
[DEBUG Aug  2 08:04:12.331483331, termutils.go:17] Cannot get terminal size: inappropriate ioctl for device
[DEBUG Aug  2 08:04:12.331566618, client.go:128] Reporting event to 2 reporters: run-command, state-svc start, 
[DEBUG Aug  2 08:04:12.331625082, main.go:107] Running CmdStart
[DEBUG Aug  2 08:04:12.337266832, errs.go:75] Wrapped error: Service is already running -- with: valueF failed
[DEBUG Aug  2 08:04:12.337327400, errs.go:75] Wrapped error: valueF failed -- with: Could not store pid
[DEBUG Aug  2 08:04:12.337404969, errors.go:113] Wrapped input error: Could not store pid -- with: A State Service instance is already running in the background.
[DEBUG Aug  2 08:04:12.337418852, errs.go:75] Wrapped error: A State Service instance is already running in the background. -- with: Could not start serviceManager
[DEBUG Aug  2 08:04:12.337480079, client.go:128] Reporting event to 2 reporters: command-exit, state-svc start, 1
[DEBUG Aug  2 08:04:12.685206469, errs.go:75] Wrapped error: <nil> -- with: Could not start serviceManager: A State Service instance is already running in the background.: Could not store pid: valueF failed: Service is already running
[DEBUG Aug  2 08:04:12.685265252, main.go:61] state-svc errored out due to input: Could not start serviceManager: A State Service instance is already running in the background.: Could not store pid: valueF failed: Service is already running
