[DEBUG Aug  2 07:47:09.911787566, defaults.go:273] Args: [/home1/wangfeim/.local/ActiveState/StateTool/release/bin/state-svc start]
[DEBUG Aug  2 07:47:09.925409021, locale.go:38] Init
[DEBUG Aug  2 07:47:10.142218970, errs.go:68] Created error: File could not be found
[DEBUG Aug  2 07:47:10.145551112, errs.go:68] Created error: Not Recognized
[DEBUG Aug  2 07:47:10.168557810, errs.go:68] Created error: Secret not found
[DEBUG Aug  2 07:47:10.168642972, errs.go:68] Created error: Could not save keypair
[DEBUG Aug  2 07:47:10.168915031, errs.go:68] Created error: Build responded with error
[DEBUG Aug  2 07:47:10.168970697, errs.go:68] Created error: Unknown build type
[DEBUG Aug  2 07:47:10.169159285, errors.go:86] Wrapped localized error: <nil> -- with: The installed version of the State Tool Service does not match that of the client.
Please stop the service with [ACTIONABLE]state-svc stop[/RESET] and try your command again.
If this issue persists please reinstall the State Tool.

[DEBUG Aug  2 07:47:10.169181712, errs.go:68] Created error: no data
[DEBUG Aug  2 07:47:10.169222156, errs.go:68] Created error: member not found
[DEBUG Aug  2 07:47:10.169259353, errs.go:68] Created error: Commit count is unknowable
[DEBUG Aug  2 07:47:10.169306549, errs.go:68] Created error: No merge required
[DEBUG Aug  2 07:47:10.169342152, errs.go:68] Created error: Can't merge commit thats already in target commits history
[DEBUG Aug  2 07:47:10.169379524, errs.go:68] Created error: Bad expander name
[DEBUG Aug  2 07:47:10.169413609, errs.go:68] Created error: Expander has no handler
[DEBUG Aug  2 07:47:10.170972322, errs.go:68] Created error: Service is already running
[DEBUG Aug  2 07:47:10.209319007, secrets.go:35] Gcloud Secretmanager failed to initialize (ignore if you're not trying to use gcloud): google: could not find default credentials. See https://developers.google.com/accounts/docs/application-default-credentials for more information.
[DEBUG Aug  2 07:47:10.217311935, output.go:53] Requested outputer for 
[DEBUG Aug  2 07:47:10.217339107, output.go:58] Using Plain outputer
[DEBUG Aug  2 07:47:10.217404699, termutils.go:17] Cannot get terminal size: inappropriate ioctl for device
[DEBUG Aug  2 07:47:10.217503421, client.go:128] Reporting event to 2 reporters: run-command, state-svc start, 
[DEBUG Aug  2 07:47:10.217699751, main.go:107] Running CmdStart
[DEBUG Aug  2 07:47:10.225171827, errs.go:75] Wrapped error: Service is already running -- with: valueF failed
[DEBUG Aug  2 07:47:10.225230965, errs.go:75] Wrapped error: valueF failed -- with: Could not store pid
[DEBUG Aug  2 07:47:10.225310039, errors.go:113] Wrapped input error: Could not store pid -- with: A State Service instance is already running in the background.
[DEBUG Aug  2 07:47:10.225325515, errs.go:75] Wrapped error: A State Service instance is already running in the background. -- with: Could not start serviceManager
[DEBUG Aug  2 07:47:10.225406505, client.go:128] Reporting event to 2 reporters: command-exit, state-svc start, 1
[DEBUG Aug  2 07:47:10.567222283, errs.go:75] Wrapped error: <nil> -- with: Could not start serviceManager: A State Service instance is already running in the background.: Could not store pid: valueF failed: Service is already running
[DEBUG Aug  2 07:47:10.567277672, main.go:61] state-svc errored out due to input: Could not start serviceManager: A State Service instance is already running in the background.: Could not store pid: valueF failed: Service is already running
