[DEBUG Aug  2 07:43:26.451277807, defaults.go:273] Args: [/home1/wangfeim/.local/ActiveState/StateTool/release/bin/state-svc start]
[DEBUG Aug  2 07:43:26.495688829, locale.go:38] Init
[DEBUG Aug  2 07:43:26.588797852, errs.go:68] Created error: File could not be found
[DEBUG Aug  2 07:43:26.591959315, errs.go:68] Created error: Not Recognized
[DEBUG Aug  2 07:43:26.612933204, errs.go:68] Created error: Secret not found
[DEBUG Aug  2 07:43:26.612990313, errs.go:68] Created error: Could not save keypair
[DEBUG Aug  2 07:43:26.613155184, errs.go:68] Created error: Build responded with error
[DEBUG Aug  2 07:43:26.613187418, errs.go:68] Created error: Unknown build type
[DEBUG Aug  2 07:43:26.613328792, errors.go:86] Wrapped localized error: <nil> -- with: The installed version of the State Tool Service does not match that of the client.
Please stop the service with [ACTIONABLE]state-svc stop[/RESET] and try your command again.
If this issue persists please reinstall the State Tool.

[DEBUG Aug  2 07:43:26.613344727, errs.go:68] Created error: no data
[DEBUG Aug  2 07:43:26.613367458, errs.go:68] Created error: member not found
[DEBUG Aug  2 07:43:26.613389158, errs.go:68] Created error: Commit count is unknowable
[DEBUG Aug  2 07:43:26.613410164, errs.go:68] Created error: No merge required
[DEBUG Aug  2 07:43:26.613431100, errs.go:68] Created error: Can't merge commit thats already in target commits history
[DEBUG Aug  2 07:43:26.613452827, errs.go:68] Created error: Bad expander name
[DEBUG Aug  2 07:43:26.613474144, errs.go:68] Created error: Expander has no handler
[DEBUG Aug  2 07:43:26.614802644, errs.go:68] Created error: Service is already running
[DEBUG Aug  2 07:43:26.642905671, secrets.go:35] Gcloud Secretmanager failed to initialize (ignore if you're not trying to use gcloud): google: could not find default credentials. See https://developers.google.com/accounts/docs/application-default-credentials for more information.
[DEBUG Aug  2 07:43:26.646199265, output.go:53] Requested outputer for 
[DEBUG Aug  2 07:43:26.646222596, output.go:58] Using Plain outputer
[DEBUG Aug  2 07:43:26.646304223, termutils.go:17] Cannot get terminal size: inappropriate ioctl for device
[DEBUG Aug  2 07:43:26.646386681, client.go:128] Reporting event to 2 reporters: run-command, state-svc start, 
[DEBUG Aug  2 07:43:26.646456637, main.go:107] Running CmdStart
[DEBUG Aug  2 07:43:26.652439801, errs.go:75] Wrapped error: Service is already running -- with: valueF failed
[DEBUG Aug  2 07:43:26.652514143, errs.go:75] Wrapped error: valueF failed -- with: Could not store pid
[DEBUG Aug  2 07:43:26.652613580, errors.go:113] Wrapped input error: Could not store pid -- with: A State Service instance is already running in the background.
[DEBUG Aug  2 07:43:26.652629632, errs.go:75] Wrapped error: A State Service instance is already running in the background. -- with: Could not start serviceManager
[DEBUG Aug  2 07:43:26.652720920, client.go:128] Reporting event to 2 reporters: command-exit, state-svc start, 1
[DEBUG Aug  2 07:43:27.048809519, errs.go:75] Wrapped error: <nil> -- with: Could not start serviceManager: A State Service instance is already running in the background.: Could not store pid: valueF failed: Service is already running
[DEBUG Aug  2 07:43:27.048894297, main.go:61] state-svc errored out due to input: Could not start serviceManager: A State Service instance is already running in the background.: Could not store pid: valueF failed: Service is already running
