[DEBUG Aug  2 07:49:40.189587554, defaults.go:273] Args: [/home1/wangfeim/.local/ActiveState/StateTool/release/bin/state-svc start]
[DEBUG Aug  2 07:49:40.203164932, locale.go:38] Init
[DEBUG Aug  2 07:49:40.245010133, errs.go:68] Created error: File could not be found
[DEBUG Aug  2 07:49:40.248037793, errs.go:68] Created error: Not Recognized
[DEBUG Aug  2 07:49:40.297650728, errs.go:68] Created error: Secret not found
[DEBUG Aug  2 07:49:40.297698306, errs.go:68] Created error: Could not save keypair
[DEBUG Aug  2 07:49:40.297882765, errs.go:68] Created error: Build responded with error
[DEBUG Aug  2 07:49:40.297914027, errs.go:68] Created error: Unknown build type
[DEBUG Aug  2 07:49:40.298027605, errors.go:86] Wrapped localized error: <nil> -- with: The installed version of the State Tool Service does not match that of the client.
Please stop the service with [ACTIONABLE]state-svc stop[/RESET] and try your command again.
If this issue persists please reinstall the State Tool.

[DEBUG Aug  2 07:49:40.298044247, errs.go:68] Created error: no data
[DEBUG Aug  2 07:49:40.298073878, errs.go:68] Created error: member not found
[DEBUG Aug  2 07:49:40.298099664, errs.go:68] Created error: Commit count is unknowable
[DEBUG Aug  2 07:49:40.298122074, errs.go:68] Created error: No merge required
[DEBUG Aug  2 07:49:40.298144075, errs.go:68] Created error: Can't merge commit thats already in target commits history
[DEBUG Aug  2 07:49:40.298168053, errs.go:68] Created error: Bad expander name
[DEBUG Aug  2 07:49:40.298195423, errs.go:68] Created error: Expander has no handler
[DEBUG Aug  2 07:49:40.299420055, errs.go:68] Created error: Service is already running
[DEBUG Aug  2 07:49:40.326095036, secrets.go:35] Gcloud Secretmanager failed to initialize (ignore if you're not trying to use gcloud): google: could not find default credentials. See https://developers.google.com/accounts/docs/application-default-credentials for more information.
[DEBUG Aug  2 07:49:40.329106960, output.go:53] Requested outputer for 
[DEBUG Aug  2 07:49:40.329128028, output.go:58] Using Plain outputer
[DEBUG Aug  2 07:49:40.329206303, termutils.go:17] Cannot get terminal size: inappropriate ioctl for device
[DEBUG Aug  2 07:49:40.329313013, client.go:128] Reporting event to 2 reporters: run-command, state-svc start, 
[DEBUG Aug  2 07:49:40.329452628, main.go:107] Running CmdStart
[DEBUG Aug  2 07:49:40.336412739, errs.go:75] Wrapped error: Service is already running -- with: valueF failed
[DEBUG Aug  2 07:49:40.336731653, errs.go:75] Wrapped error: valueF failed -- with: Could not store pid
[DEBUG Aug  2 07:49:40.336964767, errors.go:113] Wrapped input error: Could not store pid -- with: A State Service instance is already running in the background.
[DEBUG Aug  2 07:49:40.336984066, errs.go:75] Wrapped error: A State Service instance is already running in the background. -- with: Could not start serviceManager
[DEBUG Aug  2 07:49:40.337098612, client.go:128] Reporting event to 2 reporters: command-exit, state-svc start, 1
[DEBUG Aug  2 07:49:40.696986770, errs.go:75] Wrapped error: <nil> -- with: Could not start serviceManager: A State Service instance is already running in the background.: Could not store pid: valueF failed: Service is already running
[DEBUG Aug  2 07:49:40.697058876, main.go:61] state-svc errored out due to input: Could not start serviceManager: A State Service instance is already running in the background.: Could not store pid: valueF failed: Service is already running
