[DEBUG Aug  2 07:42:15.858968015, defaults.go:273] Args: [/home1/wangfeim/.local/ActiveState/StateTool/release/bin/state-svc start]
[DEBUG Aug  2 07:42:15.872309000, locale.go:38] Init
[DEBUG Aug  2 07:42:15.916652535, errs.go:68] Created error: File could not be found
[DEBUG Aug  2 07:42:15.921836980, errs.go:68] Created error: Not Recognized
[DEBUG Aug  2 07:42:15.940966197, errs.go:68] Created error: Secret not found
[DEBUG Aug  2 07:42:15.941017593, errs.go:68] Created error: Could not save keypair
[DEBUG Aug  2 07:42:15.941189104, errs.go:68] Created error: Build responded with error
[DEBUG Aug  2 07:42:15.941216954, errs.go:68] Created error: Unknown build type
[DEBUG Aug  2 07:42:15.941334590, errors.go:86] Wrapped localized error: <nil> -- with: The installed version of the State Tool Service does not match that of the client.
Please stop the service with [ACTIONABLE]state-svc stop[/RESET] and try your command again.
If this issue persists please reinstall the State Tool.

[DEBUG Aug  2 07:42:15.941348983, errs.go:68] Created error: no data
[DEBUG Aug  2 07:42:15.941373140, errs.go:68] Created error: member not found
[DEBUG Aug  2 07:42:15.941396937, errs.go:68] Created error: Commit count is unknowable
[DEBUG Aug  2 07:42:15.941425692, errs.go:68] Created error: No merge required
[DEBUG Aug  2 07:42:15.941448005, errs.go:68] Created error: Can't merge commit thats already in target commits history
[DEBUG Aug  2 07:42:15.941472637, errs.go:68] Created error: Bad expander name
[DEBUG Aug  2 07:42:15.941494730, errs.go:68] Created error: Expander has no handler
[DEBUG Aug  2 07:42:15.942793387, errs.go:68] Created error: Service is already running
[DEBUG Aug  2 07:42:15.995964651, secrets.go:35] Gcloud Secretmanager failed to initialize (ignore if you're not trying to use gcloud): google: could not find default credentials. See https://developers.google.com/accounts/docs/application-default-credentials for more information.
[DEBUG Aug  2 07:42:15.999056113, output.go:53] Requested outputer for 
[DEBUG Aug  2 07:42:15.999087407, output.go:58] Using Plain outputer
[DEBUG Aug  2 07:42:15.999167474, termutils.go:17] Cannot get terminal size: inappropriate ioctl for device
[DEBUG Aug  2 07:42:15.999237664, client.go:128] Reporting event to 2 reporters: run-command, state-svc start, 
[DEBUG Aug  2 07:42:15.999357414, main.go:107] Running CmdStart
[DEBUG Aug  2 07:42:16.005387459, errs.go:75] Wrapped error: Service is already running -- with: valueF failed
[DEBUG Aug  2 07:42:16.005456428, errs.go:75] Wrapped error: valueF failed -- with: Could not store pid
[DEBUG Aug  2 07:42:16.005555131, errors.go:113] Wrapped input error: Could not store pid -- with: A State Service instance is already running in the background.
[DEBUG Aug  2 07:42:16.005570550, errs.go:75] Wrapped error: A State Service instance is already running in the background. -- with: Could not start serviceManager
[DEBUG Aug  2 07:42:16.005661544, client.go:128] Reporting event to 2 reporters: command-exit, state-svc start, 1
[DEBUG Aug  2 07:42:16.361121892, errs.go:75] Wrapped error: <nil> -- with: Could not start serviceManager: A State Service instance is already running in the background.: Could not store pid: valueF failed: Service is already running
[DEBUG Aug  2 07:42:16.361187534, main.go:61] state-svc errored out due to input: Could not start serviceManager: A State Service instance is already running in the background.: Could not store pid: valueF failed: Service is already running
