[DEBUG Aug  2 07:46:07.746182377, defaults.go:273] Args: [/home1/wangfeim/.local/ActiveState/StateTool/release/bin/state-svc start]
[DEBUG Aug  2 07:46:07.762593592, locale.go:38] Init
[DEBUG Aug  2 07:46:07.807873962, errs.go:68] Created error: File could not be found
[DEBUG Aug  2 07:46:07.811031981, errs.go:68] Created error: Not Recognized
[DEBUG Aug  2 07:46:07.834213415, errs.go:68] Created error: Secret not found
[DEBUG Aug  2 07:46:07.834276817, errs.go:68] Created error: Could not save keypair
[DEBUG Aug  2 07:46:07.834450645, errs.go:68] Created error: Build responded with error
[DEBUG Aug  2 07:46:07.834480780, errs.go:68] Created error: Unknown build type
[DEBUG Aug  2 07:46:07.834617280, errors.go:86] Wrapped localized error: <nil> -- with: The installed version of the State Tool Service does not match that of the client.
Please stop the service with [ACTIONABLE]state-svc stop[/RESET] and try your command again.
If this issue persists please reinstall the State Tool.

[DEBUG Aug  2 07:46:07.834634262, errs.go:68] Created error: no data
[DEBUG Aug  2 07:46:07.834665482, errs.go:68] Created error: member not found
[DEBUG Aug  2 07:46:07.834699023, errs.go:68] Created error: Commit count is unknowable
[DEBUG Aug  2 07:46:07.834722972, errs.go:68] Created error: No merge required
[DEBUG Aug  2 07:46:07.834751544, errs.go:68] Created error: Can't merge commit thats already in target commits history
[DEBUG Aug  2 07:46:07.834776027, errs.go:68] Created error: Bad expander name
[DEBUG Aug  2 07:46:07.834799466, errs.go:68] Created error: Expander has no handler
[DEBUG Aug  2 07:46:07.835917281, errs.go:68] Created error: Service is already running
[DEBUG Aug  2 07:46:07.906462616, secrets.go:35] Gcloud Secretmanager failed to initialize (ignore if you're not trying to use gcloud): google: could not find default credentials. See https://developers.google.com/accounts/docs/application-default-credentials for more information.
[DEBUG Aug  2 07:46:07.909845545, output.go:53] Requested outputer for 
[DEBUG Aug  2 07:46:07.909869040, output.go:58] Using Plain outputer
[DEBUG Aug  2 07:46:07.909933004, termutils.go:17] Cannot get terminal size: inappropriate ioctl for device
[DEBUG Aug  2 07:46:07.909960414, client.go:128] Reporting event to 2 reporters: run-command, state-svc start, 
[DEBUG Aug  2 07:46:07.910077819, main.go:107] Running CmdStart
[DEBUG Aug  2 07:46:07.915472565, errs.go:75] Wrapped error: Service is already running -- with: valueF failed
[DEBUG Aug  2 07:46:07.915529133, errs.go:75] Wrapped error: valueF failed -- with: Could not store pid
[DEBUG Aug  2 07:46:07.915622621, errors.go:113] Wrapped input error: Could not store pid -- with: A State Service instance is already running in the background.
[DEBUG Aug  2 07:46:07.915638700, errs.go:75] Wrapped error: A State Service instance is already running in the background. -- with: Could not start serviceManager
[DEBUG Aug  2 07:46:07.915705379, client.go:128] Reporting event to 2 reporters: command-exit, state-svc start, 1
[DEBUG Aug  2 07:46:08.287694643, errs.go:75] Wrapped error: <nil> -- with: Could not start serviceManager: A State Service instance is already running in the background.: Could not store pid: valueF failed: Service is already running
[DEBUG Aug  2 07:46:08.287761460, main.go:61] state-svc errored out due to input: Could not start serviceManager: A State Service instance is already running in the background.: Could not store pid: valueF failed: Service is already running
