[DEBUG Aug  2 08:07:01.036897370, defaults.go:273] Args: [/home1/wangfeim/.local/ActiveState/StateTool/release/bin/state-svc start]
[DEBUG Aug  2 08:07:01.050693177, locale.go:38] Init
[DEBUG Aug  2 08:07:01.114588658, errs.go:68] Created error: File could not be found
[DEBUG Aug  2 08:07:01.117559881, errs.go:68] Created error: Not Recognized
[DEBUG Aug  2 08:07:01.138504433, errs.go:68] Created error: Secret not found
[DEBUG Aug  2 08:07:01.138587270, errs.go:68] Created error: Could not save keypair
[DEBUG Aug  2 08:07:01.138877707, errs.go:68] Created error: Build responded with error
[DEBUG Aug  2 08:07:01.138922991, errs.go:68] Created error: Unknown build type
[DEBUG Aug  2 08:07:01.139079231, errors.go:86] Wrapped localized error: <nil> -- with: The installed version of the State Tool Service does not match that of the client.
Please stop the service with [ACTIONABLE]state-svc stop[/RESET] and try your command again.
If this issue persists please reinstall the State Tool.

[DEBUG Aug  2 08:07:01.139106619, errs.go:68] Created error: no data
[DEBUG Aug  2 08:07:01.139145366, errs.go:68] Created error: member not found
[DEBUG Aug  2 08:07:01.139181061, errs.go:68] Created error: Commit count is unknowable
[DEBUG Aug  2 08:07:01.139212308, errs.go:68] Created error: No merge required
[DEBUG Aug  2 08:07:01.139245914, errs.go:68] Created error: Can't merge commit thats already in target commits history
[DEBUG Aug  2 08:07:01.139290044, errs.go:68] Created error: Bad expander name
[DEBUG Aug  2 08:07:01.139325361, errs.go:68] Created error: Expander has no handler
[DEBUG Aug  2 08:07:01.140860115, errs.go:68] Created error: Service is already running
[DEBUG Aug  2 08:07:01.210375886, secrets.go:35] Gcloud Secretmanager failed to initialize (ignore if you're not trying to use gcloud): google: could not find default credentials. See https://developers.google.com/accounts/docs/application-default-credentials for more information.
[DEBUG Aug  2 08:07:01.214321357, output.go:53] Requested outputer for 
[DEBUG Aug  2 08:07:01.214355552, output.go:58] Using Plain outputer
[DEBUG Aug  2 08:07:01.214442368, termutils.go:17] Cannot get terminal size: inappropriate ioctl for device
[DEBUG Aug  2 08:07:01.215270702, main.go:107] Running CmdStart
[DEBUG Aug  2 08:07:01.215294082, client.go:128] Reporting event to 2 reporters: run-command, state-svc start, 
[DEBUG Aug  2 08:07:01.223588077, errs.go:75] Wrapped error: Service is already running -- with: valueF failed
[DEBUG Aug  2 08:07:01.223666099, errs.go:75] Wrapped error: valueF failed -- with: Could not store pid
[DEBUG Aug  2 08:07:01.223772125, errors.go:113] Wrapped input error: Could not store pid -- with: A State Service instance is already running in the background.
[DEBUG Aug  2 08:07:01.223787803, errs.go:75] Wrapped error: A State Service instance is already running in the background. -- with: Could not start serviceManager
[DEBUG Aug  2 08:07:01.223892851, client.go:128] Reporting event to 2 reporters: command-exit, state-svc start, 1
[DEBUG Aug  2 08:07:01.585082401, errs.go:75] Wrapped error: <nil> -- with: Could not start serviceManager: A State Service instance is already running in the background.: Could not store pid: valueF failed: Service is already running
[DEBUG Aug  2 08:07:01.585140599, main.go:61] state-svc errored out due to input: Could not start serviceManager: A State Service instance is already running in the background.: Could not store pid: valueF failed: Service is already running
