[DEBUG Aug  2 07:54:52.243855397, defaults.go:273] Args: [/home1/wangfeim/.local/ActiveState/StateTool/release/bin/state-svc start]
[DEBUG Aug  2 07:54:52.288321692, locale.go:38] Init
[DEBUG Aug  2 07:54:52.325082897, errs.go:68] Created error: File could not be found
[DEBUG Aug  2 07:54:52.328494365, errs.go:68] Created error: Not Recognized
[DEBUG Aug  2 07:54:52.389101707, errs.go:68] Created error: Secret not found
[DEBUG Aug  2 07:54:52.389154158, errs.go:68] Created error: Could not save keypair
[DEBUG Aug  2 07:54:52.389330512, errs.go:68] Created error: Build responded with error
[DEBUG Aug  2 07:54:52.389358998, errs.go:68] Created error: Unknown build type
[DEBUG Aug  2 07:54:52.389475968, errors.go:86] Wrapped localized error: <nil> -- with: The installed version of the State Tool Service does not match that of the client.
Please stop the service with [ACTIONABLE]state-svc stop[/RESET] and try your command again.
If this issue persists please reinstall the State Tool.

[DEBUG Aug  2 07:54:52.389490056, errs.go:68] Created error: no data
[DEBUG Aug  2 07:54:52.389513699, errs.go:68] Created error: member not found
[DEBUG Aug  2 07:54:52.389536508, errs.go:68] Created error: Commit count is unknowable
[DEBUG Aug  2 07:54:52.389574746, errs.go:68] Created error: No merge required
[DEBUG Aug  2 07:54:52.389599047, errs.go:68] Created error: Can't merge commit thats already in target commits history
[DEBUG Aug  2 07:54:52.389623460, errs.go:68] Created error: Bad expander name
[DEBUG Aug  2 07:54:52.389647590, errs.go:68] Created error: Expander has no handler
[DEBUG Aug  2 07:54:52.390734920, errs.go:68] Created error: Service is already running
[DEBUG Aug  2 07:54:52.420008543, secrets.go:35] Gcloud Secretmanager failed to initialize (ignore if you're not trying to use gcloud): google: could not find default credentials. See https://developers.google.com/accounts/docs/application-default-credentials for more information.
[DEBUG Aug  2 07:54:52.423292554, output.go:53] Requested outputer for 
[DEBUG Aug  2 07:54:52.423316816, output.go:58] Using Plain outputer
[DEBUG Aug  2 07:54:52.423378454, termutils.go:17] Cannot get terminal size: inappropriate ioctl for device
[DEBUG Aug  2 07:54:52.423413531, client.go:128] Reporting event to 2 reporters: run-command, state-svc start, 
[DEBUG Aug  2 07:54:52.423523950, main.go:107] Running CmdStart
[DEBUG Aug  2 07:54:52.428617672, errs.go:75] Wrapped error: Service is already running -- with: valueF failed
[DEBUG Aug  2 07:54:52.428675819, errs.go:75] Wrapped error: valueF failed -- with: Could not store pid
[DEBUG Aug  2 07:54:52.428747198, errors.go:113] Wrapped input error: Could not store pid -- with: A State Service instance is already running in the background.
[DEBUG Aug  2 07:54:52.428761833, errs.go:75] Wrapped error: A State Service instance is already running in the background. -- with: Could not start serviceManager
[DEBUG Aug  2 07:54:52.428848656, client.go:128] Reporting event to 2 reporters: command-exit, state-svc start, 1
[DEBUG Aug  2 07:54:52.832418514, errs.go:75] Wrapped error: <nil> -- with: Could not start serviceManager: A State Service instance is already running in the background.: Could not store pid: valueF failed: Service is already running
[DEBUG Aug  2 07:54:52.832488629, main.go:61] state-svc errored out due to input: Could not start serviceManager: A State Service instance is already running in the background.: Could not store pid: valueF failed: Service is already running
