[DEBUG Sep 17 04:05:44.302396877, errs.go:68] Created error: File could not be found
[DEBUG Sep 17 04:05:44.311905082, errs.go:68] Created error: Not Recognized
[DEBUG Sep 17 04:05:44.304071551, log.go:184] Rollbar error: empty token

[DEBUG Sep 17 04:05:44.420249734, errs.go:68] Created error: Secret not found
[DEBUG Sep 17 04:05:44.420350365, errs.go:68] Created error: Could not save keypair
[DEBUG Sep 17 04:05:44.421435331, errs.go:68] Created error: Build responded with error
[DEBUG Sep 17 04:05:44.421476784, errs.go:68] Created error: Unknown build type
[DEBUG Sep 17 04:05:44.421900358, errors.go:86] Wrapped localized error: <nil> -- with: The installed version of the State Tool Service does not match that of the client.
Please stop the service with [ACTIONABLE]state-svc stop[/RESET] and try your command again.
If this issue persists please reinstall the State Tool.

[DEBUG Sep 17 04:05:44.421925173, errs.go:68] Created error: no data
[DEBUG Sep 17 04:05:44.421951552, errs.go:68] Created error: member not found
[DEBUG Sep 17 04:05:44.421975493, errs.go:68] Created error: Commit count is unknowable
[DEBUG Sep 17 04:05:44.421999326, errs.go:68] Created error: No merge required
[DEBUG Sep 17 04:05:44.422236905, errs.go:68] Created error: Can't merge commit thats already in target commits history
[DEBUG Sep 17 04:05:44.422277912, errs.go:68] Created error: Bad expander name
[DEBUG Sep 17 04:05:44.422483124, errs.go:68] Created error: Expander has no handler
[DEBUG Sep 17 04:05:44.427891703, errs.go:68] Created error: Service is already running
[DEBUG Sep 17 04:05:44.618078362, secrets.go:35] Gcloud Secretmanager failed to initialize (ignore if you're not trying to use gcloud): google: could not find default credentials. See https://developers.google.com/accounts/docs/application-default-credentials for more information.
[DEBUG Sep 17 04:05:44.644290423, output.go:53] Requested outputer for 
[DEBUG Sep 17 04:05:44.644369842, output.go:58] Using Plain outputer
[DEBUG Sep 17 04:05:44.644560937, termutils.go:17] Cannot get terminal size: inappropriate ioctl for device
[DEBUG Sep 17 04:05:44.644715904, main.go:107] Running CmdStart
[DEBUG Sep 17 04:05:44.645053118, client.go:128] Reporting event to 2 reporters: run-command, state-svc start, 
[DEBUG Sep 17 04:05:44.670799807, errs.go:75] Wrapped error: Service is already running -- with: valueF failed
[DEBUG Sep 17 04:05:44.670867166, errs.go:75] Wrapped error: valueF failed -- with: Could not store pid
[DEBUG Sep 17 04:05:44.671378880, errors.go:113] Wrapped input error: Could not store pid -- with: A State Service instance is already running in the background.
[DEBUG Sep 17 04:05:44.671401670, errs.go:75] Wrapped error: A State Service instance is already running in the background. -- with: Could not start serviceManager
[DEBUG Sep 17 04:05:44.671659964, client.go:128] Reporting event to 2 reporters: command-exit, state-svc start, 1
[DEBUG Sep 17 04:05:45.247489105, errs.go:75] Wrapped error: <nil> -- with: Could not start serviceManager: A State Service instance is already running in the background.: Could not store pid: valueF failed: Service is already running
[DEBUG Sep 17 04:05:45.247599392, main.go:61] state-svc errored out due to input: Could not start serviceManager: A State Service instance is already running in the background.: Could not store pid: valueF failed: Service is already running
