[DEBUG Aug  2 08:17:10.171448284, defaults.go:273] Args: [/home1/wangfeim/.local/ActiveState/StateTool/release/bin/state-svc start]
[DEBUG Aug  2 08:17:10.187062425, locale.go:38] Init
[DEBUG Aug  2 08:17:10.229648847, errs.go:68] Created error: File could not be found
[DEBUG Aug  2 08:17:10.232878655, errs.go:68] Created error: Not Recognized
[DEBUG Aug  2 08:17:10.289002780, errs.go:68] Created error: Secret not found
[DEBUG Aug  2 08:17:10.289054565, errs.go:68] Created error: Could not save keypair
[DEBUG Aug  2 08:17:10.289217788, errs.go:68] Created error: Build responded with error
[DEBUG Aug  2 08:17:10.289243817, errs.go:68] Created error: Unknown build type
[DEBUG Aug  2 08:17:10.289355221, errors.go:86] Wrapped localized error: <nil> -- with: The installed version of the State Tool Service does not match that of the client.
Please stop the service with [ACTIONABLE]state-svc stop[/RESET] and try your command again.
If this issue persists please reinstall the State Tool.

[DEBUG Aug  2 08:17:10.289368636, errs.go:68] Created error: no data
[DEBUG Aug  2 08:17:10.289401144, errs.go:68] Created error: member not found
[DEBUG Aug  2 08:17:10.289422716, errs.go:68] Created error: Commit count is unknowable
[DEBUG Aug  2 08:17:10.289443680, errs.go:68] Created error: No merge required
[DEBUG Aug  2 08:17:10.289463970, errs.go:68] Created error: Can't merge commit thats already in target commits history
[DEBUG Aug  2 08:17:10.289490590, errs.go:68] Created error: Bad expander name
[DEBUG Aug  2 08:17:10.289511092, errs.go:68] Created error: Expander has no handler
[DEBUG Aug  2 08:17:10.290567374, errs.go:68] Created error: Service is already running
[DEBUG Aug  2 08:17:10.319919357, secrets.go:35] Gcloud Secretmanager failed to initialize (ignore if you're not trying to use gcloud): google: could not find default credentials. See https://developers.google.com/accounts/docs/application-default-credentials for more information.
[DEBUG Aug  2 08:17:10.323227602, output.go:53] Requested outputer for 
[DEBUG Aug  2 08:17:10.323254809, output.go:58] Using Plain outputer
[DEBUG Aug  2 08:17:10.323316083, termutils.go:17] Cannot get terminal size: inappropriate ioctl for device
[DEBUG Aug  2 08:17:10.323402723, client.go:128] Reporting event to 2 reporters: run-command, state-svc start, 
[DEBUG Aug  2 08:17:10.323441878, main.go:107] Running CmdStart
[DEBUG Aug  2 08:17:10.328805338, errs.go:75] Wrapped error: Service is already running -- with: valueF failed
[DEBUG Aug  2 08:17:10.328877635, errs.go:75] Wrapped error: valueF failed -- with: Could not store pid
[DEBUG Aug  2 08:17:10.328970317, errors.go:113] Wrapped input error: Could not store pid -- with: A State Service instance is already running in the background.
[DEBUG Aug  2 08:17:10.328984581, errs.go:75] Wrapped error: A State Service instance is already running in the background. -- with: Could not start serviceManager
[DEBUG Aug  2 08:17:10.329076617, client.go:128] Reporting event to 2 reporters: command-exit, state-svc start, 1
[DEBUG Aug  2 08:17:10.752052045, errs.go:75] Wrapped error: <nil> -- with: Could not start serviceManager: A State Service instance is already running in the background.: Could not store pid: valueF failed: Service is already running
[DEBUG Aug  2 08:17:10.752138799, main.go:61] state-svc errored out due to input: Could not start serviceManager: A State Service instance is already running in the background.: Could not store pid: valueF failed: Service is already running
