[DEBUG Aug  2 08:00:50.118330501, defaults.go:273] Args: [/home1/wangfeim/.local/ActiveState/StateTool/release/bin/state-svc start]
[DEBUG Aug  2 08:00:50.133663723, locale.go:38] Init
[DEBUG Aug  2 08:00:50.204662296, errs.go:68] Created error: File could not be found
[DEBUG Aug  2 08:00:50.207997654, errs.go:68] Created error: Not Recognized
[DEBUG Aug  2 08:00:50.230867455, errs.go:68] Created error: Secret not found
[DEBUG Aug  2 08:00:50.230923382, errs.go:68] Created error: Could not save keypair
[DEBUG Aug  2 08:00:50.231108628, errs.go:68] Created error: Build responded with error
[DEBUG Aug  2 08:00:50.231137658, errs.go:68] Created error: Unknown build type
[DEBUG Aug  2 08:00:50.231264967, errors.go:86] Wrapped localized error: <nil> -- with: The installed version of the State Tool Service does not match that of the client.
Please stop the service with [ACTIONABLE]state-svc stop[/RESET] and try your command again.
If this issue persists please reinstall the State Tool.

[DEBUG Aug  2 08:00:50.231280535, errs.go:68] Created error: no data
[DEBUG Aug  2 08:00:50.231306786, errs.go:68] Created error: member not found
[DEBUG Aug  2 08:00:50.231336635, errs.go:68] Created error: Commit count is unknowable
[DEBUG Aug  2 08:00:50.231362149, errs.go:68] Created error: No merge required
[DEBUG Aug  2 08:00:50.231385081, errs.go:68] Created error: Can't merge commit thats already in target commits history
[DEBUG Aug  2 08:00:50.231415767, errs.go:68] Created error: Bad expander name
[DEBUG Aug  2 08:00:50.231439824, errs.go:68] Created error: Expander has no handler
[DEBUG Aug  2 08:00:50.232558205, errs.go:68] Created error: Service is already running
[DEBUG Aug  2 08:00:50.314727230, secrets.go:35] Gcloud Secretmanager failed to initialize (ignore if you're not trying to use gcloud): google: could not find default credentials. See https://developers.google.com/accounts/docs/application-default-credentials for more information.
[DEBUG Aug  2 08:00:50.317801624, output.go:53] Requested outputer for 
[DEBUG Aug  2 08:00:50.317823133, output.go:58] Using Plain outputer
[DEBUG Aug  2 08:00:50.317884517, termutils.go:17] Cannot get terminal size: inappropriate ioctl for device
[DEBUG Aug  2 08:00:50.317962846, client.go:128] Reporting event to 2 reporters: run-command, state-svc start, 
[DEBUG Aug  2 08:00:50.318007953, main.go:107] Running CmdStart
[DEBUG Aug  2 08:00:50.323283413, errs.go:75] Wrapped error: Service is already running -- with: valueF failed
[DEBUG Aug  2 08:00:50.323343862, errs.go:75] Wrapped error: valueF failed -- with: Could not store pid
[DEBUG Aug  2 08:00:50.323415664, errors.go:113] Wrapped input error: Could not store pid -- with: A State Service instance is already running in the background.
[DEBUG Aug  2 08:00:50.323428360, errs.go:75] Wrapped error: A State Service instance is already running in the background. -- with: Could not start serviceManager
[DEBUG Aug  2 08:00:50.323506547, client.go:128] Reporting event to 2 reporters: command-exit, state-svc start, 1
[DEBUG Aug  2 08:00:50.685848093, errs.go:75] Wrapped error: <nil> -- with: Could not start serviceManager: A State Service instance is already running in the background.: Could not store pid: valueF failed: Service is already running
[DEBUG Aug  2 08:00:50.685943973, main.go:61] state-svc errored out due to input: Could not start serviceManager: A State Service instance is already running in the background.: Could not store pid: valueF failed: Service is already running
