[DEBUG Mar  8 14:43:04.341361715, defaults.go:273] Args: [/home1/wangfeim/.local/ActiveState/StateTool/release/bin/state-svc start]
[DEBUG Mar  8 14:43:04.353380072, locale.go:38] Init
[DEBUG Mar  8 14:43:04.390476390, errs.go:68] Created error: File could not be found
[DEBUG Mar  8 14:43:04.394686103, errs.go:68] Created error: Not Recognized
[DEBUG Mar  8 14:43:04.412875638, errs.go:68] Created error: Secret not found
[DEBUG Mar  8 14:43:04.412919250, errs.go:68] Created error: Could not save keypair
[DEBUG Mar  8 14:43:04.413087204, errs.go:68] Created error: Build responded with error
[DEBUG Mar  8 14:43:04.413120911, errs.go:68] Created error: Unknown build type
[DEBUG Mar  8 14:43:04.413224515, errors.go:86] Wrapped localized error: <nil> -- with: The installed version of the State Tool Service does not match that of the client.
Please stop the service with [ACTIONABLE]state-svc stop[/RESET] and try your command again.
If this issue persists please reinstall the State Tool.

[DEBUG Mar  8 14:43:04.413236378, errs.go:68] Created error: no data
[DEBUG Mar  8 14:43:04.413259613, errs.go:68] Created error: member not found
[DEBUG Mar  8 14:43:04.413286968, errs.go:68] Created error: Commit count is unknowable
[DEBUG Mar  8 14:43:04.413308066, errs.go:68] Created error: No merge required
[DEBUG Mar  8 14:43:04.413328979, errs.go:68] Created error: Can't merge commit thats already in target commits history
[DEBUG Mar  8 14:43:04.413351584, errs.go:68] Created error: Bad expander name
[DEBUG Mar  8 14:43:04.413372946, errs.go:68] Created error: Expander has no handler
[DEBUG Mar  8 14:43:04.414341979, errs.go:68] Created error: Service is already running
[DEBUG Mar  8 14:43:04.442750852, secrets.go:35] Gcloud Secretmanager failed to initialize (ignore if you're not trying to use gcloud): google: could not find default credentials. See https://developers.google.com/accounts/docs/application-default-credentials for more information.
[DEBUG Mar  8 14:43:04.446563258, output.go:53] Requested outputer for 
[DEBUG Mar  8 14:43:04.446583623, output.go:58] Using Plain outputer
[DEBUG Mar  8 14:43:04.446666617, termutils.go:17] Cannot get terminal size: inappropriate ioctl for device
[DEBUG Mar  8 14:43:04.446729610, client.go:128] Reporting event to 2 reporters: run-command, state-svc start, 
[DEBUG Mar  8 14:43:04.446873485, main.go:107] Running CmdStart
[DEBUG Mar  8 14:43:04.452933191, errs.go:75] Wrapped error: Service is already running -- with: valueF failed
[DEBUG Mar  8 14:43:04.452996066, errs.go:75] Wrapped error: valueF failed -- with: Could not store pid
[DEBUG Mar  8 14:43:04.453070509, errors.go:113] Wrapped input error: Could not store pid -- with: A State Service instance is already running in the background.
[DEBUG Mar  8 14:43:04.453082181, errs.go:75] Wrapped error: A State Service instance is already running in the background. -- with: Could not start serviceManager
[DEBUG Mar  8 14:43:04.453155724, client.go:128] Reporting event to 2 reporters: command-exit, state-svc start, 1
[DEBUG Mar  8 14:43:04.814887782, errs.go:75] Wrapped error: <nil> -- with: Could not start serviceManager: A State Service instance is already running in the background.: Could not store pid: valueF failed: Service is already running
[DEBUG Mar  8 14:43:04.814961922, main.go:61] state-svc errored out due to input: Could not start serviceManager: A State Service instance is already running in the background.: Could not store pid: valueF failed: Service is already running
