[DEBUG Sep  8 22:42:16.434418343, defaults.go:273] Args: [/home1/wangfeim/.local/ActiveState/StateTool/release/bin/state-svc start]
[DEBUG Sep  8 22:42:16.447395891, locale.go:38] Init
[DEBUG Sep  8 22:42:16.485562132, errs.go:68] Created error: File could not be found
[DEBUG Sep  8 22:42:16.488244761, errs.go:68] Created error: Not Recognized
[DEBUG Sep  8 22:42:16.539603620, errs.go:68] Created error: Secret not found
[DEBUG Sep  8 22:42:16.539648059, errs.go:68] Created error: Could not save keypair
[DEBUG Sep  8 22:42:16.539824878, errs.go:68] Created error: Build responded with error
[DEBUG Sep  8 22:42:16.539852482, errs.go:68] Created error: Unknown build type
[DEBUG Sep  8 22:42:16.539959455, errors.go:86] Wrapped localized error: <nil> -- with: The installed version of the State Tool Service does not match that of the client.
Please stop the service with [ACTIONABLE]state-svc stop[/RESET] and try your command again.
If this issue persists please reinstall the State Tool.

[DEBUG Sep  8 22:42:16.539972615, errs.go:68] Created error: no data
[DEBUG Sep  8 22:42:16.539992203, errs.go:68] Created error: member not found
[DEBUG Sep  8 22:42:16.540012223, errs.go:68] Created error: Commit count is unknowable
[DEBUG Sep  8 22:42:16.540031123, errs.go:68] Created error: No merge required
[DEBUG Sep  8 22:42:16.540052441, errs.go:68] Created error: Can't merge commit thats already in target commits history
[DEBUG Sep  8 22:42:16.540077117, errs.go:68] Created error: Bad expander name
[DEBUG Sep  8 22:42:16.540096611, errs.go:68] Created error: Expander has no handler
[DEBUG Sep  8 22:42:16.541004521, errs.go:68] Created error: Service is already running
[DEBUG Sep  8 22:42:16.564605910, secrets.go:35] Gcloud Secretmanager failed to initialize (ignore if you're not trying to use gcloud): google: could not find default credentials. See https://developers.google.com/accounts/docs/application-default-credentials for more information.
[DEBUG Sep  8 22:42:16.567444921, output.go:53] Requested outputer for 
[DEBUG Sep  8 22:42:16.567460967, output.go:58] Using Plain outputer
[DEBUG Sep  8 22:42:16.567540317, termutils.go:17] Cannot get terminal size: inappropriate ioctl for device
[DEBUG Sep  8 22:42:16.567620038, client.go:128] Reporting event to 2 reporters: run-command, state-svc start, 
[DEBUG Sep  8 22:42:16.567661459, main.go:107] Running CmdStart
[DEBUG Sep  8 22:42:16.573418400, errs.go:75] Wrapped error: Service is already running -- with: valueF failed
[DEBUG Sep  8 22:42:16.573472625, errs.go:75] Wrapped error: valueF failed -- with: Could not store pid
[DEBUG Sep  8 22:42:16.573544287, errors.go:113] Wrapped input error: Could not store pid -- with: A State Service instance is already running in the background.
[DEBUG Sep  8 22:42:16.573556743, errs.go:75] Wrapped error: A State Service instance is already running in the background. -- with: Could not start serviceManager
[DEBUG Sep  8 22:42:16.573622336, client.go:128] Reporting event to 2 reporters: command-exit, state-svc start, 1
[DEBUG Sep  8 22:42:17.026697414, errs.go:75] Wrapped error: <nil> -- with: Could not start serviceManager: A State Service instance is already running in the background.: Could not store pid: valueF failed: Service is already running
[DEBUG Sep  8 22:42:17.026769441, main.go:61] state-svc errored out due to input: Could not start serviceManager: A State Service instance is already running in the background.: Could not store pid: valueF failed: Service is already running
