[DEBUG Aug  2 07:59:56.610866297, defaults.go:273] Args: [/home1/wangfeim/.local/ActiveState/StateTool/release/bin/state-svc start]
[DEBUG Aug  2 07:59:56.625686097, locale.go:38] Init
[DEBUG Aug  2 07:59:57.393463434, errs.go:68] Created error: File could not be found
[DEBUG Aug  2 07:59:57.397182127, errs.go:68] Created error: Not Recognized
[DEBUG Aug  2 07:59:57.420387103, errs.go:68] Created error: Secret not found
[DEBUG Aug  2 07:59:57.420450692, errs.go:68] Created error: Could not save keypair
[DEBUG Aug  2 07:59:57.420639062, errs.go:68] Created error: Build responded with error
[DEBUG Aug  2 07:59:57.420674599, errs.go:68] Created error: Unknown build type
[DEBUG Aug  2 07:59:57.420795868, errors.go:86] Wrapped localized error: <nil> -- with: The installed version of the State Tool Service does not match that of the client.
Please stop the service with [ACTIONABLE]state-svc stop[/RESET] and try your command again.
If this issue persists please reinstall the State Tool.

[DEBUG Aug  2 07:59:57.420811322, errs.go:68] Created error: no data
[DEBUG Aug  2 07:59:57.420836702, errs.go:68] Created error: member not found
[DEBUG Aug  2 07:59:57.420867097, errs.go:68] Created error: Commit count is unknowable
[DEBUG Aug  2 07:59:57.420890668, errs.go:68] Created error: No merge required
[DEBUG Aug  2 07:59:57.420919812, errs.go:68] Created error: Can't merge commit thats already in target commits history
[DEBUG Aug  2 07:59:57.420945168, errs.go:68] Created error: Bad expander name
[DEBUG Aug  2 07:59:57.420968384, errs.go:68] Created error: Expander has no handler
[DEBUG Aug  2 07:59:57.422072886, errs.go:68] Created error: Service is already running
[DEBUG Aug  2 07:59:57.496627405, secrets.go:35] Gcloud Secretmanager failed to initialize (ignore if you're not trying to use gcloud): google: could not find default credentials. See https://developers.google.com/accounts/docs/application-default-credentials for more information.
[DEBUG Aug  2 07:59:57.499952865, output.go:53] Requested outputer for 
[DEBUG Aug  2 07:59:57.499988911, output.go:58] Using Plain outputer
[DEBUG Aug  2 07:59:57.500067656, termutils.go:17] Cannot get terminal size: inappropriate ioctl for device
[DEBUG Aug  2 07:59:57.500154998, client.go:128] Reporting event to 2 reporters: run-command, state-svc start, 
[DEBUG Aug  2 07:59:57.500240285, main.go:107] Running CmdStart
[DEBUG Aug  2 07:59:57.507076061, errs.go:75] Wrapped error: Service is already running -- with: valueF failed
[DEBUG Aug  2 07:59:57.507138482, errs.go:75] Wrapped error: valueF failed -- with: Could not store pid
[DEBUG Aug  2 07:59:57.507206812, errors.go:113] Wrapped input error: Could not store pid -- with: A State Service instance is already running in the background.
[DEBUG Aug  2 07:59:57.507225910, errs.go:75] Wrapped error: A State Service instance is already running in the background. -- with: Could not start serviceManager
[DEBUG Aug  2 07:59:57.507304435, client.go:128] Reporting event to 2 reporters: command-exit, state-svc start, 1
[DEBUG Aug  2 07:59:57.853817728, errs.go:75] Wrapped error: <nil> -- with: Could not start serviceManager: A State Service instance is already running in the background.: Could not store pid: valueF failed: Service is already running
[DEBUG Aug  2 07:59:57.853893180, main.go:61] state-svc errored out due to input: Could not start serviceManager: A State Service instance is already running in the background.: Could not store pid: valueF failed: Service is already running
