[DEBUG Aug  2 08:16:26.020910246, defaults.go:273] Args: [/home1/wangfeim/.local/ActiveState/StateTool/release/bin/state-svc start]
[DEBUG Aug  2 08:16:26.035757159, locale.go:38] Init
[DEBUG Aug  2 08:16:26.102257031, errs.go:68] Created error: File could not be found
[DEBUG Aug  2 08:16:26.105847700, errs.go:68] Created error: Not Recognized
[DEBUG Aug  2 08:16:26.131113104, errs.go:68] Created error: Secret not found
[DEBUG Aug  2 08:16:26.131183952, errs.go:68] Created error: Could not save keypair
[DEBUG Aug  2 08:16:26.131392436, errs.go:68] Created error: Build responded with error
[DEBUG Aug  2 08:16:26.131428166, errs.go:68] Created error: Unknown build type
[DEBUG Aug  2 08:16:26.131572757, errors.go:86] Wrapped localized error: <nil> -- with: The installed version of the State Tool Service does not match that of the client.
Please stop the service with [ACTIONABLE]state-svc stop[/RESET] and try your command again.
If this issue persists please reinstall the State Tool.

[DEBUG Aug  2 08:16:26.131588678, errs.go:68] Created error: no data
[DEBUG Aug  2 08:16:26.131614241, errs.go:68] Created error: member not found
[DEBUG Aug  2 08:16:26.131640186, errs.go:68] Created error: Commit count is unknowable
[DEBUG Aug  2 08:16:26.131663831, errs.go:68] Created error: No merge required
[DEBUG Aug  2 08:16:26.131687324, errs.go:68] Created error: Can't merge commit thats already in target commits history
[DEBUG Aug  2 08:16:26.131713107, errs.go:68] Created error: Bad expander name
[DEBUG Aug  2 08:16:26.131736224, errs.go:68] Created error: Expander has no handler
[DEBUG Aug  2 08:16:26.134618706, errs.go:68] Created error: Service is already running
[DEBUG Aug  2 08:16:26.210583790, secrets.go:35] Gcloud Secretmanager failed to initialize (ignore if you're not trying to use gcloud): google: could not find default credentials. See https://developers.google.com/accounts/docs/application-default-credentials for more information.
[DEBUG Aug  2 08:16:26.213746099, output.go:53] Requested outputer for 
[DEBUG Aug  2 08:16:26.213768322, output.go:58] Using Plain outputer
[DEBUG Aug  2 08:16:26.213849625, termutils.go:17] Cannot get terminal size: inappropriate ioctl for device
[DEBUG Aug  2 08:16:26.213931941, client.go:128] Reporting event to 2 reporters: run-command, state-svc start, 
[DEBUG Aug  2 08:16:26.214210392, main.go:107] Running CmdStart
[DEBUG Aug  2 08:16:26.221578948, errs.go:75] Wrapped error: Service is already running -- with: valueF failed
[DEBUG Aug  2 08:16:26.221643543, errs.go:75] Wrapped error: valueF failed -- with: Could not store pid
[DEBUG Aug  2 08:16:26.221720077, errors.go:113] Wrapped input error: Could not store pid -- with: A State Service instance is already running in the background.
[DEBUG Aug  2 08:16:26.221734643, errs.go:75] Wrapped error: A State Service instance is already running in the background. -- with: Could not start serviceManager
[DEBUG Aug  2 08:16:26.221812981, client.go:128] Reporting event to 2 reporters: command-exit, state-svc start, 1
[DEBUG Aug  2 08:16:26.591639090, errs.go:75] Wrapped error: <nil> -- with: Could not start serviceManager: A State Service instance is already running in the background.: Could not store pid: valueF failed: Service is already running
[DEBUG Aug  2 08:16:26.591710317, main.go:61] state-svc errored out due to input: Could not start serviceManager: A State Service instance is already running in the background.: Could not store pid: valueF failed: Service is already running
