[DEBUG Aug  2 08:20:48.711794575, defaults.go:273] Args: [/home1/wangfeim/.local/ActiveState/StateTool/release/bin/state-svc start]
[DEBUG Aug  2 08:20:48.725287112, locale.go:38] Init
[DEBUG Aug  2 08:20:48.765656760, errs.go:68] Created error: File could not be found
[DEBUG Aug  2 08:20:48.768435555, errs.go:68] Created error: Not Recognized
[DEBUG Aug  2 08:20:48.788652606, errs.go:68] Created error: Secret not found
[DEBUG Aug  2 08:20:48.788703335, errs.go:68] Created error: Could not save keypair
[DEBUG Aug  2 08:20:48.788856417, errs.go:68] Created error: Build responded with error
[DEBUG Aug  2 08:20:48.788882241, errs.go:68] Created error: Unknown build type
[DEBUG Aug  2 08:20:48.788991731, errors.go:86] Wrapped localized error: <nil> -- with: The installed version of the State Tool Service does not match that of the client.
Please stop the service with [ACTIONABLE]state-svc stop[/RESET] and try your command again.
If this issue persists please reinstall the State Tool.

[DEBUG Aug  2 08:20:48.789006646, errs.go:68] Created error: no data
[DEBUG Aug  2 08:20:48.789034268, errs.go:68] Created error: member not found
[DEBUG Aug  2 08:20:48.789056216, errs.go:68] Created error: Commit count is unknowable
[DEBUG Aug  2 08:20:48.789076438, errs.go:68] Created error: No merge required
[DEBUG Aug  2 08:20:48.789102996, errs.go:68] Created error: Can't merge commit thats already in target commits history
[DEBUG Aug  2 08:20:48.789125294, errs.go:68] Created error: Bad expander name
[DEBUG Aug  2 08:20:48.789146282, errs.go:68] Created error: Expander has no handler
[DEBUG Aug  2 08:20:48.790182590, errs.go:68] Created error: Service is already running
[DEBUG Aug  2 08:20:48.816781564, secrets.go:35] Gcloud Secretmanager failed to initialize (ignore if you're not trying to use gcloud): google: could not find default credentials. See https://developers.google.com/accounts/docs/application-default-credentials for more information.
[DEBUG Aug  2 08:20:48.819824229, output.go:53] Requested outputer for 
[DEBUG Aug  2 08:20:48.819854639, output.go:58] Using Plain outputer
[DEBUG Aug  2 08:20:48.819934785, termutils.go:17] Cannot get terminal size: inappropriate ioctl for device
[DEBUG Aug  2 08:20:48.820018829, client.go:128] Reporting event to 2 reporters: run-command, state-svc start, 
[DEBUG Aug  2 08:20:48.820089619, main.go:107] Running CmdStart
[DEBUG Aug  2 08:20:48.825646746, errs.go:75] Wrapped error: Service is already running -- with: valueF failed
[DEBUG Aug  2 08:20:48.825703734, errs.go:75] Wrapped error: valueF failed -- with: Could not store pid
[DEBUG Aug  2 08:20:48.825794406, errors.go:113] Wrapped input error: Could not store pid -- with: A State Service instance is already running in the background.
[DEBUG Aug  2 08:20:48.825809775, errs.go:75] Wrapped error: A State Service instance is already running in the background. -- with: Could not start serviceManager
[DEBUG Aug  2 08:20:48.825892847, client.go:128] Reporting event to 2 reporters: command-exit, state-svc start, 1
[DEBUG Aug  2 08:20:49.180850163, errs.go:75] Wrapped error: <nil> -- with: Could not start serviceManager: A State Service instance is already running in the background.: Could not store pid: valueF failed: Service is already running
[DEBUG Aug  2 08:20:49.180918163, main.go:61] state-svc errored out due to input: Could not start serviceManager: A State Service instance is already running in the background.: Could not store pid: valueF failed: Service is already running
