[DEBUG Aug  2 07:54:18.709441777, defaults.go:273] Args: [/home1/wangfeim/.local/ActiveState/StateTool/release/bin/state-svc start]
[DEBUG Aug  2 07:54:18.722792051, locale.go:38] Init
[DEBUG Aug  2 07:54:18.771140181, errs.go:68] Created error: File could not be found
[DEBUG Aug  2 07:54:18.774049229, errs.go:68] Created error: Not Recognized
[DEBUG Aug  2 07:54:18.802956939, errs.go:68] Created error: Secret not found
[DEBUG Aug  2 07:54:18.803001256, errs.go:68] Created error: Could not save keypair
[DEBUG Aug  2 07:54:18.803172048, errs.go:68] Created error: Build responded with error
[DEBUG Aug  2 07:54:18.803202566, errs.go:68] Created error: Unknown build type
[DEBUG Aug  2 07:54:18.803298753, errors.go:86] Wrapped localized error: <nil> -- with: The installed version of the State Tool Service does not match that of the client.
Please stop the service with [ACTIONABLE]state-svc stop[/RESET] and try your command again.
If this issue persists please reinstall the State Tool.

[DEBUG Aug  2 07:54:18.803311497, errs.go:68] Created error: no data
[DEBUG Aug  2 07:54:18.803334382, errs.go:68] Created error: member not found
[DEBUG Aug  2 07:54:18.803355401, errs.go:68] Created error: Commit count is unknowable
[DEBUG Aug  2 07:54:18.803376191, errs.go:68] Created error: No merge required
[DEBUG Aug  2 07:54:18.803396778, errs.go:68] Created error: Can't merge commit thats already in target commits history
[DEBUG Aug  2 07:54:18.803419194, errs.go:68] Created error: Bad expander name
[DEBUG Aug  2 07:54:18.803442647, errs.go:68] Created error: Expander has no handler
[DEBUG Aug  2 07:54:18.804691260, errs.go:68] Created error: Service is already running
[DEBUG Aug  2 07:54:18.833365154, secrets.go:35] Gcloud Secretmanager failed to initialize (ignore if you're not trying to use gcloud): google: could not find default credentials. See https://developers.google.com/accounts/docs/application-default-credentials for more information.
[DEBUG Aug  2 07:54:18.836426932, output.go:53] Requested outputer for 
[DEBUG Aug  2 07:54:18.836447288, output.go:58] Using Plain outputer
[DEBUG Aug  2 07:54:18.836514443, termutils.go:17] Cannot get terminal size: inappropriate ioctl for device
[DEBUG Aug  2 07:54:18.836574914, client.go:128] Reporting event to 2 reporters: run-command, state-svc start, 
[DEBUG Aug  2 07:54:18.836694284, main.go:107] Running CmdStart
[DEBUG Aug  2 07:54:18.842887828, errs.go:75] Wrapped error: Service is already running -- with: valueF failed
[DEBUG Aug  2 07:54:18.842949945, errs.go:75] Wrapped error: valueF failed -- with: Could not store pid
[DEBUG Aug  2 07:54:18.843020893, errors.go:113] Wrapped input error: Could not store pid -- with: A State Service instance is already running in the background.
[DEBUG Aug  2 07:54:18.843034041, errs.go:75] Wrapped error: A State Service instance is already running in the background. -- with: Could not start serviceManager
[DEBUG Aug  2 07:54:18.843097560, client.go:128] Reporting event to 2 reporters: command-exit, state-svc start, 1
[DEBUG Aug  2 07:54:19.240943753, errs.go:75] Wrapped error: <nil> -- with: Could not start serviceManager: A State Service instance is already running in the background.: Could not store pid: valueF failed: Service is already running
[DEBUG Aug  2 07:54:19.241017792, main.go:61] state-svc errored out due to input: Could not start serviceManager: A State Service instance is already running in the background.: Could not store pid: valueF failed: Service is already running
