[DEBUG Aug  2 07:39:14.700459468, defaults.go:273] Args: [/home1/wangfeim/.local/ActiveState/StateTool/release/bin/state-svc start]
[DEBUG Aug  2 07:39:14.715707246, locale.go:38] Init
[DEBUG Aug  2 07:39:14.795470368, errs.go:68] Created error: File could not be found
[DEBUG Aug  2 07:39:14.798594986, errs.go:68] Created error: Not Recognized
[DEBUG Aug  2 07:39:14.820424785, errs.go:68] Created error: Secret not found
[DEBUG Aug  2 07:39:14.820482401, errs.go:68] Created error: Could not save keypair
[DEBUG Aug  2 07:39:14.820668343, errs.go:68] Created error: Build responded with error
[DEBUG Aug  2 07:39:14.820708132, errs.go:68] Created error: Unknown build type
[DEBUG Aug  2 07:39:14.820833036, errors.go:86] Wrapped localized error: <nil> -- with: The installed version of the State Tool Service does not match that of the client.
Please stop the service with [ACTIONABLE]state-svc stop[/RESET] and try your command again.
If this issue persists please reinstall the State Tool.

[DEBUG Aug  2 07:39:14.820849788, errs.go:68] Created error: no data
[DEBUG Aug  2 07:39:14.820875266, errs.go:68] Created error: member not found
[DEBUG Aug  2 07:39:14.820900132, errs.go:68] Created error: Commit count is unknowable
[DEBUG Aug  2 07:39:14.820924410, errs.go:68] Created error: No merge required
[DEBUG Aug  2 07:39:14.820948145, errs.go:68] Created error: Can't merge commit thats already in target commits history
[DEBUG Aug  2 07:39:14.820972839, errs.go:68] Created error: Bad expander name
[DEBUG Aug  2 07:39:14.820996949, errs.go:68] Created error: Expander has no handler
[DEBUG Aug  2 07:39:14.822152534, errs.go:68] Created error: Service is already running
[DEBUG Aug  2 07:39:14.889833861, secrets.go:35] Gcloud Secretmanager failed to initialize (ignore if you're not trying to use gcloud): google: could not find default credentials. See https://developers.google.com/accounts/docs/application-default-credentials for more information.
[DEBUG Aug  2 07:39:14.893052184, output.go:53] Requested outputer for 
[DEBUG Aug  2 07:39:14.893077377, output.go:58] Using Plain outputer
[DEBUG Aug  2 07:39:14.893150187, termutils.go:17] Cannot get terminal size: inappropriate ioctl for device
[DEBUG Aug  2 07:39:14.893261980, client.go:128] Reporting event to 2 reporters: run-command, state-svc start, 
[DEBUG Aug  2 07:39:14.893294419, main.go:107] Running CmdStart
[DEBUG Aug  2 07:39:14.899393646, errs.go:75] Wrapped error: Service is already running -- with: valueF failed
[DEBUG Aug  2 07:39:14.899457802, errs.go:75] Wrapped error: valueF failed -- with: Could not store pid
[DEBUG Aug  2 07:39:14.899565216, errors.go:113] Wrapped input error: Could not store pid -- with: A State Service instance is already running in the background.
[DEBUG Aug  2 07:39:14.899581811, errs.go:75] Wrapped error: A State Service instance is already running in the background. -- with: Could not start serviceManager
[DEBUG Aug  2 07:39:14.899681658, client.go:128] Reporting event to 2 reporters: command-exit, state-svc start, 1
[DEBUG Aug  2 07:39:15.220197545, errs.go:75] Wrapped error: <nil> -- with: Could not start serviceManager: A State Service instance is already running in the background.: Could not store pid: valueF failed: Service is already running
[DEBUG Aug  2 07:39:15.220272756, main.go:61] state-svc errored out due to input: Could not start serviceManager: A State Service instance is already running in the background.: Could not store pid: valueF failed: Service is already running
