[DEBUG Aug  2 08:04:45.633633349, defaults.go:273] Args: [/home1/wangfeim/.local/ActiveState/StateTool/release/bin/state-svc start]
[DEBUG Aug  2 08:04:45.646903639, locale.go:38] Init
[DEBUG Aug  2 08:04:45.713718614, errs.go:68] Created error: File could not be found
[DEBUG Aug  2 08:04:45.716870231, errs.go:68] Created error: Not Recognized
[DEBUG Aug  2 08:04:45.736600235, errs.go:68] Created error: Secret not found
[DEBUG Aug  2 08:04:45.736649227, errs.go:68] Created error: Could not save keypair
[DEBUG Aug  2 08:04:45.736825290, errs.go:68] Created error: Build responded with error
[DEBUG Aug  2 08:04:45.736856287, errs.go:68] Created error: Unknown build type
[DEBUG Aug  2 08:04:45.737432469, errors.go:86] Wrapped localized error: <nil> -- with: The installed version of the State Tool Service does not match that of the client.
Please stop the service with [ACTIONABLE]state-svc stop[/RESET] and try your command again.
If this issue persists please reinstall the State Tool.

[DEBUG Aug  2 08:04:45.737465631, errs.go:68] Created error: no data
[DEBUG Aug  2 08:04:45.737508826, errs.go:68] Created error: member not found
[DEBUG Aug  2 08:04:45.737698819, errs.go:68] Created error: Commit count is unknowable
[DEBUG Aug  2 08:04:45.737774363, errs.go:68] Created error: No merge required
[DEBUG Aug  2 08:04:45.737831330, errs.go:68] Created error: Can't merge commit thats already in target commits history
[DEBUG Aug  2 08:04:45.737886979, errs.go:68] Created error: Bad expander name
[DEBUG Aug  2 08:04:45.737928907, errs.go:68] Created error: Expander has no handler
[DEBUG Aug  2 08:04:45.740048564, errs.go:68] Created error: Service is already running
[DEBUG Aug  2 08:04:45.796743466, secrets.go:35] Gcloud Secretmanager failed to initialize (ignore if you're not trying to use gcloud): google: could not find default credentials. See https://developers.google.com/accounts/docs/application-default-credentials for more information.
[DEBUG Aug  2 08:04:45.801161810, output.go:53] Requested outputer for 
[DEBUG Aug  2 08:04:45.801189093, output.go:58] Using Plain outputer
[DEBUG Aug  2 08:04:45.801268328, termutils.go:17] Cannot get terminal size: inappropriate ioctl for device
[DEBUG Aug  2 08:04:45.801340378, client.go:128] Reporting event to 2 reporters: run-command, state-svc start, 
[DEBUG Aug  2 08:04:45.801413116, main.go:107] Running CmdStart
[DEBUG Aug  2 08:04:45.807036376, errs.go:75] Wrapped error: Service is already running -- with: valueF failed
[DEBUG Aug  2 08:04:45.807083883, errs.go:75] Wrapped error: valueF failed -- with: Could not store pid
[DEBUG Aug  2 08:04:45.807149326, errors.go:113] Wrapped input error: Could not store pid -- with: A State Service instance is already running in the background.
[DEBUG Aug  2 08:04:45.807162730, errs.go:75] Wrapped error: A State Service instance is already running in the background. -- with: Could not start serviceManager
[DEBUG Aug  2 08:04:45.807238493, client.go:128] Reporting event to 2 reporters: command-exit, state-svc start, 1
[DEBUG Aug  2 08:04:46.185304147, errs.go:75] Wrapped error: <nil> -- with: Could not start serviceManager: A State Service instance is already running in the background.: Could not store pid: valueF failed: Service is already running
[DEBUG Aug  2 08:04:46.185390004, main.go:61] state-svc errored out due to input: Could not start serviceManager: A State Service instance is already running in the background.: Could not store pid: valueF failed: Service is already running
