[DEBUG Aug  2 08:17:31.423034792, defaults.go:273] Args: [/home1/wangfeim/.local/ActiveState/StateTool/release/bin/state-svc start]
[DEBUG Aug  2 08:17:31.437597836, locale.go:38] Init
[DEBUG Aug  2 08:17:32.497886133, errs.go:68] Created error: File could not be found
[DEBUG Aug  2 08:17:32.501031556, errs.go:68] Created error: Not Recognized
[DEBUG Aug  2 08:17:32.523368424, errs.go:68] Created error: Secret not found
[DEBUG Aug  2 08:17:32.523430862, errs.go:68] Created error: Could not save keypair
[DEBUG Aug  2 08:17:32.523609589, errs.go:68] Created error: Build responded with error
[DEBUG Aug  2 08:17:32.523643723, errs.go:68] Created error: Unknown build type
[DEBUG Aug  2 08:17:32.523759853, errors.go:86] Wrapped localized error: <nil> -- with: The installed version of the State Tool Service does not match that of the client.
Please stop the service with [ACTIONABLE]state-svc stop[/RESET] and try your command again.
If this issue persists please reinstall the State Tool.

[DEBUG Aug  2 08:17:32.523776419, errs.go:68] Created error: no data
[DEBUG Aug  2 08:17:32.523800915, errs.go:68] Created error: member not found
[DEBUG Aug  2 08:17:32.523830284, errs.go:68] Created error: Commit count is unknowable
[DEBUG Aug  2 08:17:32.523854485, errs.go:68] Created error: No merge required
[DEBUG Aug  2 08:17:32.523878267, errs.go:68] Created error: Can't merge commit thats already in target commits history
[DEBUG Aug  2 08:17:32.523903229, errs.go:68] Created error: Bad expander name
[DEBUG Aug  2 08:17:32.523926546, errs.go:68] Created error: Expander has no handler
[DEBUG Aug  2 08:17:32.525144859, errs.go:68] Created error: Service is already running
[DEBUG Aug  2 08:17:32.586218591, secrets.go:35] Gcloud Secretmanager failed to initialize (ignore if you're not trying to use gcloud): google: could not find default credentials. See https://developers.google.com/accounts/docs/application-default-credentials for more information.
[DEBUG Aug  2 08:17:32.589488081, output.go:53] Requested outputer for 
[DEBUG Aug  2 08:17:32.589518410, output.go:58] Using Plain outputer
[DEBUG Aug  2 08:17:32.589617430, termutils.go:17] Cannot get terminal size: inappropriate ioctl for device
[DEBUG Aug  2 08:17:32.589704089, client.go:128] Reporting event to 2 reporters: run-command, state-svc start, 
[DEBUG Aug  2 08:17:32.589833706, main.go:107] Running CmdStart
[DEBUG Aug  2 08:17:32.596010857, errs.go:75] Wrapped error: Service is already running -- with: valueF failed
[DEBUG Aug  2 08:17:32.596072229, errs.go:75] Wrapped error: valueF failed -- with: Could not store pid
[DEBUG Aug  2 08:17:32.596147394, errors.go:113] Wrapped input error: Could not store pid -- with: A State Service instance is already running in the background.
[DEBUG Aug  2 08:17:32.596162415, errs.go:75] Wrapped error: A State Service instance is already running in the background. -- with: Could not start serviceManager
[DEBUG Aug  2 08:17:32.596265403, client.go:128] Reporting event to 2 reporters: command-exit, state-svc start, 1
[DEBUG Aug  2 08:17:32.932145196, errs.go:75] Wrapped error: <nil> -- with: Could not start serviceManager: A State Service instance is already running in the background.: Could not store pid: valueF failed: Service is already running
[DEBUG Aug  2 08:17:32.932231195, main.go:61] state-svc errored out due to input: Could not start serviceManager: A State Service instance is already running in the background.: Could not store pid: valueF failed: Service is already running
