[DEBUG Aug  2 07:54:17.598593284, defaults.go:273] Args: [/home1/wangfeim/.local/ActiveState/StateTool/release/bin/state-svc start]
[DEBUG Aug  2 07:54:17.612234779, locale.go:38] Init
[DEBUG Aug  2 07:54:17.703005986, errs.go:68] Created error: File could not be found
[DEBUG Aug  2 07:54:17.706415561, errs.go:68] Created error: Not Recognized
[DEBUG Aug  2 07:54:17.728252012, errs.go:68] Created error: Secret not found
[DEBUG Aug  2 07:54:17.728298446, errs.go:68] Created error: Could not save keypair
[DEBUG Aug  2 07:54:17.728460248, errs.go:68] Created error: Build responded with error
[DEBUG Aug  2 07:54:17.728491952, errs.go:68] Created error: Unknown build type
[DEBUG Aug  2 07:54:17.728609623, errors.go:86] Wrapped localized error: <nil> -- with: The installed version of the State Tool Service does not match that of the client.
Please stop the service with [ACTIONABLE]state-svc stop[/RESET] and try your command again.
If this issue persists please reinstall the State Tool.

[DEBUG Aug  2 07:54:17.728624179, errs.go:68] Created error: no data
[DEBUG Aug  2 07:54:17.728648339, errs.go:68] Created error: member not found
[DEBUG Aug  2 07:54:17.728670716, errs.go:68] Created error: Commit count is unknowable
[DEBUG Aug  2 07:54:17.728692275, errs.go:68] Created error: No merge required
[DEBUG Aug  2 07:54:17.728712907, errs.go:68] Created error: Can't merge commit thats already in target commits history
[DEBUG Aug  2 07:54:17.728735078, errs.go:68] Created error: Bad expander name
[DEBUG Aug  2 07:54:17.728757939, errs.go:68] Created error: Expander has no handler
[DEBUG Aug  2 07:54:17.729905437, errs.go:68] Created error: Service is already running
[DEBUG Aug  2 07:54:17.791000710, secrets.go:35] Gcloud Secretmanager failed to initialize (ignore if you're not trying to use gcloud): google: could not find default credentials. See https://developers.google.com/accounts/docs/application-default-credentials for more information.
[DEBUG Aug  2 07:54:17.794343229, output.go:53] Requested outputer for 
[DEBUG Aug  2 07:54:17.794367494, output.go:58] Using Plain outputer
[DEBUG Aug  2 07:54:17.794427705, termutils.go:17] Cannot get terminal size: inappropriate ioctl for device
[DEBUG Aug  2 07:54:17.794521016, client.go:128] Reporting event to 2 reporters: run-command, state-svc start, 
[DEBUG Aug  2 07:54:17.794603644, main.go:107] Running CmdStart
[DEBUG Aug  2 07:54:17.800264108, errs.go:75] Wrapped error: Service is already running -- with: valueF failed
[DEBUG Aug  2 07:54:17.800326845, errs.go:75] Wrapped error: valueF failed -- with: Could not store pid
[DEBUG Aug  2 07:54:17.800403987, errors.go:113] Wrapped input error: Could not store pid -- with: A State Service instance is already running in the background.
[DEBUG Aug  2 07:54:17.800419406, errs.go:75] Wrapped error: A State Service instance is already running in the background. -- with: Could not start serviceManager
[DEBUG Aug  2 07:54:17.800516389, client.go:128] Reporting event to 2 reporters: command-exit, state-svc start, 1
[DEBUG Aug  2 07:54:18.185030256, errs.go:75] Wrapped error: <nil> -- with: Could not start serviceManager: A State Service instance is already running in the background.: Could not store pid: valueF failed: Service is already running
[DEBUG Aug  2 07:54:18.185113115, main.go:61] state-svc errored out due to input: Could not start serviceManager: A State Service instance is already running in the background.: Could not store pid: valueF failed: Service is already running
