[DEBUG Aug  2 08:08:43.528993161, defaults.go:273] Args: [/home1/wangfeim/.local/ActiveState/StateTool/release/bin/state-svc start]
[DEBUG Aug  2 08:08:43.543354926, locale.go:38] Init
[DEBUG Aug  2 08:08:43.795155507, errs.go:68] Created error: File could not be found
[DEBUG Aug  2 08:08:43.798622500, errs.go:68] Created error: Not Recognized
[DEBUG Aug  2 08:08:43.821278203, errs.go:68] Created error: Secret not found
[DEBUG Aug  2 08:08:43.821341442, errs.go:68] Created error: Could not save keypair
[DEBUG Aug  2 08:08:43.821525200, errs.go:68] Created error: Build responded with error
[DEBUG Aug  2 08:08:43.821561913, errs.go:68] Created error: Unknown build type
[DEBUG Aug  2 08:08:43.821693397, errors.go:86] Wrapped localized error: <nil> -- with: The installed version of the State Tool Service does not match that of the client.
Please stop the service with [ACTIONABLE]state-svc stop[/RESET] and try your command again.
If this issue persists please reinstall the State Tool.

[DEBUG Aug  2 08:08:43.821716125, errs.go:68] Created error: no data
[DEBUG Aug  2 08:08:43.821742129, errs.go:68] Created error: member not found
[DEBUG Aug  2 08:08:43.821766594, errs.go:68] Created error: Commit count is unknowable
[DEBUG Aug  2 08:08:43.821790461, errs.go:68] Created error: No merge required
[DEBUG Aug  2 08:08:43.821820308, errs.go:68] Created error: Can't merge commit thats already in target commits history
[DEBUG Aug  2 08:08:43.821846691, errs.go:68] Created error: Bad expander name
[DEBUG Aug  2 08:08:43.821874279, errs.go:68] Created error: Expander has no handler
[DEBUG Aug  2 08:08:43.823063866, errs.go:68] Created error: Service is already running
[DEBUG Aug  2 08:08:43.854229337, secrets.go:35] Gcloud Secretmanager failed to initialize (ignore if you're not trying to use gcloud): google: could not find default credentials. See https://developers.google.com/accounts/docs/application-default-credentials for more information.
[DEBUG Aug  2 08:08:43.858802368, output.go:53] Requested outputer for 
[DEBUG Aug  2 08:08:43.858826133, output.go:58] Using Plain outputer
[DEBUG Aug  2 08:08:43.858922626, termutils.go:17] Cannot get terminal size: inappropriate ioctl for device
[DEBUG Aug  2 08:08:43.859010286, client.go:128] Reporting event to 2 reporters: run-command, state-svc start, 
[DEBUG Aug  2 08:08:43.859077007, main.go:107] Running CmdStart
[DEBUG Aug  2 08:08:43.865058568, errs.go:75] Wrapped error: Service is already running -- with: valueF failed
[DEBUG Aug  2 08:08:43.865128381, errs.go:75] Wrapped error: valueF failed -- with: Could not store pid
[DEBUG Aug  2 08:08:43.865205529, errors.go:113] Wrapped input error: Could not store pid -- with: A State Service instance is already running in the background.
[DEBUG Aug  2 08:08:43.865221043, errs.go:75] Wrapped error: A State Service instance is already running in the background. -- with: Could not start serviceManager
[DEBUG Aug  2 08:08:43.865292159, client.go:128] Reporting event to 2 reporters: command-exit, state-svc start, 1
[DEBUG Aug  2 08:08:44.191515196, errs.go:75] Wrapped error: <nil> -- with: Could not start serviceManager: A State Service instance is already running in the background.: Could not store pid: valueF failed: Service is already running
[DEBUG Aug  2 08:08:44.191604105, main.go:61] state-svc errored out due to input: Could not start serviceManager: A State Service instance is already running in the background.: Could not store pid: valueF failed: Service is already running
