[DEBUG Aug  2 07:47:51.607521950, defaults.go:273] Args: [/home1/wangfeim/.local/ActiveState/StateTool/release/bin/state-svc start]
[DEBUG Aug  2 07:47:51.621600705, locale.go:38] Init
[DEBUG Aug  2 07:47:52.081178831, errs.go:68] Created error: File could not be found
[DEBUG Aug  2 07:47:52.084862850, errs.go:68] Created error: Not Recognized
[DEBUG Aug  2 07:47:52.107397946, errs.go:68] Created error: Secret not found
[DEBUG Aug  2 07:47:52.107508037, errs.go:68] Created error: Could not save keypair
[DEBUG Aug  2 07:47:52.108287893, errs.go:68] Created error: Build responded with error
[DEBUG Aug  2 07:47:52.108548303, errs.go:68] Created error: Unknown build type
[DEBUG Aug  2 07:47:52.108750460, errors.go:86] Wrapped localized error: <nil> -- with: The installed version of the State Tool Service does not match that of the client.
Please stop the service with [ACTIONABLE]state-svc stop[/RESET] and try your command again.
If this issue persists please reinstall the State Tool.

[DEBUG Aug  2 07:47:52.108774413, errs.go:68] Created error: no data
[DEBUG Aug  2 07:47:52.108812285, errs.go:68] Created error: member not found
[DEBUG Aug  2 07:47:52.108849374, errs.go:68] Created error: Commit count is unknowable
[DEBUG Aug  2 07:47:52.108885080, errs.go:68] Created error: No merge required
[DEBUG Aug  2 07:47:52.108929089, errs.go:68] Created error: Can't merge commit thats already in target commits history
[DEBUG Aug  2 07:47:52.108976983, errs.go:68] Created error: Bad expander name
[DEBUG Aug  2 07:47:52.109013403, errs.go:68] Created error: Expander has no handler
[DEBUG Aug  2 07:47:52.110125593, errs.go:68] Created error: Service is already running
[DEBUG Aug  2 07:47:52.187125760, secrets.go:35] Gcloud Secretmanager failed to initialize (ignore if you're not trying to use gcloud): google: could not find default credentials. See https://developers.google.com/accounts/docs/application-default-credentials for more information.
[DEBUG Aug  2 07:47:52.190568132, output.go:53] Requested outputer for 
[DEBUG Aug  2 07:47:52.190591598, output.go:58] Using Plain outputer
[DEBUG Aug  2 07:47:52.190662090, termutils.go:17] Cannot get terminal size: inappropriate ioctl for device
[DEBUG Aug  2 07:47:52.190746622, client.go:128] Reporting event to 2 reporters: run-command, state-svc start, 
[DEBUG Aug  2 07:47:52.190844610, main.go:107] Running CmdStart
[DEBUG Aug  2 07:47:52.198756754, errs.go:75] Wrapped error: Service is already running -- with: valueF failed
[DEBUG Aug  2 07:47:52.198823978, errs.go:75] Wrapped error: valueF failed -- with: Could not store pid
[DEBUG Aug  2 07:47:52.198897451, errors.go:113] Wrapped input error: Could not store pid -- with: A State Service instance is already running in the background.
[DEBUG Aug  2 07:47:52.198911307, errs.go:75] Wrapped error: A State Service instance is already running in the background. -- with: Could not start serviceManager
[DEBUG Aug  2 07:47:52.199017097, client.go:128] Reporting event to 2 reporters: command-exit, state-svc start, 1
[DEBUG Aug  2 07:47:52.527415038, errs.go:75] Wrapped error: <nil> -- with: Could not start serviceManager: A State Service instance is already running in the background.: Could not store pid: valueF failed: Service is already running
[DEBUG Aug  2 07:47:52.527471999, main.go:61] state-svc errored out due to input: Could not start serviceManager: A State Service instance is already running in the background.: Could not store pid: valueF failed: Service is already running
