[DEBUG Aug  2 08:18:11.670898579, defaults.go:273] Args: [/home1/wangfeim/.local/ActiveState/StateTool/release/bin/state-svc start]
[DEBUG Aug  2 08:18:11.686023921, locale.go:38] Init
[DEBUG Aug  2 08:18:11.746954712, errs.go:68] Created error: File could not be found
[DEBUG Aug  2 08:18:11.750116832, errs.go:68] Created error: Not Recognized
[DEBUG Aug  2 08:18:11.786133512, errs.go:68] Created error: Secret not found
[DEBUG Aug  2 08:18:11.786183194, errs.go:68] Created error: Could not save keypair
[DEBUG Aug  2 08:18:11.786362763, errs.go:68] Created error: Build responded with error
[DEBUG Aug  2 08:18:11.786397379, errs.go:68] Created error: Unknown build type
[DEBUG Aug  2 08:18:11.786522838, errors.go:86] Wrapped localized error: <nil> -- with: The installed version of the State Tool Service does not match that of the client.
Please stop the service with [ACTIONABLE]state-svc stop[/RESET] and try your command again.
If this issue persists please reinstall the State Tool.

[DEBUG Aug  2 08:18:11.786545206, errs.go:68] Created error: no data
[DEBUG Aug  2 08:18:11.786571041, errs.go:68] Created error: member not found
[DEBUG Aug  2 08:18:11.786597403, errs.go:68] Created error: Commit count is unknowable
[DEBUG Aug  2 08:18:11.786622939, errs.go:68] Created error: No merge required
[DEBUG Aug  2 08:18:11.786645670, errs.go:68] Created error: Can't merge commit thats already in target commits history
[DEBUG Aug  2 08:18:11.786677932, errs.go:68] Created error: Bad expander name
[DEBUG Aug  2 08:18:11.786702470, errs.go:68] Created error: Expander has no handler
[DEBUG Aug  2 08:18:11.787755036, errs.go:68] Created error: Service is already running
[DEBUG Aug  2 08:18:11.824341171, secrets.go:35] Gcloud Secretmanager failed to initialize (ignore if you're not trying to use gcloud): google: could not find default credentials. See https://developers.google.com/accounts/docs/application-default-credentials for more information.
[DEBUG Aug  2 08:18:11.828400439, output.go:53] Requested outputer for 
[DEBUG Aug  2 08:18:11.828427237, output.go:58] Using Plain outputer
[DEBUG Aug  2 08:18:11.828491115, termutils.go:17] Cannot get terminal size: inappropriate ioctl for device
[DEBUG Aug  2 08:18:11.828665156, client.go:128] Reporting event to 2 reporters: run-command, state-svc start, 
[DEBUG Aug  2 08:18:11.828679704, main.go:107] Running CmdStart
[DEBUG Aug  2 08:18:11.835946151, errs.go:75] Wrapped error: Service is already running -- with: valueF failed
[DEBUG Aug  2 08:18:11.836006297, errs.go:75] Wrapped error: valueF failed -- with: Could not store pid
[DEBUG Aug  2 08:18:11.836080445, errors.go:113] Wrapped input error: Could not store pid -- with: A State Service instance is already running in the background.
[DEBUG Aug  2 08:18:11.836096011, errs.go:75] Wrapped error: A State Service instance is already running in the background. -- with: Could not start serviceManager
[DEBUG Aug  2 08:18:11.836167021, client.go:128] Reporting event to 2 reporters: command-exit, state-svc start, 1
[DEBUG Aug  2 08:18:12.214606976, errs.go:75] Wrapped error: <nil> -- with: Could not start serviceManager: A State Service instance is already running in the background.: Could not store pid: valueF failed: Service is already running
[DEBUG Aug  2 08:18:12.214677772, main.go:61] state-svc errored out due to input: Could not start serviceManager: A State Service instance is already running in the background.: Could not store pid: valueF failed: Service is already running
