[DEBUG Aug  2 07:40:40.348381721, defaults.go:273] Args: [/home1/wangfeim/.local/ActiveState/StateTool/release/bin/state-svc start]
[DEBUG Aug  2 07:40:40.363587857, locale.go:38] Init
[DEBUG Aug  2 07:40:40.592503428, errs.go:68] Created error: File could not be found
[DEBUG Aug  2 07:40:40.596339134, errs.go:68] Created error: Not Recognized
[DEBUG Aug  2 07:40:40.619844593, errs.go:68] Created error: Secret not found
[DEBUG Aug  2 07:40:40.620068422, errs.go:68] Created error: Could not save keypair
[DEBUG Aug  2 07:40:40.620365094, errs.go:68] Created error: Build responded with error
[DEBUG Aug  2 07:40:40.620409737, errs.go:68] Created error: Unknown build type
[DEBUG Aug  2 07:40:40.620583717, errors.go:86] Wrapped localized error: <nil> -- with: The installed version of the State Tool Service does not match that of the client.
Please stop the service with [ACTIONABLE]state-svc stop[/RESET] and try your command again.
If this issue persists please reinstall the State Tool.

[DEBUG Aug  2 07:40:40.620609576, errs.go:68] Created error: no data
[DEBUG Aug  2 07:40:40.620647172, errs.go:68] Created error: member not found
[DEBUG Aug  2 07:40:40.620671289, errs.go:68] Created error: Commit count is unknowable
[DEBUG Aug  2 07:40:40.620695214, errs.go:68] Created error: No merge required
[DEBUG Aug  2 07:40:40.620718214, errs.go:68] Created error: Can't merge commit thats already in target commits history
[DEBUG Aug  2 07:40:40.620743182, errs.go:68] Created error: Bad expander name
[DEBUG Aug  2 07:40:40.620770273, errs.go:68] Created error: Expander has no handler
[DEBUG Aug  2 07:40:40.621886598, errs.go:68] Created error: Service is already running
[DEBUG Aug  2 07:40:40.710408128, secrets.go:35] Gcloud Secretmanager failed to initialize (ignore if you're not trying to use gcloud): google: could not find default credentials. See https://developers.google.com/accounts/docs/application-default-credentials for more information.
[DEBUG Aug  2 07:40:40.713597319, output.go:53] Requested outputer for 
[DEBUG Aug  2 07:40:40.713622713, output.go:58] Using Plain outputer
[DEBUG Aug  2 07:40:40.713718491, termutils.go:17] Cannot get terminal size: inappropriate ioctl for device
[DEBUG Aug  2 07:40:40.713872309, client.go:128] Reporting event to 2 reporters: run-command, state-svc start, 
[DEBUG Aug  2 07:40:40.713875559, main.go:107] Running CmdStart
[DEBUG Aug  2 07:40:40.719735176, errs.go:75] Wrapped error: Service is already running -- with: valueF failed
[DEBUG Aug  2 07:40:40.719792654, errs.go:75] Wrapped error: valueF failed -- with: Could not store pid
[DEBUG Aug  2 07:40:40.719864634, errors.go:113] Wrapped input error: Could not store pid -- with: A State Service instance is already running in the background.
[DEBUG Aug  2 07:40:40.719877720, errs.go:75] Wrapped error: A State Service instance is already running in the background. -- with: Could not start serviceManager
[DEBUG Aug  2 07:40:40.719941995, client.go:128] Reporting event to 2 reporters: command-exit, state-svc start, 1
[DEBUG Aug  2 07:40:41.112396327, errs.go:75] Wrapped error: <nil> -- with: Could not start serviceManager: A State Service instance is already running in the background.: Could not store pid: valueF failed: Service is already running
[DEBUG Aug  2 07:40:41.112451237, main.go:61] state-svc errored out due to input: Could not start serviceManager: A State Service instance is already running in the background.: Could not store pid: valueF failed: Service is already running
