[DEBUG Aug  2 08:05:09.027761320, defaults.go:273] Args: [/home1/wangfeim/.local/ActiveState/StateTool/release/bin/state-svc start]
[DEBUG Aug  2 08:05:09.042259606, locale.go:38] Init
[DEBUG Aug  2 08:05:09.689925010, errs.go:68] Created error: File could not be found
[DEBUG Aug  2 08:05:09.692739772, errs.go:68] Created error: Not Recognized
[DEBUG Aug  2 08:05:09.712623904, errs.go:68] Created error: Secret not found
[DEBUG Aug  2 08:05:09.712674694, errs.go:68] Created error: Could not save keypair
[DEBUG Aug  2 08:05:09.712844769, errs.go:68] Created error: Build responded with error
[DEBUG Aug  2 08:05:09.712883908, errs.go:68] Created error: Unknown build type
[DEBUG Aug  2 08:05:09.712999678, errors.go:86] Wrapped localized error: <nil> -- with: The installed version of the State Tool Service does not match that of the client.
Please stop the service with [ACTIONABLE]state-svc stop[/RESET] and try your command again.
If this issue persists please reinstall the State Tool.

[DEBUG Aug  2 08:05:09.713013931, errs.go:68] Created error: no data
[DEBUG Aug  2 08:05:09.713038683, errs.go:68] Created error: member not found
[DEBUG Aug  2 08:05:09.713061069, errs.go:68] Created error: Commit count is unknowable
[DEBUG Aug  2 08:05:09.713083705, errs.go:68] Created error: No merge required
[DEBUG Aug  2 08:05:09.713106374, errs.go:68] Created error: Can't merge commit thats already in target commits history
[DEBUG Aug  2 08:05:09.713136287, errs.go:68] Created error: Bad expander name
[DEBUG Aug  2 08:05:09.713171831, errs.go:68] Created error: Expander has no handler
[DEBUG Aug  2 08:05:09.716306153, errs.go:68] Created error: Service is already running
[DEBUG Aug  2 08:05:09.786315029, secrets.go:35] Gcloud Secretmanager failed to initialize (ignore if you're not trying to use gcloud): google: could not find default credentials. See https://developers.google.com/accounts/docs/application-default-credentials for more information.
[DEBUG Aug  2 08:05:09.790098765, output.go:53] Requested outputer for 
[DEBUG Aug  2 08:05:09.790125924, output.go:58] Using Plain outputer
[DEBUG Aug  2 08:05:09.790204990, termutils.go:17] Cannot get terminal size: inappropriate ioctl for device
[DEBUG Aug  2 08:05:09.790306173, client.go:128] Reporting event to 2 reporters: run-command, state-svc start, 
[DEBUG Aug  2 08:05:09.790382707, main.go:107] Running CmdStart
[DEBUG Aug  2 08:05:09.796458710, errs.go:75] Wrapped error: Service is already running -- with: valueF failed
[DEBUG Aug  2 08:05:09.796522473, errs.go:75] Wrapped error: valueF failed -- with: Could not store pid
[DEBUG Aug  2 08:05:09.796601079, errors.go:113] Wrapped input error: Could not store pid -- with: A State Service instance is already running in the background.
[DEBUG Aug  2 08:05:09.796614713, errs.go:75] Wrapped error: A State Service instance is already running in the background. -- with: Could not start serviceManager
[DEBUG Aug  2 08:05:09.796692683, client.go:128] Reporting event to 2 reporters: command-exit, state-svc start, 1
[DEBUG Aug  2 08:05:10.157894625, errs.go:75] Wrapped error: <nil> -- with: Could not start serviceManager: A State Service instance is already running in the background.: Could not store pid: valueF failed: Service is already running
[DEBUG Aug  2 08:05:10.157984298, main.go:61] state-svc errored out due to input: Could not start serviceManager: A State Service instance is already running in the background.: Could not store pid: valueF failed: Service is already running
