[DEBUG Sep 16 08:05:38.498802727, defaults.go:273] Args: [/home1/wangfeim/.local/ActiveState/StateTool/release/bin/state-svc start]
[DEBUG Sep 16 08:05:38.513411722, locale.go:38] Init
[DEBUG Sep 16 08:05:38.554836161, errs.go:68] Created error: File could not be found
[DEBUG Sep 16 08:05:38.557822891, errs.go:68] Created error: Not Recognized
[DEBUG Sep 16 08:05:38.576897406, errs.go:68] Created error: Secret not found
[DEBUG Sep 16 08:05:38.576949019, errs.go:68] Created error: Could not save keypair
[DEBUG Sep 16 08:05:38.577109352, errs.go:68] Created error: Build responded with error
[DEBUG Sep 16 08:05:38.577136663, errs.go:68] Created error: Unknown build type
[DEBUG Sep 16 08:05:38.577250140, errors.go:86] Wrapped localized error: <nil> -- with: The installed version of the State Tool Service does not match that of the client.
Please stop the service with [ACTIONABLE]state-svc stop[/RESET] and try your command again.
If this issue persists please reinstall the State Tool.

[DEBUG Sep 16 08:05:38.577263971, errs.go:68] Created error: no data
[DEBUG Sep 16 08:05:38.577289114, errs.go:68] Created error: member not found
[DEBUG Sep 16 08:05:38.577311346, errs.go:68] Created error: Commit count is unknowable
[DEBUG Sep 16 08:05:38.577341564, errs.go:68] Created error: No merge required
[DEBUG Sep 16 08:05:38.577365747, errs.go:68] Created error: Can't merge commit thats already in target commits history
[DEBUG Sep 16 08:05:38.577389609, errs.go:68] Created error: Bad expander name
[DEBUG Sep 16 08:05:38.577410643, errs.go:68] Created error: Expander has no handler
[DEBUG Sep 16 08:05:38.579188395, errs.go:68] Created error: Service is already running
[DEBUG Sep 16 08:05:38.604145602, secrets.go:35] Gcloud Secretmanager failed to initialize (ignore if you're not trying to use gcloud): google: could not find default credentials. See https://developers.google.com/accounts/docs/application-default-credentials for more information.
[DEBUG Sep 16 08:05:38.607974083, output.go:53] Requested outputer for 
[DEBUG Sep 16 08:05:38.607995474, output.go:58] Using Plain outputer
[DEBUG Sep 16 08:05:38.608059116, termutils.go:17] Cannot get terminal size: inappropriate ioctl for device
[DEBUG Sep 16 08:05:38.608221394, main.go:107] Running CmdStart
[DEBUG Sep 16 08:05:38.608346458, client.go:128] Reporting event to 2 reporters: run-command, state-svc start, 
[DEBUG Sep 16 08:05:38.615785752, errs.go:75] Wrapped error: Service is already running -- with: valueF failed
[DEBUG Sep 16 08:05:38.615853151, errs.go:75] Wrapped error: valueF failed -- with: Could not store pid
[DEBUG Sep 16 08:05:38.615967444, errors.go:113] Wrapped input error: Could not store pid -- with: A State Service instance is already running in the background.
[DEBUG Sep 16 08:05:38.615983739, errs.go:75] Wrapped error: A State Service instance is already running in the background. -- with: Could not start serviceManager
[DEBUG Sep 16 08:05:38.616087019, client.go:128] Reporting event to 2 reporters: command-exit, state-svc start, 1
[DEBUG Sep 16 08:05:38.971042741, errs.go:75] Wrapped error: <nil> -- with: Could not start serviceManager: A State Service instance is already running in the background.: Could not store pid: valueF failed: Service is already running
[DEBUG Sep 16 08:05:38.971095415, main.go:61] state-svc errored out due to input: Could not start serviceManager: A State Service instance is already running in the background.: Could not store pid: valueF failed: Service is already running
