[DEBUG Sep 16 08:07:13.545609054, defaults.go:273] Args: [/home1/wangfeim/.local/ActiveState/StateTool/release/bin/state-svc start]
[DEBUG Sep 16 08:07:13.560201051, locale.go:38] Init
[DEBUG Sep 16 08:07:13.673152395, errs.go:68] Created error: File could not be found
[DEBUG Sep 16 08:07:13.676405143, errs.go:68] Created error: Not Recognized
[DEBUG Sep 16 08:07:13.700088257, errs.go:68] Created error: Secret not found
[DEBUG Sep 16 08:07:13.700143515, errs.go:68] Created error: Could not save keypair
[DEBUG Sep 16 08:07:13.700314886, errs.go:68] Created error: Build responded with error
[DEBUG Sep 16 08:07:13.700344644, errs.go:68] Created error: Unknown build type
[DEBUG Sep 16 08:07:13.700474862, errors.go:86] Wrapped localized error: <nil> -- with: The installed version of the State Tool Service does not match that of the client.
Please stop the service with [ACTIONABLE]state-svc stop[/RESET] and try your command again.
If this issue persists please reinstall the State Tool.

[DEBUG Sep 16 08:07:13.700490758, errs.go:68] Created error: no data
[DEBUG Sep 16 08:07:13.700525399, errs.go:68] Created error: member not found
[DEBUG Sep 16 08:07:13.700549578, errs.go:68] Created error: Commit count is unknowable
[DEBUG Sep 16 08:07:13.700573931, errs.go:68] Created error: No merge required
[DEBUG Sep 16 08:07:13.700604472, errs.go:68] Created error: Can't merge commit thats already in target commits history
[DEBUG Sep 16 08:07:13.700629477, errs.go:68] Created error: Bad expander name
[DEBUG Sep 16 08:07:13.700654023, errs.go:68] Created error: Expander has no handler
[DEBUG Sep 16 08:07:13.701862418, errs.go:68] Created error: Service is already running
[DEBUG Sep 16 08:07:13.782982337, secrets.go:35] Gcloud Secretmanager failed to initialize (ignore if you're not trying to use gcloud): google: could not find default credentials. See https://developers.google.com/accounts/docs/application-default-credentials for more information.
[DEBUG Sep 16 08:07:13.821017207, output.go:53] Requested outputer for 
[DEBUG Sep 16 08:07:13.821041889, output.go:58] Using Plain outputer
[DEBUG Sep 16 08:07:13.821121743, termutils.go:17] Cannot get terminal size: inappropriate ioctl for device
[DEBUG Sep 16 08:07:13.821263312, client.go:128] Reporting event to 2 reporters: run-command, state-svc start, 
[DEBUG Sep 16 08:07:13.821271186, main.go:107] Running CmdStart
[DEBUG Sep 16 08:07:13.840991579, errs.go:75] Wrapped error: Service is already running -- with: valueF failed
[DEBUG Sep 16 08:07:13.841058263, errs.go:75] Wrapped error: valueF failed -- with: Could not store pid
[DEBUG Sep 16 08:07:13.841139431, errors.go:113] Wrapped input error: Could not store pid -- with: A State Service instance is already running in the background.
[DEBUG Sep 16 08:07:13.841155128, errs.go:75] Wrapped error: A State Service instance is already running in the background. -- with: Could not start serviceManager
[DEBUG Sep 16 08:07:13.841263568, client.go:128] Reporting event to 2 reporters: command-exit, state-svc start, 1
[DEBUG Sep 16 08:07:14.181344810, errs.go:75] Wrapped error: <nil> -- with: Could not start serviceManager: A State Service instance is already running in the background.: Could not store pid: valueF failed: Service is already running
[DEBUG Sep 16 08:07:14.181397337, main.go:61] state-svc errored out due to input: Could not start serviceManager: A State Service instance is already running in the background.: Could not store pid: valueF failed: Service is already running
