[DEBUG Aug  2 08:08:20.503108316, defaults.go:273] Args: [/home1/wangfeim/.local/ActiveState/StateTool/release/bin/state-svc start]
[DEBUG Aug  2 08:08:20.517999744, locale.go:38] Init
[DEBUG Aug  2 08:08:20.599787107, errs.go:68] Created error: File could not be found
[DEBUG Aug  2 08:08:20.602817110, errs.go:68] Created error: Not Recognized
[DEBUG Aug  2 08:08:20.624971123, errs.go:68] Created error: Secret not found
[DEBUG Aug  2 08:08:20.625040187, errs.go:68] Created error: Could not save keypair
[DEBUG Aug  2 08:08:20.625373218, errs.go:68] Created error: Build responded with error
[DEBUG Aug  2 08:08:20.625420445, errs.go:68] Created error: Unknown build type
[DEBUG Aug  2 08:08:20.625620729, errors.go:86] Wrapped localized error: <nil> -- with: The installed version of the State Tool Service does not match that of the client.
Please stop the service with [ACTIONABLE]state-svc stop[/RESET] and try your command again.
If this issue persists please reinstall the State Tool.

[DEBUG Aug  2 08:08:20.625668720, errs.go:68] Created error: no data
[DEBUG Aug  2 08:08:20.625709120, errs.go:68] Created error: member not found
[DEBUG Aug  2 08:08:20.625772105, errs.go:68] Created error: Commit count is unknowable
[DEBUG Aug  2 08:08:20.625812718, errs.go:68] Created error: No merge required
[DEBUG Aug  2 08:08:20.625860885, errs.go:68] Created error: Can't merge commit thats already in target commits history
[DEBUG Aug  2 08:08:20.625938240, errs.go:68] Created error: Bad expander name
[DEBUG Aug  2 08:08:20.626158547, errs.go:68] Created error: Expander has no handler
[DEBUG Aug  2 08:08:20.627375107, errs.go:68] Created error: Service is already running
[DEBUG Aug  2 08:08:20.700108331, secrets.go:35] Gcloud Secretmanager failed to initialize (ignore if you're not trying to use gcloud): google: could not find default credentials. See https://developers.google.com/accounts/docs/application-default-credentials for more information.
[DEBUG Aug  2 08:08:20.703511757, output.go:53] Requested outputer for 
[DEBUG Aug  2 08:08:20.703535361, output.go:58] Using Plain outputer
[DEBUG Aug  2 08:08:20.703614368, termutils.go:17] Cannot get terminal size: inappropriate ioctl for device
[DEBUG Aug  2 08:08:20.703723713, client.go:128] Reporting event to 2 reporters: run-command, state-svc start, 
[DEBUG Aug  2 08:08:20.703811318, main.go:107] Running CmdStart
[DEBUG Aug  2 08:08:20.709535401, errs.go:75] Wrapped error: Service is already running -- with: valueF failed
[DEBUG Aug  2 08:08:20.709594785, errs.go:75] Wrapped error: valueF failed -- with: Could not store pid
[DEBUG Aug  2 08:08:20.709666219, errors.go:113] Wrapped input error: Could not store pid -- with: A State Service instance is already running in the background.
[DEBUG Aug  2 08:08:20.709680768, errs.go:75] Wrapped error: A State Service instance is already running in the background. -- with: Could not start serviceManager
[DEBUG Aug  2 08:08:20.709769021, client.go:128] Reporting event to 2 reporters: command-exit, state-svc start, 1
[DEBUG Aug  2 08:08:21.077798209, errs.go:75] Wrapped error: <nil> -- with: Could not start serviceManager: A State Service instance is already running in the background.: Could not store pid: valueF failed: Service is already running
[DEBUG Aug  2 08:08:21.077855568, main.go:61] state-svc errored out due to input: Could not start serviceManager: A State Service instance is already running in the background.: Could not store pid: valueF failed: Service is already running
