[DEBUG Mar  8 22:49:01.994289201, defaults.go:273] Args: [/home1/wangfeim/.local/ActiveState/StateTool/release/bin/state-svc start]
[DEBUG Mar  8 22:49:02.005240209, locale.go:38] Init
[DEBUG Mar  8 22:49:02.035419872, errs.go:68] Created error: File could not be found
[DEBUG Mar  8 22:49:02.038043228, errs.go:68] Created error: Not Recognized
[DEBUG Mar  8 22:49:02.054870474, errs.go:68] Created error: Secret not found
[DEBUG Mar  8 22:49:02.054903165, errs.go:68] Created error: Could not save keypair
[DEBUG Mar  8 22:49:02.055047013, errs.go:68] Created error: Build responded with error
[DEBUG Mar  8 22:49:02.055068799, errs.go:68] Created error: Unknown build type
[DEBUG Mar  8 22:49:02.055155597, errors.go:86] Wrapped localized error: <nil> -- with: The installed version of the State Tool Service does not match that of the client.
Please stop the service with [ACTIONABLE]state-svc stop[/RESET] and try your command again.
If this issue persists please reinstall the State Tool.

[DEBUG Mar  8 22:49:02.055164200, errs.go:68] Created error: no data
[DEBUG Mar  8 22:49:02.055182295, errs.go:68] Created error: member not found
[DEBUG Mar  8 22:49:02.055198845, errs.go:68] Created error: Commit count is unknowable
[DEBUG Mar  8 22:49:02.055215142, errs.go:68] Created error: No merge required
[DEBUG Mar  8 22:49:02.055231229, errs.go:68] Created error: Can't merge commit thats already in target commits history
[DEBUG Mar  8 22:49:02.055247186, errs.go:68] Created error: Bad expander name
[DEBUG Mar  8 22:49:02.055262686, errs.go:68] Created error: Expander has no handler
[DEBUG Mar  8 22:49:02.057407790, errs.go:68] Created error: Service is already running
[DEBUG Mar  8 22:49:02.080080062, secrets.go:35] Gcloud Secretmanager failed to initialize (ignore if you're not trying to use gcloud): google: could not find default credentials. See https://developers.google.com/accounts/docs/application-default-credentials for more information.
[DEBUG Mar  8 22:49:02.083219465, output.go:53] Requested outputer for 
[DEBUG Mar  8 22:49:02.083233707, output.go:58] Using Plain outputer
[DEBUG Mar  8 22:49:02.083288295, termutils.go:17] Cannot get terminal size: inappropriate ioctl for device
[DEBUG Mar  8 22:49:02.083362437, client.go:128] Reporting event to 2 reporters: run-command, state-svc start, 
[DEBUG Mar  8 22:49:02.083435148, main.go:107] Running CmdStart
[DEBUG Mar  8 22:49:02.090377317, errs.go:75] Wrapped error: Service is already running -- with: valueF failed
[DEBUG Mar  8 22:49:02.090414400, errs.go:75] Wrapped error: valueF failed -- with: Could not store pid
[DEBUG Mar  8 22:49:02.090464948, errors.go:113] Wrapped input error: Could not store pid -- with: A State Service instance is already running in the background.
[DEBUG Mar  8 22:49:02.090474009, errs.go:75] Wrapped error: A State Service instance is already running in the background. -- with: Could not start serviceManager
[DEBUG Mar  8 22:49:02.090529418, client.go:128] Reporting event to 2 reporters: command-exit, state-svc start, 1
[DEBUG Mar  8 22:49:02.442888247, errs.go:75] Wrapped error: <nil> -- with: Could not start serviceManager: A State Service instance is already running in the background.: Could not store pid: valueF failed: Service is already running
[DEBUG Mar  8 22:49:02.442932698, main.go:61] state-svc errored out due to input: Could not start serviceManager: A State Service instance is already running in the background.: Could not store pid: valueF failed: Service is already running
