[DEBUG Aug  2 08:02:11.628322499, defaults.go:273] Args: [/home1/wangfeim/.local/ActiveState/StateTool/release/bin/state-svc start]
[DEBUG Aug  2 08:02:11.642280703, locale.go:38] Init
[DEBUG Aug  2 08:02:11.706337620, errs.go:68] Created error: File could not be found
[DEBUG Aug  2 08:02:11.709766200, errs.go:68] Created error: Not Recognized
[DEBUG Aug  2 08:02:11.731983385, errs.go:68] Created error: Secret not found
[DEBUG Aug  2 08:02:11.732034320, errs.go:68] Created error: Could not save keypair
[DEBUG Aug  2 08:02:11.732191955, errs.go:68] Created error: Build responded with error
[DEBUG Aug  2 08:02:11.732222830, errs.go:68] Created error: Unknown build type
[DEBUG Aug  2 08:02:11.732334988, errors.go:86] Wrapped localized error: <nil> -- with: The installed version of the State Tool Service does not match that of the client.
Please stop the service with [ACTIONABLE]state-svc stop[/RESET] and try your command again.
If this issue persists please reinstall the State Tool.

[DEBUG Aug  2 08:02:11.732357107, errs.go:68] Created error: no data
[DEBUG Aug  2 08:02:11.732381082, errs.go:68] Created error: member not found
[DEBUG Aug  2 08:02:11.732402478, errs.go:68] Created error: Commit count is unknowable
[DEBUG Aug  2 08:02:11.732422320, errs.go:68] Created error: No merge required
[DEBUG Aug  2 08:02:11.732443906, errs.go:68] Created error: Can't merge commit thats already in target commits history
[DEBUG Aug  2 08:02:11.732468352, errs.go:68] Created error: Bad expander name
[DEBUG Aug  2 08:02:11.732488769, errs.go:68] Created error: Expander has no handler
[DEBUG Aug  2 08:02:11.733524026, errs.go:68] Created error: Service is already running
[DEBUG Aug  2 08:02:11.794146741, secrets.go:35] Gcloud Secretmanager failed to initialize (ignore if you're not trying to use gcloud): google: could not find default credentials. See https://developers.google.com/accounts/docs/application-default-credentials for more information.
[DEBUG Aug  2 08:02:11.798336772, output.go:53] Requested outputer for 
[DEBUG Aug  2 08:02:11.798356880, output.go:58] Using Plain outputer
[DEBUG Aug  2 08:02:11.798412222, termutils.go:17] Cannot get terminal size: inappropriate ioctl for device
[DEBUG Aug  2 08:02:11.798513655, client.go:128] Reporting event to 2 reporters: run-command, state-svc start, 
[DEBUG Aug  2 08:02:11.798532222, main.go:107] Running CmdStart
[DEBUG Aug  2 08:02:11.803973401, errs.go:75] Wrapped error: Service is already running -- with: valueF failed
[DEBUG Aug  2 08:02:11.804030162, errs.go:75] Wrapped error: valueF failed -- with: Could not store pid
[DEBUG Aug  2 08:02:11.804095626, errors.go:113] Wrapped input error: Could not store pid -- with: A State Service instance is already running in the background.
[DEBUG Aug  2 08:02:11.804108360, errs.go:75] Wrapped error: A State Service instance is already running in the background. -- with: Could not start serviceManager
[DEBUG Aug  2 08:02:11.804174302, client.go:128] Reporting event to 2 reporters: command-exit, state-svc start, 1
[DEBUG Aug  2 08:02:12.185107154, errs.go:75] Wrapped error: <nil> -- with: Could not start serviceManager: A State Service instance is already running in the background.: Could not store pid: valueF failed: Service is already running
[DEBUG Aug  2 08:02:12.185208428, main.go:61] state-svc errored out due to input: Could not start serviceManager: A State Service instance is already running in the background.: Could not store pid: valueF failed: Service is already running
