[DEBUG Aug  2 08:20:04.034152054, defaults.go:273] Args: [/home1/wangfeim/.local/ActiveState/StateTool/release/bin/state-svc start]
[DEBUG Aug  2 08:20:04.047895740, locale.go:38] Init
[DEBUG Aug  2 08:20:04.491277491, errs.go:68] Created error: File could not be found
[DEBUG Aug  2 08:20:04.494686677, errs.go:68] Created error: Not Recognized
[DEBUG Aug  2 08:20:04.515008231, errs.go:68] Created error: Secret not found
[DEBUG Aug  2 08:20:04.515130260, errs.go:68] Created error: Could not save keypair
[DEBUG Aug  2 08:20:04.515961972, errs.go:68] Created error: Build responded with error
[DEBUG Aug  2 08:20:04.516104190, errs.go:68] Created error: Unknown build type
[DEBUG Aug  2 08:20:04.516837442, errors.go:86] Wrapped localized error: <nil> -- with: The installed version of the State Tool Service does not match that of the client.
Please stop the service with [ACTIONABLE]state-svc stop[/RESET] and try your command again.
If this issue persists please reinstall the State Tool.

[DEBUG Aug  2 08:20:04.516868498, errs.go:68] Created error: no data
[DEBUG Aug  2 08:20:04.516914129, errs.go:68] Created error: member not found
[DEBUG Aug  2 08:20:04.516943943, errs.go:68] Created error: Commit count is unknowable
[DEBUG Aug  2 08:20:04.516976326, errs.go:68] Created error: No merge required
[DEBUG Aug  2 08:20:04.517009223, errs.go:68] Created error: Can't merge commit thats already in target commits history
[DEBUG Aug  2 08:20:04.517043157, errs.go:68] Created error: Bad expander name
[DEBUG Aug  2 08:20:04.517071183, errs.go:68] Created error: Expander has no handler
[DEBUG Aug  2 08:20:04.518352122, errs.go:68] Created error: Service is already running
[DEBUG Aug  2 08:20:04.585958212, secrets.go:35] Gcloud Secretmanager failed to initialize (ignore if you're not trying to use gcloud): google: could not find default credentials. See https://developers.google.com/accounts/docs/application-default-credentials for more information.
[DEBUG Aug  2 08:20:04.589368779, output.go:53] Requested outputer for 
[DEBUG Aug  2 08:20:04.589393433, output.go:58] Using Plain outputer
[DEBUG Aug  2 08:20:04.589477786, termutils.go:17] Cannot get terminal size: inappropriate ioctl for device
[DEBUG Aug  2 08:20:04.589581141, client.go:128] Reporting event to 2 reporters: run-command, state-svc start, 
[DEBUG Aug  2 08:20:04.589640066, main.go:107] Running CmdStart
[DEBUG Aug  2 08:20:04.595477801, errs.go:75] Wrapped error: Service is already running -- with: valueF failed
[DEBUG Aug  2 08:20:04.595552106, errs.go:75] Wrapped error: valueF failed -- with: Could not store pid
[DEBUG Aug  2 08:20:04.595629118, errors.go:113] Wrapped input error: Could not store pid -- with: A State Service instance is already running in the background.
[DEBUG Aug  2 08:20:04.595645018, errs.go:75] Wrapped error: A State Service instance is already running in the background. -- with: Could not start serviceManager
[DEBUG Aug  2 08:20:04.595721434, client.go:128] Reporting event to 2 reporters: command-exit, state-svc start, 1
[DEBUG Aug  2 08:20:04.927397668, errs.go:75] Wrapped error: <nil> -- with: Could not start serviceManager: A State Service instance is already running in the background.: Could not store pid: valueF failed: Service is already running
[DEBUG Aug  2 08:20:04.927458277, main.go:61] state-svc errored out due to input: Could not start serviceManager: A State Service instance is already running in the background.: Could not store pid: valueF failed: Service is already running
