[DEBUG Aug  2 08:03:24.502783145, defaults.go:273] Args: [/home1/wangfeim/.local/ActiveState/StateTool/release/bin/state-svc start]
[DEBUG Aug  2 08:03:24.517350222, locale.go:38] Init
[DEBUG Aug  2 08:03:24.612962374, errs.go:68] Created error: File could not be found
[DEBUG Aug  2 08:03:24.616097294, errs.go:68] Created error: Not Recognized
[DEBUG Aug  2 08:03:24.688988715, errs.go:68] Created error: Secret not found
[DEBUG Aug  2 08:03:24.689040524, errs.go:68] Created error: Could not save keypair
[DEBUG Aug  2 08:03:24.689201142, errs.go:68] Created error: Build responded with error
[DEBUG Aug  2 08:03:24.689234518, errs.go:68] Created error: Unknown build type
[DEBUG Aug  2 08:03:24.689341495, errors.go:86] Wrapped localized error: <nil> -- with: The installed version of the State Tool Service does not match that of the client.
Please stop the service with [ACTIONABLE]state-svc stop[/RESET] and try your command again.
If this issue persists please reinstall the State Tool.

[DEBUG Aug  2 08:03:24.689355286, errs.go:68] Created error: no data
[DEBUG Aug  2 08:03:24.689377451, errs.go:68] Created error: member not found
[DEBUG Aug  2 08:03:24.689408969, errs.go:68] Created error: Commit count is unknowable
[DEBUG Aug  2 08:03:24.689431460, errs.go:68] Created error: No merge required
[DEBUG Aug  2 08:03:24.689453020, errs.go:68] Created error: Can't merge commit thats already in target commits history
[DEBUG Aug  2 08:03:24.689477628, errs.go:68] Created error: Bad expander name
[DEBUG Aug  2 08:03:24.689499542, errs.go:68] Created error: Expander has no handler
[DEBUG Aug  2 08:03:24.690645662, errs.go:68] Created error: Service is already running
[DEBUG Aug  2 08:03:24.720279597, secrets.go:35] Gcloud Secretmanager failed to initialize (ignore if you're not trying to use gcloud): google: could not find default credentials. See https://developers.google.com/accounts/docs/application-default-credentials for more information.
[DEBUG Aug  2 08:03:24.723878399, output.go:53] Requested outputer for 
[DEBUG Aug  2 08:03:24.723901357, output.go:58] Using Plain outputer
[DEBUG Aug  2 08:03:24.723976541, termutils.go:17] Cannot get terminal size: inappropriate ioctl for device
[DEBUG Aug  2 08:03:24.724067510, client.go:128] Reporting event to 2 reporters: run-command, state-svc start, 
[DEBUG Aug  2 08:03:24.724121899, main.go:107] Running CmdStart
[DEBUG Aug  2 08:03:24.729830836, errs.go:75] Wrapped error: Service is already running -- with: valueF failed
[DEBUG Aug  2 08:03:24.729885435, errs.go:75] Wrapped error: valueF failed -- with: Could not store pid
[DEBUG Aug  2 08:03:24.729954067, errors.go:113] Wrapped input error: Could not store pid -- with: A State Service instance is already running in the background.
[DEBUG Aug  2 08:03:24.729966882, errs.go:75] Wrapped error: A State Service instance is already running in the background. -- with: Could not start serviceManager
[DEBUG Aug  2 08:03:24.730049229, client.go:128] Reporting event to 2 reporters: command-exit, state-svc start, 1
[DEBUG Aug  2 08:03:25.127108888, errs.go:75] Wrapped error: <nil> -- with: Could not start serviceManager: A State Service instance is already running in the background.: Could not store pid: valueF failed: Service is already running
[DEBUG Aug  2 08:03:25.127179205, main.go:61] state-svc errored out due to input: Could not start serviceManager: A State Service instance is already running in the background.: Could not store pid: valueF failed: Service is already running
