[DEBUG Aug  2 08:10:01.950332687, defaults.go:273] Args: [/home1/wangfeim/.local/ActiveState/StateTool/release/bin/state-svc start]
[DEBUG Aug  2 08:10:01.991658701, locale.go:38] Init
[DEBUG Aug  2 08:10:02.037633501, errs.go:68] Created error: File could not be found
[DEBUG Aug  2 08:10:02.040754712, errs.go:68] Created error: Not Recognized
[DEBUG Aug  2 08:10:02.091126202, errs.go:68] Created error: Secret not found
[DEBUG Aug  2 08:10:02.091208690, errs.go:68] Created error: Could not save keypair
[DEBUG Aug  2 08:10:02.091475507, errs.go:68] Created error: Build responded with error
[DEBUG Aug  2 08:10:02.091527487, errs.go:68] Created error: Unknown build type
[DEBUG Aug  2 08:10:02.091739333, errors.go:86] Wrapped localized error: <nil> -- with: The installed version of the State Tool Service does not match that of the client.
Please stop the service with [ACTIONABLE]state-svc stop[/RESET] and try your command again.
If this issue persists please reinstall the State Tool.

[DEBUG Aug  2 08:10:02.091759902, errs.go:68] Created error: no data
[DEBUG Aug  2 08:10:02.091787862, errs.go:68] Created error: member not found
[DEBUG Aug  2 08:10:02.091814147, errs.go:68] Created error: Commit count is unknowable
[DEBUG Aug  2 08:10:02.091854124, errs.go:68] Created error: No merge required
[DEBUG Aug  2 08:10:02.091885404, errs.go:68] Created error: Can't merge commit thats already in target commits history
[DEBUG Aug  2 08:10:02.091930104, errs.go:68] Created error: Bad expander name
[DEBUG Aug  2 08:10:02.091971950, errs.go:68] Created error: Expander has no handler
[DEBUG Aug  2 08:10:02.093662349, errs.go:68] Created error: Service is already running
[DEBUG Aug  2 08:10:02.124742164, secrets.go:35] Gcloud Secretmanager failed to initialize (ignore if you're not trying to use gcloud): google: could not find default credentials. See https://developers.google.com/accounts/docs/application-default-credentials for more information.
[DEBUG Aug  2 08:10:02.128201075, output.go:53] Requested outputer for 
[DEBUG Aug  2 08:10:02.128232596, output.go:58] Using Plain outputer
[DEBUG Aug  2 08:10:02.128329910, termutils.go:17] Cannot get terminal size: inappropriate ioctl for device
[DEBUG Aug  2 08:10:02.128417647, client.go:128] Reporting event to 2 reporters: run-command, state-svc start, 
[DEBUG Aug  2 08:10:02.128567265, main.go:107] Running CmdStart
[DEBUG Aug  2 08:10:02.134997707, errs.go:75] Wrapped error: Service is already running -- with: valueF failed
[DEBUG Aug  2 08:10:02.135073273, errs.go:75] Wrapped error: valueF failed -- with: Could not store pid
[DEBUG Aug  2 08:10:02.135151969, errors.go:113] Wrapped input error: Could not store pid -- with: A State Service instance is already running in the background.
[DEBUG Aug  2 08:10:02.135166914, errs.go:75] Wrapped error: A State Service instance is already running in the background. -- with: Could not start serviceManager
[DEBUG Aug  2 08:10:02.135246171, client.go:128] Reporting event to 2 reporters: command-exit, state-svc start, 1
[DEBUG Aug  2 08:10:02.502446144, errs.go:75] Wrapped error: <nil> -- with: Could not start serviceManager: A State Service instance is already running in the background.: Could not store pid: valueF failed: Service is already running
[DEBUG Aug  2 08:10:02.502516434, main.go:61] state-svc errored out due to input: Could not start serviceManager: A State Service instance is already running in the background.: Could not store pid: valueF failed: Service is already running
