[DEBUG Sep 17 03:11:58.114472786, errs.go:68] Created error: File could not be found
[DEBUG Sep 17 03:11:58.123244130, errs.go:68] Created error: Not Recognized
[DEBUG Sep 17 03:11:58.114673180, log.go:184] Rollbar error: empty token

[DEBUG Sep 17 03:11:58.170640560, errs.go:68] Created error: Secret not found
[DEBUG Sep 17 03:11:58.170765919, errs.go:68] Created error: Could not save keypair
[DEBUG Sep 17 03:11:58.171154792, errs.go:68] Created error: Build responded with error
[DEBUG Sep 17 03:11:58.171191873, errs.go:68] Created error: Unknown build type
[DEBUG Sep 17 03:11:58.171491800, errors.go:86] Wrapped localized error: <nil> -- with: The installed version of the State Tool Service does not match that of the client.
Please stop the service with [ACTIONABLE]state-svc stop[/RESET] and try your command again.
If this issue persists please reinstall the State Tool.

[DEBUG Sep 17 03:11:58.171514069, errs.go:68] Created error: no data
[DEBUG Sep 17 03:11:58.171542588, errs.go:68] Created error: member not found
[DEBUG Sep 17 03:11:58.171561250, errs.go:68] Created error: Commit count is unknowable
[DEBUG Sep 17 03:11:58.171597375, errs.go:68] Created error: No merge required
[DEBUG Sep 17 03:11:58.171801583, errs.go:68] Created error: Can't merge commit thats already in target commits history
[DEBUG Sep 17 03:11:58.171962059, errs.go:68] Created error: Bad expander name
[DEBUG Sep 17 03:11:58.172003097, errs.go:68] Created error: Expander has no handler
[DEBUG Sep 17 03:11:58.173329254, errs.go:68] Created error: Service is already running
[DEBUG Sep 17 03:11:58.263970402, secrets.go:35] Gcloud Secretmanager failed to initialize (ignore if you're not trying to use gcloud): google: could not find default credentials. See https://developers.google.com/accounts/docs/application-default-credentials for more information.
[DEBUG Sep 17 03:11:58.271925199, output.go:53] Requested outputer for 
[DEBUG Sep 17 03:11:58.271989422, output.go:58] Using Plain outputer
[DEBUG Sep 17 03:11:58.272349351, termutils.go:17] Cannot get terminal size: inappropriate ioctl for device
[DEBUG Sep 17 03:11:58.273376808, client.go:128] Reporting event to 2 reporters: run-command, state-svc foreground, 
[DEBUG Sep 17 03:11:58.273892251, main.go:137] Running CmdForeground
[DEBUG Sep 17 03:11:58.273911550, main.go:147] Running in Foreground
[DEBUG Sep 17 03:11:58.274142500, service.go:30] service:Start
