[DEBUG Aug  2 08:02:16.338126120, defaults.go:273] Args: [/home1/wangfeim/.local/ActiveState/StateTool/release/bin/state-svc start]
[DEBUG Aug  2 08:02:16.352265002, locale.go:38] Init
[DEBUG Aug  2 08:02:17.157050619, errs.go:68] Created error: File could not be found
[DEBUG Aug  2 08:02:17.160346145, errs.go:68] Created error: Not Recognized
[DEBUG Aug  2 08:02:17.182245915, errs.go:68] Created error: Secret not found
[DEBUG Aug  2 08:02:17.182314083, errs.go:68] Created error: Could not save keypair
[DEBUG Aug  2 08:02:17.182495001, errs.go:68] Created error: Build responded with error
[DEBUG Aug  2 08:02:17.182530625, errs.go:68] Created error: Unknown build type
[DEBUG Aug  2 08:02:17.182666356, errors.go:86] Wrapped localized error: <nil> -- with: The installed version of the State Tool Service does not match that of the client.
Please stop the service with [ACTIONABLE]state-svc stop[/RESET] and try your command again.
If this issue persists please reinstall the State Tool.

[DEBUG Aug  2 08:02:17.182680978, errs.go:68] Created error: no data
[DEBUG Aug  2 08:02:17.182706025, errs.go:68] Created error: member not found
[DEBUG Aug  2 08:02:17.182740842, errs.go:68] Created error: Commit count is unknowable
[DEBUG Aug  2 08:02:17.182766963, errs.go:68] Created error: No merge required
[DEBUG Aug  2 08:02:17.182790571, errs.go:68] Created error: Can't merge commit thats already in target commits history
[DEBUG Aug  2 08:02:17.182815094, errs.go:68] Created error: Bad expander name
[DEBUG Aug  2 08:02:17.182838321, errs.go:68] Created error: Expander has no handler
[DEBUG Aug  2 08:02:17.183751212, errs.go:68] Created error: Service is already running
[DEBUG Aug  2 08:02:17.213714872, secrets.go:35] Gcloud Secretmanager failed to initialize (ignore if you're not trying to use gcloud): google: could not find default credentials. See https://developers.google.com/accounts/docs/application-default-credentials for more information.
[DEBUG Aug  2 08:02:17.217101823, output.go:53] Requested outputer for 
[DEBUG Aug  2 08:02:17.217126628, output.go:58] Using Plain outputer
[DEBUG Aug  2 08:02:17.217216362, termutils.go:17] Cannot get terminal size: inappropriate ioctl for device
[DEBUG Aug  2 08:02:17.217306163, client.go:128] Reporting event to 2 reporters: run-command, state-svc start, 
[DEBUG Aug  2 08:02:17.217371198, main.go:107] Running CmdStart
[DEBUG Aug  2 08:02:17.224284477, errs.go:75] Wrapped error: Service is already running -- with: valueF failed
[DEBUG Aug  2 08:02:17.224373182, errs.go:75] Wrapped error: valueF failed -- with: Could not store pid
[DEBUG Aug  2 08:02:17.224521494, errors.go:113] Wrapped input error: Could not store pid -- with: A State Service instance is already running in the background.
[DEBUG Aug  2 08:02:17.224554284, errs.go:75] Wrapped error: A State Service instance is already running in the background. -- with: Could not start serviceManager
[DEBUG Aug  2 08:02:17.224925138, client.go:128] Reporting event to 2 reporters: command-exit, state-svc start, 1
[DEBUG Aug  2 08:02:17.596373055, errs.go:75] Wrapped error: <nil> -- with: Could not start serviceManager: A State Service instance is already running in the background.: Could not store pid: valueF failed: Service is already running
[DEBUG Aug  2 08:02:17.596437117, main.go:61] state-svc errored out due to input: Could not start serviceManager: A State Service instance is already running in the background.: Could not store pid: valueF failed: Service is already running
