[DEBUG Aug  2 07:56:04.169092325, defaults.go:273] Args: [/home1/wangfeim/.local/ActiveState/StateTool/release/bin/state-svc start]
[DEBUG Aug  2 07:56:04.183994894, locale.go:38] Init
[DEBUG Aug  2 07:56:04.250423953, errs.go:68] Created error: File could not be found
[DEBUG Aug  2 07:56:04.253486651, errs.go:68] Created error: Not Recognized
[DEBUG Aug  2 07:56:04.274755754, errs.go:68] Created error: Secret not found
[DEBUG Aug  2 07:56:04.274806980, errs.go:68] Created error: Could not save keypair
[DEBUG Aug  2 07:56:04.274981224, errs.go:68] Created error: Build responded with error
[DEBUG Aug  2 07:56:04.275010822, errs.go:68] Created error: Unknown build type
[DEBUG Aug  2 07:56:04.275127371, errors.go:86] Wrapped localized error: <nil> -- with: The installed version of the State Tool Service does not match that of the client.
Please stop the service with [ACTIONABLE]state-svc stop[/RESET] and try your command again.
If this issue persists please reinstall the State Tool.

[DEBUG Aug  2 07:56:04.275143393, errs.go:68] Created error: no data
[DEBUG Aug  2 07:56:04.275170270, errs.go:68] Created error: member not found
[DEBUG Aug  2 07:56:04.275207127, errs.go:68] Created error: Commit count is unknowable
[DEBUG Aug  2 07:56:04.275238518, errs.go:68] Created error: No merge required
[DEBUG Aug  2 07:56:04.275261808, errs.go:68] Created error: Can't merge commit thats already in target commits history
[DEBUG Aug  2 07:56:04.275285273, errs.go:68] Created error: Bad expander name
[DEBUG Aug  2 07:56:04.275307458, errs.go:68] Created error: Expander has no handler
[DEBUG Aug  2 07:56:04.276308077, errs.go:68] Created error: Service is already running
[DEBUG Aug  2 07:56:04.308231008, secrets.go:35] Gcloud Secretmanager failed to initialize (ignore if you're not trying to use gcloud): google: could not find default credentials. See https://developers.google.com/accounts/docs/application-default-credentials for more information.
[DEBUG Aug  2 07:56:04.312001976, output.go:53] Requested outputer for 
[DEBUG Aug  2 07:56:04.312025638, output.go:58] Using Plain outputer
[DEBUG Aug  2 07:56:04.312106436, termutils.go:17] Cannot get terminal size: inappropriate ioctl for device
[DEBUG Aug  2 07:56:04.312194589, client.go:128] Reporting event to 2 reporters: run-command, state-svc start, 
[DEBUG Aug  2 07:56:04.312241405, main.go:107] Running CmdStart
[DEBUG Aug  2 07:56:04.317844404, errs.go:75] Wrapped error: Service is already running -- with: valueF failed
[DEBUG Aug  2 07:56:04.317926661, errs.go:75] Wrapped error: valueF failed -- with: Could not store pid
[DEBUG Aug  2 07:56:04.318010123, errors.go:113] Wrapped input error: Could not store pid -- with: A State Service instance is already running in the background.
[DEBUG Aug  2 07:56:04.318026706, errs.go:75] Wrapped error: A State Service instance is already running in the background. -- with: Could not start serviceManager
[DEBUG Aug  2 07:56:04.318147997, client.go:128] Reporting event to 2 reporters: command-exit, state-svc start, 1
[DEBUG Aug  2 07:56:04.705523115, errs.go:75] Wrapped error: <nil> -- with: Could not start serviceManager: A State Service instance is already running in the background.: Could not store pid: valueF failed: Service is already running
[DEBUG Aug  2 07:56:04.705619782, main.go:61] state-svc errored out due to input: Could not start serviceManager: A State Service instance is already running in the background.: Could not store pid: valueF failed: Service is already running
