[DEBUG Aug  2 08:20:31.720989223, defaults.go:273] Args: [/home1/wangfeim/.local/ActiveState/StateTool/release/bin/state-svc start]
[DEBUG Aug  2 08:20:31.734977686, locale.go:38] Init
[DEBUG Aug  2 08:20:31.774620011, errs.go:68] Created error: File could not be found
[DEBUG Aug  2 08:20:31.777197741, errs.go:68] Created error: Not Recognized
[DEBUG Aug  2 08:20:31.797071198, errs.go:68] Created error: Secret not found
[DEBUG Aug  2 08:20:31.797119782, errs.go:68] Created error: Could not save keypair
[DEBUG Aug  2 08:20:31.797289374, errs.go:68] Created error: Build responded with error
[DEBUG Aug  2 08:20:31.797319625, errs.go:68] Created error: Unknown build type
[DEBUG Aug  2 08:20:31.797437070, errors.go:86] Wrapped localized error: <nil> -- with: The installed version of the State Tool Service does not match that of the client.
Please stop the service with [ACTIONABLE]state-svc stop[/RESET] and try your command again.
If this issue persists please reinstall the State Tool.

[DEBUG Aug  2 08:20:31.797452270, errs.go:68] Created error: no data
[DEBUG Aug  2 08:20:31.797483398, errs.go:68] Created error: member not found
[DEBUG Aug  2 08:20:31.797508201, errs.go:68] Created error: Commit count is unknowable
[DEBUG Aug  2 08:20:31.797531958, errs.go:68] Created error: No merge required
[DEBUG Aug  2 08:20:31.797563538, errs.go:68] Created error: Can't merge commit thats already in target commits history
[DEBUG Aug  2 08:20:31.797587443, errs.go:68] Created error: Bad expander name
[DEBUG Aug  2 08:20:31.797611044, errs.go:68] Created error: Expander has no handler
[DEBUG Aug  2 08:20:31.798559082, errs.go:68] Created error: Service is already running
[DEBUG Aug  2 08:20:31.824712057, secrets.go:35] Gcloud Secretmanager failed to initialize (ignore if you're not trying to use gcloud): google: could not find default credentials. See https://developers.google.com/accounts/docs/application-default-credentials for more information.
[DEBUG Aug  2 08:20:31.827989429, output.go:53] Requested outputer for 
[DEBUG Aug  2 08:20:31.828008177, output.go:58] Using Plain outputer
[DEBUG Aug  2 08:20:31.828071943, termutils.go:17] Cannot get terminal size: inappropriate ioctl for device
[DEBUG Aug  2 08:20:31.828213855, client.go:128] Reporting event to 2 reporters: run-command, state-svc start, 
[DEBUG Aug  2 08:20:31.828339030, main.go:107] Running CmdStart
[DEBUG Aug  2 08:20:31.833948234, errs.go:75] Wrapped error: Service is already running -- with: valueF failed
[DEBUG Aug  2 08:20:31.834023000, errs.go:75] Wrapped error: valueF failed -- with: Could not store pid
[DEBUG Aug  2 08:20:31.834098386, errors.go:113] Wrapped input error: Could not store pid -- with: A State Service instance is already running in the background.
[DEBUG Aug  2 08:20:31.834112096, errs.go:75] Wrapped error: A State Service instance is already running in the background. -- with: Could not start serviceManager
[DEBUG Aug  2 08:20:31.834224339, client.go:128] Reporting event to 2 reporters: command-exit, state-svc start, 1
[DEBUG Aug  2 08:20:32.163609819, errs.go:75] Wrapped error: <nil> -- with: Could not start serviceManager: A State Service instance is already running in the background.: Could not store pid: valueF failed: Service is already running
[DEBUG Aug  2 08:20:32.163693282, main.go:61] state-svc errored out due to input: Could not start serviceManager: A State Service instance is already running in the background.: Could not store pid: valueF failed: Service is already running
