[DEBUG Aug  2 08:08:49.564193617, defaults.go:273] Args: [/home1/wangfeim/.local/ActiveState/StateTool/release/bin/state-svc start]
[DEBUG Aug  2 08:08:49.577595697, locale.go:38] Init
[DEBUG Aug  2 08:08:50.173105508, errs.go:68] Created error: File could not be found
[DEBUG Aug  2 08:08:50.176371785, errs.go:68] Created error: Not Recognized
[DEBUG Aug  2 08:08:50.199715949, errs.go:68] Created error: Secret not found
[DEBUG Aug  2 08:08:50.199771864, errs.go:68] Created error: Could not save keypair
[DEBUG Aug  2 08:08:50.199957778, errs.go:68] Created error: Build responded with error
[DEBUG Aug  2 08:08:50.199986280, errs.go:68] Created error: Unknown build type
[DEBUG Aug  2 08:08:50.200109165, errors.go:86] Wrapped localized error: <nil> -- with: The installed version of the State Tool Service does not match that of the client.
Please stop the service with [ACTIONABLE]state-svc stop[/RESET] and try your command again.
If this issue persists please reinstall the State Tool.

[DEBUG Aug  2 08:08:50.200125127, errs.go:68] Created error: no data
[DEBUG Aug  2 08:08:50.200150564, errs.go:68] Created error: member not found
[DEBUG Aug  2 08:08:50.200174504, errs.go:68] Created error: Commit count is unknowable
[DEBUG Aug  2 08:08:50.200199813, errs.go:68] Created error: No merge required
[DEBUG Aug  2 08:08:50.200223442, errs.go:68] Created error: Can't merge commit thats already in target commits history
[DEBUG Aug  2 08:08:50.200247739, errs.go:68] Created error: Bad expander name
[DEBUG Aug  2 08:08:50.200270940, errs.go:68] Created error: Expander has no handler
[DEBUG Aug  2 08:08:50.201352837, errs.go:68] Created error: Service is already running
[DEBUG Aug  2 08:08:50.235599386, secrets.go:35] Gcloud Secretmanager failed to initialize (ignore if you're not trying to use gcloud): google: could not find default credentials. See https://developers.google.com/accounts/docs/application-default-credentials for more information.
[DEBUG Aug  2 08:08:50.239253365, output.go:53] Requested outputer for 
[DEBUG Aug  2 08:08:50.239279648, output.go:58] Using Plain outputer
[DEBUG Aug  2 08:08:50.239353647, termutils.go:17] Cannot get terminal size: inappropriate ioctl for device
[DEBUG Aug  2 08:08:50.284642377, main.go:107] Running CmdStart
[DEBUG Aug  2 08:08:50.284701190, client.go:128] Reporting event to 2 reporters: run-command, state-svc start, 
[DEBUG Aug  2 08:08:50.290653835, errs.go:75] Wrapped error: Service is already running -- with: valueF failed
[DEBUG Aug  2 08:08:50.290721093, errs.go:75] Wrapped error: valueF failed -- with: Could not store pid
[DEBUG Aug  2 08:08:50.290832400, errors.go:113] Wrapped input error: Could not store pid -- with: A State Service instance is already running in the background.
[DEBUG Aug  2 08:08:50.290857594, errs.go:75] Wrapped error: A State Service instance is already running in the background. -- with: Could not start serviceManager
[DEBUG Aug  2 08:08:50.290968547, client.go:128] Reporting event to 2 reporters: command-exit, state-svc start, 1
[DEBUG Aug  2 08:08:50.656559437, errs.go:75] Wrapped error: <nil> -- with: Could not start serviceManager: A State Service instance is already running in the background.: Could not store pid: valueF failed: Service is already running
[DEBUG Aug  2 08:08:50.656646290, main.go:61] state-svc errored out due to input: Could not start serviceManager: A State Service instance is already running in the background.: Could not store pid: valueF failed: Service is already running
