[DEBUG Aug  2 08:14:45.116852661, defaults.go:273] Args: [/home1/wangfeim/.local/ActiveState/StateTool/release/bin/state-svc start]
[DEBUG Aug  2 08:14:45.130897194, locale.go:38] Init
[DEBUG Aug  2 08:14:45.198449889, errs.go:68] Created error: File could not be found
[DEBUG Aug  2 08:14:45.202382590, errs.go:68] Created error: Not Recognized
[DEBUG Aug  2 08:14:45.223340307, errs.go:68] Created error: Secret not found
[DEBUG Aug  2 08:14:45.223400967, errs.go:68] Created error: Could not save keypair
[DEBUG Aug  2 08:14:45.223593000, errs.go:68] Created error: Build responded with error
[DEBUG Aug  2 08:14:45.223626804, errs.go:68] Created error: Unknown build type
[DEBUG Aug  2 08:14:45.223729569, errors.go:86] Wrapped localized error: <nil> -- with: The installed version of the State Tool Service does not match that of the client.
Please stop the service with [ACTIONABLE]state-svc stop[/RESET] and try your command again.
If this issue persists please reinstall the State Tool.

[DEBUG Aug  2 08:14:45.223743413, errs.go:68] Created error: no data
[DEBUG Aug  2 08:14:45.223769553, errs.go:68] Created error: member not found
[DEBUG Aug  2 08:14:45.223790746, errs.go:68] Created error: Commit count is unknowable
[DEBUG Aug  2 08:14:45.223810949, errs.go:68] Created error: No merge required
[DEBUG Aug  2 08:14:45.223835628, errs.go:68] Created error: Can't merge commit thats already in target commits history
[DEBUG Aug  2 08:14:45.223857788, errs.go:68] Created error: Bad expander name
[DEBUG Aug  2 08:14:45.223878583, errs.go:68] Created error: Expander has no handler
[DEBUG Aug  2 08:14:45.224914734, errs.go:68] Created error: Service is already running
[DEBUG Aug  2 08:14:45.297661642, secrets.go:35] Gcloud Secretmanager failed to initialize (ignore if you're not trying to use gcloud): google: could not find default credentials. See https://developers.google.com/accounts/docs/application-default-credentials for more information.
[DEBUG Aug  2 08:14:45.301009256, output.go:53] Requested outputer for 
[DEBUG Aug  2 08:14:45.301036402, output.go:58] Using Plain outputer
[DEBUG Aug  2 08:14:45.301127473, termutils.go:17] Cannot get terminal size: inappropriate ioctl for device
[DEBUG Aug  2 08:14:45.301216916, client.go:128] Reporting event to 2 reporters: run-command, state-svc start, 
[DEBUG Aug  2 08:14:45.301318781, main.go:107] Running CmdStart
[DEBUG Aug  2 08:14:45.309004226, errs.go:75] Wrapped error: Service is already running -- with: valueF failed
[DEBUG Aug  2 08:14:45.309077564, errs.go:75] Wrapped error: valueF failed -- with: Could not store pid
[DEBUG Aug  2 08:14:45.309156804, errors.go:113] Wrapped input error: Could not store pid -- with: A State Service instance is already running in the background.
[DEBUG Aug  2 08:14:45.309172030, errs.go:75] Wrapped error: A State Service instance is already running in the background. -- with: Could not start serviceManager
[DEBUG Aug  2 08:14:45.309246229, client.go:128] Reporting event to 2 reporters: command-exit, state-svc start, 1
[DEBUG Aug  2 08:14:45.657131355, errs.go:75] Wrapped error: <nil> -- with: Could not start serviceManager: A State Service instance is already running in the background.: Could not store pid: valueF failed: Service is already running
[DEBUG Aug  2 08:14:45.657196963, main.go:61] state-svc errored out due to input: Could not start serviceManager: A State Service instance is already running in the background.: Could not store pid: valueF failed: Service is already running
