[DEBUG Aug  2 07:42:50.495307151, defaults.go:273] Args: [/home1/wangfeim/.local/ActiveState/StateTool/release/bin/state-svc start]
[DEBUG Aug  2 07:42:50.510181214, locale.go:38] Init
[DEBUG Aug  2 07:42:50.588936362, errs.go:68] Created error: File could not be found
[DEBUG Aug  2 07:42:50.592112287, errs.go:68] Created error: Not Recognized
[DEBUG Aug  2 07:42:50.613408151, errs.go:68] Created error: Secret not found
[DEBUG Aug  2 07:42:50.613462288, errs.go:68] Created error: Could not save keypair
[DEBUG Aug  2 07:42:50.613628798, errs.go:68] Created error: Build responded with error
[DEBUG Aug  2 07:42:50.613659432, errs.go:68] Created error: Unknown build type
[DEBUG Aug  2 07:42:50.613778232, errors.go:86] Wrapped localized error: <nil> -- with: The installed version of the State Tool Service does not match that of the client.
Please stop the service with [ACTIONABLE]state-svc stop[/RESET] and try your command again.
If this issue persists please reinstall the State Tool.

[DEBUG Aug  2 07:42:50.613801274, errs.go:68] Created error: no data
[DEBUG Aug  2 07:42:50.613824566, errs.go:68] Created error: member not found
[DEBUG Aug  2 07:42:50.613847611, errs.go:68] Created error: Commit count is unknowable
[DEBUG Aug  2 07:42:50.613868511, errs.go:68] Created error: No merge required
[DEBUG Aug  2 07:42:50.613895060, errs.go:68] Created error: Can't merge commit thats already in target commits history
[DEBUG Aug  2 07:42:50.613918905, errs.go:68] Created error: Bad expander name
[DEBUG Aug  2 07:42:50.613941623, errs.go:68] Created error: Expander has no handler
[DEBUG Aug  2 07:42:50.614996270, errs.go:68] Created error: Service is already running
[DEBUG Aug  2 07:42:50.685101809, secrets.go:35] Gcloud Secretmanager failed to initialize (ignore if you're not trying to use gcloud): google: could not find default credentials. See https://developers.google.com/accounts/docs/application-default-credentials for more information.
[DEBUG Aug  2 07:42:50.688414379, output.go:53] Requested outputer for 
[DEBUG Aug  2 07:42:50.688434264, output.go:58] Using Plain outputer
[DEBUG Aug  2 07:42:50.688503038, termutils.go:17] Cannot get terminal size: inappropriate ioctl for device
[DEBUG Aug  2 07:42:50.688580121, client.go:128] Reporting event to 2 reporters: run-command, state-svc start, 
[DEBUG Aug  2 07:42:50.688669999, main.go:107] Running CmdStart
[DEBUG Aug  2 07:42:50.693878255, errs.go:75] Wrapped error: Service is already running -- with: valueF failed
[DEBUG Aug  2 07:42:50.693934278, errs.go:75] Wrapped error: valueF failed -- with: Could not store pid
[DEBUG Aug  2 07:42:50.694002966, errors.go:113] Wrapped input error: Could not store pid -- with: A State Service instance is already running in the background.
[DEBUG Aug  2 07:42:50.694016083, errs.go:75] Wrapped error: A State Service instance is already running in the background. -- with: Could not start serviceManager
[DEBUG Aug  2 07:42:50.694097905, client.go:128] Reporting event to 2 reporters: command-exit, state-svc start, 1
[DEBUG Aug  2 07:42:51.029765117, errs.go:75] Wrapped error: <nil> -- with: Could not start serviceManager: A State Service instance is already running in the background.: Could not store pid: valueF failed: Service is already running
[DEBUG Aug  2 07:42:51.029834384, main.go:61] state-svc errored out due to input: Could not start serviceManager: A State Service instance is already running in the background.: Could not store pid: valueF failed: Service is already running
