[DEBUG Aug  2 07:44:23.795794673, defaults.go:273] Args: [/home1/wangfeim/.local/ActiveState/StateTool/release/bin/state-svc start]
[DEBUG Aug  2 07:44:23.809452168, locale.go:38] Init
[DEBUG Aug  2 07:44:24.042341705, errs.go:68] Created error: File could not be found
[DEBUG Aug  2 07:44:24.045661975, errs.go:68] Created error: Not Recognized
[DEBUG Aug  2 07:44:24.067858748, errs.go:68] Created error: Secret not found
[DEBUG Aug  2 07:44:24.067910407, errs.go:68] Created error: Could not save keypair
[DEBUG Aug  2 07:44:24.068083147, errs.go:68] Created error: Build responded with error
[DEBUG Aug  2 07:44:24.068111412, errs.go:68] Created error: Unknown build type
[DEBUG Aug  2 07:44:24.068245845, errors.go:86] Wrapped localized error: <nil> -- with: The installed version of the State Tool Service does not match that of the client.
Please stop the service with [ACTIONABLE]state-svc stop[/RESET] and try your command again.
If this issue persists please reinstall the State Tool.

[DEBUG Aug  2 07:44:24.068262195, errs.go:68] Created error: no data
[DEBUG Aug  2 07:44:24.068286684, errs.go:68] Created error: member not found
[DEBUG Aug  2 07:44:24.068312506, errs.go:68] Created error: Commit count is unknowable
[DEBUG Aug  2 07:44:24.068342109, errs.go:68] Created error: No merge required
[DEBUG Aug  2 07:44:24.068365178, errs.go:68] Created error: Can't merge commit thats already in target commits history
[DEBUG Aug  2 07:44:24.068388168, errs.go:68] Created error: Bad expander name
[DEBUG Aug  2 07:44:24.068412363, errs.go:68] Created error: Expander has no handler
[DEBUG Aug  2 07:44:24.069553051, errs.go:68] Created error: Service is already running
[DEBUG Aug  2 07:44:24.101106556, secrets.go:35] Gcloud Secretmanager failed to initialize (ignore if you're not trying to use gcloud): google: could not find default credentials. See https://developers.google.com/accounts/docs/application-default-credentials for more information.
[DEBUG Aug  2 07:44:24.106529794, output.go:53] Requested outputer for 
[DEBUG Aug  2 07:44:24.106560090, output.go:58] Using Plain outputer
[DEBUG Aug  2 07:44:24.106620121, termutils.go:17] Cannot get terminal size: inappropriate ioctl for device
[DEBUG Aug  2 07:44:24.106720479, client.go:128] Reporting event to 2 reporters: run-command, state-svc start, 
[DEBUG Aug  2 07:44:24.106872479, main.go:107] Running CmdStart
[DEBUG Aug  2 07:44:24.113160420, errs.go:75] Wrapped error: Service is already running -- with: valueF failed
[DEBUG Aug  2 07:44:24.113233934, errs.go:75] Wrapped error: valueF failed -- with: Could not store pid
[DEBUG Aug  2 07:44:24.113308495, errors.go:113] Wrapped input error: Could not store pid -- with: A State Service instance is already running in the background.
[DEBUG Aug  2 07:44:24.113324691, errs.go:75] Wrapped error: A State Service instance is already running in the background. -- with: Could not start serviceManager
[DEBUG Aug  2 07:44:24.113404831, client.go:128] Reporting event to 2 reporters: command-exit, state-svc start, 1
[DEBUG Aug  2 07:44:24.432111068, errs.go:75] Wrapped error: <nil> -- with: Could not start serviceManager: A State Service instance is already running in the background.: Could not store pid: valueF failed: Service is already running
[DEBUG Aug  2 07:44:24.432213131, main.go:61] state-svc errored out due to input: Could not start serviceManager: A State Service instance is already running in the background.: Could not store pid: valueF failed: Service is already running
