[DEBUG Aug  2 08:15:44.769786274, defaults.go:273] Args: [/home1/wangfeim/.local/ActiveState/StateTool/release/bin/state-svc start]
[DEBUG Aug  2 08:15:44.784060318, locale.go:38] Init
[DEBUG Aug  2 08:15:45.005310695, errs.go:68] Created error: File could not be found
[DEBUG Aug  2 08:15:45.008522789, errs.go:68] Created error: Not Recognized
[DEBUG Aug  2 08:15:45.029751037, errs.go:68] Created error: Secret not found
[DEBUG Aug  2 08:15:45.029800745, errs.go:68] Created error: Could not save keypair
[DEBUG Aug  2 08:15:45.029966067, errs.go:68] Created error: Build responded with error
[DEBUG Aug  2 08:15:45.029995454, errs.go:68] Created error: Unknown build type
[DEBUG Aug  2 08:15:45.030115269, errors.go:86] Wrapped localized error: <nil> -- with: The installed version of the State Tool Service does not match that of the client.
Please stop the service with [ACTIONABLE]state-svc stop[/RESET] and try your command again.
If this issue persists please reinstall the State Tool.

[DEBUG Aug  2 08:15:45.030131892, errs.go:68] Created error: no data
[DEBUG Aug  2 08:15:45.030160605, errs.go:68] Created error: member not found
[DEBUG Aug  2 08:15:45.030185077, errs.go:68] Created error: Commit count is unknowable
[DEBUG Aug  2 08:15:45.030207973, errs.go:68] Created error: No merge required
[DEBUG Aug  2 08:15:45.030230668, errs.go:68] Created error: Can't merge commit thats already in target commits history
[DEBUG Aug  2 08:15:45.030254783, errs.go:68] Created error: Bad expander name
[DEBUG Aug  2 08:15:45.030276809, errs.go:68] Created error: Expander has no handler
[DEBUG Aug  2 08:15:45.031417152, errs.go:68] Created error: Service is already running
[DEBUG Aug  2 08:15:45.063632848, secrets.go:35] Gcloud Secretmanager failed to initialize (ignore if you're not trying to use gcloud): google: could not find default credentials. See https://developers.google.com/accounts/docs/application-default-credentials for more information.
[DEBUG Aug  2 08:15:45.067451260, output.go:53] Requested outputer for 
[DEBUG Aug  2 08:15:45.067471961, output.go:58] Using Plain outputer
[DEBUG Aug  2 08:15:45.067549615, termutils.go:17] Cannot get terminal size: inappropriate ioctl for device
[DEBUG Aug  2 08:15:45.067575680, client.go:128] Reporting event to 2 reporters: run-command, state-svc start, 
[DEBUG Aug  2 08:15:45.067797209, main.go:107] Running CmdStart
[DEBUG Aug  2 08:15:45.074793671, errs.go:75] Wrapped error: Service is already running -- with: valueF failed
[DEBUG Aug  2 08:15:45.074869973, errs.go:75] Wrapped error: valueF failed -- with: Could not store pid
[DEBUG Aug  2 08:15:45.074952750, errors.go:113] Wrapped input error: Could not store pid -- with: A State Service instance is already running in the background.
[DEBUG Aug  2 08:15:45.074968608, errs.go:75] Wrapped error: A State Service instance is already running in the background. -- with: Could not start serviceManager
[DEBUG Aug  2 08:15:45.075042447, client.go:128] Reporting event to 2 reporters: command-exit, state-svc start, 1
[DEBUG Aug  2 08:15:45.424749562, errs.go:75] Wrapped error: <nil> -- with: Could not start serviceManager: A State Service instance is already running in the background.: Could not store pid: valueF failed: Service is already running
[DEBUG Aug  2 08:15:45.424821854, main.go:61] state-svc errored out due to input: Could not start serviceManager: A State Service instance is already running in the background.: Could not store pid: valueF failed: Service is already running
