[DEBUG Aug  2 07:55:10.289112589, defaults.go:273] Args: [/home1/wangfeim/.local/ActiveState/StateTool/release/bin/state-svc start]
[DEBUG Aug  2 07:55:10.304365636, locale.go:38] Init
[DEBUG Aug  2 07:55:10.485163774, errs.go:68] Created error: File could not be found
[DEBUG Aug  2 07:55:10.488476760, errs.go:68] Created error: Not Recognized
[DEBUG Aug  2 07:55:10.509747363, errs.go:68] Created error: Secret not found
[DEBUG Aug  2 07:55:10.509794782, errs.go:68] Created error: Could not save keypair
[DEBUG Aug  2 07:55:10.509961237, errs.go:68] Created error: Build responded with error
[DEBUG Aug  2 07:55:10.509994845, errs.go:68] Created error: Unknown build type
[DEBUG Aug  2 07:55:10.510775550, errors.go:86] Wrapped localized error: <nil> -- with: The installed version of the State Tool Service does not match that of the client.
Please stop the service with [ACTIONABLE]state-svc stop[/RESET] and try your command again.
If this issue persists please reinstall the State Tool.

[DEBUG Aug  2 07:55:10.510870580, errs.go:68] Created error: no data
[DEBUG Aug  2 07:55:10.510916306, errs.go:68] Created error: member not found
[DEBUG Aug  2 07:55:10.510959592, errs.go:68] Created error: Commit count is unknowable
[DEBUG Aug  2 07:55:10.511008078, errs.go:68] Created error: No merge required
[DEBUG Aug  2 07:55:10.511049906, errs.go:68] Created error: Can't merge commit thats already in target commits history
[DEBUG Aug  2 07:55:10.511091028, errs.go:68] Created error: Bad expander name
[DEBUG Aug  2 07:55:10.511135221, errs.go:68] Created error: Expander has no handler
[DEBUG Aug  2 07:55:10.513127245, errs.go:68] Created error: Service is already running
[DEBUG Aug  2 07:55:10.585155699, secrets.go:35] Gcloud Secretmanager failed to initialize (ignore if you're not trying to use gcloud): google: could not find default credentials. See https://developers.google.com/accounts/docs/application-default-credentials for more information.
[DEBUG Aug  2 07:55:10.589530297, output.go:53] Requested outputer for 
[DEBUG Aug  2 07:55:10.589564712, output.go:58] Using Plain outputer
[DEBUG Aug  2 07:55:10.589637412, termutils.go:17] Cannot get terminal size: inappropriate ioctl for device
[DEBUG Aug  2 07:55:10.589760601, client.go:128] Reporting event to 2 reporters: run-command, state-svc start, 
[DEBUG Aug  2 07:55:10.589783563, main.go:107] Running CmdStart
[DEBUG Aug  2 07:55:10.597412611, errs.go:75] Wrapped error: Service is already running -- with: valueF failed
[DEBUG Aug  2 07:55:10.597481574, errs.go:75] Wrapped error: valueF failed -- with: Could not store pid
[DEBUG Aug  2 07:55:10.597561900, errors.go:113] Wrapped input error: Could not store pid -- with: A State Service instance is already running in the background.
[DEBUG Aug  2 07:55:10.597577172, errs.go:75] Wrapped error: A State Service instance is already running in the background. -- with: Could not start serviceManager
[DEBUG Aug  2 07:55:10.597648484, client.go:128] Reporting event to 2 reporters: command-exit, state-svc start, 1
[DEBUG Aug  2 07:55:10.928876757, errs.go:75] Wrapped error: <nil> -- with: Could not start serviceManager: A State Service instance is already running in the background.: Could not store pid: valueF failed: Service is already running
[DEBUG Aug  2 07:55:10.928966302, main.go:61] state-svc errored out due to input: Could not start serviceManager: A State Service instance is already running in the background.: Could not store pid: valueF failed: Service is already running
