[DEBUG Aug  2 08:10:45.290690138, defaults.go:273] Args: [/home1/wangfeim/.local/ActiveState/StateTool/release/bin/state-svc start]
[DEBUG Aug  2 08:10:45.306563015, locale.go:38] Init
[DEBUG Aug  2 08:10:45.478329610, errs.go:68] Created error: File could not be found
[DEBUG Aug  2 08:10:45.481263454, errs.go:68] Created error: Not Recognized
[DEBUG Aug  2 08:10:45.501889865, errs.go:68] Created error: Secret not found
[DEBUG Aug  2 08:10:45.501962269, errs.go:68] Created error: Could not save keypair
[DEBUG Aug  2 08:10:45.502306077, errs.go:68] Created error: Build responded with error
[DEBUG Aug  2 08:10:45.502355501, errs.go:68] Created error: Unknown build type
[DEBUG Aug  2 08:10:45.502829709, errors.go:86] Wrapped localized error: <nil> -- with: The installed version of the State Tool Service does not match that of the client.
Please stop the service with [ACTIONABLE]state-svc stop[/RESET] and try your command again.
If this issue persists please reinstall the State Tool.

[DEBUG Aug  2 08:10:45.502940678, errs.go:68] Created error: no data
[DEBUG Aug  2 08:10:45.503310775, errs.go:68] Created error: member not found
[DEBUG Aug  2 08:10:45.503380876, errs.go:68] Created error: Commit count is unknowable
[DEBUG Aug  2 08:10:45.503453493, errs.go:68] Created error: No merge required
[DEBUG Aug  2 08:10:45.503580624, errs.go:68] Created error: Can't merge commit thats already in target commits history
[DEBUG Aug  2 08:10:45.503758603, errs.go:68] Created error: Bad expander name
[DEBUG Aug  2 08:10:45.503852198, errs.go:68] Created error: Expander has no handler
[DEBUG Aug  2 08:10:45.505099874, errs.go:68] Created error: Service is already running
[DEBUG Aug  2 08:10:45.535817340, secrets.go:35] Gcloud Secretmanager failed to initialize (ignore if you're not trying to use gcloud): google: could not find default credentials. See https://developers.google.com/accounts/docs/application-default-credentials for more information.
[DEBUG Aug  2 08:10:45.538738450, output.go:53] Requested outputer for 
[DEBUG Aug  2 08:10:45.538759836, output.go:58] Using Plain outputer
[DEBUG Aug  2 08:10:45.538828327, termutils.go:17] Cannot get terminal size: inappropriate ioctl for device
[DEBUG Aug  2 08:10:45.538932361, client.go:128] Reporting event to 2 reporters: run-command, state-svc start, 
[DEBUG Aug  2 08:10:45.538966020, main.go:107] Running CmdStart
[DEBUG Aug  2 08:10:45.544262014, errs.go:75] Wrapped error: Service is already running -- with: valueF failed
[DEBUG Aug  2 08:10:45.544313378, errs.go:75] Wrapped error: valueF failed -- with: Could not store pid
[DEBUG Aug  2 08:10:45.544389363, errors.go:113] Wrapped input error: Could not store pid -- with: A State Service instance is already running in the background.
[DEBUG Aug  2 08:10:45.544403515, errs.go:75] Wrapped error: A State Service instance is already running in the background. -- with: Could not start serviceManager
[DEBUG Aug  2 08:10:45.544470254, client.go:128] Reporting event to 2 reporters: command-exit, state-svc start, 1
[DEBUG Aug  2 08:10:45.912717475, errs.go:75] Wrapped error: <nil> -- with: Could not start serviceManager: A State Service instance is already running in the background.: Could not store pid: valueF failed: Service is already running
[DEBUG Aug  2 08:10:45.912777325, main.go:61] state-svc errored out due to input: Could not start serviceManager: A State Service instance is already running in the background.: Could not store pid: valueF failed: Service is already running
