[DEBUG Aug  2 07:59:23.419123890, defaults.go:273] Args: [/home1/wangfeim/.local/ActiveState/StateTool/release/bin/state-svc start]
[DEBUG Aug  2 07:59:23.433373328, locale.go:38] Init
[DEBUG Aug  2 07:59:23.515150542, errs.go:68] Created error: File could not be found
[DEBUG Aug  2 07:59:23.517899724, errs.go:68] Created error: Not Recognized
[DEBUG Aug  2 07:59:23.539042907, errs.go:68] Created error: Secret not found
[DEBUG Aug  2 07:59:23.539097079, errs.go:68] Created error: Could not save keypair
[DEBUG Aug  2 07:59:23.539261334, errs.go:68] Created error: Build responded with error
[DEBUG Aug  2 07:59:23.539288725, errs.go:68] Created error: Unknown build type
[DEBUG Aug  2 07:59:23.539410527, errors.go:86] Wrapped localized error: <nil> -- with: The installed version of the State Tool Service does not match that of the client.
Please stop the service with [ACTIONABLE]state-svc stop[/RESET] and try your command again.
If this issue persists please reinstall the State Tool.

[DEBUG Aug  2 07:59:23.539426208, errs.go:68] Created error: no data
[DEBUG Aug  2 07:59:23.539451089, errs.go:68] Created error: member not found
[DEBUG Aug  2 07:59:23.539477095, errs.go:68] Created error: Commit count is unknowable
[DEBUG Aug  2 07:59:23.539507505, errs.go:68] Created error: No merge required
[DEBUG Aug  2 07:59:23.539556513, errs.go:68] Created error: Can't merge commit thats already in target commits history
[DEBUG Aug  2 07:59:23.539580419, errs.go:68] Created error: Bad expander name
[DEBUG Aug  2 07:59:23.539601202, errs.go:68] Created error: Expander has no handler
[DEBUG Aug  2 07:59:23.540796732, errs.go:68] Created error: Service is already running
[DEBUG Aug  2 07:59:23.596661468, secrets.go:35] Gcloud Secretmanager failed to initialize (ignore if you're not trying to use gcloud): google: could not find default credentials. See https://developers.google.com/accounts/docs/application-default-credentials for more information.
[DEBUG Aug  2 07:59:23.600708121, output.go:53] Requested outputer for 
[DEBUG Aug  2 07:59:23.600731350, output.go:58] Using Plain outputer
[DEBUG Aug  2 07:59:23.600808476, termutils.go:17] Cannot get terminal size: inappropriate ioctl for device
[DEBUG Aug  2 07:59:23.600935391, main.go:107] Running CmdStart
[DEBUG Aug  2 07:59:23.600958428, client.go:128] Reporting event to 2 reporters: run-command, state-svc start, 
[DEBUG Aug  2 07:59:23.607013824, errs.go:75] Wrapped error: Service is already running -- with: valueF failed
[DEBUG Aug  2 07:59:23.607084420, errs.go:75] Wrapped error: valueF failed -- with: Could not store pid
[DEBUG Aug  2 07:59:23.607156577, errors.go:113] Wrapped input error: Could not store pid -- with: A State Service instance is already running in the background.
[DEBUG Aug  2 07:59:23.607172084, errs.go:75] Wrapped error: A State Service instance is already running in the background. -- with: Could not start serviceManager
[DEBUG Aug  2 07:59:23.607289069, client.go:128] Reporting event to 2 reporters: command-exit, state-svc start, 1
[DEBUG Aug  2 07:59:23.986945933, errs.go:75] Wrapped error: <nil> -- with: Could not start serviceManager: A State Service instance is already running in the background.: Could not store pid: valueF failed: Service is already running
[DEBUG Aug  2 07:59:23.987023158, main.go:61] state-svc errored out due to input: Could not start serviceManager: A State Service instance is already running in the background.: Could not store pid: valueF failed: Service is already running
