[DEBUG Aug  2 07:45:27.741255740, defaults.go:273] Args: [/home1/wangfeim/.local/ActiveState/StateTool/release/bin/state-svc start]
[DEBUG Aug  2 07:45:27.756049656, locale.go:38] Init
[DEBUG Aug  2 07:45:27.817351627, errs.go:68] Created error: File could not be found
[DEBUG Aug  2 07:45:27.820062292, errs.go:68] Created error: Not Recognized
[DEBUG Aug  2 07:45:27.840508577, errs.go:68] Created error: Secret not found
[DEBUG Aug  2 07:45:27.840585315, errs.go:68] Created error: Could not save keypair
[DEBUG Aug  2 07:45:27.840855597, errs.go:68] Created error: Build responded with error
[DEBUG Aug  2 07:45:27.840896745, errs.go:68] Created error: Unknown build type
[DEBUG Aug  2 07:45:27.841049008, errors.go:86] Wrapped localized error: <nil> -- with: The installed version of the State Tool Service does not match that of the client.
Please stop the service with [ACTIONABLE]state-svc stop[/RESET] and try your command again.
If this issue persists please reinstall the State Tool.

[DEBUG Aug  2 07:45:27.841070039, errs.go:68] Created error: no data
[DEBUG Aug  2 07:45:27.841105421, errs.go:68] Created error: member not found
[DEBUG Aug  2 07:45:27.841137739, errs.go:68] Created error: Commit count is unknowable
[DEBUG Aug  2 07:45:27.841172868, errs.go:68] Created error: No merge required
[DEBUG Aug  2 07:45:27.841204796, errs.go:68] Created error: Can't merge commit thats already in target commits history
[DEBUG Aug  2 07:45:27.841239434, errs.go:68] Created error: Bad expander name
[DEBUG Aug  2 07:45:27.841269469, errs.go:68] Created error: Expander has no handler
[DEBUG Aug  2 07:45:27.842571070, errs.go:68] Created error: Service is already running
[DEBUG Aug  2 07:45:27.895897217, secrets.go:35] Gcloud Secretmanager failed to initialize (ignore if you're not trying to use gcloud): google: could not find default credentials. See https://developers.google.com/accounts/docs/application-default-credentials for more information.
[DEBUG Aug  2 07:45:27.899818221, output.go:53] Requested outputer for 
[DEBUG Aug  2 07:45:27.899841553, output.go:58] Using Plain outputer
[DEBUG Aug  2 07:45:27.899931370, termutils.go:17] Cannot get terminal size: inappropriate ioctl for device
[DEBUG Aug  2 07:45:27.900032536, client.go:128] Reporting event to 2 reporters: run-command, state-svc start, 
[DEBUG Aug  2 07:45:27.900104963, main.go:107] Running CmdStart
[DEBUG Aug  2 07:45:27.907688414, errs.go:75] Wrapped error: Service is already running -- with: valueF failed
[DEBUG Aug  2 07:45:27.907753582, errs.go:75] Wrapped error: valueF failed -- with: Could not store pid
[DEBUG Aug  2 07:45:27.907828855, errors.go:113] Wrapped input error: Could not store pid -- with: A State Service instance is already running in the background.
[DEBUG Aug  2 07:45:27.907843262, errs.go:75] Wrapped error: A State Service instance is already running in the background. -- with: Could not start serviceManager
[DEBUG Aug  2 07:45:27.907924200, client.go:128] Reporting event to 2 reporters: command-exit, state-svc start, 1
[DEBUG Aug  2 07:45:28.284973948, errs.go:75] Wrapped error: <nil> -- with: Could not start serviceManager: A State Service instance is already running in the background.: Could not store pid: valueF failed: Service is already running
[DEBUG Aug  2 07:45:28.285033497, main.go:61] state-svc errored out due to input: Could not start serviceManager: A State Service instance is already running in the background.: Could not store pid: valueF failed: Service is already running
