[DEBUG Aug  2 07:59:49.995427130, defaults.go:273] Args: [/home1/wangfeim/.local/ActiveState/StateTool/release/bin/state-svc start]
[DEBUG Aug  2 07:59:50.009316211, locale.go:38] Init
[DEBUG Aug  2 07:59:50.076285481, errs.go:68] Created error: File could not be found
[DEBUG Aug  2 07:59:50.079459064, errs.go:68] Created error: Not Recognized
[DEBUG Aug  2 07:59:50.103492545, errs.go:68] Created error: Secret not found
[DEBUG Aug  2 07:59:50.103569217, errs.go:68] Created error: Could not save keypair
[DEBUG Aug  2 07:59:50.103810474, errs.go:68] Created error: Build responded with error
[DEBUG Aug  2 07:59:50.103841475, errs.go:68] Created error: Unknown build type
[DEBUG Aug  2 07:59:50.103973176, errors.go:86] Wrapped localized error: <nil> -- with: The installed version of the State Tool Service does not match that of the client.
Please stop the service with [ACTIONABLE]state-svc stop[/RESET] and try your command again.
If this issue persists please reinstall the State Tool.

[DEBUG Aug  2 07:59:50.103988426, errs.go:68] Created error: no data
[DEBUG Aug  2 07:59:50.104014466, errs.go:68] Created error: member not found
[DEBUG Aug  2 07:59:50.104045956, errs.go:68] Created error: Commit count is unknowable
[DEBUG Aug  2 07:59:50.104070238, errs.go:68] Created error: No merge required
[DEBUG Aug  2 07:59:50.104102101, errs.go:68] Created error: Can't merge commit thats already in target commits history
[DEBUG Aug  2 07:59:50.104127937, errs.go:68] Created error: Bad expander name
[DEBUG Aug  2 07:59:50.104151109, errs.go:68] Created error: Expander has no handler
[DEBUG Aug  2 07:59:50.105337478, errs.go:68] Created error: Service is already running
[DEBUG Aug  2 07:59:50.134702860, secrets.go:35] Gcloud Secretmanager failed to initialize (ignore if you're not trying to use gcloud): google: could not find default credentials. See https://developers.google.com/accounts/docs/application-default-credentials for more information.
[DEBUG Aug  2 07:59:50.138319384, output.go:53] Requested outputer for 
[DEBUG Aug  2 07:59:50.138353122, output.go:58] Using Plain outputer
[DEBUG Aug  2 07:59:50.138449036, termutils.go:17] Cannot get terminal size: inappropriate ioctl for device
[DEBUG Aug  2 07:59:50.138552592, client.go:128] Reporting event to 2 reporters: run-command, state-svc start, 
[DEBUG Aug  2 07:59:50.138640766, main.go:107] Running CmdStart
[DEBUG Aug  2 07:59:50.144477881, errs.go:75] Wrapped error: Service is already running -- with: valueF failed
[DEBUG Aug  2 07:59:50.144568144, errs.go:75] Wrapped error: valueF failed -- with: Could not store pid
[DEBUG Aug  2 07:59:50.144643277, errors.go:113] Wrapped input error: Could not store pid -- with: A State Service instance is already running in the background.
[DEBUG Aug  2 07:59:50.144658260, errs.go:75] Wrapped error: A State Service instance is already running in the background. -- with: Could not start serviceManager
[DEBUG Aug  2 07:59:50.144728743, client.go:128] Reporting event to 2 reporters: command-exit, state-svc start, 1
[DEBUG Aug  2 07:59:50.500151811, errs.go:75] Wrapped error: <nil> -- with: Could not start serviceManager: A State Service instance is already running in the background.: Could not store pid: valueF failed: Service is already running
[DEBUG Aug  2 07:59:50.500223286, main.go:61] state-svc errored out due to input: Could not start serviceManager: A State Service instance is already running in the background.: Could not store pid: valueF failed: Service is already running
