[DEBUG Aug  2 07:36:19.997515464, defaults.go:273] Args: [/home1/wangfeim/.local/ActiveState/StateTool/release/bin/state-svc start]
[DEBUG Aug  2 07:36:20.011750491, locale.go:38] Init
[DEBUG Aug  2 07:36:21.155428863, errs.go:68] Created error: File could not be found
[DEBUG Aug  2 07:36:21.158489355, errs.go:68] Created error: Not Recognized
[DEBUG Aug  2 07:36:21.186476595, errs.go:68] Created error: Secret not found
[DEBUG Aug  2 07:36:21.186536197, errs.go:68] Created error: Could not save keypair
[DEBUG Aug  2 07:36:21.186737631, errs.go:68] Created error: Build responded with error
[DEBUG Aug  2 07:36:21.186769174, errs.go:68] Created error: Unknown build type
[DEBUG Aug  2 07:36:21.186896109, errors.go:86] Wrapped localized error: <nil> -- with: The installed version of the State Tool Service does not match that of the client.
Please stop the service with [ACTIONABLE]state-svc stop[/RESET] and try your command again.
If this issue persists please reinstall the State Tool.

[DEBUG Aug  2 07:36:21.186912544, errs.go:68] Created error: no data
[DEBUG Aug  2 07:36:21.186939090, errs.go:68] Created error: member not found
[DEBUG Aug  2 07:36:21.186972404, errs.go:68] Created error: Commit count is unknowable
[DEBUG Aug  2 07:36:21.187002492, errs.go:68] Created error: No merge required
[DEBUG Aug  2 07:36:21.187027123, errs.go:68] Created error: Can't merge commit thats already in target commits history
[DEBUG Aug  2 07:36:21.187061966, errs.go:68] Created error: Bad expander name
[DEBUG Aug  2 07:36:21.187085855, errs.go:68] Created error: Expander has no handler
[DEBUG Aug  2 07:36:21.188235502, errs.go:68] Created error: Service is already running
[DEBUG Aug  2 07:36:21.218043393, secrets.go:35] Gcloud Secretmanager failed to initialize (ignore if you're not trying to use gcloud): google: could not find default credentials. See https://developers.google.com/accounts/docs/application-default-credentials for more information.
[DEBUG Aug  2 07:36:21.221440396, output.go:53] Requested outputer for 
[DEBUG Aug  2 07:36:21.221464349, output.go:58] Using Plain outputer
[DEBUG Aug  2 07:36:21.221546533, termutils.go:17] Cannot get terminal size: inappropriate ioctl for device
[DEBUG Aug  2 07:36:21.221655550, client.go:128] Reporting event to 2 reporters: run-command, state-svc start, 
[DEBUG Aug  2 07:36:21.221701035, main.go:107] Running CmdStart
[DEBUG Aug  2 07:36:21.227797515, errs.go:75] Wrapped error: Service is already running -- with: valueF failed
[DEBUG Aug  2 07:36:21.227868270, errs.go:75] Wrapped error: valueF failed -- with: Could not store pid
[DEBUG Aug  2 07:36:21.227945198, errors.go:113] Wrapped input error: Could not store pid -- with: A State Service instance is already running in the background.
[DEBUG Aug  2 07:36:21.227960580, errs.go:75] Wrapped error: A State Service instance is already running in the background. -- with: Could not start serviceManager
[DEBUG Aug  2 07:36:21.228035158, client.go:128] Reporting event to 2 reporters: command-exit, state-svc start, 1
[DEBUG Aug  2 07:36:21.595308752, errs.go:75] Wrapped error: <nil> -- with: Could not start serviceManager: A State Service instance is already running in the background.: Could not store pid: valueF failed: Service is already running
[DEBUG Aug  2 07:36:21.595395369, main.go:61] state-svc errored out due to input: Could not start serviceManager: A State Service instance is already running in the background.: Could not store pid: valueF failed: Service is already running
