[DEBUG Aug  2 08:22:07.015671916, defaults.go:273] Args: [/home1/wangfeim/.local/ActiveState/StateTool/release/bin/state-svc start]
[DEBUG Aug  2 08:22:07.029073011, locale.go:38] Init
[DEBUG Aug  2 08:22:07.070333283, errs.go:68] Created error: File could not be found
[DEBUG Aug  2 08:22:07.073308900, errs.go:68] Created error: Not Recognized
[DEBUG Aug  2 08:22:07.092901448, errs.go:68] Created error: Secret not found
[DEBUG Aug  2 08:22:07.092950461, errs.go:68] Created error: Could not save keypair
[DEBUG Aug  2 08:22:07.093138530, errs.go:68] Created error: Build responded with error
[DEBUG Aug  2 08:22:07.093172727, errs.go:68] Created error: Unknown build type
[DEBUG Aug  2 08:22:07.093279781, errors.go:86] Wrapped localized error: <nil> -- with: The installed version of the State Tool Service does not match that of the client.
Please stop the service with [ACTIONABLE]state-svc stop[/RESET] and try your command again.
If this issue persists please reinstall the State Tool.

[DEBUG Aug  2 08:22:07.093293671, errs.go:68] Created error: no data
[DEBUG Aug  2 08:22:07.093319309, errs.go:68] Created error: member not found
[DEBUG Aug  2 08:22:07.093352666, errs.go:68] Created error: Commit count is unknowable
[DEBUG Aug  2 08:22:07.093375681, errs.go:68] Created error: No merge required
[DEBUG Aug  2 08:22:07.093398642, errs.go:68] Created error: Can't merge commit thats already in target commits history
[DEBUG Aug  2 08:22:07.093422301, errs.go:68] Created error: Bad expander name
[DEBUG Aug  2 08:22:07.093445488, errs.go:68] Created error: Expander has no handler
[DEBUG Aug  2 08:22:07.095423426, errs.go:68] Created error: Service is already running
[DEBUG Aug  2 08:22:07.119055564, secrets.go:35] Gcloud Secretmanager failed to initialize (ignore if you're not trying to use gcloud): google: could not find default credentials. See https://developers.google.com/accounts/docs/application-default-credentials for more information.
[DEBUG Aug  2 08:22:07.122095052, output.go:53] Requested outputer for 
[DEBUG Aug  2 08:22:07.122118593, output.go:58] Using Plain outputer
[DEBUG Aug  2 08:22:07.122900949, client.go:128] Reporting event to 2 reporters: run-command, state-svc start, 
[DEBUG Aug  2 08:22:07.122907112, termutils.go:17] Cannot get terminal size: inappropriate ioctl for device
[DEBUG Aug  2 08:22:07.123570013, main.go:107] Running CmdStart
[DEBUG Aug  2 08:22:07.129837387, errs.go:75] Wrapped error: Service is already running -- with: valueF failed
[DEBUG Aug  2 08:22:07.129890229, errs.go:75] Wrapped error: valueF failed -- with: Could not store pid
[DEBUG Aug  2 08:22:07.129970560, errors.go:113] Wrapped input error: Could not store pid -- with: A State Service instance is already running in the background.
[DEBUG Aug  2 08:22:07.129983836, errs.go:75] Wrapped error: A State Service instance is already running in the background. -- with: Could not start serviceManager
[DEBUG Aug  2 08:22:07.130053479, client.go:128] Reporting event to 2 reporters: command-exit, state-svc start, 1
[DEBUG Aug  2 08:22:07.447303393, errs.go:75] Wrapped error: <nil> -- with: Could not start serviceManager: A State Service instance is already running in the background.: Could not store pid: valueF failed: Service is already running
[DEBUG Aug  2 08:22:07.447365793, main.go:61] state-svc errored out due to input: Could not start serviceManager: A State Service instance is already running in the background.: Could not store pid: valueF failed: Service is already running
