[DEBUG Aug  2 07:53:19.915479694, defaults.go:273] Args: [/home1/wangfeim/.local/ActiveState/StateTool/release/bin/state-svc start]
[DEBUG Aug  2 07:53:19.929275814, locale.go:38] Init
[DEBUG Aug  2 07:53:20.007426181, errs.go:68] Created error: File could not be found
[DEBUG Aug  2 07:53:20.010574473, errs.go:68] Created error: Not Recognized
[DEBUG Aug  2 07:53:20.031845361, errs.go:68] Created error: Secret not found
[DEBUG Aug  2 07:53:20.031896305, errs.go:68] Created error: Could not save keypair
[DEBUG Aug  2 07:53:20.032067845, errs.go:68] Created error: Build responded with error
[DEBUG Aug  2 07:53:20.032098771, errs.go:68] Created error: Unknown build type
[DEBUG Aug  2 07:53:20.032205730, errors.go:86] Wrapped localized error: <nil> -- with: The installed version of the State Tool Service does not match that of the client.
Please stop the service with [ACTIONABLE]state-svc stop[/RESET] and try your command again.
If this issue persists please reinstall the State Tool.

[DEBUG Aug  2 07:53:20.032220441, errs.go:68] Created error: no data
[DEBUG Aug  2 07:53:20.032242806, errs.go:68] Created error: member not found
[DEBUG Aug  2 07:53:20.032263646, errs.go:68] Created error: Commit count is unknowable
[DEBUG Aug  2 07:53:20.032285285, errs.go:68] Created error: No merge required
[DEBUG Aug  2 07:53:20.032311314, errs.go:68] Created error: Can't merge commit thats already in target commits history
[DEBUG Aug  2 07:53:20.032333383, errs.go:68] Created error: Bad expander name
[DEBUG Aug  2 07:53:20.032353954, errs.go:68] Created error: Expander has no handler
[DEBUG Aug  2 07:53:20.033329211, errs.go:68] Created error: Service is already running
[DEBUG Aug  2 07:53:20.100967524, secrets.go:35] Gcloud Secretmanager failed to initialize (ignore if you're not trying to use gcloud): google: could not find default credentials. See https://developers.google.com/accounts/docs/application-default-credentials for more information.
[DEBUG Aug  2 07:53:20.104635538, output.go:53] Requested outputer for 
[DEBUG Aug  2 07:53:20.104659127, output.go:58] Using Plain outputer
[DEBUG Aug  2 07:53:20.104734878, termutils.go:17] Cannot get terminal size: inappropriate ioctl for device
[DEBUG Aug  2 07:53:20.104815897, client.go:128] Reporting event to 2 reporters: run-command, state-svc start, 
[DEBUG Aug  2 07:53:20.104899738, main.go:107] Running CmdStart
[DEBUG Aug  2 07:53:20.110995572, errs.go:75] Wrapped error: Service is already running -- with: valueF failed
[DEBUG Aug  2 07:53:20.111050636, errs.go:75] Wrapped error: valueF failed -- with: Could not store pid
[DEBUG Aug  2 07:53:20.111131532, errors.go:113] Wrapped input error: Could not store pid -- with: A State Service instance is already running in the background.
[DEBUG Aug  2 07:53:20.111147025, errs.go:75] Wrapped error: A State Service instance is already running in the background. -- with: Could not start serviceManager
[DEBUG Aug  2 07:53:20.111222989, client.go:128] Reporting event to 2 reporters: command-exit, state-svc start, 1
[DEBUG Aug  2 07:53:20.544641105, errs.go:75] Wrapped error: <nil> -- with: Could not start serviceManager: A State Service instance is already running in the background.: Could not store pid: valueF failed: Service is already running
[DEBUG Aug  2 07:53:20.544758164, main.go:61] state-svc errored out due to input: Could not start serviceManager: A State Service instance is already running in the background.: Could not store pid: valueF failed: Service is already running
