[DEBUG Aug  2 07:38:09.097737345, defaults.go:273] Args: [/home1/wangfeim/.local/ActiveState/StateTool/release/bin/state-svc start]
[DEBUG Aug  2 07:38:09.112803070, locale.go:38] Init
[DEBUG Aug  2 07:38:09.202961794, errs.go:68] Created error: File could not be found
[DEBUG Aug  2 07:38:09.206155376, errs.go:68] Created error: Not Recognized
[DEBUG Aug  2 07:38:09.226256761, errs.go:68] Created error: Secret not found
[DEBUG Aug  2 07:38:09.226332841, errs.go:68] Created error: Could not save keypair
[DEBUG Aug  2 07:38:09.226811738, errs.go:68] Created error: Build responded with error
[DEBUG Aug  2 07:38:09.227007070, errs.go:68] Created error: Unknown build type
[DEBUG Aug  2 07:38:09.227155359, errors.go:86] Wrapped localized error: <nil> -- with: The installed version of the State Tool Service does not match that of the client.
Please stop the service with [ACTIONABLE]state-svc stop[/RESET] and try your command again.
If this issue persists please reinstall the State Tool.

[DEBUG Aug  2 07:38:09.227173305, errs.go:68] Created error: no data
[DEBUG Aug  2 07:38:09.227201496, errs.go:68] Created error: member not found
[DEBUG Aug  2 07:38:09.227226656, errs.go:68] Created error: Commit count is unknowable
[DEBUG Aug  2 07:38:09.227251177, errs.go:68] Created error: No merge required
[DEBUG Aug  2 07:38:09.227276252, errs.go:68] Created error: Can't merge commit thats already in target commits history
[DEBUG Aug  2 07:38:09.227306084, errs.go:68] Created error: Bad expander name
[DEBUG Aug  2 07:38:09.227333738, errs.go:68] Created error: Expander has no handler
[DEBUG Aug  2 07:38:09.228364256, errs.go:68] Created error: Service is already running
[DEBUG Aug  2 07:38:09.285820351, secrets.go:35] Gcloud Secretmanager failed to initialize (ignore if you're not trying to use gcloud): google: could not find default credentials. See https://developers.google.com/accounts/docs/application-default-credentials for more information.
[DEBUG Aug  2 07:38:09.289453740, output.go:53] Requested outputer for 
[DEBUG Aug  2 07:38:09.289478276, output.go:58] Using Plain outputer
[DEBUG Aug  2 07:38:09.289553065, termutils.go:17] Cannot get terminal size: inappropriate ioctl for device
[DEBUG Aug  2 07:38:09.289725324, client.go:128] Reporting event to 2 reporters: run-command, state-svc start, 
[DEBUG Aug  2 07:38:09.289728616, main.go:107] Running CmdStart
[DEBUG Aug  2 07:38:09.296284524, errs.go:75] Wrapped error: Service is already running -- with: valueF failed
[DEBUG Aug  2 07:38:09.296347753, errs.go:75] Wrapped error: valueF failed -- with: Could not store pid
[DEBUG Aug  2 07:38:09.296430402, errors.go:113] Wrapped input error: Could not store pid -- with: A State Service instance is already running in the background.
[DEBUG Aug  2 07:38:09.296452536, errs.go:75] Wrapped error: A State Service instance is already running in the background. -- with: Could not start serviceManager
[DEBUG Aug  2 07:38:09.296557995, client.go:128] Reporting event to 2 reporters: command-exit, state-svc start, 1
[DEBUG Aug  2 07:38:09.624921630, errs.go:75] Wrapped error: <nil> -- with: Could not start serviceManager: A State Service instance is already running in the background.: Could not store pid: valueF failed: Service is already running
[DEBUG Aug  2 07:38:09.625019677, main.go:61] state-svc errored out due to input: Could not start serviceManager: A State Service instance is already running in the background.: Could not store pid: valueF failed: Service is already running
