[DEBUG Aug  2 07:48:07.277725477, defaults.go:273] Args: [/home1/wangfeim/.local/ActiveState/StateTool/release/bin/state-svc start]
[DEBUG Aug  2 07:48:07.292507556, locale.go:38] Init
[DEBUG Aug  2 07:48:07.419680407, errs.go:68] Created error: File could not be found
[DEBUG Aug  2 07:48:07.423074321, errs.go:68] Created error: Not Recognized
[DEBUG Aug  2 07:48:07.446345318, errs.go:68] Created error: Secret not found
[DEBUG Aug  2 07:48:07.446398647, errs.go:68] Created error: Could not save keypair
[DEBUG Aug  2 07:48:07.446615106, errs.go:68] Created error: Build responded with error
[DEBUG Aug  2 07:48:07.446655187, errs.go:68] Created error: Unknown build type
[DEBUG Aug  2 07:48:07.446799416, errors.go:86] Wrapped localized error: <nil> -- with: The installed version of the State Tool Service does not match that of the client.
Please stop the service with [ACTIONABLE]state-svc stop[/RESET] and try your command again.
If this issue persists please reinstall the State Tool.

[DEBUG Aug  2 07:48:07.446816559, errs.go:68] Created error: no data
[DEBUG Aug  2 07:48:07.446841646, errs.go:68] Created error: member not found
[DEBUG Aug  2 07:48:07.446864788, errs.go:68] Created error: Commit count is unknowable
[DEBUG Aug  2 07:48:07.446888053, errs.go:68] Created error: No merge required
[DEBUG Aug  2 07:48:07.446912964, errs.go:68] Created error: Can't merge commit thats already in target commits history
[DEBUG Aug  2 07:48:07.446938803, errs.go:68] Created error: Bad expander name
[DEBUG Aug  2 07:48:07.446962558, errs.go:68] Created error: Expander has no handler
[DEBUG Aug  2 07:48:07.448219577, errs.go:68] Created error: Service is already running
[DEBUG Aug  2 07:48:07.481035175, secrets.go:35] Gcloud Secretmanager failed to initialize (ignore if you're not trying to use gcloud): google: could not find default credentials. See https://developers.google.com/accounts/docs/application-default-credentials for more information.
[DEBUG Aug  2 07:48:07.486968172, output.go:53] Requested outputer for 
[DEBUG Aug  2 07:48:07.486990489, output.go:58] Using Plain outputer
[DEBUG Aug  2 07:48:07.487055481, termutils.go:17] Cannot get terminal size: inappropriate ioctl for device
[DEBUG Aug  2 07:48:07.487151602, client.go:128] Reporting event to 2 reporters: run-command, state-svc start, 
[DEBUG Aug  2 07:48:07.487231464, main.go:107] Running CmdStart
[DEBUG Aug  2 07:48:07.493754997, errs.go:75] Wrapped error: Service is already running -- with: valueF failed
[DEBUG Aug  2 07:48:07.493811943, errs.go:75] Wrapped error: valueF failed -- with: Could not store pid
[DEBUG Aug  2 07:48:07.493880292, errors.go:113] Wrapped input error: Could not store pid -- with: A State Service instance is already running in the background.
[DEBUG Aug  2 07:48:07.493893798, errs.go:75] Wrapped error: A State Service instance is already running in the background. -- with: Could not start serviceManager
[DEBUG Aug  2 07:48:07.494025287, client.go:128] Reporting event to 2 reporters: command-exit, state-svc start, 1
[DEBUG Aug  2 07:48:07.828057221, errs.go:75] Wrapped error: <nil> -- with: Could not start serviceManager: A State Service instance is already running in the background.: Could not store pid: valueF failed: Service is already running
[DEBUG Aug  2 07:48:07.828127081, main.go:61] state-svc errored out due to input: Could not start serviceManager: A State Service instance is already running in the background.: Could not store pid: valueF failed: Service is already running
