[DEBUG Aug  2 08:21:36.195098141, defaults.go:273] Args: [/home1/wangfeim/.local/ActiveState/StateTool/release/bin/state-svc start]
[DEBUG Aug  2 08:21:36.208629330, locale.go:38] Init
[DEBUG Aug  2 08:21:36.247067133, errs.go:68] Created error: File could not be found
[DEBUG Aug  2 08:21:36.249876735, errs.go:68] Created error: Not Recognized
[DEBUG Aug  2 08:21:36.268655715, errs.go:68] Created error: Secret not found
[DEBUG Aug  2 08:21:36.268708645, errs.go:68] Created error: Could not save keypair
[DEBUG Aug  2 08:21:36.268867459, errs.go:68] Created error: Build responded with error
[DEBUG Aug  2 08:21:36.268903723, errs.go:68] Created error: Unknown build type
[DEBUG Aug  2 08:21:36.269038999, errors.go:86] Wrapped localized error: <nil> -- with: The installed version of the State Tool Service does not match that of the client.
Please stop the service with [ACTIONABLE]state-svc stop[/RESET] and try your command again.
If this issue persists please reinstall the State Tool.

[DEBUG Aug  2 08:21:36.269059756, errs.go:68] Created error: no data
[DEBUG Aug  2 08:21:36.269082923, errs.go:68] Created error: member not found
[DEBUG Aug  2 08:21:36.269104039, errs.go:68] Created error: Commit count is unknowable
[DEBUG Aug  2 08:21:36.269124908, errs.go:68] Created error: No merge required
[DEBUG Aug  2 08:21:36.269145022, errs.go:68] Created error: Can't merge commit thats already in target commits history
[DEBUG Aug  2 08:21:36.269167142, errs.go:68] Created error: Bad expander name
[DEBUG Aug  2 08:21:36.269191210, errs.go:68] Created error: Expander has no handler
[DEBUG Aug  2 08:21:36.270327507, errs.go:68] Created error: Service is already running
[DEBUG Aug  2 08:21:36.295555942, secrets.go:35] Gcloud Secretmanager failed to initialize (ignore if you're not trying to use gcloud): google: could not find default credentials. See https://developers.google.com/accounts/docs/application-default-credentials for more information.
[DEBUG Aug  2 08:21:36.298494350, output.go:53] Requested outputer for 
[DEBUG Aug  2 08:21:36.298516479, output.go:58] Using Plain outputer
[DEBUG Aug  2 08:21:36.298588634, termutils.go:17] Cannot get terminal size: inappropriate ioctl for device
[DEBUG Aug  2 08:21:36.298695197, client.go:128] Reporting event to 2 reporters: run-command, state-svc start, 
[DEBUG Aug  2 08:21:36.298736372, main.go:107] Running CmdStart
[DEBUG Aug  2 08:21:36.306920264, errs.go:75] Wrapped error: Service is already running -- with: valueF failed
[DEBUG Aug  2 08:21:36.306969560, errs.go:75] Wrapped error: valueF failed -- with: Could not store pid
[DEBUG Aug  2 08:21:36.307039946, errors.go:113] Wrapped input error: Could not store pid -- with: A State Service instance is already running in the background.
[DEBUG Aug  2 08:21:36.307053093, errs.go:75] Wrapped error: A State Service instance is already running in the background. -- with: Could not start serviceManager
[DEBUG Aug  2 08:21:36.307144003, client.go:128] Reporting event to 2 reporters: command-exit, state-svc start, 1
[DEBUG Aug  2 08:21:36.622978201, errs.go:75] Wrapped error: <nil> -- with: Could not start serviceManager: A State Service instance is already running in the background.: Could not store pid: valueF failed: Service is already running
[DEBUG Aug  2 08:21:36.623049314, main.go:61] state-svc errored out due to input: Could not start serviceManager: A State Service instance is already running in the background.: Could not store pid: valueF failed: Service is already running
