[DEBUG Aug  2 07:53:32.304281858, defaults.go:273] Args: [/home1/wangfeim/.local/ActiveState/StateTool/release/bin/state-svc start]
[DEBUG Aug  2 07:53:32.317148527, locale.go:38] Init
[DEBUG Aug  2 07:53:32.403511425, errs.go:68] Created error: File could not be found
[DEBUG Aug  2 07:53:32.406466150, errs.go:68] Created error: Not Recognized
[DEBUG Aug  2 07:53:32.427031868, errs.go:68] Created error: Secret not found
[DEBUG Aug  2 07:53:32.427087831, errs.go:68] Created error: Could not save keypair
[DEBUG Aug  2 07:53:32.427254117, errs.go:68] Created error: Build responded with error
[DEBUG Aug  2 07:53:32.427289767, errs.go:68] Created error: Unknown build type
[DEBUG Aug  2 07:53:32.427405033, errors.go:86] Wrapped localized error: <nil> -- with: The installed version of the State Tool Service does not match that of the client.
Please stop the service with [ACTIONABLE]state-svc stop[/RESET] and try your command again.
If this issue persists please reinstall the State Tool.

[DEBUG Aug  2 07:53:32.427420313, errs.go:68] Created error: no data
[DEBUG Aug  2 07:53:32.427443097, errs.go:68] Created error: member not found
[DEBUG Aug  2 07:53:32.427495304, errs.go:68] Created error: Commit count is unknowable
[DEBUG Aug  2 07:53:32.427522100, errs.go:68] Created error: No merge required
[DEBUG Aug  2 07:53:32.427560421, errs.go:68] Created error: Can't merge commit thats already in target commits history
[DEBUG Aug  2 07:53:32.427593591, errs.go:68] Created error: Bad expander name
[DEBUG Aug  2 07:53:32.427616236, errs.go:68] Created error: Expander has no handler
[DEBUG Aug  2 07:53:32.428812916, errs.go:68] Created error: Service is already running
[DEBUG Aug  2 07:53:32.494617721, secrets.go:35] Gcloud Secretmanager failed to initialize (ignore if you're not trying to use gcloud): google: could not find default credentials. See https://developers.google.com/accounts/docs/application-default-credentials for more information.
[DEBUG Aug  2 07:53:32.499084213, output.go:53] Requested outputer for 
[DEBUG Aug  2 07:53:32.499113215, output.go:58] Using Plain outputer
[DEBUG Aug  2 07:53:32.499207313, termutils.go:17] Cannot get terminal size: inappropriate ioctl for device
[DEBUG Aug  2 07:53:32.499300073, client.go:128] Reporting event to 2 reporters: run-command, state-svc start, 
[DEBUG Aug  2 07:53:32.499371623, main.go:107] Running CmdStart
[DEBUG Aug  2 07:53:32.505273578, errs.go:75] Wrapped error: Service is already running -- with: valueF failed
[DEBUG Aug  2 07:53:32.505334777, errs.go:75] Wrapped error: valueF failed -- with: Could not store pid
[DEBUG Aug  2 07:53:32.505417657, errors.go:113] Wrapped input error: Could not store pid -- with: A State Service instance is already running in the background.
[DEBUG Aug  2 07:53:32.505433626, errs.go:75] Wrapped error: A State Service instance is already running in the background. -- with: Could not start serviceManager
[DEBUG Aug  2 07:53:32.505509003, client.go:128] Reporting event to 2 reporters: command-exit, state-svc start, 1
[DEBUG Aug  2 07:53:32.889106827, errs.go:75] Wrapped error: <nil> -- with: Could not start serviceManager: A State Service instance is already running in the background.: Could not store pid: valueF failed: Service is already running
[DEBUG Aug  2 07:53:32.889171468, main.go:61] state-svc errored out due to input: Could not start serviceManager: A State Service instance is already running in the background.: Could not store pid: valueF failed: Service is already running
