[DEBUG Aug  2 07:39:04.624478579, defaults.go:273] Args: [/home1/wangfeim/.local/ActiveState/StateTool/release/bin/state-svc start]
[DEBUG Aug  2 07:39:04.637718188, locale.go:38] Init
[DEBUG Aug  2 07:39:04.723410026, errs.go:68] Created error: File could not be found
[DEBUG Aug  2 07:39:04.726315370, errs.go:68] Created error: Not Recognized
[DEBUG Aug  2 07:39:04.746029508, errs.go:68] Created error: Secret not found
[DEBUG Aug  2 07:39:04.746078161, errs.go:68] Created error: Could not save keypair
[DEBUG Aug  2 07:39:04.746231347, errs.go:68] Created error: Build responded with error
[DEBUG Aug  2 07:39:04.746276017, errs.go:68] Created error: Unknown build type
[DEBUG Aug  2 07:39:04.746393128, errors.go:86] Wrapped localized error: <nil> -- with: The installed version of the State Tool Service does not match that of the client.
Please stop the service with [ACTIONABLE]state-svc stop[/RESET] and try your command again.
If this issue persists please reinstall the State Tool.

[DEBUG Aug  2 07:39:04.746408029, errs.go:68] Created error: no data
[DEBUG Aug  2 07:39:04.746433302, errs.go:68] Created error: member not found
[DEBUG Aug  2 07:39:04.746459247, errs.go:68] Created error: Commit count is unknowable
[DEBUG Aug  2 07:39:04.746482629, errs.go:68] Created error: No merge required
[DEBUG Aug  2 07:39:04.746505966, errs.go:68] Created error: Can't merge commit thats already in target commits history
[DEBUG Aug  2 07:39:04.746530298, errs.go:68] Created error: Bad expander name
[DEBUG Aug  2 07:39:04.746559584, errs.go:68] Created error: Expander has no handler
[DEBUG Aug  2 07:39:04.748648038, errs.go:68] Created error: Service is already running
[DEBUG Aug  2 07:39:04.805442250, secrets.go:35] Gcloud Secretmanager failed to initialize (ignore if you're not trying to use gcloud): google: could not find default credentials. See https://developers.google.com/accounts/docs/application-default-credentials for more information.
[DEBUG Aug  2 07:39:04.810216966, output.go:53] Requested outputer for 
[DEBUG Aug  2 07:39:04.810323605, output.go:58] Using Plain outputer
[DEBUG Aug  2 07:39:04.810472886, termutils.go:17] Cannot get terminal size: inappropriate ioctl for device
[DEBUG Aug  2 07:39:04.810706414, client.go:128] Reporting event to 2 reporters: run-command, state-svc start, 
[DEBUG Aug  2 07:39:04.811022667, main.go:107] Running CmdStart
[DEBUG Aug  2 07:39:04.818040762, errs.go:75] Wrapped error: Service is already running -- with: valueF failed
[DEBUG Aug  2 07:39:04.818105603, errs.go:75] Wrapped error: valueF failed -- with: Could not store pid
[DEBUG Aug  2 07:39:04.818197747, errors.go:113] Wrapped input error: Could not store pid -- with: A State Service instance is already running in the background.
[DEBUG Aug  2 07:39:04.818218657, errs.go:75] Wrapped error: A State Service instance is already running in the background. -- with: Could not start serviceManager
[DEBUG Aug  2 07:39:04.818311244, client.go:128] Reporting event to 2 reporters: command-exit, state-svc start, 1
[DEBUG Aug  2 07:39:05.184906797, errs.go:75] Wrapped error: <nil> -- with: Could not start serviceManager: A State Service instance is already running in the background.: Could not store pid: valueF failed: Service is already running
[DEBUG Aug  2 07:39:05.184996519, main.go:61] state-svc errored out due to input: Could not start serviceManager: A State Service instance is already running in the background.: Could not store pid: valueF failed: Service is already running
