[DEBUG Aug  2 07:41:59.561286666, defaults.go:273] Args: [/home1/wangfeim/.local/ActiveState/StateTool/release/bin/state-svc start]
[DEBUG Aug  2 07:41:59.575960958, locale.go:38] Init
[DEBUG Aug  2 07:42:00.175164130, errs.go:68] Created error: File could not be found
[DEBUG Aug  2 07:42:00.178199193, errs.go:68] Created error: Not Recognized
[DEBUG Aug  2 07:42:00.200360191, errs.go:68] Created error: Secret not found
[DEBUG Aug  2 07:42:00.200416685, errs.go:68] Created error: Could not save keypair
[DEBUG Aug  2 07:42:00.200605266, errs.go:68] Created error: Build responded with error
[DEBUG Aug  2 07:42:00.200635075, errs.go:68] Created error: Unknown build type
[DEBUG Aug  2 07:42:00.200764257, errors.go:86] Wrapped localized error: <nil> -- with: The installed version of the State Tool Service does not match that of the client.
Please stop the service with [ACTIONABLE]state-svc stop[/RESET] and try your command again.
If this issue persists please reinstall the State Tool.

[DEBUG Aug  2 07:42:00.200781488, errs.go:68] Created error: no data
[DEBUG Aug  2 07:42:00.200805764, errs.go:68] Created error: member not found
[DEBUG Aug  2 07:42:00.200834181, errs.go:68] Created error: Commit count is unknowable
[DEBUG Aug  2 07:42:00.200858881, errs.go:68] Created error: No merge required
[DEBUG Aug  2 07:42:00.200881575, errs.go:68] Created error: Can't merge commit thats already in target commits history
[DEBUG Aug  2 07:42:00.200906515, errs.go:68] Created error: Bad expander name
[DEBUG Aug  2 07:42:00.200937141, errs.go:68] Created error: Expander has no handler
[DEBUG Aug  2 07:42:00.202260182, errs.go:68] Created error: Service is already running
[DEBUG Aug  2 07:42:00.232620293, secrets.go:35] Gcloud Secretmanager failed to initialize (ignore if you're not trying to use gcloud): google: could not find default credentials. See https://developers.google.com/accounts/docs/application-default-credentials for more information.
[DEBUG Aug  2 07:42:00.237344658, output.go:53] Requested outputer for 
[DEBUG Aug  2 07:42:00.237368579, output.go:58] Using Plain outputer
[DEBUG Aug  2 07:42:00.237453479, termutils.go:17] Cannot get terminal size: inappropriate ioctl for device
[DEBUG Aug  2 07:42:00.237479295, client.go:128] Reporting event to 2 reporters: run-command, state-svc start, 
[DEBUG Aug  2 07:42:00.237634120, main.go:107] Running CmdStart
[DEBUG Aug  2 07:42:00.244007537, errs.go:75] Wrapped error: Service is already running -- with: valueF failed
[DEBUG Aug  2 07:42:00.244069276, errs.go:75] Wrapped error: valueF failed -- with: Could not store pid
[DEBUG Aug  2 07:42:00.244137888, errors.go:113] Wrapped input error: Could not store pid -- with: A State Service instance is already running in the background.
[DEBUG Aug  2 07:42:00.244151916, errs.go:75] Wrapped error: A State Service instance is already running in the background. -- with: Could not start serviceManager
[DEBUG Aug  2 07:42:00.244217429, client.go:128] Reporting event to 2 reporters: command-exit, state-svc start, 1
[DEBUG Aug  2 07:42:00.574402187, errs.go:75] Wrapped error: <nil> -- with: Could not start serviceManager: A State Service instance is already running in the background.: Could not store pid: valueF failed: Service is already running
[DEBUG Aug  2 07:42:00.574462976, main.go:61] state-svc errored out due to input: Could not start serviceManager: A State Service instance is already running in the background.: Could not store pid: valueF failed: Service is already running
