[DEBUG Aug  2 07:59:24.937831816, defaults.go:273] Args: [/home1/wangfeim/.local/ActiveState/StateTool/release/bin/state-svc start]
[DEBUG Aug  2 07:59:24.954476526, locale.go:38] Init
[DEBUG Aug  2 07:59:25.023903419, errs.go:68] Created error: File could not be found
[DEBUG Aug  2 07:59:25.026589152, errs.go:68] Created error: Not Recognized
[DEBUG Aug  2 07:59:25.097708563, errs.go:68] Created error: Secret not found
[DEBUG Aug  2 07:59:25.097762515, errs.go:68] Created error: Could not save keypair
[DEBUG Aug  2 07:59:25.097933382, errs.go:68] Created error: Build responded with error
[DEBUG Aug  2 07:59:25.097964481, errs.go:68] Created error: Unknown build type
[DEBUG Aug  2 07:59:25.098081087, errors.go:86] Wrapped localized error: <nil> -- with: The installed version of the State Tool Service does not match that of the client.
Please stop the service with [ACTIONABLE]state-svc stop[/RESET] and try your command again.
If this issue persists please reinstall the State Tool.

[DEBUG Aug  2 07:59:25.098098345, errs.go:68] Created error: no data
[DEBUG Aug  2 07:59:25.098120276, errs.go:68] Created error: member not found
[DEBUG Aug  2 07:59:25.098140008, errs.go:68] Created error: Commit count is unknowable
[DEBUG Aug  2 07:59:25.098174597, errs.go:68] Created error: No merge required
[DEBUG Aug  2 07:59:25.098194722, errs.go:68] Created error: Can't merge commit thats already in target commits history
[DEBUG Aug  2 07:59:25.098216836, errs.go:68] Created error: Bad expander name
[DEBUG Aug  2 07:59:25.098239405, errs.go:68] Created error: Expander has no handler
[DEBUG Aug  2 07:59:25.099346403, errs.go:68] Created error: Service is already running
[DEBUG Aug  2 07:59:25.125582819, secrets.go:35] Gcloud Secretmanager failed to initialize (ignore if you're not trying to use gcloud): google: could not find default credentials. See https://developers.google.com/accounts/docs/application-default-credentials for more information.
[DEBUG Aug  2 07:59:25.128514079, output.go:53] Requested outputer for 
[DEBUG Aug  2 07:59:25.128534265, output.go:58] Using Plain outputer
[DEBUG Aug  2 07:59:25.128620382, termutils.go:17] Cannot get terminal size: inappropriate ioctl for device
[DEBUG Aug  2 07:59:25.128772425, client.go:128] Reporting event to 2 reporters: run-command, state-svc start, 
[DEBUG Aug  2 07:59:25.128781982, main.go:107] Running CmdStart
[DEBUG Aug  2 07:59:25.134289892, errs.go:75] Wrapped error: Service is already running -- with: valueF failed
[DEBUG Aug  2 07:59:25.134348518, errs.go:75] Wrapped error: valueF failed -- with: Could not store pid
[DEBUG Aug  2 07:59:25.134426710, errors.go:113] Wrapped input error: Could not store pid -- with: A State Service instance is already running in the background.
[DEBUG Aug  2 07:59:25.134440167, errs.go:75] Wrapped error: A State Service instance is already running in the background. -- with: Could not start serviceManager
[DEBUG Aug  2 07:59:25.134513309, client.go:128] Reporting event to 2 reporters: command-exit, state-svc start, 1
[DEBUG Aug  2 07:59:25.561121663, errs.go:75] Wrapped error: <nil> -- with: Could not start serviceManager: A State Service instance is already running in the background.: Could not store pid: valueF failed: Service is already running
[DEBUG Aug  2 07:59:25.561208958, main.go:61] state-svc errored out due to input: Could not start serviceManager: A State Service instance is already running in the background.: Could not store pid: valueF failed: Service is already running
