[DEBUG Aug  2 08:19:30.634166378, defaults.go:273] Args: [/home1/wangfeim/.local/ActiveState/StateTool/release/bin/state-svc start]
[DEBUG Aug  2 08:19:30.692380397, locale.go:38] Init
[DEBUG Aug  2 08:19:30.743152324, errs.go:68] Created error: File could not be found
[DEBUG Aug  2 08:19:30.788060640, errs.go:68] Created error: Not Recognized
[DEBUG Aug  2 08:19:30.807417517, errs.go:68] Created error: Secret not found
[DEBUG Aug  2 08:19:30.807474947, errs.go:68] Created error: Could not save keypair
[DEBUG Aug  2 08:19:30.807670275, errs.go:68] Created error: Build responded with error
[DEBUG Aug  2 08:19:30.807707318, errs.go:68] Created error: Unknown build type
[DEBUG Aug  2 08:19:30.807824554, errors.go:86] Wrapped localized error: <nil> -- with: The installed version of the State Tool Service does not match that of the client.
Please stop the service with [ACTIONABLE]state-svc stop[/RESET] and try your command again.
If this issue persists please reinstall the State Tool.

[DEBUG Aug  2 08:19:30.807839499, errs.go:68] Created error: no data
[DEBUG Aug  2 08:19:30.807874254, errs.go:68] Created error: member not found
[DEBUG Aug  2 08:19:30.807899694, errs.go:68] Created error: Commit count is unknowable
[DEBUG Aug  2 08:19:30.807926552, errs.go:68] Created error: No merge required
[DEBUG Aug  2 08:19:30.807952922, errs.go:68] Created error: Can't merge commit thats already in target commits history
[DEBUG Aug  2 08:19:30.807978769, errs.go:68] Created error: Bad expander name
[DEBUG Aug  2 08:19:30.808002017, errs.go:68] Created error: Expander has no handler
[DEBUG Aug  2 08:19:30.809209556, errs.go:68] Created error: Service is already running
[DEBUG Aug  2 08:19:30.834786463, secrets.go:35] Gcloud Secretmanager failed to initialize (ignore if you're not trying to use gcloud): google: could not find default credentials. See https://developers.google.com/accounts/docs/application-default-credentials for more information.
[DEBUG Aug  2 08:19:30.838023148, output.go:53] Requested outputer for 
[DEBUG Aug  2 08:19:30.838051550, output.go:58] Using Plain outputer
[DEBUG Aug  2 08:19:30.838120836, termutils.go:17] Cannot get terminal size: inappropriate ioctl for device
[DEBUG Aug  2 08:19:30.838201672, client.go:128] Reporting event to 2 reporters: run-command, state-svc start, 
[DEBUG Aug  2 08:19:30.838328245, main.go:107] Running CmdStart
[DEBUG Aug  2 08:19:30.843888541, errs.go:75] Wrapped error: Service is already running -- with: valueF failed
[DEBUG Aug  2 08:19:30.843945327, errs.go:75] Wrapped error: valueF failed -- with: Could not store pid
[DEBUG Aug  2 08:19:30.844896328, errors.go:113] Wrapped input error: Could not store pid -- with: A State Service instance is already running in the background.
[DEBUG Aug  2 08:19:30.845355552, errs.go:75] Wrapped error: A State Service instance is already running in the background. -- with: Could not start serviceManager
[DEBUG Aug  2 08:19:30.845825332, client.go:128] Reporting event to 2 reporters: command-exit, state-svc start, 1
[DEBUG Aug  2 08:19:31.227152623, errs.go:75] Wrapped error: <nil> -- with: Could not start serviceManager: A State Service instance is already running in the background.: Could not store pid: valueF failed: Service is already running
[DEBUG Aug  2 08:19:31.227229249, main.go:61] state-svc errored out due to input: Could not start serviceManager: A State Service instance is already running in the background.: Could not store pid: valueF failed: Service is already running
