[DEBUG Mar  8 14:42:52.662296416, defaults.go:273] Args: [/home1/wangfeim/.local/ActiveState/StateTool/release/bin/state-svc start]
[DEBUG Mar  8 14:42:52.674689169, locale.go:38] Init
[DEBUG Mar  8 14:42:52.712435681, errs.go:68] Created error: File could not be found
[DEBUG Mar  8 14:42:52.715062763, errs.go:68] Created error: Not Recognized
[DEBUG Mar  8 14:42:52.735085315, errs.go:68] Created error: Secret not found
[DEBUG Mar  8 14:42:52.735342030, errs.go:68] Created error: Could not save keypair
[DEBUG Mar  8 14:42:52.735560703, errs.go:68] Created error: Build responded with error
[DEBUG Mar  8 14:42:52.735590324, errs.go:68] Created error: Unknown build type
[DEBUG Mar  8 14:42:52.735709328, errors.go:86] Wrapped localized error: <nil> -- with: The installed version of the State Tool Service does not match that of the client.
Please stop the service with [ACTIONABLE]state-svc stop[/RESET] and try your command again.
If this issue persists please reinstall the State Tool.

[DEBUG Mar  8 14:42:52.735724688, errs.go:68] Created error: no data
[DEBUG Mar  8 14:42:52.735753044, errs.go:68] Created error: member not found
[DEBUG Mar  8 14:42:52.735805138, errs.go:68] Created error: Commit count is unknowable
[DEBUG Mar  8 14:42:52.735838841, errs.go:68] Created error: No merge required
[DEBUG Mar  8 14:42:52.735860803, errs.go:68] Created error: Can't merge commit thats already in target commits history
[DEBUG Mar  8 14:42:52.735884159, errs.go:68] Created error: Bad expander name
[DEBUG Mar  8 14:42:52.735903815, errs.go:68] Created error: Expander has no handler
[DEBUG Mar  8 14:42:52.737081181, errs.go:68] Created error: Service is already running
[DEBUG Mar  8 14:42:52.763279747, secrets.go:35] Gcloud Secretmanager failed to initialize (ignore if you're not trying to use gcloud): google: could not find default credentials. See https://developers.google.com/accounts/docs/application-default-credentials for more information.
[DEBUG Mar  8 14:42:52.767409137, output.go:53] Requested outputer for 
[DEBUG Mar  8 14:42:52.767434435, output.go:58] Using Plain outputer
[DEBUG Mar  8 14:42:52.767490482, termutils.go:17] Cannot get terminal size: inappropriate ioctl for device
[DEBUG Mar  8 14:42:52.767604389, client.go:128] Reporting event to 2 reporters: run-command, state-svc start, 
[DEBUG Mar  8 14:42:52.767606141, main.go:107] Running CmdStart
[DEBUG Mar  8 14:42:52.773556281, errs.go:75] Wrapped error: Service is already running -- with: valueF failed
[DEBUG Mar  8 14:42:52.773599020, errs.go:75] Wrapped error: valueF failed -- with: Could not store pid
[DEBUG Mar  8 14:42:52.773661354, errors.go:113] Wrapped input error: Could not store pid -- with: A State Service instance is already running in the background.
[DEBUG Mar  8 14:42:52.773672732, errs.go:75] Wrapped error: A State Service instance is already running in the background. -- with: Could not start serviceManager
[DEBUG Mar  8 14:42:52.773729419, client.go:128] Reporting event to 2 reporters: command-exit, state-svc start, 1
[DEBUG Mar  8 14:42:53.128789344, errs.go:75] Wrapped error: <nil> -- with: Could not start serviceManager: A State Service instance is already running in the background.: Could not store pid: valueF failed: Service is already running
[DEBUG Mar  8 14:42:53.128847176, main.go:61] state-svc errored out due to input: Could not start serviceManager: A State Service instance is already running in the background.: Could not store pid: valueF failed: Service is already running
