[DEBUG Aug  2 07:46:50.905502744, defaults.go:273] Args: [/home1/wangfeim/.local/ActiveState/StateTool/release/bin/state-svc start]
[DEBUG Aug  2 07:46:50.920669103, locale.go:38] Init
[DEBUG Aug  2 07:46:50.964682738, errs.go:68] Created error: File could not be found
[DEBUG Aug  2 07:46:50.986262394, errs.go:68] Created error: Not Recognized
[DEBUG Aug  2 07:46:51.008907536, errs.go:68] Created error: Secret not found
[DEBUG Aug  2 07:46:51.008970040, errs.go:68] Created error: Could not save keypair
[DEBUG Aug  2 07:46:51.009165192, errs.go:68] Created error: Build responded with error
[DEBUG Aug  2 07:46:51.009196125, errs.go:68] Created error: Unknown build type
[DEBUG Aug  2 07:46:51.009315281, errors.go:86] Wrapped localized error: <nil> -- with: The installed version of the State Tool Service does not match that of the client.
Please stop the service with [ACTIONABLE]state-svc stop[/RESET] and try your command again.
If this issue persists please reinstall the State Tool.

[DEBUG Aug  2 07:46:51.009329860, errs.go:68] Created error: no data
[DEBUG Aug  2 07:46:51.009355817, errs.go:68] Created error: member not found
[DEBUG Aug  2 07:46:51.009387728, errs.go:68] Created error: Commit count is unknowable
[DEBUG Aug  2 07:46:51.009410761, errs.go:68] Created error: No merge required
[DEBUG Aug  2 07:46:51.009434017, errs.go:68] Created error: Can't merge commit thats already in target commits history
[DEBUG Aug  2 07:46:51.009458270, errs.go:68] Created error: Bad expander name
[DEBUG Aug  2 07:46:51.009484007, errs.go:68] Created error: Expander has no handler
[DEBUG Aug  2 07:46:51.010574853, errs.go:68] Created error: Service is already running
[DEBUG Aug  2 07:46:51.041675729, secrets.go:35] Gcloud Secretmanager failed to initialize (ignore if you're not trying to use gcloud): google: could not find default credentials. See https://developers.google.com/accounts/docs/application-default-credentials for more information.
[DEBUG Aug  2 07:46:51.086698963, output.go:53] Requested outputer for 
[DEBUG Aug  2 07:46:51.086736225, output.go:58] Using Plain outputer
[DEBUG Aug  2 07:46:51.086820028, termutils.go:17] Cannot get terminal size: inappropriate ioctl for device
[DEBUG Aug  2 07:46:51.086962389, client.go:128] Reporting event to 2 reporters: run-command, state-svc start, 
[DEBUG Aug  2 07:46:51.087042768, main.go:107] Running CmdStart
[DEBUG Aug  2 07:46:51.096024917, errs.go:75] Wrapped error: Service is already running -- with: valueF failed
[DEBUG Aug  2 07:46:51.096083924, errs.go:75] Wrapped error: valueF failed -- with: Could not store pid
[DEBUG Aug  2 07:46:51.096155885, errors.go:113] Wrapped input error: Could not store pid -- with: A State Service instance is already running in the background.
[DEBUG Aug  2 07:46:51.096168883, errs.go:75] Wrapped error: A State Service instance is already running in the background. -- with: Could not start serviceManager
[DEBUG Aug  2 07:46:51.096314116, client.go:128] Reporting event to 2 reporters: command-exit, state-svc start, 1
[DEBUG Aug  2 07:46:51.463003626, errs.go:75] Wrapped error: <nil> -- with: Could not start serviceManager: A State Service instance is already running in the background.: Could not store pid: valueF failed: Service is already running
[DEBUG Aug  2 07:46:51.463063526, main.go:61] state-svc errored out due to input: Could not start serviceManager: A State Service instance is already running in the background.: Could not store pid: valueF failed: Service is already running
