[DEBUG Aug  2 07:51:37.082952810, defaults.go:273] Args: [/home1/wangfeim/.local/ActiveState/StateTool/release/bin/state-svc start]
[DEBUG Aug  2 07:51:37.096420055, locale.go:38] Init
[DEBUG Aug  2 07:51:37.476880516, errs.go:68] Created error: File could not be found
[DEBUG Aug  2 07:51:37.480080047, errs.go:68] Created error: Not Recognized
[DEBUG Aug  2 07:51:37.502950517, errs.go:68] Created error: Secret not found
[DEBUG Aug  2 07:51:37.503007665, errs.go:68] Created error: Could not save keypair
[DEBUG Aug  2 07:51:37.503182498, errs.go:68] Created error: Build responded with error
[DEBUG Aug  2 07:51:37.503211648, errs.go:68] Created error: Unknown build type
[DEBUG Aug  2 07:51:37.503337913, errors.go:86] Wrapped localized error: <nil> -- with: The installed version of the State Tool Service does not match that of the client.
Please stop the service with [ACTIONABLE]state-svc stop[/RESET] and try your command again.
If this issue persists please reinstall the State Tool.

[DEBUG Aug  2 07:51:37.503355078, errs.go:68] Created error: no data
[DEBUG Aug  2 07:51:37.503381207, errs.go:68] Created error: member not found
[DEBUG Aug  2 07:51:37.503420090, errs.go:68] Created error: Commit count is unknowable
[DEBUG Aug  2 07:51:37.503444527, errs.go:68] Created error: No merge required
[DEBUG Aug  2 07:51:37.503478944, errs.go:68] Created error: Can't merge commit thats already in target commits history
[DEBUG Aug  2 07:51:37.503504596, errs.go:68] Created error: Bad expander name
[DEBUG Aug  2 07:51:37.503528109, errs.go:68] Created error: Expander has no handler
[DEBUG Aug  2 07:51:37.504719135, errs.go:68] Created error: Service is already running
[DEBUG Aug  2 07:51:37.591071547, secrets.go:35] Gcloud Secretmanager failed to initialize (ignore if you're not trying to use gcloud): google: could not find default credentials. See https://developers.google.com/accounts/docs/application-default-credentials for more information.
[DEBUG Aug  2 07:51:37.594169862, output.go:53] Requested outputer for 
[DEBUG Aug  2 07:51:37.594193982, output.go:58] Using Plain outputer
[DEBUG Aug  2 07:51:37.594263416, termutils.go:17] Cannot get terminal size: inappropriate ioctl for device
[DEBUG Aug  2 07:51:37.594358463, client.go:128] Reporting event to 2 reporters: run-command, state-svc start, 
[DEBUG Aug  2 07:51:37.594437739, main.go:107] Running CmdStart
[DEBUG Aug  2 07:51:37.600407447, errs.go:75] Wrapped error: Service is already running -- with: valueF failed
[DEBUG Aug  2 07:51:37.600477373, errs.go:75] Wrapped error: valueF failed -- with: Could not store pid
[DEBUG Aug  2 07:51:37.600558095, errors.go:113] Wrapped input error: Could not store pid -- with: A State Service instance is already running in the background.
[DEBUG Aug  2 07:51:37.600574412, errs.go:75] Wrapped error: A State Service instance is already running in the background. -- with: Could not start serviceManager
[DEBUG Aug  2 07:51:37.600663861, client.go:128] Reporting event to 2 reporters: command-exit, state-svc start, 1
[DEBUG Aug  2 07:51:37.969741710, errs.go:75] Wrapped error: <nil> -- with: Could not start serviceManager: A State Service instance is already running in the background.: Could not store pid: valueF failed: Service is already running
[DEBUG Aug  2 07:51:37.969812318, main.go:61] state-svc errored out due to input: Could not start serviceManager: A State Service instance is already running in the background.: Could not store pid: valueF failed: Service is already running
