[DEBUG Aug  2 07:47:47.466974214, defaults.go:273] Args: [/home1/wangfeim/.local/ActiveState/StateTool/release/bin/state-svc start]
[DEBUG Aug  2 07:47:47.481915660, locale.go:38] Init
[DEBUG Aug  2 07:47:47.814940087, errs.go:68] Created error: File could not be found
[DEBUG Aug  2 07:47:47.818111099, errs.go:68] Created error: Not Recognized
[DEBUG Aug  2 07:47:47.842610581, errs.go:68] Created error: Secret not found
[DEBUG Aug  2 07:47:47.842681363, errs.go:68] Created error: Could not save keypair
[DEBUG Aug  2 07:47:47.842986601, errs.go:68] Created error: Build responded with error
[DEBUG Aug  2 07:47:47.843034326, errs.go:68] Created error: Unknown build type
[DEBUG Aug  2 07:47:47.843196331, errors.go:86] Wrapped localized error: <nil> -- with: The installed version of the State Tool Service does not match that of the client.
Please stop the service with [ACTIONABLE]state-svc stop[/RESET] and try your command again.
If this issue persists please reinstall the State Tool.

[DEBUG Aug  2 07:47:47.843224628, errs.go:68] Created error: no data
[DEBUG Aug  2 07:47:47.843259444, errs.go:68] Created error: member not found
[DEBUG Aug  2 07:47:47.843294581, errs.go:68] Created error: Commit count is unknowable
[DEBUG Aug  2 07:47:47.843327853, errs.go:68] Created error: No merge required
[DEBUG Aug  2 07:47:47.843362347, errs.go:68] Created error: Can't merge commit thats already in target commits history
[DEBUG Aug  2 07:47:47.843395018, errs.go:68] Created error: Bad expander name
[DEBUG Aug  2 07:47:47.843427283, errs.go:68] Created error: Expander has no handler
[DEBUG Aug  2 07:47:47.845002143, errs.go:68] Created error: Service is already running
[DEBUG Aug  2 07:47:47.909714512, secrets.go:35] Gcloud Secretmanager failed to initialize (ignore if you're not trying to use gcloud): google: could not find default credentials. See https://developers.google.com/accounts/docs/application-default-credentials for more information.
[DEBUG Aug  2 07:47:47.914761302, output.go:53] Requested outputer for 
[DEBUG Aug  2 07:47:47.914783969, output.go:58] Using Plain outputer
[DEBUG Aug  2 07:47:47.914860042, termutils.go:17] Cannot get terminal size: inappropriate ioctl for device
[DEBUG Aug  2 07:47:47.914949981, client.go:128] Reporting event to 2 reporters: run-command, state-svc start, 
[DEBUG Aug  2 07:47:47.915085361, main.go:107] Running CmdStart
[DEBUG Aug  2 07:47:47.924021211, errs.go:75] Wrapped error: Service is already running -- with: valueF failed
[DEBUG Aug  2 07:47:47.924088226, errs.go:75] Wrapped error: valueF failed -- with: Could not store pid
[DEBUG Aug  2 07:47:47.924172964, errors.go:113] Wrapped input error: Could not store pid -- with: A State Service instance is already running in the background.
[DEBUG Aug  2 07:47:47.924187981, errs.go:75] Wrapped error: A State Service instance is already running in the background. -- with: Could not start serviceManager
[DEBUG Aug  2 07:47:47.924266338, client.go:128] Reporting event to 2 reporters: command-exit, state-svc start, 1
[DEBUG Aug  2 07:47:48.299855134, errs.go:75] Wrapped error: <nil> -- with: Could not start serviceManager: A State Service instance is already running in the background.: Could not store pid: valueF failed: Service is already running
[DEBUG Aug  2 07:47:48.299949754, main.go:61] state-svc errored out due to input: Could not start serviceManager: A State Service instance is already running in the background.: Could not store pid: valueF failed: Service is already running
