[DEBUG Aug  2 07:40:47.602095748, defaults.go:273] Args: [/home1/wangfeim/.local/ActiveState/StateTool/release/bin/state-svc start]
[DEBUG Aug  2 07:40:47.616967539, locale.go:38] Init
[DEBUG Aug  2 07:40:47.700410269, errs.go:68] Created error: File could not be found
[DEBUG Aug  2 07:40:47.703729269, errs.go:68] Created error: Not Recognized
[DEBUG Aug  2 07:40:47.726459328, errs.go:68] Created error: Secret not found
[DEBUG Aug  2 07:40:47.726527385, errs.go:68] Created error: Could not save keypair
[DEBUG Aug  2 07:40:47.726742167, errs.go:68] Created error: Build responded with error
[DEBUG Aug  2 07:40:47.726809520, errs.go:68] Created error: Unknown build type
[DEBUG Aug  2 07:40:47.726931414, errors.go:86] Wrapped localized error: <nil> -- with: The installed version of the State Tool Service does not match that of the client.
Please stop the service with [ACTIONABLE]state-svc stop[/RESET] and try your command again.
If this issue persists please reinstall the State Tool.

[DEBUG Aug  2 07:40:47.726948426, errs.go:68] Created error: no data
[DEBUG Aug  2 07:40:47.726975480, errs.go:68] Created error: member not found
[DEBUG Aug  2 07:40:47.727007579, errs.go:68] Created error: Commit count is unknowable
[DEBUG Aug  2 07:40:47.727031445, errs.go:68] Created error: No merge required
[DEBUG Aug  2 07:40:47.727054235, errs.go:68] Created error: Can't merge commit thats already in target commits history
[DEBUG Aug  2 07:40:47.727079789, errs.go:68] Created error: Bad expander name
[DEBUG Aug  2 07:40:47.727103249, errs.go:68] Created error: Expander has no handler
[DEBUG Aug  2 07:40:47.728215082, errs.go:68] Created error: Service is already running
[DEBUG Aug  2 07:40:47.788867131, secrets.go:35] Gcloud Secretmanager failed to initialize (ignore if you're not trying to use gcloud): google: could not find default credentials. See https://developers.google.com/accounts/docs/application-default-credentials for more information.
[DEBUG Aug  2 07:40:47.791896098, output.go:53] Requested outputer for 
[DEBUG Aug  2 07:40:47.791924726, output.go:58] Using Plain outputer
[DEBUG Aug  2 07:40:47.792002698, termutils.go:17] Cannot get terminal size: inappropriate ioctl for device
[DEBUG Aug  2 07:40:47.792090498, client.go:128] Reporting event to 2 reporters: run-command, state-svc start, 
[DEBUG Aug  2 07:40:47.792221005, main.go:107] Running CmdStart
[DEBUG Aug  2 07:40:47.797523131, errs.go:75] Wrapped error: Service is already running -- with: valueF failed
[DEBUG Aug  2 07:40:47.797598957, errs.go:75] Wrapped error: valueF failed -- with: Could not store pid
[DEBUG Aug  2 07:40:47.797679078, errors.go:113] Wrapped input error: Could not store pid -- with: A State Service instance is already running in the background.
[DEBUG Aug  2 07:40:47.797693678, errs.go:75] Wrapped error: A State Service instance is already running in the background. -- with: Could not start serviceManager
[DEBUG Aug  2 07:40:47.797793368, client.go:128] Reporting event to 2 reporters: command-exit, state-svc start, 1
[DEBUG Aug  2 07:40:48.193079938, errs.go:75] Wrapped error: <nil> -- with: Could not start serviceManager: A State Service instance is already running in the background.: Could not store pid: valueF failed: Service is already running
[DEBUG Aug  2 07:40:48.193159676, main.go:61] state-svc errored out due to input: Could not start serviceManager: A State Service instance is already running in the background.: Could not store pid: valueF failed: Service is already running
