[DEBUG Aug  2 07:40:13.857581884, defaults.go:273] Args: [/home1/wangfeim/.local/ActiveState/StateTool/release/bin/state-svc start]
[DEBUG Aug  2 07:40:13.871976142, locale.go:38] Init
[DEBUG Aug  2 07:40:14.108611254, errs.go:68] Created error: File could not be found
[DEBUG Aug  2 07:40:14.111674614, errs.go:68] Created error: Not Recognized
[DEBUG Aug  2 07:40:14.133378881, errs.go:68] Created error: Secret not found
[DEBUG Aug  2 07:40:14.133489607, errs.go:68] Created error: Could not save keypair
[DEBUG Aug  2 07:40:14.133979055, errs.go:68] Created error: Build responded with error
[DEBUG Aug  2 07:40:14.134052903, errs.go:68] Created error: Unknown build type
[DEBUG Aug  2 07:40:14.134412611, errors.go:86] Wrapped localized error: <nil> -- with: The installed version of the State Tool Service does not match that of the client.
Please stop the service with [ACTIONABLE]state-svc stop[/RESET] and try your command again.
If this issue persists please reinstall the State Tool.

[DEBUG Aug  2 07:40:14.134646678, errs.go:68] Created error: no data
[DEBUG Aug  2 07:40:14.134707006, errs.go:68] Created error: member not found
[DEBUG Aug  2 07:40:14.134739160, errs.go:68] Created error: Commit count is unknowable
[DEBUG Aug  2 07:40:14.134770772, errs.go:68] Created error: No merge required
[DEBUG Aug  2 07:40:14.134801084, errs.go:68] Created error: Can't merge commit thats already in target commits history
[DEBUG Aug  2 07:40:14.134833018, errs.go:68] Created error: Bad expander name
[DEBUG Aug  2 07:40:14.134861938, errs.go:68] Created error: Expander has no handler
[DEBUG Aug  2 07:40:14.135901330, errs.go:68] Created error: Service is already running
[DEBUG Aug  2 07:40:14.185379158, secrets.go:35] Gcloud Secretmanager failed to initialize (ignore if you're not trying to use gcloud): google: could not find default credentials. See https://developers.google.com/accounts/docs/application-default-credentials for more information.
[DEBUG Aug  2 07:40:14.191710335, output.go:53] Requested outputer for 
[DEBUG Aug  2 07:40:14.191738044, output.go:58] Using Plain outputer
[DEBUG Aug  2 07:40:14.191827790, termutils.go:17] Cannot get terminal size: inappropriate ioctl for device
[DEBUG Aug  2 07:40:14.191923326, client.go:128] Reporting event to 2 reporters: run-command, state-svc start, 
[DEBUG Aug  2 07:40:14.191992685, main.go:107] Running CmdStart
[DEBUG Aug  2 07:40:14.198331301, errs.go:75] Wrapped error: Service is already running -- with: valueF failed
[DEBUG Aug  2 07:40:14.198431731, errs.go:75] Wrapped error: valueF failed -- with: Could not store pid
[DEBUG Aug  2 07:40:14.198531988, errors.go:113] Wrapped input error: Could not store pid -- with: A State Service instance is already running in the background.
[DEBUG Aug  2 07:40:14.198563571, errs.go:75] Wrapped error: A State Service instance is already running in the background. -- with: Could not start serviceManager
[DEBUG Aug  2 07:40:14.198690584, client.go:128] Reporting event to 2 reporters: command-exit, state-svc start, 1
[DEBUG Aug  2 07:40:14.531526215, errs.go:75] Wrapped error: <nil> -- with: Could not start serviceManager: A State Service instance is already running in the background.: Could not store pid: valueF failed: Service is already running
[DEBUG Aug  2 07:40:14.531603170, main.go:61] state-svc errored out due to input: Could not start serviceManager: A State Service instance is already running in the background.: Could not store pid: valueF failed: Service is already running
