[DEBUG Sep 20 17:20:03.457687884, defaults.go:273] Args: [/home1/wangfeim/.local/ActiveState/StateTool/release/bin/state-svc start]
[DEBUG Sep 20 17:20:03.471605882, locale.go:38] Init
[DEBUG Sep 20 17:20:03.510161525, errs.go:68] Created error: File could not be found
[DEBUG Sep 20 17:20:03.513140180, errs.go:68] Created error: Not Recognized
[DEBUG Sep 20 17:20:03.535180471, errs.go:68] Created error: Secret not found
[DEBUG Sep 20 17:20:03.535233102, errs.go:68] Created error: Could not save keypair
[DEBUG Sep 20 17:20:03.535394041, errs.go:68] Created error: Build responded with error
[DEBUG Sep 20 17:20:03.535422283, errs.go:68] Created error: Unknown build type
[DEBUG Sep 20 17:20:03.535554728, errors.go:86] Wrapped localized error: <nil> -- with: The installed version of the State Tool Service does not match that of the client.
Please stop the service with [ACTIONABLE]state-svc stop[/RESET] and try your command again.
If this issue persists please reinstall the State Tool.

[DEBUG Sep 20 17:20:03.535570842, errs.go:68] Created error: no data
[DEBUG Sep 20 17:20:03.535595392, errs.go:68] Created error: member not found
[DEBUG Sep 20 17:20:03.535618488, errs.go:68] Created error: Commit count is unknowable
[DEBUG Sep 20 17:20:03.535641697, errs.go:68] Created error: No merge required
[DEBUG Sep 20 17:20:03.535669950, errs.go:68] Created error: Can't merge commit thats already in target commits history
[DEBUG Sep 20 17:20:03.535695055, errs.go:68] Created error: Bad expander name
[DEBUG Sep 20 17:20:03.535718734, errs.go:68] Created error: Expander has no handler
[DEBUG Sep 20 17:20:03.536865274, errs.go:68] Created error: Service is already running
[DEBUG Sep 20 17:20:03.565422607, secrets.go:35] Gcloud Secretmanager failed to initialize (ignore if you're not trying to use gcloud): google: could not find default credentials. See https://developers.google.com/accounts/docs/application-default-credentials for more information.
[DEBUG Sep 20 17:20:03.569031055, output.go:53] Requested outputer for 
[DEBUG Sep 20 17:20:03.569052543, output.go:58] Using Plain outputer
[DEBUG Sep 20 17:20:03.569125692, termutils.go:17] Cannot get terminal size: inappropriate ioctl for device
[DEBUG Sep 20 17:20:03.569207374, client.go:128] Reporting event to 2 reporters: run-command, state-svc start, 
[DEBUG Sep 20 17:20:03.569250327, main.go:107] Running CmdStart
[DEBUG Sep 20 17:20:03.574921646, errs.go:75] Wrapped error: Service is already running -- with: valueF failed
[DEBUG Sep 20 17:20:03.574990775, errs.go:75] Wrapped error: valueF failed -- with: Could not store pid
[DEBUG Sep 20 17:20:03.575059701, errors.go:113] Wrapped input error: Could not store pid -- with: A State Service instance is already running in the background.
[DEBUG Sep 20 17:20:03.575073777, errs.go:75] Wrapped error: A State Service instance is already running in the background. -- with: Could not start serviceManager
[DEBUG Sep 20 17:20:03.575130190, client.go:128] Reporting event to 2 reporters: command-exit, state-svc start, 1
[DEBUG Sep 20 17:20:03.928427348, errs.go:75] Wrapped error: <nil> -- with: Could not start serviceManager: A State Service instance is already running in the background.: Could not store pid: valueF failed: Service is already running
[DEBUG Sep 20 17:20:03.928484536, main.go:61] state-svc errored out due to input: Could not start serviceManager: A State Service instance is already running in the background.: Could not store pid: valueF failed: Service is already running
