[DEBUG Aug  2 08:05:24.632576077, defaults.go:273] Args: [/home1/wangfeim/.local/ActiveState/StateTool/release/bin/state-svc start]
[DEBUG Aug  2 08:05:24.646262492, locale.go:38] Init
[DEBUG Aug  2 08:05:24.710748559, errs.go:68] Created error: File could not be found
[DEBUG Aug  2 08:05:24.713795808, errs.go:68] Created error: Not Recognized
[DEBUG Aug  2 08:05:24.734642725, errs.go:68] Created error: Secret not found
[DEBUG Aug  2 08:05:24.734695408, errs.go:68] Created error: Could not save keypair
[DEBUG Aug  2 08:05:24.734871209, errs.go:68] Created error: Build responded with error
[DEBUG Aug  2 08:05:24.734900787, errs.go:68] Created error: Unknown build type
[DEBUG Aug  2 08:05:24.735032304, errors.go:86] Wrapped localized error: <nil> -- with: The installed version of the State Tool Service does not match that of the client.
Please stop the service with [ACTIONABLE]state-svc stop[/RESET] and try your command again.
If this issue persists please reinstall the State Tool.

[DEBUG Aug  2 08:05:24.735048025, errs.go:68] Created error: no data
[DEBUG Aug  2 08:05:24.735072591, errs.go:68] Created error: member not found
[DEBUG Aug  2 08:05:24.735096081, errs.go:68] Created error: Commit count is unknowable
[DEBUG Aug  2 08:05:24.735119677, errs.go:68] Created error: No merge required
[DEBUG Aug  2 08:05:24.735142110, errs.go:68] Created error: Can't merge commit thats already in target commits history
[DEBUG Aug  2 08:05:24.735170257, errs.go:68] Created error: Bad expander name
[DEBUG Aug  2 08:05:24.735193848, errs.go:68] Created error: Expander has no handler
[DEBUG Aug  2 08:05:24.736184552, errs.go:68] Created error: Service is already running
[DEBUG Aug  2 08:05:24.790160900, secrets.go:35] Gcloud Secretmanager failed to initialize (ignore if you're not trying to use gcloud): google: could not find default credentials. See https://developers.google.com/accounts/docs/application-default-credentials for more information.
[DEBUG Aug  2 08:05:24.794002497, output.go:53] Requested outputer for 
[DEBUG Aug  2 08:05:24.794022807, output.go:58] Using Plain outputer
[DEBUG Aug  2 08:05:24.794087246, termutils.go:17] Cannot get terminal size: inappropriate ioctl for device
[DEBUG Aug  2 08:05:24.794178828, client.go:128] Reporting event to 2 reporters: run-command, state-svc start, 
[DEBUG Aug  2 08:05:24.794290852, main.go:107] Running CmdStart
[DEBUG Aug  2 08:05:24.799890579, errs.go:75] Wrapped error: Service is already running -- with: valueF failed
[DEBUG Aug  2 08:05:24.799952185, errs.go:75] Wrapped error: valueF failed -- with: Could not store pid
[DEBUG Aug  2 08:05:24.800038155, errors.go:113] Wrapped input error: Could not store pid -- with: A State Service instance is already running in the background.
[DEBUG Aug  2 08:05:24.800051444, errs.go:75] Wrapped error: A State Service instance is already running in the background. -- with: Could not start serviceManager
[DEBUG Aug  2 08:05:24.800120863, client.go:128] Reporting event to 2 reporters: command-exit, state-svc start, 1
[DEBUG Aug  2 08:05:25.168287607, errs.go:75] Wrapped error: <nil> -- with: Could not start serviceManager: A State Service instance is already running in the background.: Could not store pid: valueF failed: Service is already running
[DEBUG Aug  2 08:05:25.168415001, main.go:61] state-svc errored out due to input: Could not start serviceManager: A State Service instance is already running in the background.: Could not store pid: valueF failed: Service is already running
