[DEBUG Aug  2 08:06:23.132733131, defaults.go:273] Args: [/home1/wangfeim/.local/ActiveState/StateTool/release/bin/state-svc start]
[DEBUG Aug  2 08:06:23.147160651, locale.go:38] Init
[DEBUG Aug  2 08:06:23.399924616, errs.go:68] Created error: File could not be found
[DEBUG Aug  2 08:06:23.403256977, errs.go:68] Created error: Not Recognized
[DEBUG Aug  2 08:06:23.422741876, errs.go:68] Created error: Secret not found
[DEBUG Aug  2 08:06:23.422787557, errs.go:68] Created error: Could not save keypair
[DEBUG Aug  2 08:06:23.422963280, errs.go:68] Created error: Build responded with error
[DEBUG Aug  2 08:06:23.422994545, errs.go:68] Created error: Unknown build type
[DEBUG Aug  2 08:06:23.423098114, errors.go:86] Wrapped localized error: <nil> -- with: The installed version of the State Tool Service does not match that of the client.
Please stop the service with [ACTIONABLE]state-svc stop[/RESET] and try your command again.
If this issue persists please reinstall the State Tool.

[DEBUG Aug  2 08:06:23.423110422, errs.go:68] Created error: no data
[DEBUG Aug  2 08:06:23.423132493, errs.go:68] Created error: member not found
[DEBUG Aug  2 08:06:23.423153726, errs.go:68] Created error: Commit count is unknowable
[DEBUG Aug  2 08:06:23.423176188, errs.go:68] Created error: No merge required
[DEBUG Aug  2 08:06:23.423196875, errs.go:68] Created error: Can't merge commit thats already in target commits history
[DEBUG Aug  2 08:06:23.423219659, errs.go:68] Created error: Bad expander name
[DEBUG Aug  2 08:06:23.423240788, errs.go:68] Created error: Expander has no handler
[DEBUG Aug  2 08:06:23.425964992, errs.go:68] Created error: Service is already running
[DEBUG Aug  2 08:06:23.451889548, secrets.go:35] Gcloud Secretmanager failed to initialize (ignore if you're not trying to use gcloud): google: could not find default credentials. See https://developers.google.com/accounts/docs/application-default-credentials for more information.
[DEBUG Aug  2 08:06:23.454868780, output.go:53] Requested outputer for 
[DEBUG Aug  2 08:06:23.454889102, output.go:58] Using Plain outputer
[DEBUG Aug  2 08:06:23.454975232, termutils.go:17] Cannot get terminal size: inappropriate ioctl for device
[DEBUG Aug  2 08:06:23.455119824, client.go:128] Reporting event to 2 reporters: run-command, state-svc start, 
[DEBUG Aug  2 08:06:23.485009545, main.go:107] Running CmdStart
[DEBUG Aug  2 08:06:23.492140177, errs.go:75] Wrapped error: Service is already running -- with: valueF failed
[DEBUG Aug  2 08:06:23.492200052, errs.go:75] Wrapped error: valueF failed -- with: Could not store pid
[DEBUG Aug  2 08:06:23.492274757, errors.go:113] Wrapped input error: Could not store pid -- with: A State Service instance is already running in the background.
[DEBUG Aug  2 08:06:23.492288888, errs.go:75] Wrapped error: A State Service instance is already running in the background. -- with: Could not start serviceManager
[DEBUG Aug  2 08:06:23.492357757, client.go:128] Reporting event to 2 reporters: command-exit, state-svc start, 1
[DEBUG Aug  2 08:06:23.871982780, errs.go:75] Wrapped error: <nil> -- with: Could not start serviceManager: A State Service instance is already running in the background.: Could not store pid: valueF failed: Service is already running
[DEBUG Aug  2 08:06:23.872046317, main.go:61] state-svc errored out due to input: Could not start serviceManager: A State Service instance is already running in the background.: Could not store pid: valueF failed: Service is already running
