[DEBUG Aug  2 07:50:46.090904770, defaults.go:273] Args: [/home1/wangfeim/.local/ActiveState/StateTool/release/bin/state-svc start]
[DEBUG Aug  2 07:50:46.106202275, locale.go:38] Init
[DEBUG Aug  2 07:50:46.367011998, errs.go:68] Created error: File could not be found
[DEBUG Aug  2 07:50:46.370291277, errs.go:68] Created error: Not Recognized
[DEBUG Aug  2 07:50:46.392458568, errs.go:68] Created error: Secret not found
[DEBUG Aug  2 07:50:46.392510622, errs.go:68] Created error: Could not save keypair
[DEBUG Aug  2 07:50:46.392708894, errs.go:68] Created error: Build responded with error
[DEBUG Aug  2 07:50:46.392739372, errs.go:68] Created error: Unknown build type
[DEBUG Aug  2 07:50:46.392852920, errors.go:86] Wrapped localized error: <nil> -- with: The installed version of the State Tool Service does not match that of the client.
Please stop the service with [ACTIONABLE]state-svc stop[/RESET] and try your command again.
If this issue persists please reinstall the State Tool.

[DEBUG Aug  2 07:50:46.392868314, errs.go:68] Created error: no data
[DEBUG Aug  2 07:50:46.392898664, errs.go:68] Created error: member not found
[DEBUG Aug  2 07:50:46.392930253, errs.go:68] Created error: Commit count is unknowable
[DEBUG Aug  2 07:50:46.392960998, errs.go:68] Created error: No merge required
[DEBUG Aug  2 07:50:46.392985184, errs.go:68] Created error: Can't merge commit thats already in target commits history
[DEBUG Aug  2 07:50:46.393009982, errs.go:68] Created error: Bad expander name
[DEBUG Aug  2 07:50:46.393032790, errs.go:68] Created error: Expander has no handler
[DEBUG Aug  2 07:50:46.394131560, errs.go:68] Created error: Service is already running
[DEBUG Aug  2 07:50:46.428858262, secrets.go:35] Gcloud Secretmanager failed to initialize (ignore if you're not trying to use gcloud): google: could not find default credentials. See https://developers.google.com/accounts/docs/application-default-credentials for more information.
[DEBUG Aug  2 07:50:46.487837988, output.go:53] Requested outputer for 
[DEBUG Aug  2 07:50:46.487874950, output.go:58] Using Plain outputer
[DEBUG Aug  2 07:50:46.488000150, termutils.go:17] Cannot get terminal size: inappropriate ioctl for device
[DEBUG Aug  2 07:50:46.488088597, client.go:128] Reporting event to 2 reporters: run-command, state-svc start, 
[DEBUG Aug  2 07:50:46.488222198, main.go:107] Running CmdStart
[DEBUG Aug  2 07:50:46.493684927, errs.go:75] Wrapped error: Service is already running -- with: valueF failed
[DEBUG Aug  2 07:50:46.493748268, errs.go:75] Wrapped error: valueF failed -- with: Could not store pid
[DEBUG Aug  2 07:50:46.493845051, errors.go:113] Wrapped input error: Could not store pid -- with: A State Service instance is already running in the background.
[DEBUG Aug  2 07:50:46.493859658, errs.go:75] Wrapped error: A State Service instance is already running in the background. -- with: Could not start serviceManager
[DEBUG Aug  2 07:50:46.493953267, client.go:128] Reporting event to 2 reporters: command-exit, state-svc start, 1
[DEBUG Aug  2 07:50:46.896890061, errs.go:75] Wrapped error: <nil> -- with: Could not start serviceManager: A State Service instance is already running in the background.: Could not store pid: valueF failed: Service is already running
[DEBUG Aug  2 07:50:46.896960820, main.go:61] state-svc errored out due to input: Could not start serviceManager: A State Service instance is already running in the background.: Could not store pid: valueF failed: Service is already running
