[DEBUG Aug  2 08:20:07.561396483, defaults.go:273] Args: [/home1/wangfeim/.local/ActiveState/StateTool/release/bin/state-svc start]
[DEBUG Aug  2 08:20:07.597302878, locale.go:38] Init
[DEBUG Aug  2 08:20:07.640022951, errs.go:68] Created error: File could not be found
[DEBUG Aug  2 08:20:07.643087573, errs.go:68] Created error: Not Recognized
[DEBUG Aug  2 08:20:07.692722976, errs.go:68] Created error: Secret not found
[DEBUG Aug  2 08:20:07.692782984, errs.go:68] Created error: Could not save keypair
[DEBUG Aug  2 08:20:07.692961391, errs.go:68] Created error: Build responded with error
[DEBUG Aug  2 08:20:07.692991701, errs.go:68] Created error: Unknown build type
[DEBUG Aug  2 08:20:07.693117425, errors.go:86] Wrapped localized error: <nil> -- with: The installed version of the State Tool Service does not match that of the client.
Please stop the service with [ACTIONABLE]state-svc stop[/RESET] and try your command again.
If this issue persists please reinstall the State Tool.

[DEBUG Aug  2 08:20:07.693132766, errs.go:68] Created error: no data
[DEBUG Aug  2 08:20:07.693158518, errs.go:68] Created error: member not found
[DEBUG Aug  2 08:20:07.693182238, errs.go:68] Created error: Commit count is unknowable
[DEBUG Aug  2 08:20:07.693211757, errs.go:68] Created error: No merge required
[DEBUG Aug  2 08:20:07.693235308, errs.go:68] Created error: Can't merge commit thats already in target commits history
[DEBUG Aug  2 08:20:07.693259922, errs.go:68] Created error: Bad expander name
[DEBUG Aug  2 08:20:07.693282511, errs.go:68] Created error: Expander has no handler
[DEBUG Aug  2 08:20:07.694420787, errs.go:68] Created error: Service is already running
[DEBUG Aug  2 08:20:07.722445493, secrets.go:35] Gcloud Secretmanager failed to initialize (ignore if you're not trying to use gcloud): google: could not find default credentials. See https://developers.google.com/accounts/docs/application-default-credentials for more information.
[DEBUG Aug  2 08:20:07.726796681, output.go:53] Requested outputer for 
[DEBUG Aug  2 08:20:07.726833623, output.go:58] Using Plain outputer
[DEBUG Aug  2 08:20:07.726926723, termutils.go:17] Cannot get terminal size: inappropriate ioctl for device
[DEBUG Aug  2 08:20:07.727021568, client.go:128] Reporting event to 2 reporters: run-command, state-svc start, 
[DEBUG Aug  2 08:20:07.727109166, main.go:107] Running CmdStart
[DEBUG Aug  2 08:20:07.733589570, errs.go:75] Wrapped error: Service is already running -- with: valueF failed
[DEBUG Aug  2 08:20:07.733803452, errs.go:75] Wrapped error: valueF failed -- with: Could not store pid
[DEBUG Aug  2 08:20:07.733967266, errors.go:113] Wrapped input error: Could not store pid -- with: A State Service instance is already running in the background.
[DEBUG Aug  2 08:20:07.733985067, errs.go:75] Wrapped error: A State Service instance is already running in the background. -- with: Could not start serviceManager
[DEBUG Aug  2 08:20:07.734112925, client.go:128] Reporting event to 2 reporters: command-exit, state-svc start, 1
[DEBUG Aug  2 08:20:08.097811386, errs.go:75] Wrapped error: <nil> -- with: Could not start serviceManager: A State Service instance is already running in the background.: Could not store pid: valueF failed: Service is already running
[DEBUG Aug  2 08:20:08.097874926, main.go:61] state-svc errored out due to input: Could not start serviceManager: A State Service instance is already running in the background.: Could not store pid: valueF failed: Service is already running
