[DEBUG Aug  2 07:51:15.494878217, defaults.go:273] Args: [/home1/wangfeim/.local/ActiveState/StateTool/release/bin/state-svc start]
[DEBUG Aug  2 07:51:15.508876142, locale.go:38] Init
[DEBUG Aug  2 07:51:15.549213186, errs.go:68] Created error: File could not be found
[DEBUG Aug  2 07:51:15.552510448, errs.go:68] Created error: Not Recognized
[DEBUG Aug  2 07:51:15.599210516, errs.go:68] Created error: Secret not found
[DEBUG Aug  2 07:51:15.599339635, errs.go:68] Created error: Could not save keypair
[DEBUG Aug  2 07:51:15.599521676, errs.go:68] Created error: Build responded with error
[DEBUG Aug  2 07:51:15.599565798, errs.go:68] Created error: Unknown build type
[DEBUG Aug  2 07:51:15.599678745, errors.go:86] Wrapped localized error: <nil> -- with: The installed version of the State Tool Service does not match that of the client.
Please stop the service with [ACTIONABLE]state-svc stop[/RESET] and try your command again.
If this issue persists please reinstall the State Tool.

[DEBUG Aug  2 07:51:15.599693119, errs.go:68] Created error: no data
[DEBUG Aug  2 07:51:15.599718090, errs.go:68] Created error: member not found
[DEBUG Aug  2 07:51:15.599740950, errs.go:68] Created error: Commit count is unknowable
[DEBUG Aug  2 07:51:15.599782712, errs.go:68] Created error: No merge required
[DEBUG Aug  2 07:51:15.599806575, errs.go:68] Created error: Can't merge commit thats already in target commits history
[DEBUG Aug  2 07:51:15.599832481, errs.go:68] Created error: Bad expander name
[DEBUG Aug  2 07:51:15.599855820, errs.go:68] Created error: Expander has no handler
[DEBUG Aug  2 07:51:15.601002876, errs.go:68] Created error: Service is already running
[DEBUG Aug  2 07:51:15.627635304, secrets.go:35] Gcloud Secretmanager failed to initialize (ignore if you're not trying to use gcloud): google: could not find default credentials. See https://developers.google.com/accounts/docs/application-default-credentials for more information.
[DEBUG Aug  2 07:51:15.630926852, output.go:53] Requested outputer for 
[DEBUG Aug  2 07:51:15.630960080, output.go:58] Using Plain outputer
[DEBUG Aug  2 07:51:15.631034382, termutils.go:17] Cannot get terminal size: inappropriate ioctl for device
[DEBUG Aug  2 07:51:15.631182635, client.go:128] Reporting event to 2 reporters: run-command, state-svc start, 
[DEBUG Aug  2 07:51:15.631191083, main.go:107] Running CmdStart
[DEBUG Aug  2 07:51:15.636958506, errs.go:75] Wrapped error: Service is already running -- with: valueF failed
[DEBUG Aug  2 07:51:15.637021583, errs.go:75] Wrapped error: valueF failed -- with: Could not store pid
[DEBUG Aug  2 07:51:15.637090783, errors.go:113] Wrapped input error: Could not store pid -- with: A State Service instance is already running in the background.
[DEBUG Aug  2 07:51:15.637103993, errs.go:75] Wrapped error: A State Service instance is already running in the background. -- with: Could not start serviceManager
[DEBUG Aug  2 07:51:15.637186763, client.go:128] Reporting event to 2 reporters: command-exit, state-svc start, 1
[DEBUG Aug  2 07:51:16.027150112, errs.go:75] Wrapped error: <nil> -- with: Could not start serviceManager: A State Service instance is already running in the background.: Could not store pid: valueF failed: Service is already running
[DEBUG Aug  2 07:51:16.027216051, main.go:61] state-svc errored out due to input: Could not start serviceManager: A State Service instance is already running in the background.: Could not store pid: valueF failed: Service is already running
