[DEBUG Aug  2 08:21:04.004195368, defaults.go:273] Args: [/home1/wangfeim/.local/ActiveState/StateTool/release/bin/state-svc start]
[DEBUG Aug  2 08:21:04.017585593, locale.go:38] Init
[DEBUG Aug  2 08:21:04.058102544, errs.go:68] Created error: File could not be found
[DEBUG Aug  2 08:21:04.060881713, errs.go:68] Created error: Not Recognized
[DEBUG Aug  2 08:21:04.085551229, errs.go:68] Created error: Secret not found
[DEBUG Aug  2 08:21:04.085605076, errs.go:68] Created error: Could not save keypair
[DEBUG Aug  2 08:21:04.085783409, errs.go:68] Created error: Build responded with error
[DEBUG Aug  2 08:21:04.085818557, errs.go:68] Created error: Unknown build type
[DEBUG Aug  2 08:21:04.085948405, errors.go:86] Wrapped localized error: <nil> -- with: The installed version of the State Tool Service does not match that of the client.
Please stop the service with [ACTIONABLE]state-svc stop[/RESET] and try your command again.
If this issue persists please reinstall the State Tool.

[DEBUG Aug  2 08:21:04.085963845, errs.go:68] Created error: no data
[DEBUG Aug  2 08:21:04.085989204, errs.go:68] Created error: member not found
[DEBUG Aug  2 08:21:04.086027735, errs.go:68] Created error: Commit count is unknowable
[DEBUG Aug  2 08:21:04.086048166, errs.go:68] Created error: No merge required
[DEBUG Aug  2 08:21:04.086068525, errs.go:68] Created error: Can't merge commit thats already in target commits history
[DEBUG Aug  2 08:21:04.086090574, errs.go:68] Created error: Bad expander name
[DEBUG Aug  2 08:21:04.086110430, errs.go:68] Created error: Expander has no handler
[DEBUG Aug  2 08:21:04.087096681, errs.go:68] Created error: Service is already running
[DEBUG Aug  2 08:21:04.113550461, secrets.go:35] Gcloud Secretmanager failed to initialize (ignore if you're not trying to use gcloud): google: could not find default credentials. See https://developers.google.com/accounts/docs/application-default-credentials for more information.
[DEBUG Aug  2 08:21:04.116496697, output.go:53] Requested outputer for 
[DEBUG Aug  2 08:21:04.116517244, output.go:58] Using Plain outputer
[DEBUG Aug  2 08:21:04.116603023, termutils.go:17] Cannot get terminal size: inappropriate ioctl for device
[DEBUG Aug  2 08:21:04.116704094, client.go:128] Reporting event to 2 reporters: run-command, state-svc start, 
[DEBUG Aug  2 08:21:04.116746884, main.go:107] Running CmdStart
[DEBUG Aug  2 08:21:04.122453940, errs.go:75] Wrapped error: Service is already running -- with: valueF failed
[DEBUG Aug  2 08:21:04.122505485, errs.go:75] Wrapped error: valueF failed -- with: Could not store pid
[DEBUG Aug  2 08:21:04.122607966, errors.go:113] Wrapped input error: Could not store pid -- with: A State Service instance is already running in the background.
[DEBUG Aug  2 08:21:04.122621113, errs.go:75] Wrapped error: A State Service instance is already running in the background. -- with: Could not start serviceManager
[DEBUG Aug  2 08:21:04.122706874, client.go:128] Reporting event to 2 reporters: command-exit, state-svc start, 1
[DEBUG Aug  2 08:21:04.446863056, errs.go:75] Wrapped error: <nil> -- with: Could not start serviceManager: A State Service instance is already running in the background.: Could not store pid: valueF failed: Service is already running
[DEBUG Aug  2 08:21:04.446918574, main.go:61] state-svc errored out due to input: Could not start serviceManager: A State Service instance is already running in the background.: Could not store pid: valueF failed: Service is already running
