[DEBUG Aug  2 07:45:55.942263236, defaults.go:273] Args: [/home1/wangfeim/.local/ActiveState/StateTool/release/bin/state-svc start]
[DEBUG Aug  2 07:45:55.956840880, locale.go:38] Init
[DEBUG Aug  2 07:45:56.650394091, errs.go:68] Created error: File could not be found
[DEBUG Aug  2 07:45:56.653661827, errs.go:68] Created error: Not Recognized
[DEBUG Aug  2 07:45:56.684771465, errs.go:68] Created error: Secret not found
[DEBUG Aug  2 07:45:56.684841250, errs.go:68] Created error: Could not save keypair
[DEBUG Aug  2 07:45:56.685146127, errs.go:68] Created error: Build responded with error
[DEBUG Aug  2 07:45:56.685218445, errs.go:68] Created error: Unknown build type
[DEBUG Aug  2 07:45:56.685524239, errors.go:86] Wrapped localized error: <nil> -- with: The installed version of the State Tool Service does not match that of the client.
Please stop the service with [ACTIONABLE]state-svc stop[/RESET] and try your command again.
If this issue persists please reinstall the State Tool.

[DEBUG Aug  2 07:45:56.685789900, errs.go:68] Created error: no data
[DEBUG Aug  2 07:45:56.685834146, errs.go:68] Created error: member not found
[DEBUG Aug  2 07:45:56.685862347, errs.go:68] Created error: Commit count is unknowable
[DEBUG Aug  2 07:45:56.685887759, errs.go:68] Created error: No merge required
[DEBUG Aug  2 07:45:56.685913385, errs.go:68] Created error: Can't merge commit thats already in target commits history
[DEBUG Aug  2 07:45:56.685940060, errs.go:68] Created error: Bad expander name
[DEBUG Aug  2 07:45:56.685964183, errs.go:68] Created error: Expander has no handler
[DEBUG Aug  2 07:45:56.687178009, errs.go:68] Created error: Service is already running
[DEBUG Aug  2 07:45:56.715197056, secrets.go:35] Gcloud Secretmanager failed to initialize (ignore if you're not trying to use gcloud): google: could not find default credentials. See https://developers.google.com/accounts/docs/application-default-credentials for more information.
[DEBUG Aug  2 07:45:56.719156979, output.go:53] Requested outputer for 
[DEBUG Aug  2 07:45:56.719182044, output.go:58] Using Plain outputer
[DEBUG Aug  2 07:45:56.719258718, termutils.go:17] Cannot get terminal size: inappropriate ioctl for device
[DEBUG Aug  2 07:45:56.719349388, client.go:128] Reporting event to 2 reporters: run-command, state-svc start, 
[DEBUG Aug  2 07:45:56.719440357, main.go:107] Running CmdStart
[DEBUG Aug  2 07:45:56.727837705, errs.go:75] Wrapped error: Service is already running -- with: valueF failed
[DEBUG Aug  2 07:45:56.727904286, errs.go:75] Wrapped error: valueF failed -- with: Could not store pid
[DEBUG Aug  2 07:45:56.728007132, errors.go:113] Wrapped input error: Could not store pid -- with: A State Service instance is already running in the background.
[DEBUG Aug  2 07:45:56.728023285, errs.go:75] Wrapped error: A State Service instance is already running in the background. -- with: Could not start serviceManager
[DEBUG Aug  2 07:45:56.728113972, client.go:128] Reporting event to 2 reporters: command-exit, state-svc start, 1
[DEBUG Aug  2 07:45:57.158080631, errs.go:75] Wrapped error: <nil> -- with: Could not start serviceManager: A State Service instance is already running in the background.: Could not store pid: valueF failed: Service is already running
[DEBUG Aug  2 07:45:57.158151187, main.go:61] state-svc errored out due to input: Could not start serviceManager: A State Service instance is already running in the background.: Could not store pid: valueF failed: Service is already running
