[DEBUG Aug  2 07:59:33.754635318, defaults.go:273] Args: [/home1/wangfeim/.local/ActiveState/StateTool/release/bin/state-svc start]
[DEBUG Aug  2 07:59:33.768062006, locale.go:38] Init
[DEBUG Aug  2 07:59:34.009174250, errs.go:68] Created error: File could not be found
[DEBUG Aug  2 07:59:34.012286796, errs.go:68] Created error: Not Recognized
[DEBUG Aug  2 07:59:34.035391871, errs.go:68] Created error: Secret not found
[DEBUG Aug  2 07:59:34.035447545, errs.go:68] Created error: Could not save keypair
[DEBUG Aug  2 07:59:34.035629827, errs.go:68] Created error: Build responded with error
[DEBUG Aug  2 07:59:34.035658517, errs.go:68] Created error: Unknown build type
[DEBUG Aug  2 07:59:34.035778664, errors.go:86] Wrapped localized error: <nil> -- with: The installed version of the State Tool Service does not match that of the client.
Please stop the service with [ACTIONABLE]state-svc stop[/RESET] and try your command again.
If this issue persists please reinstall the State Tool.

[DEBUG Aug  2 07:59:34.035795766, errs.go:68] Created error: no data
[DEBUG Aug  2 07:59:34.035823327, errs.go:68] Created error: member not found
[DEBUG Aug  2 07:59:34.035857399, errs.go:68] Created error: Commit count is unknowable
[DEBUG Aug  2 07:59:34.035888226, errs.go:68] Created error: No merge required
[DEBUG Aug  2 07:59:34.035912924, errs.go:68] Created error: Can't merge commit thats already in target commits history
[DEBUG Aug  2 07:59:34.035944448, errs.go:68] Created error: Bad expander name
[DEBUG Aug  2 07:59:34.035967667, errs.go:68] Created error: Expander has no handler
[DEBUG Aug  2 07:59:34.037246246, errs.go:68] Created error: Service is already running
[DEBUG Aug  2 07:59:34.074328474, secrets.go:35] Gcloud Secretmanager failed to initialize (ignore if you're not trying to use gcloud): google: could not find default credentials. See https://developers.google.com/accounts/docs/application-default-credentials for more information.
[DEBUG Aug  2 07:59:34.090307807, output.go:53] Requested outputer for 
[DEBUG Aug  2 07:59:34.090341457, output.go:58] Using Plain outputer
[DEBUG Aug  2 07:59:34.090426003, termutils.go:17] Cannot get terminal size: inappropriate ioctl for device
[DEBUG Aug  2 07:59:34.090585479, client.go:128] Reporting event to 2 reporters: run-command, state-svc start, 
[DEBUG Aug  2 07:59:34.090612323, main.go:107] Running CmdStart
[DEBUG Aug  2 07:59:34.097395480, errs.go:75] Wrapped error: Service is already running -- with: valueF failed
[DEBUG Aug  2 07:59:34.097451880, errs.go:75] Wrapped error: valueF failed -- with: Could not store pid
[DEBUG Aug  2 07:59:34.097525728, errors.go:113] Wrapped input error: Could not store pid -- with: A State Service instance is already running in the background.
[DEBUG Aug  2 07:59:34.097550881, errs.go:75] Wrapped error: A State Service instance is already running in the background. -- with: Could not start serviceManager
[DEBUG Aug  2 07:59:34.097634143, client.go:128] Reporting event to 2 reporters: command-exit, state-svc start, 1
[DEBUG Aug  2 07:59:34.514533738, errs.go:75] Wrapped error: <nil> -- with: Could not start serviceManager: A State Service instance is already running in the background.: Could not store pid: valueF failed: Service is already running
[DEBUG Aug  2 07:59:34.514607095, main.go:61] state-svc errored out due to input: Could not start serviceManager: A State Service instance is already running in the background.: Could not store pid: valueF failed: Service is already running
