[DEBUG Aug  2 07:53:28.339611037, defaults.go:273] Args: [/home1/wangfeim/.local/ActiveState/StateTool/release/bin/state-svc start]
[DEBUG Aug  2 07:53:28.354440710, locale.go:38] Init
[DEBUG Aug  2 07:53:28.398277803, errs.go:68] Created error: File could not be found
[DEBUG Aug  2 07:53:28.401239229, errs.go:68] Created error: Not Recognized
[DEBUG Aug  2 07:53:28.421412614, errs.go:68] Created error: Secret not found
[DEBUG Aug  2 07:53:28.421461675, errs.go:68] Created error: Could not save keypair
[DEBUG Aug  2 07:53:28.421658434, errs.go:68] Created error: Build responded with error
[DEBUG Aug  2 07:53:28.421693499, errs.go:68] Created error: Unknown build type
[DEBUG Aug  2 07:53:28.421801747, errors.go:86] Wrapped localized error: <nil> -- with: The installed version of the State Tool Service does not match that of the client.
Please stop the service with [ACTIONABLE]state-svc stop[/RESET] and try your command again.
If this issue persists please reinstall the State Tool.

[DEBUG Aug  2 07:53:28.421815141, errs.go:68] Created error: no data
[DEBUG Aug  2 07:53:28.421840446, errs.go:68] Created error: member not found
[DEBUG Aug  2 07:53:28.421865065, errs.go:68] Created error: Commit count is unknowable
[DEBUG Aug  2 07:53:28.421888589, errs.go:68] Created error: No merge required
[DEBUG Aug  2 07:53:28.421912312, errs.go:68] Created error: Can't merge commit thats already in target commits history
[DEBUG Aug  2 07:53:28.421936960, errs.go:68] Created error: Bad expander name
[DEBUG Aug  2 07:53:28.421973763, errs.go:68] Created error: Expander has no handler
[DEBUG Aug  2 07:53:28.423815799, errs.go:68] Created error: Service is already running
[DEBUG Aug  2 07:53:28.450062650, secrets.go:35] Gcloud Secretmanager failed to initialize (ignore if you're not trying to use gcloud): google: could not find default credentials. See https://developers.google.com/accounts/docs/application-default-credentials for more information.
[DEBUG Aug  2 07:53:28.453690323, output.go:53] Requested outputer for 
[DEBUG Aug  2 07:53:28.453717550, output.go:58] Using Plain outputer
[DEBUG Aug  2 07:53:28.453827551, termutils.go:17] Cannot get terminal size: inappropriate ioctl for device
[DEBUG Aug  2 07:53:28.453934628, client.go:128] Reporting event to 2 reporters: run-command, state-svc start, 
[DEBUG Aug  2 07:53:28.454700923, main.go:107] Running CmdStart
[DEBUG Aug  2 07:53:28.491055807, errs.go:75] Wrapped error: Service is already running -- with: valueF failed
[DEBUG Aug  2 07:53:28.491125872, errs.go:75] Wrapped error: valueF failed -- with: Could not store pid
[DEBUG Aug  2 07:53:28.491212388, errors.go:113] Wrapped input error: Could not store pid -- with: A State Service instance is already running in the background.
[DEBUG Aug  2 07:53:28.491227863, errs.go:75] Wrapped error: A State Service instance is already running in the background. -- with: Could not start serviceManager
[DEBUG Aug  2 07:53:28.491302167, client.go:128] Reporting event to 2 reporters: command-exit, state-svc start, 1
[DEBUG Aug  2 07:53:28.824696284, errs.go:75] Wrapped error: <nil> -- with: Could not start serviceManager: A State Service instance is already running in the background.: Could not store pid: valueF failed: Service is already running
[DEBUG Aug  2 07:53:28.824748855, main.go:61] state-svc errored out due to input: Could not start serviceManager: A State Service instance is already running in the background.: Could not store pid: valueF failed: Service is already running
