[DEBUG Aug  2 07:45:37.835679234, defaults.go:273] Args: [/home1/wangfeim/.local/ActiveState/StateTool/release/bin/state-svc start]
[DEBUG Aug  2 07:45:37.850738943, locale.go:38] Init
[DEBUG Aug  2 07:45:37.919435296, errs.go:68] Created error: File could not be found
[DEBUG Aug  2 07:45:37.922591720, errs.go:68] Created error: Not Recognized
[DEBUG Aug  2 07:45:37.942613787, errs.go:68] Created error: Secret not found
[DEBUG Aug  2 07:45:37.942662258, errs.go:68] Created error: Could not save keypair
[DEBUG Aug  2 07:45:37.943175832, errs.go:68] Created error: Build responded with error
[DEBUG Aug  2 07:45:37.943225125, errs.go:68] Created error: Unknown build type
[DEBUG Aug  2 07:45:37.943533488, errors.go:86] Wrapped localized error: <nil> -- with: The installed version of the State Tool Service does not match that of the client.
Please stop the service with [ACTIONABLE]state-svc stop[/RESET] and try your command again.
If this issue persists please reinstall the State Tool.

[DEBUG Aug  2 07:45:37.943559756, errs.go:68] Created error: no data
[DEBUG Aug  2 07:45:37.943596470, errs.go:68] Created error: member not found
[DEBUG Aug  2 07:45:37.943626133, errs.go:68] Created error: Commit count is unknowable
[DEBUG Aug  2 07:45:37.943657332, errs.go:68] Created error: No merge required
[DEBUG Aug  2 07:45:37.943688470, errs.go:68] Created error: Can't merge commit thats already in target commits history
[DEBUG Aug  2 07:45:37.943717870, errs.go:68] Created error: Bad expander name
[DEBUG Aug  2 07:45:37.943748018, errs.go:68] Created error: Expander has no handler
[DEBUG Aug  2 07:45:37.987182959, errs.go:68] Created error: Service is already running
[DEBUG Aug  2 07:45:38.014312530, secrets.go:35] Gcloud Secretmanager failed to initialize (ignore if you're not trying to use gcloud): google: could not find default credentials. See https://developers.google.com/accounts/docs/application-default-credentials for more information.
[DEBUG Aug  2 07:45:38.018038537, output.go:53] Requested outputer for 
[DEBUG Aug  2 07:45:38.018058986, output.go:58] Using Plain outputer
[DEBUG Aug  2 07:45:38.018119946, termutils.go:17] Cannot get terminal size: inappropriate ioctl for device
[DEBUG Aug  2 07:45:38.018216683, client.go:128] Reporting event to 2 reporters: run-command, state-svc start, 
[DEBUG Aug  2 07:45:38.018271536, main.go:107] Running CmdStart
[DEBUG Aug  2 07:45:38.023850425, errs.go:75] Wrapped error: Service is already running -- with: valueF failed
[DEBUG Aug  2 07:45:38.023928209, errs.go:75] Wrapped error: valueF failed -- with: Could not store pid
[DEBUG Aug  2 07:45:38.024034932, errors.go:113] Wrapped input error: Could not store pid -- with: A State Service instance is already running in the background.
[DEBUG Aug  2 07:45:38.024056765, errs.go:75] Wrapped error: A State Service instance is already running in the background. -- with: Could not start serviceManager
[DEBUG Aug  2 07:45:38.024185024, client.go:128] Reporting event to 2 reporters: command-exit, state-svc start, 1
[DEBUG Aug  2 07:45:38.412637845, errs.go:75] Wrapped error: <nil> -- with: Could not start serviceManager: A State Service instance is already running in the background.: Could not store pid: valueF failed: Service is already running
[DEBUG Aug  2 07:45:38.412699888, main.go:61] state-svc errored out due to input: Could not start serviceManager: A State Service instance is already running in the background.: Could not store pid: valueF failed: Service is already running
