[DEBUG Aug  2 07:57:50.544496317, defaults.go:273] Args: [/home1/wangfeim/.local/ActiveState/StateTool/release/bin/state-svc start]
[DEBUG Aug  2 07:57:50.558327637, locale.go:38] Init
[DEBUG Aug  2 07:57:50.620041858, errs.go:68] Created error: File could not be found
[DEBUG Aug  2 07:57:50.622937438, errs.go:68] Created error: Not Recognized
[DEBUG Aug  2 07:57:50.642178079, errs.go:68] Created error: Secret not found
[DEBUG Aug  2 07:57:50.642221967, errs.go:68] Created error: Could not save keypair
[DEBUG Aug  2 07:57:50.642384459, errs.go:68] Created error: Build responded with error
[DEBUG Aug  2 07:57:50.642409575, errs.go:68] Created error: Unknown build type
[DEBUG Aug  2 07:57:50.642506419, errors.go:86] Wrapped localized error: <nil> -- with: The installed version of the State Tool Service does not match that of the client.
Please stop the service with [ACTIONABLE]state-svc stop[/RESET] and try your command again.
If this issue persists please reinstall the State Tool.

[DEBUG Aug  2 07:57:50.642518819, errs.go:68] Created error: no data
[DEBUG Aug  2 07:57:50.642547034, errs.go:68] Created error: member not found
[DEBUG Aug  2 07:57:50.643021824, errs.go:68] Created error: Commit count is unknowable
[DEBUG Aug  2 07:57:50.643163715, errs.go:68] Created error: No merge required
[DEBUG Aug  2 07:57:50.643248865, errs.go:68] Created error: Can't merge commit thats already in target commits history
[DEBUG Aug  2 07:57:50.643296762, errs.go:68] Created error: Bad expander name
[DEBUG Aug  2 07:57:50.643333298, errs.go:68] Created error: Expander has no handler
[DEBUG Aug  2 07:57:50.645360314, errs.go:68] Created error: Service is already running
[DEBUG Aug  2 07:57:50.697878036, secrets.go:35] Gcloud Secretmanager failed to initialize (ignore if you're not trying to use gcloud): google: could not find default credentials. See https://developers.google.com/accounts/docs/application-default-credentials for more information.
[DEBUG Aug  2 07:57:50.702782856, output.go:53] Requested outputer for 
[DEBUG Aug  2 07:57:50.702814855, output.go:58] Using Plain outputer
[DEBUG Aug  2 07:57:50.702888876, termutils.go:17] Cannot get terminal size: inappropriate ioctl for device
[DEBUG Aug  2 07:57:50.702989614, client.go:128] Reporting event to 2 reporters: run-command, state-svc start, 
[DEBUG Aug  2 07:57:50.703593940, main.go:107] Running CmdStart
[DEBUG Aug  2 07:57:50.710008037, errs.go:75] Wrapped error: Service is already running -- with: valueF failed
[DEBUG Aug  2 07:57:50.710071297, errs.go:75] Wrapped error: valueF failed -- with: Could not store pid
[DEBUG Aug  2 07:57:50.710151015, errors.go:113] Wrapped input error: Could not store pid -- with: A State Service instance is already running in the background.
[DEBUG Aug  2 07:57:50.710165511, errs.go:75] Wrapped error: A State Service instance is already running in the background. -- with: Could not start serviceManager
[DEBUG Aug  2 07:57:50.710246333, client.go:128] Reporting event to 2 reporters: command-exit, state-svc start, 1
[DEBUG Aug  2 07:57:51.085270718, errs.go:75] Wrapped error: <nil> -- with: Could not start serviceManager: A State Service instance is already running in the background.: Could not store pid: valueF failed: Service is already running
[DEBUG Aug  2 07:57:51.085342530, main.go:61] state-svc errored out due to input: Could not start serviceManager: A State Service instance is already running in the background.: Could not store pid: valueF failed: Service is already running
