[DEBUG Mar  7 20:01:42.545398658, defaults.go:273] Args: [/home1/wangfeim/.local/ActiveState/StateTool/release/bin/state-svc start]
[DEBUG Mar  7 20:01:42.557598675, locale.go:38] Init
[DEBUG Mar  7 20:01:42.591943002, errs.go:68] Created error: File could not be found
[DEBUG Mar  7 20:01:42.594456337, errs.go:68] Created error: Not Recognized
[DEBUG Mar  7 20:01:42.611310148, errs.go:68] Created error: Secret not found
[DEBUG Mar  7 20:01:42.611345807, errs.go:68] Created error: Could not save keypair
[DEBUG Mar  7 20:01:42.611500147, errs.go:68] Created error: Build responded with error
[DEBUG Mar  7 20:01:42.611528992, errs.go:68] Created error: Unknown build type
[DEBUG Mar  7 20:01:42.611630370, errors.go:86] Wrapped localized error: <nil> -- with: The installed version of the State Tool Service does not match that of the client.
Please stop the service with [ACTIONABLE]state-svc stop[/RESET] and try your command again.
If this issue persists please reinstall the State Tool.

[DEBUG Mar  7 20:01:42.611639534, errs.go:68] Created error: no data
[DEBUG Mar  7 20:01:42.611656887, errs.go:68] Created error: member not found
[DEBUG Mar  7 20:01:42.611673398, errs.go:68] Created error: Commit count is unknowable
[DEBUG Mar  7 20:01:42.611690222, errs.go:68] Created error: No merge required
[DEBUG Mar  7 20:01:42.611706085, errs.go:68] Created error: Can't merge commit thats already in target commits history
[DEBUG Mar  7 20:01:42.611724454, errs.go:68] Created error: Bad expander name
[DEBUG Mar  7 20:01:42.611742555, errs.go:68] Created error: Expander has no handler
[DEBUG Mar  7 20:01:42.612602757, errs.go:68] Created error: Service is already running
[DEBUG Mar  7 20:01:42.636478546, secrets.go:35] Gcloud Secretmanager failed to initialize (ignore if you're not trying to use gcloud): google: could not find default credentials. See https://developers.google.com/accounts/docs/application-default-credentials for more information.
[DEBUG Mar  7 20:01:42.639486506, output.go:53] Requested outputer for 
[DEBUG Mar  7 20:01:42.639500309, output.go:58] Using Plain outputer
[DEBUG Mar  7 20:01:42.639561172, termutils.go:17] Cannot get terminal size: inappropriate ioctl for device
[DEBUG Mar  7 20:01:42.639677673, main.go:107] Running CmdStart
[DEBUG Mar  7 20:01:42.639681945, client.go:128] Reporting event to 2 reporters: run-command, state-svc start, 
[DEBUG Mar  7 20:01:42.640598556, exeutils.go:149] Executing: /home1/wangfeim/.local/ActiveState/StateTool/release/bin/state-svc [foreground]
[DEBUG Mar  7 20:01:42.646499652, manager.go:68] Process started using pid 354513
[DEBUG Mar  7 20:01:42.646580284, client.go:128] Reporting event to 2 reporters: command-exit, state-svc start, 0
