[DEBUG Aug  2 07:54:23.537041942, defaults.go:273] Args: [/home1/wangfeim/.local/ActiveState/StateTool/release/bin/state-svc start]
[DEBUG Aug  2 07:54:23.551585013, locale.go:38] Init
[DEBUG Aug  2 07:54:23.620749016, errs.go:68] Created error: File could not be found
[DEBUG Aug  2 07:54:23.623494175, errs.go:68] Created error: Not Recognized
[DEBUG Aug  2 07:54:23.643581761, errs.go:68] Created error: Secret not found
[DEBUG Aug  2 07:54:23.643679100, errs.go:68] Created error: Could not save keypair
[DEBUG Aug  2 07:54:23.644064699, errs.go:68] Created error: Build responded with error
[DEBUG Aug  2 07:54:23.644158138, errs.go:68] Created error: Unknown build type
[DEBUG Aug  2 07:54:23.644321988, errors.go:86] Wrapped localized error: <nil> -- with: The installed version of the State Tool Service does not match that of the client.
Please stop the service with [ACTIONABLE]state-svc stop[/RESET] and try your command again.
If this issue persists please reinstall the State Tool.

[DEBUG Aug  2 07:54:23.644392234, errs.go:68] Created error: no data
[DEBUG Aug  2 07:54:23.644431594, errs.go:68] Created error: member not found
[DEBUG Aug  2 07:54:23.644474537, errs.go:68] Created error: Commit count is unknowable
[DEBUG Aug  2 07:54:23.645584197, errs.go:68] Created error: No merge required
[DEBUG Aug  2 07:54:23.645630453, errs.go:68] Created error: Can't merge commit thats already in target commits history
[DEBUG Aug  2 07:54:23.645662295, errs.go:68] Created error: Bad expander name
[DEBUG Aug  2 07:54:23.645692911, errs.go:68] Created error: Expander has no handler
[DEBUG Aug  2 07:54:23.686370806, errs.go:68] Created error: Service is already running
[DEBUG Aug  2 07:54:23.714117516, secrets.go:35] Gcloud Secretmanager failed to initialize (ignore if you're not trying to use gcloud): google: could not find default credentials. See https://developers.google.com/accounts/docs/application-default-credentials for more information.
[DEBUG Aug  2 07:54:23.718370948, output.go:53] Requested outputer for 
[DEBUG Aug  2 07:54:23.718397051, output.go:58] Using Plain outputer
[DEBUG Aug  2 07:54:23.718471333, termutils.go:17] Cannot get terminal size: inappropriate ioctl for device
[DEBUG Aug  2 07:54:23.718529943, client.go:128] Reporting event to 2 reporters: run-command, state-svc start, 
[DEBUG Aug  2 07:54:23.718646842, main.go:107] Running CmdStart
[DEBUG Aug  2 07:54:23.724334202, errs.go:75] Wrapped error: Service is already running -- with: valueF failed
[DEBUG Aug  2 07:54:23.724392880, errs.go:75] Wrapped error: valueF failed -- with: Could not store pid
[DEBUG Aug  2 07:54:23.724462030, errors.go:113] Wrapped input error: Could not store pid -- with: A State Service instance is already running in the background.
[DEBUG Aug  2 07:54:23.724476451, errs.go:75] Wrapped error: A State Service instance is already running in the background. -- with: Could not start serviceManager
[DEBUG Aug  2 07:54:23.724558027, client.go:128] Reporting event to 2 reporters: command-exit, state-svc start, 1
[DEBUG Aug  2 07:54:24.107312239, errs.go:75] Wrapped error: <nil> -- with: Could not start serviceManager: A State Service instance is already running in the background.: Could not store pid: valueF failed: Service is already running
[DEBUG Aug  2 07:54:24.107379700, main.go:61] state-svc errored out due to input: Could not start serviceManager: A State Service instance is already running in the background.: Could not store pid: valueF failed: Service is already running
