[DEBUG Aug  2 08:19:02.801254703, defaults.go:273] Args: [/home1/wangfeim/.local/ActiveState/StateTool/release/bin/state-svc start]
[DEBUG Aug  2 08:19:02.815335206, locale.go:38] Init
[DEBUG Aug  2 08:19:03.255905583, errs.go:68] Created error: File could not be found
[DEBUG Aug  2 08:19:03.259212499, errs.go:68] Created error: Not Recognized
[DEBUG Aug  2 08:19:03.281427119, errs.go:68] Created error: Secret not found
[DEBUG Aug  2 08:19:03.281487270, errs.go:68] Created error: Could not save keypair
[DEBUG Aug  2 08:19:03.281683200, errs.go:68] Created error: Build responded with error
[DEBUG Aug  2 08:19:03.281715459, errs.go:68] Created error: Unknown build type
[DEBUG Aug  2 08:19:03.281847275, errors.go:86] Wrapped localized error: <nil> -- with: The installed version of the State Tool Service does not match that of the client.
Please stop the service with [ACTIONABLE]state-svc stop[/RESET] and try your command again.
If this issue persists please reinstall the State Tool.

[DEBUG Aug  2 08:19:03.281864787, errs.go:68] Created error: no data
[DEBUG Aug  2 08:19:03.281897116, errs.go:68] Created error: member not found
[DEBUG Aug  2 08:19:03.281927468, errs.go:68] Created error: Commit count is unknowable
[DEBUG Aug  2 08:19:03.281951535, errs.go:68] Created error: No merge required
[DEBUG Aug  2 08:19:03.281976652, errs.go:68] Created error: Can't merge commit thats already in target commits history
[DEBUG Aug  2 08:19:03.282002839, errs.go:68] Created error: Bad expander name
[DEBUG Aug  2 08:19:03.282027841, errs.go:68] Created error: Expander has no handler
[DEBUG Aug  2 08:19:03.283267657, errs.go:68] Created error: Service is already running
[DEBUG Aug  2 08:19:03.316707124, secrets.go:35] Gcloud Secretmanager failed to initialize (ignore if you're not trying to use gcloud): google: could not find default credentials. See https://developers.google.com/accounts/docs/application-default-credentials for more information.
[DEBUG Aug  2 08:19:03.324611214, output.go:53] Requested outputer for 
[DEBUG Aug  2 08:19:03.324634577, output.go:58] Using Plain outputer
[DEBUG Aug  2 08:19:03.324739525, termutils.go:17] Cannot get terminal size: inappropriate ioctl for device
[DEBUG Aug  2 08:19:03.324824329, client.go:128] Reporting event to 2 reporters: run-command, state-svc start, 
[DEBUG Aug  2 08:19:03.324923235, main.go:107] Running CmdStart
[DEBUG Aug  2 08:19:03.332992759, errs.go:75] Wrapped error: Service is already running -- with: valueF failed
[DEBUG Aug  2 08:19:03.333061455, errs.go:75] Wrapped error: valueF failed -- with: Could not store pid
[DEBUG Aug  2 08:19:03.333147710, errors.go:113] Wrapped input error: Could not store pid -- with: A State Service instance is already running in the background.
[DEBUG Aug  2 08:19:03.333162949, errs.go:75] Wrapped error: A State Service instance is already running in the background. -- with: Could not start serviceManager
[DEBUG Aug  2 08:19:03.333276606, client.go:128] Reporting event to 2 reporters: command-exit, state-svc start, 1
[DEBUG Aug  2 08:19:03.695199053, errs.go:75] Wrapped error: <nil> -- with: Could not start serviceManager: A State Service instance is already running in the background.: Could not store pid: valueF failed: Service is already running
[DEBUG Aug  2 08:19:03.695268822, main.go:61] state-svc errored out due to input: Could not start serviceManager: A State Service instance is already running in the background.: Could not store pid: valueF failed: Service is already running
