[DEBUG Aug  2 08:20:45.056312370, defaults.go:273] Args: [/home1/wangfeim/.local/ActiveState/StateTool/release/bin/state-svc start]
[DEBUG Aug  2 08:20:45.069086893, locale.go:38] Init
[DEBUG Aug  2 08:20:45.108238558, errs.go:68] Created error: File could not be found
[DEBUG Aug  2 08:20:45.111147757, errs.go:68] Created error: Not Recognized
[DEBUG Aug  2 08:20:45.129546525, errs.go:68] Created error: Secret not found
[DEBUG Aug  2 08:20:45.129591437, errs.go:68] Created error: Could not save keypair
[DEBUG Aug  2 08:20:45.129774842, errs.go:68] Created error: Build responded with error
[DEBUG Aug  2 08:20:45.129802663, errs.go:68] Created error: Unknown build type
[DEBUG Aug  2 08:20:45.129926534, errors.go:86] Wrapped localized error: <nil> -- with: The installed version of the State Tool Service does not match that of the client.
Please stop the service with [ACTIONABLE]state-svc stop[/RESET] and try your command again.
If this issue persists please reinstall the State Tool.

[DEBUG Aug  2 08:20:45.129938907, errs.go:68] Created error: no data
[DEBUG Aug  2 08:20:45.129961477, errs.go:68] Created error: member not found
[DEBUG Aug  2 08:20:45.130287536, errs.go:68] Created error: Commit count is unknowable
[DEBUG Aug  2 08:20:45.130335065, errs.go:68] Created error: No merge required
[DEBUG Aug  2 08:20:45.130385647, errs.go:68] Created error: Can't merge commit thats already in target commits history
[DEBUG Aug  2 08:20:45.130432370, errs.go:68] Created error: Bad expander name
[DEBUG Aug  2 08:20:45.130464743, errs.go:68] Created error: Expander has no handler
[DEBUG Aug  2 08:20:45.132978825, errs.go:68] Created error: Service is already running
[DEBUG Aug  2 08:20:45.157163383, secrets.go:35] Gcloud Secretmanager failed to initialize (ignore if you're not trying to use gcloud): google: could not find default credentials. See https://developers.google.com/accounts/docs/application-default-credentials for more information.
[DEBUG Aug  2 08:20:45.161447670, output.go:53] Requested outputer for 
[DEBUG Aug  2 08:20:45.161479449, output.go:58] Using Plain outputer
[DEBUG Aug  2 08:20:45.161559118, termutils.go:17] Cannot get terminal size: inappropriate ioctl for device
[DEBUG Aug  2 08:20:45.161670781, client.go:128] Reporting event to 2 reporters: run-command, state-svc start, 
[DEBUG Aug  2 08:20:45.161738256, main.go:107] Running CmdStart
[DEBUG Aug  2 08:20:45.166854193, errs.go:75] Wrapped error: Service is already running -- with: valueF failed
[DEBUG Aug  2 08:20:45.166901436, errs.go:75] Wrapped error: valueF failed -- with: Could not store pid
[DEBUG Aug  2 08:20:45.166966529, errors.go:113] Wrapped input error: Could not store pid -- with: A State Service instance is already running in the background.
[DEBUG Aug  2 08:20:45.166978731, errs.go:75] Wrapped error: A State Service instance is already running in the background. -- with: Could not start serviceManager
[DEBUG Aug  2 08:20:45.167047631, client.go:128] Reporting event to 2 reporters: command-exit, state-svc start, 1
[DEBUG Aug  2 08:20:45.485818203, errs.go:75] Wrapped error: <nil> -- with: Could not start serviceManager: A State Service instance is already running in the background.: Could not store pid: valueF failed: Service is already running
[DEBUG Aug  2 08:20:45.485886544, main.go:61] state-svc errored out due to input: Could not start serviceManager: A State Service instance is already running in the background.: Could not store pid: valueF failed: Service is already running
