[DEBUG Sep 17 04:16:25.793605739, defaults.go:273] Args: [/home1/wangfeim/.local/ActiveState/StateTool/release/bin/state-svc start]
[DEBUG Sep 17 04:16:25.808635840, locale.go:38] Init
[DEBUG Sep 17 04:16:44.585412382, errs.go:68] Created error: File could not be found
[DEBUG Sep 17 04:16:44.590079379, errs.go:68] Created error: Not Recognized
[DEBUG Sep 17 04:16:44.616255244, errs.go:68] Created error: Secret not found
[DEBUG Sep 17 04:16:44.616320870, errs.go:68] Created error: Could not save keypair
[DEBUG Sep 17 04:16:44.616792170, errs.go:68] Created error: Build responded with error
[DEBUG Sep 17 04:16:44.616925940, errs.go:68] Created error: Unknown build type
[DEBUG Sep 17 04:16:44.617152360, errors.go:86] Wrapped localized error: <nil> -- with: The installed version of the State Tool Service does not match that of the client.
Please stop the service with [ACTIONABLE]state-svc stop[/RESET] and try your command again.
If this issue persists please reinstall the State Tool.

[DEBUG Sep 17 04:16:44.617188508, errs.go:68] Created error: no data
[DEBUG Sep 17 04:16:44.617313554, errs.go:68] Created error: member not found
[DEBUG Sep 17 04:16:44.617363344, errs.go:68] Created error: Commit count is unknowable
[DEBUG Sep 17 04:16:44.617395811, errs.go:68] Created error: No merge required
[DEBUG Sep 17 04:16:44.617421245, errs.go:68] Created error: Can't merge commit thats already in target commits history
[DEBUG Sep 17 04:16:44.617492279, errs.go:68] Created error: Bad expander name
[DEBUG Sep 17 04:16:44.617532532, errs.go:68] Created error: Expander has no handler
[DEBUG Sep 17 04:16:44.619047740, errs.go:68] Created error: Service is already running
[DEBUG Sep 17 04:16:44.670402063, secrets.go:35] Gcloud Secretmanager failed to initialize (ignore if you're not trying to use gcloud): google: could not find default credentials. See https://developers.google.com/accounts/docs/application-default-credentials for more information.
[DEBUG Sep 17 04:16:44.678673014, output.go:53] Requested outputer for 
[DEBUG Sep 17 04:16:44.678704613, output.go:58] Using Plain outputer
[DEBUG Sep 17 04:16:44.678946960, termutils.go:17] Cannot get terminal size: inappropriate ioctl for device
[DEBUG Sep 17 04:16:44.679674399, client.go:128] Reporting event to 2 reporters: run-command, state-svc start, 
[DEBUG Sep 17 04:16:44.680126905, main.go:107] Running CmdStart
[DEBUG Sep 17 04:16:44.681192388, exeutils.go:149] Executing: /home1/wangfeim/.local/ActiveState/StateTool/release/bin/state-svc [foreground]
[DEBUG Sep 17 04:16:48.926716832, manager.go:68] Process started using pid 10466
[DEBUG Sep 17 04:16:48.926870626, client.go:128] Reporting event to 2 reporters: command-exit, state-svc start, 0
