[DEBUG Aug  2 07:53:52.618322550, defaults.go:273] Args: [/home1/wangfeim/.local/ActiveState/StateTool/release/bin/state-svc start]
[DEBUG Aug  2 07:53:52.631867269, locale.go:38] Init
[DEBUG Aug  2 07:53:52.672255546, errs.go:68] Created error: File could not be found
[DEBUG Aug  2 07:53:52.675262043, errs.go:68] Created error: Not Recognized
[DEBUG Aug  2 07:53:52.700061759, errs.go:68] Created error: Secret not found
[DEBUG Aug  2 07:53:52.700109581, errs.go:68] Created error: Could not save keypair
[DEBUG Aug  2 07:53:52.700279497, errs.go:68] Created error: Build responded with error
[DEBUG Aug  2 07:53:52.700310635, errs.go:68] Created error: Unknown build type
[DEBUG Aug  2 07:53:52.700413889, errors.go:86] Wrapped localized error: <nil> -- with: The installed version of the State Tool Service does not match that of the client.
Please stop the service with [ACTIONABLE]state-svc stop[/RESET] and try your command again.
If this issue persists please reinstall the State Tool.

[DEBUG Aug  2 07:53:52.700427386, errs.go:68] Created error: no data
[DEBUG Aug  2 07:53:52.700449080, errs.go:68] Created error: member not found
[DEBUG Aug  2 07:53:52.700472304, errs.go:68] Created error: Commit count is unknowable
[DEBUG Aug  2 07:53:52.700498134, errs.go:68] Created error: No merge required
[DEBUG Aug  2 07:53:52.700522196, errs.go:68] Created error: Can't merge commit thats already in target commits history
[DEBUG Aug  2 07:53:52.700550079, errs.go:68] Created error: Bad expander name
[DEBUG Aug  2 07:53:52.700574648, errs.go:68] Created error: Expander has no handler
[DEBUG Aug  2 07:53:52.701877411, errs.go:68] Created error: Service is already running
[DEBUG Aug  2 07:53:52.730274849, secrets.go:35] Gcloud Secretmanager failed to initialize (ignore if you're not trying to use gcloud): google: could not find default credentials. See https://developers.google.com/accounts/docs/application-default-credentials for more information.
[DEBUG Aug  2 07:53:52.733781918, output.go:53] Requested outputer for 
[DEBUG Aug  2 07:53:52.733805197, output.go:58] Using Plain outputer
[DEBUG Aug  2 07:53:52.733869088, termutils.go:17] Cannot get terminal size: inappropriate ioctl for device
[DEBUG Aug  2 07:53:52.733984783, main.go:107] Running CmdStart
[DEBUG Aug  2 07:53:52.734036346, client.go:128] Reporting event to 2 reporters: run-command, state-svc start, 
[DEBUG Aug  2 07:53:52.739436008, errs.go:75] Wrapped error: Service is already running -- with: valueF failed
[DEBUG Aug  2 07:53:52.739492425, errs.go:75] Wrapped error: valueF failed -- with: Could not store pid
[DEBUG Aug  2 07:53:52.739569313, errors.go:113] Wrapped input error: Could not store pid -- with: A State Service instance is already running in the background.
[DEBUG Aug  2 07:53:52.739582778, errs.go:75] Wrapped error: A State Service instance is already running in the background. -- with: Could not start serviceManager
[DEBUG Aug  2 07:53:52.739678461, client.go:128] Reporting event to 2 reporters: command-exit, state-svc start, 1
[DEBUG Aug  2 07:53:53.098136130, errs.go:75] Wrapped error: <nil> -- with: Could not start serviceManager: A State Service instance is already running in the background.: Could not store pid: valueF failed: Service is already running
[DEBUG Aug  2 07:53:53.098217820, main.go:61] state-svc errored out due to input: Could not start serviceManager: A State Service instance is already running in the background.: Could not store pid: valueF failed: Service is already running
