[DEBUG Aug  2 07:59:21.285874824, defaults.go:273] Args: [/home1/wangfeim/.local/ActiveState/StateTool/release/bin/state-svc start]
[DEBUG Aug  2 07:59:21.300550578, locale.go:38] Init
[DEBUG Aug  2 07:59:21.342945527, errs.go:68] Created error: File could not be found
[DEBUG Aug  2 07:59:21.346321050, errs.go:68] Created error: Not Recognized
[DEBUG Aug  2 07:59:21.404283526, errs.go:68] Created error: Secret not found
[DEBUG Aug  2 07:59:21.404364999, errs.go:68] Created error: Could not save keypair
[DEBUG Aug  2 07:59:21.404531420, errs.go:68] Created error: Build responded with error
[DEBUG Aug  2 07:59:21.404569491, errs.go:68] Created error: Unknown build type
[DEBUG Aug  2 07:59:21.404691017, errors.go:86] Wrapped localized error: <nil> -- with: The installed version of the State Tool Service does not match that of the client.
Please stop the service with [ACTIONABLE]state-svc stop[/RESET] and try your command again.
If this issue persists please reinstall the State Tool.

[DEBUG Aug  2 07:59:21.404706620, errs.go:68] Created error: no data
[DEBUG Aug  2 07:59:21.404729710, errs.go:68] Created error: member not found
[DEBUG Aug  2 07:59:21.404752022, errs.go:68] Created error: Commit count is unknowable
[DEBUG Aug  2 07:59:21.404782069, errs.go:68] Created error: No merge required
[DEBUG Aug  2 07:59:21.404803528, errs.go:68] Created error: Can't merge commit thats already in target commits history
[DEBUG Aug  2 07:59:21.404826073, errs.go:68] Created error: Bad expander name
[DEBUG Aug  2 07:59:21.404846860, errs.go:68] Created error: Expander has no handler
[DEBUG Aug  2 07:59:21.405934685, errs.go:68] Created error: Service is already running
[DEBUG Aug  2 07:59:21.435250094, secrets.go:35] Gcloud Secretmanager failed to initialize (ignore if you're not trying to use gcloud): google: could not find default credentials. See https://developers.google.com/accounts/docs/application-default-credentials for more information.
[DEBUG Aug  2 07:59:21.439023369, output.go:53] Requested outputer for 
[DEBUG Aug  2 07:59:21.439044234, output.go:58] Using Plain outputer
[DEBUG Aug  2 07:59:21.439135561, termutils.go:17] Cannot get terminal size: inappropriate ioctl for device
[DEBUG Aug  2 07:59:21.439297319, main.go:107] Running CmdStart
[DEBUG Aug  2 07:59:21.439379167, client.go:128] Reporting event to 2 reporters: run-command, state-svc start, 
[DEBUG Aug  2 07:59:21.488297430, errs.go:75] Wrapped error: Service is already running -- with: valueF failed
[DEBUG Aug  2 07:59:21.488357852, errs.go:75] Wrapped error: valueF failed -- with: Could not store pid
[DEBUG Aug  2 07:59:21.488423414, errors.go:113] Wrapped input error: Could not store pid -- with: A State Service instance is already running in the background.
[DEBUG Aug  2 07:59:21.488438058, errs.go:75] Wrapped error: A State Service instance is already running in the background. -- with: Could not start serviceManager
[DEBUG Aug  2 07:59:21.488523364, client.go:128] Reporting event to 2 reporters: command-exit, state-svc start, 1
[DEBUG Aug  2 07:59:21.840994134, errs.go:75] Wrapped error: <nil> -- with: Could not start serviceManager: A State Service instance is already running in the background.: Could not store pid: valueF failed: Service is already running
[DEBUG Aug  2 07:59:21.841061119, main.go:61] state-svc errored out due to input: Could not start serviceManager: A State Service instance is already running in the background.: Could not store pid: valueF failed: Service is already running
