[DEBUG Aug  2 08:07:48.596598112, defaults.go:273] Args: [/home1/wangfeim/.local/ActiveState/StateTool/release/bin/state-svc start]
[DEBUG Aug  2 08:07:48.610815812, locale.go:38] Init
[DEBUG Aug  2 08:07:48.653566050, errs.go:68] Created error: File could not be found
[DEBUG Aug  2 08:07:48.656830496, errs.go:68] Created error: Not Recognized
[DEBUG Aug  2 08:07:48.703649126, errs.go:68] Created error: Secret not found
[DEBUG Aug  2 08:07:48.703712426, errs.go:68] Created error: Could not save keypair
[DEBUG Aug  2 08:07:48.703894448, errs.go:68] Created error: Build responded with error
[DEBUG Aug  2 08:07:48.703924432, errs.go:68] Created error: Unknown build type
[DEBUG Aug  2 08:07:48.704051157, errors.go:86] Wrapped localized error: <nil> -- with: The installed version of the State Tool Service does not match that of the client.
Please stop the service with [ACTIONABLE]state-svc stop[/RESET] and try your command again.
If this issue persists please reinstall the State Tool.

[DEBUG Aug  2 08:07:48.704067713, errs.go:68] Created error: no data
[DEBUG Aug  2 08:07:48.704099558, errs.go:68] Created error: member not found
[DEBUG Aug  2 08:07:48.704124757, errs.go:68] Created error: Commit count is unknowable
[DEBUG Aug  2 08:07:48.704147553, errs.go:68] Created error: No merge required
[DEBUG Aug  2 08:07:48.704171105, errs.go:68] Created error: Can't merge commit thats already in target commits history
[DEBUG Aug  2 08:07:48.704201229, errs.go:68] Created error: Bad expander name
[DEBUG Aug  2 08:07:48.704224797, errs.go:68] Created error: Expander has no handler
[DEBUG Aug  2 08:07:48.705350827, errs.go:68] Created error: Service is already running
[DEBUG Aug  2 08:07:48.734143580, secrets.go:35] Gcloud Secretmanager failed to initialize (ignore if you're not trying to use gcloud): google: could not find default credentials. See https://developers.google.com/accounts/docs/application-default-credentials for more information.
[DEBUG Aug  2 08:07:48.737360529, output.go:53] Requested outputer for 
[DEBUG Aug  2 08:07:48.737386441, output.go:58] Using Plain outputer
[DEBUG Aug  2 08:07:48.737468384, termutils.go:17] Cannot get terminal size: inappropriate ioctl for device
[DEBUG Aug  2 08:07:48.737649982, client.go:128] Reporting event to 2 reporters: run-command, state-svc start, 
[DEBUG Aug  2 08:07:48.737658081, main.go:107] Running CmdStart
[DEBUG Aug  2 08:07:48.785678265, errs.go:75] Wrapped error: Service is already running -- with: valueF failed
[DEBUG Aug  2 08:07:48.785736588, errs.go:75] Wrapped error: valueF failed -- with: Could not store pid
[DEBUG Aug  2 08:07:48.785819416, errors.go:113] Wrapped input error: Could not store pid -- with: A State Service instance is already running in the background.
[DEBUG Aug  2 08:07:48.785838210, errs.go:75] Wrapped error: A State Service instance is already running in the background. -- with: Could not start serviceManager
[DEBUG Aug  2 08:07:48.785995412, client.go:128] Reporting event to 2 reporters: command-exit, state-svc start, 1
[DEBUG Aug  2 08:07:49.107215188, errs.go:75] Wrapped error: <nil> -- with: Could not start serviceManager: A State Service instance is already running in the background.: Could not store pid: valueF failed: Service is already running
[DEBUG Aug  2 08:07:49.107283887, main.go:61] state-svc errored out due to input: Could not start serviceManager: A State Service instance is already running in the background.: Could not store pid: valueF failed: Service is already running
