[DEBUG Aug  2 07:50:13.347002453, defaults.go:273] Args: [/home1/wangfeim/.local/ActiveState/StateTool/release/bin/state-svc start]
[DEBUG Aug  2 07:50:13.361093130, locale.go:38] Init
[DEBUG Aug  2 07:50:13.416655673, errs.go:68] Created error: File could not be found
[DEBUG Aug  2 07:50:13.419391936, errs.go:68] Created error: Not Recognized
[DEBUG Aug  2 07:50:13.438532830, errs.go:68] Created error: Secret not found
[DEBUG Aug  2 07:50:13.438587236, errs.go:68] Created error: Could not save keypair
[DEBUG Aug  2 07:50:13.438761284, errs.go:68] Created error: Build responded with error
[DEBUG Aug  2 07:50:13.438792288, errs.go:68] Created error: Unknown build type
[DEBUG Aug  2 07:50:13.438891885, errors.go:86] Wrapped localized error: <nil> -- with: The installed version of the State Tool Service does not match that of the client.
Please stop the service with [ACTIONABLE]state-svc stop[/RESET] and try your command again.
If this issue persists please reinstall the State Tool.

[DEBUG Aug  2 07:50:13.438904077, errs.go:68] Created error: no data
[DEBUG Aug  2 07:50:13.438926446, errs.go:68] Created error: member not found
[DEBUG Aug  2 07:50:13.438947817, errs.go:68] Created error: Commit count is unknowable
[DEBUG Aug  2 07:50:13.438969862, errs.go:68] Created error: No merge required
[DEBUG Aug  2 07:50:13.438991218, errs.go:68] Created error: Can't merge commit thats already in target commits history
[DEBUG Aug  2 07:50:13.439013432, errs.go:68] Created error: Bad expander name
[DEBUG Aug  2 07:50:13.439035466, errs.go:68] Created error: Expander has no handler
[DEBUG Aug  2 07:50:13.440241462, errs.go:68] Created error: Service is already running
[DEBUG Aug  2 07:50:13.492838849, secrets.go:35] Gcloud Secretmanager failed to initialize (ignore if you're not trying to use gcloud): google: could not find default credentials. See https://developers.google.com/accounts/docs/application-default-credentials for more information.
[DEBUG Aug  2 07:50:13.497766267, output.go:53] Requested outputer for 
[DEBUG Aug  2 07:50:13.497815783, output.go:58] Using Plain outputer
[DEBUG Aug  2 07:50:13.497911686, termutils.go:17] Cannot get terminal size: inappropriate ioctl for device
[DEBUG Aug  2 07:50:13.498065496, client.go:128] Reporting event to 2 reporters: run-command, state-svc start, 
[DEBUG Aug  2 07:50:13.498136699, main.go:107] Running CmdStart
[DEBUG Aug  2 07:50:13.503902686, errs.go:75] Wrapped error: Service is already running -- with: valueF failed
[DEBUG Aug  2 07:50:13.503958058, errs.go:75] Wrapped error: valueF failed -- with: Could not store pid
[DEBUG Aug  2 07:50:13.504037463, errors.go:113] Wrapped input error: Could not store pid -- with: A State Service instance is already running in the background.
[DEBUG Aug  2 07:50:13.504052539, errs.go:75] Wrapped error: A State Service instance is already running in the background. -- with: Could not start serviceManager
[DEBUG Aug  2 07:50:13.504176279, client.go:128] Reporting event to 2 reporters: command-exit, state-svc start, 1
[DEBUG Aug  2 07:50:13.887522538, errs.go:75] Wrapped error: <nil> -- with: Could not start serviceManager: A State Service instance is already running in the background.: Could not store pid: valueF failed: Service is already running
[DEBUG Aug  2 07:50:13.887605551, main.go:61] state-svc errored out due to input: Could not start serviceManager: A State Service instance is already running in the background.: Could not store pid: valueF failed: Service is already running
