[DEBUG Aug  2 07:38:15.356724153, defaults.go:273] Args: [/home1/wangfeim/.local/ActiveState/StateTool/release/bin/state-svc start]
[DEBUG Aug  2 07:38:15.370955152, locale.go:38] Init
[DEBUG Aug  2 07:38:15.935217739, errs.go:68] Created error: File could not be found
[DEBUG Aug  2 07:38:15.938531783, errs.go:68] Created error: Not Recognized
[DEBUG Aug  2 07:38:15.960972032, errs.go:68] Created error: Secret not found
[DEBUG Aug  2 07:38:15.961035361, errs.go:68] Created error: Could not save keypair
[DEBUG Aug  2 07:38:15.961358168, errs.go:68] Created error: Build responded with error
[DEBUG Aug  2 07:38:15.961394975, errs.go:68] Created error: Unknown build type
[DEBUG Aug  2 07:38:15.961548879, errors.go:86] Wrapped localized error: <nil> -- with: The installed version of the State Tool Service does not match that of the client.
Please stop the service with [ACTIONABLE]state-svc stop[/RESET] and try your command again.
If this issue persists please reinstall the State Tool.

[DEBUG Aug  2 07:38:15.961567496, errs.go:68] Created error: no data
[DEBUG Aug  2 07:38:15.961593854, errs.go:68] Created error: member not found
[DEBUG Aug  2 07:38:15.961621715, errs.go:68] Created error: Commit count is unknowable
[DEBUG Aug  2 07:38:15.961646318, errs.go:68] Created error: No merge required
[DEBUG Aug  2 07:38:15.961670006, errs.go:68] Created error: Can't merge commit thats already in target commits history
[DEBUG Aug  2 07:38:15.961702045, errs.go:68] Created error: Bad expander name
[DEBUG Aug  2 07:38:15.961727097, errs.go:68] Created error: Expander has no handler
[DEBUG Aug  2 07:38:15.963101477, errs.go:68] Created error: Service is already running
[DEBUG Aug  2 07:38:15.995712429, secrets.go:35] Gcloud Secretmanager failed to initialize (ignore if you're not trying to use gcloud): google: could not find default credentials. See https://developers.google.com/accounts/docs/application-default-credentials for more information.
[DEBUG Aug  2 07:38:16.003496145, output.go:53] Requested outputer for 
[DEBUG Aug  2 07:38:16.003520220, output.go:58] Using Plain outputer
[DEBUG Aug  2 07:38:16.003605101, termutils.go:17] Cannot get terminal size: inappropriate ioctl for device
[DEBUG Aug  2 07:38:16.003680396, client.go:128] Reporting event to 2 reporters: run-command, state-svc start, 
[DEBUG Aug  2 07:38:16.003751934, main.go:107] Running CmdStart
[DEBUG Aug  2 07:38:16.010784047, errs.go:75] Wrapped error: Service is already running -- with: valueF failed
[DEBUG Aug  2 07:38:16.010847091, errs.go:75] Wrapped error: valueF failed -- with: Could not store pid
[DEBUG Aug  2 07:38:16.010934770, errors.go:113] Wrapped input error: Could not store pid -- with: A State Service instance is already running in the background.
[DEBUG Aug  2 07:38:16.010962497, errs.go:75] Wrapped error: A State Service instance is already running in the background. -- with: Could not start serviceManager
[DEBUG Aug  2 07:38:16.011089124, client.go:128] Reporting event to 2 reporters: command-exit, state-svc start, 1
[DEBUG Aug  2 07:38:16.333311051, errs.go:75] Wrapped error: <nil> -- with: Could not start serviceManager: A State Service instance is already running in the background.: Could not store pid: valueF failed: Service is already running
[DEBUG Aug  2 07:38:16.333367586, main.go:61] state-svc errored out due to input: Could not start serviceManager: A State Service instance is already running in the background.: Could not store pid: valueF failed: Service is already running
