[DEBUG Aug  2 07:50:02.696252852, defaults.go:273] Args: [/home1/wangfeim/.local/ActiveState/StateTool/release/bin/state-svc start]
[DEBUG Aug  2 07:50:02.709441637, locale.go:38] Init
[DEBUG Aug  2 07:50:02.750208798, errs.go:68] Created error: File could not be found
[DEBUG Aug  2 07:50:02.753310754, errs.go:68] Created error: Not Recognized
[DEBUG Aug  2 07:50:02.804757520, errs.go:68] Created error: Secret not found
[DEBUG Aug  2 07:50:02.804817219, errs.go:68] Created error: Could not save keypair
[DEBUG Aug  2 07:50:02.804986750, errs.go:68] Created error: Build responded with error
[DEBUG Aug  2 07:50:02.805015780, errs.go:68] Created error: Unknown build type
[DEBUG Aug  2 07:50:02.805144238, errors.go:86] Wrapped localized error: <nil> -- with: The installed version of the State Tool Service does not match that of the client.
Please stop the service with [ACTIONABLE]state-svc stop[/RESET] and try your command again.
If this issue persists please reinstall the State Tool.

[DEBUG Aug  2 07:50:02.805170531, errs.go:68] Created error: no data
[DEBUG Aug  2 07:50:02.805195220, errs.go:68] Created error: member not found
[DEBUG Aug  2 07:50:02.805218702, errs.go:68] Created error: Commit count is unknowable
[DEBUG Aug  2 07:50:02.805248934, errs.go:68] Created error: No merge required
[DEBUG Aug  2 07:50:02.805272742, errs.go:68] Created error: Can't merge commit thats already in target commits history
[DEBUG Aug  2 07:50:02.805297202, errs.go:68] Created error: Bad expander name
[DEBUG Aug  2 07:50:02.805323242, errs.go:68] Created error: Expander has no handler
[DEBUG Aug  2 07:50:02.806460135, errs.go:68] Created error: Service is already running
[DEBUG Aug  2 07:50:02.833752500, secrets.go:35] Gcloud Secretmanager failed to initialize (ignore if you're not trying to use gcloud): google: could not find default credentials. See https://developers.google.com/accounts/docs/application-default-credentials for more information.
[DEBUG Aug  2 07:50:02.838527553, output.go:53] Requested outputer for 
[DEBUG Aug  2 07:50:02.838557825, output.go:58] Using Plain outputer
[DEBUG Aug  2 07:50:02.838651998, termutils.go:17] Cannot get terminal size: inappropriate ioctl for device
[DEBUG Aug  2 07:50:02.838717715, client.go:128] Reporting event to 2 reporters: run-command, state-svc start, 
[DEBUG Aug  2 07:50:02.838797469, main.go:107] Running CmdStart
[DEBUG Aug  2 07:50:02.844962049, errs.go:75] Wrapped error: Service is already running -- with: valueF failed
[DEBUG Aug  2 07:50:02.845025415, errs.go:75] Wrapped error: valueF failed -- with: Could not store pid
[DEBUG Aug  2 07:50:02.845138541, errors.go:113] Wrapped input error: Could not store pid -- with: A State Service instance is already running in the background.
[DEBUG Aug  2 07:50:02.845154055, errs.go:75] Wrapped error: A State Service instance is already running in the background. -- with: Could not start serviceManager
[DEBUG Aug  2 07:50:02.845256307, client.go:128] Reporting event to 2 reporters: command-exit, state-svc start, 1
[DEBUG Aug  2 07:50:03.203128919, errs.go:75] Wrapped error: <nil> -- with: Could not start serviceManager: A State Service instance is already running in the background.: Could not store pid: valueF failed: Service is already running
[DEBUG Aug  2 07:50:03.203209301, main.go:61] state-svc errored out due to input: Could not start serviceManager: A State Service instance is already running in the background.: Could not store pid: valueF failed: Service is already running
