[DEBUG Aug  2 08:20:13.977498582, defaults.go:273] Args: [/home1/wangfeim/.local/ActiveState/StateTool/release/bin/state-svc start]
[DEBUG Aug  2 08:20:13.990991461, locale.go:38] Init
[DEBUG Aug  2 08:20:14.034878858, errs.go:68] Created error: File could not be found
[DEBUG Aug  2 08:20:14.037785835, errs.go:68] Created error: Not Recognized
[DEBUG Aug  2 08:20:14.058873316, errs.go:68] Created error: Secret not found
[DEBUG Aug  2 08:20:14.058942490, errs.go:68] Created error: Could not save keypair
[DEBUG Aug  2 08:20:14.059272441, errs.go:68] Created error: Build responded with error
[DEBUG Aug  2 08:20:14.059320956, errs.go:68] Created error: Unknown build type
[DEBUG Aug  2 08:20:14.059484734, errors.go:86] Wrapped localized error: <nil> -- with: The installed version of the State Tool Service does not match that of the client.
Please stop the service with [ACTIONABLE]state-svc stop[/RESET] and try your command again.
If this issue persists please reinstall the State Tool.

[DEBUG Aug  2 08:20:14.059520065, errs.go:68] Created error: no data
[DEBUG Aug  2 08:20:14.059562999, errs.go:68] Created error: member not found
[DEBUG Aug  2 08:20:14.059678800, errs.go:68] Created error: Commit count is unknowable
[DEBUG Aug  2 08:20:14.059961895, errs.go:68] Created error: No merge required
[DEBUG Aug  2 08:20:14.060015269, errs.go:68] Created error: Can't merge commit thats already in target commits history
[DEBUG Aug  2 08:20:14.060049178, errs.go:68] Created error: Bad expander name
[DEBUG Aug  2 08:20:14.060079637, errs.go:68] Created error: Expander has no handler
[DEBUG Aug  2 08:20:14.061382060, errs.go:68] Created error: Service is already running
[DEBUG Aug  2 08:20:14.099291007, secrets.go:35] Gcloud Secretmanager failed to initialize (ignore if you're not trying to use gcloud): google: could not find default credentials. See https://developers.google.com/accounts/docs/application-default-credentials for more information.
[DEBUG Aug  2 08:20:14.103712405, output.go:53] Requested outputer for 
[DEBUG Aug  2 08:20:14.103760661, output.go:58] Using Plain outputer
[DEBUG Aug  2 08:20:14.103867476, termutils.go:17] Cannot get terminal size: inappropriate ioctl for device
[DEBUG Aug  2 08:20:14.103931306, client.go:128] Reporting event to 2 reporters: run-command, state-svc start, 
[DEBUG Aug  2 08:20:14.104044869, main.go:107] Running CmdStart
[DEBUG Aug  2 08:20:14.109983675, errs.go:75] Wrapped error: Service is already running -- with: valueF failed
[DEBUG Aug  2 08:20:14.110047218, errs.go:75] Wrapped error: valueF failed -- with: Could not store pid
[DEBUG Aug  2 08:20:14.110131464, errors.go:113] Wrapped input error: Could not store pid -- with: A State Service instance is already running in the background.
[DEBUG Aug  2 08:20:14.110146081, errs.go:75] Wrapped error: A State Service instance is already running in the background. -- with: Could not start serviceManager
[DEBUG Aug  2 08:20:14.110251125, client.go:128] Reporting event to 2 reporters: command-exit, state-svc start, 1
[DEBUG Aug  2 08:20:14.485178388, errs.go:75] Wrapped error: <nil> -- with: Could not start serviceManager: A State Service instance is already running in the background.: Could not store pid: valueF failed: Service is already running
[DEBUG Aug  2 08:20:14.485271315, main.go:61] state-svc errored out due to input: Could not start serviceManager: A State Service instance is already running in the background.: Could not store pid: valueF failed: Service is already running
