[DEBUG Aug  2 07:45:24.707895852, defaults.go:273] Args: [/home1/wangfeim/.local/ActiveState/StateTool/release/bin/state-svc start]
[DEBUG Aug  2 07:45:24.722442587, locale.go:38] Init
[DEBUG Aug  2 07:45:24.785139912, errs.go:68] Created error: File could not be found
[DEBUG Aug  2 07:45:24.787978015, errs.go:68] Created error: Not Recognized
[DEBUG Aug  2 07:45:24.807900637, errs.go:68] Created error: Secret not found
[DEBUG Aug  2 07:45:24.807946914, errs.go:68] Created error: Could not save keypair
[DEBUG Aug  2 07:45:24.808128365, errs.go:68] Created error: Build responded with error
[DEBUG Aug  2 07:45:24.808160168, errs.go:68] Created error: Unknown build type
[DEBUG Aug  2 07:45:24.808270857, errors.go:86] Wrapped localized error: <nil> -- with: The installed version of the State Tool Service does not match that of the client.
Please stop the service with [ACTIONABLE]state-svc stop[/RESET] and try your command again.
If this issue persists please reinstall the State Tool.

[DEBUG Aug  2 07:45:24.808284291, errs.go:68] Created error: no data
[DEBUG Aug  2 07:45:24.808306971, errs.go:68] Created error: member not found
[DEBUG Aug  2 07:45:24.808330557, errs.go:68] Created error: Commit count is unknowable
[DEBUG Aug  2 07:45:24.808367954, errs.go:68] Created error: No merge required
[DEBUG Aug  2 07:45:24.808390508, errs.go:68] Created error: Can't merge commit thats already in target commits history
[DEBUG Aug  2 07:45:24.808412932, errs.go:68] Created error: Bad expander name
[DEBUG Aug  2 07:45:24.808436708, errs.go:68] Created error: Expander has no handler
[DEBUG Aug  2 07:45:24.809656198, errs.go:68] Created error: Service is already running
[DEBUG Aug  2 07:45:24.835828451, secrets.go:35] Gcloud Secretmanager failed to initialize (ignore if you're not trying to use gcloud): google: could not find default credentials. See https://developers.google.com/accounts/docs/application-default-credentials for more information.
[DEBUG Aug  2 07:45:24.839778697, output.go:53] Requested outputer for 
[DEBUG Aug  2 07:45:24.839799706, output.go:58] Using Plain outputer
[DEBUG Aug  2 07:45:24.839877259, termutils.go:17] Cannot get terminal size: inappropriate ioctl for device
[DEBUG Aug  2 07:45:24.839963174, client.go:128] Reporting event to 2 reporters: run-command, state-svc start, 
[DEBUG Aug  2 07:45:24.840073792, main.go:107] Running CmdStart
[DEBUG Aug  2 07:45:24.887549378, errs.go:75] Wrapped error: Service is already running -- with: valueF failed
[DEBUG Aug  2 07:45:24.887613958, errs.go:75] Wrapped error: valueF failed -- with: Could not store pid
[DEBUG Aug  2 07:45:24.887690549, errors.go:113] Wrapped input error: Could not store pid -- with: A State Service instance is already running in the background.
[DEBUG Aug  2 07:45:24.887704207, errs.go:75] Wrapped error: A State Service instance is already running in the background. -- with: Could not start serviceManager
[DEBUG Aug  2 07:45:24.887801126, client.go:128] Reporting event to 2 reporters: command-exit, state-svc start, 1
[DEBUG Aug  2 07:45:25.267684772, errs.go:75] Wrapped error: <nil> -- with: Could not start serviceManager: A State Service instance is already running in the background.: Could not store pid: valueF failed: Service is already running
[DEBUG Aug  2 07:45:25.267750595, main.go:61] state-svc errored out due to input: Could not start serviceManager: A State Service instance is already running in the background.: Could not store pid: valueF failed: Service is already running
