[DEBUG Aug  2 07:44:35.939991226, defaults.go:273] Args: [/home1/wangfeim/.local/ActiveState/StateTool/release/bin/state-svc start]
[DEBUG Aug  2 07:44:35.955114961, locale.go:38] Init
[DEBUG Aug  2 07:44:35.996278024, errs.go:68] Created error: File could not be found
[DEBUG Aug  2 07:44:35.999280871, errs.go:68] Created error: Not Recognized
[DEBUG Aug  2 07:44:36.020635877, errs.go:68] Created error: Secret not found
[DEBUG Aug  2 07:44:36.020688390, errs.go:68] Created error: Could not save keypair
[DEBUG Aug  2 07:44:36.020878082, errs.go:68] Created error: Build responded with error
[DEBUG Aug  2 07:44:36.020909747, errs.go:68] Created error: Unknown build type
[DEBUG Aug  2 07:44:36.021023865, errors.go:86] Wrapped localized error: <nil> -- with: The installed version of the State Tool Service does not match that of the client.
Please stop the service with [ACTIONABLE]state-svc stop[/RESET] and try your command again.
If this issue persists please reinstall the State Tool.

[DEBUG Aug  2 07:44:36.021037805, errs.go:68] Created error: no data
[DEBUG Aug  2 07:44:36.021060024, errs.go:68] Created error: member not found
[DEBUG Aug  2 07:44:36.021081418, errs.go:68] Created error: Commit count is unknowable
[DEBUG Aug  2 07:44:36.021102223, errs.go:68] Created error: No merge required
[DEBUG Aug  2 07:44:36.021124245, errs.go:68] Created error: Can't merge commit thats already in target commits history
[DEBUG Aug  2 07:44:36.021145523, errs.go:68] Created error: Bad expander name
[DEBUG Aug  2 07:44:36.021166075, errs.go:68] Created error: Expander has no handler
[DEBUG Aug  2 07:44:36.022245294, errs.go:68] Created error: Service is already running
[DEBUG Aug  2 07:44:36.049896357, secrets.go:35] Gcloud Secretmanager failed to initialize (ignore if you're not trying to use gcloud): google: could not find default credentials. See https://developers.google.com/accounts/docs/application-default-credentials for more information.
[DEBUG Aug  2 07:44:36.053196710, output.go:53] Requested outputer for 
[DEBUG Aug  2 07:44:36.053218496, output.go:58] Using Plain outputer
[DEBUG Aug  2 07:44:36.053282069, termutils.go:17] Cannot get terminal size: inappropriate ioctl for device
[DEBUG Aug  2 07:44:36.053402630, main.go:107] Running CmdStart
[DEBUG Aug  2 07:44:36.053433357, client.go:128] Reporting event to 2 reporters: run-command, state-svc start, 
[DEBUG Aug  2 07:44:36.058795289, errs.go:75] Wrapped error: Service is already running -- with: valueF failed
[DEBUG Aug  2 07:44:36.058854684, errs.go:75] Wrapped error: valueF failed -- with: Could not store pid
[DEBUG Aug  2 07:44:36.058922620, errors.go:113] Wrapped input error: Could not store pid -- with: A State Service instance is already running in the background.
[DEBUG Aug  2 07:44:36.058936041, errs.go:75] Wrapped error: A State Service instance is already running in the background. -- with: Could not start serviceManager
[DEBUG Aug  2 07:44:36.059018234, client.go:128] Reporting event to 2 reporters: command-exit, state-svc start, 1
[DEBUG Aug  2 07:44:36.391431340, errs.go:75] Wrapped error: <nil> -- with: Could not start serviceManager: A State Service instance is already running in the background.: Could not store pid: valueF failed: Service is already running
[DEBUG Aug  2 07:44:36.391502699, main.go:61] state-svc errored out due to input: Could not start serviceManager: A State Service instance is already running in the background.: Could not store pid: valueF failed: Service is already running
