[DEBUG Aug  2 07:45:23.701667695, defaults.go:273] Args: [/home1/wangfeim/.local/ActiveState/StateTool/release/bin/state-svc start]
[DEBUG Aug  2 07:45:23.717206238, locale.go:38] Init
[DEBUG Aug  2 07:45:23.789778023, errs.go:68] Created error: File could not be found
[DEBUG Aug  2 07:45:23.793013737, errs.go:68] Created error: Not Recognized
[DEBUG Aug  2 07:45:23.813412401, errs.go:68] Created error: Secret not found
[DEBUG Aug  2 07:45:23.813516101, errs.go:68] Created error: Could not save keypair
[DEBUG Aug  2 07:45:23.813926276, errs.go:68] Created error: Build responded with error
[DEBUG Aug  2 07:45:23.814019471, errs.go:68] Created error: Unknown build type
[DEBUG Aug  2 07:45:23.814261626, errors.go:86] Wrapped localized error: <nil> -- with: The installed version of the State Tool Service does not match that of the client.
Please stop the service with [ACTIONABLE]state-svc stop[/RESET] and try your command again.
If this issue persists please reinstall the State Tool.

[DEBUG Aug  2 07:45:23.814588763, errs.go:68] Created error: no data
[DEBUG Aug  2 07:45:23.814850024, errs.go:68] Created error: member not found
[DEBUG Aug  2 07:45:23.814886116, errs.go:68] Created error: Commit count is unknowable
[DEBUG Aug  2 07:45:23.814915145, errs.go:68] Created error: No merge required
[DEBUG Aug  2 07:45:23.814942217, errs.go:68] Created error: Can't merge commit thats already in target commits history
[DEBUG Aug  2 07:45:23.814973956, errs.go:68] Created error: Bad expander name
[DEBUG Aug  2 07:45:23.815002444, errs.go:68] Created error: Expander has no handler
[DEBUG Aug  2 07:45:23.816168475, errs.go:68] Created error: Service is already running
[DEBUG Aug  2 07:45:23.888588343, secrets.go:35] Gcloud Secretmanager failed to initialize (ignore if you're not trying to use gcloud): google: could not find default credentials. See https://developers.google.com/accounts/docs/application-default-credentials for more information.
[DEBUG Aug  2 07:45:23.892955373, output.go:53] Requested outputer for 
[DEBUG Aug  2 07:45:23.892979103, output.go:58] Using Plain outputer
[DEBUG Aug  2 07:45:23.893063211, termutils.go:17] Cannot get terminal size: inappropriate ioctl for device
[DEBUG Aug  2 07:45:23.893166316, client.go:128] Reporting event to 2 reporters: run-command, state-svc start, 
[DEBUG Aug  2 07:45:23.893239015, main.go:107] Running CmdStart
[DEBUG Aug  2 07:45:23.899241007, errs.go:75] Wrapped error: Service is already running -- with: valueF failed
[DEBUG Aug  2 07:45:23.899311951, errs.go:75] Wrapped error: valueF failed -- with: Could not store pid
[DEBUG Aug  2 07:45:23.899415393, errors.go:113] Wrapped input error: Could not store pid -- with: A State Service instance is already running in the background.
[DEBUG Aug  2 07:45:23.899438883, errs.go:75] Wrapped error: A State Service instance is already running in the background. -- with: Could not start serviceManager
[DEBUG Aug  2 07:45:23.899548493, client.go:128] Reporting event to 2 reporters: command-exit, state-svc start, 1
[DEBUG Aug  2 07:45:24.302110569, errs.go:75] Wrapped error: <nil> -- with: Could not start serviceManager: A State Service instance is already running in the background.: Could not store pid: valueF failed: Service is already running
[DEBUG Aug  2 07:45:24.302171277, main.go:61] state-svc errored out due to input: Could not start serviceManager: A State Service instance is already running in the background.: Could not store pid: valueF failed: Service is already running
