[DEBUG Aug  2 07:47:13.021350270, defaults.go:273] Args: [/home1/wangfeim/.local/ActiveState/StateTool/release/bin/state-svc start]
[DEBUG Aug  2 07:47:13.036754349, locale.go:38] Init
[DEBUG Aug  2 07:47:13.232426131, errs.go:68] Created error: File could not be found
[DEBUG Aug  2 07:47:13.235627347, errs.go:68] Created error: Not Recognized
[DEBUG Aug  2 07:47:13.258415833, errs.go:68] Created error: Secret not found
[DEBUG Aug  2 07:47:13.258478023, errs.go:68] Created error: Could not save keypair
[DEBUG Aug  2 07:47:13.258656588, errs.go:68] Created error: Build responded with error
[DEBUG Aug  2 07:47:13.258695858, errs.go:68] Created error: Unknown build type
[DEBUG Aug  2 07:47:13.258823946, errors.go:86] Wrapped localized error: <nil> -- with: The installed version of the State Tool Service does not match that of the client.
Please stop the service with [ACTIONABLE]state-svc stop[/RESET] and try your command again.
If this issue persists please reinstall the State Tool.

[DEBUG Aug  2 07:47:13.258840251, errs.go:68] Created error: no data
[DEBUG Aug  2 07:47:13.258865745, errs.go:68] Created error: member not found
[DEBUG Aug  2 07:47:13.258888713, errs.go:68] Created error: Commit count is unknowable
[DEBUG Aug  2 07:47:13.258926568, errs.go:68] Created error: No merge required
[DEBUG Aug  2 07:47:13.258953923, errs.go:68] Created error: Can't merge commit thats already in target commits history
[DEBUG Aug  2 07:47:13.258979124, errs.go:68] Created error: Bad expander name
[DEBUG Aug  2 07:47:13.259002525, errs.go:68] Created error: Expander has no handler
[DEBUG Aug  2 07:47:13.260100891, errs.go:68] Created error: Service is already running
[DEBUG Aug  2 07:47:13.307070539, secrets.go:35] Gcloud Secretmanager failed to initialize (ignore if you're not trying to use gcloud): google: could not find default credentials. See https://developers.google.com/accounts/docs/application-default-credentials for more information.
[DEBUG Aug  2 07:47:13.310493426, output.go:53] Requested outputer for 
[DEBUG Aug  2 07:47:13.310518820, output.go:58] Using Plain outputer
[DEBUG Aug  2 07:47:13.310627839, termutils.go:17] Cannot get terminal size: inappropriate ioctl for device
[DEBUG Aug  2 07:47:13.310699437, client.go:128] Reporting event to 2 reporters: run-command, state-svc start, 
[DEBUG Aug  2 07:47:13.310788224, main.go:107] Running CmdStart
[DEBUG Aug  2 07:47:13.317086138, errs.go:75] Wrapped error: Service is already running -- with: valueF failed
[DEBUG Aug  2 07:47:13.317155454, errs.go:75] Wrapped error: valueF failed -- with: Could not store pid
[DEBUG Aug  2 07:47:13.317235555, errors.go:113] Wrapped input error: Could not store pid -- with: A State Service instance is already running in the background.
[DEBUG Aug  2 07:47:13.317253890, errs.go:75] Wrapped error: A State Service instance is already running in the background. -- with: Could not start serviceManager
[DEBUG Aug  2 07:47:13.317325553, client.go:128] Reporting event to 2 reporters: command-exit, state-svc start, 1
[DEBUG Aug  2 07:47:13.689424466, errs.go:75] Wrapped error: <nil> -- with: Could not start serviceManager: A State Service instance is already running in the background.: Could not store pid: valueF failed: Service is already running
[DEBUG Aug  2 07:47:13.689502208, main.go:61] state-svc errored out due to input: Could not start serviceManager: A State Service instance is already running in the background.: Could not store pid: valueF failed: Service is already running
