[DEBUG Sep 17 07:33:21.846452505, errs.go:68] Created error: File could not be found
[DEBUG Sep 17 07:33:21.850538368, errs.go:68] Created error: Not Recognized
[DEBUG Sep 17 07:33:21.846642800, log.go:184] Rollbar error: empty token

[DEBUG Sep 17 07:33:21.883377439, errs.go:68] Created error: Secret not found
[DEBUG Sep 17 07:33:21.883607667, errs.go:68] Created error: Could not save keypair
[DEBUG Sep 17 07:33:21.883961988, errs.go:68] Created error: Build responded with error
[DEBUG Sep 17 07:33:21.884037502, errs.go:68] Created error: Unknown build type
[DEBUG Sep 17 07:33:21.884562039, errors.go:86] Wrapped localized error: <nil> -- with: The installed version of the State Tool Service does not match that of the client.
Please stop the service with [ACTIONABLE]state-svc stop[/RESET] and try your command again.
If this issue persists please reinstall the State Tool.

[DEBUG Sep 17 07:33:21.884588536, errs.go:68] Created error: no data
[DEBUG Sep 17 07:33:21.884705737, errs.go:68] Created error: member not found
[DEBUG Sep 17 07:33:21.884759848, errs.go:68] Created error: Commit count is unknowable
[DEBUG Sep 17 07:33:21.884794497, errs.go:68] Created error: No merge required
[DEBUG Sep 17 07:33:21.884824605, errs.go:68] Created error: Can't merge commit thats already in target commits history
[DEBUG Sep 17 07:33:21.884902141, errs.go:68] Created error: Bad expander name
[DEBUG Sep 17 07:33:21.884994811, errs.go:68] Created error: Expander has no handler
[DEBUG Sep 17 07:33:21.889853258, errs.go:68] Created error: Service is already running
[DEBUG Sep 17 07:33:21.957925535, secrets.go:35] Gcloud Secretmanager failed to initialize (ignore if you're not trying to use gcloud): google: could not find default credentials. See https://developers.google.com/accounts/docs/application-default-credentials for more information.
[DEBUG Sep 17 07:33:21.966824496, output.go:53] Requested outputer for 
[DEBUG Sep 17 07:33:21.966869320, output.go:58] Using Plain outputer
[DEBUG Sep 17 07:33:21.966994127, termutils.go:17] Cannot get terminal size: inappropriate ioctl for device
[DEBUG Sep 17 07:33:21.967330747, main.go:137] Running CmdForeground
[DEBUG Sep 17 07:33:21.967350615, main.go:147] Running in Foreground
[DEBUG Sep 17 07:33:21.967419327, client.go:128] Reporting event to 2 reporters: run-command, state-svc foreground, 
[DEBUG Sep 17 07:33:21.967794204, service.go:30] service:Start
