[DEBUG Aug  2 08:12:05.439706180, defaults.go:273] Args: [/home1/wangfeim/.local/ActiveState/StateTool/release/bin/state-svc start]
[DEBUG Aug  2 08:12:05.454497081, locale.go:38] Init
[DEBUG Aug  2 08:12:05.525442919, errs.go:68] Created error: File could not be found
[DEBUG Aug  2 08:12:05.528768279, errs.go:68] Created error: Not Recognized
[DEBUG Aug  2 08:12:05.599223437, errs.go:68] Created error: Secret not found
[DEBUG Aug  2 08:12:05.599272852, errs.go:68] Created error: Could not save keypair
[DEBUG Aug  2 08:12:05.599427345, errs.go:68] Created error: Build responded with error
[DEBUG Aug  2 08:12:05.599452939, errs.go:68] Created error: Unknown build type
[DEBUG Aug  2 08:12:05.599574283, errors.go:86] Wrapped localized error: <nil> -- with: The installed version of the State Tool Service does not match that of the client.
Please stop the service with [ACTIONABLE]state-svc stop[/RESET] and try your command again.
If this issue persists please reinstall the State Tool.

[DEBUG Aug  2 08:12:05.599587810, errs.go:68] Created error: no data
[DEBUG Aug  2 08:12:05.599610572, errs.go:68] Created error: member not found
[DEBUG Aug  2 08:12:05.599633724, errs.go:68] Created error: Commit count is unknowable
[DEBUG Aug  2 08:12:05.599654698, errs.go:68] Created error: No merge required
[DEBUG Aug  2 08:12:05.599679418, errs.go:68] Created error: Can't merge commit thats already in target commits history
[DEBUG Aug  2 08:12:05.599700958, errs.go:68] Created error: Bad expander name
[DEBUG Aug  2 08:12:05.599728937, errs.go:68] Created error: Expander has no handler
[DEBUG Aug  2 08:12:05.600657394, errs.go:68] Created error: Service is already running
[DEBUG Aug  2 08:12:05.626311856, secrets.go:35] Gcloud Secretmanager failed to initialize (ignore if you're not trying to use gcloud): google: could not find default credentials. See https://developers.google.com/accounts/docs/application-default-credentials for more information.
[DEBUG Aug  2 08:12:05.629802134, output.go:53] Requested outputer for 
[DEBUG Aug  2 08:12:05.629830168, output.go:58] Using Plain outputer
[DEBUG Aug  2 08:12:05.629894182, termutils.go:17] Cannot get terminal size: inappropriate ioctl for device
[DEBUG Aug  2 08:12:05.629995139, client.go:128] Reporting event to 2 reporters: run-command, state-svc start, 
[DEBUG Aug  2 08:12:05.630067630, main.go:107] Running CmdStart
[DEBUG Aug  2 08:12:05.637478997, errs.go:75] Wrapped error: Service is already running -- with: valueF failed
[DEBUG Aug  2 08:12:05.637559033, errs.go:75] Wrapped error: valueF failed -- with: Could not store pid
[DEBUG Aug  2 08:12:05.637653175, errors.go:113] Wrapped input error: Could not store pid -- with: A State Service instance is already running in the background.
[DEBUG Aug  2 08:12:05.637671952, errs.go:75] Wrapped error: A State Service instance is already running in the background. -- with: Could not start serviceManager
[DEBUG Aug  2 08:12:05.637760111, client.go:128] Reporting event to 2 reporters: command-exit, state-svc start, 1
[DEBUG Aug  2 08:12:05.985240576, errs.go:75] Wrapped error: <nil> -- with: Could not start serviceManager: A State Service instance is already running in the background.: Could not store pid: valueF failed: Service is already running
[DEBUG Aug  2 08:12:05.985320182, main.go:61] state-svc errored out due to input: Could not start serviceManager: A State Service instance is already running in the background.: Could not store pid: valueF failed: Service is already running
