[DEBUG Aug  2 07:48:24.328012655, defaults.go:273] Args: [/home1/wangfeim/.local/ActiveState/StateTool/release/bin/state-svc start]
[DEBUG Aug  2 07:48:24.343255038, locale.go:38] Init
[DEBUG Aug  2 07:48:25.332346023, errs.go:68] Created error: File could not be found
[DEBUG Aug  2 07:48:25.335352441, errs.go:68] Created error: Not Recognized
[DEBUG Aug  2 07:48:25.356411327, errs.go:68] Created error: Secret not found
[DEBUG Aug  2 07:48:25.356465017, errs.go:68] Created error: Could not save keypair
[DEBUG Aug  2 07:48:25.356642124, errs.go:68] Created error: Build responded with error
[DEBUG Aug  2 07:48:25.356671114, errs.go:68] Created error: Unknown build type
[DEBUG Aug  2 07:48:25.356782748, errors.go:86] Wrapped localized error: <nil> -- with: The installed version of the State Tool Service does not match that of the client.
Please stop the service with [ACTIONABLE]state-svc stop[/RESET] and try your command again.
If this issue persists please reinstall the State Tool.

[DEBUG Aug  2 07:48:25.356813908, errs.go:68] Created error: no data
[DEBUG Aug  2 07:48:25.356843008, errs.go:68] Created error: member not found
[DEBUG Aug  2 07:48:25.356869141, errs.go:68] Created error: Commit count is unknowable
[DEBUG Aug  2 07:48:25.356892330, errs.go:68] Created error: No merge required
[DEBUG Aug  2 07:48:25.356920991, errs.go:68] Created error: Can't merge commit thats already in target commits history
[DEBUG Aug  2 07:48:25.356945804, errs.go:68] Created error: Bad expander name
[DEBUG Aug  2 07:48:25.356968134, errs.go:68] Created error: Expander has no handler
[DEBUG Aug  2 07:48:25.358166512, errs.go:68] Created error: Service is already running
[DEBUG Aug  2 07:48:25.393999720, secrets.go:35] Gcloud Secretmanager failed to initialize (ignore if you're not trying to use gcloud): google: could not find default credentials. See https://developers.google.com/accounts/docs/application-default-credentials for more information.
[DEBUG Aug  2 07:48:25.401023934, output.go:53] Requested outputer for 
[DEBUG Aug  2 07:48:25.401056257, output.go:58] Using Plain outputer
[DEBUG Aug  2 07:48:25.401129026, termutils.go:17] Cannot get terminal size: inappropriate ioctl for device
[DEBUG Aug  2 07:48:25.401238551, client.go:128] Reporting event to 2 reporters: run-command, state-svc start, 
[DEBUG Aug  2 07:48:25.401318504, main.go:107] Running CmdStart
[DEBUG Aug  2 07:48:25.408223032, errs.go:75] Wrapped error: Service is already running -- with: valueF failed
[DEBUG Aug  2 07:48:25.408287524, errs.go:75] Wrapped error: valueF failed -- with: Could not store pid
[DEBUG Aug  2 07:48:25.408367449, errors.go:113] Wrapped input error: Could not store pid -- with: A State Service instance is already running in the background.
[DEBUG Aug  2 07:48:25.408392649, errs.go:75] Wrapped error: A State Service instance is already running in the background. -- with: Could not start serviceManager
[DEBUG Aug  2 07:48:25.408514512, client.go:128] Reporting event to 2 reporters: command-exit, state-svc start, 1
[DEBUG Aug  2 07:48:25.867001018, errs.go:75] Wrapped error: <nil> -- with: Could not start serviceManager: A State Service instance is already running in the background.: Could not store pid: valueF failed: Service is already running
[DEBUG Aug  2 07:48:25.867097515, main.go:61] state-svc errored out due to input: Could not start serviceManager: A State Service instance is already running in the background.: Could not store pid: valueF failed: Service is already running
