[DEBUG Aug  2 07:48:48.034976811, defaults.go:273] Args: [/home1/wangfeim/.local/ActiveState/StateTool/release/bin/state-svc start]
[DEBUG Aug  2 07:48:48.048759636, locale.go:38] Init
[DEBUG Aug  2 07:48:48.106145412, errs.go:68] Created error: File could not be found
[DEBUG Aug  2 07:48:48.109091307, errs.go:68] Created error: Not Recognized
[DEBUG Aug  2 07:48:48.129571324, errs.go:68] Created error: Secret not found
[DEBUG Aug  2 07:48:48.129632207, errs.go:68] Created error: Could not save keypair
[DEBUG Aug  2 07:48:48.129834820, errs.go:68] Created error: Build responded with error
[DEBUG Aug  2 07:48:48.129863530, errs.go:68] Created error: Unknown build type
[DEBUG Aug  2 07:48:48.129971879, errors.go:86] Wrapped localized error: <nil> -- with: The installed version of the State Tool Service does not match that of the client.
Please stop the service with [ACTIONABLE]state-svc stop[/RESET] and try your command again.
If this issue persists please reinstall the State Tool.

[DEBUG Aug  2 07:48:48.129988912, errs.go:68] Created error: no data
[DEBUG Aug  2 07:48:48.130014451, errs.go:68] Created error: member not found
[DEBUG Aug  2 07:48:48.130041541, errs.go:68] Created error: Commit count is unknowable
[DEBUG Aug  2 07:48:48.130064833, errs.go:68] Created error: No merge required
[DEBUG Aug  2 07:48:48.130099867, errs.go:68] Created error: Can't merge commit thats already in target commits history
[DEBUG Aug  2 07:48:48.130124411, errs.go:68] Created error: Bad expander name
[DEBUG Aug  2 07:48:48.130145267, errs.go:68] Created error: Expander has no handler
[DEBUG Aug  2 07:48:48.131338397, errs.go:68] Created error: Service is already running
[DEBUG Aug  2 07:48:48.158855549, secrets.go:35] Gcloud Secretmanager failed to initialize (ignore if you're not trying to use gcloud): google: could not find default credentials. See https://developers.google.com/accounts/docs/application-default-credentials for more information.
[DEBUG Aug  2 07:48:48.188170877, output.go:53] Requested outputer for 
[DEBUG Aug  2 07:48:48.188199741, output.go:58] Using Plain outputer
[DEBUG Aug  2 07:48:48.188290092, termutils.go:17] Cannot get terminal size: inappropriate ioctl for device
[DEBUG Aug  2 07:48:48.188449832, client.go:128] Reporting event to 2 reporters: run-command, state-svc start, 
[DEBUG Aug  2 07:48:48.188502246, main.go:107] Running CmdStart
[DEBUG Aug  2 07:48:48.194089964, errs.go:75] Wrapped error: Service is already running -- with: valueF failed
[DEBUG Aug  2 07:48:48.194147344, errs.go:75] Wrapped error: valueF failed -- with: Could not store pid
[DEBUG Aug  2 07:48:48.194226783, errors.go:113] Wrapped input error: Could not store pid -- with: A State Service instance is already running in the background.
[DEBUG Aug  2 07:48:48.194240918, errs.go:75] Wrapped error: A State Service instance is already running in the background. -- with: Could not start serviceManager
[DEBUG Aug  2 07:48:48.194302403, client.go:128] Reporting event to 2 reporters: command-exit, state-svc start, 1
[DEBUG Aug  2 07:48:48.554145135, errs.go:75] Wrapped error: <nil> -- with: Could not start serviceManager: A State Service instance is already running in the background.: Could not store pid: valueF failed: Service is already running
[DEBUG Aug  2 07:48:48.554222912, main.go:61] state-svc errored out due to input: Could not start serviceManager: A State Service instance is already running in the background.: Could not store pid: valueF failed: Service is already running
