[DEBUG Aug  2 08:17:03.182820664, defaults.go:273] Args: [/home1/wangfeim/.local/ActiveState/StateTool/release/bin/state-svc start]
[DEBUG Aug  2 08:17:03.196827099, locale.go:38] Init
[DEBUG Aug  2 08:17:03.235233510, errs.go:68] Created error: File could not be found
[DEBUG Aug  2 08:17:03.238172803, errs.go:68] Created error: Not Recognized
[DEBUG Aug  2 08:17:03.259067017, errs.go:68] Created error: Secret not found
[DEBUG Aug  2 08:17:03.259229039, errs.go:68] Created error: Could not save keypair
[DEBUG Aug  2 08:17:03.259770938, errs.go:68] Created error: Build responded with error
[DEBUG Aug  2 08:17:03.259861310, errs.go:68] Created error: Unknown build type
[DEBUG Aug  2 08:17:03.285240263, errors.go:86] Wrapped localized error: <nil> -- with: The installed version of the State Tool Service does not match that of the client.
Please stop the service with [ACTIONABLE]state-svc stop[/RESET] and try your command again.
If this issue persists please reinstall the State Tool.

[DEBUG Aug  2 08:17:03.285270814, errs.go:68] Created error: no data
[DEBUG Aug  2 08:17:03.285301824, errs.go:68] Created error: member not found
[DEBUG Aug  2 08:17:03.285329916, errs.go:68] Created error: Commit count is unknowable
[DEBUG Aug  2 08:17:03.285357263, errs.go:68] Created error: No merge required
[DEBUG Aug  2 08:17:03.285381288, errs.go:68] Created error: Can't merge commit thats already in target commits history
[DEBUG Aug  2 08:17:03.285409330, errs.go:68] Created error: Bad expander name
[DEBUG Aug  2 08:17:03.285433196, errs.go:68] Created error: Expander has no handler
[DEBUG Aug  2 08:17:03.286529107, errs.go:68] Created error: Service is already running
[DEBUG Aug  2 08:17:03.312932168, secrets.go:35] Gcloud Secretmanager failed to initialize (ignore if you're not trying to use gcloud): google: could not find default credentials. See https://developers.google.com/accounts/docs/application-default-credentials for more information.
[DEBUG Aug  2 08:17:03.316527752, output.go:53] Requested outputer for 
[DEBUG Aug  2 08:17:03.316559392, output.go:58] Using Plain outputer
[DEBUG Aug  2 08:17:03.316620597, termutils.go:17] Cannot get terminal size: inappropriate ioctl for device
[DEBUG Aug  2 08:17:03.316718376, client.go:128] Reporting event to 2 reporters: run-command, state-svc start, 
[DEBUG Aug  2 08:17:03.316743120, main.go:107] Running CmdStart
[DEBUG Aug  2 08:17:03.322473566, errs.go:75] Wrapped error: Service is already running -- with: valueF failed
[DEBUG Aug  2 08:17:03.322524136, errs.go:75] Wrapped error: valueF failed -- with: Could not store pid
[DEBUG Aug  2 08:17:03.322607370, errors.go:113] Wrapped input error: Could not store pid -- with: A State Service instance is already running in the background.
[DEBUG Aug  2 08:17:03.322621364, errs.go:75] Wrapped error: A State Service instance is already running in the background. -- with: Could not start serviceManager
[DEBUG Aug  2 08:17:03.322713353, client.go:128] Reporting event to 2 reporters: command-exit, state-svc start, 1
[DEBUG Aug  2 08:17:03.685004455, errs.go:75] Wrapped error: <nil> -- with: Could not start serviceManager: A State Service instance is already running in the background.: Could not store pid: valueF failed: Service is already running
[DEBUG Aug  2 08:17:03.685076562, main.go:61] state-svc errored out due to input: Could not start serviceManager: A State Service instance is already running in the background.: Could not store pid: valueF failed: Service is already running
