[DEBUG Aug  2 07:58:10.204216648, defaults.go:273] Args: [/home1/wangfeim/.local/ActiveState/StateTool/release/bin/state-svc start]
[DEBUG Aug  2 07:58:10.220228738, locale.go:38] Init
[DEBUG Aug  2 07:58:10.297719188, errs.go:68] Created error: File could not be found
[DEBUG Aug  2 07:58:10.302002618, errs.go:68] Created error: Not Recognized
[DEBUG Aug  2 07:58:10.322121270, errs.go:68] Created error: Secret not found
[DEBUG Aug  2 07:58:10.322171069, errs.go:68] Created error: Could not save keypair
[DEBUG Aug  2 07:58:10.322352717, errs.go:68] Created error: Build responded with error
[DEBUG Aug  2 07:58:10.322390865, errs.go:68] Created error: Unknown build type
[DEBUG Aug  2 07:58:10.322503330, errors.go:86] Wrapped localized error: <nil> -- with: The installed version of the State Tool Service does not match that of the client.
Please stop the service with [ACTIONABLE]state-svc stop[/RESET] and try your command again.
If this issue persists please reinstall the State Tool.

[DEBUG Aug  2 07:58:10.322516273, errs.go:68] Created error: no data
[DEBUG Aug  2 07:58:10.322545347, errs.go:68] Created error: member not found
[DEBUG Aug  2 07:58:10.322567571, errs.go:68] Created error: Commit count is unknowable
[DEBUG Aug  2 07:58:10.322588524, errs.go:68] Created error: No merge required
[DEBUG Aug  2 07:58:10.322610709, errs.go:68] Created error: Can't merge commit thats already in target commits history
[DEBUG Aug  2 07:58:10.322635120, errs.go:68] Created error: Bad expander name
[DEBUG Aug  2 07:58:10.322665160, errs.go:68] Created error: Expander has no handler
[DEBUG Aug  2 07:58:10.323915281, errs.go:68] Created error: Service is already running
[DEBUG Aug  2 07:58:10.385979325, secrets.go:35] Gcloud Secretmanager failed to initialize (ignore if you're not trying to use gcloud): google: could not find default credentials. See https://developers.google.com/accounts/docs/application-default-credentials for more information.
[DEBUG Aug  2 07:58:10.389330996, output.go:53] Requested outputer for 
[DEBUG Aug  2 07:58:10.389353010, output.go:58] Using Plain outputer
[DEBUG Aug  2 07:58:10.389434760, termutils.go:17] Cannot get terminal size: inappropriate ioctl for device
[DEBUG Aug  2 07:58:10.389503357, client.go:128] Reporting event to 2 reporters: run-command, state-svc start, 
[DEBUG Aug  2 07:58:10.390370086, main.go:107] Running CmdStart
[DEBUG Aug  2 07:58:10.397042680, errs.go:75] Wrapped error: Service is already running -- with: valueF failed
[DEBUG Aug  2 07:58:10.397112536, errs.go:75] Wrapped error: valueF failed -- with: Could not store pid
[DEBUG Aug  2 07:58:10.397189858, errors.go:113] Wrapped input error: Could not store pid -- with: A State Service instance is already running in the background.
[DEBUG Aug  2 07:58:10.397204919, errs.go:75] Wrapped error: A State Service instance is already running in the background. -- with: Could not start serviceManager
[DEBUG Aug  2 07:58:10.397300662, client.go:128] Reporting event to 2 reporters: command-exit, state-svc start, 1
[DEBUG Aug  2 07:58:10.726697004, errs.go:75] Wrapped error: <nil> -- with: Could not start serviceManager: A State Service instance is already running in the background.: Could not store pid: valueF failed: Service is already running
[DEBUG Aug  2 07:58:10.726762265, main.go:61] state-svc errored out due to input: Could not start serviceManager: A State Service instance is already running in the background.: Could not store pid: valueF failed: Service is already running
