[DEBUG Aug  2 08:18:11.025124612, defaults.go:273] Args: [/home1/wangfeim/.local/ActiveState/StateTool/release/bin/state-svc start]
[DEBUG Aug  2 08:18:11.040351927, locale.go:38] Init
[DEBUG Aug  2 08:18:11.114418095, errs.go:68] Created error: File could not be found
[DEBUG Aug  2 08:18:11.117623699, errs.go:68] Created error: Not Recognized
[DEBUG Aug  2 08:18:11.192859795, errs.go:68] Created error: Secret not found
[DEBUG Aug  2 08:18:11.192921466, errs.go:68] Created error: Could not save keypair
[DEBUG Aug  2 08:18:11.193084174, errs.go:68] Created error: Build responded with error
[DEBUG Aug  2 08:18:11.193111043, errs.go:68] Created error: Unknown build type
[DEBUG Aug  2 08:18:11.193240431, errors.go:86] Wrapped localized error: <nil> -- with: The installed version of the State Tool Service does not match that of the client.
Please stop the service with [ACTIONABLE]state-svc stop[/RESET] and try your command again.
If this issue persists please reinstall the State Tool.

[DEBUG Aug  2 08:18:11.193256124, errs.go:68] Created error: no data
[DEBUG Aug  2 08:18:11.193280051, errs.go:68] Created error: member not found
[DEBUG Aug  2 08:18:11.193311146, errs.go:68] Created error: Commit count is unknowable
[DEBUG Aug  2 08:18:11.193333796, errs.go:68] Created error: No merge required
[DEBUG Aug  2 08:18:11.193357916, errs.go:68] Created error: Can't merge commit thats already in target commits history
[DEBUG Aug  2 08:18:11.193381216, errs.go:68] Created error: Bad expander name
[DEBUG Aug  2 08:18:11.193402954, errs.go:68] Created error: Expander has no handler
[DEBUG Aug  2 08:18:11.194744500, errs.go:68] Created error: Service is already running
[DEBUG Aug  2 08:18:11.222070696, secrets.go:35] Gcloud Secretmanager failed to initialize (ignore if you're not trying to use gcloud): google: could not find default credentials. See https://developers.google.com/accounts/docs/application-default-credentials for more information.
[DEBUG Aug  2 08:18:11.225525506, output.go:53] Requested outputer for 
[DEBUG Aug  2 08:18:11.225562477, output.go:58] Using Plain outputer
[DEBUG Aug  2 08:18:11.225634288, termutils.go:17] Cannot get terminal size: inappropriate ioctl for device
[DEBUG Aug  2 08:18:11.225790710, client.go:128] Reporting event to 2 reporters: run-command, state-svc start, 
[DEBUG Aug  2 08:18:11.225841507, main.go:107] Running CmdStart
[DEBUG Aug  2 08:18:11.231473503, errs.go:75] Wrapped error: Service is already running -- with: valueF failed
[DEBUG Aug  2 08:18:11.231536293, errs.go:75] Wrapped error: valueF failed -- with: Could not store pid
[DEBUG Aug  2 08:18:11.231618818, errors.go:113] Wrapped input error: Could not store pid -- with: A State Service instance is already running in the background.
[DEBUG Aug  2 08:18:11.231642418, errs.go:75] Wrapped error: A State Service instance is already running in the background. -- with: Could not start serviceManager
[DEBUG Aug  2 08:18:11.231749826, client.go:128] Reporting event to 2 reporters: command-exit, state-svc start, 1
[DEBUG Aug  2 08:18:11.601086584, errs.go:75] Wrapped error: <nil> -- with: Could not start serviceManager: A State Service instance is already running in the background.: Could not store pid: valueF failed: Service is already running
[DEBUG Aug  2 08:18:11.601136869, main.go:61] state-svc errored out due to input: Could not start serviceManager: A State Service instance is already running in the background.: Could not store pid: valueF failed: Service is already running
