[DEBUG Aug  2 07:49:59.421688585, defaults.go:273] Args: [/home1/wangfeim/.local/ActiveState/StateTool/release/bin/state-svc start]
[DEBUG Aug  2 07:49:59.435768437, locale.go:38] Init
[DEBUG Aug  2 07:49:59.513327325, errs.go:68] Created error: File could not be found
[DEBUG Aug  2 07:49:59.516430718, errs.go:68] Created error: Not Recognized
[DEBUG Aug  2 07:49:59.538647057, errs.go:68] Created error: Secret not found
[DEBUG Aug  2 07:49:59.538708789, errs.go:68] Created error: Could not save keypair
[DEBUG Aug  2 07:49:59.538929410, errs.go:68] Created error: Build responded with error
[DEBUG Aug  2 07:49:59.538958917, errs.go:68] Created error: Unknown build type
[DEBUG Aug  2 07:49:59.539083113, errors.go:86] Wrapped localized error: <nil> -- with: The installed version of the State Tool Service does not match that of the client.
Please stop the service with [ACTIONABLE]state-svc stop[/RESET] and try your command again.
If this issue persists please reinstall the State Tool.

[DEBUG Aug  2 07:49:59.539100186, errs.go:68] Created error: no data
[DEBUG Aug  2 07:49:59.539125339, errs.go:68] Created error: member not found
[DEBUG Aug  2 07:49:59.539157129, errs.go:68] Created error: Commit count is unknowable
[DEBUG Aug  2 07:49:59.539188501, errs.go:68] Created error: No merge required
[DEBUG Aug  2 07:49:59.539212529, errs.go:68] Created error: Can't merge commit thats already in target commits history
[DEBUG Aug  2 07:49:59.539237600, errs.go:68] Created error: Bad expander name
[DEBUG Aug  2 07:49:59.539261701, errs.go:68] Created error: Expander has no handler
[DEBUG Aug  2 07:49:59.540436510, errs.go:68] Created error: Service is already running
[DEBUG Aug  2 07:49:59.572205902, secrets.go:35] Gcloud Secretmanager failed to initialize (ignore if you're not trying to use gcloud): google: could not find default credentials. See https://developers.google.com/accounts/docs/application-default-credentials for more information.
[DEBUG Aug  2 07:49:59.578375215, output.go:53] Requested outputer for 
[DEBUG Aug  2 07:49:59.578397260, output.go:58] Using Plain outputer
[DEBUG Aug  2 07:49:59.578475531, termutils.go:17] Cannot get terminal size: inappropriate ioctl for device
[DEBUG Aug  2 07:49:59.578573208, client.go:128] Reporting event to 2 reporters: run-command, state-svc start, 
[DEBUG Aug  2 07:49:59.578678721, main.go:107] Running CmdStart
[DEBUG Aug  2 07:49:59.585369510, errs.go:75] Wrapped error: Service is already running -- with: valueF failed
[DEBUG Aug  2 07:49:59.585430438, errs.go:75] Wrapped error: valueF failed -- with: Could not store pid
[DEBUG Aug  2 07:49:59.585499540, errors.go:113] Wrapped input error: Could not store pid -- with: A State Service instance is already running in the background.
[DEBUG Aug  2 07:49:59.585513769, errs.go:75] Wrapped error: A State Service instance is already running in the background. -- with: Could not start serviceManager
[DEBUG Aug  2 07:49:59.585583741, client.go:128] Reporting event to 2 reporters: command-exit, state-svc start, 1
[DEBUG Aug  2 07:49:59.930369349, errs.go:75] Wrapped error: <nil> -- with: Could not start serviceManager: A State Service instance is already running in the background.: Could not store pid: valueF failed: Service is already running
[DEBUG Aug  2 07:49:59.930435822, main.go:61] state-svc errored out due to input: Could not start serviceManager: A State Service instance is already running in the background.: Could not store pid: valueF failed: Service is already running
