[DEBUG Aug  2 07:45:00.515623303, defaults.go:273] Args: [/home1/wangfeim/.local/ActiveState/StateTool/release/bin/state-svc start]
[DEBUG Aug  2 07:45:00.533291868, locale.go:38] Init
[DEBUG Aug  2 07:45:00.602241614, errs.go:68] Created error: File could not be found
[DEBUG Aug  2 07:45:00.605563351, errs.go:68] Created error: Not Recognized
[DEBUG Aug  2 07:45:00.627097430, errs.go:68] Created error: Secret not found
[DEBUG Aug  2 07:45:00.627152430, errs.go:68] Created error: Could not save keypair
[DEBUG Aug  2 07:45:00.627340862, errs.go:68] Created error: Build responded with error
[DEBUG Aug  2 07:45:00.627371451, errs.go:68] Created error: Unknown build type
[DEBUG Aug  2 07:45:00.627510956, errors.go:86] Wrapped localized error: <nil> -- with: The installed version of the State Tool Service does not match that of the client.
Please stop the service with [ACTIONABLE]state-svc stop[/RESET] and try your command again.
If this issue persists please reinstall the State Tool.

[DEBUG Aug  2 07:45:00.627528614, errs.go:68] Created error: no data
[DEBUG Aug  2 07:45:00.627561535, errs.go:68] Created error: member not found
[DEBUG Aug  2 07:45:00.627587671, errs.go:68] Created error: Commit count is unknowable
[DEBUG Aug  2 07:45:00.627627244, errs.go:68] Created error: No merge required
[DEBUG Aug  2 07:45:00.627652389, errs.go:68] Created error: Can't merge commit thats already in target commits history
[DEBUG Aug  2 07:45:00.627677997, errs.go:68] Created error: Bad expander name
[DEBUG Aug  2 07:45:00.627702307, errs.go:68] Created error: Expander has no handler
[DEBUG Aug  2 07:45:00.628906519, errs.go:68] Created error: Service is already running
[DEBUG Aug  2 07:45:00.696165697, secrets.go:35] Gcloud Secretmanager failed to initialize (ignore if you're not trying to use gcloud): google: could not find default credentials. See https://developers.google.com/accounts/docs/application-default-credentials for more information.
[DEBUG Aug  2 07:45:00.701935416, output.go:53] Requested outputer for 
[DEBUG Aug  2 07:45:00.701956998, output.go:58] Using Plain outputer
[DEBUG Aug  2 07:45:00.702033422, termutils.go:17] Cannot get terminal size: inappropriate ioctl for device
[DEBUG Aug  2 07:45:00.702073405, client.go:128] Reporting event to 2 reporters: run-command, state-svc start, 
[DEBUG Aug  2 07:45:00.702181786, main.go:107] Running CmdStart
[DEBUG Aug  2 07:45:00.707966315, errs.go:75] Wrapped error: Service is already running -- with: valueF failed
[DEBUG Aug  2 07:45:00.708062779, errs.go:75] Wrapped error: valueF failed -- with: Could not store pid
[DEBUG Aug  2 07:45:00.708158593, errors.go:113] Wrapped input error: Could not store pid -- with: A State Service instance is already running in the background.
[DEBUG Aug  2 07:45:00.708177850, errs.go:75] Wrapped error: A State Service instance is already running in the background. -- with: Could not start serviceManager
[DEBUG Aug  2 07:45:00.708286454, client.go:128] Reporting event to 2 reporters: command-exit, state-svc start, 1
[DEBUG Aug  2 07:45:01.085476945, errs.go:75] Wrapped error: <nil> -- with: Could not start serviceManager: A State Service instance is already running in the background.: Could not store pid: valueF failed: Service is already running
[DEBUG Aug  2 07:45:01.085567229, main.go:61] state-svc errored out due to input: Could not start serviceManager: A State Service instance is already running in the background.: Could not store pid: valueF failed: Service is already running
