[DEBUG Aug  2 07:40:40.358814083, defaults.go:273] Args: [/home1/wangfeim/.local/ActiveState/StateTool/release/bin/state-svc start]
[DEBUG Aug  2 07:40:40.372660351, locale.go:38] Init
[DEBUG Aug  2 07:40:40.588017207, errs.go:68] Created error: File could not be found
[DEBUG Aug  2 07:40:40.591306316, errs.go:68] Created error: Not Recognized
[DEBUG Aug  2 07:40:40.612456159, errs.go:68] Created error: Secret not found
[DEBUG Aug  2 07:40:40.612512796, errs.go:68] Created error: Could not save keypair
[DEBUG Aug  2 07:40:40.613286173, errs.go:68] Created error: Build responded with error
[DEBUG Aug  2 07:40:40.613372327, errs.go:68] Created error: Unknown build type
[DEBUG Aug  2 07:40:40.613666684, errors.go:86] Wrapped localized error: <nil> -- with: The installed version of the State Tool Service does not match that of the client.
Please stop the service with [ACTIONABLE]state-svc stop[/RESET] and try your command again.
If this issue persists please reinstall the State Tool.

[DEBUG Aug  2 07:40:40.613694687, errs.go:68] Created error: no data
[DEBUG Aug  2 07:40:40.613766184, errs.go:68] Created error: member not found
[DEBUG Aug  2 07:40:40.613834067, errs.go:68] Created error: Commit count is unknowable
[DEBUG Aug  2 07:40:40.613894324, errs.go:68] Created error: No merge required
[DEBUG Aug  2 07:40:40.613944836, errs.go:68] Created error: Can't merge commit thats already in target commits history
[DEBUG Aug  2 07:40:40.614007813, errs.go:68] Created error: Bad expander name
[DEBUG Aug  2 07:40:40.614125890, errs.go:68] Created error: Expander has no handler
[DEBUG Aug  2 07:40:40.615778909, errs.go:68] Created error: Service is already running
[DEBUG Aug  2 07:40:40.695896333, secrets.go:35] Gcloud Secretmanager failed to initialize (ignore if you're not trying to use gcloud): google: could not find default credentials. See https://developers.google.com/accounts/docs/application-default-credentials for more information.
[DEBUG Aug  2 07:40:40.700374585, output.go:53] Requested outputer for 
[DEBUG Aug  2 07:40:40.700407418, output.go:58] Using Plain outputer
[DEBUG Aug  2 07:40:40.700493813, termutils.go:17] Cannot get terminal size: inappropriate ioctl for device
[DEBUG Aug  2 07:40:40.700607358, client.go:128] Reporting event to 2 reporters: run-command, state-svc start, 
[DEBUG Aug  2 07:40:40.700660696, main.go:107] Running CmdStart
[DEBUG Aug  2 07:40:40.706821179, errs.go:75] Wrapped error: Service is already running -- with: valueF failed
[DEBUG Aug  2 07:40:40.706906956, errs.go:75] Wrapped error: valueF failed -- with: Could not store pid
[DEBUG Aug  2 07:40:40.707010080, errors.go:113] Wrapped input error: Could not store pid -- with: A State Service instance is already running in the background.
[DEBUG Aug  2 07:40:40.707025834, errs.go:75] Wrapped error: A State Service instance is already running in the background. -- with: Could not start serviceManager
[DEBUG Aug  2 07:40:40.707144331, client.go:128] Reporting event to 2 reporters: command-exit, state-svc start, 1
[DEBUG Aug  2 07:40:41.090492335, errs.go:75] Wrapped error: <nil> -- with: Could not start serviceManager: A State Service instance is already running in the background.: Could not store pid: valueF failed: Service is already running
[DEBUG Aug  2 07:40:41.090583108, main.go:61] state-svc errored out due to input: Could not start serviceManager: A State Service instance is already running in the background.: Could not store pid: valueF failed: Service is already running
