[DEBUG Aug  2 08:02:13.326710656, defaults.go:273] Args: [/home1/wangfeim/.local/ActiveState/StateTool/release/bin/state-svc start]
[DEBUG Aug  2 08:02:13.340934237, locale.go:38] Init
[DEBUG Aug  2 08:02:13.402857492, errs.go:68] Created error: File could not be found
[DEBUG Aug  2 08:02:13.405876497, errs.go:68] Created error: Not Recognized
[DEBUG Aug  2 08:02:13.426889057, errs.go:68] Created error: Secret not found
[DEBUG Aug  2 08:02:13.426938754, errs.go:68] Created error: Could not save keypair
[DEBUG Aug  2 08:02:13.427094865, errs.go:68] Created error: Build responded with error
[DEBUG Aug  2 08:02:13.427131340, errs.go:68] Created error: Unknown build type
[DEBUG Aug  2 08:02:13.427242859, errors.go:86] Wrapped localized error: <nil> -- with: The installed version of the State Tool Service does not match that of the client.
Please stop the service with [ACTIONABLE]state-svc stop[/RESET] and try your command again.
If this issue persists please reinstall the State Tool.

[DEBUG Aug  2 08:02:13.427256863, errs.go:68] Created error: no data
[DEBUG Aug  2 08:02:13.427279065, errs.go:68] Created error: member not found
[DEBUG Aug  2 08:02:13.427301632, errs.go:68] Created error: Commit count is unknowable
[DEBUG Aug  2 08:02:13.427328112, errs.go:68] Created error: No merge required
[DEBUG Aug  2 08:02:13.427348774, errs.go:68] Created error: Can't merge commit thats already in target commits history
[DEBUG Aug  2 08:02:13.427370279, errs.go:68] Created error: Bad expander name
[DEBUG Aug  2 08:02:13.427390726, errs.go:68] Created error: Expander has no handler
[DEBUG Aug  2 08:02:13.428415624, errs.go:68] Created error: Service is already running
[DEBUG Aug  2 08:02:13.490822404, secrets.go:35] Gcloud Secretmanager failed to initialize (ignore if you're not trying to use gcloud): google: could not find default credentials. See https://developers.google.com/accounts/docs/application-default-credentials for more information.
[DEBUG Aug  2 08:02:13.494136734, output.go:53] Requested outputer for 
[DEBUG Aug  2 08:02:13.494162071, output.go:58] Using Plain outputer
[DEBUG Aug  2 08:02:13.494244755, termutils.go:17] Cannot get terminal size: inappropriate ioctl for device
[DEBUG Aug  2 08:02:13.494330388, client.go:128] Reporting event to 2 reporters: run-command, state-svc start, 
[DEBUG Aug  2 08:02:13.494383734, main.go:107] Running CmdStart
[DEBUG Aug  2 08:02:13.500480588, errs.go:75] Wrapped error: Service is already running -- with: valueF failed
[DEBUG Aug  2 08:02:13.500548802, errs.go:75] Wrapped error: valueF failed -- with: Could not store pid
[DEBUG Aug  2 08:02:13.500622591, errors.go:113] Wrapped input error: Could not store pid -- with: A State Service instance is already running in the background.
[DEBUG Aug  2 08:02:13.500636718, errs.go:75] Wrapped error: A State Service instance is already running in the background. -- with: Could not start serviceManager
[DEBUG Aug  2 08:02:13.500718579, client.go:128] Reporting event to 2 reporters: command-exit, state-svc start, 1
[DEBUG Aug  2 08:02:13.885310599, errs.go:75] Wrapped error: <nil> -- with: Could not start serviceManager: A State Service instance is already running in the background.: Could not store pid: valueF failed: Service is already running
[DEBUG Aug  2 08:02:13.885383500, main.go:61] state-svc errored out due to input: Could not start serviceManager: A State Service instance is already running in the background.: Could not store pid: valueF failed: Service is already running
