[DEBUG Aug  2 07:55:38.406771110, defaults.go:273] Args: [/home1/wangfeim/.local/ActiveState/StateTool/release/bin/state-svc start]
[DEBUG Aug  2 07:55:38.421259563, locale.go:38] Init
[DEBUG Aug  2 07:55:38.496401474, errs.go:68] Created error: File could not be found
[DEBUG Aug  2 07:55:38.499422189, errs.go:68] Created error: Not Recognized
[DEBUG Aug  2 07:55:38.521244974, errs.go:68] Created error: Secret not found
[DEBUG Aug  2 07:55:38.521298346, errs.go:68] Created error: Could not save keypair
[DEBUG Aug  2 07:55:38.521478233, errs.go:68] Created error: Build responded with error
[DEBUG Aug  2 07:55:38.521512683, errs.go:68] Created error: Unknown build type
[DEBUG Aug  2 07:55:38.521647138, errors.go:86] Wrapped localized error: <nil> -- with: The installed version of the State Tool Service does not match that of the client.
Please stop the service with [ACTIONABLE]state-svc stop[/RESET] and try your command again.
If this issue persists please reinstall the State Tool.

[DEBUG Aug  2 07:55:38.521662011, errs.go:68] Created error: no data
[DEBUG Aug  2 07:55:38.521687596, errs.go:68] Created error: member not found
[DEBUG Aug  2 07:55:38.521711883, errs.go:68] Created error: Commit count is unknowable
[DEBUG Aug  2 07:55:38.521735232, errs.go:68] Created error: No merge required
[DEBUG Aug  2 07:55:38.521759308, errs.go:68] Created error: Can't merge commit thats already in target commits history
[DEBUG Aug  2 07:55:38.521787801, errs.go:68] Created error: Bad expander name
[DEBUG Aug  2 07:55:38.521811591, errs.go:68] Created error: Expander has no handler
[DEBUG Aug  2 07:55:38.524048942, errs.go:68] Created error: Service is already running
[DEBUG Aug  2 07:55:38.587522811, secrets.go:35] Gcloud Secretmanager failed to initialize (ignore if you're not trying to use gcloud): google: could not find default credentials. See https://developers.google.com/accounts/docs/application-default-credentials for more information.
[DEBUG Aug  2 07:55:38.591940583, output.go:53] Requested outputer for 
[DEBUG Aug  2 07:55:38.591963047, output.go:58] Using Plain outputer
[DEBUG Aug  2 07:55:38.592036272, termutils.go:17] Cannot get terminal size: inappropriate ioctl for device
[DEBUG Aug  2 07:55:38.592122154, client.go:128] Reporting event to 2 reporters: run-command, state-svc start, 
[DEBUG Aug  2 07:55:38.592802138, main.go:107] Running CmdStart
[DEBUG Aug  2 07:55:38.599887554, errs.go:75] Wrapped error: Service is already running -- with: valueF failed
[DEBUG Aug  2 07:55:38.599946629, errs.go:75] Wrapped error: valueF failed -- with: Could not store pid
[DEBUG Aug  2 07:55:38.600014974, errors.go:113] Wrapped input error: Could not store pid -- with: A State Service instance is already running in the background.
[DEBUG Aug  2 07:55:38.600028817, errs.go:75] Wrapped error: A State Service instance is already running in the background. -- with: Could not start serviceManager
[DEBUG Aug  2 07:55:38.600097260, client.go:128] Reporting event to 2 reporters: command-exit, state-svc start, 1
[DEBUG Aug  2 07:55:38.957205737, errs.go:75] Wrapped error: <nil> -- with: Could not start serviceManager: A State Service instance is already running in the background.: Could not store pid: valueF failed: Service is already running
[DEBUG Aug  2 07:55:38.957273754, main.go:61] state-svc errored out due to input: Could not start serviceManager: A State Service instance is already running in the background.: Could not store pid: valueF failed: Service is already running
