[DEBUG Aug  2 07:59:38.875915739, defaults.go:273] Args: [/home1/wangfeim/.local/ActiveState/StateTool/release/bin/state-svc start]
[DEBUG Aug  2 07:59:38.890606798, locale.go:38] Init
[DEBUG Aug  2 07:59:39.039123991, errs.go:68] Created error: File could not be found
[DEBUG Aug  2 07:59:39.042550726, errs.go:68] Created error: Not Recognized
[DEBUG Aug  2 07:59:39.093789823, errs.go:68] Created error: Secret not found
[DEBUG Aug  2 07:59:39.093845571, errs.go:68] Created error: Could not save keypair
[DEBUG Aug  2 07:59:39.094011615, errs.go:68] Created error: Build responded with error
[DEBUG Aug  2 07:59:39.094040935, errs.go:68] Created error: Unknown build type
[DEBUG Aug  2 07:59:39.094140446, errors.go:86] Wrapped localized error: <nil> -- with: The installed version of the State Tool Service does not match that of the client.
Please stop the service with [ACTIONABLE]state-svc stop[/RESET] and try your command again.
If this issue persists please reinstall the State Tool.

[DEBUG Aug  2 07:59:39.094153066, errs.go:68] Created error: no data
[DEBUG Aug  2 07:59:39.094175208, errs.go:68] Created error: member not found
[DEBUG Aug  2 07:59:39.094196850, errs.go:68] Created error: Commit count is unknowable
[DEBUG Aug  2 07:59:39.094217986, errs.go:68] Created error: No merge required
[DEBUG Aug  2 07:59:39.094244509, errs.go:68] Created error: Can't merge commit thats already in target commits history
[DEBUG Aug  2 07:59:39.094268189, errs.go:68] Created error: Bad expander name
[DEBUG Aug  2 07:59:39.094292552, errs.go:68] Created error: Expander has no handler
[DEBUG Aug  2 07:59:39.095291213, errs.go:68] Created error: Service is already running
[DEBUG Aug  2 07:59:39.121522514, secrets.go:35] Gcloud Secretmanager failed to initialize (ignore if you're not trying to use gcloud): google: could not find default credentials. See https://developers.google.com/accounts/docs/application-default-credentials for more information.
[DEBUG Aug  2 07:59:39.124584921, output.go:53] Requested outputer for 
[DEBUG Aug  2 07:59:39.124610609, output.go:58] Using Plain outputer
[DEBUG Aug  2 07:59:39.124696740, termutils.go:17] Cannot get terminal size: inappropriate ioctl for device
[DEBUG Aug  2 07:59:39.124793087, client.go:128] Reporting event to 2 reporters: run-command, state-svc start, 
[DEBUG Aug  2 07:59:39.124852669, main.go:107] Running CmdStart
[DEBUG Aug  2 07:59:39.132388053, errs.go:75] Wrapped error: Service is already running -- with: valueF failed
[DEBUG Aug  2 07:59:39.132460864, errs.go:75] Wrapped error: valueF failed -- with: Could not store pid
[DEBUG Aug  2 07:59:39.137374940, errors.go:113] Wrapped input error: Could not store pid -- with: A State Service instance is already running in the background.
[DEBUG Aug  2 07:59:39.137425708, errs.go:75] Wrapped error: A State Service instance is already running in the background. -- with: Could not start serviceManager
[DEBUG Aug  2 07:59:39.184993358, client.go:128] Reporting event to 2 reporters: command-exit, state-svc start, 1
[DEBUG Aug  2 07:59:39.501604330, errs.go:75] Wrapped error: <nil> -- with: Could not start serviceManager: A State Service instance is already running in the background.: Could not store pid: valueF failed: Service is already running
[DEBUG Aug  2 07:59:39.501668140, main.go:61] state-svc errored out due to input: Could not start serviceManager: A State Service instance is already running in the background.: Could not store pid: valueF failed: Service is already running
