[DEBUG Aug  2 08:08:05.867251727, defaults.go:273] Args: [/home1/wangfeim/.local/ActiveState/StateTool/release/bin/state-svc start]
[DEBUG Aug  2 08:08:05.881003612, locale.go:38] Init
[DEBUG Aug  2 08:08:05.943997168, errs.go:68] Created error: File could not be found
[DEBUG Aug  2 08:08:05.947348886, errs.go:68] Created error: Not Recognized
[DEBUG Aug  2 08:08:05.968785786, errs.go:68] Created error: Secret not found
[DEBUG Aug  2 08:08:05.968836541, errs.go:68] Created error: Could not save keypair
[DEBUG Aug  2 08:08:05.969018798, errs.go:68] Created error: Build responded with error
[DEBUG Aug  2 08:08:05.969046736, errs.go:68] Created error: Unknown build type
[DEBUG Aug  2 08:08:05.969168684, errors.go:86] Wrapped localized error: <nil> -- with: The installed version of the State Tool Service does not match that of the client.
Please stop the service with [ACTIONABLE]state-svc stop[/RESET] and try your command again.
If this issue persists please reinstall the State Tool.

[DEBUG Aug  2 08:08:05.969184257, errs.go:68] Created error: no data
[DEBUG Aug  2 08:08:05.969208725, errs.go:68] Created error: member not found
[DEBUG Aug  2 08:08:05.969232510, errs.go:68] Created error: Commit count is unknowable
[DEBUG Aug  2 08:08:05.969259959, errs.go:68] Created error: No merge required
[DEBUG Aug  2 08:08:05.969290236, errs.go:68] Created error: Can't merge commit thats already in target commits history
[DEBUG Aug  2 08:08:05.969314547, errs.go:68] Created error: Bad expander name
[DEBUG Aug  2 08:08:05.969341015, errs.go:68] Created error: Expander has no handler
[DEBUG Aug  2 08:08:05.970461983, errs.go:68] Created error: Service is already running
[DEBUG Aug  2 08:08:06.001562880, secrets.go:35] Gcloud Secretmanager failed to initialize (ignore if you're not trying to use gcloud): google: could not find default credentials. See https://developers.google.com/accounts/docs/application-default-credentials for more information.
[DEBUG Aug  2 08:08:06.006347697, output.go:53] Requested outputer for 
[DEBUG Aug  2 08:08:06.006371101, output.go:58] Using Plain outputer
[DEBUG Aug  2 08:08:06.006462392, termutils.go:17] Cannot get terminal size: inappropriate ioctl for device
[DEBUG Aug  2 08:08:06.006550379, client.go:128] Reporting event to 2 reporters: run-command, state-svc start, 
[DEBUG Aug  2 08:08:06.006624201, main.go:107] Running CmdStart
[DEBUG Aug  2 08:08:06.012831765, errs.go:75] Wrapped error: Service is already running -- with: valueF failed
[DEBUG Aug  2 08:08:06.012887724, errs.go:75] Wrapped error: valueF failed -- with: Could not store pid
[DEBUG Aug  2 08:08:06.012958462, errors.go:113] Wrapped input error: Could not store pid -- with: A State Service instance is already running in the background.
[DEBUG Aug  2 08:08:06.012972868, errs.go:75] Wrapped error: A State Service instance is already running in the background. -- with: Could not start serviceManager
[DEBUG Aug  2 08:08:06.013039456, client.go:128] Reporting event to 2 reporters: command-exit, state-svc start, 1
[DEBUG Aug  2 08:08:06.348818142, errs.go:75] Wrapped error: <nil> -- with: Could not start serviceManager: A State Service instance is already running in the background.: Could not store pid: valueF failed: Service is already running
[DEBUG Aug  2 08:08:06.348887038, main.go:61] state-svc errored out due to input: Could not start serviceManager: A State Service instance is already running in the background.: Could not store pid: valueF failed: Service is already running
