[DEBUG Aug  2 07:45:54.833921303, defaults.go:273] Args: [/home1/wangfeim/.local/ActiveState/StateTool/release/bin/state-svc start]
[DEBUG Aug  2 07:45:54.848365340, locale.go:38] Init
[DEBUG Aug  2 07:45:54.927895948, errs.go:68] Created error: File could not be found
[DEBUG Aug  2 07:45:54.931971202, errs.go:68] Created error: Not Recognized
[DEBUG Aug  2 07:45:54.986267824, errs.go:68] Created error: Secret not found
[DEBUG Aug  2 07:45:54.986371905, errs.go:68] Created error: Could not save keypair
[DEBUG Aug  2 07:45:54.986928123, errs.go:68] Created error: Build responded with error
[DEBUG Aug  2 07:45:54.986989569, errs.go:68] Created error: Unknown build type
[DEBUG Aug  2 07:45:54.987119695, errors.go:86] Wrapped localized error: <nil> -- with: The installed version of the State Tool Service does not match that of the client.
Please stop the service with [ACTIONABLE]state-svc stop[/RESET] and try your command again.
If this issue persists please reinstall the State Tool.

[DEBUG Aug  2 07:45:54.987136596, errs.go:68] Created error: no data
[DEBUG Aug  2 07:45:54.987167001, errs.go:68] Created error: member not found
[DEBUG Aug  2 07:45:54.987193758, errs.go:68] Created error: Commit count is unknowable
[DEBUG Aug  2 07:45:54.987218988, errs.go:68] Created error: No merge required
[DEBUG Aug  2 07:45:54.987245227, errs.go:68] Created error: Can't merge commit thats already in target commits history
[DEBUG Aug  2 07:45:54.987280883, errs.go:68] Created error: Bad expander name
[DEBUG Aug  2 07:45:54.987306443, errs.go:68] Created error: Expander has no handler
[DEBUG Aug  2 07:45:54.988341712, errs.go:68] Created error: Service is already running
[DEBUG Aug  2 07:45:55.016959515, secrets.go:35] Gcloud Secretmanager failed to initialize (ignore if you're not trying to use gcloud): google: could not find default credentials. See https://developers.google.com/accounts/docs/application-default-credentials for more information.
[DEBUG Aug  2 07:45:55.020440770, output.go:53] Requested outputer for 
[DEBUG Aug  2 07:45:55.020462995, output.go:58] Using Plain outputer
[DEBUG Aug  2 07:45:55.020533853, termutils.go:17] Cannot get terminal size: inappropriate ioctl for device
[DEBUG Aug  2 07:45:55.020600366, client.go:128] Reporting event to 2 reporters: run-command, state-svc start, 
[DEBUG Aug  2 07:45:55.020679540, main.go:107] Running CmdStart
[DEBUG Aug  2 07:45:55.026751865, errs.go:75] Wrapped error: Service is already running -- with: valueF failed
[DEBUG Aug  2 07:45:55.026815090, errs.go:75] Wrapped error: valueF failed -- with: Could not store pid
[DEBUG Aug  2 07:45:55.026892812, errors.go:113] Wrapped input error: Could not store pid -- with: A State Service instance is already running in the background.
[DEBUG Aug  2 07:45:55.026907880, errs.go:75] Wrapped error: A State Service instance is already running in the background. -- with: Could not start serviceManager
[DEBUG Aug  2 07:45:55.026983637, client.go:128] Reporting event to 2 reporters: command-exit, state-svc start, 1
[DEBUG Aug  2 07:45:55.434153235, errs.go:75] Wrapped error: <nil> -- with: Could not start serviceManager: A State Service instance is already running in the background.: Could not store pid: valueF failed: Service is already running
[DEBUG Aug  2 07:45:55.434213024, main.go:61] state-svc errored out due to input: Could not start serviceManager: A State Service instance is already running in the background.: Could not store pid: valueF failed: Service is already running
