[DEBUG Aug  2 07:39:01.736506348, defaults.go:273] Args: [/home1/wangfeim/.local/ActiveState/StateTool/release/bin/state-svc start]
[DEBUG Aug  2 07:39:01.790886343, locale.go:38] Init
[DEBUG Aug  2 07:39:01.829583300, errs.go:68] Created error: File could not be found
[DEBUG Aug  2 07:39:01.832570327, errs.go:68] Created error: Not Recognized
[DEBUG Aug  2 07:39:01.894766956, errs.go:68] Created error: Secret not found
[DEBUG Aug  2 07:39:01.894829190, errs.go:68] Created error: Could not save keypair
[DEBUG Aug  2 07:39:01.895005532, errs.go:68] Created error: Build responded with error
[DEBUG Aug  2 07:39:01.895045757, errs.go:68] Created error: Unknown build type
[DEBUG Aug  2 07:39:01.895162565, errors.go:86] Wrapped localized error: <nil> -- with: The installed version of the State Tool Service does not match that of the client.
Please stop the service with [ACTIONABLE]state-svc stop[/RESET] and try your command again.
If this issue persists please reinstall the State Tool.

[DEBUG Aug  2 07:39:01.895178309, errs.go:68] Created error: no data
[DEBUG Aug  2 07:39:01.895200903, errs.go:68] Created error: member not found
[DEBUG Aug  2 07:39:01.895227014, errs.go:68] Created error: Commit count is unknowable
[DEBUG Aug  2 07:39:01.895248374, errs.go:68] Created error: No merge required
[DEBUG Aug  2 07:39:01.895275739, errs.go:68] Created error: Can't merge commit thats already in target commits history
[DEBUG Aug  2 07:39:01.895298103, errs.go:68] Created error: Bad expander name
[DEBUG Aug  2 07:39:01.895325538, errs.go:68] Created error: Expander has no handler
[DEBUG Aug  2 07:39:01.896397272, errs.go:68] Created error: Service is already running
[DEBUG Aug  2 07:39:01.923141784, secrets.go:35] Gcloud Secretmanager failed to initialize (ignore if you're not trying to use gcloud): google: could not find default credentials. See https://developers.google.com/accounts/docs/application-default-credentials for more information.
[DEBUG Aug  2 07:39:01.926334741, output.go:53] Requested outputer for 
[DEBUG Aug  2 07:39:01.926358233, output.go:58] Using Plain outputer
[DEBUG Aug  2 07:39:01.926420725, termutils.go:17] Cannot get terminal size: inappropriate ioctl for device
[DEBUG Aug  2 07:39:01.926513594, client.go:128] Reporting event to 2 reporters: run-command, state-svc start, 
[DEBUG Aug  2 07:39:01.926602542, main.go:107] Running CmdStart
[DEBUG Aug  2 07:39:01.932346233, errs.go:75] Wrapped error: Service is already running -- with: valueF failed
[DEBUG Aug  2 07:39:01.932402343, errs.go:75] Wrapped error: valueF failed -- with: Could not store pid
[DEBUG Aug  2 07:39:01.932476260, errors.go:113] Wrapped input error: Could not store pid -- with: A State Service instance is already running in the background.
[DEBUG Aug  2 07:39:01.932494736, errs.go:75] Wrapped error: A State Service instance is already running in the background. -- with: Could not start serviceManager
[DEBUG Aug  2 07:39:01.932578035, client.go:128] Reporting event to 2 reporters: command-exit, state-svc start, 1
[DEBUG Aug  2 07:39:02.290164340, errs.go:75] Wrapped error: <nil> -- with: Could not start serviceManager: A State Service instance is already running in the background.: Could not store pid: valueF failed: Service is already running
[DEBUG Aug  2 07:39:02.290230668, main.go:61] state-svc errored out due to input: Could not start serviceManager: A State Service instance is already running in the background.: Could not store pid: valueF failed: Service is already running
