[DEBUG Aug  2 08:12:25.855489696, defaults.go:273] Args: [/home1/wangfeim/.local/ActiveState/StateTool/release/bin/state-svc start]
[DEBUG Aug  2 08:12:25.893134688, locale.go:38] Init
[DEBUG Aug  2 08:12:25.938142227, errs.go:68] Created error: File could not be found
[DEBUG Aug  2 08:12:25.941307787, errs.go:68] Created error: Not Recognized
[DEBUG Aug  2 08:12:26.004001372, errs.go:68] Created error: Secret not found
[DEBUG Aug  2 08:12:26.004048273, errs.go:68] Created error: Could not save keypair
[DEBUG Aug  2 08:12:26.004222455, errs.go:68] Created error: Build responded with error
[DEBUG Aug  2 08:12:26.004254015, errs.go:68] Created error: Unknown build type
[DEBUG Aug  2 08:12:26.004753490, errors.go:86] Wrapped localized error: <nil> -- with: The installed version of the State Tool Service does not match that of the client.
Please stop the service with [ACTIONABLE]state-svc stop[/RESET] and try your command again.
If this issue persists please reinstall the State Tool.

[DEBUG Aug  2 08:12:26.004832544, errs.go:68] Created error: no data
[DEBUG Aug  2 08:12:26.004997319, errs.go:68] Created error: member not found
[DEBUG Aug  2 08:12:26.005168822, errs.go:68] Created error: Commit count is unknowable
[DEBUG Aug  2 08:12:26.005213909, errs.go:68] Created error: No merge required
[DEBUG Aug  2 08:12:26.005260115, errs.go:68] Created error: Can't merge commit thats already in target commits history
[DEBUG Aug  2 08:12:26.005303688, errs.go:68] Created error: Bad expander name
[DEBUG Aug  2 08:12:26.005353900, errs.go:68] Created error: Expander has no handler
[DEBUG Aug  2 08:12:26.006985563, errs.go:68] Created error: Service is already running
[DEBUG Aug  2 08:12:26.085097649, secrets.go:35] Gcloud Secretmanager failed to initialize (ignore if you're not trying to use gcloud): google: could not find default credentials. See https://developers.google.com/accounts/docs/application-default-credentials for more information.
[DEBUG Aug  2 08:12:26.088570996, output.go:53] Requested outputer for 
[DEBUG Aug  2 08:12:26.088596119, output.go:58] Using Plain outputer
[DEBUG Aug  2 08:12:26.088671960, termutils.go:17] Cannot get terminal size: inappropriate ioctl for device
[DEBUG Aug  2 08:12:26.088800342, client.go:128] Reporting event to 2 reporters: run-command, state-svc start, 
[DEBUG Aug  2 08:12:26.088811108, main.go:107] Running CmdStart
[DEBUG Aug  2 08:12:26.094897675, errs.go:75] Wrapped error: Service is already running -- with: valueF failed
[DEBUG Aug  2 08:12:26.094952942, errs.go:75] Wrapped error: valueF failed -- with: Could not store pid
[DEBUG Aug  2 08:12:26.095028319, errors.go:113] Wrapped input error: Could not store pid -- with: A State Service instance is already running in the background.
[DEBUG Aug  2 08:12:26.095042556, errs.go:75] Wrapped error: A State Service instance is already running in the background. -- with: Could not start serviceManager
[DEBUG Aug  2 08:12:26.095109252, client.go:128] Reporting event to 2 reporters: command-exit, state-svc start, 1
[DEBUG Aug  2 08:12:26.432957641, errs.go:75] Wrapped error: <nil> -- with: Could not start serviceManager: A State Service instance is already running in the background.: Could not store pid: valueF failed: Service is already running
[DEBUG Aug  2 08:12:26.433015661, main.go:61] state-svc errored out due to input: Could not start serviceManager: A State Service instance is already running in the background.: Could not store pid: valueF failed: Service is already running
