[DEBUG Aug  2 07:54:45.936702807, defaults.go:273] Args: [/home1/wangfeim/.local/ActiveState/StateTool/release/bin/state-svc start]
[DEBUG Aug  2 07:54:45.950841835, locale.go:38] Init
[DEBUG Aug  2 07:54:46.004886649, errs.go:68] Created error: File could not be found
[DEBUG Aug  2 07:54:46.007787636, errs.go:68] Created error: Not Recognized
[DEBUG Aug  2 07:54:46.028140346, errs.go:68] Created error: Secret not found
[DEBUG Aug  2 07:54:46.028271918, errs.go:68] Created error: Could not save keypair
[DEBUG Aug  2 07:54:46.028855259, errs.go:68] Created error: Build responded with error
[DEBUG Aug  2 07:54:46.028920587, errs.go:68] Created error: Unknown build type
[DEBUG Aug  2 07:54:46.029069590, errors.go:86] Wrapped localized error: <nil> -- with: The installed version of the State Tool Service does not match that of the client.
Please stop the service with [ACTIONABLE]state-svc stop[/RESET] and try your command again.
If this issue persists please reinstall the State Tool.

[DEBUG Aug  2 07:54:46.029109428, errs.go:68] Created error: no data
[DEBUG Aug  2 07:54:46.029147085, errs.go:68] Created error: member not found
[DEBUG Aug  2 07:54:46.029180754, errs.go:68] Created error: Commit count is unknowable
[DEBUG Aug  2 07:54:46.029214692, errs.go:68] Created error: No merge required
[DEBUG Aug  2 07:54:46.029248112, errs.go:68] Created error: Can't merge commit thats already in target commits history
[DEBUG Aug  2 07:54:46.029281589, errs.go:68] Created error: Bad expander name
[DEBUG Aug  2 07:54:46.029317843, errs.go:68] Created error: Expander has no handler
[DEBUG Aug  2 07:54:46.031447452, errs.go:68] Created error: Service is already running
[DEBUG Aug  2 07:54:46.112809623, secrets.go:35] Gcloud Secretmanager failed to initialize (ignore if you're not trying to use gcloud): google: could not find default credentials. See https://developers.google.com/accounts/docs/application-default-credentials for more information.
[DEBUG Aug  2 07:54:46.116335998, output.go:53] Requested outputer for 
[DEBUG Aug  2 07:54:46.116359424, output.go:58] Using Plain outputer
[DEBUG Aug  2 07:54:46.117432310, termutils.go:17] Cannot get terminal size: inappropriate ioctl for device
[DEBUG Aug  2 07:54:46.117780695, client.go:128] Reporting event to 2 reporters: run-command, state-svc start, 
[DEBUG Aug  2 07:54:46.118113536, main.go:107] Running CmdStart
[DEBUG Aug  2 07:54:46.126993934, errs.go:75] Wrapped error: Service is already running -- with: valueF failed
[DEBUG Aug  2 07:54:46.127112061, errs.go:75] Wrapped error: valueF failed -- with: Could not store pid
[DEBUG Aug  2 07:54:46.127254351, errors.go:113] Wrapped input error: Could not store pid -- with: A State Service instance is already running in the background.
[DEBUG Aug  2 07:54:46.127281311, errs.go:75] Wrapped error: A State Service instance is already running in the background. -- with: Could not start serviceManager
[DEBUG Aug  2 07:54:46.127412147, client.go:128] Reporting event to 2 reporters: command-exit, state-svc start, 1
[DEBUG Aug  2 07:54:46.492875643, errs.go:75] Wrapped error: <nil> -- with: Could not start serviceManager: A State Service instance is already running in the background.: Could not store pid: valueF failed: Service is already running
[DEBUG Aug  2 07:54:46.492954828, main.go:61] state-svc errored out due to input: Could not start serviceManager: A State Service instance is already running in the background.: Could not store pid: valueF failed: Service is already running
