[DEBUG Aug  2 08:06:17.167186356, defaults.go:273] Args: [/home1/wangfeim/.local/ActiveState/StateTool/release/bin/state-svc start]
[DEBUG Aug  2 08:06:17.180601691, locale.go:38] Init
[DEBUG Aug  2 08:06:17.607497723, errs.go:68] Created error: File could not be found
[DEBUG Aug  2 08:06:17.610656646, errs.go:68] Created error: Not Recognized
[DEBUG Aug  2 08:06:17.630235348, errs.go:68] Created error: Secret not found
[DEBUG Aug  2 08:06:17.630309871, errs.go:68] Created error: Could not save keypair
[DEBUG Aug  2 08:06:17.630655054, errs.go:68] Created error: Build responded with error
[DEBUG Aug  2 08:06:17.630713427, errs.go:68] Created error: Unknown build type
[DEBUG Aug  2 08:06:17.631039285, errors.go:86] Wrapped localized error: <nil> -- with: The installed version of the State Tool Service does not match that of the client.
Please stop the service with [ACTIONABLE]state-svc stop[/RESET] and try your command again.
If this issue persists please reinstall the State Tool.

[DEBUG Aug  2 08:06:17.631079706, errs.go:68] Created error: no data
[DEBUG Aug  2 08:06:17.631132391, errs.go:68] Created error: member not found
[DEBUG Aug  2 08:06:17.631171080, errs.go:68] Created error: Commit count is unknowable
[DEBUG Aug  2 08:06:17.631214976, errs.go:68] Created error: No merge required
[DEBUG Aug  2 08:06:17.631252926, errs.go:68] Created error: Can't merge commit thats already in target commits history
[DEBUG Aug  2 08:06:17.631289769, errs.go:68] Created error: Bad expander name
[DEBUG Aug  2 08:06:17.631329624, errs.go:68] Created error: Expander has no handler
[DEBUG Aug  2 08:06:17.632766232, errs.go:68] Created error: Service is already running
[DEBUG Aug  2 08:06:17.687406978, secrets.go:35] Gcloud Secretmanager failed to initialize (ignore if you're not trying to use gcloud): google: could not find default credentials. See https://developers.google.com/accounts/docs/application-default-credentials for more information.
[DEBUG Aug  2 08:06:17.690526749, output.go:53] Requested outputer for 
[DEBUG Aug  2 08:06:17.690561848, output.go:58] Using Plain outputer
[DEBUG Aug  2 08:06:17.690629778, termutils.go:17] Cannot get terminal size: inappropriate ioctl for device
[DEBUG Aug  2 08:06:17.690718284, client.go:128] Reporting event to 2 reporters: run-command, state-svc start, 
[DEBUG Aug  2 08:06:17.690815065, main.go:107] Running CmdStart
[DEBUG Aug  2 08:06:17.696218305, errs.go:75] Wrapped error: Service is already running -- with: valueF failed
[DEBUG Aug  2 08:06:17.696301156, errs.go:75] Wrapped error: valueF failed -- with: Could not store pid
[DEBUG Aug  2 08:06:17.696379774, errors.go:113] Wrapped input error: Could not store pid -- with: A State Service instance is already running in the background.
[DEBUG Aug  2 08:06:17.696394583, errs.go:75] Wrapped error: A State Service instance is already running in the background. -- with: Could not start serviceManager
[DEBUG Aug  2 08:06:17.696476197, client.go:128] Reporting event to 2 reporters: command-exit, state-svc start, 1
[DEBUG Aug  2 08:06:18.085066077, errs.go:75] Wrapped error: <nil> -- with: Could not start serviceManager: A State Service instance is already running in the background.: Could not store pid: valueF failed: Service is already running
[DEBUG Aug  2 08:06:18.085143888, main.go:61] state-svc errored out due to input: Could not start serviceManager: A State Service instance is already running in the background.: Could not store pid: valueF failed: Service is already running
