[DEBUG Aug  2 07:35:37.234137648, defaults.go:273] Args: [/home1/wangfeim/.local/ActiveState/StateTool/release/bin/state-svc start]
[DEBUG Aug  2 07:35:37.248731368, locale.go:38] Init
[DEBUG Aug  2 07:35:37.311992397, errs.go:68] Created error: File could not be found
[DEBUG Aug  2 07:35:37.315618803, errs.go:68] Created error: Not Recognized
[DEBUG Aug  2 07:35:37.337302351, errs.go:68] Created error: Secret not found
[DEBUG Aug  2 07:35:37.337362475, errs.go:68] Created error: Could not save keypair
[DEBUG Aug  2 07:35:37.337612556, errs.go:68] Created error: Build responded with error
[DEBUG Aug  2 07:35:37.337653709, errs.go:68] Created error: Unknown build type
[DEBUG Aug  2 07:35:37.337803839, errors.go:86] Wrapped localized error: <nil> -- with: The installed version of the State Tool Service does not match that of the client.
Please stop the service with [ACTIONABLE]state-svc stop[/RESET] and try your command again.
If this issue persists please reinstall the State Tool.

[DEBUG Aug  2 07:35:37.337829164, errs.go:68] Created error: no data
[DEBUG Aug  2 07:35:37.337862071, errs.go:68] Created error: member not found
[DEBUG Aug  2 07:35:37.337893163, errs.go:68] Created error: Commit count is unknowable
[DEBUG Aug  2 07:35:37.337925829, errs.go:68] Created error: No merge required
[DEBUG Aug  2 07:35:37.337958341, errs.go:68] Created error: Can't merge commit thats already in target commits history
[DEBUG Aug  2 07:35:37.337989226, errs.go:68] Created error: Bad expander name
[DEBUG Aug  2 07:35:37.338019689, errs.go:68] Created error: Expander has no handler
[DEBUG Aug  2 07:35:37.339176053, errs.go:68] Created error: Service is already running
[DEBUG Aug  2 07:35:37.405575600, secrets.go:35] Gcloud Secretmanager failed to initialize (ignore if you're not trying to use gcloud): google: could not find default credentials. See https://developers.google.com/accounts/docs/application-default-credentials for more information.
[DEBUG Aug  2 07:35:37.408927045, output.go:53] Requested outputer for 
[DEBUG Aug  2 07:35:37.408948007, output.go:58] Using Plain outputer
[DEBUG Aug  2 07:35:37.409026330, termutils.go:17] Cannot get terminal size: inappropriate ioctl for device
[DEBUG Aug  2 07:35:37.409143021, client.go:128] Reporting event to 2 reporters: run-command, state-svc start, 
[DEBUG Aug  2 07:35:37.409220717, main.go:107] Running CmdStart
[DEBUG Aug  2 07:35:37.417628008, errs.go:75] Wrapped error: Service is already running -- with: valueF failed
[DEBUG Aug  2 07:35:37.417732826, errs.go:75] Wrapped error: valueF failed -- with: Could not store pid
[DEBUG Aug  2 07:35:37.417830910, errors.go:113] Wrapped input error: Could not store pid -- with: A State Service instance is already running in the background.
[DEBUG Aug  2 07:35:37.417848289, errs.go:75] Wrapped error: A State Service instance is already running in the background. -- with: Could not start serviceManager
[DEBUG Aug  2 07:35:37.417950619, client.go:128] Reporting event to 2 reporters: command-exit, state-svc start, 1
[DEBUG Aug  2 07:35:37.786939026, errs.go:75] Wrapped error: <nil> -- with: Could not start serviceManager: A State Service instance is already running in the background.: Could not store pid: valueF failed: Service is already running
[DEBUG Aug  2 07:35:37.787032635, main.go:61] state-svc errored out due to input: Could not start serviceManager: A State Service instance is already running in the background.: Could not store pid: valueF failed: Service is already running
