[DEBUG Aug  2 07:46:59.522962472, defaults.go:273] Args: [/home1/wangfeim/.local/ActiveState/StateTool/release/bin/state-svc start]
[DEBUG Aug  2 07:46:59.536911338, locale.go:38] Init
[DEBUG Aug  2 07:46:59.655642426, errs.go:68] Created error: File could not be found
[DEBUG Aug  2 07:46:59.659180522, errs.go:68] Created error: Not Recognized
[DEBUG Aug  2 07:46:59.680946924, errs.go:68] Created error: Secret not found
[DEBUG Aug  2 07:46:59.681002442, errs.go:68] Created error: Could not save keypair
[DEBUG Aug  2 07:46:59.681181709, errs.go:68] Created error: Build responded with error
[DEBUG Aug  2 07:46:59.681216229, errs.go:68] Created error: Unknown build type
[DEBUG Aug  2 07:46:59.681343673, errors.go:86] Wrapped localized error: <nil> -- with: The installed version of the State Tool Service does not match that of the client.
Please stop the service with [ACTIONABLE]state-svc stop[/RESET] and try your command again.
If this issue persists please reinstall the State Tool.

[DEBUG Aug  2 07:46:59.681359115, errs.go:68] Created error: no data
[DEBUG Aug  2 07:46:59.681384957, errs.go:68] Created error: member not found
[DEBUG Aug  2 07:46:59.681409188, errs.go:68] Created error: Commit count is unknowable
[DEBUG Aug  2 07:46:59.681434171, errs.go:68] Created error: No merge required
[DEBUG Aug  2 07:46:59.681459311, errs.go:68] Created error: Can't merge commit thats already in target commits history
[DEBUG Aug  2 07:46:59.681485061, errs.go:68] Created error: Bad expander name
[DEBUG Aug  2 07:46:59.681509748, errs.go:68] Created error: Expander has no handler
[DEBUG Aug  2 07:46:59.682683142, errs.go:68] Created error: Service is already running
[DEBUG Aug  2 07:46:59.714375851, secrets.go:35] Gcloud Secretmanager failed to initialize (ignore if you're not trying to use gcloud): google: could not find default credentials. See https://developers.google.com/accounts/docs/application-default-credentials for more information.
[DEBUG Aug  2 07:46:59.717951665, output.go:53] Requested outputer for 
[DEBUG Aug  2 07:46:59.717990380, output.go:58] Using Plain outputer
[DEBUG Aug  2 07:46:59.718106375, termutils.go:17] Cannot get terminal size: inappropriate ioctl for device
[DEBUG Aug  2 07:46:59.718205641, client.go:128] Reporting event to 2 reporters: run-command, state-svc start, 
[DEBUG Aug  2 07:46:59.718338466, main.go:107] Running CmdStart
[DEBUG Aug  2 07:46:59.723881781, errs.go:75] Wrapped error: Service is already running -- with: valueF failed
[DEBUG Aug  2 07:46:59.723943191, errs.go:75] Wrapped error: valueF failed -- with: Could not store pid
[DEBUG Aug  2 07:46:59.724026566, errors.go:113] Wrapped input error: Could not store pid -- with: A State Service instance is already running in the background.
[DEBUG Aug  2 07:46:59.724041398, errs.go:75] Wrapped error: A State Service instance is already running in the background. -- with: Could not start serviceManager
[DEBUG Aug  2 07:46:59.724104579, client.go:128] Reporting event to 2 reporters: command-exit, state-svc start, 1
[DEBUG Aug  2 07:47:00.102402426, errs.go:75] Wrapped error: <nil> -- with: Could not start serviceManager: A State Service instance is already running in the background.: Could not store pid: valueF failed: Service is already running
[DEBUG Aug  2 07:47:00.102474238, main.go:61] state-svc errored out due to input: Could not start serviceManager: A State Service instance is already running in the background.: Could not store pid: valueF failed: Service is already running
