[DEBUG Aug  2 08:07:05.292671194, defaults.go:273] Args: [/home1/wangfeim/.local/ActiveState/StateTool/release/bin/state-svc start]
[DEBUG Aug  2 08:07:05.307470332, locale.go:38] Init
[DEBUG Aug  2 08:07:05.396120065, errs.go:68] Created error: File could not be found
[DEBUG Aug  2 08:07:05.399174259, errs.go:68] Created error: Not Recognized
[DEBUG Aug  2 08:07:05.418136573, errs.go:68] Created error: Secret not found
[DEBUG Aug  2 08:07:05.418182200, errs.go:68] Created error: Could not save keypair
[DEBUG Aug  2 08:07:05.418351411, errs.go:68] Created error: Build responded with error
[DEBUG Aug  2 08:07:05.418387831, errs.go:68] Created error: Unknown build type
[DEBUG Aug  2 08:07:05.418484999, errors.go:86] Wrapped localized error: <nil> -- with: The installed version of the State Tool Service does not match that of the client.
Please stop the service with [ACTIONABLE]state-svc stop[/RESET] and try your command again.
If this issue persists please reinstall the State Tool.

[DEBUG Aug  2 08:07:05.418497995, errs.go:68] Created error: no data
[DEBUG Aug  2 08:07:05.418520773, errs.go:68] Created error: member not found
[DEBUG Aug  2 08:07:05.418551385, errs.go:68] Created error: Commit count is unknowable
[DEBUG Aug  2 08:07:05.418573154, errs.go:68] Created error: No merge required
[DEBUG Aug  2 08:07:05.418593914, errs.go:68] Created error: Can't merge commit thats already in target commits history
[DEBUG Aug  2 08:07:05.418615857, errs.go:68] Created error: Bad expander name
[DEBUG Aug  2 08:07:05.418636635, errs.go:68] Created error: Expander has no handler
[DEBUG Aug  2 08:07:05.420501229, errs.go:68] Created error: Service is already running
[DEBUG Aug  2 08:07:05.444992658, secrets.go:35] Gcloud Secretmanager failed to initialize (ignore if you're not trying to use gcloud): google: could not find default credentials. See https://developers.google.com/accounts/docs/application-default-credentials for more information.
[DEBUG Aug  2 08:07:05.448418710, output.go:53] Requested outputer for 
[DEBUG Aug  2 08:07:05.448438474, output.go:58] Using Plain outputer
[DEBUG Aug  2 08:07:05.448508895, termutils.go:17] Cannot get terminal size: inappropriate ioctl for device
[DEBUG Aug  2 08:07:05.448686034, main.go:107] Running CmdStart
[DEBUG Aug  2 08:07:05.448688860, client.go:128] Reporting event to 2 reporters: run-command, state-svc start, 
[DEBUG Aug  2 08:07:05.455553629, errs.go:75] Wrapped error: Service is already running -- with: valueF failed
[DEBUG Aug  2 08:07:05.455617946, errs.go:75] Wrapped error: valueF failed -- with: Could not store pid
[DEBUG Aug  2 08:07:05.455692699, errors.go:113] Wrapped input error: Could not store pid -- with: A State Service instance is already running in the background.
[DEBUG Aug  2 08:07:05.455706512, errs.go:75] Wrapped error: A State Service instance is already running in the background. -- with: Could not start serviceManager
[DEBUG Aug  2 08:07:05.455789121, client.go:128] Reporting event to 2 reporters: command-exit, state-svc start, 1
[DEBUG Aug  2 08:07:05.794471612, errs.go:75] Wrapped error: <nil> -- with: Could not start serviceManager: A State Service instance is already running in the background.: Could not store pid: valueF failed: Service is already running
[DEBUG Aug  2 08:07:05.794530896, main.go:61] state-svc errored out due to input: Could not start serviceManager: A State Service instance is already running in the background.: Could not store pid: valueF failed: Service is already running
