[DEBUG Aug  2 07:45:46.022327461, defaults.go:273] Args: [/home1/wangfeim/.local/ActiveState/StateTool/release/bin/state-svc start]
[DEBUG Aug  2 07:45:46.036327057, locale.go:38] Init
[DEBUG Aug  2 07:45:46.142186200, errs.go:68] Created error: File could not be found
[DEBUG Aug  2 07:45:46.146402102, errs.go:68] Created error: Not Recognized
[DEBUG Aug  2 07:45:46.190951027, errs.go:68] Created error: Secret not found
[DEBUG Aug  2 07:45:46.191033503, errs.go:68] Created error: Could not save keypair
[DEBUG Aug  2 07:45:46.191303749, errs.go:68] Created error: Build responded with error
[DEBUG Aug  2 07:45:46.191356946, errs.go:68] Created error: Unknown build type
[DEBUG Aug  2 07:45:46.191534197, errors.go:86] Wrapped localized error: <nil> -- with: The installed version of the State Tool Service does not match that of the client.
Please stop the service with [ACTIONABLE]state-svc stop[/RESET] and try your command again.
If this issue persists please reinstall the State Tool.

[DEBUG Aug  2 07:45:46.191567596, errs.go:68] Created error: no data
[DEBUG Aug  2 07:45:46.191607339, errs.go:68] Created error: member not found
[DEBUG Aug  2 07:45:46.191642025, errs.go:68] Created error: Commit count is unknowable
[DEBUG Aug  2 07:45:46.191677514, errs.go:68] Created error: No merge required
[DEBUG Aug  2 07:45:46.191714269, errs.go:68] Created error: Can't merge commit thats already in target commits history
[DEBUG Aug  2 07:45:46.191749976, errs.go:68] Created error: Bad expander name
[DEBUG Aug  2 07:45:46.191791964, errs.go:68] Created error: Expander has no handler
[DEBUG Aug  2 07:45:46.193401036, errs.go:68] Created error: Service is already running
[DEBUG Aug  2 07:45:46.221680487, secrets.go:35] Gcloud Secretmanager failed to initialize (ignore if you're not trying to use gcloud): google: could not find default credentials. See https://developers.google.com/accounts/docs/application-default-credentials for more information.
[DEBUG Aug  2 07:45:46.224793780, output.go:53] Requested outputer for 
[DEBUG Aug  2 07:45:46.224818392, output.go:58] Using Plain outputer
[DEBUG Aug  2 07:45:46.224898641, termutils.go:17] Cannot get terminal size: inappropriate ioctl for device
[DEBUG Aug  2 07:45:46.224966079, client.go:128] Reporting event to 2 reporters: run-command, state-svc start, 
[DEBUG Aug  2 07:45:46.225044670, main.go:107] Running CmdStart
[DEBUG Aug  2 07:45:46.231111719, errs.go:75] Wrapped error: Service is already running -- with: valueF failed
[DEBUG Aug  2 07:45:46.231174007, errs.go:75] Wrapped error: valueF failed -- with: Could not store pid
[DEBUG Aug  2 07:45:46.231264306, errors.go:113] Wrapped input error: Could not store pid -- with: A State Service instance is already running in the background.
[DEBUG Aug  2 07:45:46.231280787, errs.go:75] Wrapped error: A State Service instance is already running in the background. -- with: Could not start serviceManager
[DEBUG Aug  2 07:45:46.231381529, client.go:128] Reporting event to 2 reporters: command-exit, state-svc start, 1
[DEBUG Aug  2 07:45:46.599071465, errs.go:75] Wrapped error: <nil> -- with: Could not start serviceManager: A State Service instance is already running in the background.: Could not store pid: valueF failed: Service is already running
[DEBUG Aug  2 07:45:46.599143599, main.go:61] state-svc errored out due to input: Could not start serviceManager: A State Service instance is already running in the background.: Could not store pid: valueF failed: Service is already running
