[DEBUG Sep 17 11:50:42.026448445, defaults.go:273] Args: [/home1/wangfeim/.local/ActiveState/StateTool/release/bin/state-svc start]
[DEBUG Sep 17 11:50:42.045691298, locale.go:38] Init
[DEBUG Sep 17 11:51:37.877198606, errs.go:68] Created error: File could not be found
[DEBUG Sep 17 11:51:37.887498560, errs.go:68] Created error: Not Recognized
[DEBUG Sep 17 11:51:37.923065594, errs.go:68] Created error: Secret not found
[DEBUG Sep 17 11:51:37.923107726, errs.go:68] Created error: Could not save keypair
[DEBUG Sep 17 11:51:37.923278038, errs.go:68] Created error: Build responded with error
[DEBUG Sep 17 11:51:37.923305893, errs.go:68] Created error: Unknown build type
[DEBUG Sep 17 11:51:37.923421113, errors.go:86] Wrapped localized error: <nil> -- with: The installed version of the State Tool Service does not match that of the client.
Please stop the service with [ACTIONABLE]state-svc stop[/RESET] and try your command again.
If this issue persists please reinstall the State Tool.

[DEBUG Sep 17 11:51:37.923440591, errs.go:68] Created error: no data
[DEBUG Sep 17 11:51:37.923464801, errs.go:68] Created error: member not found
[DEBUG Sep 17 11:51:37.923487473, errs.go:68] Created error: Commit count is unknowable
[DEBUG Sep 17 11:51:37.923505879, errs.go:68] Created error: No merge required
[DEBUG Sep 17 11:51:37.923522931, errs.go:68] Created error: Can't merge commit thats already in target commits history
[DEBUG Sep 17 11:51:37.923546069, errs.go:68] Created error: Bad expander name
[DEBUG Sep 17 11:51:37.923566211, errs.go:68] Created error: Expander has no handler
[DEBUG Sep 17 11:51:37.925358415, errs.go:68] Created error: Service is already running
[DEBUG Sep 17 11:51:37.997246557, secrets.go:35] Gcloud Secretmanager failed to initialize (ignore if you're not trying to use gcloud): google: could not find default credentials. See https://developers.google.com/accounts/docs/application-default-credentials for more information.
[DEBUG Sep 17 11:51:38.004400745, output.go:53] Requested outputer for 
[DEBUG Sep 17 11:51:38.004420410, output.go:58] Using Plain outputer
[DEBUG Sep 17 11:51:38.004746454, termutils.go:17] Cannot get terminal size: inappropriate ioctl for device
[DEBUG Sep 17 11:51:38.004857623, main.go:107] Running CmdStart
[DEBUG Sep 17 11:51:38.006427220, exeutils.go:149] Executing: /home1/wangfeim/.local/ActiveState/StateTool/release/bin/state-svc [foreground]
[DEBUG Sep 17 11:51:38.024799744, client.go:128] Reporting event to 2 reporters: run-command, state-svc start, 
[DEBUG Sep 17 11:51:46.425399097, manager.go:68] Process started using pid 12373
[DEBUG Sep 17 11:51:46.425548962, client.go:128] Reporting event to 2 reporters: command-exit, state-svc start, 0
