[DEBUG Sep 18 09:23:42.391921014, defaults.go:273] Args: [/home1/wangfeim/.local/ActiveState/StateTool/release/bin/state-svc start]
[DEBUG Sep 18 09:23:42.405236299, locale.go:38] Init
[DEBUG Sep 18 09:23:42.433962306, errs.go:68] Created error: File could not be found
[DEBUG Sep 18 09:23:42.436800749, errs.go:68] Created error: Not Recognized
[DEBUG Sep 18 09:23:42.459494058, errs.go:68] Created error: Secret not found
[DEBUG Sep 18 09:23:42.459555006, errs.go:68] Created error: Could not save keypair
[DEBUG Sep 18 09:23:42.459781595, errs.go:68] Created error: Build responded with error
[DEBUG Sep 18 09:23:42.459822092, errs.go:68] Created error: Unknown build type
[DEBUG Sep 18 09:23:42.460084539, errors.go:86] Wrapped localized error: <nil> -- with: The installed version of the State Tool Service does not match that of the client.
Please stop the service with [ACTIONABLE]state-svc stop[/RESET] and try your command again.
If this issue persists please reinstall the State Tool.

[DEBUG Sep 18 09:23:42.460100327, errs.go:68] Created error: no data
[DEBUG Sep 18 09:23:42.460131442, errs.go:68] Created error: member not found
[DEBUG Sep 18 09:23:42.460162003, errs.go:68] Created error: Commit count is unknowable
[DEBUG Sep 18 09:23:42.460190287, errs.go:68] Created error: No merge required
[DEBUG Sep 18 09:23:42.460219062, errs.go:68] Created error: Can't merge commit thats already in target commits history
[DEBUG Sep 18 09:23:42.460246275, errs.go:68] Created error: Bad expander name
[DEBUG Sep 18 09:23:42.460274329, errs.go:68] Created error: Expander has no handler
[DEBUG Sep 18 09:23:42.463649937, errs.go:68] Created error: Service is already running
[DEBUG Sep 18 09:23:42.496461516, secrets.go:35] Gcloud Secretmanager failed to initialize (ignore if you're not trying to use gcloud): google: could not find default credentials. See https://developers.google.com/accounts/docs/application-default-credentials for more information.
[DEBUG Sep 18 09:23:42.500021622, output.go:53] Requested outputer for 
[DEBUG Sep 18 09:23:42.500040575, output.go:58] Using Plain outputer
[DEBUG Sep 18 09:23:42.500099248, termutils.go:17] Cannot get terminal size: inappropriate ioctl for device
[DEBUG Sep 18 09:23:42.500197347, main.go:107] Running CmdStart
[DEBUG Sep 18 09:23:42.501150969, exeutils.go:149] Executing: /home1/wangfeim/.local/ActiveState/StateTool/release/bin/state-svc [foreground]
[DEBUG Sep 18 09:23:42.504674610, manager.go:68] Process started using pid 14424
[DEBUG Sep 18 09:23:42.504722455, client.go:128] Reporting event to 2 reporters: command-exit, state-svc start, 0
[DEBUG Sep 18 09:23:42.504968437, client.go:128] Reporting event to 2 reporters: run-command, state-svc start, 
