[DEBUG Aug  2 07:38:22.414957683, defaults.go:273] Args: [/home1/wangfeim/.local/ActiveState/StateTool/release/bin/state-svc start]
[DEBUG Aug  2 07:38:22.428701212, locale.go:38] Init
[DEBUG Aug  2 07:38:22.507941532, errs.go:68] Created error: File could not be found
[DEBUG Aug  2 07:38:22.511140247, errs.go:68] Created error: Not Recognized
[DEBUG Aug  2 07:38:22.531179646, errs.go:68] Created error: Secret not found
[DEBUG Aug  2 07:38:22.531293817, errs.go:68] Created error: Could not save keypair
[DEBUG Aug  2 07:38:22.531851207, errs.go:68] Created error: Build responded with error
[DEBUG Aug  2 07:38:22.531931897, errs.go:68] Created error: Unknown build type
[DEBUG Aug  2 07:38:22.532457020, errors.go:86] Wrapped localized error: <nil> -- with: The installed version of the State Tool Service does not match that of the client.
Please stop the service with [ACTIONABLE]state-svc stop[/RESET] and try your command again.
If this issue persists please reinstall the State Tool.

[DEBUG Aug  2 07:38:22.532714708, errs.go:68] Created error: no data
[DEBUG Aug  2 07:38:22.532773059, errs.go:68] Created error: member not found
[DEBUG Aug  2 07:38:22.532803902, errs.go:68] Created error: Commit count is unknowable
[DEBUG Aug  2 07:38:22.532832595, errs.go:68] Created error: No merge required
[DEBUG Aug  2 07:38:22.532863909, errs.go:68] Created error: Can't merge commit thats already in target commits history
[DEBUG Aug  2 07:38:22.532893497, errs.go:68] Created error: Bad expander name
[DEBUG Aug  2 07:38:22.532921286, errs.go:68] Created error: Expander has no handler
[DEBUG Aug  2 07:38:22.534223144, errs.go:68] Created error: Service is already running
[DEBUG Aug  2 07:38:22.569109557, secrets.go:35] Gcloud Secretmanager failed to initialize (ignore if you're not trying to use gcloud): google: could not find default credentials. See https://developers.google.com/accounts/docs/application-default-credentials for more information.
[DEBUG Aug  2 07:38:22.574864496, output.go:53] Requested outputer for 
[DEBUG Aug  2 07:38:22.574886419, output.go:58] Using Plain outputer
[DEBUG Aug  2 07:38:22.574950382, termutils.go:17] Cannot get terminal size: inappropriate ioctl for device
[DEBUG Aug  2 07:38:22.575111189, main.go:107] Running CmdStart
[DEBUG Aug  2 07:38:22.575121752, client.go:128] Reporting event to 2 reporters: run-command, state-svc start, 
[DEBUG Aug  2 07:38:22.581954397, errs.go:75] Wrapped error: Service is already running -- with: valueF failed
[DEBUG Aug  2 07:38:22.582011275, errs.go:75] Wrapped error: valueF failed -- with: Could not store pid
[DEBUG Aug  2 07:38:22.582098142, errors.go:113] Wrapped input error: Could not store pid -- with: A State Service instance is already running in the background.
[DEBUG Aug  2 07:38:22.582130607, errs.go:75] Wrapped error: A State Service instance is already running in the background. -- with: Could not start serviceManager
[DEBUG Aug  2 07:38:22.582249439, client.go:128] Reporting event to 2 reporters: command-exit, state-svc start, 1
[DEBUG Aug  2 07:38:22.901926535, errs.go:75] Wrapped error: <nil> -- with: Could not start serviceManager: A State Service instance is already running in the background.: Could not store pid: valueF failed: Service is already running
[DEBUG Aug  2 07:38:22.901990032, main.go:61] state-svc errored out due to input: Could not start serviceManager: A State Service instance is already running in the background.: Could not store pid: valueF failed: Service is already running
