[DEBUG Aug  2 08:14:12.944411318, defaults.go:273] Args: [/home1/wangfeim/.local/ActiveState/StateTool/release/bin/state-svc start]
[DEBUG Aug  2 08:14:12.996391471, locale.go:38] Init
[DEBUG Aug  2 08:14:13.043560986, errs.go:68] Created error: File could not be found
[DEBUG Aug  2 08:14:13.046830437, errs.go:68] Created error: Not Recognized
[DEBUG Aug  2 08:14:13.099676209, errs.go:68] Created error: Secret not found
[DEBUG Aug  2 08:14:13.099737586, errs.go:68] Created error: Could not save keypair
[DEBUG Aug  2 08:14:13.099901205, errs.go:68] Created error: Build responded with error
[DEBUG Aug  2 08:14:13.099929093, errs.go:68] Created error: Unknown build type
[DEBUG Aug  2 08:14:13.100040302, errors.go:86] Wrapped localized error: <nil> -- with: The installed version of the State Tool Service does not match that of the client.
Please stop the service with [ACTIONABLE]state-svc stop[/RESET] and try your command again.
If this issue persists please reinstall the State Tool.

[DEBUG Aug  2 08:14:13.100054440, errs.go:68] Created error: no data
[DEBUG Aug  2 08:14:13.100078577, errs.go:68] Created error: member not found
[DEBUG Aug  2 08:14:13.100105016, errs.go:68] Created error: Commit count is unknowable
[DEBUG Aug  2 08:14:13.100127364, errs.go:68] Created error: No merge required
[DEBUG Aug  2 08:14:13.100149024, errs.go:68] Created error: Can't merge commit thats already in target commits history
[DEBUG Aug  2 08:14:13.100172105, errs.go:68] Created error: Bad expander name
[DEBUG Aug  2 08:14:13.100208832, errs.go:68] Created error: Expander has no handler
[DEBUG Aug  2 08:14:13.101458260, errs.go:68] Created error: Service is already running
[DEBUG Aug  2 08:14:13.128156708, secrets.go:35] Gcloud Secretmanager failed to initialize (ignore if you're not trying to use gcloud): google: could not find default credentials. See https://developers.google.com/accounts/docs/application-default-credentials for more information.
[DEBUG Aug  2 08:14:13.131803930, output.go:53] Requested outputer for 
[DEBUG Aug  2 08:14:13.131828706, output.go:58] Using Plain outputer
[DEBUG Aug  2 08:14:13.131930736, termutils.go:17] Cannot get terminal size: inappropriate ioctl for device
[DEBUG Aug  2 08:14:13.132024644, client.go:128] Reporting event to 2 reporters: run-command, state-svc start, 
[DEBUG Aug  2 08:14:13.132090038, main.go:107] Running CmdStart
[DEBUG Aug  2 08:14:13.137686165, errs.go:75] Wrapped error: Service is already running -- with: valueF failed
[DEBUG Aug  2 08:14:13.137743955, errs.go:75] Wrapped error: valueF failed -- with: Could not store pid
[DEBUG Aug  2 08:14:13.137818106, errors.go:113] Wrapped input error: Could not store pid -- with: A State Service instance is already running in the background.
[DEBUG Aug  2 08:14:13.137832928, errs.go:75] Wrapped error: A State Service instance is already running in the background. -- with: Could not start serviceManager
[DEBUG Aug  2 08:14:13.137906566, client.go:128] Reporting event to 2 reporters: command-exit, state-svc start, 1
[DEBUG Aug  2 08:14:13.506923337, errs.go:75] Wrapped error: <nil> -- with: Could not start serviceManager: A State Service instance is already running in the background.: Could not store pid: valueF failed: Service is already running
[DEBUG Aug  2 08:14:13.506982822, main.go:61] state-svc errored out due to input: Could not start serviceManager: A State Service instance is already running in the background.: Could not store pid: valueF failed: Service is already running
