[DEBUG Aug  2 08:21:35.263555652, defaults.go:273] Args: [/home1/wangfeim/.local/ActiveState/StateTool/release/bin/state-svc start]
[DEBUG Aug  2 08:21:35.277793930, locale.go:38] Init
[DEBUG Aug  2 08:21:35.317999563, errs.go:68] Created error: File could not be found
[DEBUG Aug  2 08:21:35.320964730, errs.go:68] Created error: Not Recognized
[DEBUG Aug  2 08:21:35.340351168, errs.go:68] Created error: Secret not found
[DEBUG Aug  2 08:21:35.340402281, errs.go:68] Created error: Could not save keypair
[DEBUG Aug  2 08:21:35.340591994, errs.go:68] Created error: Build responded with error
[DEBUG Aug  2 08:21:35.340625190, errs.go:68] Created error: Unknown build type
[DEBUG Aug  2 08:21:35.340724279, errors.go:86] Wrapped localized error: <nil> -- with: The installed version of the State Tool Service does not match that of the client.
Please stop the service with [ACTIONABLE]state-svc stop[/RESET] and try your command again.
If this issue persists please reinstall the State Tool.

[DEBUG Aug  2 08:21:35.340736386, errs.go:68] Created error: no data
[DEBUG Aug  2 08:21:35.340758474, errs.go:68] Created error: member not found
[DEBUG Aug  2 08:21:35.340780244, errs.go:68] Created error: Commit count is unknowable
[DEBUG Aug  2 08:21:35.340802729, errs.go:68] Created error: No merge required
[DEBUG Aug  2 08:21:35.340826758, errs.go:68] Created error: Can't merge commit thats already in target commits history
[DEBUG Aug  2 08:21:35.340848648, errs.go:68] Created error: Bad expander name
[DEBUG Aug  2 08:21:35.340869035, errs.go:68] Created error: Expander has no handler
[DEBUG Aug  2 08:21:35.343727798, errs.go:68] Created error: Service is already running
[DEBUG Aug  2 08:21:35.368645807, secrets.go:35] Gcloud Secretmanager failed to initialize (ignore if you're not trying to use gcloud): google: could not find default credentials. See https://developers.google.com/accounts/docs/application-default-credentials for more information.
[DEBUG Aug  2 08:21:35.371751878, output.go:53] Requested outputer for 
[DEBUG Aug  2 08:21:35.371778071, output.go:58] Using Plain outputer
[DEBUG Aug  2 08:21:35.372234130, termutils.go:17] Cannot get terminal size: inappropriate ioctl for device
[DEBUG Aug  2 08:21:35.372629660, client.go:128] Reporting event to 2 reporters: run-command, state-svc start, 
[DEBUG Aug  2 08:21:35.372722710, main.go:107] Running CmdStart
[DEBUG Aug  2 08:21:35.379492860, errs.go:75] Wrapped error: Service is already running -- with: valueF failed
[DEBUG Aug  2 08:21:35.379569324, errs.go:75] Wrapped error: valueF failed -- with: Could not store pid
[DEBUG Aug  2 08:21:35.379642761, errors.go:113] Wrapped input error: Could not store pid -- with: A State Service instance is already running in the background.
[DEBUG Aug  2 08:21:35.379657257, errs.go:75] Wrapped error: A State Service instance is already running in the background. -- with: Could not start serviceManager
[DEBUG Aug  2 08:21:35.379727599, client.go:128] Reporting event to 2 reporters: command-exit, state-svc start, 1
[DEBUG Aug  2 08:21:35.705285367, errs.go:75] Wrapped error: <nil> -- with: Could not start serviceManager: A State Service instance is already running in the background.: Could not store pid: valueF failed: Service is already running
[DEBUG Aug  2 08:21:35.705359468, main.go:61] state-svc errored out due to input: Could not start serviceManager: A State Service instance is already running in the background.: Could not store pid: valueF failed: Service is already running
