[DEBUG Aug  2 08:09:30.724259697, defaults.go:273] Args: [/home1/wangfeim/.local/ActiveState/StateTool/release/bin/state-svc start]
[DEBUG Aug  2 08:09:30.738847469, locale.go:38] Init
[DEBUG Aug  2 08:09:30.798141808, errs.go:68] Created error: File could not be found
[DEBUG Aug  2 08:09:30.800891904, errs.go:68] Created error: Not Recognized
[DEBUG Aug  2 08:09:30.823422579, errs.go:68] Created error: Secret not found
[DEBUG Aug  2 08:09:30.823479042, errs.go:68] Created error: Could not save keypair
[DEBUG Aug  2 08:09:30.823654691, errs.go:68] Created error: Build responded with error
[DEBUG Aug  2 08:09:30.823683509, errs.go:68] Created error: Unknown build type
[DEBUG Aug  2 08:09:30.823814850, errors.go:86] Wrapped localized error: <nil> -- with: The installed version of the State Tool Service does not match that of the client.
Please stop the service with [ACTIONABLE]state-svc stop[/RESET] and try your command again.
If this issue persists please reinstall the State Tool.

[DEBUG Aug  2 08:09:30.823830973, errs.go:68] Created error: no data
[DEBUG Aug  2 08:09:30.823855589, errs.go:68] Created error: member not found
[DEBUG Aug  2 08:09:30.823879317, errs.go:68] Created error: Commit count is unknowable
[DEBUG Aug  2 08:09:30.823909661, errs.go:68] Created error: No merge required
[DEBUG Aug  2 08:09:30.823940640, errs.go:68] Created error: Can't merge commit thats already in target commits history
[DEBUG Aug  2 08:09:30.823966334, errs.go:68] Created error: Bad expander name
[DEBUG Aug  2 08:09:30.823989410, errs.go:68] Created error: Expander has no handler
[DEBUG Aug  2 08:09:30.825183647, errs.go:68] Created error: Service is already running
[DEBUG Aug  2 08:09:30.886146275, secrets.go:35] Gcloud Secretmanager failed to initialize (ignore if you're not trying to use gcloud): google: could not find default credentials. See https://developers.google.com/accounts/docs/application-default-credentials for more information.
[DEBUG Aug  2 08:09:30.889868957, output.go:53] Requested outputer for 
[DEBUG Aug  2 08:09:30.889893040, output.go:58] Using Plain outputer
[DEBUG Aug  2 08:09:30.889983199, termutils.go:17] Cannot get terminal size: inappropriate ioctl for device
[DEBUG Aug  2 08:09:30.890070845, client.go:128] Reporting event to 2 reporters: run-command, state-svc start, 
[DEBUG Aug  2 08:09:30.890185324, main.go:107] Running CmdStart
[DEBUG Aug  2 08:09:30.896589647, errs.go:75] Wrapped error: Service is already running -- with: valueF failed
[DEBUG Aug  2 08:09:30.896657755, errs.go:75] Wrapped error: valueF failed -- with: Could not store pid
[DEBUG Aug  2 08:09:30.896742032, errors.go:113] Wrapped input error: Could not store pid -- with: A State Service instance is already running in the background.
[DEBUG Aug  2 08:09:30.896758285, errs.go:75] Wrapped error: A State Service instance is already running in the background. -- with: Could not start serviceManager
[DEBUG Aug  2 08:09:30.896842669, client.go:128] Reporting event to 2 reporters: command-exit, state-svc start, 1
[DEBUG Aug  2 08:09:31.285044469, errs.go:75] Wrapped error: <nil> -- with: Could not start serviceManager: A State Service instance is already running in the background.: Could not store pid: valueF failed: Service is already running
[DEBUG Aug  2 08:09:31.285117066, main.go:61] state-svc errored out due to input: Could not start serviceManager: A State Service instance is already running in the background.: Could not store pid: valueF failed: Service is already running
