[DEBUG Aug  2 08:19:55.095015538, defaults.go:273] Args: [/home1/wangfeim/.local/ActiveState/StateTool/release/bin/state-svc start]
[DEBUG Aug  2 08:19:55.110387705, locale.go:38] Init
[DEBUG Aug  2 08:19:55.192855284, errs.go:68] Created error: File could not be found
[DEBUG Aug  2 08:19:55.195845078, errs.go:68] Created error: Not Recognized
[DEBUG Aug  2 08:19:55.217296020, errs.go:68] Created error: Secret not found
[DEBUG Aug  2 08:19:55.217359597, errs.go:68] Created error: Could not save keypair
[DEBUG Aug  2 08:19:55.217583165, errs.go:68] Created error: Build responded with error
[DEBUG Aug  2 08:19:55.217617286, errs.go:68] Created error: Unknown build type
[DEBUG Aug  2 08:19:55.217744195, errors.go:86] Wrapped localized error: <nil> -- with: The installed version of the State Tool Service does not match that of the client.
Please stop the service with [ACTIONABLE]state-svc stop[/RESET] and try your command again.
If this issue persists please reinstall the State Tool.

[DEBUG Aug  2 08:19:55.217760666, errs.go:68] Created error: no data
[DEBUG Aug  2 08:19:55.217794705, errs.go:68] Created error: member not found
[DEBUG Aug  2 08:19:55.217819625, errs.go:68] Created error: Commit count is unknowable
[DEBUG Aug  2 08:19:55.217852945, errs.go:68] Created error: No merge required
[DEBUG Aug  2 08:19:55.217888666, errs.go:68] Created error: Can't merge commit thats already in target commits history
[DEBUG Aug  2 08:19:55.217910164, errs.go:68] Created error: Bad expander name
[DEBUG Aug  2 08:19:55.217929905, errs.go:68] Created error: Expander has no handler
[DEBUG Aug  2 08:19:55.219129524, errs.go:68] Created error: Service is already running
[DEBUG Aug  2 08:19:55.247142107, secrets.go:35] Gcloud Secretmanager failed to initialize (ignore if you're not trying to use gcloud): google: could not find default credentials. See https://developers.google.com/accounts/docs/application-default-credentials for more information.
[DEBUG Aug  2 08:19:55.250472551, output.go:53] Requested outputer for 
[DEBUG Aug  2 08:19:55.250494971, output.go:58] Using Plain outputer
[DEBUG Aug  2 08:19:55.250577712, termutils.go:17] Cannot get terminal size: inappropriate ioctl for device
[DEBUG Aug  2 08:19:55.250809613, main.go:107] Running CmdStart
[DEBUG Aug  2 08:19:55.261019419, client.go:128] Reporting event to 2 reporters: run-command, state-svc start, 
[DEBUG Aug  2 08:19:55.289504910, errs.go:75] Wrapped error: Service is already running -- with: valueF failed
[DEBUG Aug  2 08:19:55.289573852, errs.go:75] Wrapped error: valueF failed -- with: Could not store pid
[DEBUG Aug  2 08:19:55.289663134, errors.go:113] Wrapped input error: Could not store pid -- with: A State Service instance is already running in the background.
[DEBUG Aug  2 08:19:55.289676332, errs.go:75] Wrapped error: A State Service instance is already running in the background. -- with: Could not start serviceManager
[DEBUG Aug  2 08:19:55.289743534, client.go:128] Reporting event to 2 reporters: command-exit, state-svc start, 1
[DEBUG Aug  2 08:19:55.633255242, errs.go:75] Wrapped error: <nil> -- with: Could not start serviceManager: A State Service instance is already running in the background.: Could not store pid: valueF failed: Service is already running
[DEBUG Aug  2 08:19:55.633336281, main.go:61] state-svc errored out due to input: Could not start serviceManager: A State Service instance is already running in the background.: Could not store pid: valueF failed: Service is already running
