[DEBUG Aug  2 07:35:33.901219178, defaults.go:273] Args: [/home1/wangfeim/.local/ActiveState/StateTool/release/bin/state-svc start]
[DEBUG Aug  2 07:35:33.915967374, locale.go:38] Init
[DEBUG Aug  2 07:35:34.123057396, errs.go:68] Created error: File could not be found
[DEBUG Aug  2 07:35:34.126311805, errs.go:68] Created error: Not Recognized
[DEBUG Aug  2 07:35:34.149680528, errs.go:68] Created error: Secret not found
[DEBUG Aug  2 07:35:34.149765353, errs.go:68] Created error: Could not save keypair
[DEBUG Aug  2 07:35:34.150333461, errs.go:68] Created error: Build responded with error
[DEBUG Aug  2 07:35:34.150392161, errs.go:68] Created error: Unknown build type
[DEBUG Aug  2 07:35:34.150535268, errors.go:86] Wrapped localized error: <nil> -- with: The installed version of the State Tool Service does not match that of the client.
Please stop the service with [ACTIONABLE]state-svc stop[/RESET] and try your command again.
If this issue persists please reinstall the State Tool.

[DEBUG Aug  2 07:35:34.150569748, errs.go:68] Created error: no data
[DEBUG Aug  2 07:35:34.150612270, errs.go:68] Created error: member not found
[DEBUG Aug  2 07:35:34.150643602, errs.go:68] Created error: Commit count is unknowable
[DEBUG Aug  2 07:35:34.150670881, errs.go:68] Created error: No merge required
[DEBUG Aug  2 07:35:34.150699748, errs.go:68] Created error: Can't merge commit thats already in target commits history
[DEBUG Aug  2 07:35:34.150726852, errs.go:68] Created error: Bad expander name
[DEBUG Aug  2 07:35:34.150763952, errs.go:68] Created error: Expander has no handler
[DEBUG Aug  2 07:35:34.151847336, errs.go:68] Created error: Service is already running
[DEBUG Aug  2 07:35:34.212330870, secrets.go:35] Gcloud Secretmanager failed to initialize (ignore if you're not trying to use gcloud): google: could not find default credentials. See https://developers.google.com/accounts/docs/application-default-credentials for more information.
[DEBUG Aug  2 07:35:34.216105030, output.go:53] Requested outputer for 
[DEBUG Aug  2 07:35:34.216137120, output.go:58] Using Plain outputer
[DEBUG Aug  2 07:35:34.216216022, termutils.go:17] Cannot get terminal size: inappropriate ioctl for device
[DEBUG Aug  2 07:35:34.216299923, client.go:128] Reporting event to 2 reporters: run-command, state-svc start, 
[DEBUG Aug  2 07:35:34.216357411, main.go:107] Running CmdStart
[DEBUG Aug  2 07:35:34.222039130, errs.go:75] Wrapped error: Service is already running -- with: valueF failed
[DEBUG Aug  2 07:35:34.222104254, errs.go:75] Wrapped error: valueF failed -- with: Could not store pid
[DEBUG Aug  2 07:35:34.222177317, errors.go:113] Wrapped input error: Could not store pid -- with: A State Service instance is already running in the background.
[DEBUG Aug  2 07:35:34.222191873, errs.go:75] Wrapped error: A State Service instance is already running in the background. -- with: Could not start serviceManager
[DEBUG Aug  2 07:35:34.222262261, client.go:128] Reporting event to 2 reporters: command-exit, state-svc start, 1
[DEBUG Aug  2 07:35:34.584863964, errs.go:75] Wrapped error: <nil> -- with: Could not start serviceManager: A State Service instance is already running in the background.: Could not store pid: valueF failed: Service is already running
[DEBUG Aug  2 07:35:34.584942161, main.go:61] state-svc errored out due to input: Could not start serviceManager: A State Service instance is already running in the background.: Could not store pid: valueF failed: Service is already running
