[DEBUG Mar  8 14:27:49.833809708, defaults.go:273] Args: [/home1/wangfeim/.local/ActiveState/StateTool/release/bin/state-svc start]
[DEBUG Mar  8 14:27:49.848600189, locale.go:38] Init
[DEBUG Mar  8 14:27:49.889430524, errs.go:68] Created error: File could not be found
[DEBUG Mar  8 14:27:49.892437635, errs.go:68] Created error: Not Recognized
[DEBUG Mar  8 14:27:49.913549201, errs.go:68] Created error: Secret not found
[DEBUG Mar  8 14:27:49.913609041, errs.go:68] Created error: Could not save keypair
[DEBUG Mar  8 14:27:49.913825631, errs.go:68] Created error: Build responded with error
[DEBUG Mar  8 14:27:49.913862650, errs.go:68] Created error: Unknown build type
[DEBUG Mar  8 14:27:49.913986411, errors.go:86] Wrapped localized error: <nil> -- with: The installed version of the State Tool Service does not match that of the client.
Please stop the service with [ACTIONABLE]state-svc stop[/RESET] and try your command again.
If this issue persists please reinstall the State Tool.

[DEBUG Mar  8 14:27:49.914001139, errs.go:68] Created error: no data
[DEBUG Mar  8 14:27:49.914032355, errs.go:68] Created error: member not found
[DEBUG Mar  8 14:27:49.914055726, errs.go:68] Created error: Commit count is unknowable
[DEBUG Mar  8 14:27:49.914082183, errs.go:68] Created error: No merge required
[DEBUG Mar  8 14:27:49.914116379, errs.go:68] Created error: Can't merge commit thats already in target commits history
[DEBUG Mar  8 14:27:49.914141008, errs.go:68] Created error: Bad expander name
[DEBUG Mar  8 14:27:49.914163518, errs.go:68] Created error: Expander has no handler
[DEBUG Mar  8 14:27:49.915239248, errs.go:68] Created error: Service is already running
[DEBUG Mar  8 14:27:49.944035747, secrets.go:35] Gcloud Secretmanager failed to initialize (ignore if you're not trying to use gcloud): google: could not find default credentials. See https://developers.google.com/accounts/docs/application-default-credentials for more information.
[DEBUG Mar  8 14:27:49.947431012, output.go:53] Requested outputer for 
[DEBUG Mar  8 14:27:49.947452228, output.go:58] Using Plain outputer
[DEBUG Mar  8 14:27:49.947515721, termutils.go:17] Cannot get terminal size: inappropriate ioctl for device
[DEBUG Mar  8 14:27:49.947695931, client.go:128] Reporting event to 2 reporters: run-command, state-svc start, 
[DEBUG Mar  8 14:27:49.947700841, main.go:107] Running CmdStart
[DEBUG Mar  8 14:27:49.953598034, errs.go:75] Wrapped error: Service is already running -- with: valueF failed
[DEBUG Mar  8 14:27:49.953655427, errs.go:75] Wrapped error: valueF failed -- with: Could not store pid
[DEBUG Mar  8 14:27:49.953725616, errors.go:113] Wrapped input error: Could not store pid -- with: A State Service instance is already running in the background.
[DEBUG Mar  8 14:27:49.953738611, errs.go:75] Wrapped error: A State Service instance is already running in the background. -- with: Could not start serviceManager
[DEBUG Mar  8 14:27:49.953839764, client.go:128] Reporting event to 2 reporters: command-exit, state-svc start, 1
[DEBUG Mar  8 14:27:50.324669693, errs.go:75] Wrapped error: <nil> -- with: Could not start serviceManager: A State Service instance is already running in the background.: Could not store pid: valueF failed: Service is already running
[DEBUG Mar  8 14:27:50.324723051, main.go:61] state-svc errored out due to input: Could not start serviceManager: A State Service instance is already running in the background.: Could not store pid: valueF failed: Service is already running
