[DEBUG Aug  2 07:41:24.569854921, defaults.go:273] Args: [/home1/wangfeim/.local/ActiveState/StateTool/release/bin/state-svc start]
[DEBUG Aug  2 07:41:24.583830298, locale.go:38] Init
[DEBUG Aug  2 07:41:25.184589618, errs.go:68] Created error: File could not be found
[DEBUG Aug  2 07:41:25.187672181, errs.go:68] Created error: Not Recognized
[DEBUG Aug  2 07:41:25.207889170, errs.go:68] Created error: Secret not found
[DEBUG Aug  2 07:41:25.207947549, errs.go:68] Created error: Could not save keypair
[DEBUG Aug  2 07:41:25.208130991, errs.go:68] Created error: Build responded with error
[DEBUG Aug  2 07:41:25.208163405, errs.go:68] Created error: Unknown build type
[DEBUG Aug  2 07:41:25.208281966, errors.go:86] Wrapped localized error: <nil> -- with: The installed version of the State Tool Service does not match that of the client.
Please stop the service with [ACTIONABLE]state-svc stop[/RESET] and try your command again.
If this issue persists please reinstall the State Tool.

[DEBUG Aug  2 07:41:25.208295458, errs.go:68] Created error: no data
[DEBUG Aug  2 07:41:25.208319246, errs.go:68] Created error: member not found
[DEBUG Aug  2 07:41:25.208340843, errs.go:68] Created error: Commit count is unknowable
[DEBUG Aug  2 07:41:25.208362847, errs.go:68] Created error: No merge required
[DEBUG Aug  2 07:41:25.208384010, errs.go:68] Created error: Can't merge commit thats already in target commits history
[DEBUG Aug  2 07:41:25.208408738, errs.go:68] Created error: Bad expander name
[DEBUG Aug  2 07:41:25.208430011, errs.go:68] Created error: Expander has no handler
[DEBUG Aug  2 07:41:25.210501232, errs.go:68] Created error: Service is already running
[DEBUG Aug  2 07:41:25.236463464, secrets.go:35] Gcloud Secretmanager failed to initialize (ignore if you're not trying to use gcloud): google: could not find default credentials. See https://developers.google.com/accounts/docs/application-default-credentials for more information.
[DEBUG Aug  2 07:41:25.239857092, output.go:53] Requested outputer for 
[DEBUG Aug  2 07:41:25.240224889, output.go:58] Using Plain outputer
[DEBUG Aug  2 07:41:25.240466347, termutils.go:17] Cannot get terminal size: inappropriate ioctl for device
[DEBUG Aug  2 07:41:25.240656821, client.go:128] Reporting event to 2 reporters: run-command, state-svc start, 
[DEBUG Aug  2 07:41:25.240811298, main.go:107] Running CmdStart
[DEBUG Aug  2 07:41:25.247299343, errs.go:75] Wrapped error: Service is already running -- with: valueF failed
[DEBUG Aug  2 07:41:25.247363817, errs.go:75] Wrapped error: valueF failed -- with: Could not store pid
[DEBUG Aug  2 07:41:25.247445163, errors.go:113] Wrapped input error: Could not store pid -- with: A State Service instance is already running in the background.
[DEBUG Aug  2 07:41:25.247460623, errs.go:75] Wrapped error: A State Service instance is already running in the background. -- with: Could not start serviceManager
[DEBUG Aug  2 07:41:25.247564976, client.go:128] Reporting event to 2 reporters: command-exit, state-svc start, 1
[DEBUG Aug  2 07:41:25.608030271, errs.go:75] Wrapped error: <nil> -- with: Could not start serviceManager: A State Service instance is already running in the background.: Could not store pid: valueF failed: Service is already running
[DEBUG Aug  2 07:41:25.608089980, main.go:61] state-svc errored out due to input: Could not start serviceManager: A State Service instance is already running in the background.: Could not store pid: valueF failed: Service is already running
