[DEBUG Aug  2 07:43:11.604815996, defaults.go:273] Args: [/home1/wangfeim/.local/ActiveState/StateTool/release/bin/state-svc start]
[DEBUG Aug  2 07:43:11.618610206, locale.go:38] Init
[DEBUG Aug  2 07:43:11.672855832, errs.go:68] Created error: File could not be found
[DEBUG Aug  2 07:43:11.675833109, errs.go:68] Created error: Not Recognized
[DEBUG Aug  2 07:43:11.697497371, errs.go:68] Created error: Secret not found
[DEBUG Aug  2 07:43:11.697562640, errs.go:68] Created error: Could not save keypair
[DEBUG Aug  2 07:43:11.697746680, errs.go:68] Created error: Build responded with error
[DEBUG Aug  2 07:43:11.697775282, errs.go:68] Created error: Unknown build type
[DEBUG Aug  2 07:43:11.697891372, errors.go:86] Wrapped localized error: <nil> -- with: The installed version of the State Tool Service does not match that of the client.
Please stop the service with [ACTIONABLE]state-svc stop[/RESET] and try your command again.
If this issue persists please reinstall the State Tool.

[DEBUG Aug  2 07:43:11.697907873, errs.go:68] Created error: no data
[DEBUG Aug  2 07:43:11.697931863, errs.go:68] Created error: member not found
[DEBUG Aug  2 07:43:11.697971912, errs.go:68] Created error: Commit count is unknowable
[DEBUG Aug  2 07:43:11.697996614, errs.go:68] Created error: No merge required
[DEBUG Aug  2 07:43:11.698031863, errs.go:68] Created error: Can't merge commit thats already in target commits history
[DEBUG Aug  2 07:43:11.698059095, errs.go:68] Created error: Bad expander name
[DEBUG Aug  2 07:43:11.698084457, errs.go:68] Created error: Expander has no handler
[DEBUG Aug  2 07:43:11.699274622, errs.go:68] Created error: Service is already running
[DEBUG Aug  2 07:43:11.730319242, secrets.go:35] Gcloud Secretmanager failed to initialize (ignore if you're not trying to use gcloud): google: could not find default credentials. See https://developers.google.com/accounts/docs/application-default-credentials for more information.
[DEBUG Aug  2 07:43:11.733986002, output.go:53] Requested outputer for 
[DEBUG Aug  2 07:43:11.734019022, output.go:58] Using Plain outputer
[DEBUG Aug  2 07:43:11.734103179, termutils.go:17] Cannot get terminal size: inappropriate ioctl for device
[DEBUG Aug  2 07:43:11.734208624, client.go:128] Reporting event to 2 reporters: run-command, state-svc start, 
[DEBUG Aug  2 07:43:11.734236670, main.go:107] Running CmdStart
[DEBUG Aug  2 07:43:11.740296595, errs.go:75] Wrapped error: Service is already running -- with: valueF failed
[DEBUG Aug  2 07:43:11.740356407, errs.go:75] Wrapped error: valueF failed -- with: Could not store pid
[DEBUG Aug  2 07:43:11.740440093, errors.go:113] Wrapped input error: Could not store pid -- with: A State Service instance is already running in the background.
[DEBUG Aug  2 07:43:11.740461389, errs.go:75] Wrapped error: A State Service instance is already running in the background. -- with: Could not start serviceManager
[DEBUG Aug  2 07:43:11.740534516, client.go:128] Reporting event to 2 reporters: command-exit, state-svc start, 1
[DEBUG Aug  2 07:43:12.108453823, errs.go:75] Wrapped error: <nil> -- with: Could not start serviceManager: A State Service instance is already running in the background.: Could not store pid: valueF failed: Service is already running
[DEBUG Aug  2 07:43:12.108521661, main.go:61] state-svc errored out due to input: Could not start serviceManager: A State Service instance is already running in the background.: Could not store pid: valueF failed: Service is already running
