[DEBUG Sep  8 22:45:27.862293594, defaults.go:273] Args: [/home1/wangfeim/.local/ActiveState/StateTool/release/bin/state-svc start]
[DEBUG Sep  8 22:45:27.873998267, locale.go:38] Init
[DEBUG Sep  8 22:45:27.935933884, errs.go:68] Created error: File could not be found
[DEBUG Sep  8 22:45:27.938381982, errs.go:68] Created error: Not Recognized
[DEBUG Sep  8 22:45:27.955497426, errs.go:68] Created error: Secret not found
[DEBUG Sep  8 22:45:27.955536038, errs.go:68] Created error: Could not save keypair
[DEBUG Sep  8 22:45:27.955685067, errs.go:68] Created error: Build responded with error
[DEBUG Sep  8 22:45:27.955711322, errs.go:68] Created error: Unknown build type
[DEBUG Sep  8 22:45:27.955808878, errors.go:86] Wrapped localized error: <nil> -- with: The installed version of the State Tool Service does not match that of the client.
Please stop the service with [ACTIONABLE]state-svc stop[/RESET] and try your command again.
If this issue persists please reinstall the State Tool.

[DEBUG Sep  8 22:45:27.955822216, errs.go:68] Created error: no data
[DEBUG Sep  8 22:45:27.955843163, errs.go:68] Created error: member not found
[DEBUG Sep  8 22:45:27.955861535, errs.go:68] Created error: Commit count is unknowable
[DEBUG Sep  8 22:45:27.955879410, errs.go:68] Created error: No merge required
[DEBUG Sep  8 22:45:27.955897498, errs.go:68] Created error: Can't merge commit thats already in target commits history
[DEBUG Sep  8 22:45:27.955915571, errs.go:68] Created error: Bad expander name
[DEBUG Sep  8 22:45:27.955932373, errs.go:68] Created error: Expander has no handler
[DEBUG Sep  8 22:45:27.956870955, errs.go:68] Created error: Service is already running
[DEBUG Sep  8 22:45:27.979525035, secrets.go:35] Gcloud Secretmanager failed to initialize (ignore if you're not trying to use gcloud): google: could not find default credentials. See https://developers.google.com/accounts/docs/application-default-credentials for more information.
[DEBUG Sep  8 22:45:27.982429941, output.go:53] Requested outputer for 
[DEBUG Sep  8 22:45:27.982447179, output.go:58] Using Plain outputer
[DEBUG Sep  8 22:45:27.982505467, termutils.go:17] Cannot get terminal size: inappropriate ioctl for device
[DEBUG Sep  8 22:45:27.982598986, client.go:128] Reporting event to 2 reporters: run-command, state-svc start, 
[DEBUG Sep  8 22:45:27.982630279, main.go:107] Running CmdStart
[DEBUG Sep  8 22:45:27.987561399, errs.go:75] Wrapped error: Service is already running -- with: valueF failed
[DEBUG Sep  8 22:45:27.987609414, errs.go:75] Wrapped error: valueF failed -- with: Could not store pid
[DEBUG Sep  8 22:45:27.987672935, errors.go:113] Wrapped input error: Could not store pid -- with: A State Service instance is already running in the background.
[DEBUG Sep  8 22:45:27.987683952, errs.go:75] Wrapped error: A State Service instance is already running in the background. -- with: Could not start serviceManager
[DEBUG Sep  8 22:45:27.987745455, client.go:128] Reporting event to 2 reporters: command-exit, state-svc start, 1
[DEBUG Sep  8 22:45:28.626014460, errs.go:75] Wrapped error: <nil> -- with: Could not start serviceManager: A State Service instance is already running in the background.: Could not store pid: valueF failed: Service is already running
[DEBUG Sep  8 22:45:28.626090451, main.go:61] state-svc errored out due to input: Could not start serviceManager: A State Service instance is already running in the background.: Could not store pid: valueF failed: Service is already running
