[DEBUG Aug  2 08:11:18.927455312, defaults.go:273] Args: [/home1/wangfeim/.local/ActiveState/StateTool/release/bin/state-svc start]
[DEBUG Aug  2 08:11:18.942416254, locale.go:38] Init
[DEBUG Aug  2 08:11:19.004218641, errs.go:68] Created error: File could not be found
[DEBUG Aug  2 08:11:19.007401924, errs.go:68] Created error: Not Recognized
[DEBUG Aug  2 08:11:19.029306979, errs.go:68] Created error: Secret not found
[DEBUG Aug  2 08:11:19.029384944, errs.go:68] Created error: Could not save keypair
[DEBUG Aug  2 08:11:19.029679245, errs.go:68] Created error: Build responded with error
[DEBUG Aug  2 08:11:19.029744048, errs.go:68] Created error: Unknown build type
[DEBUG Aug  2 08:11:19.029871556, errors.go:86] Wrapped localized error: <nil> -- with: The installed version of the State Tool Service does not match that of the client.
Please stop the service with [ACTIONABLE]state-svc stop[/RESET] and try your command again.
If this issue persists please reinstall the State Tool.

[DEBUG Aug  2 08:11:19.029887108, errs.go:68] Created error: no data
[DEBUG Aug  2 08:11:19.029913202, errs.go:68] Created error: member not found
[DEBUG Aug  2 08:11:19.029937829, errs.go:68] Created error: Commit count is unknowable
[DEBUG Aug  2 08:11:19.029961534, errs.go:68] Created error: No merge required
[DEBUG Aug  2 08:11:19.029985498, errs.go:68] Created error: Can't merge commit thats already in target commits history
[DEBUG Aug  2 08:11:19.030017897, errs.go:68] Created error: Bad expander name
[DEBUG Aug  2 08:11:19.030042754, errs.go:68] Created error: Expander has no handler
[DEBUG Aug  2 08:11:19.031220145, errs.go:68] Created error: Service is already running
[DEBUG Aug  2 08:11:19.102311772, secrets.go:35] Gcloud Secretmanager failed to initialize (ignore if you're not trying to use gcloud): google: could not find default credentials. See https://developers.google.com/accounts/docs/application-default-credentials for more information.
[DEBUG Aug  2 08:11:19.106472898, output.go:53] Requested outputer for 
[DEBUG Aug  2 08:11:19.106495167, output.go:58] Using Plain outputer
[DEBUG Aug  2 08:11:19.106592790, termutils.go:17] Cannot get terminal size: inappropriate ioctl for device
[DEBUG Aug  2 08:11:19.106666507, client.go:128] Reporting event to 2 reporters: run-command, state-svc start, 
[DEBUG Aug  2 08:11:19.106750221, main.go:107] Running CmdStart
[DEBUG Aug  2 08:11:19.112352748, errs.go:75] Wrapped error: Service is already running -- with: valueF failed
[DEBUG Aug  2 08:11:19.112411675, errs.go:75] Wrapped error: valueF failed -- with: Could not store pid
[DEBUG Aug  2 08:11:19.112491053, errors.go:113] Wrapped input error: Could not store pid -- with: A State Service instance is already running in the background.
[DEBUG Aug  2 08:11:19.112505661, errs.go:75] Wrapped error: A State Service instance is already running in the background. -- with: Could not start serviceManager
[DEBUG Aug  2 08:11:19.112607373, client.go:128] Reporting event to 2 reporters: command-exit, state-svc start, 1
[DEBUG Aug  2 08:11:19.476755532, errs.go:75] Wrapped error: <nil> -- with: Could not start serviceManager: A State Service instance is already running in the background.: Could not store pid: valueF failed: Service is already running
[DEBUG Aug  2 08:11:19.476841224, main.go:61] state-svc errored out due to input: Could not start serviceManager: A State Service instance is already running in the background.: Could not store pid: valueF failed: Service is already running
