[DEBUG Sep 17 22:43:36.573945581, defaults.go:273] Args: [/home1/wangfeim/.local/ActiveState/StateTool/release/bin/state-svc start]
[DEBUG Sep 17 22:43:36.588983589, locale.go:38] Init
[DEBUG Sep 17 22:43:36.622423951, errs.go:68] Created error: File could not be found
[DEBUG Sep 17 22:43:36.625876686, errs.go:68] Created error: Not Recognized
[DEBUG Sep 17 22:43:36.650233725, errs.go:68] Created error: Secret not found
[DEBUG Sep 17 22:43:36.650301724, errs.go:68] Created error: Could not save keypair
[DEBUG Sep 17 22:43:36.650499485, errs.go:68] Created error: Build responded with error
[DEBUG Sep 17 22:43:36.650530379, errs.go:68] Created error: Unknown build type
[DEBUG Sep 17 22:43:36.650643677, errors.go:86] Wrapped localized error: <nil> -- with: The installed version of the State Tool Service does not match that of the client.
Please stop the service with [ACTIONABLE]state-svc stop[/RESET] and try your command again.
If this issue persists please reinstall the State Tool.

[DEBUG Sep 17 22:43:36.650655666, errs.go:68] Created error: no data
[DEBUG Sep 17 22:43:36.650679198, errs.go:68] Created error: member not found
[DEBUG Sep 17 22:43:36.650701759, errs.go:68] Created error: Commit count is unknowable
[DEBUG Sep 17 22:43:36.650723828, errs.go:68] Created error: No merge required
[DEBUG Sep 17 22:43:36.650745122, errs.go:68] Created error: Can't merge commit thats already in target commits history
[DEBUG Sep 17 22:43:36.650768585, errs.go:68] Created error: Bad expander name
[DEBUG Sep 17 22:43:36.650789746, errs.go:68] Created error: Expander has no handler
[DEBUG Sep 17 22:43:36.652302448, errs.go:68] Created error: Service is already running
[DEBUG Sep 17 22:43:36.945167598, secrets.go:35] Gcloud Secretmanager failed to initialize (ignore if you're not trying to use gcloud): google: could not find default credentials. See https://developers.google.com/accounts/docs/application-default-credentials for more information.
[DEBUG Sep 17 22:43:36.955966487, output.go:53] Requested outputer for 
[DEBUG Sep 17 22:43:36.956029757, output.go:58] Using Plain outputer
[DEBUG Sep 17 22:43:36.956445449, termutils.go:17] Cannot get terminal size: inappropriate ioctl for device
[DEBUG Sep 17 22:43:36.956568239, main.go:107] Running CmdStart
[DEBUG Sep 17 22:43:36.956974568, client.go:128] Reporting event to 2 reporters: run-command, state-svc start, 
[DEBUG Sep 17 22:43:36.958999261, exeutils.go:149] Executing: /home1/wangfeim/.local/ActiveState/StateTool/release/bin/state-svc [foreground]
[DEBUG Sep 17 22:43:36.989638804, manager.go:68] Process started using pid 7247
[DEBUG Sep 17 22:43:36.989732615, client.go:128] Reporting event to 2 reporters: command-exit, state-svc start, 0
