[DEBUG Aug  2 07:46:58.030097792, defaults.go:273] Args: [/home1/wangfeim/.local/ActiveState/StateTool/release/bin/state-svc start]
[DEBUG Aug  2 07:46:58.043491657, locale.go:38] Init
[DEBUG Aug  2 07:46:58.124695363, errs.go:68] Created error: File could not be found
[DEBUG Aug  2 07:46:58.128021123, errs.go:68] Created error: Not Recognized
[DEBUG Aug  2 07:46:58.192461999, errs.go:68] Created error: Secret not found
[DEBUG Aug  2 07:46:58.192515521, errs.go:68] Created error: Could not save keypair
[DEBUG Aug  2 07:46:58.192695086, errs.go:68] Created error: Build responded with error
[DEBUG Aug  2 07:46:58.192723819, errs.go:68] Created error: Unknown build type
[DEBUG Aug  2 07:46:58.192838654, errors.go:86] Wrapped localized error: <nil> -- with: The installed version of the State Tool Service does not match that of the client.
Please stop the service with [ACTIONABLE]state-svc stop[/RESET] and try your command again.
If this issue persists please reinstall the State Tool.

[DEBUG Aug  2 07:46:58.192853443, errs.go:68] Created error: no data
[DEBUG Aug  2 07:46:58.192877347, errs.go:68] Created error: member not found
[DEBUG Aug  2 07:46:58.192903821, errs.go:68] Created error: Commit count is unknowable
[DEBUG Aug  2 07:46:58.192932266, errs.go:68] Created error: No merge required
[DEBUG Aug  2 07:46:58.192954696, errs.go:68] Created error: Can't merge commit thats already in target commits history
[DEBUG Aug  2 07:46:58.192981751, errs.go:68] Created error: Bad expander name
[DEBUG Aug  2 07:46:58.193004255, errs.go:68] Created error: Expander has no handler
[DEBUG Aug  2 07:46:58.194082120, errs.go:68] Created error: Service is already running
[DEBUG Aug  2 07:46:58.220766058, secrets.go:35] Gcloud Secretmanager failed to initialize (ignore if you're not trying to use gcloud): google: could not find default credentials. See https://developers.google.com/accounts/docs/application-default-credentials for more information.
[DEBUG Aug  2 07:46:58.223961998, output.go:53] Requested outputer for 
[DEBUG Aug  2 07:46:58.223982035, output.go:58] Using Plain outputer
[DEBUG Aug  2 07:46:58.224055601, termutils.go:17] Cannot get terminal size: inappropriate ioctl for device
[DEBUG Aug  2 07:46:58.224146197, client.go:128] Reporting event to 2 reporters: run-command, state-svc start, 
[DEBUG Aug  2 07:46:58.224187318, main.go:107] Running CmdStart
[DEBUG Aug  2 07:46:58.230601993, errs.go:75] Wrapped error: Service is already running -- with: valueF failed
[DEBUG Aug  2 07:46:58.230855003, errs.go:75] Wrapped error: valueF failed -- with: Could not store pid
[DEBUG Aug  2 07:46:58.231597377, errors.go:113] Wrapped input error: Could not store pid -- with: A State Service instance is already running in the background.
[DEBUG Aug  2 07:46:58.231684410, errs.go:75] Wrapped error: A State Service instance is already running in the background. -- with: Could not start serviceManager
[DEBUG Aug  2 07:46:58.231873672, client.go:128] Reporting event to 2 reporters: command-exit, state-svc start, 1
[DEBUG Aug  2 07:46:58.577979392, errs.go:75] Wrapped error: <nil> -- with: Could not start serviceManager: A State Service instance is already running in the background.: Could not store pid: valueF failed: Service is already running
[DEBUG Aug  2 07:46:58.578039085, main.go:61] state-svc errored out due to input: Could not start serviceManager: A State Service instance is already running in the background.: Could not store pid: valueF failed: Service is already running
