[DEBUG Sep 17 23:47:32.045407620, defaults.go:273] Args: [/home1/wangfeim/.local/ActiveState/StateTool/release/bin/state-svc start]
[DEBUG Sep 17 23:47:32.063224009, locale.go:38] Init
[DEBUG Sep 17 23:47:32.093680277, errs.go:68] Created error: File could not be found
[DEBUG Sep 17 23:47:32.097080799, errs.go:68] Created error: Not Recognized
[DEBUG Sep 17 23:47:32.118897966, errs.go:68] Created error: Secret not found
[DEBUG Sep 17 23:47:32.118943548, errs.go:68] Created error: Could not save keypair
[DEBUG Sep 17 23:47:32.119152464, errs.go:68] Created error: Build responded with error
[DEBUG Sep 17 23:47:32.119192788, errs.go:68] Created error: Unknown build type
[DEBUG Sep 17 23:47:32.119410402, errors.go:86] Wrapped localized error: <nil> -- with: The installed version of the State Tool Service does not match that of the client.
Please stop the service with [ACTIONABLE]state-svc stop[/RESET] and try your command again.
If this issue persists please reinstall the State Tool.

[DEBUG Sep 17 23:47:32.119429879, errs.go:68] Created error: no data
[DEBUG Sep 17 23:47:32.119454491, errs.go:68] Created error: member not found
[DEBUG Sep 17 23:47:32.119478814, errs.go:68] Created error: Commit count is unknowable
[DEBUG Sep 17 23:47:32.119503386, errs.go:68] Created error: No merge required
[DEBUG Sep 17 23:47:32.119528676, errs.go:68] Created error: Can't merge commit thats already in target commits history
[DEBUG Sep 17 23:47:32.119553750, errs.go:68] Created error: Bad expander name
[DEBUG Sep 17 23:47:32.119577977, errs.go:68] Created error: Expander has no handler
[DEBUG Sep 17 23:47:32.121886267, errs.go:68] Created error: Service is already running
[DEBUG Sep 17 23:47:32.153873489, secrets.go:35] Gcloud Secretmanager failed to initialize (ignore if you're not trying to use gcloud): google: could not find default credentials. See https://developers.google.com/accounts/docs/application-default-credentials for more information.
[DEBUG Sep 17 23:47:32.157971866, output.go:53] Requested outputer for 
[DEBUG Sep 17 23:47:32.157989934, output.go:58] Using Plain outputer
[DEBUG Sep 17 23:47:32.158076607, termutils.go:17] Cannot get terminal size: inappropriate ioctl for device
[DEBUG Sep 17 23:47:32.158171374, main.go:107] Running CmdStart
[DEBUG Sep 17 23:47:32.160963570, errs.go:75] Wrapped error: Service is already running -- with: valueF failed
[DEBUG Sep 17 23:47:32.161003230, errs.go:75] Wrapped error: valueF failed -- with: Could not store pid
[DEBUG Sep 17 23:47:32.161061817, errors.go:113] Wrapped input error: Could not store pid -- with: A State Service instance is already running in the background.
[DEBUG Sep 17 23:47:32.161074171, errs.go:75] Wrapped error: A State Service instance is already running in the background. -- with: Could not start serviceManager
[DEBUG Sep 17 23:47:32.161138049, client.go:128] Reporting event to 2 reporters: command-exit, state-svc start, 1
[DEBUG Sep 17 23:47:32.161330588, client.go:128] Reporting event to 2 reporters: run-command, state-svc start, 
[DEBUG Sep 17 23:47:32.547524048, errs.go:75] Wrapped error: <nil> -- with: Could not start serviceManager: A State Service instance is already running in the background.: Could not store pid: valueF failed: Service is already running
[DEBUG Sep 17 23:47:32.547558149, main.go:61] state-svc errored out due to input: Could not start serviceManager: A State Service instance is already running in the background.: Could not store pid: valueF failed: Service is already running
