[DEBUG Aug  2 08:00:25.923131320, defaults.go:273] Args: [/home1/wangfeim/.local/ActiveState/StateTool/release/bin/state-svc start]
[DEBUG Aug  2 08:00:25.936707226, locale.go:38] Init
[DEBUG Aug  2 08:00:26.234171227, errs.go:68] Created error: File could not be found
[DEBUG Aug  2 08:00:26.237364741, errs.go:68] Created error: Not Recognized
[DEBUG Aug  2 08:00:26.260299865, errs.go:68] Created error: Secret not found
[DEBUG Aug  2 08:00:26.260359530, errs.go:68] Created error: Could not save keypair
[DEBUG Aug  2 08:00:26.260536101, errs.go:68] Created error: Build responded with error
[DEBUG Aug  2 08:00:26.260579348, errs.go:68] Created error: Unknown build type
[DEBUG Aug  2 08:00:26.260716630, errors.go:86] Wrapped localized error: <nil> -- with: The installed version of the State Tool Service does not match that of the client.
Please stop the service with [ACTIONABLE]state-svc stop[/RESET] and try your command again.
If this issue persists please reinstall the State Tool.

[DEBUG Aug  2 08:00:26.260734204, errs.go:68] Created error: no data
[DEBUG Aug  2 08:00:26.260760313, errs.go:68] Created error: member not found
[DEBUG Aug  2 08:00:26.260805372, errs.go:68] Created error: Commit count is unknowable
[DEBUG Aug  2 08:00:26.260830579, errs.go:68] Created error: No merge required
[DEBUG Aug  2 08:00:26.260853723, errs.go:68] Created error: Can't merge commit thats already in target commits history
[DEBUG Aug  2 08:00:26.260877926, errs.go:68] Created error: Bad expander name
[DEBUG Aug  2 08:00:26.260902745, errs.go:68] Created error: Expander has no handler
[DEBUG Aug  2 08:00:26.262313235, errs.go:68] Created error: Service is already running
[DEBUG Aug  2 08:00:26.301581521, secrets.go:35] Gcloud Secretmanager failed to initialize (ignore if you're not trying to use gcloud): google: could not find default credentials. See https://developers.google.com/accounts/docs/application-default-credentials for more information.
[DEBUG Aug  2 08:00:26.305344149, output.go:53] Requested outputer for 
[DEBUG Aug  2 08:00:26.305368698, output.go:58] Using Plain outputer
[DEBUG Aug  2 08:00:26.305462153, termutils.go:17] Cannot get terminal size: inappropriate ioctl for device
[DEBUG Aug  2 08:00:26.305573415, client.go:128] Reporting event to 2 reporters: run-command, state-svc start, 
[DEBUG Aug  2 08:00:26.305662866, main.go:107] Running CmdStart
[DEBUG Aug  2 08:00:26.311683924, errs.go:75] Wrapped error: Service is already running -- with: valueF failed
[DEBUG Aug  2 08:00:26.311745114, errs.go:75] Wrapped error: valueF failed -- with: Could not store pid
[DEBUG Aug  2 08:00:26.311820600, errors.go:113] Wrapped input error: Could not store pid -- with: A State Service instance is already running in the background.
[DEBUG Aug  2 08:00:26.311835364, errs.go:75] Wrapped error: A State Service instance is already running in the background. -- with: Could not start serviceManager
[DEBUG Aug  2 08:00:26.311914085, client.go:128] Reporting event to 2 reporters: command-exit, state-svc start, 1
[DEBUG Aug  2 08:00:26.695324475, errs.go:75] Wrapped error: <nil> -- with: Could not start serviceManager: A State Service instance is already running in the background.: Could not store pid: valueF failed: Service is already running
[DEBUG Aug  2 08:00:26.695411098, main.go:61] state-svc errored out due to input: Could not start serviceManager: A State Service instance is already running in the background.: Could not store pid: valueF failed: Service is already running
