[DEBUG Aug  2 08:05:53.769400954, defaults.go:273] Args: [/home1/wangfeim/.local/ActiveState/StateTool/release/bin/state-svc start]
[DEBUG Aug  2 08:05:53.783508044, locale.go:38] Init
[DEBUG Aug  2 08:05:54.066075892, errs.go:68] Created error: File could not be found
[DEBUG Aug  2 08:05:54.069393586, errs.go:68] Created error: Not Recognized
[DEBUG Aug  2 08:05:54.091415671, errs.go:68] Created error: Secret not found
[DEBUG Aug  2 08:05:54.091470743, errs.go:68] Created error: Could not save keypair
[DEBUG Aug  2 08:05:54.091647624, errs.go:68] Created error: Build responded with error
[DEBUG Aug  2 08:05:54.091677222, errs.go:68] Created error: Unknown build type
[DEBUG Aug  2 08:05:54.091802604, errors.go:86] Wrapped localized error: <nil> -- with: The installed version of the State Tool Service does not match that of the client.
Please stop the service with [ACTIONABLE]state-svc stop[/RESET] and try your command again.
If this issue persists please reinstall the State Tool.

[DEBUG Aug  2 08:05:54.091818763, errs.go:68] Created error: no data
[DEBUG Aug  2 08:05:54.091844402, errs.go:68] Created error: member not found
[DEBUG Aug  2 08:05:54.091869281, errs.go:68] Created error: Commit count is unknowable
[DEBUG Aug  2 08:05:54.091892150, errs.go:68] Created error: No merge required
[DEBUG Aug  2 08:05:54.091926737, errs.go:68] Created error: Can't merge commit thats already in target commits history
[DEBUG Aug  2 08:05:54.091951357, errs.go:68] Created error: Bad expander name
[DEBUG Aug  2 08:05:54.091974036, errs.go:68] Created error: Expander has no handler
[DEBUG Aug  2 08:05:54.093042955, errs.go:68] Created error: Service is already running
[DEBUG Aug  2 08:05:54.124081184, secrets.go:35] Gcloud Secretmanager failed to initialize (ignore if you're not trying to use gcloud): google: could not find default credentials. See https://developers.google.com/accounts/docs/application-default-credentials for more information.
[DEBUG Aug  2 08:05:54.128537103, output.go:53] Requested outputer for 
[DEBUG Aug  2 08:05:54.128569191, output.go:58] Using Plain outputer
[DEBUG Aug  2 08:05:54.128641237, termutils.go:17] Cannot get terminal size: inappropriate ioctl for device
[DEBUG Aug  2 08:05:54.128734524, client.go:128] Reporting event to 2 reporters: run-command, state-svc start, 
[DEBUG Aug  2 08:05:54.128781263, main.go:107] Running CmdStart
[DEBUG Aug  2 08:05:54.135817576, errs.go:75] Wrapped error: Service is already running -- with: valueF failed
[DEBUG Aug  2 08:05:54.135891399, errs.go:75] Wrapped error: valueF failed -- with: Could not store pid
[DEBUG Aug  2 08:05:54.135974263, errors.go:113] Wrapped input error: Could not store pid -- with: A State Service instance is already running in the background.
[DEBUG Aug  2 08:05:54.135989623, errs.go:75] Wrapped error: A State Service instance is already running in the background. -- with: Could not start serviceManager
[DEBUG Aug  2 08:05:54.136062394, client.go:128] Reporting event to 2 reporters: command-exit, state-svc start, 1
[DEBUG Aug  2 08:05:54.512312890, errs.go:75] Wrapped error: <nil> -- with: Could not start serviceManager: A State Service instance is already running in the background.: Could not store pid: valueF failed: Service is already running
[DEBUG Aug  2 08:05:54.512411110, main.go:61] state-svc errored out due to input: Could not start serviceManager: A State Service instance is already running in the background.: Could not store pid: valueF failed: Service is already running
