[DEBUG Aug  2 08:04:53.976142450, defaults.go:273] Args: [/home1/wangfeim/.local/ActiveState/StateTool/release/bin/state-svc start]
[DEBUG Aug  2 08:04:53.989611666, locale.go:38] Init
[DEBUG Aug  2 08:04:54.089351308, errs.go:68] Created error: File could not be found
[DEBUG Aug  2 08:04:54.092532001, errs.go:68] Created error: Not Recognized
[DEBUG Aug  2 08:04:54.115899654, errs.go:68] Created error: Secret not found
[DEBUG Aug  2 08:04:54.115966841, errs.go:68] Created error: Could not save keypair
[DEBUG Aug  2 08:04:54.116148711, errs.go:68] Created error: Build responded with error
[DEBUG Aug  2 08:04:54.116184589, errs.go:68] Created error: Unknown build type
[DEBUG Aug  2 08:04:54.116328180, errors.go:86] Wrapped localized error: <nil> -- with: The installed version of the State Tool Service does not match that of the client.
Please stop the service with [ACTIONABLE]state-svc stop[/RESET] and try your command again.
If this issue persists please reinstall the State Tool.

[DEBUG Aug  2 08:04:54.116345513, errs.go:68] Created error: no data
[DEBUG Aug  2 08:04:54.116371943, errs.go:68] Created error: member not found
[DEBUG Aug  2 08:04:54.116397261, errs.go:68] Created error: Commit count is unknowable
[DEBUG Aug  2 08:04:54.116422739, errs.go:68] Created error: No merge required
[DEBUG Aug  2 08:04:54.116452603, errs.go:68] Created error: Can't merge commit thats already in target commits history
[DEBUG Aug  2 08:04:54.116480212, errs.go:68] Created error: Bad expander name
[DEBUG Aug  2 08:04:54.116505486, errs.go:68] Created error: Expander has no handler
[DEBUG Aug  2 08:04:54.117637051, errs.go:68] Created error: Service is already running
[DEBUG Aug  2 08:04:54.196840345, secrets.go:35] Gcloud Secretmanager failed to initialize (ignore if you're not trying to use gcloud): google: could not find default credentials. See https://developers.google.com/accounts/docs/application-default-credentials for more information.
[DEBUG Aug  2 08:04:54.200010270, output.go:53] Requested outputer for 
[DEBUG Aug  2 08:04:54.200035383, output.go:58] Using Plain outputer
[DEBUG Aug  2 08:04:54.200111121, termutils.go:17] Cannot get terminal size: inappropriate ioctl for device
[DEBUG Aug  2 08:04:54.200234048, client.go:128] Reporting event to 2 reporters: run-command, state-svc start, 
[DEBUG Aug  2 08:04:54.200262733, main.go:107] Running CmdStart
[DEBUG Aug  2 08:04:54.205947770, errs.go:75] Wrapped error: Service is already running -- with: valueF failed
[DEBUG Aug  2 08:04:54.206015326, errs.go:75] Wrapped error: valueF failed -- with: Could not store pid
[DEBUG Aug  2 08:04:54.206090722, errors.go:113] Wrapped input error: Could not store pid -- with: A State Service instance is already running in the background.
[DEBUG Aug  2 08:04:54.206104644, errs.go:75] Wrapped error: A State Service instance is already running in the background. -- with: Could not start serviceManager
[DEBUG Aug  2 08:04:54.206195042, client.go:128] Reporting event to 2 reporters: command-exit, state-svc start, 1
[DEBUG Aug  2 08:04:54.587555840, errs.go:75] Wrapped error: <nil> -- with: Could not start serviceManager: A State Service instance is already running in the background.: Could not store pid: valueF failed: Service is already running
[DEBUG Aug  2 08:04:54.587634866, main.go:61] state-svc errored out due to input: Could not start serviceManager: A State Service instance is already running in the background.: Could not store pid: valueF failed: Service is already running
