[DEBUG Aug  2 08:05:40.604189505, defaults.go:273] Args: [/home1/wangfeim/.local/ActiveState/StateTool/release/bin/state-svc start]
[DEBUG Aug  2 08:05:40.619491395, locale.go:38] Init
[DEBUG Aug  2 08:05:40.904278903, errs.go:68] Created error: File could not be found
[DEBUG Aug  2 08:05:40.907424297, errs.go:68] Created error: Not Recognized
[DEBUG Aug  2 08:05:40.929750792, errs.go:68] Created error: Secret not found
[DEBUG Aug  2 08:05:40.929810397, errs.go:68] Created error: Could not save keypair
[DEBUG Aug  2 08:05:40.929983967, errs.go:68] Created error: Build responded with error
[DEBUG Aug  2 08:05:40.930013267, errs.go:68] Created error: Unknown build type
[DEBUG Aug  2 08:05:40.930133564, errors.go:86] Wrapped localized error: <nil> -- with: The installed version of the State Tool Service does not match that of the client.
Please stop the service with [ACTIONABLE]state-svc stop[/RESET] and try your command again.
If this issue persists please reinstall the State Tool.

[DEBUG Aug  2 08:05:40.930151214, errs.go:68] Created error: no data
[DEBUG Aug  2 08:05:40.930183132, errs.go:68] Created error: member not found
[DEBUG Aug  2 08:05:40.930208178, errs.go:68] Created error: Commit count is unknowable
[DEBUG Aug  2 08:05:40.930232549, errs.go:68] Created error: No merge required
[DEBUG Aug  2 08:05:40.930255387, errs.go:68] Created error: Can't merge commit thats already in target commits history
[DEBUG Aug  2 08:05:40.930282155, errs.go:68] Created error: Bad expander name
[DEBUG Aug  2 08:05:40.930305847, errs.go:68] Created error: Expander has no handler
[DEBUG Aug  2 08:05:40.931471972, errs.go:68] Created error: Service is already running
[DEBUG Aug  2 08:05:41.006581837, secrets.go:35] Gcloud Secretmanager failed to initialize (ignore if you're not trying to use gcloud): google: could not find default credentials. See https://developers.google.com/accounts/docs/application-default-credentials for more information.
[DEBUG Aug  2 08:05:41.009682735, output.go:53] Requested outputer for 
[DEBUG Aug  2 08:05:41.009704563, output.go:58] Using Plain outputer
[DEBUG Aug  2 08:05:41.009795396, termutils.go:17] Cannot get terminal size: inappropriate ioctl for device
[DEBUG Aug  2 08:05:41.009882268, client.go:128] Reporting event to 2 reporters: run-command, state-svc start, 
[DEBUG Aug  2 08:05:41.009932856, main.go:107] Running CmdStart
[DEBUG Aug  2 08:05:41.015536084, errs.go:75] Wrapped error: Service is already running -- with: valueF failed
[DEBUG Aug  2 08:05:41.015609607, errs.go:75] Wrapped error: valueF failed -- with: Could not store pid
[DEBUG Aug  2 08:05:41.015685407, errors.go:113] Wrapped input error: Could not store pid -- with: A State Service instance is already running in the background.
[DEBUG Aug  2 08:05:41.015699729, errs.go:75] Wrapped error: A State Service instance is already running in the background. -- with: Could not start serviceManager
[DEBUG Aug  2 08:05:41.015780902, client.go:128] Reporting event to 2 reporters: command-exit, state-svc start, 1
[DEBUG Aug  2 08:05:41.382532342, errs.go:75] Wrapped error: <nil> -- with: Could not start serviceManager: A State Service instance is already running in the background.: Could not store pid: valueF failed: Service is already running
[DEBUG Aug  2 08:05:41.382605393, main.go:61] state-svc errored out due to input: Could not start serviceManager: A State Service instance is already running in the background.: Could not store pid: valueF failed: Service is already running
