[DEBUG Sep 17 12:40:51.771736914, defaults.go:273] Args: [/home1/wangfeim/.local/ActiveState/StateTool/release/bin/state-svc foreground]
[DEBUG Sep 17 12:40:51.783174834, locale.go:38] Init
[DEBUG Sep 17 12:40:51.811487269, errs.go:68] Created error: File could not be found
[DEBUG Sep 17 12:40:51.814224899, errs.go:68] Created error: Not Recognized
[DEBUG Sep 17 12:40:51.832737347, errs.go:68] Created error: Secret not found
[DEBUG Sep 17 12:40:51.832771392, errs.go:68] Created error: Could not save keypair
[DEBUG Sep 17 12:40:51.832948348, errs.go:68] Created error: Build responded with error
[DEBUG Sep 17 12:40:51.832978940, errs.go:68] Created error: Unknown build type
[DEBUG Sep 17 12:40:51.833268021, errors.go:86] Wrapped localized error: <nil> -- with: The installed version of the State Tool Service does not match that of the client.
Please stop the service with [ACTIONABLE]state-svc stop[/RESET] and try your command again.
If this issue persists please reinstall the State Tool.

[DEBUG Sep 17 12:40:51.833287299, errs.go:68] Created error: no data
[DEBUG Sep 17 12:40:51.833317854, errs.go:68] Created error: member not found
[DEBUG Sep 17 12:40:51.833345088, errs.go:68] Created error: Commit count is unknowable
[DEBUG Sep 17 12:40:51.833368112, errs.go:68] Created error: No merge required
[DEBUG Sep 17 12:40:51.833392411, errs.go:68] Created error: Can't merge commit thats already in target commits history
[DEBUG Sep 17 12:40:51.833419159, errs.go:68] Created error: Bad expander name
[DEBUG Sep 17 12:40:51.833441729, errs.go:68] Created error: Expander has no handler
[DEBUG Sep 17 12:40:51.834658185, errs.go:68] Created error: Service is already running
[DEBUG Sep 17 12:40:51.863258402, secrets.go:35] Gcloud Secretmanager failed to initialize (ignore if you're not trying to use gcloud): google: could not find default credentials. See https://developers.google.com/accounts/docs/application-default-credentials for more information.
[DEBUG Sep 17 12:40:51.866981094, output.go:53] Requested outputer for 
[DEBUG Sep 17 12:40:51.867000207, output.go:58] Using Plain outputer
[DEBUG Sep 17 12:40:51.867094878, termutils.go:17] Cannot get terminal size: inappropriate ioctl for device
[DEBUG Sep 17 12:40:51.867198892, main.go:137] Running CmdForeground
[DEBUG Sep 17 12:40:51.867212551, main.go:147] Running in Foreground
[DEBUG Sep 17 12:40:51.867247488, client.go:128] Reporting event to 2 reporters: run-command, state-svc foreground, 
[DEBUG Sep 17 12:40:51.867440743, service.go:30] service:Start
[DEBUG Sep 17 12:40:51.872768720, service.go:42] Server starting on port: 44186
[DEBUG Sep 17 12:40:51.872836650, client.go:128] Reporting event to 2 reporters: state-svc, start, 
[DEBUG Sep 17 12:40:51.999035873, resolver.go:57] Version resolver
[DEBUG Sep 17 12:40:51.999517599, client.go:128] Reporting event to 2 reporters: state-svc, endpoint, Version
[DEBUG Sep 17 12:40:51.999869503, resolver.go:57] Version resolver
[DEBUG Sep 17 12:40:52.000005895, client.go:128] Reporting event to 2 reporters: state-svc, endpoint, Version
[DEBUG Sep 17 12:40:52.000184301, resolver.go:57] Version resolver
[DEBUG Sep 17 12:40:52.000284194, client.go:128] Reporting event to 2 reporters: state-svc, endpoint, Version
[DEBUG Sep 17 12:40:52.000521976, resolver.go:57] Version resolver
[DEBUG Sep 17 12:40:52.000631478, client.go:128] Reporting event to 2 reporters: state-svc, endpoint, Version
[DEBUG Sep 17 12:40:52.003344233, resolver.go:121] Analytics event resolver
[DEBUG Sep 17 12:40:52.003582345, client.go:128] Reporting event to 2 reporters: runtime, success, 
[DEBUG Sep 17 12:40:52.003783357, resolver.go:121] Analytics event resolver
[DEBUG Sep 17 12:40:52.003963492, client.go:128] Reporting event to 2 reporters: runtime, cache, 
[DEBUG Sep 17 12:40:52.004143634, resolver.go:121] Analytics event resolver
[DEBUG Sep 17 12:40:52.004368190, client.go:128] Reporting event to 2 reporters: runtime, start, 
[DEBUG Sep 17 12:40:52.005168377, resolver.go:121] Analytics event resolver
[DEBUG Sep 17 12:40:52.005372361, client.go:128] Reporting event to 2 reporters: run-command, exec, 
[DEBUG Sep 17 12:41:51.874107727, watcher.go:72] Checking for runtime processes
[DEBUG Sep 17 12:42:51.873173514, watcher.go:72] Checking for runtime processes
[DEBUG Sep 17 12:43:51.873486974, watcher.go:72] Checking for runtime processes
[DEBUG Sep 17 12:44:51.874088724, watcher.go:72] Checking for runtime processes
[DEBUG Sep 17 12:45:51.874015521, watcher.go:72] Checking for runtime processes
[DEBUG Sep 17 12:46:51.873181276, watcher.go:72] Checking for runtime processes
[DEBUG Sep 17 12:47:51.874323140, watcher.go:72] Checking for runtime processes
[DEBUG Sep 17 12:48:51.873102093, watcher.go:72] Checking for runtime processes
[DEBUG Sep 17 12:49:51.874006581, watcher.go:72] Checking for runtime processes
[DEBUG Sep 17 12:50:51.874371310, watcher.go:72] Checking for runtime processes
[DEBUG Sep 17 12:51:51.873360208, watcher.go:72] Checking for runtime processes
[DEBUG Sep 17 12:52:51.873462853, watcher.go:72] Checking for runtime processes
[DEBUG Sep 17 12:53:51.873318528, watcher.go:72] Checking for runtime processes
[DEBUG Sep 17 12:54:51.874065719, watcher.go:72] Checking for runtime processes
[DEBUG Sep 17 12:55:51.873628517, watcher.go:72] Checking for runtime processes
[DEBUG Sep 17 12:56:51.873655189, watcher.go:72] Checking for runtime processes
[DEBUG Sep 17 12:57:51.873258924, watcher.go:72] Checking for runtime processes
[DEBUG Sep 17 12:58:51.874045335, watcher.go:72] Checking for runtime processes
[DEBUG Sep 17 12:59:51.873212240, watcher.go:72] Checking for runtime processes
[DEBUG Sep 17 13:00:51.874135389, watcher.go:72] Checking for runtime processes
[DEBUG Sep 17 13:01:51.873050019, watcher.go:72] Checking for runtime processes
[DEBUG Sep 17 13:02:51.874211192, watcher.go:72] Checking for runtime processes
[DEBUG Sep 17 13:03:51.873232244, watcher.go:72] Checking for runtime processes
[DEBUG Sep 17 13:04:51.874369888, watcher.go:72] Checking for runtime processes
[DEBUG Sep 17 13:05:51.873159366, watcher.go:72] Checking for runtime processes
[DEBUG Sep 17 13:06:51.874072849, watcher.go:72] Checking for runtime processes
[DEBUG Sep 17 13:07:51.874195251, watcher.go:72] Checking for runtime processes
[DEBUG Sep 17 13:08:51.873156456, watcher.go:72] Checking for runtime processes
[DEBUG Sep 17 13:09:51.874033411, watcher.go:72] Checking for runtime processes
[DEBUG Sep 17 13:10:51.874110479, watcher.go:72] Checking for runtime processes
[DEBUG Sep 17 13:11:51.873102563, watcher.go:72] Checking for runtime processes
[DEBUG Sep 17 13:12:51.874113480, watcher.go:72] Checking for runtime processes
[DEBUG Sep 17 13:13:51.874075160, watcher.go:72] Checking for runtime processes
[DEBUG Sep 17 13:14:51.873143083, watcher.go:72] Checking for runtime processes
[DEBUG Sep 17 13:15:51.874056448, watcher.go:72] Checking for runtime processes
[DEBUG Sep 17 13:16:51.873597643, watcher.go:72] Checking for runtime processes
[DEBUG Sep 17 13:17:51.873178431, watcher.go:72] Checking for runtime processes
[DEBUG Sep 17 13:18:51.874275610, watcher.go:72] Checking for runtime processes
[DEBUG Sep 17 13:19:51.873153290, watcher.go:72] Checking for runtime processes
[DEBUG Sep 17 13:20:51.874218377, watcher.go:72] Checking for runtime processes
[DEBUG Sep 17 13:21:51.874122758, watcher.go:72] Checking for runtime processes
[DEBUG Sep 17 13:22:51.873102196, watcher.go:72] Checking for runtime processes
[DEBUG Sep 17 13:23:51.873308809, watcher.go:72] Checking for runtime processes
[DEBUG Sep 17 13:24:51.874178988, watcher.go:72] Checking for runtime processes
[DEBUG Sep 17 13:25:51.873227697, watcher.go:72] Checking for runtime processes
[DEBUG Sep 17 13:26:51.873113945, watcher.go:72] Checking for runtime processes
[DEBUG Sep 17 13:27:51.874156327, watcher.go:72] Checking for runtime processes
[DEBUG Sep 17 13:28:51.874005278, watcher.go:72] Checking for runtime processes
[DEBUG Sep 17 13:29:51.873081566, watcher.go:72] Checking for runtime processes
[DEBUG Sep 17 13:30:51.874145521, watcher.go:72] Checking for runtime processes
[DEBUG Sep 17 13:31:51.873199615, watcher.go:72] Checking for runtime processes
[DEBUG Sep 17 13:32:51.874040810, watcher.go:72] Checking for runtime processes
[DEBUG Sep 17 13:33:51.873119589, watcher.go:72] Checking for runtime processes
[DEBUG Sep 17 13:34:51.873717875, watcher.go:72] Checking for runtime processes
[DEBUG Sep 17 13:35:51.873049540, watcher.go:72] Checking for runtime processes
[DEBUG Sep 17 13:36:51.873347245, watcher.go:72] Checking for runtime processes
[DEBUG Sep 17 13:37:51.874096838, watcher.go:72] Checking for runtime processes
[DEBUG Sep 17 13:38:51.874305999, watcher.go:72] Checking for runtime processes
[DEBUG Sep 17 13:39:51.873168127, watcher.go:72] Checking for runtime processes
[DEBUG Sep 17 13:40:51.873228779, watcher.go:72] Checking for runtime processes
[DEBUG Sep 17 13:41:51.874129549, watcher.go:72] Checking for runtime processes
[DEBUG Sep 17 13:42:51.873104707, watcher.go:72] Checking for runtime processes
[DEBUG Sep 17 13:43:51.874134366, watcher.go:72] Checking for runtime processes
[DEBUG Sep 17 13:44:51.873213754, watcher.go:72] Checking for runtime processes
[DEBUG Sep 17 13:45:51.874112695, watcher.go:72] Checking for runtime processes
[DEBUG Sep 17 13:46:51.873074979, watcher.go:72] Checking for runtime processes
[DEBUG Sep 17 13:47:51.873145887, watcher.go:72] Checking for runtime processes
[DEBUG Sep 17 13:48:51.873127459, watcher.go:72] Checking for runtime processes
[DEBUG Sep 17 13:49:51.873206139, watcher.go:72] Checking for runtime processes
[DEBUG Sep 17 13:50:51.873173805, watcher.go:72] Checking for runtime processes
[DEBUG Sep 17 13:51:51.873699067, watcher.go:72] Checking for runtime processes
[DEBUG Sep 17 13:52:51.873713753, watcher.go:72] Checking for runtime processes
[DEBUG Sep 17 13:53:51.874037143, watcher.go:72] Checking for runtime processes
[DEBUG Sep 17 13:54:51.873995742, watcher.go:72] Checking for runtime processes
[DEBUG Sep 17 13:55:51.874035101, watcher.go:72] Checking for runtime processes
[DEBUG Sep 17 13:56:51.873087750, watcher.go:72] Checking for runtime processes
[DEBUG Sep 17 13:57:51.874054328, watcher.go:72] Checking for runtime processes
[DEBUG Sep 17 13:58:51.874110715, watcher.go:72] Checking for runtime processes
[DEBUG Sep 17 13:59:51.873437954, watcher.go:72] Checking for runtime processes
[DEBUG Sep 17 14:00:51.873206201, watcher.go:72] Checking for runtime processes
[DEBUG Sep 17 14:01:51.873118162, watcher.go:72] Checking for runtime processes
[DEBUG Sep 17 14:02:51.874112664, watcher.go:72] Checking for runtime processes
[DEBUG Sep 17 14:03:51.873212791, watcher.go:72] Checking for runtime processes
[DEBUG Sep 17 14:04:51.874028186, watcher.go:72] Checking for runtime processes
[DEBUG Sep 17 14:05:51.873121644, watcher.go:72] Checking for runtime processes
[DEBUG Sep 17 14:06:51.873199448, watcher.go:72] Checking for runtime processes
[DEBUG Sep 17 14:07:51.873320147, watcher.go:72] Checking for runtime processes
[DEBUG Sep 17 14:08:51.873489556, watcher.go:72] Checking for runtime processes
[DEBUG Sep 17 14:09:51.874075312, watcher.go:72] Checking for runtime processes
[DEBUG Sep 17 14:10:51.874003782, watcher.go:72] Checking for runtime processes
[DEBUG Sep 17 14:11:51.873142809, watcher.go:72] Checking for runtime processes
[DEBUG Sep 17 14:12:51.873705402, watcher.go:72] Checking for runtime processes
[DEBUG Sep 17 14:13:51.874073497, watcher.go:72] Checking for runtime processes
[DEBUG Sep 17 14:14:51.873717236, watcher.go:72] Checking for runtime processes
[DEBUG Sep 17 14:15:51.873065509, watcher.go:72] Checking for runtime processes
[DEBUG Sep 17 14:16:51.873438268, watcher.go:72] Checking for runtime processes
[DEBUG Sep 17 14:17:51.874223781, watcher.go:72] Checking for runtime processes
[DEBUG Sep 17 14:18:51.873246718, watcher.go:72] Checking for runtime processes
[DEBUG Sep 17 14:19:51.873918901, watcher.go:72] Checking for runtime processes
[DEBUG Sep 17 14:20:51.873119489, watcher.go:72] Checking for runtime processes
[DEBUG Sep 17 14:21:51.873234219, watcher.go:72] Checking for runtime processes
[DEBUG Sep 17 14:22:51.873198044, watcher.go:72] Checking for runtime processes
[DEBUG Sep 17 14:23:51.874030655, watcher.go:72] Checking for runtime processes
[DEBUG Sep 17 14:24:51.873102050, watcher.go:72] Checking for runtime processes
[DEBUG Sep 17 14:25:51.874124868, watcher.go:72] Checking for runtime processes
[DEBUG Sep 17 14:26:51.873464742, watcher.go:72] Checking for runtime processes
[DEBUG Sep 17 14:27:51.874007044, watcher.go:72] Checking for runtime processes
[DEBUG Sep 17 14:28:51.873057244, watcher.go:72] Checking for runtime processes
[DEBUG Sep 17 14:29:51.873220206, watcher.go:72] Checking for runtime processes
[DEBUG Sep 17 14:30:51.874006351, watcher.go:72] Checking for runtime processes
[DEBUG Sep 17 14:31:51.873278321, watcher.go:72] Checking for runtime processes
[DEBUG Sep 17 14:32:51.873999816, watcher.go:72] Checking for runtime processes
[DEBUG Sep 17 14:33:51.873067769, watcher.go:72] Checking for runtime processes
[DEBUG Sep 17 14:34:51.873273198, watcher.go:72] Checking for runtime processes
[DEBUG Sep 17 14:35:51.873244605, watcher.go:72] Checking for runtime processes
[DEBUG Sep 17 14:36:51.873166373, watcher.go:72] Checking for runtime processes
[DEBUG Sep 17 14:37:51.873121038, watcher.go:72] Checking for runtime processes
[DEBUG Sep 17 14:38:51.873156419, watcher.go:72] Checking for runtime processes
[DEBUG Sep 17 14:39:51.873113143, watcher.go:72] Checking for runtime processes
[DEBUG Sep 17 14:40:51.874133391, watcher.go:72] Checking for runtime processes
[DEBUG Sep 17 14:41:51.874238530, watcher.go:72] Checking for runtime processes
[DEBUG Sep 17 14:42:51.874032677, watcher.go:72] Checking for runtime processes
[DEBUG Sep 17 14:43:51.873198220, watcher.go:72] Checking for runtime processes
[DEBUG Sep 17 14:44:51.874093384, watcher.go:72] Checking for runtime processes
[DEBUG Sep 17 14:45:51.874081450, watcher.go:72] Checking for runtime processes
[DEBUG Sep 17 14:46:51.874159402, watcher.go:72] Checking for runtime processes
[DEBUG Sep 17 14:47:51.873758496, watcher.go:72] Checking for runtime processes
[DEBUG Sep 17 14:48:51.874291885, watcher.go:72] Checking for runtime processes
[DEBUG Sep 17 14:49:51.873083469, watcher.go:72] Checking for runtime processes
[DEBUG Sep 17 14:50:51.873121305, watcher.go:72] Checking for runtime processes
[DEBUG Sep 17 14:51:51.873126422, watcher.go:72] Checking for runtime processes
[DEBUG Sep 17 14:52:51.873177133, watcher.go:72] Checking for runtime processes
[DEBUG Sep 17 14:53:51.874021890, watcher.go:72] Checking for runtime processes
[DEBUG Sep 17 14:54:51.873055987, watcher.go:72] Checking for runtime processes
[DEBUG Sep 17 14:55:51.874226864, watcher.go:72] Checking for runtime processes
[DEBUG Sep 17 14:56:51.874055303, watcher.go:72] Checking for runtime processes
[DEBUG Sep 17 14:57:51.873758350, watcher.go:72] Checking for runtime processes
[DEBUG Sep 17 14:58:51.873340293, watcher.go:72] Checking for runtime processes
[DEBUG Sep 17 14:59:51.874172107, watcher.go:72] Checking for runtime processes
[DEBUG Sep 17 15:00:51.874129312, watcher.go:72] Checking for runtime processes
[DEBUG Sep 17 15:01:51.874073984, watcher.go:72] Checking for runtime processes
[DEBUG Sep 17 15:02:51.874248376, watcher.go:72] Checking for runtime processes
[DEBUG Sep 17 15:03:51.873113423, watcher.go:72] Checking for runtime processes
[DEBUG Sep 17 15:04:51.874135141, watcher.go:72] Checking for runtime processes
[DEBUG Sep 17 15:05:51.873565959, watcher.go:72] Checking for runtime processes
[DEBUG Sep 17 15:06:51.874177426, watcher.go:72] Checking for runtime processes
[DEBUG Sep 17 15:07:51.873334648, watcher.go:72] Checking for runtime processes
[DEBUG Sep 17 15:08:51.873410365, watcher.go:72] Checking for runtime processes
[DEBUG Sep 17 15:09:51.873410732, watcher.go:72] Checking for runtime processes
[DEBUG Sep 17 15:10:51.873315348, watcher.go:72] Checking for runtime processes
[DEBUG Sep 17 15:11:51.873138800, watcher.go:72] Checking for runtime processes
[DEBUG Sep 17 15:12:51.874308947, watcher.go:72] Checking for runtime processes
[DEBUG Sep 17 15:13:51.873351839, watcher.go:72] Checking for runtime processes
[DEBUG Sep 17 15:14:51.874253099, watcher.go:72] Checking for runtime processes
[DEBUG Sep 17 15:15:51.873257684, watcher.go:72] Checking for runtime processes
[DEBUG Sep 17 15:16:51.874212044, watcher.go:72] Checking for runtime processes
[DEBUG Sep 17 15:17:05.194398263, resolver.go:121] Analytics event resolver
[DEBUG Sep 17 15:17:05.194640939, client.go:128] Reporting event to 2 reporters: command-exit, exec, 0
[DEBUG Sep 17 15:17:51.874032529, watcher.go:72] Checking for runtime processes
[DEBUG Sep 17 15:18:51.874010332, watcher.go:72] Checking for runtime processes
[DEBUG Sep 17 15:19:51.874005712, watcher.go:72] Checking for runtime processes
[DEBUG Sep 17 15:20:51.873664761, watcher.go:72] Checking for runtime processes
[DEBUG Sep 17 15:21:51.873995512, watcher.go:72] Checking for runtime processes
[DEBUG Sep 17 15:22:51.873122974, watcher.go:72] Checking for runtime processes
[DEBUG Sep 17 15:23:51.874013249, watcher.go:72] Checking for runtime processes
[DEBUG Sep 17 15:24:51.873160334, watcher.go:72] Checking for runtime processes
[DEBUG Sep 17 15:25:51.874003428, watcher.go:72] Checking for runtime processes
[DEBUG Sep 17 15:26:51.874031815, watcher.go:72] Checking for runtime processes
[DEBUG Sep 17 15:27:51.874013218, watcher.go:72] Checking for runtime processes
[DEBUG Sep 17 15:28:51.874012015, watcher.go:72] Checking for runtime processes
[DEBUG Sep 17 15:29:51.874014539, watcher.go:72] Checking for runtime processes
[DEBUG Sep 17 15:30:51.874001447, watcher.go:72] Checking for runtime processes
[DEBUG Sep 17 15:31:51.874015489, watcher.go:72] Checking for runtime processes
[DEBUG Sep 17 15:32:51.874009392, watcher.go:72] Checking for runtime processes
[DEBUG Sep 17 15:33:51.873999839, watcher.go:72] Checking for runtime processes
[DEBUG Sep 17 15:34:51.874013151, watcher.go:72] Checking for runtime processes
[DEBUG Sep 17 15:35:51.873997383, watcher.go:72] Checking for runtime processes
[DEBUG Sep 17 15:36:51.874000743, watcher.go:72] Checking for runtime processes
[DEBUG Sep 17 15:37:51.873124228, watcher.go:72] Checking for runtime processes
[DEBUG Sep 17 15:38:51.874012859, watcher.go:72] Checking for runtime processes
[DEBUG Sep 17 15:39:51.873119981, watcher.go:72] Checking for runtime processes
[DEBUG Sep 17 15:40:51.874015467, watcher.go:72] Checking for runtime processes
[DEBUG Sep 17 15:41:51.874002221, watcher.go:72] Checking for runtime processes
[DEBUG Sep 17 15:42:51.874026634, watcher.go:72] Checking for runtime processes
[DEBUG Sep 17 15:43:51.874000830, watcher.go:72] Checking for runtime processes
[DEBUG Sep 17 15:44:51.874002898, watcher.go:72] Checking for runtime processes
[DEBUG Sep 17 15:45:51.874002229, watcher.go:72] Checking for runtime processes
[DEBUG Sep 17 15:46:51.874012986, watcher.go:72] Checking for runtime processes
[DEBUG Sep 17 15:47:51.874009459, watcher.go:72] Checking for runtime processes
[DEBUG Sep 17 15:48:51.874005441, watcher.go:72] Checking for runtime processes
[DEBUG Sep 17 15:49:51.873997740, watcher.go:72] Checking for runtime processes
[DEBUG Sep 17 15:50:51.873983611, watcher.go:72] Checking for runtime processes
[DEBUG Sep 17 15:51:51.874009861, watcher.go:72] Checking for runtime processes
[DEBUG Sep 17 15:52:51.873124156, watcher.go:72] Checking for runtime processes
[DEBUG Sep 17 15:53:51.873997493, watcher.go:72] Checking for runtime processes
[DEBUG Sep 17 15:54:51.873119597, watcher.go:72] Checking for runtime processes
[DEBUG Sep 17 15:55:51.874014344, watcher.go:72] Checking for runtime processes
[DEBUG Sep 17 15:56:51.873997539, watcher.go:72] Checking for runtime processes
[DEBUG Sep 17 15:57:51.874015382, watcher.go:72] Checking for runtime processes
[DEBUG Sep 17 15:58:51.873999104, watcher.go:72] Checking for runtime processes
[DEBUG Sep 17 15:59:51.874014652, watcher.go:72] Checking for runtime processes
[DEBUG Sep 17 16:00:51.874010484, watcher.go:72] Checking for runtime processes
[DEBUG Sep 17 16:01:51.874019405, watcher.go:72] Checking for runtime processes
[DEBUG Sep 17 16:02:51.874001764, watcher.go:72] Checking for runtime processes
[DEBUG Sep 17 16:03:51.874001449, watcher.go:72] Checking for runtime processes
[DEBUG Sep 17 16:04:51.873998785, watcher.go:72] Checking for runtime processes
[DEBUG Sep 17 16:05:51.874008727, watcher.go:72] Checking for runtime processes
[DEBUG Sep 17 16:06:51.873998165, watcher.go:72] Checking for runtime processes
[DEBUG Sep 17 16:07:51.873124983, watcher.go:72] Checking for runtime processes
[DEBUG Sep 17 16:08:51.874000800, watcher.go:72] Checking for runtime processes
[DEBUG Sep 17 16:09:51.873121213, watcher.go:72] Checking for runtime processes
[DEBUG Sep 17 16:10:51.874016575, watcher.go:72] Checking for runtime processes
[DEBUG Sep 17 16:11:51.874003794, watcher.go:72] Checking for runtime processes
[DEBUG Sep 17 16:12:51.874008665, watcher.go:72] Checking for runtime processes
[DEBUG Sep 17 16:13:51.874014742, watcher.go:72] Checking for runtime processes
[DEBUG Sep 17 16:14:51.874026776, watcher.go:72] Checking for runtime processes
[DEBUG Sep 17 16:15:51.874016717, watcher.go:72] Checking for runtime processes
[DEBUG Sep 17 16:16:51.874035305, watcher.go:72] Checking for runtime processes
[DEBUG Sep 17 16:17:51.874012556, watcher.go:72] Checking for runtime processes
[DEBUG Sep 17 16:18:51.874024791, watcher.go:72] Checking for runtime processes
[DEBUG Sep 17 16:19:51.874001761, watcher.go:72] Checking for runtime processes
[DEBUG Sep 17 16:20:51.874010704, watcher.go:72] Checking for runtime processes
[DEBUG Sep 17 16:21:51.874014837, watcher.go:72] Checking for runtime processes
[DEBUG Sep 17 16:22:51.873124227, watcher.go:72] Checking for runtime processes
[DEBUG Sep 17 16:23:51.874011740, watcher.go:72] Checking for runtime processes
[DEBUG Sep 17 16:24:51.873120977, watcher.go:72] Checking for runtime processes
[DEBUG Sep 17 16:25:51.874004414, watcher.go:72] Checking for runtime processes
[DEBUG Sep 17 16:26:51.874000900, watcher.go:72] Checking for runtime processes
[DEBUG Sep 17 16:27:51.874005269, watcher.go:72] Checking for runtime processes
[DEBUG Sep 17 16:28:51.874010662, watcher.go:72] Checking for runtime processes
[DEBUG Sep 17 16:29:51.874002345, watcher.go:72] Checking for runtime processes
[DEBUG Sep 17 16:30:51.874027041, watcher.go:72] Checking for runtime processes
[DEBUG Sep 17 16:31:51.874003606, watcher.go:72] Checking for runtime processes
[DEBUG Sep 17 16:32:51.874007817, watcher.go:72] Checking for runtime processes
[DEBUG Sep 17 16:33:51.874013020, watcher.go:72] Checking for runtime processes
[DEBUG Sep 17 16:34:51.873999566, watcher.go:72] Checking for runtime processes
[DEBUG Sep 17 16:35:51.873987811, watcher.go:72] Checking for runtime processes
[DEBUG Sep 17 16:36:51.874044215, watcher.go:72] Checking for runtime processes
[DEBUG Sep 17 16:37:51.873150947, watcher.go:72] Checking for runtime processes
[DEBUG Sep 17 16:38:51.874005280, watcher.go:72] Checking for runtime processes
[DEBUG Sep 17 16:39:51.873121992, watcher.go:72] Checking for runtime processes
[DEBUG Sep 17 16:40:51.874004798, watcher.go:72] Checking for runtime processes
[DEBUG Sep 17 16:41:51.874015198, watcher.go:72] Checking for runtime processes
[DEBUG Sep 17 16:42:51.874014732, watcher.go:72] Checking for runtime processes
[DEBUG Sep 17 16:43:51.874014436, watcher.go:72] Checking for runtime processes
[DEBUG Sep 17 16:44:51.874004786, watcher.go:72] Checking for runtime processes
[DEBUG Sep 17 16:45:51.874017971, watcher.go:72] Checking for runtime processes
[DEBUG Sep 17 16:46:51.874033530, watcher.go:72] Checking for runtime processes
[DEBUG Sep 17 16:47:51.874015514, watcher.go:72] Checking for runtime processes
[DEBUG Sep 17 16:48:51.874020169, watcher.go:72] Checking for runtime processes
[DEBUG Sep 17 16:49:51.874013272, watcher.go:72] Checking for runtime processes
[DEBUG Sep 17 16:50:51.874017282, watcher.go:72] Checking for runtime processes
[DEBUG Sep 17 16:51:51.874001207, watcher.go:72] Checking for runtime processes
[DEBUG Sep 17 16:52:51.873126897, watcher.go:72] Checking for runtime processes
[DEBUG Sep 17 16:53:51.874010065, watcher.go:72] Checking for runtime processes
[DEBUG Sep 17 16:54:51.873121459, watcher.go:72] Checking for runtime processes
[DEBUG Sep 17 16:55:51.874030324, watcher.go:72] Checking for runtime processes
[DEBUG Sep 17 16:56:51.874007855, watcher.go:72] Checking for runtime processes
[DEBUG Sep 17 16:57:51.874006219, watcher.go:72] Checking for runtime processes
[DEBUG Sep 17 16:58:51.874023023, watcher.go:72] Checking for runtime processes
[DEBUG Sep 17 16:59:51.874034360, watcher.go:72] Checking for runtime processes
[DEBUG Sep 17 17:00:51.874009575, watcher.go:72] Checking for runtime processes
[DEBUG Sep 17 17:01:51.874027055, watcher.go:72] Checking for runtime processes
[DEBUG Sep 17 17:02:51.874009822, watcher.go:72] Checking for runtime processes
[DEBUG Sep 17 17:03:51.874003911, watcher.go:72] Checking for runtime processes
[DEBUG Sep 17 17:04:51.874002098, watcher.go:72] Checking for runtime processes
[DEBUG Sep 17 17:05:51.873993150, watcher.go:72] Checking for runtime processes
[DEBUG Sep 17 17:06:51.874004071, watcher.go:72] Checking for runtime processes
[DEBUG Sep 17 17:07:51.873124810, watcher.go:72] Checking for runtime processes
[DEBUG Sep 17 17:08:51.874017528, watcher.go:72] Checking for runtime processes
[DEBUG Sep 17 17:09:51.873122713, watcher.go:72] Checking for runtime processes
[DEBUG Sep 17 17:10:51.874019769, watcher.go:72] Checking for runtime processes
[DEBUG Sep 17 17:11:51.874011186, watcher.go:72] Checking for runtime processes
[DEBUG Sep 17 17:12:51.874035875, watcher.go:72] Checking for runtime processes
[DEBUG Sep 17 17:13:51.873643420, watcher.go:72] Checking for runtime processes
[DEBUG Sep 17 17:14:51.874017197, watcher.go:72] Checking for runtime processes
[DEBUG Sep 17 17:15:51.874039730, watcher.go:72] Checking for runtime processes
[DEBUG Sep 17 17:16:51.874013997, watcher.go:72] Checking for runtime processes
[DEBUG Sep 17 17:17:51.874009935, watcher.go:72] Checking for runtime processes
[DEBUG Sep 17 17:18:51.874006095, watcher.go:72] Checking for runtime processes
[DEBUG Sep 17 17:19:51.874006642, watcher.go:72] Checking for runtime processes
[DEBUG Sep 17 17:20:51.873999431, watcher.go:72] Checking for runtime processes
[DEBUG Sep 17 17:21:51.874009278, watcher.go:72] Checking for runtime processes
[DEBUG Sep 17 17:22:51.873124328, watcher.go:72] Checking for runtime processes
[DEBUG Sep 17 17:23:51.874008657, watcher.go:72] Checking for runtime processes
[DEBUG Sep 17 17:24:51.873120488, watcher.go:72] Checking for runtime processes
[DEBUG Sep 17 17:25:51.874003321, watcher.go:72] Checking for runtime processes
[DEBUG Sep 17 17:26:51.874009505, watcher.go:72] Checking for runtime processes
[DEBUG Sep 17 17:27:51.874006060, watcher.go:72] Checking for runtime processes
[DEBUG Sep 17 17:28:51.874000347, watcher.go:72] Checking for runtime processes
[DEBUG Sep 17 17:29:51.874019195, watcher.go:72] Checking for runtime processes
[DEBUG Sep 17 17:30:51.874021482, watcher.go:72] Checking for runtime processes
[DEBUG Sep 17 17:31:51.873999616, watcher.go:72] Checking for runtime processes
[DEBUG Sep 17 17:32:51.874015642, watcher.go:72] Checking for runtime processes
[DEBUG Sep 17 17:33:51.874018550, watcher.go:72] Checking for runtime processes
[DEBUG Sep 17 17:34:51.873997907, watcher.go:72] Checking for runtime processes
[DEBUG Sep 17 17:35:51.873984889, watcher.go:72] Checking for runtime processes
[DEBUG Sep 17 17:36:51.873999207, watcher.go:72] Checking for runtime processes
[DEBUG Sep 17 17:37:51.873125132, watcher.go:72] Checking for runtime processes
[DEBUG Sep 17 17:38:51.874003710, watcher.go:72] Checking for runtime processes
[DEBUG Sep 17 17:39:51.873122970, watcher.go:72] Checking for runtime processes
[DEBUG Sep 17 17:40:51.874000385, watcher.go:72] Checking for runtime processes
[DEBUG Sep 17 17:41:51.874016245, watcher.go:72] Checking for runtime processes
[DEBUG Sep 17 17:42:51.874003963, watcher.go:72] Checking for runtime processes
[DEBUG Sep 17 17:43:51.874023663, watcher.go:72] Checking for runtime processes
[DEBUG Sep 17 17:44:51.874004795, watcher.go:72] Checking for runtime processes
[DEBUG Sep 17 17:45:51.873999631, watcher.go:72] Checking for runtime processes
[DEBUG Sep 17 17:46:51.874005528, watcher.go:72] Checking for runtime processes
[DEBUG Sep 17 17:47:51.874002604, watcher.go:72] Checking for runtime processes
[DEBUG Sep 17 17:48:51.874006860, watcher.go:72] Checking for runtime processes
[DEBUG Sep 17 17:49:51.874000216, watcher.go:72] Checking for runtime processes
[DEBUG Sep 17 17:50:51.873988025, watcher.go:72] Checking for runtime processes
[DEBUG Sep 17 17:51:51.874010681, watcher.go:72] Checking for runtime processes
[DEBUG Sep 17 17:52:51.873127394, watcher.go:72] Checking for runtime processes
[DEBUG Sep 17 17:53:51.874007459, watcher.go:72] Checking for runtime processes
[DEBUG Sep 17 17:54:51.873122142, watcher.go:72] Checking for runtime processes
[DEBUG Sep 17 17:55:51.874023919, watcher.go:72] Checking for runtime processes
[DEBUG Sep 17 17:56:51.874001870, watcher.go:72] Checking for runtime processes
[DEBUG Sep 17 17:57:51.874014192, watcher.go:72] Checking for runtime processes
[DEBUG Sep 17 17:58:51.873999245, watcher.go:72] Checking for runtime processes
[DEBUG Sep 17 17:59:51.874039879, watcher.go:72] Checking for runtime processes
[DEBUG Sep 17 18:00:51.874013258, watcher.go:72] Checking for runtime processes
[DEBUG Sep 17 18:01:51.874007108, watcher.go:72] Checking for runtime processes
[DEBUG Sep 17 18:02:51.874000574, watcher.go:72] Checking for runtime processes
[DEBUG Sep 17 18:03:51.874010603, watcher.go:72] Checking for runtime processes
[DEBUG Sep 17 18:04:51.873999077, watcher.go:72] Checking for runtime processes
[DEBUG Sep 17 18:05:51.873987389, watcher.go:72] Checking for runtime processes
[DEBUG Sep 17 18:06:51.874005422, watcher.go:72] Checking for runtime processes
[DEBUG Sep 17 18:07:51.873124943, watcher.go:72] Checking for runtime processes
[DEBUG Sep 17 18:08:51.874010410, watcher.go:72] Checking for runtime processes
[DEBUG Sep 17 18:09:51.873123127, watcher.go:72] Checking for runtime processes
[DEBUG Sep 17 18:10:51.874013949, watcher.go:72] Checking for runtime processes
[DEBUG Sep 17 18:11:51.873999559, watcher.go:72] Checking for runtime processes
[DEBUG Sep 17 18:12:51.874011912, watcher.go:72] Checking for runtime processes
[DEBUG Sep 17 18:13:51.873999262, watcher.go:72] Checking for runtime processes
[DEBUG Sep 17 18:14:51.873999953, watcher.go:72] Checking for runtime processes
[DEBUG Sep 17 18:15:51.873995522, watcher.go:72] Checking for runtime processes
[DEBUG Sep 17 18:16:51.874003921, watcher.go:72] Checking for runtime processes
[DEBUG Sep 17 18:17:51.874000269, watcher.go:72] Checking for runtime processes
[DEBUG Sep 17 18:18:51.874021805, watcher.go:72] Checking for runtime processes
[DEBUG Sep 17 18:19:51.873996771, watcher.go:72] Checking for runtime processes
[DEBUG Sep 17 18:20:51.873989230, watcher.go:72] Checking for runtime processes
[DEBUG Sep 17 18:21:51.874001254, watcher.go:72] Checking for runtime processes
[DEBUG Sep 17 18:22:51.873125892, watcher.go:72] Checking for runtime processes
[DEBUG Sep 17 18:23:51.873619400, watcher.go:72] Checking for runtime processes
[DEBUG Sep 17 18:24:51.873123298, watcher.go:72] Checking for runtime processes
[DEBUG Sep 17 18:25:51.874005074, watcher.go:72] Checking for runtime processes
[DEBUG Sep 17 18:26:51.874027519, watcher.go:72] Checking for runtime processes
[DEBUG Sep 17 18:27:51.874006124, watcher.go:72] Checking for runtime processes
[DEBUG Sep 17 18:28:51.874007365, watcher.go:72] Checking for runtime processes
[DEBUG Sep 17 18:29:51.874020067, watcher.go:72] Checking for runtime processes
[DEBUG Sep 17 18:30:51.874026447, watcher.go:72] Checking for runtime processes
[DEBUG Sep 17 18:31:51.874013728, watcher.go:72] Checking for runtime processes
[DEBUG Sep 17 18:32:51.874015496, watcher.go:72] Checking for runtime processes
[DEBUG Sep 17 18:33:51.874007624, watcher.go:72] Checking for runtime processes
[DEBUG Sep 17 18:34:51.874018019, watcher.go:72] Checking for runtime processes
[DEBUG Sep 17 18:35:51.873986991, watcher.go:72] Checking for runtime processes
[DEBUG Sep 17 18:36:51.874004376, watcher.go:72] Checking for runtime processes
[DEBUG Sep 17 18:37:51.873126003, watcher.go:72] Checking for runtime processes
[DEBUG Sep 17 18:38:51.874010285, watcher.go:72] Checking for runtime processes
[DEBUG Sep 17 18:39:51.873123119, watcher.go:72] Checking for runtime processes
[DEBUG Sep 17 18:40:51.874003211, watcher.go:72] Checking for runtime processes
[DEBUG Sep 17 18:41:51.873999295, watcher.go:72] Checking for runtime processes
[DEBUG Sep 17 18:42:51.874014108, watcher.go:72] Checking for runtime processes
[DEBUG Sep 17 18:43:51.874003586, watcher.go:72] Checking for runtime processes
[DEBUG Sep 17 18:44:51.874004959, watcher.go:72] Checking for runtime processes
[DEBUG Sep 17 18:45:51.873999551, watcher.go:72] Checking for runtime processes
[DEBUG Sep 17 18:46:51.874008923, watcher.go:72] Checking for runtime processes
[DEBUG Sep 17 18:47:51.874016653, watcher.go:72] Checking for runtime processes
[DEBUG Sep 17 18:48:51.874024988, watcher.go:72] Checking for runtime processes
[DEBUG Sep 17 18:49:51.874005622, watcher.go:72] Checking for runtime processes
[DEBUG Sep 17 18:50:51.873990899, watcher.go:72] Checking for runtime processes
[DEBUG Sep 17 18:51:51.874002384, watcher.go:72] Checking for runtime processes
[DEBUG Sep 17 18:52:51.873125144, watcher.go:72] Checking for runtime processes
[DEBUG Sep 17 18:53:51.874004550, watcher.go:72] Checking for runtime processes
[DEBUG Sep 17 18:54:51.873119896, watcher.go:72] Checking for runtime processes
[DEBUG Sep 17 18:55:51.874015614, watcher.go:72] Checking for runtime processes
[DEBUG Sep 17 18:56:51.874056664, watcher.go:72] Checking for runtime processes
[DEBUG Sep 17 18:57:51.874001675, watcher.go:72] Checking for runtime processes
[DEBUG Sep 17 18:58:51.874017852, watcher.go:72] Checking for runtime processes
[DEBUG Sep 17 18:59:51.874007167, watcher.go:72] Checking for runtime processes
[DEBUG Sep 17 19:00:51.874002287, watcher.go:72] Checking for runtime processes
[DEBUG Sep 17 19:01:51.874006014, watcher.go:72] Checking for runtime processes
[DEBUG Sep 17 19:02:51.874001398, watcher.go:72] Checking for runtime processes
[DEBUG Sep 17 19:03:51.874006930, watcher.go:72] Checking for runtime processes
[DEBUG Sep 17 19:04:51.874002130, watcher.go:72] Checking for runtime processes
[DEBUG Sep 17 19:05:51.873696597, watcher.go:72] Checking for runtime processes
[DEBUG Sep 17 19:06:51.873999183, watcher.go:72] Checking for runtime processes
[DEBUG Sep 17 19:07:51.873125299, watcher.go:72] Checking for runtime processes
[DEBUG Sep 17 19:08:51.873997267, watcher.go:72] Checking for runtime processes
[DEBUG Sep 17 19:09:51.873123235, watcher.go:72] Checking for runtime processes
[DEBUG Sep 17 19:10:51.873643817, watcher.go:72] Checking for runtime processes
[DEBUG Sep 17 19:11:51.873682023, watcher.go:72] Checking for runtime processes
[DEBUG Sep 17 19:12:51.874004949, watcher.go:72] Checking for runtime processes
[DEBUG Sep 17 19:13:51.873997411, watcher.go:72] Checking for runtime processes
[DEBUG Sep 17 19:14:51.874014260, watcher.go:72] Checking for runtime processes
[DEBUG Sep 17 19:15:51.873999258, watcher.go:72] Checking for runtime processes
[DEBUG Sep 17 19:16:51.874012795, watcher.go:72] Checking for runtime processes
[DEBUG Sep 17 19:17:51.873998510, watcher.go:72] Checking for runtime processes
[DEBUG Sep 17 19:18:51.874018756, watcher.go:72] Checking for runtime processes
[DEBUG Sep 17 19:19:51.873998599, watcher.go:72] Checking for runtime processes
[DEBUG Sep 17 19:20:51.873998061, watcher.go:72] Checking for runtime processes
[DEBUG Sep 17 19:21:51.874017359, watcher.go:72] Checking for runtime processes
[DEBUG Sep 17 19:22:51.873126193, watcher.go:72] Checking for runtime processes
[DEBUG Sep 17 19:23:51.873637224, watcher.go:72] Checking for runtime processes
[DEBUG Sep 17 19:24:51.873119961, watcher.go:72] Checking for runtime processes
[DEBUG Sep 17 19:25:51.874032170, watcher.go:72] Checking for runtime processes
[DEBUG Sep 17 19:26:51.874010373, watcher.go:72] Checking for runtime processes
[DEBUG Sep 17 19:27:51.874012315, watcher.go:72] Checking for runtime processes
[DEBUG Sep 17 19:28:51.873995655, watcher.go:72] Checking for runtime processes
[DEBUG Sep 17 19:29:51.874011764, watcher.go:72] Checking for runtime processes
[DEBUG Sep 17 19:30:51.873997620, watcher.go:72] Checking for runtime processes
[DEBUG Sep 17 19:31:51.873639617, watcher.go:72] Checking for runtime processes
[DEBUG Sep 17 19:32:51.873996988, watcher.go:72] Checking for runtime processes
[DEBUG Sep 17 19:33:51.874017790, watcher.go:72] Checking for runtime processes
[DEBUG Sep 17 19:34:51.874006524, watcher.go:72] Checking for runtime processes
[DEBUG Sep 17 19:35:51.873997790, watcher.go:72] Checking for runtime processes
[DEBUG Sep 17 19:36:51.873996976, watcher.go:72] Checking for runtime processes
[DEBUG Sep 17 19:37:51.873128385, watcher.go:72] Checking for runtime processes
[DEBUG Sep 17 19:38:51.874014277, watcher.go:72] Checking for runtime processes
[DEBUG Sep 17 19:39:51.873129074, watcher.go:72] Checking for runtime processes
[DEBUG Sep 17 19:40:51.874003812, watcher.go:72] Checking for runtime processes
[DEBUG Sep 17 19:41:51.874003440, watcher.go:72] Checking for runtime processes
[DEBUG Sep 17 19:42:51.874012826, watcher.go:72] Checking for runtime processes
[DEBUG Sep 17 19:43:51.874034444, watcher.go:72] Checking for runtime processes
[DEBUG Sep 17 19:44:51.874001487, watcher.go:72] Checking for runtime processes
[DEBUG Sep 17 19:45:51.874005433, watcher.go:72] Checking for runtime processes
[DEBUG Sep 17 19:46:51.874014036, watcher.go:72] Checking for runtime processes
[DEBUG Sep 17 19:47:51.874038076, watcher.go:72] Checking for runtime processes
[DEBUG Sep 17 19:48:51.874008646, watcher.go:72] Checking for runtime processes
[DEBUG Sep 17 19:49:51.874009495, watcher.go:72] Checking for runtime processes
[DEBUG Sep 17 19:50:51.873994920, watcher.go:72] Checking for runtime processes
[DEBUG Sep 17 19:51:51.874020759, watcher.go:72] Checking for runtime processes
[DEBUG Sep 17 19:52:51.873124306, watcher.go:72] Checking for runtime processes
[DEBUG Sep 17 19:53:51.874010234, watcher.go:72] Checking for runtime processes
[DEBUG Sep 17 19:54:51.873118762, watcher.go:72] Checking for runtime processes
[DEBUG Sep 17 19:55:51.874037430, watcher.go:72] Checking for runtime processes
[DEBUG Sep 17 19:56:51.874007074, watcher.go:72] Checking for runtime processes
[DEBUG Sep 17 19:57:51.873999854, watcher.go:72] Checking for runtime processes
[DEBUG Sep 17 19:58:51.874007919, watcher.go:72] Checking for runtime processes
[DEBUG Sep 17 19:59:51.874011078, watcher.go:72] Checking for runtime processes
[DEBUG Sep 17 20:00:51.874010380, watcher.go:72] Checking for runtime processes
[DEBUG Sep 17 20:01:51.874006920, watcher.go:72] Checking for runtime processes
[DEBUG Sep 17 20:02:51.874011306, watcher.go:72] Checking for runtime processes
[DEBUG Sep 17 20:03:51.874000349, watcher.go:72] Checking for runtime processes
[DEBUG Sep 17 20:04:51.874019154, watcher.go:72] Checking for runtime processes
[DEBUG Sep 17 20:05:51.874007004, watcher.go:72] Checking for runtime processes
[DEBUG Sep 17 20:06:51.874013106, watcher.go:72] Checking for runtime processes
[DEBUG Sep 17 20:07:51.873135966, watcher.go:72] Checking for runtime processes
[DEBUG Sep 17 20:08:51.874009441, watcher.go:72] Checking for runtime processes
[DEBUG Sep 17 20:09:51.873126605, watcher.go:72] Checking for runtime processes
[DEBUG Sep 17 20:10:51.874009666, watcher.go:72] Checking for runtime processes
[DEBUG Sep 17 20:11:51.873995763, watcher.go:72] Checking for runtime processes
[DEBUG Sep 17 20:12:51.874009587, watcher.go:72] Checking for runtime processes
[DEBUG Sep 17 20:13:51.874026239, watcher.go:72] Checking for runtime processes
[DEBUG Sep 17 20:14:51.874055133, watcher.go:72] Checking for runtime processes
[DEBUG Sep 17 20:15:51.874007997, watcher.go:72] Checking for runtime processes
[DEBUG Sep 17 20:16:51.874025661, watcher.go:72] Checking for runtime processes
[DEBUG Sep 17 20:17:51.874013503, watcher.go:72] Checking for runtime processes
[DEBUG Sep 17 20:18:51.874016623, watcher.go:72] Checking for runtime processes
[DEBUG Sep 17 20:19:51.874007480, watcher.go:72] Checking for runtime processes
[DEBUG Sep 17 20:20:51.873994561, watcher.go:72] Checking for runtime processes
[DEBUG Sep 17 20:21:51.874010573, watcher.go:72] Checking for runtime processes
[DEBUG Sep 17 20:22:51.873124546, watcher.go:72] Checking for runtime processes
[DEBUG Sep 17 20:23:51.873995611, watcher.go:72] Checking for runtime processes
[DEBUG Sep 17 20:24:51.873130833, watcher.go:72] Checking for runtime processes
[DEBUG Sep 17 20:25:51.874014392, watcher.go:72] Checking for runtime processes
[DEBUG Sep 17 20:26:51.874008521, watcher.go:72] Checking for runtime processes
[DEBUG Sep 17 20:27:51.874029176, watcher.go:72] Checking for runtime processes
[DEBUG Sep 17 20:28:51.873998414, watcher.go:72] Checking for runtime processes
[DEBUG Sep 17 20:29:51.874001863, watcher.go:72] Checking for runtime processes
[DEBUG Sep 17 20:30:51.873993841, watcher.go:72] Checking for runtime processes
[DEBUG Sep 17 20:31:51.874000691, watcher.go:72] Checking for runtime processes
[DEBUG Sep 17 20:32:51.873999800, watcher.go:72] Checking for runtime processes
[DEBUG Sep 17 20:33:51.874014762, watcher.go:72] Checking for runtime processes
[DEBUG Sep 17 20:34:51.873997540, watcher.go:72] Checking for runtime processes
[DEBUG Sep 17 20:35:51.873998309, watcher.go:72] Checking for runtime processes
[DEBUG Sep 17 20:36:51.873995619, watcher.go:72] Checking for runtime processes
[DEBUG Sep 17 20:37:51.873123369, watcher.go:72] Checking for runtime processes
[DEBUG Sep 17 20:38:51.874004047, watcher.go:72] Checking for runtime processes
[DEBUG Sep 17 20:39:51.873120477, watcher.go:72] Checking for runtime processes
[DEBUG Sep 17 20:40:51.874003438, watcher.go:72] Checking for runtime processes
[DEBUG Sep 17 20:41:51.873992465, watcher.go:72] Checking for runtime processes
[DEBUG Sep 17 20:42:51.874004857, watcher.go:72] Checking for runtime processes
[DEBUG Sep 17 20:43:51.874011521, watcher.go:72] Checking for runtime processes
[DEBUG Sep 17 20:44:51.873999942, watcher.go:72] Checking for runtime processes
[DEBUG Sep 17 20:45:51.874006258, watcher.go:72] Checking for runtime processes
[DEBUG Sep 17 20:46:51.874017905, watcher.go:72] Checking for runtime processes
[DEBUG Sep 17 20:47:51.874000295, watcher.go:72] Checking for runtime processes
[DEBUG Sep 17 20:48:51.874002160, watcher.go:72] Checking for runtime processes
[DEBUG Sep 17 20:49:51.874011514, watcher.go:72] Checking for runtime processes
[DEBUG Sep 17 20:50:51.873987091, watcher.go:72] Checking for runtime processes
[DEBUG Sep 17 20:51:51.874001202, watcher.go:72] Checking for runtime processes
[DEBUG Sep 17 20:52:51.873123341, watcher.go:72] Checking for runtime processes
[DEBUG Sep 17 20:53:51.873997925, watcher.go:72] Checking for runtime processes
[DEBUG Sep 17 20:54:51.873118413, watcher.go:72] Checking for runtime processes
[DEBUG Sep 17 20:55:51.874004924, watcher.go:72] Checking for runtime processes
[DEBUG Sep 17 20:56:51.874012805, watcher.go:72] Checking for runtime processes
[DEBUG Sep 17 20:57:51.874002621, watcher.go:72] Checking for runtime processes
[DEBUG Sep 17 20:58:51.874008891, watcher.go:72] Checking for runtime processes
[DEBUG Sep 17 20:59:51.874011454, watcher.go:72] Checking for runtime processes
[DEBUG Sep 17 21:00:51.874016538, watcher.go:72] Checking for runtime processes
[DEBUG Sep 17 21:01:51.874002560, watcher.go:72] Checking for runtime processes
[DEBUG Sep 17 21:02:51.874005500, watcher.go:72] Checking for runtime processes
[DEBUG Sep 17 21:03:51.874029930, watcher.go:72] Checking for runtime processes
[DEBUG Sep 17 21:04:51.874000387, watcher.go:72] Checking for runtime processes
[DEBUG Sep 17 21:05:51.874004951, watcher.go:72] Checking for runtime processes
[DEBUG Sep 17 21:06:51.874005069, watcher.go:72] Checking for runtime processes
[DEBUG Sep 17 21:07:51.873127775, watcher.go:72] Checking for runtime processes
[DEBUG Sep 17 21:08:51.874003033, watcher.go:72] Checking for runtime processes
[DEBUG Sep 17 21:09:51.873122839, watcher.go:72] Checking for runtime processes
[DEBUG Sep 17 21:10:51.874001476, watcher.go:72] Checking for runtime processes
[DEBUG Sep 17 21:11:51.874037021, watcher.go:72] Checking for runtime processes
[DEBUG Sep 17 21:12:51.874015611, watcher.go:72] Checking for runtime processes
[DEBUG Sep 17 21:13:51.874000590, watcher.go:72] Checking for runtime processes
[DEBUG Sep 17 21:14:51.874014349, watcher.go:72] Checking for runtime processes
[DEBUG Sep 17 21:15:51.874003907, watcher.go:72] Checking for runtime processes
[DEBUG Sep 17 21:16:51.873642887, watcher.go:72] Checking for runtime processes
[DEBUG Sep 17 21:17:51.874011065, watcher.go:72] Checking for runtime processes
[DEBUG Sep 17 21:18:51.874004141, watcher.go:72] Checking for runtime processes
[DEBUG Sep 17 21:19:51.873998879, watcher.go:72] Checking for runtime processes
[DEBUG Sep 17 21:20:51.873986804, watcher.go:72] Checking for runtime processes
[DEBUG Sep 17 21:21:51.874020401, watcher.go:72] Checking for runtime processes
[DEBUG Sep 17 21:22:51.873127347, watcher.go:72] Checking for runtime processes
[DEBUG Sep 17 21:23:51.874013144, watcher.go:72] Checking for runtime processes
[DEBUG Sep 17 21:24:51.873122189, watcher.go:72] Checking for runtime processes
[DEBUG Sep 17 21:25:51.874013789, watcher.go:72] Checking for runtime processes
[DEBUG Sep 17 21:26:51.874014444, watcher.go:72] Checking for runtime processes
[DEBUG Sep 17 21:27:51.874004271, watcher.go:72] Checking for runtime processes
[DEBUG Sep 17 21:28:51.874000638, watcher.go:72] Checking for runtime processes
[DEBUG Sep 17 21:29:51.874003725, watcher.go:72] Checking for runtime processes
[DEBUG Sep 17 21:30:51.874015759, watcher.go:72] Checking for runtime processes
[DEBUG Sep 17 21:31:51.874004879, watcher.go:72] Checking for runtime processes
[DEBUG Sep 17 21:32:51.873999065, watcher.go:72] Checking for runtime processes
[DEBUG Sep 17 21:33:51.874005112, watcher.go:72] Checking for runtime processes
[DEBUG Sep 17 21:34:51.873997780, watcher.go:72] Checking for runtime processes
[DEBUG Sep 17 21:35:51.873987929, watcher.go:72] Checking for runtime processes
[DEBUG Sep 17 21:36:51.874012665, watcher.go:72] Checking for runtime processes
[DEBUG Sep 17 21:37:51.873137521, watcher.go:72] Checking for runtime processes
[DEBUG Sep 17 21:38:51.874015343, watcher.go:72] Checking for runtime processes
[DEBUG Sep 17 21:39:51.873122882, watcher.go:72] Checking for runtime processes
[DEBUG Sep 17 21:40:51.874007425, watcher.go:72] Checking for runtime processes
[DEBUG Sep 17 21:41:51.874013690, watcher.go:72] Checking for runtime processes
[DEBUG Sep 17 21:42:51.874026089, watcher.go:72] Checking for runtime processes
[DEBUG Sep 17 21:43:51.874001166, watcher.go:72] Checking for runtime processes
[DEBUG Sep 17 21:44:51.874002490, watcher.go:72] Checking for runtime processes
[DEBUG Sep 17 21:45:51.874006783, watcher.go:72] Checking for runtime processes
[DEBUG Sep 17 21:46:51.874004511, watcher.go:72] Checking for runtime processes
[DEBUG Sep 17 21:47:51.874006830, watcher.go:72] Checking for runtime processes
[DEBUG Sep 17 21:48:51.874019510, watcher.go:72] Checking for runtime processes
[DEBUG Sep 17 21:49:51.874003182, watcher.go:72] Checking for runtime processes
[DEBUG Sep 17 21:50:51.874004628, watcher.go:72] Checking for runtime processes
[DEBUG Sep 17 21:51:51.874019046, watcher.go:72] Checking for runtime processes
[DEBUG Sep 17 21:52:51.873124913, watcher.go:72] Checking for runtime processes
[DEBUG Sep 17 21:53:51.874016937, watcher.go:72] Checking for runtime processes
[DEBUG Sep 17 21:54:51.873121729, watcher.go:72] Checking for runtime processes
[DEBUG Sep 17 21:55:51.874002557, watcher.go:72] Checking for runtime processes
[DEBUG Sep 17 21:56:51.874002212, watcher.go:72] Checking for runtime processes
[DEBUG Sep 17 21:57:51.874008122, watcher.go:72] Checking for runtime processes
[DEBUG Sep 17 21:58:51.874015279, watcher.go:72] Checking for runtime processes
[DEBUG Sep 17 21:59:51.874033745, watcher.go:72] Checking for runtime processes
[DEBUG Sep 17 22:00:51.874004720, watcher.go:72] Checking for runtime processes
[DEBUG Sep 17 22:01:51.874014104, watcher.go:72] Checking for runtime processes
[DEBUG Sep 17 22:02:51.874001366, watcher.go:72] Checking for runtime processes
[DEBUG Sep 17 22:03:51.874000417, watcher.go:72] Checking for runtime processes
[DEBUG Sep 17 22:04:51.874005010, watcher.go:72] Checking for runtime processes
[DEBUG Sep 17 22:05:51.873998987, watcher.go:72] Checking for runtime processes
[DEBUG Sep 17 22:06:51.874015984, watcher.go:72] Checking for runtime processes
[DEBUG Sep 17 22:07:51.873126940, watcher.go:72] Checking for runtime processes
[DEBUG Sep 17 22:08:51.874056550, watcher.go:72] Checking for runtime processes
[DEBUG Sep 17 22:09:51.873121306, watcher.go:72] Checking for runtime processes
[DEBUG Sep 17 22:10:51.874019765, watcher.go:72] Checking for runtime processes
[DEBUG Sep 17 22:11:51.874016806, watcher.go:72] Checking for runtime processes
[DEBUG Sep 17 22:12:51.874018998, watcher.go:72] Checking for runtime processes
[DEBUG Sep 17 22:13:51.874003859, watcher.go:72] Checking for runtime processes
[DEBUG Sep 17 22:14:51.874020774, watcher.go:72] Checking for runtime processes
[DEBUG Sep 17 22:15:51.874012948, watcher.go:72] Checking for runtime processes
[DEBUG Sep 17 22:16:51.874019827, watcher.go:72] Checking for runtime processes
[DEBUG Sep 17 22:17:51.874000395, watcher.go:72] Checking for runtime processes
[DEBUG Sep 17 22:18:51.874004822, watcher.go:72] Checking for runtime processes
[DEBUG Sep 17 22:19:51.874002986, watcher.go:72] Checking for runtime processes
[DEBUG Sep 17 22:20:51.874004022, watcher.go:72] Checking for runtime processes
[DEBUG Sep 17 22:21:51.874003272, watcher.go:72] Checking for runtime processes
[DEBUG Sep 17 22:22:51.873126959, watcher.go:72] Checking for runtime processes
[DEBUG Sep 17 22:23:51.873998836, watcher.go:72] Checking for runtime processes
[DEBUG Sep 17 22:24:51.873122261, watcher.go:72] Checking for runtime processes
[DEBUG Sep 17 22:25:51.874008852, watcher.go:72] Checking for runtime processes
[DEBUG Sep 17 22:26:51.873999009, watcher.go:72] Checking for runtime processes
[DEBUG Sep 17 22:27:51.874004008, watcher.go:72] Checking for runtime processes
[DEBUG Sep 17 22:28:51.874001115, watcher.go:72] Checking for runtime processes
[DEBUG Sep 17 22:29:51.874001445, watcher.go:72] Checking for runtime processes
[DEBUG Sep 17 22:30:51.874002348, watcher.go:72] Checking for runtime processes
[DEBUG Sep 17 22:31:51.874008356, watcher.go:72] Checking for runtime processes
[DEBUG Sep 17 22:32:51.873999032, watcher.go:72] Checking for runtime processes
[DEBUG Sep 17 22:33:51.874006211, watcher.go:72] Checking for runtime processes
[DEBUG Sep 17 22:34:51.874015254, watcher.go:72] Checking for runtime processes
[DEBUG Sep 17 22:35:51.873986418, watcher.go:72] Checking for runtime processes
[DEBUG Sep 17 22:36:51.874042332, watcher.go:72] Checking for runtime processes
[DEBUG Sep 17 22:37:51.873126427, watcher.go:72] Checking for runtime processes
[DEBUG Sep 17 22:38:51.873999991, watcher.go:72] Checking for runtime processes
[DEBUG Sep 17 22:39:51.873141825, watcher.go:72] Checking for runtime processes
[DEBUG Sep 17 22:40:51.874016694, watcher.go:72] Checking for runtime processes
[DEBUG Sep 17 22:41:51.874013304, watcher.go:72] Checking for runtime processes
[DEBUG Sep 17 22:42:51.874013383, watcher.go:72] Checking for runtime processes
[DEBUG Sep 17 22:43:51.874001683, watcher.go:72] Checking for runtime processes
[DEBUG Sep 17 22:44:51.874015605, watcher.go:72] Checking for runtime processes
[DEBUG Sep 17 22:45:51.874000263, watcher.go:72] Checking for runtime processes
[DEBUG Sep 17 22:46:51.874007277, watcher.go:72] Checking for runtime processes
[DEBUG Sep 17 22:47:51.874017501, watcher.go:72] Checking for runtime processes
[DEBUG Sep 17 22:48:51.874006175, watcher.go:72] Checking for runtime processes
[DEBUG Sep 17 22:49:51.874012015, watcher.go:72] Checking for runtime processes
[DEBUG Sep 17 22:50:51.873704540, watcher.go:72] Checking for runtime processes
[DEBUG Sep 17 22:51:51.874021334, watcher.go:72] Checking for runtime processes
[DEBUG Sep 17 22:52:51.873125584, watcher.go:72] Checking for runtime processes
[DEBUG Sep 17 22:53:51.874004049, watcher.go:72] Checking for runtime processes
[DEBUG Sep 17 22:54:51.873121694, watcher.go:72] Checking for runtime processes
[DEBUG Sep 17 22:55:51.874007757, watcher.go:72] Checking for runtime processes
[DEBUG Sep 17 22:56:51.873996657, watcher.go:72] Checking for runtime processes
[DEBUG Sep 17 22:57:51.873626412, watcher.go:72] Checking for runtime processes
[DEBUG Sep 17 22:58:51.874000836, watcher.go:72] Checking for runtime processes
[DEBUG Sep 17 22:59:51.874000216, watcher.go:72] Checking for runtime processes
[DEBUG Sep 17 23:00:51.874007772, watcher.go:72] Checking for runtime processes
[DEBUG Sep 17 23:01:51.873999972, watcher.go:72] Checking for runtime processes
[DEBUG Sep 17 23:02:51.873618727, watcher.go:72] Checking for runtime processes
[DEBUG Sep 17 23:03:51.874025661, watcher.go:72] Checking for runtime processes
[DEBUG Sep 17 23:04:51.873994970, watcher.go:72] Checking for runtime processes
[DEBUG Sep 17 23:05:51.873988782, watcher.go:72] Checking for runtime processes
[DEBUG Sep 17 23:06:51.874008070, watcher.go:72] Checking for runtime processes
[DEBUG Sep 17 23:07:51.873126598, watcher.go:72] Checking for runtime processes
[DEBUG Sep 17 23:08:51.873650883, watcher.go:72] Checking for runtime processes
[DEBUG Sep 17 23:09:51.873121649, watcher.go:72] Checking for runtime processes
[DEBUG Sep 17 23:10:51.874000368, watcher.go:72] Checking for runtime processes
[DEBUG Sep 17 23:11:51.874003210, watcher.go:72] Checking for runtime processes
[DEBUG Sep 17 23:12:51.874067204, watcher.go:72] Checking for runtime processes
[DEBUG Sep 17 23:13:51.873998009, watcher.go:72] Checking for runtime processes
[DEBUG Sep 17 23:14:51.874000653, watcher.go:72] Checking for runtime processes
[DEBUG Sep 17 23:15:51.874000756, watcher.go:72] Checking for runtime processes
[DEBUG Sep 17 23:16:51.874029846, watcher.go:72] Checking for runtime processes
[DEBUG Sep 17 23:17:51.874016081, watcher.go:72] Checking for runtime processes
[DEBUG Sep 17 23:18:51.873998977, watcher.go:72] Checking for runtime processes
[DEBUG Sep 17 23:19:51.874012149, watcher.go:72] Checking for runtime processes
[DEBUG Sep 17 23:20:51.874026837, watcher.go:72] Checking for runtime processes
[DEBUG Sep 17 23:21:51.874007981, watcher.go:72] Checking for runtime processes
[DEBUG Sep 17 23:22:51.873127767, watcher.go:72] Checking for runtime processes
[DEBUG Sep 17 23:23:51.873995566, watcher.go:72] Checking for runtime processes
[DEBUG Sep 17 23:24:51.873122718, watcher.go:72] Checking for runtime processes
[DEBUG Sep 17 23:25:51.874005371, watcher.go:72] Checking for runtime processes
[DEBUG Sep 17 23:26:51.873998279, watcher.go:72] Checking for runtime processes
[DEBUG Sep 17 23:27:51.874025415, watcher.go:72] Checking for runtime processes
[DEBUG Sep 17 23:28:51.873999288, watcher.go:72] Checking for runtime processes
[DEBUG Sep 17 23:29:51.874013835, watcher.go:72] Checking for runtime processes
[DEBUG Sep 17 23:30:51.874001861, watcher.go:72] Checking for runtime processes
[DEBUG Sep 17 23:31:51.874004214, watcher.go:72] Checking for runtime processes
[DEBUG Sep 17 23:32:51.874004845, watcher.go:72] Checking for runtime processes
[DEBUG Sep 17 23:33:51.873618475, watcher.go:72] Checking for runtime processes
[DEBUG Sep 17 23:34:51.874006557, watcher.go:72] Checking for runtime processes
[DEBUG Sep 17 23:35:51.874005009, watcher.go:72] Checking for runtime processes
