[DEBUG Aug  2 07:42:20.411027479, defaults.go:273] Args: [/home1/wangfeim/.local/ActiveState/StateTool/release/bin/state-svc start]
[DEBUG Aug  2 07:42:20.424233162, locale.go:38] Init
[DEBUG Aug  2 07:42:20.465092289, errs.go:68] Created error: File could not be found
[DEBUG Aug  2 07:42:20.487123625, errs.go:68] Created error: Not Recognized
[DEBUG Aug  2 07:42:20.510470870, errs.go:68] Created error: Secret not found
[DEBUG Aug  2 07:42:20.510712949, errs.go:68] Created error: Could not save keypair
[DEBUG Aug  2 07:42:20.510947162, errs.go:68] Created error: Build responded with error
[DEBUG Aug  2 07:42:20.510981486, errs.go:68] Created error: Unknown build type
[DEBUG Aug  2 07:42:20.511129411, errors.go:86] Wrapped localized error: <nil> -- with: The installed version of the State Tool Service does not match that of the client.
Please stop the service with [ACTIONABLE]state-svc stop[/RESET] and try your command again.
If this issue persists please reinstall the State Tool.

[DEBUG Aug  2 07:42:20.511148325, errs.go:68] Created error: no data
[DEBUG Aug  2 07:42:20.511173929, errs.go:68] Created error: member not found
[DEBUG Aug  2 07:42:20.511197873, errs.go:68] Created error: Commit count is unknowable
[DEBUG Aug  2 07:42:20.511223751, errs.go:68] Created error: No merge required
[DEBUG Aug  2 07:42:20.511246604, errs.go:68] Created error: Can't merge commit thats already in target commits history
[DEBUG Aug  2 07:42:20.511272835, errs.go:68] Created error: Bad expander name
[DEBUG Aug  2 07:42:20.511296071, errs.go:68] Created error: Expander has no handler
[DEBUG Aug  2 07:42:20.512387988, errs.go:68] Created error: Service is already running
[DEBUG Aug  2 07:42:20.539200919, secrets.go:35] Gcloud Secretmanager failed to initialize (ignore if you're not trying to use gcloud): google: could not find default credentials. See https://developers.google.com/accounts/docs/application-default-credentials for more information.
[DEBUG Aug  2 07:42:20.543287579, output.go:53] Requested outputer for 
[DEBUG Aug  2 07:42:20.543309370, output.go:58] Using Plain outputer
[DEBUG Aug  2 07:42:20.543368146, termutils.go:17] Cannot get terminal size: inappropriate ioctl for device
[DEBUG Aug  2 07:42:20.543550012, client.go:128] Reporting event to 2 reporters: run-command, state-svc start, 
[DEBUG Aug  2 07:42:20.543561212, main.go:107] Running CmdStart
[DEBUG Aug  2 07:42:20.588750985, errs.go:75] Wrapped error: Service is already running -- with: valueF failed
[DEBUG Aug  2 07:42:20.588827227, errs.go:75] Wrapped error: valueF failed -- with: Could not store pid
[DEBUG Aug  2 07:42:20.588910030, errors.go:113] Wrapped input error: Could not store pid -- with: A State Service instance is already running in the background.
[DEBUG Aug  2 07:42:20.588924820, errs.go:75] Wrapped error: A State Service instance is already running in the background. -- with: Could not start serviceManager
[DEBUG Aug  2 07:42:20.589049405, client.go:128] Reporting event to 2 reporters: command-exit, state-svc start, 1
[DEBUG Aug  2 07:42:20.922801862, errs.go:75] Wrapped error: <nil> -- with: Could not start serviceManager: A State Service instance is already running in the background.: Could not store pid: valueF failed: Service is already running
[DEBUG Aug  2 07:42:20.922893082, main.go:61] state-svc errored out due to input: Could not start serviceManager: A State Service instance is already running in the background.: Could not store pid: valueF failed: Service is already running
