[DEBUG Aug  2 07:53:42.049260289, defaults.go:273] Args: [/home1/wangfeim/.local/ActiveState/StateTool/release/bin/state-svc start]
[DEBUG Aug  2 07:53:42.088987949, locale.go:38] Init
[DEBUG Aug  2 07:53:42.130299101, errs.go:68] Created error: File could not be found
[DEBUG Aug  2 07:53:42.133510922, errs.go:68] Created error: Not Recognized
[DEBUG Aug  2 07:53:42.187064673, errs.go:68] Created error: Secret not found
[DEBUG Aug  2 07:53:42.187125807, errs.go:68] Created error: Could not save keypair
[DEBUG Aug  2 07:53:42.187304079, errs.go:68] Created error: Build responded with error
[DEBUG Aug  2 07:53:42.187339108, errs.go:68] Created error: Unknown build type
[DEBUG Aug  2 07:53:42.187466534, errors.go:86] Wrapped localized error: <nil> -- with: The installed version of the State Tool Service does not match that of the client.
Please stop the service with [ACTIONABLE]state-svc stop[/RESET] and try your command again.
If this issue persists please reinstall the State Tool.

[DEBUG Aug  2 07:53:42.187483295, errs.go:68] Created error: no data
[DEBUG Aug  2 07:53:42.187509559, errs.go:68] Created error: member not found
[DEBUG Aug  2 07:53:42.187534119, errs.go:68] Created error: Commit count is unknowable
[DEBUG Aug  2 07:53:42.187565818, errs.go:68] Created error: No merge required
[DEBUG Aug  2 07:53:42.187590840, errs.go:68] Created error: Can't merge commit thats already in target commits history
[DEBUG Aug  2 07:53:42.187615744, errs.go:68] Created error: Bad expander name
[DEBUG Aug  2 07:53:42.187639533, errs.go:68] Created error: Expander has no handler
[DEBUG Aug  2 07:53:42.188761931, errs.go:68] Created error: Service is already running
[DEBUG Aug  2 07:53:42.214884487, secrets.go:35] Gcloud Secretmanager failed to initialize (ignore if you're not trying to use gcloud): google: could not find default credentials. See https://developers.google.com/accounts/docs/application-default-credentials for more information.
[DEBUG Aug  2 07:53:42.217978472, output.go:53] Requested outputer for 
[DEBUG Aug  2 07:53:42.218000772, output.go:58] Using Plain outputer
[DEBUG Aug  2 07:53:42.218062910, termutils.go:17] Cannot get terminal size: inappropriate ioctl for device
[DEBUG Aug  2 07:53:42.218204989, main.go:107] Running CmdStart
[DEBUG Aug  2 07:53:42.218218115, client.go:128] Reporting event to 2 reporters: run-command, state-svc start, 
[DEBUG Aug  2 07:53:42.223752345, errs.go:75] Wrapped error: Service is already running -- with: valueF failed
[DEBUG Aug  2 07:53:42.223806708, errs.go:75] Wrapped error: valueF failed -- with: Could not store pid
[DEBUG Aug  2 07:53:42.223876323, errors.go:113] Wrapped input error: Could not store pid -- with: A State Service instance is already running in the background.
[DEBUG Aug  2 07:53:42.223890874, errs.go:75] Wrapped error: A State Service instance is already running in the background. -- with: Could not start serviceManager
[DEBUG Aug  2 07:53:42.223966363, client.go:128] Reporting event to 2 reporters: command-exit, state-svc start, 1
[DEBUG Aug  2 07:53:42.583167450, errs.go:75] Wrapped error: <nil> -- with: Could not start serviceManager: A State Service instance is already running in the background.: Could not store pid: valueF failed: Service is already running
[DEBUG Aug  2 07:53:42.583241493, main.go:61] state-svc errored out due to input: Could not start serviceManager: A State Service instance is already running in the background.: Could not store pid: valueF failed: Service is already running
