[DEBUG Aug  2 08:07:33.109935759, defaults.go:273] Args: [/home1/wangfeim/.local/ActiveState/StateTool/release/bin/state-svc start]
[DEBUG Aug  2 08:07:33.123857627, locale.go:38] Init
[DEBUG Aug  2 08:07:33.275007294, errs.go:68] Created error: File could not be found
[DEBUG Aug  2 08:07:33.278387044, errs.go:68] Created error: Not Recognized
[DEBUG Aug  2 08:07:33.301878329, errs.go:68] Created error: Secret not found
[DEBUG Aug  2 08:07:33.301939560, errs.go:68] Created error: Could not save keypair
[DEBUG Aug  2 08:07:33.302125783, errs.go:68] Created error: Build responded with error
[DEBUG Aug  2 08:07:33.302160845, errs.go:68] Created error: Unknown build type
[DEBUG Aug  2 08:07:33.302290571, errors.go:86] Wrapped localized error: <nil> -- with: The installed version of the State Tool Service does not match that of the client.
Please stop the service with [ACTIONABLE]state-svc stop[/RESET] and try your command again.
If this issue persists please reinstall the State Tool.

[DEBUG Aug  2 08:07:33.302307053, errs.go:68] Created error: no data
[DEBUG Aug  2 08:07:33.302336571, errs.go:68] Created error: member not found
[DEBUG Aug  2 08:07:33.302361900, errs.go:68] Created error: Commit count is unknowable
[DEBUG Aug  2 08:07:33.302392020, errs.go:68] Created error: No merge required
[DEBUG Aug  2 08:07:33.302429479, errs.go:68] Created error: Can't merge commit thats already in target commits history
[DEBUG Aug  2 08:07:33.302454562, errs.go:68] Created error: Bad expander name
[DEBUG Aug  2 08:07:33.302478329, errs.go:68] Created error: Expander has no handler
[DEBUG Aug  2 08:07:33.303876683, errs.go:68] Created error: Service is already running
[DEBUG Aug  2 08:07:33.333776587, secrets.go:35] Gcloud Secretmanager failed to initialize (ignore if you're not trying to use gcloud): google: could not find default credentials. See https://developers.google.com/accounts/docs/application-default-credentials for more information.
[DEBUG Aug  2 08:07:33.336945181, output.go:53] Requested outputer for 
[DEBUG Aug  2 08:07:33.336973815, output.go:58] Using Plain outputer
[DEBUG Aug  2 08:07:33.337077239, termutils.go:17] Cannot get terminal size: inappropriate ioctl for device
[DEBUG Aug  2 08:07:33.337180247, client.go:128] Reporting event to 2 reporters: run-command, state-svc start, 
[DEBUG Aug  2 08:07:33.337253887, main.go:107] Running CmdStart
[DEBUG Aug  2 08:07:33.385894118, errs.go:75] Wrapped error: Service is already running -- with: valueF failed
[DEBUG Aug  2 08:07:33.385974070, errs.go:75] Wrapped error: valueF failed -- with: Could not store pid
[DEBUG Aug  2 08:07:33.386071271, errors.go:113] Wrapped input error: Could not store pid -- with: A State Service instance is already running in the background.
[DEBUG Aug  2 08:07:33.386087656, errs.go:75] Wrapped error: A State Service instance is already running in the background. -- with: Could not start serviceManager
[DEBUG Aug  2 08:07:33.386189129, client.go:128] Reporting event to 2 reporters: command-exit, state-svc start, 1
[DEBUG Aug  2 08:07:33.709622018, errs.go:75] Wrapped error: <nil> -- with: Could not start serviceManager: A State Service instance is already running in the background.: Could not store pid: valueF failed: Service is already running
[DEBUG Aug  2 08:07:33.709700768, main.go:61] state-svc errored out due to input: Could not start serviceManager: A State Service instance is already running in the background.: Could not store pid: valueF failed: Service is already running
