[DEBUG Aug  2 07:46:12.132000287, defaults.go:273] Args: [/home1/wangfeim/.local/ActiveState/StateTool/release/bin/state-svc start]
[DEBUG Aug  2 07:46:12.146293898, locale.go:38] Init
[DEBUG Aug  2 07:46:12.232548141, errs.go:68] Created error: File could not be found
[DEBUG Aug  2 07:46:12.235338333, errs.go:68] Created error: Not Recognized
[DEBUG Aug  2 07:46:12.295935763, errs.go:68] Created error: Secret not found
[DEBUG Aug  2 07:46:12.295998337, errs.go:68] Created error: Could not save keypair
[DEBUG Aug  2 07:46:12.296182352, errs.go:68] Created error: Build responded with error
[DEBUG Aug  2 07:46:12.296212726, errs.go:68] Created error: Unknown build type
[DEBUG Aug  2 07:46:12.296354296, errors.go:86] Wrapped localized error: <nil> -- with: The installed version of the State Tool Service does not match that of the client.
Please stop the service with [ACTIONABLE]state-svc stop[/RESET] and try your command again.
If this issue persists please reinstall the State Tool.

[DEBUG Aug  2 07:46:12.296371598, errs.go:68] Created error: no data
[DEBUG Aug  2 07:46:12.296398578, errs.go:68] Created error: member not found
[DEBUG Aug  2 07:46:12.296422986, errs.go:68] Created error: Commit count is unknowable
[DEBUG Aug  2 07:46:12.296446950, errs.go:68] Created error: No merge required
[DEBUG Aug  2 07:46:12.296471099, errs.go:68] Created error: Can't merge commit thats already in target commits history
[DEBUG Aug  2 07:46:12.296496614, errs.go:68] Created error: Bad expander name
[DEBUG Aug  2 07:46:12.296520485, errs.go:68] Created error: Expander has no handler
[DEBUG Aug  2 07:46:12.297855153, errs.go:68] Created error: Service is already running
[DEBUG Aug  2 07:46:12.327914781, secrets.go:35] Gcloud Secretmanager failed to initialize (ignore if you're not trying to use gcloud): google: could not find default credentials. See https://developers.google.com/accounts/docs/application-default-credentials for more information.
[DEBUG Aug  2 07:46:12.332078336, output.go:53] Requested outputer for 
[DEBUG Aug  2 07:46:12.332102004, output.go:58] Using Plain outputer
[DEBUG Aug  2 07:46:12.332184672, termutils.go:17] Cannot get terminal size: inappropriate ioctl for device
[DEBUG Aug  2 07:46:12.332270346, client.go:128] Reporting event to 2 reporters: run-command, state-svc start, 
[DEBUG Aug  2 07:46:12.332330399, main.go:107] Running CmdStart
[DEBUG Aug  2 07:46:12.338190880, errs.go:75] Wrapped error: Service is already running -- with: valueF failed
[DEBUG Aug  2 07:46:12.338256585, errs.go:75] Wrapped error: valueF failed -- with: Could not store pid
[DEBUG Aug  2 07:46:12.338339980, errors.go:113] Wrapped input error: Could not store pid -- with: A State Service instance is already running in the background.
[DEBUG Aug  2 07:46:12.338355725, errs.go:75] Wrapped error: A State Service instance is already running in the background. -- with: Could not start serviceManager
[DEBUG Aug  2 07:46:12.338423344, client.go:128] Reporting event to 2 reporters: command-exit, state-svc start, 1
[DEBUG Aug  2 07:46:12.703272008, errs.go:75] Wrapped error: <nil> -- with: Could not start serviceManager: A State Service instance is already running in the background.: Could not store pid: valueF failed: Service is already running
[DEBUG Aug  2 07:46:12.703343516, main.go:61] state-svc errored out due to input: Could not start serviceManager: A State Service instance is already running in the background.: Could not store pid: valueF failed: Service is already running
