[DEBUG Aug  2 07:37:25.721022097, defaults.go:273] Args: [/home1/wangfeim/.local/ActiveState/StateTool/release/bin/state-svc start]
[DEBUG Aug  2 07:37:25.734735993, locale.go:38] Init
[DEBUG Aug  2 07:37:26.049058145, errs.go:68] Created error: File could not be found
[DEBUG Aug  2 07:37:26.052674429, errs.go:68] Created error: Not Recognized
[DEBUG Aug  2 07:37:26.078204025, errs.go:68] Created error: Secret not found
[DEBUG Aug  2 07:37:26.078282260, errs.go:68] Created error: Could not save keypair
[DEBUG Aug  2 07:37:26.078656138, errs.go:68] Created error: Build responded with error
[DEBUG Aug  2 07:37:26.078711537, errs.go:68] Created error: Unknown build type
[DEBUG Aug  2 07:37:26.078937931, errors.go:86] Wrapped localized error: <nil> -- with: The installed version of the State Tool Service does not match that of the client.
Please stop the service with [ACTIONABLE]state-svc stop[/RESET] and try your command again.
If this issue persists please reinstall the State Tool.

[DEBUG Aug  2 07:37:26.078983659, errs.go:68] Created error: no data
[DEBUG Aug  2 07:37:26.079029887, errs.go:68] Created error: member not found
[DEBUG Aug  2 07:37:26.079065212, errs.go:68] Created error: Commit count is unknowable
[DEBUG Aug  2 07:37:26.079099241, errs.go:68] Created error: No merge required
[DEBUG Aug  2 07:37:26.079133578, errs.go:68] Created error: Can't merge commit thats already in target commits history
[DEBUG Aug  2 07:37:26.079177958, errs.go:68] Created error: Bad expander name
[DEBUG Aug  2 07:37:26.079236698, errs.go:68] Created error: Expander has no handler
[DEBUG Aug  2 07:37:26.080981261, errs.go:68] Created error: Service is already running
[DEBUG Aug  2 07:37:26.108658313, secrets.go:35] Gcloud Secretmanager failed to initialize (ignore if you're not trying to use gcloud): google: could not find default credentials. See https://developers.google.com/accounts/docs/application-default-credentials for more information.
[DEBUG Aug  2 07:37:26.112280330, output.go:53] Requested outputer for 
[DEBUG Aug  2 07:37:26.112316144, output.go:58] Using Plain outputer
[DEBUG Aug  2 07:37:26.112406201, termutils.go:17] Cannot get terminal size: inappropriate ioctl for device
[DEBUG Aug  2 07:37:26.112498332, client.go:128] Reporting event to 2 reporters: run-command, state-svc start, 
[DEBUG Aug  2 07:37:26.112590772, main.go:107] Running CmdStart
[DEBUG Aug  2 07:37:26.120824236, errs.go:75] Wrapped error: Service is already running -- with: valueF failed
[DEBUG Aug  2 07:37:26.120887238, errs.go:75] Wrapped error: valueF failed -- with: Could not store pid
[DEBUG Aug  2 07:37:26.120971750, errors.go:113] Wrapped input error: Could not store pid -- with: A State Service instance is already running in the background.
[DEBUG Aug  2 07:37:26.120987882, errs.go:75] Wrapped error: A State Service instance is already running in the background. -- with: Could not start serviceManager
[DEBUG Aug  2 07:37:26.121067219, client.go:128] Reporting event to 2 reporters: command-exit, state-svc start, 1
[DEBUG Aug  2 07:37:26.479102632, errs.go:75] Wrapped error: <nil> -- with: Could not start serviceManager: A State Service instance is already running in the background.: Could not store pid: valueF failed: Service is already running
[DEBUG Aug  2 07:37:26.479162995, main.go:61] state-svc errored out due to input: Could not start serviceManager: A State Service instance is already running in the background.: Could not store pid: valueF failed: Service is already running
