[DEBUG Aug  2 08:02:07.339506952, defaults.go:273] Args: [/home1/wangfeim/.local/ActiveState/StateTool/release/bin/state-svc start]
[DEBUG Aug  2 08:02:07.353771262, locale.go:38] Init
[DEBUG Aug  2 08:02:07.411939911, errs.go:68] Created error: File could not be found
[DEBUG Aug  2 08:02:07.414942991, errs.go:68] Created error: Not Recognized
[DEBUG Aug  2 08:02:07.436065671, errs.go:68] Created error: Secret not found
[DEBUG Aug  2 08:02:07.436120811, errs.go:68] Created error: Could not save keypair
[DEBUG Aug  2 08:02:07.436292080, errs.go:68] Created error: Build responded with error
[DEBUG Aug  2 08:02:07.436318706, errs.go:68] Created error: Unknown build type
[DEBUG Aug  2 08:02:07.436448543, errors.go:86] Wrapped localized error: <nil> -- with: The installed version of the State Tool Service does not match that of the client.
Please stop the service with [ACTIONABLE]state-svc stop[/RESET] and try your command again.
If this issue persists please reinstall the State Tool.

[DEBUG Aug  2 08:02:07.436462406, errs.go:68] Created error: no data
[DEBUG Aug  2 08:02:07.436485790, errs.go:68] Created error: member not found
[DEBUG Aug  2 08:02:07.436507310, errs.go:68] Created error: Commit count is unknowable
[DEBUG Aug  2 08:02:07.436527705, errs.go:68] Created error: No merge required
[DEBUG Aug  2 08:02:07.436554584, errs.go:68] Created error: Can't merge commit thats already in target commits history
[DEBUG Aug  2 08:02:07.436576804, errs.go:68] Created error: Bad expander name
[DEBUG Aug  2 08:02:07.436597003, errs.go:68] Created error: Expander has no handler
[DEBUG Aug  2 08:02:07.437607717, errs.go:68] Created error: Service is already running
[DEBUG Aug  2 08:02:07.494342701, secrets.go:35] Gcloud Secretmanager failed to initialize (ignore if you're not trying to use gcloud): google: could not find default credentials. See https://developers.google.com/accounts/docs/application-default-credentials for more information.
[DEBUG Aug  2 08:02:07.498518330, output.go:53] Requested outputer for 
[DEBUG Aug  2 08:02:07.498547654, output.go:58] Using Plain outputer
[DEBUG Aug  2 08:02:07.498629848, termutils.go:17] Cannot get terminal size: inappropriate ioctl for device
[DEBUG Aug  2 08:02:07.498772180, client.go:128] Reporting event to 2 reporters: run-command, state-svc start, 
[DEBUG Aug  2 08:02:07.498815196, main.go:107] Running CmdStart
[DEBUG Aug  2 08:02:07.504480648, errs.go:75] Wrapped error: Service is already running -- with: valueF failed
[DEBUG Aug  2 08:02:07.504551183, errs.go:75] Wrapped error: valueF failed -- with: Could not store pid
[DEBUG Aug  2 08:02:07.504624717, errors.go:113] Wrapped input error: Could not store pid -- with: A State Service instance is already running in the background.
[DEBUG Aug  2 08:02:07.504638783, errs.go:75] Wrapped error: A State Service instance is already running in the background. -- with: Could not start serviceManager
[DEBUG Aug  2 08:02:07.504712328, client.go:128] Reporting event to 2 reporters: command-exit, state-svc start, 1
[DEBUG Aug  2 08:02:07.924247243, errs.go:75] Wrapped error: <nil> -- with: Could not start serviceManager: A State Service instance is already running in the background.: Could not store pid: valueF failed: Service is already running
[DEBUG Aug  2 08:02:07.924305660, main.go:61] state-svc errored out due to input: Could not start serviceManager: A State Service instance is already running in the background.: Could not store pid: valueF failed: Service is already running
