[DEBUG Aug  2 08:07:55.162434720, defaults.go:273] Args: [/home1/wangfeim/.local/ActiveState/StateTool/release/bin/state-svc start]
[DEBUG Aug  2 08:07:55.199406055, locale.go:38] Init
[DEBUG Aug  2 08:07:55.243686228, errs.go:68] Created error: File could not be found
[DEBUG Aug  2 08:07:55.246823393, errs.go:68] Created error: Not Recognized
[DEBUG Aug  2 08:07:55.297458141, errs.go:68] Created error: Secret not found
[DEBUG Aug  2 08:07:55.297526143, errs.go:68] Created error: Could not save keypair
[DEBUG Aug  2 08:07:55.297701582, errs.go:68] Created error: Build responded with error
[DEBUG Aug  2 08:07:55.297731033, errs.go:68] Created error: Unknown build type
[DEBUG Aug  2 08:07:55.297852900, errors.go:86] Wrapped localized error: <nil> -- with: The installed version of the State Tool Service does not match that of the client.
Please stop the service with [ACTIONABLE]state-svc stop[/RESET] and try your command again.
If this issue persists please reinstall the State Tool.

[DEBUG Aug  2 08:07:55.297869442, errs.go:68] Created error: no data
[DEBUG Aug  2 08:07:55.297894180, errs.go:68] Created error: member not found
[DEBUG Aug  2 08:07:55.297926670, errs.go:68] Created error: Commit count is unknowable
[DEBUG Aug  2 08:07:55.297948856, errs.go:68] Created error: No merge required
[DEBUG Aug  2 08:07:55.297971435, errs.go:68] Created error: Can't merge commit thats already in target commits history
[DEBUG Aug  2 08:07:55.297994648, errs.go:68] Created error: Bad expander name
[DEBUG Aug  2 08:07:55.298016951, errs.go:68] Created error: Expander has no handler
[DEBUG Aug  2 08:07:55.299064371, errs.go:68] Created error: Service is already running
[DEBUG Aug  2 08:07:55.326208492, secrets.go:35] Gcloud Secretmanager failed to initialize (ignore if you're not trying to use gcloud): google: could not find default credentials. See https://developers.google.com/accounts/docs/application-default-credentials for more information.
[DEBUG Aug  2 08:07:55.330439222, output.go:53] Requested outputer for 
[DEBUG Aug  2 08:07:55.330461169, output.go:58] Using Plain outputer
[DEBUG Aug  2 08:07:55.330547444, termutils.go:17] Cannot get terminal size: inappropriate ioctl for device
[DEBUG Aug  2 08:07:55.330578316, client.go:128] Reporting event to 2 reporters: run-command, state-svc start, 
[DEBUG Aug  2 08:07:55.330666577, main.go:107] Running CmdStart
[DEBUG Aug  2 08:07:55.335953294, errs.go:75] Wrapped error: Service is already running -- with: valueF failed
[DEBUG Aug  2 08:07:55.336005069, errs.go:75] Wrapped error: valueF failed -- with: Could not store pid
[DEBUG Aug  2 08:07:55.336067773, errors.go:113] Wrapped input error: Could not store pid -- with: A State Service instance is already running in the background.
[DEBUG Aug  2 08:07:55.336081183, errs.go:75] Wrapped error: A State Service instance is already running in the background. -- with: Could not start serviceManager
[DEBUG Aug  2 08:07:55.336164224, client.go:128] Reporting event to 2 reporters: command-exit, state-svc start, 1
[DEBUG Aug  2 08:07:55.695770408, errs.go:75] Wrapped error: <nil> -- with: Could not start serviceManager: A State Service instance is already running in the background.: Could not store pid: valueF failed: Service is already running
[DEBUG Aug  2 08:07:55.695873058, main.go:61] state-svc errored out due to input: Could not start serviceManager: A State Service instance is already running in the background.: Could not store pid: valueF failed: Service is already running
