[DEBUG Aug  2 07:44:56.643027337, defaults.go:273] Args: [/home1/wangfeim/.local/ActiveState/StateTool/release/bin/state-svc start]
[DEBUG Aug  2 07:44:56.658412846, locale.go:38] Init
[DEBUG Aug  2 07:44:56.714805009, errs.go:68] Created error: File could not be found
[DEBUG Aug  2 07:44:56.718674454, errs.go:68] Created error: Not Recognized
[DEBUG Aug  2 07:44:56.787787002, errs.go:68] Created error: Secret not found
[DEBUG Aug  2 07:44:56.787837429, errs.go:68] Created error: Could not save keypair
[DEBUG Aug  2 07:44:56.788041999, errs.go:68] Created error: Build responded with error
[DEBUG Aug  2 07:44:56.788083082, errs.go:68] Created error: Unknown build type
[DEBUG Aug  2 07:44:56.788205334, errors.go:86] Wrapped localized error: <nil> -- with: The installed version of the State Tool Service does not match that of the client.
Please stop the service with [ACTIONABLE]state-svc stop[/RESET] and try your command again.
If this issue persists please reinstall the State Tool.

[DEBUG Aug  2 07:44:56.788221899, errs.go:68] Created error: no data
[DEBUG Aug  2 07:44:56.788250135, errs.go:68] Created error: member not found
[DEBUG Aug  2 07:44:56.788284743, errs.go:68] Created error: Commit count is unknowable
[DEBUG Aug  2 07:44:56.788308334, errs.go:68] Created error: No merge required
[DEBUG Aug  2 07:44:56.788329698, errs.go:68] Created error: Can't merge commit thats already in target commits history
[DEBUG Aug  2 07:44:56.788352375, errs.go:68] Created error: Bad expander name
[DEBUG Aug  2 07:44:56.788377906, errs.go:68] Created error: Expander has no handler
[DEBUG Aug  2 07:44:56.789649281, errs.go:68] Created error: Service is already running
[DEBUG Aug  2 07:44:56.816821915, secrets.go:35] Gcloud Secretmanager failed to initialize (ignore if you're not trying to use gcloud): google: could not find default credentials. See https://developers.google.com/accounts/docs/application-default-credentials for more information.
[DEBUG Aug  2 07:44:56.820233560, output.go:53] Requested outputer for 
[DEBUG Aug  2 07:44:56.820254838, output.go:58] Using Plain outputer
[DEBUG Aug  2 07:44:56.820329446, termutils.go:17] Cannot get terminal size: inappropriate ioctl for device
[DEBUG Aug  2 07:44:56.820422010, client.go:128] Reporting event to 2 reporters: run-command, state-svc start, 
[DEBUG Aug  2 07:44:56.820478158, main.go:107] Running CmdStart
[DEBUG Aug  2 07:44:56.828954185, errs.go:75] Wrapped error: Service is already running -- with: valueF failed
[DEBUG Aug  2 07:44:56.829007480, errs.go:75] Wrapped error: valueF failed -- with: Could not store pid
[DEBUG Aug  2 07:44:56.829079202, errors.go:113] Wrapped input error: Could not store pid -- with: A State Service instance is already running in the background.
[DEBUG Aug  2 07:44:56.829092399, errs.go:75] Wrapped error: A State Service instance is already running in the background. -- with: Could not start serviceManager
[DEBUG Aug  2 07:44:56.829173365, client.go:128] Reporting event to 2 reporters: command-exit, state-svc start, 1
[DEBUG Aug  2 07:44:57.228158546, errs.go:75] Wrapped error: <nil> -- with: Could not start serviceManager: A State Service instance is already running in the background.: Could not store pid: valueF failed: Service is already running
[DEBUG Aug  2 07:44:57.228235355, main.go:61] state-svc errored out due to input: Could not start serviceManager: A State Service instance is already running in the background.: Could not store pid: valueF failed: Service is already running
