[DEBUG Aug  2 07:49:02.540715845, defaults.go:273] Args: [/home1/wangfeim/.local/ActiveState/StateTool/release/bin/state-svc start]
[DEBUG Aug  2 07:49:02.555216072, locale.go:38] Init
[DEBUG Aug  2 07:49:02.608391327, errs.go:68] Created error: File could not be found
[DEBUG Aug  2 07:49:02.611535294, errs.go:68] Created error: Not Recognized
[DEBUG Aug  2 07:49:02.633760573, errs.go:68] Created error: Secret not found
[DEBUG Aug  2 07:49:02.633831055, errs.go:68] Created error: Could not save keypair
[DEBUG Aug  2 07:49:02.634137534, errs.go:68] Created error: Build responded with error
[DEBUG Aug  2 07:49:02.634182269, errs.go:68] Created error: Unknown build type
[DEBUG Aug  2 07:49:02.634386386, errors.go:86] Wrapped localized error: <nil> -- with: The installed version of the State Tool Service does not match that of the client.
Please stop the service with [ACTIONABLE]state-svc stop[/RESET] and try your command again.
If this issue persists please reinstall the State Tool.

[DEBUG Aug  2 07:49:02.634415727, errs.go:68] Created error: no data
[DEBUG Aug  2 07:49:02.634457995, errs.go:68] Created error: member not found
[DEBUG Aug  2 07:49:02.634491267, errs.go:68] Created error: Commit count is unknowable
[DEBUG Aug  2 07:49:02.634526087, errs.go:68] Created error: No merge required
[DEBUG Aug  2 07:49:02.634569046, errs.go:68] Created error: Can't merge commit thats already in target commits history
[DEBUG Aug  2 07:49:02.634602391, errs.go:68] Created error: Bad expander name
[DEBUG Aug  2 07:49:02.634637393, errs.go:68] Created error: Expander has no handler
[DEBUG Aug  2 07:49:02.636287338, errs.go:68] Created error: Service is already running
[DEBUG Aug  2 07:49:02.706768863, secrets.go:35] Gcloud Secretmanager failed to initialize (ignore if you're not trying to use gcloud): google: could not find default credentials. See https://developers.google.com/accounts/docs/application-default-credentials for more information.
[DEBUG Aug  2 07:49:02.710931511, output.go:53] Requested outputer for 
[DEBUG Aug  2 07:49:02.710952749, output.go:58] Using Plain outputer
[DEBUG Aug  2 07:49:02.711015112, termutils.go:17] Cannot get terminal size: inappropriate ioctl for device
[DEBUG Aug  2 07:49:02.711148875, client.go:128] Reporting event to 2 reporters: run-command, state-svc start, 
[DEBUG Aug  2 07:49:02.711158541, main.go:107] Running CmdStart
[DEBUG Aug  2 07:49:02.717885871, errs.go:75] Wrapped error: Service is already running -- with: valueF failed
[DEBUG Aug  2 07:49:02.718019828, errs.go:75] Wrapped error: valueF failed -- with: Could not store pid
[DEBUG Aug  2 07:49:02.718199222, errors.go:113] Wrapped input error: Could not store pid -- with: A State Service instance is already running in the background.
[DEBUG Aug  2 07:49:02.718248440, errs.go:75] Wrapped error: A State Service instance is already running in the background. -- with: Could not start serviceManager
[DEBUG Aug  2 07:49:02.719469812, client.go:128] Reporting event to 2 reporters: command-exit, state-svc start, 1
[DEBUG Aug  2 07:49:03.085060554, errs.go:75] Wrapped error: <nil> -- with: Could not start serviceManager: A State Service instance is already running in the background.: Could not store pid: valueF failed: Service is already running
[DEBUG Aug  2 07:49:03.085126790, main.go:61] state-svc errored out due to input: Could not start serviceManager: A State Service instance is already running in the background.: Could not store pid: valueF failed: Service is already running
