[DEBUG Aug  2 08:05:51.666516924, defaults.go:273] Args: [/home1/wangfeim/.local/ActiveState/StateTool/release/bin/state-svc start]
[DEBUG Aug  2 08:05:51.681444278, locale.go:38] Init
[DEBUG Aug  2 08:05:51.725187951, errs.go:68] Created error: File could not be found
[DEBUG Aug  2 08:05:51.728449683, errs.go:68] Created error: Not Recognized
[DEBUG Aug  2 08:05:51.800045930, errs.go:68] Created error: Secret not found
[DEBUG Aug  2 08:05:51.800101509, errs.go:68] Created error: Could not save keypair
[DEBUG Aug  2 08:05:51.800282303, errs.go:68] Created error: Build responded with error
[DEBUG Aug  2 08:05:51.800317836, errs.go:68] Created error: Unknown build type
[DEBUG Aug  2 08:05:51.800441083, errors.go:86] Wrapped localized error: <nil> -- with: The installed version of the State Tool Service does not match that of the client.
Please stop the service with [ACTIONABLE]state-svc stop[/RESET] and try your command again.
If this issue persists please reinstall the State Tool.

[DEBUG Aug  2 08:05:51.800456172, errs.go:68] Created error: no data
[DEBUG Aug  2 08:05:51.800480978, errs.go:68] Created error: member not found
[DEBUG Aug  2 08:05:51.800506287, errs.go:68] Created error: Commit count is unknowable
[DEBUG Aug  2 08:05:51.800530309, errs.go:68] Created error: No merge required
[DEBUG Aug  2 08:05:51.800581600, errs.go:68] Created error: Can't merge commit thats already in target commits history
[DEBUG Aug  2 08:05:51.800619526, errs.go:68] Created error: Bad expander name
[DEBUG Aug  2 08:05:51.800646800, errs.go:68] Created error: Expander has no handler
[DEBUG Aug  2 08:05:51.801809062, errs.go:68] Created error: Service is already running
[DEBUG Aug  2 08:05:51.830721281, secrets.go:35] Gcloud Secretmanager failed to initialize (ignore if you're not trying to use gcloud): google: could not find default credentials. See https://developers.google.com/accounts/docs/application-default-credentials for more information.
[DEBUG Aug  2 08:05:51.835431337, output.go:53] Requested outputer for 
[DEBUG Aug  2 08:05:51.835456282, output.go:58] Using Plain outputer
[DEBUG Aug  2 08:05:51.835560491, termutils.go:17] Cannot get terminal size: inappropriate ioctl for device
[DEBUG Aug  2 08:05:51.835671244, client.go:128] Reporting event to 2 reporters: run-command, state-svc start, 
[DEBUG Aug  2 08:05:51.835728740, main.go:107] Running CmdStart
[DEBUG Aug  2 08:05:51.841265325, errs.go:75] Wrapped error: Service is already running -- with: valueF failed
[DEBUG Aug  2 08:05:51.841326088, errs.go:75] Wrapped error: valueF failed -- with: Could not store pid
[DEBUG Aug  2 08:05:51.841397464, errors.go:113] Wrapped input error: Could not store pid -- with: A State Service instance is already running in the background.
[DEBUG Aug  2 08:05:51.841412411, errs.go:75] Wrapped error: A State Service instance is already running in the background. -- with: Could not start serviceManager
[DEBUG Aug  2 08:05:51.841501634, client.go:128] Reporting event to 2 reporters: command-exit, state-svc start, 1
[DEBUG Aug  2 08:05:52.199532029, errs.go:75] Wrapped error: <nil> -- with: Could not start serviceManager: A State Service instance is already running in the background.: Could not store pid: valueF failed: Service is already running
[DEBUG Aug  2 08:05:52.199624930, main.go:61] state-svc errored out due to input: Could not start serviceManager: A State Service instance is already running in the background.: Could not store pid: valueF failed: Service is already running
