[DEBUG Aug  2 07:39:10.863436331, defaults.go:273] Args: [/home1/wangfeim/.local/ActiveState/StateTool/release/bin/state-svc start]
[DEBUG Aug  2 07:39:10.891653631, locale.go:38] Init
[DEBUG Aug  2 07:39:10.985807426, errs.go:68] Created error: File could not be found
[DEBUG Aug  2 07:39:10.989083329, errs.go:68] Created error: Not Recognized
[DEBUG Aug  2 07:39:11.011039212, errs.go:68] Created error: Secret not found
[DEBUG Aug  2 07:39:11.011100477, errs.go:68] Created error: Could not save keypair
[DEBUG Aug  2 07:39:11.011274037, errs.go:68] Created error: Build responded with error
[DEBUG Aug  2 07:39:11.011303042, errs.go:68] Created error: Unknown build type
[DEBUG Aug  2 07:39:11.011430502, errors.go:86] Wrapped localized error: <nil> -- with: The installed version of the State Tool Service does not match that of the client.
Please stop the service with [ACTIONABLE]state-svc stop[/RESET] and try your command again.
If this issue persists please reinstall the State Tool.

[DEBUG Aug  2 07:39:11.011445826, errs.go:68] Created error: no data
[DEBUG Aug  2 07:39:11.011477816, errs.go:68] Created error: member not found
[DEBUG Aug  2 07:39:11.011510804, errs.go:68] Created error: Commit count is unknowable
[DEBUG Aug  2 07:39:11.011535109, errs.go:68] Created error: No merge required
[DEBUG Aug  2 07:39:11.011565764, errs.go:68] Created error: Can't merge commit thats already in target commits history
[DEBUG Aug  2 07:39:11.011590960, errs.go:68] Created error: Bad expander name
[DEBUG Aug  2 07:39:11.011613943, errs.go:68] Created error: Expander has no handler
[DEBUG Aug  2 07:39:11.012871238, errs.go:68] Created error: Service is already running
[DEBUG Aug  2 07:39:11.042132854, secrets.go:35] Gcloud Secretmanager failed to initialize (ignore if you're not trying to use gcloud): google: could not find default credentials. See https://developers.google.com/accounts/docs/application-default-credentials for more information.
[DEBUG Aug  2 07:39:11.045552664, output.go:53] Requested outputer for 
[DEBUG Aug  2 07:39:11.045575567, output.go:58] Using Plain outputer
[DEBUG Aug  2 07:39:11.045656668, termutils.go:17] Cannot get terminal size: inappropriate ioctl for device
[DEBUG Aug  2 07:39:11.045814949, client.go:128] Reporting event to 2 reporters: run-command, state-svc start, 
[DEBUG Aug  2 07:39:11.045847696, main.go:107] Running CmdStart
[DEBUG Aug  2 07:39:11.087916045, errs.go:75] Wrapped error: Service is already running -- with: valueF failed
[DEBUG Aug  2 07:39:11.087991771, errs.go:75] Wrapped error: valueF failed -- with: Could not store pid
[DEBUG Aug  2 07:39:11.088063763, errors.go:113] Wrapped input error: Could not store pid -- with: A State Service instance is already running in the background.
[DEBUG Aug  2 07:39:11.088076790, errs.go:75] Wrapped error: A State Service instance is already running in the background. -- with: Could not start serviceManager
[DEBUG Aug  2 07:39:11.088203982, client.go:128] Reporting event to 2 reporters: command-exit, state-svc start, 1
[DEBUG Aug  2 07:39:11.412141452, errs.go:75] Wrapped error: <nil> -- with: Could not start serviceManager: A State Service instance is already running in the background.: Could not store pid: valueF failed: Service is already running
[DEBUG Aug  2 07:39:11.412218376, main.go:61] state-svc errored out due to input: Could not start serviceManager: A State Service instance is already running in the background.: Could not store pid: valueF failed: Service is already running
