[DEBUG Mar  8 17:38:04.479184488, defaults.go:273] Args: [/home1/wangfeim/.local/ActiveState/StateTool/release/bin/state-svc start]
[DEBUG Mar  8 17:38:04.490101525, locale.go:38] Init
[DEBUG Mar  8 17:38:04.523985623, errs.go:68] Created error: File could not be found
[DEBUG Mar  8 17:38:04.526430663, errs.go:68] Created error: Not Recognized
[DEBUG Mar  8 17:38:04.542935868, errs.go:68] Created error: Secret not found
[DEBUG Mar  8 17:38:04.543051499, errs.go:68] Created error: Could not save keypair
[DEBUG Mar  8 17:38:04.543380965, errs.go:68] Created error: Build responded with error
[DEBUG Mar  8 17:38:04.543443993, errs.go:68] Created error: Unknown build type
[DEBUG Mar  8 17:38:04.544042960, errors.go:86] Wrapped localized error: <nil> -- with: The installed version of the State Tool Service does not match that of the client.
Please stop the service with [ACTIONABLE]state-svc stop[/RESET] and try your command again.
If this issue persists please reinstall the State Tool.

[DEBUG Mar  8 17:38:04.544066657, errs.go:68] Created error: no data
[DEBUG Mar  8 17:38:04.544102319, errs.go:68] Created error: member not found
[DEBUG Mar  8 17:38:04.544125248, errs.go:68] Created error: Commit count is unknowable
[DEBUG Mar  8 17:38:04.544146743, errs.go:68] Created error: No merge required
[DEBUG Mar  8 17:38:04.544170250, errs.go:68] Created error: Can't merge commit thats already in target commits history
[DEBUG Mar  8 17:38:04.544193958, errs.go:68] Created error: Bad expander name
[DEBUG Mar  8 17:38:04.544214325, errs.go:68] Created error: Expander has no handler
[DEBUG Mar  8 17:38:04.545152372, errs.go:68] Created error: Service is already running
[DEBUG Mar  8 17:38:04.567195324, secrets.go:35] Gcloud Secretmanager failed to initialize (ignore if you're not trying to use gcloud): google: could not find default credentials. See https://developers.google.com/accounts/docs/application-default-credentials for more information.
[DEBUG Mar  8 17:38:04.570319558, output.go:53] Requested outputer for 
[DEBUG Mar  8 17:38:04.570339673, output.go:58] Using Plain outputer
[DEBUG Mar  8 17:38:04.570401495, termutils.go:17] Cannot get terminal size: inappropriate ioctl for device
[DEBUG Mar  8 17:38:04.570480333, client.go:128] Reporting event to 2 reporters: run-command, state-svc start, 
[DEBUG Mar  8 17:38:04.570527031, main.go:107] Running CmdStart
[DEBUG Mar  8 17:38:04.576368622, errs.go:75] Wrapped error: Service is already running -- with: valueF failed
[DEBUG Mar  8 17:38:04.576418409, errs.go:75] Wrapped error: valueF failed -- with: Could not store pid
[DEBUG Mar  8 17:38:04.576474740, errors.go:113] Wrapped input error: Could not store pid -- with: A State Service instance is already running in the background.
[DEBUG Mar  8 17:38:04.576483434, errs.go:75] Wrapped error: A State Service instance is already running in the background. -- with: Could not start serviceManager
[DEBUG Mar  8 17:38:04.576582639, client.go:128] Reporting event to 2 reporters: command-exit, state-svc start, 1
[DEBUG Mar  8 17:38:04.937466567, errs.go:75] Wrapped error: <nil> -- with: Could not start serviceManager: A State Service instance is already running in the background.: Could not store pid: valueF failed: Service is already running
[DEBUG Mar  8 17:38:04.937522842, main.go:61] state-svc errored out due to input: Could not start serviceManager: A State Service instance is already running in the background.: Could not store pid: valueF failed: Service is already running
