[DEBUG Aug  2 08:19:49.884846329, defaults.go:273] Args: [/home1/wangfeim/.local/ActiveState/StateTool/release/bin/state-svc start]
[DEBUG Aug  2 08:19:49.899441201, locale.go:38] Init
[DEBUG Aug  2 08:19:49.940507976, errs.go:68] Created error: File could not be found
[DEBUG Aug  2 08:19:49.987643380, errs.go:68] Created error: Not Recognized
[DEBUG Aug  2 08:19:50.008066631, errs.go:68] Created error: Secret not found
[DEBUG Aug  2 08:19:50.008122409, errs.go:68] Created error: Could not save keypair
[DEBUG Aug  2 08:19:50.008308641, errs.go:68] Created error: Build responded with error
[DEBUG Aug  2 08:19:50.008341847, errs.go:68] Created error: Unknown build type
[DEBUG Aug  2 08:19:50.008453099, errors.go:86] Wrapped localized error: <nil> -- with: The installed version of the State Tool Service does not match that of the client.
Please stop the service with [ACTIONABLE]state-svc stop[/RESET] and try your command again.
If this issue persists please reinstall the State Tool.

[DEBUG Aug  2 08:19:50.008466861, errs.go:68] Created error: no data
[DEBUG Aug  2 08:19:50.008489156, errs.go:68] Created error: member not found
[DEBUG Aug  2 08:19:50.008513411, errs.go:68] Created error: Commit count is unknowable
[DEBUG Aug  2 08:19:50.008533945, errs.go:68] Created error: No merge required
[DEBUG Aug  2 08:19:50.008561146, errs.go:68] Created error: Can't merge commit thats already in target commits history
[DEBUG Aug  2 08:19:50.008586403, errs.go:68] Created error: Bad expander name
[DEBUG Aug  2 08:19:50.008611260, errs.go:68] Created error: Expander has no handler
[DEBUG Aug  2 08:19:50.009801639, errs.go:68] Created error: Service is already running
[DEBUG Aug  2 08:19:50.035634461, secrets.go:35] Gcloud Secretmanager failed to initialize (ignore if you're not trying to use gcloud): google: could not find default credentials. See https://developers.google.com/accounts/docs/application-default-credentials for more information.
[DEBUG Aug  2 08:19:50.038951121, output.go:53] Requested outputer for 
[DEBUG Aug  2 08:19:50.038971648, output.go:58] Using Plain outputer
[DEBUG Aug  2 08:19:50.039066032, termutils.go:17] Cannot get terminal size: inappropriate ioctl for device
[DEBUG Aug  2 08:19:50.039136415, client.go:128] Reporting event to 2 reporters: run-command, state-svc start, 
[DEBUG Aug  2 08:19:50.039282064, main.go:107] Running CmdStart
[DEBUG Aug  2 08:19:50.045648093, errs.go:75] Wrapped error: Service is already running -- with: valueF failed
[DEBUG Aug  2 08:19:50.045834939, errs.go:75] Wrapped error: valueF failed -- with: Could not store pid
[DEBUG Aug  2 08:19:50.046105399, errors.go:113] Wrapped input error: Could not store pid -- with: A State Service instance is already running in the background.
[DEBUG Aug  2 08:19:50.046180548, errs.go:75] Wrapped error: A State Service instance is already running in the background. -- with: Could not start serviceManager
[DEBUG Aug  2 08:19:50.046564078, client.go:128] Reporting event to 2 reporters: command-exit, state-svc start, 1
[DEBUG Aug  2 08:19:50.388999466, errs.go:75] Wrapped error: <nil> -- with: Could not start serviceManager: A State Service instance is already running in the background.: Could not store pid: valueF failed: Service is already running
[DEBUG Aug  2 08:19:50.389069312, main.go:61] state-svc errored out due to input: Could not start serviceManager: A State Service instance is already running in the background.: Could not store pid: valueF failed: Service is already running
