[DEBUG Aug  2 08:13:53.316152106, defaults.go:273] Args: [/home1/wangfeim/.local/ActiveState/StateTool/release/bin/state-svc start]
[DEBUG Aug  2 08:13:53.330867147, locale.go:38] Init
[DEBUG Aug  2 08:13:53.590448739, errs.go:68] Created error: File could not be found
[DEBUG Aug  2 08:13:53.593587125, errs.go:68] Created error: Not Recognized
[DEBUG Aug  2 08:13:53.615364520, errs.go:68] Created error: Secret not found
[DEBUG Aug  2 08:13:53.615594507, errs.go:68] Created error: Could not save keypair
[DEBUG Aug  2 08:13:53.615819829, errs.go:68] Created error: Build responded with error
[DEBUG Aug  2 08:13:53.615853934, errs.go:68] Created error: Unknown build type
[DEBUG Aug  2 08:13:53.615998266, errors.go:86] Wrapped localized error: <nil> -- with: The installed version of the State Tool Service does not match that of the client.
Please stop the service with [ACTIONABLE]state-svc stop[/RESET] and try your command again.
If this issue persists please reinstall the State Tool.

[DEBUG Aug  2 08:13:53.616016548, errs.go:68] Created error: no data
[DEBUG Aug  2 08:13:53.616045946, errs.go:68] Created error: member not found
[DEBUG Aug  2 08:13:53.616076023, errs.go:68] Created error: Commit count is unknowable
[DEBUG Aug  2 08:13:53.616099664, errs.go:68] Created error: No merge required
[DEBUG Aug  2 08:13:53.616122106, errs.go:68] Created error: Can't merge commit thats already in target commits history
[DEBUG Aug  2 08:13:53.616147226, errs.go:68] Created error: Bad expander name
[DEBUG Aug  2 08:13:53.616176657, errs.go:68] Created error: Expander has no handler
[DEBUG Aug  2 08:13:53.617397589, errs.go:68] Created error: Service is already running
[DEBUG Aug  2 08:13:53.698699754, secrets.go:35] Gcloud Secretmanager failed to initialize (ignore if you're not trying to use gcloud): google: could not find default credentials. See https://developers.google.com/accounts/docs/application-default-credentials for more information.
[DEBUG Aug  2 08:13:53.702905606, output.go:53] Requested outputer for 
[DEBUG Aug  2 08:13:53.702929324, output.go:58] Using Plain outputer
[DEBUG Aug  2 08:13:53.703014997, termutils.go:17] Cannot get terminal size: inappropriate ioctl for device
[DEBUG Aug  2 08:13:53.703099181, client.go:128] Reporting event to 2 reporters: run-command, state-svc start, 
[DEBUG Aug  2 08:13:53.703164709, main.go:107] Running CmdStart
[DEBUG Aug  2 08:13:53.709534211, errs.go:75] Wrapped error: Service is already running -- with: valueF failed
[DEBUG Aug  2 08:13:53.709602782, errs.go:75] Wrapped error: valueF failed -- with: Could not store pid
[DEBUG Aug  2 08:13:53.709673750, errors.go:113] Wrapped input error: Could not store pid -- with: A State Service instance is already running in the background.
[DEBUG Aug  2 08:13:53.709688248, errs.go:75] Wrapped error: A State Service instance is already running in the background. -- with: Could not start serviceManager
[DEBUG Aug  2 08:13:53.709750914, client.go:128] Reporting event to 2 reporters: command-exit, state-svc start, 1
[DEBUG Aug  2 08:13:54.096043856, errs.go:75] Wrapped error: <nil> -- with: Could not start serviceManager: A State Service instance is already running in the background.: Could not store pid: valueF failed: Service is already running
[DEBUG Aug  2 08:13:54.096106361, main.go:61] state-svc errored out due to input: Could not start serviceManager: A State Service instance is already running in the background.: Could not store pid: valueF failed: Service is already running
