[DEBUG Aug  2 08:03:19.610556626, defaults.go:273] Args: [/home1/wangfeim/.local/ActiveState/StateTool/release/bin/state-svc start]
[DEBUG Aug  2 08:03:19.624646910, locale.go:38] Init
[DEBUG Aug  2 08:03:19.700558829, errs.go:68] Created error: File could not be found
[DEBUG Aug  2 08:03:19.703887944, errs.go:68] Created error: Not Recognized
[DEBUG Aug  2 08:03:19.724533530, errs.go:68] Created error: Secret not found
[DEBUG Aug  2 08:03:19.724599403, errs.go:68] Created error: Could not save keypair
[DEBUG Aug  2 08:03:19.724825144, errs.go:68] Created error: Build responded with error
[DEBUG Aug  2 08:03:19.724861731, errs.go:68] Created error: Unknown build type
[DEBUG Aug  2 08:03:19.724982189, errors.go:86] Wrapped localized error: <nil> -- with: The installed version of the State Tool Service does not match that of the client.
Please stop the service with [ACTIONABLE]state-svc stop[/RESET] and try your command again.
If this issue persists please reinstall the State Tool.

[DEBUG Aug  2 08:03:19.724997293, errs.go:68] Created error: no data
[DEBUG Aug  2 08:03:19.725023258, errs.go:68] Created error: member not found
[DEBUG Aug  2 08:03:19.725048844, errs.go:68] Created error: Commit count is unknowable
[DEBUG Aug  2 08:03:19.725073398, errs.go:68] Created error: No merge required
[DEBUG Aug  2 08:03:19.725098386, errs.go:68] Created error: Can't merge commit thats already in target commits history
[DEBUG Aug  2 08:03:19.725123607, errs.go:68] Created error: Bad expander name
[DEBUG Aug  2 08:03:19.725148015, errs.go:68] Created error: Expander has no handler
[DEBUG Aug  2 08:03:19.727940535, errs.go:68] Created error: Service is already running
[DEBUG Aug  2 08:03:19.787204307, secrets.go:35] Gcloud Secretmanager failed to initialize (ignore if you're not trying to use gcloud): google: could not find default credentials. See https://developers.google.com/accounts/docs/application-default-credentials for more information.
[DEBUG Aug  2 08:03:19.792086249, output.go:53] Requested outputer for 
[DEBUG Aug  2 08:03:19.792121244, output.go:58] Using Plain outputer
[DEBUG Aug  2 08:03:19.792206387, termutils.go:17] Cannot get terminal size: inappropriate ioctl for device
[DEBUG Aug  2 08:03:19.792329950, client.go:128] Reporting event to 2 reporters: run-command, state-svc start, 
[DEBUG Aug  2 08:03:19.792427057, main.go:107] Running CmdStart
[DEBUG Aug  2 08:03:19.798717482, errs.go:75] Wrapped error: Service is already running -- with: valueF failed
[DEBUG Aug  2 08:03:19.798796304, errs.go:75] Wrapped error: valueF failed -- with: Could not store pid
[DEBUG Aug  2 08:03:19.798880304, errors.go:113] Wrapped input error: Could not store pid -- with: A State Service instance is already running in the background.
[DEBUG Aug  2 08:03:19.798895617, errs.go:75] Wrapped error: A State Service instance is already running in the background. -- with: Could not start serviceManager
[DEBUG Aug  2 08:03:19.798960476, client.go:128] Reporting event to 2 reporters: command-exit, state-svc start, 1
[DEBUG Aug  2 08:03:20.185024608, errs.go:75] Wrapped error: <nil> -- with: Could not start serviceManager: A State Service instance is already running in the background.: Could not store pid: valueF failed: Service is already running
[DEBUG Aug  2 08:03:20.185083296, main.go:61] state-svc errored out due to input: Could not start serviceManager: A State Service instance is already running in the background.: Could not store pid: valueF failed: Service is already running
