[DEBUG Aug  2 07:51:34.232194205, defaults.go:273] Args: [/home1/wangfeim/.local/ActiveState/StateTool/release/bin/state-svc start]
[DEBUG Aug  2 07:51:34.246049710, locale.go:38] Init
[DEBUG Aug  2 07:51:34.304363802, errs.go:68] Created error: File could not be found
[DEBUG Aug  2 07:51:34.307596407, errs.go:68] Created error: Not Recognized
[DEBUG Aug  2 07:51:34.328834095, errs.go:68] Created error: Secret not found
[DEBUG Aug  2 07:51:34.328886308, errs.go:68] Created error: Could not save keypair
[DEBUG Aug  2 07:51:34.329049396, errs.go:68] Created error: Build responded with error
[DEBUG Aug  2 07:51:34.329081281, errs.go:68] Created error: Unknown build type
[DEBUG Aug  2 07:51:34.329214574, errors.go:86] Wrapped localized error: <nil> -- with: The installed version of the State Tool Service does not match that of the client.
Please stop the service with [ACTIONABLE]state-svc stop[/RESET] and try your command again.
If this issue persists please reinstall the State Tool.

[DEBUG Aug  2 07:51:34.329229494, errs.go:68] Created error: no data
[DEBUG Aug  2 07:51:34.329254324, errs.go:68] Created error: member not found
[DEBUG Aug  2 07:51:34.329277983, errs.go:68] Created error: Commit count is unknowable
[DEBUG Aug  2 07:51:34.329299129, errs.go:68] Created error: No merge required
[DEBUG Aug  2 07:51:34.329321951, errs.go:68] Created error: Can't merge commit thats already in target commits history
[DEBUG Aug  2 07:51:34.329347711, errs.go:68] Created error: Bad expander name
[DEBUG Aug  2 07:51:34.329368786, errs.go:68] Created error: Expander has no handler
[DEBUG Aug  2 07:51:34.330480460, errs.go:68] Created error: Service is already running
[DEBUG Aug  2 07:51:34.390170457, secrets.go:35] Gcloud Secretmanager failed to initialize (ignore if you're not trying to use gcloud): google: could not find default credentials. See https://developers.google.com/accounts/docs/application-default-credentials for more information.
[DEBUG Aug  2 07:51:34.394049788, output.go:53] Requested outputer for 
[DEBUG Aug  2 07:51:34.394093721, output.go:58] Using Plain outputer
[DEBUG Aug  2 07:51:34.394197570, termutils.go:17] Cannot get terminal size: inappropriate ioctl for device
[DEBUG Aug  2 07:51:34.394299433, client.go:128] Reporting event to 2 reporters: run-command, state-svc start, 
[DEBUG Aug  2 07:51:34.394363695, main.go:107] Running CmdStart
[DEBUG Aug  2 07:51:34.400041275, errs.go:75] Wrapped error: Service is already running -- with: valueF failed
[DEBUG Aug  2 07:51:34.400100105, errs.go:75] Wrapped error: valueF failed -- with: Could not store pid
[DEBUG Aug  2 07:51:34.400167690, errors.go:113] Wrapped input error: Could not store pid -- with: A State Service instance is already running in the background.
[DEBUG Aug  2 07:51:34.400181073, errs.go:75] Wrapped error: A State Service instance is already running in the background. -- with: Could not start serviceManager
[DEBUG Aug  2 07:51:34.400246706, client.go:128] Reporting event to 2 reporters: command-exit, state-svc start, 1
[DEBUG Aug  2 07:51:34.768869554, errs.go:75] Wrapped error: <nil> -- with: Could not start serviceManager: A State Service instance is already running in the background.: Could not store pid: valueF failed: Service is already running
[DEBUG Aug  2 07:51:34.768949341, main.go:61] state-svc errored out due to input: Could not start serviceManager: A State Service instance is already running in the background.: Could not store pid: valueF failed: Service is already running
