[DEBUG Aug  2 08:06:54.059968553, defaults.go:273] Args: [/home1/wangfeim/.local/ActiveState/StateTool/release/bin/state-svc start]
[DEBUG Aug  2 08:06:54.076868277, locale.go:38] Init
[DEBUG Aug  2 08:06:54.126954153, errs.go:68] Created error: File could not be found
[DEBUG Aug  2 08:06:54.130276779, errs.go:68] Created error: Not Recognized
[DEBUG Aug  2 08:06:54.192738857, errs.go:68] Created error: Secret not found
[DEBUG Aug  2 08:06:54.192791358, errs.go:68] Created error: Could not save keypair
[DEBUG Aug  2 08:06:54.192971421, errs.go:68] Created error: Build responded with error
[DEBUG Aug  2 08:06:54.193000962, errs.go:68] Created error: Unknown build type
[DEBUG Aug  2 08:06:54.193114770, errors.go:86] Wrapped localized error: <nil> -- with: The installed version of the State Tool Service does not match that of the client.
Please stop the service with [ACTIONABLE]state-svc stop[/RESET] and try your command again.
If this issue persists please reinstall the State Tool.

[DEBUG Aug  2 08:06:54.193130029, errs.go:68] Created error: no data
[DEBUG Aug  2 08:06:54.193164248, errs.go:68] Created error: member not found
[DEBUG Aug  2 08:06:54.193193433, errs.go:68] Created error: Commit count is unknowable
[DEBUG Aug  2 08:06:54.193217518, errs.go:68] Created error: No merge required
[DEBUG Aug  2 08:06:54.193240267, errs.go:68] Created error: Can't merge commit thats already in target commits history
[DEBUG Aug  2 08:06:54.193264865, errs.go:68] Created error: Bad expander name
[DEBUG Aug  2 08:06:54.193288261, errs.go:68] Created error: Expander has no handler
[DEBUG Aug  2 08:06:54.194293287, errs.go:68] Created error: Service is already running
[DEBUG Aug  2 08:06:54.224323719, secrets.go:35] Gcloud Secretmanager failed to initialize (ignore if you're not trying to use gcloud): google: could not find default credentials. See https://developers.google.com/accounts/docs/application-default-credentials for more information.
[DEBUG Aug  2 08:06:54.228241055, output.go:53] Requested outputer for 
[DEBUG Aug  2 08:06:54.228260190, output.go:58] Using Plain outputer
[DEBUG Aug  2 08:06:54.228328966, termutils.go:17] Cannot get terminal size: inappropriate ioctl for device
[DEBUG Aug  2 08:06:54.228416789, client.go:128] Reporting event to 2 reporters: run-command, state-svc start, 
[DEBUG Aug  2 08:06:54.228494983, main.go:107] Running CmdStart
[DEBUG Aug  2 08:06:54.234373806, errs.go:75] Wrapped error: Service is already running -- with: valueF failed
[DEBUG Aug  2 08:06:54.234433007, errs.go:75] Wrapped error: valueF failed -- with: Could not store pid
[DEBUG Aug  2 08:06:54.234509351, errors.go:113] Wrapped input error: Could not store pid -- with: A State Service instance is already running in the background.
[DEBUG Aug  2 08:06:54.234524576, errs.go:75] Wrapped error: A State Service instance is already running in the background. -- with: Could not start serviceManager
[DEBUG Aug  2 08:06:54.234629749, client.go:128] Reporting event to 2 reporters: command-exit, state-svc start, 1
[DEBUG Aug  2 08:06:54.606733867, errs.go:75] Wrapped error: <nil> -- with: Could not start serviceManager: A State Service instance is already running in the background.: Could not store pid: valueF failed: Service is already running
[DEBUG Aug  2 08:06:54.606810180, main.go:61] state-svc errored out due to input: Could not start serviceManager: A State Service instance is already running in the background.: Could not store pid: valueF failed: Service is already running
