[DEBUG Aug  2 08:09:52.473073491, defaults.go:273] Args: [/home1/wangfeim/.local/ActiveState/StateTool/release/bin/state-svc start]
[DEBUG Aug  2 08:09:52.488451716, locale.go:38] Init
[DEBUG Aug  2 08:09:52.532245768, errs.go:68] Created error: File could not be found
[DEBUG Aug  2 08:09:52.535450442, errs.go:68] Created error: Not Recognized
[DEBUG Aug  2 08:09:52.558037444, errs.go:68] Created error: Secret not found
[DEBUG Aug  2 08:09:52.558089950, errs.go:68] Created error: Could not save keypair
[DEBUG Aug  2 08:09:52.558268115, errs.go:68] Created error: Build responded with error
[DEBUG Aug  2 08:09:52.558304031, errs.go:68] Created error: Unknown build type
[DEBUG Aug  2 08:09:52.558430346, errors.go:86] Wrapped localized error: <nil> -- with: The installed version of the State Tool Service does not match that of the client.
Please stop the service with [ACTIONABLE]state-svc stop[/RESET] and try your command again.
If this issue persists please reinstall the State Tool.

[DEBUG Aug  2 08:09:52.558446891, errs.go:68] Created error: no data
[DEBUG Aug  2 08:09:52.558472690, errs.go:68] Created error: member not found
[DEBUG Aug  2 08:09:52.558495958, errs.go:68] Created error: Commit count is unknowable
[DEBUG Aug  2 08:09:52.558519114, errs.go:68] Created error: No merge required
[DEBUG Aug  2 08:09:52.558549361, errs.go:68] Created error: Can't merge commit thats already in target commits history
[DEBUG Aug  2 08:09:52.558575034, errs.go:68] Created error: Bad expander name
[DEBUG Aug  2 08:09:52.558598229, errs.go:68] Created error: Expander has no handler
[DEBUG Aug  2 08:09:52.559782997, errs.go:68] Created error: Service is already running
[DEBUG Aug  2 08:09:52.601056376, secrets.go:35] Gcloud Secretmanager failed to initialize (ignore if you're not trying to use gcloud): google: could not find default credentials. See https://developers.google.com/accounts/docs/application-default-credentials for more information.
[DEBUG Aug  2 08:09:52.604441805, output.go:53] Requested outputer for 
[DEBUG Aug  2 08:09:52.604467767, output.go:58] Using Plain outputer
[DEBUG Aug  2 08:09:52.604552186, termutils.go:17] Cannot get terminal size: inappropriate ioctl for device
[DEBUG Aug  2 08:09:52.604727696, client.go:128] Reporting event to 2 reporters: run-command, state-svc start, 
[DEBUG Aug  2 08:09:52.604796606, main.go:107] Running CmdStart
[DEBUG Aug  2 08:09:52.611120081, errs.go:75] Wrapped error: Service is already running -- with: valueF failed
[DEBUG Aug  2 08:09:52.611199417, errs.go:75] Wrapped error: valueF failed -- with: Could not store pid
[DEBUG Aug  2 08:09:52.611277956, errors.go:113] Wrapped input error: Could not store pid -- with: A State Service instance is already running in the background.
[DEBUG Aug  2 08:09:52.611292540, errs.go:75] Wrapped error: A State Service instance is already running in the background. -- with: Could not start serviceManager
[DEBUG Aug  2 08:09:52.611361735, client.go:128] Reporting event to 2 reporters: command-exit, state-svc start, 1
[DEBUG Aug  2 08:09:53.025185894, errs.go:75] Wrapped error: <nil> -- with: Could not start serviceManager: A State Service instance is already running in the background.: Could not store pid: valueF failed: Service is already running
[DEBUG Aug  2 08:09:53.025249569, main.go:61] state-svc errored out due to input: Could not start serviceManager: A State Service instance is already running in the background.: Could not store pid: valueF failed: Service is already running
