[DEBUG Aug  2 08:13:11.072712451, defaults.go:273] Args: [/home1/wangfeim/.local/ActiveState/StateTool/release/bin/state-svc start]
[DEBUG Aug  2 08:13:11.098514355, locale.go:38] Init
[DEBUG Aug  2 08:13:11.141138574, errs.go:68] Created error: File could not be found
[DEBUG Aug  2 08:13:11.144092572, errs.go:68] Created error: Not Recognized
[DEBUG Aug  2 08:13:11.199716795, errs.go:68] Created error: Secret not found
[DEBUG Aug  2 08:13:11.199769304, errs.go:68] Created error: Could not save keypair
[DEBUG Aug  2 08:13:11.199946246, errs.go:68] Created error: Build responded with error
[DEBUG Aug  2 08:13:11.199973170, errs.go:68] Created error: Unknown build type
[DEBUG Aug  2 08:13:11.200077885, errors.go:86] Wrapped localized error: <nil> -- with: The installed version of the State Tool Service does not match that of the client.
Please stop the service with [ACTIONABLE]state-svc stop[/RESET] and try your command again.
If this issue persists please reinstall the State Tool.

[DEBUG Aug  2 08:13:11.200090688, errs.go:68] Created error: no data
[DEBUG Aug  2 08:13:11.200113644, errs.go:68] Created error: member not found
[DEBUG Aug  2 08:13:11.200138477, errs.go:68] Created error: Commit count is unknowable
[DEBUG Aug  2 08:13:11.200159810, errs.go:68] Created error: No merge required
[DEBUG Aug  2 08:13:11.200180029, errs.go:68] Created error: Can't merge commit thats already in target commits history
[DEBUG Aug  2 08:13:11.200201468, errs.go:68] Created error: Bad expander name
[DEBUG Aug  2 08:13:11.200221254, errs.go:68] Created error: Expander has no handler
[DEBUG Aug  2 08:13:11.201335280, errs.go:68] Created error: Service is already running
[DEBUG Aug  2 08:13:11.229517596, secrets.go:35] Gcloud Secretmanager failed to initialize (ignore if you're not trying to use gcloud): google: could not find default credentials. See https://developers.google.com/accounts/docs/application-default-credentials for more information.
[DEBUG Aug  2 08:13:11.232915670, output.go:53] Requested outputer for 
[DEBUG Aug  2 08:13:11.232940045, output.go:58] Using Plain outputer
[DEBUG Aug  2 08:13:11.233038327, termutils.go:17] Cannot get terminal size: inappropriate ioctl for device
[DEBUG Aug  2 08:13:11.233118318, client.go:128] Reporting event to 2 reporters: run-command, state-svc start, 
[DEBUG Aug  2 08:13:11.233327728, main.go:107] Running CmdStart
[DEBUG Aug  2 08:13:11.239275585, errs.go:75] Wrapped error: Service is already running -- with: valueF failed
[DEBUG Aug  2 08:13:11.239337888, errs.go:75] Wrapped error: valueF failed -- with: Could not store pid
[DEBUG Aug  2 08:13:11.239412822, errors.go:113] Wrapped input error: Could not store pid -- with: A State Service instance is already running in the background.
[DEBUG Aug  2 08:13:11.239425820, errs.go:75] Wrapped error: A State Service instance is already running in the background. -- with: Could not start serviceManager
[DEBUG Aug  2 08:13:11.239523338, client.go:128] Reporting event to 2 reporters: command-exit, state-svc start, 1
[DEBUG Aug  2 08:13:11.623014494, errs.go:75] Wrapped error: <nil> -- with: Could not start serviceManager: A State Service instance is already running in the background.: Could not store pid: valueF failed: Service is already running
[DEBUG Aug  2 08:13:11.623079807, main.go:61] state-svc errored out due to input: Could not start serviceManager: A State Service instance is already running in the background.: Could not store pid: valueF failed: Service is already running
