[DEBUG Aug  2 07:36:02.288527374, defaults.go:273] Args: [/home1/wangfeim/.local/ActiveState/StateTool/release/bin/state-svc start]
[DEBUG Aug  2 07:36:02.301601940, locale.go:38] Init
[DEBUG Aug  2 07:36:02.346066728, errs.go:68] Created error: File could not be found
[DEBUG Aug  2 07:36:02.349044160, errs.go:68] Created error: Not Recognized
[DEBUG Aug  2 07:36:02.392225351, errs.go:68] Created error: Secret not found
[DEBUG Aug  2 07:36:02.392276115, errs.go:68] Created error: Could not save keypair
[DEBUG Aug  2 07:36:02.392444707, errs.go:68] Created error: Build responded with error
[DEBUG Aug  2 07:36:02.392472429, errs.go:68] Created error: Unknown build type
[DEBUG Aug  2 07:36:02.392607583, errors.go:86] Wrapped localized error: <nil> -- with: The installed version of the State Tool Service does not match that of the client.
Please stop the service with [ACTIONABLE]state-svc stop[/RESET] and try your command again.
If this issue persists please reinstall the State Tool.

[DEBUG Aug  2 07:36:02.392621888, errs.go:68] Created error: no data
[DEBUG Aug  2 07:36:02.392644527, errs.go:68] Created error: member not found
[DEBUG Aug  2 07:36:02.392666733, errs.go:68] Created error: Commit count is unknowable
[DEBUG Aug  2 07:36:02.392691462, errs.go:68] Created error: No merge required
[DEBUG Aug  2 07:36:02.392713668, errs.go:68] Created error: Can't merge commit thats already in target commits history
[DEBUG Aug  2 07:36:02.392735375, errs.go:68] Created error: Bad expander name
[DEBUG Aug  2 07:36:02.392762403, errs.go:68] Created error: Expander has no handler
[DEBUG Aug  2 07:36:02.393973053, errs.go:68] Created error: Service is already running
[DEBUG Aug  2 07:36:02.420221256, secrets.go:35] Gcloud Secretmanager failed to initialize (ignore if you're not trying to use gcloud): google: could not find default credentials. See https://developers.google.com/accounts/docs/application-default-credentials for more information.
[DEBUG Aug  2 07:36:02.423235920, output.go:53] Requested outputer for 
[DEBUG Aug  2 07:36:02.423257005, output.go:58] Using Plain outputer
[DEBUG Aug  2 07:36:02.423339275, termutils.go:17] Cannot get terminal size: inappropriate ioctl for device
[DEBUG Aug  2 07:36:02.423416368, client.go:128] Reporting event to 2 reporters: run-command, state-svc start, 
[DEBUG Aug  2 07:36:02.423456982, main.go:107] Running CmdStart
[DEBUG Aug  2 07:36:02.429308408, errs.go:75] Wrapped error: Service is already running -- with: valueF failed
[DEBUG Aug  2 07:36:02.429379732, errs.go:75] Wrapped error: valueF failed -- with: Could not store pid
[DEBUG Aug  2 07:36:02.429455693, errors.go:113] Wrapped input error: Could not store pid -- with: A State Service instance is already running in the background.
[DEBUG Aug  2 07:36:02.429470397, errs.go:75] Wrapped error: A State Service instance is already running in the background. -- with: Could not start serviceManager
[DEBUG Aug  2 07:36:02.429565719, client.go:128] Reporting event to 2 reporters: command-exit, state-svc start, 1
[DEBUG Aug  2 07:36:02.785807715, errs.go:75] Wrapped error: <nil> -- with: Could not start serviceManager: A State Service instance is already running in the background.: Could not store pid: valueF failed: Service is already running
[DEBUG Aug  2 07:36:02.785881205, main.go:61] state-svc errored out due to input: Could not start serviceManager: A State Service instance is already running in the background.: Could not store pid: valueF failed: Service is already running
