[DEBUG Aug  2 08:03:40.610309329, defaults.go:273] Args: [/home1/wangfeim/.local/ActiveState/StateTool/release/bin/state-svc start]
[DEBUG Aug  2 08:03:40.624679120, locale.go:38] Init
[DEBUG Aug  2 08:03:40.703895209, errs.go:68] Created error: File could not be found
[DEBUG Aug  2 08:03:40.707195205, errs.go:68] Created error: Not Recognized
[DEBUG Aug  2 08:03:40.729286541, errs.go:68] Created error: Secret not found
[DEBUG Aug  2 08:03:40.729348212, errs.go:68] Created error: Could not save keypair
[DEBUG Aug  2 08:03:40.729529673, errs.go:68] Created error: Build responded with error
[DEBUG Aug  2 08:03:40.729578818, errs.go:68] Created error: Unknown build type
[DEBUG Aug  2 08:03:40.729720963, errors.go:86] Wrapped localized error: <nil> -- with: The installed version of the State Tool Service does not match that of the client.
Please stop the service with [ACTIONABLE]state-svc stop[/RESET] and try your command again.
If this issue persists please reinstall the State Tool.

[DEBUG Aug  2 08:03:40.729737573, errs.go:68] Created error: no data
[DEBUG Aug  2 08:03:40.729760552, errs.go:68] Created error: member not found
[DEBUG Aug  2 08:03:40.729783251, errs.go:68] Created error: Commit count is unknowable
[DEBUG Aug  2 08:03:40.729804217, errs.go:68] Created error: No merge required
[DEBUG Aug  2 08:03:40.729824987, errs.go:68] Created error: Can't merge commit thats already in target commits history
[DEBUG Aug  2 08:03:40.729847887, errs.go:68] Created error: Bad expander name
[DEBUG Aug  2 08:03:40.729869992, errs.go:68] Created error: Expander has no handler
[DEBUG Aug  2 08:03:40.730990947, errs.go:68] Created error: Service is already running
[DEBUG Aug  2 08:03:40.792749474, secrets.go:35] Gcloud Secretmanager failed to initialize (ignore if you're not trying to use gcloud): google: could not find default credentials. See https://developers.google.com/accounts/docs/application-default-credentials for more information.
[DEBUG Aug  2 08:03:40.795988543, output.go:53] Requested outputer for 
[DEBUG Aug  2 08:03:40.796011349, output.go:58] Using Plain outputer
[DEBUG Aug  2 08:03:40.796089858, termutils.go:17] Cannot get terminal size: inappropriate ioctl for device
[DEBUG Aug  2 08:03:40.796171046, client.go:128] Reporting event to 2 reporters: run-command, state-svc start, 
[DEBUG Aug  2 08:03:40.796248931, main.go:107] Running CmdStart
[DEBUG Aug  2 08:03:40.801609716, errs.go:75] Wrapped error: Service is already running -- with: valueF failed
[DEBUG Aug  2 08:03:40.801670463, errs.go:75] Wrapped error: valueF failed -- with: Could not store pid
[DEBUG Aug  2 08:03:40.801759804, errors.go:113] Wrapped input error: Could not store pid -- with: A State Service instance is already running in the background.
[DEBUG Aug  2 08:03:40.801774693, errs.go:75] Wrapped error: A State Service instance is already running in the background. -- with: Could not start serviceManager
[DEBUG Aug  2 08:03:40.801865686, client.go:128] Reporting event to 2 reporters: command-exit, state-svc start, 1
[DEBUG Aug  2 08:03:41.187291613, errs.go:75] Wrapped error: <nil> -- with: Could not start serviceManager: A State Service instance is already running in the background.: Could not store pid: valueF failed: Service is already running
[DEBUG Aug  2 08:03:41.187360410, main.go:61] state-svc errored out due to input: Could not start serviceManager: A State Service instance is already running in the background.: Could not store pid: valueF failed: Service is already running
