[DEBUG Aug  2 07:44:29.949975903, defaults.go:273] Args: [/home1/wangfeim/.local/ActiveState/StateTool/release/bin/state-svc start]
[DEBUG Aug  2 07:44:29.964001241, locale.go:38] Init
[DEBUG Aug  2 07:44:30.214163161, errs.go:68] Created error: File could not be found
[DEBUG Aug  2 07:44:30.217283633, errs.go:68] Created error: Not Recognized
[DEBUG Aug  2 07:44:30.239460903, errs.go:68] Created error: Secret not found
[DEBUG Aug  2 07:44:30.239514042, errs.go:68] Created error: Could not save keypair
[DEBUG Aug  2 07:44:30.239699099, errs.go:68] Created error: Build responded with error
[DEBUG Aug  2 07:44:30.239734945, errs.go:68] Created error: Unknown build type
[DEBUG Aug  2 07:44:30.239864190, errors.go:86] Wrapped localized error: <nil> -- with: The installed version of the State Tool Service does not match that of the client.
Please stop the service with [ACTIONABLE]state-svc stop[/RESET] and try your command again.
If this issue persists please reinstall the State Tool.

[DEBUG Aug  2 07:44:30.239880883, errs.go:68] Created error: no data
[DEBUG Aug  2 07:44:30.239906256, errs.go:68] Created error: member not found
[DEBUG Aug  2 07:44:30.239935224, errs.go:68] Created error: Commit count is unknowable
[DEBUG Aug  2 07:44:30.239958871, errs.go:68] Created error: No merge required
[DEBUG Aug  2 07:44:30.239981726, errs.go:68] Created error: Can't merge commit thats already in target commits history
[DEBUG Aug  2 07:44:30.240006278, errs.go:68] Created error: Bad expander name
[DEBUG Aug  2 07:44:30.240029426, errs.go:68] Created error: Expander has no handler
[DEBUG Aug  2 07:44:30.241287325, errs.go:68] Created error: Service is already running
[DEBUG Aug  2 07:44:30.274175918, secrets.go:35] Gcloud Secretmanager failed to initialize (ignore if you're not trying to use gcloud): google: could not find default credentials. See https://developers.google.com/accounts/docs/application-default-credentials for more information.
[DEBUG Aug  2 07:44:30.278791131, output.go:53] Requested outputer for 
[DEBUG Aug  2 07:44:30.278813901, output.go:58] Using Plain outputer
[DEBUG Aug  2 07:44:30.278889041, termutils.go:17] Cannot get terminal size: inappropriate ioctl for device
[DEBUG Aug  2 07:44:30.278984252, client.go:128] Reporting event to 2 reporters: run-command, state-svc start, 
[DEBUG Aug  2 07:44:30.279030374, main.go:107] Running CmdStart
[DEBUG Aug  2 07:44:30.286231760, errs.go:75] Wrapped error: Service is already running -- with: valueF failed
[DEBUG Aug  2 07:44:30.286301756, errs.go:75] Wrapped error: valueF failed -- with: Could not store pid
[DEBUG Aug  2 07:44:30.286374991, errors.go:113] Wrapped input error: Could not store pid -- with: A State Service instance is already running in the background.
[DEBUG Aug  2 07:44:30.286392659, errs.go:75] Wrapped error: A State Service instance is already running in the background. -- with: Could not start serviceManager
[DEBUG Aug  2 07:44:30.286491332, client.go:128] Reporting event to 2 reporters: command-exit, state-svc start, 1
[DEBUG Aug  2 07:44:30.629023342, errs.go:75] Wrapped error: <nil> -- with: Could not start serviceManager: A State Service instance is already running in the background.: Could not store pid: valueF failed: Service is already running
[DEBUG Aug  2 07:44:30.629086194, main.go:61] state-svc errored out due to input: Could not start serviceManager: A State Service instance is already running in the background.: Could not store pid: valueF failed: Service is already running
