[DEBUG Aug  2 07:49:58.457015724, defaults.go:273] Args: [/home1/wangfeim/.local/ActiveState/StateTool/release/bin/state-svc start]
[DEBUG Aug  2 07:49:58.471339934, locale.go:38] Init
[DEBUG Aug  2 07:49:58.813496744, errs.go:68] Created error: File could not be found
[DEBUG Aug  2 07:49:58.816784988, errs.go:68] Created error: Not Recognized
[DEBUG Aug  2 07:49:58.839966099, errs.go:68] Created error: Secret not found
[DEBUG Aug  2 07:49:58.840019100, errs.go:68] Created error: Could not save keypair
[DEBUG Aug  2 07:49:58.840194320, errs.go:68] Created error: Build responded with error
[DEBUG Aug  2 07:49:58.840223124, errs.go:68] Created error: Unknown build type
[DEBUG Aug  2 07:49:58.840329235, errors.go:86] Wrapped localized error: <nil> -- with: The installed version of the State Tool Service does not match that of the client.
Please stop the service with [ACTIONABLE]state-svc stop[/RESET] and try your command again.
If this issue persists please reinstall the State Tool.

[DEBUG Aug  2 07:49:58.840343515, errs.go:68] Created error: no data
[DEBUG Aug  2 07:49:58.840369027, errs.go:68] Created error: member not found
[DEBUG Aug  2 07:49:58.840393729, errs.go:68] Created error: Commit count is unknowable
[DEBUG Aug  2 07:49:58.840422594, errs.go:68] Created error: No merge required
[DEBUG Aug  2 07:49:58.840446901, errs.go:68] Created error: Can't merge commit thats already in target commits history
[DEBUG Aug  2 07:49:58.840471643, errs.go:68] Created error: Bad expander name
[DEBUG Aug  2 07:49:58.840502275, errs.go:68] Created error: Expander has no handler
[DEBUG Aug  2 07:49:58.885863736, errs.go:68] Created error: Service is already running
[DEBUG Aug  2 07:49:58.916482397, secrets.go:35] Gcloud Secretmanager failed to initialize (ignore if you're not trying to use gcloud): google: could not find default credentials. See https://developers.google.com/accounts/docs/application-default-credentials for more information.
[DEBUG Aug  2 07:49:58.920525489, output.go:53] Requested outputer for 
[DEBUG Aug  2 07:49:58.920571148, output.go:58] Using Plain outputer
[DEBUG Aug  2 07:49:58.920675526, termutils.go:17] Cannot get terminal size: inappropriate ioctl for device
[DEBUG Aug  2 07:49:58.920774283, client.go:128] Reporting event to 2 reporters: run-command, state-svc start, 
[DEBUG Aug  2 07:49:58.920850687, main.go:107] Running CmdStart
[DEBUG Aug  2 07:49:58.926614208, errs.go:75] Wrapped error: Service is already running -- with: valueF failed
[DEBUG Aug  2 07:49:58.926683511, errs.go:75] Wrapped error: valueF failed -- with: Could not store pid
[DEBUG Aug  2 07:49:58.926767694, errors.go:113] Wrapped input error: Could not store pid -- with: A State Service instance is already running in the background.
[DEBUG Aug  2 07:49:58.926783758, errs.go:75] Wrapped error: A State Service instance is already running in the background. -- with: Could not start serviceManager
[DEBUG Aug  2 07:49:58.926884390, client.go:128] Reporting event to 2 reporters: command-exit, state-svc start, 1
[DEBUG Aug  2 07:49:59.284907916, errs.go:75] Wrapped error: <nil> -- with: Could not start serviceManager: A State Service instance is already running in the background.: Could not store pid: valueF failed: Service is already running
[DEBUG Aug  2 07:49:59.284983173, main.go:61] state-svc errored out due to input: Could not start serviceManager: A State Service instance is already running in the background.: Could not store pid: valueF failed: Service is already running
