[DEBUG Aug  2 07:49:51.974148758, defaults.go:273] Args: [/home1/wangfeim/.local/ActiveState/StateTool/release/bin/state-svc start]
[DEBUG Aug  2 07:49:51.988984064, locale.go:38] Init
[DEBUG Aug  2 07:49:52.792358291, errs.go:68] Created error: File could not be found
[DEBUG Aug  2 07:49:52.795745595, errs.go:68] Created error: Not Recognized
[DEBUG Aug  2 07:49:52.817423759, errs.go:68] Created error: Secret not found
[DEBUG Aug  2 07:49:52.817481648, errs.go:68] Created error: Could not save keypair
[DEBUG Aug  2 07:49:52.817664651, errs.go:68] Created error: Build responded with error
[DEBUG Aug  2 07:49:52.817696604, errs.go:68] Created error: Unknown build type
[DEBUG Aug  2 07:49:52.817832843, errors.go:86] Wrapped localized error: <nil> -- with: The installed version of the State Tool Service does not match that of the client.
Please stop the service with [ACTIONABLE]state-svc stop[/RESET] and try your command again.
If this issue persists please reinstall the State Tool.

[DEBUG Aug  2 07:49:52.817849379, errs.go:68] Created error: no data
[DEBUG Aug  2 07:49:52.817880690, errs.go:68] Created error: member not found
[DEBUG Aug  2 07:49:52.817910744, errs.go:68] Created error: Commit count is unknowable
[DEBUG Aug  2 07:49:52.817941212, errs.go:68] Created error: No merge required
[DEBUG Aug  2 07:49:52.817965258, errs.go:68] Created error: Can't merge commit thats already in target commits history
[DEBUG Aug  2 07:49:52.817989696, errs.go:68] Created error: Bad expander name
[DEBUG Aug  2 07:49:52.818013261, errs.go:68] Created error: Expander has no handler
[DEBUG Aug  2 07:49:52.819025946, errs.go:68] Created error: Service is already running
[DEBUG Aug  2 07:49:52.887910724, secrets.go:35] Gcloud Secretmanager failed to initialize (ignore if you're not trying to use gcloud): google: could not find default credentials. See https://developers.google.com/accounts/docs/application-default-credentials for more information.
[DEBUG Aug  2 07:49:52.893848278, output.go:53] Requested outputer for 
[DEBUG Aug  2 07:49:52.893873759, output.go:58] Using Plain outputer
[DEBUG Aug  2 07:49:52.893941631, termutils.go:17] Cannot get terminal size: inappropriate ioctl for device
[DEBUG Aug  2 07:49:52.893972865, client.go:128] Reporting event to 2 reporters: run-command, state-svc start, 
[DEBUG Aug  2 07:49:52.894103099, main.go:107] Running CmdStart
[DEBUG Aug  2 07:49:52.900460323, errs.go:75] Wrapped error: Service is already running -- with: valueF failed
[DEBUG Aug  2 07:49:52.900525662, errs.go:75] Wrapped error: valueF failed -- with: Could not store pid
[DEBUG Aug  2 07:49:52.900620770, errors.go:113] Wrapped input error: Could not store pid -- with: A State Service instance is already running in the background.
[DEBUG Aug  2 07:49:52.900637570, errs.go:75] Wrapped error: A State Service instance is already running in the background. -- with: Could not start serviceManager
[DEBUG Aug  2 07:49:52.900710780, client.go:128] Reporting event to 2 reporters: command-exit, state-svc start, 1
[DEBUG Aug  2 07:49:53.235815204, errs.go:75] Wrapped error: <nil> -- with: Could not start serviceManager: A State Service instance is already running in the background.: Could not store pid: valueF failed: Service is already running
[DEBUG Aug  2 07:49:53.235883103, main.go:61] state-svc errored out due to input: Could not start serviceManager: A State Service instance is already running in the background.: Could not store pid: valueF failed: Service is already running
