[DEBUG Aug  2 08:19:54.808884071, defaults.go:273] Args: [/home1/wangfeim/.local/ActiveState/StateTool/release/bin/state-svc start]
[DEBUG Aug  2 08:19:54.823069744, locale.go:38] Init
[DEBUG Aug  2 08:19:54.898481544, errs.go:68] Created error: File could not be found
[DEBUG Aug  2 08:19:54.901903797, errs.go:68] Created error: Not Recognized
[DEBUG Aug  2 08:19:54.924337064, errs.go:68] Created error: Secret not found
[DEBUG Aug  2 08:19:54.924411036, errs.go:68] Created error: Could not save keypair
[DEBUG Aug  2 08:19:54.924615086, errs.go:68] Created error: Build responded with error
[DEBUG Aug  2 08:19:54.924645888, errs.go:68] Created error: Unknown build type
[DEBUG Aug  2 08:19:54.924788694, errors.go:86] Wrapped localized error: <nil> -- with: The installed version of the State Tool Service does not match that of the client.
Please stop the service with [ACTIONABLE]state-svc stop[/RESET] and try your command again.
If this issue persists please reinstall the State Tool.

[DEBUG Aug  2 08:19:54.924805001, errs.go:68] Created error: no data
[DEBUG Aug  2 08:19:54.924830831, errs.go:68] Created error: member not found
[DEBUG Aug  2 08:19:54.924861014, errs.go:68] Created error: Commit count is unknowable
[DEBUG Aug  2 08:19:54.924885497, errs.go:68] Created error: No merge required
[DEBUG Aug  2 08:19:54.924909614, errs.go:68] Created error: Can't merge commit thats already in target commits history
[DEBUG Aug  2 08:19:54.924935396, errs.go:68] Created error: Bad expander name
[DEBUG Aug  2 08:19:54.924958974, errs.go:68] Created error: Expander has no handler
[DEBUG Aug  2 08:19:54.926182970, errs.go:68] Created error: Service is already running
[DEBUG Aug  2 08:19:54.991198575, secrets.go:35] Gcloud Secretmanager failed to initialize (ignore if you're not trying to use gcloud): google: could not find default credentials. See https://developers.google.com/accounts/docs/application-default-credentials for more information.
[DEBUG Aug  2 08:19:54.995512675, output.go:53] Requested outputer for 
[DEBUG Aug  2 08:19:54.995545290, output.go:58] Using Plain outputer
[DEBUG Aug  2 08:19:54.995636207, termutils.go:17] Cannot get terminal size: inappropriate ioctl for device
[DEBUG Aug  2 08:19:54.995723090, client.go:128] Reporting event to 2 reporters: run-command, state-svc start, 
[DEBUG Aug  2 08:19:54.995798222, main.go:107] Running CmdStart
[DEBUG Aug  2 08:19:55.001630354, errs.go:75] Wrapped error: Service is already running -- with: valueF failed
[DEBUG Aug  2 08:19:55.001704141, errs.go:75] Wrapped error: valueF failed -- with: Could not store pid
[DEBUG Aug  2 08:19:55.001817375, errors.go:113] Wrapped input error: Could not store pid -- with: A State Service instance is already running in the background.
[DEBUG Aug  2 08:19:55.001835627, errs.go:75] Wrapped error: A State Service instance is already running in the background. -- with: Could not start serviceManager
[DEBUG Aug  2 08:19:55.001917106, client.go:128] Reporting event to 2 reporters: command-exit, state-svc start, 1
[DEBUG Aug  2 08:19:55.424751976, errs.go:75] Wrapped error: <nil> -- with: Could not start serviceManager: A State Service instance is already running in the background.: Could not store pid: valueF failed: Service is already running
[DEBUG Aug  2 08:19:55.424879459, main.go:61] state-svc errored out due to input: Could not start serviceManager: A State Service instance is already running in the background.: Could not store pid: valueF failed: Service is already running
