[DEBUG Aug  2 08:13:00.963112672, defaults.go:273] Args: [/home1/wangfeim/.local/ActiveState/StateTool/release/bin/state-svc start]
[DEBUG Aug  2 08:13:00.996288998, locale.go:38] Init
[DEBUG Aug  2 08:13:01.035865286, errs.go:68] Created error: File could not be found
[DEBUG Aug  2 08:13:01.038812597, errs.go:68] Created error: Not Recognized
[DEBUG Aug  2 08:13:01.090976842, errs.go:68] Created error: Secret not found
[DEBUG Aug  2 08:13:01.091032796, errs.go:68] Created error: Could not save keypair
[DEBUG Aug  2 08:13:01.091188686, errs.go:68] Created error: Build responded with error
[DEBUG Aug  2 08:13:01.091215709, errs.go:68] Created error: Unknown build type
[DEBUG Aug  2 08:13:01.091330287, errors.go:86] Wrapped localized error: <nil> -- with: The installed version of the State Tool Service does not match that of the client.
Please stop the service with [ACTIONABLE]state-svc stop[/RESET] and try your command again.
If this issue persists please reinstall the State Tool.

[DEBUG Aug  2 08:13:01.091345512, errs.go:68] Created error: no data
[DEBUG Aug  2 08:13:01.091369589, errs.go:68] Created error: member not found
[DEBUG Aug  2 08:13:01.091398283, errs.go:68] Created error: Commit count is unknowable
[DEBUG Aug  2 08:13:01.091421698, errs.go:68] Created error: No merge required
[DEBUG Aug  2 08:13:01.091444927, errs.go:68] Created error: Can't merge commit thats already in target commits history
[DEBUG Aug  2 08:13:01.091478863, errs.go:68] Created error: Bad expander name
[DEBUG Aug  2 08:13:01.091501000, errs.go:68] Created error: Expander has no handler
[DEBUG Aug  2 08:13:01.092662205, errs.go:68] Created error: Service is already running
[DEBUG Aug  2 08:13:01.119898073, secrets.go:35] Gcloud Secretmanager failed to initialize (ignore if you're not trying to use gcloud): google: could not find default credentials. See https://developers.google.com/accounts/docs/application-default-credentials for more information.
[DEBUG Aug  2 08:13:01.124703169, output.go:53] Requested outputer for 
[DEBUG Aug  2 08:13:01.124730338, output.go:58] Using Plain outputer
[DEBUG Aug  2 08:13:01.124798868, termutils.go:17] Cannot get terminal size: inappropriate ioctl for device
[DEBUG Aug  2 08:13:01.124892403, client.go:128] Reporting event to 2 reporters: run-command, state-svc start, 
[DEBUG Aug  2 08:13:01.124947449, main.go:107] Running CmdStart
[DEBUG Aug  2 08:13:01.130410406, errs.go:75] Wrapped error: Service is already running -- with: valueF failed
[DEBUG Aug  2 08:13:01.130473894, errs.go:75] Wrapped error: valueF failed -- with: Could not store pid
[DEBUG Aug  2 08:13:01.130553637, errors.go:113] Wrapped input error: Could not store pid -- with: A State Service instance is already running in the background.
[DEBUG Aug  2 08:13:01.130567648, errs.go:75] Wrapped error: A State Service instance is already running in the background. -- with: Could not start serviceManager
[DEBUG Aug  2 08:13:01.130694180, client.go:128] Reporting event to 2 reporters: command-exit, state-svc start, 1
[DEBUG Aug  2 08:13:01.486516740, errs.go:75] Wrapped error: <nil> -- with: Could not start serviceManager: A State Service instance is already running in the background.: Could not store pid: valueF failed: Service is already running
[DEBUG Aug  2 08:13:01.486584717, main.go:61] state-svc errored out due to input: Could not start serviceManager: A State Service instance is already running in the background.: Could not store pid: valueF failed: Service is already running
