[DEBUG Aug  2 07:44:45.467328410, defaults.go:273] Args: [/home1/wangfeim/.local/ActiveState/StateTool/release/bin/state-svc start]
[DEBUG Aug  2 07:44:45.491089203, locale.go:38] Init
[DEBUG Aug  2 07:44:45.533511050, errs.go:68] Created error: File could not be found
[DEBUG Aug  2 07:44:45.536085415, errs.go:68] Created error: Not Recognized
[DEBUG Aug  2 07:44:45.592395914, errs.go:68] Created error: Secret not found
[DEBUG Aug  2 07:44:45.592458620, errs.go:68] Created error: Could not save keypair
[DEBUG Aug  2 07:44:45.592763733, errs.go:68] Created error: Build responded with error
[DEBUG Aug  2 07:44:45.592802969, errs.go:68] Created error: Unknown build type
[DEBUG Aug  2 07:44:45.592924851, errors.go:86] Wrapped localized error: <nil> -- with: The installed version of the State Tool Service does not match that of the client.
Please stop the service with [ACTIONABLE]state-svc stop[/RESET] and try your command again.
If this issue persists please reinstall the State Tool.

[DEBUG Aug  2 07:44:45.592949714, errs.go:68] Created error: no data
[DEBUG Aug  2 07:44:45.592975318, errs.go:68] Created error: member not found
[DEBUG Aug  2 07:44:45.592999425, errs.go:68] Created error: Commit count is unknowable
[DEBUG Aug  2 07:44:45.593021892, errs.go:68] Created error: No merge required
[DEBUG Aug  2 07:44:45.593045604, errs.go:68] Created error: Can't merge commit thats already in target commits history
[DEBUG Aug  2 07:44:45.593069932, errs.go:68] Created error: Bad expander name
[DEBUG Aug  2 07:44:45.593093157, errs.go:68] Created error: Expander has no handler
[DEBUG Aug  2 07:44:45.594139456, errs.go:68] Created error: Service is already running
[DEBUG Aug  2 07:44:45.621167697, secrets.go:35] Gcloud Secretmanager failed to initialize (ignore if you're not trying to use gcloud): google: could not find default credentials. See https://developers.google.com/accounts/docs/application-default-credentials for more information.
[DEBUG Aug  2 07:44:45.625111859, output.go:53] Requested outputer for 
[DEBUG Aug  2 07:44:45.625135053, output.go:58] Using Plain outputer
[DEBUG Aug  2 07:44:45.625226207, termutils.go:17] Cannot get terminal size: inappropriate ioctl for device
[DEBUG Aug  2 07:44:45.625369050, client.go:128] Reporting event to 2 reporters: run-command, state-svc start, 
[DEBUG Aug  2 07:44:45.625479059, main.go:107] Running CmdStart
[DEBUG Aug  2 07:44:45.632085998, errs.go:75] Wrapped error: Service is already running -- with: valueF failed
[DEBUG Aug  2 07:44:45.632433842, errs.go:75] Wrapped error: valueF failed -- with: Could not store pid
[DEBUG Aug  2 07:44:45.632730923, errors.go:113] Wrapped input error: Could not store pid -- with: A State Service instance is already running in the background.
[DEBUG Aug  2 07:44:45.632753428, errs.go:75] Wrapped error: A State Service instance is already running in the background. -- with: Could not start serviceManager
[DEBUG Aug  2 07:44:45.632903995, client.go:128] Reporting event to 2 reporters: command-exit, state-svc start, 1
[DEBUG Aug  2 07:44:45.999020101, errs.go:75] Wrapped error: <nil> -- with: Could not start serviceManager: A State Service instance is already running in the background.: Could not store pid: valueF failed: Service is already running
[DEBUG Aug  2 07:44:45.999085527, main.go:61] state-svc errored out due to input: Could not start serviceManager: A State Service instance is already running in the background.: Could not store pid: valueF failed: Service is already running
