[DEBUG Aug  2 08:14:08.817372690, defaults.go:273] Args: [/home1/wangfeim/.local/ActiveState/StateTool/release/bin/state-svc start]
[DEBUG Aug  2 08:14:08.832051525, locale.go:38] Init
[DEBUG Aug  2 08:14:09.433418369, errs.go:68] Created error: File could not be found
[DEBUG Aug  2 08:14:09.436461465, errs.go:68] Created error: Not Recognized
[DEBUG Aug  2 08:14:09.459089861, errs.go:68] Created error: Secret not found
[DEBUG Aug  2 08:14:09.459154326, errs.go:68] Created error: Could not save keypair
[DEBUG Aug  2 08:14:09.459340930, errs.go:68] Created error: Build responded with error
[DEBUG Aug  2 08:14:09.459379549, errs.go:68] Created error: Unknown build type
[DEBUG Aug  2 08:14:09.459507115, errors.go:86] Wrapped localized error: <nil> -- with: The installed version of the State Tool Service does not match that of the client.
Please stop the service with [ACTIONABLE]state-svc stop[/RESET] and try your command again.
If this issue persists please reinstall the State Tool.

[DEBUG Aug  2 08:14:09.459523802, errs.go:68] Created error: no data
[DEBUG Aug  2 08:14:09.459559223, errs.go:68] Created error: member not found
[DEBUG Aug  2 08:14:09.459585724, errs.go:68] Created error: Commit count is unknowable
[DEBUG Aug  2 08:14:09.459610941, errs.go:68] Created error: No merge required
[DEBUG Aug  2 08:14:09.459639358, errs.go:68] Created error: Can't merge commit thats already in target commits history
[DEBUG Aug  2 08:14:09.459666129, errs.go:68] Created error: Bad expander name
[DEBUG Aug  2 08:14:09.459690784, errs.go:68] Created error: Expander has no handler
[DEBUG Aug  2 08:14:09.460852455, errs.go:68] Created error: Service is already running
[DEBUG Aug  2 08:14:09.494405348, secrets.go:35] Gcloud Secretmanager failed to initialize (ignore if you're not trying to use gcloud): google: could not find default credentials. See https://developers.google.com/accounts/docs/application-default-credentials for more information.
[DEBUG Aug  2 08:14:09.500889473, output.go:53] Requested outputer for 
[DEBUG Aug  2 08:14:09.500972215, output.go:58] Using Plain outputer
[DEBUG Aug  2 08:14:09.501213006, termutils.go:17] Cannot get terminal size: inappropriate ioctl for device
[DEBUG Aug  2 08:14:09.501296133, client.go:128] Reporting event to 2 reporters: run-command, state-svc start, 
[DEBUG Aug  2 08:14:09.501481894, main.go:107] Running CmdStart
[DEBUG Aug  2 08:14:09.508323837, errs.go:75] Wrapped error: Service is already running -- with: valueF failed
[DEBUG Aug  2 08:14:09.508388401, errs.go:75] Wrapped error: valueF failed -- with: Could not store pid
[DEBUG Aug  2 08:14:09.508466835, errors.go:113] Wrapped input error: Could not store pid -- with: A State Service instance is already running in the background.
[DEBUG Aug  2 08:14:09.508481631, errs.go:75] Wrapped error: A State Service instance is already running in the background. -- with: Could not start serviceManager
[DEBUG Aug  2 08:14:09.508551208, client.go:128] Reporting event to 2 reporters: command-exit, state-svc start, 1
[DEBUG Aug  2 08:14:09.830850558, errs.go:75] Wrapped error: <nil> -- with: Could not start serviceManager: A State Service instance is already running in the background.: Could not store pid: valueF failed: Service is already running
[DEBUG Aug  2 08:14:09.830927643, main.go:61] state-svc errored out due to input: Could not start serviceManager: A State Service instance is already running in the background.: Could not store pid: valueF failed: Service is already running
