[DEBUG Aug  2 08:09:58.310801030, defaults.go:273] Args: [/home1/wangfeim/.local/ActiveState/StateTool/release/bin/state-svc start]
[DEBUG Aug  2 08:09:58.324676908, locale.go:38] Init
[DEBUG Aug  2 08:09:58.397643037, errs.go:68] Created error: File could not be found
[DEBUG Aug  2 08:09:58.400506939, errs.go:68] Created error: Not Recognized
[DEBUG Aug  2 08:09:58.420668769, errs.go:68] Created error: Secret not found
[DEBUG Aug  2 08:09:58.420719804, errs.go:68] Created error: Could not save keypair
[DEBUG Aug  2 08:09:58.420917190, errs.go:68] Created error: Build responded with error
[DEBUG Aug  2 08:09:58.421223143, errs.go:68] Created error: Unknown build type
[DEBUG Aug  2 08:09:58.421732701, errors.go:86] Wrapped localized error: <nil> -- with: The installed version of the State Tool Service does not match that of the client.
Please stop the service with [ACTIONABLE]state-svc stop[/RESET] and try your command again.
If this issue persists please reinstall the State Tool.

[DEBUG Aug  2 08:09:58.421770593, errs.go:68] Created error: no data
[DEBUG Aug  2 08:09:58.421822851, errs.go:68] Created error: member not found
[DEBUG Aug  2 08:09:58.421869250, errs.go:68] Created error: Commit count is unknowable
[DEBUG Aug  2 08:09:58.421914381, errs.go:68] Created error: No merge required
[DEBUG Aug  2 08:09:58.421959471, errs.go:68] Created error: Can't merge commit thats already in target commits history
[DEBUG Aug  2 08:09:58.422015407, errs.go:68] Created error: Bad expander name
[DEBUG Aug  2 08:09:58.422053503, errs.go:68] Created error: Expander has no handler
[DEBUG Aug  2 08:09:58.423940452, errs.go:68] Created error: Service is already running
[DEBUG Aug  2 08:09:58.455479944, secrets.go:35] Gcloud Secretmanager failed to initialize (ignore if you're not trying to use gcloud): google: could not find default credentials. See https://developers.google.com/accounts/docs/application-default-credentials for more information.
[DEBUG Aug  2 08:09:58.485161930, output.go:53] Requested outputer for 
[DEBUG Aug  2 08:09:58.485193961, output.go:58] Using Plain outputer
[DEBUG Aug  2 08:09:58.485265779, termutils.go:17] Cannot get terminal size: inappropriate ioctl for device
[DEBUG Aug  2 08:09:58.485402881, client.go:128] Reporting event to 2 reporters: run-command, state-svc start, 
[DEBUG Aug  2 08:09:58.485426069, main.go:107] Running CmdStart
[DEBUG Aug  2 08:09:58.491626369, errs.go:75] Wrapped error: Service is already running -- with: valueF failed
[DEBUG Aug  2 08:09:58.491677308, errs.go:75] Wrapped error: valueF failed -- with: Could not store pid
[DEBUG Aug  2 08:09:58.491748307, errors.go:113] Wrapped input error: Could not store pid -- with: A State Service instance is already running in the background.
[DEBUG Aug  2 08:09:58.491762425, errs.go:75] Wrapped error: A State Service instance is already running in the background. -- with: Could not start serviceManager
[DEBUG Aug  2 08:09:58.491839606, client.go:128] Reporting event to 2 reporters: command-exit, state-svc start, 1
[DEBUG Aug  2 08:09:58.852376936, errs.go:75] Wrapped error: <nil> -- with: Could not start serviceManager: A State Service instance is already running in the background.: Could not store pid: valueF failed: Service is already running
[DEBUG Aug  2 08:09:58.852445330, main.go:61] state-svc errored out due to input: Could not start serviceManager: A State Service instance is already running in the background.: Could not store pid: valueF failed: Service is already running
