[DEBUG Aug  2 07:42:54.866552074, defaults.go:273] Args: [/home1/wangfeim/.local/ActiveState/StateTool/release/bin/state-svc start]
[DEBUG Aug  2 07:42:54.892136430, locale.go:38] Init
[DEBUG Aug  2 07:42:54.933697407, errs.go:68] Created error: File could not be found
[DEBUG Aug  2 07:42:54.936678266, errs.go:68] Created error: Not Recognized
[DEBUG Aug  2 07:42:55.000164186, errs.go:68] Created error: Secret not found
[DEBUG Aug  2 07:42:55.000211687, errs.go:68] Created error: Could not save keypair
[DEBUG Aug  2 07:42:55.000379298, errs.go:68] Created error: Build responded with error
[DEBUG Aug  2 07:42:55.000410544, errs.go:68] Created error: Unknown build type
[DEBUG Aug  2 07:42:55.000512758, errors.go:86] Wrapped localized error: <nil> -- with: The installed version of the State Tool Service does not match that of the client.
Please stop the service with [ACTIONABLE]state-svc stop[/RESET] and try your command again.
If this issue persists please reinstall the State Tool.

[DEBUG Aug  2 07:42:55.000524746, errs.go:68] Created error: no data
[DEBUG Aug  2 07:42:55.000556292, errs.go:68] Created error: member not found
[DEBUG Aug  2 07:42:55.000578391, errs.go:68] Created error: Commit count is unknowable
[DEBUG Aug  2 07:42:55.000598693, errs.go:68] Created error: No merge required
[DEBUG Aug  2 07:42:55.000619127, errs.go:68] Created error: Can't merge commit thats already in target commits history
[DEBUG Aug  2 07:42:55.000641769, errs.go:68] Created error: Bad expander name
[DEBUG Aug  2 07:42:55.000661636, errs.go:68] Created error: Expander has no handler
[DEBUG Aug  2 07:42:55.002636898, errs.go:68] Created error: Service is already running
[DEBUG Aug  2 07:42:55.027071530, secrets.go:35] Gcloud Secretmanager failed to initialize (ignore if you're not trying to use gcloud): google: could not find default credentials. See https://developers.google.com/accounts/docs/application-default-credentials for more information.
[DEBUG Aug  2 07:42:55.030633283, output.go:53] Requested outputer for 
[DEBUG Aug  2 07:42:55.030664857, output.go:58] Using Plain outputer
[DEBUG Aug  2 07:42:55.031428406, termutils.go:17] Cannot get terminal size: inappropriate ioctl for device
[DEBUG Aug  2 07:42:55.031524272, client.go:128] Reporting event to 2 reporters: run-command, state-svc start, 
[DEBUG Aug  2 07:42:55.031837397, main.go:107] Running CmdStart
[DEBUG Aug  2 07:42:55.038333680, errs.go:75] Wrapped error: Service is already running -- with: valueF failed
[DEBUG Aug  2 07:42:55.038404503, errs.go:75] Wrapped error: valueF failed -- with: Could not store pid
[DEBUG Aug  2 07:42:55.038488723, errors.go:113] Wrapped input error: Could not store pid -- with: A State Service instance is already running in the background.
[DEBUG Aug  2 07:42:55.038503904, errs.go:75] Wrapped error: A State Service instance is already running in the background. -- with: Could not start serviceManager
[DEBUG Aug  2 07:42:55.038591068, client.go:128] Reporting event to 2 reporters: command-exit, state-svc start, 1
[DEBUG Aug  2 07:42:55.417034997, errs.go:75] Wrapped error: <nil> -- with: Could not start serviceManager: A State Service instance is already running in the background.: Could not store pid: valueF failed: Service is already running
[DEBUG Aug  2 07:42:55.417101435, main.go:61] state-svc errored out due to input: Could not start serviceManager: A State Service instance is already running in the background.: Could not store pid: valueF failed: Service is already running
