[DEBUG Aug  2 07:50:37.920722304, defaults.go:273] Args: [/home1/wangfeim/.local/ActiveState/StateTool/release/bin/state-svc start]
[DEBUG Aug  2 07:50:37.935523232, locale.go:38] Init
[DEBUG Aug  2 07:50:38.021860287, errs.go:68] Created error: File could not be found
[DEBUG Aug  2 07:50:38.024904009, errs.go:68] Created error: Not Recognized
[DEBUG Aug  2 07:50:38.099846254, errs.go:68] Created error: Secret not found
[DEBUG Aug  2 07:50:38.099920747, errs.go:68] Created error: Could not save keypair
[DEBUG Aug  2 07:50:38.100123120, errs.go:68] Created error: Build responded with error
[DEBUG Aug  2 07:50:38.100160127, errs.go:68] Created error: Unknown build type
[DEBUG Aug  2 07:50:38.100291011, errors.go:86] Wrapped localized error: <nil> -- with: The installed version of the State Tool Service does not match that of the client.
Please stop the service with [ACTIONABLE]state-svc stop[/RESET] and try your command again.
If this issue persists please reinstall the State Tool.

[DEBUG Aug  2 07:50:38.100309890, errs.go:68] Created error: no data
[DEBUG Aug  2 07:50:38.100335676, errs.go:68] Created error: member not found
[DEBUG Aug  2 07:50:38.100370034, errs.go:68] Created error: Commit count is unknowable
[DEBUG Aug  2 07:50:38.100403053, errs.go:68] Created error: No merge required
[DEBUG Aug  2 07:50:38.100457363, errs.go:68] Created error: Can't merge commit thats already in target commits history
[DEBUG Aug  2 07:50:38.100487547, errs.go:68] Created error: Bad expander name
[DEBUG Aug  2 07:50:38.100513742, errs.go:68] Created error: Expander has no handler
[DEBUG Aug  2 07:50:38.101797289, errs.go:68] Created error: Service is already running
[DEBUG Aug  2 07:50:38.132565034, secrets.go:35] Gcloud Secretmanager failed to initialize (ignore if you're not trying to use gcloud): google: could not find default credentials. See https://developers.google.com/accounts/docs/application-default-credentials for more information.
[DEBUG Aug  2 07:50:38.135960721, output.go:53] Requested outputer for 
[DEBUG Aug  2 07:50:38.135986333, output.go:58] Using Plain outputer
[DEBUG Aug  2 07:50:38.136073912, termutils.go:17] Cannot get terminal size: inappropriate ioctl for device
[DEBUG Aug  2 07:50:38.136164939, client.go:128] Reporting event to 2 reporters: run-command, state-svc start, 
[DEBUG Aug  2 07:50:38.136207586, main.go:107] Running CmdStart
[DEBUG Aug  2 07:50:38.142478822, errs.go:75] Wrapped error: Service is already running -- with: valueF failed
[DEBUG Aug  2 07:50:38.142549230, errs.go:75] Wrapped error: valueF failed -- with: Could not store pid
[DEBUG Aug  2 07:50:38.142639575, errors.go:113] Wrapped input error: Could not store pid -- with: A State Service instance is already running in the background.
[DEBUG Aug  2 07:50:38.142654466, errs.go:75] Wrapped error: A State Service instance is already running in the background. -- with: Could not start serviceManager
[DEBUG Aug  2 07:50:38.142759641, client.go:128] Reporting event to 2 reporters: command-exit, state-svc start, 1
[DEBUG Aug  2 07:50:38.510068604, errs.go:75] Wrapped error: <nil> -- with: Could not start serviceManager: A State Service instance is already running in the background.: Could not store pid: valueF failed: Service is already running
[DEBUG Aug  2 07:50:38.510155764, main.go:61] state-svc errored out due to input: Could not start serviceManager: A State Service instance is already running in the background.: Could not store pid: valueF failed: Service is already running
