[DEBUG Aug  2 08:06:48.053050971, defaults.go:273] Args: [/home1/wangfeim/.local/ActiveState/StateTool/release/bin/state-svc start]
[DEBUG Aug  2 08:06:48.095659456, locale.go:38] Init
[DEBUG Aug  2 08:06:48.137292252, errs.go:68] Created error: File could not be found
[DEBUG Aug  2 08:06:48.140092956, errs.go:68] Created error: Not Recognized
[DEBUG Aug  2 08:06:48.160238842, errs.go:68] Created error: Secret not found
[DEBUG Aug  2 08:06:48.160290362, errs.go:68] Created error: Could not save keypair
[DEBUG Aug  2 08:06:48.160458810, errs.go:68] Created error: Build responded with error
[DEBUG Aug  2 08:06:48.160492645, errs.go:68] Created error: Unknown build type
[DEBUG Aug  2 08:06:48.184958009, errors.go:86] Wrapped localized error: <nil> -- with: The installed version of the State Tool Service does not match that of the client.
Please stop the service with [ACTIONABLE]state-svc stop[/RESET] and try your command again.
If this issue persists please reinstall the State Tool.

[DEBUG Aug  2 08:06:48.185031242, errs.go:68] Created error: no data
[DEBUG Aug  2 08:06:48.185114770, errs.go:68] Created error: member not found
[DEBUG Aug  2 08:06:48.185141433, errs.go:68] Created error: Commit count is unknowable
[DEBUG Aug  2 08:06:48.185183156, errs.go:68] Created error: No merge required
[DEBUG Aug  2 08:06:48.185213508, errs.go:68] Created error: Can't merge commit thats already in target commits history
[DEBUG Aug  2 08:06:48.185239593, errs.go:68] Created error: Bad expander name
[DEBUG Aug  2 08:06:48.185266273, errs.go:68] Created error: Expander has no handler
[DEBUG Aug  2 08:06:48.186353834, errs.go:68] Created error: Service is already running
[DEBUG Aug  2 08:06:48.215294706, secrets.go:35] Gcloud Secretmanager failed to initialize (ignore if you're not trying to use gcloud): google: could not find default credentials. See https://developers.google.com/accounts/docs/application-default-credentials for more information.
[DEBUG Aug  2 08:06:48.221470601, output.go:53] Requested outputer for 
[DEBUG Aug  2 08:06:48.221495346, output.go:58] Using Plain outputer
[DEBUG Aug  2 08:06:48.221586427, termutils.go:17] Cannot get terminal size: inappropriate ioctl for device
[DEBUG Aug  2 08:06:48.221674873, client.go:128] Reporting event to 2 reporters: run-command, state-svc start, 
[DEBUG Aug  2 08:06:48.221756348, main.go:107] Running CmdStart
[DEBUG Aug  2 08:06:48.228190029, errs.go:75] Wrapped error: Service is already running -- with: valueF failed
[DEBUG Aug  2 08:06:48.228358062, errs.go:75] Wrapped error: valueF failed -- with: Could not store pid
[DEBUG Aug  2 08:06:48.228528060, errors.go:113] Wrapped input error: Could not store pid -- with: A State Service instance is already running in the background.
[DEBUG Aug  2 08:06:48.228577325, errs.go:75] Wrapped error: A State Service instance is already running in the background. -- with: Could not start serviceManager
[DEBUG Aug  2 08:06:48.228821793, client.go:128] Reporting event to 2 reporters: command-exit, state-svc start, 1
[DEBUG Aug  2 08:06:48.632022591, errs.go:75] Wrapped error: <nil> -- with: Could not start serviceManager: A State Service instance is already running in the background.: Could not store pid: valueF failed: Service is already running
[DEBUG Aug  2 08:06:48.632094889, main.go:61] state-svc errored out due to input: Could not start serviceManager: A State Service instance is already running in the background.: Could not store pid: valueF failed: Service is already running
