[DEBUG Aug  2 08:17:47.106010761, defaults.go:273] Args: [/home1/wangfeim/.local/ActiveState/StateTool/release/bin/state-svc start]
[DEBUG Aug  2 08:17:47.119814158, locale.go:38] Init
[DEBUG Aug  2 08:17:47.217355913, errs.go:68] Created error: File could not be found
[DEBUG Aug  2 08:17:47.220617714, errs.go:68] Created error: Not Recognized
[DEBUG Aug  2 08:17:47.244437534, errs.go:68] Created error: Secret not found
[DEBUG Aug  2 08:17:47.244532018, errs.go:68] Created error: Could not save keypair
[DEBUG Aug  2 08:17:47.245059981, errs.go:68] Created error: Build responded with error
[DEBUG Aug  2 08:17:47.245100628, errs.go:68] Created error: Unknown build type
[DEBUG Aug  2 08:17:47.245234770, errors.go:86] Wrapped localized error: <nil> -- with: The installed version of the State Tool Service does not match that of the client.
Please stop the service with [ACTIONABLE]state-svc stop[/RESET] and try your command again.
If this issue persists please reinstall the State Tool.

[DEBUG Aug  2 08:17:47.245251705, errs.go:68] Created error: no data
[DEBUG Aug  2 08:17:47.245278719, errs.go:68] Created error: member not found
[DEBUG Aug  2 08:17:47.245304412, errs.go:68] Created error: Commit count is unknowable
[DEBUG Aug  2 08:17:47.245332059, errs.go:68] Created error: No merge required
[DEBUG Aug  2 08:17:47.245356169, errs.go:68] Created error: Can't merge commit thats already in target commits history
[DEBUG Aug  2 08:17:47.245380894, errs.go:68] Created error: Bad expander name
[DEBUG Aug  2 08:17:47.245405236, errs.go:68] Created error: Expander has no handler
[DEBUG Aug  2 08:17:47.285238941, errs.go:68] Created error: Service is already running
[DEBUG Aug  2 08:17:47.313615552, secrets.go:35] Gcloud Secretmanager failed to initialize (ignore if you're not trying to use gcloud): google: could not find default credentials. See https://developers.google.com/accounts/docs/application-default-credentials for more information.
[DEBUG Aug  2 08:17:47.316739176, output.go:53] Requested outputer for 
[DEBUG Aug  2 08:17:47.316762608, output.go:58] Using Plain outputer
[DEBUG Aug  2 08:17:47.316849240, termutils.go:17] Cannot get terminal size: inappropriate ioctl for device
[DEBUG Aug  2 08:17:47.316933588, client.go:128] Reporting event to 2 reporters: run-command, state-svc start, 
[DEBUG Aug  2 08:17:47.316984259, main.go:107] Running CmdStart
[DEBUG Aug  2 08:17:47.322672568, errs.go:75] Wrapped error: Service is already running -- with: valueF failed
[DEBUG Aug  2 08:17:47.322731790, errs.go:75] Wrapped error: valueF failed -- with: Could not store pid
[DEBUG Aug  2 08:17:47.322808950, errors.go:113] Wrapped input error: Could not store pid -- with: A State Service instance is already running in the background.
[DEBUG Aug  2 08:17:47.322822215, errs.go:75] Wrapped error: A State Service instance is already running in the background. -- with: Could not start serviceManager
[DEBUG Aug  2 08:17:47.322924374, client.go:128] Reporting event to 2 reporters: command-exit, state-svc start, 1
[DEBUG Aug  2 08:17:47.680498411, errs.go:75] Wrapped error: <nil> -- with: Could not start serviceManager: A State Service instance is already running in the background.: Could not store pid: valueF failed: Service is already running
[DEBUG Aug  2 08:17:47.680577074, main.go:61] state-svc errored out due to input: Could not start serviceManager: A State Service instance is already running in the background.: Could not store pid: valueF failed: Service is already running
