[DEBUG Aug  2 07:34:53.646923049, defaults.go:273] Args: [/home1/wangfeim/.local/ActiveState/StateTool/release/bin/state-svc start]
[DEBUG Aug  2 07:34:53.664320806, locale.go:38] Init
[DEBUG Aug  2 07:34:53.703384142, errs.go:68] Created error: File could not be found
[DEBUG Aug  2 07:34:53.706081241, errs.go:68] Created error: Not Recognized
[DEBUG Aug  2 07:34:53.726704135, errs.go:68] Created error: Secret not found
[DEBUG Aug  2 07:34:53.726751062, errs.go:68] Created error: Could not save keypair
[DEBUG Aug  2 07:34:53.726915665, errs.go:68] Created error: Build responded with error
[DEBUG Aug  2 07:34:53.726946099, errs.go:68] Created error: Unknown build type
[DEBUG Aug  2 07:34:53.727056682, errors.go:86] Wrapped localized error: <nil> -- with: The installed version of the State Tool Service does not match that of the client.
Please stop the service with [ACTIONABLE]state-svc stop[/RESET] and try your command again.
If this issue persists please reinstall the State Tool.

[DEBUG Aug  2 07:34:53.727070537, errs.go:68] Created error: no data
[DEBUG Aug  2 07:34:53.727092160, errs.go:68] Created error: member not found
[DEBUG Aug  2 07:34:53.727113696, errs.go:68] Created error: Commit count is unknowable
[DEBUG Aug  2 07:34:53.727133686, errs.go:68] Created error: No merge required
[DEBUG Aug  2 07:34:53.727156893, errs.go:68] Created error: Can't merge commit thats already in target commits history
[DEBUG Aug  2 07:34:53.727177850, errs.go:68] Created error: Bad expander name
[DEBUG Aug  2 07:34:53.727203461, errs.go:68] Created error: Expander has no handler
[DEBUG Aug  2 07:34:53.728234891, errs.go:68] Created error: Service is already running
[DEBUG Aug  2 07:34:53.754381729, secrets.go:35] Gcloud Secretmanager failed to initialize (ignore if you're not trying to use gcloud): google: could not find default credentials. See https://developers.google.com/accounts/docs/application-default-credentials for more information.
[DEBUG Aug  2 07:34:53.757342427, output.go:53] Requested outputer for 
[DEBUG Aug  2 07:34:53.757362776, output.go:58] Using Plain outputer
[DEBUG Aug  2 07:34:53.757433456, termutils.go:17] Cannot get terminal size: inappropriate ioctl for device
[DEBUG Aug  2 07:34:53.757626900, client.go:128] Reporting event to 2 reporters: run-command, state-svc start, 
[DEBUG Aug  2 07:34:53.757631217, main.go:107] Running CmdStart
[DEBUG Aug  2 07:34:53.763814985, errs.go:75] Wrapped error: Service is already running -- with: valueF failed
[DEBUG Aug  2 07:34:53.763874192, errs.go:75] Wrapped error: valueF failed -- with: Could not store pid
[DEBUG Aug  2 07:34:53.763941161, errors.go:113] Wrapped input error: Could not store pid -- with: A State Service instance is already running in the background.
[DEBUG Aug  2 07:34:53.763953970, errs.go:75] Wrapped error: A State Service instance is already running in the background. -- with: Could not start serviceManager
[DEBUG Aug  2 07:34:53.764038352, client.go:128] Reporting event to 2 reporters: command-exit, state-svc start, 1
[DEBUG Aug  2 07:34:54.119649580, errs.go:75] Wrapped error: <nil> -- with: Could not start serviceManager: A State Service instance is already running in the background.: Could not store pid: valueF failed: Service is already running
[DEBUG Aug  2 07:34:54.119716840, main.go:61] state-svc errored out due to input: Could not start serviceManager: A State Service instance is already running in the background.: Could not store pid: valueF failed: Service is already running
