[DEBUG Aug  2 07:41:06.420744953, defaults.go:273] Args: [/home1/wangfeim/.local/ActiveState/StateTool/release/bin/state-svc start]
[DEBUG Aug  2 07:41:06.435434039, locale.go:38] Init
[DEBUG Aug  2 07:41:06.514849912, errs.go:68] Created error: File could not be found
[DEBUG Aug  2 07:41:06.520243636, errs.go:68] Created error: Not Recognized
[DEBUG Aug  2 07:41:06.589605902, errs.go:68] Created error: Secret not found
[DEBUG Aug  2 07:41:06.589665100, errs.go:68] Created error: Could not save keypair
[DEBUG Aug  2 07:41:06.589836656, errs.go:68] Created error: Build responded with error
[DEBUG Aug  2 07:41:06.589863170, errs.go:68] Created error: Unknown build type
[DEBUG Aug  2 07:41:06.589976167, errors.go:86] Wrapped localized error: <nil> -- with: The installed version of the State Tool Service does not match that of the client.
Please stop the service with [ACTIONABLE]state-svc stop[/RESET] and try your command again.
If this issue persists please reinstall the State Tool.

[DEBUG Aug  2 07:41:06.589990454, errs.go:68] Created error: no data
[DEBUG Aug  2 07:41:06.590013433, errs.go:68] Created error: member not found
[DEBUG Aug  2 07:41:06.590034461, errs.go:68] Created error: Commit count is unknowable
[DEBUG Aug  2 07:41:06.590060208, errs.go:68] Created error: No merge required
[DEBUG Aug  2 07:41:06.590081306, errs.go:68] Created error: Can't merge commit thats already in target commits history
[DEBUG Aug  2 07:41:06.590108906, errs.go:68] Created error: Bad expander name
[DEBUG Aug  2 07:41:06.590130396, errs.go:68] Created error: Expander has no handler
[DEBUG Aug  2 07:41:06.591231408, errs.go:68] Created error: Service is already running
[DEBUG Aug  2 07:41:06.619316537, secrets.go:35] Gcloud Secretmanager failed to initialize (ignore if you're not trying to use gcloud): google: could not find default credentials. See https://developers.google.com/accounts/docs/application-default-credentials for more information.
[DEBUG Aug  2 07:41:06.622590890, output.go:53] Requested outputer for 
[DEBUG Aug  2 07:41:06.622613364, output.go:58] Using Plain outputer
[DEBUG Aug  2 07:41:06.622682784, termutils.go:17] Cannot get terminal size: inappropriate ioctl for device
[DEBUG Aug  2 07:41:06.622711673, client.go:128] Reporting event to 2 reporters: run-command, state-svc start, 
[DEBUG Aug  2 07:41:06.622884514, main.go:107] Running CmdStart
[DEBUG Aug  2 07:41:06.630140680, errs.go:75] Wrapped error: Service is already running -- with: valueF failed
[DEBUG Aug  2 07:41:06.630226767, errs.go:75] Wrapped error: valueF failed -- with: Could not store pid
[DEBUG Aug  2 07:41:06.630326827, errors.go:113] Wrapped input error: Could not store pid -- with: A State Service instance is already running in the background.
[DEBUG Aug  2 07:41:06.630344944, errs.go:75] Wrapped error: A State Service instance is already running in the background. -- with: Could not start serviceManager
[DEBUG Aug  2 07:41:06.630464721, client.go:128] Reporting event to 2 reporters: command-exit, state-svc start, 1
[DEBUG Aug  2 07:41:06.992313520, errs.go:75] Wrapped error: <nil> -- with: Could not start serviceManager: A State Service instance is already running in the background.: Could not store pid: valueF failed: Service is already running
[DEBUG Aug  2 07:41:06.992409824, main.go:61] state-svc errored out due to input: Could not start serviceManager: A State Service instance is already running in the background.: Could not store pid: valueF failed: Service is already running
