[DEBUG Mar 15 01:52:49.946140621, defaults.go:273] Args: [/home1/wangfeim/.local/ActiveState/StateTool/release/bin/state-svc start]
[DEBUG Mar 15 01:52:49.960861415, locale.go:38] Init
[DEBUG Mar 15 01:52:50.000868229, errs.go:68] Created error: File could not be found
[DEBUG Mar 15 01:52:50.003883390, errs.go:68] Created error: Not Recognized
[DEBUG Mar 15 01:52:50.026134527, errs.go:68] Created error: Secret not found
[DEBUG Mar 15 01:52:50.026180999, errs.go:68] Created error: Could not save keypair
[DEBUG Mar 15 01:52:50.026367232, errs.go:68] Created error: Build responded with error
[DEBUG Mar 15 01:52:50.026400451, errs.go:68] Created error: Unknown build type
[DEBUG Mar 15 01:52:50.026512269, errors.go:86] Wrapped localized error: <nil> -- with: The installed version of the State Tool Service does not match that of the client.
Please stop the service with [ACTIONABLE]state-svc stop[/RESET] and try your command again.
If this issue persists please reinstall the State Tool.

[DEBUG Mar 15 01:52:50.026530409, errs.go:68] Created error: no data
[DEBUG Mar 15 01:52:50.026554702, errs.go:68] Created error: member not found
[DEBUG Mar 15 01:52:50.026580680, errs.go:68] Created error: Commit count is unknowable
[DEBUG Mar 15 01:52:50.026604296, errs.go:68] Created error: No merge required
[DEBUG Mar 15 01:52:50.026624577, errs.go:68] Created error: Can't merge commit thats already in target commits history
[DEBUG Mar 15 01:52:50.026646231, errs.go:68] Created error: Bad expander name
[DEBUG Mar 15 01:52:50.026666597, errs.go:68] Created error: Expander has no handler
[DEBUG Mar 15 01:52:50.027686662, errs.go:68] Created error: Service is already running
[DEBUG Mar 15 01:52:50.056462794, secrets.go:35] Gcloud Secretmanager failed to initialize (ignore if you're not trying to use gcloud): google: could not find default credentials. See https://developers.google.com/accounts/docs/application-default-credentials for more information.
[DEBUG Mar 15 01:52:50.059714410, output.go:53] Requested outputer for 
[DEBUG Mar 15 01:52:50.059733314, output.go:58] Using Plain outputer
[DEBUG Mar 15 01:52:50.059798105, termutils.go:17] Cannot get terminal size: inappropriate ioctl for device
[DEBUG Mar 15 01:52:50.059825199, client.go:128] Reporting event to 2 reporters: run-command, state-svc start, 
[DEBUG Mar 15 01:52:50.059920428, main.go:107] Running CmdStart
[DEBUG Mar 15 01:52:50.060923656, exeutils.go:149] Executing: /home1/wangfeim/.local/ActiveState/StateTool/release/bin/state-svc [foreground]
[DEBUG Mar 15 01:52:50.066292728, manager.go:68] Process started using pid 156363
[DEBUG Mar 15 01:52:50.066351945, client.go:128] Reporting event to 2 reporters: command-exit, state-svc start, 0
