[DEBUG Aug  2 07:56:38.317705102, defaults.go:273] Args: [/home1/wangfeim/.local/ActiveState/StateTool/release/bin/state-svc start]
[DEBUG Aug  2 07:56:38.331692382, locale.go:38] Init
[DEBUG Aug  2 07:56:38.632239440, errs.go:68] Created error: File could not be found
[DEBUG Aug  2 07:56:38.635572467, errs.go:68] Created error: Not Recognized
[DEBUG Aug  2 07:56:38.656482688, errs.go:68] Created error: Secret not found
[DEBUG Aug  2 07:56:38.656534295, errs.go:68] Created error: Could not save keypair
[DEBUG Aug  2 07:56:38.656714751, errs.go:68] Created error: Build responded with error
[DEBUG Aug  2 07:56:38.656744274, errs.go:68] Created error: Unknown build type
[DEBUG Aug  2 07:56:38.656868218, errors.go:86] Wrapped localized error: <nil> -- with: The installed version of the State Tool Service does not match that of the client.
Please stop the service with [ACTIONABLE]state-svc stop[/RESET] and try your command again.
If this issue persists please reinstall the State Tool.

[DEBUG Aug  2 07:56:38.656884236, errs.go:68] Created error: no data
[DEBUG Aug  2 07:56:38.656920081, errs.go:68] Created error: member not found
[DEBUG Aug  2 07:56:38.656950175, errs.go:68] Created error: Commit count is unknowable
[DEBUG Aug  2 07:56:38.656989370, errs.go:68] Created error: No merge required
[DEBUG Aug  2 07:56:38.657014476, errs.go:68] Created error: Can't merge commit thats already in target commits history
[DEBUG Aug  2 07:56:38.657038995, errs.go:68] Created error: Bad expander name
[DEBUG Aug  2 07:56:38.657064168, errs.go:68] Created error: Expander has no handler
[DEBUG Aug  2 07:56:38.658133703, errs.go:68] Created error: Service is already running
[DEBUG Aug  2 07:56:38.691909306, secrets.go:35] Gcloud Secretmanager failed to initialize (ignore if you're not trying to use gcloud): google: could not find default credentials. See https://developers.google.com/accounts/docs/application-default-credentials for more information.
[DEBUG Aug  2 07:56:38.698634014, output.go:53] Requested outputer for 
[DEBUG Aug  2 07:56:38.698657316, output.go:58] Using Plain outputer
[DEBUG Aug  2 07:56:38.698727863, termutils.go:17] Cannot get terminal size: inappropriate ioctl for device
[DEBUG Aug  2 07:56:38.698815164, client.go:128] Reporting event to 2 reporters: run-command, state-svc start, 
[DEBUG Aug  2 07:56:38.698883744, main.go:107] Running CmdStart
[DEBUG Aug  2 07:56:38.705373073, errs.go:75] Wrapped error: Service is already running -- with: valueF failed
[DEBUG Aug  2 07:56:38.705427451, errs.go:75] Wrapped error: valueF failed -- with: Could not store pid
[DEBUG Aug  2 07:56:38.705490730, errors.go:113] Wrapped input error: Could not store pid -- with: A State Service instance is already running in the background.
[DEBUG Aug  2 07:56:38.705503499, errs.go:75] Wrapped error: A State Service instance is already running in the background. -- with: Could not start serviceManager
[DEBUG Aug  2 07:56:38.705570743, client.go:128] Reporting event to 2 reporters: command-exit, state-svc start, 1
[DEBUG Aug  2 07:56:39.035832144, errs.go:75] Wrapped error: <nil> -- with: Could not start serviceManager: A State Service instance is already running in the background.: Could not store pid: valueF failed: Service is already running
[DEBUG Aug  2 07:56:39.035889635, main.go:61] state-svc errored out due to input: Could not start serviceManager: A State Service instance is already running in the background.: Could not store pid: valueF failed: Service is already running
