[DEBUG Aug  2 08:16:28.822605968, defaults.go:273] Args: [/home1/wangfeim/.local/ActiveState/StateTool/release/bin/state-svc start]
[DEBUG Aug  2 08:16:28.836824161, locale.go:38] Init
[DEBUG Aug  2 08:16:28.897984521, errs.go:68] Created error: File could not be found
[DEBUG Aug  2 08:16:28.901015731, errs.go:68] Created error: Not Recognized
[DEBUG Aug  2 08:16:28.921618855, errs.go:68] Created error: Secret not found
[DEBUG Aug  2 08:16:28.921663160, errs.go:68] Created error: Could not save keypair
[DEBUG Aug  2 08:16:28.921830740, errs.go:68] Created error: Build responded with error
[DEBUG Aug  2 08:16:28.921869045, errs.go:68] Created error: Unknown build type
[DEBUG Aug  2 08:16:28.921975138, errors.go:86] Wrapped localized error: <nil> -- with: The installed version of the State Tool Service does not match that of the client.
Please stop the service with [ACTIONABLE]state-svc stop[/RESET] and try your command again.
If this issue persists please reinstall the State Tool.

[DEBUG Aug  2 08:16:28.921987861, errs.go:68] Created error: no data
[DEBUG Aug  2 08:16:28.922010191, errs.go:68] Created error: member not found
[DEBUG Aug  2 08:16:28.922031817, errs.go:68] Created error: Commit count is unknowable
[DEBUG Aug  2 08:16:28.922052876, errs.go:68] Created error: No merge required
[DEBUG Aug  2 08:16:28.922078052, errs.go:68] Created error: Can't merge commit thats already in target commits history
[DEBUG Aug  2 08:16:28.922100941, errs.go:68] Created error: Bad expander name
[DEBUG Aug  2 08:16:28.922127166, errs.go:68] Created error: Expander has no handler
[DEBUG Aug  2 08:16:28.924459989, errs.go:68] Created error: Service is already running
[DEBUG Aug  2 08:16:28.985326403, secrets.go:35] Gcloud Secretmanager failed to initialize (ignore if you're not trying to use gcloud): google: could not find default credentials. See https://developers.google.com/accounts/docs/application-default-credentials for more information.
[DEBUG Aug  2 08:16:28.989000421, output.go:53] Requested outputer for 
[DEBUG Aug  2 08:16:28.989030784, output.go:58] Using Plain outputer
[DEBUG Aug  2 08:16:28.989096979, termutils.go:17] Cannot get terminal size: inappropriate ioctl for device
[DEBUG Aug  2 08:16:28.989192972, client.go:128] Reporting event to 2 reporters: run-command, state-svc start, 
[DEBUG Aug  2 08:16:28.989299626, main.go:107] Running CmdStart
[DEBUG Aug  2 08:16:28.994935362, errs.go:75] Wrapped error: Service is already running -- with: valueF failed
[DEBUG Aug  2 08:16:28.994994914, errs.go:75] Wrapped error: valueF failed -- with: Could not store pid
[DEBUG Aug  2 08:16:28.995071067, errors.go:113] Wrapped input error: Could not store pid -- with: A State Service instance is already running in the background.
[DEBUG Aug  2 08:16:28.995085043, errs.go:75] Wrapped error: A State Service instance is already running in the background. -- with: Could not start serviceManager
[DEBUG Aug  2 08:16:28.995185412, client.go:128] Reporting event to 2 reporters: command-exit, state-svc start, 1
[DEBUG Aug  2 08:16:29.361807704, errs.go:75] Wrapped error: <nil> -- with: Could not start serviceManager: A State Service instance is already running in the background.: Could not store pid: valueF failed: Service is already running
[DEBUG Aug  2 08:16:29.361888506, main.go:61] state-svc errored out due to input: Could not start serviceManager: A State Service instance is already running in the background.: Could not store pid: valueF failed: Service is already running
