[DEBUG Aug  2 07:41:58.026983424, defaults.go:273] Args: [/home1/wangfeim/.local/ActiveState/StateTool/release/bin/state-svc start]
[DEBUG Aug  2 07:41:58.041945127, locale.go:38] Init
[DEBUG Aug  2 07:41:58.810933900, errs.go:68] Created error: File could not be found
[DEBUG Aug  2 07:41:58.814443050, errs.go:68] Created error: Not Recognized
[DEBUG Aug  2 07:41:58.836796341, errs.go:68] Created error: Secret not found
[DEBUG Aug  2 07:41:58.836847848, errs.go:68] Created error: Could not save keypair
[DEBUG Aug  2 07:41:58.837044384, errs.go:68] Created error: Build responded with error
[DEBUG Aug  2 07:41:58.837075475, errs.go:68] Created error: Unknown build type
[DEBUG Aug  2 07:41:58.837278349, errors.go:86] Wrapped localized error: <nil> -- with: The installed version of the State Tool Service does not match that of the client.
Please stop the service with [ACTIONABLE]state-svc stop[/RESET] and try your command again.
If this issue persists please reinstall the State Tool.

[DEBUG Aug  2 07:41:58.837303806, errs.go:68] Created error: no data
[DEBUG Aug  2 07:41:58.837361453, errs.go:68] Created error: member not found
[DEBUG Aug  2 07:41:58.837405466, errs.go:68] Created error: Commit count is unknowable
[DEBUG Aug  2 07:41:58.837451186, errs.go:68] Created error: No merge required
[DEBUG Aug  2 07:41:58.837493801, errs.go:68] Created error: Can't merge commit thats already in target commits history
[DEBUG Aug  2 07:41:58.837564140, errs.go:68] Created error: Bad expander name
[DEBUG Aug  2 07:41:58.837607597, errs.go:68] Created error: Expander has no handler
[DEBUG Aug  2 07:41:58.838824752, errs.go:68] Created error: Service is already running
[DEBUG Aug  2 07:41:58.872943670, secrets.go:35] Gcloud Secretmanager failed to initialize (ignore if you're not trying to use gcloud): google: could not find default credentials. See https://developers.google.com/accounts/docs/application-default-credentials for more information.
[DEBUG Aug  2 07:41:58.880182098, output.go:53] Requested outputer for 
[DEBUG Aug  2 07:41:58.880210541, output.go:58] Using Plain outputer
[DEBUG Aug  2 07:41:58.880277523, termutils.go:17] Cannot get terminal size: inappropriate ioctl for device
[DEBUG Aug  2 07:41:58.880362756, client.go:128] Reporting event to 2 reporters: run-command, state-svc start, 
[DEBUG Aug  2 07:41:58.880423217, main.go:107] Running CmdStart
[DEBUG Aug  2 07:41:58.888346757, errs.go:75] Wrapped error: Service is already running -- with: valueF failed
[DEBUG Aug  2 07:41:58.888405142, errs.go:75] Wrapped error: valueF failed -- with: Could not store pid
[DEBUG Aug  2 07:41:58.888477098, errors.go:113] Wrapped input error: Could not store pid -- with: A State Service instance is already running in the background.
[DEBUG Aug  2 07:41:58.888492134, errs.go:75] Wrapped error: A State Service instance is already running in the background. -- with: Could not start serviceManager
[DEBUG Aug  2 07:41:58.888594776, client.go:128] Reporting event to 2 reporters: command-exit, state-svc start, 1
[DEBUG Aug  2 07:41:59.254545296, errs.go:75] Wrapped error: <nil> -- with: Could not start serviceManager: A State Service instance is already running in the background.: Could not store pid: valueF failed: Service is already running
[DEBUG Aug  2 07:41:59.254623942, main.go:61] state-svc errored out due to input: Could not start serviceManager: A State Service instance is already running in the background.: Could not store pid: valueF failed: Service is already running
