[DEBUG Aug  2 07:51:05.748119605, defaults.go:273] Args: [/home1/wangfeim/.local/ActiveState/StateTool/release/bin/state-svc start]
[DEBUG Aug  2 07:51:05.787269322, locale.go:38] Init
[DEBUG Aug  2 07:51:05.978255452, errs.go:68] Created error: File could not be found
[DEBUG Aug  2 07:51:05.983444623, errs.go:68] Created error: Not Recognized
[DEBUG Aug  2 07:51:06.003062651, errs.go:68] Created error: Secret not found
[DEBUG Aug  2 07:51:06.003116239, errs.go:68] Created error: Could not save keypair
[DEBUG Aug  2 07:51:06.003293491, errs.go:68] Created error: Build responded with error
[DEBUG Aug  2 07:51:06.003322271, errs.go:68] Created error: Unknown build type
[DEBUG Aug  2 07:51:06.003456733, errors.go:86] Wrapped localized error: <nil> -- with: The installed version of the State Tool Service does not match that of the client.
Please stop the service with [ACTIONABLE]state-svc stop[/RESET] and try your command again.
If this issue persists please reinstall the State Tool.

[DEBUG Aug  2 07:51:06.003471989, errs.go:68] Created error: no data
[DEBUG Aug  2 07:51:06.003497315, errs.go:68] Created error: member not found
[DEBUG Aug  2 07:51:06.003521486, errs.go:68] Created error: Commit count is unknowable
[DEBUG Aug  2 07:51:06.003554674, errs.go:68] Created error: No merge required
[DEBUG Aug  2 07:51:06.003577607, errs.go:68] Created error: Can't merge commit thats already in target commits history
[DEBUG Aug  2 07:51:06.003601554, errs.go:68] Created error: Bad expander name
[DEBUG Aug  2 07:51:06.003623609, errs.go:68] Created error: Expander has no handler
[DEBUG Aug  2 07:51:06.004907252, errs.go:68] Created error: Service is already running
[DEBUG Aug  2 07:51:06.031998115, secrets.go:35] Gcloud Secretmanager failed to initialize (ignore if you're not trying to use gcloud): google: could not find default credentials. See https://developers.google.com/accounts/docs/application-default-credentials for more information.
[DEBUG Aug  2 07:51:06.087526430, output.go:53] Requested outputer for 
[DEBUG Aug  2 07:51:06.087583644, output.go:58] Using Plain outputer
[DEBUG Aug  2 07:51:06.087717228, termutils.go:17] Cannot get terminal size: inappropriate ioctl for device
[DEBUG Aug  2 07:51:06.087793864, client.go:128] Reporting event to 2 reporters: run-command, state-svc start, 
[DEBUG Aug  2 07:51:06.087926746, main.go:107] Running CmdStart
[DEBUG Aug  2 07:51:06.096071003, errs.go:75] Wrapped error: Service is already running -- with: valueF failed
[DEBUG Aug  2 07:51:06.096166749, errs.go:75] Wrapped error: valueF failed -- with: Could not store pid
[DEBUG Aug  2 07:51:06.096287910, errors.go:113] Wrapped input error: Could not store pid -- with: A State Service instance is already running in the background.
[DEBUG Aug  2 07:51:06.096314518, errs.go:75] Wrapped error: A State Service instance is already running in the background. -- with: Could not start serviceManager
[DEBUG Aug  2 07:51:06.096421739, client.go:128] Reporting event to 2 reporters: command-exit, state-svc start, 1
[DEBUG Aug  2 07:51:06.488884183, errs.go:75] Wrapped error: <nil> -- with: Could not start serviceManager: A State Service instance is already running in the background.: Could not store pid: valueF failed: Service is already running
[DEBUG Aug  2 07:51:06.488949123, main.go:61] state-svc errored out due to input: Could not start serviceManager: A State Service instance is already running in the background.: Could not store pid: valueF failed: Service is already running
