[DEBUG Aug  2 07:47:30.409424385, defaults.go:273] Args: [/home1/wangfeim/.local/ActiveState/StateTool/release/bin/state-svc start]
[DEBUG Aug  2 07:47:30.423844883, locale.go:38] Init
[DEBUG Aug  2 07:47:30.508792489, errs.go:68] Created error: File could not be found
[DEBUG Aug  2 07:47:30.511847831, errs.go:68] Created error: Not Recognized
[DEBUG Aug  2 07:47:30.531603139, errs.go:68] Created error: Secret not found
[DEBUG Aug  2 07:47:30.531649825, errs.go:68] Created error: Could not save keypair
[DEBUG Aug  2 07:47:30.531819593, errs.go:68] Created error: Build responded with error
[DEBUG Aug  2 07:47:30.531851300, errs.go:68] Created error: Unknown build type
[DEBUG Aug  2 07:47:30.531957594, errors.go:86] Wrapped localized error: <nil> -- with: The installed version of the State Tool Service does not match that of the client.
Please stop the service with [ACTIONABLE]state-svc stop[/RESET] and try your command again.
If this issue persists please reinstall the State Tool.

[DEBUG Aug  2 07:47:30.531969960, errs.go:68] Created error: no data
[DEBUG Aug  2 07:47:30.531992409, errs.go:68] Created error: member not found
[DEBUG Aug  2 07:47:30.532013177, errs.go:68] Created error: Commit count is unknowable
[DEBUG Aug  2 07:47:30.532033499, errs.go:68] Created error: No merge required
[DEBUG Aug  2 07:47:30.532053115, errs.go:68] Created error: Can't merge commit thats already in target commits history
[DEBUG Aug  2 07:47:30.532078161, errs.go:68] Created error: Bad expander name
[DEBUG Aug  2 07:47:30.532098304, errs.go:68] Created error: Expander has no handler
[DEBUG Aug  2 07:47:30.533064741, errs.go:68] Created error: Service is already running
[DEBUG Aug  2 07:47:30.600083219, secrets.go:35] Gcloud Secretmanager failed to initialize (ignore if you're not trying to use gcloud): google: could not find default credentials. See https://developers.google.com/accounts/docs/application-default-credentials for more information.
[DEBUG Aug  2 07:47:30.606678871, output.go:53] Requested outputer for 
[DEBUG Aug  2 07:47:30.606716393, output.go:58] Using Plain outputer
[DEBUG Aug  2 07:47:30.606788996, termutils.go:17] Cannot get terminal size: inappropriate ioctl for device
[DEBUG Aug  2 07:47:30.606891080, client.go:128] Reporting event to 2 reporters: run-command, state-svc start, 
[DEBUG Aug  2 07:47:30.606948222, main.go:107] Running CmdStart
[DEBUG Aug  2 07:47:30.613151224, errs.go:75] Wrapped error: Service is already running -- with: valueF failed
[DEBUG Aug  2 07:47:30.613226918, errs.go:75] Wrapped error: valueF failed -- with: Could not store pid
[DEBUG Aug  2 07:47:30.613299661, errors.go:113] Wrapped input error: Could not store pid -- with: A State Service instance is already running in the background.
[DEBUG Aug  2 07:47:30.613314323, errs.go:75] Wrapped error: A State Service instance is already running in the background. -- with: Could not start serviceManager
[DEBUG Aug  2 07:47:30.613379722, client.go:128] Reporting event to 2 reporters: command-exit, state-svc start, 1
[DEBUG Aug  2 07:47:30.996457849, errs.go:75] Wrapped error: <nil> -- with: Could not start serviceManager: A State Service instance is already running in the background.: Could not store pid: valueF failed: Service is already running
[DEBUG Aug  2 07:47:30.996534096, main.go:61] state-svc errored out due to input: Could not start serviceManager: A State Service instance is already running in the background.: Could not store pid: valueF failed: Service is already running
