[DEBUG Aug  2 07:40:45.728497013, defaults.go:273] Args: [/home1/wangfeim/.local/ActiveState/StateTool/release/bin/state-svc start]
[DEBUG Aug  2 07:40:45.743324057, locale.go:38] Init
[DEBUG Aug  2 07:40:45.812694015, errs.go:68] Created error: File could not be found
[DEBUG Aug  2 07:40:45.815368992, errs.go:68] Created error: Not Recognized
[DEBUG Aug  2 07:40:45.836047837, errs.go:68] Created error: Secret not found
[DEBUG Aug  2 07:40:45.836098439, errs.go:68] Created error: Could not save keypair
[DEBUG Aug  2 07:40:45.836271244, errs.go:68] Created error: Build responded with error
[DEBUG Aug  2 07:40:45.836299775, errs.go:68] Created error: Unknown build type
[DEBUG Aug  2 07:40:45.836438606, errors.go:86] Wrapped localized error: <nil> -- with: The installed version of the State Tool Service does not match that of the client.
Please stop the service with [ACTIONABLE]state-svc stop[/RESET] and try your command again.
If this issue persists please reinstall the State Tool.

[DEBUG Aug  2 07:40:45.836460143, errs.go:68] Created error: no data
[DEBUG Aug  2 07:40:45.836486383, errs.go:68] Created error: member not found
[DEBUG Aug  2 07:40:45.836510146, errs.go:68] Created error: Commit count is unknowable
[DEBUG Aug  2 07:40:45.836551951, errs.go:68] Created error: No merge required
[DEBUG Aug  2 07:40:45.836577377, errs.go:68] Created error: Can't merge commit thats already in target commits history
[DEBUG Aug  2 07:40:45.836601825, errs.go:68] Created error: Bad expander name
[DEBUG Aug  2 07:40:45.836624946, errs.go:68] Created error: Expander has no handler
[DEBUG Aug  2 07:40:45.837727080, errs.go:68] Created error: Service is already running
[DEBUG Aug  2 07:40:45.901613868, secrets.go:35] Gcloud Secretmanager failed to initialize (ignore if you're not trying to use gcloud): google: could not find default credentials. See https://developers.google.com/accounts/docs/application-default-credentials for more information.
[DEBUG Aug  2 07:40:45.906027387, output.go:53] Requested outputer for 
[DEBUG Aug  2 07:40:45.906058299, output.go:58] Using Plain outputer
[DEBUG Aug  2 07:40:45.906153996, termutils.go:17] Cannot get terminal size: inappropriate ioctl for device
[DEBUG Aug  2 07:40:45.906368057, main.go:107] Running CmdStart
[DEBUG Aug  2 07:40:45.906378502, client.go:128] Reporting event to 2 reporters: run-command, state-svc start, 
[DEBUG Aug  2 07:40:45.912483926, errs.go:75] Wrapped error: Service is already running -- with: valueF failed
[DEBUG Aug  2 07:40:45.912551320, errs.go:75] Wrapped error: valueF failed -- with: Could not store pid
[DEBUG Aug  2 07:40:45.912644699, errors.go:113] Wrapped input error: Could not store pid -- with: A State Service instance is already running in the background.
[DEBUG Aug  2 07:40:45.912664592, errs.go:75] Wrapped error: A State Service instance is already running in the background. -- with: Could not start serviceManager
[DEBUG Aug  2 07:40:45.912760435, client.go:128] Reporting event to 2 reporters: command-exit, state-svc start, 1
[DEBUG Aug  2 07:40:46.284910256, errs.go:75] Wrapped error: <nil> -- with: Could not start serviceManager: A State Service instance is already running in the background.: Could not store pid: valueF failed: Service is already running
[DEBUG Aug  2 07:40:46.284994303, main.go:61] state-svc errored out due to input: Could not start serviceManager: A State Service instance is already running in the background.: Could not store pid: valueF failed: Service is already running
