[DEBUG Aug  2 07:51:13.111497332, defaults.go:273] Args: [/home1/wangfeim/.local/ActiveState/StateTool/release/bin/state-svc start]
[DEBUG Aug  2 07:51:13.124563162, locale.go:38] Init
[DEBUG Aug  2 07:51:13.191783240, errs.go:68] Created error: File could not be found
[DEBUG Aug  2 07:51:13.194406200, errs.go:68] Created error: Not Recognized
[DEBUG Aug  2 07:51:13.213080410, errs.go:68] Created error: Secret not found
[DEBUG Aug  2 07:51:13.213127852, errs.go:68] Created error: Could not save keypair
[DEBUG Aug  2 07:51:13.213306883, errs.go:68] Created error: Build responded with error
[DEBUG Aug  2 07:51:13.213345015, errs.go:68] Created error: Unknown build type
[DEBUG Aug  2 07:51:13.213460859, errors.go:86] Wrapped localized error: <nil> -- with: The installed version of the State Tool Service does not match that of the client.
Please stop the service with [ACTIONABLE]state-svc stop[/RESET] and try your command again.
If this issue persists please reinstall the State Tool.

[DEBUG Aug  2 07:51:13.213473057, errs.go:68] Created error: no data
[DEBUG Aug  2 07:51:13.213496772, errs.go:68] Created error: member not found
[DEBUG Aug  2 07:51:13.213519513, errs.go:68] Created error: Commit count is unknowable
[DEBUG Aug  2 07:51:13.213550004, errs.go:68] Created error: No merge required
[DEBUG Aug  2 07:51:13.213572351, errs.go:68] Created error: Can't merge commit thats already in target commits history
[DEBUG Aug  2 07:51:13.213594982, errs.go:68] Created error: Bad expander name
[DEBUG Aug  2 07:51:13.213616146, errs.go:68] Created error: Expander has no handler
[DEBUG Aug  2 07:51:13.214846479, errs.go:68] Created error: Service is already running
[DEBUG Aug  2 07:51:13.240512364, secrets.go:35] Gcloud Secretmanager failed to initialize (ignore if you're not trying to use gcloud): google: could not find default credentials. See https://developers.google.com/accounts/docs/application-default-credentials for more information.
[DEBUG Aug  2 07:51:13.244069863, output.go:53] Requested outputer for 
[DEBUG Aug  2 07:51:13.244089803, output.go:58] Using Plain outputer
[DEBUG Aug  2 07:51:13.244175767, termutils.go:17] Cannot get terminal size: inappropriate ioctl for device
[DEBUG Aug  2 07:51:13.244267365, client.go:128] Reporting event to 2 reporters: run-command, state-svc start, 
[DEBUG Aug  2 07:51:13.244339846, main.go:107] Running CmdStart
[DEBUG Aug  2 07:51:13.252728107, errs.go:75] Wrapped error: Service is already running -- with: valueF failed
[DEBUG Aug  2 07:51:13.252817044, errs.go:75] Wrapped error: valueF failed -- with: Could not store pid
[DEBUG Aug  2 07:51:13.252944447, errors.go:113] Wrapped input error: Could not store pid -- with: A State Service instance is already running in the background.
[DEBUG Aug  2 07:51:13.252961129, errs.go:75] Wrapped error: A State Service instance is already running in the background. -- with: Could not start serviceManager
[DEBUG Aug  2 07:51:13.253071904, client.go:128] Reporting event to 2 reporters: command-exit, state-svc start, 1
[DEBUG Aug  2 07:51:13.684935790, errs.go:75] Wrapped error: <nil> -- with: Could not start serviceManager: A State Service instance is already running in the background.: Could not store pid: valueF failed: Service is already running
[DEBUG Aug  2 07:51:13.685001788, main.go:61] state-svc errored out due to input: Could not start serviceManager: A State Service instance is already running in the background.: Could not store pid: valueF failed: Service is already running
