[DEBUG Aug  2 08:09:42.394327179, defaults.go:273] Args: [/home1/wangfeim/.local/ActiveState/StateTool/release/bin/state-svc start]
[DEBUG Aug  2 08:09:42.408639239, locale.go:38] Init
[DEBUG Aug  2 08:09:42.548343717, errs.go:68] Created error: File could not be found
[DEBUG Aug  2 08:09:42.551628388, errs.go:68] Created error: Not Recognized
[DEBUG Aug  2 08:09:42.572927247, errs.go:68] Created error: Secret not found
[DEBUG Aug  2 08:09:42.573207073, errs.go:68] Created error: Could not save keypair
[DEBUG Aug  2 08:09:42.573444978, errs.go:68] Created error: Build responded with error
[DEBUG Aug  2 08:09:42.573478679, errs.go:68] Created error: Unknown build type
[DEBUG Aug  2 08:09:42.573629051, errors.go:86] Wrapped localized error: <nil> -- with: The installed version of the State Tool Service does not match that of the client.
Please stop the service with [ACTIONABLE]state-svc stop[/RESET] and try your command again.
If this issue persists please reinstall the State Tool.

[DEBUG Aug  2 08:09:42.573647888, errs.go:68] Created error: no data
[DEBUG Aug  2 08:09:42.573682043, errs.go:68] Created error: member not found
[DEBUG Aug  2 08:09:42.573708319, errs.go:68] Created error: Commit count is unknowable
[DEBUG Aug  2 08:09:42.573743861, errs.go:68] Created error: No merge required
[DEBUG Aug  2 08:09:42.573774663, errs.go:68] Created error: Can't merge commit thats already in target commits history
[DEBUG Aug  2 08:09:42.573800726, errs.go:68] Created error: Bad expander name
[DEBUG Aug  2 08:09:42.573825686, errs.go:68] Created error: Expander has no handler
[DEBUG Aug  2 08:09:42.574816487, errs.go:68] Created error: Service is already running
[DEBUG Aug  2 08:09:42.607513129, secrets.go:35] Gcloud Secretmanager failed to initialize (ignore if you're not trying to use gcloud): google: could not find default credentials. See https://developers.google.com/accounts/docs/application-default-credentials for more information.
[DEBUG Aug  2 08:09:42.612757224, output.go:53] Requested outputer for 
[DEBUG Aug  2 08:09:42.612779841, output.go:58] Using Plain outputer
[DEBUG Aug  2 08:09:42.612861852, termutils.go:17] Cannot get terminal size: inappropriate ioctl for device
[DEBUG Aug  2 08:09:42.612944391, client.go:128] Reporting event to 2 reporters: run-command, state-svc start, 
[DEBUG Aug  2 08:09:42.613018921, main.go:107] Running CmdStart
[DEBUG Aug  2 08:09:42.620427717, errs.go:75] Wrapped error: Service is already running -- with: valueF failed
[DEBUG Aug  2 08:09:42.620494573, errs.go:75] Wrapped error: valueF failed -- with: Could not store pid
[DEBUG Aug  2 08:09:42.620585448, errors.go:113] Wrapped input error: Could not store pid -- with: A State Service instance is already running in the background.
[DEBUG Aug  2 08:09:42.620601654, errs.go:75] Wrapped error: A State Service instance is already running in the background. -- with: Could not start serviceManager
[DEBUG Aug  2 08:09:42.620695753, client.go:128] Reporting event to 2 reporters: command-exit, state-svc start, 1
[DEBUG Aug  2 08:09:43.123520681, errs.go:75] Wrapped error: <nil> -- with: Could not start serviceManager: A State Service instance is already running in the background.: Could not store pid: valueF failed: Service is already running
[DEBUG Aug  2 08:09:43.123591567, main.go:61] state-svc errored out due to input: Could not start serviceManager: A State Service instance is already running in the background.: Could not store pid: valueF failed: Service is already running
