[DEBUG Aug  2 07:47:16.796236177, defaults.go:273] Args: [/home1/wangfeim/.local/ActiveState/StateTool/release/bin/state-svc start]
[DEBUG Aug  2 07:47:16.809931712, locale.go:38] Init
[DEBUG Aug  2 07:47:16.850572752, errs.go:68] Created error: File could not be found
[DEBUG Aug  2 07:47:16.854434487, errs.go:68] Created error: Not Recognized
[DEBUG Aug  2 07:47:16.898969615, errs.go:68] Created error: Secret not found
[DEBUG Aug  2 07:47:16.899016121, errs.go:68] Created error: Could not save keypair
[DEBUG Aug  2 07:47:16.899175633, errs.go:68] Created error: Build responded with error
[DEBUG Aug  2 07:47:16.899201449, errs.go:68] Created error: Unknown build type
[DEBUG Aug  2 07:47:16.899307506, errors.go:86] Wrapped localized error: <nil> -- with: The installed version of the State Tool Service does not match that of the client.
Please stop the service with [ACTIONABLE]state-svc stop[/RESET] and try your command again.
If this issue persists please reinstall the State Tool.

[DEBUG Aug  2 07:47:16.899320354, errs.go:68] Created error: no data
[DEBUG Aug  2 07:47:16.899342217, errs.go:68] Created error: member not found
[DEBUG Aug  2 07:47:16.899372691, errs.go:68] Created error: Commit count is unknowable
[DEBUG Aug  2 07:47:16.899393418, errs.go:68] Created error: No merge required
[DEBUG Aug  2 07:47:16.899413817, errs.go:68] Created error: Can't merge commit thats already in target commits history
[DEBUG Aug  2 07:47:16.899434787, errs.go:68] Created error: Bad expander name
[DEBUG Aug  2 07:47:16.899457509, errs.go:68] Created error: Expander has no handler
[DEBUG Aug  2 07:47:16.900522376, errs.go:68] Created error: Service is already running
[DEBUG Aug  2 07:47:16.926736741, secrets.go:35] Gcloud Secretmanager failed to initialize (ignore if you're not trying to use gcloud): google: could not find default credentials. See https://developers.google.com/accounts/docs/application-default-credentials for more information.
[DEBUG Aug  2 07:47:16.930244524, output.go:53] Requested outputer for 
[DEBUG Aug  2 07:47:16.930266369, output.go:58] Using Plain outputer
[DEBUG Aug  2 07:47:16.930338254, termutils.go:17] Cannot get terminal size: inappropriate ioctl for device
[DEBUG Aug  2 07:47:16.930421350, client.go:128] Reporting event to 2 reporters: run-command, state-svc start, 
[DEBUG Aug  2 07:47:16.930566851, main.go:107] Running CmdStart
[DEBUG Aug  2 07:47:16.936096520, errs.go:75] Wrapped error: Service is already running -- with: valueF failed
[DEBUG Aug  2 07:47:16.936150237, errs.go:75] Wrapped error: valueF failed -- with: Could not store pid
[DEBUG Aug  2 07:47:16.936215037, errors.go:113] Wrapped input error: Could not store pid -- with: A State Service instance is already running in the background.
[DEBUG Aug  2 07:47:16.936228067, errs.go:75] Wrapped error: A State Service instance is already running in the background. -- with: Could not start serviceManager
[DEBUG Aug  2 07:47:16.936304249, client.go:128] Reporting event to 2 reporters: command-exit, state-svc start, 1
[DEBUG Aug  2 07:47:17.288965649, errs.go:75] Wrapped error: <nil> -- with: Could not start serviceManager: A State Service instance is already running in the background.: Could not store pid: valueF failed: Service is already running
[DEBUG Aug  2 07:47:17.289052628, main.go:61] state-svc errored out due to input: Could not start serviceManager: A State Service instance is already running in the background.: Could not store pid: valueF failed: Service is already running
