[DEBUG Aug  2 08:18:07.431076640, defaults.go:273] Args: [/home1/wangfeim/.local/ActiveState/StateTool/release/bin/state-svc start]
[DEBUG Aug  2 08:18:07.444745398, locale.go:38] Init
[DEBUG Aug  2 08:18:07.835937891, errs.go:68] Created error: File could not be found
[DEBUG Aug  2 08:18:07.839160758, errs.go:68] Created error: Not Recognized
[DEBUG Aug  2 08:18:07.861640494, errs.go:68] Created error: Secret not found
[DEBUG Aug  2 08:18:07.861707676, errs.go:68] Created error: Could not save keypair
[DEBUG Aug  2 08:18:07.861913763, errs.go:68] Created error: Build responded with error
[DEBUG Aug  2 08:18:07.861944392, errs.go:68] Created error: Unknown build type
[DEBUG Aug  2 08:18:07.862083816, errors.go:86] Wrapped localized error: <nil> -- with: The installed version of the State Tool Service does not match that of the client.
Please stop the service with [ACTIONABLE]state-svc stop[/RESET] and try your command again.
If this issue persists please reinstall the State Tool.

[DEBUG Aug  2 08:18:07.862101144, errs.go:68] Created error: no data
[DEBUG Aug  2 08:18:07.862139067, errs.go:68] Created error: member not found
[DEBUG Aug  2 08:18:07.862170485, errs.go:68] Created error: Commit count is unknowable
[DEBUG Aug  2 08:18:07.862195570, errs.go:68] Created error: No merge required
[DEBUG Aug  2 08:18:07.862227444, errs.go:68] Created error: Can't merge commit thats already in target commits history
[DEBUG Aug  2 08:18:07.862253533, errs.go:68] Created error: Bad expander name
[DEBUG Aug  2 08:18:07.862279210, errs.go:68] Created error: Expander has no handler
[DEBUG Aug  2 08:18:07.863491772, errs.go:68] Created error: Service is already running
[DEBUG Aug  2 08:18:07.895621066, secrets.go:35] Gcloud Secretmanager failed to initialize (ignore if you're not trying to use gcloud): google: could not find default credentials. See https://developers.google.com/accounts/docs/application-default-credentials for more information.
[DEBUG Aug  2 08:18:07.900890748, output.go:53] Requested outputer for 
[DEBUG Aug  2 08:18:07.900921527, output.go:58] Using Plain outputer
[DEBUG Aug  2 08:18:07.900995272, termutils.go:17] Cannot get terminal size: inappropriate ioctl for device
[DEBUG Aug  2 08:18:07.901099058, client.go:128] Reporting event to 2 reporters: run-command, state-svc start, 
[DEBUG Aug  2 08:18:07.901128862, main.go:107] Running CmdStart
[DEBUG Aug  2 08:18:07.907673765, errs.go:75] Wrapped error: Service is already running -- with: valueF failed
[DEBUG Aug  2 08:18:07.907729740, errs.go:75] Wrapped error: valueF failed -- with: Could not store pid
[DEBUG Aug  2 08:18:07.907813487, errors.go:113] Wrapped input error: Could not store pid -- with: A State Service instance is already running in the background.
[DEBUG Aug  2 08:18:07.907828505, errs.go:75] Wrapped error: A State Service instance is already running in the background. -- with: Could not start serviceManager
[DEBUG Aug  2 08:18:07.907897015, client.go:128] Reporting event to 2 reporters: command-exit, state-svc start, 1
[DEBUG Aug  2 08:18:08.234991183, errs.go:75] Wrapped error: <nil> -- with: Could not start serviceManager: A State Service instance is already running in the background.: Could not store pid: valueF failed: Service is already running
[DEBUG Aug  2 08:18:08.235057074, main.go:61] state-svc errored out due to input: Could not start serviceManager: A State Service instance is already running in the background.: Could not store pid: valueF failed: Service is already running
