[DEBUG Aug  2 08:18:01.792224100, defaults.go:273] Args: [/home1/wangfeim/.local/ActiveState/StateTool/release/bin/state-svc start]
[DEBUG Aug  2 08:18:01.806816040, locale.go:38] Init
[DEBUG Aug  2 08:18:01.849578816, errs.go:68] Created error: File could not be found
[DEBUG Aug  2 08:18:01.852426657, errs.go:68] Created error: Not Recognized
[DEBUG Aug  2 08:18:01.903757026, errs.go:68] Created error: Secret not found
[DEBUG Aug  2 08:18:01.903980055, errs.go:68] Created error: Could not save keypair
[DEBUG Aug  2 08:18:01.904200291, errs.go:68] Created error: Build responded with error
[DEBUG Aug  2 08:18:01.904234761, errs.go:68] Created error: Unknown build type
[DEBUG Aug  2 08:18:01.904387977, errors.go:86] Wrapped localized error: <nil> -- with: The installed version of the State Tool Service does not match that of the client.
Please stop the service with [ACTIONABLE]state-svc stop[/RESET] and try your command again.
If this issue persists please reinstall the State Tool.

[DEBUG Aug  2 08:18:01.904408000, errs.go:68] Created error: no data
[DEBUG Aug  2 08:18:01.904436098, errs.go:68] Created error: member not found
[DEBUG Aug  2 08:18:01.904471847, errs.go:68] Created error: Commit count is unknowable
[DEBUG Aug  2 08:18:01.904497574, errs.go:68] Created error: No merge required
[DEBUG Aug  2 08:18:01.904522464, errs.go:68] Created error: Can't merge commit thats already in target commits history
[DEBUG Aug  2 08:18:01.904554140, errs.go:68] Created error: Bad expander name
[DEBUG Aug  2 08:18:01.904578063, errs.go:68] Created error: Expander has no handler
[DEBUG Aug  2 08:18:01.905628342, errs.go:68] Created error: Service is already running
[DEBUG Aug  2 08:18:01.935200742, secrets.go:35] Gcloud Secretmanager failed to initialize (ignore if you're not trying to use gcloud): google: could not find default credentials. See https://developers.google.com/accounts/docs/application-default-credentials for more information.
[DEBUG Aug  2 08:18:01.938400872, output.go:53] Requested outputer for 
[DEBUG Aug  2 08:18:01.938423169, output.go:58] Using Plain outputer
[DEBUG Aug  2 08:18:01.938494596, termutils.go:17] Cannot get terminal size: inappropriate ioctl for device
[DEBUG Aug  2 08:18:01.938607701, client.go:128] Reporting event to 2 reporters: run-command, state-svc start, 
[DEBUG Aug  2 08:18:01.938691686, main.go:107] Running CmdStart
[DEBUG Aug  2 08:18:01.988502438, errs.go:75] Wrapped error: Service is already running -- with: valueF failed
[DEBUG Aug  2 08:18:01.988573452, errs.go:75] Wrapped error: valueF failed -- with: Could not store pid
[DEBUG Aug  2 08:18:01.988677789, errors.go:113] Wrapped input error: Could not store pid -- with: A State Service instance is already running in the background.
[DEBUG Aug  2 08:18:01.988692021, errs.go:75] Wrapped error: A State Service instance is already running in the background. -- with: Could not start serviceManager
[DEBUG Aug  2 08:18:01.988771793, client.go:128] Reporting event to 2 reporters: command-exit, state-svc start, 1
[DEBUG Aug  2 08:18:02.319672411, errs.go:75] Wrapped error: <nil> -- with: Could not start serviceManager: A State Service instance is already running in the background.: Could not store pid: valueF failed: Service is already running
[DEBUG Aug  2 08:18:02.319758904, main.go:61] state-svc errored out due to input: Could not start serviceManager: A State Service instance is already running in the background.: Could not store pid: valueF failed: Service is already running
