[DEBUG Aug  2 07:55:50.726401448, defaults.go:273] Args: [/home1/wangfeim/.local/ActiveState/StateTool/release/bin/state-svc start]
[DEBUG Aug  2 07:55:50.740586102, locale.go:38] Init
[DEBUG Aug  2 07:55:50.810568672, errs.go:68] Created error: File could not be found
[DEBUG Aug  2 07:55:50.813295080, errs.go:68] Created error: Not Recognized
[DEBUG Aug  2 07:55:50.834874271, errs.go:68] Created error: Secret not found
[DEBUG Aug  2 07:55:50.834941287, errs.go:68] Created error: Could not save keypair
[DEBUG Aug  2 07:55:50.835197409, errs.go:68] Created error: Build responded with error
[DEBUG Aug  2 07:55:50.835239641, errs.go:68] Created error: Unknown build type
[DEBUG Aug  2 07:55:50.835381671, errors.go:86] Wrapped localized error: <nil> -- with: The installed version of the State Tool Service does not match that of the client.
Please stop the service with [ACTIONABLE]state-svc stop[/RESET] and try your command again.
If this issue persists please reinstall the State Tool.

[DEBUG Aug  2 07:55:50.835399860, errs.go:68] Created error: no data
[DEBUG Aug  2 07:55:50.835435436, errs.go:68] Created error: member not found
[DEBUG Aug  2 07:55:50.835465729, errs.go:68] Created error: Commit count is unknowable
[DEBUG Aug  2 07:55:50.835499151, errs.go:68] Created error: No merge required
[DEBUG Aug  2 07:55:50.835529380, errs.go:68] Created error: Can't merge commit thats already in target commits history
[DEBUG Aug  2 07:55:50.835570330, errs.go:68] Created error: Bad expander name
[DEBUG Aug  2 07:55:50.835598305, errs.go:68] Created error: Expander has no handler
[DEBUG Aug  2 07:55:50.836746611, errs.go:68] Created error: Service is already running
[DEBUG Aug  2 07:55:50.905825544, secrets.go:35] Gcloud Secretmanager failed to initialize (ignore if you're not trying to use gcloud): google: could not find default credentials. See https://developers.google.com/accounts/docs/application-default-credentials for more information.
[DEBUG Aug  2 07:55:50.908917955, output.go:53] Requested outputer for 
[DEBUG Aug  2 07:55:50.908940834, output.go:58] Using Plain outputer
[DEBUG Aug  2 07:55:50.909037723, termutils.go:17] Cannot get terminal size: inappropriate ioctl for device
[DEBUG Aug  2 07:55:50.909126135, client.go:128] Reporting event to 2 reporters: run-command, state-svc start, 
[DEBUG Aug  2 07:55:50.909195665, main.go:107] Running CmdStart
[DEBUG Aug  2 07:55:50.917075250, errs.go:75] Wrapped error: Service is already running -- with: valueF failed
[DEBUG Aug  2 07:55:50.917129285, errs.go:75] Wrapped error: valueF failed -- with: Could not store pid
[DEBUG Aug  2 07:55:50.917212125, errors.go:113] Wrapped input error: Could not store pid -- with: A State Service instance is already running in the background.
[DEBUG Aug  2 07:55:50.917226392, errs.go:75] Wrapped error: A State Service instance is already running in the background. -- with: Could not start serviceManager
[DEBUG Aug  2 07:55:50.917302765, client.go:128] Reporting event to 2 reporters: command-exit, state-svc start, 1
[DEBUG Aug  2 07:55:51.265275438, errs.go:75] Wrapped error: <nil> -- with: Could not start serviceManager: A State Service instance is already running in the background.: Could not store pid: valueF failed: Service is already running
[DEBUG Aug  2 07:55:51.265342329, main.go:61] state-svc errored out due to input: Could not start serviceManager: A State Service instance is already running in the background.: Could not store pid: valueF failed: Service is already running
