[DEBUG Aug  2 08:02:36.316577668, defaults.go:273] Args: [/home1/wangfeim/.local/ActiveState/StateTool/release/bin/state-svc start]
[DEBUG Aug  2 08:02:36.330317938, locale.go:38] Init
[DEBUG Aug  2 08:02:36.411282041, errs.go:68] Created error: File could not be found
[DEBUG Aug  2 08:02:36.414400552, errs.go:68] Created error: Not Recognized
[DEBUG Aug  2 08:02:36.434925693, errs.go:68] Created error: Secret not found
[DEBUG Aug  2 08:02:36.434970689, errs.go:68] Created error: Could not save keypair
[DEBUG Aug  2 08:02:36.435608766, errs.go:68] Created error: Build responded with error
[DEBUG Aug  2 08:02:36.435737321, errs.go:68] Created error: Unknown build type
[DEBUG Aug  2 08:02:36.436482415, errors.go:86] Wrapped localized error: <nil> -- with: The installed version of the State Tool Service does not match that of the client.
Please stop the service with [ACTIONABLE]state-svc stop[/RESET] and try your command again.
If this issue persists please reinstall the State Tool.

[DEBUG Aug  2 08:02:36.436697982, errs.go:68] Created error: no data
[DEBUG Aug  2 08:02:36.439620925, errs.go:68] Created error: member not found
[DEBUG Aug  2 08:02:36.439811107, errs.go:68] Created error: Commit count is unknowable
[DEBUG Aug  2 08:02:36.440010408, errs.go:68] Created error: No merge required
[DEBUG Aug  2 08:02:36.440042975, errs.go:68] Created error: Can't merge commit thats already in target commits history
[DEBUG Aug  2 08:02:36.440071380, errs.go:68] Created error: Bad expander name
[DEBUG Aug  2 08:02:36.440096349, errs.go:68] Created error: Expander has no handler
[DEBUG Aug  2 08:02:36.441171289, errs.go:68] Created error: Service is already running
[DEBUG Aug  2 08:02:36.506838917, secrets.go:35] Gcloud Secretmanager failed to initialize (ignore if you're not trying to use gcloud): google: could not find default credentials. See https://developers.google.com/accounts/docs/application-default-credentials for more information.
[DEBUG Aug  2 08:02:36.510361443, output.go:53] Requested outputer for 
[DEBUG Aug  2 08:02:36.510386908, output.go:58] Using Plain outputer
[DEBUG Aug  2 08:02:36.510460118, termutils.go:17] Cannot get terminal size: inappropriate ioctl for device
[DEBUG Aug  2 08:02:36.510552799, client.go:128] Reporting event to 2 reporters: run-command, state-svc start, 
[DEBUG Aug  2 08:02:36.510640568, main.go:107] Running CmdStart
[DEBUG Aug  2 08:02:36.517042038, errs.go:75] Wrapped error: Service is already running -- with: valueF failed
[DEBUG Aug  2 08:02:36.517105579, errs.go:75] Wrapped error: valueF failed -- with: Could not store pid
[DEBUG Aug  2 08:02:36.517178339, errors.go:113] Wrapped input error: Could not store pid -- with: A State Service instance is already running in the background.
[DEBUG Aug  2 08:02:36.517193171, errs.go:75] Wrapped error: A State Service instance is already running in the background. -- with: Could not start serviceManager
[DEBUG Aug  2 08:02:36.517264874, client.go:128] Reporting event to 2 reporters: command-exit, state-svc start, 1
[DEBUG Aug  2 08:02:36.895135902, errs.go:75] Wrapped error: <nil> -- with: Could not start serviceManager: A State Service instance is already running in the background.: Could not store pid: valueF failed: Service is already running
[DEBUG Aug  2 08:02:36.895205065, main.go:61] state-svc errored out due to input: Could not start serviceManager: A State Service instance is already running in the background.: Could not store pid: valueF failed: Service is already running
