[DEBUG Aug  2 07:49:17.525929568, defaults.go:273] Args: [/home1/wangfeim/.local/ActiveState/StateTool/release/bin/state-svc start]
[DEBUG Aug  2 07:49:17.539303590, locale.go:38] Init
[DEBUG Aug  2 07:49:17.597995373, errs.go:68] Created error: File could not be found
[DEBUG Aug  2 07:49:17.601159262, errs.go:68] Created error: Not Recognized
[DEBUG Aug  2 07:49:17.620962744, errs.go:68] Created error: Secret not found
[DEBUG Aug  2 07:49:17.621020138, errs.go:68] Created error: Could not save keypair
[DEBUG Aug  2 07:49:17.621209599, errs.go:68] Created error: Build responded with error
[DEBUG Aug  2 07:49:17.621247551, errs.go:68] Created error: Unknown build type
[DEBUG Aug  2 07:49:17.621363012, errors.go:86] Wrapped localized error: <nil> -- with: The installed version of the State Tool Service does not match that of the client.
Please stop the service with [ACTIONABLE]state-svc stop[/RESET] and try your command again.
If this issue persists please reinstall the State Tool.

[DEBUG Aug  2 07:49:17.621378214, errs.go:68] Created error: no data
[DEBUG Aug  2 07:49:17.621402468, errs.go:68] Created error: member not found
[DEBUG Aug  2 07:49:17.621427235, errs.go:68] Created error: Commit count is unknowable
[DEBUG Aug  2 07:49:17.621451407, errs.go:68] Created error: No merge required
[DEBUG Aug  2 07:49:17.621476696, errs.go:68] Created error: Can't merge commit thats already in target commits history
[DEBUG Aug  2 07:49:17.621503411, errs.go:68] Created error: Bad expander name
[DEBUG Aug  2 07:49:17.621528721, errs.go:68] Created error: Expander has no handler
[DEBUG Aug  2 07:49:17.622659817, errs.go:68] Created error: Service is already running
[DEBUG Aug  2 07:49:17.649954352, secrets.go:35] Gcloud Secretmanager failed to initialize (ignore if you're not trying to use gcloud): google: could not find default credentials. See https://developers.google.com/accounts/docs/application-default-credentials for more information.
[DEBUG Aug  2 07:49:17.655087469, output.go:53] Requested outputer for 
[DEBUG Aug  2 07:49:17.655107846, output.go:58] Using Plain outputer
[DEBUG Aug  2 07:49:17.655195431, termutils.go:17] Cannot get terminal size: inappropriate ioctl for device
[DEBUG Aug  2 07:49:17.655272056, client.go:128] Reporting event to 2 reporters: run-command, state-svc start, 
[DEBUG Aug  2 07:49:17.655320932, main.go:107] Running CmdStart
[DEBUG Aug  2 07:49:17.661972359, errs.go:75] Wrapped error: Service is already running -- with: valueF failed
[DEBUG Aug  2 07:49:17.662138291, errs.go:75] Wrapped error: valueF failed -- with: Could not store pid
[DEBUG Aug  2 07:49:17.662228973, errors.go:113] Wrapped input error: Could not store pid -- with: A State Service instance is already running in the background.
[DEBUG Aug  2 07:49:17.662244295, errs.go:75] Wrapped error: A State Service instance is already running in the background. -- with: Could not start serviceManager
[DEBUG Aug  2 07:49:17.662337277, client.go:128] Reporting event to 2 reporters: command-exit, state-svc start, 1
[DEBUG Aug  2 07:49:18.002974541, errs.go:75] Wrapped error: <nil> -- with: Could not start serviceManager: A State Service instance is already running in the background.: Could not store pid: valueF failed: Service is already running
[DEBUG Aug  2 07:49:18.003051075, main.go:61] state-svc errored out due to input: Could not start serviceManager: A State Service instance is already running in the background.: Could not store pid: valueF failed: Service is already running
