[DEBUG Aug  2 08:13:21.588477057, defaults.go:273] Args: [/home1/wangfeim/.local/ActiveState/StateTool/release/bin/state-svc start]
[DEBUG Aug  2 08:13:21.602515874, locale.go:38] Init
[DEBUG Aug  2 08:13:21.652228495, errs.go:68] Created error: File could not be found
[DEBUG Aug  2 08:13:21.654917768, errs.go:68] Created error: Not Recognized
[DEBUG Aug  2 08:13:21.701667479, errs.go:68] Created error: Secret not found
[DEBUG Aug  2 08:13:21.701718131, errs.go:68] Created error: Could not save keypair
[DEBUG Aug  2 08:13:21.701911418, errs.go:68] Created error: Build responded with error
[DEBUG Aug  2 08:13:21.701941039, errs.go:68] Created error: Unknown build type
[DEBUG Aug  2 08:13:21.702058034, errors.go:86] Wrapped localized error: <nil> -- with: The installed version of the State Tool Service does not match that of the client.
Please stop the service with [ACTIONABLE]state-svc stop[/RESET] and try your command again.
If this issue persists please reinstall the State Tool.

[DEBUG Aug  2 08:13:21.702073007, errs.go:68] Created error: no data
[DEBUG Aug  2 08:13:21.702097908, errs.go:68] Created error: member not found
[DEBUG Aug  2 08:13:21.702125858, errs.go:68] Created error: Commit count is unknowable
[DEBUG Aug  2 08:13:21.702148835, errs.go:68] Created error: No merge required
[DEBUG Aug  2 08:13:21.702171929, errs.go:68] Created error: Can't merge commit thats already in target commits history
[DEBUG Aug  2 08:13:21.702197021, errs.go:68] Created error: Bad expander name
[DEBUG Aug  2 08:13:21.702218652, errs.go:68] Created error: Expander has no handler
[DEBUG Aug  2 08:13:21.703315934, errs.go:68] Created error: Service is already running
[DEBUG Aug  2 08:13:21.730733508, secrets.go:35] Gcloud Secretmanager failed to initialize (ignore if you're not trying to use gcloud): google: could not find default credentials. See https://developers.google.com/accounts/docs/application-default-credentials for more information.
[DEBUG Aug  2 08:13:21.733845521, output.go:53] Requested outputer for 
[DEBUG Aug  2 08:13:21.733873793, output.go:58] Using Plain outputer
[DEBUG Aug  2 08:13:21.733983421, termutils.go:17] Cannot get terminal size: inappropriate ioctl for device
[DEBUG Aug  2 08:13:21.734092000, client.go:128] Reporting event to 2 reporters: run-command, state-svc start, 
[DEBUG Aug  2 08:13:21.734134842, main.go:107] Running CmdStart
[DEBUG Aug  2 08:13:21.740212293, errs.go:75] Wrapped error: Service is already running -- with: valueF failed
[DEBUG Aug  2 08:13:21.740278144, errs.go:75] Wrapped error: valueF failed -- with: Could not store pid
[DEBUG Aug  2 08:13:21.740355293, errors.go:113] Wrapped input error: Could not store pid -- with: A State Service instance is already running in the background.
[DEBUG Aug  2 08:13:21.740370201, errs.go:75] Wrapped error: A State Service instance is already running in the background. -- with: Could not start serviceManager
[DEBUG Aug  2 08:13:21.740436004, client.go:128] Reporting event to 2 reporters: command-exit, state-svc start, 1
[DEBUG Aug  2 08:13:22.123062893, errs.go:75] Wrapped error: <nil> -- with: Could not start serviceManager: A State Service instance is already running in the background.: Could not store pid: valueF failed: Service is already running
[DEBUG Aug  2 08:13:22.123180299, main.go:61] state-svc errored out due to input: Could not start serviceManager: A State Service instance is already running in the background.: Could not store pid: valueF failed: Service is already running
