[DEBUG Sep 17 11:42:35.343040477, defaults.go:273] Args: [/home1/wangfeim/.local/ActiveState/StateTool/release/bin/state-svc start]
[DEBUG Sep 17 11:42:35.362712332, locale.go:38] Init
[DEBUG Sep 17 11:42:36.244262866, errs.go:68] Created error: File could not be found
[DEBUG Sep 17 11:42:36.247449817, errs.go:68] Created error: Not Recognized
[DEBUG Sep 17 11:42:36.271683175, errs.go:68] Created error: Secret not found
[DEBUG Sep 17 11:42:36.271741945, errs.go:68] Created error: Could not save keypair
[DEBUG Sep 17 11:42:36.271958848, errs.go:68] Created error: Build responded with error
[DEBUG Sep 17 11:42:36.272000154, errs.go:68] Created error: Unknown build type
[DEBUG Sep 17 11:42:36.272120328, errors.go:86] Wrapped localized error: <nil> -- with: The installed version of the State Tool Service does not match that of the client.
Please stop the service with [ACTIONABLE]state-svc stop[/RESET] and try your command again.
If this issue persists please reinstall the State Tool.

[DEBUG Sep 17 11:42:36.272136806, errs.go:68] Created error: no data
[DEBUG Sep 17 11:42:36.272158862, errs.go:68] Created error: member not found
[DEBUG Sep 17 11:42:36.272446358, errs.go:68] Created error: Commit count is unknowable
[DEBUG Sep 17 11:42:36.272491700, errs.go:68] Created error: No merge required
[DEBUG Sep 17 11:42:36.272539068, errs.go:68] Created error: Can't merge commit thats already in target commits history
[DEBUG Sep 17 11:42:36.272573153, errs.go:68] Created error: Bad expander name
[DEBUG Sep 17 11:42:36.272607835, errs.go:68] Created error: Expander has no handler
[DEBUG Sep 17 11:42:36.274232136, errs.go:68] Created error: Service is already running
[DEBUG Sep 17 11:42:36.311122920, secrets.go:35] Gcloud Secretmanager failed to initialize (ignore if you're not trying to use gcloud): google: could not find default credentials. See https://developers.google.com/accounts/docs/application-default-credentials for more information.
[DEBUG Sep 17 11:42:36.314853150, output.go:53] Requested outputer for 
[DEBUG Sep 17 11:42:36.314903857, output.go:58] Using Plain outputer
[DEBUG Sep 17 11:42:36.315017105, termutils.go:17] Cannot get terminal size: inappropriate ioctl for device
[DEBUG Sep 17 11:42:36.315125571, main.go:107] Running CmdStart
[DEBUG Sep 17 11:42:36.317778348, errs.go:75] Wrapped error: Service is already running -- with: valueF failed
[DEBUG Sep 17 11:42:36.317836874, errs.go:75] Wrapped error: valueF failed -- with: Could not store pid
[DEBUG Sep 17 11:42:36.317917825, errors.go:113] Wrapped input error: Could not store pid -- with: A State Service instance is already running in the background.
[DEBUG Sep 17 11:42:36.317932086, errs.go:75] Wrapped error: A State Service instance is already running in the background. -- with: Could not start serviceManager
[DEBUG Sep 17 11:42:36.317986377, client.go:128] Reporting event to 2 reporters: command-exit, state-svc start, 1
[DEBUG Sep 17 11:42:36.318236222, client.go:128] Reporting event to 2 reporters: run-command, state-svc start, 
[DEBUG Sep 17 11:42:36.681942948, errs.go:75] Wrapped error: <nil> -- with: Could not start serviceManager: A State Service instance is already running in the background.: Could not store pid: valueF failed: Service is already running
[DEBUG Sep 17 11:42:36.682019629, main.go:61] state-svc errored out due to input: Could not start serviceManager: A State Service instance is already running in the background.: Could not store pid: valueF failed: Service is already running
