[DEBUG Aug  2 07:42:23.750889637, defaults.go:273] Args: [/home1/wangfeim/.local/ActiveState/StateTool/release/bin/state-svc start]
[DEBUG Aug  2 07:42:23.796883136, locale.go:38] Init
[DEBUG Aug  2 07:42:23.837578955, errs.go:68] Created error: File could not be found
[DEBUG Aug  2 07:42:23.840440317, errs.go:68] Created error: Not Recognized
[DEBUG Aug  2 07:42:23.900178914, errs.go:68] Created error: Secret not found
[DEBUG Aug  2 07:42:23.900247939, errs.go:68] Created error: Could not save keypair
[DEBUG Aug  2 07:42:23.900441711, errs.go:68] Created error: Build responded with error
[DEBUG Aug  2 07:42:23.900478241, errs.go:68] Created error: Unknown build type
[DEBUG Aug  2 07:42:23.900614901, errors.go:86] Wrapped localized error: <nil> -- with: The installed version of the State Tool Service does not match that of the client.
Please stop the service with [ACTIONABLE]state-svc stop[/RESET] and try your command again.
If this issue persists please reinstall the State Tool.

[DEBUG Aug  2 07:42:23.900636414, errs.go:68] Created error: no data
[DEBUG Aug  2 07:42:23.900662168, errs.go:68] Created error: member not found
[DEBUG Aug  2 07:42:23.900686571, errs.go:68] Created error: Commit count is unknowable
[DEBUG Aug  2 07:42:23.900710826, errs.go:68] Created error: No merge required
[DEBUG Aug  2 07:42:23.900735815, errs.go:68] Created error: Can't merge commit thats already in target commits history
[DEBUG Aug  2 07:42:23.900778389, errs.go:68] Created error: Bad expander name
[DEBUG Aug  2 07:42:23.900805918, errs.go:68] Created error: Expander has no handler
[DEBUG Aug  2 07:42:23.902504564, errs.go:68] Created error: Service is already running
[DEBUG Aug  2 07:42:23.928725597, secrets.go:35] Gcloud Secretmanager failed to initialize (ignore if you're not trying to use gcloud): google: could not find default credentials. See https://developers.google.com/accounts/docs/application-default-credentials for more information.
[DEBUG Aug  2 07:42:23.932107984, output.go:53] Requested outputer for 
[DEBUG Aug  2 07:42:23.932142774, output.go:58] Using Plain outputer
[DEBUG Aug  2 07:42:23.932217008, termutils.go:17] Cannot get terminal size: inappropriate ioctl for device
[DEBUG Aug  2 07:42:23.932324875, client.go:128] Reporting event to 2 reporters: run-command, state-svc start, 
[DEBUG Aug  2 07:42:23.932374372, main.go:107] Running CmdStart
[DEBUG Aug  2 07:42:23.938218815, errs.go:75] Wrapped error: Service is already running -- with: valueF failed
[DEBUG Aug  2 07:42:23.938281493, errs.go:75] Wrapped error: valueF failed -- with: Could not store pid
[DEBUG Aug  2 07:42:23.938357449, errors.go:113] Wrapped input error: Could not store pid -- with: A State Service instance is already running in the background.
[DEBUG Aug  2 07:42:23.938372850, errs.go:75] Wrapped error: A State Service instance is already running in the background. -- with: Could not start serviceManager
[DEBUG Aug  2 07:42:23.938482363, client.go:128] Reporting event to 2 reporters: command-exit, state-svc start, 1
[DEBUG Aug  2 07:42:24.300901237, errs.go:75] Wrapped error: <nil> -- with: Could not start serviceManager: A State Service instance is already running in the background.: Could not store pid: valueF failed: Service is already running
[DEBUG Aug  2 07:42:24.300965910, main.go:61] state-svc errored out due to input: Could not start serviceManager: A State Service instance is already running in the background.: Could not store pid: valueF failed: Service is already running
