[DEBUG Sep 17 13:01:13.814886919, defaults.go:273] Args: [/home1/wangfeim/.local/ActiveState/StateTool/release/bin/state-svc foreground]
[DEBUG Sep 17 13:01:13.832477514, locale.go:38] Init
[DEBUG Sep 17 13:01:26.932605625, errs.go:68] Created error: File could not be found
[DEBUG Sep 17 13:01:26.936988770, errs.go:68] Created error: Not Recognized
[DEBUG Sep 17 13:01:26.964841297, errs.go:68] Created error: Secret not found
[DEBUG Sep 17 13:01:26.964897416, errs.go:68] Created error: Could not save keypair
[DEBUG Sep 17 13:01:26.965500613, errs.go:68] Created error: Build responded with error
[DEBUG Sep 17 13:01:26.965634127, errs.go:68] Created error: Unknown build type
[DEBUG Sep 17 13:01:26.965923925, errors.go:86] Wrapped localized error: <nil> -- with: The installed version of the State Tool Service does not match that of the client.
Please stop the service with [ACTIONABLE]state-svc stop[/RESET] and try your command again.
If this issue persists please reinstall the State Tool.

[DEBUG Sep 17 13:01:26.965947440, errs.go:68] Created error: no data
[DEBUG Sep 17 13:01:26.966076167, errs.go:68] Created error: member not found
[DEBUG Sep 17 13:01:26.966167696, errs.go:68] Created error: Commit count is unknowable
[DEBUG Sep 17 13:01:26.966290221, errs.go:68] Created error: No merge required
[DEBUG Sep 17 13:01:26.966540541, errs.go:68] Created error: Can't merge commit thats already in target commits history
[DEBUG Sep 17 13:01:26.966735958, errs.go:68] Created error: Bad expander name
[DEBUG Sep 17 13:01:26.966813130, errs.go:68] Created error: Expander has no handler
[DEBUG Sep 17 13:01:26.970677666, errs.go:68] Created error: Service is already running
[DEBUG Sep 17 13:01:27.020235845, secrets.go:35] Gcloud Secretmanager failed to initialize (ignore if you're not trying to use gcloud): google: could not find default credentials. See https://developers.google.com/accounts/docs/application-default-credentials for more information.
[DEBUG Sep 17 13:01:27.027460632, output.go:53] Requested outputer for 
[DEBUG Sep 17 13:01:27.027526067, output.go:58] Using Plain outputer
[DEBUG Sep 17 13:01:27.027720415, termutils.go:17] Cannot get terminal size: inappropriate ioctl for device
[DEBUG Sep 17 13:01:27.031585556, client.go:128] Reporting event to 2 reporters: run-command, state-svc foreground, 
[DEBUG Sep 17 13:01:27.032061881, main.go:137] Running CmdForeground
[DEBUG Sep 17 13:01:27.032087503, main.go:147] Running in Foreground
[DEBUG Sep 17 13:01:27.032242308, service.go:30] service:Start
[DEBUG Sep 17 13:01:28.036472583, service.go:42] Server starting on port: 40379
[DEBUG Sep 17 13:01:28.036610146, client.go:128] Reporting event to 2 reporters: state-svc, start, 
[DEBUG Sep 17 13:01:28.219206927, resolver.go:57] Version resolver
[DEBUG Sep 17 13:01:28.219450512, client.go:128] Reporting event to 2 reporters: state-svc, endpoint, Version
[DEBUG Sep 17 13:01:28.221009079, resolver.go:121] Analytics event resolver
[DEBUG Sep 17 13:01:28.221249319, client.go:128] Reporting event to 2 reporters: run-command, exec, 
[DEBUG Sep 17 13:01:28.258872794, resolver.go:121] Analytics event resolver
[DEBUG Sep 17 13:01:28.259013625, client.go:128] Reporting event to 2 reporters: runtime, start, 
[DEBUG Sep 17 13:01:28.261188561, resolver.go:121] Analytics event resolver
[DEBUG Sep 17 13:01:28.261323234, client.go:128] Reporting event to 2 reporters: runtime, cache, 
[DEBUG Sep 17 13:01:28.263489143, resolver.go:121] Analytics event resolver
[DEBUG Sep 17 13:01:28.263638920, client.go:128] Reporting event to 2 reporters: runtime, success, 
[DEBUG Sep 17 13:01:28.859604396, resolver.go:57] Version resolver
[DEBUG Sep 17 13:01:28.859805354, client.go:128] Reporting event to 2 reporters: state-svc, endpoint, Version
[DEBUG Sep 17 13:01:28.861809611, resolver.go:121] Analytics event resolver
[DEBUG Sep 17 13:01:28.862000206, client.go:128] Reporting event to 2 reporters: run-command, exec, 
[DEBUG Sep 17 13:01:29.010269967, resolver.go:121] Analytics event resolver
[DEBUG Sep 17 13:01:29.010452658, client.go:128] Reporting event to 2 reporters: runtime, start, 
[DEBUG Sep 17 13:01:29.010779100, resolver.go:121] Analytics event resolver
[DEBUG Sep 17 13:01:29.010933440, client.go:128] Reporting event to 2 reporters: runtime, success, 
[DEBUG Sep 17 13:01:29.011154135, resolver.go:121] Analytics event resolver
[DEBUG Sep 17 13:01:29.011337491, client.go:128] Reporting event to 2 reporters: runtime, cache, 
[DEBUG Sep 17 13:02:27.046663978, watcher.go:72] Checking for runtime processes
[DEBUG Sep 17 13:03:27.046354364, watcher.go:72] Checking for runtime processes
[DEBUG Sep 17 13:04:27.046389040, watcher.go:72] Checking for runtime processes
[DEBUG Sep 17 13:05:27.046530991, watcher.go:72] Checking for runtime processes
[DEBUG Sep 17 13:06:27.046329481, watcher.go:72] Checking for runtime processes
[DEBUG Sep 17 13:07:27.046927333, watcher.go:72] Checking for runtime processes
[DEBUG Sep 17 13:08:27.046555210, watcher.go:72] Checking for runtime processes
[DEBUG Sep 17 13:09:27.046487347, watcher.go:72] Checking for runtime processes
[DEBUG Sep 17 13:10:27.046295779, watcher.go:72] Checking for runtime processes
[DEBUG Sep 17 13:11:27.046444711, watcher.go:72] Checking for runtime processes
[DEBUG Sep 17 13:12:27.046435294, watcher.go:72] Checking for runtime processes
[DEBUG Sep 17 13:13:27.046650161, watcher.go:72] Checking for runtime processes
[DEBUG Sep 17 13:14:27.045963317, watcher.go:72] Checking for runtime processes
[DEBUG Sep 17 13:15:27.046890438, watcher.go:72] Checking for runtime processes
[DEBUG Sep 17 13:16:27.046166363, watcher.go:72] Checking for runtime processes
[DEBUG Sep 17 13:17:27.046597909, watcher.go:72] Checking for runtime processes
[DEBUG Sep 17 13:18:27.046429871, watcher.go:72] Checking for runtime processes
[DEBUG Sep 17 13:19:27.046482789, watcher.go:72] Checking for runtime processes
[DEBUG Sep 17 13:20:27.046820941, watcher.go:72] Checking for runtime processes
[DEBUG Sep 17 13:21:27.046786689, watcher.go:72] Checking for runtime processes
[DEBUG Sep 17 13:22:27.046651241, watcher.go:72] Checking for runtime processes
[DEBUG Sep 17 13:23:27.046494852, watcher.go:72] Checking for runtime processes
[DEBUG Sep 17 13:24:27.046370233, watcher.go:72] Checking for runtime processes
[DEBUG Sep 17 13:25:27.046522007, watcher.go:72] Checking for runtime processes
[DEBUG Sep 17 13:26:27.046623679, watcher.go:72] Checking for runtime processes
[DEBUG Sep 17 13:27:27.046328397, watcher.go:72] Checking for runtime processes
[DEBUG Sep 17 13:28:27.046482140, watcher.go:72] Checking for runtime processes
[DEBUG Sep 17 13:29:27.046337379, watcher.go:72] Checking for runtime processes
[DEBUG Sep 17 13:30:27.046553068, watcher.go:72] Checking for runtime processes
[DEBUG Sep 17 13:31:27.045959393, watcher.go:72] Checking for runtime processes
[DEBUG Sep 17 13:32:27.046713371, watcher.go:72] Checking for runtime processes
[DEBUG Sep 17 13:33:27.046618537, watcher.go:72] Checking for runtime processes
[DEBUG Sep 17 13:34:27.046341437, watcher.go:72] Checking for runtime processes
[DEBUG Sep 17 13:35:27.046631443, watcher.go:72] Checking for runtime processes
[DEBUG Sep 17 13:36:27.046439190, watcher.go:72] Checking for runtime processes
[DEBUG Sep 17 13:37:27.046633321, watcher.go:72] Checking for runtime processes
[DEBUG Sep 17 13:38:27.046922766, watcher.go:72] Checking for runtime processes
[DEBUG Sep 17 13:39:27.046323169, watcher.go:72] Checking for runtime processes
[DEBUG Sep 17 13:40:27.046950568, watcher.go:72] Checking for runtime processes
[DEBUG Sep 17 13:41:27.046330275, watcher.go:72] Checking for runtime processes
[DEBUG Sep 17 13:42:27.046402531, watcher.go:72] Checking for runtime processes
[DEBUG Sep 17 13:43:27.046425245, watcher.go:72] Checking for runtime processes
[DEBUG Sep 17 13:44:27.046207955, watcher.go:72] Checking for runtime processes
[DEBUG Sep 17 13:45:27.046875832, watcher.go:72] Checking for runtime processes
[DEBUG Sep 17 13:46:27.046345618, watcher.go:72] Checking for runtime processes
[DEBUG Sep 17 13:47:27.046667239, watcher.go:72] Checking for runtime processes
[DEBUG Sep 17 13:48:27.046417673, watcher.go:72] Checking for runtime processes
[DEBUG Sep 17 13:49:27.046306095, watcher.go:72] Checking for runtime processes
[DEBUG Sep 17 13:50:27.046483122, watcher.go:72] Checking for runtime processes
[DEBUG Sep 17 13:51:27.046325064, watcher.go:72] Checking for runtime processes
[DEBUG Sep 17 13:52:27.046391442, watcher.go:72] Checking for runtime processes
[DEBUG Sep 17 13:53:27.046571358, watcher.go:72] Checking for runtime processes
[DEBUG Sep 17 13:54:27.046829898, watcher.go:72] Checking for runtime processes
[DEBUG Sep 17 13:55:27.046337441, watcher.go:72] Checking for runtime processes
[DEBUG Sep 17 13:56:27.046576367, watcher.go:72] Checking for runtime processes
[DEBUG Sep 17 13:57:27.046328470, watcher.go:72] Checking for runtime processes
[DEBUG Sep 17 13:58:27.046724245, watcher.go:72] Checking for runtime processes
[DEBUG Sep 17 13:59:27.045963177, watcher.go:72] Checking for runtime processes
[DEBUG Sep 17 14:00:27.046647291, watcher.go:72] Checking for runtime processes
[DEBUG Sep 17 14:01:27.045910954, watcher.go:72] Checking for runtime processes
[DEBUG Sep 17 14:02:27.046713450, watcher.go:72] Checking for runtime processes
[DEBUG Sep 17 14:03:27.046298579, watcher.go:72] Checking for runtime processes
[DEBUG Sep 17 14:04:27.046748269, watcher.go:72] Checking for runtime processes
[DEBUG Sep 17 14:05:27.046591750, watcher.go:72] Checking for runtime processes
[DEBUG Sep 17 14:06:27.046510408, watcher.go:72] Checking for runtime processes
[DEBUG Sep 17 14:07:27.046294169, watcher.go:72] Checking for runtime processes
[DEBUG Sep 17 14:08:27.046451266, watcher.go:72] Checking for runtime processes
[DEBUG Sep 17 14:09:27.046580400, watcher.go:72] Checking for runtime processes
[DEBUG Sep 17 14:10:27.046892447, watcher.go:72] Checking for runtime processes
[DEBUG Sep 17 14:11:27.046446847, watcher.go:72] Checking for runtime processes
[DEBUG Sep 17 14:12:27.046376639, watcher.go:72] Checking for runtime processes
[DEBUG Sep 17 14:13:27.046291174, watcher.go:72] Checking for runtime processes
[DEBUG Sep 17 14:14:27.046007912, watcher.go:72] Checking for runtime processes
[DEBUG Sep 17 14:15:27.046624293, watcher.go:72] Checking for runtime processes
[DEBUG Sep 17 14:16:27.045956575, watcher.go:72] Checking for runtime processes
[DEBUG Sep 17 14:17:27.046422094, watcher.go:72] Checking for runtime processes
[DEBUG Sep 17 14:18:27.046310406, watcher.go:72] Checking for runtime processes
[DEBUG Sep 17 14:19:27.046633457, watcher.go:72] Checking for runtime processes
[DEBUG Sep 17 14:20:27.046405278, watcher.go:72] Checking for runtime processes
[DEBUG Sep 17 14:21:27.046863022, watcher.go:72] Checking for runtime processes
[DEBUG Sep 17 14:22:27.046573905, watcher.go:72] Checking for runtime processes
[DEBUG Sep 17 14:23:27.046315275, watcher.go:72] Checking for runtime processes
[DEBUG Sep 17 14:24:27.046643331, watcher.go:72] Checking for runtime processes
[DEBUG Sep 17 14:25:27.046727389, watcher.go:72] Checking for runtime processes
[DEBUG Sep 17 14:26:27.046759924, watcher.go:72] Checking for runtime processes
[DEBUG Sep 17 14:27:27.046603361, watcher.go:72] Checking for runtime processes
[DEBUG Sep 17 14:28:27.046618632, watcher.go:72] Checking for runtime processes
[DEBUG Sep 17 14:29:27.045984364, watcher.go:72] Checking for runtime processes
[DEBUG Sep 17 14:30:27.046351720, watcher.go:72] Checking for runtime processes
[DEBUG Sep 17 14:31:27.046016848, watcher.go:72] Checking for runtime processes
[DEBUG Sep 17 14:32:27.046467866, watcher.go:72] Checking for runtime processes
[DEBUG Sep 17 14:33:27.046711241, watcher.go:72] Checking for runtime processes
[DEBUG Sep 17 14:34:27.046748445, watcher.go:72] Checking for runtime processes
[DEBUG Sep 17 14:35:27.046599285, watcher.go:72] Checking for runtime processes
[DEBUG Sep 17 14:36:27.046770619, watcher.go:72] Checking for runtime processes
[DEBUG Sep 17 14:37:27.046533067, watcher.go:72] Checking for runtime processes
[DEBUG Sep 17 14:38:27.046309399, watcher.go:72] Checking for runtime processes
[DEBUG Sep 17 14:39:27.046327583, watcher.go:72] Checking for runtime processes
[DEBUG Sep 17 14:40:27.046552058, watcher.go:72] Checking for runtime processes
[DEBUG Sep 17 14:41:27.046594988, watcher.go:72] Checking for runtime processes
[DEBUG Sep 17 14:42:27.046469964, watcher.go:72] Checking for runtime processes
[DEBUG Sep 17 14:43:27.046944914, watcher.go:72] Checking for runtime processes
[DEBUG Sep 17 14:44:27.045970600, watcher.go:72] Checking for runtime processes
[DEBUG Sep 17 14:45:27.046334247, watcher.go:72] Checking for runtime processes
[DEBUG Sep 17 14:46:27.045988672, watcher.go:72] Checking for runtime processes
[DEBUG Sep 17 14:47:27.046476358, watcher.go:72] Checking for runtime processes
[DEBUG Sep 17 14:48:27.046363891, watcher.go:72] Checking for runtime processes
[DEBUG Sep 17 14:49:27.046384850, watcher.go:72] Checking for runtime processes
[DEBUG Sep 17 14:50:27.046333588, watcher.go:72] Checking for runtime processes
[DEBUG Sep 17 14:51:27.046538193, watcher.go:72] Checking for runtime processes
[DEBUG Sep 17 14:52:27.046895165, watcher.go:72] Checking for runtime processes
[DEBUG Sep 17 14:53:27.046539198, watcher.go:72] Checking for runtime processes
[DEBUG Sep 17 14:54:27.046471604, watcher.go:72] Checking for runtime processes
[DEBUG Sep 17 14:55:27.046528641, watcher.go:72] Checking for runtime processes
[DEBUG Sep 17 14:56:27.046673167, watcher.go:72] Checking for runtime processes
[DEBUG Sep 17 14:57:27.046313172, watcher.go:72] Checking for runtime processes
[DEBUG Sep 17 14:58:27.046485654, watcher.go:72] Checking for runtime processes
[DEBUG Sep 17 14:59:27.046365398, watcher.go:72] Checking for runtime processes
[DEBUG Sep 17 15:00:27.046465438, watcher.go:72] Checking for runtime processes
[DEBUG Sep 17 15:01:27.045911063, watcher.go:72] Checking for runtime processes
[DEBUG Sep 17 15:02:27.046548031, watcher.go:72] Checking for runtime processes
[DEBUG Sep 17 15:03:27.046565250, watcher.go:72] Checking for runtime processes
[DEBUG Sep 17 15:04:27.046317301, watcher.go:72] Checking for runtime processes
[DEBUG Sep 17 15:05:27.046292122, watcher.go:72] Checking for runtime processes
[DEBUG Sep 17 15:06:27.046437896, watcher.go:72] Checking for runtime processes
[DEBUG Sep 17 15:07:27.046515610, watcher.go:72] Checking for runtime processes
[DEBUG Sep 17 15:08:27.046570830, watcher.go:72] Checking for runtime processes
[DEBUG Sep 17 15:09:27.046580111, watcher.go:72] Checking for runtime processes
[DEBUG Sep 17 15:10:27.046732287, watcher.go:72] Checking for runtime processes
[DEBUG Sep 17 15:11:27.046827774, watcher.go:72] Checking for runtime processes
[DEBUG Sep 17 15:12:27.046579454, watcher.go:72] Checking for runtime processes
[DEBUG Sep 17 15:13:27.046362766, watcher.go:72] Checking for runtime processes
[DEBUG Sep 17 15:14:27.045962925, watcher.go:72] Checking for runtime processes
[DEBUG Sep 17 15:15:27.046394088, watcher.go:72] Checking for runtime processes
[DEBUG Sep 17 15:16:27.045958025, watcher.go:72] Checking for runtime processes
[DEBUG Sep 17 15:17:27.046358586, watcher.go:72] Checking for runtime processes
[DEBUG Sep 17 15:18:27.046765421, watcher.go:72] Checking for runtime processes
[DEBUG Sep 17 15:19:27.046771917, watcher.go:72] Checking for runtime processes
[DEBUG Sep 17 15:20:27.046490048, watcher.go:72] Checking for runtime processes
[DEBUG Sep 17 15:21:27.046547030, watcher.go:72] Checking for runtime processes
[DEBUG Sep 17 15:22:27.046518131, watcher.go:72] Checking for runtime processes
[DEBUG Sep 17 15:23:27.046429713, watcher.go:72] Checking for runtime processes
[DEBUG Sep 17 15:24:27.046670880, watcher.go:72] Checking for runtime processes
[DEBUG Sep 17 15:25:27.046651748, watcher.go:72] Checking for runtime processes
[DEBUG Sep 17 15:26:27.046516955, watcher.go:72] Checking for runtime processes
[DEBUG Sep 17 15:27:27.046462765, watcher.go:72] Checking for runtime processes
[DEBUG Sep 17 15:28:27.046649274, watcher.go:72] Checking for runtime processes
[DEBUG Sep 17 15:29:27.046408386, watcher.go:72] Checking for runtime processes
[DEBUG Sep 17 15:30:27.046706154, watcher.go:72] Checking for runtime processes
[DEBUG Sep 17 15:31:27.045959906, watcher.go:72] Checking for runtime processes
[DEBUG Sep 17 15:32:27.046522825, watcher.go:72] Checking for runtime processes
[DEBUG Sep 17 15:33:27.046398832, watcher.go:72] Checking for runtime processes
[DEBUG Sep 17 15:34:27.046362434, watcher.go:72] Checking for runtime processes
[DEBUG Sep 17 15:35:03.374070029, resolver.go:121] Analytics event resolver
[DEBUG Sep 17 15:35:03.374529286, client.go:128] Reporting event to 2 reporters: command-exit, exec, 0
[DEBUG Sep 17 15:35:27.046361762, watcher.go:72] Checking for runtime processes
[DEBUG Sep 17 15:36:27.046614994, watcher.go:72] Checking for runtime processes
[DEBUG Sep 17 15:37:27.046493328, watcher.go:72] Checking for runtime processes
[DEBUG Sep 17 15:38:27.046711154, watcher.go:72] Checking for runtime processes
[DEBUG Sep 17 15:39:27.046366077, watcher.go:72] Checking for runtime processes
[DEBUG Sep 17 15:40:27.046299882, watcher.go:72] Checking for runtime processes
[DEBUG Sep 17 15:41:27.046410316, watcher.go:72] Checking for runtime processes
[DEBUG Sep 17 15:42:27.046644101, watcher.go:72] Checking for runtime processes
[DEBUG Sep 17 15:43:27.046386892, watcher.go:72] Checking for runtime processes
[DEBUG Sep 17 15:44:27.045961359, watcher.go:72] Checking for runtime processes
[DEBUG Sep 17 15:45:27.046600487, watcher.go:72] Checking for runtime processes
[DEBUG Sep 17 15:46:27.045958915, watcher.go:72] Checking for runtime processes
[DEBUG Sep 17 15:46:58.391483768, resolver.go:121] Analytics event resolver
[DEBUG Sep 17 15:46:58.391748740, client.go:128] Reporting event to 2 reporters: command-exit, exec, 0
[DEBUG Sep 17 15:47:27.046530073, watcher.go:72] Checking for runtime processes
[DEBUG Sep 17 15:48:27.046329550, watcher.go:72] Checking for runtime processes
[DEBUG Sep 17 15:49:27.046355366, watcher.go:72] Checking for runtime processes
[DEBUG Sep 17 15:50:27.046308788, watcher.go:72] Checking for runtime processes
[DEBUG Sep 17 15:51:27.046302369, watcher.go:72] Checking for runtime processes
[DEBUG Sep 17 15:52:27.046305979, watcher.go:72] Checking for runtime processes
[DEBUG Sep 17 15:53:27.046300239, watcher.go:72] Checking for runtime processes
[DEBUG Sep 17 15:54:27.046296847, watcher.go:72] Checking for runtime processes
[DEBUG Sep 17 15:55:27.046306051, watcher.go:72] Checking for runtime processes
[DEBUG Sep 17 15:56:27.046307848, watcher.go:72] Checking for runtime processes
[DEBUG Sep 17 15:57:27.046347197, watcher.go:72] Checking for runtime processes
[DEBUG Sep 17 15:58:27.046307166, watcher.go:72] Checking for runtime processes
[DEBUG Sep 17 15:59:27.046286881, watcher.go:72] Checking for runtime processes
[DEBUG Sep 17 16:00:27.046296549, watcher.go:72] Checking for runtime processes
[DEBUG Sep 17 16:01:27.045919322, watcher.go:72] Checking for runtime processes
[DEBUG Sep 17 16:02:27.046301042, watcher.go:72] Checking for runtime processes
[DEBUG Sep 17 16:03:27.045957696, watcher.go:72] Checking for runtime processes
[DEBUG Sep 17 16:04:27.046304256, watcher.go:72] Checking for runtime processes
[DEBUG Sep 17 16:05:27.046302547, watcher.go:72] Checking for runtime processes
[DEBUG Sep 17 16:06:27.046309452, watcher.go:72] Checking for runtime processes
[DEBUG Sep 17 16:07:27.046303514, watcher.go:72] Checking for runtime processes
[DEBUG Sep 17 16:08:27.046310107, watcher.go:72] Checking for runtime processes
[DEBUG Sep 17 16:09:27.046301324, watcher.go:72] Checking for runtime processes
[DEBUG Sep 17 16:10:27.046309223, watcher.go:72] Checking for runtime processes
[DEBUG Sep 17 16:11:27.046339355, watcher.go:72] Checking for runtime processes
[DEBUG Sep 17 16:12:27.046308341, watcher.go:72] Checking for runtime processes
[DEBUG Sep 17 16:13:27.046299708, watcher.go:72] Checking for runtime processes
[DEBUG Sep 17 16:14:27.046294057, watcher.go:72] Checking for runtime processes
[DEBUG Sep 17 16:15:27.046300847, watcher.go:72] Checking for runtime processes
[DEBUG Sep 17 16:16:27.045966348, watcher.go:72] Checking for runtime processes
[DEBUG Sep 17 16:17:27.046308890, watcher.go:72] Checking for runtime processes
[DEBUG Sep 17 16:18:27.045959890, watcher.go:72] Checking for runtime processes
[DEBUG Sep 17 16:19:27.046309864, watcher.go:72] Checking for runtime processes
[DEBUG Sep 17 16:20:27.046306348, watcher.go:72] Checking for runtime processes
[DEBUG Sep 17 16:21:27.046310939, watcher.go:72] Checking for runtime processes
[DEBUG Sep 17 16:22:27.046302456, watcher.go:72] Checking for runtime processes
[DEBUG Sep 17 16:23:27.046307016, watcher.go:72] Checking for runtime processes
[DEBUG Sep 17 16:24:27.046304819, watcher.go:72] Checking for runtime processes
[DEBUG Sep 17 16:25:27.046307506, watcher.go:72] Checking for runtime processes
[DEBUG Sep 17 16:26:27.046296510, watcher.go:72] Checking for runtime processes
[DEBUG Sep 17 16:27:27.046303934, watcher.go:72] Checking for runtime processes
[DEBUG Sep 17 16:28:27.046298646, watcher.go:72] Checking for runtime processes
[DEBUG Sep 17 16:29:27.046286109, watcher.go:72] Checking for runtime processes
[DEBUG Sep 17 16:30:27.046300148, watcher.go:72] Checking for runtime processes
[DEBUG Sep 17 16:31:27.045965419, watcher.go:72] Checking for runtime processes
[DEBUG Sep 17 16:32:27.046305537, watcher.go:72] Checking for runtime processes
[DEBUG Sep 17 16:33:27.045962161, watcher.go:72] Checking for runtime processes
[DEBUG Sep 17 16:34:27.046306716, watcher.go:72] Checking for runtime processes
[DEBUG Sep 17 16:35:27.046344619, watcher.go:72] Checking for runtime processes
[DEBUG Sep 17 16:36:27.046301895, watcher.go:72] Checking for runtime processes
[DEBUG Sep 17 16:37:27.046302799, watcher.go:72] Checking for runtime processes
[DEBUG Sep 17 16:38:27.046309632, watcher.go:72] Checking for runtime processes
[DEBUG Sep 17 16:39:27.046299652, watcher.go:72] Checking for runtime processes
[DEBUG Sep 17 16:40:27.046302478, watcher.go:72] Checking for runtime processes
[DEBUG Sep 17 16:41:27.046308068, watcher.go:72] Checking for runtime processes
[DEBUG Sep 17 16:42:27.046311684, watcher.go:72] Checking for runtime processes
[DEBUG Sep 17 16:43:27.046301384, watcher.go:72] Checking for runtime processes
[DEBUG Sep 17 16:44:27.046289691, watcher.go:72] Checking for runtime processes
[DEBUG Sep 17 16:45:27.046308845, watcher.go:72] Checking for runtime processes
[DEBUG Sep 17 16:46:27.045965255, watcher.go:72] Checking for runtime processes
[DEBUG Sep 17 16:47:27.046306534, watcher.go:72] Checking for runtime processes
[DEBUG Sep 17 16:48:27.045961109, watcher.go:72] Checking for runtime processes
[DEBUG Sep 17 16:49:27.046313141, watcher.go:72] Checking for runtime processes
[DEBUG Sep 17 16:50:27.046300913, watcher.go:72] Checking for runtime processes
[DEBUG Sep 17 16:51:27.046303996, watcher.go:72] Checking for runtime processes
[DEBUG Sep 17 16:52:27.046304739, watcher.go:72] Checking for runtime processes
[DEBUG Sep 17 16:53:27.046302057, watcher.go:72] Checking for runtime processes
[DEBUG Sep 17 16:54:27.046303600, watcher.go:72] Checking for runtime processes
[DEBUG Sep 17 16:55:27.046303171, watcher.go:72] Checking for runtime processes
[DEBUG Sep 17 16:56:27.046299575, watcher.go:72] Checking for runtime processes
[DEBUG Sep 17 16:57:27.046319350, watcher.go:72] Checking for runtime processes
[DEBUG Sep 17 16:58:27.046305079, watcher.go:72] Checking for runtime processes
[DEBUG Sep 17 16:59:27.046292099, watcher.go:72] Checking for runtime processes
[DEBUG Sep 17 17:00:27.046306477, watcher.go:72] Checking for runtime processes
[DEBUG Sep 17 17:01:27.045918717, watcher.go:72] Checking for runtime processes
[DEBUG Sep 17 17:02:27.046307661, watcher.go:72] Checking for runtime processes
[DEBUG Sep 17 17:03:27.045957371, watcher.go:72] Checking for runtime processes
[DEBUG Sep 17 17:04:27.046311682, watcher.go:72] Checking for runtime processes
[DEBUG Sep 17 17:05:27.046297826, watcher.go:72] Checking for runtime processes
[DEBUG Sep 17 17:06:27.046303282, watcher.go:72] Checking for runtime processes
[DEBUG Sep 17 17:07:27.046305006, watcher.go:72] Checking for runtime processes
[DEBUG Sep 17 17:08:27.046312238, watcher.go:72] Checking for runtime processes
[DEBUG Sep 17 17:09:27.046305697, watcher.go:72] Checking for runtime processes
[DEBUG Sep 17 17:10:27.046306291, watcher.go:72] Checking for runtime processes
[DEBUG Sep 17 17:11:27.046302434, watcher.go:72] Checking for runtime processes
[DEBUG Sep 17 17:12:27.046311934, watcher.go:72] Checking for runtime processes
[DEBUG Sep 17 17:13:27.046307095, watcher.go:72] Checking for runtime processes
[DEBUG Sep 17 17:14:27.046282972, watcher.go:72] Checking for runtime processes
[DEBUG Sep 17 17:15:27.046302455, watcher.go:72] Checking for runtime processes
[DEBUG Sep 17 17:16:27.045964978, watcher.go:72] Checking for runtime processes
[DEBUG Sep 17 17:17:27.046307394, watcher.go:72] Checking for runtime processes
[DEBUG Sep 17 17:18:27.045959281, watcher.go:72] Checking for runtime processes
[DEBUG Sep 17 17:19:27.046306241, watcher.go:72] Checking for runtime processes
[DEBUG Sep 17 17:20:27.046299516, watcher.go:72] Checking for runtime processes
[DEBUG Sep 17 17:21:27.046308036, watcher.go:72] Checking for runtime processes
[DEBUG Sep 17 17:22:27.046297405, watcher.go:72] Checking for runtime processes
[DEBUG Sep 17 17:23:27.046306868, watcher.go:72] Checking for runtime processes
[DEBUG Sep 17 17:24:27.046306546, watcher.go:72] Checking for runtime processes
[DEBUG Sep 17 17:25:27.046300369, watcher.go:72] Checking for runtime processes
[DEBUG Sep 17 17:26:27.046304483, watcher.go:72] Checking for runtime processes
[DEBUG Sep 17 17:27:27.046311491, watcher.go:72] Checking for runtime processes
[DEBUG Sep 17 17:28:27.046302016, watcher.go:72] Checking for runtime processes
[DEBUG Sep 17 17:29:27.046284189, watcher.go:72] Checking for runtime processes
[DEBUG Sep 17 17:30:27.046304546, watcher.go:72] Checking for runtime processes
[DEBUG Sep 17 17:31:27.045965703, watcher.go:72] Checking for runtime processes
[DEBUG Sep 17 17:32:27.046303588, watcher.go:72] Checking for runtime processes
[DEBUG Sep 17 17:33:27.045962163, watcher.go:72] Checking for runtime processes
[DEBUG Sep 17 17:34:27.046302183, watcher.go:72] Checking for runtime processes
[DEBUG Sep 17 17:35:27.046303390, watcher.go:72] Checking for runtime processes
[DEBUG Sep 17 17:36:27.046306187, watcher.go:72] Checking for runtime processes
[DEBUG Sep 17 17:37:27.046308877, watcher.go:72] Checking for runtime processes
[DEBUG Sep 17 17:38:27.046305360, watcher.go:72] Checking for runtime processes
[DEBUG Sep 17 17:39:27.046295510, watcher.go:72] Checking for runtime processes
[DEBUG Sep 17 17:40:27.046304009, watcher.go:72] Checking for runtime processes
[DEBUG Sep 17 17:41:27.046308459, watcher.go:72] Checking for runtime processes
[DEBUG Sep 17 17:42:27.046306538, watcher.go:72] Checking for runtime processes
[DEBUG Sep 17 17:43:27.046301860, watcher.go:72] Checking for runtime processes
[DEBUG Sep 17 17:44:27.046286700, watcher.go:72] Checking for runtime processes
[DEBUG Sep 17 17:45:27.046304666, watcher.go:72] Checking for runtime processes
[DEBUG Sep 17 17:46:27.045966027, watcher.go:72] Checking for runtime processes
[DEBUG Sep 17 17:47:27.046300496, watcher.go:72] Checking for runtime processes
[DEBUG Sep 17 17:48:27.045960869, watcher.go:72] Checking for runtime processes
[DEBUG Sep 17 17:49:27.046299531, watcher.go:72] Checking for runtime processes
[DEBUG Sep 17 17:50:27.046302129, watcher.go:72] Checking for runtime processes
[DEBUG Sep 17 17:51:27.046303783, watcher.go:72] Checking for runtime processes
[DEBUG Sep 17 17:52:27.046304745, watcher.go:72] Checking for runtime processes
[DEBUG Sep 17 17:53:27.046301390, watcher.go:72] Checking for runtime processes
[DEBUG Sep 17 17:54:27.046320006, watcher.go:72] Checking for runtime processes
[DEBUG Sep 17 17:55:27.046308797, watcher.go:72] Checking for runtime processes
[DEBUG Sep 17 17:56:27.046311932, watcher.go:72] Checking for runtime processes
[DEBUG Sep 17 17:57:27.046307355, watcher.go:72] Checking for runtime processes
[DEBUG Sep 17 17:58:27.046341734, watcher.go:72] Checking for runtime processes
[DEBUG Sep 17 17:59:27.046289926, watcher.go:72] Checking for runtime processes
[DEBUG Sep 17 18:00:27.046301749, watcher.go:72] Checking for runtime processes
[DEBUG Sep 17 18:01:27.045918781, watcher.go:72] Checking for runtime processes
[DEBUG Sep 17 18:02:27.046308135, watcher.go:72] Checking for runtime processes
[DEBUG Sep 17 18:03:27.045961921, watcher.go:72] Checking for runtime processes
[DEBUG Sep 17 18:04:27.046306275, watcher.go:72] Checking for runtime processes
[DEBUG Sep 17 18:05:27.046303726, watcher.go:72] Checking for runtime processes
[DEBUG Sep 17 18:06:27.046308787, watcher.go:72] Checking for runtime processes
[DEBUG Sep 17 18:07:27.046308770, watcher.go:72] Checking for runtime processes
[DEBUG Sep 17 18:08:27.046308547, watcher.go:72] Checking for runtime processes
[DEBUG Sep 17 18:09:27.046305931, watcher.go:72] Checking for runtime processes
[DEBUG Sep 17 18:10:27.046308261, watcher.go:72] Checking for runtime processes
[DEBUG Sep 17 18:11:27.046299584, watcher.go:72] Checking for runtime processes
[DEBUG Sep 17 18:12:27.046303245, watcher.go:72] Checking for runtime processes
[DEBUG Sep 17 18:13:27.046301999, watcher.go:72] Checking for runtime processes
[DEBUG Sep 17 18:14:27.046299921, watcher.go:72] Checking for runtime processes
[DEBUG Sep 17 18:15:27.046299988, watcher.go:72] Checking for runtime processes
[DEBUG Sep 17 18:16:27.045967709, watcher.go:72] Checking for runtime processes
[DEBUG Sep 17 18:17:27.046304247, watcher.go:72] Checking for runtime processes
[DEBUG Sep 17 18:18:27.045957914, watcher.go:72] Checking for runtime processes
[DEBUG Sep 17 18:19:27.046304637, watcher.go:72] Checking for runtime processes
[DEBUG Sep 17 18:20:27.046307038, watcher.go:72] Checking for runtime processes
[DEBUG Sep 17 18:21:27.046311220, watcher.go:72] Checking for runtime processes
[DEBUG Sep 17 18:22:27.046308758, watcher.go:72] Checking for runtime processes
[DEBUG Sep 17 18:23:27.046303582, watcher.go:72] Checking for runtime processes
[DEBUG Sep 17 18:24:27.046313444, watcher.go:72] Checking for runtime processes
[DEBUG Sep 17 18:25:27.046311852, watcher.go:72] Checking for runtime processes
[DEBUG Sep 17 18:26:27.046300470, watcher.go:72] Checking for runtime processes
[DEBUG Sep 17 18:27:27.046310035, watcher.go:72] Checking for runtime processes
[DEBUG Sep 17 18:28:27.046306164, watcher.go:72] Checking for runtime processes
[DEBUG Sep 17 18:29:27.046289426, watcher.go:72] Checking for runtime processes
[DEBUG Sep 17 18:30:27.046302854, watcher.go:72] Checking for runtime processes
[DEBUG Sep 17 18:31:27.045966524, watcher.go:72] Checking for runtime processes
[DEBUG Sep 17 18:32:27.046303175, watcher.go:72] Checking for runtime processes
[DEBUG Sep 17 18:33:27.045962125, watcher.go:72] Checking for runtime processes
[DEBUG Sep 17 18:34:27.046313133, watcher.go:72] Checking for runtime processes
[DEBUG Sep 17 18:35:27.046304321, watcher.go:72] Checking for runtime processes
[DEBUG Sep 17 18:36:27.046311599, watcher.go:72] Checking for runtime processes
[DEBUG Sep 17 18:37:27.046301091, watcher.go:72] Checking for runtime processes
[DEBUG Sep 17 18:38:27.046304465, watcher.go:72] Checking for runtime processes
[DEBUG Sep 17 18:39:27.046301940, watcher.go:72] Checking for runtime processes
[DEBUG Sep 17 18:40:27.046305479, watcher.go:72] Checking for runtime processes
[DEBUG Sep 17 18:41:27.046307378, watcher.go:72] Checking for runtime processes
[DEBUG Sep 17 18:42:27.046300283, watcher.go:72] Checking for runtime processes
[DEBUG Sep 17 18:43:27.046306182, watcher.go:72] Checking for runtime processes
[DEBUG Sep 17 18:44:27.046289478, watcher.go:72] Checking for runtime processes
[DEBUG Sep 17 18:45:27.046304903, watcher.go:72] Checking for runtime processes
[DEBUG Sep 17 18:46:27.045967039, watcher.go:72] Checking for runtime processes
[DEBUG Sep 17 18:47:27.046295862, watcher.go:72] Checking for runtime processes
[DEBUG Sep 17 18:48:27.045959718, watcher.go:72] Checking for runtime processes
[DEBUG Sep 17 18:49:27.046392835, watcher.go:72] Checking for runtime processes
[DEBUG Sep 17 18:50:27.046386249, watcher.go:72] Checking for runtime processes
[DEBUG Sep 17 18:51:27.046420009, watcher.go:72] Checking for runtime processes
[DEBUG Sep 17 18:52:27.046304714, watcher.go:72] Checking for runtime processes
[DEBUG Sep 17 18:53:27.046309939, watcher.go:72] Checking for runtime processes
[DEBUG Sep 17 18:54:27.046305806, watcher.go:72] Checking for runtime processes
[DEBUG Sep 17 18:55:27.046306638, watcher.go:72] Checking for runtime processes
[DEBUG Sep 17 18:56:27.046305245, watcher.go:72] Checking for runtime processes
[DEBUG Sep 17 18:57:27.046338196, watcher.go:72] Checking for runtime processes
[DEBUG Sep 17 18:58:27.046307695, watcher.go:72] Checking for runtime processes
[DEBUG Sep 17 18:59:27.046286505, watcher.go:72] Checking for runtime processes
[DEBUG Sep 17 19:00:27.046300036, watcher.go:72] Checking for runtime processes
[DEBUG Sep 17 19:01:27.045917910, watcher.go:72] Checking for runtime processes
[DEBUG Sep 17 19:02:27.046304175, watcher.go:72] Checking for runtime processes
[DEBUG Sep 17 19:03:27.045987731, watcher.go:72] Checking for runtime processes
[DEBUG Sep 17 19:04:27.046393066, watcher.go:72] Checking for runtime processes
[DEBUG Sep 17 19:05:27.046302948, watcher.go:72] Checking for runtime processes
[DEBUG Sep 17 19:06:27.046310295, watcher.go:72] Checking for runtime processes
[DEBUG Sep 17 19:07:27.046305212, watcher.go:72] Checking for runtime processes
[DEBUG Sep 17 19:08:27.046303442, watcher.go:72] Checking for runtime processes
[DEBUG Sep 17 19:09:27.046299859, watcher.go:72] Checking for runtime processes
[DEBUG Sep 17 19:10:27.046310015, watcher.go:72] Checking for runtime processes
[DEBUG Sep 17 19:11:27.046307670, watcher.go:72] Checking for runtime processes
[DEBUG Sep 17 19:12:27.046307326, watcher.go:72] Checking for runtime processes
[DEBUG Sep 17 19:13:27.046303718, watcher.go:72] Checking for runtime processes
[DEBUG Sep 17 19:14:27.046288242, watcher.go:72] Checking for runtime processes
[DEBUG Sep 17 19:15:27.046387017, watcher.go:72] Checking for runtime processes
[DEBUG Sep 17 19:16:27.045964988, watcher.go:72] Checking for runtime processes
[DEBUG Sep 17 19:17:27.046308698, watcher.go:72] Checking for runtime processes
[DEBUG Sep 17 19:18:27.045960601, watcher.go:72] Checking for runtime processes
[DEBUG Sep 17 19:19:27.046307479, watcher.go:72] Checking for runtime processes
[DEBUG Sep 17 19:20:27.046303934, watcher.go:72] Checking for runtime processes
[DEBUG Sep 17 19:21:27.046311516, watcher.go:72] Checking for runtime processes
[DEBUG Sep 17 19:22:27.046298792, watcher.go:72] Checking for runtime processes
[DEBUG Sep 17 19:23:27.046308690, watcher.go:72] Checking for runtime processes
[DEBUG Sep 17 19:24:27.046306622, watcher.go:72] Checking for runtime processes
[DEBUG Sep 17 19:25:27.046300041, watcher.go:72] Checking for runtime processes
[DEBUG Sep 17 19:26:27.046296957, watcher.go:72] Checking for runtime processes
[DEBUG Sep 17 19:27:27.046307929, watcher.go:72] Checking for runtime processes
[DEBUG Sep 17 19:28:27.046314170, watcher.go:72] Checking for runtime processes
[DEBUG Sep 17 19:29:27.046286408, watcher.go:72] Checking for runtime processes
[DEBUG Sep 17 19:30:27.046308494, watcher.go:72] Checking for runtime processes
[DEBUG Sep 17 19:31:27.045966337, watcher.go:72] Checking for runtime processes
[DEBUG Sep 17 19:32:27.046304836, watcher.go:72] Checking for runtime processes
[DEBUG Sep 17 19:33:27.045961793, watcher.go:72] Checking for runtime processes
[DEBUG Sep 17 19:34:27.046301740, watcher.go:72] Checking for runtime processes
[DEBUG Sep 17 19:35:27.046300178, watcher.go:72] Checking for runtime processes
[DEBUG Sep 17 19:36:27.046307460, watcher.go:72] Checking for runtime processes
[DEBUG Sep 17 19:37:27.046305124, watcher.go:72] Checking for runtime processes
[DEBUG Sep 17 19:38:27.046314834, watcher.go:72] Checking for runtime processes
[DEBUG Sep 17 19:39:27.046299649, watcher.go:72] Checking for runtime processes
[DEBUG Sep 17 19:40:27.046320610, watcher.go:72] Checking for runtime processes
[DEBUG Sep 17 19:41:27.046297591, watcher.go:72] Checking for runtime processes
[DEBUG Sep 17 19:42:27.046309754, watcher.go:72] Checking for runtime processes
[DEBUG Sep 17 19:43:27.046302466, watcher.go:72] Checking for runtime processes
[DEBUG Sep 17 19:44:27.046291008, watcher.go:72] Checking for runtime processes
[DEBUG Sep 17 19:45:27.046301161, watcher.go:72] Checking for runtime processes
[DEBUG Sep 17 19:46:27.045966724, watcher.go:72] Checking for runtime processes
[DEBUG Sep 17 19:47:27.046302225, watcher.go:72] Checking for runtime processes
[DEBUG Sep 17 19:48:27.045960335, watcher.go:72] Checking for runtime processes
[DEBUG Sep 17 19:49:27.046301290, watcher.go:72] Checking for runtime processes
[DEBUG Sep 17 19:50:27.046300887, watcher.go:72] Checking for runtime processes
[DEBUG Sep 17 19:51:27.046306639, watcher.go:72] Checking for runtime processes
[DEBUG Sep 17 19:52:27.046301020, watcher.go:72] Checking for runtime processes
[DEBUG Sep 17 19:53:27.046308031, watcher.go:72] Checking for runtime processes
[DEBUG Sep 17 19:54:27.046303323, watcher.go:72] Checking for runtime processes
[DEBUG Sep 17 19:55:27.046310303, watcher.go:72] Checking for runtime processes
[DEBUG Sep 17 19:56:27.046295522, watcher.go:72] Checking for runtime processes
[DEBUG Sep 17 19:57:27.046304165, watcher.go:72] Checking for runtime processes
[DEBUG Sep 17 19:58:27.046302283, watcher.go:72] Checking for runtime processes
[DEBUG Sep 17 19:59:27.046286156, watcher.go:72] Checking for runtime processes
[DEBUG Sep 17 20:00:27.046311695, watcher.go:72] Checking for runtime processes
[DEBUG Sep 17 20:01:27.045919123, watcher.go:72] Checking for runtime processes
[DEBUG Sep 17 20:02:27.046388682, watcher.go:72] Checking for runtime processes
[DEBUG Sep 17 20:03:27.045962461, watcher.go:72] Checking for runtime processes
[DEBUG Sep 17 20:04:27.046311850, watcher.go:72] Checking for runtime processes
[DEBUG Sep 17 20:05:27.046302297, watcher.go:72] Checking for runtime processes
[DEBUG Sep 17 20:06:27.046310904, watcher.go:72] Checking for runtime processes
[DEBUG Sep 17 20:07:27.046308326, watcher.go:72] Checking for runtime processes
[DEBUG Sep 17 20:08:27.046311602, watcher.go:72] Checking for runtime processes
[DEBUG Sep 17 20:09:27.046305361, watcher.go:72] Checking for runtime processes
[DEBUG Sep 17 20:10:27.046308511, watcher.go:72] Checking for runtime processes
[DEBUG Sep 17 20:11:27.046305510, watcher.go:72] Checking for runtime processes
[DEBUG Sep 17 20:12:27.046306150, watcher.go:72] Checking for runtime processes
[DEBUG Sep 17 20:13:27.046309125, watcher.go:72] Checking for runtime processes
[DEBUG Sep 17 20:14:27.046285679, watcher.go:72] Checking for runtime processes
[DEBUG Sep 17 20:15:27.046307788, watcher.go:72] Checking for runtime processes
[DEBUG Sep 17 20:16:27.045965987, watcher.go:72] Checking for runtime processes
[DEBUG Sep 17 20:17:27.046306681, watcher.go:72] Checking for runtime processes
[DEBUG Sep 17 20:18:27.045959096, watcher.go:72] Checking for runtime processes
[DEBUG Sep 17 20:19:27.046310866, watcher.go:72] Checking for runtime processes
[DEBUG Sep 17 20:20:27.046300484, watcher.go:72] Checking for runtime processes
[DEBUG Sep 17 20:21:27.046306788, watcher.go:72] Checking for runtime processes
[DEBUG Sep 17 20:22:27.046301181, watcher.go:72] Checking for runtime processes
[DEBUG Sep 17 20:23:27.046307532, watcher.go:72] Checking for runtime processes
[DEBUG Sep 17 20:24:27.046296889, watcher.go:72] Checking for runtime processes
[DEBUG Sep 17 20:25:27.046306043, watcher.go:72] Checking for runtime processes
[DEBUG Sep 17 20:26:27.046356040, watcher.go:72] Checking for runtime processes
[DEBUG Sep 17 20:27:27.046306887, watcher.go:72] Checking for runtime processes
[DEBUG Sep 17 20:28:27.046314831, watcher.go:72] Checking for runtime processes
[DEBUG Sep 17 20:29:27.046283614, watcher.go:72] Checking for runtime processes
[DEBUG Sep 17 20:30:27.046304385, watcher.go:72] Checking for runtime processes
[DEBUG Sep 17 20:31:27.045966487, watcher.go:72] Checking for runtime processes
[DEBUG Sep 17 20:32:27.046321750, watcher.go:72] Checking for runtime processes
[DEBUG Sep 17 20:33:27.045961462, watcher.go:72] Checking for runtime processes
[DEBUG Sep 17 20:34:27.046302228, watcher.go:72] Checking for runtime processes
[DEBUG Sep 17 20:35:27.046300861, watcher.go:72] Checking for runtime processes
[DEBUG Sep 17 20:36:27.046302391, watcher.go:72] Checking for runtime processes
[DEBUG Sep 17 20:37:27.046302945, watcher.go:72] Checking for runtime processes
[DEBUG Sep 17 20:38:27.046305065, watcher.go:72] Checking for runtime processes
[DEBUG Sep 17 20:39:27.046394351, watcher.go:72] Checking for runtime processes
[DEBUG Sep 17 20:40:27.046299188, watcher.go:72] Checking for runtime processes
[DEBUG Sep 17 20:41:27.046304893, watcher.go:72] Checking for runtime processes
[DEBUG Sep 17 20:42:27.046303253, watcher.go:72] Checking for runtime processes
[DEBUG Sep 17 20:43:27.046307271, watcher.go:72] Checking for runtime processes
[DEBUG Sep 17 20:44:27.046288683, watcher.go:72] Checking for runtime processes
[DEBUG Sep 17 20:45:27.046308394, watcher.go:72] Checking for runtime processes
[DEBUG Sep 17 20:46:27.045966260, watcher.go:72] Checking for runtime processes
[DEBUG Sep 17 20:47:27.046299430, watcher.go:72] Checking for runtime processes
[DEBUG Sep 17 20:48:27.045960219, watcher.go:72] Checking for runtime processes
[DEBUG Sep 17 20:49:27.046312573, watcher.go:72] Checking for runtime processes
[DEBUG Sep 17 20:50:27.046307105, watcher.go:72] Checking for runtime processes
[DEBUG Sep 17 20:51:27.046308851, watcher.go:72] Checking for runtime processes
[DEBUG Sep 17 20:52:27.046311727, watcher.go:72] Checking for runtime processes
[DEBUG Sep 17 20:53:27.046309386, watcher.go:72] Checking for runtime processes
[DEBUG Sep 17 20:54:27.046304328, watcher.go:72] Checking for runtime processes
[DEBUG Sep 17 20:55:27.046303119, watcher.go:72] Checking for runtime processes
[DEBUG Sep 17 20:56:27.046299083, watcher.go:72] Checking for runtime processes
[DEBUG Sep 17 20:57:27.046306750, watcher.go:72] Checking for runtime processes
[DEBUG Sep 17 20:58:27.046304413, watcher.go:72] Checking for runtime processes
[DEBUG Sep 17 20:59:27.046287189, watcher.go:72] Checking for runtime processes
[DEBUG Sep 17 21:00:27.046297867, watcher.go:72] Checking for runtime processes
[DEBUG Sep 17 21:01:27.045917286, watcher.go:72] Checking for runtime processes
[DEBUG Sep 17 21:02:27.046304121, watcher.go:72] Checking for runtime processes
[DEBUG Sep 17 21:03:27.045960703, watcher.go:72] Checking for runtime processes
[DEBUG Sep 17 21:04:27.046308270, watcher.go:72] Checking for runtime processes
[DEBUG Sep 17 21:05:27.046296284, watcher.go:72] Checking for runtime processes
[DEBUG Sep 17 21:06:27.046301818, watcher.go:72] Checking for runtime processes
[DEBUG Sep 17 21:07:27.046296886, watcher.go:72] Checking for runtime processes
[DEBUG Sep 17 21:08:27.046309593, watcher.go:72] Checking for runtime processes
[DEBUG Sep 17 21:09:27.046305711, watcher.go:72] Checking for runtime processes
[DEBUG Sep 17 21:10:27.046305815, watcher.go:72] Checking for runtime processes
[DEBUG Sep 17 21:11:27.046306392, watcher.go:72] Checking for runtime processes
[DEBUG Sep 17 21:12:27.046307573, watcher.go:72] Checking for runtime processes
[DEBUG Sep 17 21:13:27.046305116, watcher.go:72] Checking for runtime processes
[DEBUG Sep 17 21:14:27.046289270, watcher.go:72] Checking for runtime processes
[DEBUG Sep 17 21:15:27.046297278, watcher.go:72] Checking for runtime processes
[DEBUG Sep 17 21:16:27.045966225, watcher.go:72] Checking for runtime processes
[DEBUG Sep 17 21:17:27.046304167, watcher.go:72] Checking for runtime processes
[DEBUG Sep 17 21:18:27.045962759, watcher.go:72] Checking for runtime processes
[DEBUG Sep 17 21:19:27.046303982, watcher.go:72] Checking for runtime processes
[DEBUG Sep 17 21:20:27.046305401, watcher.go:72] Checking for runtime processes
[DEBUG Sep 17 21:21:27.046308314, watcher.go:72] Checking for runtime processes
[DEBUG Sep 17 21:22:27.046309252, watcher.go:72] Checking for runtime processes
[DEBUG Sep 17 21:23:27.046303748, watcher.go:72] Checking for runtime processes
[DEBUG Sep 17 21:24:27.046299102, watcher.go:72] Checking for runtime processes
[DEBUG Sep 17 21:25:27.046307138, watcher.go:72] Checking for runtime processes
[DEBUG Sep 17 21:26:27.046298572, watcher.go:72] Checking for runtime processes
[DEBUG Sep 17 21:27:27.046386827, watcher.go:72] Checking for runtime processes
[DEBUG Sep 17 21:28:27.046302421, watcher.go:72] Checking for runtime processes
[DEBUG Sep 17 21:29:27.046316207, watcher.go:72] Checking for runtime processes
[DEBUG Sep 17 21:30:27.046311669, watcher.go:72] Checking for runtime processes
[DEBUG Sep 17 21:31:27.045965722, watcher.go:72] Checking for runtime processes
[DEBUG Sep 17 21:32:27.046303250, watcher.go:72] Checking for runtime processes
[DEBUG Sep 17 21:33:27.045963043, watcher.go:72] Checking for runtime processes
[DEBUG Sep 17 21:34:27.046301183, watcher.go:72] Checking for runtime processes
[DEBUG Sep 17 21:35:27.046305097, watcher.go:72] Checking for runtime processes
[DEBUG Sep 17 21:36:27.046306282, watcher.go:72] Checking for runtime processes
[DEBUG Sep 17 21:37:27.046302806, watcher.go:72] Checking for runtime processes
[DEBUG Sep 17 21:38:27.046303215, watcher.go:72] Checking for runtime processes
[DEBUG Sep 17 21:39:27.046298446, watcher.go:72] Checking for runtime processes
[DEBUG Sep 17 21:40:27.046307553, watcher.go:72] Checking for runtime processes
[DEBUG Sep 17 21:41:27.046305411, watcher.go:72] Checking for runtime processes
[DEBUG Sep 17 21:42:27.046311699, watcher.go:72] Checking for runtime processes
[DEBUG Sep 17 21:43:27.046305089, watcher.go:72] Checking for runtime processes
[DEBUG Sep 17 21:44:27.046290243, watcher.go:72] Checking for runtime processes
[DEBUG Sep 17 21:45:27.046311302, watcher.go:72] Checking for runtime processes
[DEBUG Sep 17 21:46:27.045966543, watcher.go:72] Checking for runtime processes
[DEBUG Sep 17 21:47:27.046305883, watcher.go:72] Checking for runtime processes
[DEBUG Sep 17 21:48:27.045958096, watcher.go:72] Checking for runtime processes
[DEBUG Sep 17 21:49:27.046304204, watcher.go:72] Checking for runtime processes
[DEBUG Sep 17 21:50:27.046295637, watcher.go:72] Checking for runtime processes
[DEBUG Sep 17 21:51:27.046307334, watcher.go:72] Checking for runtime processes
[DEBUG Sep 17 21:52:27.046306173, watcher.go:72] Checking for runtime processes
[DEBUG Sep 17 21:53:27.046301717, watcher.go:72] Checking for runtime processes
[DEBUG Sep 17 21:54:27.046303453, watcher.go:72] Checking for runtime processes
[DEBUG Sep 17 21:55:27.046312258, watcher.go:72] Checking for runtime processes
[DEBUG Sep 17 21:56:27.046309709, watcher.go:72] Checking for runtime processes
[DEBUG Sep 17 21:57:27.046308869, watcher.go:72] Checking for runtime processes
[DEBUG Sep 17 21:58:27.046310816, watcher.go:72] Checking for runtime processes
[DEBUG Sep 17 21:59:27.046286156, watcher.go:72] Checking for runtime processes
[DEBUG Sep 17 22:00:27.046301645, watcher.go:72] Checking for runtime processes
[DEBUG Sep 17 22:01:27.045917088, watcher.go:72] Checking for runtime processes
[DEBUG Sep 17 22:02:27.046344004, watcher.go:72] Checking for runtime processes
[DEBUG Sep 17 22:03:27.045959078, watcher.go:72] Checking for runtime processes
[DEBUG Sep 17 22:04:27.046306647, watcher.go:72] Checking for runtime processes
[DEBUG Sep 17 22:05:27.046300423, watcher.go:72] Checking for runtime processes
[DEBUG Sep 17 22:06:27.046303535, watcher.go:72] Checking for runtime processes
[DEBUG Sep 17 22:07:27.046298509, watcher.go:72] Checking for runtime processes
[DEBUG Sep 17 22:08:27.046307731, watcher.go:72] Checking for runtime processes
[DEBUG Sep 17 22:09:27.046296828, watcher.go:72] Checking for runtime processes
[DEBUG Sep 17 22:10:27.046299204, watcher.go:72] Checking for runtime processes
[DEBUG Sep 17 22:11:27.046304922, watcher.go:72] Checking for runtime processes
[DEBUG Sep 17 22:12:27.046303693, watcher.go:72] Checking for runtime processes
[DEBUG Sep 17 22:13:27.046306397, watcher.go:72] Checking for runtime processes
[DEBUG Sep 17 22:14:27.046290854, watcher.go:72] Checking for runtime processes
[DEBUG Sep 17 22:15:27.046310790, watcher.go:72] Checking for runtime processes
[DEBUG Sep 17 22:16:27.045965265, watcher.go:72] Checking for runtime processes
[DEBUG Sep 17 22:17:27.046308791, watcher.go:72] Checking for runtime processes
[DEBUG Sep 17 22:18:27.045962267, watcher.go:72] Checking for runtime processes
[DEBUG Sep 17 22:19:27.046311198, watcher.go:72] Checking for runtime processes
[DEBUG Sep 17 22:20:27.046307420, watcher.go:72] Checking for runtime processes
[DEBUG Sep 17 22:21:27.046298607, watcher.go:72] Checking for runtime processes
[DEBUG Sep 17 22:22:27.046307565, watcher.go:72] Checking for runtime processes
[DEBUG Sep 17 22:23:27.046307262, watcher.go:72] Checking for runtime processes
[DEBUG Sep 17 22:24:27.046301408, watcher.go:72] Checking for runtime processes
[DEBUG Sep 17 22:25:27.046301460, watcher.go:72] Checking for runtime processes
[DEBUG Sep 17 22:26:27.046298288, watcher.go:72] Checking for runtime processes
[DEBUG Sep 17 22:27:27.046309266, watcher.go:72] Checking for runtime processes
[DEBUG Sep 17 22:28:27.046304951, watcher.go:72] Checking for runtime processes
[DEBUG Sep 17 22:29:27.046287310, watcher.go:72] Checking for runtime processes
[DEBUG Sep 17 22:30:27.046308465, watcher.go:72] Checking for runtime processes
[DEBUG Sep 17 22:31:27.045965552, watcher.go:72] Checking for runtime processes
[DEBUG Sep 17 22:32:27.046296336, watcher.go:72] Checking for runtime processes
[DEBUG Sep 17 22:33:27.045969718, watcher.go:72] Checking for runtime processes
[DEBUG Sep 17 22:34:27.046305244, watcher.go:72] Checking for runtime processes
[DEBUG Sep 17 22:35:27.046305342, watcher.go:72] Checking for runtime processes
[DEBUG Sep 17 22:36:27.046304363, watcher.go:72] Checking for runtime processes
[DEBUG Sep 17 22:37:27.046304409, watcher.go:72] Checking for runtime processes
[DEBUG Sep 17 22:38:27.046306093, watcher.go:72] Checking for runtime processes
[DEBUG Sep 17 22:39:27.046305100, watcher.go:72] Checking for runtime processes
[DEBUG Sep 17 22:40:27.046307779, watcher.go:72] Checking for runtime processes
[DEBUG Sep 17 22:41:27.046305284, watcher.go:72] Checking for runtime processes
[DEBUG Sep 17 22:42:27.046304174, watcher.go:72] Checking for runtime processes
[DEBUG Sep 17 22:43:27.046297505, watcher.go:72] Checking for runtime processes
[DEBUG Sep 17 22:44:27.046289328, watcher.go:72] Checking for runtime processes
[DEBUG Sep 17 22:45:27.046305376, watcher.go:72] Checking for runtime processes
[DEBUG Sep 17 22:46:27.045961131, watcher.go:72] Checking for runtime processes
[DEBUG Sep 17 22:47:27.046308641, watcher.go:72] Checking for runtime processes
[DEBUG Sep 17 22:48:27.045961683, watcher.go:72] Checking for runtime processes
[DEBUG Sep 17 22:49:27.046306205, watcher.go:72] Checking for runtime processes
[DEBUG Sep 17 22:50:27.046305220, watcher.go:72] Checking for runtime processes
[DEBUG Sep 17 22:51:27.046311598, watcher.go:72] Checking for runtime processes
[DEBUG Sep 17 22:52:27.046378905, watcher.go:72] Checking for runtime processes
[DEBUG Sep 17 22:53:27.046305773, watcher.go:72] Checking for runtime processes
[DEBUG Sep 17 22:54:27.046303972, watcher.go:72] Checking for runtime processes
[DEBUG Sep 17 22:55:27.046302133, watcher.go:72] Checking for runtime processes
[DEBUG Sep 17 22:56:27.046306648, watcher.go:72] Checking for runtime processes
[DEBUG Sep 17 22:57:27.046308215, watcher.go:72] Checking for runtime processes
[DEBUG Sep 17 22:58:27.046305077, watcher.go:72] Checking for runtime processes
[DEBUG Sep 17 22:59:27.046286599, watcher.go:72] Checking for runtime processes
[DEBUG Sep 17 23:00:27.046297723, watcher.go:72] Checking for runtime processes
[DEBUG Sep 17 23:01:27.045917831, watcher.go:72] Checking for runtime processes
[DEBUG Sep 17 23:02:27.046357624, watcher.go:72] Checking for runtime processes
[DEBUG Sep 17 23:03:27.045960932, watcher.go:72] Checking for runtime processes
[DEBUG Sep 17 23:04:27.046302208, watcher.go:72] Checking for runtime processes
[DEBUG Sep 17 23:05:27.046297492, watcher.go:72] Checking for runtime processes
[DEBUG Sep 17 23:06:27.046309043, watcher.go:72] Checking for runtime processes
[DEBUG Sep 17 23:07:27.046389578, watcher.go:72] Checking for runtime processes
[DEBUG Sep 17 23:08:27.046311445, watcher.go:72] Checking for runtime processes
[DEBUG Sep 17 23:09:27.046308228, watcher.go:72] Checking for runtime processes
[DEBUG Sep 17 23:10:27.046303265, watcher.go:72] Checking for runtime processes
[DEBUG Sep 17 23:11:27.046297971, watcher.go:72] Checking for runtime processes
[DEBUG Sep 17 23:12:27.046306438, watcher.go:72] Checking for runtime processes
[DEBUG Sep 17 23:13:27.046304706, watcher.go:72] Checking for runtime processes
[DEBUG Sep 17 23:14:27.046287669, watcher.go:72] Checking for runtime processes
[DEBUG Sep 17 23:15:27.046307746, watcher.go:72] Checking for runtime processes
[DEBUG Sep 17 23:16:27.045964783, watcher.go:72] Checking for runtime processes
[DEBUG Sep 17 23:17:27.046297111, watcher.go:72] Checking for runtime processes
[DEBUG Sep 17 23:18:27.045960477, watcher.go:72] Checking for runtime processes
[DEBUG Sep 17 23:19:27.046303805, watcher.go:72] Checking for runtime processes
[DEBUG Sep 17 23:20:27.046301049, watcher.go:72] Checking for runtime processes
[DEBUG Sep 17 23:21:27.046310727, watcher.go:72] Checking for runtime processes
[DEBUG Sep 17 23:22:27.046304561, watcher.go:72] Checking for runtime processes
[DEBUG Sep 17 23:23:27.046300724, watcher.go:72] Checking for runtime processes
[DEBUG Sep 17 23:24:27.046300139, watcher.go:72] Checking for runtime processes
[DEBUG Sep 17 23:25:27.046311042, watcher.go:72] Checking for runtime processes
[DEBUG Sep 17 23:26:27.046306675, watcher.go:72] Checking for runtime processes
[DEBUG Sep 17 23:27:27.046308064, watcher.go:72] Checking for runtime processes
[DEBUG Sep 17 23:28:27.046301569, watcher.go:72] Checking for runtime processes
[DEBUG Sep 17 23:29:27.046285650, watcher.go:72] Checking for runtime processes
[DEBUG Sep 17 23:30:27.046307784, watcher.go:72] Checking for runtime processes
[DEBUG Sep 17 23:31:27.045964294, watcher.go:72] Checking for runtime processes
[DEBUG Sep 17 23:32:27.046301037, watcher.go:72] Checking for runtime processes
[DEBUG Sep 17 23:33:27.045962207, watcher.go:72] Checking for runtime processes
[DEBUG Sep 17 23:34:27.046311106, watcher.go:72] Checking for runtime processes
[DEBUG Sep 17 23:35:27.046315539, watcher.go:72] Checking for runtime processes
[DEBUG Sep 17 23:36:27.046309662, watcher.go:72] Checking for runtime processes
[DEBUG Sep 17 23:37:27.046303309, watcher.go:72] Checking for runtime processes
[DEBUG Sep 17 23:38:27.046306573, watcher.go:72] Checking for runtime processes
[DEBUG Sep 17 23:39:27.046304418, watcher.go:72] Checking for runtime processes
[DEBUG Sep 17 23:40:27.046306914, watcher.go:72] Checking for runtime processes
[DEBUG Sep 17 23:41:27.046302607, watcher.go:72] Checking for runtime processes
[DEBUG Sep 17 23:42:27.046299786, watcher.go:72] Checking for runtime processes
[DEBUG Sep 17 23:43:27.046304146, watcher.go:72] Checking for runtime processes
[DEBUG Sep 17 23:44:27.046286928, watcher.go:72] Checking for runtime processes
[DEBUG Sep 17 23:45:27.046302260, watcher.go:72] Checking for runtime processes
[DEBUG Sep 17 23:46:27.045966149, watcher.go:72] Checking for runtime processes
[DEBUG Sep 17 23:47:27.046302265, watcher.go:72] Checking for runtime processes
[DEBUG Sep 17 23:48:27.045962999, watcher.go:72] Checking for runtime processes
[DEBUG Sep 17 23:49:27.046305368, watcher.go:72] Checking for runtime processes
[DEBUG Sep 17 23:50:27.046323057, watcher.go:72] Checking for runtime processes
[DEBUG Sep 17 23:51:27.046300446, watcher.go:72] Checking for runtime processes
[DEBUG Sep 17 23:52:27.046297933, watcher.go:72] Checking for runtime processes
[DEBUG Sep 17 23:53:27.046303259, watcher.go:72] Checking for runtime processes
[DEBUG Sep 17 23:54:27.046314306, watcher.go:72] Checking for runtime processes
[DEBUG Sep 17 23:55:27.046311247, watcher.go:72] Checking for runtime processes
[DEBUG Sep 17 23:56:27.046322856, watcher.go:72] Checking for runtime processes
[DEBUG Sep 17 23:57:27.046362218, watcher.go:72] Checking for runtime processes
[DEBUG Sep 17 23:58:27.046320444, watcher.go:72] Checking for runtime processes
[DEBUG Sep 17 23:59:27.046289946, watcher.go:72] Checking for runtime processes
[DEBUG Sep 18 00:00:27.046307919, watcher.go:72] Checking for runtime processes
[DEBUG Sep 18 00:01:27.045927300, watcher.go:72] Checking for runtime processes
[DEBUG Sep 18 00:02:27.046320421, watcher.go:72] Checking for runtime processes
[DEBUG Sep 18 00:03:27.045960403, watcher.go:72] Checking for runtime processes
[DEBUG Sep 18 00:04:27.046314544, watcher.go:72] Checking for runtime processes
[DEBUG Sep 18 00:05:27.046304000, watcher.go:72] Checking for runtime processes
[DEBUG Sep 18 00:06:27.046310739, watcher.go:72] Checking for runtime processes
[DEBUG Sep 18 00:07:27.046325768, watcher.go:72] Checking for runtime processes
[DEBUG Sep 18 00:08:27.046305895, watcher.go:72] Checking for runtime processes
[DEBUG Sep 18 00:09:27.046306110, watcher.go:72] Checking for runtime processes
[DEBUG Sep 18 00:10:27.046308732, watcher.go:72] Checking for runtime processes
[DEBUG Sep 18 00:11:27.046368510, watcher.go:72] Checking for runtime processes
