[DEBUG Aug  2 08:20:32.652377370, defaults.go:273] Args: [/home1/wangfeim/.local/ActiveState/StateTool/release/bin/state-svc start]
[DEBUG Aug  2 08:20:32.665409521, locale.go:38] Init
[DEBUG Aug  2 08:20:32.704323745, errs.go:68] Created error: File could not be found
[DEBUG Aug  2 08:20:32.707258569, errs.go:68] Created error: Not Recognized
[DEBUG Aug  2 08:20:32.727710804, errs.go:68] Created error: Secret not found
[DEBUG Aug  2 08:20:32.727762644, errs.go:68] Created error: Could not save keypair
[DEBUG Aug  2 08:20:32.727926472, errs.go:68] Created error: Build responded with error
[DEBUG Aug  2 08:20:32.727952887, errs.go:68] Created error: Unknown build type
[DEBUG Aug  2 08:20:32.728089572, errors.go:86] Wrapped localized error: <nil> -- with: The installed version of the State Tool Service does not match that of the client.
Please stop the service with [ACTIONABLE]state-svc stop[/RESET] and try your command again.
If this issue persists please reinstall the State Tool.

[DEBUG Aug  2 08:20:32.728103961, errs.go:68] Created error: no data
[DEBUG Aug  2 08:20:32.728131112, errs.go:68] Created error: member not found
[DEBUG Aug  2 08:20:32.728152594, errs.go:68] Created error: Commit count is unknowable
[DEBUG Aug  2 08:20:32.728178740, errs.go:68] Created error: No merge required
[DEBUG Aug  2 08:20:32.728208056, errs.go:68] Created error: Can't merge commit thats already in target commits history
[DEBUG Aug  2 08:20:32.728230770, errs.go:68] Created error: Bad expander name
[DEBUG Aug  2 08:20:32.728250808, errs.go:68] Created error: Expander has no handler
[DEBUG Aug  2 08:20:32.729495183, errs.go:68] Created error: Service is already running
[DEBUG Aug  2 08:20:32.757093595, secrets.go:35] Gcloud Secretmanager failed to initialize (ignore if you're not trying to use gcloud): google: could not find default credentials. See https://developers.google.com/accounts/docs/application-default-credentials for more information.
[DEBUG Aug  2 08:20:32.760750249, output.go:53] Requested outputer for 
[DEBUG Aug  2 08:20:32.760771790, output.go:58] Using Plain outputer
[DEBUG Aug  2 08:20:32.760837091, termutils.go:17] Cannot get terminal size: inappropriate ioctl for device
[DEBUG Aug  2 08:20:32.760919647, client.go:128] Reporting event to 2 reporters: run-command, state-svc start, 
[DEBUG Aug  2 08:20:32.760963758, main.go:107] Running CmdStart
[DEBUG Aug  2 08:20:32.766367521, errs.go:75] Wrapped error: Service is already running -- with: valueF failed
[DEBUG Aug  2 08:20:32.766421349, errs.go:75] Wrapped error: valueF failed -- with: Could not store pid
[DEBUG Aug  2 08:20:32.766500492, errors.go:113] Wrapped input error: Could not store pid -- with: A State Service instance is already running in the background.
[DEBUG Aug  2 08:20:32.766513730, errs.go:75] Wrapped error: A State Service instance is already running in the background. -- with: Could not start serviceManager
[DEBUG Aug  2 08:20:32.766584473, client.go:128] Reporting event to 2 reporters: command-exit, state-svc start, 1
[DEBUG Aug  2 08:20:33.119103676, errs.go:75] Wrapped error: <nil> -- with: Could not start serviceManager: A State Service instance is already running in the background.: Could not store pid: valueF failed: Service is already running
[DEBUG Aug  2 08:20:33.119171021, main.go:61] state-svc errored out due to input: Could not start serviceManager: A State Service instance is already running in the background.: Could not store pid: valueF failed: Service is already running
