[DEBUG Aug  2 08:18:04.897765623, defaults.go:273] Args: [/home1/wangfeim/.local/ActiveState/StateTool/release/bin/state-svc start]
[DEBUG Aug  2 08:18:04.917221812, locale.go:38] Init
[DEBUG Aug  2 08:18:05.294683248, errs.go:68] Created error: File could not be found
[DEBUG Aug  2 08:18:05.297805016, errs.go:68] Created error: Not Recognized
[DEBUG Aug  2 08:18:05.320643944, errs.go:68] Created error: Secret not found
[DEBUG Aug  2 08:18:05.320712981, errs.go:68] Created error: Could not save keypair
[DEBUG Aug  2 08:18:05.320898449, errs.go:68] Created error: Build responded with error
[DEBUG Aug  2 08:18:05.320928752, errs.go:68] Created error: Unknown build type
[DEBUG Aug  2 08:18:05.321071783, errors.go:86] Wrapped localized error: <nil> -- with: The installed version of the State Tool Service does not match that of the client.
Please stop the service with [ACTIONABLE]state-svc stop[/RESET] and try your command again.
If this issue persists please reinstall the State Tool.

[DEBUG Aug  2 08:18:05.321087877, errs.go:68] Created error: no data
[DEBUG Aug  2 08:18:05.321114427, errs.go:68] Created error: member not found
[DEBUG Aug  2 08:18:05.321143264, errs.go:68] Created error: Commit count is unknowable
[DEBUG Aug  2 08:18:05.321169260, errs.go:68] Created error: No merge required
[DEBUG Aug  2 08:18:05.321193869, errs.go:68] Created error: Can't merge commit thats already in target commits history
[DEBUG Aug  2 08:18:05.321219875, errs.go:68] Created error: Bad expander name
[DEBUG Aug  2 08:18:05.321245526, errs.go:68] Created error: Expander has no handler
[DEBUG Aug  2 08:18:05.322444437, errs.go:68] Created error: Service is already running
[DEBUG Aug  2 08:18:05.389210319, secrets.go:35] Gcloud Secretmanager failed to initialize (ignore if you're not trying to use gcloud): google: could not find default credentials. See https://developers.google.com/accounts/docs/application-default-credentials for more information.
[DEBUG Aug  2 08:18:05.392451679, output.go:53] Requested outputer for 
[DEBUG Aug  2 08:18:05.392475904, output.go:58] Using Plain outputer
[DEBUG Aug  2 08:18:05.392577274, termutils.go:17] Cannot get terminal size: inappropriate ioctl for device
[DEBUG Aug  2 08:18:05.392668280, client.go:128] Reporting event to 2 reporters: run-command, state-svc start, 
[DEBUG Aug  2 08:18:05.392762240, main.go:107] Running CmdStart
[DEBUG Aug  2 08:18:05.400910309, errs.go:75] Wrapped error: Service is already running -- with: valueF failed
[DEBUG Aug  2 08:18:05.400996328, errs.go:75] Wrapped error: valueF failed -- with: Could not store pid
[DEBUG Aug  2 08:18:05.401104539, errors.go:113] Wrapped input error: Could not store pid -- with: A State Service instance is already running in the background.
[DEBUG Aug  2 08:18:05.401125173, errs.go:75] Wrapped error: A State Service instance is already running in the background. -- with: Could not start serviceManager
[DEBUG Aug  2 08:18:05.401233529, client.go:128] Reporting event to 2 reporters: command-exit, state-svc start, 1
[DEBUG Aug  2 08:18:05.769357038, errs.go:75] Wrapped error: <nil> -- with: Could not start serviceManager: A State Service instance is already running in the background.: Could not store pid: valueF failed: Service is already running
[DEBUG Aug  2 08:18:05.769436823, main.go:61] state-svc errored out due to input: Could not start serviceManager: A State Service instance is already running in the background.: Could not store pid: valueF failed: Service is already running
