[DEBUG Sep 17 13:06:10.773711629, defaults.go:273] Args: [/home1/wangfeim/.local/ActiveState/StateTool/release/bin/state-svc foreground]
[DEBUG Sep 17 13:06:10.780911964, locale.go:38] Init
[DEBUG Sep 17 13:06:10.810813590, errs.go:68] Created error: File could not be found
[DEBUG Sep 17 13:06:10.813925215, errs.go:68] Created error: Not Recognized
[DEBUG Sep 17 13:06:10.831940875, errs.go:68] Created error: Secret not found
[DEBUG Sep 17 13:06:10.831975562, errs.go:68] Created error: Could not save keypair
[DEBUG Sep 17 13:06:10.832191076, errs.go:68] Created error: Build responded with error
[DEBUG Sep 17 13:06:10.832214174, errs.go:68] Created error: Unknown build type
[DEBUG Sep 17 13:06:10.832301598, errors.go:86] Wrapped localized error: <nil> -- with: The installed version of the State Tool Service does not match that of the client.
Please stop the service with [ACTIONABLE]state-svc stop[/RESET] and try your command again.
If this issue persists please reinstall the State Tool.

[DEBUG Sep 17 13:06:10.832310393, errs.go:68] Created error: no data
[DEBUG Sep 17 13:06:10.832327330, errs.go:68] Created error: member not found
[DEBUG Sep 17 13:06:10.832344909, errs.go:68] Created error: Commit count is unknowable
[DEBUG Sep 17 13:06:10.832362218, errs.go:68] Created error: No merge required
[DEBUG Sep 17 13:06:10.832439324, errs.go:68] Created error: Can't merge commit thats already in target commits history
[DEBUG Sep 17 13:06:10.832456503, errs.go:68] Created error: Bad expander name
[DEBUG Sep 17 13:06:10.832473741, errs.go:68] Created error: Expander has no handler
[DEBUG Sep 17 13:06:10.834270835, errs.go:68] Created error: Service is already running
[DEBUG Sep 17 13:06:10.858735825, secrets.go:35] Gcloud Secretmanager failed to initialize (ignore if you're not trying to use gcloud): google: could not find default credentials. See https://developers.google.com/accounts/docs/application-default-credentials for more information.
[DEBUG Sep 17 13:06:10.862442378, output.go:53] Requested outputer for 
[DEBUG Sep 17 13:06:10.862454598, output.go:58] Using Plain outputer
[DEBUG Sep 17 13:06:10.862501585, termutils.go:17] Cannot get terminal size: inappropriate ioctl for device
[DEBUG Sep 17 13:06:10.862564368, main.go:137] Running CmdForeground
[DEBUG Sep 17 13:06:10.862571029, main.go:147] Running in Foreground
[DEBUG Sep 17 13:06:10.862594688, client.go:128] Reporting event to 2 reporters: run-command, state-svc foreground, 
[DEBUG Sep 17 13:06:10.862731413, service.go:30] service:Start
[DEBUG Sep 17 13:06:10.868764629, service.go:42] Server starting on port: 41565
[DEBUG Sep 17 13:06:10.868807609, client.go:128] Reporting event to 2 reporters: state-svc, start, 
[DEBUG Sep 17 13:06:10.889573591, resolver.go:57] Version resolver
[DEBUG Sep 17 13:06:10.890933856, client.go:128] Reporting event to 2 reporters: state-svc, endpoint, Version
[DEBUG Sep 17 13:06:10.907109252, resolver.go:57] Version resolver
[DEBUG Sep 17 13:06:10.907291421, client.go:128] Reporting event to 2 reporters: state-svc, endpoint, Version
[DEBUG Sep 17 13:06:10.907632412, resolver.go:121] Analytics event resolver
[DEBUG Sep 17 13:06:10.908485003, client.go:128] Reporting event to 2 reporters: run-command, exec, 
[DEBUG Sep 17 13:06:10.917267308, resolver.go:121] Analytics event resolver
[DEBUG Sep 17 13:06:10.917404554, client.go:128] Reporting event to 2 reporters: runtime, cache, 
[DEBUG Sep 17 13:07:10.869426985, watcher.go:72] Checking for runtime processes
[DEBUG Sep 17 13:08:10.869441776, watcher.go:72] Checking for runtime processes
[DEBUG Sep 17 13:09:10.869293481, watcher.go:72] Checking for runtime processes
[DEBUG Sep 17 13:10:10.869284683, watcher.go:72] Checking for runtime processes
[DEBUG Sep 17 13:11:10.869290665, watcher.go:72] Checking for runtime processes
[DEBUG Sep 17 13:12:10.869291629, watcher.go:72] Checking for runtime processes
[DEBUG Sep 17 13:13:10.869288573, watcher.go:72] Checking for runtime processes
[DEBUG Sep 17 13:14:10.869321504, watcher.go:72] Checking for runtime processes
[DEBUG Sep 17 13:15:10.869391054, watcher.go:72] Checking for runtime processes
[DEBUG Sep 17 13:16:10.869769935, watcher.go:72] Checking for runtime processes
[DEBUG Sep 17 13:17:10.869759123, watcher.go:72] Checking for runtime processes
[DEBUG Sep 17 13:18:10.869597561, watcher.go:72] Checking for runtime processes
[DEBUG Sep 17 13:19:10.869012100, watcher.go:72] Checking for runtime processes
[DEBUG Sep 17 13:20:10.869309121, watcher.go:72] Checking for runtime processes
[DEBUG Sep 17 13:21:10.869010913, watcher.go:72] Checking for runtime processes
[DEBUG Sep 17 13:22:10.869396168, watcher.go:72] Checking for runtime processes
[DEBUG Sep 17 13:23:10.869286662, watcher.go:72] Checking for runtime processes
[DEBUG Sep 17 13:24:10.869367478, watcher.go:72] Checking for runtime processes
[DEBUG Sep 17 13:25:10.869398476, watcher.go:72] Checking for runtime processes
[DEBUG Sep 17 13:26:10.869287629, watcher.go:72] Checking for runtime processes
[DEBUG Sep 17 13:27:10.870060396, watcher.go:72] Checking for runtime processes
[DEBUG Sep 17 13:28:10.869286623, watcher.go:72] Checking for runtime processes
[DEBUG Sep 17 13:29:10.869307250, watcher.go:72] Checking for runtime processes
[DEBUG Sep 17 13:30:10.869346240, watcher.go:72] Checking for runtime processes
[DEBUG Sep 17 13:31:10.869889481, watcher.go:72] Checking for runtime processes
[DEBUG Sep 17 13:32:10.869268717, watcher.go:72] Checking for runtime processes
[DEBUG Sep 17 13:33:10.869288031, watcher.go:72] Checking for runtime processes
[DEBUG Sep 17 13:34:10.869010477, watcher.go:72] Checking for runtime processes
[DEBUG Sep 17 13:35:10.869372057, watcher.go:72] Checking for runtime processes
[DEBUG Sep 17 13:36:10.869042284, watcher.go:72] Checking for runtime processes
[DEBUG Sep 17 13:37:10.869711673, watcher.go:72] Checking for runtime processes
[DEBUG Sep 17 13:38:10.869325065, watcher.go:72] Checking for runtime processes
[DEBUG Sep 17 13:39:10.869966715, watcher.go:72] Checking for runtime processes
[DEBUG Sep 17 13:40:10.869354249, watcher.go:72] Checking for runtime processes
[DEBUG Sep 17 13:41:10.869498287, watcher.go:72] Checking for runtime processes
[DEBUG Sep 17 13:42:10.869680225, watcher.go:72] Checking for runtime processes
[DEBUG Sep 17 13:43:10.869809052, watcher.go:72] Checking for runtime processes
[DEBUG Sep 17 13:44:10.869145385, watcher.go:72] Checking for runtime processes
[DEBUG Sep 17 13:45:10.869425494, watcher.go:72] Checking for runtime processes
[DEBUG Sep 17 13:46:10.869302808, watcher.go:72] Checking for runtime processes
[DEBUG Sep 17 13:47:10.869436772, watcher.go:72] Checking for runtime processes
[DEBUG Sep 17 13:48:10.869642543, watcher.go:72] Checking for runtime processes
[DEBUG Sep 17 13:49:10.869164492, watcher.go:72] Checking for runtime processes
[DEBUG Sep 17 13:50:10.869355834, watcher.go:72] Checking for runtime processes
[DEBUG Sep 17 13:51:10.869014552, watcher.go:72] Checking for runtime processes
[DEBUG Sep 17 13:52:10.869397419, watcher.go:72] Checking for runtime processes
[DEBUG Sep 17 13:53:10.869335815, watcher.go:72] Checking for runtime processes
[DEBUG Sep 17 13:54:10.869291280, watcher.go:72] Checking for runtime processes
[DEBUG Sep 17 13:55:10.869147678, watcher.go:72] Checking for runtime processes
[DEBUG Sep 17 13:56:10.869452355, watcher.go:72] Checking for runtime processes
[DEBUG Sep 17 13:57:10.869743361, watcher.go:72] Checking for runtime processes
[DEBUG Sep 17 13:58:10.869092313, watcher.go:72] Checking for runtime processes
[DEBUG Sep 17 13:59:10.869532606, watcher.go:72] Checking for runtime processes
[DEBUG Sep 17 14:00:10.869322391, watcher.go:72] Checking for runtime processes
[DEBUG Sep 17 14:01:10.869333388, watcher.go:72] Checking for runtime processes
[DEBUG Sep 17 14:02:10.869149492, watcher.go:72] Checking for runtime processes
[DEBUG Sep 17 14:03:10.869302819, watcher.go:72] Checking for runtime processes
[DEBUG Sep 17 14:04:10.869008697, watcher.go:72] Checking for runtime processes
[DEBUG Sep 17 14:05:10.869147768, watcher.go:72] Checking for runtime processes
[DEBUG Sep 17 14:06:10.869015037, watcher.go:72] Checking for runtime processes
[DEBUG Sep 17 14:07:10.869391270, watcher.go:72] Checking for runtime processes
[DEBUG Sep 17 14:08:10.869686617, watcher.go:72] Checking for runtime processes
[DEBUG Sep 17 14:09:10.869331913, watcher.go:72] Checking for runtime processes
[DEBUG Sep 17 14:10:10.869310601, watcher.go:72] Checking for runtime processes
[DEBUG Sep 17 14:11:10.869458006, watcher.go:72] Checking for runtime processes
[DEBUG Sep 17 14:12:10.869340374, watcher.go:72] Checking for runtime processes
[DEBUG Sep 17 14:13:10.869381521, watcher.go:72] Checking for runtime processes
[DEBUG Sep 17 14:14:10.869426692, watcher.go:72] Checking for runtime processes
[DEBUG Sep 17 14:15:10.869379494, watcher.go:72] Checking for runtime processes
[DEBUG Sep 17 14:16:10.869449195, watcher.go:72] Checking for runtime processes
[DEBUG Sep 17 14:17:10.869902449, watcher.go:72] Checking for runtime processes
[DEBUG Sep 17 14:18:10.869275561, watcher.go:72] Checking for runtime processes
[DEBUG Sep 17 14:19:10.869090064, watcher.go:72] Checking for runtime processes
[DEBUG Sep 17 14:20:10.869437870, watcher.go:72] Checking for runtime processes
[DEBUG Sep 17 14:21:10.869011395, watcher.go:72] Checking for runtime processes
[DEBUG Sep 17 14:22:10.869388560, watcher.go:72] Checking for runtime processes
[DEBUG Sep 17 14:23:10.869566182, watcher.go:72] Checking for runtime processes
[DEBUG Sep 17 14:24:10.869510023, watcher.go:72] Checking for runtime processes
[DEBUG Sep 17 14:25:10.869289435, watcher.go:72] Checking for runtime processes
[DEBUG Sep 17 14:26:10.869286063, watcher.go:72] Checking for runtime processes
[DEBUG Sep 17 14:27:10.869371350, watcher.go:72] Checking for runtime processes
[DEBUG Sep 17 14:28:10.869821974, watcher.go:72] Checking for runtime processes
[DEBUG Sep 17 14:29:10.869829075, watcher.go:72] Checking for runtime processes
[DEBUG Sep 17 14:30:10.869869244, watcher.go:72] Checking for runtime processes
[DEBUG Sep 17 14:31:10.869406820, watcher.go:72] Checking for runtime processes
[DEBUG Sep 17 14:32:10.869523385, watcher.go:72] Checking for runtime processes
[DEBUG Sep 17 14:33:10.869648767, watcher.go:72] Checking for runtime processes
[DEBUG Sep 17 14:34:10.868969341, watcher.go:72] Checking for runtime processes
[DEBUG Sep 17 14:35:10.869321379, watcher.go:72] Checking for runtime processes
[DEBUG Sep 17 14:36:10.869007080, watcher.go:72] Checking for runtime processes
[DEBUG Sep 17 14:37:10.869686265, watcher.go:72] Checking for runtime processes
[DEBUG Sep 17 14:38:10.869294489, watcher.go:72] Checking for runtime processes
[DEBUG Sep 17 14:39:10.869292496, watcher.go:72] Checking for runtime processes
[DEBUG Sep 17 14:40:10.869295589, watcher.go:72] Checking for runtime processes
[DEBUG Sep 17 14:41:10.869534551, watcher.go:72] Checking for runtime processes
[DEBUG Sep 17 14:42:10.869345331, watcher.go:72] Checking for runtime processes
[DEBUG Sep 17 14:43:10.869380576, watcher.go:72] Checking for runtime processes
[DEBUG Sep 17 14:44:10.869822024, watcher.go:72] Checking for runtime processes
[DEBUG Sep 17 14:45:10.869714005, watcher.go:72] Checking for runtime processes
[DEBUG Sep 17 14:46:10.869278193, watcher.go:72] Checking for runtime processes
[DEBUG Sep 17 14:47:10.869232028, watcher.go:72] Checking for runtime processes
[DEBUG Sep 17 14:48:10.869321333, watcher.go:72] Checking for runtime processes
[DEBUG Sep 17 14:49:10.869459536, watcher.go:72] Checking for runtime processes
[DEBUG Sep 17 14:50:10.869295331, watcher.go:72] Checking for runtime processes
[DEBUG Sep 17 14:51:10.869010715, watcher.go:72] Checking for runtime processes
[DEBUG Sep 17 14:52:10.869308138, watcher.go:72] Checking for runtime processes
[DEBUG Sep 17 14:53:10.869792323, watcher.go:72] Checking for runtime processes
[DEBUG Sep 17 14:54:10.869416263, watcher.go:72] Checking for runtime processes
[DEBUG Sep 17 14:55:10.869298403, watcher.go:72] Checking for runtime processes
[DEBUG Sep 17 14:56:10.869474686, watcher.go:72] Checking for runtime processes
[DEBUG Sep 17 14:57:10.869547967, watcher.go:72] Checking for runtime processes
[DEBUG Sep 17 14:58:10.869696688, watcher.go:72] Checking for runtime processes
[DEBUG Sep 17 14:59:10.869842978, watcher.go:72] Checking for runtime processes
[DEBUG Sep 17 15:00:10.869338670, watcher.go:72] Checking for runtime processes
[DEBUG Sep 17 15:01:10.869450023, watcher.go:72] Checking for runtime processes
[DEBUG Sep 17 15:02:10.869271391, watcher.go:72] Checking for runtime processes
[DEBUG Sep 17 15:03:10.869895003, watcher.go:72] Checking for runtime processes
[DEBUG Sep 17 15:04:10.869135476, watcher.go:72] Checking for runtime processes
[DEBUG Sep 17 15:05:10.869932107, watcher.go:72] Checking for runtime processes
[DEBUG Sep 17 15:06:08.611482376, resolver.go:121] Analytics event resolver
[DEBUG Sep 17 15:06:08.611657226, client.go:128] Reporting event to 2 reporters: command-exit, exec, 0
[DEBUG Sep 17 15:06:10.869007548, watcher.go:72] Checking for runtime processes
[DEBUG Sep 17 15:07:10.869517947, watcher.go:72] Checking for runtime processes
[DEBUG Sep 17 15:08:10.869288124, watcher.go:72] Checking for runtime processes
[DEBUG Sep 17 15:09:10.869290862, watcher.go:72] Checking for runtime processes
[DEBUG Sep 17 15:10:10.869290082, watcher.go:72] Checking for runtime processes
[DEBUG Sep 17 15:11:10.869303151, watcher.go:72] Checking for runtime processes
[DEBUG Sep 17 15:12:10.869302135, watcher.go:72] Checking for runtime processes
[DEBUG Sep 17 15:13:10.869291422, watcher.go:72] Checking for runtime processes
[DEBUG Sep 17 15:14:10.869315937, watcher.go:72] Checking for runtime processes
[DEBUG Sep 17 15:15:10.869298267, watcher.go:72] Checking for runtime processes
[DEBUG Sep 17 15:16:10.869284546, watcher.go:72] Checking for runtime processes
[DEBUG Sep 17 15:17:10.869285970, watcher.go:72] Checking for runtime processes
[DEBUG Sep 17 15:18:10.869293710, watcher.go:72] Checking for runtime processes
[DEBUG Sep 17 15:19:10.869018613, watcher.go:72] Checking for runtime processes
[DEBUG Sep 17 15:20:10.869292990, watcher.go:72] Checking for runtime processes
[DEBUG Sep 17 15:21:10.869016528, watcher.go:72] Checking for runtime processes
[DEBUG Sep 17 15:22:10.869291635, watcher.go:72] Checking for runtime processes
[DEBUG Sep 17 15:23:10.869294205, watcher.go:72] Checking for runtime processes
[DEBUG Sep 17 15:24:10.869290325, watcher.go:72] Checking for runtime processes
[DEBUG Sep 17 15:25:10.869293109, watcher.go:72] Checking for runtime processes
[DEBUG Sep 17 15:26:10.869295894, watcher.go:72] Checking for runtime processes
[DEBUG Sep 17 15:27:10.869298948, watcher.go:72] Checking for runtime processes
[DEBUG Sep 17 15:28:10.869303840, watcher.go:72] Checking for runtime processes
[DEBUG Sep 17 15:29:10.869300390, watcher.go:72] Checking for runtime processes
[DEBUG Sep 17 15:30:10.869303101, watcher.go:72] Checking for runtime processes
[DEBUG Sep 17 15:31:10.869107536, watcher.go:72] Checking for runtime processes
[DEBUG Sep 17 15:32:10.869291589, watcher.go:72] Checking for runtime processes
[DEBUG Sep 17 15:33:10.869300227, watcher.go:72] Checking for runtime processes
[DEBUG Sep 17 15:34:10.869024575, watcher.go:72] Checking for runtime processes
[DEBUG Sep 17 15:35:10.869314192, watcher.go:72] Checking for runtime processes
[DEBUG Sep 17 15:36:10.869019419, watcher.go:72] Checking for runtime processes
[DEBUG Sep 17 15:37:10.869301135, watcher.go:72] Checking for runtime processes
[DEBUG Sep 17 15:38:10.869302627, watcher.go:72] Checking for runtime processes
[DEBUG Sep 17 15:39:10.869295475, watcher.go:72] Checking for runtime processes
[DEBUG Sep 17 15:40:10.869301202, watcher.go:72] Checking for runtime processes
[DEBUG Sep 17 15:41:10.869297416, watcher.go:72] Checking for runtime processes
[DEBUG Sep 17 15:42:10.869299454, watcher.go:72] Checking for runtime processes
[DEBUG Sep 17 15:43:10.869303955, watcher.go:72] Checking for runtime processes
[DEBUG Sep 17 15:44:10.869299364, watcher.go:72] Checking for runtime processes
[DEBUG Sep 17 15:45:10.869312164, watcher.go:72] Checking for runtime processes
[DEBUG Sep 17 15:46:10.869303207, watcher.go:72] Checking for runtime processes
[DEBUG Sep 17 15:47:10.869293785, watcher.go:72] Checking for runtime processes
[DEBUG Sep 17 15:48:10.869327052, watcher.go:72] Checking for runtime processes
[DEBUG Sep 17 15:49:10.869023575, watcher.go:72] Checking for runtime processes
[DEBUG Sep 17 15:50:10.869305318, watcher.go:72] Checking for runtime processes
[DEBUG Sep 17 15:51:10.869018117, watcher.go:72] Checking for runtime processes
[DEBUG Sep 17 15:52:10.869327897, watcher.go:72] Checking for runtime processes
[DEBUG Sep 17 15:53:10.869286849, watcher.go:72] Checking for runtime processes
[DEBUG Sep 17 15:54:10.869321707, watcher.go:72] Checking for runtime processes
[DEBUG Sep 17 15:55:10.869098050, watcher.go:72] Checking for runtime processes
[DEBUG Sep 17 15:56:10.869318072, watcher.go:72] Checking for runtime processes
[DEBUG Sep 17 15:57:10.869107936, watcher.go:72] Checking for runtime processes
[DEBUG Sep 17 15:58:10.869311339, watcher.go:72] Checking for runtime processes
[DEBUG Sep 17 15:59:10.869294605, watcher.go:72] Checking for runtime processes
[DEBUG Sep 17 16:00:10.869296678, watcher.go:72] Checking for runtime processes
[DEBUG Sep 17 16:01:10.869314043, watcher.go:72] Checking for runtime processes
[DEBUG Sep 17 16:02:10.869290940, watcher.go:72] Checking for runtime processes
[DEBUG Sep 17 16:03:10.869297534, watcher.go:72] Checking for runtime processes
[DEBUG Sep 17 16:04:10.869022640, watcher.go:72] Checking for runtime processes
[DEBUG Sep 17 16:05:10.869302931, watcher.go:72] Checking for runtime processes
[DEBUG Sep 17 16:06:10.869014343, watcher.go:72] Checking for runtime processes
[DEBUG Sep 17 16:07:10.869298979, watcher.go:72] Checking for runtime processes
[DEBUG Sep 17 16:08:10.869309298, watcher.go:72] Checking for runtime processes
[DEBUG Sep 17 16:09:10.869309531, watcher.go:72] Checking for runtime processes
[DEBUG Sep 17 16:10:10.869295523, watcher.go:72] Checking for runtime processes
[DEBUG Sep 17 16:11:10.869135738, watcher.go:72] Checking for runtime processes
[DEBUG Sep 17 16:12:10.869304373, watcher.go:72] Checking for runtime processes
[DEBUG Sep 17 16:13:10.869307479, watcher.go:72] Checking for runtime processes
[DEBUG Sep 17 16:14:10.869300746, watcher.go:72] Checking for runtime processes
[DEBUG Sep 17 16:15:10.869300206, watcher.go:72] Checking for runtime processes
[DEBUG Sep 17 16:16:10.869296227, watcher.go:72] Checking for runtime processes
[DEBUG Sep 17 16:17:10.869291136, watcher.go:72] Checking for runtime processes
[DEBUG Sep 17 16:18:10.869305795, watcher.go:72] Checking for runtime processes
[DEBUG Sep 17 16:19:10.869022912, watcher.go:72] Checking for runtime processes
[DEBUG Sep 17 16:20:10.869302599, watcher.go:72] Checking for runtime processes
[DEBUG Sep 17 16:21:10.869019168, watcher.go:72] Checking for runtime processes
[DEBUG Sep 17 16:22:10.869299354, watcher.go:72] Checking for runtime processes
[DEBUG Sep 17 16:23:10.869301162, watcher.go:72] Checking for runtime processes
[DEBUG Sep 17 16:24:10.869303930, watcher.go:72] Checking for runtime processes
[DEBUG Sep 17 16:25:10.869112760, watcher.go:72] Checking for runtime processes
[DEBUG Sep 17 16:26:10.869301629, watcher.go:72] Checking for runtime processes
[DEBUG Sep 17 16:27:10.869300140, watcher.go:72] Checking for runtime processes
[DEBUG Sep 17 16:28:10.869286841, watcher.go:72] Checking for runtime processes
[DEBUG Sep 17 16:29:10.869299233, watcher.go:72] Checking for runtime processes
[DEBUG Sep 17 16:30:10.869300975, watcher.go:72] Checking for runtime processes
[DEBUG Sep 17 16:31:10.869300135, watcher.go:72] Checking for runtime processes
[DEBUG Sep 17 16:32:10.869289860, watcher.go:72] Checking for runtime processes
[DEBUG Sep 17 16:33:10.869297504, watcher.go:72] Checking for runtime processes
[DEBUG Sep 17 16:34:10.869019470, watcher.go:72] Checking for runtime processes
[DEBUG Sep 17 16:35:10.869290534, watcher.go:72] Checking for runtime processes
[DEBUG Sep 17 16:36:10.869019240, watcher.go:72] Checking for runtime processes
[DEBUG Sep 17 16:37:10.869162437, watcher.go:72] Checking for runtime processes
[DEBUG Sep 17 16:38:10.869291097, watcher.go:72] Checking for runtime processes
[DEBUG Sep 17 16:39:10.869296351, watcher.go:72] Checking for runtime processes
[DEBUG Sep 17 16:40:10.869307165, watcher.go:72] Checking for runtime processes
[DEBUG Sep 17 16:41:10.869299524, watcher.go:72] Checking for runtime processes
[DEBUG Sep 17 16:42:10.869295917, watcher.go:72] Checking for runtime processes
[DEBUG Sep 17 16:43:10.869310086, watcher.go:72] Checking for runtime processes
[DEBUG Sep 17 16:44:10.869297552, watcher.go:72] Checking for runtime processes
[DEBUG Sep 17 16:45:10.869311123, watcher.go:72] Checking for runtime processes
[DEBUG Sep 17 16:46:10.869299114, watcher.go:72] Checking for runtime processes
[DEBUG Sep 17 16:47:10.869286869, watcher.go:72] Checking for runtime processes
[DEBUG Sep 17 16:48:10.869309106, watcher.go:72] Checking for runtime processes
[DEBUG Sep 17 16:49:10.869027679, watcher.go:72] Checking for runtime processes
[DEBUG Sep 17 16:50:10.869302042, watcher.go:72] Checking for runtime processes
[DEBUG Sep 17 16:51:10.869020027, watcher.go:72] Checking for runtime processes
[DEBUG Sep 17 16:52:10.869317501, watcher.go:72] Checking for runtime processes
[DEBUG Sep 17 16:53:10.869294793, watcher.go:72] Checking for runtime processes
[DEBUG Sep 17 16:54:10.869297572, watcher.go:72] Checking for runtime processes
[DEBUG Sep 17 16:55:10.869301926, watcher.go:72] Checking for runtime processes
[DEBUG Sep 17 16:56:10.869301529, watcher.go:72] Checking for runtime processes
[DEBUG Sep 17 16:57:10.869301646, watcher.go:72] Checking for runtime processes
[DEBUG Sep 17 16:58:10.869310115, watcher.go:72] Checking for runtime processes
[DEBUG Sep 17 16:59:10.869155216, watcher.go:72] Checking for runtime processes
[DEBUG Sep 17 17:00:10.869307944, watcher.go:72] Checking for runtime processes
[DEBUG Sep 17 17:01:10.869114443, watcher.go:72] Checking for runtime processes
[DEBUG Sep 17 17:02:10.869135510, watcher.go:72] Checking for runtime processes
[DEBUG Sep 17 17:03:10.869301637, watcher.go:72] Checking for runtime processes
[DEBUG Sep 17 17:04:10.869024350, watcher.go:72] Checking for runtime processes
[DEBUG Sep 17 17:05:10.869324093, watcher.go:72] Checking for runtime processes
[DEBUG Sep 17 17:06:10.869013244, watcher.go:72] Checking for runtime processes
[DEBUG Sep 17 17:07:10.869311282, watcher.go:72] Checking for runtime processes
[DEBUG Sep 17 17:08:10.869307877, watcher.go:72] Checking for runtime processes
[DEBUG Sep 17 17:09:10.869303743, watcher.go:72] Checking for runtime processes
[DEBUG Sep 17 17:10:10.869299079, watcher.go:72] Checking for runtime processes
[DEBUG Sep 17 17:11:10.869313898, watcher.go:72] Checking for runtime processes
[DEBUG Sep 17 17:12:10.869294215, watcher.go:72] Checking for runtime processes
[DEBUG Sep 17 17:13:10.869294038, watcher.go:72] Checking for runtime processes
[DEBUG Sep 17 17:14:10.869301599, watcher.go:72] Checking for runtime processes
[DEBUG Sep 17 17:15:10.869313629, watcher.go:72] Checking for runtime processes
[DEBUG Sep 17 17:16:10.869306477, watcher.go:72] Checking for runtime processes
[DEBUG Sep 17 17:17:10.869292957, watcher.go:72] Checking for runtime processes
[DEBUG Sep 17 17:18:10.869307692, watcher.go:72] Checking for runtime processes
[DEBUG Sep 17 17:19:10.869023619, watcher.go:72] Checking for runtime processes
[DEBUG Sep 17 17:20:10.869299903, watcher.go:72] Checking for runtime processes
[DEBUG Sep 17 17:21:10.869018814, watcher.go:72] Checking for runtime processes
[DEBUG Sep 17 17:22:10.869305814, watcher.go:72] Checking for runtime processes
[DEBUG Sep 17 17:23:10.869300272, watcher.go:72] Checking for runtime processes
[DEBUG Sep 17 17:24:10.869300749, watcher.go:72] Checking for runtime processes
[DEBUG Sep 17 17:25:10.869300729, watcher.go:72] Checking for runtime processes
[DEBUG Sep 17 17:26:10.869302447, watcher.go:72] Checking for runtime processes
[DEBUG Sep 17 17:27:10.869307741, watcher.go:72] Checking for runtime processes
[DEBUG Sep 17 17:28:10.869301852, watcher.go:72] Checking for runtime processes
[DEBUG Sep 17 17:29:10.869297720, watcher.go:72] Checking for runtime processes
[DEBUG Sep 17 17:30:10.869312795, watcher.go:72] Checking for runtime processes
[DEBUG Sep 17 17:31:10.869307588, watcher.go:72] Checking for runtime processes
[DEBUG Sep 17 17:32:10.869294206, watcher.go:72] Checking for runtime processes
[DEBUG Sep 17 17:33:10.869307189, watcher.go:72] Checking for runtime processes
[DEBUG Sep 17 17:34:10.869021004, watcher.go:72] Checking for runtime processes
[DEBUG Sep 17 17:35:10.869301232, watcher.go:72] Checking for runtime processes
[DEBUG Sep 17 17:36:10.869018011, watcher.go:72] Checking for runtime processes
[DEBUG Sep 17 17:37:10.869304661, watcher.go:72] Checking for runtime processes
[DEBUG Sep 17 17:38:10.869296637, watcher.go:72] Checking for runtime processes
[DEBUG Sep 17 17:39:10.869310420, watcher.go:72] Checking for runtime processes
[DEBUG Sep 17 17:40:10.869297512, watcher.go:72] Checking for runtime processes
[DEBUG Sep 17 17:41:10.869294983, watcher.go:72] Checking for runtime processes
[DEBUG Sep 17 17:42:10.869341085, watcher.go:72] Checking for runtime processes
[DEBUG Sep 17 17:43:10.869310709, watcher.go:72] Checking for runtime processes
