[DEBUG Aug  2 08:05:59.514931995, defaults.go:273] Args: [/home1/wangfeim/.local/ActiveState/StateTool/release/bin/state-svc start]
[DEBUG Aug  2 08:05:59.528169248, locale.go:38] Init
[DEBUG Aug  2 08:05:59.738847231, errs.go:68] Created error: File could not be found
[DEBUG Aug  2 08:05:59.742865360, errs.go:68] Created error: Not Recognized
[DEBUG Aug  2 08:05:59.766152070, errs.go:68] Created error: Secret not found
[DEBUG Aug  2 08:05:59.766207507, errs.go:68] Created error: Could not save keypair
[DEBUG Aug  2 08:05:59.766390557, errs.go:68] Created error: Build responded with error
[DEBUG Aug  2 08:05:59.766427420, errs.go:68] Created error: Unknown build type
[DEBUG Aug  2 08:05:59.766558102, errors.go:86] Wrapped localized error: <nil> -- with: The installed version of the State Tool Service does not match that of the client.
Please stop the service with [ACTIONABLE]state-svc stop[/RESET] and try your command again.
If this issue persists please reinstall the State Tool.

[DEBUG Aug  2 08:05:59.766573299, errs.go:68] Created error: no data
[DEBUG Aug  2 08:05:59.766599967, errs.go:68] Created error: member not found
[DEBUG Aug  2 08:05:59.766625050, errs.go:68] Created error: Commit count is unknowable
[DEBUG Aug  2 08:05:59.766655449, errs.go:68] Created error: No merge required
[DEBUG Aug  2 08:05:59.766679043, errs.go:68] Created error: Can't merge commit thats already in target commits history
[DEBUG Aug  2 08:05:59.766705128, errs.go:68] Created error: Bad expander name
[DEBUG Aug  2 08:05:59.766727821, errs.go:68] Created error: Expander has no handler
[DEBUG Aug  2 08:05:59.767853525, errs.go:68] Created error: Service is already running
[DEBUG Aug  2 08:05:59.801481253, secrets.go:35] Gcloud Secretmanager failed to initialize (ignore if you're not trying to use gcloud): google: could not find default credentials. See https://developers.google.com/accounts/docs/application-default-credentials for more information.
[DEBUG Aug  2 08:05:59.805008057, output.go:53] Requested outputer for 
[DEBUG Aug  2 08:05:59.805033217, output.go:58] Using Plain outputer
[DEBUG Aug  2 08:05:59.805132015, termutils.go:17] Cannot get terminal size: inappropriate ioctl for device
[DEBUG Aug  2 08:05:59.805211607, client.go:128] Reporting event to 2 reporters: run-command, state-svc start, 
[DEBUG Aug  2 08:05:59.805298933, main.go:107] Running CmdStart
[DEBUG Aug  2 08:05:59.811397919, errs.go:75] Wrapped error: Service is already running -- with: valueF failed
[DEBUG Aug  2 08:05:59.811467284, errs.go:75] Wrapped error: valueF failed -- with: Could not store pid
[DEBUG Aug  2 08:05:59.811561520, errors.go:113] Wrapped input error: Could not store pid -- with: A State Service instance is already running in the background.
[DEBUG Aug  2 08:05:59.811578565, errs.go:75] Wrapped error: A State Service instance is already running in the background. -- with: Could not start serviceManager
[DEBUG Aug  2 08:05:59.811703322, client.go:128] Reporting event to 2 reporters: command-exit, state-svc start, 1
[DEBUG Aug  2 08:06:00.197876209, errs.go:75] Wrapped error: <nil> -- with: Could not start serviceManager: A State Service instance is already running in the background.: Could not store pid: valueF failed: Service is already running
[DEBUG Aug  2 08:06:00.197940164, main.go:61] state-svc errored out due to input: Could not start serviceManager: A State Service instance is already running in the background.: Could not store pid: valueF failed: Service is already running
