[DEBUG Aug  2 07:51:23.131000715, defaults.go:273] Args: [/home1/wangfeim/.local/ActiveState/StateTool/release/bin/state-svc start]
[DEBUG Aug  2 07:51:23.145610239, locale.go:38] Init
[DEBUG Aug  2 07:51:23.212918782, errs.go:68] Created error: File could not be found
[DEBUG Aug  2 07:51:23.217675127, errs.go:68] Created error: Not Recognized
[DEBUG Aug  2 07:51:23.237498407, errs.go:68] Created error: Secret not found
[DEBUG Aug  2 07:51:23.237551818, errs.go:68] Created error: Could not save keypair
[DEBUG Aug  2 07:51:23.237709863, errs.go:68] Created error: Build responded with error
[DEBUG Aug  2 07:51:23.237742508, errs.go:68] Created error: Unknown build type
[DEBUG Aug  2 07:51:23.237846978, errors.go:86] Wrapped localized error: <nil> -- with: The installed version of the State Tool Service does not match that of the client.
Please stop the service with [ACTIONABLE]state-svc stop[/RESET] and try your command again.
If this issue persists please reinstall the State Tool.

[DEBUG Aug  2 07:51:23.237859983, errs.go:68] Created error: no data
[DEBUG Aug  2 07:51:23.237882748, errs.go:68] Created error: member not found
[DEBUG Aug  2 07:51:23.237930928, errs.go:68] Created error: Commit count is unknowable
[DEBUG Aug  2 07:51:23.237965166, errs.go:68] Created error: No merge required
[DEBUG Aug  2 07:51:23.237988623, errs.go:68] Created error: Can't merge commit thats already in target commits history
[DEBUG Aug  2 07:51:23.238015722, errs.go:68] Created error: Bad expander name
[DEBUG Aug  2 07:51:23.238038191, errs.go:68] Created error: Expander has no handler
[DEBUG Aug  2 07:51:23.239134709, errs.go:68] Created error: Service is already running
[DEBUG Aug  2 07:51:23.294611243, secrets.go:35] Gcloud Secretmanager failed to initialize (ignore if you're not trying to use gcloud): google: could not find default credentials. See https://developers.google.com/accounts/docs/application-default-credentials for more information.
[DEBUG Aug  2 07:51:23.298401495, output.go:53] Requested outputer for 
[DEBUG Aug  2 07:51:23.298423773, output.go:58] Using Plain outputer
[DEBUG Aug  2 07:51:23.298502404, termutils.go:17] Cannot get terminal size: inappropriate ioctl for device
[DEBUG Aug  2 07:51:23.298612614, client.go:128] Reporting event to 2 reporters: run-command, state-svc start, 
[DEBUG Aug  2 07:51:23.298667671, main.go:107] Running CmdStart
[DEBUG Aug  2 07:51:23.304760419, errs.go:75] Wrapped error: Service is already running -- with: valueF failed
[DEBUG Aug  2 07:51:23.304819520, errs.go:75] Wrapped error: valueF failed -- with: Could not store pid
[DEBUG Aug  2 07:51:23.304902716, errors.go:113] Wrapped input error: Could not store pid -- with: A State Service instance is already running in the background.
[DEBUG Aug  2 07:51:23.304915743, errs.go:75] Wrapped error: A State Service instance is already running in the background. -- with: Could not start serviceManager
[DEBUG Aug  2 07:51:23.304988114, client.go:128] Reporting event to 2 reporters: command-exit, state-svc start, 1
[DEBUG Aug  2 07:51:23.655735821, errs.go:75] Wrapped error: <nil> -- with: Could not start serviceManager: A State Service instance is already running in the background.: Could not store pid: valueF failed: Service is already running
[DEBUG Aug  2 07:51:23.655815013, main.go:61] state-svc errored out due to input: Could not start serviceManager: A State Service instance is already running in the background.: Could not store pid: valueF failed: Service is already running
