[DEBUG Aug  2 07:57:08.127873800, defaults.go:273] Args: [/home1/wangfeim/.local/ActiveState/StateTool/release/bin/state-svc start]
[DEBUG Aug  2 07:57:08.141714452, locale.go:38] Init
[DEBUG Aug  2 07:57:08.217014095, errs.go:68] Created error: File could not be found
[DEBUG Aug  2 07:57:08.219982426, errs.go:68] Created error: Not Recognized
[DEBUG Aug  2 07:57:08.242126393, errs.go:68] Created error: Secret not found
[DEBUG Aug  2 07:57:08.242178437, errs.go:68] Created error: Could not save keypair
[DEBUG Aug  2 07:57:08.242350641, errs.go:68] Created error: Build responded with error
[DEBUG Aug  2 07:57:08.242388171, errs.go:68] Created error: Unknown build type
[DEBUG Aug  2 07:57:08.242510750, errors.go:86] Wrapped localized error: <nil> -- with: The installed version of the State Tool Service does not match that of the client.
Please stop the service with [ACTIONABLE]state-svc stop[/RESET] and try your command again.
If this issue persists please reinstall the State Tool.

[DEBUG Aug  2 07:57:08.242526046, errs.go:68] Created error: no data
[DEBUG Aug  2 07:57:08.242570454, errs.go:68] Created error: member not found
[DEBUG Aug  2 07:57:08.242599993, errs.go:68] Created error: Commit count is unknowable
[DEBUG Aug  2 07:57:08.242629417, errs.go:68] Created error: No merge required
[DEBUG Aug  2 07:57:08.242653899, errs.go:68] Created error: Can't merge commit thats already in target commits history
[DEBUG Aug  2 07:57:08.242678738, errs.go:68] Created error: Bad expander name
[DEBUG Aug  2 07:57:08.242703935, errs.go:68] Created error: Expander has no handler
[DEBUG Aug  2 07:57:08.243791539, errs.go:68] Created error: Service is already running
[DEBUG Aug  2 07:57:08.274503632, secrets.go:35] Gcloud Secretmanager failed to initialize (ignore if you're not trying to use gcloud): google: could not find default credentials. See https://developers.google.com/accounts/docs/application-default-credentials for more information.
[DEBUG Aug  2 07:57:08.280856049, output.go:53] Requested outputer for 
[DEBUG Aug  2 07:57:08.280882879, output.go:58] Using Plain outputer
[DEBUG Aug  2 07:57:08.280976841, termutils.go:17] Cannot get terminal size: inappropriate ioctl for device
[DEBUG Aug  2 07:57:08.281059273, client.go:128] Reporting event to 2 reporters: run-command, state-svc start, 
[DEBUG Aug  2 07:57:08.281151737, main.go:107] Running CmdStart
[DEBUG Aug  2 07:57:08.287821048, errs.go:75] Wrapped error: Service is already running -- with: valueF failed
[DEBUG Aug  2 07:57:08.287885500, errs.go:75] Wrapped error: valueF failed -- with: Could not store pid
[DEBUG Aug  2 07:57:08.287956981, errors.go:113] Wrapped input error: Could not store pid -- with: A State Service instance is already running in the background.
[DEBUG Aug  2 07:57:08.287971888, errs.go:75] Wrapped error: A State Service instance is already running in the background. -- with: Could not start serviceManager
[DEBUG Aug  2 07:57:08.288043680, client.go:128] Reporting event to 2 reporters: command-exit, state-svc start, 1
[DEBUG Aug  2 07:57:08.625921116, errs.go:75] Wrapped error: <nil> -- with: Could not start serviceManager: A State Service instance is already running in the background.: Could not store pid: valueF failed: Service is already running
[DEBUG Aug  2 07:57:08.625980331, main.go:61] state-svc errored out due to input: Could not start serviceManager: A State Service instance is already running in the background.: Could not store pid: valueF failed: Service is already running
