[DEBUG Aug  2 07:37:48.728824997, defaults.go:273] Args: [/home1/wangfeim/.local/ActiveState/StateTool/release/bin/state-svc start]
[DEBUG Aug  2 07:37:48.743417233, locale.go:38] Init
[DEBUG Aug  2 07:37:48.814952371, errs.go:68] Created error: File could not be found
[DEBUG Aug  2 07:37:48.817873178, errs.go:68] Created error: Not Recognized
[DEBUG Aug  2 07:37:48.890756391, errs.go:68] Created error: Secret not found
[DEBUG Aug  2 07:37:48.890805669, errs.go:68] Created error: Could not save keypair
[DEBUG Aug  2 07:37:48.890958265, errs.go:68] Created error: Build responded with error
[DEBUG Aug  2 07:37:48.890982866, errs.go:68] Created error: Unknown build type
[DEBUG Aug  2 07:37:48.891095695, errors.go:86] Wrapped localized error: <nil> -- with: The installed version of the State Tool Service does not match that of the client.
Please stop the service with [ACTIONABLE]state-svc stop[/RESET] and try your command again.
If this issue persists please reinstall the State Tool.

[DEBUG Aug  2 07:37:48.891108910, errs.go:68] Created error: no data
[DEBUG Aug  2 07:37:48.891130735, errs.go:68] Created error: member not found
[DEBUG Aug  2 07:37:48.891161350, errs.go:68] Created error: Commit count is unknowable
[DEBUG Aug  2 07:37:48.891182760, errs.go:68] Created error: No merge required
[DEBUG Aug  2 07:37:48.891203426, errs.go:68] Created error: Can't merge commit thats already in target commits history
[DEBUG Aug  2 07:37:48.891226333, errs.go:68] Created error: Bad expander name
[DEBUG Aug  2 07:37:48.891254808, errs.go:68] Created error: Expander has no handler
[DEBUG Aug  2 07:37:48.892365787, errs.go:68] Created error: Service is already running
[DEBUG Aug  2 07:37:48.918313635, secrets.go:35] Gcloud Secretmanager failed to initialize (ignore if you're not trying to use gcloud): google: could not find default credentials. See https://developers.google.com/accounts/docs/application-default-credentials for more information.
[DEBUG Aug  2 07:37:48.921291937, output.go:53] Requested outputer for 
[DEBUG Aug  2 07:37:48.921312180, output.go:58] Using Plain outputer
[DEBUG Aug  2 07:37:48.921396484, termutils.go:17] Cannot get terminal size: inappropriate ioctl for device
[DEBUG Aug  2 07:37:48.921512828, client.go:128] Reporting event to 2 reporters: run-command, state-svc start, 
[DEBUG Aug  2 07:37:48.921549655, main.go:107] Running CmdStart
[DEBUG Aug  2 07:37:48.927392630, errs.go:75] Wrapped error: Service is already running -- with: valueF failed
[DEBUG Aug  2 07:37:48.927450962, errs.go:75] Wrapped error: valueF failed -- with: Could not store pid
[DEBUG Aug  2 07:37:48.927524469, errors.go:113] Wrapped input error: Could not store pid -- with: A State Service instance is already running in the background.
[DEBUG Aug  2 07:37:48.927545970, errs.go:75] Wrapped error: A State Service instance is already running in the background. -- with: Could not start serviceManager
[DEBUG Aug  2 07:37:48.927630346, client.go:128] Reporting event to 2 reporters: command-exit, state-svc start, 1
[DEBUG Aug  2 07:37:49.299759523, errs.go:75] Wrapped error: <nil> -- with: Could not start serviceManager: A State Service instance is already running in the background.: Could not store pid: valueF failed: Service is already running
[DEBUG Aug  2 07:37:49.299814463, main.go:61] state-svc errored out due to input: Could not start serviceManager: A State Service instance is already running in the background.: Could not store pid: valueF failed: Service is already running
