[DEBUG Aug  2 07:46:01.241859691, defaults.go:273] Args: [/home1/wangfeim/.local/ActiveState/StateTool/release/bin/state-svc start]
[DEBUG Aug  2 07:46:01.255653534, locale.go:38] Init
[DEBUG Aug  2 07:46:01.319706331, errs.go:68] Created error: File could not be found
[DEBUG Aug  2 07:46:01.323957446, errs.go:68] Created error: Not Recognized
[DEBUG Aug  2 07:46:01.395936855, errs.go:68] Created error: Secret not found
[DEBUG Aug  2 07:46:01.395989874, errs.go:68] Created error: Could not save keypair
[DEBUG Aug  2 07:46:01.396166324, errs.go:68] Created error: Build responded with error
[DEBUG Aug  2 07:46:01.396203762, errs.go:68] Created error: Unknown build type
[DEBUG Aug  2 07:46:01.396314244, errors.go:86] Wrapped localized error: <nil> -- with: The installed version of the State Tool Service does not match that of the client.
Please stop the service with [ACTIONABLE]state-svc stop[/RESET] and try your command again.
If this issue persists please reinstall the State Tool.

[DEBUG Aug  2 07:46:01.396332897, errs.go:68] Created error: no data
[DEBUG Aug  2 07:46:01.396362241, errs.go:68] Created error: member not found
[DEBUG Aug  2 07:46:01.396393039, errs.go:68] Created error: Commit count is unknowable
[DEBUG Aug  2 07:46:01.396416757, errs.go:68] Created error: No merge required
[DEBUG Aug  2 07:46:01.396439519, errs.go:68] Created error: Can't merge commit thats already in target commits history
[DEBUG Aug  2 07:46:01.396463680, errs.go:68] Created error: Bad expander name
[DEBUG Aug  2 07:46:01.396487083, errs.go:68] Created error: Expander has no handler
[DEBUG Aug  2 07:46:01.397629195, errs.go:68] Created error: Service is already running
[DEBUG Aug  2 07:46:01.424184480, secrets.go:35] Gcloud Secretmanager failed to initialize (ignore if you're not trying to use gcloud): google: could not find default credentials. See https://developers.google.com/accounts/docs/application-default-credentials for more information.
[DEBUG Aug  2 07:46:01.427422025, output.go:53] Requested outputer for 
[DEBUG Aug  2 07:46:01.427442462, output.go:58] Using Plain outputer
[DEBUG Aug  2 07:46:01.427523120, termutils.go:17] Cannot get terminal size: inappropriate ioctl for device
[DEBUG Aug  2 07:46:01.427619093, client.go:128] Reporting event to 2 reporters: run-command, state-svc start, 
[DEBUG Aug  2 07:46:01.427649098, main.go:107] Running CmdStart
[DEBUG Aug  2 07:46:01.436903107, errs.go:75] Wrapped error: Service is already running -- with: valueF failed
[DEBUG Aug  2 07:46:01.436965798, errs.go:75] Wrapped error: valueF failed -- with: Could not store pid
[DEBUG Aug  2 07:46:01.437064399, errors.go:113] Wrapped input error: Could not store pid -- with: A State Service instance is already running in the background.
[DEBUG Aug  2 07:46:01.437079868, errs.go:75] Wrapped error: A State Service instance is already running in the background. -- with: Could not start serviceManager
[DEBUG Aug  2 07:46:01.437180835, client.go:128] Reporting event to 2 reporters: command-exit, state-svc start, 1
[DEBUG Aug  2 07:46:01.808392876, errs.go:75] Wrapped error: <nil> -- with: Could not start serviceManager: A State Service instance is already running in the background.: Could not store pid: valueF failed: Service is already running
[DEBUG Aug  2 07:46:01.808477605, main.go:61] state-svc errored out due to input: Could not start serviceManager: A State Service instance is already running in the background.: Could not store pid: valueF failed: Service is already running
