[DEBUG Aug  2 08:13:57.054055509, defaults.go:273] Args: [/home1/wangfeim/.local/ActiveState/StateTool/release/bin/state-svc start]
[DEBUG Aug  2 08:13:57.068536968, locale.go:38] Init
[DEBUG Aug  2 08:13:57.324302600, errs.go:68] Created error: File could not be found
[DEBUG Aug  2 08:13:57.328008893, errs.go:68] Created error: Not Recognized
[DEBUG Aug  2 08:13:57.351679381, errs.go:68] Created error: Secret not found
[DEBUG Aug  2 08:13:57.351756557, errs.go:68] Created error: Could not save keypair
[DEBUG Aug  2 08:13:57.351975842, errs.go:68] Created error: Build responded with error
[DEBUG Aug  2 08:13:57.352010895, errs.go:68] Created error: Unknown build type
[DEBUG Aug  2 08:13:57.352142344, errors.go:86] Wrapped localized error: <nil> -- with: The installed version of the State Tool Service does not match that of the client.
Please stop the service with [ACTIONABLE]state-svc stop[/RESET] and try your command again.
If this issue persists please reinstall the State Tool.

[DEBUG Aug  2 08:13:57.352157834, errs.go:68] Created error: no data
[DEBUG Aug  2 08:13:57.352183757, errs.go:68] Created error: member not found
[DEBUG Aug  2 08:13:57.352211774, errs.go:68] Created error: Commit count is unknowable
[DEBUG Aug  2 08:13:57.352237404, errs.go:68] Created error: No merge required
[DEBUG Aug  2 08:13:57.352264247, errs.go:68] Created error: Can't merge commit thats already in target commits history
[DEBUG Aug  2 08:13:57.352289856, errs.go:68] Created error: Bad expander name
[DEBUG Aug  2 08:13:57.352314324, errs.go:68] Created error: Expander has no handler
[DEBUG Aug  2 08:13:57.353635219, errs.go:68] Created error: Service is already running
[DEBUG Aug  2 08:13:57.403845950, secrets.go:35] Gcloud Secretmanager failed to initialize (ignore if you're not trying to use gcloud): google: could not find default credentials. See https://developers.google.com/accounts/docs/application-default-credentials for more information.
[DEBUG Aug  2 08:13:57.407566862, output.go:53] Requested outputer for 
[DEBUG Aug  2 08:13:57.407587813, output.go:58] Using Plain outputer
[DEBUG Aug  2 08:13:57.407661429, termutils.go:17] Cannot get terminal size: inappropriate ioctl for device
[DEBUG Aug  2 08:13:57.407779097, client.go:128] Reporting event to 2 reporters: run-command, state-svc start, 
[DEBUG Aug  2 08:13:57.407816938, main.go:107] Running CmdStart
[DEBUG Aug  2 08:13:57.415714999, errs.go:75] Wrapped error: Service is already running -- with: valueF failed
[DEBUG Aug  2 08:13:57.415772133, errs.go:75] Wrapped error: valueF failed -- with: Could not store pid
[DEBUG Aug  2 08:13:57.415849203, errors.go:113] Wrapped input error: Could not store pid -- with: A State Service instance is already running in the background.
[DEBUG Aug  2 08:13:57.415863645, errs.go:75] Wrapped error: A State Service instance is already running in the background. -- with: Could not start serviceManager
[DEBUG Aug  2 08:13:57.415963032, client.go:128] Reporting event to 2 reporters: command-exit, state-svc start, 1
[DEBUG Aug  2 08:13:57.774644649, errs.go:75] Wrapped error: <nil> -- with: Could not start serviceManager: A State Service instance is already running in the background.: Could not store pid: valueF failed: Service is already running
[DEBUG Aug  2 08:13:57.774724208, main.go:61] state-svc errored out due to input: Could not start serviceManager: A State Service instance is already running in the background.: Could not store pid: valueF failed: Service is already running
