[DEBUG Aug  2 08:16:33.755710654, defaults.go:273] Args: [/home1/wangfeim/.local/ActiveState/StateTool/release/bin/state-svc start]
[DEBUG Aug  2 08:16:33.769999659, locale.go:38] Init
[DEBUG Aug  2 08:16:34.213764452, errs.go:68] Created error: File could not be found
[DEBUG Aug  2 08:16:34.217621529, errs.go:68] Created error: Not Recognized
[DEBUG Aug  2 08:16:34.240975763, errs.go:68] Created error: Secret not found
[DEBUG Aug  2 08:16:34.241038786, errs.go:68] Created error: Could not save keypair
[DEBUG Aug  2 08:16:34.241217600, errs.go:68] Created error: Build responded with error
[DEBUG Aug  2 08:16:34.241254089, errs.go:68] Created error: Unknown build type
[DEBUG Aug  2 08:16:34.241399168, errors.go:86] Wrapped localized error: <nil> -- with: The installed version of the State Tool Service does not match that of the client.
Please stop the service with [ACTIONABLE]state-svc stop[/RESET] and try your command again.
If this issue persists please reinstall the State Tool.

[DEBUG Aug  2 08:16:34.241415177, errs.go:68] Created error: no data
[DEBUG Aug  2 08:16:34.241440244, errs.go:68] Created error: member not found
[DEBUG Aug  2 08:16:34.241465238, errs.go:68] Created error: Commit count is unknowable
[DEBUG Aug  2 08:16:34.241488986, errs.go:68] Created error: No merge required
[DEBUG Aug  2 08:16:34.241511627, errs.go:68] Created error: Can't merge commit thats already in target commits history
[DEBUG Aug  2 08:16:34.241536538, errs.go:68] Created error: Bad expander name
[DEBUG Aug  2 08:16:34.241568860, errs.go:68] Created error: Expander has no handler
[DEBUG Aug  2 08:16:34.242758476, errs.go:68] Created error: Service is already running
[DEBUG Aug  2 08:16:34.303833770, secrets.go:35] Gcloud Secretmanager failed to initialize (ignore if you're not trying to use gcloud): google: could not find default credentials. See https://developers.google.com/accounts/docs/application-default-credentials for more information.
[DEBUG Aug  2 08:16:34.308748678, output.go:53] Requested outputer for 
[DEBUG Aug  2 08:16:34.308781149, output.go:58] Using Plain outputer
[DEBUG Aug  2 08:16:34.308872933, termutils.go:17] Cannot get terminal size: inappropriate ioctl for device
[DEBUG Aug  2 08:16:34.308965842, client.go:128] Reporting event to 2 reporters: run-command, state-svc start, 
[DEBUG Aug  2 08:16:34.309015495, main.go:107] Running CmdStart
[DEBUG Aug  2 08:16:34.315311919, errs.go:75] Wrapped error: Service is already running -- with: valueF failed
[DEBUG Aug  2 08:16:34.315373734, errs.go:75] Wrapped error: valueF failed -- with: Could not store pid
[DEBUG Aug  2 08:16:34.315447716, errors.go:113] Wrapped input error: Could not store pid -- with: A State Service instance is already running in the background.
[DEBUG Aug  2 08:16:34.315463263, errs.go:75] Wrapped error: A State Service instance is already running in the background. -- with: Could not start serviceManager
[DEBUG Aug  2 08:16:34.315534707, client.go:128] Reporting event to 2 reporters: command-exit, state-svc start, 1
[DEBUG Aug  2 08:16:34.693557351, errs.go:75] Wrapped error: <nil> -- with: Could not start serviceManager: A State Service instance is already running in the background.: Could not store pid: valueF failed: Service is already running
[DEBUG Aug  2 08:16:34.693618711, main.go:61] state-svc errored out due to input: Could not start serviceManager: A State Service instance is already running in the background.: Could not store pid: valueF failed: Service is already running
