[DEBUG Aug  2 08:19:06.062362822, defaults.go:273] Args: [/home1/wangfeim/.local/ActiveState/StateTool/release/bin/state-svc start]
[DEBUG Aug  2 08:19:06.077332626, locale.go:38] Init
[DEBUG Aug  2 08:19:06.185794975, errs.go:68] Created error: File could not be found
[DEBUG Aug  2 08:19:06.189198985, errs.go:68] Created error: Not Recognized
[DEBUG Aug  2 08:19:06.212659631, errs.go:68] Created error: Secret not found
[DEBUG Aug  2 08:19:06.212731581, errs.go:68] Created error: Could not save keypair
[DEBUG Aug  2 08:19:06.212931027, errs.go:68] Created error: Build responded with error
[DEBUG Aug  2 08:19:06.212963268, errs.go:68] Created error: Unknown build type
[DEBUG Aug  2 08:19:06.213112700, errors.go:86] Wrapped localized error: <nil> -- with: The installed version of the State Tool Service does not match that of the client.
Please stop the service with [ACTIONABLE]state-svc stop[/RESET] and try your command again.
If this issue persists please reinstall the State Tool.

[DEBUG Aug  2 08:19:06.213131387, errs.go:68] Created error: no data
[DEBUG Aug  2 08:19:06.213157786, errs.go:68] Created error: member not found
[DEBUG Aug  2 08:19:06.213183628, errs.go:68] Created error: Commit count is unknowable
[DEBUG Aug  2 08:19:06.213206708, errs.go:68] Created error: No merge required
[DEBUG Aug  2 08:19:06.213235746, errs.go:68] Created error: Can't merge commit thats already in target commits history
[DEBUG Aug  2 08:19:06.213261836, errs.go:68] Created error: Bad expander name
[DEBUG Aug  2 08:19:06.213285075, errs.go:68] Created error: Expander has no handler
[DEBUG Aug  2 08:19:06.214598992, errs.go:68] Created error: Service is already running
[DEBUG Aug  2 08:19:06.285692204, secrets.go:35] Gcloud Secretmanager failed to initialize (ignore if you're not trying to use gcloud): google: could not find default credentials. See https://developers.google.com/accounts/docs/application-default-credentials for more information.
[DEBUG Aug  2 08:19:06.289129293, output.go:53] Requested outputer for 
[DEBUG Aug  2 08:19:06.289153274, output.go:58] Using Plain outputer
[DEBUG Aug  2 08:19:06.289236631, termutils.go:17] Cannot get terminal size: inappropriate ioctl for device
[DEBUG Aug  2 08:19:06.289372188, client.go:128] Reporting event to 2 reporters: run-command, state-svc start, 
[DEBUG Aug  2 08:19:06.289385994, main.go:107] Running CmdStart
[DEBUG Aug  2 08:19:06.297221932, errs.go:75] Wrapped error: Service is already running -- with: valueF failed
[DEBUG Aug  2 08:19:06.297293951, errs.go:75] Wrapped error: valueF failed -- with: Could not store pid
[DEBUG Aug  2 08:19:06.297396780, errors.go:113] Wrapped input error: Could not store pid -- with: A State Service instance is already running in the background.
[DEBUG Aug  2 08:19:06.297417739, errs.go:75] Wrapped error: A State Service instance is already running in the background. -- with: Could not start serviceManager
[DEBUG Aug  2 08:19:06.297528171, client.go:128] Reporting event to 2 reporters: command-exit, state-svc start, 1
[DEBUG Aug  2 08:19:06.660600603, errs.go:75] Wrapped error: <nil> -- with: Could not start serviceManager: A State Service instance is already running in the background.: Could not store pid: valueF failed: Service is already running
[DEBUG Aug  2 08:19:06.660670486, main.go:61] state-svc errored out due to input: Could not start serviceManager: A State Service instance is already running in the background.: Could not store pid: valueF failed: Service is already running
