[DEBUG Sep 18 01:11:09.058768418, defaults.go:273] Args: [/home1/wangfeim/.local/ActiveState/StateTool/release/bin/state-svc start]
[DEBUG Sep 18 01:11:09.074813002, locale.go:38] Init
[DEBUG Sep 18 01:11:09.108489658, errs.go:68] Created error: File could not be found
[DEBUG Sep 18 01:11:09.112195333, errs.go:68] Created error: Not Recognized
[DEBUG Sep 18 01:11:09.137481615, errs.go:68] Created error: Secret not found
[DEBUG Sep 18 01:11:09.137541206, errs.go:68] Created error: Could not save keypair
[DEBUG Sep 18 01:11:09.137742409, errs.go:68] Created error: Build responded with error
[DEBUG Sep 18 01:11:09.137780855, errs.go:68] Created error: Unknown build type
[DEBUG Sep 18 01:11:09.137918110, errors.go:86] Wrapped localized error: <nil> -- with: The installed version of the State Tool Service does not match that of the client.
Please stop the service with [ACTIONABLE]state-svc stop[/RESET] and try your command again.
If this issue persists please reinstall the State Tool.

[DEBUG Sep 18 01:11:09.137931257, errs.go:68] Created error: no data
[DEBUG Sep 18 01:11:09.137955598, errs.go:68] Created error: member not found
[DEBUG Sep 18 01:11:09.137978914, errs.go:68] Created error: Commit count is unknowable
[DEBUG Sep 18 01:11:09.138001863, errs.go:68] Created error: No merge required
[DEBUG Sep 18 01:11:09.138023716, errs.go:68] Created error: Can't merge commit thats already in target commits history
[DEBUG Sep 18 01:11:09.138046916, errs.go:68] Created error: Bad expander name
[DEBUG Sep 18 01:11:09.138068984, errs.go:68] Created error: Expander has no handler
[DEBUG Sep 18 01:11:09.139670429, errs.go:68] Created error: Service is already running
[DEBUG Sep 18 01:11:09.174497729, secrets.go:35] Gcloud Secretmanager failed to initialize (ignore if you're not trying to use gcloud): google: could not find default credentials. See https://developers.google.com/accounts/docs/application-default-credentials for more information.
[DEBUG Sep 18 01:11:09.178038124, output.go:53] Requested outputer for 
[DEBUG Sep 18 01:11:09.178058707, output.go:58] Using Plain outputer
[DEBUG Sep 18 01:11:09.178134008, termutils.go:17] Cannot get terminal size: inappropriate ioctl for device
[DEBUG Sep 18 01:11:09.178242862, main.go:107] Running CmdStart
[DEBUG Sep 18 01:11:09.179219744, exeutils.go:149] Executing: /home1/wangfeim/.local/ActiveState/StateTool/release/bin/state-svc [foreground]
[DEBUG Sep 18 01:11:09.183001805, manager.go:68] Process started using pid 18417
[DEBUG Sep 18 01:11:09.183057848, client.go:128] Reporting event to 2 reporters: command-exit, state-svc start, 0
[DEBUG Sep 18 01:11:09.183335925, client.go:128] Reporting event to 2 reporters: run-command, state-svc start, 
