[DEBUG Aug  2 07:53:56.418768587, defaults.go:273] Args: [/home1/wangfeim/.local/ActiveState/StateTool/release/bin/state-svc start]
[DEBUG Aug  2 07:53:56.432435567, locale.go:38] Init
[DEBUG Aug  2 07:53:56.502893056, errs.go:68] Created error: File could not be found
[DEBUG Aug  2 07:53:56.505977463, errs.go:68] Created error: Not Recognized
[DEBUG Aug  2 07:53:56.528153771, errs.go:68] Created error: Secret not found
[DEBUG Aug  2 07:53:56.528202478, errs.go:68] Created error: Could not save keypair
[DEBUG Aug  2 07:53:56.528368085, errs.go:68] Created error: Build responded with error
[DEBUG Aug  2 07:53:56.528394631, errs.go:68] Created error: Unknown build type
[DEBUG Aug  2 07:53:56.528524643, errors.go:86] Wrapped localized error: <nil> -- with: The installed version of the State Tool Service does not match that of the client.
Please stop the service with [ACTIONABLE]state-svc stop[/RESET] and try your command again.
If this issue persists please reinstall the State Tool.

[DEBUG Aug  2 07:53:56.528552229, errs.go:68] Created error: no data
[DEBUG Aug  2 07:53:56.528575271, errs.go:68] Created error: member not found
[DEBUG Aug  2 07:53:56.528596700, errs.go:68] Created error: Commit count is unknowable
[DEBUG Aug  2 07:53:56.528616660, errs.go:68] Created error: No merge required
[DEBUG Aug  2 07:53:56.528641695, errs.go:68] Created error: Can't merge commit thats already in target commits history
[DEBUG Aug  2 07:53:56.528665917, errs.go:68] Created error: Bad expander name
[DEBUG Aug  2 07:53:56.528687835, errs.go:68] Created error: Expander has no handler
[DEBUG Aug  2 07:53:56.529731685, errs.go:68] Created error: Service is already running
[DEBUG Aug  2 07:53:56.595335523, secrets.go:35] Gcloud Secretmanager failed to initialize (ignore if you're not trying to use gcloud): google: could not find default credentials. See https://developers.google.com/accounts/docs/application-default-credentials for more information.
[DEBUG Aug  2 07:53:56.600083503, output.go:53] Requested outputer for 
[DEBUG Aug  2 07:53:56.600107494, output.go:58] Using Plain outputer
[DEBUG Aug  2 07:53:56.600190041, termutils.go:17] Cannot get terminal size: inappropriate ioctl for device
[DEBUG Aug  2 07:53:56.600342837, client.go:128] Reporting event to 2 reporters: run-command, state-svc start, 
[DEBUG Aug  2 07:53:56.600399083, main.go:107] Running CmdStart
[DEBUG Aug  2 07:53:56.606456924, errs.go:75] Wrapped error: Service is already running -- with: valueF failed
[DEBUG Aug  2 07:53:56.606522350, errs.go:75] Wrapped error: valueF failed -- with: Could not store pid
[DEBUG Aug  2 07:53:56.606605213, errors.go:113] Wrapped input error: Could not store pid -- with: A State Service instance is already running in the background.
[DEBUG Aug  2 07:53:56.606619856, errs.go:75] Wrapped error: A State Service instance is already running in the background. -- with: Could not start serviceManager
[DEBUG Aug  2 07:53:56.606702480, client.go:128] Reporting event to 2 reporters: command-exit, state-svc start, 1
[DEBUG Aug  2 07:53:56.985249619, errs.go:75] Wrapped error: <nil> -- with: Could not start serviceManager: A State Service instance is already running in the background.: Could not store pid: valueF failed: Service is already running
[DEBUG Aug  2 07:53:56.985306500, main.go:61] state-svc errored out due to input: Could not start serviceManager: A State Service instance is already running in the background.: Could not store pid: valueF failed: Service is already running
