[DEBUG Aug  2 08:08:21.362592042, defaults.go:273] Args: [/home1/wangfeim/.local/ActiveState/StateTool/release/bin/state-svc start]
[DEBUG Aug  2 08:08:21.377180181, locale.go:38] Init
[DEBUG Aug  2 08:08:21.513599108, errs.go:68] Created error: File could not be found
[DEBUG Aug  2 08:08:21.516772314, errs.go:68] Created error: Not Recognized
[DEBUG Aug  2 08:08:21.538650722, errs.go:68] Created error: Secret not found
[DEBUG Aug  2 08:08:21.538705788, errs.go:68] Created error: Could not save keypair
[DEBUG Aug  2 08:08:21.538880430, errs.go:68] Created error: Build responded with error
[DEBUG Aug  2 08:08:21.538921962, errs.go:68] Created error: Unknown build type
[DEBUG Aug  2 08:08:21.539058020, errors.go:86] Wrapped localized error: <nil> -- with: The installed version of the State Tool Service does not match that of the client.
Please stop the service with [ACTIONABLE]state-svc stop[/RESET] and try your command again.
If this issue persists please reinstall the State Tool.

[DEBUG Aug  2 08:08:21.539073108, errs.go:68] Created error: no data
[DEBUG Aug  2 08:08:21.539098269, errs.go:68] Created error: member not found
[DEBUG Aug  2 08:08:21.539129194, errs.go:68] Created error: Commit count is unknowable
[DEBUG Aug  2 08:08:21.539152488, errs.go:68] Created error: No merge required
[DEBUG Aug  2 08:08:21.539176074, errs.go:68] Created error: Can't merge commit thats already in target commits history
[DEBUG Aug  2 08:08:21.539200929, errs.go:68] Created error: Bad expander name
[DEBUG Aug  2 08:08:21.539224780, errs.go:68] Created error: Expander has no handler
[DEBUG Aug  2 08:08:21.540376622, errs.go:68] Created error: Service is already running
[DEBUG Aug  2 08:08:21.593690082, secrets.go:35] Gcloud Secretmanager failed to initialize (ignore if you're not trying to use gcloud): google: could not find default credentials. See https://developers.google.com/accounts/docs/application-default-credentials for more information.
[DEBUG Aug  2 08:08:21.597568759, output.go:53] Requested outputer for 
[DEBUG Aug  2 08:08:21.597589425, output.go:58] Using Plain outputer
[DEBUG Aug  2 08:08:21.597665698, termutils.go:17] Cannot get terminal size: inappropriate ioctl for device
[DEBUG Aug  2 08:08:21.597744318, client.go:128] Reporting event to 2 reporters: run-command, state-svc start, 
[DEBUG Aug  2 08:08:21.597941503, main.go:107] Running CmdStart
[DEBUG Aug  2 08:08:21.603754636, errs.go:75] Wrapped error: Service is already running -- with: valueF failed
[DEBUG Aug  2 08:08:21.603819067, errs.go:75] Wrapped error: valueF failed -- with: Could not store pid
[DEBUG Aug  2 08:08:21.603895353, errors.go:113] Wrapped input error: Could not store pid -- with: A State Service instance is already running in the background.
[DEBUG Aug  2 08:08:21.603910191, errs.go:75] Wrapped error: A State Service instance is already running in the background. -- with: Could not start serviceManager
[DEBUG Aug  2 08:08:21.603978007, client.go:128] Reporting event to 2 reporters: command-exit, state-svc start, 1
[DEBUG Aug  2 08:08:21.985006153, errs.go:75] Wrapped error: <nil> -- with: Could not start serviceManager: A State Service instance is already running in the background.: Could not store pid: valueF failed: Service is already running
[DEBUG Aug  2 08:08:21.985117344, main.go:61] state-svc errored out due to input: Could not start serviceManager: A State Service instance is already running in the background.: Could not store pid: valueF failed: Service is already running
