[DEBUG Aug  2 07:40:26.943281077, defaults.go:273] Args: [/home1/wangfeim/.local/ActiveState/StateTool/release/bin/state-svc start]
[DEBUG Aug  2 07:40:26.998606495, locale.go:38] Init
[DEBUG Aug  2 07:40:27.093378890, errs.go:68] Created error: File could not be found
[DEBUG Aug  2 07:40:27.096653010, errs.go:68] Created error: Not Recognized
[DEBUG Aug  2 07:40:27.117929729, errs.go:68] Created error: Secret not found
[DEBUG Aug  2 07:40:27.117987234, errs.go:68] Created error: Could not save keypair
[DEBUG Aug  2 07:40:27.118168355, errs.go:68] Created error: Build responded with error
[DEBUG Aug  2 07:40:27.118197564, errs.go:68] Created error: Unknown build type
[DEBUG Aug  2 07:40:27.118326170, errors.go:86] Wrapped localized error: <nil> -- with: The installed version of the State Tool Service does not match that of the client.
Please stop the service with [ACTIONABLE]state-svc stop[/RESET] and try your command again.
If this issue persists please reinstall the State Tool.

[DEBUG Aug  2 07:40:27.118341692, errs.go:68] Created error: no data
[DEBUG Aug  2 07:40:27.118373061, errs.go:68] Created error: member not found
[DEBUG Aug  2 07:40:27.118397508, errs.go:68] Created error: Commit count is unknowable
[DEBUG Aug  2 07:40:27.118426589, errs.go:68] Created error: No merge required
[DEBUG Aug  2 07:40:27.118455161, errs.go:68] Created error: Can't merge commit thats already in target commits history
[DEBUG Aug  2 07:40:27.118483629, errs.go:68] Created error: Bad expander name
[DEBUG Aug  2 07:40:27.118507362, errs.go:68] Created error: Expander has no handler
[DEBUG Aug  2 07:40:27.119667871, errs.go:68] Created error: Service is already running
[DEBUG Aug  2 07:40:27.146211975, secrets.go:35] Gcloud Secretmanager failed to initialize (ignore if you're not trying to use gcloud): google: could not find default credentials. See https://developers.google.com/accounts/docs/application-default-credentials for more information.
[DEBUG Aug  2 07:40:27.150432970, output.go:53] Requested outputer for 
[DEBUG Aug  2 07:40:27.150456703, output.go:58] Using Plain outputer
[DEBUG Aug  2 07:40:27.150561024, termutils.go:17] Cannot get terminal size: inappropriate ioctl for device
[DEBUG Aug  2 07:40:27.150642777, client.go:128] Reporting event to 2 reporters: run-command, state-svc start, 
[DEBUG Aug  2 07:40:27.150709724, main.go:107] Running CmdStart
[DEBUG Aug  2 07:40:27.158364752, errs.go:75] Wrapped error: Service is already running -- with: valueF failed
[DEBUG Aug  2 07:40:27.158425463, errs.go:75] Wrapped error: valueF failed -- with: Could not store pid
[DEBUG Aug  2 07:40:27.158502881, errors.go:113] Wrapped input error: Could not store pid -- with: A State Service instance is already running in the background.
[DEBUG Aug  2 07:40:27.158518132, errs.go:75] Wrapped error: A State Service instance is already running in the background. -- with: Could not start serviceManager
[DEBUG Aug  2 07:40:27.158620202, client.go:128] Reporting event to 2 reporters: command-exit, state-svc start, 1
[DEBUG Aug  2 07:40:27.517985011, errs.go:75] Wrapped error: <nil> -- with: Could not start serviceManager: A State Service instance is already running in the background.: Could not store pid: valueF failed: Service is already running
[DEBUG Aug  2 07:40:27.518055853, main.go:61] state-svc errored out due to input: Could not start serviceManager: A State Service instance is already running in the background.: Could not store pid: valueF failed: Service is already running
