[DEBUG Aug  2 08:02:41.332390353, defaults.go:273] Args: [/home1/wangfeim/.local/ActiveState/StateTool/release/bin/state-svc start]
[DEBUG Aug  2 08:02:41.345434855, locale.go:38] Init
[DEBUG Aug  2 08:02:41.412401559, errs.go:68] Created error: File could not be found
[DEBUG Aug  2 08:02:41.415535917, errs.go:68] Created error: Not Recognized
[DEBUG Aug  2 08:02:41.485153344, errs.go:68] Created error: Secret not found
[DEBUG Aug  2 08:02:41.485235649, errs.go:68] Created error: Could not save keypair
[DEBUG Aug  2 08:02:41.485587818, errs.go:68] Created error: Build responded with error
[DEBUG Aug  2 08:02:41.485853575, errs.go:68] Created error: Unknown build type
[DEBUG Aug  2 08:02:41.485993400, errors.go:86] Wrapped localized error: <nil> -- with: The installed version of the State Tool Service does not match that of the client.
Please stop the service with [ACTIONABLE]state-svc stop[/RESET] and try your command again.
If this issue persists please reinstall the State Tool.

[DEBUG Aug  2 08:02:41.486011279, errs.go:68] Created error: no data
[DEBUG Aug  2 08:02:41.486037789, errs.go:68] Created error: member not found
[DEBUG Aug  2 08:02:41.486061385, errs.go:68] Created error: Commit count is unknowable
[DEBUG Aug  2 08:02:41.486085573, errs.go:68] Created error: No merge required
[DEBUG Aug  2 08:02:41.486111200, errs.go:68] Created error: Can't merge commit thats already in target commits history
[DEBUG Aug  2 08:02:41.486138528, errs.go:68] Created error: Bad expander name
[DEBUG Aug  2 08:02:41.486164415, errs.go:68] Created error: Expander has no handler
[DEBUG Aug  2 08:02:41.487266646, errs.go:68] Created error: Service is already running
[DEBUG Aug  2 08:02:41.512244872, secrets.go:35] Gcloud Secretmanager failed to initialize (ignore if you're not trying to use gcloud): google: could not find default credentials. See https://developers.google.com/accounts/docs/application-default-credentials for more information.
[DEBUG Aug  2 08:02:41.515491243, output.go:53] Requested outputer for 
[DEBUG Aug  2 08:02:41.515512722, output.go:58] Using Plain outputer
[DEBUG Aug  2 08:02:41.515591435, termutils.go:17] Cannot get terminal size: inappropriate ioctl for device
[DEBUG Aug  2 08:02:41.515676769, client.go:128] Reporting event to 2 reporters: run-command, state-svc start, 
[DEBUG Aug  2 08:02:41.516381838, main.go:107] Running CmdStart
[DEBUG Aug  2 08:02:41.523555456, errs.go:75] Wrapped error: Service is already running -- with: valueF failed
[DEBUG Aug  2 08:02:41.523628211, errs.go:75] Wrapped error: valueF failed -- with: Could not store pid
[DEBUG Aug  2 08:02:41.523711435, errors.go:113] Wrapped input error: Could not store pid -- with: A State Service instance is already running in the background.
[DEBUG Aug  2 08:02:41.523741329, errs.go:75] Wrapped error: A State Service instance is already running in the background. -- with: Could not start serviceManager
[DEBUG Aug  2 08:02:41.523829222, client.go:128] Reporting event to 2 reporters: command-exit, state-svc start, 1
[DEBUG Aug  2 08:02:41.853204011, errs.go:75] Wrapped error: <nil> -- with: Could not start serviceManager: A State Service instance is already running in the background.: Could not store pid: valueF failed: Service is already running
[DEBUG Aug  2 08:02:41.853269618, main.go:61] state-svc errored out due to input: Could not start serviceManager: A State Service instance is already running in the background.: Could not store pid: valueF failed: Service is already running
