[DEBUG Aug  2 07:44:58.331146005, defaults.go:273] Args: [/home1/wangfeim/.local/ActiveState/StateTool/release/bin/state-svc start]
[DEBUG Aug  2 07:44:58.344915505, locale.go:38] Init
[DEBUG Aug  2 07:44:58.413523923, errs.go:68] Created error: File could not be found
[DEBUG Aug  2 07:44:58.416298406, errs.go:68] Created error: Not Recognized
[DEBUG Aug  2 07:44:58.437215706, errs.go:68] Created error: Secret not found
[DEBUG Aug  2 07:44:58.437262811, errs.go:68] Created error: Could not save keypair
[DEBUG Aug  2 07:44:58.437417027, errs.go:68] Created error: Build responded with error
[DEBUG Aug  2 07:44:58.437454027, errs.go:68] Created error: Unknown build type
[DEBUG Aug  2 07:44:58.437573718, errors.go:86] Wrapped localized error: <nil> -- with: The installed version of the State Tool Service does not match that of the client.
Please stop the service with [ACTIONABLE]state-svc stop[/RESET] and try your command again.
If this issue persists please reinstall the State Tool.

[DEBUG Aug  2 07:44:58.437587470, errs.go:68] Created error: no data
[DEBUG Aug  2 07:44:58.437609949, errs.go:68] Created error: member not found
[DEBUG Aug  2 07:44:58.437631249, errs.go:68] Created error: Commit count is unknowable
[DEBUG Aug  2 07:44:58.437654159, errs.go:68] Created error: No merge required
[DEBUG Aug  2 07:44:58.437676133, errs.go:68] Created error: Can't merge commit thats already in target commits history
[DEBUG Aug  2 07:44:58.437698520, errs.go:68] Created error: Bad expander name
[DEBUG Aug  2 07:44:58.437719585, errs.go:68] Created error: Expander has no handler
[DEBUG Aug  2 07:44:58.438809970, errs.go:68] Created error: Service is already running
[DEBUG Aug  2 07:44:58.492578358, secrets.go:35] Gcloud Secretmanager failed to initialize (ignore if you're not trying to use gcloud): google: could not find default credentials. See https://developers.google.com/accounts/docs/application-default-credentials for more information.
[DEBUG Aug  2 07:44:58.495733619, output.go:53] Requested outputer for 
[DEBUG Aug  2 07:44:58.495755423, output.go:58] Using Plain outputer
[DEBUG Aug  2 07:44:58.495833359, termutils.go:17] Cannot get terminal size: inappropriate ioctl for device
[DEBUG Aug  2 07:44:58.495920751, client.go:128] Reporting event to 2 reporters: run-command, state-svc start, 
[DEBUG Aug  2 07:44:58.496021777, main.go:107] Running CmdStart
[DEBUG Aug  2 07:44:58.502510485, errs.go:75] Wrapped error: Service is already running -- with: valueF failed
[DEBUG Aug  2 07:44:58.502577792, errs.go:75] Wrapped error: valueF failed -- with: Could not store pid
[DEBUG Aug  2 07:44:58.502644631, errors.go:113] Wrapped input error: Could not store pid -- with: A State Service instance is already running in the background.
[DEBUG Aug  2 07:44:58.502658900, errs.go:75] Wrapped error: A State Service instance is already running in the background. -- with: Could not start serviceManager
[DEBUG Aug  2 07:44:58.502751012, client.go:128] Reporting event to 2 reporters: command-exit, state-svc start, 1
[DEBUG Aug  2 07:44:58.834335116, errs.go:75] Wrapped error: <nil> -- with: Could not start serviceManager: A State Service instance is already running in the background.: Could not store pid: valueF failed: Service is already running
[DEBUG Aug  2 07:44:58.834428256, main.go:61] state-svc errored out due to input: Could not start serviceManager: A State Service instance is already running in the background.: Could not store pid: valueF failed: Service is already running
