[DEBUG Aug  2 08:16:13.671706871, defaults.go:273] Args: [/home1/wangfeim/.local/ActiveState/StateTool/release/bin/state-svc start]
[DEBUG Aug  2 08:16:13.686336371, locale.go:38] Init
[DEBUG Aug  2 08:16:13.745766639, errs.go:68] Created error: File could not be found
[DEBUG Aug  2 08:16:13.748754739, errs.go:68] Created error: Not Recognized
[DEBUG Aug  2 08:16:13.792442589, errs.go:68] Created error: Secret not found
[DEBUG Aug  2 08:16:13.792495899, errs.go:68] Created error: Could not save keypair
[DEBUG Aug  2 08:16:13.792704416, errs.go:68] Created error: Build responded with error
[DEBUG Aug  2 08:16:13.792740616, errs.go:68] Created error: Unknown build type
[DEBUG Aug  2 08:16:13.792856438, errors.go:86] Wrapped localized error: <nil> -- with: The installed version of the State Tool Service does not match that of the client.
Please stop the service with [ACTIONABLE]state-svc stop[/RESET] and try your command again.
If this issue persists please reinstall the State Tool.

[DEBUG Aug  2 08:16:13.792870845, errs.go:68] Created error: no data
[DEBUG Aug  2 08:16:13.792908462, errs.go:68] Created error: member not found
[DEBUG Aug  2 08:16:13.792934604, errs.go:68] Created error: Commit count is unknowable
[DEBUG Aug  2 08:16:13.792958963, errs.go:68] Created error: No merge required
[DEBUG Aug  2 08:16:13.792984049, errs.go:68] Created error: Can't merge commit thats already in target commits history
[DEBUG Aug  2 08:16:13.793009509, errs.go:68] Created error: Bad expander name
[DEBUG Aug  2 08:16:13.793038516, errs.go:68] Created error: Expander has no handler
[DEBUG Aug  2 08:16:13.794604306, errs.go:68] Created error: Service is already running
[DEBUG Aug  2 08:16:13.824456753, secrets.go:35] Gcloud Secretmanager failed to initialize (ignore if you're not trying to use gcloud): google: could not find default credentials. See https://developers.google.com/accounts/docs/application-default-credentials for more information.
[DEBUG Aug  2 08:16:13.830206716, output.go:53] Requested outputer for 
[DEBUG Aug  2 08:16:13.830231266, output.go:58] Using Plain outputer
[DEBUG Aug  2 08:16:13.830291429, termutils.go:17] Cannot get terminal size: inappropriate ioctl for device
[DEBUG Aug  2 08:16:13.830415187, client.go:128] Reporting event to 2 reporters: run-command, state-svc start, 
[DEBUG Aug  2 08:16:13.830464736, main.go:107] Running CmdStart
[DEBUG Aug  2 08:16:13.836549673, errs.go:75] Wrapped error: Service is already running -- with: valueF failed
[DEBUG Aug  2 08:16:13.836609482, errs.go:75] Wrapped error: valueF failed -- with: Could not store pid
[DEBUG Aug  2 08:16:13.836683573, errors.go:113] Wrapped input error: Could not store pid -- with: A State Service instance is already running in the background.
[DEBUG Aug  2 08:16:13.836697098, errs.go:75] Wrapped error: A State Service instance is already running in the background. -- with: Could not start serviceManager
[DEBUG Aug  2 08:16:13.836788268, client.go:128] Reporting event to 2 reporters: command-exit, state-svc start, 1
[DEBUG Aug  2 08:16:14.220167180, errs.go:75] Wrapped error: <nil> -- with: Could not start serviceManager: A State Service instance is already running in the background.: Could not store pid: valueF failed: Service is already running
[DEBUG Aug  2 08:16:14.220238076, main.go:61] state-svc errored out due to input: Could not start serviceManager: A State Service instance is already running in the background.: Could not store pid: valueF failed: Service is already running
