[DEBUG Aug  2 07:52:54.720824881, defaults.go:273] Args: [/home1/wangfeim/.local/ActiveState/StateTool/release/bin/state-svc start]
[DEBUG Aug  2 07:52:54.734902848, locale.go:38] Init
[DEBUG Aug  2 07:52:54.808258339, errs.go:68] Created error: File could not be found
[DEBUG Aug  2 07:52:54.811689464, errs.go:68] Created error: Not Recognized
[DEBUG Aug  2 07:52:54.833936476, errs.go:68] Created error: Secret not found
[DEBUG Aug  2 07:52:54.834009490, errs.go:68] Created error: Could not save keypair
[DEBUG Aug  2 07:52:54.834283530, errs.go:68] Created error: Build responded with error
[DEBUG Aug  2 07:52:54.834326453, errs.go:68] Created error: Unknown build type
[DEBUG Aug  2 07:52:54.834493569, errors.go:86] Wrapped localized error: <nil> -- with: The installed version of the State Tool Service does not match that of the client.
Please stop the service with [ACTIONABLE]state-svc stop[/RESET] and try your command again.
If this issue persists please reinstall the State Tool.

[DEBUG Aug  2 07:52:54.834516488, errs.go:68] Created error: no data
[DEBUG Aug  2 07:52:54.834568706, errs.go:68] Created error: member not found
[DEBUG Aug  2 07:52:54.834910122, errs.go:68] Created error: Commit count is unknowable
[DEBUG Aug  2 07:52:54.834954050, errs.go:68] Created error: No merge required
[DEBUG Aug  2 07:52:54.834985514, errs.go:68] Created error: Can't merge commit thats already in target commits history
[DEBUG Aug  2 07:52:54.835015020, errs.go:68] Created error: Bad expander name
[DEBUG Aug  2 07:52:54.835047681, errs.go:68] Created error: Expander has no handler
[DEBUG Aug  2 07:52:54.836267056, errs.go:68] Created error: Service is already running
[DEBUG Aug  2 07:52:54.897250672, secrets.go:35] Gcloud Secretmanager failed to initialize (ignore if you're not trying to use gcloud): google: could not find default credentials. See https://developers.google.com/accounts/docs/application-default-credentials for more information.
[DEBUG Aug  2 07:52:54.901440274, output.go:53] Requested outputer for 
[DEBUG Aug  2 07:52:54.901466964, output.go:58] Using Plain outputer
[DEBUG Aug  2 07:52:54.901546484, termutils.go:17] Cannot get terminal size: inappropriate ioctl for device
[DEBUG Aug  2 07:52:54.901590161, client.go:128] Reporting event to 2 reporters: run-command, state-svc start, 
[DEBUG Aug  2 07:52:54.901705133, main.go:107] Running CmdStart
[DEBUG Aug  2 07:52:54.907632051, errs.go:75] Wrapped error: Service is already running -- with: valueF failed
[DEBUG Aug  2 07:52:54.907696762, errs.go:75] Wrapped error: valueF failed -- with: Could not store pid
[DEBUG Aug  2 07:52:54.907769178, errors.go:113] Wrapped input error: Could not store pid -- with: A State Service instance is already running in the background.
[DEBUG Aug  2 07:52:54.907785586, errs.go:75] Wrapped error: A State Service instance is already running in the background. -- with: Could not start serviceManager
[DEBUG Aug  2 07:52:54.907884833, client.go:128] Reporting event to 2 reporters: command-exit, state-svc start, 1
[DEBUG Aug  2 07:52:55.286113686, errs.go:75] Wrapped error: <nil> -- with: Could not start serviceManager: A State Service instance is already running in the background.: Could not store pid: valueF failed: Service is already running
[DEBUG Aug  2 07:52:55.286171251, main.go:61] state-svc errored out due to input: Could not start serviceManager: A State Service instance is already running in the background.: Could not store pid: valueF failed: Service is already running
