[DEBUG Aug  2 07:33:49.321056367, defaults.go:273] Args: [/home1/wangfeim/.local/ActiveState/StateTool/release/bin/state-svc start]
[DEBUG Aug  2 07:33:49.334610078, locale.go:38] Init
[DEBUG Aug  2 07:33:49.373535854, errs.go:68] Created error: File could not be found
[DEBUG Aug  2 07:33:49.376356414, errs.go:68] Created error: Not Recognized
[DEBUG Aug  2 07:33:49.396701145, errs.go:68] Created error: Secret not found
[DEBUG Aug  2 07:33:49.396747750, errs.go:68] Created error: Could not save keypair
[DEBUG Aug  2 07:33:49.396911805, errs.go:68] Created error: Build responded with error
[DEBUG Aug  2 07:33:49.396937340, errs.go:68] Created error: Unknown build type
[DEBUG Aug  2 07:33:49.397051821, errors.go:86] Wrapped localized error: <nil> -- with: The installed version of the State Tool Service does not match that of the client.
Please stop the service with [ACTIONABLE]state-svc stop[/RESET] and try your command again.
If this issue persists please reinstall the State Tool.

[DEBUG Aug  2 07:33:49.397066147, errs.go:68] Created error: no data
[DEBUG Aug  2 07:33:49.397088065, errs.go:68] Created error: member not found
[DEBUG Aug  2 07:33:49.397120967, errs.go:68] Created error: Commit count is unknowable
[DEBUG Aug  2 07:33:49.397148639, errs.go:68] Created error: No merge required
[DEBUG Aug  2 07:33:49.397170270, errs.go:68] Created error: Can't merge commit thats already in target commits history
[DEBUG Aug  2 07:33:49.397192298, errs.go:68] Created error: Bad expander name
[DEBUG Aug  2 07:33:49.397212153, errs.go:68] Created error: Expander has no handler
[DEBUG Aug  2 07:33:49.398199578, errs.go:68] Created error: Service is already running
[DEBUG Aug  2 07:33:49.424806656, secrets.go:35] Gcloud Secretmanager failed to initialize (ignore if you're not trying to use gcloud): google: could not find default credentials. See https://developers.google.com/accounts/docs/application-default-credentials for more information.
[DEBUG Aug  2 07:33:49.428522490, output.go:53] Requested outputer for 
[DEBUG Aug  2 07:33:49.428547986, output.go:58] Using Plain outputer
[DEBUG Aug  2 07:33:49.428621675, termutils.go:17] Cannot get terminal size: inappropriate ioctl for device
[DEBUG Aug  2 07:33:49.428709397, client.go:128] Reporting event to 2 reporters: run-command, state-svc start, 
[DEBUG Aug  2 07:33:49.428790594, main.go:107] Running CmdStart
[DEBUG Aug  2 07:33:49.434356044, errs.go:75] Wrapped error: Service is already running -- with: valueF failed
[DEBUG Aug  2 07:33:49.434434562, errs.go:75] Wrapped error: valueF failed -- with: Could not store pid
[DEBUG Aug  2 07:33:49.434503580, errors.go:113] Wrapped input error: Could not store pid -- with: A State Service instance is already running in the background.
[DEBUG Aug  2 07:33:49.434516392, errs.go:75] Wrapped error: A State Service instance is already running in the background. -- with: Could not start serviceManager
[DEBUG Aug  2 07:33:49.434645272, client.go:128] Reporting event to 2 reporters: command-exit, state-svc start, 1
[DEBUG Aug  2 07:33:49.759855905, errs.go:75] Wrapped error: <nil> -- with: Could not start serviceManager: A State Service instance is already running in the background.: Could not store pid: valueF failed: Service is already running
[DEBUG Aug  2 07:33:49.759931105, main.go:61] state-svc errored out due to input: Could not start serviceManager: A State Service instance is already running in the background.: Could not store pid: valueF failed: Service is already running
