[DEBUG Aug  2 08:06:15.594015885, defaults.go:273] Args: [/home1/wangfeim/.local/ActiveState/StateTool/release/bin/state-svc start]
[DEBUG Aug  2 08:06:15.608329408, locale.go:38] Init
[DEBUG Aug  2 08:06:15.684065702, errs.go:68] Created error: File could not be found
[DEBUG Aug  2 08:06:15.687332323, errs.go:68] Created error: Not Recognized
[DEBUG Aug  2 08:06:15.707980015, errs.go:68] Created error: Secret not found
[DEBUG Aug  2 08:06:15.708060132, errs.go:68] Created error: Could not save keypair
[DEBUG Aug  2 08:06:15.708504729, errs.go:68] Created error: Build responded with error
[DEBUG Aug  2 08:06:15.708734350, errs.go:68] Created error: Unknown build type
[DEBUG Aug  2 08:06:15.709233200, errors.go:86] Wrapped localized error: <nil> -- with: The installed version of the State Tool Service does not match that of the client.
Please stop the service with [ACTIONABLE]state-svc stop[/RESET] and try your command again.
If this issue persists please reinstall the State Tool.

[DEBUG Aug  2 08:06:15.709298269, errs.go:68] Created error: no data
[DEBUG Aug  2 08:06:15.709401883, errs.go:68] Created error: member not found
[DEBUG Aug  2 08:06:15.709650052, errs.go:68] Created error: Commit count is unknowable
[DEBUG Aug  2 08:06:15.709683445, errs.go:68] Created error: No merge required
[DEBUG Aug  2 08:06:15.709713666, errs.go:68] Created error: Can't merge commit thats already in target commits history
[DEBUG Aug  2 08:06:15.709743607, errs.go:68] Created error: Bad expander name
[DEBUG Aug  2 08:06:15.709777168, errs.go:68] Created error: Expander has no handler
[DEBUG Aug  2 08:06:15.710981710, errs.go:68] Created error: Service is already running
[DEBUG Aug  2 08:06:15.745031812, secrets.go:35] Gcloud Secretmanager failed to initialize (ignore if you're not trying to use gcloud): google: could not find default credentials. See https://developers.google.com/accounts/docs/application-default-credentials for more information.
[DEBUG Aug  2 08:06:15.752639158, output.go:53] Requested outputer for 
[DEBUG Aug  2 08:06:15.752665802, output.go:58] Using Plain outputer
[DEBUG Aug  2 08:06:15.752738588, termutils.go:17] Cannot get terminal size: inappropriate ioctl for device
[DEBUG Aug  2 08:06:15.752769520, client.go:128] Reporting event to 2 reporters: run-command, state-svc start, 
[DEBUG Aug  2 08:06:15.752930424, main.go:107] Running CmdStart
[DEBUG Aug  2 08:06:15.760669425, errs.go:75] Wrapped error: Service is already running -- with: valueF failed
[DEBUG Aug  2 08:06:15.760770369, errs.go:75] Wrapped error: valueF failed -- with: Could not store pid
[DEBUG Aug  2 08:06:15.760883160, errors.go:113] Wrapped input error: Could not store pid -- with: A State Service instance is already running in the background.
[DEBUG Aug  2 08:06:15.760905685, errs.go:75] Wrapped error: A State Service instance is already running in the background. -- with: Could not start serviceManager
[DEBUG Aug  2 08:06:15.761043965, client.go:128] Reporting event to 2 reporters: command-exit, state-svc start, 1
[DEBUG Aug  2 08:06:16.153155501, errs.go:75] Wrapped error: <nil> -- with: Could not start serviceManager: A State Service instance is already running in the background.: Could not store pid: valueF failed: Service is already running
[DEBUG Aug  2 08:06:16.153235758, main.go:61] state-svc errored out due to input: Could not start serviceManager: A State Service instance is already running in the background.: Could not store pid: valueF failed: Service is already running
