[DEBUG Sep 17 03:04:09.104646297, errs.go:68] Created error: File could not be found
[DEBUG Sep 17 03:04:09.109550493, errs.go:68] Created error: Not Recognized
[DEBUG Sep 17 03:04:09.104823578, log.go:184] Rollbar error: empty token

[DEBUG Sep 17 03:04:09.141331804, errs.go:68] Created error: Secret not found
[DEBUG Sep 17 03:04:09.141475728, errs.go:68] Created error: Could not save keypair
[DEBUG Sep 17 03:04:09.141985785, errs.go:68] Created error: Build responded with error
[DEBUG Sep 17 03:04:09.142196402, errs.go:68] Created error: Unknown build type
[DEBUG Sep 17 03:04:09.142432951, errors.go:86] Wrapped localized error: <nil> -- with: The installed version of the State Tool Service does not match that of the client.
Please stop the service with [ACTIONABLE]state-svc stop[/RESET] and try your command again.
If this issue persists please reinstall the State Tool.

[DEBUG Sep 17 03:04:09.142458303, errs.go:68] Created error: no data
[DEBUG Sep 17 03:04:09.142550602, errs.go:68] Created error: member not found
[DEBUG Sep 17 03:04:09.142594712, errs.go:68] Created error: Commit count is unknowable
[DEBUG Sep 17 03:04:09.142706311, errs.go:68] Created error: No merge required
[DEBUG Sep 17 03:04:09.142744638, errs.go:68] Created error: Can't merge commit thats already in target commits history
[DEBUG Sep 17 03:04:09.142776346, errs.go:68] Created error: Bad expander name
[DEBUG Sep 17 03:04:09.143005725, errs.go:68] Created error: Expander has no handler
[DEBUG Sep 17 03:04:09.146167236, errs.go:68] Created error: Service is already running
[DEBUG Sep 17 03:04:09.208425625, secrets.go:35] Gcloud Secretmanager failed to initialize (ignore if you're not trying to use gcloud): google: could not find default credentials. See https://developers.google.com/accounts/docs/application-default-credentials for more information.
[DEBUG Sep 17 03:04:09.215424716, output.go:53] Requested outputer for 
[DEBUG Sep 17 03:04:09.215444070, output.go:58] Using Plain outputer
[DEBUG Sep 17 03:04:09.215697012, termutils.go:17] Cannot get terminal size: inappropriate ioctl for device
[DEBUG Sep 17 03:04:09.215828299, main.go:137] Running CmdForeground
[DEBUG Sep 17 03:04:09.215846653, main.go:147] Running in Foreground
[DEBUG Sep 17 03:04:09.215912699, client.go:128] Reporting event to 2 reporters: run-command, state-svc foreground, 
[DEBUG Sep 17 03:04:09.216190348, service.go:30] service:Start
[DEBUG Sep 17 03:05:03.592228987, errs.go:75] Wrapped error: disk I/O error (266) -- with: Could not store setting
[DEBUG Sep 17 03:05:03.592514881, errs.go:75] Wrapped error: Could not store setting -- with: Could not save config
[DEBUG Sep 17 03:05:03.592603433, errs.go:75] Wrapped error: Could not save config -- with: Could not start service
[DEBUG Sep 17 03:05:09.233069955, watcher.go:72] Checking for runtime processes
[DEBUG Sep 17 03:06:09.232965953, watcher.go:72] Checking for runtime processes
[DEBUG Sep 17 03:07:09.232151864, watcher.go:72] Checking for runtime processes
