[DEBUG Aug  2 07:51:33.297314953, defaults.go:273] Args: [/home1/wangfeim/.local/ActiveState/StateTool/release/bin/state-svc start]
[DEBUG Aug  2 07:51:33.311868788, locale.go:38] Init
[DEBUG Aug  2 07:51:33.352617572, errs.go:68] Created error: File could not be found
[DEBUG Aug  2 07:51:33.355777189, errs.go:68] Created error: Not Recognized
[DEBUG Aug  2 07:51:33.405392762, errs.go:68] Created error: Secret not found
[DEBUG Aug  2 07:51:33.405454046, errs.go:68] Created error: Could not save keypair
[DEBUG Aug  2 07:51:33.405638947, errs.go:68] Created error: Build responded with error
[DEBUG Aug  2 07:51:33.405680304, errs.go:68] Created error: Unknown build type
[DEBUG Aug  2 07:51:33.405805107, errors.go:86] Wrapped localized error: <nil> -- with: The installed version of the State Tool Service does not match that of the client.
Please stop the service with [ACTIONABLE]state-svc stop[/RESET] and try your command again.
If this issue persists please reinstall the State Tool.

[DEBUG Aug  2 07:51:33.405821501, errs.go:68] Created error: no data
[DEBUG Aug  2 07:51:33.405848148, errs.go:68] Created error: member not found
[DEBUG Aug  2 07:51:33.405889858, errs.go:68] Created error: Commit count is unknowable
[DEBUG Aug  2 07:51:33.405926675, errs.go:68] Created error: No merge required
[DEBUG Aug  2 07:51:33.405951339, errs.go:68] Created error: Can't merge commit thats already in target commits history
[DEBUG Aug  2 07:51:33.405977831, errs.go:68] Created error: Bad expander name
[DEBUG Aug  2 07:51:33.406001174, errs.go:68] Created error: Expander has no handler
[DEBUG Aug  2 07:51:33.407159898, errs.go:68] Created error: Service is already running
[DEBUG Aug  2 07:51:33.435545923, secrets.go:35] Gcloud Secretmanager failed to initialize (ignore if you're not trying to use gcloud): google: could not find default credentials. See https://developers.google.com/accounts/docs/application-default-credentials for more information.
[DEBUG Aug  2 07:51:33.439595084, output.go:53] Requested outputer for 
[DEBUG Aug  2 07:51:33.439618352, output.go:58] Using Plain outputer
[DEBUG Aug  2 07:51:33.439695884, termutils.go:17] Cannot get terminal size: inappropriate ioctl for device
[DEBUG Aug  2 07:51:33.439775244, client.go:128] Reporting event to 2 reporters: run-command, state-svc start, 
[DEBUG Aug  2 07:51:33.439833218, main.go:107] Running CmdStart
[DEBUG Aug  2 07:51:33.447441263, errs.go:75] Wrapped error: Service is already running -- with: valueF failed
[DEBUG Aug  2 07:51:33.447502504, errs.go:75] Wrapped error: valueF failed -- with: Could not store pid
[DEBUG Aug  2 07:51:33.447581857, errors.go:113] Wrapped input error: Could not store pid -- with: A State Service instance is already running in the background.
[DEBUG Aug  2 07:51:33.447597560, errs.go:75] Wrapped error: A State Service instance is already running in the background. -- with: Could not start serviceManager
[DEBUG Aug  2 07:51:33.447696947, client.go:128] Reporting event to 2 reporters: command-exit, state-svc start, 1
[DEBUG Aug  2 07:51:33.821036510, errs.go:75] Wrapped error: <nil> -- with: Could not start serviceManager: A State Service instance is already running in the background.: Could not store pid: valueF failed: Service is already running
[DEBUG Aug  2 07:51:33.821105787, main.go:61] state-svc errored out due to input: Could not start serviceManager: A State Service instance is already running in the background.: Could not store pid: valueF failed: Service is already running
