[DEBUG Mar  8 22:49:01.195849755, defaults.go:273] Args: [/home1/wangfeim/.local/ActiveState/StateTool/release/bin/state-svc start]
[DEBUG Mar  8 22:49:01.207857375, locale.go:38] Init
[DEBUG Mar  8 22:49:01.241689400, errs.go:68] Created error: File could not be found
[DEBUG Mar  8 22:49:01.245457094, errs.go:68] Created error: Not Recognized
[DEBUG Mar  8 22:49:01.265026637, errs.go:68] Created error: Secret not found
[DEBUG Mar  8 22:49:01.265068697, errs.go:68] Created error: Could not save keypair
[DEBUG Mar  8 22:49:01.265215868, errs.go:68] Created error: Build responded with error
[DEBUG Mar  8 22:49:01.265243265, errs.go:68] Created error: Unknown build type
[DEBUG Mar  8 22:49:01.265345100, errors.go:86] Wrapped localized error: <nil> -- with: The installed version of the State Tool Service does not match that of the client.
Please stop the service with [ACTIONABLE]state-svc stop[/RESET] and try your command again.
If this issue persists please reinstall the State Tool.

[DEBUG Mar  8 22:49:01.265355366, errs.go:68] Created error: no data
[DEBUG Mar  8 22:49:01.265378265, errs.go:68] Created error: member not found
[DEBUG Mar  8 22:49:01.265395838, errs.go:68] Created error: Commit count is unknowable
[DEBUG Mar  8 22:49:01.265412710, errs.go:68] Created error: No merge required
[DEBUG Mar  8 22:49:01.265429874, errs.go:68] Created error: Can't merge commit thats already in target commits history
[DEBUG Mar  8 22:49:01.265450823, errs.go:68] Created error: Bad expander name
[DEBUG Mar  8 22:49:01.265468723, errs.go:68] Created error: Expander has no handler
[DEBUG Mar  8 22:49:01.266480442, errs.go:68] Created error: Service is already running
[DEBUG Mar  8 22:49:01.294706895, secrets.go:35] Gcloud Secretmanager failed to initialize (ignore if you're not trying to use gcloud): google: could not find default credentials. See https://developers.google.com/accounts/docs/application-default-credentials for more information.
[DEBUG Mar  8 22:49:01.297999372, output.go:53] Requested outputer for 
[DEBUG Mar  8 22:49:01.298014317, output.go:58] Using Plain outputer
[DEBUG Mar  8 22:49:01.298062679, termutils.go:17] Cannot get terminal size: inappropriate ioctl for device
[DEBUG Mar  8 22:49:01.298154322, client.go:128] Reporting event to 2 reporters: run-command, state-svc start, 
[DEBUG Mar  8 22:49:01.298164538, main.go:107] Running CmdStart
[DEBUG Mar  8 22:49:01.303826825, errs.go:75] Wrapped error: Service is already running -- with: valueF failed
[DEBUG Mar  8 22:49:01.303878380, errs.go:75] Wrapped error: valueF failed -- with: Could not store pid
[DEBUG Mar  8 22:49:01.303945981, errors.go:113] Wrapped input error: Could not store pid -- with: A State Service instance is already running in the background.
[DEBUG Mar  8 22:49:01.303955296, errs.go:75] Wrapped error: A State Service instance is already running in the background. -- with: Could not start serviceManager
[DEBUG Mar  8 22:49:01.304018587, client.go:128] Reporting event to 2 reporters: command-exit, state-svc start, 1
[DEBUG Mar  8 22:49:01.659261972, errs.go:75] Wrapped error: <nil> -- with: Could not start serviceManager: A State Service instance is already running in the background.: Could not store pid: valueF failed: Service is already running
[DEBUG Mar  8 22:49:01.659309759, main.go:61] state-svc errored out due to input: Could not start serviceManager: A State Service instance is already running in the background.: Could not store pid: valueF failed: Service is already running
