[DEBUG Mar  7 23:39:27.352353384, defaults.go:273] Args: [/home1/wangfeim/.local/ActiveState/StateTool/release/bin/state-svc start]
[DEBUG Mar  7 23:39:27.364012944, locale.go:38] Init
[DEBUG Mar  7 23:39:27.396844571, errs.go:68] Created error: File could not be found
[DEBUG Mar  7 23:39:27.399166390, errs.go:68] Created error: Not Recognized
[DEBUG Mar  7 23:39:27.416052422, errs.go:68] Created error: Secret not found
[DEBUG Mar  7 23:39:27.416087664, errs.go:68] Created error: Could not save keypair
[DEBUG Mar  7 23:39:27.416221849, errs.go:68] Created error: Build responded with error
[DEBUG Mar  7 23:39:27.416242842, errs.go:68] Created error: Unknown build type
[DEBUG Mar  7 23:39:27.416338522, errors.go:86] Wrapped localized error: <nil> -- with: The installed version of the State Tool Service does not match that of the client.
Please stop the service with [ACTIONABLE]state-svc stop[/RESET] and try your command again.
If this issue persists please reinstall the State Tool.

[DEBUG Mar  7 23:39:27.416347604, errs.go:68] Created error: no data
[DEBUG Mar  7 23:39:27.416369656, errs.go:68] Created error: member not found
[DEBUG Mar  7 23:39:27.416387324, errs.go:68] Created error: Commit count is unknowable
[DEBUG Mar  7 23:39:27.416407350, errs.go:68] Created error: No merge required
[DEBUG Mar  7 23:39:27.416424452, errs.go:68] Created error: Can't merge commit thats already in target commits history
[DEBUG Mar  7 23:39:27.416441246, errs.go:68] Created error: Bad expander name
[DEBUG Mar  7 23:39:27.416459988, errs.go:68] Created error: Expander has no handler
[DEBUG Mar  7 23:39:27.417237865, errs.go:68] Created error: Service is already running
[DEBUG Mar  7 23:39:27.442627664, secrets.go:35] Gcloud Secretmanager failed to initialize (ignore if you're not trying to use gcloud): google: could not find default credentials. See https://developers.google.com/accounts/docs/application-default-credentials for more information.
[DEBUG Mar  7 23:39:27.447348953, output.go:53] Requested outputer for 
[DEBUG Mar  7 23:39:27.447376237, output.go:58] Using Plain outputer
[DEBUG Mar  7 23:39:27.447439448, termutils.go:17] Cannot get terminal size: inappropriate ioctl for device
[DEBUG Mar  7 23:39:27.447544184, client.go:128] Reporting event to 2 reporters: run-command, state-svc start, 
[DEBUG Mar  7 23:39:27.447546439, main.go:107] Running CmdStart
[DEBUG Mar  7 23:39:27.452553286, errs.go:75] Wrapped error: Service is already running -- with: valueF failed
[DEBUG Mar  7 23:39:27.452601799, errs.go:75] Wrapped error: valueF failed -- with: Could not store pid
[DEBUG Mar  7 23:39:27.452658229, errors.go:113] Wrapped input error: Could not store pid -- with: A State Service instance is already running in the background.
[DEBUG Mar  7 23:39:27.452666352, errs.go:75] Wrapped error: A State Service instance is already running in the background. -- with: Could not start serviceManager
[DEBUG Mar  7 23:39:27.452743028, client.go:128] Reporting event to 2 reporters: command-exit, state-svc start, 1
[DEBUG Mar  7 23:39:27.813865314, errs.go:75] Wrapped error: <nil> -- with: Could not start serviceManager: A State Service instance is already running in the background.: Could not store pid: valueF failed: Service is already running
[DEBUG Mar  7 23:39:27.813917932, main.go:61] state-svc errored out due to input: Could not start serviceManager: A State Service instance is already running in the background.: Could not store pid: valueF failed: Service is already running
