[DEBUG Aug  2 08:01:10.045876679, defaults.go:273] Args: [/home1/wangfeim/.local/ActiveState/StateTool/release/bin/state-svc start]
[DEBUG Aug  2 08:01:10.100238734, locale.go:38] Init
[DEBUG Aug  2 08:01:10.145313091, errs.go:68] Created error: File could not be found
[DEBUG Aug  2 08:01:10.148331653, errs.go:68] Created error: Not Recognized
[DEBUG Aug  2 08:01:10.201022173, errs.go:68] Created error: Secret not found
[DEBUG Aug  2 08:01:10.201068628, errs.go:68] Created error: Could not save keypair
[DEBUG Aug  2 08:01:10.201251584, errs.go:68] Created error: Build responded with error
[DEBUG Aug  2 08:01:10.201282840, errs.go:68] Created error: Unknown build type
[DEBUG Aug  2 08:01:10.201384407, errors.go:86] Wrapped localized error: <nil> -- with: The installed version of the State Tool Service does not match that of the client.
Please stop the service with [ACTIONABLE]state-svc stop[/RESET] and try your command again.
If this issue persists please reinstall the State Tool.

[DEBUG Aug  2 08:01:10.201396463, errs.go:68] Created error: no data
[DEBUG Aug  2 08:01:10.201420481, errs.go:68] Created error: member not found
[DEBUG Aug  2 08:01:10.201444763, errs.go:68] Created error: Commit count is unknowable
[DEBUG Aug  2 08:01:10.201466476, errs.go:68] Created error: No merge required
[DEBUG Aug  2 08:01:10.201486979, errs.go:68] Created error: Can't merge commit thats already in target commits history
[DEBUG Aug  2 08:01:10.201508742, errs.go:68] Created error: Bad expander name
[DEBUG Aug  2 08:01:10.201528556, errs.go:68] Created error: Expander has no handler
[DEBUG Aug  2 08:01:10.203861491, errs.go:68] Created error: Service is already running
[DEBUG Aug  2 08:01:10.229312800, secrets.go:35] Gcloud Secretmanager failed to initialize (ignore if you're not trying to use gcloud): google: could not find default credentials. See https://developers.google.com/accounts/docs/application-default-credentials for more information.
[DEBUG Aug  2 08:01:10.233624758, output.go:53] Requested outputer for 
[DEBUG Aug  2 08:01:10.233678024, output.go:58] Using Plain outputer
[DEBUG Aug  2 08:01:10.233773433, termutils.go:17] Cannot get terminal size: inappropriate ioctl for device
[DEBUG Aug  2 08:01:10.233926008, client.go:128] Reporting event to 2 reporters: run-command, state-svc start, 
[DEBUG Aug  2 08:01:10.234088394, main.go:107] Running CmdStart
[DEBUG Aug  2 08:01:10.239623236, errs.go:75] Wrapped error: Service is already running -- with: valueF failed
[DEBUG Aug  2 08:01:10.239685884, errs.go:75] Wrapped error: valueF failed -- with: Could not store pid
[DEBUG Aug  2 08:01:10.239755312, errors.go:113] Wrapped input error: Could not store pid -- with: A State Service instance is already running in the background.
[DEBUG Aug  2 08:01:10.239769776, errs.go:75] Wrapped error: A State Service instance is already running in the background. -- with: Could not start serviceManager
[DEBUG Aug  2 08:01:10.239832781, client.go:128] Reporting event to 2 reporters: command-exit, state-svc start, 1
[DEBUG Aug  2 08:01:10.605333332, errs.go:75] Wrapped error: <nil> -- with: Could not start serviceManager: A State Service instance is already running in the background.: Could not store pid: valueF failed: Service is already running
[DEBUG Aug  2 08:01:10.605419841, main.go:61] state-svc errored out due to input: Could not start serviceManager: A State Service instance is already running in the background.: Could not store pid: valueF failed: Service is already running
