[DEBUG Aug  2 07:48:18.954800818, defaults.go:273] Args: [/home1/wangfeim/.local/ActiveState/StateTool/release/bin/state-svc start]
[DEBUG Aug  2 07:48:18.968908199, locale.go:38] Init
[DEBUG Aug  2 07:48:19.013633386, errs.go:68] Created error: File could not be found
[DEBUG Aug  2 07:48:19.016472900, errs.go:68] Created error: Not Recognized
[DEBUG Aug  2 07:48:19.036720460, errs.go:68] Created error: Secret not found
[DEBUG Aug  2 07:48:19.036771694, errs.go:68] Created error: Could not save keypair
[DEBUG Aug  2 07:48:19.036955811, errs.go:68] Created error: Build responded with error
[DEBUG Aug  2 07:48:19.036996605, errs.go:68] Created error: Unknown build type
[DEBUG Aug  2 07:48:19.037113302, errors.go:86] Wrapped localized error: <nil> -- with: The installed version of the State Tool Service does not match that of the client.
Please stop the service with [ACTIONABLE]state-svc stop[/RESET] and try your command again.
If this issue persists please reinstall the State Tool.

[DEBUG Aug  2 07:48:19.037127986, errs.go:68] Created error: no data
[DEBUG Aug  2 07:48:19.037152866, errs.go:68] Created error: member not found
[DEBUG Aug  2 07:48:19.037182083, errs.go:68] Created error: Commit count is unknowable
[DEBUG Aug  2 07:48:19.037205700, errs.go:68] Created error: No merge required
[DEBUG Aug  2 07:48:19.037228642, errs.go:68] Created error: Can't merge commit thats already in target commits history
[DEBUG Aug  2 07:48:19.037251666, errs.go:68] Created error: Bad expander name
[DEBUG Aug  2 07:48:19.037274647, errs.go:68] Created error: Expander has no handler
[DEBUG Aug  2 07:48:19.038474024, errs.go:68] Created error: Service is already running
[DEBUG Aug  2 07:48:19.089547670, secrets.go:35] Gcloud Secretmanager failed to initialize (ignore if you're not trying to use gcloud): google: could not find default credentials. See https://developers.google.com/accounts/docs/application-default-credentials for more information.
[DEBUG Aug  2 07:48:19.093322077, output.go:53] Requested outputer for 
[DEBUG Aug  2 07:48:19.093343349, output.go:58] Using Plain outputer
[DEBUG Aug  2 07:48:19.093409635, termutils.go:17] Cannot get terminal size: inappropriate ioctl for device
[DEBUG Aug  2 07:48:19.093500351, client.go:128] Reporting event to 2 reporters: run-command, state-svc start, 
[DEBUG Aug  2 07:48:19.093576903, main.go:107] Running CmdStart
[DEBUG Aug  2 07:48:19.099070856, errs.go:75] Wrapped error: Service is already running -- with: valueF failed
[DEBUG Aug  2 07:48:19.099133522, errs.go:75] Wrapped error: valueF failed -- with: Could not store pid
[DEBUG Aug  2 07:48:19.099203160, errors.go:113] Wrapped input error: Could not store pid -- with: A State Service instance is already running in the background.
[DEBUG Aug  2 07:48:19.099225422, errs.go:75] Wrapped error: A State Service instance is already running in the background. -- with: Could not start serviceManager
[DEBUG Aug  2 07:48:19.099345793, client.go:128] Reporting event to 2 reporters: command-exit, state-svc start, 1
[DEBUG Aug  2 07:48:19.447694455, errs.go:75] Wrapped error: <nil> -- with: Could not start serviceManager: A State Service instance is already running in the background.: Could not store pid: valueF failed: Service is already running
[DEBUG Aug  2 07:48:19.447764261, main.go:61] state-svc errored out due to input: Could not start serviceManager: A State Service instance is already running in the background.: Could not store pid: valueF failed: Service is already running
