[DEBUG Aug  2 08:01:23.397827033, defaults.go:273] Args: [/home1/wangfeim/.local/ActiveState/StateTool/release/bin/state-svc start]
[DEBUG Aug  2 08:01:23.413793246, locale.go:38] Init
[DEBUG Aug  2 08:01:23.504818180, errs.go:68] Created error: File could not be found
[DEBUG Aug  2 08:01:23.507943305, errs.go:68] Created error: Not Recognized
[DEBUG Aug  2 08:01:23.529977731, errs.go:68] Created error: Secret not found
[DEBUG Aug  2 08:01:23.530039349, errs.go:68] Created error: Could not save keypair
[DEBUG Aug  2 08:01:23.530217742, errs.go:68] Created error: Build responded with error
[DEBUG Aug  2 08:01:23.530257906, errs.go:68] Created error: Unknown build type
[DEBUG Aug  2 08:01:23.530378783, errors.go:86] Wrapped localized error: <nil> -- with: The installed version of the State Tool Service does not match that of the client.
Please stop the service with [ACTIONABLE]state-svc stop[/RESET] and try your command again.
If this issue persists please reinstall the State Tool.

[DEBUG Aug  2 08:01:23.530395476, errs.go:68] Created error: no data
[DEBUG Aug  2 08:01:23.530420773, errs.go:68] Created error: member not found
[DEBUG Aug  2 08:01:23.530445808, errs.go:68] Created error: Commit count is unknowable
[DEBUG Aug  2 08:01:23.530469342, errs.go:68] Created error: No merge required
[DEBUG Aug  2 08:01:23.530491873, errs.go:68] Created error: Can't merge commit thats already in target commits history
[DEBUG Aug  2 08:01:23.530516271, errs.go:68] Created error: Bad expander name
[DEBUG Aug  2 08:01:23.530549018, errs.go:68] Created error: Expander has no handler
[DEBUG Aug  2 08:01:23.531829230, errs.go:68] Created error: Service is already running
[DEBUG Aug  2 08:01:23.588325208, secrets.go:35] Gcloud Secretmanager failed to initialize (ignore if you're not trying to use gcloud): google: could not find default credentials. See https://developers.google.com/accounts/docs/application-default-credentials for more information.
[DEBUG Aug  2 08:01:23.591414765, output.go:53] Requested outputer for 
[DEBUG Aug  2 08:01:23.591436071, output.go:58] Using Plain outputer
[DEBUG Aug  2 08:01:23.591512508, termutils.go:17] Cannot get terminal size: inappropriate ioctl for device
[DEBUG Aug  2 08:01:23.591589169, client.go:128] Reporting event to 2 reporters: run-command, state-svc start, 
[DEBUG Aug  2 08:01:23.591647007, main.go:107] Running CmdStart
[DEBUG Aug  2 08:01:23.597112981, errs.go:75] Wrapped error: Service is already running -- with: valueF failed
[DEBUG Aug  2 08:01:23.597176035, errs.go:75] Wrapped error: valueF failed -- with: Could not store pid
[DEBUG Aug  2 08:01:23.597263663, errors.go:113] Wrapped input error: Could not store pid -- with: A State Service instance is already running in the background.
[DEBUG Aug  2 08:01:23.597279346, errs.go:75] Wrapped error: A State Service instance is already running in the background. -- with: Could not start serviceManager
[DEBUG Aug  2 08:01:23.597367386, client.go:128] Reporting event to 2 reporters: command-exit, state-svc start, 1
[DEBUG Aug  2 08:01:23.952056465, errs.go:75] Wrapped error: <nil> -- with: Could not start serviceManager: A State Service instance is already running in the background.: Could not store pid: valueF failed: Service is already running
[DEBUG Aug  2 08:01:23.952146443, main.go:61] state-svc errored out due to input: Could not start serviceManager: A State Service instance is already running in the background.: Could not store pid: valueF failed: Service is already running
