[DEBUG Aug  2 07:57:07.205803556, defaults.go:273] Args: [/home1/wangfeim/.local/ActiveState/StateTool/release/bin/state-svc start]
[DEBUG Aug  2 07:57:07.219392715, locale.go:38] Init
[DEBUG Aug  2 07:57:07.280291362, errs.go:68] Created error: File could not be found
[DEBUG Aug  2 07:57:07.283379349, errs.go:68] Created error: Not Recognized
[DEBUG Aug  2 07:57:07.304519517, errs.go:68] Created error: Secret not found
[DEBUG Aug  2 07:57:07.304578231, errs.go:68] Created error: Could not save keypair
[DEBUG Aug  2 07:57:07.304742939, errs.go:68] Created error: Build responded with error
[DEBUG Aug  2 07:57:07.304787521, errs.go:68] Created error: Unknown build type
[DEBUG Aug  2 07:57:07.304900777, errors.go:86] Wrapped localized error: <nil> -- with: The installed version of the State Tool Service does not match that of the client.
Please stop the service with [ACTIONABLE]state-svc stop[/RESET] and try your command again.
If this issue persists please reinstall the State Tool.

[DEBUG Aug  2 07:57:07.304915356, errs.go:68] Created error: no data
[DEBUG Aug  2 07:57:07.304939454, errs.go:68] Created error: member not found
[DEBUG Aug  2 07:57:07.304970558, errs.go:68] Created error: Commit count is unknowable
[DEBUG Aug  2 07:57:07.305013087, errs.go:68] Created error: No merge required
[DEBUG Aug  2 07:57:07.305036527, errs.go:68] Created error: Can't merge commit thats already in target commits history
[DEBUG Aug  2 07:57:07.305060721, errs.go:68] Created error: Bad expander name
[DEBUG Aug  2 07:57:07.305084936, errs.go:68] Created error: Expander has no handler
[DEBUG Aug  2 07:57:07.306138142, errs.go:68] Created error: Service is already running
[DEBUG Aug  2 07:57:07.338115675, secrets.go:35] Gcloud Secretmanager failed to initialize (ignore if you're not trying to use gcloud): google: could not find default credentials. See https://developers.google.com/accounts/docs/application-default-credentials for more information.
[DEBUG Aug  2 07:57:07.343939676, output.go:53] Requested outputer for 
[DEBUG Aug  2 07:57:07.343962441, output.go:58] Using Plain outputer
[DEBUG Aug  2 07:57:07.344020578, termutils.go:17] Cannot get terminal size: inappropriate ioctl for device
[DEBUG Aug  2 07:57:07.344111001, client.go:128] Reporting event to 2 reporters: run-command, state-svc start, 
[DEBUG Aug  2 07:57:07.344193741, main.go:107] Running CmdStart
[DEBUG Aug  2 07:57:07.352352574, errs.go:75] Wrapped error: Service is already running -- with: valueF failed
[DEBUG Aug  2 07:57:07.352429460, errs.go:75] Wrapped error: valueF failed -- with: Could not store pid
[DEBUG Aug  2 07:57:07.352527023, errors.go:113] Wrapped input error: Could not store pid -- with: A State Service instance is already running in the background.
[DEBUG Aug  2 07:57:07.352565654, errs.go:75] Wrapped error: A State Service instance is already running in the background. -- with: Could not start serviceManager
[DEBUG Aug  2 07:57:07.352694681, client.go:128] Reporting event to 2 reporters: command-exit, state-svc start, 1
[DEBUG Aug  2 07:57:07.778515726, errs.go:75] Wrapped error: <nil> -- with: Could not start serviceManager: A State Service instance is already running in the background.: Could not store pid: valueF failed: Service is already running
[DEBUG Aug  2 07:57:07.778578977, main.go:61] state-svc errored out due to input: Could not start serviceManager: A State Service instance is already running in the background.: Could not store pid: valueF failed: Service is already running
