[DEBUG Aug  2 07:44:52.536268432, defaults.go:273] Args: [/home1/wangfeim/.local/ActiveState/StateTool/release/bin/state-svc start]
[DEBUG Aug  2 07:44:52.551079412, locale.go:38] Init
[DEBUG Aug  2 07:44:52.629040322, errs.go:68] Created error: File could not be found
[DEBUG Aug  2 07:44:52.632143227, errs.go:68] Created error: Not Recognized
[DEBUG Aug  2 07:44:52.693754456, errs.go:68] Created error: Secret not found
[DEBUG Aug  2 07:44:52.693841492, errs.go:68] Created error: Could not save keypair
[DEBUG Aug  2 07:44:52.694285438, errs.go:68] Created error: Build responded with error
[DEBUG Aug  2 07:44:52.694521214, errs.go:68] Created error: Unknown build type
[DEBUG Aug  2 07:44:52.694676358, errors.go:86] Wrapped localized error: <nil> -- with: The installed version of the State Tool Service does not match that of the client.
Please stop the service with [ACTIONABLE]state-svc stop[/RESET] and try your command again.
If this issue persists please reinstall the State Tool.

[DEBUG Aug  2 07:44:52.694698127, errs.go:68] Created error: no data
[DEBUG Aug  2 07:44:52.694727697, errs.go:68] Created error: member not found
[DEBUG Aug  2 07:44:52.694759348, errs.go:68] Created error: Commit count is unknowable
[DEBUG Aug  2 07:44:52.694785650, errs.go:68] Created error: No merge required
[DEBUG Aug  2 07:44:52.694810928, errs.go:68] Created error: Can't merge commit thats already in target commits history
[DEBUG Aug  2 07:44:52.694840292, errs.go:68] Created error: Bad expander name
[DEBUG Aug  2 07:44:52.694865692, errs.go:68] Created error: Expander has no handler
[DEBUG Aug  2 07:44:52.695993730, errs.go:68] Created error: Service is already running
[DEBUG Aug  2 07:44:52.734781581, secrets.go:35] Gcloud Secretmanager failed to initialize (ignore if you're not trying to use gcloud): google: could not find default credentials. See https://developers.google.com/accounts/docs/application-default-credentials for more information.
[DEBUG Aug  2 07:44:52.738184426, output.go:53] Requested outputer for 
[DEBUG Aug  2 07:44:52.738205905, output.go:58] Using Plain outputer
[DEBUG Aug  2 07:44:52.738287901, termutils.go:17] Cannot get terminal size: inappropriate ioctl for device
[DEBUG Aug  2 07:44:52.738383055, client.go:128] Reporting event to 2 reporters: run-command, state-svc start, 
[DEBUG Aug  2 07:44:52.738456170, main.go:107] Running CmdStart
[DEBUG Aug  2 07:44:52.743818103, errs.go:75] Wrapped error: Service is already running -- with: valueF failed
[DEBUG Aug  2 07:44:52.743881027, errs.go:75] Wrapped error: valueF failed -- with: Could not store pid
[DEBUG Aug  2 07:44:52.743960862, errors.go:113] Wrapped input error: Could not store pid -- with: A State Service instance is already running in the background.
[DEBUG Aug  2 07:44:52.743975092, errs.go:75] Wrapped error: A State Service instance is already running in the background. -- with: Could not start serviceManager
[DEBUG Aug  2 07:44:52.744045584, client.go:128] Reporting event to 2 reporters: command-exit, state-svc start, 1
[DEBUG Aug  2 07:44:53.121519742, errs.go:75] Wrapped error: <nil> -- with: Could not start serviceManager: A State Service instance is already running in the background.: Could not store pid: valueF failed: Service is already running
[DEBUG Aug  2 07:44:53.121607607, main.go:61] state-svc errored out due to input: Could not start serviceManager: A State Service instance is already running in the background.: Could not store pid: valueF failed: Service is already running
