[DEBUG Aug  2 08:20:30.813873071, defaults.go:273] Args: [/home1/wangfeim/.local/ActiveState/StateTool/release/bin/state-svc start]
[DEBUG Aug  2 08:20:30.828079727, locale.go:38] Init
[DEBUG Aug  2 08:20:30.868012688, errs.go:68] Created error: File could not be found
[DEBUG Aug  2 08:20:30.870996964, errs.go:68] Created error: Not Recognized
[DEBUG Aug  2 08:20:30.891593653, errs.go:68] Created error: Secret not found
[DEBUG Aug  2 08:20:30.891644459, errs.go:68] Created error: Could not save keypair
[DEBUG Aug  2 08:20:30.891833032, errs.go:68] Created error: Build responded with error
[DEBUG Aug  2 08:20:30.891868838, errs.go:68] Created error: Unknown build type
[DEBUG Aug  2 08:20:30.891992079, errors.go:86] Wrapped localized error: <nil> -- with: The installed version of the State Tool Service does not match that of the client.
Please stop the service with [ACTIONABLE]state-svc stop[/RESET] and try your command again.
If this issue persists please reinstall the State Tool.

[DEBUG Aug  2 08:20:30.892006269, errs.go:68] Created error: no data
[DEBUG Aug  2 08:20:30.892031636, errs.go:68] Created error: member not found
[DEBUG Aug  2 08:20:30.892055583, errs.go:68] Created error: Commit count is unknowable
[DEBUG Aug  2 08:20:30.892078741, errs.go:68] Created error: No merge required
[DEBUG Aug  2 08:20:30.892100609, errs.go:68] Created error: Can't merge commit thats already in target commits history
[DEBUG Aug  2 08:20:30.892125831, errs.go:68] Created error: Bad expander name
[DEBUG Aug  2 08:20:30.892148665, errs.go:68] Created error: Expander has no handler
[DEBUG Aug  2 08:20:30.895317417, errs.go:68] Created error: Service is already running
[DEBUG Aug  2 08:20:30.922087036, secrets.go:35] Gcloud Secretmanager failed to initialize (ignore if you're not trying to use gcloud): google: could not find default credentials. See https://developers.google.com/accounts/docs/application-default-credentials for more information.
[DEBUG Aug  2 08:20:30.926631097, output.go:53] Requested outputer for 
[DEBUG Aug  2 08:20:30.926656705, output.go:58] Using Plain outputer
[DEBUG Aug  2 08:20:30.926723645, termutils.go:17] Cannot get terminal size: inappropriate ioctl for device
[DEBUG Aug  2 08:20:30.926881197, client.go:128] Reporting event to 2 reporters: run-command, state-svc start, 
[DEBUG Aug  2 08:20:30.926884181, main.go:107] Running CmdStart
[DEBUG Aug  2 08:20:30.932717645, errs.go:75] Wrapped error: Service is already running -- with: valueF failed
[DEBUG Aug  2 08:20:30.932769143, errs.go:75] Wrapped error: valueF failed -- with: Could not store pid
[DEBUG Aug  2 08:20:30.932860578, errors.go:113] Wrapped input error: Could not store pid -- with: A State Service instance is already running in the background.
[DEBUG Aug  2 08:20:30.932876269, errs.go:75] Wrapped error: A State Service instance is already running in the background. -- with: Could not start serviceManager
[DEBUG Aug  2 08:20:30.932973798, client.go:128] Reporting event to 2 reporters: command-exit, state-svc start, 1
[DEBUG Aug  2 08:20:31.265469390, errs.go:75] Wrapped error: <nil> -- with: Could not start serviceManager: A State Service instance is already running in the background.: Could not store pid: valueF failed: Service is already running
[DEBUG Aug  2 08:20:31.265527558, main.go:61] state-svc errored out due to input: Could not start serviceManager: A State Service instance is already running in the background.: Could not store pid: valueF failed: Service is already running
