[DEBUG Aug  2 07:33:38.558426935, defaults.go:273] Args: [/home1/wangfeim/.local/ActiveState/StateTool/release/bin/state-svc start]
[DEBUG Aug  2 07:33:38.571375049, locale.go:38] Init
[DEBUG Aug  2 07:33:38.609221529, errs.go:68] Created error: File could not be found
[DEBUG Aug  2 07:33:38.611994271, errs.go:68] Created error: Not Recognized
[DEBUG Aug  2 07:33:38.631555521, errs.go:68] Created error: Secret not found
[DEBUG Aug  2 07:33:38.631613883, errs.go:68] Created error: Could not save keypair
[DEBUG Aug  2 07:33:38.631772129, errs.go:68] Created error: Build responded with error
[DEBUG Aug  2 07:33:38.631805776, errs.go:68] Created error: Unknown build type
[DEBUG Aug  2 07:33:38.631908768, errors.go:86] Wrapped localized error: <nil> -- with: The installed version of the State Tool Service does not match that of the client.
Please stop the service with [ACTIONABLE]state-svc stop[/RESET] and try your command again.
If this issue persists please reinstall the State Tool.

[DEBUG Aug  2 07:33:38.631922910, errs.go:68] Created error: no data
[DEBUG Aug  2 07:33:38.631951330, errs.go:68] Created error: member not found
[DEBUG Aug  2 07:33:38.631978392, errs.go:68] Created error: Commit count is unknowable
[DEBUG Aug  2 07:33:38.632004075, errs.go:68] Created error: No merge required
[DEBUG Aug  2 07:33:38.632025012, errs.go:68] Created error: Can't merge commit thats already in target commits history
[DEBUG Aug  2 07:33:38.632046119, errs.go:68] Created error: Bad expander name
[DEBUG Aug  2 07:33:38.632070881, errs.go:68] Created error: Expander has no handler
[DEBUG Aug  2 07:33:38.633070562, errs.go:68] Created error: Service is already running
[DEBUG Aug  2 07:33:38.659788560, secrets.go:35] Gcloud Secretmanager failed to initialize (ignore if you're not trying to use gcloud): google: could not find default credentials. See https://developers.google.com/accounts/docs/application-default-credentials for more information.
[DEBUG Aug  2 07:33:38.663028660, output.go:53] Requested outputer for 
[DEBUG Aug  2 07:33:38.663047519, output.go:58] Using Plain outputer
[DEBUG Aug  2 07:33:38.663125961, termutils.go:17] Cannot get terminal size: inappropriate ioctl for device
[DEBUG Aug  2 07:33:38.663204024, client.go:128] Reporting event to 2 reporters: run-command, state-svc start, 
[DEBUG Aug  2 07:33:38.663269131, main.go:107] Running CmdStart
[DEBUG Aug  2 07:33:38.668671822, errs.go:75] Wrapped error: Service is already running -- with: valueF failed
[DEBUG Aug  2 07:33:38.668726120, errs.go:75] Wrapped error: valueF failed -- with: Could not store pid
[DEBUG Aug  2 07:33:38.668791799, errors.go:113] Wrapped input error: Could not store pid -- with: A State Service instance is already running in the background.
[DEBUG Aug  2 07:33:38.668805213, errs.go:75] Wrapped error: A State Service instance is already running in the background. -- with: Could not start serviceManager
[DEBUG Aug  2 07:33:38.668880251, client.go:128] Reporting event to 2 reporters: command-exit, state-svc start, 1
[DEBUG Aug  2 07:33:38.988582596, errs.go:75] Wrapped error: <nil> -- with: Could not start serviceManager: A State Service instance is already running in the background.: Could not store pid: valueF failed: Service is already running
[DEBUG Aug  2 07:33:38.988646693, main.go:61] state-svc errored out due to input: Could not start serviceManager: A State Service instance is already running in the background.: Could not store pid: valueF failed: Service is already running
