[DEBUG Aug  2 07:58:11.529065015, defaults.go:273] Args: [/home1/wangfeim/.local/ActiveState/StateTool/release/bin/state-svc start]
[DEBUG Aug  2 07:58:11.591522049, locale.go:38] Init
[DEBUG Aug  2 07:58:11.632921327, errs.go:68] Created error: File could not be found
[DEBUG Aug  2 07:58:11.635927506, errs.go:68] Created error: Not Recognized
[DEBUG Aug  2 07:58:11.685625014, errs.go:68] Created error: Secret not found
[DEBUG Aug  2 07:58:11.685730824, errs.go:68] Created error: Could not save keypair
[DEBUG Aug  2 07:58:11.686687838, errs.go:68] Created error: Build responded with error
[DEBUG Aug  2 07:58:11.686963878, errs.go:68] Created error: Unknown build type
[DEBUG Aug  2 07:58:11.687127875, errors.go:86] Wrapped localized error: <nil> -- with: The installed version of the State Tool Service does not match that of the client.
Please stop the service with [ACTIONABLE]state-svc stop[/RESET] and try your command again.
If this issue persists please reinstall the State Tool.

[DEBUG Aug  2 07:58:11.687146517, errs.go:68] Created error: no data
[DEBUG Aug  2 07:58:11.687178808, errs.go:68] Created error: member not found
[DEBUG Aug  2 07:58:11.687205783, errs.go:68] Created error: Commit count is unknowable
[DEBUG Aug  2 07:58:11.687237229, errs.go:68] Created error: No merge required
[DEBUG Aug  2 07:58:11.687262780, errs.go:68] Created error: Can't merge commit thats already in target commits history
[DEBUG Aug  2 07:58:11.687291037, errs.go:68] Created error: Bad expander name
[DEBUG Aug  2 07:58:11.687316036, errs.go:68] Created error: Expander has no handler
[DEBUG Aug  2 07:58:11.688570879, errs.go:68] Created error: Service is already running
[DEBUG Aug  2 07:58:11.718904968, secrets.go:35] Gcloud Secretmanager failed to initialize (ignore if you're not trying to use gcloud): google: could not find default credentials. See https://developers.google.com/accounts/docs/application-default-credentials for more information.
[DEBUG Aug  2 07:58:11.722170790, output.go:53] Requested outputer for 
[DEBUG Aug  2 07:58:11.722195025, output.go:58] Using Plain outputer
[DEBUG Aug  2 07:58:11.722265124, termutils.go:17] Cannot get terminal size: inappropriate ioctl for device
[DEBUG Aug  2 07:58:11.722357882, client.go:128] Reporting event to 2 reporters: run-command, state-svc start, 
[DEBUG Aug  2 07:58:11.722404773, main.go:107] Running CmdStart
[DEBUG Aug  2 07:58:11.728177556, errs.go:75] Wrapped error: Service is already running -- with: valueF failed
[DEBUG Aug  2 07:58:11.728251805, errs.go:75] Wrapped error: valueF failed -- with: Could not store pid
[DEBUG Aug  2 07:58:11.728332680, errors.go:113] Wrapped input error: Could not store pid -- with: A State Service instance is already running in the background.
[DEBUG Aug  2 07:58:11.728351168, errs.go:75] Wrapped error: A State Service instance is already running in the background. -- with: Could not start serviceManager
[DEBUG Aug  2 07:58:11.728439104, client.go:128] Reporting event to 2 reporters: command-exit, state-svc start, 1
[DEBUG Aug  2 07:58:12.092672842, errs.go:75] Wrapped error: <nil> -- with: Could not start serviceManager: A State Service instance is already running in the background.: Could not store pid: valueF failed: Service is already running
[DEBUG Aug  2 07:58:12.092759246, main.go:61] state-svc errored out due to input: Could not start serviceManager: A State Service instance is already running in the background.: Could not store pid: valueF failed: Service is already running
