[DEBUG Aug  2 07:54:21.463837682, defaults.go:273] Args: [/home1/wangfeim/.local/ActiveState/StateTool/release/bin/state-svc start]
[DEBUG Aug  2 07:54:21.477779247, locale.go:38] Init
[DEBUG Aug  2 07:54:21.888085201, errs.go:68] Created error: File could not be found
[DEBUG Aug  2 07:54:21.891256050, errs.go:68] Created error: Not Recognized
[DEBUG Aug  2 07:54:21.912334588, errs.go:68] Created error: Secret not found
[DEBUG Aug  2 07:54:21.912407346, errs.go:68] Created error: Could not save keypair
[DEBUG Aug  2 07:54:21.912675332, errs.go:68] Created error: Build responded with error
[DEBUG Aug  2 07:54:21.912707778, errs.go:68] Created error: Unknown build type
[DEBUG Aug  2 07:54:21.912831007, errors.go:86] Wrapped localized error: <nil> -- with: The installed version of the State Tool Service does not match that of the client.
Please stop the service with [ACTIONABLE]state-svc stop[/RESET] and try your command again.
If this issue persists please reinstall the State Tool.

[DEBUG Aug  2 07:54:21.912846184, errs.go:68] Created error: no data
[DEBUG Aug  2 07:54:21.912877542, errs.go:68] Created error: member not found
[DEBUG Aug  2 07:54:21.912913937, errs.go:68] Created error: Commit count is unknowable
[DEBUG Aug  2 07:54:21.912939255, errs.go:68] Created error: No merge required
[DEBUG Aug  2 07:54:21.912971672, errs.go:68] Created error: Can't merge commit thats already in target commits history
[DEBUG Aug  2 07:54:21.913006038, errs.go:68] Created error: Bad expander name
[DEBUG Aug  2 07:54:21.913037540, errs.go:68] Created error: Expander has no handler
[DEBUG Aug  2 07:54:21.914209947, errs.go:68] Created error: Service is already running
[DEBUG Aug  2 07:54:21.945852242, secrets.go:35] Gcloud Secretmanager failed to initialize (ignore if you're not trying to use gcloud): google: could not find default credentials. See https://developers.google.com/accounts/docs/application-default-credentials for more information.
[DEBUG Aug  2 07:54:21.988686845, output.go:53] Requested outputer for 
[DEBUG Aug  2 07:54:21.988721552, output.go:58] Using Plain outputer
[DEBUG Aug  2 07:54:21.988816562, termutils.go:17] Cannot get terminal size: inappropriate ioctl for device
[DEBUG Aug  2 07:54:21.988952440, client.go:128] Reporting event to 2 reporters: run-command, state-svc start, 
[DEBUG Aug  2 07:54:21.989033585, main.go:107] Running CmdStart
[DEBUG Aug  2 07:54:21.995166288, errs.go:75] Wrapped error: Service is already running -- with: valueF failed
[DEBUG Aug  2 07:54:21.995266308, errs.go:75] Wrapped error: valueF failed -- with: Could not store pid
[DEBUG Aug  2 07:54:21.995363660, errors.go:113] Wrapped input error: Could not store pid -- with: A State Service instance is already running in the background.
[DEBUG Aug  2 07:54:21.995389541, errs.go:75] Wrapped error: A State Service instance is already running in the background. -- with: Could not start serviceManager
[DEBUG Aug  2 07:54:21.995608816, client.go:128] Reporting event to 2 reporters: command-exit, state-svc start, 1
[DEBUG Aug  2 07:54:22.354899529, errs.go:75] Wrapped error: <nil> -- with: Could not start serviceManager: A State Service instance is already running in the background.: Could not store pid: valueF failed: Service is already running
[DEBUG Aug  2 07:54:22.354960113, main.go:61] state-svc errored out due to input: Could not start serviceManager: A State Service instance is already running in the background.: Could not store pid: valueF failed: Service is already running
