[DEBUG Aug  2 08:06:34.775880918, defaults.go:273] Args: [/home1/wangfeim/.local/ActiveState/StateTool/release/bin/state-svc start]
[DEBUG Aug  2 08:06:34.792270011, locale.go:38] Init
[DEBUG Aug  2 08:06:34.994713251, errs.go:68] Created error: File could not be found
[DEBUG Aug  2 08:06:34.998178105, errs.go:68] Created error: Not Recognized
[DEBUG Aug  2 08:06:35.022578880, errs.go:68] Created error: Secret not found
[DEBUG Aug  2 08:06:35.022633514, errs.go:68] Created error: Could not save keypair
[DEBUG Aug  2 08:06:35.022798952, errs.go:68] Created error: Build responded with error
[DEBUG Aug  2 08:06:35.022833598, errs.go:68] Created error: Unknown build type
[DEBUG Aug  2 08:06:35.022963201, errors.go:86] Wrapped localized error: <nil> -- with: The installed version of the State Tool Service does not match that of the client.
Please stop the service with [ACTIONABLE]state-svc stop[/RESET] and try your command again.
If this issue persists please reinstall the State Tool.

[DEBUG Aug  2 08:06:35.022978588, errs.go:68] Created error: no data
[DEBUG Aug  2 08:06:35.023003540, errs.go:68] Created error: member not found
[DEBUG Aug  2 08:06:35.023026675, errs.go:68] Created error: Commit count is unknowable
[DEBUG Aug  2 08:06:35.023050130, errs.go:68] Created error: No merge required
[DEBUG Aug  2 08:06:35.023073442, errs.go:68] Created error: Can't merge commit thats already in target commits history
[DEBUG Aug  2 08:06:35.023098256, errs.go:68] Created error: Bad expander name
[DEBUG Aug  2 08:06:35.023120485, errs.go:68] Created error: Expander has no handler
[DEBUG Aug  2 08:06:35.024064034, errs.go:68] Created error: Service is already running
[DEBUG Aug  2 08:06:35.101974535, secrets.go:35] Gcloud Secretmanager failed to initialize (ignore if you're not trying to use gcloud): google: could not find default credentials. See https://developers.google.com/accounts/docs/application-default-credentials for more information.
[DEBUG Aug  2 08:06:35.105686158, output.go:53] Requested outputer for 
[DEBUG Aug  2 08:06:35.105710062, output.go:58] Using Plain outputer
[DEBUG Aug  2 08:06:35.105797824, termutils.go:17] Cannot get terminal size: inappropriate ioctl for device
[DEBUG Aug  2 08:06:35.105884676, client.go:128] Reporting event to 2 reporters: run-command, state-svc start, 
[DEBUG Aug  2 08:06:35.105963215, main.go:107] Running CmdStart
[DEBUG Aug  2 08:06:35.111858384, errs.go:75] Wrapped error: Service is already running -- with: valueF failed
[DEBUG Aug  2 08:06:35.111920226, errs.go:75] Wrapped error: valueF failed -- with: Could not store pid
[DEBUG Aug  2 08:06:35.111994528, errors.go:113] Wrapped input error: Could not store pid -- with: A State Service instance is already running in the background.
[DEBUG Aug  2 08:06:35.112026607, errs.go:75] Wrapped error: A State Service instance is already running in the background. -- with: Could not start serviceManager
[DEBUG Aug  2 08:06:35.112130759, client.go:128] Reporting event to 2 reporters: command-exit, state-svc start, 1
[DEBUG Aug  2 08:06:35.494808106, errs.go:75] Wrapped error: <nil> -- with: Could not start serviceManager: A State Service instance is already running in the background.: Could not store pid: valueF failed: Service is already running
[DEBUG Aug  2 08:06:35.494894804, main.go:61] state-svc errored out due to input: Could not start serviceManager: A State Service instance is already running in the background.: Could not store pid: valueF failed: Service is already running
