[DEBUG Aug  2 07:44:38.847615427, defaults.go:273] Args: [/home1/wangfeim/.local/ActiveState/StateTool/release/bin/state-svc start]
[DEBUG Aug  2 07:44:38.861190770, locale.go:38] Init
[DEBUG Aug  2 07:44:39.116981562, errs.go:68] Created error: File could not be found
[DEBUG Aug  2 07:44:39.120441035, errs.go:68] Created error: Not Recognized
[DEBUG Aug  2 07:44:39.142804768, errs.go:68] Created error: Secret not found
[DEBUG Aug  2 07:44:39.142857388, errs.go:68] Created error: Could not save keypair
[DEBUG Aug  2 07:44:39.143037392, errs.go:68] Created error: Build responded with error
[DEBUG Aug  2 07:44:39.143070587, errs.go:68] Created error: Unknown build type
[DEBUG Aug  2 07:44:39.143199515, errors.go:86] Wrapped localized error: <nil> -- with: The installed version of the State Tool Service does not match that of the client.
Please stop the service with [ACTIONABLE]state-svc stop[/RESET] and try your command again.
If this issue persists please reinstall the State Tool.

[DEBUG Aug  2 07:44:39.143215560, errs.go:68] Created error: no data
[DEBUG Aug  2 07:44:39.143240880, errs.go:68] Created error: member not found
[DEBUG Aug  2 07:44:39.143264981, errs.go:68] Created error: Commit count is unknowable
[DEBUG Aug  2 07:44:39.143288508, errs.go:68] Created error: No merge required
[DEBUG Aug  2 07:44:39.143312055, errs.go:68] Created error: Can't merge commit thats already in target commits history
[DEBUG Aug  2 07:44:39.143340804, errs.go:68] Created error: Bad expander name
[DEBUG Aug  2 07:44:39.143371027, errs.go:68] Created error: Expander has no handler
[DEBUG Aug  2 07:44:39.144485218, errs.go:68] Created error: Service is already running
[DEBUG Aug  2 07:44:39.177438792, secrets.go:35] Gcloud Secretmanager failed to initialize (ignore if you're not trying to use gcloud): google: could not find default credentials. See https://developers.google.com/accounts/docs/application-default-credentials for more information.
[DEBUG Aug  2 07:44:39.184119879, output.go:53] Requested outputer for 
[DEBUG Aug  2 07:44:39.184143839, output.go:58] Using Plain outputer
[DEBUG Aug  2 07:44:39.184216986, termutils.go:17] Cannot get terminal size: inappropriate ioctl for device
[DEBUG Aug  2 07:44:39.184356283, client.go:128] Reporting event to 2 reporters: run-command, state-svc start, 
[DEBUG Aug  2 07:44:39.184369458, main.go:107] Running CmdStart
[DEBUG Aug  2 07:44:39.191157531, errs.go:75] Wrapped error: Service is already running -- with: valueF failed
[DEBUG Aug  2 07:44:39.191221999, errs.go:75] Wrapped error: valueF failed -- with: Could not store pid
[DEBUG Aug  2 07:44:39.191309832, errors.go:113] Wrapped input error: Could not store pid -- with: A State Service instance is already running in the background.
[DEBUG Aug  2 07:44:39.191325048, errs.go:75] Wrapped error: A State Service instance is already running in the background. -- with: Could not start serviceManager
[DEBUG Aug  2 07:44:39.191439418, client.go:128] Reporting event to 2 reporters: command-exit, state-svc start, 1
[DEBUG Aug  2 07:44:39.536201587, errs.go:75] Wrapped error: <nil> -- with: Could not start serviceManager: A State Service instance is already running in the background.: Could not store pid: valueF failed: Service is already running
[DEBUG Aug  2 07:44:39.536280153, main.go:61] state-svc errored out due to input: Could not start serviceManager: A State Service instance is already running in the background.: Could not store pid: valueF failed: Service is already running
