[DEBUG Aug  2 07:36:27.146955258, defaults.go:273] Args: [/home1/wangfeim/.local/ActiveState/StateTool/release/bin/state-svc start]
[DEBUG Aug  2 07:36:27.160105740, locale.go:38] Init
[DEBUG Aug  2 07:36:27.217122774, errs.go:68] Created error: File could not be found
[DEBUG Aug  2 07:36:27.222897006, errs.go:68] Created error: Not Recognized
[DEBUG Aug  2 07:36:27.241684249, errs.go:68] Created error: Secret not found
[DEBUG Aug  2 07:36:27.241732727, errs.go:68] Created error: Could not save keypair
[DEBUG Aug  2 07:36:27.241891082, errs.go:68] Created error: Build responded with error
[DEBUG Aug  2 07:36:27.241916391, errs.go:68] Created error: Unknown build type
[DEBUG Aug  2 07:36:27.242029222, errors.go:86] Wrapped localized error: <nil> -- with: The installed version of the State Tool Service does not match that of the client.
Please stop the service with [ACTIONABLE]state-svc stop[/RESET] and try your command again.
If this issue persists please reinstall the State Tool.

[DEBUG Aug  2 07:36:27.242042501, errs.go:68] Created error: no data
[DEBUG Aug  2 07:36:27.242064155, errs.go:68] Created error: member not found
[DEBUG Aug  2 07:36:27.242084419, errs.go:68] Created error: Commit count is unknowable
[DEBUG Aug  2 07:36:27.242106664, errs.go:68] Created error: No merge required
[DEBUG Aug  2 07:36:27.242126419, errs.go:68] Created error: Can't merge commit thats already in target commits history
[DEBUG Aug  2 07:36:27.242147882, errs.go:68] Created error: Bad expander name
[DEBUG Aug  2 07:36:27.242168798, errs.go:68] Created error: Expander has no handler
[DEBUG Aug  2 07:36:27.285181320, errs.go:68] Created error: Service is already running
[DEBUG Aug  2 07:36:27.315311449, secrets.go:35] Gcloud Secretmanager failed to initialize (ignore if you're not trying to use gcloud): google: could not find default credentials. See https://developers.google.com/accounts/docs/application-default-credentials for more information.
[DEBUG Aug  2 07:36:27.318781946, output.go:53] Requested outputer for 
[DEBUG Aug  2 07:36:27.318803532, output.go:58] Using Plain outputer
[DEBUG Aug  2 07:36:27.318883837, termutils.go:17] Cannot get terminal size: inappropriate ioctl for device
[DEBUG Aug  2 07:36:27.318971824, client.go:128] Reporting event to 2 reporters: run-command, state-svc start, 
[DEBUG Aug  2 07:36:27.319036402, main.go:107] Running CmdStart
[DEBUG Aug  2 07:36:27.324862488, errs.go:75] Wrapped error: Service is already running -- with: valueF failed
[DEBUG Aug  2 07:36:27.324922511, errs.go:75] Wrapped error: valueF failed -- with: Could not store pid
[DEBUG Aug  2 07:36:27.324991392, errors.go:113] Wrapped input error: Could not store pid -- with: A State Service instance is already running in the background.
[DEBUG Aug  2 07:36:27.325003935, errs.go:75] Wrapped error: A State Service instance is already running in the background. -- with: Could not start serviceManager
[DEBUG Aug  2 07:36:27.325073912, client.go:128] Reporting event to 2 reporters: command-exit, state-svc start, 1
[DEBUG Aug  2 07:36:27.687167560, errs.go:75] Wrapped error: <nil> -- with: Could not start serviceManager: A State Service instance is already running in the background.: Could not store pid: valueF failed: Service is already running
[DEBUG Aug  2 07:36:27.687226702, main.go:61] state-svc errored out due to input: Could not start serviceManager: A State Service instance is already running in the background.: Could not store pid: valueF failed: Service is already running
