[DEBUG Sep 20 17:35:52.597658322, defaults.go:273] Args: [/home1/wangfeim/.local/ActiveState/StateTool/release/bin/state-svc start]
[DEBUG Sep 20 17:35:52.611085811, locale.go:38] Init
[DEBUG Sep 20 17:35:52.649230062, errs.go:68] Created error: File could not be found
[DEBUG Sep 20 17:35:52.652194014, errs.go:68] Created error: Not Recognized
[DEBUG Sep 20 17:35:52.672646549, errs.go:68] Created error: Secret not found
[DEBUG Sep 20 17:35:52.672692619, errs.go:68] Created error: Could not save keypair
[DEBUG Sep 20 17:35:52.672879150, errs.go:68] Created error: Build responded with error
[DEBUG Sep 20 17:35:52.672907845, errs.go:68] Created error: Unknown build type
[DEBUG Sep 20 17:35:52.673021246, errors.go:86] Wrapped localized error: <nil> -- with: The installed version of the State Tool Service does not match that of the client.
Please stop the service with [ACTIONABLE]state-svc stop[/RESET] and try your command again.
If this issue persists please reinstall the State Tool.

[DEBUG Sep 20 17:35:52.673035109, errs.go:68] Created error: no data
[DEBUG Sep 20 17:35:52.673059436, errs.go:68] Created error: member not found
[DEBUG Sep 20 17:35:52.673082265, errs.go:68] Created error: Commit count is unknowable
[DEBUG Sep 20 17:35:52.673104795, errs.go:68] Created error: No merge required
[DEBUG Sep 20 17:35:52.673127299, errs.go:68] Created error: Can't merge commit thats already in target commits history
[DEBUG Sep 20 17:35:52.673151004, errs.go:68] Created error: Bad expander name
[DEBUG Sep 20 17:35:52.673173188, errs.go:68] Created error: Expander has no handler
[DEBUG Sep 20 17:35:52.675118915, errs.go:68] Created error: Service is already running
[DEBUG Sep 20 17:35:52.698777506, secrets.go:35] Gcloud Secretmanager failed to initialize (ignore if you're not trying to use gcloud): google: could not find default credentials. See https://developers.google.com/accounts/docs/application-default-credentials for more information.
[DEBUG Sep 20 17:35:52.703580831, output.go:53] Requested outputer for 
[DEBUG Sep 20 17:35:52.703617087, output.go:58] Using Plain outputer
[DEBUG Sep 20 17:35:52.703686038, termutils.go:17] Cannot get terminal size: inappropriate ioctl for device
[DEBUG Sep 20 17:35:52.703819010, client.go:128] Reporting event to 2 reporters: run-command, state-svc start, 
[DEBUG Sep 20 17:35:52.703901799, main.go:107] Running CmdStart
[DEBUG Sep 20 17:35:52.709614046, errs.go:75] Wrapped error: Service is already running -- with: valueF failed
[DEBUG Sep 20 17:35:52.709658636, errs.go:75] Wrapped error: valueF failed -- with: Could not store pid
[DEBUG Sep 20 17:35:52.709722580, errors.go:113] Wrapped input error: Could not store pid -- with: A State Service instance is already running in the background.
[DEBUG Sep 20 17:35:52.709734991, errs.go:75] Wrapped error: A State Service instance is already running in the background. -- with: Could not start serviceManager
[DEBUG Sep 20 17:35:52.709795385, client.go:128] Reporting event to 2 reporters: command-exit, state-svc start, 1
[DEBUG Sep 20 17:35:53.057757982, errs.go:75] Wrapped error: <nil> -- with: Could not start serviceManager: A State Service instance is already running in the background.: Could not store pid: valueF failed: Service is already running
[DEBUG Sep 20 17:35:53.057829756, main.go:61] state-svc errored out due to input: Could not start serviceManager: A State Service instance is already running in the background.: Could not store pid: valueF failed: Service is already running
