[DEBUG Aug  2 07:42:50.127504297, defaults.go:273] Args: [/home1/wangfeim/.local/ActiveState/StateTool/release/bin/state-svc start]
[DEBUG Aug  2 07:42:50.141431396, locale.go:38] Init
[DEBUG Aug  2 07:42:50.187175246, errs.go:68] Created error: File could not be found
[DEBUG Aug  2 07:42:50.190279403, errs.go:68] Created error: Not Recognized
[DEBUG Aug  2 07:42:50.212277143, errs.go:68] Created error: Secret not found
[DEBUG Aug  2 07:42:50.212327863, errs.go:68] Created error: Could not save keypair
[DEBUG Aug  2 07:42:50.212493725, errs.go:68] Created error: Build responded with error
[DEBUG Aug  2 07:42:50.212524515, errs.go:68] Created error: Unknown build type
[DEBUG Aug  2 07:42:50.212641294, errors.go:86] Wrapped localized error: <nil> -- with: The installed version of the State Tool Service does not match that of the client.
Please stop the service with [ACTIONABLE]state-svc stop[/RESET] and try your command again.
If this issue persists please reinstall the State Tool.

[DEBUG Aug  2 07:42:50.212656657, errs.go:68] Created error: no data
[DEBUG Aug  2 07:42:50.212679138, errs.go:68] Created error: member not found
[DEBUG Aug  2 07:42:50.212713161, errs.go:68] Created error: Commit count is unknowable
[DEBUG Aug  2 07:42:50.212733712, errs.go:68] Created error: No merge required
[DEBUG Aug  2 07:42:50.212759416, errs.go:68] Created error: Can't merge commit thats already in target commits history
[DEBUG Aug  2 07:42:50.212781359, errs.go:68] Created error: Bad expander name
[DEBUG Aug  2 07:42:50.212801880, errs.go:68] Created error: Expander has no handler
[DEBUG Aug  2 07:42:50.213982007, errs.go:68] Created error: Service is already running
[DEBUG Aug  2 07:42:50.242519700, secrets.go:35] Gcloud Secretmanager failed to initialize (ignore if you're not trying to use gcloud): google: could not find default credentials. See https://developers.google.com/accounts/docs/application-default-credentials for more information.
[DEBUG Aug  2 07:42:50.285067481, output.go:53] Requested outputer for 
[DEBUG Aug  2 07:42:50.285092946, output.go:58] Using Plain outputer
[DEBUG Aug  2 07:42:50.285169413, termutils.go:17] Cannot get terminal size: inappropriate ioctl for device
[DEBUG Aug  2 07:42:50.285253459, client.go:128] Reporting event to 2 reporters: run-command, state-svc start, 
[DEBUG Aug  2 07:42:50.285311203, main.go:107] Running CmdStart
[DEBUG Aug  2 07:42:50.291516928, errs.go:75] Wrapped error: Service is already running -- with: valueF failed
[DEBUG Aug  2 07:42:50.291589308, errs.go:75] Wrapped error: valueF failed -- with: Could not store pid
[DEBUG Aug  2 07:42:50.291660614, errors.go:113] Wrapped input error: Could not store pid -- with: A State Service instance is already running in the background.
[DEBUG Aug  2 07:42:50.291674838, errs.go:75] Wrapped error: A State Service instance is already running in the background. -- with: Could not start serviceManager
[DEBUG Aug  2 07:42:50.291755294, client.go:128] Reporting event to 2 reporters: command-exit, state-svc start, 1
[DEBUG Aug  2 07:42:50.622388811, errs.go:75] Wrapped error: <nil> -- with: Could not start serviceManager: A State Service instance is already running in the background.: Could not store pid: valueF failed: Service is already running
[DEBUG Aug  2 07:42:50.622482805, main.go:61] state-svc errored out due to input: Could not start serviceManager: A State Service instance is already running in the background.: Could not store pid: valueF failed: Service is already running
