[DEBUG Aug  2 07:38:57.144759711, defaults.go:273] Args: [/home1/wangfeim/.local/ActiveState/StateTool/release/bin/state-svc start]
[DEBUG Aug  2 07:38:57.192101903, locale.go:38] Init
[DEBUG Aug  2 07:38:57.235553438, errs.go:68] Created error: File could not be found
[DEBUG Aug  2 07:38:57.238433407, errs.go:68] Created error: Not Recognized
[DEBUG Aug  2 07:38:57.304352974, errs.go:68] Created error: Secret not found
[DEBUG Aug  2 07:38:57.304414263, errs.go:68] Created error: Could not save keypair
[DEBUG Aug  2 07:38:57.304599509, errs.go:68] Created error: Build responded with error
[DEBUG Aug  2 07:38:57.304634819, errs.go:68] Created error: Unknown build type
[DEBUG Aug  2 07:38:57.304752001, errors.go:86] Wrapped localized error: <nil> -- with: The installed version of the State Tool Service does not match that of the client.
Please stop the service with [ACTIONABLE]state-svc stop[/RESET] and try your command again.
If this issue persists please reinstall the State Tool.

[DEBUG Aug  2 07:38:57.304767708, errs.go:68] Created error: no data
[DEBUG Aug  2 07:38:57.304794384, errs.go:68] Created error: member not found
[DEBUG Aug  2 07:38:57.304819615, errs.go:68] Created error: Commit count is unknowable
[DEBUG Aug  2 07:38:57.304842388, errs.go:68] Created error: No merge required
[DEBUG Aug  2 07:38:57.304866840, errs.go:68] Created error: Can't merge commit thats already in target commits history
[DEBUG Aug  2 07:38:57.304897818, errs.go:68] Created error: Bad expander name
[DEBUG Aug  2 07:38:57.304922560, errs.go:68] Created error: Expander has no handler
[DEBUG Aug  2 07:38:57.305983329, errs.go:68] Created error: Service is already running
[DEBUG Aug  2 07:38:57.335227895, secrets.go:35] Gcloud Secretmanager failed to initialize (ignore if you're not trying to use gcloud): google: could not find default credentials. See https://developers.google.com/accounts/docs/application-default-credentials for more information.
[DEBUG Aug  2 07:38:57.338649891, output.go:53] Requested outputer for 
[DEBUG Aug  2 07:38:57.338671325, output.go:58] Using Plain outputer
[DEBUG Aug  2 07:38:57.338755475, termutils.go:17] Cannot get terminal size: inappropriate ioctl for device
[DEBUG Aug  2 07:38:57.338832289, client.go:128] Reporting event to 2 reporters: run-command, state-svc start, 
[DEBUG Aug  2 07:38:57.338935262, main.go:107] Running CmdStart
[DEBUG Aug  2 07:38:57.344941989, errs.go:75] Wrapped error: Service is already running -- with: valueF failed
[DEBUG Aug  2 07:38:57.345006010, errs.go:75] Wrapped error: valueF failed -- with: Could not store pid
[DEBUG Aug  2 07:38:57.345082666, errors.go:113] Wrapped input error: Could not store pid -- with: A State Service instance is already running in the background.
[DEBUG Aug  2 07:38:57.345098062, errs.go:75] Wrapped error: A State Service instance is already running in the background. -- with: Could not start serviceManager
[DEBUG Aug  2 07:38:57.345164012, client.go:128] Reporting event to 2 reporters: command-exit, state-svc start, 1
[DEBUG Aug  2 07:38:57.692319614, errs.go:75] Wrapped error: <nil> -- with: Could not start serviceManager: A State Service instance is already running in the background.: Could not store pid: valueF failed: Service is already running
[DEBUG Aug  2 07:38:57.692407399, main.go:61] state-svc errored out due to input: Could not start serviceManager: A State Service instance is already running in the background.: Could not store pid: valueF failed: Service is already running
