[DEBUG Aug  2 07:39:53.792966008, defaults.go:273] Args: [/home1/wangfeim/.local/ActiveState/StateTool/release/bin/state-svc start]
[DEBUG Aug  2 07:39:53.806748347, locale.go:38] Init
[DEBUG Aug  2 07:39:54.096250150, errs.go:68] Created error: File could not be found
[DEBUG Aug  2 07:39:54.101305410, errs.go:68] Created error: Not Recognized
[DEBUG Aug  2 07:39:54.135631100, errs.go:68] Created error: Secret not found
[DEBUG Aug  2 07:39:54.135710260, errs.go:68] Created error: Could not save keypair
[DEBUG Aug  2 07:39:54.135988692, errs.go:68] Created error: Build responded with error
[DEBUG Aug  2 07:39:54.136048720, errs.go:68] Created error: Unknown build type
[DEBUG Aug  2 07:39:54.136256233, errors.go:86] Wrapped localized error: <nil> -- with: The installed version of the State Tool Service does not match that of the client.
Please stop the service with [ACTIONABLE]state-svc stop[/RESET] and try your command again.
If this issue persists please reinstall the State Tool.

[DEBUG Aug  2 07:39:54.136280345, errs.go:68] Created error: no data
[DEBUG Aug  2 07:39:54.136323148, errs.go:68] Created error: member not found
[DEBUG Aug  2 07:39:54.136371891, errs.go:68] Created error: Commit count is unknowable
[DEBUG Aug  2 07:39:54.136414219, errs.go:68] Created error: No merge required
[DEBUG Aug  2 07:39:54.136454690, errs.go:68] Created error: Can't merge commit thats already in target commits history
[DEBUG Aug  2 07:39:54.136497977, errs.go:68] Created error: Bad expander name
[DEBUG Aug  2 07:39:54.136545175, errs.go:68] Created error: Expander has no handler
[DEBUG Aug  2 07:39:54.137790250, errs.go:68] Created error: Service is already running
[DEBUG Aug  2 07:39:54.210141818, secrets.go:35] Gcloud Secretmanager failed to initialize (ignore if you're not trying to use gcloud): google: could not find default credentials. See https://developers.google.com/accounts/docs/application-default-credentials for more information.
[DEBUG Aug  2 07:39:54.215252780, output.go:53] Requested outputer for 
[DEBUG Aug  2 07:39:54.215286267, output.go:58] Using Plain outputer
[DEBUG Aug  2 07:39:54.215395351, termutils.go:17] Cannot get terminal size: inappropriate ioctl for device
[DEBUG Aug  2 07:39:54.215480356, client.go:128] Reporting event to 2 reporters: run-command, state-svc start, 
[DEBUG Aug  2 07:39:54.215584347, main.go:107] Running CmdStart
[DEBUG Aug  2 07:39:54.222552776, errs.go:75] Wrapped error: Service is already running -- with: valueF failed
[DEBUG Aug  2 07:39:54.222677171, errs.go:75] Wrapped error: valueF failed -- with: Could not store pid
[DEBUG Aug  2 07:39:54.222783592, errors.go:113] Wrapped input error: Could not store pid -- with: A State Service instance is already running in the background.
[DEBUG Aug  2 07:39:54.222804693, errs.go:75] Wrapped error: A State Service instance is already running in the background. -- with: Could not start serviceManager
[DEBUG Aug  2 07:39:54.223639130, client.go:128] Reporting event to 2 reporters: command-exit, state-svc start, 1
[DEBUG Aug  2 07:39:54.607931921, errs.go:75] Wrapped error: <nil> -- with: Could not start serviceManager: A State Service instance is already running in the background.: Could not store pid: valueF failed: Service is already running
[DEBUG Aug  2 07:39:54.607997143, main.go:61] state-svc errored out due to input: Could not start serviceManager: A State Service instance is already running in the background.: Could not store pid: valueF failed: Service is already running
