[DEBUG Aug  2 07:47:24.800498182, defaults.go:273] Args: [/home1/wangfeim/.local/ActiveState/StateTool/release/bin/state-svc start]
[DEBUG Aug  2 07:47:24.814790860, locale.go:38] Init
[DEBUG Aug  2 07:47:24.856932831, errs.go:68] Created error: File could not be found
[DEBUG Aug  2 07:47:24.859853299, errs.go:68] Created error: Not Recognized
[DEBUG Aug  2 07:47:24.902441550, errs.go:68] Created error: Secret not found
[DEBUG Aug  2 07:47:24.902503263, errs.go:68] Created error: Could not save keypair
[DEBUG Aug  2 07:47:24.902678298, errs.go:68] Created error: Build responded with error
[DEBUG Aug  2 07:47:24.902707907, errs.go:68] Created error: Unknown build type
[DEBUG Aug  2 07:47:24.902831376, errors.go:86] Wrapped localized error: <nil> -- with: The installed version of the State Tool Service does not match that of the client.
Please stop the service with [ACTIONABLE]state-svc stop[/RESET] and try your command again.
If this issue persists please reinstall the State Tool.

[DEBUG Aug  2 07:47:24.902847299, errs.go:68] Created error: no data
[DEBUG Aug  2 07:47:24.902875448, errs.go:68] Created error: member not found
[DEBUG Aug  2 07:47:24.902899040, errs.go:68] Created error: Commit count is unknowable
[DEBUG Aug  2 07:47:24.902923049, errs.go:68] Created error: No merge required
[DEBUG Aug  2 07:47:24.902946356, errs.go:68] Created error: Can't merge commit thats already in target commits history
[DEBUG Aug  2 07:47:24.902975300, errs.go:68] Created error: Bad expander name
[DEBUG Aug  2 07:47:24.903006858, errs.go:68] Created error: Expander has no handler
[DEBUG Aug  2 07:47:24.904076880, errs.go:68] Created error: Service is already running
[DEBUG Aug  2 07:47:24.932990546, secrets.go:35] Gcloud Secretmanager failed to initialize (ignore if you're not trying to use gcloud): google: could not find default credentials. See https://developers.google.com/accounts/docs/application-default-credentials for more information.
[DEBUG Aug  2 07:47:24.936198977, output.go:53] Requested outputer for 
[DEBUG Aug  2 07:47:24.936221159, output.go:58] Using Plain outputer
[DEBUG Aug  2 07:47:24.936290102, termutils.go:17] Cannot get terminal size: inappropriate ioctl for device
[DEBUG Aug  2 07:47:24.936377888, client.go:128] Reporting event to 2 reporters: run-command, state-svc start, 
[DEBUG Aug  2 07:47:24.936455452, main.go:107] Running CmdStart
[DEBUG Aug  2 07:47:24.942496738, errs.go:75] Wrapped error: Service is already running -- with: valueF failed
[DEBUG Aug  2 07:47:24.942568790, errs.go:75] Wrapped error: valueF failed -- with: Could not store pid
[DEBUG Aug  2 07:47:24.942650418, errors.go:113] Wrapped input error: Could not store pid -- with: A State Service instance is already running in the background.
[DEBUG Aug  2 07:47:24.942666126, errs.go:75] Wrapped error: A State Service instance is already running in the background. -- with: Could not start serviceManager
[DEBUG Aug  2 07:47:24.942748781, client.go:128] Reporting event to 2 reporters: command-exit, state-svc start, 1
[DEBUG Aug  2 07:47:25.384950722, errs.go:75] Wrapped error: <nil> -- with: Could not start serviceManager: A State Service instance is already running in the background.: Could not store pid: valueF failed: Service is already running
[DEBUG Aug  2 07:47:25.385034195, main.go:61] state-svc errored out due to input: Could not start serviceManager: A State Service instance is already running in the background.: Could not store pid: valueF failed: Service is already running
