[DEBUG Aug  2 07:52:50.751130488, defaults.go:273] Args: [/home1/wangfeim/.local/ActiveState/StateTool/release/bin/state-svc start]
[DEBUG Aug  2 07:52:50.796792464, locale.go:38] Init
[DEBUG Aug  2 07:52:50.837712768, errs.go:68] Created error: File could not be found
[DEBUG Aug  2 07:52:50.841323332, errs.go:68] Created error: Not Recognized
[DEBUG Aug  2 07:52:50.894557339, errs.go:68] Created error: Secret not found
[DEBUG Aug  2 07:52:50.894634278, errs.go:68] Created error: Could not save keypair
[DEBUG Aug  2 07:52:50.894829367, errs.go:68] Created error: Build responded with error
[DEBUG Aug  2 07:52:50.894864587, errs.go:68] Created error: Unknown build type
[DEBUG Aug  2 07:52:50.894979729, errors.go:86] Wrapped localized error: <nil> -- with: The installed version of the State Tool Service does not match that of the client.
Please stop the service with [ACTIONABLE]state-svc stop[/RESET] and try your command again.
If this issue persists please reinstall the State Tool.

[DEBUG Aug  2 07:52:50.894993800, errs.go:68] Created error: no data
[DEBUG Aug  2 07:52:50.895018823, errs.go:68] Created error: member not found
[DEBUG Aug  2 07:52:50.895043966, errs.go:68] Created error: Commit count is unknowable
[DEBUG Aug  2 07:52:50.895070457, errs.go:68] Created error: No merge required
[DEBUG Aug  2 07:52:50.895094010, errs.go:68] Created error: Can't merge commit thats already in target commits history
[DEBUG Aug  2 07:52:50.895121038, errs.go:68] Created error: Bad expander name
[DEBUG Aug  2 07:52:50.895144774, errs.go:68] Created error: Expander has no handler
[DEBUG Aug  2 07:52:50.897129532, errs.go:68] Created error: Service is already running
[DEBUG Aug  2 07:52:50.923601906, secrets.go:35] Gcloud Secretmanager failed to initialize (ignore if you're not trying to use gcloud): google: could not find default credentials. See https://developers.google.com/accounts/docs/application-default-credentials for more information.
[DEBUG Aug  2 07:52:50.926894323, output.go:53] Requested outputer for 
[DEBUG Aug  2 07:52:50.926919649, output.go:58] Using Plain outputer
[DEBUG Aug  2 07:52:50.927004110, termutils.go:17] Cannot get terminal size: inappropriate ioctl for device
[DEBUG Aug  2 07:52:50.927109189, client.go:128] Reporting event to 2 reporters: run-command, state-svc start, 
[DEBUG Aug  2 07:52:50.927149079, main.go:107] Running CmdStart
[DEBUG Aug  2 07:52:50.934841245, errs.go:75] Wrapped error: Service is already running -- with: valueF failed
[DEBUG Aug  2 07:52:50.934908323, errs.go:75] Wrapped error: valueF failed -- with: Could not store pid
[DEBUG Aug  2 07:52:50.934992394, errors.go:113] Wrapped input error: Could not store pid -- with: A State Service instance is already running in the background.
[DEBUG Aug  2 07:52:50.935007977, errs.go:75] Wrapped error: A State Service instance is already running in the background. -- with: Could not start serviceManager
[DEBUG Aug  2 07:52:50.935084810, client.go:128] Reporting event to 2 reporters: command-exit, state-svc start, 1
[DEBUG Aug  2 07:52:51.291991114, errs.go:75] Wrapped error: <nil> -- with: Could not start serviceManager: A State Service instance is already running in the background.: Could not store pid: valueF failed: Service is already running
[DEBUG Aug  2 07:52:51.292078942, main.go:61] state-svc errored out due to input: Could not start serviceManager: A State Service instance is already running in the background.: Could not store pid: valueF failed: Service is already running
