[DEBUG Sep 17 02:59:39.145868752, defaults.go:273] Args: [/home1/wangfeim/.local/ActiveState/StateTool/release/bin/state-svc start]
[DEBUG Sep 17 02:59:39.157219736, locale.go:38] Init
[DEBUG Sep 17 02:59:39.187937595, errs.go:68] Created error: File could not be found
[DEBUG Sep 17 02:59:39.190164578, errs.go:68] Created error: Not Recognized
[DEBUG Sep 17 02:59:39.209185141, errs.go:68] Created error: Secret not found
[DEBUG Sep 17 02:59:39.209363227, errs.go:68] Created error: Could not save keypair
[DEBUG Sep 17 02:59:39.209566773, errs.go:68] Created error: Build responded with error
[DEBUG Sep 17 02:59:39.209604744, errs.go:68] Created error: Unknown build type
[DEBUG Sep 17 02:59:39.209726086, errors.go:86] Wrapped localized error: <nil> -- with: The installed version of the State Tool Service does not match that of the client.
Please stop the service with [ACTIONABLE]state-svc stop[/RESET] and try your command again.
If this issue persists please reinstall the State Tool.

[DEBUG Sep 17 02:59:39.209744539, errs.go:68] Created error: no data
[DEBUG Sep 17 02:59:39.209772179, errs.go:68] Created error: member not found
[DEBUG Sep 17 02:59:39.209793973, errs.go:68] Created error: Commit count is unknowable
[DEBUG Sep 17 02:59:39.209817690, errs.go:68] Created error: No merge required
[DEBUG Sep 17 02:59:39.209841809, errs.go:68] Created error: Can't merge commit thats already in target commits history
[DEBUG Sep 17 02:59:39.209910673, errs.go:68] Created error: Bad expander name
[DEBUG Sep 17 02:59:39.209938608, errs.go:68] Created error: Expander has no handler
[DEBUG Sep 17 02:59:39.211368132, errs.go:68] Created error: Service is already running
[DEBUG Sep 17 02:59:39.244594188, secrets.go:35] Gcloud Secretmanager failed to initialize (ignore if you're not trying to use gcloud): google: could not find default credentials. See https://developers.google.com/accounts/docs/application-default-credentials for more information.
[DEBUG Sep 17 02:59:39.254854967, output.go:53] Requested outputer for 
[DEBUG Sep 17 02:59:39.254872101, output.go:58] Using Plain outputer
[DEBUG Sep 17 02:59:39.254949213, termutils.go:17] Cannot get terminal size: inappropriate ioctl for device
[DEBUG Sep 17 02:59:39.255033980, main.go:107] Running CmdStart
[DEBUG Sep 17 02:59:39.256065658, exeutils.go:149] Executing: /home1/wangfeim/.local/ActiveState/StateTool/release/bin/state-svc [foreground]
[DEBUG Sep 17 02:59:39.268442792, client.go:128] Reporting event to 2 reporters: run-command, state-svc start, 
[DEBUG Sep 17 02:59:39.284584235, manager.go:68] Process started using pid 1761
[DEBUG Sep 17 02:59:39.284648003, client.go:128] Reporting event to 2 reporters: command-exit, state-svc start, 0
