[DEBUG Aug  2 07:52:34.827267120, defaults.go:273] Args: [/home1/wangfeim/.local/ActiveState/StateTool/release/bin/state-svc start]
[DEBUG Aug  2 07:52:34.841482070, locale.go:38] Init
[DEBUG Aug  2 07:52:34.915658112, errs.go:68] Created error: File could not be found
[DEBUG Aug  2 07:52:34.919125639, errs.go:68] Created error: Not Recognized
[DEBUG Aug  2 07:52:34.990141204, errs.go:68] Created error: Secret not found
[DEBUG Aug  2 07:52:34.990354626, errs.go:68] Created error: Could not save keypair
[DEBUG Aug  2 07:52:34.990982487, errs.go:68] Created error: Build responded with error
[DEBUG Aug  2 07:52:34.991061454, errs.go:68] Created error: Unknown build type
[DEBUG Aug  2 07:52:34.991464150, errors.go:86] Wrapped localized error: <nil> -- with: The installed version of the State Tool Service does not match that of the client.
Please stop the service with [ACTIONABLE]state-svc stop[/RESET] and try your command again.
If this issue persists please reinstall the State Tool.

[DEBUG Aug  2 07:52:34.991746863, errs.go:68] Created error: no data
[DEBUG Aug  2 07:52:34.991787857, errs.go:68] Created error: member not found
[DEBUG Aug  2 07:52:34.991815658, errs.go:68] Created error: Commit count is unknowable
[DEBUG Aug  2 07:52:34.991842467, errs.go:68] Created error: No merge required
[DEBUG Aug  2 07:52:34.991868005, errs.go:68] Created error: Can't merge commit thats already in target commits history
[DEBUG Aug  2 07:52:34.991896574, errs.go:68] Created error: Bad expander name
[DEBUG Aug  2 07:52:34.991921694, errs.go:68] Created error: Expander has no handler
[DEBUG Aug  2 07:52:34.993073789, errs.go:68] Created error: Service is already running
[DEBUG Aug  2 07:52:35.020758240, secrets.go:35] Gcloud Secretmanager failed to initialize (ignore if you're not trying to use gcloud): google: could not find default credentials. See https://developers.google.com/accounts/docs/application-default-credentials for more information.
[DEBUG Aug  2 07:52:35.024246744, output.go:53] Requested outputer for 
[DEBUG Aug  2 07:52:35.024268266, output.go:58] Using Plain outputer
[DEBUG Aug  2 07:52:35.024339738, termutils.go:17] Cannot get terminal size: inappropriate ioctl for device
[DEBUG Aug  2 07:52:35.024420841, client.go:128] Reporting event to 2 reporters: run-command, state-svc start, 
[DEBUG Aug  2 07:52:35.024522958, main.go:107] Running CmdStart
[DEBUG Aug  2 07:52:35.030908628, errs.go:75] Wrapped error: Service is already running -- with: valueF failed
[DEBUG Aug  2 07:52:35.030975365, errs.go:75] Wrapped error: valueF failed -- with: Could not store pid
[DEBUG Aug  2 07:52:35.031051011, errors.go:113] Wrapped input error: Could not store pid -- with: A State Service instance is already running in the background.
[DEBUG Aug  2 07:52:35.031065875, errs.go:75] Wrapped error: A State Service instance is already running in the background. -- with: Could not start serviceManager
[DEBUG Aug  2 07:52:35.031157549, client.go:128] Reporting event to 2 reporters: command-exit, state-svc start, 1
[DEBUG Aug  2 07:52:35.401528092, errs.go:75] Wrapped error: <nil> -- with: Could not start serviceManager: A State Service instance is already running in the background.: Could not store pid: valueF failed: Service is already running
[DEBUG Aug  2 07:52:35.401589612, main.go:61] state-svc errored out due to input: Could not start serviceManager: A State Service instance is already running in the background.: Could not store pid: valueF failed: Service is already running
