[DEBUG Aug  2 07:38:14.729551732, defaults.go:273] Args: [/home1/wangfeim/.local/ActiveState/StateTool/release/bin/state-svc start]
[DEBUG Aug  2 07:38:14.744197793, locale.go:38] Init
[DEBUG Aug  2 07:38:14.799586951, errs.go:68] Created error: File could not be found
[DEBUG Aug  2 07:38:14.802727805, errs.go:68] Created error: Not Recognized
[DEBUG Aug  2 07:38:14.825154010, errs.go:68] Created error: Secret not found
[DEBUG Aug  2 07:38:14.825211649, errs.go:68] Created error: Could not save keypair
[DEBUG Aug  2 07:38:14.825384894, errs.go:68] Created error: Build responded with error
[DEBUG Aug  2 07:38:14.825421215, errs.go:68] Created error: Unknown build type
[DEBUG Aug  2 07:38:14.825567976, errors.go:86] Wrapped localized error: <nil> -- with: The installed version of the State Tool Service does not match that of the client.
Please stop the service with [ACTIONABLE]state-svc stop[/RESET] and try your command again.
If this issue persists please reinstall the State Tool.

[DEBUG Aug  2 07:38:14.825584811, errs.go:68] Created error: no data
[DEBUG Aug  2 07:38:14.825610051, errs.go:68] Created error: member not found
[DEBUG Aug  2 07:38:14.825637400, errs.go:68] Created error: Commit count is unknowable
[DEBUG Aug  2 07:38:14.825661804, errs.go:68] Created error: No merge required
[DEBUG Aug  2 07:38:14.825684503, errs.go:68] Created error: Can't merge commit thats already in target commits history
[DEBUG Aug  2 07:38:14.825708934, errs.go:68] Created error: Bad expander name
[DEBUG Aug  2 07:38:14.825732474, errs.go:68] Created error: Expander has no handler
[DEBUG Aug  2 07:38:14.826941926, errs.go:68] Created error: Service is already running
[DEBUG Aug  2 07:38:14.888650790, secrets.go:35] Gcloud Secretmanager failed to initialize (ignore if you're not trying to use gcloud): google: could not find default credentials. See https://developers.google.com/accounts/docs/application-default-credentials for more information.
[DEBUG Aug  2 07:38:14.892090709, output.go:53] Requested outputer for 
[DEBUG Aug  2 07:38:14.892122767, output.go:58] Using Plain outputer
[DEBUG Aug  2 07:38:14.892236264, termutils.go:17] Cannot get terminal size: inappropriate ioctl for device
[DEBUG Aug  2 07:38:14.892305211, client.go:128] Reporting event to 2 reporters: run-command, state-svc start, 
[DEBUG Aug  2 07:38:14.892437479, main.go:107] Running CmdStart
[DEBUG Aug  2 07:38:14.899012034, errs.go:75] Wrapped error: Service is already running -- with: valueF failed
[DEBUG Aug  2 07:38:14.899083372, errs.go:75] Wrapped error: valueF failed -- with: Could not store pid
[DEBUG Aug  2 07:38:14.899159748, errors.go:113] Wrapped input error: Could not store pid -- with: A State Service instance is already running in the background.
[DEBUG Aug  2 07:38:14.899175376, errs.go:75] Wrapped error: A State Service instance is already running in the background. -- with: Could not start serviceManager
[DEBUG Aug  2 07:38:14.899254013, client.go:128] Reporting event to 2 reporters: command-exit, state-svc start, 1
[DEBUG Aug  2 07:38:15.256844272, errs.go:75] Wrapped error: <nil> -- with: Could not start serviceManager: A State Service instance is already running in the background.: Could not store pid: valueF failed: Service is already running
[DEBUG Aug  2 07:38:15.256918224, main.go:61] state-svc errored out due to input: Could not start serviceManager: A State Service instance is already running in the background.: Could not store pid: valueF failed: Service is already running
