[DEBUG Aug  2 08:19:25.027904806, defaults.go:273] Args: [/home1/wangfeim/.local/ActiveState/StateTool/release/bin/state-svc start]
[DEBUG Aug  2 08:19:25.041881384, locale.go:38] Init
[DEBUG Aug  2 08:19:25.113338832, errs.go:68] Created error: File could not be found
[DEBUG Aug  2 08:19:25.116886020, errs.go:68] Created error: Not Recognized
[DEBUG Aug  2 08:19:25.138302591, errs.go:68] Created error: Secret not found
[DEBUG Aug  2 08:19:25.138354152, errs.go:68] Created error: Could not save keypair
[DEBUG Aug  2 08:19:25.138560249, errs.go:68] Created error: Build responded with error
[DEBUG Aug  2 08:19:25.138591796, errs.go:68] Created error: Unknown build type
[DEBUG Aug  2 08:19:25.138710219, errors.go:86] Wrapped localized error: <nil> -- with: The installed version of the State Tool Service does not match that of the client.
Please stop the service with [ACTIONABLE]state-svc stop[/RESET] and try your command again.
If this issue persists please reinstall the State Tool.

[DEBUG Aug  2 08:19:25.138724371, errs.go:68] Created error: no data
[DEBUG Aug  2 08:19:25.138755069, errs.go:68] Created error: member not found
[DEBUG Aug  2 08:19:25.138781513, errs.go:68] Created error: Commit count is unknowable
[DEBUG Aug  2 08:19:25.138804029, errs.go:68] Created error: No merge required
[DEBUG Aug  2 08:19:25.138827874, errs.go:68] Created error: Can't merge commit thats already in target commits history
[DEBUG Aug  2 08:19:25.138851311, errs.go:68] Created error: Bad expander name
[DEBUG Aug  2 08:19:25.138873983, errs.go:68] Created error: Expander has no handler
[DEBUG Aug  2 08:19:25.139856717, errs.go:68] Created error: Service is already running
[DEBUG Aug  2 08:19:25.194832351, secrets.go:35] Gcloud Secretmanager failed to initialize (ignore if you're not trying to use gcloud): google: could not find default credentials. See https://developers.google.com/accounts/docs/application-default-credentials for more information.
[DEBUG Aug  2 08:19:25.198125646, output.go:53] Requested outputer for 
[DEBUG Aug  2 08:19:25.198146949, output.go:58] Using Plain outputer
[DEBUG Aug  2 08:19:25.198221493, termutils.go:17] Cannot get terminal size: inappropriate ioctl for device
[DEBUG Aug  2 08:19:25.198315886, client.go:128] Reporting event to 2 reporters: run-command, state-svc start, 
[DEBUG Aug  2 08:19:25.198346302, main.go:107] Running CmdStart
[DEBUG Aug  2 08:19:25.204471664, errs.go:75] Wrapped error: Service is already running -- with: valueF failed
[DEBUG Aug  2 08:19:25.204527027, errs.go:75] Wrapped error: valueF failed -- with: Could not store pid
[DEBUG Aug  2 08:19:25.204606922, errors.go:113] Wrapped input error: Could not store pid -- with: A State Service instance is already running in the background.
[DEBUG Aug  2 08:19:25.204621440, errs.go:75] Wrapped error: A State Service instance is already running in the background. -- with: Could not start serviceManager
[DEBUG Aug  2 08:19:25.205317224, client.go:128] Reporting event to 2 reporters: command-exit, state-svc start, 1
[DEBUG Aug  2 08:19:25.523819342, errs.go:75] Wrapped error: <nil> -- with: Could not start serviceManager: A State Service instance is already running in the background.: Could not store pid: valueF failed: Service is already running
[DEBUG Aug  2 08:19:25.523892408, main.go:61] state-svc errored out due to input: Could not start serviceManager: A State Service instance is already running in the background.: Could not store pid: valueF failed: Service is already running
