[DEBUG Aug  2 07:58:39.682406516, defaults.go:273] Args: [/home1/wangfeim/.local/ActiveState/StateTool/release/bin/state-svc start]
[DEBUG Aug  2 07:58:39.697092009, locale.go:38] Init
[DEBUG Aug  2 07:58:39.895651157, errs.go:68] Created error: File could not be found
[DEBUG Aug  2 07:58:39.898970476, errs.go:68] Created error: Not Recognized
[DEBUG Aug  2 07:58:39.922734559, errs.go:68] Created error: Secret not found
[DEBUG Aug  2 07:58:39.922798834, errs.go:68] Created error: Could not save keypair
[DEBUG Aug  2 07:58:39.922990986, errs.go:68] Created error: Build responded with error
[DEBUG Aug  2 07:58:39.923027613, errs.go:68] Created error: Unknown build type
[DEBUG Aug  2 07:58:39.923157837, errors.go:86] Wrapped localized error: <nil> -- with: The installed version of the State Tool Service does not match that of the client.
Please stop the service with [ACTIONABLE]state-svc stop[/RESET] and try your command again.
If this issue persists please reinstall the State Tool.

[DEBUG Aug  2 07:58:39.923174534, errs.go:68] Created error: no data
[DEBUG Aug  2 07:58:39.923206817, errs.go:68] Created error: member not found
[DEBUG Aug  2 07:58:39.923231064, errs.go:68] Created error: Commit count is unknowable
[DEBUG Aug  2 07:58:39.923254246, errs.go:68] Created error: No merge required
[DEBUG Aug  2 07:58:39.923278036, errs.go:68] Created error: Can't merge commit thats already in target commits history
[DEBUG Aug  2 07:58:39.923308566, errs.go:68] Created error: Bad expander name
[DEBUG Aug  2 07:58:39.923332765, errs.go:68] Created error: Expander has no handler
[DEBUG Aug  2 07:58:39.924513211, errs.go:68] Created error: Service is already running
[DEBUG Aug  2 07:58:39.953251928, secrets.go:35] Gcloud Secretmanager failed to initialize (ignore if you're not trying to use gcloud): google: could not find default credentials. See https://developers.google.com/accounts/docs/application-default-credentials for more information.
[DEBUG Aug  2 07:58:39.987472007, output.go:53] Requested outputer for 
[DEBUG Aug  2 07:58:39.987497761, output.go:58] Using Plain outputer
[DEBUG Aug  2 07:58:39.987603166, termutils.go:17] Cannot get terminal size: inappropriate ioctl for device
[DEBUG Aug  2 07:58:39.987761498, client.go:128] Reporting event to 2 reporters: run-command, state-svc start, 
[DEBUG Aug  2 07:58:39.987763996, main.go:107] Running CmdStart
[DEBUG Aug  2 07:58:39.994031576, errs.go:75] Wrapped error: Service is already running -- with: valueF failed
[DEBUG Aug  2 07:58:39.994103860, errs.go:75] Wrapped error: valueF failed -- with: Could not store pid
[DEBUG Aug  2 07:58:39.994180035, errors.go:113] Wrapped input error: Could not store pid -- with: A State Service instance is already running in the background.
[DEBUG Aug  2 07:58:39.994195831, errs.go:75] Wrapped error: A State Service instance is already running in the background. -- with: Could not start serviceManager
[DEBUG Aug  2 07:58:39.994285434, client.go:128] Reporting event to 2 reporters: command-exit, state-svc start, 1
[DEBUG Aug  2 07:58:40.317314663, errs.go:75] Wrapped error: <nil> -- with: Could not start serviceManager: A State Service instance is already running in the background.: Could not store pid: valueF failed: Service is already running
[DEBUG Aug  2 07:58:40.317391671, main.go:61] state-svc errored out due to input: Could not start serviceManager: A State Service instance is already running in the background.: Could not store pid: valueF failed: Service is already running
