[DEBUG Aug  2 07:47:20.485421137, defaults.go:273] Args: [/home1/wangfeim/.local/ActiveState/StateTool/release/bin/state-svc start]
[DEBUG Aug  2 07:47:20.500696895, locale.go:38] Init
[DEBUG Aug  2 07:47:20.590005137, errs.go:68] Created error: File could not be found
[DEBUG Aug  2 07:47:20.593176731, errs.go:68] Created error: Not Recognized
[DEBUG Aug  2 07:47:20.615738431, errs.go:68] Created error: Secret not found
[DEBUG Aug  2 07:47:20.615795707, errs.go:68] Created error: Could not save keypair
[DEBUG Aug  2 07:47:20.615990456, errs.go:68] Created error: Build responded with error
[DEBUG Aug  2 07:47:20.616027182, errs.go:68] Created error: Unknown build type
[DEBUG Aug  2 07:47:20.616161478, errors.go:86] Wrapped localized error: <nil> -- with: The installed version of the State Tool Service does not match that of the client.
Please stop the service with [ACTIONABLE]state-svc stop[/RESET] and try your command again.
If this issue persists please reinstall the State Tool.

[DEBUG Aug  2 07:47:20.616178544, errs.go:68] Created error: no data
[DEBUG Aug  2 07:47:20.616203619, errs.go:68] Created error: member not found
[DEBUG Aug  2 07:47:20.616229151, errs.go:68] Created error: Commit count is unknowable
[DEBUG Aug  2 07:47:20.616251986, errs.go:68] Created error: No merge required
[DEBUG Aug  2 07:47:20.616276530, errs.go:68] Created error: Can't merge commit thats already in target commits history
[DEBUG Aug  2 07:47:20.616307159, errs.go:68] Created error: Bad expander name
[DEBUG Aug  2 07:47:20.616331034, errs.go:68] Created error: Expander has no handler
[DEBUG Aug  2 07:47:20.617804619, errs.go:68] Created error: Service is already running
[DEBUG Aug  2 07:47:20.696647223, secrets.go:35] Gcloud Secretmanager failed to initialize (ignore if you're not trying to use gcloud): google: could not find default credentials. See https://developers.google.com/accounts/docs/application-default-credentials for more information.
[DEBUG Aug  2 07:47:20.699837118, output.go:53] Requested outputer for 
[DEBUG Aug  2 07:47:20.699861456, output.go:58] Using Plain outputer
[DEBUG Aug  2 07:47:20.699939710, termutils.go:17] Cannot get terminal size: inappropriate ioctl for device
[DEBUG Aug  2 07:47:20.700021550, client.go:128] Reporting event to 2 reporters: run-command, state-svc start, 
[DEBUG Aug  2 07:47:20.700070519, main.go:107] Running CmdStart
[DEBUG Aug  2 07:47:20.705924709, errs.go:75] Wrapped error: Service is already running -- with: valueF failed
[DEBUG Aug  2 07:47:20.705983765, errs.go:75] Wrapped error: valueF failed -- with: Could not store pid
[DEBUG Aug  2 07:47:20.706056768, errors.go:113] Wrapped input error: Could not store pid -- with: A State Service instance is already running in the background.
[DEBUG Aug  2 07:47:20.706071316, errs.go:75] Wrapped error: A State Service instance is already running in the background. -- with: Could not start serviceManager
[DEBUG Aug  2 07:47:20.706141002, client.go:128] Reporting event to 2 reporters: command-exit, state-svc start, 1
[DEBUG Aug  2 07:47:21.094874292, errs.go:75] Wrapped error: <nil> -- with: Could not start serviceManager: A State Service instance is already running in the background.: Could not store pid: valueF failed: Service is already running
[DEBUG Aug  2 07:47:21.094950801, main.go:61] state-svc errored out due to input: Could not start serviceManager: A State Service instance is already running in the background.: Could not store pid: valueF failed: Service is already running
