[DEBUG Aug  2 08:06:31.825492487, defaults.go:273] Args: [/home1/wangfeim/.local/ActiveState/StateTool/release/bin/state-svc start]
[DEBUG Aug  2 08:06:31.840129691, locale.go:38] Init
[DEBUG Aug  2 08:06:31.900239204, errs.go:68] Created error: File could not be found
[DEBUG Aug  2 08:06:31.903363868, errs.go:68] Created error: Not Recognized
[DEBUG Aug  2 08:06:31.925221753, errs.go:68] Created error: Secret not found
[DEBUG Aug  2 08:06:31.925276457, errs.go:68] Created error: Could not save keypair
[DEBUG Aug  2 08:06:31.925448466, errs.go:68] Created error: Build responded with error
[DEBUG Aug  2 08:06:31.925476935, errs.go:68] Created error: Unknown build type
[DEBUG Aug  2 08:06:31.925607613, errors.go:86] Wrapped localized error: <nil> -- with: The installed version of the State Tool Service does not match that of the client.
Please stop the service with [ACTIONABLE]state-svc stop[/RESET] and try your command again.
If this issue persists please reinstall the State Tool.

[DEBUG Aug  2 08:06:31.925622632, errs.go:68] Created error: no data
[DEBUG Aug  2 08:06:31.925662515, errs.go:68] Created error: member not found
[DEBUG Aug  2 08:06:31.925694084, errs.go:68] Created error: Commit count is unknowable
[DEBUG Aug  2 08:06:31.925718223, errs.go:68] Created error: No merge required
[DEBUG Aug  2 08:06:31.925742000, errs.go:68] Created error: Can't merge commit thats already in target commits history
[DEBUG Aug  2 08:06:31.925765854, errs.go:68] Created error: Bad expander name
[DEBUG Aug  2 08:06:31.925788025, errs.go:68] Created error: Expander has no handler
[DEBUG Aug  2 08:06:31.926808093, errs.go:68] Created error: Service is already running
[DEBUG Aug  2 08:06:31.961443605, secrets.go:35] Gcloud Secretmanager failed to initialize (ignore if you're not trying to use gcloud): google: could not find default credentials. See https://developers.google.com/accounts/docs/application-default-credentials for more information.
[DEBUG Aug  2 08:06:31.966170071, output.go:53] Requested outputer for 
[DEBUG Aug  2 08:06:31.966192732, output.go:58] Using Plain outputer
[DEBUG Aug  2 08:06:31.966261013, termutils.go:17] Cannot get terminal size: inappropriate ioctl for device
[DEBUG Aug  2 08:06:31.966362224, client.go:128] Reporting event to 2 reporters: run-command, state-svc start, 
[DEBUG Aug  2 08:06:31.966460159, main.go:107] Running CmdStart
[DEBUG Aug  2 08:06:31.990894338, errs.go:75] Wrapped error: Service is already running -- with: valueF failed
[DEBUG Aug  2 08:06:31.990963428, errs.go:75] Wrapped error: valueF failed -- with: Could not store pid
[DEBUG Aug  2 08:06:31.991060260, errors.go:113] Wrapped input error: Could not store pid -- with: A State Service instance is already running in the background.
[DEBUG Aug  2 08:06:31.991077619, errs.go:75] Wrapped error: A State Service instance is already running in the background. -- with: Could not start serviceManager
[DEBUG Aug  2 08:06:31.991144110, client.go:128] Reporting event to 2 reporters: command-exit, state-svc start, 1
[DEBUG Aug  2 08:06:32.316282042, errs.go:75] Wrapped error: <nil> -- with: Could not start serviceManager: A State Service instance is already running in the background.: Could not store pid: valueF failed: Service is already running
[DEBUG Aug  2 08:06:32.316353183, main.go:61] state-svc errored out due to input: Could not start serviceManager: A State Service instance is already running in the background.: Could not store pid: valueF failed: Service is already running
