[DEBUG Aug  2 07:42:18.386037265, defaults.go:273] Args: [/home1/wangfeim/.local/ActiveState/StateTool/release/bin/state-svc start]
[DEBUG Aug  2 07:42:18.399785229, locale.go:38] Init
[DEBUG Aug  2 07:42:18.438858537, errs.go:68] Created error: File could not be found
[DEBUG Aug  2 07:42:18.442135722, errs.go:68] Created error: Not Recognized
[DEBUG Aug  2 07:42:18.462470873, errs.go:68] Created error: Secret not found
[DEBUG Aug  2 07:42:18.462521114, errs.go:68] Created error: Could not save keypair
[DEBUG Aug  2 07:42:18.462698812, errs.go:68] Created error: Build responded with error
[DEBUG Aug  2 07:42:18.462730531, errs.go:68] Created error: Unknown build type
[DEBUG Aug  2 07:42:18.462846466, errors.go:86] Wrapped localized error: <nil> -- with: The installed version of the State Tool Service does not match that of the client.
Please stop the service with [ACTIONABLE]state-svc stop[/RESET] and try your command again.
If this issue persists please reinstall the State Tool.

[DEBUG Aug  2 07:42:18.462860535, errs.go:68] Created error: no data
[DEBUG Aug  2 07:42:18.462884914, errs.go:68] Created error: member not found
[DEBUG Aug  2 07:42:18.462907158, errs.go:68] Created error: Commit count is unknowable
[DEBUG Aug  2 07:42:18.462927962, errs.go:68] Created error: No merge required
[DEBUG Aug  2 07:42:18.462951513, errs.go:68] Created error: Can't merge commit thats already in target commits history
[DEBUG Aug  2 07:42:18.462974233, errs.go:68] Created error: Bad expander name
[DEBUG Aug  2 07:42:18.462995912, errs.go:68] Created error: Expander has no handler
[DEBUG Aug  2 07:42:18.463995080, errs.go:68] Created error: Service is already running
[DEBUG Aug  2 07:42:18.507671274, secrets.go:35] Gcloud Secretmanager failed to initialize (ignore if you're not trying to use gcloud): google: could not find default credentials. See https://developers.google.com/accounts/docs/application-default-credentials for more information.
[DEBUG Aug  2 07:42:18.512242682, output.go:53] Requested outputer for 
[DEBUG Aug  2 07:42:18.512268687, output.go:58] Using Plain outputer
[DEBUG Aug  2 07:42:18.512342051, termutils.go:17] Cannot get terminal size: inappropriate ioctl for device
[DEBUG Aug  2 07:42:18.512422644, client.go:128] Reporting event to 2 reporters: run-command, state-svc start, 
[DEBUG Aug  2 07:42:18.512509949, main.go:107] Running CmdStart
[DEBUG Aug  2 07:42:18.518840708, errs.go:75] Wrapped error: Service is already running -- with: valueF failed
[DEBUG Aug  2 07:42:18.518923594, errs.go:75] Wrapped error: valueF failed -- with: Could not store pid
[DEBUG Aug  2 07:42:18.518995582, errors.go:113] Wrapped input error: Could not store pid -- with: A State Service instance is already running in the background.
[DEBUG Aug  2 07:42:18.519008790, errs.go:75] Wrapped error: A State Service instance is already running in the background. -- with: Could not start serviceManager
[DEBUG Aug  2 07:42:18.519072575, client.go:128] Reporting event to 2 reporters: command-exit, state-svc start, 1
[DEBUG Aug  2 07:42:18.885169663, errs.go:75] Wrapped error: <nil> -- with: Could not start serviceManager: A State Service instance is already running in the background.: Could not store pid: valueF failed: Service is already running
[DEBUG Aug  2 07:42:18.885235534, main.go:61] state-svc errored out due to input: Could not start serviceManager: A State Service instance is already running in the background.: Could not store pid: valueF failed: Service is already running
