[DEBUG Aug  2 07:41:37.101449127, defaults.go:273] Args: [/home1/wangfeim/.local/ActiveState/StateTool/release/bin/state-svc start]
[DEBUG Aug  2 07:41:37.115724703, locale.go:38] Init
[DEBUG Aug  2 07:41:37.200921247, errs.go:68] Created error: File could not be found
[DEBUG Aug  2 07:41:37.203861376, errs.go:68] Created error: Not Recognized
[DEBUG Aug  2 07:41:37.224037895, errs.go:68] Created error: Secret not found
[DEBUG Aug  2 07:41:37.224135269, errs.go:68] Created error: Could not save keypair
[DEBUG Aug  2 07:41:37.224670434, errs.go:68] Created error: Build responded with error
[DEBUG Aug  2 07:41:37.224776766, errs.go:68] Created error: Unknown build type
[DEBUG Aug  2 07:41:37.225076833, errors.go:86] Wrapped localized error: <nil> -- with: The installed version of the State Tool Service does not match that of the client.
Please stop the service with [ACTIONABLE]state-svc stop[/RESET] and try your command again.
If this issue persists please reinstall the State Tool.

[DEBUG Aug  2 07:41:37.225403192, errs.go:68] Created error: no data
[DEBUG Aug  2 07:41:37.225457225, errs.go:68] Created error: member not found
[DEBUG Aug  2 07:41:37.225487543, errs.go:68] Created error: Commit count is unknowable
[DEBUG Aug  2 07:41:37.225518197, errs.go:68] Created error: No merge required
[DEBUG Aug  2 07:41:37.225555996, errs.go:68] Created error: Can't merge commit thats already in target commits history
[DEBUG Aug  2 07:41:37.225589965, errs.go:68] Created error: Bad expander name
[DEBUG Aug  2 07:41:37.225618145, errs.go:68] Created error: Expander has no handler
[DEBUG Aug  2 07:41:37.226864578, errs.go:68] Created error: Service is already running
[DEBUG Aug  2 07:41:37.287533755, secrets.go:35] Gcloud Secretmanager failed to initialize (ignore if you're not trying to use gcloud): google: could not find default credentials. See https://developers.google.com/accounts/docs/application-default-credentials for more information.
[DEBUG Aug  2 07:41:37.291296840, output.go:53] Requested outputer for 
[DEBUG Aug  2 07:41:37.291321198, output.go:58] Using Plain outputer
[DEBUG Aug  2 07:41:37.291406508, termutils.go:17] Cannot get terminal size: inappropriate ioctl for device
[DEBUG Aug  2 07:41:37.291496018, client.go:128] Reporting event to 2 reporters: run-command, state-svc start, 
[DEBUG Aug  2 07:41:37.291560742, main.go:107] Running CmdStart
[DEBUG Aug  2 07:41:37.299650345, errs.go:75] Wrapped error: Service is already running -- with: valueF failed
[DEBUG Aug  2 07:41:37.299735128, errs.go:75] Wrapped error: valueF failed -- with: Could not store pid
[DEBUG Aug  2 07:41:37.299848531, errors.go:113] Wrapped input error: Could not store pid -- with: A State Service instance is already running in the background.
[DEBUG Aug  2 07:41:37.299872674, errs.go:75] Wrapped error: A State Service instance is already running in the background. -- with: Could not start serviceManager
[DEBUG Aug  2 07:41:37.299989011, client.go:128] Reporting event to 2 reporters: command-exit, state-svc start, 1
[DEBUG Aug  2 07:41:37.622324532, errs.go:75] Wrapped error: <nil> -- with: Could not start serviceManager: A State Service instance is already running in the background.: Could not store pid: valueF failed: Service is already running
[DEBUG Aug  2 07:41:37.622394025, main.go:61] state-svc errored out due to input: Could not start serviceManager: A State Service instance is already running in the background.: Could not store pid: valueF failed: Service is already running
