[DEBUG Aug  2 07:53:51.751728152, defaults.go:273] Args: [/home1/wangfeim/.local/ActiveState/StateTool/release/bin/state-svc start]
[DEBUG Aug  2 07:53:51.797608593, locale.go:38] Init
[DEBUG Aug  2 07:53:51.836841052, errs.go:68] Created error: File could not be found
[DEBUG Aug  2 07:53:51.839985801, errs.go:68] Created error: Not Recognized
[DEBUG Aug  2 07:53:51.862163039, errs.go:68] Created error: Secret not found
[DEBUG Aug  2 07:53:51.862226888, errs.go:68] Created error: Could not save keypair
[DEBUG Aug  2 07:53:51.862462079, errs.go:68] Created error: Build responded with error
[DEBUG Aug  2 07:53:51.862504563, errs.go:68] Created error: Unknown build type
[DEBUG Aug  2 07:53:51.862666741, errors.go:86] Wrapped localized error: <nil> -- with: The installed version of the State Tool Service does not match that of the client.
Please stop the service with [ACTIONABLE]state-svc stop[/RESET] and try your command again.
If this issue persists please reinstall the State Tool.

[DEBUG Aug  2 07:53:51.862694605, errs.go:68] Created error: no data
[DEBUG Aug  2 07:53:51.862729525, errs.go:68] Created error: member not found
[DEBUG Aug  2 07:53:51.862761945, errs.go:68] Created error: Commit count is unknowable
[DEBUG Aug  2 07:53:51.862791314, errs.go:68] Created error: No merge required
[DEBUG Aug  2 07:53:51.862822623, errs.go:68] Created error: Can't merge commit thats already in target commits history
[DEBUG Aug  2 07:53:51.862855757, errs.go:68] Created error: Bad expander name
[DEBUG Aug  2 07:53:51.862883118, errs.go:68] Created error: Expander has no handler
[DEBUG Aug  2 07:53:51.864131469, errs.go:68] Created error: Service is already running
[DEBUG Aug  2 07:53:51.906109392, secrets.go:35] Gcloud Secretmanager failed to initialize (ignore if you're not trying to use gcloud): google: could not find default credentials. See https://developers.google.com/accounts/docs/application-default-credentials for more information.
[DEBUG Aug  2 07:53:51.909477799, output.go:53] Requested outputer for 
[DEBUG Aug  2 07:53:51.909498688, output.go:58] Using Plain outputer
[DEBUG Aug  2 07:53:51.909595024, termutils.go:17] Cannot get terminal size: inappropriate ioctl for device
[DEBUG Aug  2 07:53:51.909724531, client.go:128] Reporting event to 2 reporters: run-command, state-svc start, 
[DEBUG Aug  2 07:53:51.909772409, main.go:107] Running CmdStart
[DEBUG Aug  2 07:53:51.917041833, errs.go:75] Wrapped error: Service is already running -- with: valueF failed
[DEBUG Aug  2 07:53:51.917105902, errs.go:75] Wrapped error: valueF failed -- with: Could not store pid
[DEBUG Aug  2 07:53:51.917183165, errors.go:113] Wrapped input error: Could not store pid -- with: A State Service instance is already running in the background.
[DEBUG Aug  2 07:53:51.917197390, errs.go:75] Wrapped error: A State Service instance is already running in the background. -- with: Could not start serviceManager
[DEBUG Aug  2 07:53:51.917354146, client.go:128] Reporting event to 2 reporters: command-exit, state-svc start, 1
[DEBUG Aug  2 07:53:52.300984732, errs.go:75] Wrapped error: <nil> -- with: Could not start serviceManager: A State Service instance is already running in the background.: Could not store pid: valueF failed: Service is already running
[DEBUG Aug  2 07:53:52.301057433, main.go:61] state-svc errored out due to input: Could not start serviceManager: A State Service instance is already running in the background.: Could not store pid: valueF failed: Service is already running
