[DEBUG Sep 17 12:22:35.248078991, defaults.go:273] Args: [/home1/wangfeim/.local/ActiveState/StateTool/release/bin/state-svc start]
[DEBUG Sep 17 12:22:35.284986014, locale.go:38] Init
[DEBUG Sep 17 12:22:35.322219100, errs.go:68] Created error: File could not be found
[DEBUG Sep 17 12:22:35.325632075, errs.go:68] Created error: Not Recognized
[DEBUG Sep 17 12:22:35.347287467, errs.go:68] Created error: Secret not found
[DEBUG Sep 17 12:22:35.347338153, errs.go:68] Created error: Could not save keypair
[DEBUG Sep 17 12:22:35.347655661, errs.go:68] Created error: Build responded with error
[DEBUG Sep 17 12:22:35.347698165, errs.go:68] Created error: Unknown build type
[DEBUG Sep 17 12:22:35.347828000, errors.go:86] Wrapped localized error: <nil> -- with: The installed version of the State Tool Service does not match that of the client.
Please stop the service with [ACTIONABLE]state-svc stop[/RESET] and try your command again.
If this issue persists please reinstall the State Tool.

[DEBUG Sep 17 12:22:35.347846568, errs.go:68] Created error: no data
[DEBUG Sep 17 12:22:35.347872373, errs.go:68] Created error: member not found
[DEBUG Sep 17 12:22:35.347898952, errs.go:68] Created error: Commit count is unknowable
[DEBUG Sep 17 12:22:35.347925166, errs.go:68] Created error: No merge required
[DEBUG Sep 17 12:22:35.347951525, errs.go:68] Created error: Can't merge commit thats already in target commits history
[DEBUG Sep 17 12:22:35.347978898, errs.go:68] Created error: Bad expander name
[DEBUG Sep 17 12:22:35.348004754, errs.go:68] Created error: Expander has no handler
[DEBUG Sep 17 12:22:35.350760722, errs.go:68] Created error: Service is already running
[DEBUG Sep 17 12:22:35.384688130, secrets.go:35] Gcloud Secretmanager failed to initialize (ignore if you're not trying to use gcloud): google: could not find default credentials. See https://developers.google.com/accounts/docs/application-default-credentials for more information.
[DEBUG Sep 17 12:22:35.389398398, output.go:53] Requested outputer for 
[DEBUG Sep 17 12:22:35.389418660, output.go:58] Using Plain outputer
[DEBUG Sep 17 12:22:35.389508809, termutils.go:17] Cannot get terminal size: inappropriate ioctl for device
[DEBUG Sep 17 12:22:35.390961387, client.go:128] Reporting event to 2 reporters: run-command, state-svc start, 
[DEBUG Sep 17 12:22:35.391275319, main.go:107] Running CmdStart
[DEBUG Sep 17 12:22:35.392634764, exeutils.go:149] Executing: /home1/wangfeim/.local/ActiveState/StateTool/release/bin/state-svc [foreground]
[DEBUG Sep 17 12:22:35.396203471, manager.go:68] Process started using pid 18024
[DEBUG Sep 17 12:22:35.396247730, client.go:128] Reporting event to 2 reporters: command-exit, state-svc start, 0
