[DEBUG Aug  2 08:07:19.392011396, defaults.go:273] Args: [/home1/wangfeim/.local/ActiveState/StateTool/release/bin/state-svc start]
[DEBUG Aug  2 08:07:19.405219818, locale.go:38] Init
[DEBUG Aug  2 08:07:19.443088182, errs.go:68] Created error: File could not be found
[DEBUG Aug  2 08:07:19.445972969, errs.go:68] Created error: Not Recognized
[DEBUG Aug  2 08:07:19.494253181, errs.go:68] Created error: Secret not found
[DEBUG Aug  2 08:07:19.494304703, errs.go:68] Created error: Could not save keypair
[DEBUG Aug  2 08:07:19.495220743, errs.go:68] Created error: Build responded with error
[DEBUG Aug  2 08:07:19.495316722, errs.go:68] Created error: Unknown build type
[DEBUG Aug  2 08:07:19.495562002, errors.go:86] Wrapped localized error: <nil> -- with: The installed version of the State Tool Service does not match that of the client.
Please stop the service with [ACTIONABLE]state-svc stop[/RESET] and try your command again.
If this issue persists please reinstall the State Tool.

[DEBUG Aug  2 08:07:19.495605940, errs.go:68] Created error: no data
[DEBUG Aug  2 08:07:19.495669743, errs.go:68] Created error: member not found
[DEBUG Aug  2 08:07:19.495706475, errs.go:68] Created error: Commit count is unknowable
[DEBUG Aug  2 08:07:19.496771319, errs.go:68] Created error: No merge required
[DEBUG Aug  2 08:07:19.496822647, errs.go:68] Created error: Can't merge commit thats already in target commits history
[DEBUG Aug  2 08:07:19.496865680, errs.go:68] Created error: Bad expander name
[DEBUG Aug  2 08:07:19.496902032, errs.go:68] Created error: Expander has no handler
[DEBUG Aug  2 08:07:19.498753777, errs.go:68] Created error: Service is already running
[DEBUG Aug  2 08:07:19.525570806, secrets.go:35] Gcloud Secretmanager failed to initialize (ignore if you're not trying to use gcloud): google: could not find default credentials. See https://developers.google.com/accounts/docs/application-default-credentials for more information.
[DEBUG Aug  2 08:07:19.530813528, output.go:53] Requested outputer for 
[DEBUG Aug  2 08:07:19.530835484, output.go:58] Using Plain outputer
[DEBUG Aug  2 08:07:19.530893531, termutils.go:17] Cannot get terminal size: inappropriate ioctl for device
[DEBUG Aug  2 08:07:19.531056564, client.go:128] Reporting event to 2 reporters: run-command, state-svc start, 
[DEBUG Aug  2 08:07:19.531062753, main.go:107] Running CmdStart
[DEBUG Aug  2 08:07:19.537460068, errs.go:75] Wrapped error: Service is already running -- with: valueF failed
[DEBUG Aug  2 08:07:19.537529009, errs.go:75] Wrapped error: valueF failed -- with: Could not store pid
[DEBUG Aug  2 08:07:19.537623647, errors.go:113] Wrapped input error: Could not store pid -- with: A State Service instance is already running in the background.
[DEBUG Aug  2 08:07:19.537638885, errs.go:75] Wrapped error: A State Service instance is already running in the background. -- with: Could not start serviceManager
[DEBUG Aug  2 08:07:19.537785162, client.go:128] Reporting event to 2 reporters: command-exit, state-svc start, 1
[DEBUG Aug  2 08:07:19.959517505, errs.go:75] Wrapped error: <nil> -- with: Could not start serviceManager: A State Service instance is already running in the background.: Could not store pid: valueF failed: Service is already running
[DEBUG Aug  2 08:07:19.984771201, main.go:61] state-svc errored out due to input: Could not start serviceManager: A State Service instance is already running in the background.: Could not store pid: valueF failed: Service is already running
