[DEBUG Mar  8 21:48:03.854978293, defaults.go:273] Args: [/home1/wangfeim/.local/ActiveState/StateTool/release/bin/state-svc start]
[DEBUG Mar  8 21:48:03.866255281, locale.go:38] Init
[DEBUG Mar  8 21:48:03.894199676, errs.go:68] Created error: File could not be found
[DEBUG Mar  8 21:48:03.896510676, errs.go:68] Created error: Not Recognized
[DEBUG Mar  8 21:48:03.914521631, errs.go:68] Created error: Secret not found
[DEBUG Mar  8 21:48:03.914571287, errs.go:68] Created error: Could not save keypair
[DEBUG Mar  8 21:48:03.914774490, errs.go:68] Created error: Build responded with error
[DEBUG Mar  8 21:48:03.914800271, errs.go:68] Created error: Unknown build type
[DEBUG Mar  8 21:48:03.914908266, errors.go:86] Wrapped localized error: <nil> -- with: The installed version of the State Tool Service does not match that of the client.
Please stop the service with [ACTIONABLE]state-svc stop[/RESET] and try your command again.
If this issue persists please reinstall the State Tool.

[DEBUG Mar  8 21:48:03.914919303, errs.go:68] Created error: no data
[DEBUG Mar  8 21:48:03.914937432, errs.go:68] Created error: member not found
[DEBUG Mar  8 21:48:03.914957979, errs.go:68] Created error: Commit count is unknowable
[DEBUG Mar  8 21:48:03.914975662, errs.go:68] Created error: No merge required
[DEBUG Mar  8 21:48:03.914994951, errs.go:68] Created error: Can't merge commit thats already in target commits history
[DEBUG Mar  8 21:48:03.915017313, errs.go:68] Created error: Bad expander name
[DEBUG Mar  8 21:48:03.915037335, errs.go:68] Created error: Expander has no handler
[DEBUG Mar  8 21:48:03.915834928, errs.go:68] Created error: Service is already running
[DEBUG Mar  8 21:48:03.939334218, secrets.go:35] Gcloud Secretmanager failed to initialize (ignore if you're not trying to use gcloud): google: could not find default credentials. See https://developers.google.com/accounts/docs/application-default-credentials for more information.
[DEBUG Mar  8 21:48:03.942585577, output.go:53] Requested outputer for 
[DEBUG Mar  8 21:48:03.942601235, output.go:58] Using Plain outputer
[DEBUG Mar  8 21:48:03.942679625, termutils.go:17] Cannot get terminal size: inappropriate ioctl for device
[DEBUG Mar  8 21:48:03.942762111, client.go:128] Reporting event to 2 reporters: run-command, state-svc start, 
[DEBUG Mar  8 21:48:03.942783628, main.go:107] Running CmdStart
[DEBUG Mar  8 21:48:03.948025070, errs.go:75] Wrapped error: Service is already running -- with: valueF failed
[DEBUG Mar  8 21:48:03.948071676, errs.go:75] Wrapped error: valueF failed -- with: Could not store pid
[DEBUG Mar  8 21:48:03.948132935, errors.go:113] Wrapped input error: Could not store pid -- with: A State Service instance is already running in the background.
[DEBUG Mar  8 21:48:03.948141503, errs.go:75] Wrapped error: A State Service instance is already running in the background. -- with: Could not start serviceManager
[DEBUG Mar  8 21:48:03.948233617, client.go:128] Reporting event to 2 reporters: command-exit, state-svc start, 1
[DEBUG Mar  8 21:48:04.310373307, errs.go:75] Wrapped error: <nil> -- with: Could not start serviceManager: A State Service instance is already running in the background.: Could not store pid: valueF failed: Service is already running
[DEBUG Mar  8 21:48:04.310424491, main.go:61] state-svc errored out due to input: Could not start serviceManager: A State Service instance is already running in the background.: Could not store pid: valueF failed: Service is already running
