[DEBUG Aug  2 07:35:04.846066802, defaults.go:273] Args: [/home1/wangfeim/.local/ActiveState/StateTool/release/bin/state-svc start]
[DEBUG Aug  2 07:35:04.859826006, locale.go:38] Init
[DEBUG Aug  2 07:35:04.902127734, errs.go:68] Created error: File could not be found
[DEBUG Aug  2 07:35:04.905048555, errs.go:68] Created error: Not Recognized
[DEBUG Aug  2 07:35:04.923900374, errs.go:68] Created error: Secret not found
[DEBUG Aug  2 07:35:04.924035037, errs.go:68] Created error: Could not save keypair
[DEBUG Aug  2 07:35:04.924714076, errs.go:68] Created error: Build responded with error
[DEBUG Aug  2 07:35:04.924975976, errs.go:68] Created error: Unknown build type
[DEBUG Aug  2 07:35:04.925528326, errors.go:86] Wrapped localized error: <nil> -- with: The installed version of the State Tool Service does not match that of the client.
Please stop the service with [ACTIONABLE]state-svc stop[/RESET] and try your command again.
If this issue persists please reinstall the State Tool.

[DEBUG Aug  2 07:35:04.925560107, errs.go:68] Created error: no data
[DEBUG Aug  2 07:35:04.925605193, errs.go:68] Created error: member not found
[DEBUG Aug  2 07:35:04.925643806, errs.go:68] Created error: Commit count is unknowable
[DEBUG Aug  2 07:35:04.925674653, errs.go:68] Created error: No merge required
[DEBUG Aug  2 07:35:04.925707461, errs.go:68] Created error: Can't merge commit thats already in target commits history
[DEBUG Aug  2 07:35:04.925737526, errs.go:68] Created error: Bad expander name
[DEBUG Aug  2 07:35:04.925768005, errs.go:68] Created error: Expander has no handler
[DEBUG Aug  2 07:35:04.926874688, errs.go:68] Created error: Service is already running
[DEBUG Aug  2 07:35:04.953641157, secrets.go:35] Gcloud Secretmanager failed to initialize (ignore if you're not trying to use gcloud): google: could not find default credentials. See https://developers.google.com/accounts/docs/application-default-credentials for more information.
[DEBUG Aug  2 07:35:04.956856170, output.go:53] Requested outputer for 
[DEBUG Aug  2 07:35:04.956877843, output.go:58] Using Plain outputer
[DEBUG Aug  2 07:35:04.956943400, termutils.go:17] Cannot get terminal size: inappropriate ioctl for device
[DEBUG Aug  2 07:35:04.957013212, client.go:128] Reporting event to 2 reporters: run-command, state-svc start, 
[DEBUG Aug  2 07:35:04.957095344, main.go:107] Running CmdStart
[DEBUG Aug  2 07:35:04.962296743, errs.go:75] Wrapped error: Service is already running -- with: valueF failed
[DEBUG Aug  2 07:35:04.962356351, errs.go:75] Wrapped error: valueF failed -- with: Could not store pid
[DEBUG Aug  2 07:35:04.962423353, errors.go:113] Wrapped input error: Could not store pid -- with: A State Service instance is already running in the background.
[DEBUG Aug  2 07:35:04.962436893, errs.go:75] Wrapped error: A State Service instance is already running in the background. -- with: Could not start serviceManager
[DEBUG Aug  2 07:35:04.962505468, client.go:128] Reporting event to 2 reporters: command-exit, state-svc start, 1
[DEBUG Aug  2 07:35:05.288808596, errs.go:75] Wrapped error: <nil> -- with: Could not start serviceManager: A State Service instance is already running in the background.: Could not store pid: valueF failed: Service is already running
[DEBUG Aug  2 07:35:05.288887694, main.go:61] state-svc errored out due to input: Could not start serviceManager: A State Service instance is already running in the background.: Could not store pid: valueF failed: Service is already running
