[DEBUG Aug  2 07:38:16.732313123, defaults.go:273] Args: [/home1/wangfeim/.local/ActiveState/StateTool/release/bin/state-svc start]
[DEBUG Aug  2 07:38:16.745735169, locale.go:38] Init
[DEBUG Aug  2 07:38:16.792093981, errs.go:68] Created error: File could not be found
[DEBUG Aug  2 07:38:16.795117716, errs.go:68] Created error: Not Recognized
[DEBUG Aug  2 07:38:16.815327894, errs.go:68] Created error: Secret not found
[DEBUG Aug  2 07:38:16.815374906, errs.go:68] Created error: Could not save keypair
[DEBUG Aug  2 07:38:16.815528421, errs.go:68] Created error: Build responded with error
[DEBUG Aug  2 07:38:16.815560386, errs.go:68] Created error: Unknown build type
[DEBUG Aug  2 07:38:16.815674141, errors.go:86] Wrapped localized error: <nil> -- with: The installed version of the State Tool Service does not match that of the client.
Please stop the service with [ACTIONABLE]state-svc stop[/RESET] and try your command again.
If this issue persists please reinstall the State Tool.

[DEBUG Aug  2 07:38:16.815688056, errs.go:68] Created error: no data
[DEBUG Aug  2 07:38:16.815709754, errs.go:68] Created error: member not found
[DEBUG Aug  2 07:38:16.815732661, errs.go:68] Created error: Commit count is unknowable
[DEBUG Aug  2 07:38:16.815753554, errs.go:68] Created error: No merge required
[DEBUG Aug  2 07:38:16.815779524, errs.go:68] Created error: Can't merge commit thats already in target commits history
[DEBUG Aug  2 07:38:16.815802158, errs.go:68] Created error: Bad expander name
[DEBUG Aug  2 07:38:16.815822971, errs.go:68] Created error: Expander has no handler
[DEBUG Aug  2 07:38:16.816845580, errs.go:68] Created error: Service is already running
[DEBUG Aug  2 07:38:16.843554515, secrets.go:35] Gcloud Secretmanager failed to initialize (ignore if you're not trying to use gcloud): google: could not find default credentials. See https://developers.google.com/accounts/docs/application-default-credentials for more information.
[DEBUG Aug  2 07:38:16.847481447, output.go:53] Requested outputer for 
[DEBUG Aug  2 07:38:16.847504300, output.go:58] Using Plain outputer
[DEBUG Aug  2 07:38:16.847584781, termutils.go:17] Cannot get terminal size: inappropriate ioctl for device
[DEBUG Aug  2 07:38:16.847671663, client.go:128] Reporting event to 2 reporters: run-command, state-svc start, 
[DEBUG Aug  2 07:38:16.847734119, main.go:107] Running CmdStart
[DEBUG Aug  2 07:38:16.853520165, errs.go:75] Wrapped error: Service is already running -- with: valueF failed
[DEBUG Aug  2 07:38:16.853603089, errs.go:75] Wrapped error: valueF failed -- with: Could not store pid
[DEBUG Aug  2 07:38:16.853686800, errors.go:113] Wrapped input error: Could not store pid -- with: A State Service instance is already running in the background.
[DEBUG Aug  2 07:38:16.853711972, errs.go:75] Wrapped error: A State Service instance is already running in the background. -- with: Could not start serviceManager
[DEBUG Aug  2 07:38:16.853793336, client.go:128] Reporting event to 2 reporters: command-exit, state-svc start, 1
[DEBUG Aug  2 07:38:17.193626097, errs.go:75] Wrapped error: <nil> -- with: Could not start serviceManager: A State Service instance is already running in the background.: Could not store pid: valueF failed: Service is already running
[DEBUG Aug  2 07:38:17.193693852, main.go:61] state-svc errored out due to input: Could not start serviceManager: A State Service instance is already running in the background.: Could not store pid: valueF failed: Service is already running
