[DEBUG Aug  2 07:39:30.142783692, defaults.go:273] Args: [/home1/wangfeim/.local/ActiveState/StateTool/release/bin/state-svc start]
[DEBUG Aug  2 07:39:30.190653431, locale.go:38] Init
[DEBUG Aug  2 07:39:30.231168648, errs.go:68] Created error: File could not be found
[DEBUG Aug  2 07:39:30.234060574, errs.go:68] Created error: Not Recognized
[DEBUG Aug  2 07:39:30.294622068, errs.go:68] Created error: Secret not found
[DEBUG Aug  2 07:39:30.294674112, errs.go:68] Created error: Could not save keypair
[DEBUG Aug  2 07:39:30.294845036, errs.go:68] Created error: Build responded with error
[DEBUG Aug  2 07:39:30.294876985, errs.go:68] Created error: Unknown build type
[DEBUG Aug  2 07:39:30.294982692, errors.go:86] Wrapped localized error: <nil> -- with: The installed version of the State Tool Service does not match that of the client.
Please stop the service with [ACTIONABLE]state-svc stop[/RESET] and try your command again.
If this issue persists please reinstall the State Tool.

[DEBUG Aug  2 07:39:30.294997392, errs.go:68] Created error: no data
[DEBUG Aug  2 07:39:30.295020415, errs.go:68] Created error: member not found
[DEBUG Aug  2 07:39:30.295042252, errs.go:68] Created error: Commit count is unknowable
[DEBUG Aug  2 07:39:30.295063310, errs.go:68] Created error: No merge required
[DEBUG Aug  2 07:39:30.295083401, errs.go:68] Created error: Can't merge commit thats already in target commits history
[DEBUG Aug  2 07:39:30.295104157, errs.go:68] Created error: Bad expander name
[DEBUG Aug  2 07:39:30.295124393, errs.go:68] Created error: Expander has no handler
[DEBUG Aug  2 07:39:30.296313631, errs.go:68] Created error: Service is already running
[DEBUG Aug  2 07:39:30.323708564, secrets.go:35] Gcloud Secretmanager failed to initialize (ignore if you're not trying to use gcloud): google: could not find default credentials. See https://developers.google.com/accounts/docs/application-default-credentials for more information.
[DEBUG Aug  2 07:39:30.327366362, output.go:53] Requested outputer for 
[DEBUG Aug  2 07:39:30.327386944, output.go:58] Using Plain outputer
[DEBUG Aug  2 07:39:30.327462583, termutils.go:17] Cannot get terminal size: inappropriate ioctl for device
[DEBUG Aug  2 07:39:30.327558209, client.go:128] Reporting event to 2 reporters: run-command, state-svc start, 
[DEBUG Aug  2 07:39:30.327608968, main.go:107] Running CmdStart
[DEBUG Aug  2 07:39:30.333751716, errs.go:75] Wrapped error: Service is already running -- with: valueF failed
[DEBUG Aug  2 07:39:30.333810308, errs.go:75] Wrapped error: valueF failed -- with: Could not store pid
[DEBUG Aug  2 07:39:30.333883231, errors.go:113] Wrapped input error: Could not store pid -- with: A State Service instance is already running in the background.
[DEBUG Aug  2 07:39:30.333897677, errs.go:75] Wrapped error: A State Service instance is already running in the background. -- with: Could not start serviceManager
[DEBUG Aug  2 07:39:30.333987314, client.go:128] Reporting event to 2 reporters: command-exit, state-svc start, 1
[DEBUG Aug  2 07:39:30.683704807, errs.go:75] Wrapped error: <nil> -- with: Could not start serviceManager: A State Service instance is already running in the background.: Could not store pid: valueF failed: Service is already running
[DEBUG Aug  2 07:39:30.683765057, main.go:61] state-svc errored out due to input: Could not start serviceManager: A State Service instance is already running in the background.: Could not store pid: valueF failed: Service is already running
