[DEBUG Sep 17 03:00:08.735193760, errs.go:68] Created error: File could not be found
[DEBUG Sep 17 03:00:08.735417097, log.go:184] Rollbar error: empty token

[DEBUG Sep 17 03:00:08.745323078, errs.go:68] Created error: Not Recognized
[DEBUG Sep 17 03:00:08.772989095, errs.go:68] Created error: Secret not found
[DEBUG Sep 17 03:00:08.773054520, errs.go:68] Created error: Could not save keypair
[DEBUG Sep 17 03:00:08.773398784, errs.go:68] Created error: Build responded with error
[DEBUG Sep 17 03:00:08.773453124, errs.go:68] Created error: Unknown build type
[DEBUG Sep 17 03:00:08.773841674, errors.go:86] Wrapped localized error: <nil> -- with: The installed version of the State Tool Service does not match that of the client.
Please stop the service with [ACTIONABLE]state-svc stop[/RESET] and try your command again.
If this issue persists please reinstall the State Tool.

[DEBUG Sep 17 03:00:08.773884077, errs.go:68] Created error: no data
[DEBUG Sep 17 03:00:08.773918959, errs.go:68] Created error: member not found
[DEBUG Sep 17 03:00:08.773984294, errs.go:68] Created error: Commit count is unknowable
[DEBUG Sep 17 03:00:08.774042176, errs.go:68] Created error: No merge required
[DEBUG Sep 17 03:00:08.774075733, errs.go:68] Created error: Can't merge commit thats already in target commits history
[DEBUG Sep 17 03:00:08.774113396, errs.go:68] Created error: Bad expander name
[DEBUG Sep 17 03:00:08.774184558, errs.go:68] Created error: Expander has no handler
[DEBUG Sep 17 03:00:08.777380921, errs.go:68] Created error: Service is already running
[DEBUG Sep 17 03:00:08.825805901, secrets.go:35] Gcloud Secretmanager failed to initialize (ignore if you're not trying to use gcloud): google: could not find default credentials. See https://developers.google.com/accounts/docs/application-default-credentials for more information.
[DEBUG Sep 17 03:00:08.833938926, output.go:53] Requested outputer for 
[DEBUG Sep 17 03:00:08.833979331, output.go:58] Using Plain outputer
[DEBUG Sep 17 03:00:08.834157957, termutils.go:17] Cannot get terminal size: inappropriate ioctl for device
[DEBUG Sep 17 03:00:08.834880226, client.go:128] Reporting event to 2 reporters: run-command, state-svc start, 
[DEBUG Sep 17 03:00:08.835310929, main.go:107] Running CmdStart
[DEBUG Sep 17 03:00:08.839819741, errs.go:75] Wrapped error: Service is already running -- with: valueF failed
[DEBUG Sep 17 03:00:08.839866179, errs.go:75] Wrapped error: valueF failed -- with: Could not store pid
[DEBUG Sep 17 03:00:08.839946505, errors.go:113] Wrapped input error: Could not store pid -- with: A State Service instance is already running in the background.
[DEBUG Sep 17 03:00:08.839958361, errs.go:75] Wrapped error: A State Service instance is already running in the background. -- with: Could not start serviceManager
[DEBUG Sep 17 03:00:08.840029640, client.go:128] Reporting event to 2 reporters: command-exit, state-svc start, 1
[DEBUG Sep 17 03:00:09.213448566, errs.go:75] Wrapped error: <nil> -- with: Could not start serviceManager: A State Service instance is already running in the background.: Could not store pid: valueF failed: Service is already running
[DEBUG Sep 17 03:00:09.213505759, main.go:61] state-svc errored out due to input: Could not start serviceManager: A State Service instance is already running in the background.: Could not store pid: valueF failed: Service is already running
