[DEBUG Aug  2 08:01:55.698151988, defaults.go:273] Args: [/home1/wangfeim/.local/ActiveState/StateTool/release/bin/state-svc start]
[DEBUG Aug  2 08:01:55.713608449, locale.go:38] Init
[DEBUG Aug  2 08:01:55.957019194, errs.go:68] Created error: File could not be found
[DEBUG Aug  2 08:01:55.960214463, errs.go:68] Created error: Not Recognized
[DEBUG Aug  2 08:01:55.980678007, errs.go:68] Created error: Secret not found
[DEBUG Aug  2 08:01:55.980737135, errs.go:68] Created error: Could not save keypair
[DEBUG Aug  2 08:01:55.980923258, errs.go:68] Created error: Build responded with error
[DEBUG Aug  2 08:01:55.980969315, errs.go:68] Created error: Unknown build type
[DEBUG Aug  2 08:01:55.981088547, errors.go:86] Wrapped localized error: <nil> -- with: The installed version of the State Tool Service does not match that of the client.
Please stop the service with [ACTIONABLE]state-svc stop[/RESET] and try your command again.
If this issue persists please reinstall the State Tool.

[DEBUG Aug  2 08:01:55.981104119, errs.go:68] Created error: no data
[DEBUG Aug  2 08:01:55.981129777, errs.go:68] Created error: member not found
[DEBUG Aug  2 08:01:55.981154402, errs.go:68] Created error: Commit count is unknowable
[DEBUG Aug  2 08:01:55.981178698, errs.go:68] Created error: No merge required
[DEBUG Aug  2 08:01:55.981202587, errs.go:68] Created error: Can't merge commit thats already in target commits history
[DEBUG Aug  2 08:01:55.981228045, errs.go:68] Created error: Bad expander name
[DEBUG Aug  2 08:01:55.981252451, errs.go:68] Created error: Expander has no handler
[DEBUG Aug  2 08:01:55.982310851, errs.go:68] Created error: Service is already running
[DEBUG Aug  2 08:01:56.010646494, secrets.go:35] Gcloud Secretmanager failed to initialize (ignore if you're not trying to use gcloud): google: could not find default credentials. See https://developers.google.com/accounts/docs/application-default-credentials for more information.
[DEBUG Aug  2 08:01:56.014337470, output.go:53] Requested outputer for 
[DEBUG Aug  2 08:01:56.014365141, output.go:58] Using Plain outputer
[DEBUG Aug  2 08:01:56.014458279, termutils.go:17] Cannot get terminal size: inappropriate ioctl for device
[DEBUG Aug  2 08:01:56.014558003, client.go:128] Reporting event to 2 reporters: run-command, state-svc start, 
[DEBUG Aug  2 08:01:56.014683752, main.go:107] Running CmdStart
[DEBUG Aug  2 08:01:56.022032935, errs.go:75] Wrapped error: Service is already running -- with: valueF failed
[DEBUG Aug  2 08:01:56.022284583, errs.go:75] Wrapped error: valueF failed -- with: Could not store pid
[DEBUG Aug  2 08:01:56.022415715, errors.go:113] Wrapped input error: Could not store pid -- with: A State Service instance is already running in the background.
[DEBUG Aug  2 08:01:56.022434670, errs.go:75] Wrapped error: A State Service instance is already running in the background. -- with: Could not start serviceManager
[DEBUG Aug  2 08:01:56.022550094, client.go:128] Reporting event to 2 reporters: command-exit, state-svc start, 1
[DEBUG Aug  2 08:01:56.405952197, errs.go:75] Wrapped error: <nil> -- with: Could not start serviceManager: A State Service instance is already running in the background.: Could not store pid: valueF failed: Service is already running
[DEBUG Aug  2 08:01:56.406018638, main.go:61] state-svc errored out due to input: Could not start serviceManager: A State Service instance is already running in the background.: Could not store pid: valueF failed: Service is already running
