[DEBUG Aug  2 08:17:07.324232576, defaults.go:273] Args: [/home1/wangfeim/.local/ActiveState/StateTool/release/bin/state-svc start]
[DEBUG Aug  2 08:17:07.338839575, locale.go:38] Init
[DEBUG Aug  2 08:17:07.409563254, errs.go:68] Created error: File could not be found
[DEBUG Aug  2 08:17:07.412818548, errs.go:68] Created error: Not Recognized
[DEBUG Aug  2 08:17:07.485868781, errs.go:68] Created error: Secret not found
[DEBUG Aug  2 08:17:07.486159569, errs.go:68] Created error: Could not save keypair
[DEBUG Aug  2 08:17:07.486393034, errs.go:68] Created error: Build responded with error
[DEBUG Aug  2 08:17:07.486428460, errs.go:68] Created error: Unknown build type
[DEBUG Aug  2 08:17:07.486593990, errors.go:86] Wrapped localized error: <nil> -- with: The installed version of the State Tool Service does not match that of the client.
Please stop the service with [ACTIONABLE]state-svc stop[/RESET] and try your command again.
If this issue persists please reinstall the State Tool.

[DEBUG Aug  2 08:17:07.486612645, errs.go:68] Created error: no data
[DEBUG Aug  2 08:17:07.486643301, errs.go:68] Created error: member not found
[DEBUG Aug  2 08:17:07.486672504, errs.go:68] Created error: Commit count is unknowable
[DEBUG Aug  2 08:17:07.486696626, errs.go:68] Created error: No merge required
[DEBUG Aug  2 08:17:07.486728870, errs.go:68] Created error: Can't merge commit thats already in target commits history
[DEBUG Aug  2 08:17:07.486756966, errs.go:68] Created error: Bad expander name
[DEBUG Aug  2 08:17:07.486781018, errs.go:68] Created error: Expander has no handler
[DEBUG Aug  2 08:17:07.488107706, errs.go:68] Created error: Service is already running
[DEBUG Aug  2 08:17:07.516019273, secrets.go:35] Gcloud Secretmanager failed to initialize (ignore if you're not trying to use gcloud): google: could not find default credentials. See https://developers.google.com/accounts/docs/application-default-credentials for more information.
[DEBUG Aug  2 08:17:07.519222867, output.go:53] Requested outputer for 
[DEBUG Aug  2 08:17:07.519246283, output.go:58] Using Plain outputer
[DEBUG Aug  2 08:17:07.519318482, termutils.go:17] Cannot get terminal size: inappropriate ioctl for device
[DEBUG Aug  2 08:17:07.519409072, client.go:128] Reporting event to 2 reporters: run-command, state-svc start, 
[DEBUG Aug  2 08:17:07.519447875, main.go:107] Running CmdStart
[DEBUG Aug  2 08:17:07.524657753, errs.go:75] Wrapped error: Service is already running -- with: valueF failed
[DEBUG Aug  2 08:17:07.524705112, errs.go:75] Wrapped error: valueF failed -- with: Could not store pid
[DEBUG Aug  2 08:17:07.524794908, errors.go:113] Wrapped input error: Could not store pid -- with: A State Service instance is already running in the background.
[DEBUG Aug  2 08:17:07.524807721, errs.go:75] Wrapped error: A State Service instance is already running in the background. -- with: Could not start serviceManager
[DEBUG Aug  2 08:17:07.524887329, client.go:128] Reporting event to 2 reporters: command-exit, state-svc start, 1
[DEBUG Aug  2 08:17:07.897437410, errs.go:75] Wrapped error: <nil> -- with: Could not start serviceManager: A State Service instance is already running in the background.: Could not store pid: valueF failed: Service is already running
[DEBUG Aug  2 08:17:07.897522064, main.go:61] state-svc errored out due to input: Could not start serviceManager: A State Service instance is already running in the background.: Could not store pid: valueF failed: Service is already running
