[DEBUG Sep 18 10:17:31.702866872, defaults.go:273] Args: [/home1/wangfeim/.local/ActiveState/StateTool/release/bin/state-svc foreground]
[DEBUG Sep 18 10:17:31.716727915, locale.go:38] Init
[DEBUG Sep 18 10:17:31.748045199, errs.go:68] Created error: File could not be found
[DEBUG Sep 18 10:17:31.751196851, errs.go:68] Created error: Not Recognized
[DEBUG Sep 18 10:17:31.773972524, errs.go:68] Created error: Secret not found
[DEBUG Sep 18 10:17:31.774105621, errs.go:68] Created error: Could not save keypair
[DEBUG Sep 18 10:17:31.774352623, errs.go:68] Created error: Build responded with error
[DEBUG Sep 18 10:17:31.774401496, errs.go:68] Created error: Unknown build type
[DEBUG Sep 18 10:17:31.774545512, errors.go:86] Wrapped localized error: <nil> -- with: The installed version of the State Tool Service does not match that of the client.
Please stop the service with [ACTIONABLE]state-svc stop[/RESET] and try your command again.
If this issue persists please reinstall the State Tool.

[DEBUG Sep 18 10:17:31.774565042, errs.go:68] Created error: no data
[DEBUG Sep 18 10:17:31.774597554, errs.go:68] Created error: member not found
[DEBUG Sep 18 10:17:31.774625462, errs.go:68] Created error: Commit count is unknowable
[DEBUG Sep 18 10:17:31.774653663, errs.go:68] Created error: No merge required
[DEBUG Sep 18 10:17:31.775050924, errs.go:68] Created error: Can't merge commit thats already in target commits history
[DEBUG Sep 18 10:17:31.775086561, errs.go:68] Created error: Bad expander name
[DEBUG Sep 18 10:17:31.775122721, errs.go:68] Created error: Expander has no handler
[DEBUG Sep 18 10:17:31.777363410, errs.go:68] Created error: Service is already running
[DEBUG Sep 18 10:17:31.818176964, secrets.go:35] Gcloud Secretmanager failed to initialize (ignore if you're not trying to use gcloud): google: could not find default credentials. See https://developers.google.com/accounts/docs/application-default-credentials for more information.
[DEBUG Sep 18 10:17:31.823018527, output.go:53] Requested outputer for 
[DEBUG Sep 18 10:17:31.823050209, output.go:58] Using Plain outputer
[DEBUG Sep 18 10:17:31.823170134, termutils.go:17] Cannot get terminal size: inappropriate ioctl for device
[DEBUG Sep 18 10:17:31.823916567, client.go:128] Reporting event to 2 reporters: run-command, state-svc foreground, 
[DEBUG Sep 18 10:17:31.824247091, main.go:137] Running CmdForeground
[DEBUG Sep 18 10:17:31.824266296, main.go:147] Running in Foreground
[DEBUG Sep 18 10:17:31.824364908, service.go:30] service:Start
[DEBUG Sep 18 10:17:31.830473055, service.go:42] Server starting on port: 34849
[DEBUG Sep 18 10:17:31.830541484, client.go:128] Reporting event to 2 reporters: state-svc, start, 
[DEBUG Sep 18 10:17:31.888186519, resolver.go:57] Version resolver
[DEBUG Sep 18 10:17:31.888706477, client.go:128] Reporting event to 2 reporters: state-svc, endpoint, Version
[DEBUG Sep 18 10:17:31.890343250, resolver.go:121] Analytics event resolver
[DEBUG Sep 18 10:17:31.890590745, client.go:128] Reporting event to 2 reporters: runtime, success, 
[DEBUG Sep 18 10:17:31.900146122, resolver.go:57] Version resolver
[DEBUG Sep 18 10:17:31.900851133, client.go:128] Reporting event to 2 reporters: state-svc, endpoint, Version
[DEBUG Sep 18 10:17:31.902207437, resolver.go:57] Version resolver
[DEBUG Sep 18 10:17:31.902559694, client.go:128] Reporting event to 2 reporters: state-svc, endpoint, Version
[DEBUG Sep 18 10:17:31.902796931, resolver.go:121] Analytics event resolver
[DEBUG Sep 18 10:17:31.903003792, client.go:128] Reporting event to 2 reporters: runtime, start, 
[DEBUG Sep 18 10:17:31.903426693, resolver.go:121] Analytics event resolver
[DEBUG Sep 18 10:17:31.903615485, client.go:128] Reporting event to 2 reporters: runtime, cache, 
[DEBUG Sep 18 10:17:31.904326901, resolver.go:57] Version resolver
[DEBUG Sep 18 10:17:31.904504291, client.go:128] Reporting event to 2 reporters: state-svc, endpoint, Version
[DEBUG Sep 18 10:17:31.907098860, resolver.go:121] Analytics event resolver
[DEBUG Sep 18 10:17:31.907289945, client.go:128] Reporting event to 2 reporters: run-command, exec, 
[DEBUG Sep 18 10:18:31.831345914, watcher.go:72] Checking for runtime processes
[DEBUG Sep 18 10:19:31.831107281, watcher.go:72] Checking for runtime processes
[DEBUG Sep 18 10:20:31.831136568, watcher.go:72] Checking for runtime processes
[DEBUG Sep 18 10:21:31.831480117, watcher.go:72] Checking for runtime processes
[DEBUG Sep 18 10:22:31.831285551, watcher.go:72] Checking for runtime processes
[DEBUG Sep 18 10:23:31.831105815, watcher.go:72] Checking for runtime processes
[DEBUG Sep 18 10:24:31.831287632, watcher.go:72] Checking for runtime processes
[DEBUG Sep 18 10:25:31.830983485, watcher.go:72] Checking for runtime processes
[DEBUG Sep 18 10:26:31.831102985, watcher.go:72] Checking for runtime processes
[DEBUG Sep 18 10:27:31.831423614, watcher.go:72] Checking for runtime processes
[DEBUG Sep 18 10:28:31.831343375, watcher.go:72] Checking for runtime processes
[DEBUG Sep 18 10:29:31.831373837, watcher.go:72] Checking for runtime processes
[DEBUG Sep 18 10:30:31.831371555, watcher.go:72] Checking for runtime processes
[DEBUG Sep 18 10:31:31.830957160, watcher.go:72] Checking for runtime processes
[DEBUG Sep 18 10:32:31.830827093, watcher.go:72] Checking for runtime processes
[DEBUG Sep 18 10:33:31.831339132, watcher.go:72] Checking for runtime processes
[DEBUG Sep 18 10:34:31.831910057, watcher.go:72] Checking for runtime processes
[DEBUG Sep 18 10:35:31.831524150, watcher.go:72] Checking for runtime processes
[DEBUG Sep 18 10:36:31.831122207, watcher.go:72] Checking for runtime processes
[DEBUG Sep 18 10:37:31.831188523, watcher.go:72] Checking for runtime processes
[DEBUG Sep 18 10:38:31.831171713, watcher.go:72] Checking for runtime processes
[DEBUG Sep 18 10:39:31.831185983, watcher.go:72] Checking for runtime processes
[DEBUG Sep 18 10:40:31.830992783, watcher.go:72] Checking for runtime processes
[DEBUG Sep 18 10:41:31.831053194, watcher.go:72] Checking for runtime processes
[DEBUG Sep 18 10:42:31.831138189, watcher.go:72] Checking for runtime processes
[DEBUG Sep 18 10:43:31.831269104, watcher.go:72] Checking for runtime processes
[DEBUG Sep 18 10:44:31.831335539, watcher.go:72] Checking for runtime processes
[DEBUG Sep 18 10:45:31.831127000, watcher.go:72] Checking for runtime processes
[DEBUG Sep 18 10:46:31.831332618, watcher.go:72] Checking for runtime processes
[DEBUG Sep 18 10:47:31.830811216, watcher.go:72] Checking for runtime processes
[DEBUG Sep 18 10:48:31.831661466, watcher.go:72] Checking for runtime processes
[DEBUG Sep 18 10:49:31.831291512, watcher.go:72] Checking for runtime processes
[DEBUG Sep 18 10:50:31.831242045, watcher.go:72] Checking for runtime processes
[DEBUG Sep 18 10:51:31.831087755, watcher.go:72] Checking for runtime processes
[DEBUG Sep 18 10:52:31.831216333, watcher.go:72] Checking for runtime processes
[DEBUG Sep 18 10:53:31.831324002, watcher.go:72] Checking for runtime processes
[DEBUG Sep 18 10:54:31.831108335, watcher.go:72] Checking for runtime processes
[DEBUG Sep 18 10:55:31.831092396, watcher.go:72] Checking for runtime processes
[DEBUG Sep 18 10:56:31.831425648, watcher.go:72] Checking for runtime processes
[DEBUG Sep 18 10:57:31.831417587, watcher.go:72] Checking for runtime processes
[DEBUG Sep 18 10:58:31.831020489, watcher.go:72] Checking for runtime processes
[DEBUG Sep 18 10:59:31.831470365, watcher.go:72] Checking for runtime processes
[DEBUG Sep 18 11:00:31.830837422, watcher.go:72] Checking for runtime processes
[DEBUG Sep 18 11:01:31.831084467, watcher.go:72] Checking for runtime processes
[DEBUG Sep 18 11:02:31.830840674, watcher.go:72] Checking for runtime processes
[DEBUG Sep 18 11:03:31.831164824, watcher.go:72] Checking for runtime processes
[DEBUG Sep 18 11:04:31.831207260, watcher.go:72] Checking for runtime processes
[DEBUG Sep 18 11:05:31.831080325, watcher.go:72] Checking for runtime processes
[DEBUG Sep 18 11:06:31.831113236, watcher.go:72] Checking for runtime processes
[DEBUG Sep 18 11:07:31.831217888, watcher.go:72] Checking for runtime processes
[DEBUG Sep 18 11:08:31.831091572, watcher.go:72] Checking for runtime processes
[DEBUG Sep 18 11:09:31.831585206, watcher.go:72] Checking for runtime processes
[DEBUG Sep 18 11:10:31.831851087, watcher.go:72] Checking for runtime processes
[DEBUG Sep 18 11:11:31.831461071, watcher.go:72] Checking for runtime processes
[DEBUG Sep 18 11:12:31.831663449, watcher.go:72] Checking for runtime processes
[DEBUG Sep 18 11:13:31.832148210, watcher.go:72] Checking for runtime processes
[DEBUG Sep 18 11:14:31.831255565, watcher.go:72] Checking for runtime processes
[DEBUG Sep 18 11:15:31.830947290, watcher.go:72] Checking for runtime processes
[DEBUG Sep 18 11:16:31.831431557, watcher.go:72] Checking for runtime processes
[DEBUG Sep 18 11:17:31.830788424, watcher.go:72] Checking for runtime processes
[DEBUG Sep 18 11:18:31.831027436, watcher.go:72] Checking for runtime processes
[DEBUG Sep 18 11:19:31.831225769, watcher.go:72] Checking for runtime processes
[DEBUG Sep 18 11:20:31.831266114, watcher.go:72] Checking for runtime processes
[DEBUG Sep 18 11:21:31.831407451, watcher.go:72] Checking for runtime processes
[DEBUG Sep 18 11:22:31.831189797, watcher.go:72] Checking for runtime processes
[DEBUG Sep 18 11:23:31.831103424, watcher.go:72] Checking for runtime processes
[DEBUG Sep 18 11:24:31.831319419, watcher.go:72] Checking for runtime processes
[DEBUG Sep 18 11:25:31.831064230, watcher.go:72] Checking for runtime processes
[DEBUG Sep 18 11:26:31.831043243, watcher.go:72] Checking for runtime processes
[DEBUG Sep 18 11:27:31.830783441, watcher.go:72] Checking for runtime processes
[DEBUG Sep 18 11:28:31.831330806, watcher.go:72] Checking for runtime processes
[DEBUG Sep 18 11:29:31.831333361, watcher.go:72] Checking for runtime processes
[DEBUG Sep 18 11:30:31.831051946, watcher.go:72] Checking for runtime processes
[DEBUG Sep 18 11:31:31.830895851, watcher.go:72] Checking for runtime processes
[DEBUG Sep 18 11:32:31.830987775, watcher.go:72] Checking for runtime processes
[DEBUG Sep 18 11:33:31.831413437, watcher.go:72] Checking for runtime processes
[DEBUG Sep 18 11:34:31.831160667, watcher.go:72] Checking for runtime processes
[DEBUG Sep 18 11:35:31.831745011, watcher.go:72] Checking for runtime processes
[DEBUG Sep 18 11:36:31.831259886, watcher.go:72] Checking for runtime processes
[DEBUG Sep 18 11:37:31.831206976, watcher.go:72] Checking for runtime processes
[DEBUG Sep 18 11:38:31.831073916, watcher.go:72] Checking for runtime processes
[DEBUG Sep 18 11:39:31.831380062, watcher.go:72] Checking for runtime processes
[DEBUG Sep 18 11:40:31.831320014, watcher.go:72] Checking for runtime processes
[DEBUG Sep 18 11:41:31.831408437, watcher.go:72] Checking for runtime processes
[DEBUG Sep 18 11:42:31.831373462, watcher.go:72] Checking for runtime processes
[DEBUG Sep 18 11:43:31.831122594, watcher.go:72] Checking for runtime processes
[DEBUG Sep 18 11:44:31.831703208, watcher.go:72] Checking for runtime processes
[DEBUG Sep 18 11:45:31.830826298, watcher.go:72] Checking for runtime processes
[DEBUG Sep 18 11:46:31.831098100, watcher.go:72] Checking for runtime processes
[DEBUG Sep 18 11:47:31.830811042, watcher.go:72] Checking for runtime processes
[DEBUG Sep 18 11:48:31.830960330, watcher.go:72] Checking for runtime processes
[DEBUG Sep 18 11:49:31.831554400, watcher.go:72] Checking for runtime processes
[DEBUG Sep 18 11:50:31.831155278, watcher.go:72] Checking for runtime processes
[DEBUG Sep 18 11:51:31.831336979, watcher.go:72] Checking for runtime processes
[DEBUG Sep 18 11:52:31.831091517, watcher.go:72] Checking for runtime processes
[DEBUG Sep 18 11:53:31.831195722, watcher.go:72] Checking for runtime processes
[DEBUG Sep 18 11:54:31.831107976, watcher.go:72] Checking for runtime processes
[DEBUG Sep 18 11:55:31.831708136, watcher.go:72] Checking for runtime processes
[DEBUG Sep 18 11:56:31.830988511, watcher.go:72] Checking for runtime processes
[DEBUG Sep 18 11:57:31.831048904, watcher.go:72] Checking for runtime processes
[DEBUG Sep 18 11:58:31.831338710, watcher.go:72] Checking for runtime processes
[DEBUG Sep 18 11:59:31.831442520, watcher.go:72] Checking for runtime processes
[DEBUG Sep 18 12:00:31.831183813, watcher.go:72] Checking for runtime processes
[DEBUG Sep 18 12:01:31.831155352, watcher.go:72] Checking for runtime processes
[DEBUG Sep 18 12:02:31.831291868, watcher.go:72] Checking for runtime processes
[DEBUG Sep 18 12:03:31.831381468, watcher.go:72] Checking for runtime processes
[DEBUG Sep 18 12:04:31.831354087, watcher.go:72] Checking for runtime processes
[DEBUG Sep 18 12:05:31.831190665, watcher.go:72] Checking for runtime processes
[DEBUG Sep 18 12:06:31.831267124, watcher.go:72] Checking for runtime processes
[DEBUG Sep 18 12:07:31.831413150, watcher.go:72] Checking for runtime processes
[DEBUG Sep 18 12:08:31.831351972, watcher.go:72] Checking for runtime processes
[DEBUG Sep 18 12:09:31.830978315, watcher.go:72] Checking for runtime processes
[DEBUG Sep 18 12:10:31.831053310, watcher.go:72] Checking for runtime processes
[DEBUG Sep 18 12:11:31.831016730, watcher.go:72] Checking for runtime processes
[DEBUG Sep 18 12:12:31.831027339, watcher.go:72] Checking for runtime processes
[DEBUG Sep 18 12:13:31.831163208, watcher.go:72] Checking for runtime processes
[DEBUG Sep 18 12:14:31.830988174, watcher.go:72] Checking for runtime processes
[DEBUG Sep 18 12:15:31.830802023, watcher.go:72] Checking for runtime processes
[DEBUG Sep 18 12:16:31.831714010, watcher.go:72] Checking for runtime processes
[DEBUG Sep 18 12:17:31.830804999, watcher.go:72] Checking for runtime processes
[DEBUG Sep 18 12:18:31.831323882, watcher.go:72] Checking for runtime processes
[DEBUG Sep 18 12:19:31.831033470, watcher.go:72] Checking for runtime processes
[DEBUG Sep 18 12:20:31.831424566, watcher.go:72] Checking for runtime processes
[DEBUG Sep 18 12:21:31.831308470, watcher.go:72] Checking for runtime processes
[DEBUG Sep 18 12:22:31.831118397, watcher.go:72] Checking for runtime processes
[DEBUG Sep 18 12:23:31.830983504, watcher.go:72] Checking for runtime processes
[DEBUG Sep 18 12:24:31.830960870, watcher.go:72] Checking for runtime processes
[DEBUG Sep 18 12:25:31.831300463, watcher.go:72] Checking for runtime processes
[DEBUG Sep 18 12:26:31.831373225, watcher.go:72] Checking for runtime processes
[DEBUG Sep 18 12:27:31.831232320, watcher.go:72] Checking for runtime processes
[DEBUG Sep 18 12:28:31.831487577, watcher.go:72] Checking for runtime processes
[DEBUG Sep 18 12:29:31.831458651, watcher.go:72] Checking for runtime processes
[DEBUG Sep 18 12:30:31.830836966, watcher.go:72] Checking for runtime processes
[DEBUG Sep 18 12:31:31.831358172, watcher.go:72] Checking for runtime processes
[DEBUG Sep 18 12:32:31.830904499, watcher.go:72] Checking for runtime processes
[DEBUG Sep 18 12:33:31.831972639, watcher.go:72] Checking for runtime processes
[DEBUG Sep 18 12:34:31.831719759, watcher.go:72] Checking for runtime processes
[DEBUG Sep 18 12:35:31.831386477, watcher.go:72] Checking for runtime processes
[DEBUG Sep 18 12:36:31.831591259, watcher.go:72] Checking for runtime processes
[DEBUG Sep 18 12:37:31.831167965, watcher.go:72] Checking for runtime processes
[DEBUG Sep 18 12:38:31.831000032, watcher.go:72] Checking for runtime processes
[DEBUG Sep 18 12:39:31.831440010, watcher.go:72] Checking for runtime processes
[DEBUG Sep 18 12:40:31.831105168, watcher.go:72] Checking for runtime processes
[DEBUG Sep 18 12:41:31.831023962, watcher.go:72] Checking for runtime processes
[DEBUG Sep 18 12:42:31.831405885, watcher.go:72] Checking for runtime processes
[DEBUG Sep 18 12:43:31.831343192, watcher.go:72] Checking for runtime processes
[DEBUG Sep 18 12:44:31.830951088, watcher.go:72] Checking for runtime processes
[DEBUG Sep 18 12:45:31.830945531, watcher.go:72] Checking for runtime processes
[DEBUG Sep 18 12:46:31.831199839, watcher.go:72] Checking for runtime processes
[DEBUG Sep 18 12:47:31.831004616, watcher.go:72] Checking for runtime processes
[DEBUG Sep 18 12:48:31.831126167, watcher.go:72] Checking for runtime processes
[DEBUG Sep 18 12:49:31.831002707, watcher.go:72] Checking for runtime processes
[DEBUG Sep 18 12:50:31.831730636, watcher.go:72] Checking for runtime processes
[DEBUG Sep 18 12:51:31.831081669, watcher.go:72] Checking for runtime processes
[DEBUG Sep 18 12:52:31.831219660, watcher.go:72] Checking for runtime processes
[DEBUG Sep 18 12:53:31.830966701, watcher.go:72] Checking for runtime processes
[DEBUG Sep 18 12:54:31.831141377, watcher.go:72] Checking for runtime processes
[DEBUG Sep 18 12:55:31.831325467, watcher.go:72] Checking for runtime processes
[DEBUG Sep 18 12:56:31.830957046, watcher.go:72] Checking for runtime processes
[DEBUG Sep 18 12:57:31.831436468, watcher.go:72] Checking for runtime processes
[DEBUG Sep 18 12:57:55.985973751, resolver.go:121] Analytics event resolver
[DEBUG Sep 18 12:57:55.986238621, client.go:128] Reporting event to 2 reporters: command-exit, exec, 0
[DEBUG Sep 18 12:58:31.830948658, watcher.go:72] Checking for runtime processes
[DEBUG Sep 18 12:59:31.831649713, watcher.go:72] Checking for runtime processes
[DEBUG Sep 18 13:00:31.830816980, watcher.go:72] Checking for runtime processes
[DEBUG Sep 18 13:01:31.830956588, watcher.go:72] Checking for runtime processes
[DEBUG Sep 18 13:02:31.830810462, watcher.go:72] Checking for runtime processes
[DEBUG Sep 18 13:03:31.830964294, watcher.go:72] Checking for runtime processes
[DEBUG Sep 18 13:04:31.830961390, watcher.go:72] Checking for runtime processes
[DEBUG Sep 18 13:05:31.830967910, watcher.go:72] Checking for runtime processes
[DEBUG Sep 18 13:06:31.830963882, watcher.go:72] Checking for runtime processes
[DEBUG Sep 18 13:07:31.830962289, watcher.go:72] Checking for runtime processes
[DEBUG Sep 18 13:08:31.830974670, watcher.go:72] Checking for runtime processes
[DEBUG Sep 18 13:09:31.830961136, watcher.go:72] Checking for runtime processes
[DEBUG Sep 18 13:10:31.830968768, watcher.go:72] Checking for runtime processes
[DEBUG Sep 18 13:11:31.830965646, watcher.go:72] Checking for runtime processes
[DEBUG Sep 18 13:12:31.830960024, watcher.go:72] Checking for runtime processes
[DEBUG Sep 18 13:13:31.830942920, watcher.go:72] Checking for runtime processes
[DEBUG Sep 18 13:14:31.830960086, watcher.go:72] Checking for runtime processes
[DEBUG Sep 18 13:15:31.830804222, watcher.go:72] Checking for runtime processes
[DEBUG Sep 18 13:16:31.830959060, watcher.go:72] Checking for runtime processes
[DEBUG Sep 18 13:17:31.830789283, watcher.go:72] Checking for runtime processes
[DEBUG Sep 18 13:18:31.830965198, watcher.go:72] Checking for runtime processes
[DEBUG Sep 18 13:19:31.830959216, watcher.go:72] Checking for runtime processes
[DEBUG Sep 18 13:20:31.830966634, watcher.go:72] Checking for runtime processes
[DEBUG Sep 18 13:21:31.830985616, watcher.go:72] Checking for runtime processes
[DEBUG Sep 18 13:22:31.830961788, watcher.go:72] Checking for runtime processes
[DEBUG Sep 18 13:23:31.830965100, watcher.go:72] Checking for runtime processes
[DEBUG Sep 18 13:24:31.830966690, watcher.go:72] Checking for runtime processes
[DEBUG Sep 18 13:25:31.830961960, watcher.go:72] Checking for runtime processes
[DEBUG Sep 18 13:26:31.830967475, watcher.go:72] Checking for runtime processes
[DEBUG Sep 18 13:27:31.830960571, watcher.go:72] Checking for runtime processes
[DEBUG Sep 18 13:28:31.830945163, watcher.go:72] Checking for runtime processes
[DEBUG Sep 18 13:29:31.830962838, watcher.go:72] Checking for runtime processes
[DEBUG Sep 18 13:30:31.830804099, watcher.go:72] Checking for runtime processes
[DEBUG Sep 18 13:31:31.830971511, watcher.go:72] Checking for runtime processes
[DEBUG Sep 18 13:32:31.830811374, watcher.go:72] Checking for runtime processes
[DEBUG Sep 18 13:33:31.830977876, watcher.go:72] Checking for runtime processes
[DEBUG Sep 18 13:34:31.830961368, watcher.go:72] Checking for runtime processes
[DEBUG Sep 18 13:35:31.830969501, watcher.go:72] Checking for runtime processes
[DEBUG Sep 18 13:36:31.830973407, watcher.go:72] Checking for runtime processes
[DEBUG Sep 18 13:37:31.830966299, watcher.go:72] Checking for runtime processes
[DEBUG Sep 18 13:38:31.830957094, watcher.go:72] Checking for runtime processes
[DEBUG Sep 18 13:39:31.830979266, watcher.go:72] Checking for runtime processes
[DEBUG Sep 18 13:40:31.830960919, watcher.go:72] Checking for runtime processes
[DEBUG Sep 18 13:41:31.830964204, watcher.go:72] Checking for runtime processes
[DEBUG Sep 18 13:42:31.830958697, watcher.go:72] Checking for runtime processes
[DEBUG Sep 18 13:43:31.830941400, watcher.go:72] Checking for runtime processes
[DEBUG Sep 18 13:44:31.830960860, watcher.go:72] Checking for runtime processes
[DEBUG Sep 18 13:45:31.830804367, watcher.go:72] Checking for runtime processes
[DEBUG Sep 18 13:46:31.830968685, watcher.go:72] Checking for runtime processes
[DEBUG Sep 18 13:47:31.830800167, watcher.go:72] Checking for runtime processes
[DEBUG Sep 18 13:48:31.830963648, watcher.go:72] Checking for runtime processes
[DEBUG Sep 18 13:49:31.830966938, watcher.go:72] Checking for runtime processes
[DEBUG Sep 18 13:50:31.830964788, watcher.go:72] Checking for runtime processes
[DEBUG Sep 18 13:51:31.830964249, watcher.go:72] Checking for runtime processes
[DEBUG Sep 18 13:52:31.830966286, watcher.go:72] Checking for runtime processes
[DEBUG Sep 18 13:53:31.830960699, watcher.go:72] Checking for runtime processes
[DEBUG Sep 18 13:54:31.830962288, watcher.go:72] Checking for runtime processes
[DEBUG Sep 18 13:55:31.830964849, watcher.go:72] Checking for runtime processes
[DEBUG Sep 18 13:56:31.830977682, watcher.go:72] Checking for runtime processes
[DEBUG Sep 18 13:57:31.830957783, watcher.go:72] Checking for runtime processes
[DEBUG Sep 18 13:58:31.830958443, watcher.go:72] Checking for runtime processes
[DEBUG Sep 18 13:59:31.830969149, watcher.go:72] Checking for runtime processes
[DEBUG Sep 18 14:00:31.830803114, watcher.go:72] Checking for runtime processes
[DEBUG Sep 18 14:01:31.830971305, watcher.go:72] Checking for runtime processes
[DEBUG Sep 18 14:02:31.830797551, watcher.go:72] Checking for runtime processes
[DEBUG Sep 18 14:03:31.830972352, watcher.go:72] Checking for runtime processes
[DEBUG Sep 18 14:04:31.830969009, watcher.go:72] Checking for runtime processes
[DEBUG Sep 18 14:05:31.830963652, watcher.go:72] Checking for runtime processes
[DEBUG Sep 18 14:06:31.830967513, watcher.go:72] Checking for runtime processes
[DEBUG Sep 18 14:07:31.830962762, watcher.go:72] Checking for runtime processes
[DEBUG Sep 18 14:08:31.830956763, watcher.go:72] Checking for runtime processes
[DEBUG Sep 18 14:09:31.830965199, watcher.go:72] Checking for runtime processes
[DEBUG Sep 18 14:10:31.830958092, watcher.go:72] Checking for runtime processes
[DEBUG Sep 18 14:11:31.830974207, watcher.go:72] Checking for runtime processes
[DEBUG Sep 18 14:12:31.830961061, watcher.go:72] Checking for runtime processes
[DEBUG Sep 18 14:13:31.830941567, watcher.go:72] Checking for runtime processes
[DEBUG Sep 18 14:14:31.830965206, watcher.go:72] Checking for runtime processes
[DEBUG Sep 18 14:15:31.830802900, watcher.go:72] Checking for runtime processes
[DEBUG Sep 18 14:16:31.830951440, watcher.go:72] Checking for runtime processes
[DEBUG Sep 18 14:17:31.830788977, watcher.go:72] Checking for runtime processes
[DEBUG Sep 18 14:18:31.830958709, watcher.go:72] Checking for runtime processes
[DEBUG Sep 18 14:19:31.830970403, watcher.go:72] Checking for runtime processes
[DEBUG Sep 18 14:20:31.830965460, watcher.go:72] Checking for runtime processes
[DEBUG Sep 18 14:21:31.830959089, watcher.go:72] Checking for runtime processes
[DEBUG Sep 18 14:22:31.830961911, watcher.go:72] Checking for runtime processes
[DEBUG Sep 18 14:23:31.830958710, watcher.go:72] Checking for runtime processes
[DEBUG Sep 18 14:24:31.830961434, watcher.go:72] Checking for runtime processes
[DEBUG Sep 18 14:25:31.830965181, watcher.go:72] Checking for runtime processes
[DEBUG Sep 18 14:26:31.830965177, watcher.go:72] Checking for runtime processes
[DEBUG Sep 18 14:27:31.830955477, watcher.go:72] Checking for runtime processes
[DEBUG Sep 18 14:28:31.830943928, watcher.go:72] Checking for runtime processes
[DEBUG Sep 18 14:29:31.830971933, watcher.go:72] Checking for runtime processes
[DEBUG Sep 18 14:30:31.830802588, watcher.go:72] Checking for runtime processes
[DEBUG Sep 18 14:31:31.830968440, watcher.go:72] Checking for runtime processes
[DEBUG Sep 18 14:32:31.830798674, watcher.go:72] Checking for runtime processes
[DEBUG Sep 18 14:33:31.830979236, watcher.go:72] Checking for runtime processes
[DEBUG Sep 18 14:34:31.830959973, watcher.go:72] Checking for runtime processes
[DEBUG Sep 18 14:35:31.830967398, watcher.go:72] Checking for runtime processes
[DEBUG Sep 18 14:36:31.830958424, watcher.go:72] Checking for runtime processes
[DEBUG Sep 18 14:37:31.830962998, watcher.go:72] Checking for runtime processes
[DEBUG Sep 18 14:38:31.830958819, watcher.go:72] Checking for runtime processes
[DEBUG Sep 18 14:39:31.830975553, watcher.go:72] Checking for runtime processes
[DEBUG Sep 18 14:40:31.830969571, watcher.go:72] Checking for runtime processes
[DEBUG Sep 18 14:41:31.830963495, watcher.go:72] Checking for runtime processes
[DEBUG Sep 18 14:42:31.830976827, watcher.go:72] Checking for runtime processes
[DEBUG Sep 18 14:43:31.830955152, watcher.go:72] Checking for runtime processes
[DEBUG Sep 18 14:44:31.830961718, watcher.go:72] Checking for runtime processes
[DEBUG Sep 18 14:45:31.830803171, watcher.go:72] Checking for runtime processes
[DEBUG Sep 18 14:46:31.830969411, watcher.go:72] Checking for runtime processes
[DEBUG Sep 18 14:47:31.830811678, watcher.go:72] Checking for runtime processes
[DEBUG Sep 18 14:48:31.830965260, watcher.go:72] Checking for runtime processes
[DEBUG Sep 18 14:49:31.830956537, watcher.go:72] Checking for runtime processes
[DEBUG Sep 18 14:50:31.830964919, watcher.go:72] Checking for runtime processes
[DEBUG Sep 18 14:51:31.830974420, watcher.go:72] Checking for runtime processes
[DEBUG Sep 18 14:52:31.830965326, watcher.go:72] Checking for runtime processes
[DEBUG Sep 18 14:53:31.830969205, watcher.go:72] Checking for runtime processes
[DEBUG Sep 18 14:54:31.830977463, watcher.go:72] Checking for runtime processes
[DEBUG Sep 18 14:55:31.830959153, watcher.go:72] Checking for runtime processes
[DEBUG Sep 18 14:56:31.830970517, watcher.go:72] Checking for runtime processes
[DEBUG Sep 18 14:57:31.830959982, watcher.go:72] Checking for runtime processes
[DEBUG Sep 18 14:58:31.830942221, watcher.go:72] Checking for runtime processes
[DEBUG Sep 18 14:59:31.830958532, watcher.go:72] Checking for runtime processes
[DEBUG Sep 18 15:00:31.830803961, watcher.go:72] Checking for runtime processes
[DEBUG Sep 18 15:01:31.830958328, watcher.go:72] Checking for runtime processes
[DEBUG Sep 18 15:02:31.830798447, watcher.go:72] Checking for runtime processes
[DEBUG Sep 18 15:03:31.830964068, watcher.go:72] Checking for runtime processes
[DEBUG Sep 18 15:04:31.830961012, watcher.go:72] Checking for runtime processes
[DEBUG Sep 18 15:05:31.830962247, watcher.go:72] Checking for runtime processes
[DEBUG Sep 18 15:06:31.830958764, watcher.go:72] Checking for runtime processes
[DEBUG Sep 18 15:07:31.830967001, watcher.go:72] Checking for runtime processes
[DEBUG Sep 18 15:08:31.830964584, watcher.go:72] Checking for runtime processes
[DEBUG Sep 18 15:09:31.830966717, watcher.go:72] Checking for runtime processes
[DEBUG Sep 18 15:10:31.830955779, watcher.go:72] Checking for runtime processes
[DEBUG Sep 18 15:11:31.830962179, watcher.go:72] Checking for runtime processes
[DEBUG Sep 18 15:12:31.830957286, watcher.go:72] Checking for runtime processes
[DEBUG Sep 18 15:13:31.830940709, watcher.go:72] Checking for runtime processes
[DEBUG Sep 18 15:14:31.830959447, watcher.go:72] Checking for runtime processes
[DEBUG Sep 18 15:15:31.830813280, watcher.go:72] Checking for runtime processes
[DEBUG Sep 18 15:16:31.830956193, watcher.go:72] Checking for runtime processes
[DEBUG Sep 18 15:17:31.830791551, watcher.go:72] Checking for runtime processes
[DEBUG Sep 18 15:18:31.831766321, watcher.go:72] Checking for runtime processes
[DEBUG Sep 18 15:19:31.830972614, watcher.go:72] Checking for runtime processes
[DEBUG Sep 18 15:20:31.830968190, watcher.go:72] Checking for runtime processes
[DEBUG Sep 18 15:21:31.830972055, watcher.go:72] Checking for runtime processes
[DEBUG Sep 18 15:22:31.830975436, watcher.go:72] Checking for runtime processes
[DEBUG Sep 18 15:23:31.830959346, watcher.go:72] Checking for runtime processes
[DEBUG Sep 18 15:24:31.830995918, watcher.go:72] Checking for runtime processes
[DEBUG Sep 18 15:25:31.830961054, watcher.go:72] Checking for runtime processes
[DEBUG Sep 18 15:26:31.830966050, watcher.go:72] Checking for runtime processes
[DEBUG Sep 18 15:27:31.830959452, watcher.go:72] Checking for runtime processes
[DEBUG Sep 18 15:28:31.830949708, watcher.go:72] Checking for runtime processes
[DEBUG Sep 18 15:29:31.830960484, watcher.go:72] Checking for runtime processes
[DEBUG Sep 18 15:30:31.830802992, watcher.go:72] Checking for runtime processes
[DEBUG Sep 18 15:31:31.830956089, watcher.go:72] Checking for runtime processes
[DEBUG Sep 18 15:32:31.830797853, watcher.go:72] Checking for runtime processes
[DEBUG Sep 18 15:33:31.830974510, watcher.go:72] Checking for runtime processes
[DEBUG Sep 18 15:34:31.830954208, watcher.go:72] Checking for runtime processes
[DEBUG Sep 18 15:35:31.830965049, watcher.go:72] Checking for runtime processes
[DEBUG Sep 18 15:36:31.830973358, watcher.go:72] Checking for runtime processes
[DEBUG Sep 18 15:37:31.830964747, watcher.go:72] Checking for runtime processes
[DEBUG Sep 18 15:38:31.830961162, watcher.go:72] Checking for runtime processes
[DEBUG Sep 18 15:39:31.830963137, watcher.go:72] Checking for runtime processes
[DEBUG Sep 18 15:40:31.830964019, watcher.go:72] Checking for runtime processes
[DEBUG Sep 18 15:41:31.830963768, watcher.go:72] Checking for runtime processes
[DEBUG Sep 18 15:42:31.830972576, watcher.go:72] Checking for runtime processes
[DEBUG Sep 18 15:43:31.830957987, watcher.go:72] Checking for runtime processes
[DEBUG Sep 18 15:44:31.830970794, watcher.go:72] Checking for runtime processes
[DEBUG Sep 18 15:45:31.830803647, watcher.go:72] Checking for runtime processes
[DEBUG Sep 18 15:46:31.830960176, watcher.go:72] Checking for runtime processes
[DEBUG Sep 18 15:47:31.830797031, watcher.go:72] Checking for runtime processes
[DEBUG Sep 18 15:48:31.830965511, watcher.go:72] Checking for runtime processes
[DEBUG Sep 18 15:49:31.830963354, watcher.go:72] Checking for runtime processes
[DEBUG Sep 18 15:50:31.830959121, watcher.go:72] Checking for runtime processes
[DEBUG Sep 18 15:51:31.830963289, watcher.go:72] Checking for runtime processes
[DEBUG Sep 18 15:52:31.830962813, watcher.go:72] Checking for runtime processes
[DEBUG Sep 18 15:53:31.830968198, watcher.go:72] Checking for runtime processes
[DEBUG Sep 18 15:54:31.830975895, watcher.go:72] Checking for runtime processes
[DEBUG Sep 18 15:55:31.830953750, watcher.go:72] Checking for runtime processes
[DEBUG Sep 18 15:56:31.830957051, watcher.go:72] Checking for runtime processes
[DEBUG Sep 18 15:57:31.830952674, watcher.go:72] Checking for runtime processes
[DEBUG Sep 18 15:58:31.831001360, watcher.go:72] Checking for runtime processes
[DEBUG Sep 18 15:59:31.830954426, watcher.go:72] Checking for runtime processes
[DEBUG Sep 18 16:00:31.830801599, watcher.go:72] Checking for runtime processes
[DEBUG Sep 18 16:01:31.830980351, watcher.go:72] Checking for runtime processes
[DEBUG Sep 18 16:02:31.830796930, watcher.go:72] Checking for runtime processes
[DEBUG Sep 18 16:03:31.830958230, watcher.go:72] Checking for runtime processes
[DEBUG Sep 18 16:04:31.830955856, watcher.go:72] Checking for runtime processes
[DEBUG Sep 18 16:05:31.830957322, watcher.go:72] Checking for runtime processes
[DEBUG Sep 18 16:06:31.830979231, watcher.go:72] Checking for runtime processes
[DEBUG Sep 18 16:07:31.830954809, watcher.go:72] Checking for runtime processes
[DEBUG Sep 18 16:08:31.830954869, watcher.go:72] Checking for runtime processes
[DEBUG Sep 18 16:09:31.830959699, watcher.go:72] Checking for runtime processes
[DEBUG Sep 18 16:10:31.830950169, watcher.go:72] Checking for runtime processes
[DEBUG Sep 18 16:11:31.830959473, watcher.go:72] Checking for runtime processes
[DEBUG Sep 18 16:12:31.830952852, watcher.go:72] Checking for runtime processes
[DEBUG Sep 18 16:13:31.830937052, watcher.go:72] Checking for runtime processes
[DEBUG Sep 18 16:14:31.830953770, watcher.go:72] Checking for runtime processes
[DEBUG Sep 18 16:15:31.830801857, watcher.go:72] Checking for runtime processes
[DEBUG Sep 18 16:16:31.830952113, watcher.go:72] Checking for runtime processes
[DEBUG Sep 18 16:17:31.830790519, watcher.go:72] Checking for runtime processes
[DEBUG Sep 18 16:18:31.830958258, watcher.go:72] Checking for runtime processes
[DEBUG Sep 18 16:19:31.830950267, watcher.go:72] Checking for runtime processes
[DEBUG Sep 18 16:20:31.830956276, watcher.go:72] Checking for runtime processes
[DEBUG Sep 18 16:21:31.831764244, watcher.go:72] Checking for runtime processes
[DEBUG Sep 18 16:22:31.830958619, watcher.go:72] Checking for runtime processes
[DEBUG Sep 18 16:23:31.830954328, watcher.go:72] Checking for runtime processes
[DEBUG Sep 18 16:24:31.830958791, watcher.go:72] Checking for runtime processes
[DEBUG Sep 18 16:25:31.830953975, watcher.go:72] Checking for runtime processes
[DEBUG Sep 18 16:26:31.830957703, watcher.go:72] Checking for runtime processes
[DEBUG Sep 18 16:27:31.830952262, watcher.go:72] Checking for runtime processes
[DEBUG Sep 18 16:28:31.830951941, watcher.go:72] Checking for runtime processes
[DEBUG Sep 18 16:29:31.830950260, watcher.go:72] Checking for runtime processes
[DEBUG Sep 18 16:30:31.830802970, watcher.go:72] Checking for runtime processes
[DEBUG Sep 18 16:31:31.830952683, watcher.go:72] Checking for runtime processes
[DEBUG Sep 18 16:32:31.830797624, watcher.go:72] Checking for runtime processes
[DEBUG Sep 18 16:33:31.830960199, watcher.go:72] Checking for runtime processes
[DEBUG Sep 18 16:34:31.831042284, watcher.go:72] Checking for runtime processes
[DEBUG Sep 18 16:35:31.830959112, watcher.go:72] Checking for runtime processes
[DEBUG Sep 18 16:36:31.831748264, watcher.go:72] Checking for runtime processes
[DEBUG Sep 18 16:37:31.830957186, watcher.go:72] Checking for runtime processes
[DEBUG Sep 18 16:38:31.830967415, watcher.go:72] Checking for runtime processes
[DEBUG Sep 18 16:39:31.830968206, watcher.go:72] Checking for runtime processes
[DEBUG Sep 18 16:40:31.830953452, watcher.go:72] Checking for runtime processes
[DEBUG Sep 18 16:41:31.830969484, watcher.go:72] Checking for runtime processes
[DEBUG Sep 18 16:42:31.830958026, watcher.go:72] Checking for runtime processes
[DEBUG Sep 18 16:43:31.830944639, watcher.go:72] Checking for runtime processes
[DEBUG Sep 18 16:44:31.830957983, watcher.go:72] Checking for runtime processes
[DEBUG Sep 18 16:45:31.830801320, watcher.go:72] Checking for runtime processes
[DEBUG Sep 18 16:46:31.830950760, watcher.go:72] Checking for runtime processes
[DEBUG Sep 18 16:47:31.830797082, watcher.go:72] Checking for runtime processes
[DEBUG Sep 18 16:48:31.830957269, watcher.go:72] Checking for runtime processes
[DEBUG Sep 18 16:49:31.830950685, watcher.go:72] Checking for runtime processes
[DEBUG Sep 18 16:50:31.830960036, watcher.go:72] Checking for runtime processes
[DEBUG Sep 18 16:51:31.830966288, watcher.go:72] Checking for runtime processes
[DEBUG Sep 18 16:52:31.830958996, watcher.go:72] Checking for runtime processes
[DEBUG Sep 18 16:53:31.830955504, watcher.go:72] Checking for runtime processes
[DEBUG Sep 18 16:54:31.830957974, watcher.go:72] Checking for runtime processes
[DEBUG Sep 18 16:55:31.830973760, watcher.go:72] Checking for runtime processes
[DEBUG Sep 18 16:56:31.830955639, watcher.go:72] Checking for runtime processes
[DEBUG Sep 18 16:57:31.830952549, watcher.go:72] Checking for runtime processes
[DEBUG Sep 18 16:58:31.830939231, watcher.go:72] Checking for runtime processes
[DEBUG Sep 18 16:59:31.831763786, watcher.go:72] Checking for runtime processes
[DEBUG Sep 18 17:00:31.830800798, watcher.go:72] Checking for runtime processes
[DEBUG Sep 18 17:01:31.830960983, watcher.go:72] Checking for runtime processes
[DEBUG Sep 18 17:02:31.830822857, watcher.go:72] Checking for runtime processes
[DEBUG Sep 18 17:03:31.830983511, watcher.go:72] Checking for runtime processes
[DEBUG Sep 18 17:04:31.830952222, watcher.go:72] Checking for runtime processes
[DEBUG Sep 18 17:05:31.830960735, watcher.go:72] Checking for runtime processes
[DEBUG Sep 18 17:06:31.830950073, watcher.go:72] Checking for runtime processes
[DEBUG Sep 18 17:07:31.830955796, watcher.go:72] Checking for runtime processes
[DEBUG Sep 18 17:08:31.830965987, watcher.go:72] Checking for runtime processes
[DEBUG Sep 18 17:09:31.830956724, watcher.go:72] Checking for runtime processes
[DEBUG Sep 18 17:10:31.830954402, watcher.go:72] Checking for runtime processes
[DEBUG Sep 18 17:11:31.830958015, watcher.go:72] Checking for runtime processes
[DEBUG Sep 18 17:12:31.830953012, watcher.go:72] Checking for runtime processes
[DEBUG Sep 18 17:13:31.830949517, watcher.go:72] Checking for runtime processes
[DEBUG Sep 18 17:14:31.830954159, watcher.go:72] Checking for runtime processes
[DEBUG Sep 18 17:15:31.831163409, watcher.go:72] Checking for runtime processes
[DEBUG Sep 18 17:16:31.830946916, watcher.go:72] Checking for runtime processes
[DEBUG Sep 18 17:17:31.830798702, watcher.go:72] Checking for runtime processes
[DEBUG Sep 18 17:18:31.830965031, watcher.go:72] Checking for runtime processes
[DEBUG Sep 18 17:19:31.831682490, watcher.go:72] Checking for runtime processes
[DEBUG Sep 18 17:20:31.830951959, watcher.go:72] Checking for runtime processes
[DEBUG Sep 18 17:21:31.830961647, watcher.go:72] Checking for runtime processes
[DEBUG Sep 18 17:22:31.830965994, watcher.go:72] Checking for runtime processes
[DEBUG Sep 18 17:23:31.830948762, watcher.go:72] Checking for runtime processes
[DEBUG Sep 18 17:24:31.830950771, watcher.go:72] Checking for runtime processes
[DEBUG Sep 18 17:25:31.830949399, watcher.go:72] Checking for runtime processes
[DEBUG Sep 18 17:26:31.830951968, watcher.go:72] Checking for runtime processes
[DEBUG Sep 18 17:27:31.830960960, watcher.go:72] Checking for runtime processes
[DEBUG Sep 18 17:28:31.830934678, watcher.go:72] Checking for runtime processes
[DEBUG Sep 18 17:29:31.830946807, watcher.go:72] Checking for runtime processes
[DEBUG Sep 18 17:30:31.830797586, watcher.go:72] Checking for runtime processes
[DEBUG Sep 18 17:31:31.830946716, watcher.go:72] Checking for runtime processes
[DEBUG Sep 18 17:32:31.830794014, watcher.go:72] Checking for runtime processes
[DEBUG Sep 18 17:33:31.830952920, watcher.go:72] Checking for runtime processes
[DEBUG Sep 18 17:34:31.830951290, watcher.go:72] Checking for runtime processes
[DEBUG Sep 18 17:35:31.830958291, watcher.go:72] Checking for runtime processes
[DEBUG Sep 18 17:36:31.830948087, watcher.go:72] Checking for runtime processes
[DEBUG Sep 18 17:37:31.830951091, watcher.go:72] Checking for runtime processes
[DEBUG Sep 18 17:38:31.830962042, watcher.go:72] Checking for runtime processes
[DEBUG Sep 18 17:39:31.830970049, watcher.go:72] Checking for runtime processes
[DEBUG Sep 18 17:40:31.830966891, watcher.go:72] Checking for runtime processes
[DEBUG Sep 18 17:41:31.830954458, watcher.go:72] Checking for runtime processes
[DEBUG Sep 18 17:42:31.830965612, watcher.go:72] Checking for runtime processes
[DEBUG Sep 18 17:43:31.830934788, watcher.go:72] Checking for runtime processes
[DEBUG Sep 18 17:44:31.830963486, watcher.go:72] Checking for runtime processes
[DEBUG Sep 18 17:45:31.830812090, watcher.go:72] Checking for runtime processes
[DEBUG Sep 18 17:46:31.830954987, watcher.go:72] Checking for runtime processes
[DEBUG Sep 18 17:47:31.830805960, watcher.go:72] Checking for runtime processes
[DEBUG Sep 18 17:48:31.830959984, watcher.go:72] Checking for runtime processes
[DEBUG Sep 18 17:49:31.831767053, watcher.go:72] Checking for runtime processes
[DEBUG Sep 18 17:50:31.830982485, watcher.go:72] Checking for runtime processes
[DEBUG Sep 18 17:51:31.830962515, watcher.go:72] Checking for runtime processes
[DEBUG Sep 18 17:52:31.830963510, watcher.go:72] Checking for runtime processes
[DEBUG Sep 18 17:53:31.830974922, watcher.go:72] Checking for runtime processes
[DEBUG Sep 18 17:54:31.830969334, watcher.go:72] Checking for runtime processes
[DEBUG Sep 18 17:55:31.830964570, watcher.go:72] Checking for runtime processes
[DEBUG Sep 18 17:56:31.830955323, watcher.go:72] Checking for runtime processes
[DEBUG Sep 18 17:57:31.830973397, watcher.go:72] Checking for runtime processes
[DEBUG Sep 18 17:58:31.830951353, watcher.go:72] Checking for runtime processes
[DEBUG Sep 18 17:59:31.830964944, watcher.go:72] Checking for runtime processes
[DEBUG Sep 18 18:00:31.830811369, watcher.go:72] Checking for runtime processes
[DEBUG Sep 18 18:01:31.830951089, watcher.go:72] Checking for runtime processes
[DEBUG Sep 18 18:02:31.830807055, watcher.go:72] Checking for runtime processes
[DEBUG Sep 18 18:03:31.830957964, watcher.go:72] Checking for runtime processes
[DEBUG Sep 18 18:04:31.830950201, watcher.go:72] Checking for runtime processes
[DEBUG Sep 18 18:05:31.830968557, watcher.go:72] Checking for runtime processes
[DEBUG Sep 18 18:06:31.831762791, watcher.go:72] Checking for runtime processes
[DEBUG Sep 18 18:07:31.830969608, watcher.go:72] Checking for runtime processes
[DEBUG Sep 18 18:08:31.830949431, watcher.go:72] Checking for runtime processes
[DEBUG Sep 18 18:09:31.830954968, watcher.go:72] Checking for runtime processes
[DEBUG Sep 18 18:10:31.830966461, watcher.go:72] Checking for runtime processes
[DEBUG Sep 18 18:11:31.830959466, watcher.go:72] Checking for runtime processes
[DEBUG Sep 18 18:12:31.830958851, watcher.go:72] Checking for runtime processes
[DEBUG Sep 18 18:13:31.830942456, watcher.go:72] Checking for runtime processes
[DEBUG Sep 18 18:14:31.830968597, watcher.go:72] Checking for runtime processes
[DEBUG Sep 18 18:15:31.830800053, watcher.go:72] Checking for runtime processes
[DEBUG Sep 18 18:16:31.830955130, watcher.go:72] Checking for runtime processes
[DEBUG Sep 18 18:17:31.830800698, watcher.go:72] Checking for runtime processes
[DEBUG Sep 18 18:18:31.830972480, watcher.go:72] Checking for runtime processes
[DEBUG Sep 18 18:19:31.830954972, watcher.go:72] Checking for runtime processes
[DEBUG Sep 18 18:20:31.830963652, watcher.go:72] Checking for runtime processes
[DEBUG Sep 18 18:21:31.830958790, watcher.go:72] Checking for runtime processes
[DEBUG Sep 18 18:22:31.830959870, watcher.go:72] Checking for runtime processes
[DEBUG Sep 18 18:23:31.830955497, watcher.go:72] Checking for runtime processes
[DEBUG Sep 18 18:24:31.830971573, watcher.go:72] Checking for runtime processes
[DEBUG Sep 18 18:25:31.830963002, watcher.go:72] Checking for runtime processes
[DEBUG Sep 18 18:26:31.830959714, watcher.go:72] Checking for runtime processes
[DEBUG Sep 18 18:27:31.830967815, watcher.go:72] Checking for runtime processes
[DEBUG Sep 18 18:28:31.830953946, watcher.go:72] Checking for runtime processes
[DEBUG Sep 18 18:29:31.830955808, watcher.go:72] Checking for runtime processes
[DEBUG Sep 18 18:30:31.830803027, watcher.go:72] Checking for runtime processes
[DEBUG Sep 18 18:31:31.830981218, watcher.go:72] Checking for runtime processes
[DEBUG Sep 18 18:32:31.830808396, watcher.go:72] Checking for runtime processes
[DEBUG Sep 18 18:33:31.830975241, watcher.go:72] Checking for runtime processes
[DEBUG Sep 18 18:34:31.830968618, watcher.go:72] Checking for runtime processes
[DEBUG Sep 18 18:35:31.830976324, watcher.go:72] Checking for runtime processes
[DEBUG Sep 18 18:36:31.830955345, watcher.go:72] Checking for runtime processes
[DEBUG Sep 18 18:37:31.830959200, watcher.go:72] Checking for runtime processes
[DEBUG Sep 18 18:38:31.831700778, watcher.go:72] Checking for runtime processes
[DEBUG Sep 18 18:39:31.830968408, watcher.go:72] Checking for runtime processes
[DEBUG Sep 18 18:40:31.830967343, watcher.go:72] Checking for runtime processes
[DEBUG Sep 18 18:41:31.830977686, watcher.go:72] Checking for runtime processes
[DEBUG Sep 18 18:42:31.830962089, watcher.go:72] Checking for runtime processes
[DEBUG Sep 18 18:43:31.830946313, watcher.go:72] Checking for runtime processes
[DEBUG Sep 18 18:44:31.830968581, watcher.go:72] Checking for runtime processes
[DEBUG Sep 18 18:45:31.830801316, watcher.go:72] Checking for runtime processes
[DEBUG Sep 18 18:46:31.830954267, watcher.go:72] Checking for runtime processes
[DEBUG Sep 18 18:47:31.830793579, watcher.go:72] Checking for runtime processes
[DEBUG Sep 18 18:48:31.830971384, watcher.go:72] Checking for runtime processes
[DEBUG Sep 18 18:49:31.830967216, watcher.go:72] Checking for runtime processes
[DEBUG Sep 18 18:50:31.830960753, watcher.go:72] Checking for runtime processes
[DEBUG Sep 18 18:51:31.830963564, watcher.go:72] Checking for runtime processes
[DEBUG Sep 18 18:52:31.830972252, watcher.go:72] Checking for runtime processes
[DEBUG Sep 18 18:53:31.830970601, watcher.go:72] Checking for runtime processes
[DEBUG Sep 18 18:54:31.830960106, watcher.go:72] Checking for runtime processes
[DEBUG Sep 18 18:55:31.830966235, watcher.go:72] Checking for runtime processes
[DEBUG Sep 18 18:56:31.830975236, watcher.go:72] Checking for runtime processes
[DEBUG Sep 18 18:57:31.830953057, watcher.go:72] Checking for runtime processes
[DEBUG Sep 18 18:58:31.830931686, watcher.go:72] Checking for runtime processes
[DEBUG Sep 18 18:59:31.830969600, watcher.go:72] Checking for runtime processes
[DEBUG Sep 18 19:00:31.830801127, watcher.go:72] Checking for runtime processes
[DEBUG Sep 18 19:01:31.830956323, watcher.go:72] Checking for runtime processes
[DEBUG Sep 18 19:02:31.830795417, watcher.go:72] Checking for runtime processes
[DEBUG Sep 18 19:03:31.830951194, watcher.go:72] Checking for runtime processes
[DEBUG Sep 18 19:04:31.830951081, watcher.go:72] Checking for runtime processes
[DEBUG Sep 18 19:05:31.830956840, watcher.go:72] Checking for runtime processes
[DEBUG Sep 18 19:06:31.830952717, watcher.go:72] Checking for runtime processes
[DEBUG Sep 18 19:07:31.830724031, watcher.go:72] Checking for runtime processes
[DEBUG Sep 18 19:08:31.830948813, watcher.go:72] Checking for runtime processes
[DEBUG Sep 18 19:09:31.830958353, watcher.go:72] Checking for runtime processes
[DEBUG Sep 18 19:10:31.831790275, watcher.go:72] Checking for runtime processes
[DEBUG Sep 18 19:11:31.830954300, watcher.go:72] Checking for runtime processes
[DEBUG Sep 18 19:12:31.830950331, watcher.go:72] Checking for runtime processes
[DEBUG Sep 18 19:13:31.830933629, watcher.go:72] Checking for runtime processes
[DEBUG Sep 18 19:14:31.830961569, watcher.go:72] Checking for runtime processes
[DEBUG Sep 18 19:15:31.830803003, watcher.go:72] Checking for runtime processes
[DEBUG Sep 18 19:16:31.830951413, watcher.go:72] Checking for runtime processes
[DEBUG Sep 18 19:17:31.830814336, watcher.go:72] Checking for runtime processes
[DEBUG Sep 18 19:18:31.830957423, watcher.go:72] Checking for runtime processes
[DEBUG Sep 18 19:19:31.831007068, watcher.go:72] Checking for runtime processes
[DEBUG Sep 18 19:20:31.830958295, watcher.go:72] Checking for runtime processes
[DEBUG Sep 18 19:21:31.830947899, watcher.go:72] Checking for runtime processes
[DEBUG Sep 18 19:22:31.830953233, watcher.go:72] Checking for runtime processes
[DEBUG Sep 18 19:23:31.830944404, watcher.go:72] Checking for runtime processes
[DEBUG Sep 18 19:24:31.830965513, watcher.go:72] Checking for runtime processes
[DEBUG Sep 18 19:25:31.830947477, watcher.go:72] Checking for runtime processes
[DEBUG Sep 18 19:26:31.830952788, watcher.go:72] Checking for runtime processes
[DEBUG Sep 18 19:27:31.830945705, watcher.go:72] Checking for runtime processes
[DEBUG Sep 18 19:28:31.830932767, watcher.go:72] Checking for runtime processes
[DEBUG Sep 18 19:29:31.830950338, watcher.go:72] Checking for runtime processes
[DEBUG Sep 18 19:30:31.830798212, watcher.go:72] Checking for runtime processes
[DEBUG Sep 18 19:31:31.830961075, watcher.go:72] Checking for runtime processes
[DEBUG Sep 18 19:32:31.830794177, watcher.go:72] Checking for runtime processes
[DEBUG Sep 18 19:33:31.830953415, watcher.go:72] Checking for runtime processes
[DEBUG Sep 18 19:34:31.830948996, watcher.go:72] Checking for runtime processes
[DEBUG Sep 18 19:35:31.830951255, watcher.go:72] Checking for runtime processes
[DEBUG Sep 18 19:36:31.830963502, watcher.go:72] Checking for runtime processes
[DEBUG Sep 18 19:37:31.830949855, watcher.go:72] Checking for runtime processes
[DEBUG Sep 18 19:38:31.831683200, watcher.go:72] Checking for runtime processes
[DEBUG Sep 18 19:39:31.830956159, watcher.go:72] Checking for runtime processes
[DEBUG Sep 18 19:40:31.830950333, watcher.go:72] Checking for runtime processes
[DEBUG Sep 18 19:41:31.830954164, watcher.go:72] Checking for runtime processes
[DEBUG Sep 18 19:42:31.830949567, watcher.go:72] Checking for runtime processes
[DEBUG Sep 18 19:43:31.831705922, watcher.go:72] Checking for runtime processes
[DEBUG Sep 18 19:44:31.830947900, watcher.go:72] Checking for runtime processes
[DEBUG Sep 18 19:45:31.830800320, watcher.go:72] Checking for runtime processes
[DEBUG Sep 18 19:46:31.831795026, watcher.go:72] Checking for runtime processes
[DEBUG Sep 18 19:47:31.830795619, watcher.go:72] Checking for runtime processes
[DEBUG Sep 18 19:48:31.830954267, watcher.go:72] Checking for runtime processes
[DEBUG Sep 18 19:49:31.830948675, watcher.go:72] Checking for runtime processes
[DEBUG Sep 18 19:50:31.830952810, watcher.go:72] Checking for runtime processes
[DEBUG Sep 18 19:51:31.830948347, watcher.go:72] Checking for runtime processes
[DEBUG Sep 18 19:52:31.830950715, watcher.go:72] Checking for runtime processes
[DEBUG Sep 18 19:53:31.830949378, watcher.go:72] Checking for runtime processes
[DEBUG Sep 18 19:54:31.830952461, watcher.go:72] Checking for runtime processes
[DEBUG Sep 18 19:55:31.830949926, watcher.go:72] Checking for runtime processes
[DEBUG Sep 18 19:56:31.830951079, watcher.go:72] Checking for runtime processes
[DEBUG Sep 18 19:57:31.830951463, watcher.go:72] Checking for runtime processes
[DEBUG Sep 18 19:58:31.830932173, watcher.go:72] Checking for runtime processes
[DEBUG Sep 18 19:59:31.830951016, watcher.go:72] Checking for runtime processes
[DEBUG Sep 18 20:00:31.830801050, watcher.go:72] Checking for runtime processes
[DEBUG Sep 18 20:01:31.830947741, watcher.go:72] Checking for runtime processes
[DEBUG Sep 18 20:02:31.830793223, watcher.go:72] Checking for runtime processes
[DEBUG Sep 18 20:03:31.830952574, watcher.go:72] Checking for runtime processes
[DEBUG Sep 18 20:04:31.830945629, watcher.go:72] Checking for runtime processes
[DEBUG Sep 18 20:05:31.830957075, watcher.go:72] Checking for runtime processes
[DEBUG Sep 18 20:06:31.830949410, watcher.go:72] Checking for runtime processes
[DEBUG Sep 18 20:07:31.830954870, watcher.go:72] Checking for runtime processes
[DEBUG Sep 18 20:08:31.830947705, watcher.go:72] Checking for runtime processes
[DEBUG Sep 18 20:09:31.830952314, watcher.go:72] Checking for runtime processes
[DEBUG Sep 18 20:10:31.830950157, watcher.go:72] Checking for runtime processes
[DEBUG Sep 18 20:11:31.830955210, watcher.go:72] Checking for runtime processes
[DEBUG Sep 18 20:12:31.830950385, watcher.go:72] Checking for runtime processes
[DEBUG Sep 18 20:13:31.830933443, watcher.go:72] Checking for runtime processes
[DEBUG Sep 18 20:14:31.830950252, watcher.go:72] Checking for runtime processes
[DEBUG Sep 18 20:15:31.830802049, watcher.go:72] Checking for runtime processes
[DEBUG Sep 18 20:16:31.830950000, watcher.go:72] Checking for runtime processes
[DEBUG Sep 18 20:17:31.830790612, watcher.go:72] Checking for runtime processes
[DEBUG Sep 18 20:18:31.830951729, watcher.go:72] Checking for runtime processes
[DEBUG Sep 18 20:19:31.830948258, watcher.go:72] Checking for runtime processes
[DEBUG Sep 18 20:20:31.830952204, watcher.go:72] Checking for runtime processes
[DEBUG Sep 18 20:21:31.830950129, watcher.go:72] Checking for runtime processes
[DEBUG Sep 18 20:22:31.830950502, watcher.go:72] Checking for runtime processes
[DEBUG Sep 18 20:23:31.830949227, watcher.go:72] Checking for runtime processes
[DEBUG Sep 18 20:24:31.831002705, watcher.go:72] Checking for runtime processes
[DEBUG Sep 18 20:25:31.830950013, watcher.go:72] Checking for runtime processes
[DEBUG Sep 18 20:26:31.830965119, watcher.go:72] Checking for runtime processes
[DEBUG Sep 18 20:27:31.830947626, watcher.go:72] Checking for runtime processes
[DEBUG Sep 18 20:28:31.830933669, watcher.go:72] Checking for runtime processes
[DEBUG Sep 18 20:29:31.830948203, watcher.go:72] Checking for runtime processes
[DEBUG Sep 18 20:30:31.830801000, watcher.go:72] Checking for runtime processes
[DEBUG Sep 18 20:31:31.830949166, watcher.go:72] Checking for runtime processes
[DEBUG Sep 18 20:32:31.830794825, watcher.go:72] Checking for runtime processes
[DEBUG Sep 18 20:33:31.830957989, watcher.go:72] Checking for runtime processes
[DEBUG Sep 18 20:34:31.830950019, watcher.go:72] Checking for runtime processes
[DEBUG Sep 18 20:35:31.830952108, watcher.go:72] Checking for runtime processes
[DEBUG Sep 18 20:36:31.830947268, watcher.go:72] Checking for runtime processes
[DEBUG Sep 18 20:37:31.830953186, watcher.go:72] Checking for runtime processes
[DEBUG Sep 18 20:38:31.830947721, watcher.go:72] Checking for runtime processes
[DEBUG Sep 18 20:39:31.830950875, watcher.go:72] Checking for runtime processes
[DEBUG Sep 18 20:40:31.830948529, watcher.go:72] Checking for runtime processes
[DEBUG Sep 18 20:41:31.830952992, watcher.go:72] Checking for runtime processes
[DEBUG Sep 18 20:42:31.830949313, watcher.go:72] Checking for runtime processes
[DEBUG Sep 18 20:43:31.830933286, watcher.go:72] Checking for runtime processes
[DEBUG Sep 18 20:44:31.830946356, watcher.go:72] Checking for runtime processes
[DEBUG Sep 18 20:45:31.830800381, watcher.go:72] Checking for runtime processes
[DEBUG Sep 18 20:46:31.830948165, watcher.go:72] Checking for runtime processes
[DEBUG Sep 18 20:47:31.830794546, watcher.go:72] Checking for runtime processes
[DEBUG Sep 18 20:48:31.830972840, watcher.go:72] Checking for runtime processes
[DEBUG Sep 18 20:49:31.830963201, watcher.go:72] Checking for runtime processes
[DEBUG Sep 18 20:50:31.830965602, watcher.go:72] Checking for runtime processes
[DEBUG Sep 18 20:51:31.830936934, watcher.go:72] Checking for runtime processes
