[DEBUG Aug  2 08:21:14.046747173, defaults.go:273] Args: [/home1/wangfeim/.local/ActiveState/StateTool/release/bin/state-svc start]
[DEBUG Aug  2 08:21:14.061129956, locale.go:38] Init
[DEBUG Aug  2 08:21:14.106022248, errs.go:68] Created error: File could not be found
[DEBUG Aug  2 08:21:14.109032092, errs.go:68] Created error: Not Recognized
[DEBUG Aug  2 08:21:14.128488663, errs.go:68] Created error: Secret not found
[DEBUG Aug  2 08:21:14.128536048, errs.go:68] Created error: Could not save keypair
[DEBUG Aug  2 08:21:14.128715565, errs.go:68] Created error: Build responded with error
[DEBUG Aug  2 08:21:14.128746385, errs.go:68] Created error: Unknown build type
[DEBUG Aug  2 08:21:14.128855151, errors.go:86] Wrapped localized error: <nil> -- with: The installed version of the State Tool Service does not match that of the client.
Please stop the service with [ACTIONABLE]state-svc stop[/RESET] and try your command again.
If this issue persists please reinstall the State Tool.

[DEBUG Aug  2 08:21:14.128868274, errs.go:68] Created error: no data
[DEBUG Aug  2 08:21:14.128889636, errs.go:68] Created error: member not found
[DEBUG Aug  2 08:21:14.128911453, errs.go:68] Created error: Commit count is unknowable
[DEBUG Aug  2 08:21:14.128931510, errs.go:68] Created error: No merge required
[DEBUG Aug  2 08:21:14.128952432, errs.go:68] Created error: Can't merge commit thats already in target commits history
[DEBUG Aug  2 08:21:14.128973885, errs.go:68] Created error: Bad expander name
[DEBUG Aug  2 08:21:14.128994623, errs.go:68] Created error: Expander has no handler
[DEBUG Aug  2 08:21:14.130025249, errs.go:68] Created error: Service is already running
[DEBUG Aug  2 08:21:14.156196559, secrets.go:35] Gcloud Secretmanager failed to initialize (ignore if you're not trying to use gcloud): google: could not find default credentials. See https://developers.google.com/accounts/docs/application-default-credentials for more information.
[DEBUG Aug  2 08:21:14.159468083, output.go:53] Requested outputer for 
[DEBUG Aug  2 08:21:14.159492640, output.go:58] Using Plain outputer
[DEBUG Aug  2 08:21:14.159588186, termutils.go:17] Cannot get terminal size: inappropriate ioctl for device
[DEBUG Aug  2 08:21:14.159684138, client.go:128] Reporting event to 2 reporters: run-command, state-svc start, 
[DEBUG Aug  2 08:21:14.159730866, main.go:107] Running CmdStart
[DEBUG Aug  2 08:21:14.167426744, errs.go:75] Wrapped error: Service is already running -- with: valueF failed
[DEBUG Aug  2 08:21:14.167524208, errs.go:75] Wrapped error: valueF failed -- with: Could not store pid
[DEBUG Aug  2 08:21:14.167651528, errors.go:113] Wrapped input error: Could not store pid -- with: A State Service instance is already running in the background.
[DEBUG Aug  2 08:21:14.167670581, errs.go:75] Wrapped error: A State Service instance is already running in the background. -- with: Could not start serviceManager
[DEBUG Aug  2 08:21:14.167770647, client.go:128] Reporting event to 2 reporters: command-exit, state-svc start, 1
[DEBUG Aug  2 08:21:14.487462846, errs.go:75] Wrapped error: <nil> -- with: Could not start serviceManager: A State Service instance is already running in the background.: Could not store pid: valueF failed: Service is already running
[DEBUG Aug  2 08:21:14.487520109, main.go:61] state-svc errored out due to input: Could not start serviceManager: A State Service instance is already running in the background.: Could not store pid: valueF failed: Service is already running
