[DEBUG Aug  2 07:37:33.216526656, defaults.go:273] Args: [/home1/wangfeim/.local/ActiveState/StateTool/release/bin/state-svc start]
[DEBUG Aug  2 07:37:33.230994817, locale.go:38] Init
[DEBUG Aug  2 07:37:34.076294663, errs.go:68] Created error: File could not be found
[DEBUG Aug  2 07:37:34.080526473, errs.go:68] Created error: Not Recognized
[DEBUG Aug  2 07:37:34.103583869, errs.go:68] Created error: Secret not found
[DEBUG Aug  2 07:37:34.103652857, errs.go:68] Created error: Could not save keypair
[DEBUG Aug  2 07:37:34.103855849, errs.go:68] Created error: Build responded with error
[DEBUG Aug  2 07:37:34.103890526, errs.go:68] Created error: Unknown build type
[DEBUG Aug  2 07:37:34.104034241, errors.go:86] Wrapped localized error: <nil> -- with: The installed version of the State Tool Service does not match that of the client.
Please stop the service with [ACTIONABLE]state-svc stop[/RESET] and try your command again.
If this issue persists please reinstall the State Tool.

[DEBUG Aug  2 07:37:34.104051828, errs.go:68] Created error: no data
[DEBUG Aug  2 07:37:34.104077937, errs.go:68] Created error: member not found
[DEBUG Aug  2 07:37:34.104120364, errs.go:68] Created error: Commit count is unknowable
[DEBUG Aug  2 07:37:34.104152704, errs.go:68] Created error: No merge required
[DEBUG Aug  2 07:37:34.104180059, errs.go:68] Created error: Can't merge commit thats already in target commits history
[DEBUG Aug  2 07:37:34.104205699, errs.go:68] Created error: Bad expander name
[DEBUG Aug  2 07:37:34.104229472, errs.go:68] Created error: Expander has no handler
[DEBUG Aug  2 07:37:34.105391714, errs.go:68] Created error: Service is already running
[DEBUG Aug  2 07:37:34.136341858, secrets.go:35] Gcloud Secretmanager failed to initialize (ignore if you're not trying to use gcloud): google: could not find default credentials. See https://developers.google.com/accounts/docs/application-default-credentials for more information.
[DEBUG Aug  2 07:37:34.141483042, output.go:53] Requested outputer for 
[DEBUG Aug  2 07:37:34.141510184, output.go:58] Using Plain outputer
[DEBUG Aug  2 07:37:34.141591157, termutils.go:17] Cannot get terminal size: inappropriate ioctl for device
[DEBUG Aug  2 07:37:34.141686210, client.go:128] Reporting event to 2 reporters: run-command, state-svc start, 
[DEBUG Aug  2 07:37:34.141739738, main.go:107] Running CmdStart
[DEBUG Aug  2 07:37:34.148324986, errs.go:75] Wrapped error: Service is already running -- with: valueF failed
[DEBUG Aug  2 07:37:34.148397719, errs.go:75] Wrapped error: valueF failed -- with: Could not store pid
[DEBUG Aug  2 07:37:34.148477796, errors.go:113] Wrapped input error: Could not store pid -- with: A State Service instance is already running in the background.
[DEBUG Aug  2 07:37:34.148493812, errs.go:75] Wrapped error: A State Service instance is already running in the background. -- with: Could not start serviceManager
[DEBUG Aug  2 07:37:34.184685635, client.go:128] Reporting event to 2 reporters: command-exit, state-svc start, 1
[DEBUG Aug  2 07:37:34.561071018, errs.go:75] Wrapped error: <nil> -- with: Could not start serviceManager: A State Service instance is already running in the background.: Could not store pid: valueF failed: Service is already running
[DEBUG Aug  2 07:37:34.561151607, main.go:61] state-svc errored out due to input: Could not start serviceManager: A State Service instance is already running in the background.: Could not store pid: valueF failed: Service is already running
