[DEBUG Aug  2 07:44:11.940810891, defaults.go:273] Args: [/home1/wangfeim/.local/ActiveState/StateTool/release/bin/state-svc start]
[DEBUG Aug  2 07:44:11.989089321, locale.go:38] Init
[DEBUG Aug  2 07:44:12.031324725, errs.go:68] Created error: File could not be found
[DEBUG Aug  2 07:44:12.034434374, errs.go:68] Created error: Not Recognized
[DEBUG Aug  2 07:44:12.100094767, errs.go:68] Created error: Secret not found
[DEBUG Aug  2 07:44:12.100143241, errs.go:68] Created error: Could not save keypair
[DEBUG Aug  2 07:44:12.100334742, errs.go:68] Created error: Build responded with error
[DEBUG Aug  2 07:44:12.100371786, errs.go:68] Created error: Unknown build type
[DEBUG Aug  2 07:44:12.100478495, errors.go:86] Wrapped localized error: <nil> -- with: The installed version of the State Tool Service does not match that of the client.
Please stop the service with [ACTIONABLE]state-svc stop[/RESET] and try your command again.
If this issue persists please reinstall the State Tool.

[DEBUG Aug  2 07:44:12.100491077, errs.go:68] Created error: no data
[DEBUG Aug  2 07:44:12.100514148, errs.go:68] Created error: member not found
[DEBUG Aug  2 07:44:12.100535736, errs.go:68] Created error: Commit count is unknowable
[DEBUG Aug  2 07:44:12.100565260, errs.go:68] Created error: No merge required
[DEBUG Aug  2 07:44:12.100587166, errs.go:68] Created error: Can't merge commit thats already in target commits history
[DEBUG Aug  2 07:44:12.100612503, errs.go:68] Created error: Bad expander name
[DEBUG Aug  2 07:44:12.100632734, errs.go:68] Created error: Expander has no handler
[DEBUG Aug  2 07:44:12.102976027, errs.go:68] Created error: Service is already running
[DEBUG Aug  2 07:44:12.127191228, secrets.go:35] Gcloud Secretmanager failed to initialize (ignore if you're not trying to use gcloud): google: could not find default credentials. See https://developers.google.com/accounts/docs/application-default-credentials for more information.
[DEBUG Aug  2 07:44:12.132582455, output.go:53] Requested outputer for 
[DEBUG Aug  2 07:44:12.132623404, output.go:58] Using Plain outputer
[DEBUG Aug  2 07:44:12.132713681, termutils.go:17] Cannot get terminal size: inappropriate ioctl for device
[DEBUG Aug  2 07:44:12.132805815, client.go:128] Reporting event to 2 reporters: run-command, state-svc start, 
[DEBUG Aug  2 07:44:12.132946189, main.go:107] Running CmdStart
[DEBUG Aug  2 07:44:12.138505105, errs.go:75] Wrapped error: Service is already running -- with: valueF failed
[DEBUG Aug  2 07:44:12.138563871, errs.go:75] Wrapped error: valueF failed -- with: Could not store pid
[DEBUG Aug  2 07:44:12.138635836, errors.go:113] Wrapped input error: Could not store pid -- with: A State Service instance is already running in the background.
[DEBUG Aug  2 07:44:12.138649267, errs.go:75] Wrapped error: A State Service instance is already running in the background. -- with: Could not start serviceManager
[DEBUG Aug  2 07:44:12.138743437, client.go:128] Reporting event to 2 reporters: command-exit, state-svc start, 1
[DEBUG Aug  2 07:44:12.489933914, errs.go:75] Wrapped error: <nil> -- with: Could not start serviceManager: A State Service instance is already running in the background.: Could not store pid: valueF failed: Service is already running
[DEBUG Aug  2 07:44:12.490032601, main.go:61] state-svc errored out due to input: Could not start serviceManager: A State Service instance is already running in the background.: Could not store pid: valueF failed: Service is already running
