[DEBUG Aug  2 08:17:47.288591573, defaults.go:273] Args: [/home1/wangfeim/.local/ActiveState/StateTool/release/bin/state-svc start]
[DEBUG Aug  2 08:17:47.302096797, locale.go:38] Init
[DEBUG Aug  2 08:17:47.346310727, errs.go:68] Created error: File could not be found
[DEBUG Aug  2 08:17:47.349584807, errs.go:68] Created error: Not Recognized
[DEBUG Aug  2 08:17:47.399450062, errs.go:68] Created error: Secret not found
[DEBUG Aug  2 08:17:47.399498233, errs.go:68] Created error: Could not save keypair
[DEBUG Aug  2 08:17:47.399657335, errs.go:68] Created error: Build responded with error
[DEBUG Aug  2 08:17:47.399684388, errs.go:68] Created error: Unknown build type
[DEBUG Aug  2 08:17:47.399784539, errors.go:86] Wrapped localized error: <nil> -- with: The installed version of the State Tool Service does not match that of the client.
Please stop the service with [ACTIONABLE]state-svc stop[/RESET] and try your command again.
If this issue persists please reinstall the State Tool.

[DEBUG Aug  2 08:17:47.399797082, errs.go:68] Created error: no data
[DEBUG Aug  2 08:17:47.399819746, errs.go:68] Created error: member not found
[DEBUG Aug  2 08:17:47.399840040, errs.go:68] Created error: Commit count is unknowable
[DEBUG Aug  2 08:17:47.399860935, errs.go:68] Created error: No merge required
[DEBUG Aug  2 08:17:47.399883452, errs.go:68] Created error: Can't merge commit thats already in target commits history
[DEBUG Aug  2 08:17:47.399905327, errs.go:68] Created error: Bad expander name
[DEBUG Aug  2 08:17:47.399931511, errs.go:68] Created error: Expander has no handler
[DEBUG Aug  2 08:17:47.401244742, errs.go:68] Created error: Service is already running
[DEBUG Aug  2 08:17:47.426494794, secrets.go:35] Gcloud Secretmanager failed to initialize (ignore if you're not trying to use gcloud): google: could not find default credentials. See https://developers.google.com/accounts/docs/application-default-credentials for more information.
[DEBUG Aug  2 08:17:47.431604975, output.go:53] Requested outputer for 
[DEBUG Aug  2 08:17:47.431668497, output.go:58] Using Plain outputer
[DEBUG Aug  2 08:17:47.431830376, termutils.go:17] Cannot get terminal size: inappropriate ioctl for device
[DEBUG Aug  2 08:17:47.431967644, client.go:128] Reporting event to 2 reporters: run-command, state-svc start, 
[DEBUG Aug  2 08:17:47.432042491, main.go:107] Running CmdStart
[DEBUG Aug  2 08:17:47.437974109, errs.go:75] Wrapped error: Service is already running -- with: valueF failed
[DEBUG Aug  2 08:17:47.438032761, errs.go:75] Wrapped error: valueF failed -- with: Could not store pid
[DEBUG Aug  2 08:17:47.438106003, errors.go:113] Wrapped input error: Could not store pid -- with: A State Service instance is already running in the background.
[DEBUG Aug  2 08:17:47.438119588, errs.go:75] Wrapped error: A State Service instance is already running in the background. -- with: Could not start serviceManager
[DEBUG Aug  2 08:17:47.438181945, client.go:128] Reporting event to 2 reporters: command-exit, state-svc start, 1
[DEBUG Aug  2 08:17:47.786115057, errs.go:75] Wrapped error: <nil> -- with: Could not start serviceManager: A State Service instance is already running in the background.: Could not store pid: valueF failed: Service is already running
[DEBUG Aug  2 08:17:47.786185639, main.go:61] state-svc errored out due to input: Could not start serviceManager: A State Service instance is already running in the background.: Could not store pid: valueF failed: Service is already running
