[DEBUG Sep 17 12:21:04.266182523, defaults.go:273] Args: [/home1/wangfeim/.local/ActiveState/StateTool/release/bin/state-svc foreground]
[DEBUG Sep 17 12:21:04.278835807, locale.go:38] Init
[DEBUG Sep 17 12:21:04.311781967, errs.go:68] Created error: File could not be found
[DEBUG Sep 17 12:21:04.314491369, errs.go:68] Created error: Not Recognized
[DEBUG Sep 17 12:21:04.335959513, errs.go:68] Created error: Secret not found
[DEBUG Sep 17 12:21:04.336024430, errs.go:68] Created error: Could not save keypair
[DEBUG Sep 17 12:21:04.336209287, errs.go:68] Created error: Build responded with error
[DEBUG Sep 17 12:21:04.336242523, errs.go:68] Created error: Unknown build type
[DEBUG Sep 17 12:21:04.336349724, errors.go:86] Wrapped localized error: <nil> -- with: The installed version of the State Tool Service does not match that of the client.
Please stop the service with [ACTIONABLE]state-svc stop[/RESET] and try your command again.
If this issue persists please reinstall the State Tool.

[DEBUG Sep 17 12:21:04.336364057, errs.go:68] Created error: no data
[DEBUG Sep 17 12:21:04.336384517, errs.go:68] Created error: member not found
[DEBUG Sep 17 12:21:04.336403936, errs.go:68] Created error: Commit count is unknowable
[DEBUG Sep 17 12:21:04.336422751, errs.go:68] Created error: No merge required
[DEBUG Sep 17 12:21:04.336441270, errs.go:68] Created error: Can't merge commit thats already in target commits history
[DEBUG Sep 17 12:21:04.336462155, errs.go:68] Created error: Bad expander name
[DEBUG Sep 17 12:21:04.336481223, errs.go:68] Created error: Expander has no handler
[DEBUG Sep 17 12:21:04.337800337, errs.go:68] Created error: Service is already running
[DEBUG Sep 17 12:21:04.371718528, secrets.go:35] Gcloud Secretmanager failed to initialize (ignore if you're not trying to use gcloud): google: could not find default credentials. See https://developers.google.com/accounts/docs/application-default-credentials for more information.
[DEBUG Sep 17 12:21:04.377521079, output.go:53] Requested outputer for 
[DEBUG Sep 17 12:21:04.377541622, output.go:58] Using Plain outputer
[DEBUG Sep 17 12:21:04.377654779, termutils.go:17] Cannot get terminal size: inappropriate ioctl for device
[DEBUG Sep 17 12:21:04.377788127, main.go:137] Running CmdForeground
[DEBUG Sep 17 12:21:04.377803165, main.go:147] Running in Foreground
[DEBUG Sep 17 12:21:04.377840676, client.go:128] Reporting event to 2 reporters: run-command, state-svc foreground, 
[DEBUG Sep 17 12:21:04.378088619, service.go:30] service:Start
[DEBUG Sep 17 12:21:04.384489933, service.go:42] Server starting on port: 44500
[DEBUG Sep 17 12:21:04.384555986, client.go:128] Reporting event to 2 reporters: state-svc, start, 
[DEBUG Sep 17 12:22:04.385584480, watcher.go:72] Checking for runtime processes
[DEBUG Sep 17 12:23:04.385384660, watcher.go:72] Checking for runtime processes
[DEBUG Sep 17 12:24:04.386096613, watcher.go:72] Checking for runtime processes
[DEBUG Sep 17 12:25:04.385529717, watcher.go:72] Checking for runtime processes
[DEBUG Sep 17 12:26:04.385601672, watcher.go:72] Checking for runtime processes
[DEBUG Sep 17 12:27:04.385530354, watcher.go:72] Checking for runtime processes
[DEBUG Sep 17 12:28:04.385222163, watcher.go:72] Checking for runtime processes
[DEBUG Sep 17 12:29:04.385560336, watcher.go:72] Checking for runtime processes
[DEBUG Sep 17 12:30:04.385624223, watcher.go:72] Checking for runtime processes
[DEBUG Sep 17 12:31:04.385800053, watcher.go:72] Checking for runtime processes
[DEBUG Sep 17 12:32:04.385400117, watcher.go:72] Checking for runtime processes
[DEBUG Sep 17 12:33:04.385255846, watcher.go:72] Checking for runtime processes
[DEBUG Sep 17 12:34:04.384928806, watcher.go:72] Checking for runtime processes
[DEBUG Sep 17 12:35:04.385332057, watcher.go:72] Checking for runtime processes
[DEBUG Sep 17 12:36:04.384870343, watcher.go:72] Checking for runtime processes
[DEBUG Sep 17 12:37:04.385242486, watcher.go:72] Checking for runtime processes
[DEBUG Sep 17 12:38:04.385611284, watcher.go:72] Checking for runtime processes
[DEBUG Sep 17 12:39:04.385607976, watcher.go:72] Checking for runtime processes
[DEBUG Sep 17 12:40:04.385260731, watcher.go:72] Checking for runtime processes
[DEBUG Sep 17 12:41:04.385172492, watcher.go:72] Checking for runtime processes
[DEBUG Sep 17 12:42:04.385257709, watcher.go:72] Checking for runtime processes
[DEBUG Sep 17 12:43:04.385502962, watcher.go:72] Checking for runtime processes
[DEBUG Sep 17 12:44:04.385332047, watcher.go:72] Checking for runtime processes
[DEBUG Sep 17 12:45:04.385212484, watcher.go:72] Checking for runtime processes
[DEBUG Sep 17 12:46:04.385549808, watcher.go:72] Checking for runtime processes
[DEBUG Sep 17 12:47:04.385456925, watcher.go:72] Checking for runtime processes
[DEBUG Sep 17 12:48:04.385401347, watcher.go:72] Checking for runtime processes
[DEBUG Sep 17 12:49:04.385001608, watcher.go:72] Checking for runtime processes
[DEBUG Sep 17 12:50:04.385560109, watcher.go:72] Checking for runtime processes
[DEBUG Sep 17 12:51:04.385259574, watcher.go:72] Checking for runtime processes
[DEBUG Sep 17 12:52:04.385895561, watcher.go:72] Checking for runtime processes
[DEBUG Sep 17 12:53:04.385527079, watcher.go:72] Checking for runtime processes
[DEBUG Sep 17 12:54:04.385172121, watcher.go:72] Checking for runtime processes
[DEBUG Sep 17 12:55:04.385681728, watcher.go:72] Checking for runtime processes
[DEBUG Sep 17 12:56:04.385445108, watcher.go:72] Checking for runtime processes
[DEBUG Sep 17 12:57:04.385744200, watcher.go:72] Checking for runtime processes
[DEBUG Sep 17 12:58:04.385168579, watcher.go:72] Checking for runtime processes
[DEBUG Sep 17 12:59:04.385434794, watcher.go:72] Checking for runtime processes
[DEBUG Sep 17 13:00:04.385318499, watcher.go:72] Checking for runtime processes
[DEBUG Sep 17 13:01:04.385467823, watcher.go:72] Checking for runtime processes
[DEBUG Sep 17 13:02:04.385369021, watcher.go:72] Checking for runtime processes
[DEBUG Sep 17 13:03:04.385228128, watcher.go:72] Checking for runtime processes
[DEBUG Sep 17 13:04:04.385093365, watcher.go:72] Checking for runtime processes
[DEBUG Sep 17 13:05:04.385155667, watcher.go:72] Checking for runtime processes
[DEBUG Sep 17 13:06:04.384834588, watcher.go:72] Checking for runtime processes
[DEBUG Sep 17 13:07:04.385369541, watcher.go:72] Checking for runtime processes
[DEBUG Sep 17 13:08:04.385223623, watcher.go:72] Checking for runtime processes
[DEBUG Sep 17 13:09:04.385547402, watcher.go:72] Checking for runtime processes
[DEBUG Sep 17 13:10:04.385458933, watcher.go:72] Checking for runtime processes
[DEBUG Sep 17 13:11:04.385552687, watcher.go:72] Checking for runtime processes
[DEBUG Sep 17 13:12:04.385330622, watcher.go:72] Checking for runtime processes
[DEBUG Sep 17 13:13:04.385601284, watcher.go:72] Checking for runtime processes
[DEBUG Sep 17 13:14:04.385670292, watcher.go:72] Checking for runtime processes
[DEBUG Sep 17 13:15:04.385212264, watcher.go:72] Checking for runtime processes
[DEBUG Sep 17 13:16:04.385578252, watcher.go:72] Checking for runtime processes
[DEBUG Sep 17 13:17:04.385159072, watcher.go:72] Checking for runtime processes
[DEBUG Sep 17 13:18:04.385151350, watcher.go:72] Checking for runtime processes
[DEBUG Sep 17 13:19:04.384922209, watcher.go:72] Checking for runtime processes
[DEBUG Sep 17 13:20:04.385223671, watcher.go:72] Checking for runtime processes
[DEBUG Sep 17 13:21:04.384822242, watcher.go:72] Checking for runtime processes
[DEBUG Sep 17 13:22:04.385225713, watcher.go:72] Checking for runtime processes
[DEBUG Sep 17 13:23:04.385608839, watcher.go:72] Checking for runtime processes
[DEBUG Sep 17 13:24:04.385567173, watcher.go:72] Checking for runtime processes
[DEBUG Sep 17 13:25:04.385391191, watcher.go:72] Checking for runtime processes
[DEBUG Sep 17 13:26:04.385536379, watcher.go:72] Checking for runtime processes
[DEBUG Sep 17 13:27:04.385299537, watcher.go:72] Checking for runtime processes
[DEBUG Sep 17 13:28:04.385219731, watcher.go:72] Checking for runtime processes
[DEBUG Sep 17 13:29:04.385501089, watcher.go:72] Checking for runtime processes
[DEBUG Sep 17 13:30:04.385525063, watcher.go:72] Checking for runtime processes
[DEBUG Sep 17 13:31:04.385388087, watcher.go:72] Checking for runtime processes
[DEBUG Sep 17 13:32:04.385635756, watcher.go:72] Checking for runtime processes
[DEBUG Sep 17 13:33:04.385465883, watcher.go:72] Checking for runtime processes
[DEBUG Sep 17 13:34:04.384827428, watcher.go:72] Checking for runtime processes
[DEBUG Sep 17 13:35:04.385399648, watcher.go:72] Checking for runtime processes
[DEBUG Sep 17 13:36:04.384968719, watcher.go:72] Checking for runtime processes
[DEBUG Sep 17 13:37:04.385572405, watcher.go:72] Checking for runtime processes
[DEBUG Sep 17 13:38:04.385610459, watcher.go:72] Checking for runtime processes
[DEBUG Sep 17 13:39:04.385440360, watcher.go:72] Checking for runtime processes
[DEBUG Sep 17 13:40:04.385159953, watcher.go:72] Checking for runtime processes
[DEBUG Sep 17 13:41:04.385421172, watcher.go:72] Checking for runtime processes
[DEBUG Sep 17 13:42:04.385284953, watcher.go:72] Checking for runtime processes
[DEBUG Sep 17 13:43:04.385204879, watcher.go:72] Checking for runtime processes
[DEBUG Sep 17 13:44:04.385374475, watcher.go:72] Checking for runtime processes
[DEBUG Sep 17 13:45:04.385399858, watcher.go:72] Checking for runtime processes
[DEBUG Sep 17 13:46:04.385278493, watcher.go:72] Checking for runtime processes
[DEBUG Sep 17 13:47:04.384777040, watcher.go:72] Checking for runtime processes
[DEBUG Sep 17 13:48:04.385433751, watcher.go:72] Checking for runtime processes
[DEBUG Sep 17 13:49:04.384829212, watcher.go:72] Checking for runtime processes
[DEBUG Sep 17 13:50:04.385271036, watcher.go:72] Checking for runtime processes
[DEBUG Sep 17 13:51:04.384916387, watcher.go:72] Checking for runtime processes
[DEBUG Sep 17 13:52:04.385444634, watcher.go:72] Checking for runtime processes
[DEBUG Sep 17 13:53:04.385347002, watcher.go:72] Checking for runtime processes
[DEBUG Sep 17 13:54:04.385674369, watcher.go:72] Checking for runtime processes
[DEBUG Sep 17 13:55:04.385609842, watcher.go:72] Checking for runtime processes
[DEBUG Sep 17 13:56:04.385259647, watcher.go:72] Checking for runtime processes
[DEBUG Sep 17 13:57:04.385181356, watcher.go:72] Checking for runtime processes
[DEBUG Sep 17 13:58:04.385267213, watcher.go:72] Checking for runtime processes
[DEBUG Sep 17 13:59:04.385210624, watcher.go:72] Checking for runtime processes
[DEBUG Sep 17 14:00:04.385575879, watcher.go:72] Checking for runtime processes
[DEBUG Sep 17 14:01:04.385350665, watcher.go:72] Checking for runtime processes
[DEBUG Sep 17 14:02:04.385217707, watcher.go:72] Checking for runtime processes
[DEBUG Sep 17 14:03:04.385743131, watcher.go:72] Checking for runtime processes
[DEBUG Sep 17 14:04:04.385240543, watcher.go:72] Checking for runtime processes
[DEBUG Sep 17 14:05:04.385301061, watcher.go:72] Checking for runtime processes
[DEBUG Sep 17 14:06:04.385025068, watcher.go:72] Checking for runtime processes
[DEBUG Sep 17 14:07:04.385451636, watcher.go:72] Checking for runtime processes
[DEBUG Sep 17 14:08:04.385479100, watcher.go:72] Checking for runtime processes
[DEBUG Sep 17 14:09:04.385330707, watcher.go:72] Checking for runtime processes
[DEBUG Sep 17 14:10:04.385389338, watcher.go:72] Checking for runtime processes
[DEBUG Sep 17 14:11:04.385155939, watcher.go:72] Checking for runtime processes
[DEBUG Sep 17 14:12:04.385196925, watcher.go:72] Checking for runtime processes
[DEBUG Sep 17 14:13:04.385428577, watcher.go:72] Checking for runtime processes
[DEBUG Sep 17 14:14:04.385274489, watcher.go:72] Checking for runtime processes
[DEBUG Sep 17 14:15:04.385888263, watcher.go:72] Checking for runtime processes
[DEBUG Sep 17 14:16:04.385745737, watcher.go:72] Checking for runtime processes
[DEBUG Sep 17 14:17:04.385483165, watcher.go:72] Checking for runtime processes
[DEBUG Sep 17 14:18:04.385603547, watcher.go:72] Checking for runtime processes
[DEBUG Sep 17 14:19:04.384839175, watcher.go:72] Checking for runtime processes
[DEBUG Sep 17 14:20:04.385684419, watcher.go:72] Checking for runtime processes
[DEBUG Sep 17 14:21:04.384817073, watcher.go:72] Checking for runtime processes
[DEBUG Sep 17 14:22:04.385219771, watcher.go:72] Checking for runtime processes
[DEBUG Sep 17 14:23:04.385843277, watcher.go:72] Checking for runtime processes
[DEBUG Sep 17 14:24:04.385418223, watcher.go:72] Checking for runtime processes
[DEBUG Sep 17 14:25:04.385402262, watcher.go:72] Checking for runtime processes
[DEBUG Sep 17 14:26:04.385290778, watcher.go:72] Checking for runtime processes
[DEBUG Sep 17 14:27:04.385275554, watcher.go:72] Checking for runtime processes
[DEBUG Sep 17 14:28:04.385418305, watcher.go:72] Checking for runtime processes
[DEBUG Sep 17 14:29:04.385430384, watcher.go:72] Checking for runtime processes
[DEBUG Sep 17 14:30:04.385286435, watcher.go:72] Checking for runtime processes
[DEBUG Sep 17 14:31:04.385501892, watcher.go:72] Checking for runtime processes
[DEBUG Sep 17 14:32:04.385287647, watcher.go:72] Checking for runtime processes
[DEBUG Sep 17 14:33:04.385274114, watcher.go:72] Checking for runtime processes
[DEBUG Sep 17 14:34:04.384833868, watcher.go:72] Checking for runtime processes
[DEBUG Sep 17 14:35:04.385232149, watcher.go:72] Checking for runtime processes
[DEBUG Sep 17 14:36:04.384833936, watcher.go:72] Checking for runtime processes
[DEBUG Sep 17 14:37:04.385426371, watcher.go:72] Checking for runtime processes
[DEBUG Sep 17 14:38:04.385530979, watcher.go:72] Checking for runtime processes
[DEBUG Sep 17 14:39:04.385598471, watcher.go:72] Checking for runtime processes
[DEBUG Sep 17 14:40:04.385163290, watcher.go:72] Checking for runtime processes
[DEBUG Sep 17 14:41:04.385760541, watcher.go:72] Checking for runtime processes
[DEBUG Sep 17 14:42:04.385373274, watcher.go:72] Checking for runtime processes
[DEBUG Sep 17 14:43:04.385193093, watcher.go:72] Checking for runtime processes
[DEBUG Sep 17 14:44:04.385197153, watcher.go:72] Checking for runtime processes
[DEBUG Sep 17 14:45:04.385620873, watcher.go:72] Checking for runtime processes
[DEBUG Sep 17 14:46:04.385275613, watcher.go:72] Checking for runtime processes
[DEBUG Sep 17 14:47:04.385464255, watcher.go:72] Checking for runtime processes
[DEBUG Sep 17 14:48:04.385246420, watcher.go:72] Checking for runtime processes
[DEBUG Sep 17 14:49:04.384827730, watcher.go:72] Checking for runtime processes
[DEBUG Sep 17 14:50:04.385729769, watcher.go:72] Checking for runtime processes
[DEBUG Sep 17 14:51:04.385014131, watcher.go:72] Checking for runtime processes
[DEBUG Sep 17 14:52:04.385729095, watcher.go:72] Checking for runtime processes
[DEBUG Sep 17 14:53:04.385297776, watcher.go:72] Checking for runtime processes
[DEBUG Sep 17 14:54:04.385523691, watcher.go:72] Checking for runtime processes
[DEBUG Sep 17 14:55:04.385441786, watcher.go:72] Checking for runtime processes
[DEBUG Sep 17 14:56:04.385453779, watcher.go:72] Checking for runtime processes
[DEBUG Sep 17 14:57:04.385406248, watcher.go:72] Checking for runtime processes
[DEBUG Sep 17 14:58:04.385292858, watcher.go:72] Checking for runtime processes
[DEBUG Sep 17 14:59:04.385595301, watcher.go:72] Checking for runtime processes
[DEBUG Sep 17 15:00:04.385794482, watcher.go:72] Checking for runtime processes
[DEBUG Sep 17 15:01:04.385782122, watcher.go:72] Checking for runtime processes
[DEBUG Sep 17 15:02:04.385165290, watcher.go:72] Checking for runtime processes
[DEBUG Sep 17 15:03:04.385296060, watcher.go:72] Checking for runtime processes
[DEBUG Sep 17 15:04:04.384903885, watcher.go:72] Checking for runtime processes
[DEBUG Sep 17 15:05:04.385588312, watcher.go:72] Checking for runtime processes
[DEBUG Sep 17 15:06:04.384831353, watcher.go:72] Checking for runtime processes
[DEBUG Sep 17 15:07:04.385522919, watcher.go:72] Checking for runtime processes
[DEBUG Sep 17 15:08:04.385444471, watcher.go:72] Checking for runtime processes
[DEBUG Sep 17 15:09:04.385417533, watcher.go:72] Checking for runtime processes
[DEBUG Sep 17 15:10:04.385628672, watcher.go:72] Checking for runtime processes
[DEBUG Sep 17 15:11:04.385491964, watcher.go:72] Checking for runtime processes
[DEBUG Sep 17 15:12:04.385592200, watcher.go:72] Checking for runtime processes
[DEBUG Sep 17 15:13:04.385278642, watcher.go:72] Checking for runtime processes
[DEBUG Sep 17 15:14:04.385679841, watcher.go:72] Checking for runtime processes
[DEBUG Sep 17 15:15:04.385678250, watcher.go:72] Checking for runtime processes
[DEBUG Sep 17 15:16:04.385325624, watcher.go:72] Checking for runtime processes
[DEBUG Sep 17 15:17:04.385159192, watcher.go:72] Checking for runtime processes
[DEBUG Sep 17 15:18:04.385778059, watcher.go:72] Checking for runtime processes
[DEBUG Sep 17 15:19:04.384854683, watcher.go:72] Checking for runtime processes
[DEBUG Sep 17 15:20:04.385259577, watcher.go:72] Checking for runtime processes
[DEBUG Sep 17 15:21:04.385258432, watcher.go:72] Checking for runtime processes
[DEBUG Sep 17 15:22:04.385556543, watcher.go:72] Checking for runtime processes
[DEBUG Sep 17 15:23:04.385397157, watcher.go:72] Checking for runtime processes
[DEBUG Sep 17 15:24:04.385506066, watcher.go:72] Checking for runtime processes
[DEBUG Sep 17 15:25:04.385576795, watcher.go:72] Checking for runtime processes
[DEBUG Sep 17 15:26:04.385202642, watcher.go:72] Checking for runtime processes
[DEBUG Sep 17 15:27:04.385233216, watcher.go:72] Checking for runtime processes
[DEBUG Sep 17 15:28:04.385509471, watcher.go:72] Checking for runtime processes
[DEBUG Sep 17 15:29:04.384844531, watcher.go:72] Checking for runtime processes
[DEBUG Sep 17 15:30:04.385840913, watcher.go:72] Checking for runtime processes
[DEBUG Sep 17 15:31:04.385762688, watcher.go:72] Checking for runtime processes
[DEBUG Sep 17 15:32:04.385286668, watcher.go:72] Checking for runtime processes
[DEBUG Sep 17 15:33:04.385580360, watcher.go:72] Checking for runtime processes
[DEBUG Sep 17 15:34:04.384833324, watcher.go:72] Checking for runtime processes
[DEBUG Sep 17 15:35:04.385540414, watcher.go:72] Checking for runtime processes
[DEBUG Sep 17 15:36:04.384837755, watcher.go:72] Checking for runtime processes
[DEBUG Sep 17 15:37:04.385587370, watcher.go:72] Checking for runtime processes
[DEBUG Sep 17 15:38:04.385153056, watcher.go:72] Checking for runtime processes
[DEBUG Sep 17 15:39:04.385207546, watcher.go:72] Checking for runtime processes
[DEBUG Sep 17 15:40:04.385376950, watcher.go:72] Checking for runtime processes
[DEBUG Sep 17 15:41:04.385491931, watcher.go:72] Checking for runtime processes
[DEBUG Sep 17 15:42:04.385160219, watcher.go:72] Checking for runtime processes
[DEBUG Sep 17 15:43:04.385454991, watcher.go:72] Checking for runtime processes
[DEBUG Sep 17 15:44:04.385480082, watcher.go:72] Checking for runtime processes
[DEBUG Sep 17 15:45:04.385174063, watcher.go:72] Checking for runtime processes
[DEBUG Sep 17 15:46:04.385164124, watcher.go:72] Checking for runtime processes
[DEBUG Sep 17 15:47:04.385159560, watcher.go:72] Checking for runtime processes
[DEBUG Sep 17 15:48:04.385186028, watcher.go:72] Checking for runtime processes
[DEBUG Sep 17 15:49:04.384840230, watcher.go:72] Checking for runtime processes
[DEBUG Sep 17 15:50:04.385158225, watcher.go:72] Checking for runtime processes
[DEBUG Sep 17 15:51:04.384836741, watcher.go:72] Checking for runtime processes
[DEBUG Sep 17 15:52:04.385165820, watcher.go:72] Checking for runtime processes
[DEBUG Sep 17 15:53:04.385173522, watcher.go:72] Checking for runtime processes
[DEBUG Sep 17 15:54:04.385176211, watcher.go:72] Checking for runtime processes
[DEBUG Sep 17 15:55:04.385172890, watcher.go:72] Checking for runtime processes
[DEBUG Sep 17 15:56:04.385179057, watcher.go:72] Checking for runtime processes
[DEBUG Sep 17 15:57:04.385159538, watcher.go:72] Checking for runtime processes
[DEBUG Sep 17 15:58:04.385175229, watcher.go:72] Checking for runtime processes
[DEBUG Sep 17 15:59:04.385161014, watcher.go:72] Checking for runtime processes
[DEBUG Sep 17 16:00:04.385163353, watcher.go:72] Checking for runtime processes
[DEBUG Sep 17 16:01:04.385174891, watcher.go:72] Checking for runtime processes
[DEBUG Sep 17 16:02:04.385157738, watcher.go:72] Checking for runtime processes
[DEBUG Sep 17 16:03:04.385158004, watcher.go:72] Checking for runtime processes
[DEBUG Sep 17 16:04:04.384840159, watcher.go:72] Checking for runtime processes
[DEBUG Sep 17 16:05:04.385171196, watcher.go:72] Checking for runtime processes
[DEBUG Sep 17 16:06:04.384835864, watcher.go:72] Checking for runtime processes
[DEBUG Sep 17 16:07:04.385160559, watcher.go:72] Checking for runtime processes
[DEBUG Sep 17 16:08:04.385159342, watcher.go:72] Checking for runtime processes
[DEBUG Sep 17 16:09:04.385164415, watcher.go:72] Checking for runtime processes
[DEBUG Sep 17 16:10:04.385160053, watcher.go:72] Checking for runtime processes
[DEBUG Sep 17 16:11:04.385164859, watcher.go:72] Checking for runtime processes
[DEBUG Sep 17 16:12:04.385161068, watcher.go:72] Checking for runtime processes
[DEBUG Sep 17 16:13:04.385177516, watcher.go:72] Checking for runtime processes
[DEBUG Sep 17 16:14:04.385162319, watcher.go:72] Checking for runtime processes
[DEBUG Sep 17 16:15:04.385177624, watcher.go:72] Checking for runtime processes
[DEBUG Sep 17 16:16:04.385171941, watcher.go:72] Checking for runtime processes
[DEBUG Sep 17 16:17:04.385153222, watcher.go:72] Checking for runtime processes
[DEBUG Sep 17 16:18:04.385163218, watcher.go:72] Checking for runtime processes
[DEBUG Sep 17 16:19:04.384839712, watcher.go:72] Checking for runtime processes
[DEBUG Sep 17 16:20:04.385158323, watcher.go:72] Checking for runtime processes
[DEBUG Sep 17 16:21:04.384825765, watcher.go:72] Checking for runtime processes
[DEBUG Sep 17 16:22:04.385179299, watcher.go:72] Checking for runtime processes
[DEBUG Sep 17 16:23:04.385173819, watcher.go:72] Checking for runtime processes
[DEBUG Sep 17 16:24:04.385495314, watcher.go:72] Checking for runtime processes
[DEBUG Sep 17 16:25:04.385173230, watcher.go:72] Checking for runtime processes
[DEBUG Sep 17 16:26:04.385168020, watcher.go:72] Checking for runtime processes
[DEBUG Sep 17 16:27:04.385537908, watcher.go:72] Checking for runtime processes
[DEBUG Sep 17 16:28:04.385165466, watcher.go:72] Checking for runtime processes
[DEBUG Sep 17 16:29:04.385160836, watcher.go:72] Checking for runtime processes
[DEBUG Sep 17 16:30:04.385178263, watcher.go:72] Checking for runtime processes
[DEBUG Sep 17 16:31:04.385175052, watcher.go:72] Checking for runtime processes
[DEBUG Sep 17 16:32:04.385149963, watcher.go:72] Checking for runtime processes
[DEBUG Sep 17 16:33:04.385173613, watcher.go:72] Checking for runtime processes
[DEBUG Sep 17 16:34:04.384841095, watcher.go:72] Checking for runtime processes
[DEBUG Sep 17 16:35:04.385170919, watcher.go:72] Checking for runtime processes
[DEBUG Sep 17 16:36:04.384839488, watcher.go:72] Checking for runtime processes
[DEBUG Sep 17 16:37:04.385182824, watcher.go:72] Checking for runtime processes
[DEBUG Sep 17 16:38:04.385165067, watcher.go:72] Checking for runtime processes
[DEBUG Sep 17 16:39:04.385194033, watcher.go:72] Checking for runtime processes
[DEBUG Sep 17 16:40:04.385177130, watcher.go:72] Checking for runtime processes
[DEBUG Sep 17 16:41:04.385168667, watcher.go:72] Checking for runtime processes
[DEBUG Sep 17 16:42:04.385164985, watcher.go:72] Checking for runtime processes
[DEBUG Sep 17 16:43:04.385192448, watcher.go:72] Checking for runtime processes
[DEBUG Sep 17 16:44:04.385164996, watcher.go:72] Checking for runtime processes
[DEBUG Sep 17 16:45:04.385176919, watcher.go:72] Checking for runtime processes
[DEBUG Sep 17 16:46:04.385166724, watcher.go:72] Checking for runtime processes
[DEBUG Sep 17 16:47:04.385164452, watcher.go:72] Checking for runtime processes
[DEBUG Sep 17 16:48:04.385179642, watcher.go:72] Checking for runtime processes
[DEBUG Sep 17 16:49:04.384841933, watcher.go:72] Checking for runtime processes
[DEBUG Sep 17 16:50:04.385158968, watcher.go:72] Checking for runtime processes
[DEBUG Sep 17 16:51:04.384835491, watcher.go:72] Checking for runtime processes
[DEBUG Sep 17 16:52:04.385175166, watcher.go:72] Checking for runtime processes
[DEBUG Sep 17 16:53:04.385173084, watcher.go:72] Checking for runtime processes
[DEBUG Sep 17 16:54:04.385161277, watcher.go:72] Checking for runtime processes
[DEBUG Sep 17 16:55:04.385175920, watcher.go:72] Checking for runtime processes
[DEBUG Sep 17 16:56:04.385164780, watcher.go:72] Checking for runtime processes
[DEBUG Sep 17 16:57:04.385171685, watcher.go:72] Checking for runtime processes
[DEBUG Sep 17 16:58:04.385179458, watcher.go:72] Checking for runtime processes
[DEBUG Sep 17 16:59:04.385173730, watcher.go:72] Checking for runtime processes
[DEBUG Sep 17 17:00:04.385163516, watcher.go:72] Checking for runtime processes
[DEBUG Sep 17 17:01:04.385164245, watcher.go:72] Checking for runtime processes
[DEBUG Sep 17 17:02:04.385161692, watcher.go:72] Checking for runtime processes
[DEBUG Sep 17 17:03:04.385165674, watcher.go:72] Checking for runtime processes
[DEBUG Sep 17 17:04:04.384839450, watcher.go:72] Checking for runtime processes
[DEBUG Sep 17 17:05:04.385176182, watcher.go:72] Checking for runtime processes
[DEBUG Sep 17 17:06:04.384837561, watcher.go:72] Checking for runtime processes
[DEBUG Sep 17 17:07:04.385165416, watcher.go:72] Checking for runtime processes
[DEBUG Sep 17 17:08:04.385161118, watcher.go:72] Checking for runtime processes
[DEBUG Sep 17 17:09:04.385190184, watcher.go:72] Checking for runtime processes
[DEBUG Sep 17 17:10:04.385161869, watcher.go:72] Checking for runtime processes
[DEBUG Sep 17 17:11:04.385175822, watcher.go:72] Checking for runtime processes
[DEBUG Sep 17 17:12:04.385158572, watcher.go:72] Checking for runtime processes
[DEBUG Sep 17 17:13:04.385162755, watcher.go:72] Checking for runtime processes
[DEBUG Sep 17 17:14:04.385171873, watcher.go:72] Checking for runtime processes
[DEBUG Sep 17 17:15:04.385175322, watcher.go:72] Checking for runtime processes
[DEBUG Sep 17 17:16:04.385172996, watcher.go:72] Checking for runtime processes
[DEBUG Sep 17 17:17:04.385185789, watcher.go:72] Checking for runtime processes
[DEBUG Sep 17 17:18:04.385177872, watcher.go:72] Checking for runtime processes
[DEBUG Sep 17 17:19:04.384842834, watcher.go:72] Checking for runtime processes
[DEBUG Sep 17 17:20:04.385166427, watcher.go:72] Checking for runtime processes
[DEBUG Sep 17 17:21:04.384829301, watcher.go:72] Checking for runtime processes
[DEBUG Sep 17 17:22:04.385179452, watcher.go:72] Checking for runtime processes
[DEBUG Sep 17 17:23:04.385174299, watcher.go:72] Checking for runtime processes
[DEBUG Sep 17 17:24:04.385214547, watcher.go:72] Checking for runtime processes
[DEBUG Sep 17 17:25:04.385163188, watcher.go:72] Checking for runtime processes
[DEBUG Sep 17 17:26:04.385169176, watcher.go:72] Checking for runtime processes
[DEBUG Sep 17 17:27:04.385192097, watcher.go:72] Checking for runtime processes
[DEBUG Sep 17 17:28:04.385177965, watcher.go:72] Checking for runtime processes
[DEBUG Sep 17 17:29:04.385242712, watcher.go:72] Checking for runtime processes
[DEBUG Sep 17 17:30:04.385166182, watcher.go:72] Checking for runtime processes
[DEBUG Sep 17 17:31:04.385162347, watcher.go:72] Checking for runtime processes
[DEBUG Sep 17 17:32:04.385162399, watcher.go:72] Checking for runtime processes
[DEBUG Sep 17 17:33:04.385178271, watcher.go:72] Checking for runtime processes
[DEBUG Sep 17 17:34:04.384841527, watcher.go:72] Checking for runtime processes
[DEBUG Sep 17 17:35:04.385165150, watcher.go:72] Checking for runtime processes
[DEBUG Sep 17 17:36:04.384842674, watcher.go:72] Checking for runtime processes
[DEBUG Sep 17 17:37:04.385176805, watcher.go:72] Checking for runtime processes
[DEBUG Sep 17 17:38:04.385159162, watcher.go:72] Checking for runtime processes
[DEBUG Sep 17 17:39:04.385190919, watcher.go:72] Checking for runtime processes
[DEBUG Sep 17 17:40:04.385166644, watcher.go:72] Checking for runtime processes
[DEBUG Sep 17 17:41:04.385181819, watcher.go:72] Checking for runtime processes
[DEBUG Sep 17 17:42:04.385173330, watcher.go:72] Checking for runtime processes
[DEBUG Sep 17 17:43:04.385180040, watcher.go:72] Checking for runtime processes
[DEBUG Sep 17 17:44:04.385162949, watcher.go:72] Checking for runtime processes
[DEBUG Sep 17 17:45:04.385178754, watcher.go:72] Checking for runtime processes
[DEBUG Sep 17 17:46:04.385158278, watcher.go:72] Checking for runtime processes
[DEBUG Sep 17 17:47:04.385154437, watcher.go:72] Checking for runtime processes
[DEBUG Sep 17 17:48:04.385160199, watcher.go:72] Checking for runtime processes
[DEBUG Sep 17 17:49:04.384841127, watcher.go:72] Checking for runtime processes
[DEBUG Sep 17 17:50:04.385158640, watcher.go:72] Checking for runtime processes
[DEBUG Sep 17 17:51:04.384835748, watcher.go:72] Checking for runtime processes
[DEBUG Sep 17 17:52:04.385166980, watcher.go:72] Checking for runtime processes
[DEBUG Sep 17 17:53:04.385161503, watcher.go:72] Checking for runtime processes
[DEBUG Sep 17 17:54:04.385162120, watcher.go:72] Checking for runtime processes
[DEBUG Sep 17 17:55:04.385175542, watcher.go:72] Checking for runtime processes
[DEBUG Sep 17 17:56:04.385166528, watcher.go:72] Checking for runtime processes
[DEBUG Sep 17 17:57:04.385161432, watcher.go:72] Checking for runtime processes
[DEBUG Sep 17 17:58:04.385166080, watcher.go:72] Checking for runtime processes
[DEBUG Sep 17 17:59:04.385173581, watcher.go:72] Checking for runtime processes
[DEBUG Sep 17 18:00:04.385178367, watcher.go:72] Checking for runtime processes
[DEBUG Sep 17 18:01:04.385162310, watcher.go:72] Checking for runtime processes
[DEBUG Sep 17 18:02:04.385149028, watcher.go:72] Checking for runtime processes
[DEBUG Sep 17 18:03:04.385219096, watcher.go:72] Checking for runtime processes
[DEBUG Sep 17 18:04:04.384875908, watcher.go:72] Checking for runtime processes
[DEBUG Sep 17 18:05:04.385163630, watcher.go:72] Checking for runtime processes
[DEBUG Sep 17 18:06:04.384837538, watcher.go:72] Checking for runtime processes
[DEBUG Sep 17 18:07:04.385186502, watcher.go:72] Checking for runtime processes
[DEBUG Sep 17 18:08:04.385211453, watcher.go:72] Checking for runtime processes
[DEBUG Sep 17 18:09:04.385158920, watcher.go:72] Checking for runtime processes
[DEBUG Sep 17 18:10:04.385158077, watcher.go:72] Checking for runtime processes
[DEBUG Sep 17 18:11:04.385163062, watcher.go:72] Checking for runtime processes
[DEBUG Sep 17 18:12:04.385157636, watcher.go:72] Checking for runtime processes
[DEBUG Sep 17 18:13:04.385163476, watcher.go:72] Checking for runtime processes
[DEBUG Sep 17 18:14:04.385161124, watcher.go:72] Checking for runtime processes
[DEBUG Sep 17 18:15:04.385162999, watcher.go:72] Checking for runtime processes
[DEBUG Sep 17 18:16:04.385160765, watcher.go:72] Checking for runtime processes
[DEBUG Sep 17 18:17:04.385151386, watcher.go:72] Checking for runtime processes
[DEBUG Sep 17 18:18:04.385160785, watcher.go:72] Checking for runtime processes
[DEBUG Sep 17 18:19:04.384838795, watcher.go:72] Checking for runtime processes
[DEBUG Sep 17 18:20:04.385157596, watcher.go:72] Checking for runtime processes
[DEBUG Sep 17 18:21:04.384825197, watcher.go:72] Checking for runtime processes
[DEBUG Sep 17 18:22:04.385161097, watcher.go:72] Checking for runtime processes
[DEBUG Sep 17 18:23:04.385157433, watcher.go:72] Checking for runtime processes
[DEBUG Sep 17 18:24:04.385159567, watcher.go:72] Checking for runtime processes
[DEBUG Sep 17 18:25:04.385158131, watcher.go:72] Checking for runtime processes
[DEBUG Sep 17 18:26:04.385165206, watcher.go:72] Checking for runtime processes
[DEBUG Sep 17 18:27:04.385161868, watcher.go:72] Checking for runtime processes
[DEBUG Sep 17 18:28:04.385165062, watcher.go:72] Checking for runtime processes
[DEBUG Sep 17 18:29:04.385160492, watcher.go:72] Checking for runtime processes
[DEBUG Sep 17 18:30:04.385166951, watcher.go:72] Checking for runtime processes
[DEBUG Sep 17 18:31:04.385160600, watcher.go:72] Checking for runtime processes
[DEBUG Sep 17 18:32:04.385147153, watcher.go:72] Checking for runtime processes
[DEBUG Sep 17 18:33:04.385163135, watcher.go:72] Checking for runtime processes
[DEBUG Sep 17 18:34:04.384840255, watcher.go:72] Checking for runtime processes
[DEBUG Sep 17 18:35:04.385158871, watcher.go:72] Checking for runtime processes
[DEBUG Sep 17 18:36:04.384836484, watcher.go:72] Checking for runtime processes
[DEBUG Sep 17 18:37:04.385163819, watcher.go:72] Checking for runtime processes
[DEBUG Sep 17 18:38:04.385160856, watcher.go:72] Checking for runtime processes
[DEBUG Sep 17 18:39:04.385175133, watcher.go:72] Checking for runtime processes
[DEBUG Sep 17 18:40:04.385173354, watcher.go:72] Checking for runtime processes
[DEBUG Sep 17 18:41:04.385173215, watcher.go:72] Checking for runtime processes
[DEBUG Sep 17 18:42:04.385162344, watcher.go:72] Checking for runtime processes
[DEBUG Sep 17 18:43:04.385163146, watcher.go:72] Checking for runtime processes
[DEBUG Sep 17 18:44:04.385163928, watcher.go:72] Checking for runtime processes
[DEBUG Sep 17 18:45:04.385177348, watcher.go:72] Checking for runtime processes
[DEBUG Sep 17 18:46:04.385160579, watcher.go:72] Checking for runtime processes
[DEBUG Sep 17 18:47:04.385147329, watcher.go:72] Checking for runtime processes
[DEBUG Sep 17 18:48:04.385159354, watcher.go:72] Checking for runtime processes
[DEBUG Sep 17 18:49:04.384842453, watcher.go:72] Checking for runtime processes
[DEBUG Sep 17 18:50:04.385158668, watcher.go:72] Checking for runtime processes
[DEBUG Sep 17 18:51:04.384837034, watcher.go:72] Checking for runtime processes
[DEBUG Sep 17 18:52:04.385162513, watcher.go:72] Checking for runtime processes
[DEBUG Sep 17 18:53:04.385161655, watcher.go:72] Checking for runtime processes
[DEBUG Sep 17 18:54:04.385176890, watcher.go:72] Checking for runtime processes
[DEBUG Sep 17 18:55:04.385157812, watcher.go:72] Checking for runtime processes
[DEBUG Sep 17 18:56:04.385175808, watcher.go:72] Checking for runtime processes
[DEBUG Sep 17 18:57:04.385158234, watcher.go:72] Checking for runtime processes
[DEBUG Sep 17 18:58:04.385179761, watcher.go:72] Checking for runtime processes
[DEBUG Sep 17 18:59:04.385174702, watcher.go:72] Checking for runtime processes
[DEBUG Sep 17 19:00:04.385164031, watcher.go:72] Checking for runtime processes
[DEBUG Sep 17 19:01:04.385162513, watcher.go:72] Checking for runtime processes
[DEBUG Sep 17 19:02:04.385171000, watcher.go:72] Checking for runtime processes
[DEBUG Sep 17 19:03:04.385171445, watcher.go:72] Checking for runtime processes
[DEBUG Sep 17 19:04:04.384842088, watcher.go:72] Checking for runtime processes
[DEBUG Sep 17 19:05:04.385172473, watcher.go:72] Checking for runtime processes
[DEBUG Sep 17 19:06:04.384839583, watcher.go:72] Checking for runtime processes
[DEBUG Sep 17 19:07:04.385163767, watcher.go:72] Checking for runtime processes
[DEBUG Sep 17 19:08:04.385159396, watcher.go:72] Checking for runtime processes
[DEBUG Sep 17 19:09:04.385163162, watcher.go:72] Checking for runtime processes
[DEBUG Sep 17 19:10:04.385159097, watcher.go:72] Checking for runtime processes
[DEBUG Sep 17 19:11:04.385162007, watcher.go:72] Checking for runtime processes
[DEBUG Sep 17 19:12:04.385160432, watcher.go:72] Checking for runtime processes
[DEBUG Sep 17 19:13:04.385166070, watcher.go:72] Checking for runtime processes
[DEBUG Sep 17 19:14:04.385158895, watcher.go:72] Checking for runtime processes
[DEBUG Sep 17 19:15:04.385173193, watcher.go:72] Checking for runtime processes
[DEBUG Sep 17 19:16:04.385162513, watcher.go:72] Checking for runtime processes
[DEBUG Sep 17 19:17:04.385150068, watcher.go:72] Checking for runtime processes
[DEBUG Sep 17 19:18:04.385162323, watcher.go:72] Checking for runtime processes
[DEBUG Sep 17 19:19:04.384841907, watcher.go:72] Checking for runtime processes
[DEBUG Sep 17 19:20:04.385158193, watcher.go:72] Checking for runtime processes
[DEBUG Sep 17 19:21:04.384827839, watcher.go:72] Checking for runtime processes
[DEBUG Sep 17 19:22:04.385164585, watcher.go:72] Checking for runtime processes
[DEBUG Sep 17 19:23:04.385160957, watcher.go:72] Checking for runtime processes
[DEBUG Sep 17 19:24:04.385163644, watcher.go:72] Checking for runtime processes
[DEBUG Sep 17 19:25:04.385166194, watcher.go:72] Checking for runtime processes
[DEBUG Sep 17 19:26:04.385161869, watcher.go:72] Checking for runtime processes
[DEBUG Sep 17 19:27:04.385172018, watcher.go:72] Checking for runtime processes
[DEBUG Sep 17 19:28:04.385176117, watcher.go:72] Checking for runtime processes
[DEBUG Sep 17 19:29:04.385159739, watcher.go:72] Checking for runtime processes
[DEBUG Sep 17 19:30:04.385200892, watcher.go:72] Checking for runtime processes
[DEBUG Sep 17 19:31:04.385170511, watcher.go:72] Checking for runtime processes
[DEBUG Sep 17 19:32:04.385149500, watcher.go:72] Checking for runtime processes
[DEBUG Sep 17 19:33:04.385161460, watcher.go:72] Checking for runtime processes
[DEBUG Sep 17 19:34:04.384843101, watcher.go:72] Checking for runtime processes
[DEBUG Sep 17 19:35:04.385170902, watcher.go:72] Checking for runtime processes
[DEBUG Sep 17 19:36:04.384837023, watcher.go:72] Checking for runtime processes
[DEBUG Sep 17 19:37:04.385161727, watcher.go:72] Checking for runtime processes
[DEBUG Sep 17 19:38:04.385160041, watcher.go:72] Checking for runtime processes
[DEBUG Sep 17 19:39:04.385163089, watcher.go:72] Checking for runtime processes
[DEBUG Sep 17 19:40:04.385156645, watcher.go:72] Checking for runtime processes
[DEBUG Sep 17 19:41:04.385166305, watcher.go:72] Checking for runtime processes
[DEBUG Sep 17 19:42:04.385159019, watcher.go:72] Checking for runtime processes
[DEBUG Sep 17 19:43:04.385161631, watcher.go:72] Checking for runtime processes
[DEBUG Sep 17 19:44:04.385160399, watcher.go:72] Checking for runtime processes
[DEBUG Sep 17 19:45:04.385159314, watcher.go:72] Checking for runtime processes
[DEBUG Sep 17 19:46:04.385161842, watcher.go:72] Checking for runtime processes
[DEBUG Sep 17 19:47:04.385147557, watcher.go:72] Checking for runtime processes
[DEBUG Sep 17 19:48:04.385159469, watcher.go:72] Checking for runtime processes
[DEBUG Sep 17 19:49:04.384841813, watcher.go:72] Checking for runtime processes
[DEBUG Sep 17 19:50:04.385159298, watcher.go:72] Checking for runtime processes
[DEBUG Sep 17 19:51:04.384837877, watcher.go:72] Checking for runtime processes
[DEBUG Sep 17 19:52:04.385174655, watcher.go:72] Checking for runtime processes
[DEBUG Sep 17 19:53:04.385159718, watcher.go:72] Checking for runtime processes
[DEBUG Sep 17 19:54:04.385236916, watcher.go:72] Checking for runtime processes
[DEBUG Sep 17 19:55:04.385158641, watcher.go:72] Checking for runtime processes
[DEBUG Sep 17 19:56:04.385163896, watcher.go:72] Checking for runtime processes
[DEBUG Sep 17 19:57:04.385159559, watcher.go:72] Checking for runtime processes
[DEBUG Sep 17 19:58:04.385162278, watcher.go:72] Checking for runtime processes
[DEBUG Sep 17 19:59:04.385158279, watcher.go:72] Checking for runtime processes
[DEBUG Sep 17 20:00:04.385166841, watcher.go:72] Checking for runtime processes
[DEBUG Sep 17 20:01:04.385160486, watcher.go:72] Checking for runtime processes
[DEBUG Sep 17 20:02:04.385174008, watcher.go:72] Checking for runtime processes
[DEBUG Sep 17 20:03:04.385160038, watcher.go:72] Checking for runtime processes
[DEBUG Sep 17 20:04:04.384842908, watcher.go:72] Checking for runtime processes
[DEBUG Sep 17 20:05:04.385172508, watcher.go:72] Checking for runtime processes
[DEBUG Sep 17 20:06:04.384838360, watcher.go:72] Checking for runtime processes
[DEBUG Sep 17 20:07:04.385161562, watcher.go:72] Checking for runtime processes
[DEBUG Sep 17 20:08:04.385156186, watcher.go:72] Checking for runtime processes
[DEBUG Sep 17 20:09:04.385187846, watcher.go:72] Checking for runtime processes
[DEBUG Sep 17 20:10:04.385156797, watcher.go:72] Checking for runtime processes
[DEBUG Sep 17 20:11:04.385158824, watcher.go:72] Checking for runtime processes
[DEBUG Sep 17 20:12:04.385153399, watcher.go:72] Checking for runtime processes
[DEBUG Sep 17 20:13:04.385162198, watcher.go:72] Checking for runtime processes
[DEBUG Sep 17 20:14:04.385491948, watcher.go:72] Checking for runtime processes
[DEBUG Sep 17 20:15:04.385159777, watcher.go:72] Checking for runtime processes
[DEBUG Sep 17 20:16:04.385158968, watcher.go:72] Checking for runtime processes
[DEBUG Sep 17 20:17:04.385145046, watcher.go:72] Checking for runtime processes
[DEBUG Sep 17 20:18:04.385160227, watcher.go:72] Checking for runtime processes
[DEBUG Sep 17 20:19:04.384840798, watcher.go:72] Checking for runtime processes
[DEBUG Sep 17 20:20:04.385158960, watcher.go:72] Checking for runtime processes
[DEBUG Sep 17 20:21:04.384827071, watcher.go:72] Checking for runtime processes
[DEBUG Sep 17 20:22:04.385166376, watcher.go:72] Checking for runtime processes
[DEBUG Sep 17 20:23:04.385159937, watcher.go:72] Checking for runtime processes
[DEBUG Sep 17 20:24:04.385174648, watcher.go:72] Checking for runtime processes
[DEBUG Sep 17 20:25:04.385158149, watcher.go:72] Checking for runtime processes
[DEBUG Sep 17 20:26:04.385162498, watcher.go:72] Checking for runtime processes
[DEBUG Sep 17 20:27:04.385161732, watcher.go:72] Checking for runtime processes
[DEBUG Sep 17 20:28:04.385164598, watcher.go:72] Checking for runtime processes
[DEBUG Sep 17 20:29:04.385161969, watcher.go:72] Checking for runtime processes
[DEBUG Sep 17 20:30:04.385160884, watcher.go:72] Checking for runtime processes
[DEBUG Sep 17 20:31:04.385172281, watcher.go:72] Checking for runtime processes
[DEBUG Sep 17 20:32:04.385152328, watcher.go:72] Checking for runtime processes
[DEBUG Sep 17 20:33:04.385160485, watcher.go:72] Checking for runtime processes
[DEBUG Sep 17 20:34:04.384848169, watcher.go:72] Checking for runtime processes
[DEBUG Sep 17 20:35:04.385158334, watcher.go:72] Checking for runtime processes
[DEBUG Sep 17 20:36:04.384837394, watcher.go:72] Checking for runtime processes
[DEBUG Sep 17 20:37:04.385176016, watcher.go:72] Checking for runtime processes
[DEBUG Sep 17 20:38:04.385159924, watcher.go:72] Checking for runtime processes
[DEBUG Sep 17 20:39:04.385160817, watcher.go:72] Checking for runtime processes
[DEBUG Sep 17 20:40:04.385160293, watcher.go:72] Checking for runtime processes
[DEBUG Sep 17 20:41:04.385161314, watcher.go:72] Checking for runtime processes
[DEBUG Sep 17 20:42:04.385168035, watcher.go:72] Checking for runtime processes
[DEBUG Sep 17 20:43:04.385161628, watcher.go:72] Checking for runtime processes
[DEBUG Sep 17 20:44:04.385157592, watcher.go:72] Checking for runtime processes
[DEBUG Sep 17 20:45:04.385162068, watcher.go:72] Checking for runtime processes
[DEBUG Sep 17 20:46:04.385161379, watcher.go:72] Checking for runtime processes
[DEBUG Sep 17 20:47:04.385145588, watcher.go:72] Checking for runtime processes
[DEBUG Sep 17 20:48:04.385158581, watcher.go:72] Checking for runtime processes
[DEBUG Sep 17 20:49:04.384841039, watcher.go:72] Checking for runtime processes
[DEBUG Sep 17 20:50:04.385168767, watcher.go:72] Checking for runtime processes
[DEBUG Sep 17 20:51:04.384836779, watcher.go:72] Checking for runtime processes
[DEBUG Sep 17 20:52:04.385161004, watcher.go:72] Checking for runtime processes
[DEBUG Sep 17 20:53:04.385160421, watcher.go:72] Checking for runtime processes
[DEBUG Sep 17 20:54:04.385177358, watcher.go:72] Checking for runtime processes
[DEBUG Sep 17 20:55:04.385161378, watcher.go:72] Checking for runtime processes
[DEBUG Sep 17 20:56:04.385161855, watcher.go:72] Checking for runtime processes
[DEBUG Sep 17 20:57:04.385158009, watcher.go:72] Checking for runtime processes
[DEBUG Sep 17 20:58:04.385161231, watcher.go:72] Checking for runtime processes
[DEBUG Sep 17 20:59:04.385162215, watcher.go:72] Checking for runtime processes
[DEBUG Sep 17 21:00:04.385175400, watcher.go:72] Checking for runtime processes
[DEBUG Sep 17 21:01:04.385161564, watcher.go:72] Checking for runtime processes
[DEBUG Sep 17 21:02:04.385145751, watcher.go:72] Checking for runtime processes
[DEBUG Sep 17 21:03:04.385157827, watcher.go:72] Checking for runtime processes
[DEBUG Sep 17 21:04:04.384839956, watcher.go:72] Checking for runtime processes
[DEBUG Sep 17 21:05:04.385159091, watcher.go:72] Checking for runtime processes
[DEBUG Sep 17 21:06:04.384837463, watcher.go:72] Checking for runtime processes
[DEBUG Sep 17 21:07:04.385161073, watcher.go:72] Checking for runtime processes
[DEBUG Sep 17 21:08:04.385162308, watcher.go:72] Checking for runtime processes
[DEBUG Sep 17 21:09:04.385188448, watcher.go:72] Checking for runtime processes
[DEBUG Sep 17 21:10:04.385155028, watcher.go:72] Checking for runtime processes
[DEBUG Sep 17 21:11:04.385166165, watcher.go:72] Checking for runtime processes
[DEBUG Sep 17 21:12:04.385516513, watcher.go:72] Checking for runtime processes
[DEBUG Sep 17 21:13:04.385166617, watcher.go:72] Checking for runtime processes
[DEBUG Sep 17 21:14:04.385161392, watcher.go:72] Checking for runtime processes
[DEBUG Sep 17 21:15:04.385160010, watcher.go:72] Checking for runtime processes
[DEBUG Sep 17 21:16:04.385158174, watcher.go:72] Checking for runtime processes
[DEBUG Sep 17 21:17:04.385146195, watcher.go:72] Checking for runtime processes
[DEBUG Sep 17 21:18:04.385158309, watcher.go:72] Checking for runtime processes
[DEBUG Sep 17 21:19:04.384841069, watcher.go:72] Checking for runtime processes
[DEBUG Sep 17 21:20:04.385156926, watcher.go:72] Checking for runtime processes
[DEBUG Sep 17 21:21:04.384827427, watcher.go:72] Checking for runtime processes
[DEBUG Sep 17 21:22:04.385170960, watcher.go:72] Checking for runtime processes
[DEBUG Sep 17 21:23:04.385158954, watcher.go:72] Checking for runtime processes
[DEBUG Sep 17 21:24:04.385164278, watcher.go:72] Checking for runtime processes
[DEBUG Sep 17 21:25:04.385157820, watcher.go:72] Checking for runtime processes
[DEBUG Sep 17 21:26:04.385168128, watcher.go:72] Checking for runtime processes
[DEBUG Sep 17 21:27:04.385159188, watcher.go:72] Checking for runtime processes
[DEBUG Sep 17 21:28:04.385177003, watcher.go:72] Checking for runtime processes
[DEBUG Sep 17 21:29:04.385157479, watcher.go:72] Checking for runtime processes
[DEBUG Sep 17 21:30:04.385198455, watcher.go:72] Checking for runtime processes
[DEBUG Sep 17 21:31:04.385238831, watcher.go:72] Checking for runtime processes
[DEBUG Sep 17 21:32:04.385168261, watcher.go:72] Checking for runtime processes
[DEBUG Sep 17 21:33:04.385171448, watcher.go:72] Checking for runtime processes
[DEBUG Sep 17 21:34:04.384853040, watcher.go:72] Checking for runtime processes
[DEBUG Sep 17 21:35:04.385175507, watcher.go:72] Checking for runtime processes
[DEBUG Sep 17 21:36:04.384861887, watcher.go:72] Checking for runtime processes
[DEBUG Sep 17 21:37:04.385172942, watcher.go:72] Checking for runtime processes
[DEBUG Sep 17 21:38:04.385158221, watcher.go:72] Checking for runtime processes
[DEBUG Sep 17 21:39:04.385176194, watcher.go:72] Checking for runtime processes
[DEBUG Sep 17 21:40:04.385159254, watcher.go:72] Checking for runtime processes
[DEBUG Sep 17 21:41:04.385174316, watcher.go:72] Checking for runtime processes
[DEBUG Sep 17 21:42:04.385160480, watcher.go:72] Checking for runtime processes
[DEBUG Sep 17 21:43:04.385176283, watcher.go:72] Checking for runtime processes
[DEBUG Sep 17 21:44:04.385171295, watcher.go:72] Checking for runtime processes
[DEBUG Sep 17 21:45:04.385161709, watcher.go:72] Checking for runtime processes
[DEBUG Sep 17 21:46:04.385157709, watcher.go:72] Checking for runtime processes
[DEBUG Sep 17 21:47:04.385147663, watcher.go:72] Checking for runtime processes
[DEBUG Sep 17 21:48:04.385161829, watcher.go:72] Checking for runtime processes
[DEBUG Sep 17 21:49:04.384843912, watcher.go:72] Checking for runtime processes
[DEBUG Sep 17 21:50:04.385172441, watcher.go:72] Checking for runtime processes
[DEBUG Sep 17 21:51:04.384840549, watcher.go:72] Checking for runtime processes
[DEBUG Sep 17 21:52:04.385166636, watcher.go:72] Checking for runtime processes
[DEBUG Sep 17 21:53:04.385175753, watcher.go:72] Checking for runtime processes
[DEBUG Sep 17 21:54:04.385166558, watcher.go:72] Checking for runtime processes
[DEBUG Sep 17 21:55:04.385164021, watcher.go:72] Checking for runtime processes
[DEBUG Sep 17 21:56:04.385175586, watcher.go:72] Checking for runtime processes
[DEBUG Sep 17 21:57:04.385167586, watcher.go:72] Checking for runtime processes
[DEBUG Sep 17 21:58:04.385166656, watcher.go:72] Checking for runtime processes
[DEBUG Sep 17 21:59:04.385165693, watcher.go:72] Checking for runtime processes
[DEBUG Sep 17 22:00:04.385172069, watcher.go:72] Checking for runtime processes
[DEBUG Sep 17 22:01:04.385172219, watcher.go:72] Checking for runtime processes
[DEBUG Sep 17 22:02:04.385150975, watcher.go:72] Checking for runtime processes
[DEBUG Sep 17 22:03:04.385163340, watcher.go:72] Checking for runtime processes
[DEBUG Sep 17 22:04:04.384842037, watcher.go:72] Checking for runtime processes
[DEBUG Sep 17 22:05:04.385160765, watcher.go:72] Checking for runtime processes
[DEBUG Sep 17 22:06:04.384848627, watcher.go:72] Checking for runtime processes
[DEBUG Sep 17 22:07:04.385162436, watcher.go:72] Checking for runtime processes
[DEBUG Sep 17 22:08:04.385157426, watcher.go:72] Checking for runtime processes
[DEBUG Sep 17 22:09:04.385178030, watcher.go:72] Checking for runtime processes
[DEBUG Sep 17 22:10:04.385160154, watcher.go:72] Checking for runtime processes
[DEBUG Sep 17 22:11:04.385164612, watcher.go:72] Checking for runtime processes
[DEBUG Sep 17 22:12:04.385161813, watcher.go:72] Checking for runtime processes
[DEBUG Sep 17 22:13:04.385165319, watcher.go:72] Checking for runtime processes
[DEBUG Sep 17 22:14:04.385163491, watcher.go:72] Checking for runtime processes
[DEBUG Sep 17 22:15:04.385166854, watcher.go:72] Checking for runtime processes
[DEBUG Sep 17 22:16:04.385161190, watcher.go:72] Checking for runtime processes
[DEBUG Sep 17 22:17:04.385149970, watcher.go:72] Checking for runtime processes
[DEBUG Sep 17 22:18:04.385162968, watcher.go:72] Checking for runtime processes
[DEBUG Sep 17 22:19:04.384865379, watcher.go:72] Checking for runtime processes
[DEBUG Sep 17 22:20:04.385163551, watcher.go:72] Checking for runtime processes
[DEBUG Sep 17 22:21:04.384829189, watcher.go:72] Checking for runtime processes
[DEBUG Sep 17 22:22:04.385236688, watcher.go:72] Checking for runtime processes
[DEBUG Sep 17 22:23:04.385163128, watcher.go:72] Checking for runtime processes
[DEBUG Sep 17 22:24:04.385178146, watcher.go:72] Checking for runtime processes
[DEBUG Sep 17 22:25:04.385160439, watcher.go:72] Checking for runtime processes
[DEBUG Sep 17 22:26:04.385160670, watcher.go:72] Checking for runtime processes
[DEBUG Sep 17 22:27:04.385162413, watcher.go:72] Checking for runtime processes
[DEBUG Sep 17 22:28:04.385184120, watcher.go:72] Checking for runtime processes
[DEBUG Sep 17 22:29:04.385226186, watcher.go:72] Checking for runtime processes
[DEBUG Sep 17 22:30:04.385178951, watcher.go:72] Checking for runtime processes
[DEBUG Sep 17 22:31:04.385177831, watcher.go:72] Checking for runtime processes
[DEBUG Sep 17 22:32:04.385147279, watcher.go:72] Checking for runtime processes
[DEBUG Sep 17 22:33:04.385498440, watcher.go:72] Checking for runtime processes
[DEBUG Sep 17 22:34:04.384841696, watcher.go:72] Checking for runtime processes
[DEBUG Sep 17 22:35:04.385161625, watcher.go:72] Checking for runtime processes
[DEBUG Sep 17 22:36:04.384838979, watcher.go:72] Checking for runtime processes
[DEBUG Sep 17 22:37:04.385162371, watcher.go:72] Checking for runtime processes
[DEBUG Sep 17 22:38:04.385172948, watcher.go:72] Checking for runtime processes
[DEBUG Sep 17 22:39:04.385188719, watcher.go:72] Checking for runtime processes
[DEBUG Sep 17 22:40:04.385160024, watcher.go:72] Checking for runtime processes
[DEBUG Sep 17 22:41:04.385180015, watcher.go:72] Checking for runtime processes
[DEBUG Sep 17 22:42:04.385173679, watcher.go:72] Checking for runtime processes
[DEBUG Sep 17 22:43:04.385164961, watcher.go:72] Checking for runtime processes
[DEBUG Sep 17 22:44:04.385159202, watcher.go:72] Checking for runtime processes
[DEBUG Sep 17 22:45:04.385179396, watcher.go:72] Checking for runtime processes
[DEBUG Sep 17 22:46:04.385172131, watcher.go:72] Checking for runtime processes
[DEBUG Sep 17 22:47:04.385157536, watcher.go:72] Checking for runtime processes
[DEBUG Sep 17 22:48:04.385160352, watcher.go:72] Checking for runtime processes
[DEBUG Sep 17 22:49:04.384840732, watcher.go:72] Checking for runtime processes
[DEBUG Sep 17 22:50:04.385160341, watcher.go:72] Checking for runtime processes
[DEBUG Sep 17 22:51:04.384840408, watcher.go:72] Checking for runtime processes
[DEBUG Sep 17 22:52:04.385167203, watcher.go:72] Checking for runtime processes
[DEBUG Sep 17 22:53:04.385161401, watcher.go:72] Checking for runtime processes
[DEBUG Sep 17 22:54:04.385167187, watcher.go:72] Checking for runtime processes
[DEBUG Sep 17 22:55:04.385203937, watcher.go:72] Checking for runtime processes
[DEBUG Sep 17 22:56:04.385210992, watcher.go:72] Checking for runtime processes
[DEBUG Sep 17 22:57:04.385174459, watcher.go:72] Checking for runtime processes
[DEBUG Sep 17 22:58:04.385166610, watcher.go:72] Checking for runtime processes
[DEBUG Sep 17 22:59:04.385165076, watcher.go:72] Checking for runtime processes
[DEBUG Sep 17 23:00:04.385536854, watcher.go:72] Checking for runtime processes
[DEBUG Sep 17 23:01:04.385489690, watcher.go:72] Checking for runtime processes
[DEBUG Sep 17 23:02:04.385146883, watcher.go:72] Checking for runtime processes
[DEBUG Sep 17 23:03:04.385159787, watcher.go:72] Checking for runtime processes
[DEBUG Sep 17 23:04:04.384839754, watcher.go:72] Checking for runtime processes
[DEBUG Sep 17 23:05:04.385174466, watcher.go:72] Checking for runtime processes
[DEBUG Sep 17 23:06:04.384837185, watcher.go:72] Checking for runtime processes
[DEBUG Sep 17 23:07:04.385163791, watcher.go:72] Checking for runtime processes
[DEBUG Sep 17 23:08:04.385160278, watcher.go:72] Checking for runtime processes
[DEBUG Sep 17 23:09:04.385212447, watcher.go:72] Checking for runtime processes
[DEBUG Sep 17 23:10:04.385160240, watcher.go:72] Checking for runtime processes
[DEBUG Sep 17 23:11:04.385159428, watcher.go:72] Checking for runtime processes
[DEBUG Sep 17 23:12:04.385159236, watcher.go:72] Checking for runtime processes
[DEBUG Sep 17 23:13:04.385165164, watcher.go:72] Checking for runtime processes
[DEBUG Sep 17 23:14:04.385211005, watcher.go:72] Checking for runtime processes
[DEBUG Sep 17 23:15:04.385185805, watcher.go:72] Checking for runtime processes
[DEBUG Sep 17 23:16:04.385171705, watcher.go:72] Checking for runtime processes
[DEBUG Sep 17 23:17:04.385162117, watcher.go:72] Checking for runtime processes
[DEBUG Sep 17 23:18:04.385159631, watcher.go:72] Checking for runtime processes
[DEBUG Sep 17 23:19:04.384840257, watcher.go:72] Checking for runtime processes
[DEBUG Sep 17 23:20:04.385160030, watcher.go:72] Checking for runtime processes
[DEBUG Sep 17 23:21:04.384826940, watcher.go:72] Checking for runtime processes
[DEBUG Sep 17 23:22:04.385163437, watcher.go:72] Checking for runtime processes
[DEBUG Sep 17 23:23:04.385160704, watcher.go:72] Checking for runtime processes
[DEBUG Sep 17 23:24:04.385162564, watcher.go:72] Checking for runtime processes
[DEBUG Sep 17 23:25:04.385185301, watcher.go:72] Checking for runtime processes
[DEBUG Sep 17 23:26:04.385177125, watcher.go:72] Checking for runtime processes
[DEBUG Sep 17 23:27:04.385159011, watcher.go:72] Checking for runtime processes
[DEBUG Sep 17 23:28:04.385161877, watcher.go:72] Checking for runtime processes
[DEBUG Sep 17 23:29:04.385159205, watcher.go:72] Checking for runtime processes
[DEBUG Sep 17 23:30:04.385161656, watcher.go:72] Checking for runtime processes
[DEBUG Sep 17 23:31:04.385163082, watcher.go:72] Checking for runtime processes
[DEBUG Sep 17 23:32:04.385147962, watcher.go:72] Checking for runtime processes
[DEBUG Sep 17 23:33:04.385171804, watcher.go:72] Checking for runtime processes
[DEBUG Sep 17 23:34:04.384840998, watcher.go:72] Checking for runtime processes
[DEBUG Sep 17 23:35:04.385158850, watcher.go:72] Checking for runtime processes
[DEBUG Sep 17 23:36:04.384836769, watcher.go:72] Checking for runtime processes
[DEBUG Sep 17 23:37:04.385179503, watcher.go:72] Checking for runtime processes
[DEBUG Sep 17 23:38:04.385173064, watcher.go:72] Checking for runtime processes
[DEBUG Sep 17 23:39:04.385497188, watcher.go:72] Checking for runtime processes
[DEBUG Sep 17 23:40:04.385161603, watcher.go:72] Checking for runtime processes
[DEBUG Sep 17 23:41:04.385166577, watcher.go:72] Checking for runtime processes
[DEBUG Sep 17 23:42:04.385161013, watcher.go:72] Checking for runtime processes
[DEBUG Sep 17 23:43:04.385163196, watcher.go:72] Checking for runtime processes
[DEBUG Sep 17 23:44:04.385173820, watcher.go:72] Checking for runtime processes
[DEBUG Sep 17 23:45:04.385164947, watcher.go:72] Checking for runtime processes
[DEBUG Sep 17 23:46:04.385173012, watcher.go:72] Checking for runtime processes
[DEBUG Sep 17 23:47:04.385169115, watcher.go:72] Checking for runtime processes
[DEBUG Sep 17 23:48:04.385170205, watcher.go:72] Checking for runtime processes
[DEBUG Sep 17 23:49:04.384847089, watcher.go:72] Checking for runtime processes
[DEBUG Sep 17 23:50:04.385183828, watcher.go:72] Checking for runtime processes
[DEBUG Sep 17 23:51:04.384840790, watcher.go:72] Checking for runtime processes
[DEBUG Sep 17 23:52:04.385180443, watcher.go:72] Checking for runtime processes
[DEBUG Sep 17 23:53:04.385166057, watcher.go:72] Checking for runtime processes
[DEBUG Sep 17 23:54:04.385178616, watcher.go:72] Checking for runtime processes
[DEBUG Sep 17 23:55:04.385167150, watcher.go:72] Checking for runtime processes
[DEBUG Sep 17 23:56:04.385183425, watcher.go:72] Checking for runtime processes
[DEBUG Sep 17 23:57:04.385165857, watcher.go:72] Checking for runtime processes
[DEBUG Sep 17 23:58:04.385165175, watcher.go:72] Checking for runtime processes
[DEBUG Sep 17 23:59:04.385174630, watcher.go:72] Checking for runtime processes
[DEBUG Sep 18 00:00:04.385183309, watcher.go:72] Checking for runtime processes
[DEBUG Sep 18 00:01:04.385172349, watcher.go:72] Checking for runtime processes
[DEBUG Sep 18 00:02:04.385161199, watcher.go:72] Checking for runtime processes
[DEBUG Sep 18 00:03:04.385175566, watcher.go:72] Checking for runtime processes
[DEBUG Sep 18 00:04:04.384840129, watcher.go:72] Checking for runtime processes
[DEBUG Sep 18 00:05:04.385159146, watcher.go:72] Checking for runtime processes
[DEBUG Sep 18 00:06:04.384837570, watcher.go:72] Checking for runtime processes
[DEBUG Sep 18 00:07:04.385161978, watcher.go:72] Checking for runtime processes
[DEBUG Sep 18 00:08:04.385173026, watcher.go:72] Checking for runtime processes
[DEBUG Sep 18 00:09:04.385177560, watcher.go:72] Checking for runtime processes
[DEBUG Sep 18 00:10:04.385175474, watcher.go:72] Checking for runtime processes
[DEBUG Sep 18 00:11:04.385172898, watcher.go:72] Checking for runtime processes
[DEBUG Sep 18 00:12:04.385184629, watcher.go:72] Checking for runtime processes
[DEBUG Sep 18 00:13:04.385163861, watcher.go:72] Checking for runtime processes
[DEBUG Sep 18 00:14:04.385162800, watcher.go:72] Checking for runtime processes
[DEBUG Sep 18 00:15:04.385162317, watcher.go:72] Checking for runtime processes
[DEBUG Sep 18 00:16:04.385155641, watcher.go:72] Checking for runtime processes
[DEBUG Sep 18 00:17:04.385496798, watcher.go:72] Checking for runtime processes
[DEBUG Sep 18 00:18:04.385164242, watcher.go:72] Checking for runtime processes
[DEBUG Sep 18 00:19:04.384841557, watcher.go:72] Checking for runtime processes
[DEBUG Sep 18 00:20:04.385172943, watcher.go:72] Checking for runtime processes
[DEBUG Sep 18 00:21:04.384829389, watcher.go:72] Checking for runtime processes
[DEBUG Sep 18 00:22:04.385174628, watcher.go:72] Checking for runtime processes
[DEBUG Sep 18 00:23:04.385160730, watcher.go:72] Checking for runtime processes
[DEBUG Sep 18 00:24:04.385191319, watcher.go:72] Checking for runtime processes
[DEBUG Sep 18 00:25:04.385496631, watcher.go:72] Checking for runtime processes
[DEBUG Sep 18 00:26:04.385181302, watcher.go:72] Checking for runtime processes
[DEBUG Sep 18 00:27:04.385160850, watcher.go:72] Checking for runtime processes
[DEBUG Sep 18 00:28:04.385165955, watcher.go:72] Checking for runtime processes
[DEBUG Sep 18 00:29:04.385159549, watcher.go:72] Checking for runtime processes
[DEBUG Sep 18 00:30:04.385175144, watcher.go:72] Checking for runtime processes
[DEBUG Sep 18 00:31:04.385235624, watcher.go:72] Checking for runtime processes
[DEBUG Sep 18 00:32:04.385162545, watcher.go:72] Checking for runtime processes
[DEBUG Sep 18 00:33:04.385181349, watcher.go:72] Checking for runtime processes
[DEBUG Sep 18 00:34:04.384843983, watcher.go:72] Checking for runtime processes
[DEBUG Sep 18 00:35:04.385174721, watcher.go:72] Checking for runtime processes
[DEBUG Sep 18 00:36:04.384840203, watcher.go:72] Checking for runtime processes
[DEBUG Sep 18 00:37:04.385184990, watcher.go:72] Checking for runtime processes
[DEBUG Sep 18 00:38:04.385148378, watcher.go:72] Checking for runtime processes
[DEBUG Sep 18 00:39:04.385166136, watcher.go:72] Checking for runtime processes
[DEBUG Sep 18 00:40:04.385177476, watcher.go:72] Checking for runtime processes
[DEBUG Sep 18 00:41:04.385162284, watcher.go:72] Checking for runtime processes
