[DEBUG Aug  2 07:53:25.095164914, defaults.go:273] Args: [/home1/wangfeim/.local/ActiveState/StateTool/release/bin/state-svc start]
[DEBUG Aug  2 07:53:25.109582933, locale.go:38] Init
[DEBUG Aug  2 07:53:25.193452527, errs.go:68] Created error: File could not be found
[DEBUG Aug  2 07:53:25.196469206, errs.go:68] Created error: Not Recognized
[DEBUG Aug  2 07:53:25.216056986, errs.go:68] Created error: Secret not found
[DEBUG Aug  2 07:53:25.216107663, errs.go:68] Created error: Could not save keypair
[DEBUG Aug  2 07:53:25.216280903, errs.go:68] Created error: Build responded with error
[DEBUG Aug  2 07:53:25.216306270, errs.go:68] Created error: Unknown build type
[DEBUG Aug  2 07:53:25.216416524, errors.go:86] Wrapped localized error: <nil> -- with: The installed version of the State Tool Service does not match that of the client.
Please stop the service with [ACTIONABLE]state-svc stop[/RESET] and try your command again.
If this issue persists please reinstall the State Tool.

[DEBUG Aug  2 07:53:25.216430050, errs.go:68] Created error: no data
[DEBUG Aug  2 07:53:25.216452797, errs.go:68] Created error: member not found
[DEBUG Aug  2 07:53:25.216485327, errs.go:68] Created error: Commit count is unknowable
[DEBUG Aug  2 07:53:25.216512825, errs.go:68] Created error: No merge required
[DEBUG Aug  2 07:53:25.216534955, errs.go:68] Created error: Can't merge commit thats already in target commits history
[DEBUG Aug  2 07:53:25.216566274, errs.go:68] Created error: Bad expander name
[DEBUG Aug  2 07:53:25.216588905, errs.go:68] Created error: Expander has no handler
[DEBUG Aug  2 07:53:25.217598586, errs.go:68] Created error: Service is already running
[DEBUG Aug  2 07:53:25.243769974, secrets.go:35] Gcloud Secretmanager failed to initialize (ignore if you're not trying to use gcloud): google: could not find default credentials. See https://developers.google.com/accounts/docs/application-default-credentials for more information.
[DEBUG Aug  2 07:53:25.247027653, output.go:53] Requested outputer for 
[DEBUG Aug  2 07:53:25.247052077, output.go:58] Using Plain outputer
[DEBUG Aug  2 07:53:25.247122761, termutils.go:17] Cannot get terminal size: inappropriate ioctl for device
[DEBUG Aug  2 07:53:25.247147130, client.go:128] Reporting event to 2 reporters: run-command, state-svc start, 
[DEBUG Aug  2 07:53:25.247271390, main.go:107] Running CmdStart
[DEBUG Aug  2 07:53:25.252983799, errs.go:75] Wrapped error: Service is already running -- with: valueF failed
[DEBUG Aug  2 07:53:25.253043706, errs.go:75] Wrapped error: valueF failed -- with: Could not store pid
[DEBUG Aug  2 07:53:25.253113390, errors.go:113] Wrapped input error: Could not store pid -- with: A State Service instance is already running in the background.
[DEBUG Aug  2 07:53:25.253128110, errs.go:75] Wrapped error: A State Service instance is already running in the background. -- with: Could not start serviceManager
[DEBUG Aug  2 07:53:25.253211866, client.go:128] Reporting event to 2 reporters: command-exit, state-svc start, 1
[DEBUG Aug  2 07:53:25.633391419, errs.go:75] Wrapped error: <nil> -- with: Could not start serviceManager: A State Service instance is already running in the background.: Could not store pid: valueF failed: Service is already running
[DEBUG Aug  2 07:53:25.633486022, main.go:61] state-svc errored out due to input: Could not start serviceManager: A State Service instance is already running in the background.: Could not store pid: valueF failed: Service is already running
