[DEBUG Aug  2 07:50:30.839531516, defaults.go:273] Args: [/home1/wangfeim/.local/ActiveState/StateTool/release/bin/state-svc start]
[DEBUG Aug  2 07:50:30.855074698, locale.go:38] Init
[DEBUG Aug  2 07:50:30.924975245, errs.go:68] Created error: File could not be found
[DEBUG Aug  2 07:50:30.930138445, errs.go:68] Created error: Not Recognized
[DEBUG Aug  2 07:50:31.013779013, errs.go:68] Created error: Secret not found
[DEBUG Aug  2 07:50:31.013857579, errs.go:68] Created error: Could not save keypair
[DEBUG Aug  2 07:50:31.014114824, errs.go:68] Created error: Build responded with error
[DEBUG Aug  2 07:50:31.014159923, errs.go:68] Created error: Unknown build type
[DEBUG Aug  2 07:50:31.014336670, errors.go:86] Wrapped localized error: <nil> -- with: The installed version of the State Tool Service does not match that of the client.
Please stop the service with [ACTIONABLE]state-svc stop[/RESET] and try your command again.
If this issue persists please reinstall the State Tool.

[DEBUG Aug  2 07:50:31.014356935, errs.go:68] Created error: no data
[DEBUG Aug  2 07:50:31.014395626, errs.go:68] Created error: member not found
[DEBUG Aug  2 07:50:31.014454408, errs.go:68] Created error: Commit count is unknowable
[DEBUG Aug  2 07:50:31.014498558, errs.go:68] Created error: No merge required
[DEBUG Aug  2 07:50:31.014551770, errs.go:68] Created error: Can't merge commit thats already in target commits history
[DEBUG Aug  2 07:50:31.014592709, errs.go:68] Created error: Bad expander name
[DEBUG Aug  2 07:50:31.014631056, errs.go:68] Created error: Expander has no handler
[DEBUG Aug  2 07:50:31.015968917, errs.go:68] Created error: Service is already running
[DEBUG Aug  2 07:50:31.089157017, secrets.go:35] Gcloud Secretmanager failed to initialize (ignore if you're not trying to use gcloud): google: could not find default credentials. See https://developers.google.com/accounts/docs/application-default-credentials for more information.
[DEBUG Aug  2 07:50:31.093032650, output.go:53] Requested outputer for 
[DEBUG Aug  2 07:50:31.093093082, output.go:58] Using Plain outputer
[DEBUG Aug  2 07:50:31.093199053, termutils.go:17] Cannot get terminal size: inappropriate ioctl for device
[DEBUG Aug  2 07:50:31.093293999, client.go:128] Reporting event to 2 reporters: run-command, state-svc start, 
[DEBUG Aug  2 07:50:31.093350361, main.go:107] Running CmdStart
[DEBUG Aug  2 07:50:31.099127502, errs.go:75] Wrapped error: Service is already running -- with: valueF failed
[DEBUG Aug  2 07:50:31.099189765, errs.go:75] Wrapped error: valueF failed -- with: Could not store pid
[DEBUG Aug  2 07:50:31.099263987, errors.go:113] Wrapped input error: Could not store pid -- with: A State Service instance is already running in the background.
[DEBUG Aug  2 07:50:31.099277566, errs.go:75] Wrapped error: A State Service instance is already running in the background. -- with: Could not start serviceManager
[DEBUG Aug  2 07:50:31.099412791, client.go:128] Reporting event to 2 reporters: command-exit, state-svc start, 1
[DEBUG Aug  2 07:50:31.432924404, errs.go:75] Wrapped error: <nil> -- with: Could not start serviceManager: A State Service instance is already running in the background.: Could not store pid: valueF failed: Service is already running
[DEBUG Aug  2 07:50:31.432990925, main.go:61] state-svc errored out due to input: Could not start serviceManager: A State Service instance is already running in the background.: Could not store pid: valueF failed: Service is already running
