[DEBUG Aug  2 07:52:41.097804486, defaults.go:273] Args: [/home1/wangfeim/.local/ActiveState/StateTool/release/bin/state-svc start]
[DEBUG Aug  2 07:52:41.111884610, locale.go:38] Init
[DEBUG Aug  2 07:52:41.201634485, errs.go:68] Created error: File could not be found
[DEBUG Aug  2 07:52:41.204951957, errs.go:68] Created error: Not Recognized
[DEBUG Aug  2 07:52:41.225745401, errs.go:68] Created error: Secret not found
[DEBUG Aug  2 07:52:41.225800122, errs.go:68] Created error: Could not save keypair
[DEBUG Aug  2 07:52:41.225988396, errs.go:68] Created error: Build responded with error
[DEBUG Aug  2 07:52:41.226028628, errs.go:68] Created error: Unknown build type
[DEBUG Aug  2 07:52:41.226151923, errors.go:86] Wrapped localized error: <nil> -- with: The installed version of the State Tool Service does not match that of the client.
Please stop the service with [ACTIONABLE]state-svc stop[/RESET] and try your command again.
If this issue persists please reinstall the State Tool.

[DEBUG Aug  2 07:52:41.226165868, errs.go:68] Created error: no data
[DEBUG Aug  2 07:52:41.226191521, errs.go:68] Created error: member not found
[DEBUG Aug  2 07:52:41.226216428, errs.go:68] Created error: Commit count is unknowable
[DEBUG Aug  2 07:52:41.226240006, errs.go:68] Created error: No merge required
[DEBUG Aug  2 07:52:41.226265268, errs.go:68] Created error: Can't merge commit thats already in target commits history
[DEBUG Aug  2 07:52:41.226290279, errs.go:68] Created error: Bad expander name
[DEBUG Aug  2 07:52:41.226313214, errs.go:68] Created error: Expander has no handler
[DEBUG Aug  2 07:52:41.228092672, errs.go:68] Created error: Service is already running
[DEBUG Aug  2 07:52:41.308272959, secrets.go:35] Gcloud Secretmanager failed to initialize (ignore if you're not trying to use gcloud): google: could not find default credentials. See https://developers.google.com/accounts/docs/application-default-credentials for more information.
[DEBUG Aug  2 07:52:41.311780871, output.go:53] Requested outputer for 
[DEBUG Aug  2 07:52:41.311807553, output.go:58] Using Plain outputer
[DEBUG Aug  2 07:52:41.311900287, termutils.go:17] Cannot get terminal size: inappropriate ioctl for device
[DEBUG Aug  2 07:52:41.312008138, client.go:128] Reporting event to 2 reporters: run-command, state-svc start, 
[DEBUG Aug  2 07:52:41.312474847, main.go:107] Running CmdStart
[DEBUG Aug  2 07:52:41.319366240, errs.go:75] Wrapped error: Service is already running -- with: valueF failed
[DEBUG Aug  2 07:52:41.319453161, errs.go:75] Wrapped error: valueF failed -- with: Could not store pid
[DEBUG Aug  2 07:52:41.319534969, errors.go:113] Wrapped input error: Could not store pid -- with: A State Service instance is already running in the background.
[DEBUG Aug  2 07:52:41.319560627, errs.go:75] Wrapped error: A State Service instance is already running in the background. -- with: Could not start serviceManager
[DEBUG Aug  2 07:52:41.319647791, client.go:128] Reporting event to 2 reporters: command-exit, state-svc start, 1
[DEBUG Aug  2 07:52:41.698534027, errs.go:75] Wrapped error: <nil> -- with: Could not start serviceManager: A State Service instance is already running in the background.: Could not store pid: valueF failed: Service is already running
[DEBUG Aug  2 07:52:41.698623322, main.go:61] state-svc errored out due to input: Could not start serviceManager: A State Service instance is already running in the background.: Could not store pid: valueF failed: Service is already running
