[DEBUG Aug  2 08:06:20.812067361, defaults.go:273] Args: [/home1/wangfeim/.local/ActiveState/StateTool/release/bin/state-svc start]
[DEBUG Aug  2 08:06:20.826061892, locale.go:38] Init
[DEBUG Aug  2 08:06:21.036862794, errs.go:68] Created error: File could not be found
[DEBUG Aug  2 08:06:21.039883043, errs.go:68] Created error: Not Recognized
[DEBUG Aug  2 08:06:21.060653125, errs.go:68] Created error: Secret not found
[DEBUG Aug  2 08:06:21.060711391, errs.go:68] Created error: Could not save keypair
[DEBUG Aug  2 08:06:21.060914820, errs.go:68] Created error: Build responded with error
[DEBUG Aug  2 08:06:21.060949981, errs.go:68] Created error: Unknown build type
[DEBUG Aug  2 08:06:21.061066088, errors.go:86] Wrapped localized error: <nil> -- with: The installed version of the State Tool Service does not match that of the client.
Please stop the service with [ACTIONABLE]state-svc stop[/RESET] and try your command again.
If this issue persists please reinstall the State Tool.

[DEBUG Aug  2 08:06:21.061079929, errs.go:68] Created error: no data
[DEBUG Aug  2 08:06:21.061105862, errs.go:68] Created error: member not found
[DEBUG Aug  2 08:06:21.061131351, errs.go:68] Created error: Commit count is unknowable
[DEBUG Aug  2 08:06:21.061156674, errs.go:68] Created error: No merge required
[DEBUG Aug  2 08:06:21.061180159, errs.go:68] Created error: Can't merge commit thats already in target commits history
[DEBUG Aug  2 08:06:21.061204018, errs.go:68] Created error: Bad expander name
[DEBUG Aug  2 08:06:21.061235969, errs.go:68] Created error: Expander has no handler
[DEBUG Aug  2 08:06:21.063951178, errs.go:68] Created error: Service is already running
[DEBUG Aug  2 08:06:21.091099008, secrets.go:35] Gcloud Secretmanager failed to initialize (ignore if you're not trying to use gcloud): google: could not find default credentials. See https://developers.google.com/accounts/docs/application-default-credentials for more information.
[DEBUG Aug  2 08:06:21.095385961, output.go:53] Requested outputer for 
[DEBUG Aug  2 08:06:21.095630548, output.go:58] Using Plain outputer
[DEBUG Aug  2 08:06:21.095881605, termutils.go:17] Cannot get terminal size: inappropriate ioctl for device
[DEBUG Aug  2 08:06:21.096044031, client.go:128] Reporting event to 2 reporters: run-command, state-svc start, 
[DEBUG Aug  2 08:06:21.096399588, main.go:107] Running CmdStart
[DEBUG Aug  2 08:06:21.102682562, errs.go:75] Wrapped error: Service is already running -- with: valueF failed
[DEBUG Aug  2 08:06:21.102746125, errs.go:75] Wrapped error: valueF failed -- with: Could not store pid
[DEBUG Aug  2 08:06:21.102818710, errors.go:113] Wrapped input error: Could not store pid -- with: A State Service instance is already running in the background.
[DEBUG Aug  2 08:06:21.102833410, errs.go:75] Wrapped error: A State Service instance is already running in the background. -- with: Could not start serviceManager
[DEBUG Aug  2 08:06:21.102898362, client.go:128] Reporting event to 2 reporters: command-exit, state-svc start, 1
[DEBUG Aug  2 08:06:21.448301418, errs.go:75] Wrapped error: <nil> -- with: Could not start serviceManager: A State Service instance is already running in the background.: Could not store pid: valueF failed: Service is already running
[DEBUG Aug  2 08:06:21.448360591, main.go:61] state-svc errored out due to input: Could not start serviceManager: A State Service instance is already running in the background.: Could not store pid: valueF failed: Service is already running
