[DEBUG Aug  2 07:45:56.174724143, defaults.go:273] Args: [/home1/wangfeim/.local/ActiveState/StateTool/release/bin/state-svc start]
[DEBUG Aug  2 07:45:56.189002311, locale.go:38] Init
[DEBUG Aug  2 07:45:56.653725431, errs.go:68] Created error: File could not be found
[DEBUG Aug  2 07:45:56.658018101, errs.go:68] Created error: Not Recognized
[DEBUG Aug  2 07:45:56.691831065, errs.go:68] Created error: Secret not found
[DEBUG Aug  2 07:45:56.691904555, errs.go:68] Created error: Could not save keypair
[DEBUG Aug  2 07:45:56.692099322, errs.go:68] Created error: Build responded with error
[DEBUG Aug  2 07:45:56.692142892, errs.go:68] Created error: Unknown build type
[DEBUG Aug  2 07:45:56.692326253, errors.go:86] Wrapped localized error: <nil> -- with: The installed version of the State Tool Service does not match that of the client.
Please stop the service with [ACTIONABLE]state-svc stop[/RESET] and try your command again.
If this issue persists please reinstall the State Tool.

[DEBUG Aug  2 07:45:56.692345460, errs.go:68] Created error: no data
[DEBUG Aug  2 07:45:56.692372966, errs.go:68] Created error: member not found
[DEBUG Aug  2 07:45:56.692399390, errs.go:68] Created error: Commit count is unknowable
[DEBUG Aug  2 07:45:56.692433001, errs.go:68] Created error: No merge required
[DEBUG Aug  2 07:45:56.692458428, errs.go:68] Created error: Can't merge commit thats already in target commits history
[DEBUG Aug  2 07:45:56.692490598, errs.go:68] Created error: Bad expander name
[DEBUG Aug  2 07:45:56.692515670, errs.go:68] Created error: Expander has no handler
[DEBUG Aug  2 07:45:56.693746501, errs.go:68] Created error: Service is already running
[DEBUG Aug  2 07:45:56.724277979, secrets.go:35] Gcloud Secretmanager failed to initialize (ignore if you're not trying to use gcloud): google: could not find default credentials. See https://developers.google.com/accounts/docs/application-default-credentials for more information.
[DEBUG Aug  2 07:45:56.730591345, output.go:53] Requested outputer for 
[DEBUG Aug  2 07:45:56.730616210, output.go:58] Using Plain outputer
[DEBUG Aug  2 07:45:56.730702465, termutils.go:17] Cannot get terminal size: inappropriate ioctl for device
[DEBUG Aug  2 07:45:56.730786954, client.go:128] Reporting event to 2 reporters: run-command, state-svc start, 
[DEBUG Aug  2 07:45:56.730864283, main.go:107] Running CmdStart
[DEBUG Aug  2 07:45:56.736851541, errs.go:75] Wrapped error: Service is already running -- with: valueF failed
[DEBUG Aug  2 07:45:56.736918494, errs.go:75] Wrapped error: valueF failed -- with: Could not store pid
[DEBUG Aug  2 07:45:56.736994688, errors.go:113] Wrapped input error: Could not store pid -- with: A State Service instance is already running in the background.
[DEBUG Aug  2 07:45:56.737008973, errs.go:75] Wrapped error: A State Service instance is already running in the background. -- with: Could not start serviceManager
[DEBUG Aug  2 07:45:56.737121639, client.go:128] Reporting event to 2 reporters: command-exit, state-svc start, 1
[DEBUG Aug  2 07:45:57.157027868, errs.go:75] Wrapped error: <nil> -- with: Could not start serviceManager: A State Service instance is already running in the background.: Could not store pid: valueF failed: Service is already running
[DEBUG Aug  2 07:45:57.157104287, main.go:61] state-svc errored out due to input: Could not start serviceManager: A State Service instance is already running in the background.: Could not store pid: valueF failed: Service is already running
