[DEBUG Aug  2 08:08:33.236727614, defaults.go:273] Args: [/home1/wangfeim/.local/ActiveState/StateTool/release/bin/state-svc start]
[DEBUG Aug  2 08:08:33.292344592, locale.go:38] Init
[DEBUG Aug  2 08:08:33.335902120, errs.go:68] Created error: File could not be found
[DEBUG Aug  2 08:08:33.339051070, errs.go:68] Created error: Not Recognized
[DEBUG Aug  2 08:08:33.404871722, errs.go:68] Created error: Secret not found
[DEBUG Aug  2 08:08:33.404938068, errs.go:68] Created error: Could not save keypair
[DEBUG Aug  2 08:08:33.405134380, errs.go:68] Created error: Build responded with error
[DEBUG Aug  2 08:08:33.405163973, errs.go:68] Created error: Unknown build type
[DEBUG Aug  2 08:08:33.405285349, errors.go:86] Wrapped localized error: <nil> -- with: The installed version of the State Tool Service does not match that of the client.
Please stop the service with [ACTIONABLE]state-svc stop[/RESET] and try your command again.
If this issue persists please reinstall the State Tool.

[DEBUG Aug  2 08:08:33.405306786, errs.go:68] Created error: no data
[DEBUG Aug  2 08:08:33.405332363, errs.go:68] Created error: member not found
[DEBUG Aug  2 08:08:33.405362132, errs.go:68] Created error: Commit count is unknowable
[DEBUG Aug  2 08:08:33.405385323, errs.go:68] Created error: No merge required
[DEBUG Aug  2 08:08:33.405413969, errs.go:68] Created error: Can't merge commit thats already in target commits history
[DEBUG Aug  2 08:08:33.405438926, errs.go:68] Created error: Bad expander name
[DEBUG Aug  2 08:08:33.405463859, errs.go:68] Created error: Expander has no handler
[DEBUG Aug  2 08:08:33.406532763, errs.go:68] Created error: Service is already running
[DEBUG Aug  2 08:08:33.488080175, secrets.go:35] Gcloud Secretmanager failed to initialize (ignore if you're not trying to use gcloud): google: could not find default credentials. See https://developers.google.com/accounts/docs/application-default-credentials for more information.
[DEBUG Aug  2 08:08:33.491530388, output.go:53] Requested outputer for 
[DEBUG Aug  2 08:08:33.491561335, output.go:58] Using Plain outputer
[DEBUG Aug  2 08:08:33.491627727, termutils.go:17] Cannot get terminal size: inappropriate ioctl for device
[DEBUG Aug  2 08:08:33.491739539, main.go:107] Running CmdStart
[DEBUG Aug  2 08:08:33.491778485, client.go:128] Reporting event to 2 reporters: run-command, state-svc start, 
[DEBUG Aug  2 08:08:33.497076001, errs.go:75] Wrapped error: Service is already running -- with: valueF failed
[DEBUG Aug  2 08:08:33.497136814, errs.go:75] Wrapped error: valueF failed -- with: Could not store pid
[DEBUG Aug  2 08:08:33.497212162, errors.go:113] Wrapped input error: Could not store pid -- with: A State Service instance is already running in the background.
[DEBUG Aug  2 08:08:33.497225768, errs.go:75] Wrapped error: A State Service instance is already running in the background. -- with: Could not start serviceManager
[DEBUG Aug  2 08:08:33.497307640, client.go:128] Reporting event to 2 reporters: command-exit, state-svc start, 1
[DEBUG Aug  2 08:08:33.815510139, errs.go:75] Wrapped error: <nil> -- with: Could not start serviceManager: A State Service instance is already running in the background.: Could not store pid: valueF failed: Service is already running
[DEBUG Aug  2 08:08:33.815592990, main.go:61] state-svc errored out due to input: Could not start serviceManager: A State Service instance is already running in the background.: Could not store pid: valueF failed: Service is already running
