[DEBUG Aug  2 08:08:06.806169414, defaults.go:273] Args: [/home1/wangfeim/.local/ActiveState/StateTool/release/bin/state-svc start]
[DEBUG Aug  2 08:08:06.820044816, locale.go:38] Init
[DEBUG Aug  2 08:08:06.969678465, errs.go:68] Created error: File could not be found
[DEBUG Aug  2 08:08:06.972872838, errs.go:68] Created error: Not Recognized
[DEBUG Aug  2 08:08:06.996125024, errs.go:68] Created error: Secret not found
[DEBUG Aug  2 08:08:06.996177810, errs.go:68] Created error: Could not save keypair
[DEBUG Aug  2 08:08:06.996359924, errs.go:68] Created error: Build responded with error
[DEBUG Aug  2 08:08:06.996390706, errs.go:68] Created error: Unknown build type
[DEBUG Aug  2 08:08:06.996504916, errors.go:86] Wrapped localized error: <nil> -- with: The installed version of the State Tool Service does not match that of the client.
Please stop the service with [ACTIONABLE]state-svc stop[/RESET] and try your command again.
If this issue persists please reinstall the State Tool.

[DEBUG Aug  2 08:08:06.996520385, errs.go:68] Created error: no data
[DEBUG Aug  2 08:08:06.996553897, errs.go:68] Created error: member not found
[DEBUG Aug  2 08:08:06.996578235, errs.go:68] Created error: Commit count is unknowable
[DEBUG Aug  2 08:08:06.996601776, errs.go:68] Created error: No merge required
[DEBUG Aug  2 08:08:06.996625232, errs.go:68] Created error: Can't merge commit thats already in target commits history
[DEBUG Aug  2 08:08:06.996649796, errs.go:68] Created error: Bad expander name
[DEBUG Aug  2 08:08:06.996673074, errs.go:68] Created error: Expander has no handler
[DEBUG Aug  2 08:08:06.997666798, errs.go:68] Created error: Service is already running
[DEBUG Aug  2 08:08:07.025492947, secrets.go:35] Gcloud Secretmanager failed to initialize (ignore if you're not trying to use gcloud): google: could not find default credentials. See https://developers.google.com/accounts/docs/application-default-credentials for more information.
[DEBUG Aug  2 08:08:07.034369510, output.go:53] Requested outputer for 
[DEBUG Aug  2 08:08:07.034394029, output.go:58] Using Plain outputer
[DEBUG Aug  2 08:08:07.034475031, termutils.go:17] Cannot get terminal size: inappropriate ioctl for device
[DEBUG Aug  2 08:08:07.034562439, client.go:128] Reporting event to 2 reporters: run-command, state-svc start, 
[DEBUG Aug  2 08:08:07.034643091, main.go:107] Running CmdStart
[DEBUG Aug  2 08:08:07.040763545, errs.go:75] Wrapped error: Service is already running -- with: valueF failed
[DEBUG Aug  2 08:08:07.040821990, errs.go:75] Wrapped error: valueF failed -- with: Could not store pid
[DEBUG Aug  2 08:08:07.040906194, errors.go:113] Wrapped input error: Could not store pid -- with: A State Service instance is already running in the background.
[DEBUG Aug  2 08:08:07.040920157, errs.go:75] Wrapped error: A State Service instance is already running in the background. -- with: Could not start serviceManager
[DEBUG Aug  2 08:08:07.040998101, client.go:128] Reporting event to 2 reporters: command-exit, state-svc start, 1
[DEBUG Aug  2 08:08:07.395398756, errs.go:75] Wrapped error: <nil> -- with: Could not start serviceManager: A State Service instance is already running in the background.: Could not store pid: valueF failed: Service is already running
[DEBUG Aug  2 08:08:07.395489637, main.go:61] state-svc errored out due to input: Could not start serviceManager: A State Service instance is already running in the background.: Could not store pid: valueF failed: Service is already running
