[DEBUG Sep 17 13:06:36.267411696, defaults.go:273] Args: [/home1/wangfeim/.local/ActiveState/StateTool/release/bin/state-svc foreground]
[DEBUG Sep 17 13:06:36.281795326, locale.go:38] Init
[DEBUG Sep 17 13:06:36.312570264, errs.go:68] Created error: File could not be found
[DEBUG Sep 17 13:06:36.316028077, errs.go:68] Created error: Not Recognized
[DEBUG Sep 17 13:06:36.342421461, errs.go:68] Created error: Secret not found
[DEBUG Sep 17 13:06:36.342499262, errs.go:68] Created error: Could not save keypair
[DEBUG Sep 17 13:06:36.342771870, errs.go:68] Created error: Build responded with error
[DEBUG Sep 17 13:06:36.342818239, errs.go:68] Created error: Unknown build type
[DEBUG Sep 17 13:06:36.343073481, errors.go:86] Wrapped localized error: <nil> -- with: The installed version of the State Tool Service does not match that of the client.
Please stop the service with [ACTIONABLE]state-svc stop[/RESET] and try your command again.
If this issue persists please reinstall the State Tool.

[DEBUG Sep 17 13:06:36.343092511, errs.go:68] Created error: no data
[DEBUG Sep 17 13:06:36.343132736, errs.go:68] Created error: member not found
[DEBUG Sep 17 13:06:36.343162035, errs.go:68] Created error: Commit count is unknowable
[DEBUG Sep 17 13:06:36.343196523, errs.go:68] Created error: No merge required
[DEBUG Sep 17 13:06:36.343227201, errs.go:68] Created error: Can't merge commit thats already in target commits history
[DEBUG Sep 17 13:06:36.343262959, errs.go:68] Created error: Bad expander name
[DEBUG Sep 17 13:06:36.343290378, errs.go:68] Created error: Expander has no handler
[DEBUG Sep 17 13:06:36.345208908, errs.go:68] Created error: Service is already running
[DEBUG Sep 17 13:06:36.400949963, secrets.go:35] Gcloud Secretmanager failed to initialize (ignore if you're not trying to use gcloud): google: could not find default credentials. See https://developers.google.com/accounts/docs/application-default-credentials for more information.
[DEBUG Sep 17 13:06:36.423223563, output.go:53] Requested outputer for 
[DEBUG Sep 17 13:06:36.423254558, output.go:58] Using Plain outputer
[DEBUG Sep 17 13:06:36.423333813, termutils.go:17] Cannot get terminal size: inappropriate ioctl for device
[DEBUG Sep 17 13:06:36.423455956, main.go:137] Running CmdForeground
[DEBUG Sep 17 13:06:36.423469137, main.go:147] Running in Foreground
[DEBUG Sep 17 13:06:36.423504352, client.go:128] Reporting event to 2 reporters: run-command, state-svc foreground, 
[DEBUG Sep 17 13:06:36.423811485, service.go:30] service:Start
[DEBUG Sep 17 13:06:36.489384600, service.go:42] Server starting on port: 35144
[DEBUG Sep 17 13:06:36.489516385, client.go:128] Reporting event to 2 reporters: state-svc, start, 
[DEBUG Sep 17 13:06:36.798305125, resolver.go:57] Version resolver
[DEBUG Sep 17 13:06:36.798551571, client.go:128] Reporting event to 2 reporters: state-svc, endpoint, Version
[DEBUG Sep 17 13:06:36.798785222, resolver.go:57] Version resolver
[DEBUG Sep 17 13:06:36.798859705, client.go:128] Reporting event to 2 reporters: state-svc, endpoint, Version
[DEBUG Sep 17 13:06:36.799030327, resolver.go:57] Version resolver
[DEBUG Sep 17 13:06:36.799113891, client.go:128] Reporting event to 2 reporters: state-svc, endpoint, Version
[DEBUG Sep 17 13:06:36.799308474, resolver.go:57] Version resolver
[DEBUG Sep 17 13:06:36.799378578, client.go:128] Reporting event to 2 reporters: state-svc, endpoint, Version
[DEBUG Sep 17 13:06:36.799947298, resolver.go:121] Analytics event resolver
[DEBUG Sep 17 13:06:36.800115474, client.go:128] Reporting event to 2 reporters: runtime, success, 
[DEBUG Sep 17 13:06:36.801009524, resolver.go:121] Analytics event resolver
[DEBUG Sep 17 13:06:36.801153745, client.go:128] Reporting event to 2 reporters: runtime, cache, 
[DEBUG Sep 17 13:06:36.803612834, resolver.go:121] Analytics event resolver
[DEBUG Sep 17 13:06:36.803756932, client.go:128] Reporting event to 2 reporters: runtime, start, 
[DEBUG Sep 17 13:06:36.804115756, resolver.go:121] Analytics event resolver
[DEBUG Sep 17 13:06:36.804246147, client.go:128] Reporting event to 2 reporters: run-command, exec, 
[DEBUG Sep 17 13:06:36.832213004, resolver.go:57] Version resolver
[DEBUG Sep 17 13:06:36.832339923, client.go:128] Reporting event to 2 reporters: state-svc, endpoint, Version
[DEBUG Sep 17 13:06:36.832639219, resolver.go:57] Version resolver
[DEBUG Sep 17 13:06:36.832718999, client.go:128] Reporting event to 2 reporters: state-svc, endpoint, Version
[DEBUG Sep 17 13:06:36.832956811, resolver.go:57] Version resolver
[DEBUG Sep 17 13:06:36.833048491, client.go:128] Reporting event to 2 reporters: state-svc, endpoint, Version
[DEBUG Sep 17 13:06:36.839091367, resolver.go:57] Version resolver
[DEBUG Sep 17 13:06:36.839177662, client.go:128] Reporting event to 2 reporters: state-svc, endpoint, Version
[DEBUG Sep 17 13:06:36.839412300, resolver.go:121] Analytics event resolver
[DEBUG Sep 17 13:06:36.839557688, client.go:128] Reporting event to 2 reporters: runtime, cache, 
[DEBUG Sep 17 13:06:36.839770779, resolver.go:121] Analytics event resolver
[DEBUG Sep 17 13:06:36.839900780, client.go:128] Reporting event to 2 reporters: runtime, success, 
[DEBUG Sep 17 13:06:36.840155219, resolver.go:121] Analytics event resolver
[DEBUG Sep 17 13:06:36.840274906, client.go:128] Reporting event to 2 reporters: runtime, start, 
[DEBUG Sep 17 13:06:36.843715239, resolver.go:121] Analytics event resolver
[DEBUG Sep 17 13:06:36.843854184, client.go:128] Reporting event to 2 reporters: run-command, exec, 
[DEBUG Sep 17 13:07:36.426444824, watcher.go:72] Checking for runtime processes
[DEBUG Sep 17 13:08:36.426310313, watcher.go:72] Checking for runtime processes
[DEBUG Sep 17 13:09:36.426201412, watcher.go:72] Checking for runtime processes
[DEBUG Sep 17 13:10:36.425957541, watcher.go:72] Checking for runtime processes
[DEBUG Sep 17 13:11:36.426306426, watcher.go:72] Checking for runtime processes
[DEBUG Sep 17 13:12:36.426301247, watcher.go:72] Checking for runtime processes
[DEBUG Sep 17 13:13:36.426108623, watcher.go:72] Checking for runtime processes
[DEBUG Sep 17 13:14:36.426098893, watcher.go:72] Checking for runtime processes
[DEBUG Sep 17 13:15:36.426370484, watcher.go:72] Checking for runtime processes
[DEBUG Sep 17 13:16:36.426266078, watcher.go:72] Checking for runtime processes
[DEBUG Sep 17 13:17:36.426064107, watcher.go:72] Checking for runtime processes
[DEBUG Sep 17 13:18:36.426264925, watcher.go:72] Checking for runtime processes
[DEBUG Sep 17 13:19:36.425617953, watcher.go:72] Checking for runtime processes
[DEBUG Sep 17 13:20:36.425867412, watcher.go:72] Checking for runtime processes
[DEBUG Sep 17 13:21:36.425611558, watcher.go:72] Checking for runtime processes
[DEBUG Sep 17 13:22:36.426533769, watcher.go:72] Checking for runtime processes
[DEBUG Sep 17 13:23:36.426105344, watcher.go:72] Checking for runtime processes
[DEBUG Sep 17 13:24:36.425980153, watcher.go:72] Checking for runtime processes
[DEBUG Sep 17 13:25:36.425966355, watcher.go:72] Checking for runtime processes
[DEBUG Sep 17 13:26:36.426468133, watcher.go:72] Checking for runtime processes
[DEBUG Sep 17 13:27:36.426407367, watcher.go:72] Checking for runtime processes
[DEBUG Sep 17 13:28:36.426268301, watcher.go:72] Checking for runtime processes
[DEBUG Sep 17 13:29:36.426203059, watcher.go:72] Checking for runtime processes
[DEBUG Sep 17 13:30:36.426067929, watcher.go:72] Checking for runtime processes
[DEBUG Sep 17 13:31:36.426214874, watcher.go:72] Checking for runtime processes
[DEBUG Sep 17 13:32:36.426540045, watcher.go:72] Checking for runtime processes
[DEBUG Sep 17 13:33:36.425613693, watcher.go:72] Checking for runtime processes
[DEBUG Sep 17 13:34:36.425616520, watcher.go:72] Checking for runtime processes
[DEBUG Sep 17 13:35:36.426090423, watcher.go:72] Checking for runtime processes
[DEBUG Sep 17 13:36:36.425651134, watcher.go:72] Checking for runtime processes
[DEBUG Sep 17 13:37:36.426005839, watcher.go:72] Checking for runtime processes
[DEBUG Sep 17 13:38:36.426106305, watcher.go:72] Checking for runtime processes
[DEBUG Sep 17 13:39:36.426115569, watcher.go:72] Checking for runtime processes
[DEBUG Sep 17 13:40:36.426303657, watcher.go:72] Checking for runtime processes
[DEBUG Sep 17 13:41:36.426042705, watcher.go:72] Checking for runtime processes
[DEBUG Sep 17 13:42:36.426026369, watcher.go:72] Checking for runtime processes
[DEBUG Sep 17 13:43:36.426640450, watcher.go:72] Checking for runtime processes
[DEBUG Sep 17 13:44:36.426456469, watcher.go:72] Checking for runtime processes
[DEBUG Sep 17 13:45:36.426104928, watcher.go:72] Checking for runtime processes
[DEBUG Sep 17 13:46:36.426322934, watcher.go:72] Checking for runtime processes
[DEBUG Sep 17 13:47:36.426453976, watcher.go:72] Checking for runtime processes
[DEBUG Sep 17 13:48:36.426312539, watcher.go:72] Checking for runtime processes
[DEBUG Sep 17 13:49:36.425616593, watcher.go:72] Checking for runtime processes
[DEBUG Sep 17 13:50:36.426000204, watcher.go:72] Checking for runtime processes
[DEBUG Sep 17 13:51:36.425613123, watcher.go:72] Checking for runtime processes
[DEBUG Sep 17 13:52:36.426717927, watcher.go:72] Checking for runtime processes
[DEBUG Sep 17 13:53:36.426403483, watcher.go:72] Checking for runtime processes
[DEBUG Sep 17 13:54:36.426150146, watcher.go:72] Checking for runtime processes
[DEBUG Sep 17 13:55:36.426243738, watcher.go:72] Checking for runtime processes
[DEBUG Sep 17 13:56:36.426068713, watcher.go:72] Checking for runtime processes
[DEBUG Sep 17 13:57:36.426263204, watcher.go:72] Checking for runtime processes
[DEBUG Sep 17 13:58:36.426568168, watcher.go:72] Checking for runtime processes
[DEBUG Sep 17 13:59:36.426566409, watcher.go:72] Checking for runtime processes
[DEBUG Sep 17 14:00:36.425995056, watcher.go:72] Checking for runtime processes
[DEBUG Sep 17 14:01:36.426453103, watcher.go:72] Checking for runtime processes
[DEBUG Sep 17 14:02:36.425934059, watcher.go:72] Checking for runtime processes
[DEBUG Sep 17 14:03:36.426056059, watcher.go:72] Checking for runtime processes
[DEBUG Sep 17 14:04:36.425588478, watcher.go:72] Checking for runtime processes
[DEBUG Sep 17 14:05:36.426331402, watcher.go:72] Checking for runtime processes
[DEBUG Sep 17 14:06:36.433029862, watcher.go:72] Checking for runtime processes
[DEBUG Sep 17 14:07:36.425901931, watcher.go:72] Checking for runtime processes
[DEBUG Sep 17 14:08:36.425899322, watcher.go:72] Checking for runtime processes
[DEBUG Sep 17 14:09:36.426326458, watcher.go:72] Checking for runtime processes
[DEBUG Sep 17 14:10:36.426334378, watcher.go:72] Checking for runtime processes
[DEBUG Sep 17 14:11:36.426135283, watcher.go:72] Checking for runtime processes
[DEBUG Sep 17 14:12:36.426144038, watcher.go:72] Checking for runtime processes
[DEBUG Sep 17 14:13:36.426318981, watcher.go:72] Checking for runtime processes
[DEBUG Sep 17 14:14:36.426266974, watcher.go:72] Checking for runtime processes
[DEBUG Sep 17 14:15:36.426598499, watcher.go:72] Checking for runtime processes
[DEBUG Sep 17 14:16:36.426475337, watcher.go:72] Checking for runtime processes
[DEBUG Sep 17 14:17:36.426861772, watcher.go:72] Checking for runtime processes
[DEBUG Sep 17 14:18:36.426393356, watcher.go:72] Checking for runtime processes
[DEBUG Sep 17 14:19:36.425689572, watcher.go:72] Checking for runtime processes
[DEBUG Sep 17 14:20:36.426399050, watcher.go:72] Checking for runtime processes
[DEBUG Sep 17 14:21:36.425613171, watcher.go:72] Checking for runtime processes
[DEBUG Sep 17 14:22:36.425937430, watcher.go:72] Checking for runtime processes
[DEBUG Sep 17 14:23:36.426299905, watcher.go:72] Checking for runtime processes
[DEBUG Sep 17 14:24:36.426193137, watcher.go:72] Checking for runtime processes
[DEBUG Sep 17 14:25:36.425844878, watcher.go:72] Checking for runtime processes
[DEBUG Sep 17 14:26:36.425983303, watcher.go:72] Checking for runtime processes
[DEBUG Sep 17 14:27:36.426437247, watcher.go:72] Checking for runtime processes
[DEBUG Sep 17 14:28:36.425948073, watcher.go:72] Checking for runtime processes
[DEBUG Sep 17 14:29:36.426210919, watcher.go:72] Checking for runtime processes
[DEBUG Sep 17 14:30:36.426339384, watcher.go:72] Checking for runtime processes
[DEBUG Sep 17 14:31:36.425958166, watcher.go:72] Checking for runtime processes
[DEBUG Sep 17 14:32:36.426095933, watcher.go:72] Checking for runtime processes
[DEBUG Sep 17 14:33:36.426417542, watcher.go:72] Checking for runtime processes
[DEBUG Sep 17 14:34:36.425615446, watcher.go:72] Checking for runtime processes
[DEBUG Sep 17 14:35:36.426195161, watcher.go:72] Checking for runtime processes
[DEBUG Sep 17 14:36:36.425614517, watcher.go:72] Checking for runtime processes
[DEBUG Sep 17 14:37:36.426321581, watcher.go:72] Checking for runtime processes
[DEBUG Sep 17 14:38:36.425979274, watcher.go:72] Checking for runtime processes
[DEBUG Sep 17 14:39:36.425904426, watcher.go:72] Checking for runtime processes
[DEBUG Sep 17 14:40:36.426472092, watcher.go:72] Checking for runtime processes
[DEBUG Sep 17 14:41:36.426235562, watcher.go:72] Checking for runtime processes
[DEBUG Sep 17 14:42:36.426121448, watcher.go:72] Checking for runtime processes
[DEBUG Sep 17 14:43:36.425997251, watcher.go:72] Checking for runtime processes
[DEBUG Sep 17 14:44:36.426260156, watcher.go:72] Checking for runtime processes
[DEBUG Sep 17 14:45:36.426370997, watcher.go:72] Checking for runtime processes
[DEBUG Sep 17 14:46:36.426205219, watcher.go:72] Checking for runtime processes
[DEBUG Sep 17 14:47:36.426480585, watcher.go:72] Checking for runtime processes
[DEBUG Sep 17 14:48:36.426380766, watcher.go:72] Checking for runtime processes
[DEBUG Sep 17 14:49:36.425711210, watcher.go:72] Checking for runtime processes
[DEBUG Sep 17 14:50:36.426216012, watcher.go:72] Checking for runtime processes
[DEBUG Sep 17 14:51:36.425617320, watcher.go:72] Checking for runtime processes
[DEBUG Sep 17 14:52:36.426434129, watcher.go:72] Checking for runtime processes
[DEBUG Sep 17 14:53:36.425551499, watcher.go:72] Checking for runtime processes
[DEBUG Sep 17 14:54:36.426491353, watcher.go:72] Checking for runtime processes
[DEBUG Sep 17 14:55:36.426154824, watcher.go:72] Checking for runtime processes
[DEBUG Sep 17 14:56:36.426522004, watcher.go:72] Checking for runtime processes
[DEBUG Sep 17 14:57:36.425977929, watcher.go:72] Checking for runtime processes
[DEBUG Sep 17 14:58:36.426258376, watcher.go:72] Checking for runtime processes
[DEBUG Sep 17 14:59:36.426221960, watcher.go:72] Checking for runtime processes
[DEBUG Sep 17 15:00:36.425561591, watcher.go:72] Checking for runtime processes
[DEBUG Sep 17 15:01:36.426078341, watcher.go:72] Checking for runtime processes
[DEBUG Sep 17 15:02:36.426269851, watcher.go:72] Checking for runtime processes
[DEBUG Sep 17 15:03:36.426120049, watcher.go:72] Checking for runtime processes
[DEBUG Sep 17 15:04:36.426039951, watcher.go:72] Checking for runtime processes
[DEBUG Sep 17 15:05:36.426397231, watcher.go:72] Checking for runtime processes
[DEBUG Sep 17 15:06:36.433212031, watcher.go:72] Checking for runtime processes
[DEBUG Sep 17 15:07:36.425994287, watcher.go:72] Checking for runtime processes
[DEBUG Sep 17 15:08:36.426397443, watcher.go:72] Checking for runtime processes
[DEBUG Sep 17 15:09:36.425614710, watcher.go:72] Checking for runtime processes
[DEBUG Sep 17 15:10:36.425613063, watcher.go:72] Checking for runtime processes
[DEBUG Sep 17 15:11:36.426814431, watcher.go:72] Checking for runtime processes
[DEBUG Sep 17 15:12:36.426261280, watcher.go:72] Checking for runtime processes
[DEBUG Sep 17 15:13:36.425587223, watcher.go:72] Checking for runtime processes
[DEBUG Sep 17 15:14:36.426479981, watcher.go:72] Checking for runtime processes
[DEBUG Sep 17 15:15:36.426272881, watcher.go:72] Checking for runtime processes
[DEBUG Sep 17 15:16:36.426568015, watcher.go:72] Checking for runtime processes
[DEBUG Sep 17 15:17:36.426128622, watcher.go:72] Checking for runtime processes
[DEBUG Sep 17 15:18:36.426134060, watcher.go:72] Checking for runtime processes
[DEBUG Sep 17 15:19:36.425611793, watcher.go:72] Checking for runtime processes
[DEBUG Sep 17 15:20:36.426426871, watcher.go:72] Checking for runtime processes
[DEBUG Sep 17 15:21:36.425609016, watcher.go:72] Checking for runtime processes
[DEBUG Sep 17 15:22:36.426202297, watcher.go:72] Checking for runtime processes
[DEBUG Sep 17 15:23:36.426550574, watcher.go:72] Checking for runtime processes
[DEBUG Sep 17 15:24:36.426330919, watcher.go:72] Checking for runtime processes
[DEBUG Sep 17 15:25:36.426098208, watcher.go:72] Checking for runtime processes
[DEBUG Sep 17 15:26:36.426314130, watcher.go:72] Checking for runtime processes
[DEBUG Sep 17 15:27:36.426342521, watcher.go:72] Checking for runtime processes
[DEBUG Sep 17 15:28:36.426199565, watcher.go:72] Checking for runtime processes
[DEBUG Sep 17 15:29:36.426473596, watcher.go:72] Checking for runtime processes
[DEBUG Sep 17 15:30:36.426505026, watcher.go:72] Checking for runtime processes
[DEBUG Sep 17 15:31:36.426245751, watcher.go:72] Checking for runtime processes
[DEBUG Sep 17 15:32:36.426263930, watcher.go:72] Checking for runtime processes
[DEBUG Sep 17 15:33:36.426087797, watcher.go:72] Checking for runtime processes
[DEBUG Sep 17 15:34:36.425614233, watcher.go:72] Checking for runtime processes
[DEBUG Sep 17 15:35:36.426662501, watcher.go:72] Checking for runtime processes
[DEBUG Sep 17 15:36:36.425919788, watcher.go:72] Checking for runtime processes
[DEBUG Sep 17 15:37:36.426355138, watcher.go:72] Checking for runtime processes
[DEBUG Sep 17 15:38:36.426564416, watcher.go:72] Checking for runtime processes
[DEBUG Sep 17 15:39:36.426178671, watcher.go:72] Checking for runtime processes
[DEBUG Sep 17 15:40:36.426470309, watcher.go:72] Checking for runtime processes
[DEBUG Sep 17 15:41:36.426611404, watcher.go:72] Checking for runtime processes
[DEBUG Sep 17 15:42:36.426188772, watcher.go:72] Checking for runtime processes
[DEBUG Sep 17 15:43:36.426247405, watcher.go:72] Checking for runtime processes
[DEBUG Sep 17 15:44:36.426587764, watcher.go:72] Checking for runtime processes
[DEBUG Sep 17 15:45:36.426248954, watcher.go:72] Checking for runtime processes
[DEBUG Sep 17 15:46:36.426386073, watcher.go:72] Checking for runtime processes
[DEBUG Sep 17 15:47:36.426147360, watcher.go:72] Checking for runtime processes
[DEBUG Sep 17 15:48:36.426304618, watcher.go:72] Checking for runtime processes
[DEBUG Sep 17 15:49:36.425613664, watcher.go:72] Checking for runtime processes
[DEBUG Sep 17 15:50:36.426586183, watcher.go:72] Checking for runtime processes
[DEBUG Sep 17 15:51:36.425807338, watcher.go:72] Checking for runtime processes
[DEBUG Sep 17 15:52:36.426481912, watcher.go:72] Checking for runtime processes
[DEBUG Sep 17 15:53:36.426740308, watcher.go:72] Checking for runtime processes
[DEBUG Sep 17 15:54:36.426250334, watcher.go:72] Checking for runtime processes
[DEBUG Sep 17 15:55:36.426043769, watcher.go:72] Checking for runtime processes
[DEBUG Sep 17 15:56:36.426076534, watcher.go:72] Checking for runtime processes
[DEBUG Sep 17 15:57:36.426335845, watcher.go:72] Checking for runtime processes
[DEBUG Sep 17 15:58:36.425931397, watcher.go:72] Checking for runtime processes
[DEBUG Sep 17 15:59:36.426194535, watcher.go:72] Checking for runtime processes
[DEBUG Sep 17 16:00:36.425739426, watcher.go:72] Checking for runtime processes
[DEBUG Sep 17 16:01:36.426306781, watcher.go:72] Checking for runtime processes
[DEBUG Sep 17 16:02:36.426469625, watcher.go:72] Checking for runtime processes
[DEBUG Sep 17 16:03:36.425992125, watcher.go:72] Checking for runtime processes
[DEBUG Sep 17 16:04:36.425610529, watcher.go:72] Checking for runtime processes
[DEBUG Sep 17 16:05:36.426311095, watcher.go:72] Checking for runtime processes
[DEBUG Sep 17 16:06:36.432778965, watcher.go:72] Checking for runtime processes
[DEBUG Sep 17 16:07:36.426402368, watcher.go:72] Checking for runtime processes
[DEBUG Sep 17 16:08:36.425889092, watcher.go:72] Checking for runtime processes
[DEBUG Sep 17 16:09:36.426557757, watcher.go:72] Checking for runtime processes
[DEBUG Sep 17 16:10:36.425995159, watcher.go:72] Checking for runtime processes
[DEBUG Sep 17 16:11:36.426424833, watcher.go:72] Checking for runtime processes
[DEBUG Sep 17 16:12:36.425954835, watcher.go:72] Checking for runtime processes
[DEBUG Sep 17 16:13:36.426277049, watcher.go:72] Checking for runtime processes
[DEBUG Sep 17 16:14:36.425652979, watcher.go:72] Checking for runtime processes
[DEBUG Sep 17 16:15:36.426356741, watcher.go:72] Checking for runtime processes
[DEBUG Sep 17 16:16:36.426280812, watcher.go:72] Checking for runtime processes
[DEBUG Sep 17 16:17:36.426202931, watcher.go:72] Checking for runtime processes
[DEBUG Sep 17 16:18:36.426471345, watcher.go:72] Checking for runtime processes
[DEBUG Sep 17 16:19:36.425615679, watcher.go:72] Checking for runtime processes
[DEBUG Sep 17 16:20:36.426255175, watcher.go:72] Checking for runtime processes
[DEBUG Sep 17 16:21:36.425787323, watcher.go:72] Checking for runtime processes
[DEBUG Sep 17 16:22:36.426642755, watcher.go:72] Checking for runtime processes
[DEBUG Sep 17 16:23:36.426309605, watcher.go:72] Checking for runtime processes
[DEBUG Sep 17 16:24:36.426054905, watcher.go:72] Checking for runtime processes
[DEBUG Sep 17 16:25:36.426530298, watcher.go:72] Checking for runtime processes
[DEBUG Sep 17 16:26:36.426595496, watcher.go:72] Checking for runtime processes
[DEBUG Sep 17 16:27:36.426335164, watcher.go:72] Checking for runtime processes
[DEBUG Sep 17 16:28:36.426483551, watcher.go:72] Checking for runtime processes
[DEBUG Sep 17 16:29:36.426270600, watcher.go:72] Checking for runtime processes
[DEBUG Sep 17 16:30:36.426271950, watcher.go:72] Checking for runtime processes
[DEBUG Sep 17 16:31:36.426418159, watcher.go:72] Checking for runtime processes
[DEBUG Sep 17 16:32:36.426282737, watcher.go:72] Checking for runtime processes
[DEBUG Sep 17 16:33:36.426523126, watcher.go:72] Checking for runtime processes
[DEBUG Sep 17 16:34:36.425651010, watcher.go:72] Checking for runtime processes
[DEBUG Sep 17 16:35:36.425985182, watcher.go:72] Checking for runtime processes
[DEBUG Sep 17 16:36:36.425615103, watcher.go:72] Checking for runtime processes
[DEBUG Sep 17 16:37:36.426432221, watcher.go:72] Checking for runtime processes
[DEBUG Sep 17 16:38:36.426007919, watcher.go:72] Checking for runtime processes
[DEBUG Sep 17 16:39:36.425856600, watcher.go:72] Checking for runtime processes
[DEBUG Sep 17 16:40:36.426054565, watcher.go:72] Checking for runtime processes
[DEBUG Sep 17 16:41:36.426516886, watcher.go:72] Checking for runtime processes
[DEBUG Sep 17 16:42:36.426226023, watcher.go:72] Checking for runtime processes
[DEBUG Sep 17 16:43:36.426293124, watcher.go:72] Checking for runtime processes
[DEBUG Sep 17 16:44:36.425894813, watcher.go:72] Checking for runtime processes
[DEBUG Sep 17 16:45:36.426038325, watcher.go:72] Checking for runtime processes
[DEBUG Sep 17 16:46:36.425975854, watcher.go:72] Checking for runtime processes
[DEBUG Sep 17 16:47:36.426613322, watcher.go:72] Checking for runtime processes
[DEBUG Sep 17 16:48:36.426275847, watcher.go:72] Checking for runtime processes
[DEBUG Sep 17 16:49:36.425687183, watcher.go:72] Checking for runtime processes
[DEBUG Sep 17 16:50:36.426016091, watcher.go:72] Checking for runtime processes
[DEBUG Sep 17 16:51:36.425613245, watcher.go:72] Checking for runtime processes
[DEBUG Sep 17 16:52:36.426362401, watcher.go:72] Checking for runtime processes
[DEBUG Sep 17 16:53:36.426219250, watcher.go:72] Checking for runtime processes
[DEBUG Sep 17 16:54:36.426385877, watcher.go:72] Checking for runtime processes
[DEBUG Sep 17 16:55:36.426360297, watcher.go:72] Checking for runtime processes
[DEBUG Sep 17 16:56:36.426214300, watcher.go:72] Checking for runtime processes
[DEBUG Sep 17 16:57:36.426444403, watcher.go:72] Checking for runtime processes
[DEBUG Sep 17 16:58:36.426490005, watcher.go:72] Checking for runtime processes
[DEBUG Sep 17 16:59:36.425755222, watcher.go:72] Checking for runtime processes
[DEBUG Sep 17 17:00:36.426368394, watcher.go:72] Checking for runtime processes
[DEBUG Sep 17 17:01:36.426045280, watcher.go:72] Checking for runtime processes
[DEBUG Sep 17 17:02:36.426460693, watcher.go:72] Checking for runtime processes
[DEBUG Sep 17 17:03:36.426487101, watcher.go:72] Checking for runtime processes
[DEBUG Sep 17 17:04:36.426065019, watcher.go:72] Checking for runtime processes
[DEBUG Sep 17 17:05:36.426292577, watcher.go:72] Checking for runtime processes
[DEBUG Sep 17 17:06:36.433570486, watcher.go:72] Checking for runtime processes
[DEBUG Sep 17 17:07:36.426322642, watcher.go:72] Checking for runtime processes
[DEBUG Sep 17 17:08:36.426529777, watcher.go:72] Checking for runtime processes
[DEBUG Sep 17 17:09:36.426417227, watcher.go:72] Checking for runtime processes
[DEBUG Sep 17 17:10:36.426515803, watcher.go:72] Checking for runtime processes
[DEBUG Sep 17 17:11:36.426335849, watcher.go:72] Checking for runtime processes
[DEBUG Sep 17 17:12:36.426499501, watcher.go:72] Checking for runtime processes
[DEBUG Sep 17 17:13:36.426166519, watcher.go:72] Checking for runtime processes
[DEBUG Sep 17 17:14:36.426412372, watcher.go:72] Checking for runtime processes
[DEBUG Sep 17 17:15:36.426071876, watcher.go:72] Checking for runtime processes
[DEBUG Sep 17 17:16:36.426272220, watcher.go:72] Checking for runtime processes
[DEBUG Sep 17 17:17:36.425751804, watcher.go:72] Checking for runtime processes
[DEBUG Sep 17 17:18:36.426142053, watcher.go:72] Checking for runtime processes
[DEBUG Sep 17 17:19:36.425614126, watcher.go:72] Checking for runtime processes
[DEBUG Sep 17 17:20:36.425937667, watcher.go:72] Checking for runtime processes
[DEBUG Sep 17 17:21:36.425698982, watcher.go:72] Checking for runtime processes
[DEBUG Sep 17 17:22:36.426260653, watcher.go:72] Checking for runtime processes
[DEBUG Sep 17 17:23:36.426285103, watcher.go:72] Checking for runtime processes
[DEBUG Sep 17 17:24:36.426253322, watcher.go:72] Checking for runtime processes
[DEBUG Sep 17 17:25:36.426062619, watcher.go:72] Checking for runtime processes
[DEBUG Sep 17 17:26:36.426002124, watcher.go:72] Checking for runtime processes
[DEBUG Sep 17 17:27:36.426153450, watcher.go:72] Checking for runtime processes
[DEBUG Sep 17 17:28:36.426219485, watcher.go:72] Checking for runtime processes
[DEBUG Sep 17 17:29:36.425835152, watcher.go:72] Checking for runtime processes
[DEBUG Sep 17 17:30:36.425997711, watcher.go:72] Checking for runtime processes
[DEBUG Sep 17 17:31:36.426649263, watcher.go:72] Checking for runtime processes
[DEBUG Sep 17 17:32:36.426429875, watcher.go:72] Checking for runtime processes
[DEBUG Sep 17 17:33:36.426565656, watcher.go:72] Checking for runtime processes
[DEBUG Sep 17 17:34:36.425825388, watcher.go:72] Checking for runtime processes
[DEBUG Sep 17 17:35:36.426201295, watcher.go:72] Checking for runtime processes
[DEBUG Sep 17 17:36:36.425622468, watcher.go:72] Checking for runtime processes
[DEBUG Sep 17 17:37:36.426244496, watcher.go:72] Checking for runtime processes
[DEBUG Sep 17 17:38:36.426320452, watcher.go:72] Checking for runtime processes
[DEBUG Sep 17 17:39:36.426314487, watcher.go:72] Checking for runtime processes
[DEBUG Sep 17 17:40:36.426310557, watcher.go:72] Checking for runtime processes
[DEBUG Sep 17 17:41:36.426001918, watcher.go:72] Checking for runtime processes
[DEBUG Sep 17 17:42:36.426307317, watcher.go:72] Checking for runtime processes
[DEBUG Sep 17 17:43:36.426764268, watcher.go:72] Checking for runtime processes
[DEBUG Sep 17 17:44:36.426548440, watcher.go:72] Checking for runtime processes
[DEBUG Sep 17 17:45:36.426674551, watcher.go:72] Checking for runtime processes
[DEBUG Sep 17 17:46:36.426255814, watcher.go:72] Checking for runtime processes
[DEBUG Sep 17 17:47:36.425860540, watcher.go:72] Checking for runtime processes
[DEBUG Sep 17 17:48:36.426417464, watcher.go:72] Checking for runtime processes
[DEBUG Sep 17 17:49:36.425616103, watcher.go:72] Checking for runtime processes
[DEBUG Sep 17 17:50:36.425922395, watcher.go:72] Checking for runtime processes
[DEBUG Sep 17 17:51:36.425611316, watcher.go:72] Checking for runtime processes
[DEBUG Sep 17 17:52:36.426016018, watcher.go:72] Checking for runtime processes
[DEBUG Sep 17 17:53:36.426261930, watcher.go:72] Checking for runtime processes
[DEBUG Sep 17 17:54:36.425573145, watcher.go:72] Checking for runtime processes
[DEBUG Sep 17 17:55:36.425579908, watcher.go:72] Checking for runtime processes
[DEBUG Sep 17 17:56:36.426233620, watcher.go:72] Checking for runtime processes
[DEBUG Sep 17 17:57:36.426092429, watcher.go:72] Checking for runtime processes
[DEBUG Sep 17 17:58:36.425862137, watcher.go:72] Checking for runtime processes
[DEBUG Sep 17 17:59:36.426530374, watcher.go:72] Checking for runtime processes
[DEBUG Sep 17 18:00:36.426345410, watcher.go:72] Checking for runtime processes
[DEBUG Sep 17 18:01:36.426312639, watcher.go:72] Checking for runtime processes
[DEBUG Sep 17 18:01:58.584621051, resolver.go:121] Analytics event resolver
[DEBUG Sep 17 18:01:58.584859983, client.go:128] Reporting event to 2 reporters: command-exit, exec, 0
[DEBUG Sep 17 18:02:36.426287312, watcher.go:72] Checking for runtime processes
[DEBUG Sep 17 18:03:36.426318236, watcher.go:72] Checking for runtime processes
[DEBUG Sep 17 18:04:36.425615156, watcher.go:72] Checking for runtime processes
[DEBUG Sep 17 18:05:36.426438344, watcher.go:72] Checking for runtime processes
[DEBUG Sep 17 18:06:36.433044184, watcher.go:72] Checking for runtime processes
[DEBUG Sep 17 18:07:36.426193659, watcher.go:72] Checking for runtime processes
[DEBUG Sep 17 18:08:36.426558405, watcher.go:72] Checking for runtime processes
[DEBUG Sep 17 18:09:36.425985087, watcher.go:72] Checking for runtime processes
[DEBUG Sep 17 18:10:36.426547594, watcher.go:72] Checking for runtime processes
[DEBUG Sep 17 18:11:36.426336527, watcher.go:72] Checking for runtime processes
[DEBUG Sep 17 18:12:36.426467492, watcher.go:72] Checking for runtime processes
[DEBUG Sep 17 18:13:36.425563305, watcher.go:72] Checking for runtime processes
[DEBUG Sep 17 18:14:36.426353429, watcher.go:72] Checking for runtime processes
[DEBUG Sep 17 18:15:36.426136051, watcher.go:72] Checking for runtime processes
[DEBUG Sep 17 18:16:36.426204928, watcher.go:72] Checking for runtime processes
[DEBUG Sep 17 18:17:36.425598814, watcher.go:72] Checking for runtime processes
[DEBUG Sep 17 18:18:36.426198454, watcher.go:72] Checking for runtime processes
[DEBUG Sep 17 18:19:36.425685475, watcher.go:72] Checking for runtime processes
[DEBUG Sep 17 18:20:36.425851272, watcher.go:72] Checking for runtime processes
[DEBUG Sep 17 18:21:36.425834816, watcher.go:72] Checking for runtime processes
[DEBUG Sep 17 18:22:36.426216976, watcher.go:72] Checking for runtime processes
[DEBUG Sep 17 18:23:36.426426516, watcher.go:72] Checking for runtime processes
[DEBUG Sep 17 18:24:36.426471320, watcher.go:72] Checking for runtime processes
[DEBUG Sep 17 18:25:36.426576936, watcher.go:72] Checking for runtime processes
[DEBUG Sep 17 18:26:36.426266295, watcher.go:72] Checking for runtime processes
[DEBUG Sep 17 18:27:36.426434163, watcher.go:72] Checking for runtime processes
[DEBUG Sep 17 18:28:36.425970138, watcher.go:72] Checking for runtime processes
[DEBUG Sep 17 18:29:36.426526094, watcher.go:72] Checking for runtime processes
[DEBUG Sep 17 18:30:36.426212712, watcher.go:72] Checking for runtime processes
[DEBUG Sep 17 18:31:36.426001360, watcher.go:72] Checking for runtime processes
[DEBUG Sep 17 18:32:36.426326016, watcher.go:72] Checking for runtime processes
[DEBUG Sep 17 18:33:36.426546974, watcher.go:72] Checking for runtime processes
[DEBUG Sep 17 18:34:36.425622241, watcher.go:72] Checking for runtime processes
[DEBUG Sep 17 18:35:36.426569077, watcher.go:72] Checking for runtime processes
[DEBUG Sep 17 18:36:36.425612788, watcher.go:72] Checking for runtime processes
[DEBUG Sep 17 18:36:54.642739408, resolver.go:121] Analytics event resolver
[DEBUG Sep 17 18:36:54.642991230, client.go:128] Reporting event to 2 reporters: command-exit, exec, 0
[DEBUG Sep 17 18:37:36.425835783, watcher.go:72] Checking for runtime processes
[DEBUG Sep 17 18:38:36.426328346, watcher.go:72] Checking for runtime processes
[DEBUG Sep 17 18:39:36.426201949, watcher.go:72] Checking for runtime processes
[DEBUG Sep 17 18:40:36.426198035, watcher.go:72] Checking for runtime processes
[DEBUG Sep 17 18:41:36.426200848, watcher.go:72] Checking for runtime processes
[DEBUG Sep 17 18:42:36.426192502, watcher.go:72] Checking for runtime processes
[DEBUG Sep 17 18:43:36.426202797, watcher.go:72] Checking for runtime processes
[DEBUG Sep 17 18:44:36.426198788, watcher.go:72] Checking for runtime processes
[DEBUG Sep 17 18:45:36.426197472, watcher.go:72] Checking for runtime processes
[DEBUG Sep 17 18:46:36.426195735, watcher.go:72] Checking for runtime processes
[DEBUG Sep 17 18:47:36.426187965, watcher.go:72] Checking for runtime processes
[DEBUG Sep 17 18:48:36.426201085, watcher.go:72] Checking for runtime processes
[DEBUG Sep 17 18:49:36.425621647, watcher.go:72] Checking for runtime processes
[DEBUG Sep 17 18:50:36.426192606, watcher.go:72] Checking for runtime processes
[DEBUG Sep 17 18:51:36.425613216, watcher.go:72] Checking for runtime processes
[DEBUG Sep 17 18:52:36.426195883, watcher.go:72] Checking for runtime processes
[DEBUG Sep 17 18:53:36.426210531, watcher.go:72] Checking for runtime processes
[DEBUG Sep 17 18:54:36.426199126, watcher.go:72] Checking for runtime processes
[DEBUG Sep 17 18:55:36.426199907, watcher.go:72] Checking for runtime processes
[DEBUG Sep 17 18:56:36.426458723, watcher.go:72] Checking for runtime processes
[DEBUG Sep 17 18:57:36.426183313, watcher.go:72] Checking for runtime processes
[DEBUG Sep 17 18:58:36.426187699, watcher.go:72] Checking for runtime processes
[DEBUG Sep 17 18:59:36.426183825, watcher.go:72] Checking for runtime processes
[DEBUG Sep 17 19:00:36.426186226, watcher.go:72] Checking for runtime processes
[DEBUG Sep 17 19:01:36.426198510, watcher.go:72] Checking for runtime processes
[DEBUG Sep 17 19:02:36.426176145, watcher.go:72] Checking for runtime processes
[DEBUG Sep 17 19:03:36.426194894, watcher.go:72] Checking for runtime processes
[DEBUG Sep 17 19:04:36.425610785, watcher.go:72] Checking for runtime processes
[DEBUG Sep 17 19:05:36.426182126, watcher.go:72] Checking for runtime processes
[DEBUG Sep 17 19:06:36.431609062, watcher.go:72] Checking for runtime processes
[DEBUG Sep 17 19:07:36.426182925, watcher.go:72] Checking for runtime processes
[DEBUG Sep 17 19:08:36.426200368, watcher.go:72] Checking for runtime processes
[DEBUG Sep 17 19:09:36.426184181, watcher.go:72] Checking for runtime processes
[DEBUG Sep 17 19:10:36.426179461, watcher.go:72] Checking for runtime processes
[DEBUG Sep 17 19:11:36.426185203, watcher.go:72] Checking for runtime processes
[DEBUG Sep 17 19:12:36.426185225, watcher.go:72] Checking for runtime processes
[DEBUG Sep 17 19:13:36.426183519, watcher.go:72] Checking for runtime processes
[DEBUG Sep 17 19:14:36.426181950, watcher.go:72] Checking for runtime processes
[DEBUG Sep 17 19:15:36.426185573, watcher.go:72] Checking for runtime processes
[DEBUG Sep 17 19:16:36.426184578, watcher.go:72] Checking for runtime processes
[DEBUG Sep 17 19:17:36.426174784, watcher.go:72] Checking for runtime processes
[DEBUG Sep 17 19:18:36.426183202, watcher.go:72] Checking for runtime processes
[DEBUG Sep 17 19:19:36.425608862, watcher.go:72] Checking for runtime processes
[DEBUG Sep 17 19:20:36.426184491, watcher.go:72] Checking for runtime processes
[DEBUG Sep 17 19:21:36.425605799, watcher.go:72] Checking for runtime processes
[DEBUG Sep 17 19:22:36.425849096, watcher.go:72] Checking for runtime processes
[DEBUG Sep 17 19:23:36.426183632, watcher.go:72] Checking for runtime processes
[DEBUG Sep 17 19:24:36.426203137, watcher.go:72] Checking for runtime processes
[DEBUG Sep 17 19:25:36.426182502, watcher.go:72] Checking for runtime processes
[DEBUG Sep 17 19:26:36.426187082, watcher.go:72] Checking for runtime processes
[DEBUG Sep 17 19:27:36.426186679, watcher.go:72] Checking for runtime processes
[DEBUG Sep 17 19:28:36.426211272, watcher.go:72] Checking for runtime processes
[DEBUG Sep 17 19:29:36.426199472, watcher.go:72] Checking for runtime processes
[DEBUG Sep 17 19:30:36.426183592, watcher.go:72] Checking for runtime processes
[DEBUG Sep 17 19:31:36.426183979, watcher.go:72] Checking for runtime processes
[DEBUG Sep 17 19:32:36.426175249, watcher.go:72] Checking for runtime processes
[DEBUG Sep 17 19:33:36.426183344, watcher.go:72] Checking for runtime processes
[DEBUG Sep 17 19:34:36.425609351, watcher.go:72] Checking for runtime processes
[DEBUG Sep 17 19:35:36.426186380, watcher.go:72] Checking for runtime processes
[DEBUG Sep 17 19:36:36.425642791, watcher.go:72] Checking for runtime processes
[DEBUG Sep 17 19:37:36.426200298, watcher.go:72] Checking for runtime processes
[DEBUG Sep 17 19:38:36.426180208, watcher.go:72] Checking for runtime processes
[DEBUG Sep 17 19:39:36.426187863, watcher.go:72] Checking for runtime processes
[DEBUG Sep 17 19:40:36.426201104, watcher.go:72] Checking for runtime processes
[DEBUG Sep 17 19:41:36.426184403, watcher.go:72] Checking for runtime processes
[DEBUG Sep 17 19:42:36.426191474, watcher.go:72] Checking for runtime processes
[DEBUG Sep 17 19:43:36.426200787, watcher.go:72] Checking for runtime processes
[DEBUG Sep 17 19:44:36.426182095, watcher.go:72] Checking for runtime processes
[DEBUG Sep 17 19:45:36.426188764, watcher.go:72] Checking for runtime processes
[DEBUG Sep 17 19:46:36.426185774, watcher.go:72] Checking for runtime processes
[DEBUG Sep 17 19:47:36.426172276, watcher.go:72] Checking for runtime processes
[DEBUG Sep 17 19:48:36.426198094, watcher.go:72] Checking for runtime processes
[DEBUG Sep 17 19:49:36.425611145, watcher.go:72] Checking for runtime processes
[DEBUG Sep 17 19:50:36.426212947, watcher.go:72] Checking for runtime processes
[DEBUG Sep 17 19:51:36.425605698, watcher.go:72] Checking for runtime processes
[DEBUG Sep 17 19:52:36.426184617, watcher.go:72] Checking for runtime processes
[DEBUG Sep 17 19:53:36.426184161, watcher.go:72] Checking for runtime processes
[DEBUG Sep 17 19:54:36.426186792, watcher.go:72] Checking for runtime processes
[DEBUG Sep 17 19:55:36.426187520, watcher.go:72] Checking for runtime processes
[DEBUG Sep 17 19:56:36.426187186, watcher.go:72] Checking for runtime processes
[DEBUG Sep 17 19:57:36.426179983, watcher.go:72] Checking for runtime processes
[DEBUG Sep 17 19:58:36.426186805, watcher.go:72] Checking for runtime processes
[DEBUG Sep 17 19:59:36.426185128, watcher.go:72] Checking for runtime processes
[DEBUG Sep 17 20:00:36.426183991, watcher.go:72] Checking for runtime processes
[DEBUG Sep 17 20:01:36.426185169, watcher.go:72] Checking for runtime processes
[DEBUG Sep 17 20:02:36.426178505, watcher.go:72] Checking for runtime processes
[DEBUG Sep 17 20:03:36.426185253, watcher.go:72] Checking for runtime processes
[DEBUG Sep 17 20:04:36.425609091, watcher.go:72] Checking for runtime processes
[DEBUG Sep 17 20:05:36.426184802, watcher.go:72] Checking for runtime processes
[DEBUG Sep 17 20:06:36.432387917, watcher.go:72] Checking for runtime processes
[DEBUG Sep 17 20:07:36.426187142, watcher.go:72] Checking for runtime processes
[DEBUG Sep 17 20:08:36.426190332, watcher.go:72] Checking for runtime processes
[DEBUG Sep 17 20:09:36.426184492, watcher.go:72] Checking for runtime processes
[DEBUG Sep 17 20:10:36.426185558, watcher.go:72] Checking for runtime processes
[DEBUG Sep 17 20:11:36.426186917, watcher.go:72] Checking for runtime processes
[DEBUG Sep 17 20:12:36.426180392, watcher.go:72] Checking for runtime processes
[DEBUG Sep 17 20:13:36.426186811, watcher.go:72] Checking for runtime processes
[DEBUG Sep 17 20:14:36.426191596, watcher.go:72] Checking for runtime processes
[DEBUG Sep 17 20:15:36.426185387, watcher.go:72] Checking for runtime processes
[DEBUG Sep 17 20:16:36.426182392, watcher.go:72] Checking for runtime processes
[DEBUG Sep 17 20:17:36.426174393, watcher.go:72] Checking for runtime processes
[DEBUG Sep 17 20:18:36.426191886, watcher.go:72] Checking for runtime processes
[DEBUG Sep 17 20:19:36.425612598, watcher.go:72] Checking for runtime processes
[DEBUG Sep 17 20:20:36.426188266, watcher.go:72] Checking for runtime processes
[DEBUG Sep 17 20:21:36.425607540, watcher.go:72] Checking for runtime processes
[DEBUG Sep 17 20:22:36.426185654, watcher.go:72] Checking for runtime processes
[DEBUG Sep 17 20:23:36.426185168, watcher.go:72] Checking for runtime processes
[DEBUG Sep 17 20:24:36.426182458, watcher.go:72] Checking for runtime processes
[DEBUG Sep 17 20:25:36.426182345, watcher.go:72] Checking for runtime processes
[DEBUG Sep 17 20:26:36.426186407, watcher.go:72] Checking for runtime processes
[DEBUG Sep 17 20:27:36.426187181, watcher.go:72] Checking for runtime processes
[DEBUG Sep 17 20:28:36.426190220, watcher.go:72] Checking for runtime processes
[DEBUG Sep 17 20:29:36.426181636, watcher.go:72] Checking for runtime processes
[DEBUG Sep 17 20:30:36.426187091, watcher.go:72] Checking for runtime processes
[DEBUG Sep 17 20:31:36.426184843, watcher.go:72] Checking for runtime processes
[DEBUG Sep 17 20:32:36.426190204, watcher.go:72] Checking for runtime processes
[DEBUG Sep 17 20:33:36.426184192, watcher.go:72] Checking for runtime processes
[DEBUG Sep 17 20:34:36.425608895, watcher.go:72] Checking for runtime processes
[DEBUG Sep 17 20:35:36.426198971, watcher.go:72] Checking for runtime processes
[DEBUG Sep 17 20:36:36.425606895, watcher.go:72] Checking for runtime processes
[DEBUG Sep 17 20:37:36.426185868, watcher.go:72] Checking for runtime processes
[DEBUG Sep 17 20:38:36.426181360, watcher.go:72] Checking for runtime processes
[DEBUG Sep 17 20:39:36.426184027, watcher.go:72] Checking for runtime processes
[DEBUG Sep 17 20:40:36.426180711, watcher.go:72] Checking for runtime processes
[DEBUG Sep 17 20:41:36.426185500, watcher.go:72] Checking for runtime processes
[DEBUG Sep 17 20:42:36.426183397, watcher.go:72] Checking for runtime processes
[DEBUG Sep 17 20:43:36.426185132, watcher.go:72] Checking for runtime processes
[DEBUG Sep 17 20:44:36.426194971, watcher.go:72] Checking for runtime processes
[DEBUG Sep 17 20:45:36.426202012, watcher.go:72] Checking for runtime processes
[DEBUG Sep 17 20:46:36.426201939, watcher.go:72] Checking for runtime processes
[DEBUG Sep 17 20:47:36.426173959, watcher.go:72] Checking for runtime processes
[DEBUG Sep 17 20:48:36.426191530, watcher.go:72] Checking for runtime processes
[DEBUG Sep 17 20:49:36.425611540, watcher.go:72] Checking for runtime processes
[DEBUG Sep 17 20:50:36.426188674, watcher.go:72] Checking for runtime processes
[DEBUG Sep 17 20:51:36.425611384, watcher.go:72] Checking for runtime processes
[DEBUG Sep 17 20:52:36.426182633, watcher.go:72] Checking for runtime processes
[DEBUG Sep 17 20:53:36.426183078, watcher.go:72] Checking for runtime processes
[DEBUG Sep 17 20:54:36.426192018, watcher.go:72] Checking for runtime processes
[DEBUG Sep 17 20:55:36.426193409, watcher.go:72] Checking for runtime processes
[DEBUG Sep 17 20:56:36.426187764, watcher.go:72] Checking for runtime processes
[DEBUG Sep 17 20:57:36.426185103, watcher.go:72] Checking for runtime processes
[DEBUG Sep 17 20:58:36.426194186, watcher.go:72] Checking for runtime processes
[DEBUG Sep 17 20:59:36.426187068, watcher.go:72] Checking for runtime processes
[DEBUG Sep 17 21:00:36.426188595, watcher.go:72] Checking for runtime processes
[DEBUG Sep 17 21:01:36.426185139, watcher.go:72] Checking for runtime processes
[DEBUG Sep 17 21:02:36.426173351, watcher.go:72] Checking for runtime processes
[DEBUG Sep 17 21:03:36.426188986, watcher.go:72] Checking for runtime processes
[DEBUG Sep 17 21:04:36.425610648, watcher.go:72] Checking for runtime processes
[DEBUG Sep 17 21:05:36.426181530, watcher.go:72] Checking for runtime processes
[DEBUG Sep 17 21:06:36.431680774, watcher.go:72] Checking for runtime processes
[DEBUG Sep 17 21:07:36.426185538, watcher.go:72] Checking for runtime processes
[DEBUG Sep 17 21:08:36.426184919, watcher.go:72] Checking for runtime processes
[DEBUG Sep 17 21:09:36.426189702, watcher.go:72] Checking for runtime processes
[DEBUG Sep 17 21:10:36.426187610, watcher.go:72] Checking for runtime processes
[DEBUG Sep 17 21:11:36.426189225, watcher.go:72] Checking for runtime processes
[DEBUG Sep 17 21:12:36.426183522, watcher.go:72] Checking for runtime processes
[DEBUG Sep 17 21:13:36.426187688, watcher.go:72] Checking for runtime processes
[DEBUG Sep 17 21:14:36.426182205, watcher.go:72] Checking for runtime processes
[DEBUG Sep 17 21:15:36.426185401, watcher.go:72] Checking for runtime processes
[DEBUG Sep 17 21:16:36.426181240, watcher.go:72] Checking for runtime processes
[DEBUG Sep 17 21:17:36.426175271, watcher.go:72] Checking for runtime processes
[DEBUG Sep 17 21:18:36.426181690, watcher.go:72] Checking for runtime processes
[DEBUG Sep 17 21:19:36.425610235, watcher.go:72] Checking for runtime processes
[DEBUG Sep 17 21:20:36.426184192, watcher.go:72] Checking for runtime processes
[DEBUG Sep 17 21:21:36.425607356, watcher.go:72] Checking for runtime processes
[DEBUG Sep 17 21:22:36.426194060, watcher.go:72] Checking for runtime processes
[DEBUG Sep 17 21:23:36.426183665, watcher.go:72] Checking for runtime processes
[DEBUG Sep 17 21:24:36.426186676, watcher.go:72] Checking for runtime processes
[DEBUG Sep 17 21:25:36.426182733, watcher.go:72] Checking for runtime processes
[DEBUG Sep 17 21:26:36.426183459, watcher.go:72] Checking for runtime processes
[DEBUG Sep 17 21:27:36.426191867, watcher.go:72] Checking for runtime processes
[DEBUG Sep 17 21:28:36.426187079, watcher.go:72] Checking for runtime processes
[DEBUG Sep 17 21:29:36.426184397, watcher.go:72] Checking for runtime processes
[DEBUG Sep 17 21:30:36.426184275, watcher.go:72] Checking for runtime processes
[DEBUG Sep 17 21:31:36.426187198, watcher.go:72] Checking for runtime processes
[DEBUG Sep 17 21:32:36.425987833, watcher.go:72] Checking for runtime processes
[DEBUG Sep 17 21:33:36.426185178, watcher.go:72] Checking for runtime processes
[DEBUG Sep 17 21:34:36.425610609, watcher.go:72] Checking for runtime processes
[DEBUG Sep 17 21:35:36.426181419, watcher.go:72] Checking for runtime processes
[DEBUG Sep 17 21:36:36.425604940, watcher.go:72] Checking for runtime processes
[DEBUG Sep 17 21:37:36.426187117, watcher.go:72] Checking for runtime processes
[DEBUG Sep 17 21:38:36.426181689, watcher.go:72] Checking for runtime processes
[DEBUG Sep 17 21:39:36.426193935, watcher.go:72] Checking for runtime processes
[DEBUG Sep 17 21:40:36.426186466, watcher.go:72] Checking for runtime processes
[DEBUG Sep 17 21:41:36.426195630, watcher.go:72] Checking for runtime processes
[DEBUG Sep 17 21:42:36.426187144, watcher.go:72] Checking for runtime processes
[DEBUG Sep 17 21:43:36.426192338, watcher.go:72] Checking for runtime processes
[DEBUG Sep 17 21:44:36.426190826, watcher.go:72] Checking for runtime processes
[DEBUG Sep 17 21:45:36.425936137, watcher.go:72] Checking for runtime processes
[DEBUG Sep 17 21:46:36.426185373, watcher.go:72] Checking for runtime processes
[DEBUG Sep 17 21:47:36.426173043, watcher.go:72] Checking for runtime processes
[DEBUG Sep 17 21:48:36.426184848, watcher.go:72] Checking for runtime processes
[DEBUG Sep 17 21:49:36.425610810, watcher.go:72] Checking for runtime processes
[DEBUG Sep 17 21:50:36.426185824, watcher.go:72] Checking for runtime processes
[DEBUG Sep 17 21:51:36.425606320, watcher.go:72] Checking for runtime processes
[DEBUG Sep 17 21:52:36.426195884, watcher.go:72] Checking for runtime processes
[DEBUG Sep 17 21:53:36.426183782, watcher.go:72] Checking for runtime processes
[DEBUG Sep 17 21:54:36.426197350, watcher.go:72] Checking for runtime processes
[DEBUG Sep 17 21:55:36.426182039, watcher.go:72] Checking for runtime processes
[DEBUG Sep 17 21:56:36.426207133, watcher.go:72] Checking for runtime processes
[DEBUG Sep 17 21:57:36.426185327, watcher.go:72] Checking for runtime processes
[DEBUG Sep 17 21:58:36.426184431, watcher.go:72] Checking for runtime processes
[DEBUG Sep 17 21:59:36.426187851, watcher.go:72] Checking for runtime processes
[DEBUG Sep 17 22:00:36.426183584, watcher.go:72] Checking for runtime processes
[DEBUG Sep 17 22:01:36.426189391, watcher.go:72] Checking for runtime processes
[DEBUG Sep 17 22:02:36.426180775, watcher.go:72] Checking for runtime processes
[DEBUG Sep 17 22:03:36.426202648, watcher.go:72] Checking for runtime processes
[DEBUG Sep 17 22:04:36.425609877, watcher.go:72] Checking for runtime processes
[DEBUG Sep 17 22:05:36.426183905, watcher.go:72] Checking for runtime processes
[DEBUG Sep 17 22:06:36.431707718, watcher.go:72] Checking for runtime processes
[DEBUG Sep 17 22:07:36.426183583, watcher.go:72] Checking for runtime processes
[DEBUG Sep 17 22:08:36.426190071, watcher.go:72] Checking for runtime processes
[DEBUG Sep 17 22:09:36.426185818, watcher.go:72] Checking for runtime processes
[DEBUG Sep 17 22:10:36.426183099, watcher.go:72] Checking for runtime processes
[DEBUG Sep 17 22:11:36.426243458, watcher.go:72] Checking for runtime processes
[DEBUG Sep 17 22:12:36.426189734, watcher.go:72] Checking for runtime processes
[DEBUG Sep 17 22:13:36.426197121, watcher.go:72] Checking for runtime processes
[DEBUG Sep 17 22:14:36.426205479, watcher.go:72] Checking for runtime processes
[DEBUG Sep 17 22:15:36.426191519, watcher.go:72] Checking for runtime processes
[DEBUG Sep 17 22:16:36.426180172, watcher.go:72] Checking for runtime processes
[DEBUG Sep 17 22:17:36.426173740, watcher.go:72] Checking for runtime processes
[DEBUG Sep 17 22:18:36.426180832, watcher.go:72] Checking for runtime processes
[DEBUG Sep 17 22:19:36.425610094, watcher.go:72] Checking for runtime processes
[DEBUG Sep 17 22:20:36.426204756, watcher.go:72] Checking for runtime processes
[DEBUG Sep 17 22:21:36.425605686, watcher.go:72] Checking for runtime processes
[DEBUG Sep 17 22:22:36.426185588, watcher.go:72] Checking for runtime processes
[DEBUG Sep 17 22:23:36.426183364, watcher.go:72] Checking for runtime processes
[DEBUG Sep 17 22:24:36.426195012, watcher.go:72] Checking for runtime processes
[DEBUG Sep 17 22:25:36.426182636, watcher.go:72] Checking for runtime processes
[DEBUG Sep 17 22:26:36.426017919, watcher.go:72] Checking for runtime processes
[DEBUG Sep 17 22:27:36.426184171, watcher.go:72] Checking for runtime processes
[DEBUG Sep 17 22:28:36.426185976, watcher.go:72] Checking for runtime processes
[DEBUG Sep 17 22:29:36.426182441, watcher.go:72] Checking for runtime processes
[DEBUG Sep 17 22:30:36.426183294, watcher.go:72] Checking for runtime processes
[DEBUG Sep 17 22:31:36.426184125, watcher.go:72] Checking for runtime processes
[DEBUG Sep 17 22:32:36.426297598, watcher.go:72] Checking for runtime processes
[DEBUG Sep 17 22:33:36.426203391, watcher.go:72] Checking for runtime processes
[DEBUG Sep 17 22:34:36.425611228, watcher.go:72] Checking for runtime processes
[DEBUG Sep 17 22:35:36.426185410, watcher.go:72] Checking for runtime processes
[DEBUG Sep 17 22:36:36.425605573, watcher.go:72] Checking for runtime processes
[DEBUG Sep 17 22:37:36.426187536, watcher.go:72] Checking for runtime processes
[DEBUG Sep 17 22:38:36.426182410, watcher.go:72] Checking for runtime processes
[DEBUG Sep 17 22:39:36.426200517, watcher.go:72] Checking for runtime processes
[DEBUG Sep 17 22:40:36.426185356, watcher.go:72] Checking for runtime processes
[DEBUG Sep 17 22:41:36.426215265, watcher.go:72] Checking for runtime processes
[DEBUG Sep 17 22:42:36.426182924, watcher.go:72] Checking for runtime processes
[DEBUG Sep 17 22:43:36.426184389, watcher.go:72] Checking for runtime processes
[DEBUG Sep 17 22:44:36.426183185, watcher.go:72] Checking for runtime processes
[DEBUG Sep 17 22:45:36.426203406, watcher.go:72] Checking for runtime processes
[DEBUG Sep 17 22:46:36.426189291, watcher.go:72] Checking for runtime processes
[DEBUG Sep 17 22:47:36.426178482, watcher.go:72] Checking for runtime processes
[DEBUG Sep 17 22:48:36.426188907, watcher.go:72] Checking for runtime processes
[DEBUG Sep 17 22:49:36.425608670, watcher.go:72] Checking for runtime processes
[DEBUG Sep 17 22:50:36.426182120, watcher.go:72] Checking for runtime processes
[DEBUG Sep 17 22:51:36.425603820, watcher.go:72] Checking for runtime processes
[DEBUG Sep 17 22:52:36.426186065, watcher.go:72] Checking for runtime processes
[DEBUG Sep 17 22:53:36.426181178, watcher.go:72] Checking for runtime processes
[DEBUG Sep 17 22:54:36.426329878, watcher.go:72] Checking for runtime processes
[DEBUG Sep 17 22:55:36.426179680, watcher.go:72] Checking for runtime processes
[DEBUG Sep 17 22:56:36.426187502, watcher.go:72] Checking for runtime processes
[DEBUG Sep 17 22:57:36.426185033, watcher.go:72] Checking for runtime processes
[DEBUG Sep 17 22:58:36.426202704, watcher.go:72] Checking for runtime processes
[DEBUG Sep 17 22:59:36.426182002, watcher.go:72] Checking for runtime processes
[DEBUG Sep 17 23:00:36.426189945, watcher.go:72] Checking for runtime processes
[DEBUG Sep 17 23:01:36.426194829, watcher.go:72] Checking for runtime processes
[DEBUG Sep 17 23:02:36.426183088, watcher.go:72] Checking for runtime processes
[DEBUG Sep 17 23:03:36.426187652, watcher.go:72] Checking for runtime processes
[DEBUG Sep 17 23:04:36.425611823, watcher.go:72] Checking for runtime processes
[DEBUG Sep 17 23:05:36.426187197, watcher.go:72] Checking for runtime processes
[DEBUG Sep 17 23:06:36.431665875, watcher.go:72] Checking for runtime processes
[DEBUG Sep 17 23:07:36.426182273, watcher.go:72] Checking for runtime processes
[DEBUG Sep 17 23:08:36.426021690, watcher.go:72] Checking for runtime processes
[DEBUG Sep 17 23:09:36.426184313, watcher.go:72] Checking for runtime processes
[DEBUG Sep 17 23:10:36.426180328, watcher.go:72] Checking for runtime processes
[DEBUG Sep 17 23:11:36.426183873, watcher.go:72] Checking for runtime processes
[DEBUG Sep 17 23:12:36.426180808, watcher.go:72] Checking for runtime processes
[DEBUG Sep 17 23:13:36.426183074, watcher.go:72] Checking for runtime processes
[DEBUG Sep 17 23:14:36.426189984, watcher.go:72] Checking for runtime processes
[DEBUG Sep 17 23:15:36.426187254, watcher.go:72] Checking for runtime processes
[DEBUG Sep 17 23:16:36.426183002, watcher.go:72] Checking for runtime processes
[DEBUG Sep 17 23:17:36.426171681, watcher.go:72] Checking for runtime processes
[DEBUG Sep 17 23:18:36.426180043, watcher.go:72] Checking for runtime processes
[DEBUG Sep 17 23:19:36.425609509, watcher.go:72] Checking for runtime processes
[DEBUG Sep 17 23:20:36.426182259, watcher.go:72] Checking for runtime processes
[DEBUG Sep 17 23:21:36.425608794, watcher.go:72] Checking for runtime processes
[DEBUG Sep 17 23:22:36.426185270, watcher.go:72] Checking for runtime processes
[DEBUG Sep 17 23:23:36.426188402, watcher.go:72] Checking for runtime processes
[DEBUG Sep 17 23:24:36.426193021, watcher.go:72] Checking for runtime processes
[DEBUG Sep 17 23:25:36.426188467, watcher.go:72] Checking for runtime processes
[DEBUG Sep 17 23:26:36.426227736, watcher.go:72] Checking for runtime processes
[DEBUG Sep 17 23:27:36.426179054, watcher.go:72] Checking for runtime processes
[DEBUG Sep 17 23:28:36.426185671, watcher.go:72] Checking for runtime processes
[DEBUG Sep 17 23:29:36.426196995, watcher.go:72] Checking for runtime processes
[DEBUG Sep 17 23:30:36.426183422, watcher.go:72] Checking for runtime processes
[DEBUG Sep 17 23:31:36.426179150, watcher.go:72] Checking for runtime processes
[DEBUG Sep 17 23:32:36.426170269, watcher.go:72] Checking for runtime processes
[DEBUG Sep 17 23:33:36.426175078, watcher.go:72] Checking for runtime processes
[DEBUG Sep 17 23:34:36.425609498, watcher.go:72] Checking for runtime processes
[DEBUG Sep 17 23:35:36.426179280, watcher.go:72] Checking for runtime processes
[DEBUG Sep 17 23:36:36.425606057, watcher.go:72] Checking for runtime processes
[DEBUG Sep 17 23:37:36.426180776, watcher.go:72] Checking for runtime processes
[DEBUG Sep 17 23:38:36.426180406, watcher.go:72] Checking for runtime processes
[DEBUG Sep 17 23:39:36.426183205, watcher.go:72] Checking for runtime processes
[DEBUG Sep 17 23:40:36.426178138, watcher.go:72] Checking for runtime processes
[DEBUG Sep 17 23:41:36.426183599, watcher.go:72] Checking for runtime processes
[DEBUG Sep 17 23:42:36.426181040, watcher.go:72] Checking for runtime processes
[DEBUG Sep 17 23:43:36.426182936, watcher.go:72] Checking for runtime processes
[DEBUG Sep 17 23:44:36.426182495, watcher.go:72] Checking for runtime processes
[DEBUG Sep 17 23:45:36.426182509, watcher.go:72] Checking for runtime processes
[DEBUG Sep 17 23:46:36.426179142, watcher.go:72] Checking for runtime processes
[DEBUG Sep 17 23:47:36.426185488, watcher.go:72] Checking for runtime processes
[DEBUG Sep 17 23:48:36.426177884, watcher.go:72] Checking for runtime processes
[DEBUG Sep 17 23:49:36.425611945, watcher.go:72] Checking for runtime processes
[DEBUG Sep 17 23:50:36.426187269, watcher.go:72] Checking for runtime processes
[DEBUG Sep 17 23:51:36.425606216, watcher.go:72] Checking for runtime processes
[DEBUG Sep 17 23:52:36.426190556, watcher.go:72] Checking for runtime processes
[DEBUG Sep 17 23:53:36.426198248, watcher.go:72] Checking for runtime processes
[DEBUG Sep 17 23:54:36.426183731, watcher.go:72] Checking for runtime processes
[DEBUG Sep 17 23:55:36.426193060, watcher.go:72] Checking for runtime processes
[DEBUG Sep 17 23:56:36.426182939, watcher.go:72] Checking for runtime processes
[DEBUG Sep 17 23:57:36.426182977, watcher.go:72] Checking for runtime processes
[DEBUG Sep 17 23:58:36.426184163, watcher.go:72] Checking for runtime processes
[DEBUG Sep 17 23:59:36.426181192, watcher.go:72] Checking for runtime processes
[DEBUG Sep 18 00:00:36.426184867, watcher.go:72] Checking for runtime processes
[DEBUG Sep 18 00:01:36.426179732, watcher.go:72] Checking for runtime processes
[DEBUG Sep 18 00:02:36.426174791, watcher.go:72] Checking for runtime processes
[DEBUG Sep 18 00:03:36.426183855, watcher.go:72] Checking for runtime processes
[DEBUG Sep 18 00:04:36.425606702, watcher.go:72] Checking for runtime processes
[DEBUG Sep 18 00:05:36.426181084, watcher.go:72] Checking for runtime processes
[DEBUG Sep 18 00:06:36.431645876, watcher.go:72] Checking for runtime processes
[DEBUG Sep 18 00:07:36.426178928, watcher.go:72] Checking for runtime processes
[DEBUG Sep 18 00:08:36.426193014, watcher.go:72] Checking for runtime processes
[DEBUG Sep 18 00:09:36.426183316, watcher.go:72] Checking for runtime processes
[DEBUG Sep 18 00:10:36.426199825, watcher.go:72] Checking for runtime processes
[DEBUG Sep 18 00:11:36.426184210, watcher.go:72] Checking for runtime processes
[DEBUG Sep 18 00:12:36.426191451, watcher.go:72] Checking for runtime processes
[DEBUG Sep 18 00:13:36.426190253, watcher.go:72] Checking for runtime processes
[DEBUG Sep 18 00:14:36.426185010, watcher.go:72] Checking for runtime processes
[DEBUG Sep 18 00:15:36.426188279, watcher.go:72] Checking for runtime processes
[DEBUG Sep 18 00:16:36.426187216, watcher.go:72] Checking for runtime processes
[DEBUG Sep 18 00:17:36.426177051, watcher.go:72] Checking for runtime processes
[DEBUG Sep 18 00:18:36.426186702, watcher.go:72] Checking for runtime processes
[DEBUG Sep 18 00:19:36.425610076, watcher.go:72] Checking for runtime processes
[DEBUG Sep 18 00:20:36.426181868, watcher.go:72] Checking for runtime processes
[DEBUG Sep 18 00:21:36.425608356, watcher.go:72] Checking for runtime processes
[DEBUG Sep 18 00:22:36.426195198, watcher.go:72] Checking for runtime processes
[DEBUG Sep 18 00:23:36.426186812, watcher.go:72] Checking for runtime processes
[DEBUG Sep 18 00:24:36.426192578, watcher.go:72] Checking for runtime processes
[DEBUG Sep 18 00:25:36.426191089, watcher.go:72] Checking for runtime processes
[DEBUG Sep 18 00:26:36.426191212, watcher.go:72] Checking for runtime processes
[DEBUG Sep 18 00:27:36.426188654, watcher.go:72] Checking for runtime processes
[DEBUG Sep 18 00:28:36.426187827, watcher.go:72] Checking for runtime processes
[DEBUG Sep 18 00:29:36.426179307, watcher.go:72] Checking for runtime processes
[DEBUG Sep 18 00:30:36.426183929, watcher.go:72] Checking for runtime processes
[DEBUG Sep 18 00:31:36.426199413, watcher.go:72] Checking for runtime processes
[DEBUG Sep 18 00:32:36.426186050, watcher.go:72] Checking for runtime processes
[DEBUG Sep 18 00:33:36.426181659, watcher.go:72] Checking for runtime processes
[DEBUG Sep 18 00:34:36.425612107, watcher.go:72] Checking for runtime processes
[DEBUG Sep 18 00:35:36.426186280, watcher.go:72] Checking for runtime processes
[DEBUG Sep 18 00:36:36.425605667, watcher.go:72] Checking for runtime processes
[DEBUG Sep 18 00:37:36.426190015, watcher.go:72] Checking for runtime processes
[DEBUG Sep 18 00:38:36.426175815, watcher.go:72] Checking for runtime processes
[DEBUG Sep 18 00:39:36.426197129, watcher.go:72] Checking for runtime processes
[DEBUG Sep 18 00:40:36.426195238, watcher.go:72] Checking for runtime processes
[DEBUG Sep 18 00:41:36.426194752, watcher.go:72] Checking for runtime processes
[DEBUG Sep 18 00:42:36.426180977, watcher.go:72] Checking for runtime processes
[DEBUG Sep 18 00:43:36.426184691, watcher.go:72] Checking for runtime processes
[DEBUG Sep 18 00:44:36.426183029, watcher.go:72] Checking for runtime processes
[DEBUG Sep 18 00:45:36.426182912, watcher.go:72] Checking for runtime processes
[DEBUG Sep 18 00:46:36.426181518, watcher.go:72] Checking for runtime processes
[DEBUG Sep 18 00:47:36.426201960, watcher.go:72] Checking for runtime processes
[DEBUG Sep 18 00:48:36.426181470, watcher.go:72] Checking for runtime processes
[DEBUG Sep 18 00:49:36.425615006, watcher.go:72] Checking for runtime processes
[DEBUG Sep 18 00:50:36.426182185, watcher.go:72] Checking for runtime processes
[DEBUG Sep 18 00:51:36.425605229, watcher.go:72] Checking for runtime processes
[DEBUG Sep 18 00:52:36.426182448, watcher.go:72] Checking for runtime processes
[DEBUG Sep 18 00:53:36.426177097, watcher.go:72] Checking for runtime processes
[DEBUG Sep 18 00:54:36.426188746, watcher.go:72] Checking for runtime processes
[DEBUG Sep 18 00:55:36.426180631, watcher.go:72] Checking for runtime processes
[DEBUG Sep 18 00:56:36.426206174, watcher.go:72] Checking for runtime processes
[DEBUG Sep 18 00:57:36.425846109, watcher.go:72] Checking for runtime processes
[DEBUG Sep 18 00:58:36.426189811, watcher.go:72] Checking for runtime processes
[DEBUG Sep 18 00:59:36.426189396, watcher.go:72] Checking for runtime processes
[DEBUG Sep 18 01:00:36.426188631, watcher.go:72] Checking for runtime processes
[DEBUG Sep 18 01:01:36.426184747, watcher.go:72] Checking for runtime processes
[DEBUG Sep 18 01:02:36.425855408, watcher.go:72] Checking for runtime processes
[DEBUG Sep 18 01:03:36.426179268, watcher.go:72] Checking for runtime processes
[DEBUG Sep 18 01:04:36.425609071, watcher.go:72] Checking for runtime processes
[DEBUG Sep 18 01:05:36.426188380, watcher.go:72] Checking for runtime processes
[DEBUG Sep 18 01:06:36.432354559, watcher.go:72] Checking for runtime processes
[DEBUG Sep 18 01:07:36.426183124, watcher.go:72] Checking for runtime processes
[DEBUG Sep 18 01:08:36.426177691, watcher.go:72] Checking for runtime processes
[DEBUG Sep 18 01:09:36.426182408, watcher.go:72] Checking for runtime processes
[DEBUG Sep 18 01:10:36.426178811, watcher.go:72] Checking for runtime processes
[DEBUG Sep 18 01:11:36.426185141, watcher.go:72] Checking for runtime processes
[DEBUG Sep 18 01:12:36.426181386, watcher.go:72] Checking for runtime processes
[DEBUG Sep 18 01:13:36.426175810, watcher.go:72] Checking for runtime processes
[DEBUG Sep 18 01:14:36.426154285, watcher.go:72] Checking for runtime processes
[DEBUG Sep 18 01:15:36.426189233, watcher.go:72] Checking for runtime processes
[DEBUG Sep 18 01:16:36.426189011, watcher.go:72] Checking for runtime processes
