[DEBUG Aug  2 08:04:04.505599106, defaults.go:273] Args: [/home1/wangfeim/.local/ActiveState/StateTool/release/bin/state-svc start]
[DEBUG Aug  2 08:04:04.520053920, locale.go:38] Init
[DEBUG Aug  2 08:04:05.272709724, errs.go:68] Created error: File could not be found
[DEBUG Aug  2 08:04:05.276030363, errs.go:68] Created error: Not Recognized
[DEBUG Aug  2 08:04:05.298491407, errs.go:68] Created error: Secret not found
[DEBUG Aug  2 08:04:05.298563800, errs.go:68] Created error: Could not save keypair
[DEBUG Aug  2 08:04:05.298765454, errs.go:68] Created error: Build responded with error
[DEBUG Aug  2 08:04:05.298798532, errs.go:68] Created error: Unknown build type
[DEBUG Aug  2 08:04:05.298930838, errors.go:86] Wrapped localized error: <nil> -- with: The installed version of the State Tool Service does not match that of the client.
Please stop the service with [ACTIONABLE]state-svc stop[/RESET] and try your command again.
If this issue persists please reinstall the State Tool.

[DEBUG Aug  2 08:04:05.298947503, errs.go:68] Created error: no data
[DEBUG Aug  2 08:04:05.298972831, errs.go:68] Created error: member not found
[DEBUG Aug  2 08:04:05.298997725, errs.go:68] Created error: Commit count is unknowable
[DEBUG Aug  2 08:04:05.299021085, errs.go:68] Created error: No merge required
[DEBUG Aug  2 08:04:05.299044494, errs.go:68] Created error: Can't merge commit thats already in target commits history
[DEBUG Aug  2 08:04:05.299068518, errs.go:68] Created error: Bad expander name
[DEBUG Aug  2 08:04:05.299097036, errs.go:68] Created error: Expander has no handler
[DEBUG Aug  2 08:04:05.300137175, errs.go:68] Created error: Service is already running
[DEBUG Aug  2 08:04:05.331343634, secrets.go:35] Gcloud Secretmanager failed to initialize (ignore if you're not trying to use gcloud): google: could not find default credentials. See https://developers.google.com/accounts/docs/application-default-credentials for more information.
[DEBUG Aug  2 08:04:05.334757156, output.go:53] Requested outputer for 
[DEBUG Aug  2 08:04:05.334784506, output.go:58] Using Plain outputer
[DEBUG Aug  2 08:04:05.334858702, termutils.go:17] Cannot get terminal size: inappropriate ioctl for device
[DEBUG Aug  2 08:04:05.334955231, client.go:128] Reporting event to 2 reporters: run-command, state-svc start, 
[DEBUG Aug  2 08:04:05.335007568, main.go:107] Running CmdStart
[DEBUG Aug  2 08:04:05.340850003, errs.go:75] Wrapped error: Service is already running -- with: valueF failed
[DEBUG Aug  2 08:04:05.340919366, errs.go:75] Wrapped error: valueF failed -- with: Could not store pid
[DEBUG Aug  2 08:04:05.341025112, errors.go:113] Wrapped input error: Could not store pid -- with: A State Service instance is already running in the background.
[DEBUG Aug  2 08:04:05.341042502, errs.go:75] Wrapped error: A State Service instance is already running in the background. -- with: Could not start serviceManager
[DEBUG Aug  2 08:04:05.341120678, client.go:128] Reporting event to 2 reporters: command-exit, state-svc start, 1
[DEBUG Aug  2 08:04:05.718626547, errs.go:75] Wrapped error: <nil> -- with: Could not start serviceManager: A State Service instance is already running in the background.: Could not store pid: valueF failed: Service is already running
[DEBUG Aug  2 08:04:05.718685152, main.go:61] state-svc errored out due to input: Could not start serviceManager: A State Service instance is already running in the background.: Could not store pid: valueF failed: Service is already running
