[DEBUG Aug  2 07:59:28.358578718, defaults.go:273] Args: [/home1/wangfeim/.local/ActiveState/StateTool/release/bin/state-svc start]
[DEBUG Aug  2 07:59:28.373765046, locale.go:38] Init
[DEBUG Aug  2 07:59:28.493693323, errs.go:68] Created error: File could not be found
[DEBUG Aug  2 07:59:28.496721935, errs.go:68] Created error: Not Recognized
[DEBUG Aug  2 07:59:28.518568978, errs.go:68] Created error: Secret not found
[DEBUG Aug  2 07:59:28.518624100, errs.go:68] Created error: Could not save keypair
[DEBUG Aug  2 07:59:28.518802958, errs.go:68] Created error: Build responded with error
[DEBUG Aug  2 07:59:28.518838896, errs.go:68] Created error: Unknown build type
[DEBUG Aug  2 07:59:28.518961765, errors.go:86] Wrapped localized error: <nil> -- with: The installed version of the State Tool Service does not match that of the client.
Please stop the service with [ACTIONABLE]state-svc stop[/RESET] and try your command again.
If this issue persists please reinstall the State Tool.

[DEBUG Aug  2 07:59:28.518978197, errs.go:68] Created error: no data
[DEBUG Aug  2 07:59:28.519008516, errs.go:68] Created error: member not found
[DEBUG Aug  2 07:59:28.519038549, errs.go:68] Created error: Commit count is unknowable
[DEBUG Aug  2 07:59:28.519062200, errs.go:68] Created error: No merge required
[DEBUG Aug  2 07:59:28.519092437, errs.go:68] Created error: Can't merge commit thats already in target commits history
[DEBUG Aug  2 07:59:28.519117250, errs.go:68] Created error: Bad expander name
[DEBUG Aug  2 07:59:28.519140724, errs.go:68] Created error: Expander has no handler
[DEBUG Aug  2 07:59:28.520199884, errs.go:68] Created error: Service is already running
[DEBUG Aug  2 07:59:28.604376247, secrets.go:35] Gcloud Secretmanager failed to initialize (ignore if you're not trying to use gcloud): google: could not find default credentials. See https://developers.google.com/accounts/docs/application-default-credentials for more information.
[DEBUG Aug  2 07:59:28.607608823, output.go:53] Requested outputer for 
[DEBUG Aug  2 07:59:28.607639988, output.go:58] Using Plain outputer
[DEBUG Aug  2 07:59:28.607746559, termutils.go:17] Cannot get terminal size: inappropriate ioctl for device
[DEBUG Aug  2 07:59:28.607838123, client.go:128] Reporting event to 2 reporters: run-command, state-svc start, 
[DEBUG Aug  2 07:59:28.607952326, main.go:107] Running CmdStart
[DEBUG Aug  2 07:59:28.613683009, errs.go:75] Wrapped error: Service is already running -- with: valueF failed
[DEBUG Aug  2 07:59:28.613745451, errs.go:75] Wrapped error: valueF failed -- with: Could not store pid
[DEBUG Aug  2 07:59:28.613820580, errors.go:113] Wrapped input error: Could not store pid -- with: A State Service instance is already running in the background.
[DEBUG Aug  2 07:59:28.613835441, errs.go:75] Wrapped error: A State Service instance is already running in the background. -- with: Could not start serviceManager
[DEBUG Aug  2 07:59:28.613939084, client.go:128] Reporting event to 2 reporters: command-exit, state-svc start, 1
[DEBUG Aug  2 07:59:28.986334723, errs.go:75] Wrapped error: <nil> -- with: Could not start serviceManager: A State Service instance is already running in the background.: Could not store pid: valueF failed: Service is already running
[DEBUG Aug  2 07:59:28.986428612, main.go:61] state-svc errored out due to input: Could not start serviceManager: A State Service instance is already running in the background.: Could not store pid: valueF failed: Service is already running
