[DEBUG Sep 17 11:46:26.577675503, errs.go:68] Created error: File could not be found
[DEBUG Sep 17 11:46:26.581162806, errs.go:68] Created error: Not Recognized
[DEBUG Sep 17 11:46:26.577816674, log.go:184] Rollbar error: empty token

[DEBUG Sep 17 11:46:26.609303092, errs.go:68] Created error: Secret not found
[DEBUG Sep 17 11:46:26.609403905, errs.go:68] Created error: Could not save keypair
[DEBUG Sep 17 11:46:26.609639858, errs.go:68] Created error: Build responded with error
[DEBUG Sep 17 11:46:26.609683968, errs.go:68] Created error: Unknown build type
[DEBUG Sep 17 11:46:26.609850018, errors.go:86] Wrapped localized error: <nil> -- with: The installed version of the State Tool Service does not match that of the client.
Please stop the service with [ACTIONABLE]state-svc stop[/RESET] and try your command again.
If this issue persists please reinstall the State Tool.

[DEBUG Sep 17 11:46:26.609864810, errs.go:68] Created error: no data
[DEBUG Sep 17 11:46:26.609887858, errs.go:68] Created error: member not found
[DEBUG Sep 17 11:46:26.609912115, errs.go:68] Created error: Commit count is unknowable
[DEBUG Sep 17 11:46:26.609933663, errs.go:68] Created error: No merge required
[DEBUG Sep 17 11:46:26.609956801, errs.go:68] Created error: Can't merge commit thats already in target commits history
[DEBUG Sep 17 11:46:26.609985071, errs.go:68] Created error: Bad expander name
[DEBUG Sep 17 11:46:26.610075731, errs.go:68] Created error: Expander has no handler
[DEBUG Sep 17 11:46:26.611022931, errs.go:68] Created error: Service is already running
[DEBUG Sep 17 11:46:26.663892868, secrets.go:35] Gcloud Secretmanager failed to initialize (ignore if you're not trying to use gcloud): google: could not find default credentials. See https://developers.google.com/accounts/docs/application-default-credentials for more information.
[DEBUG Sep 17 11:46:26.672274865, output.go:53] Requested outputer for 
[DEBUG Sep 17 11:46:26.672324723, output.go:58] Using Plain outputer
[DEBUG Sep 17 11:46:26.672397674, termutils.go:17] Cannot get terminal size: inappropriate ioctl for device
[DEBUG Sep 17 11:46:26.672588929, main.go:137] Running CmdForeground
[DEBUG Sep 17 11:46:26.672603299, main.go:147] Running in Foreground
[DEBUG Sep 17 11:46:26.672645797, client.go:128] Reporting event to 2 reporters: run-command, state-svc foreground, 
[DEBUG Sep 17 11:46:26.672974273, service.go:30] service:Start
