[DEBUG Aug  2 08:13:01.955648104, defaults.go:273] Args: [/home1/wangfeim/.local/ActiveState/StateTool/release/bin/state-svc start]
[DEBUG Aug  2 08:13:01.969407290, locale.go:38] Init
[DEBUG Aug  2 08:13:02.024930475, errs.go:68] Created error: File could not be found
[DEBUG Aug  2 08:13:02.027999434, errs.go:68] Created error: Not Recognized
[DEBUG Aug  2 08:13:02.048716836, errs.go:68] Created error: Secret not found
[DEBUG Aug  2 08:13:02.048794471, errs.go:68] Created error: Could not save keypair
[DEBUG Aug  2 08:13:02.049070422, errs.go:68] Created error: Build responded with error
[DEBUG Aug  2 08:13:02.049107860, errs.go:68] Created error: Unknown build type
[DEBUG Aug  2 08:13:02.049271555, errors.go:86] Wrapped localized error: <nil> -- with: The installed version of the State Tool Service does not match that of the client.
Please stop the service with [ACTIONABLE]state-svc stop[/RESET] and try your command again.
If this issue persists please reinstall the State Tool.

[DEBUG Aug  2 08:13:02.049303512, errs.go:68] Created error: no data
[DEBUG Aug  2 08:13:02.049335131, errs.go:68] Created error: member not found
[DEBUG Aug  2 08:13:02.049366697, errs.go:68] Created error: Commit count is unknowable
[DEBUG Aug  2 08:13:02.049397339, errs.go:68] Created error: No merge required
[DEBUG Aug  2 08:13:02.049426855, errs.go:68] Created error: Can't merge commit thats already in target commits history
[DEBUG Aug  2 08:13:02.049460452, errs.go:68] Created error: Bad expander name
[DEBUG Aug  2 08:13:02.049495491, errs.go:68] Created error: Expander has no handler
[DEBUG Aug  2 08:13:02.050687425, errs.go:68] Created error: Service is already running
[DEBUG Aug  2 08:13:02.104972064, secrets.go:35] Gcloud Secretmanager failed to initialize (ignore if you're not trying to use gcloud): google: could not find default credentials. See https://developers.google.com/accounts/docs/application-default-credentials for more information.
[DEBUG Aug  2 08:13:02.109469341, output.go:53] Requested outputer for 
[DEBUG Aug  2 08:13:02.109493869, output.go:58] Using Plain outputer
[DEBUG Aug  2 08:13:02.109584256, termutils.go:17] Cannot get terminal size: inappropriate ioctl for device
[DEBUG Aug  2 08:13:02.109682609, client.go:128] Reporting event to 2 reporters: run-command, state-svc start, 
[DEBUG Aug  2 08:13:02.109812870, main.go:107] Running CmdStart
[DEBUG Aug  2 08:13:02.116784009, errs.go:75] Wrapped error: Service is already running -- with: valueF failed
[DEBUG Aug  2 08:13:02.117273961, errs.go:75] Wrapped error: valueF failed -- with: Could not store pid
[DEBUG Aug  2 08:13:02.117426315, errors.go:113] Wrapped input error: Could not store pid -- with: A State Service instance is already running in the background.
[DEBUG Aug  2 08:13:02.117514269, errs.go:75] Wrapped error: A State Service instance is already running in the background. -- with: Could not start serviceManager
[DEBUG Aug  2 08:13:02.117855450, client.go:128] Reporting event to 2 reporters: command-exit, state-svc start, 1
[DEBUG Aug  2 08:13:02.485403949, errs.go:75] Wrapped error: <nil> -- with: Could not start serviceManager: A State Service instance is already running in the background.: Could not store pid: valueF failed: Service is already running
[DEBUG Aug  2 08:13:02.485483512, main.go:61] state-svc errored out due to input: Could not start serviceManager: A State Service instance is already running in the background.: Could not store pid: valueF failed: Service is already running
