[DEBUG Aug  2 07:52:06.787453217, defaults.go:273] Args: [/home1/wangfeim/.local/ActiveState/StateTool/release/bin/state-svc start]
[DEBUG Aug  2 07:52:06.801533290, locale.go:38] Init
[DEBUG Aug  2 07:52:06.841915740, errs.go:68] Created error: File could not be found
[DEBUG Aug  2 07:52:06.844636347, errs.go:68] Created error: Not Recognized
[DEBUG Aug  2 07:52:06.865177563, errs.go:68] Created error: Secret not found
[DEBUG Aug  2 07:52:06.865226243, errs.go:68] Created error: Could not save keypair
[DEBUG Aug  2 07:52:06.865431048, errs.go:68] Created error: Build responded with error
[DEBUG Aug  2 07:52:06.865466654, errs.go:68] Created error: Unknown build type
[DEBUG Aug  2 07:52:06.865592097, errors.go:86] Wrapped localized error: <nil> -- with: The installed version of the State Tool Service does not match that of the client.
Please stop the service with [ACTIONABLE]state-svc stop[/RESET] and try your command again.
If this issue persists please reinstall the State Tool.

[DEBUG Aug  2 07:52:06.865607325, errs.go:68] Created error: no data
[DEBUG Aug  2 07:52:06.865632047, errs.go:68] Created error: member not found
[DEBUG Aug  2 07:52:06.865655289, errs.go:68] Created error: Commit count is unknowable
[DEBUG Aug  2 07:52:06.865677758, errs.go:68] Created error: No merge required
[DEBUG Aug  2 07:52:06.865699471, errs.go:68] Created error: Can't merge commit thats already in target commits history
[DEBUG Aug  2 07:52:06.865726079, errs.go:68] Created error: Bad expander name
[DEBUG Aug  2 07:52:06.865748117, errs.go:68] Created error: Expander has no handler
[DEBUG Aug  2 07:52:06.867909261, errs.go:68] Created error: Service is already running
[DEBUG Aug  2 07:52:06.910112853, secrets.go:35] Gcloud Secretmanager failed to initialize (ignore if you're not trying to use gcloud): google: could not find default credentials. See https://developers.google.com/accounts/docs/application-default-credentials for more information.
[DEBUG Aug  2 07:52:06.914413006, output.go:53] Requested outputer for 
[DEBUG Aug  2 07:52:06.914438471, output.go:58] Using Plain outputer
[DEBUG Aug  2 07:52:06.914524318, termutils.go:17] Cannot get terminal size: inappropriate ioctl for device
[DEBUG Aug  2 07:52:06.915405754, client.go:128] Reporting event to 2 reporters: run-command, state-svc start, 
[DEBUG Aug  2 07:52:06.915487589, main.go:107] Running CmdStart
[DEBUG Aug  2 07:52:06.923432299, errs.go:75] Wrapped error: Service is already running -- with: valueF failed
[DEBUG Aug  2 07:52:06.923502336, errs.go:75] Wrapped error: valueF failed -- with: Could not store pid
[DEBUG Aug  2 07:52:06.923600204, errors.go:113] Wrapped input error: Could not store pid -- with: A State Service instance is already running in the background.
[DEBUG Aug  2 07:52:06.923616704, errs.go:75] Wrapped error: A State Service instance is already running in the background. -- with: Could not start serviceManager
[DEBUG Aug  2 07:52:06.923709870, client.go:128] Reporting event to 2 reporters: command-exit, state-svc start, 1
[DEBUG Aug  2 07:52:07.290241532, errs.go:75] Wrapped error: <nil> -- with: Could not start serviceManager: A State Service instance is already running in the background.: Could not store pid: valueF failed: Service is already running
[DEBUG Aug  2 07:52:07.290320866, main.go:61] state-svc errored out due to input: Could not start serviceManager: A State Service instance is already running in the background.: Could not store pid: valueF failed: Service is already running
