[DEBUG Aug  2 07:42:21.049025548, defaults.go:273] Args: [/home1/wangfeim/.local/ActiveState/StateTool/release/bin/state-svc start]
[DEBUG Aug  2 07:42:21.091178902, locale.go:38] Init
[DEBUG Aug  2 07:42:21.136995819, errs.go:68] Created error: File could not be found
[DEBUG Aug  2 07:42:21.139730317, errs.go:68] Created error: Not Recognized
[DEBUG Aug  2 07:42:21.194554936, errs.go:68] Created error: Secret not found
[DEBUG Aug  2 07:42:21.194604110, errs.go:68] Created error: Could not save keypair
[DEBUG Aug  2 07:42:21.194757631, errs.go:68] Created error: Build responded with error
[DEBUG Aug  2 07:42:21.194793162, errs.go:68] Created error: Unknown build type
[DEBUG Aug  2 07:42:21.194916334, errors.go:86] Wrapped localized error: <nil> -- with: The installed version of the State Tool Service does not match that of the client.
Please stop the service with [ACTIONABLE]state-svc stop[/RESET] and try your command again.
If this issue persists please reinstall the State Tool.

[DEBUG Aug  2 07:42:21.194930821, errs.go:68] Created error: no data
[DEBUG Aug  2 07:42:21.194954766, errs.go:68] Created error: member not found
[DEBUG Aug  2 07:42:21.194981802, errs.go:68] Created error: Commit count is unknowable
[DEBUG Aug  2 07:42:21.195011470, errs.go:68] Created error: No merge required
[DEBUG Aug  2 07:42:21.195033997, errs.go:68] Created error: Can't merge commit thats already in target commits history
[DEBUG Aug  2 07:42:21.195055436, errs.go:68] Created error: Bad expander name
[DEBUG Aug  2 07:42:21.195077159, errs.go:68] Created error: Expander has no handler
[DEBUG Aug  2 07:42:21.196266168, errs.go:68] Created error: Service is already running
[DEBUG Aug  2 07:42:21.222587245, secrets.go:35] Gcloud Secretmanager failed to initialize (ignore if you're not trying to use gcloud): google: could not find default credentials. See https://developers.google.com/accounts/docs/application-default-credentials for more information.
[DEBUG Aug  2 07:42:21.225420963, output.go:53] Requested outputer for 
[DEBUG Aug  2 07:42:21.225442734, output.go:58] Using Plain outputer
[DEBUG Aug  2 07:42:21.225516342, termutils.go:17] Cannot get terminal size: inappropriate ioctl for device
[DEBUG Aug  2 07:42:21.225580943, client.go:128] Reporting event to 2 reporters: run-command, state-svc start, 
[DEBUG Aug  2 07:42:21.225670500, main.go:107] Running CmdStart
[DEBUG Aug  2 07:42:21.230940941, errs.go:75] Wrapped error: Service is already running -- with: valueF failed
[DEBUG Aug  2 07:42:21.230999237, errs.go:75] Wrapped error: valueF failed -- with: Could not store pid
[DEBUG Aug  2 07:42:21.231068449, errors.go:113] Wrapped input error: Could not store pid -- with: A State Service instance is already running in the background.
[DEBUG Aug  2 07:42:21.231081882, errs.go:75] Wrapped error: A State Service instance is already running in the background. -- with: Could not start serviceManager
[DEBUG Aug  2 07:42:21.231147931, client.go:128] Reporting event to 2 reporters: command-exit, state-svc start, 1
[DEBUG Aug  2 07:42:21.597638408, errs.go:75] Wrapped error: <nil> -- with: Could not start serviceManager: A State Service instance is already running in the background.: Could not store pid: valueF failed: Service is already running
[DEBUG Aug  2 07:42:21.597703075, main.go:61] state-svc errored out due to input: Could not start serviceManager: A State Service instance is already running in the background.: Could not store pid: valueF failed: Service is already running
