[DEBUG Aug  2 07:51:43.431621981, defaults.go:273] Args: [/home1/wangfeim/.local/ActiveState/StateTool/release/bin/state-svc start]
[DEBUG Aug  2 07:51:43.445275894, locale.go:38] Init
[DEBUG Aug  2 07:51:43.501844946, errs.go:68] Created error: File could not be found
[DEBUG Aug  2 07:51:43.504867611, errs.go:68] Created error: Not Recognized
[DEBUG Aug  2 07:51:43.526233166, errs.go:68] Created error: Secret not found
[DEBUG Aug  2 07:51:43.526285846, errs.go:68] Created error: Could not save keypair
[DEBUG Aug  2 07:51:43.526472792, errs.go:68] Created error: Build responded with error
[DEBUG Aug  2 07:51:43.526503213, errs.go:68] Created error: Unknown build type
[DEBUG Aug  2 07:51:43.526637376, errors.go:86] Wrapped localized error: <nil> -- with: The installed version of the State Tool Service does not match that of the client.
Please stop the service with [ACTIONABLE]state-svc stop[/RESET] and try your command again.
If this issue persists please reinstall the State Tool.

[DEBUG Aug  2 07:51:43.526653963, errs.go:68] Created error: no data
[DEBUG Aug  2 07:51:43.526679076, errs.go:68] Created error: member not found
[DEBUG Aug  2 07:51:43.526712387, errs.go:68] Created error: Commit count is unknowable
[DEBUG Aug  2 07:51:43.526736566, errs.go:68] Created error: No merge required
[DEBUG Aug  2 07:51:43.526760896, errs.go:68] Created error: Can't merge commit thats already in target commits history
[DEBUG Aug  2 07:51:43.526786196, errs.go:68] Created error: Bad expander name
[DEBUG Aug  2 07:51:43.526815753, errs.go:68] Created error: Expander has no handler
[DEBUG Aug  2 07:51:43.527885925, errs.go:68] Created error: Service is already running
[DEBUG Aug  2 07:51:43.589649976, secrets.go:35] Gcloud Secretmanager failed to initialize (ignore if you're not trying to use gcloud): google: could not find default credentials. See https://developers.google.com/accounts/docs/application-default-credentials for more information.
[DEBUG Aug  2 07:51:43.593065664, output.go:53] Requested outputer for 
[DEBUG Aug  2 07:51:43.593090976, output.go:58] Using Plain outputer
[DEBUG Aug  2 07:51:43.593170838, termutils.go:17] Cannot get terminal size: inappropriate ioctl for device
[DEBUG Aug  2 07:51:43.593253051, client.go:128] Reporting event to 2 reporters: run-command, state-svc start, 
[DEBUG Aug  2 07:51:43.593327059, main.go:107] Running CmdStart
[DEBUG Aug  2 07:51:43.599007702, errs.go:75] Wrapped error: Service is already running -- with: valueF failed
[DEBUG Aug  2 07:51:43.599067070, errs.go:75] Wrapped error: valueF failed -- with: Could not store pid
[DEBUG Aug  2 07:51:43.599138726, errors.go:113] Wrapped input error: Could not store pid -- with: A State Service instance is already running in the background.
[DEBUG Aug  2 07:51:43.599152478, errs.go:75] Wrapped error: A State Service instance is already running in the background. -- with: Could not start serviceManager
[DEBUG Aug  2 07:51:43.599211902, client.go:128] Reporting event to 2 reporters: command-exit, state-svc start, 1
[DEBUG Aug  2 07:51:43.985035514, errs.go:75] Wrapped error: <nil> -- with: Could not start serviceManager: A State Service instance is already running in the background.: Could not store pid: valueF failed: Service is already running
[DEBUG Aug  2 07:51:43.985106993, main.go:61] state-svc errored out due to input: Could not start serviceManager: A State Service instance is already running in the background.: Could not store pid: valueF failed: Service is already running
