[DEBUG Aug  2 07:46:08.134942412, defaults.go:273] Args: [/home1/wangfeim/.local/ActiveState/StateTool/release/bin/state-svc start]
[DEBUG Aug  2 07:46:08.148614825, locale.go:38] Init
[DEBUG Aug  2 07:46:08.215139657, errs.go:68] Created error: File could not be found
[DEBUG Aug  2 07:46:08.217950935, errs.go:68] Created error: Not Recognized
[DEBUG Aug  2 07:46:08.237863068, errs.go:68] Created error: Secret not found
[DEBUG Aug  2 07:46:08.237927034, errs.go:68] Created error: Could not save keypair
[DEBUG Aug  2 07:46:08.238148659, errs.go:68] Created error: Build responded with error
[DEBUG Aug  2 07:46:08.238485034, errs.go:68] Created error: Unknown build type
[DEBUG Aug  2 07:46:08.239164586, errors.go:86] Wrapped localized error: <nil> -- with: The installed version of the State Tool Service does not match that of the client.
Please stop the service with [ACTIONABLE]state-svc stop[/RESET] and try your command again.
If this issue persists please reinstall the State Tool.

[DEBUG Aug  2 07:46:08.239291360, errs.go:68] Created error: no data
[DEBUG Aug  2 07:46:08.239371684, errs.go:68] Created error: member not found
[DEBUG Aug  2 07:46:08.239455389, errs.go:68] Created error: Commit count is unknowable
[DEBUG Aug  2 07:46:08.239504260, errs.go:68] Created error: No merge required
[DEBUG Aug  2 07:46:08.239566322, errs.go:68] Created error: Can't merge commit thats already in target commits history
[DEBUG Aug  2 07:46:08.239743033, errs.go:68] Created error: Bad expander name
[DEBUG Aug  2 07:46:08.239818809, errs.go:68] Created error: Expander has no handler
[DEBUG Aug  2 07:46:08.241800210, errs.go:68] Created error: Service is already running
[DEBUG Aug  2 07:46:08.308426591, secrets.go:35] Gcloud Secretmanager failed to initialize (ignore if you're not trying to use gcloud): google: could not find default credentials. See https://developers.google.com/accounts/docs/application-default-credentials for more information.
[DEBUG Aug  2 07:46:08.311612198, output.go:53] Requested outputer for 
[DEBUG Aug  2 07:46:08.311634423, output.go:58] Using Plain outputer
[DEBUG Aug  2 07:46:08.311714374, termutils.go:17] Cannot get terminal size: inappropriate ioctl for device
[DEBUG Aug  2 07:46:08.311877672, main.go:107] Running CmdStart
[DEBUG Aug  2 07:46:08.311905310, client.go:128] Reporting event to 2 reporters: run-command, state-svc start, 
[DEBUG Aug  2 07:46:08.319334798, errs.go:75] Wrapped error: Service is already running -- with: valueF failed
[DEBUG Aug  2 07:46:08.319400648, errs.go:75] Wrapped error: valueF failed -- with: Could not store pid
[DEBUG Aug  2 07:46:08.319469878, errors.go:113] Wrapped input error: Could not store pid -- with: A State Service instance is already running in the background.
[DEBUG Aug  2 07:46:08.319483321, errs.go:75] Wrapped error: A State Service instance is already running in the background. -- with: Could not start serviceManager
[DEBUG Aug  2 07:46:08.319560465, client.go:128] Reporting event to 2 reporters: command-exit, state-svc start, 1
[DEBUG Aug  2 07:46:08.684935480, errs.go:75] Wrapped error: <nil> -- with: Could not start serviceManager: A State Service instance is already running in the background.: Could not store pid: valueF failed: Service is already running
[DEBUG Aug  2 07:46:08.684996004, main.go:61] state-svc errored out due to input: Could not start serviceManager: A State Service instance is already running in the background.: Could not store pid: valueF failed: Service is already running
