[DEBUG Aug  2 07:43:05.833424497, defaults.go:273] Args: [/home1/wangfeim/.local/ActiveState/StateTool/release/bin/state-svc start]
[DEBUG Aug  2 07:43:05.851383986, locale.go:38] Init
[DEBUG Aug  2 07:43:05.923633597, errs.go:68] Created error: File could not be found
[DEBUG Aug  2 07:43:05.926351053, errs.go:68] Created error: Not Recognized
[DEBUG Aug  2 07:43:05.947868337, errs.go:68] Created error: Secret not found
[DEBUG Aug  2 07:43:05.947934718, errs.go:68] Created error: Could not save keypair
[DEBUG Aug  2 07:43:05.948190967, errs.go:68] Created error: Build responded with error
[DEBUG Aug  2 07:43:05.948230144, errs.go:68] Created error: Unknown build type
[DEBUG Aug  2 07:43:05.948378663, errors.go:86] Wrapped localized error: <nil> -- with: The installed version of the State Tool Service does not match that of the client.
Please stop the service with [ACTIONABLE]state-svc stop[/RESET] and try your command again.
If this issue persists please reinstall the State Tool.

[DEBUG Aug  2 07:43:05.948405961, errs.go:68] Created error: no data
[DEBUG Aug  2 07:43:05.948440151, errs.go:68] Created error: member not found
[DEBUG Aug  2 07:43:05.948469750, errs.go:68] Created error: Commit count is unknowable
[DEBUG Aug  2 07:43:05.948504539, errs.go:68] Created error: No merge required
[DEBUG Aug  2 07:43:05.948535865, errs.go:68] Created error: Can't merge commit thats already in target commits history
[DEBUG Aug  2 07:43:05.984961137, errs.go:68] Created error: Bad expander name
[DEBUG Aug  2 07:43:05.984996757, errs.go:68] Created error: Expander has no handler
[DEBUG Aug  2 07:43:05.986076562, errs.go:68] Created error: Service is already running
[DEBUG Aug  2 07:43:06.010423944, secrets.go:35] Gcloud Secretmanager failed to initialize (ignore if you're not trying to use gcloud): google: could not find default credentials. See https://developers.google.com/accounts/docs/application-default-credentials for more information.
[DEBUG Aug  2 07:43:06.014458581, output.go:53] Requested outputer for 
[DEBUG Aug  2 07:43:06.014479535, output.go:58] Using Plain outputer
[DEBUG Aug  2 07:43:06.014587606, termutils.go:17] Cannot get terminal size: inappropriate ioctl for device
[DEBUG Aug  2 07:43:06.015202768, client.go:128] Reporting event to 2 reporters: run-command, state-svc start, 
[DEBUG Aug  2 07:43:06.015509509, main.go:107] Running CmdStart
[DEBUG Aug  2 07:43:06.022322817, errs.go:75] Wrapped error: Service is already running -- with: valueF failed
[DEBUG Aug  2 07:43:06.022387975, errs.go:75] Wrapped error: valueF failed -- with: Could not store pid
[DEBUG Aug  2 07:43:06.022471420, errors.go:113] Wrapped input error: Could not store pid -- with: A State Service instance is already running in the background.
[DEBUG Aug  2 07:43:06.022486702, errs.go:75] Wrapped error: A State Service instance is already running in the background. -- with: Could not start serviceManager
[DEBUG Aug  2 07:43:06.022587913, client.go:128] Reporting event to 2 reporters: command-exit, state-svc start, 1
[DEBUG Aug  2 07:43:06.383998950, errs.go:75] Wrapped error: <nil> -- with: Could not start serviceManager: A State Service instance is already running in the background.: Could not store pid: valueF failed: Service is already running
[DEBUG Aug  2 07:43:06.384083378, main.go:61] state-svc errored out due to input: Could not start serviceManager: A State Service instance is already running in the background.: Could not store pid: valueF failed: Service is already running
