[DEBUG Aug  2 08:11:26.727170258, defaults.go:273] Args: [/home1/wangfeim/.local/ActiveState/StateTool/release/bin/state-svc start]
[DEBUG Aug  2 08:11:26.740928456, locale.go:38] Init
[DEBUG Aug  2 08:11:26.788475583, errs.go:68] Created error: File could not be found
[DEBUG Aug  2 08:11:26.791850646, errs.go:68] Created error: Not Recognized
[DEBUG Aug  2 08:11:26.813877870, errs.go:68] Created error: Secret not found
[DEBUG Aug  2 08:11:26.813929220, errs.go:68] Created error: Could not save keypair
[DEBUG Aug  2 08:11:26.814106877, errs.go:68] Created error: Build responded with error
[DEBUG Aug  2 08:11:26.814131941, errs.go:68] Created error: Unknown build type
[DEBUG Aug  2 08:11:26.814244138, errors.go:86] Wrapped localized error: <nil> -- with: The installed version of the State Tool Service does not match that of the client.
Please stop the service with [ACTIONABLE]state-svc stop[/RESET] and try your command again.
If this issue persists please reinstall the State Tool.

[DEBUG Aug  2 08:11:26.814258775, errs.go:68] Created error: no data
[DEBUG Aug  2 08:11:26.814286475, errs.go:68] Created error: member not found
[DEBUG Aug  2 08:11:26.814308851, errs.go:68] Created error: Commit count is unknowable
[DEBUG Aug  2 08:11:26.814329962, errs.go:68] Created error: No merge required
[DEBUG Aug  2 08:11:26.814351473, errs.go:68] Created error: Can't merge commit thats already in target commits history
[DEBUG Aug  2 08:11:26.814378999, errs.go:68] Created error: Bad expander name
[DEBUG Aug  2 08:11:26.814399729, errs.go:68] Created error: Expander has no handler
[DEBUG Aug  2 08:11:26.815522816, errs.go:68] Created error: Service is already running
[DEBUG Aug  2 08:11:26.848128904, secrets.go:35] Gcloud Secretmanager failed to initialize (ignore if you're not trying to use gcloud): google: could not find default credentials. See https://developers.google.com/accounts/docs/application-default-credentials for more information.
[DEBUG Aug  2 08:11:26.854651195, output.go:53] Requested outputer for 
[DEBUG Aug  2 08:11:26.854679788, output.go:58] Using Plain outputer
[DEBUG Aug  2 08:11:26.854774687, termutils.go:17] Cannot get terminal size: inappropriate ioctl for device
[DEBUG Aug  2 08:11:26.854875541, client.go:128] Reporting event to 2 reporters: run-command, state-svc start, 
[DEBUG Aug  2 08:11:26.854943543, main.go:107] Running CmdStart
[DEBUG Aug  2 08:11:26.861776461, errs.go:75] Wrapped error: Service is already running -- with: valueF failed
[DEBUG Aug  2 08:11:26.861835427, errs.go:75] Wrapped error: valueF failed -- with: Could not store pid
[DEBUG Aug  2 08:11:26.861915364, errors.go:113] Wrapped input error: Could not store pid -- with: A State Service instance is already running in the background.
[DEBUG Aug  2 08:11:26.861941212, errs.go:75] Wrapped error: A State Service instance is already running in the background. -- with: Could not start serviceManager
[DEBUG Aug  2 08:11:26.862016177, client.go:128] Reporting event to 2 reporters: command-exit, state-svc start, 1
[DEBUG Aug  2 08:11:27.194522226, errs.go:75] Wrapped error: <nil> -- with: Could not start serviceManager: A State Service instance is already running in the background.: Could not store pid: valueF failed: Service is already running
[DEBUG Aug  2 08:11:27.194588794, main.go:61] state-svc errored out due to input: Could not start serviceManager: A State Service instance is already running in the background.: Could not store pid: valueF failed: Service is already running
