[DEBUG Aug  2 07:41:12.390586653, defaults.go:273] Args: [/home1/wangfeim/.local/ActiveState/StateTool/release/bin/state-svc start]
[DEBUG Aug  2 07:41:12.404590828, locale.go:38] Init
[DEBUG Aug  2 07:41:12.473349502, errs.go:68] Created error: File could not be found
[DEBUG Aug  2 07:41:12.476472027, errs.go:68] Created error: Not Recognized
[DEBUG Aug  2 07:41:12.501272690, errs.go:68] Created error: Secret not found
[DEBUG Aug  2 07:41:12.501333768, errs.go:68] Created error: Could not save keypair
[DEBUG Aug  2 07:41:12.501526758, errs.go:68] Created error: Build responded with error
[DEBUG Aug  2 07:41:12.501563223, errs.go:68] Created error: Unknown build type
[DEBUG Aug  2 07:41:12.501688773, errors.go:86] Wrapped localized error: <nil> -- with: The installed version of the State Tool Service does not match that of the client.
Please stop the service with [ACTIONABLE]state-svc stop[/RESET] and try your command again.
If this issue persists please reinstall the State Tool.

[DEBUG Aug  2 07:41:12.501704853, errs.go:68] Created error: no data
[DEBUG Aug  2 07:41:12.501731139, errs.go:68] Created error: member not found
[DEBUG Aug  2 07:41:12.501758236, errs.go:68] Created error: Commit count is unknowable
[DEBUG Aug  2 07:41:12.501782465, errs.go:68] Created error: No merge required
[DEBUG Aug  2 07:41:12.501818898, errs.go:68] Created error: Can't merge commit thats already in target commits history
[DEBUG Aug  2 07:41:12.501860355, errs.go:68] Created error: Bad expander name
[DEBUG Aug  2 07:41:12.501900985, errs.go:68] Created error: Expander has no handler
[DEBUG Aug  2 07:41:12.503101997, errs.go:68] Created error: Service is already running
[DEBUG Aug  2 07:41:12.537125075, secrets.go:35] Gcloud Secretmanager failed to initialize (ignore if you're not trying to use gcloud): google: could not find default credentials. See https://developers.google.com/accounts/docs/application-default-credentials for more information.
[DEBUG Aug  2 07:41:12.543531694, output.go:53] Requested outputer for 
[DEBUG Aug  2 07:41:12.543565501, output.go:58] Using Plain outputer
[DEBUG Aug  2 07:41:12.543667154, termutils.go:17] Cannot get terminal size: inappropriate ioctl for device
[DEBUG Aug  2 07:41:12.543755816, client.go:128] Reporting event to 2 reporters: run-command, state-svc start, 
[DEBUG Aug  2 07:41:12.543840880, main.go:107] Running CmdStart
[DEBUG Aug  2 07:41:12.553519835, errs.go:75] Wrapped error: Service is already running -- with: valueF failed
[DEBUG Aug  2 07:41:12.553848730, errs.go:75] Wrapped error: valueF failed -- with: Could not store pid
[DEBUG Aug  2 07:41:12.554105580, errors.go:113] Wrapped input error: Could not store pid -- with: A State Service instance is already running in the background.
[DEBUG Aug  2 07:41:12.554129098, errs.go:75] Wrapped error: A State Service instance is already running in the background. -- with: Could not start serviceManager
[DEBUG Aug  2 07:41:12.554604691, client.go:128] Reporting event to 2 reporters: command-exit, state-svc start, 1
[DEBUG Aug  2 07:41:12.904737413, errs.go:75] Wrapped error: <nil> -- with: Could not start serviceManager: A State Service instance is already running in the background.: Could not store pid: valueF failed: Service is already running
[DEBUG Aug  2 07:41:12.904804693, main.go:61] state-svc errored out due to input: Could not start serviceManager: A State Service instance is already running in the background.: Could not store pid: valueF failed: Service is already running
