[DEBUG Aug  2 07:55:30.698597916, defaults.go:273] Args: [/home1/wangfeim/.local/ActiveState/StateTool/release/bin/state-svc start]
[DEBUG Aug  2 07:55:30.711882626, locale.go:38] Init
[DEBUG Aug  2 07:55:30.757948090, errs.go:68] Created error: File could not be found
[DEBUG Aug  2 07:55:30.787184640, errs.go:68] Created error: Not Recognized
[DEBUG Aug  2 07:55:30.808206415, errs.go:68] Created error: Secret not found
[DEBUG Aug  2 07:55:30.808255680, errs.go:68] Created error: Could not save keypair
[DEBUG Aug  2 07:55:30.808412503, errs.go:68] Created error: Build responded with error
[DEBUG Aug  2 07:55:30.808445724, errs.go:68] Created error: Unknown build type
[DEBUG Aug  2 07:55:30.808565904, errors.go:86] Wrapped localized error: <nil> -- with: The installed version of the State Tool Service does not match that of the client.
Please stop the service with [ACTIONABLE]state-svc stop[/RESET] and try your command again.
If this issue persists please reinstall the State Tool.

[DEBUG Aug  2 07:55:30.808579361, errs.go:68] Created error: no data
[DEBUG Aug  2 07:55:30.808602833, errs.go:68] Created error: member not found
[DEBUG Aug  2 07:55:30.808623915, errs.go:68] Created error: Commit count is unknowable
[DEBUG Aug  2 07:55:30.808651004, errs.go:68] Created error: No merge required
[DEBUG Aug  2 07:55:30.808671592, errs.go:68] Created error: Can't merge commit thats already in target commits history
[DEBUG Aug  2 07:55:30.808693094, errs.go:68] Created error: Bad expander name
[DEBUG Aug  2 07:55:30.808713317, errs.go:68] Created error: Expander has no handler
[DEBUG Aug  2 07:55:30.809804564, errs.go:68] Created error: Service is already running
[DEBUG Aug  2 07:55:30.838508959, secrets.go:35] Gcloud Secretmanager failed to initialize (ignore if you're not trying to use gcloud): google: could not find default credentials. See https://developers.google.com/accounts/docs/application-default-credentials for more information.
[DEBUG Aug  2 07:55:30.886357847, output.go:53] Requested outputer for 
[DEBUG Aug  2 07:55:30.886384641, output.go:58] Using Plain outputer
[DEBUG Aug  2 07:55:30.886446934, termutils.go:17] Cannot get terminal size: inappropriate ioctl for device
[DEBUG Aug  2 07:55:30.886547833, client.go:128] Reporting event to 2 reporters: run-command, state-svc start, 
[DEBUG Aug  2 07:55:30.886625611, main.go:107] Running CmdStart
[DEBUG Aug  2 07:55:30.894572846, errs.go:75] Wrapped error: Service is already running -- with: valueF failed
[DEBUG Aug  2 07:55:30.894642828, errs.go:75] Wrapped error: valueF failed -- with: Could not store pid
[DEBUG Aug  2 07:55:30.894722887, errors.go:113] Wrapped input error: Could not store pid -- with: A State Service instance is already running in the background.
[DEBUG Aug  2 07:55:30.894738517, errs.go:75] Wrapped error: A State Service instance is already running in the background. -- with: Could not start serviceManager
[DEBUG Aug  2 07:55:30.894837907, client.go:128] Reporting event to 2 reporters: command-exit, state-svc start, 1
[DEBUG Aug  2 07:55:31.221498433, errs.go:75] Wrapped error: <nil> -- with: Could not start serviceManager: A State Service instance is already running in the background.: Could not store pid: valueF failed: Service is already running
[DEBUG Aug  2 07:55:31.221598262, main.go:61] state-svc errored out due to input: Could not start serviceManager: A State Service instance is already running in the background.: Could not store pid: valueF failed: Service is already running
