[DEBUG Aug  2 07:51:30.750065553, defaults.go:273] Args: [/home1/wangfeim/.local/ActiveState/StateTool/release/bin/state-svc start]
[DEBUG Aug  2 07:51:30.764023034, locale.go:38] Init
[DEBUG Aug  2 07:51:30.817069849, errs.go:68] Created error: File could not be found
[DEBUG Aug  2 07:51:30.822568874, errs.go:68] Created error: Not Recognized
[DEBUG Aug  2 07:51:30.894700833, errs.go:68] Created error: Secret not found
[DEBUG Aug  2 07:51:30.894761243, errs.go:68] Created error: Could not save keypair
[DEBUG Aug  2 07:51:30.894949451, errs.go:68] Created error: Build responded with error
[DEBUG Aug  2 07:51:30.894978227, errs.go:68] Created error: Unknown build type
[DEBUG Aug  2 07:51:30.895104043, errors.go:86] Wrapped localized error: <nil> -- with: The installed version of the State Tool Service does not match that of the client.
Please stop the service with [ACTIONABLE]state-svc stop[/RESET] and try your command again.
If this issue persists please reinstall the State Tool.

[DEBUG Aug  2 07:51:30.895119452, errs.go:68] Created error: no data
[DEBUG Aug  2 07:51:30.895146343, errs.go:68] Created error: member not found
[DEBUG Aug  2 07:51:30.895170194, errs.go:68] Created error: Commit count is unknowable
[DEBUG Aug  2 07:51:30.895193406, errs.go:68] Created error: No merge required
[DEBUG Aug  2 07:51:30.895217078, errs.go:68] Created error: Can't merge commit thats already in target commits history
[DEBUG Aug  2 07:51:30.895241937, errs.go:68] Created error: Bad expander name
[DEBUG Aug  2 07:51:30.895265876, errs.go:68] Created error: Expander has no handler
[DEBUG Aug  2 07:51:30.896384558, errs.go:68] Created error: Service is already running
[DEBUG Aug  2 07:51:30.929610274, secrets.go:35] Gcloud Secretmanager failed to initialize (ignore if you're not trying to use gcloud): google: could not find default credentials. See https://developers.google.com/accounts/docs/application-default-credentials for more information.
[DEBUG Aug  2 07:51:30.933370775, output.go:53] Requested outputer for 
[DEBUG Aug  2 07:51:30.933397869, output.go:58] Using Plain outputer
[DEBUG Aug  2 07:51:30.933475617, termutils.go:17] Cannot get terminal size: inappropriate ioctl for device
[DEBUG Aug  2 07:51:30.933516367, client.go:128] Reporting event to 2 reporters: run-command, state-svc start, 
[DEBUG Aug  2 07:51:30.933678917, main.go:107] Running CmdStart
[DEBUG Aug  2 07:51:30.941705194, errs.go:75] Wrapped error: Service is already running -- with: valueF failed
[DEBUG Aug  2 07:51:30.941789316, errs.go:75] Wrapped error: valueF failed -- with: Could not store pid
[DEBUG Aug  2 07:51:30.941908300, errors.go:113] Wrapped input error: Could not store pid -- with: A State Service instance is already running in the background.
[DEBUG Aug  2 07:51:30.941929735, errs.go:75] Wrapped error: A State Service instance is already running in the background. -- with: Could not start serviceManager
[DEBUG Aug  2 07:51:30.942036711, client.go:128] Reporting event to 2 reporters: command-exit, state-svc start, 1
[DEBUG Aug  2 07:51:31.302107402, errs.go:75] Wrapped error: <nil> -- with: Could not start serviceManager: A State Service instance is already running in the background.: Could not store pid: valueF failed: Service is already running
[DEBUG Aug  2 07:51:31.302170450, main.go:61] state-svc errored out due to input: Could not start serviceManager: A State Service instance is already running in the background.: Could not store pid: valueF failed: Service is already running
