[DEBUG Aug  2 08:08:20.531079903, defaults.go:273] Args: [/home1/wangfeim/.local/ActiveState/StateTool/release/bin/state-svc start]
[DEBUG Aug  2 08:08:20.545883539, locale.go:38] Init
[DEBUG Aug  2 08:08:20.627816407, errs.go:68] Created error: File could not be found
[DEBUG Aug  2 08:08:20.630861214, errs.go:68] Created error: Not Recognized
[DEBUG Aug  2 08:08:20.700938274, errs.go:68] Created error: Secret not found
[DEBUG Aug  2 08:08:20.700992395, errs.go:68] Created error: Could not save keypair
[DEBUG Aug  2 08:08:20.701142992, errs.go:68] Created error: Build responded with error
[DEBUG Aug  2 08:08:20.701170820, errs.go:68] Created error: Unknown build type
[DEBUG Aug  2 08:08:20.701308052, errors.go:86] Wrapped localized error: <nil> -- with: The installed version of the State Tool Service does not match that of the client.
Please stop the service with [ACTIONABLE]state-svc stop[/RESET] and try your command again.
If this issue persists please reinstall the State Tool.

[DEBUG Aug  2 08:08:20.701323153, errs.go:68] Created error: no data
[DEBUG Aug  2 08:08:20.701348922, errs.go:68] Created error: member not found
[DEBUG Aug  2 08:08:20.701372695, errs.go:68] Created error: Commit count is unknowable
[DEBUG Aug  2 08:08:20.701396533, errs.go:68] Created error: No merge required
[DEBUG Aug  2 08:08:20.701421641, errs.go:68] Created error: Can't merge commit thats already in target commits history
[DEBUG Aug  2 08:08:20.701448185, errs.go:68] Created error: Bad expander name
[DEBUG Aug  2 08:08:20.701472935, errs.go:68] Created error: Expander has no handler
[DEBUG Aug  2 08:08:20.704105096, errs.go:68] Created error: Service is already running
[DEBUG Aug  2 08:08:20.728938455, secrets.go:35] Gcloud Secretmanager failed to initialize (ignore if you're not trying to use gcloud): google: could not find default credentials. See https://developers.google.com/accounts/docs/application-default-credentials for more information.
[DEBUG Aug  2 08:08:20.732285411, output.go:53] Requested outputer for 
[DEBUG Aug  2 08:08:20.732312810, output.go:58] Using Plain outputer
[DEBUG Aug  2 08:08:20.732399423, termutils.go:17] Cannot get terminal size: inappropriate ioctl for device
[DEBUG Aug  2 08:08:20.732613780, main.go:107] Running CmdStart
[DEBUG Aug  2 08:08:20.734019361, client.go:128] Reporting event to 2 reporters: run-command, state-svc start, 
[DEBUG Aug  2 08:08:20.787547979, errs.go:75] Wrapped error: Service is already running -- with: valueF failed
[DEBUG Aug  2 08:08:20.787623224, errs.go:75] Wrapped error: valueF failed -- with: Could not store pid
[DEBUG Aug  2 08:08:20.787702440, errors.go:113] Wrapped input error: Could not store pid -- with: A State Service instance is already running in the background.
[DEBUG Aug  2 08:08:20.787718448, errs.go:75] Wrapped error: A State Service instance is already running in the background. -- with: Could not start serviceManager
[DEBUG Aug  2 08:08:20.787788680, client.go:128] Reporting event to 2 reporters: command-exit, state-svc start, 1
[DEBUG Aug  2 08:08:21.102838185, errs.go:75] Wrapped error: <nil> -- with: Could not start serviceManager: A State Service instance is already running in the background.: Could not store pid: valueF failed: Service is already running
[DEBUG Aug  2 08:08:21.102898394, main.go:61] state-svc errored out due to input: Could not start serviceManager: A State Service instance is already running in the background.: Could not store pid: valueF failed: Service is already running
