[DEBUG Aug  2 07:33:47.942258024, defaults.go:273] Args: [/home1/wangfeim/.local/ActiveState/StateTool/release/bin/state-svc start]
[DEBUG Aug  2 07:33:47.956088098, locale.go:38] Init
[DEBUG Aug  2 07:33:47.995620522, errs.go:68] Created error: File could not be found
[DEBUG Aug  2 07:33:47.998626791, errs.go:68] Created error: Not Recognized
[DEBUG Aug  2 07:33:48.020870787, errs.go:68] Created error: Secret not found
[DEBUG Aug  2 07:33:48.020916655, errs.go:68] Created error: Could not save keypair
[DEBUG Aug  2 07:33:48.021067943, errs.go:68] Created error: Build responded with error
[DEBUG Aug  2 07:33:48.021098445, errs.go:68] Created error: Unknown build type
[DEBUG Aug  2 07:33:48.021208197, errors.go:86] Wrapped localized error: <nil> -- with: The installed version of the State Tool Service does not match that of the client.
Please stop the service with [ACTIONABLE]state-svc stop[/RESET] and try your command again.
If this issue persists please reinstall the State Tool.

[DEBUG Aug  2 07:33:48.021222689, errs.go:68] Created error: no data
[DEBUG Aug  2 07:33:48.021245932, errs.go:68] Created error: member not found
[DEBUG Aug  2 07:33:48.021266805, errs.go:68] Created error: Commit count is unknowable
[DEBUG Aug  2 07:33:48.021293201, errs.go:68] Created error: No merge required
[DEBUG Aug  2 07:33:48.021314249, errs.go:68] Created error: Can't merge commit thats already in target commits history
[DEBUG Aug  2 07:33:48.021344190, errs.go:68] Created error: Bad expander name
[DEBUG Aug  2 07:33:48.021364888, errs.go:68] Created error: Expander has no handler
[DEBUG Aug  2 07:33:48.022281005, errs.go:68] Created error: Service is already running
[DEBUG Aug  2 07:33:48.039832916, secrets.go:35] Gcloud Secretmanager failed to initialize (ignore if you're not trying to use gcloud): google: could not find default credentials. See https://developers.google.com/accounts/docs/application-default-credentials for more information.
[DEBUG Aug  2 07:33:48.043922446, output.go:53] Requested outputer for 
[DEBUG Aug  2 07:33:48.043952052, output.go:58] Using Plain outputer
[DEBUG Aug  2 07:33:48.044071536, termutils.go:17] Cannot get terminal size: inappropriate ioctl for device
[DEBUG Aug  2 07:33:48.044269584, client.go:128] Reporting event to 2 reporters: run-command, state-svc start, 
[DEBUG Aug  2 07:33:48.044304477, main.go:107] Running CmdStart
[DEBUG Aug  2 07:33:48.052018972, errs.go:75] Wrapped error: Service is already running -- with: valueF failed
[DEBUG Aug  2 07:33:48.052082966, errs.go:75] Wrapped error: valueF failed -- with: Could not store pid
[DEBUG Aug  2 07:33:48.052148640, errors.go:113] Wrapped input error: Could not store pid -- with: A State Service instance is already running in the background.
[DEBUG Aug  2 07:33:48.052162987, errs.go:75] Wrapped error: A State Service instance is already running in the background. -- with: Could not start serviceManager
[DEBUG Aug  2 07:33:48.052225053, client.go:128] Reporting event to 2 reporters: command-exit, state-svc start, 1
[DEBUG Aug  2 07:33:48.386778347, errs.go:75] Wrapped error: <nil> -- with: Could not start serviceManager: A State Service instance is already running in the background.: Could not store pid: valueF failed: Service is already running
[DEBUG Aug  2 07:33:48.386845561, main.go:61] state-svc errored out due to input: Could not start serviceManager: A State Service instance is already running in the background.: Could not store pid: valueF failed: Service is already running
