[DEBUG Aug  2 08:15:04.549926595, defaults.go:273] Args: [/home1/wangfeim/.local/ActiveState/StateTool/release/bin/state-svc start]
[DEBUG Aug  2 08:15:04.564945077, locale.go:38] Init
[DEBUG Aug  2 08:15:04.756352229, errs.go:68] Created error: File could not be found
[DEBUG Aug  2 08:15:04.759310705, errs.go:68] Created error: Not Recognized
[DEBUG Aug  2 08:15:04.784367225, errs.go:68] Created error: Secret not found
[DEBUG Aug  2 08:15:04.784421637, errs.go:68] Created error: Could not save keypair
[DEBUG Aug  2 08:15:04.784672164, errs.go:68] Created error: Build responded with error
[DEBUG Aug  2 08:15:04.784720129, errs.go:68] Created error: Unknown build type
[DEBUG Aug  2 08:15:04.784886054, errors.go:86] Wrapped localized error: <nil> -- with: The installed version of the State Tool Service does not match that of the client.
Please stop the service with [ACTIONABLE]state-svc stop[/RESET] and try your command again.
If this issue persists please reinstall the State Tool.

[DEBUG Aug  2 08:15:04.784903349, errs.go:68] Created error: no data
[DEBUG Aug  2 08:15:04.784929135, errs.go:68] Created error: member not found
[DEBUG Aug  2 08:15:04.784960425, errs.go:68] Created error: Commit count is unknowable
[DEBUG Aug  2 08:15:04.784984808, errs.go:68] Created error: No merge required
[DEBUG Aug  2 08:15:04.785009063, errs.go:68] Created error: Can't merge commit thats already in target commits history
[DEBUG Aug  2 08:15:04.785037265, errs.go:68] Created error: Bad expander name
[DEBUG Aug  2 08:15:04.785090810, errs.go:68] Created error: Expander has no handler
[DEBUG Aug  2 08:15:04.786484984, errs.go:68] Created error: Service is already running
[DEBUG Aug  2 08:15:04.817875752, secrets.go:35] Gcloud Secretmanager failed to initialize (ignore if you're not trying to use gcloud): google: could not find default credentials. See https://developers.google.com/accounts/docs/application-default-credentials for more information.
[DEBUG Aug  2 08:15:04.824864848, output.go:53] Requested outputer for 
[DEBUG Aug  2 08:15:04.824887071, output.go:58] Using Plain outputer
[DEBUG Aug  2 08:15:04.824957747, termutils.go:17] Cannot get terminal size: inappropriate ioctl for device
[DEBUG Aug  2 08:15:04.825058097, client.go:128] Reporting event to 2 reporters: run-command, state-svc start, 
[DEBUG Aug  2 08:15:04.825096883, main.go:107] Running CmdStart
[DEBUG Aug  2 08:15:04.831238035, errs.go:75] Wrapped error: Service is already running -- with: valueF failed
[DEBUG Aug  2 08:15:04.831294485, errs.go:75] Wrapped error: valueF failed -- with: Could not store pid
[DEBUG Aug  2 08:15:04.831362387, errors.go:113] Wrapped input error: Could not store pid -- with: A State Service instance is already running in the background.
[DEBUG Aug  2 08:15:04.831376676, errs.go:75] Wrapped error: A State Service instance is already running in the background. -- with: Could not start serviceManager
[DEBUG Aug  2 08:15:04.831452315, client.go:128] Reporting event to 2 reporters: command-exit, state-svc start, 1
[DEBUG Aug  2 08:15:05.184961579, errs.go:75] Wrapped error: <nil> -- with: Could not start serviceManager: A State Service instance is already running in the background.: Could not store pid: valueF failed: Service is already running
[DEBUG Aug  2 08:15:05.185053825, main.go:61] state-svc errored out due to input: Could not start serviceManager: A State Service instance is already running in the background.: Could not store pid: valueF failed: Service is already running
