[DEBUG Sep 17 12:22:35.559174554, defaults.go:273] Args: [/home1/wangfeim/.local/ActiveState/StateTool/release/bin/state-svc foreground]
[DEBUG Sep 17 12:22:35.572841006, locale.go:38] Init
[DEBUG Sep 17 12:22:35.602811587, errs.go:68] Created error: File could not be found
[DEBUG Sep 17 12:22:35.605804857, errs.go:68] Created error: Not Recognized
[DEBUG Sep 17 12:22:35.626835667, errs.go:68] Created error: Secret not found
[DEBUG Sep 17 12:22:35.626888791, errs.go:68] Created error: Could not save keypair
[DEBUG Sep 17 12:22:35.627105835, errs.go:68] Created error: Build responded with error
[DEBUG Sep 17 12:22:35.627146446, errs.go:68] Created error: Unknown build type
[DEBUG Sep 17 12:22:35.627372700, errors.go:86] Wrapped localized error: <nil> -- with: The installed version of the State Tool Service does not match that of the client.
Please stop the service with [ACTIONABLE]state-svc stop[/RESET] and try your command again.
If this issue persists please reinstall the State Tool.

[DEBUG Sep 17 12:22:35.627390283, errs.go:68] Created error: no data
[DEBUG Sep 17 12:22:35.627419197, errs.go:68] Created error: member not found
[DEBUG Sep 17 12:22:35.627444687, errs.go:68] Created error: Commit count is unknowable
[DEBUG Sep 17 12:22:35.627467562, errs.go:68] Created error: No merge required
[DEBUG Sep 17 12:22:35.627493350, errs.go:68] Created error: Can't merge commit thats already in target commits history
[DEBUG Sep 17 12:22:35.627520239, errs.go:68] Created error: Bad expander name
[DEBUG Sep 17 12:22:35.627544796, errs.go:68] Created error: Expander has no handler
[DEBUG Sep 17 12:22:35.629984507, errs.go:68] Created error: Service is already running
[DEBUG Sep 17 12:22:35.667440506, secrets.go:35] Gcloud Secretmanager failed to initialize (ignore if you're not trying to use gcloud): google: could not find default credentials. See https://developers.google.com/accounts/docs/application-default-credentials for more information.
[DEBUG Sep 17 12:22:35.671812082, output.go:53] Requested outputer for 
[DEBUG Sep 17 12:22:35.671831225, output.go:58] Using Plain outputer
[DEBUG Sep 17 12:22:35.671923756, termutils.go:17] Cannot get terminal size: inappropriate ioctl for device
[DEBUG Sep 17 12:22:35.672034175, main.go:137] Running CmdForeground
[DEBUG Sep 17 12:22:35.672058265, main.go:147] Running in Foreground
[DEBUG Sep 17 12:22:35.672095235, client.go:128] Reporting event to 2 reporters: run-command, state-svc foreground, 
[DEBUG Sep 17 12:22:35.672304845, service.go:30] service:Start
[DEBUG Sep 17 12:22:35.678796295, service.go:42] Server starting on port: 37154
[DEBUG Sep 17 12:22:35.678863395, client.go:128] Reporting event to 2 reporters: state-svc, start, 
[DEBUG Sep 17 12:23:35.679620990, watcher.go:72] Checking for runtime processes
[DEBUG Sep 17 12:24:35.679272972, watcher.go:72] Checking for runtime processes
[DEBUG Sep 17 12:25:35.679623981, watcher.go:72] Checking for runtime processes
[DEBUG Sep 17 12:26:35.679669515, watcher.go:72] Checking for runtime processes
[DEBUG Sep 17 12:27:35.679433863, watcher.go:72] Checking for runtime processes
[DEBUG Sep 17 12:28:35.679343202, watcher.go:72] Checking for runtime processes
[DEBUG Sep 17 12:29:35.679661897, watcher.go:72] Checking for runtime processes
[DEBUG Sep 17 12:30:35.679801094, watcher.go:72] Checking for runtime processes
[DEBUG Sep 17 12:31:35.679354899, watcher.go:72] Checking for runtime processes
[DEBUG Sep 17 12:32:35.679652694, watcher.go:72] Checking for runtime processes
[DEBUG Sep 17 12:33:35.679347572, watcher.go:72] Checking for runtime processes
[DEBUG Sep 17 12:34:35.679383029, watcher.go:72] Checking for runtime processes
[DEBUG Sep 17 12:35:35.679214235, watcher.go:72] Checking for runtime processes
[DEBUG Sep 17 12:36:35.679450268, watcher.go:72] Checking for runtime processes
[DEBUG Sep 17 12:37:35.679173863, watcher.go:72] Checking for runtime processes
[DEBUG Sep 17 12:38:35.679402611, watcher.go:72] Checking for runtime processes
[DEBUG Sep 17 12:39:35.679277080, watcher.go:72] Checking for runtime processes
[DEBUG Sep 17 12:40:35.679502858, watcher.go:72] Checking for runtime processes
[DEBUG Sep 17 12:41:35.679441822, watcher.go:72] Checking for runtime processes
[DEBUG Sep 17 12:42:35.679381200, watcher.go:72] Checking for runtime processes
[DEBUG Sep 17 12:43:35.679485907, watcher.go:72] Checking for runtime processes
[DEBUG Sep 17 12:44:35.679545063, watcher.go:72] Checking for runtime processes
[DEBUG Sep 17 12:45:35.679251012, watcher.go:72] Checking for runtime processes
[DEBUG Sep 17 12:46:35.679396553, watcher.go:72] Checking for runtime processes
[DEBUG Sep 17 12:47:35.679245525, watcher.go:72] Checking for runtime processes
[DEBUG Sep 17 12:48:35.679257828, watcher.go:72] Checking for runtime processes
[DEBUG Sep 17 12:49:35.679245407, watcher.go:72] Checking for runtime processes
[DEBUG Sep 17 12:50:35.679140031, watcher.go:72] Checking for runtime processes
[DEBUG Sep 17 12:51:35.679328503, watcher.go:72] Checking for runtime processes
[DEBUG Sep 17 12:52:35.679148501, watcher.go:72] Checking for runtime processes
[DEBUG Sep 17 12:53:35.679725660, watcher.go:72] Checking for runtime processes
[DEBUG Sep 17 12:54:35.679692164, watcher.go:72] Checking for runtime processes
[DEBUG Sep 17 12:55:35.679792750, watcher.go:72] Checking for runtime processes
[DEBUG Sep 17 12:56:35.679570629, watcher.go:72] Checking for runtime processes
[DEBUG Sep 17 12:57:35.679452802, watcher.go:72] Checking for runtime processes
[DEBUG Sep 17 12:58:35.679463041, watcher.go:72] Checking for runtime processes
[DEBUG Sep 17 12:59:35.679507549, watcher.go:72] Checking for runtime processes
[DEBUG Sep 17 13:00:35.679398435, watcher.go:72] Checking for runtime processes
[DEBUG Sep 17 13:01:35.679583551, watcher.go:72] Checking for runtime processes
[DEBUG Sep 17 13:02:35.679541963, watcher.go:72] Checking for runtime processes
[DEBUG Sep 17 13:03:35.679319815, watcher.go:72] Checking for runtime processes
[DEBUG Sep 17 13:04:35.679290275, watcher.go:72] Checking for runtime processes
[DEBUG Sep 17 13:05:35.679148872, watcher.go:72] Checking for runtime processes
[DEBUG Sep 17 13:06:35.679327445, watcher.go:72] Checking for runtime processes
[DEBUG Sep 17 13:07:35.679531794, watcher.go:72] Checking for runtime processes
[DEBUG Sep 17 13:08:35.679272563, watcher.go:72] Checking for runtime processes
[DEBUG Sep 17 13:09:35.679618800, watcher.go:72] Checking for runtime processes
[DEBUG Sep 17 13:10:35.679341986, watcher.go:72] Checking for runtime processes
[DEBUG Sep 17 13:11:35.679846806, watcher.go:72] Checking for runtime processes
[DEBUG Sep 17 13:12:35.679404500, watcher.go:72] Checking for runtime processes
[DEBUG Sep 17 13:13:35.679540956, watcher.go:72] Checking for runtime processes
[DEBUG Sep 17 13:14:35.679605718, watcher.go:72] Checking for runtime processes
[DEBUG Sep 17 13:15:35.679280502, watcher.go:72] Checking for runtime processes
[DEBUG Sep 17 13:16:35.679785357, watcher.go:72] Checking for runtime processes
[DEBUG Sep 17 13:17:35.679271124, watcher.go:72] Checking for runtime processes
[DEBUG Sep 17 13:18:35.679743484, watcher.go:72] Checking for runtime processes
[DEBUG Sep 17 13:19:35.679245708, watcher.go:72] Checking for runtime processes
[DEBUG Sep 17 13:20:35.679241087, watcher.go:72] Checking for runtime processes
[DEBUG Sep 17 13:21:35.679408711, watcher.go:72] Checking for runtime processes
[DEBUG Sep 17 13:22:35.679197222, watcher.go:72] Checking for runtime processes
[DEBUG Sep 17 13:23:35.679604815, watcher.go:72] Checking for runtime processes
[DEBUG Sep 17 13:24:35.679635904, watcher.go:72] Checking for runtime processes
[DEBUG Sep 17 13:25:35.679545172, watcher.go:72] Checking for runtime processes
[DEBUG Sep 17 13:26:35.679715158, watcher.go:72] Checking for runtime processes
[DEBUG Sep 17 13:27:35.679301128, watcher.go:72] Checking for runtime processes
[DEBUG Sep 17 13:28:35.679229928, watcher.go:72] Checking for runtime processes
[DEBUG Sep 17 13:29:35.679757691, watcher.go:72] Checking for runtime processes
[DEBUG Sep 17 13:30:35.679222044, watcher.go:72] Checking for runtime processes
[DEBUG Sep 17 13:31:35.679928038, watcher.go:72] Checking for runtime processes
[DEBUG Sep 17 13:32:35.679504962, watcher.go:72] Checking for runtime processes
[DEBUG Sep 17 13:33:35.679670147, watcher.go:72] Checking for runtime processes
[DEBUG Sep 17 13:34:35.679222806, watcher.go:72] Checking for runtime processes
[DEBUG Sep 17 13:35:35.679254215, watcher.go:72] Checking for runtime processes
[DEBUG Sep 17 13:36:35.679499416, watcher.go:72] Checking for runtime processes
[DEBUG Sep 17 13:37:35.679186486, watcher.go:72] Checking for runtime processes
[DEBUG Sep 17 13:38:35.679443441, watcher.go:72] Checking for runtime processes
[DEBUG Sep 17 13:39:35.679452157, watcher.go:72] Checking for runtime processes
[DEBUG Sep 17 13:40:35.679228190, watcher.go:72] Checking for runtime processes
[DEBUG Sep 17 13:41:35.679520492, watcher.go:72] Checking for runtime processes
[DEBUG Sep 17 13:42:35.679296433, watcher.go:72] Checking for runtime processes
[DEBUG Sep 17 13:43:35.679250926, watcher.go:72] Checking for runtime processes
[DEBUG Sep 17 13:44:35.679612729, watcher.go:72] Checking for runtime processes
[DEBUG Sep 17 13:45:35.679326286, watcher.go:72] Checking for runtime processes
[DEBUG Sep 17 13:46:35.679409574, watcher.go:72] Checking for runtime processes
[DEBUG Sep 17 13:47:35.679226845, watcher.go:72] Checking for runtime processes
[DEBUG Sep 17 13:48:35.679586237, watcher.go:72] Checking for runtime processes
[DEBUG Sep 17 13:49:35.679406091, watcher.go:72] Checking for runtime processes
[DEBUG Sep 17 13:50:35.679230306, watcher.go:72] Checking for runtime processes
[DEBUG Sep 17 13:51:35.679227761, watcher.go:72] Checking for runtime processes
[DEBUG Sep 17 13:52:35.679229829, watcher.go:72] Checking for runtime processes
[DEBUG Sep 17 13:53:35.679847061, watcher.go:72] Checking for runtime processes
[DEBUG Sep 17 13:54:35.679303960, watcher.go:72] Checking for runtime processes
[DEBUG Sep 17 13:55:35.679510433, watcher.go:72] Checking for runtime processes
[DEBUG Sep 17 13:56:35.679339753, watcher.go:72] Checking for runtime processes
[DEBUG Sep 17 13:57:35.679529015, watcher.go:72] Checking for runtime processes
[DEBUG Sep 17 13:58:35.679346350, watcher.go:72] Checking for runtime processes
[DEBUG Sep 17 13:59:35.679365106, watcher.go:72] Checking for runtime processes
[DEBUG Sep 17 14:00:35.679395974, watcher.go:72] Checking for runtime processes
[DEBUG Sep 17 14:01:35.679710269, watcher.go:72] Checking for runtime processes
[DEBUG Sep 17 14:02:35.679275048, watcher.go:72] Checking for runtime processes
[DEBUG Sep 17 14:03:35.679390900, watcher.go:72] Checking for runtime processes
[DEBUG Sep 17 14:04:35.679480022, watcher.go:72] Checking for runtime processes
[DEBUG Sep 17 14:05:35.679152574, watcher.go:72] Checking for runtime processes
[DEBUG Sep 17 14:06:35.679397894, watcher.go:72] Checking for runtime processes
[DEBUG Sep 17 14:07:35.679148893, watcher.go:72] Checking for runtime processes
[DEBUG Sep 17 14:08:35.679575251, watcher.go:72] Checking for runtime processes
[DEBUG Sep 17 14:09:35.679486204, watcher.go:72] Checking for runtime processes
[DEBUG Sep 17 14:10:35.679338829, watcher.go:72] Checking for runtime processes
[DEBUG Sep 17 14:11:35.679415125, watcher.go:72] Checking for runtime processes
[DEBUG Sep 17 14:12:35.679350317, watcher.go:72] Checking for runtime processes
[DEBUG Sep 17 14:13:35.679379675, watcher.go:72] Checking for runtime processes
[DEBUG Sep 17 14:14:35.679719527, watcher.go:72] Checking for runtime processes
[DEBUG Sep 17 14:15:35.679459661, watcher.go:72] Checking for runtime processes
[DEBUG Sep 17 14:16:35.679721573, watcher.go:72] Checking for runtime processes
[DEBUG Sep 17 14:17:35.679607483, watcher.go:72] Checking for runtime processes
[DEBUG Sep 17 14:18:35.679280419, watcher.go:72] Checking for runtime processes
[DEBUG Sep 17 14:19:35.679556074, watcher.go:72] Checking for runtime processes
[DEBUG Sep 17 14:20:35.679271138, watcher.go:72] Checking for runtime processes
[DEBUG Sep 17 14:21:35.679534566, watcher.go:72] Checking for runtime processes
[DEBUG Sep 17 14:22:35.679107269, watcher.go:72] Checking for runtime processes
[DEBUG Sep 17 14:23:35.679336016, watcher.go:72] Checking for runtime processes
[DEBUG Sep 17 14:24:35.679426027, watcher.go:72] Checking for runtime processes
[DEBUG Sep 17 14:25:35.679269351, watcher.go:72] Checking for runtime processes
[DEBUG Sep 17 14:26:35.679373108, watcher.go:72] Checking for runtime processes
[DEBUG Sep 17 14:27:35.679562799, watcher.go:72] Checking for runtime processes
[DEBUG Sep 17 14:28:35.679612517, watcher.go:72] Checking for runtime processes
[DEBUG Sep 17 14:29:35.679356433, watcher.go:72] Checking for runtime processes
[DEBUG Sep 17 14:30:35.679524043, watcher.go:72] Checking for runtime processes
[DEBUG Sep 17 14:31:35.679606916, watcher.go:72] Checking for runtime processes
[DEBUG Sep 17 14:32:35.679324774, watcher.go:72] Checking for runtime processes
[DEBUG Sep 17 14:33:35.679362578, watcher.go:72] Checking for runtime processes
[DEBUG Sep 17 14:34:35.679494875, watcher.go:72] Checking for runtime processes
[DEBUG Sep 17 14:35:35.679192951, watcher.go:72] Checking for runtime processes
[DEBUG Sep 17 14:36:35.679715457, watcher.go:72] Checking for runtime processes
[DEBUG Sep 17 14:37:35.679344848, watcher.go:72] Checking for runtime processes
[DEBUG Sep 17 14:38:35.679256233, watcher.go:72] Checking for runtime processes
[DEBUG Sep 17 14:39:35.679375267, watcher.go:72] Checking for runtime processes
[DEBUG Sep 17 14:40:35.679266838, watcher.go:72] Checking for runtime processes
[DEBUG Sep 17 14:41:35.679471692, watcher.go:72] Checking for runtime processes
[DEBUG Sep 17 14:42:35.679250394, watcher.go:72] Checking for runtime processes
[DEBUG Sep 17 14:43:35.679406346, watcher.go:72] Checking for runtime processes
[DEBUG Sep 17 14:44:35.679563020, watcher.go:72] Checking for runtime processes
[DEBUG Sep 17 14:45:35.679339245, watcher.go:72] Checking for runtime processes
[DEBUG Sep 17 14:46:35.679598766, watcher.go:72] Checking for runtime processes
[DEBUG Sep 17 14:47:35.679638262, watcher.go:72] Checking for runtime processes
[DEBUG Sep 17 14:48:35.679438339, watcher.go:72] Checking for runtime processes
[DEBUG Sep 17 14:49:35.679627321, watcher.go:72] Checking for runtime processes
[DEBUG Sep 17 14:50:35.679615853, watcher.go:72] Checking for runtime processes
[DEBUG Sep 17 14:51:35.679539435, watcher.go:72] Checking for runtime processes
[DEBUG Sep 17 14:52:35.679143177, watcher.go:72] Checking for runtime processes
[DEBUG Sep 17 14:53:35.679236692, watcher.go:72] Checking for runtime processes
[DEBUG Sep 17 14:54:35.679323621, watcher.go:72] Checking for runtime processes
[DEBUG Sep 17 14:55:35.679229319, watcher.go:72] Checking for runtime processes
[DEBUG Sep 17 14:56:35.679439720, watcher.go:72] Checking for runtime processes
[DEBUG Sep 17 14:57:35.679393376, watcher.go:72] Checking for runtime processes
[DEBUG Sep 17 14:58:35.679220086, watcher.go:72] Checking for runtime processes
[DEBUG Sep 17 14:59:35.679234443, watcher.go:72] Checking for runtime processes
[DEBUG Sep 17 15:00:35.679562446, watcher.go:72] Checking for runtime processes
[DEBUG Sep 17 15:01:35.679684217, watcher.go:72] Checking for runtime processes
[DEBUG Sep 17 15:02:35.679445816, watcher.go:72] Checking for runtime processes
[DEBUG Sep 17 15:03:35.679281549, watcher.go:72] Checking for runtime processes
[DEBUG Sep 17 15:04:35.679505722, watcher.go:72] Checking for runtime processes
[DEBUG Sep 17 15:05:35.679329997, watcher.go:72] Checking for runtime processes
[DEBUG Sep 17 15:06:35.679415858, watcher.go:72] Checking for runtime processes
[DEBUG Sep 17 15:07:35.679380681, watcher.go:72] Checking for runtime processes
[DEBUG Sep 17 15:08:35.679645375, watcher.go:72] Checking for runtime processes
[DEBUG Sep 17 15:09:35.679235030, watcher.go:72] Checking for runtime processes
[DEBUG Sep 17 15:10:35.679638766, watcher.go:72] Checking for runtime processes
[DEBUG Sep 17 15:11:35.679287362, watcher.go:72] Checking for runtime processes
[DEBUG Sep 17 15:12:35.679604224, watcher.go:72] Checking for runtime processes
[DEBUG Sep 17 15:13:35.679638038, watcher.go:72] Checking for runtime processes
[DEBUG Sep 17 15:14:35.679438080, watcher.go:72] Checking for runtime processes
[DEBUG Sep 17 15:15:35.679513949, watcher.go:72] Checking for runtime processes
[DEBUG Sep 17 15:16:35.679299700, watcher.go:72] Checking for runtime processes
[DEBUG Sep 17 15:17:35.679859065, watcher.go:72] Checking for runtime processes
[DEBUG Sep 17 15:18:35.679240068, watcher.go:72] Checking for runtime processes
[DEBUG Sep 17 15:19:35.679500015, watcher.go:72] Checking for runtime processes
[DEBUG Sep 17 15:20:35.679381574, watcher.go:72] Checking for runtime processes
[DEBUG Sep 17 15:21:35.679818587, watcher.go:72] Checking for runtime processes
[DEBUG Sep 17 15:22:35.679104653, watcher.go:72] Checking for runtime processes
[DEBUG Sep 17 15:23:35.679488722, watcher.go:72] Checking for runtime processes
[DEBUG Sep 17 15:24:35.679433449, watcher.go:72] Checking for runtime processes
[DEBUG Sep 17 15:25:35.679603234, watcher.go:72] Checking for runtime processes
[DEBUG Sep 17 15:26:35.679312345, watcher.go:72] Checking for runtime processes
[DEBUG Sep 17 15:27:35.679590132, watcher.go:72] Checking for runtime processes
[DEBUG Sep 17 15:28:35.679385354, watcher.go:72] Checking for runtime processes
[DEBUG Sep 17 15:29:35.679498875, watcher.go:72] Checking for runtime processes
[DEBUG Sep 17 15:30:35.679861685, watcher.go:72] Checking for runtime processes
[DEBUG Sep 17 15:31:35.679313536, watcher.go:72] Checking for runtime processes
[DEBUG Sep 17 15:32:35.679908140, watcher.go:72] Checking for runtime processes
[DEBUG Sep 17 15:33:35.679522889, watcher.go:72] Checking for runtime processes
[DEBUG Sep 17 15:34:35.679256225, watcher.go:72] Checking for runtime processes
[DEBUG Sep 17 15:35:35.679182826, watcher.go:72] Checking for runtime processes
[DEBUG Sep 17 15:36:35.679255091, watcher.go:72] Checking for runtime processes
[DEBUG Sep 17 15:37:35.679164815, watcher.go:72] Checking for runtime processes
[DEBUG Sep 17 15:38:35.679506577, watcher.go:72] Checking for runtime processes
[DEBUG Sep 17 15:39:35.679280014, watcher.go:72] Checking for runtime processes
[DEBUG Sep 17 15:40:35.679484044, watcher.go:72] Checking for runtime processes
[DEBUG Sep 17 15:41:35.679619912, watcher.go:72] Checking for runtime processes
[DEBUG Sep 17 15:42:35.679311528, watcher.go:72] Checking for runtime processes
[DEBUG Sep 17 15:43:35.679312497, watcher.go:72] Checking for runtime processes
[DEBUG Sep 17 15:44:35.679260569, watcher.go:72] Checking for runtime processes
[DEBUG Sep 17 15:45:35.679238614, watcher.go:72] Checking for runtime processes
[DEBUG Sep 17 15:46:35.679260975, watcher.go:72] Checking for runtime processes
[DEBUG Sep 17 15:47:35.679254576, watcher.go:72] Checking for runtime processes
[DEBUG Sep 17 15:48:35.679249013, watcher.go:72] Checking for runtime processes
[DEBUG Sep 17 15:49:35.679247337, watcher.go:72] Checking for runtime processes
[DEBUG Sep 17 15:50:35.679169376, watcher.go:72] Checking for runtime processes
[DEBUG Sep 17 15:51:35.679244907, watcher.go:72] Checking for runtime processes
[DEBUG Sep 17 15:52:35.679164966, watcher.go:72] Checking for runtime processes
[DEBUG Sep 17 15:53:35.679259117, watcher.go:72] Checking for runtime processes
[DEBUG Sep 17 15:54:35.679240745, watcher.go:72] Checking for runtime processes
[DEBUG Sep 17 15:55:35.679269856, watcher.go:72] Checking for runtime processes
[DEBUG Sep 17 15:56:35.679255013, watcher.go:72] Checking for runtime processes
[DEBUG Sep 17 15:57:35.679248287, watcher.go:72] Checking for runtime processes
[DEBUG Sep 17 15:58:35.679250837, watcher.go:72] Checking for runtime processes
[DEBUG Sep 17 15:59:35.679265352, watcher.go:72] Checking for runtime processes
[DEBUG Sep 17 16:00:35.679252245, watcher.go:72] Checking for runtime processes
[DEBUG Sep 17 16:01:35.679259805, watcher.go:72] Checking for runtime processes
[DEBUG Sep 17 16:02:35.679254985, watcher.go:72] Checking for runtime processes
[DEBUG Sep 17 16:03:35.679239942, watcher.go:72] Checking for runtime processes
[DEBUG Sep 17 16:04:35.679255241, watcher.go:72] Checking for runtime processes
[DEBUG Sep 17 16:05:35.679167419, watcher.go:72] Checking for runtime processes
[DEBUG Sep 17 16:06:35.679266667, watcher.go:72] Checking for runtime processes
[DEBUG Sep 17 16:07:35.679163665, watcher.go:72] Checking for runtime processes
[DEBUG Sep 17 16:08:35.679242182, watcher.go:72] Checking for runtime processes
[DEBUG Sep 17 16:09:35.679252371, watcher.go:72] Checking for runtime processes
[DEBUG Sep 17 16:10:35.679256278, watcher.go:72] Checking for runtime processes
[DEBUG Sep 17 16:11:35.679254355, watcher.go:72] Checking for runtime processes
[DEBUG Sep 17 16:12:35.679270154, watcher.go:72] Checking for runtime processes
[DEBUG Sep 17 16:13:35.679251352, watcher.go:72] Checking for runtime processes
[DEBUG Sep 17 16:14:35.679256334, watcher.go:72] Checking for runtime processes
[DEBUG Sep 17 16:15:35.679242216, watcher.go:72] Checking for runtime processes
[DEBUG Sep 17 16:16:35.679257249, watcher.go:72] Checking for runtime processes
[DEBUG Sep 17 16:17:35.679306375, watcher.go:72] Checking for runtime processes
[DEBUG Sep 17 16:18:35.679239732, watcher.go:72] Checking for runtime processes
[DEBUG Sep 17 16:19:35.679253308, watcher.go:72] Checking for runtime processes
[DEBUG Sep 17 16:20:35.679179609, watcher.go:72] Checking for runtime processes
[DEBUG Sep 17 16:21:35.679241984, watcher.go:72] Checking for runtime processes
[DEBUG Sep 17 16:22:35.679109898, watcher.go:72] Checking for runtime processes
[DEBUG Sep 17 16:23:35.679245500, watcher.go:72] Checking for runtime processes
[DEBUG Sep 17 16:24:35.679256096, watcher.go:72] Checking for runtime processes
[DEBUG Sep 17 16:25:35.679262036, watcher.go:72] Checking for runtime processes
[DEBUG Sep 17 16:26:35.679266767, watcher.go:72] Checking for runtime processes
[DEBUG Sep 17 16:27:35.679267071, watcher.go:72] Checking for runtime processes
[DEBUG Sep 17 16:28:35.679262973, watcher.go:72] Checking for runtime processes
[DEBUG Sep 17 16:29:35.679248130, watcher.go:72] Checking for runtime processes
[DEBUG Sep 17 16:30:35.679257216, watcher.go:72] Checking for runtime processes
[DEBUG Sep 17 16:31:35.679276667, watcher.go:72] Checking for runtime processes
[DEBUG Sep 17 16:32:35.679269096, watcher.go:72] Checking for runtime processes
[DEBUG Sep 17 16:33:35.679253325, watcher.go:72] Checking for runtime processes
[DEBUG Sep 17 16:34:35.679281506, watcher.go:72] Checking for runtime processes
[DEBUG Sep 17 16:35:35.679171795, watcher.go:72] Checking for runtime processes
[DEBUG Sep 17 16:36:35.679265791, watcher.go:72] Checking for runtime processes
[DEBUG Sep 17 16:37:35.679184029, watcher.go:72] Checking for runtime processes
[DEBUG Sep 17 16:38:35.679294890, watcher.go:72] Checking for runtime processes
[DEBUG Sep 17 16:39:35.679248963, watcher.go:72] Checking for runtime processes
[DEBUG Sep 17 16:40:35.679274039, watcher.go:72] Checking for runtime processes
[DEBUG Sep 17 16:41:35.679242213, watcher.go:72] Checking for runtime processes
[DEBUG Sep 17 16:42:35.679249646, watcher.go:72] Checking for runtime processes
[DEBUG Sep 17 16:43:35.679256194, watcher.go:72] Checking for runtime processes
[DEBUG Sep 17 16:44:35.679246542, watcher.go:72] Checking for runtime processes
[DEBUG Sep 17 16:45:35.679244779, watcher.go:72] Checking for runtime processes
[DEBUG Sep 17 16:46:35.679248822, watcher.go:72] Checking for runtime processes
[DEBUG Sep 17 16:47:35.679255384, watcher.go:72] Checking for runtime processes
[DEBUG Sep 17 16:48:35.679239515, watcher.go:72] Checking for runtime processes
[DEBUG Sep 17 16:49:35.679264625, watcher.go:72] Checking for runtime processes
[DEBUG Sep 17 16:50:35.679153735, watcher.go:72] Checking for runtime processes
[DEBUG Sep 17 16:51:35.679251131, watcher.go:72] Checking for runtime processes
[DEBUG Sep 17 16:52:35.679197642, watcher.go:72] Checking for runtime processes
[DEBUG Sep 17 16:53:35.679240756, watcher.go:72] Checking for runtime processes
[DEBUG Sep 17 16:54:35.679253687, watcher.go:72] Checking for runtime processes
[DEBUG Sep 17 16:55:35.679260383, watcher.go:72] Checking for runtime processes
[DEBUG Sep 17 16:56:35.679254651, watcher.go:72] Checking for runtime processes
[DEBUG Sep 17 16:57:35.679253568, watcher.go:72] Checking for runtime processes
[DEBUG Sep 17 16:58:35.679240222, watcher.go:72] Checking for runtime processes
[DEBUG Sep 17 16:59:35.679256032, watcher.go:72] Checking for runtime processes
[DEBUG Sep 17 17:00:35.679240571, watcher.go:72] Checking for runtime processes
[DEBUG Sep 17 17:01:35.679258927, watcher.go:72] Checking for runtime processes
[DEBUG Sep 17 17:02:35.679290110, watcher.go:72] Checking for runtime processes
[DEBUG Sep 17 17:03:35.679239924, watcher.go:72] Checking for runtime processes
[DEBUG Sep 17 17:04:35.679329686, watcher.go:72] Checking for runtime processes
[DEBUG Sep 17 17:05:35.679169700, watcher.go:72] Checking for runtime processes
[DEBUG Sep 17 17:06:35.679253626, watcher.go:72] Checking for runtime processes
[DEBUG Sep 17 17:07:35.679179679, watcher.go:72] Checking for runtime processes
[DEBUG Sep 17 17:08:35.679265966, watcher.go:72] Checking for runtime processes
[DEBUG Sep 17 17:09:35.679239254, watcher.go:72] Checking for runtime processes
[DEBUG Sep 17 17:10:35.679255984, watcher.go:72] Checking for runtime processes
[DEBUG Sep 17 17:11:35.679230006, watcher.go:72] Checking for runtime processes
[DEBUG Sep 17 17:12:35.679255238, watcher.go:72] Checking for runtime processes
[DEBUG Sep 17 17:13:35.679267020, watcher.go:72] Checking for runtime processes
[DEBUG Sep 17 17:14:35.679257182, watcher.go:72] Checking for runtime processes
[DEBUG Sep 17 17:15:35.679325645, watcher.go:72] Checking for runtime processes
[DEBUG Sep 17 17:16:35.679257738, watcher.go:72] Checking for runtime processes
[DEBUG Sep 17 17:17:35.679254344, watcher.go:72] Checking for runtime processes
[DEBUG Sep 17 17:18:35.679240329, watcher.go:72] Checking for runtime processes
[DEBUG Sep 17 17:19:35.679252275, watcher.go:72] Checking for runtime processes
[DEBUG Sep 17 17:20:35.679171395, watcher.go:72] Checking for runtime processes
[DEBUG Sep 17 17:21:35.679254371, watcher.go:72] Checking for runtime processes
[DEBUG Sep 17 17:22:35.679109248, watcher.go:72] Checking for runtime processes
[DEBUG Sep 17 17:23:35.679247611, watcher.go:72] Checking for runtime processes
[DEBUG Sep 17 17:24:35.679240957, watcher.go:72] Checking for runtime processes
[DEBUG Sep 17 17:25:35.679244495, watcher.go:72] Checking for runtime processes
[DEBUG Sep 17 17:26:35.679258768, watcher.go:72] Checking for runtime processes
[DEBUG Sep 17 17:27:35.679256450, watcher.go:72] Checking for runtime processes
[DEBUG Sep 17 17:28:35.679252589, watcher.go:72] Checking for runtime processes
[DEBUG Sep 17 17:29:35.679241730, watcher.go:72] Checking for runtime processes
[DEBUG Sep 17 17:30:35.679253340, watcher.go:72] Checking for runtime processes
[DEBUG Sep 17 17:31:35.679243721, watcher.go:72] Checking for runtime processes
[DEBUG Sep 17 17:32:35.679252396, watcher.go:72] Checking for runtime processes
[DEBUG Sep 17 17:33:35.679225609, watcher.go:72] Checking for runtime processes
[DEBUG Sep 17 17:34:35.679346514, watcher.go:72] Checking for runtime processes
[DEBUG Sep 17 17:35:35.679208537, watcher.go:72] Checking for runtime processes
[DEBUG Sep 17 17:36:35.679253700, watcher.go:72] Checking for runtime processes
[DEBUG Sep 17 17:37:35.679192049, watcher.go:72] Checking for runtime processes
[DEBUG Sep 17 17:38:35.679258494, watcher.go:72] Checking for runtime processes
[DEBUG Sep 17 17:39:35.679255799, watcher.go:72] Checking for runtime processes
[DEBUG Sep 17 17:40:35.679263469, watcher.go:72] Checking for runtime processes
[DEBUG Sep 17 17:41:35.679257418, watcher.go:72] Checking for runtime processes
[DEBUG Sep 17 17:42:35.679261484, watcher.go:72] Checking for runtime processes
[DEBUG Sep 17 17:43:35.679256721, watcher.go:72] Checking for runtime processes
[DEBUG Sep 17 17:44:35.679242089, watcher.go:72] Checking for runtime processes
[DEBUG Sep 17 17:45:35.679238011, watcher.go:72] Checking for runtime processes
[DEBUG Sep 17 17:46:35.679240748, watcher.go:72] Checking for runtime processes
[DEBUG Sep 17 17:47:35.679251936, watcher.go:72] Checking for runtime processes
[DEBUG Sep 17 17:48:35.679227933, watcher.go:72] Checking for runtime processes
[DEBUG Sep 17 17:49:35.679254545, watcher.go:72] Checking for runtime processes
[DEBUG Sep 17 17:50:35.679159233, watcher.go:72] Checking for runtime processes
[DEBUG Sep 17 17:51:35.679259230, watcher.go:72] Checking for runtime processes
[DEBUG Sep 17 17:52:35.679166249, watcher.go:72] Checking for runtime processes
[DEBUG Sep 17 17:53:35.679247209, watcher.go:72] Checking for runtime processes
[DEBUG Sep 17 17:54:35.679242745, watcher.go:72] Checking for runtime processes
[DEBUG Sep 17 17:55:35.679261737, watcher.go:72] Checking for runtime processes
[DEBUG Sep 17 17:56:35.679264532, watcher.go:72] Checking for runtime processes
[DEBUG Sep 17 17:57:35.679240733, watcher.go:72] Checking for runtime processes
[DEBUG Sep 17 17:58:35.679253709, watcher.go:72] Checking for runtime processes
[DEBUG Sep 17 17:59:35.679257788, watcher.go:72] Checking for runtime processes
[DEBUG Sep 17 18:00:35.679253085, watcher.go:72] Checking for runtime processes
[DEBUG Sep 17 18:01:35.679257014, watcher.go:72] Checking for runtime processes
[DEBUG Sep 17 18:02:35.679251040, watcher.go:72] Checking for runtime processes
[DEBUG Sep 17 18:03:35.679227052, watcher.go:72] Checking for runtime processes
[DEBUG Sep 17 18:04:35.679240431, watcher.go:72] Checking for runtime processes
[DEBUG Sep 17 18:05:35.679156496, watcher.go:72] Checking for runtime processes
[DEBUG Sep 17 18:06:35.679236749, watcher.go:72] Checking for runtime processes
[DEBUG Sep 17 18:07:35.679168794, watcher.go:72] Checking for runtime processes
[DEBUG Sep 17 18:08:35.679243912, watcher.go:72] Checking for runtime processes
[DEBUG Sep 17 18:09:35.679240803, watcher.go:72] Checking for runtime processes
[DEBUG Sep 17 18:10:35.679242356, watcher.go:72] Checking for runtime processes
[DEBUG Sep 17 18:11:35.679239692, watcher.go:72] Checking for runtime processes
[DEBUG Sep 17 18:12:35.679240026, watcher.go:72] Checking for runtime processes
[DEBUG Sep 17 18:13:35.679239594, watcher.go:72] Checking for runtime processes
[DEBUG Sep 17 18:14:35.679282651, watcher.go:72] Checking for runtime processes
[DEBUG Sep 17 18:15:35.679239713, watcher.go:72] Checking for runtime processes
[DEBUG Sep 17 18:16:35.679240917, watcher.go:72] Checking for runtime processes
[DEBUG Sep 17 18:17:35.679241340, watcher.go:72] Checking for runtime processes
[DEBUG Sep 17 18:18:35.679224734, watcher.go:72] Checking for runtime processes
[DEBUG Sep 17 18:19:35.679241485, watcher.go:72] Checking for runtime processes
[DEBUG Sep 17 18:20:35.679156635, watcher.go:72] Checking for runtime processes
[DEBUG Sep 17 18:21:35.679236207, watcher.go:72] Checking for runtime processes
[DEBUG Sep 17 18:22:35.679093488, watcher.go:72] Checking for runtime processes
[DEBUG Sep 17 18:23:35.679244262, watcher.go:72] Checking for runtime processes
[DEBUG Sep 17 18:24:35.679239648, watcher.go:72] Checking for runtime processes
[DEBUG Sep 17 18:25:35.679245703, watcher.go:72] Checking for runtime processes
[DEBUG Sep 17 18:26:35.679241015, watcher.go:72] Checking for runtime processes
[DEBUG Sep 17 18:27:35.679241685, watcher.go:72] Checking for runtime processes
[DEBUG Sep 17 18:28:35.679239143, watcher.go:72] Checking for runtime processes
[DEBUG Sep 17 18:29:35.679242204, watcher.go:72] Checking for runtime processes
[DEBUG Sep 17 18:30:35.679239137, watcher.go:72] Checking for runtime processes
[DEBUG Sep 17 18:31:35.679243352, watcher.go:72] Checking for runtime processes
[DEBUG Sep 17 18:32:35.679253252, watcher.go:72] Checking for runtime processes
[DEBUG Sep 17 18:33:35.679240196, watcher.go:72] Checking for runtime processes
[DEBUG Sep 17 18:34:35.679239249, watcher.go:72] Checking for runtime processes
[DEBUG Sep 17 18:35:35.679156640, watcher.go:72] Checking for runtime processes
[DEBUG Sep 17 18:36:35.679241833, watcher.go:72] Checking for runtime processes
[DEBUG Sep 17 18:37:35.679165572, watcher.go:72] Checking for runtime processes
[DEBUG Sep 17 18:38:35.679244901, watcher.go:72] Checking for runtime processes
[DEBUG Sep 17 18:39:35.679251678, watcher.go:72] Checking for runtime processes
[DEBUG Sep 17 18:40:35.679244044, watcher.go:72] Checking for runtime processes
[DEBUG Sep 17 18:41:35.679238368, watcher.go:72] Checking for runtime processes
[DEBUG Sep 17 18:42:35.679267074, watcher.go:72] Checking for runtime processes
[DEBUG Sep 17 18:43:35.679258561, watcher.go:72] Checking for runtime processes
[DEBUG Sep 17 18:44:35.679258457, watcher.go:72] Checking for runtime processes
[DEBUG Sep 17 18:45:35.679257351, watcher.go:72] Checking for runtime processes
[DEBUG Sep 17 18:46:35.679272170, watcher.go:72] Checking for runtime processes
[DEBUG Sep 17 18:47:35.679270931, watcher.go:72] Checking for runtime processes
[DEBUG Sep 17 18:48:35.679233293, watcher.go:72] Checking for runtime processes
[DEBUG Sep 17 18:49:35.679253872, watcher.go:72] Checking for runtime processes
[DEBUG Sep 17 18:50:35.679158742, watcher.go:72] Checking for runtime processes
[DEBUG Sep 17 18:51:35.679241077, watcher.go:72] Checking for runtime processes
[DEBUG Sep 17 18:52:35.679178042, watcher.go:72] Checking for runtime processes
[DEBUG Sep 17 18:53:35.679249231, watcher.go:72] Checking for runtime processes
[DEBUG Sep 17 18:54:35.679259095, watcher.go:72] Checking for runtime processes
[DEBUG Sep 17 18:55:35.679247231, watcher.go:72] Checking for runtime processes
[DEBUG Sep 17 18:56:35.679244273, watcher.go:72] Checking for runtime processes
[DEBUG Sep 17 18:57:35.679250545, watcher.go:72] Checking for runtime processes
[DEBUG Sep 17 18:58:35.679241002, watcher.go:72] Checking for runtime processes
[DEBUG Sep 17 18:59:35.679252967, watcher.go:72] Checking for runtime processes
[DEBUG Sep 17 19:00:35.679293026, watcher.go:72] Checking for runtime processes
[DEBUG Sep 17 19:01:35.679248990, watcher.go:72] Checking for runtime processes
[DEBUG Sep 17 19:02:35.679255705, watcher.go:72] Checking for runtime processes
[DEBUG Sep 17 19:03:35.679244827, watcher.go:72] Checking for runtime processes
[DEBUG Sep 17 19:04:35.679243137, watcher.go:72] Checking for runtime processes
[DEBUG Sep 17 19:05:35.679172565, watcher.go:72] Checking for runtime processes
[DEBUG Sep 17 19:06:35.679241676, watcher.go:72] Checking for runtime processes
[DEBUG Sep 17 19:07:35.679156814, watcher.go:72] Checking for runtime processes
[DEBUG Sep 17 19:08:35.679241658, watcher.go:72] Checking for runtime processes
[DEBUG Sep 17 19:09:35.679262618, watcher.go:72] Checking for runtime processes
[DEBUG Sep 17 19:10:35.679248526, watcher.go:72] Checking for runtime processes
[DEBUG Sep 17 19:11:35.679246621, watcher.go:72] Checking for runtime processes
[DEBUG Sep 17 19:12:35.679267585, watcher.go:72] Checking for runtime processes
[DEBUG Sep 17 19:13:35.679256213, watcher.go:72] Checking for runtime processes
[DEBUG Sep 17 19:14:35.679258646, watcher.go:72] Checking for runtime processes
[DEBUG Sep 17 19:15:35.679237078, watcher.go:72] Checking for runtime processes
[DEBUG Sep 17 19:16:35.679250400, watcher.go:72] Checking for runtime processes
[DEBUG Sep 17 19:17:35.679287489, watcher.go:72] Checking for runtime processes
[DEBUG Sep 17 19:18:35.679235127, watcher.go:72] Checking for runtime processes
[DEBUG Sep 17 19:19:35.679256578, watcher.go:72] Checking for runtime processes
[DEBUG Sep 17 19:20:35.679170586, watcher.go:72] Checking for runtime processes
[DEBUG Sep 17 19:21:35.679246032, watcher.go:72] Checking for runtime processes
[DEBUG Sep 17 19:22:35.679096351, watcher.go:72] Checking for runtime processes
[DEBUG Sep 17 19:23:35.679261621, watcher.go:72] Checking for runtime processes
[DEBUG Sep 17 19:24:35.679244626, watcher.go:72] Checking for runtime processes
[DEBUG Sep 17 19:25:35.679247548, watcher.go:72] Checking for runtime processes
[DEBUG Sep 17 19:26:35.679240879, watcher.go:72] Checking for runtime processes
[DEBUG Sep 17 19:27:35.679243869, watcher.go:72] Checking for runtime processes
[DEBUG Sep 17 19:28:35.679251538, watcher.go:72] Checking for runtime processes
[DEBUG Sep 17 19:29:35.679244042, watcher.go:72] Checking for runtime processes
[DEBUG Sep 17 19:30:35.679255214, watcher.go:72] Checking for runtime processes
[DEBUG Sep 17 19:31:35.679253592, watcher.go:72] Checking for runtime processes
[DEBUG Sep 17 19:32:35.679311169, watcher.go:72] Checking for runtime processes
[DEBUG Sep 17 19:33:35.679229659, watcher.go:72] Checking for runtime processes
[DEBUG Sep 17 19:34:35.679249297, watcher.go:72] Checking for runtime processes
[DEBUG Sep 17 19:35:35.679156371, watcher.go:72] Checking for runtime processes
[DEBUG Sep 17 19:36:35.679240791, watcher.go:72] Checking for runtime processes
[DEBUG Sep 17 19:37:35.679154850, watcher.go:72] Checking for runtime processes
[DEBUG Sep 17 19:38:35.679259333, watcher.go:72] Checking for runtime processes
[DEBUG Sep 17 19:39:35.679251978, watcher.go:72] Checking for runtime processes
[DEBUG Sep 17 19:40:35.679253696, watcher.go:72] Checking for runtime processes
[DEBUG Sep 17 19:41:35.679255951, watcher.go:72] Checking for runtime processes
[DEBUG Sep 17 19:42:35.679255723, watcher.go:72] Checking for runtime processes
[DEBUG Sep 17 19:43:35.679298187, watcher.go:72] Checking for runtime processes
[DEBUG Sep 17 19:44:35.679257815, watcher.go:72] Checking for runtime processes
[DEBUG Sep 17 19:45:35.679240896, watcher.go:72] Checking for runtime processes
[DEBUG Sep 17 19:46:35.679240556, watcher.go:72] Checking for runtime processes
[DEBUG Sep 17 19:47:35.679244796, watcher.go:72] Checking for runtime processes
[DEBUG Sep 17 19:48:35.679317943, watcher.go:72] Checking for runtime processes
[DEBUG Sep 17 19:49:35.679242546, watcher.go:72] Checking for runtime processes
[DEBUG Sep 17 19:50:35.679169254, watcher.go:72] Checking for runtime processes
[DEBUG Sep 17 19:51:35.679298300, watcher.go:72] Checking for runtime processes
[DEBUG Sep 17 19:52:35.679154218, watcher.go:72] Checking for runtime processes
[DEBUG Sep 17 19:53:35.679258747, watcher.go:72] Checking for runtime processes
[DEBUG Sep 17 19:54:35.679253557, watcher.go:72] Checking for runtime processes
[DEBUG Sep 17 19:55:35.679257793, watcher.go:72] Checking for runtime processes
[DEBUG Sep 17 19:56:35.679240590, watcher.go:72] Checking for runtime processes
[DEBUG Sep 17 19:57:35.679257566, watcher.go:72] Checking for runtime processes
[DEBUG Sep 17 19:58:35.679239014, watcher.go:72] Checking for runtime processes
[DEBUG Sep 17 19:59:35.679256950, watcher.go:72] Checking for runtime processes
[DEBUG Sep 17 20:00:35.679257055, watcher.go:72] Checking for runtime processes
[DEBUG Sep 17 20:01:35.679243884, watcher.go:72] Checking for runtime processes
[DEBUG Sep 17 20:02:35.679243773, watcher.go:72] Checking for runtime processes
[DEBUG Sep 17 20:03:35.679242002, watcher.go:72] Checking for runtime processes
[DEBUG Sep 17 20:04:35.679262232, watcher.go:72] Checking for runtime processes
[DEBUG Sep 17 20:05:35.679169944, watcher.go:72] Checking for runtime processes
[DEBUG Sep 17 20:06:35.679251688, watcher.go:72] Checking for runtime processes
[DEBUG Sep 17 20:07:35.679154043, watcher.go:72] Checking for runtime processes
[DEBUG Sep 17 20:08:35.679297301, watcher.go:72] Checking for runtime processes
[DEBUG Sep 17 20:09:35.679254346, watcher.go:72] Checking for runtime processes
[DEBUG Sep 17 20:10:35.679244717, watcher.go:72] Checking for runtime processes
[DEBUG Sep 17 20:11:35.679238825, watcher.go:72] Checking for runtime processes
[DEBUG Sep 17 20:12:35.679243874, watcher.go:72] Checking for runtime processes
[DEBUG Sep 17 20:13:35.679252836, watcher.go:72] Checking for runtime processes
[DEBUG Sep 17 20:14:35.679242212, watcher.go:72] Checking for runtime processes
[DEBUG Sep 17 20:15:35.679255596, watcher.go:72] Checking for runtime processes
[DEBUG Sep 17 20:16:35.679259846, watcher.go:72] Checking for runtime processes
[DEBUG Sep 17 20:17:35.679241250, watcher.go:72] Checking for runtime processes
[DEBUG Sep 17 20:18:35.679240554, watcher.go:72] Checking for runtime processes
[DEBUG Sep 17 20:19:35.679238529, watcher.go:72] Checking for runtime processes
[DEBUG Sep 17 20:20:35.679166713, watcher.go:72] Checking for runtime processes
[DEBUG Sep 17 20:21:35.679240270, watcher.go:72] Checking for runtime processes
[DEBUG Sep 17 20:22:35.679093402, watcher.go:72] Checking for runtime processes
[DEBUG Sep 17 20:23:35.679270414, watcher.go:72] Checking for runtime processes
[DEBUG Sep 17 20:24:35.679255065, watcher.go:72] Checking for runtime processes
[DEBUG Sep 17 20:25:35.679240740, watcher.go:72] Checking for runtime processes
[DEBUG Sep 17 20:26:35.679282549, watcher.go:72] Checking for runtime processes
[DEBUG Sep 17 20:27:35.679270435, watcher.go:72] Checking for runtime processes
[DEBUG Sep 17 20:28:35.679267990, watcher.go:72] Checking for runtime processes
[DEBUG Sep 17 20:29:35.679243090, watcher.go:72] Checking for runtime processes
[DEBUG Sep 17 20:30:35.679252693, watcher.go:72] Checking for runtime processes
[DEBUG Sep 17 20:31:35.679257747, watcher.go:72] Checking for runtime processes
[DEBUG Sep 17 20:32:35.679256286, watcher.go:72] Checking for runtime processes
[DEBUG Sep 17 20:33:35.679225372, watcher.go:72] Checking for runtime processes
[DEBUG Sep 17 20:34:35.679239730, watcher.go:72] Checking for runtime processes
[DEBUG Sep 17 20:35:35.679154601, watcher.go:72] Checking for runtime processes
[DEBUG Sep 17 20:36:35.679258808, watcher.go:72] Checking for runtime processes
[DEBUG Sep 17 20:37:35.679152908, watcher.go:72] Checking for runtime processes
[DEBUG Sep 17 20:38:35.679242420, watcher.go:72] Checking for runtime processes
[DEBUG Sep 17 20:39:35.679239931, watcher.go:72] Checking for runtime processes
[DEBUG Sep 17 20:40:35.679267206, watcher.go:72] Checking for runtime processes
[DEBUG Sep 17 20:41:35.679234964, watcher.go:72] Checking for runtime processes
[DEBUG Sep 17 20:42:35.679258955, watcher.go:72] Checking for runtime processes
[DEBUG Sep 17 20:43:35.679246032, watcher.go:72] Checking for runtime processes
[DEBUG Sep 17 20:44:35.679267479, watcher.go:72] Checking for runtime processes
[DEBUG Sep 17 20:45:35.679236814, watcher.go:72] Checking for runtime processes
[DEBUG Sep 17 20:46:35.679244360, watcher.go:72] Checking for runtime processes
[DEBUG Sep 17 20:47:35.679240472, watcher.go:72] Checking for runtime processes
[DEBUG Sep 17 20:48:35.679243763, watcher.go:72] Checking for runtime processes
[DEBUG Sep 17 20:49:35.679240029, watcher.go:72] Checking for runtime processes
[DEBUG Sep 17 20:50:35.679154291, watcher.go:72] Checking for runtime processes
[DEBUG Sep 17 20:51:35.679239807, watcher.go:72] Checking for runtime processes
[DEBUG Sep 17 20:52:35.679152297, watcher.go:72] Checking for runtime processes
[DEBUG Sep 17 20:53:35.679292967, watcher.go:72] Checking for runtime processes
[DEBUG Sep 17 20:54:35.679239548, watcher.go:72] Checking for runtime processes
[DEBUG Sep 17 20:55:35.679243361, watcher.go:72] Checking for runtime processes
[DEBUG Sep 17 20:56:35.679239285, watcher.go:72] Checking for runtime processes
[DEBUG Sep 17 20:57:35.679241667, watcher.go:72] Checking for runtime processes
[DEBUG Sep 17 20:58:35.679238340, watcher.go:72] Checking for runtime processes
[DEBUG Sep 17 20:59:35.679242880, watcher.go:72] Checking for runtime processes
[DEBUG Sep 17 21:00:35.679237713, watcher.go:72] Checking for runtime processes
[DEBUG Sep 17 21:01:35.679244642, watcher.go:72] Checking for runtime processes
[DEBUG Sep 17 21:02:35.679238216, watcher.go:72] Checking for runtime processes
[DEBUG Sep 17 21:03:35.679226938, watcher.go:72] Checking for runtime processes
[DEBUG Sep 17 21:04:35.679238722, watcher.go:72] Checking for runtime processes
[DEBUG Sep 17 21:05:35.679155465, watcher.go:72] Checking for runtime processes
[DEBUG Sep 17 21:06:35.679240968, watcher.go:72] Checking for runtime processes
[DEBUG Sep 17 21:07:35.679152768, watcher.go:72] Checking for runtime processes
[DEBUG Sep 17 21:08:35.679243563, watcher.go:72] Checking for runtime processes
[DEBUG Sep 17 21:09:35.679240773, watcher.go:72] Checking for runtime processes
[DEBUG Sep 17 21:10:35.679242554, watcher.go:72] Checking for runtime processes
[DEBUG Sep 17 21:11:35.679237847, watcher.go:72] Checking for runtime processes
[DEBUG Sep 17 21:12:35.679241747, watcher.go:72] Checking for runtime processes
[DEBUG Sep 17 21:13:35.679239570, watcher.go:72] Checking for runtime processes
[DEBUG Sep 17 21:14:35.679243393, watcher.go:72] Checking for runtime processes
[DEBUG Sep 17 21:15:35.679238837, watcher.go:72] Checking for runtime processes
[DEBUG Sep 17 21:16:35.679240975, watcher.go:72] Checking for runtime processes
[DEBUG Sep 17 21:17:35.679236849, watcher.go:72] Checking for runtime processes
[DEBUG Sep 17 21:18:35.679226737, watcher.go:72] Checking for runtime processes
[DEBUG Sep 17 21:19:35.679241424, watcher.go:72] Checking for runtime processes
[DEBUG Sep 17 21:20:35.679156734, watcher.go:72] Checking for runtime processes
[DEBUG Sep 17 21:21:35.679241907, watcher.go:72] Checking for runtime processes
[DEBUG Sep 17 21:22:35.679096075, watcher.go:72] Checking for runtime processes
[DEBUG Sep 17 21:23:35.679243671, watcher.go:72] Checking for runtime processes
[DEBUG Sep 17 21:24:35.679251948, watcher.go:72] Checking for runtime processes
[DEBUG Sep 17 21:25:35.679244175, watcher.go:72] Checking for runtime processes
[DEBUG Sep 17 21:26:35.679239628, watcher.go:72] Checking for runtime processes
[DEBUG Sep 17 21:27:35.679254460, watcher.go:72] Checking for runtime processes
[DEBUG Sep 17 21:28:35.679252036, watcher.go:72] Checking for runtime processes
[DEBUG Sep 17 21:29:35.679242779, watcher.go:72] Checking for runtime processes
[DEBUG Sep 17 21:30:35.679243706, watcher.go:72] Checking for runtime processes
[DEBUG Sep 17 21:31:35.679254117, watcher.go:72] Checking for runtime processes
[DEBUG Sep 17 21:32:35.679237882, watcher.go:72] Checking for runtime processes
[DEBUG Sep 17 21:33:35.679223897, watcher.go:72] Checking for runtime processes
[DEBUG Sep 17 21:34:35.679239217, watcher.go:72] Checking for runtime processes
[DEBUG Sep 17 21:35:35.679155208, watcher.go:72] Checking for runtime processes
[DEBUG Sep 17 21:36:35.679257183, watcher.go:72] Checking for runtime processes
[DEBUG Sep 17 21:37:35.679165092, watcher.go:72] Checking for runtime processes
[DEBUG Sep 17 21:38:35.679244954, watcher.go:72] Checking for runtime processes
[DEBUG Sep 17 21:39:35.679253143, watcher.go:72] Checking for runtime processes
[DEBUG Sep 17 21:40:35.679269483, watcher.go:72] Checking for runtime processes
[DEBUG Sep 17 21:41:35.679247502, watcher.go:72] Checking for runtime processes
[DEBUG Sep 17 21:42:35.679260723, watcher.go:72] Checking for runtime processes
[DEBUG Sep 17 21:43:35.679254960, watcher.go:72] Checking for runtime processes
[DEBUG Sep 17 21:44:35.679257679, watcher.go:72] Checking for runtime processes
[DEBUG Sep 17 21:45:35.679246625, watcher.go:72] Checking for runtime processes
[DEBUG Sep 17 21:46:35.679244182, watcher.go:72] Checking for runtime processes
[DEBUG Sep 17 21:47:35.679240255, watcher.go:72] Checking for runtime processes
[DEBUG Sep 17 21:48:35.679229963, watcher.go:72] Checking for runtime processes
[DEBUG Sep 17 21:49:35.679247232, watcher.go:72] Checking for runtime processes
[DEBUG Sep 17 21:50:35.679168438, watcher.go:72] Checking for runtime processes
[DEBUG Sep 17 21:51:35.679240718, watcher.go:72] Checking for runtime processes
[DEBUG Sep 17 21:52:35.679152191, watcher.go:72] Checking for runtime processes
[DEBUG Sep 17 21:53:35.679257569, watcher.go:72] Checking for runtime processes
[DEBUG Sep 17 21:54:35.679238635, watcher.go:72] Checking for runtime processes
[DEBUG Sep 17 21:55:35.679241770, watcher.go:72] Checking for runtime processes
[DEBUG Sep 17 21:56:35.679240736, watcher.go:72] Checking for runtime processes
[DEBUG Sep 17 21:57:35.679244073, watcher.go:72] Checking for runtime processes
[DEBUG Sep 17 21:58:35.679237873, watcher.go:72] Checking for runtime processes
[DEBUG Sep 17 21:59:35.679243861, watcher.go:72] Checking for runtime processes
[DEBUG Sep 17 22:00:35.679240617, watcher.go:72] Checking for runtime processes
[DEBUG Sep 17 22:01:35.679245479, watcher.go:72] Checking for runtime processes
[DEBUG Sep 17 22:02:35.679242776, watcher.go:72] Checking for runtime processes
[DEBUG Sep 17 22:03:35.679224743, watcher.go:72] Checking for runtime processes
[DEBUG Sep 17 22:04:35.679242617, watcher.go:72] Checking for runtime processes
[DEBUG Sep 17 22:05:35.679154827, watcher.go:72] Checking for runtime processes
[DEBUG Sep 17 22:06:35.679238924, watcher.go:72] Checking for runtime processes
[DEBUG Sep 17 22:07:35.679153335, watcher.go:72] Checking for runtime processes
[DEBUG Sep 17 22:08:35.679242620, watcher.go:72] Checking for runtime processes
[DEBUG Sep 17 22:09:35.679241942, watcher.go:72] Checking for runtime processes
[DEBUG Sep 17 22:10:35.679258151, watcher.go:72] Checking for runtime processes
[DEBUG Sep 17 22:11:35.679253394, watcher.go:72] Checking for runtime processes
[DEBUG Sep 17 22:12:35.679245183, watcher.go:72] Checking for runtime processes
[DEBUG Sep 17 22:13:35.679235700, watcher.go:72] Checking for runtime processes
[DEBUG Sep 17 22:14:35.679240743, watcher.go:72] Checking for runtime processes
[DEBUG Sep 17 22:15:35.679238413, watcher.go:72] Checking for runtime processes
[DEBUG Sep 17 22:16:35.679262983, watcher.go:72] Checking for runtime processes
[DEBUG Sep 17 22:17:35.679237816, watcher.go:72] Checking for runtime processes
[DEBUG Sep 17 22:18:35.679238555, watcher.go:72] Checking for runtime processes
[DEBUG Sep 17 22:19:35.679239235, watcher.go:72] Checking for runtime processes
[DEBUG Sep 17 22:20:35.679155906, watcher.go:72] Checking for runtime processes
[DEBUG Sep 17 22:21:35.679240961, watcher.go:72] Checking for runtime processes
[DEBUG Sep 17 22:22:35.679094413, watcher.go:72] Checking for runtime processes
[DEBUG Sep 17 22:23:35.679307121, watcher.go:72] Checking for runtime processes
[DEBUG Sep 17 22:24:35.679237052, watcher.go:72] Checking for runtime processes
[DEBUG Sep 17 22:25:35.679245390, watcher.go:72] Checking for runtime processes
[DEBUG Sep 17 22:26:35.679237633, watcher.go:72] Checking for runtime processes
[DEBUG Sep 17 22:27:35.679237847, watcher.go:72] Checking for runtime processes
[DEBUG Sep 17 22:28:35.679238678, watcher.go:72] Checking for runtime processes
[DEBUG Sep 17 22:29:35.679244470, watcher.go:72] Checking for runtime processes
[DEBUG Sep 17 22:30:35.679238052, watcher.go:72] Checking for runtime processes
[DEBUG Sep 17 22:31:35.679243135, watcher.go:72] Checking for runtime processes
[DEBUG Sep 17 22:32:35.679239329, watcher.go:72] Checking for runtime processes
[DEBUG Sep 17 22:33:35.679223235, watcher.go:72] Checking for runtime processes
[DEBUG Sep 17 22:34:35.679239274, watcher.go:72] Checking for runtime processes
[DEBUG Sep 17 22:35:35.679156032, watcher.go:72] Checking for runtime processes
[DEBUG Sep 17 22:36:35.679239416, watcher.go:72] Checking for runtime processes
[DEBUG Sep 17 22:37:35.679152602, watcher.go:72] Checking for runtime processes
[DEBUG Sep 17 22:38:35.679241098, watcher.go:72] Checking for runtime processes
[DEBUG Sep 17 22:39:35.679240846, watcher.go:72] Checking for runtime processes
[DEBUG Sep 17 22:40:35.679241089, watcher.go:72] Checking for runtime processes
[DEBUG Sep 17 22:41:35.679244195, watcher.go:72] Checking for runtime processes
[DEBUG Sep 17 22:42:35.679261261, watcher.go:72] Checking for runtime processes
[DEBUG Sep 17 22:43:35.679243809, watcher.go:72] Checking for runtime processes
[DEBUG Sep 17 22:44:35.679251001, watcher.go:72] Checking for runtime processes
[DEBUG Sep 17 22:45:35.679243929, watcher.go:72] Checking for runtime processes
[DEBUG Sep 17 22:46:35.679246255, watcher.go:72] Checking for runtime processes
[DEBUG Sep 17 22:47:35.679249501, watcher.go:72] Checking for runtime processes
[DEBUG Sep 17 22:48:35.679251249, watcher.go:72] Checking for runtime processes
[DEBUG Sep 17 22:49:35.679245463, watcher.go:72] Checking for runtime processes
[DEBUG Sep 17 22:50:35.679156753, watcher.go:72] Checking for runtime processes
[DEBUG Sep 17 22:51:35.679257570, watcher.go:72] Checking for runtime processes
[DEBUG Sep 17 22:52:35.679153891, watcher.go:72] Checking for runtime processes
[DEBUG Sep 17 22:53:35.679239180, watcher.go:72] Checking for runtime processes
[DEBUG Sep 17 22:54:35.679239398, watcher.go:72] Checking for runtime processes
[DEBUG Sep 17 22:55:35.679256462, watcher.go:72] Checking for runtime processes
[DEBUG Sep 17 22:56:35.679287130, watcher.go:72] Checking for runtime processes
[DEBUG Sep 17 22:57:35.679262010, watcher.go:72] Checking for runtime processes
[DEBUG Sep 17 22:58:35.679245197, watcher.go:72] Checking for runtime processes
[DEBUG Sep 17 22:59:35.679259970, watcher.go:72] Checking for runtime processes
[DEBUG Sep 17 23:00:35.679248883, watcher.go:72] Checking for runtime processes
[DEBUG Sep 17 23:01:35.679241924, watcher.go:72] Checking for runtime processes
[DEBUG Sep 17 23:02:35.679237419, watcher.go:72] Checking for runtime processes
[DEBUG Sep 17 23:03:35.679223350, watcher.go:72] Checking for runtime processes
[DEBUG Sep 17 23:04:35.679243774, watcher.go:72] Checking for runtime processes
[DEBUG Sep 17 23:05:35.679155899, watcher.go:72] Checking for runtime processes
[DEBUG Sep 17 23:06:35.679237776, watcher.go:72] Checking for runtime processes
[DEBUG Sep 17 23:07:35.679154183, watcher.go:72] Checking for runtime processes
[DEBUG Sep 17 23:08:35.679243385, watcher.go:72] Checking for runtime processes
[DEBUG Sep 17 23:09:35.679241814, watcher.go:72] Checking for runtime processes
[DEBUG Sep 17 23:10:35.679251818, watcher.go:72] Checking for runtime processes
[DEBUG Sep 17 23:11:35.679253790, watcher.go:72] Checking for runtime processes
[DEBUG Sep 17 23:12:35.679247397, watcher.go:72] Checking for runtime processes
[DEBUG Sep 17 23:13:35.679240551, watcher.go:72] Checking for runtime processes
[DEBUG Sep 17 23:14:35.679244578, watcher.go:72] Checking for runtime processes
[DEBUG Sep 17 23:15:35.679316995, watcher.go:72] Checking for runtime processes
[DEBUG Sep 17 23:16:35.679243154, watcher.go:72] Checking for runtime processes
[DEBUG Sep 17 23:17:35.679239153, watcher.go:72] Checking for runtime processes
[DEBUG Sep 17 23:18:35.679222285, watcher.go:72] Checking for runtime processes
[DEBUG Sep 17 23:19:35.679241437, watcher.go:72] Checking for runtime processes
[DEBUG Sep 17 23:20:35.679154852, watcher.go:72] Checking for runtime processes
[DEBUG Sep 17 23:21:35.679238728, watcher.go:72] Checking for runtime processes
[DEBUG Sep 17 23:22:35.679094655, watcher.go:72] Checking for runtime processes
[DEBUG Sep 17 23:23:35.679243033, watcher.go:72] Checking for runtime processes
[DEBUG Sep 17 23:24:35.679236460, watcher.go:72] Checking for runtime processes
[DEBUG Sep 17 23:25:35.679241619, watcher.go:72] Checking for runtime processes
[DEBUG Sep 17 23:26:35.679236835, watcher.go:72] Checking for runtime processes
[DEBUG Sep 17 23:27:35.679239867, watcher.go:72] Checking for runtime processes
[DEBUG Sep 17 23:28:35.679238520, watcher.go:72] Checking for runtime processes
[DEBUG Sep 17 23:29:35.679242593, watcher.go:72] Checking for runtime processes
[DEBUG Sep 17 23:30:35.679238182, watcher.go:72] Checking for runtime processes
[DEBUG Sep 17 23:31:35.679242481, watcher.go:72] Checking for runtime processes
[DEBUG Sep 17 23:32:35.679237133, watcher.go:72] Checking for runtime processes
[DEBUG Sep 17 23:33:35.679224100, watcher.go:72] Checking for runtime processes
[DEBUG Sep 17 23:34:35.679237702, watcher.go:72] Checking for runtime processes
[DEBUG Sep 17 23:35:35.679155780, watcher.go:72] Checking for runtime processes
[DEBUG Sep 17 23:36:35.679239316, watcher.go:72] Checking for runtime processes
[DEBUG Sep 17 23:37:35.679152474, watcher.go:72] Checking for runtime processes
[DEBUG Sep 17 23:38:35.679242937, watcher.go:72] Checking for runtime processes
[DEBUG Sep 17 23:39:35.679238974, watcher.go:72] Checking for runtime processes
[DEBUG Sep 17 23:40:35.679241465, watcher.go:72] Checking for runtime processes
[DEBUG Sep 17 23:41:35.679237365, watcher.go:72] Checking for runtime processes
[DEBUG Sep 17 23:42:35.679241887, watcher.go:72] Checking for runtime processes
[DEBUG Sep 17 23:43:35.679248050, watcher.go:72] Checking for runtime processes
[DEBUG Sep 17 23:44:35.679266746, watcher.go:72] Checking for runtime processes
[DEBUG Sep 17 23:45:35.679249952, watcher.go:72] Checking for runtime processes
[DEBUG Sep 17 23:46:35.679244710, watcher.go:72] Checking for runtime processes
[DEBUG Sep 17 23:47:35.679249925, watcher.go:72] Checking for runtime processes
[DEBUG Sep 17 23:48:35.679224470, watcher.go:72] Checking for runtime processes
[DEBUG Sep 17 23:49:35.679241297, watcher.go:72] Checking for runtime processes
[DEBUG Sep 17 23:50:35.679155962, watcher.go:72] Checking for runtime processes
[DEBUG Sep 17 23:51:35.679244710, watcher.go:72] Checking for runtime processes
[DEBUG Sep 17 23:52:35.679165178, watcher.go:72] Checking for runtime processes
[DEBUG Sep 17 23:53:35.679246643, watcher.go:72] Checking for runtime processes
[DEBUG Sep 17 23:54:35.679239862, watcher.go:72] Checking for runtime processes
[DEBUG Sep 17 23:55:35.679244745, watcher.go:72] Checking for runtime processes
[DEBUG Sep 17 23:56:35.679252257, watcher.go:72] Checking for runtime processes
[DEBUG Sep 17 23:57:35.679244050, watcher.go:72] Checking for runtime processes
[DEBUG Sep 17 23:58:35.679239290, watcher.go:72] Checking for runtime processes
[DEBUG Sep 17 23:59:35.679255852, watcher.go:72] Checking for runtime processes
[DEBUG Sep 18 00:00:35.679240117, watcher.go:72] Checking for runtime processes
[DEBUG Sep 18 00:01:35.679244893, watcher.go:72] Checking for runtime processes
[DEBUG Sep 18 00:02:35.679251051, watcher.go:72] Checking for runtime processes
[DEBUG Sep 18 00:03:35.679240056, watcher.go:72] Checking for runtime processes
[DEBUG Sep 18 00:04:35.679253372, watcher.go:72] Checking for runtime processes
[DEBUG Sep 18 00:05:35.679158604, watcher.go:72] Checking for runtime processes
[DEBUG Sep 18 00:06:35.679240517, watcher.go:72] Checking for runtime processes
[DEBUG Sep 18 00:07:35.679152109, watcher.go:72] Checking for runtime processes
[DEBUG Sep 18 00:08:35.679254016, watcher.go:72] Checking for runtime processes
[DEBUG Sep 18 00:09:35.679241972, watcher.go:72] Checking for runtime processes
[DEBUG Sep 18 00:10:35.679242270, watcher.go:72] Checking for runtime processes
[DEBUG Sep 18 00:11:35.679239829, watcher.go:72] Checking for runtime processes
[DEBUG Sep 18 00:12:35.679266173, watcher.go:72] Checking for runtime processes
[DEBUG Sep 18 00:13:35.679241745, watcher.go:72] Checking for runtime processes
[DEBUG Sep 18 00:14:35.679246535, watcher.go:72] Checking for runtime processes
[DEBUG Sep 18 00:15:35.679251190, watcher.go:72] Checking for runtime processes
[DEBUG Sep 18 00:16:35.679255804, watcher.go:72] Checking for runtime processes
[DEBUG Sep 18 00:17:35.679238817, watcher.go:72] Checking for runtime processes
[DEBUG Sep 18 00:18:35.679245927, watcher.go:72] Checking for runtime processes
[DEBUG Sep 18 00:19:35.679239478, watcher.go:72] Checking for runtime processes
[DEBUG Sep 18 00:20:35.679157054, watcher.go:72] Checking for runtime processes
[DEBUG Sep 18 00:21:35.679239880, watcher.go:72] Checking for runtime processes
[DEBUG Sep 18 00:22:35.679093267, watcher.go:72] Checking for runtime processes
[DEBUG Sep 18 00:23:35.679260106, watcher.go:72] Checking for runtime processes
[DEBUG Sep 18 00:24:35.679240159, watcher.go:72] Checking for runtime processes
[DEBUG Sep 18 00:25:35.679247766, watcher.go:72] Checking for runtime processes
[DEBUG Sep 18 00:26:35.679251560, watcher.go:72] Checking for runtime processes
[DEBUG Sep 18 00:27:35.679256127, watcher.go:72] Checking for runtime processes
[DEBUG Sep 18 00:28:35.679252317, watcher.go:72] Checking for runtime processes
[DEBUG Sep 18 00:29:35.679253107, watcher.go:72] Checking for runtime processes
[DEBUG Sep 18 00:30:35.679245817, watcher.go:72] Checking for runtime processes
[DEBUG Sep 18 00:31:35.679247569, watcher.go:72] Checking for runtime processes
[DEBUG Sep 18 00:32:35.679255555, watcher.go:72] Checking for runtime processes
[DEBUG Sep 18 00:33:35.679237009, watcher.go:72] Checking for runtime processes
[DEBUG Sep 18 00:34:35.679255771, watcher.go:72] Checking for runtime processes
[DEBUG Sep 18 00:35:35.679173031, watcher.go:72] Checking for runtime processes
[DEBUG Sep 18 00:36:35.679261554, watcher.go:72] Checking for runtime processes
[DEBUG Sep 18 00:37:35.679170448, watcher.go:72] Checking for runtime processes
