[DEBUG Aug  2 07:34:31.940073354, defaults.go:273] Args: [/home1/wangfeim/.local/ActiveState/StateTool/release/bin/state-svc start]
[DEBUG Aug  2 07:34:31.954297947, locale.go:38] Init
[DEBUG Aug  2 07:34:31.996530593, errs.go:68] Created error: File could not be found
[DEBUG Aug  2 07:34:31.999343299, errs.go:68] Created error: Not Recognized
[DEBUG Aug  2 07:34:32.019981088, errs.go:68] Created error: Secret not found
[DEBUG Aug  2 07:34:32.020028978, errs.go:68] Created error: Could not save keypair
[DEBUG Aug  2 07:34:32.020187195, errs.go:68] Created error: Build responded with error
[DEBUG Aug  2 07:34:32.020214031, errs.go:68] Created error: Unknown build type
[DEBUG Aug  2 07:34:32.020318016, errors.go:86] Wrapped localized error: <nil> -- with: The installed version of the State Tool Service does not match that of the client.
Please stop the service with [ACTIONABLE]state-svc stop[/RESET] and try your command again.
If this issue persists please reinstall the State Tool.

[DEBUG Aug  2 07:34:32.020331791, errs.go:68] Created error: no data
[DEBUG Aug  2 07:34:32.020359746, errs.go:68] Created error: member not found
[DEBUG Aug  2 07:34:32.020390500, errs.go:68] Created error: Commit count is unknowable
[DEBUG Aug  2 07:34:32.020412169, errs.go:68] Created error: No merge required
[DEBUG Aug  2 07:34:32.020442963, errs.go:68] Created error: Can't merge commit thats already in target commits history
[DEBUG Aug  2 07:34:32.020467452, errs.go:68] Created error: Bad expander name
[DEBUG Aug  2 07:34:32.020488250, errs.go:68] Created error: Expander has no handler
[DEBUG Aug  2 07:34:32.021429168, errs.go:68] Created error: Service is already running
[DEBUG Aug  2 07:34:32.049208070, secrets.go:35] Gcloud Secretmanager failed to initialize (ignore if you're not trying to use gcloud): google: could not find default credentials. See https://developers.google.com/accounts/docs/application-default-credentials for more information.
[DEBUG Aug  2 07:34:32.052818888, output.go:53] Requested outputer for 
[DEBUG Aug  2 07:34:32.052841678, output.go:58] Using Plain outputer
[DEBUG Aug  2 07:34:32.052914364, termutils.go:17] Cannot get terminal size: inappropriate ioctl for device
[DEBUG Aug  2 07:34:32.053063172, client.go:128] Reporting event to 2 reporters: run-command, state-svc start, 
[DEBUG Aug  2 07:34:32.053086342, main.go:107] Running CmdStart
[DEBUG Aug  2 07:34:32.059162511, errs.go:75] Wrapped error: Service is already running -- with: valueF failed
[DEBUG Aug  2 07:34:32.059212263, errs.go:75] Wrapped error: valueF failed -- with: Could not store pid
[DEBUG Aug  2 07:34:32.059281133, errors.go:113] Wrapped input error: Could not store pid -- with: A State Service instance is already running in the background.
[DEBUG Aug  2 07:34:32.059294597, errs.go:75] Wrapped error: A State Service instance is already running in the background. -- with: Could not start serviceManager
[DEBUG Aug  2 07:34:32.059359297, client.go:128] Reporting event to 2 reporters: command-exit, state-svc start, 1
[DEBUG Aug  2 07:34:32.386423007, errs.go:75] Wrapped error: <nil> -- with: Could not start serviceManager: A State Service instance is already running in the background.: Could not store pid: valueF failed: Service is already running
[DEBUG Aug  2 07:34:32.386480282, main.go:61] state-svc errored out due to input: Could not start serviceManager: A State Service instance is already running in the background.: Could not store pid: valueF failed: Service is already running
