[DEBUG Aug  2 07:58:01.948330808, defaults.go:273] Args: [/home1/wangfeim/.local/ActiveState/StateTool/release/bin/state-svc start]
[DEBUG Aug  2 07:58:01.963119129, locale.go:38] Init
[DEBUG Aug  2 07:58:02.014685058, errs.go:68] Created error: File could not be found
[DEBUG Aug  2 07:58:02.020030827, errs.go:68] Created error: Not Recognized
[DEBUG Aug  2 07:58:02.038852623, errs.go:68] Created error: Secret not found
[DEBUG Aug  2 07:58:02.038902418, errs.go:68] Created error: Could not save keypair
[DEBUG Aug  2 07:58:02.039072666, errs.go:68] Created error: Build responded with error
[DEBUG Aug  2 07:58:02.039101676, errs.go:68] Created error: Unknown build type
[DEBUG Aug  2 07:58:02.039214838, errors.go:86] Wrapped localized error: <nil> -- with: The installed version of the State Tool Service does not match that of the client.
Please stop the service with [ACTIONABLE]state-svc stop[/RESET] and try your command again.
If this issue persists please reinstall the State Tool.

[DEBUG Aug  2 07:58:02.039230569, errs.go:68] Created error: no data
[DEBUG Aug  2 07:58:02.039256256, errs.go:68] Created error: member not found
[DEBUG Aug  2 07:58:02.039280426, errs.go:68] Created error: Commit count is unknowable
[DEBUG Aug  2 07:58:02.039309272, errs.go:68] Created error: No merge required
[DEBUG Aug  2 07:58:02.039331906, errs.go:68] Created error: Can't merge commit thats already in target commits history
[DEBUG Aug  2 07:58:02.039356769, errs.go:68] Created error: Bad expander name
[DEBUG Aug  2 07:58:02.039379361, errs.go:68] Created error: Expander has no handler
[DEBUG Aug  2 07:58:02.085610545, errs.go:68] Created error: Service is already running
[DEBUG Aug  2 07:58:02.114460730, secrets.go:35] Gcloud Secretmanager failed to initialize (ignore if you're not trying to use gcloud): google: could not find default credentials. See https://developers.google.com/accounts/docs/application-default-credentials for more information.
[DEBUG Aug  2 07:58:02.118649651, output.go:53] Requested outputer for 
[DEBUG Aug  2 07:58:02.118677029, output.go:58] Using Plain outputer
[DEBUG Aug  2 07:58:02.118760923, termutils.go:17] Cannot get terminal size: inappropriate ioctl for device
[DEBUG Aug  2 07:58:02.118848783, client.go:128] Reporting event to 2 reporters: run-command, state-svc start, 
[DEBUG Aug  2 07:58:02.118921684, main.go:107] Running CmdStart
[DEBUG Aug  2 07:58:02.125116756, errs.go:75] Wrapped error: Service is already running -- with: valueF failed
[DEBUG Aug  2 07:58:02.125183277, errs.go:75] Wrapped error: valueF failed -- with: Could not store pid
[DEBUG Aug  2 07:58:02.125275807, errors.go:113] Wrapped input error: Could not store pid -- with: A State Service instance is already running in the background.
[DEBUG Aug  2 07:58:02.125290534, errs.go:75] Wrapped error: A State Service instance is already running in the background. -- with: Could not start serviceManager
[DEBUG Aug  2 07:58:02.125362706, client.go:128] Reporting event to 2 reporters: command-exit, state-svc start, 1
[DEBUG Aug  2 07:58:02.490515999, errs.go:75] Wrapped error: <nil> -- with: Could not start serviceManager: A State Service instance is already running in the background.: Could not store pid: valueF failed: Service is already running
[DEBUG Aug  2 07:58:02.490621973, main.go:61] state-svc errored out due to input: Could not start serviceManager: A State Service instance is already running in the background.: Could not store pid: valueF failed: Service is already running
