[DEBUG Aug  2 07:39:50.423530420, defaults.go:273] Args: [/home1/wangfeim/.local/ActiveState/StateTool/release/bin/state-svc start]
[DEBUG Aug  2 07:39:50.438243100, locale.go:38] Init
[DEBUG Aug  2 07:39:50.503845173, errs.go:68] Created error: File could not be found
[DEBUG Aug  2 07:39:50.507791965, errs.go:68] Created error: Not Recognized
[DEBUG Aug  2 07:39:50.531252401, errs.go:68] Created error: Secret not found
[DEBUG Aug  2 07:39:50.531312910, errs.go:68] Created error: Could not save keypair
[DEBUG Aug  2 07:39:50.531489117, errs.go:68] Created error: Build responded with error
[DEBUG Aug  2 07:39:50.531519664, errs.go:68] Created error: Unknown build type
[DEBUG Aug  2 07:39:50.531664040, errors.go:86] Wrapped localized error: <nil> -- with: The installed version of the State Tool Service does not match that of the client.
Please stop the service with [ACTIONABLE]state-svc stop[/RESET] and try your command again.
If this issue persists please reinstall the State Tool.

[DEBUG Aug  2 07:39:50.531682363, errs.go:68] Created error: no data
[DEBUG Aug  2 07:39:50.531710352, errs.go:68] Created error: member not found
[DEBUG Aug  2 07:39:50.531735339, errs.go:68] Created error: Commit count is unknowable
[DEBUG Aug  2 07:39:50.531766022, errs.go:68] Created error: No merge required
[DEBUG Aug  2 07:39:50.531790810, errs.go:68] Created error: Can't merge commit thats already in target commits history
[DEBUG Aug  2 07:39:50.531817220, errs.go:68] Created error: Bad expander name
[DEBUG Aug  2 07:39:50.531841377, errs.go:68] Created error: Expander has no handler
[DEBUG Aug  2 07:39:50.533123189, errs.go:68] Created error: Service is already running
[DEBUG Aug  2 07:39:50.607364246, secrets.go:35] Gcloud Secretmanager failed to initialize (ignore if you're not trying to use gcloud): google: could not find default credentials. See https://developers.google.com/accounts/docs/application-default-credentials for more information.
[DEBUG Aug  2 07:39:50.611030178, output.go:53] Requested outputer for 
[DEBUG Aug  2 07:39:50.611051149, output.go:58] Using Plain outputer
[DEBUG Aug  2 07:39:50.611126602, termutils.go:17] Cannot get terminal size: inappropriate ioctl for device
[DEBUG Aug  2 07:39:50.611209719, client.go:128] Reporting event to 2 reporters: run-command, state-svc start, 
[DEBUG Aug  2 07:39:50.611276132, main.go:107] Running CmdStart
[DEBUG Aug  2 07:39:50.616807185, errs.go:75] Wrapped error: Service is already running -- with: valueF failed
[DEBUG Aug  2 07:39:50.616863646, errs.go:75] Wrapped error: valueF failed -- with: Could not store pid
[DEBUG Aug  2 07:39:50.616944558, errors.go:113] Wrapped input error: Could not store pid -- with: A State Service instance is already running in the background.
[DEBUG Aug  2 07:39:50.616958775, errs.go:75] Wrapped error: A State Service instance is already running in the background. -- with: Could not start serviceManager
[DEBUG Aug  2 07:39:50.617016133, client.go:128] Reporting event to 2 reporters: command-exit, state-svc start, 1
[DEBUG Aug  2 07:39:50.973842828, errs.go:75] Wrapped error: <nil> -- with: Could not start serviceManager: A State Service instance is already running in the background.: Could not store pid: valueF failed: Service is already running
[DEBUG Aug  2 07:39:50.973911696, main.go:61] state-svc errored out due to input: Could not start serviceManager: A State Service instance is already running in the background.: Could not store pid: valueF failed: Service is already running
