[DEBUG Aug  2 07:50:37.303905662, defaults.go:273] Args: [/home1/wangfeim/.local/ActiveState/StateTool/release/bin/state-svc start]
[DEBUG Aug  2 07:50:37.318704914, locale.go:38] Init
[DEBUG Aug  2 07:50:37.385706692, errs.go:68] Created error: File could not be found
[DEBUG Aug  2 07:50:37.389974907, errs.go:68] Created error: Not Recognized
[DEBUG Aug  2 07:50:37.419572554, errs.go:68] Created error: Secret not found
[DEBUG Aug  2 07:50:37.419638745, errs.go:68] Created error: Could not save keypair
[DEBUG Aug  2 07:50:37.419896096, errs.go:68] Created error: Build responded with error
[DEBUG Aug  2 07:50:37.419939977, errs.go:68] Created error: Unknown build type
[DEBUG Aug  2 07:50:37.420114526, errors.go:86] Wrapped localized error: <nil> -- with: The installed version of the State Tool Service does not match that of the client.
Please stop the service with [ACTIONABLE]state-svc stop[/RESET] and try your command again.
If this issue persists please reinstall the State Tool.

[DEBUG Aug  2 07:50:37.420133837, errs.go:68] Created error: no data
[DEBUG Aug  2 07:50:37.420170619, errs.go:68] Created error: member not found
[DEBUG Aug  2 07:50:37.420206353, errs.go:68] Created error: Commit count is unknowable
[DEBUG Aug  2 07:50:37.420241190, errs.go:68] Created error: No merge required
[DEBUG Aug  2 07:50:37.420275944, errs.go:68] Created error: Can't merge commit thats already in target commits history
[DEBUG Aug  2 07:50:37.420312459, errs.go:68] Created error: Bad expander name
[DEBUG Aug  2 07:50:37.420362160, errs.go:68] Created error: Expander has no handler
[DEBUG Aug  2 07:50:37.421759851, errs.go:68] Created error: Service is already running
[DEBUG Aug  2 07:50:37.449152189, secrets.go:35] Gcloud Secretmanager failed to initialize (ignore if you're not trying to use gcloud): google: could not find default credentials. See https://developers.google.com/accounts/docs/application-default-credentials for more information.
[DEBUG Aug  2 07:50:37.453257709, output.go:53] Requested outputer for 
[DEBUG Aug  2 07:50:37.453277198, output.go:58] Using Plain outputer
[DEBUG Aug  2 07:50:37.453349893, termutils.go:17] Cannot get terminal size: inappropriate ioctl for device
[DEBUG Aug  2 07:50:37.453450360, client.go:128] Reporting event to 2 reporters: run-command, state-svc start, 
[DEBUG Aug  2 07:50:37.453549005, main.go:107] Running CmdStart
[DEBUG Aug  2 07:50:37.459147087, errs.go:75] Wrapped error: Service is already running -- with: valueF failed
[DEBUG Aug  2 07:50:37.459197570, errs.go:75] Wrapped error: valueF failed -- with: Could not store pid
[DEBUG Aug  2 07:50:37.459269775, errors.go:113] Wrapped input error: Could not store pid -- with: A State Service instance is already running in the background.
[DEBUG Aug  2 07:50:37.459285132, errs.go:75] Wrapped error: A State Service instance is already running in the background. -- with: Could not start serviceManager
[DEBUG Aug  2 07:50:37.459350867, client.go:128] Reporting event to 2 reporters: command-exit, state-svc start, 1
[DEBUG Aug  2 07:50:37.862014356, errs.go:75] Wrapped error: <nil> -- with: Could not start serviceManager: A State Service instance is already running in the background.: Could not store pid: valueF failed: Service is already running
[DEBUG Aug  2 07:50:37.862081743, main.go:61] state-svc errored out due to input: Could not start serviceManager: A State Service instance is already running in the background.: Could not store pid: valueF failed: Service is already running
