[DEBUG Aug  2 07:43:35.541317991, defaults.go:273] Args: [/home1/wangfeim/.local/ActiveState/StateTool/release/bin/state-svc start]
[DEBUG Aug  2 07:43:35.555014959, locale.go:38] Init
[DEBUG Aug  2 07:43:35.610939584, errs.go:68] Created error: File could not be found
[DEBUG Aug  2 07:43:35.614177411, errs.go:68] Created error: Not Recognized
[DEBUG Aug  2 07:43:35.634553279, errs.go:68] Created error: Secret not found
[DEBUG Aug  2 07:43:35.634618758, errs.go:68] Created error: Could not save keypair
[DEBUG Aug  2 07:43:35.634921052, errs.go:68] Created error: Build responded with error
[DEBUG Aug  2 07:43:35.634971585, errs.go:68] Created error: Unknown build type
[DEBUG Aug  2 07:43:35.635143436, errors.go:86] Wrapped localized error: <nil> -- with: The installed version of the State Tool Service does not match that of the client.
Please stop the service with [ACTIONABLE]state-svc stop[/RESET] and try your command again.
If this issue persists please reinstall the State Tool.

[DEBUG Aug  2 07:43:35.635170020, errs.go:68] Created error: no data
[DEBUG Aug  2 07:43:35.635208736, errs.go:68] Created error: member not found
[DEBUG Aug  2 07:43:35.635247045, errs.go:68] Created error: Commit count is unknowable
[DEBUG Aug  2 07:43:35.635301419, errs.go:68] Created error: No merge required
[DEBUG Aug  2 07:43:35.635362263, errs.go:68] Created error: Can't merge commit thats already in target commits history
[DEBUG Aug  2 07:43:35.635400374, errs.go:68] Created error: Bad expander name
[DEBUG Aug  2 07:43:35.635436700, errs.go:68] Created error: Expander has no handler
[DEBUG Aug  2 07:43:35.636704776, errs.go:68] Created error: Service is already running
[DEBUG Aug  2 07:43:35.702948251, secrets.go:35] Gcloud Secretmanager failed to initialize (ignore if you're not trying to use gcloud): google: could not find default credentials. See https://developers.google.com/accounts/docs/application-default-credentials for more information.
[DEBUG Aug  2 07:43:35.706347035, output.go:53] Requested outputer for 
[DEBUG Aug  2 07:43:35.706369825, output.go:58] Using Plain outputer
[DEBUG Aug  2 07:43:35.706437538, termutils.go:17] Cannot get terminal size: inappropriate ioctl for device
[DEBUG Aug  2 07:43:35.706544235, client.go:128] Reporting event to 2 reporters: run-command, state-svc start, 
[DEBUG Aug  2 07:43:35.706582650, main.go:107] Running CmdStart
[DEBUG Aug  2 07:43:35.712724632, errs.go:75] Wrapped error: Service is already running -- with: valueF failed
[DEBUG Aug  2 07:43:35.712783849, errs.go:75] Wrapped error: valueF failed -- with: Could not store pid
[DEBUG Aug  2 07:43:35.712855597, errors.go:113] Wrapped input error: Could not store pid -- with: A State Service instance is already running in the background.
[DEBUG Aug  2 07:43:35.712870076, errs.go:75] Wrapped error: A State Service instance is already running in the background. -- with: Could not start serviceManager
[DEBUG Aug  2 07:43:35.712956199, client.go:128] Reporting event to 2 reporters: command-exit, state-svc start, 1
[DEBUG Aug  2 07:43:36.130002588, errs.go:75] Wrapped error: <nil> -- with: Could not start serviceManager: A State Service instance is already running in the background.: Could not store pid: valueF failed: Service is already running
[DEBUG Aug  2 07:43:36.130099123, main.go:61] state-svc errored out due to input: Could not start serviceManager: A State Service instance is already running in the background.: Could not store pid: valueF failed: Service is already running
