[DEBUG Aug  2 08:18:59.666377542, defaults.go:273] Args: [/home1/wangfeim/.local/ActiveState/StateTool/release/bin/state-svc start]
[DEBUG Aug  2 08:18:59.681173277, locale.go:38] Init
[DEBUG Aug  2 08:18:59.757626177, errs.go:68] Created error: File could not be found
[DEBUG Aug  2 08:18:59.760872547, errs.go:68] Created error: Not Recognized
[DEBUG Aug  2 08:18:59.782863666, errs.go:68] Created error: Secret not found
[DEBUG Aug  2 08:18:59.782916477, errs.go:68] Created error: Could not save keypair
[DEBUG Aug  2 08:18:59.783087958, errs.go:68] Created error: Build responded with error
[DEBUG Aug  2 08:18:59.783123213, errs.go:68] Created error: Unknown build type
[DEBUG Aug  2 08:18:59.783253403, errors.go:86] Wrapped localized error: <nil> -- with: The installed version of the State Tool Service does not match that of the client.
Please stop the service with [ACTIONABLE]state-svc stop[/RESET] and try your command again.
If this issue persists please reinstall the State Tool.

[DEBUG Aug  2 08:18:59.783268496, errs.go:68] Created error: no data
[DEBUG Aug  2 08:18:59.783292795, errs.go:68] Created error: member not found
[DEBUG Aug  2 08:18:59.783316488, errs.go:68] Created error: Commit count is unknowable
[DEBUG Aug  2 08:18:59.783339859, errs.go:68] Created error: No merge required
[DEBUG Aug  2 08:18:59.783362432, errs.go:68] Created error: Can't merge commit thats already in target commits history
[DEBUG Aug  2 08:18:59.783387313, errs.go:68] Created error: Bad expander name
[DEBUG Aug  2 08:18:59.783409388, errs.go:68] Created error: Expander has no handler
[DEBUG Aug  2 08:18:59.784470938, errs.go:68] Created error: Service is already running
[DEBUG Aug  2 08:18:59.816956126, secrets.go:35] Gcloud Secretmanager failed to initialize (ignore if you're not trying to use gcloud): google: could not find default credentials. See https://developers.google.com/accounts/docs/application-default-credentials for more information.
[DEBUG Aug  2 08:18:59.822883970, output.go:53] Requested outputer for 
[DEBUG Aug  2 08:18:59.822908267, output.go:58] Using Plain outputer
[DEBUG Aug  2 08:18:59.823002182, termutils.go:17] Cannot get terminal size: inappropriate ioctl for device
[DEBUG Aug  2 08:18:59.823080728, client.go:128] Reporting event to 2 reporters: run-command, state-svc start, 
[DEBUG Aug  2 08:18:59.823202953, main.go:107] Running CmdStart
[DEBUG Aug  2 08:18:59.831979390, errs.go:75] Wrapped error: Service is already running -- with: valueF failed
[DEBUG Aug  2 08:18:59.832037451, errs.go:75] Wrapped error: valueF failed -- with: Could not store pid
[DEBUG Aug  2 08:18:59.832112145, errors.go:113] Wrapped input error: Could not store pid -- with: A State Service instance is already running in the background.
[DEBUG Aug  2 08:18:59.832127633, errs.go:75] Wrapped error: A State Service instance is already running in the background. -- with: Could not start serviceManager
[DEBUG Aug  2 08:18:59.832226244, client.go:128] Reporting event to 2 reporters: command-exit, state-svc start, 1
[DEBUG Aug  2 08:19:00.169801892, errs.go:75] Wrapped error: <nil> -- with: Could not start serviceManager: A State Service instance is already running in the background.: Could not store pid: valueF failed: Service is already running
[DEBUG Aug  2 08:19:00.169857925, main.go:61] state-svc errored out due to input: Could not start serviceManager: A State Service instance is already running in the background.: Could not store pid: valueF failed: Service is already running
