[DEBUG Aug  2 07:57:19.707293562, defaults.go:273] Args: [/home1/wangfeim/.local/ActiveState/StateTool/release/bin/state-svc start]
[DEBUG Aug  2 07:57:19.722402509, locale.go:38] Init
[DEBUG Aug  2 07:57:19.803618593, errs.go:68] Created error: File could not be found
[DEBUG Aug  2 07:57:19.806849839, errs.go:68] Created error: Not Recognized
[DEBUG Aug  2 07:57:19.830391387, errs.go:68] Created error: Secret not found
[DEBUG Aug  2 07:57:19.830452195, errs.go:68] Created error: Could not save keypair
[DEBUG Aug  2 07:57:19.830640242, errs.go:68] Created error: Build responded with error
[DEBUG Aug  2 07:57:19.830671015, errs.go:68] Created error: Unknown build type
[DEBUG Aug  2 07:57:19.830805309, errors.go:86] Wrapped localized error: <nil> -- with: The installed version of the State Tool Service does not match that of the client.
Please stop the service with [ACTIONABLE]state-svc stop[/RESET] and try your command again.
If this issue persists please reinstall the State Tool.

[DEBUG Aug  2 07:57:19.830821318, errs.go:68] Created error: no data
[DEBUG Aug  2 07:57:19.830848236, errs.go:68] Created error: member not found
[DEBUG Aug  2 07:57:19.830875360, errs.go:68] Created error: Commit count is unknowable
[DEBUG Aug  2 07:57:19.830907850, errs.go:68] Created error: No merge required
[DEBUG Aug  2 07:57:19.830931728, errs.go:68] Created error: Can't merge commit thats already in target commits history
[DEBUG Aug  2 07:57:19.830957056, errs.go:68] Created error: Bad expander name
[DEBUG Aug  2 07:57:19.830981939, errs.go:68] Created error: Expander has no handler
[DEBUG Aug  2 07:57:19.832195482, errs.go:68] Created error: Service is already running
[DEBUG Aug  2 07:57:19.904823445, secrets.go:35] Gcloud Secretmanager failed to initialize (ignore if you're not trying to use gcloud): google: could not find default credentials. See https://developers.google.com/accounts/docs/application-default-credentials for more information.
[DEBUG Aug  2 07:57:19.908143923, output.go:53] Requested outputer for 
[DEBUG Aug  2 07:57:19.908164627, output.go:58] Using Plain outputer
[DEBUG Aug  2 07:57:19.908235170, termutils.go:17] Cannot get terminal size: inappropriate ioctl for device
[DEBUG Aug  2 07:57:19.908322468, client.go:128] Reporting event to 2 reporters: run-command, state-svc start, 
[DEBUG Aug  2 07:57:19.908407103, main.go:107] Running CmdStart
[DEBUG Aug  2 07:57:19.913987498, errs.go:75] Wrapped error: Service is already running -- with: valueF failed
[DEBUG Aug  2 07:57:19.914054017, errs.go:75] Wrapped error: valueF failed -- with: Could not store pid
[DEBUG Aug  2 07:57:19.914152162, errors.go:113] Wrapped input error: Could not store pid -- with: A State Service instance is already running in the background.
[DEBUG Aug  2 07:57:19.914167282, errs.go:75] Wrapped error: A State Service instance is already running in the background. -- with: Could not start serviceManager
[DEBUG Aug  2 07:57:19.914235269, client.go:128] Reporting event to 2 reporters: command-exit, state-svc start, 1
[DEBUG Aug  2 07:57:20.275862780, errs.go:75] Wrapped error: <nil> -- with: Could not start serviceManager: A State Service instance is already running in the background.: Could not store pid: valueF failed: Service is already running
[DEBUG Aug  2 07:57:20.275933351, main.go:61] state-svc errored out due to input: Could not start serviceManager: A State Service instance is already running in the background.: Could not store pid: valueF failed: Service is already running
