[DEBUG Aug  2 07:37:52.988332228, defaults.go:273] Args: [/home1/wangfeim/.local/ActiveState/StateTool/release/bin/state-svc start]
[DEBUG Aug  2 07:37:53.002531710, locale.go:38] Init
[DEBUG Aug  2 07:37:53.581534719, errs.go:68] Created error: File could not be found
[DEBUG Aug  2 07:37:53.584849539, errs.go:68] Created error: Not Recognized
[DEBUG Aug  2 07:37:53.606284002, errs.go:68] Created error: Secret not found
[DEBUG Aug  2 07:37:53.606337803, errs.go:68] Created error: Could not save keypair
[DEBUG Aug  2 07:37:53.606521793, errs.go:68] Created error: Build responded with error
[DEBUG Aug  2 07:37:53.606557580, errs.go:68] Created error: Unknown build type
[DEBUG Aug  2 07:37:53.606689756, errors.go:86] Wrapped localized error: <nil> -- with: The installed version of the State Tool Service does not match that of the client.
Please stop the service with [ACTIONABLE]state-svc stop[/RESET] and try your command again.
If this issue persists please reinstall the State Tool.

[DEBUG Aug  2 07:37:53.606711330, errs.go:68] Created error: no data
[DEBUG Aug  2 07:37:53.606737548, errs.go:68] Created error: member not found
[DEBUG Aug  2 07:37:53.606761772, errs.go:68] Created error: Commit count is unknowable
[DEBUG Aug  2 07:37:53.606785807, errs.go:68] Created error: No merge required
[DEBUG Aug  2 07:37:53.606810145, errs.go:68] Created error: Can't merge commit thats already in target commits history
[DEBUG Aug  2 07:37:53.606835804, errs.go:68] Created error: Bad expander name
[DEBUG Aug  2 07:37:53.606866534, errs.go:68] Created error: Expander has no handler
[DEBUG Aug  2 07:37:53.608010028, errs.go:68] Created error: Service is already running
[DEBUG Aug  2 07:37:53.641343291, secrets.go:35] Gcloud Secretmanager failed to initialize (ignore if you're not trying to use gcloud): google: could not find default credentials. See https://developers.google.com/accounts/docs/application-default-credentials for more information.
[DEBUG Aug  2 07:37:53.645232824, output.go:53] Requested outputer for 
[DEBUG Aug  2 07:37:53.645256635, output.go:58] Using Plain outputer
[DEBUG Aug  2 07:37:53.645336383, termutils.go:17] Cannot get terminal size: inappropriate ioctl for device
[DEBUG Aug  2 07:37:53.645420542, client.go:128] Reporting event to 2 reporters: run-command, state-svc start, 
[DEBUG Aug  2 07:37:53.645487543, main.go:107] Running CmdStart
[DEBUG Aug  2 07:37:53.651591262, errs.go:75] Wrapped error: Service is already running -- with: valueF failed
[DEBUG Aug  2 07:37:53.651657538, errs.go:75] Wrapped error: valueF failed -- with: Could not store pid
[DEBUG Aug  2 07:37:53.651731315, errors.go:113] Wrapped input error: Could not store pid -- with: A State Service instance is already running in the background.
[DEBUG Aug  2 07:37:53.651745393, errs.go:75] Wrapped error: A State Service instance is already running in the background. -- with: Could not start serviceManager
[DEBUG Aug  2 07:37:53.684745297, client.go:128] Reporting event to 2 reporters: command-exit, state-svc start, 1
[DEBUG Aug  2 07:37:54.058343515, errs.go:75] Wrapped error: <nil> -- with: Could not start serviceManager: A State Service instance is already running in the background.: Could not store pid: valueF failed: Service is already running
[DEBUG Aug  2 07:37:54.058440997, main.go:61] state-svc errored out due to input: Could not start serviceManager: A State Service instance is already running in the background.: Could not store pid: valueF failed: Service is already running
