[DEBUG Aug  2 07:49:57.918324063, defaults.go:273] Args: [/home1/wangfeim/.local/ActiveState/StateTool/release/bin/state-svc start]
[DEBUG Aug  2 07:49:57.932688568, locale.go:38] Init
[DEBUG Aug  2 07:49:58.005913741, errs.go:68] Created error: File could not be found
[DEBUG Aug  2 07:49:58.008946747, errs.go:68] Created error: Not Recognized
[DEBUG Aug  2 07:49:58.030740215, errs.go:68] Created error: Secret not found
[DEBUG Aug  2 07:49:58.030798350, errs.go:68] Created error: Could not save keypair
[DEBUG Aug  2 07:49:58.030979541, errs.go:68] Created error: Build responded with error
[DEBUG Aug  2 07:49:58.031018494, errs.go:68] Created error: Unknown build type
[DEBUG Aug  2 07:49:58.031130799, errors.go:86] Wrapped localized error: <nil> -- with: The installed version of the State Tool Service does not match that of the client.
Please stop the service with [ACTIONABLE]state-svc stop[/RESET] and try your command again.
If this issue persists please reinstall the State Tool.

[DEBUG Aug  2 07:49:58.031146852, errs.go:68] Created error: no data
[DEBUG Aug  2 07:49:58.031172963, errs.go:68] Created error: member not found
[DEBUG Aug  2 07:49:58.031197128, errs.go:68] Created error: Commit count is unknowable
[DEBUG Aug  2 07:49:58.031220492, errs.go:68] Created error: No merge required
[DEBUG Aug  2 07:49:58.031253128, errs.go:68] Created error: Can't merge commit thats already in target commits history
[DEBUG Aug  2 07:49:58.031277159, errs.go:68] Created error: Bad expander name
[DEBUG Aug  2 07:49:58.031301006, errs.go:68] Created error: Expander has no handler
[DEBUG Aug  2 07:49:58.032343648, errs.go:68] Created error: Service is already running
[DEBUG Aug  2 07:49:58.101514832, secrets.go:35] Gcloud Secretmanager failed to initialize (ignore if you're not trying to use gcloud): google: could not find default credentials. See https://developers.google.com/accounts/docs/application-default-credentials for more information.
[DEBUG Aug  2 07:49:58.104593426, output.go:53] Requested outputer for 
[DEBUG Aug  2 07:49:58.104616927, output.go:58] Using Plain outputer
[DEBUG Aug  2 07:49:58.104700707, termutils.go:17] Cannot get terminal size: inappropriate ioctl for device
[DEBUG Aug  2 07:49:58.104791779, client.go:128] Reporting event to 2 reporters: run-command, state-svc start, 
[DEBUG Aug  2 07:49:58.104903894, main.go:107] Running CmdStart
[DEBUG Aug  2 07:49:58.111061796, errs.go:75] Wrapped error: Service is already running -- with: valueF failed
[DEBUG Aug  2 07:49:58.111133216, errs.go:75] Wrapped error: valueF failed -- with: Could not store pid
[DEBUG Aug  2 07:49:58.111213335, errors.go:113] Wrapped input error: Could not store pid -- with: A State Service instance is already running in the background.
[DEBUG Aug  2 07:49:58.111228134, errs.go:75] Wrapped error: A State Service instance is already running in the background. -- with: Could not start serviceManager
[DEBUG Aug  2 07:49:58.111292826, client.go:128] Reporting event to 2 reporters: command-exit, state-svc start, 1
[DEBUG Aug  2 07:49:58.454908963, errs.go:75] Wrapped error: <nil> -- with: Could not start serviceManager: A State Service instance is already running in the background.: Could not store pid: valueF failed: Service is already running
[DEBUG Aug  2 07:49:58.454969560, main.go:61] state-svc errored out due to input: Could not start serviceManager: A State Service instance is already running in the background.: Could not store pid: valueF failed: Service is already running
