[DEBUG Aug  2 07:52:27.914187131, defaults.go:273] Args: [/home1/wangfeim/.local/ActiveState/StateTool/release/bin/state-svc start]
[DEBUG Aug  2 07:52:27.928369569, locale.go:38] Init
[DEBUG Aug  2 07:52:27.991428866, errs.go:68] Created error: File could not be found
[DEBUG Aug  2 07:52:27.994337131, errs.go:68] Created error: Not Recognized
[DEBUG Aug  2 07:52:28.012739437, errs.go:68] Created error: Secret not found
[DEBUG Aug  2 07:52:28.012797189, errs.go:68] Created error: Could not save keypair
[DEBUG Aug  2 07:52:28.012959505, errs.go:68] Created error: Build responded with error
[DEBUG Aug  2 07:52:28.012984904, errs.go:68] Created error: Unknown build type
[DEBUG Aug  2 07:52:28.013082350, errors.go:86] Wrapped localized error: <nil> -- with: The installed version of the State Tool Service does not match that of the client.
Please stop the service with [ACTIONABLE]state-svc stop[/RESET] and try your command again.
If this issue persists please reinstall the State Tool.

[DEBUG Aug  2 07:52:28.013094129, errs.go:68] Created error: no data
[DEBUG Aug  2 07:52:28.013119523, errs.go:68] Created error: member not found
[DEBUG Aug  2 07:52:28.013140291, errs.go:68] Created error: Commit count is unknowable
[DEBUG Aug  2 07:52:28.013167405, errs.go:68] Created error: No merge required
[DEBUG Aug  2 07:52:28.013187829, errs.go:68] Created error: Can't merge commit thats already in target commits history
[DEBUG Aug  2 07:52:28.013210246, errs.go:68] Created error: Bad expander name
[DEBUG Aug  2 07:52:28.013230729, errs.go:68] Created error: Expander has no handler
[DEBUG Aug  2 07:52:28.014277457, errs.go:68] Created error: Service is already running
[DEBUG Aug  2 07:52:28.041242339, secrets.go:35] Gcloud Secretmanager failed to initialize (ignore if you're not trying to use gcloud): google: could not find default credentials. See https://developers.google.com/accounts/docs/application-default-credentials for more information.
[DEBUG Aug  2 07:52:28.045313505, output.go:53] Requested outputer for 
[DEBUG Aug  2 07:52:28.045338204, output.go:58] Using Plain outputer
[DEBUG Aug  2 07:52:28.045417901, termutils.go:17] Cannot get terminal size: inappropriate ioctl for device
[DEBUG Aug  2 07:52:28.045508522, client.go:128] Reporting event to 2 reporters: run-command, state-svc start, 
[DEBUG Aug  2 07:52:28.045569144, main.go:107] Running CmdStart
[DEBUG Aug  2 07:52:28.051914426, errs.go:75] Wrapped error: Service is already running -- with: valueF failed
[DEBUG Aug  2 07:52:28.051977857, errs.go:75] Wrapped error: valueF failed -- with: Could not store pid
[DEBUG Aug  2 07:52:28.052055777, errors.go:113] Wrapped input error: Could not store pid -- with: A State Service instance is already running in the background.
[DEBUG Aug  2 07:52:28.052070968, errs.go:75] Wrapped error: A State Service instance is already running in the background. -- with: Could not start serviceManager
[DEBUG Aug  2 07:52:28.052129471, client.go:128] Reporting event to 2 reporters: command-exit, state-svc start, 1
[DEBUG Aug  2 07:52:28.418108868, errs.go:75] Wrapped error: <nil> -- with: Could not start serviceManager: A State Service instance is already running in the background.: Could not store pid: valueF failed: Service is already running
[DEBUG Aug  2 07:52:28.418183042, main.go:61] state-svc errored out due to input: Could not start serviceManager: A State Service instance is already running in the background.: Could not store pid: valueF failed: Service is already running
