[DEBUG Aug  2 07:37:02.724625499, defaults.go:273] Args: [/home1/wangfeim/.local/ActiveState/StateTool/release/bin/state-svc start]
[DEBUG Aug  2 07:37:02.737637977, locale.go:38] Init
[DEBUG Aug  2 07:37:02.777763430, errs.go:68] Created error: File could not be found
[DEBUG Aug  2 07:37:02.780582180, errs.go:68] Created error: Not Recognized
[DEBUG Aug  2 07:37:02.800959212, errs.go:68] Created error: Secret not found
[DEBUG Aug  2 07:37:02.801006343, errs.go:68] Created error: Could not save keypair
[DEBUG Aug  2 07:37:02.801184003, errs.go:68] Created error: Build responded with error
[DEBUG Aug  2 07:37:02.801216182, errs.go:68] Created error: Unknown build type
[DEBUG Aug  2 07:37:02.801325154, errors.go:86] Wrapped localized error: <nil> -- with: The installed version of the State Tool Service does not match that of the client.
Please stop the service with [ACTIONABLE]state-svc stop[/RESET] and try your command again.
If this issue persists please reinstall the State Tool.

[DEBUG Aug  2 07:37:02.801338633, errs.go:68] Created error: no data
[DEBUG Aug  2 07:37:02.801375093, errs.go:68] Created error: member not found
[DEBUG Aug  2 07:37:02.801399159, errs.go:68] Created error: Commit count is unknowable
[DEBUG Aug  2 07:37:02.801424158, errs.go:68] Created error: No merge required
[DEBUG Aug  2 07:37:02.801445183, errs.go:68] Created error: Can't merge commit thats already in target commits history
[DEBUG Aug  2 07:37:02.801468180, errs.go:68] Created error: Bad expander name
[DEBUG Aug  2 07:37:02.801489127, errs.go:68] Created error: Expander has no handler
[DEBUG Aug  2 07:37:02.802610279, errs.go:68] Created error: Service is already running
[DEBUG Aug  2 07:37:02.830217394, secrets.go:35] Gcloud Secretmanager failed to initialize (ignore if you're not trying to use gcloud): google: could not find default credentials. See https://developers.google.com/accounts/docs/application-default-credentials for more information.
[DEBUG Aug  2 07:37:02.834892283, output.go:53] Requested outputer for 
[DEBUG Aug  2 07:37:02.834920128, output.go:58] Using Plain outputer
[DEBUG Aug  2 07:37:02.835031457, termutils.go:17] Cannot get terminal size: inappropriate ioctl for device
[DEBUG Aug  2 07:37:02.835149266, client.go:128] Reporting event to 2 reporters: run-command, state-svc start, 
[DEBUG Aug  2 07:37:02.835212859, main.go:107] Running CmdStart
[DEBUG Aug  2 07:37:02.842083108, errs.go:75] Wrapped error: Service is already running -- with: valueF failed
[DEBUG Aug  2 07:37:02.842136662, errs.go:75] Wrapped error: valueF failed -- with: Could not store pid
[DEBUG Aug  2 07:37:02.842208670, errors.go:113] Wrapped input error: Could not store pid -- with: A State Service instance is already running in the background.
[DEBUG Aug  2 07:37:02.842222837, errs.go:75] Wrapped error: A State Service instance is already running in the background. -- with: Could not start serviceManager
[DEBUG Aug  2 07:37:02.842283747, client.go:128] Reporting event to 2 reporters: command-exit, state-svc start, 1
[DEBUG Aug  2 07:37:03.185697272, errs.go:75] Wrapped error: <nil> -- with: Could not start serviceManager: A State Service instance is already running in the background.: Could not store pid: valueF failed: Service is already running
[DEBUG Aug  2 07:37:03.185771543, main.go:61] state-svc errored out due to input: Could not start serviceManager: A State Service instance is already running in the background.: Could not store pid: valueF failed: Service is already running
