[DEBUG Sep 17 12:26:35.105891489, defaults.go:273] Args: [/home1/wangfeim/.local/ActiveState/StateTool/release/bin/state-svc foreground]
[DEBUG Sep 17 12:26:35.118848621, locale.go:38] Init
[DEBUG Sep 17 12:26:35.155537451, errs.go:68] Created error: File could not be found
[DEBUG Sep 17 12:26:35.158425566, errs.go:68] Created error: Not Recognized
[DEBUG Sep 17 12:26:35.179472828, errs.go:68] Created error: Secret not found
[DEBUG Sep 17 12:26:35.179534727, errs.go:68] Created error: Could not save keypair
[DEBUG Sep 17 12:26:35.179850451, errs.go:68] Created error: Build responded with error
[DEBUG Sep 17 12:26:35.179894248, errs.go:68] Created error: Unknown build type
[DEBUG Sep 17 12:26:35.180032531, errors.go:86] Wrapped localized error: <nil> -- with: The installed version of the State Tool Service does not match that of the client.
Please stop the service with [ACTIONABLE]state-svc stop[/RESET] and try your command again.
If this issue persists please reinstall the State Tool.

[DEBUG Sep 17 12:26:35.180052717, errs.go:68] Created error: no data
[DEBUG Sep 17 12:26:35.180079213, errs.go:68] Created error: member not found
[DEBUG Sep 17 12:26:35.180106207, errs.go:68] Created error: Commit count is unknowable
[DEBUG Sep 17 12:26:35.180141897, errs.go:68] Created error: No merge required
[DEBUG Sep 17 12:26:35.180169331, errs.go:68] Created error: Can't merge commit thats already in target commits history
[DEBUG Sep 17 12:26:35.180195594, errs.go:68] Created error: Bad expander name
[DEBUG Sep 17 12:26:35.180320535, errs.go:68] Created error: Expander has no handler
[DEBUG Sep 17 12:26:35.182909452, errs.go:68] Created error: Service is already running
[DEBUG Sep 17 12:26:35.221571549, secrets.go:35] Gcloud Secretmanager failed to initialize (ignore if you're not trying to use gcloud): google: could not find default credentials. See https://developers.google.com/accounts/docs/application-default-credentials for more information.
[DEBUG Sep 17 12:26:35.227711310, output.go:53] Requested outputer for 
[DEBUG Sep 17 12:26:35.227730970, output.go:58] Using Plain outputer
[DEBUG Sep 17 12:26:35.227806967, termutils.go:17] Cannot get terminal size: inappropriate ioctl for device
[DEBUG Sep 17 12:26:35.227913524, main.go:137] Running CmdForeground
[DEBUG Sep 17 12:26:35.227930751, main.go:147] Running in Foreground
[DEBUG Sep 17 12:26:35.227971281, client.go:128] Reporting event to 2 reporters: run-command, state-svc foreground, 
[DEBUG Sep 17 12:26:35.228215335, service.go:30] service:Start
[DEBUG Sep 17 12:26:35.235022809, service.go:42] Server starting on port: 36894
[DEBUG Sep 17 12:26:35.235092762, client.go:128] Reporting event to 2 reporters: state-svc, start, 
[DEBUG Sep 17 12:26:35.271900605, resolver.go:57] Version resolver
[DEBUG Sep 17 12:26:35.272972552, client.go:128] Reporting event to 2 reporters: state-svc, endpoint, Version
[DEBUG Sep 17 12:26:35.292096505, resolver.go:121] Analytics event resolver
[DEBUG Sep 17 12:26:35.292449088, client.go:128] Reporting event to 2 reporters: run-command, exec, 
[DEBUG Sep 17 12:26:35.292848893, resolver.go:57] Version resolver
[DEBUG Sep 17 12:26:35.293106825, client.go:128] Reporting event to 2 reporters: state-svc, endpoint, Version
[DEBUG Sep 17 12:26:35.297381187, resolver.go:57] Version resolver
[DEBUG Sep 17 12:26:35.297498646, client.go:128] Reporting event to 2 reporters: state-svc, endpoint, Version
[DEBUG Sep 17 12:26:35.297687475, resolver.go:57] Version resolver
[DEBUG Sep 17 12:26:35.297781224, client.go:128] Reporting event to 2 reporters: state-svc, endpoint, Version
[DEBUG Sep 17 12:26:35.301024430, resolver.go:121] Analytics event resolver
[DEBUG Sep 17 12:26:35.301192275, client.go:128] Reporting event to 2 reporters: runtime, start, 
[DEBUG Sep 17 12:26:35.303079846, resolver.go:121] Analytics event resolver
[DEBUG Sep 17 12:26:35.303232151, client.go:128] Reporting event to 2 reporters: runtime, cache, 
[DEBUG Sep 17 12:26:35.304796387, resolver.go:121] Analytics event resolver
[DEBUG Sep 17 12:26:35.304911160, client.go:128] Reporting event to 2 reporters: runtime, success, 
[DEBUG Sep 17 12:27:35.235801601, watcher.go:72] Checking for runtime processes
[DEBUG Sep 17 12:28:35.235451504, watcher.go:72] Checking for runtime processes
[DEBUG Sep 17 12:29:35.236729885, watcher.go:72] Checking for runtime processes
[DEBUG Sep 17 12:30:35.235344689, watcher.go:72] Checking for runtime processes
[DEBUG Sep 17 12:31:35.235579239, watcher.go:72] Checking for runtime processes
[DEBUG Sep 17 12:32:35.235371135, watcher.go:72] Checking for runtime processes
[DEBUG Sep 17 12:33:35.235520386, watcher.go:72] Checking for runtime processes
[DEBUG Sep 17 12:34:35.235905784, watcher.go:72] Checking for runtime processes
[DEBUG Sep 17 12:35:35.236670230, watcher.go:72] Checking for runtime processes
[DEBUG Sep 17 12:36:35.236141548, watcher.go:72] Checking for runtime processes
[DEBUG Sep 17 12:37:35.235379498, watcher.go:72] Checking for runtime processes
[DEBUG Sep 17 12:38:35.235533814, watcher.go:72] Checking for runtime processes
[DEBUG Sep 17 12:39:35.235562525, watcher.go:72] Checking for runtime processes
[DEBUG Sep 17 12:40:35.235363777, watcher.go:72] Checking for runtime processes
[DEBUG Sep 17 12:41:35.235426755, watcher.go:72] Checking for runtime processes
[DEBUG Sep 17 12:42:35.235655132, watcher.go:72] Checking for runtime processes
[DEBUG Sep 17 12:43:35.235374832, watcher.go:72] Checking for runtime processes
[DEBUG Sep 17 12:44:35.235620367, watcher.go:72] Checking for runtime processes
[DEBUG Sep 17 12:45:35.236500173, watcher.go:72] Checking for runtime processes
[DEBUG Sep 17 12:46:35.235435706, watcher.go:72] Checking for runtime processes
[DEBUG Sep 17 12:47:35.235478583, watcher.go:72] Checking for runtime processes
[DEBUG Sep 17 12:48:35.236432439, watcher.go:72] Checking for runtime processes
[DEBUG Sep 17 12:49:35.235387570, watcher.go:72] Checking for runtime processes
[DEBUG Sep 17 12:50:35.235347427, watcher.go:72] Checking for runtime processes
[DEBUG Sep 17 12:51:35.235610998, watcher.go:72] Checking for runtime processes
[DEBUG Sep 17 12:52:35.235724521, watcher.go:72] Checking for runtime processes
[DEBUG Sep 17 12:53:35.235628792, watcher.go:72] Checking for runtime processes
[DEBUG Sep 17 12:54:35.236367944, watcher.go:72] Checking for runtime processes
[DEBUG Sep 17 12:55:35.235715444, watcher.go:72] Checking for runtime processes
[DEBUG Sep 17 12:56:35.236447424, watcher.go:72] Checking for runtime processes
[DEBUG Sep 17 12:57:35.236440351, watcher.go:72] Checking for runtime processes
[DEBUG Sep 17 12:58:35.235472015, watcher.go:72] Checking for runtime processes
[DEBUG Sep 17 12:59:35.235415229, watcher.go:72] Checking for runtime processes
[DEBUG Sep 17 13:00:35.235487396, watcher.go:72] Checking for runtime processes
[DEBUG Sep 17 13:01:35.235556002, watcher.go:72] Checking for runtime processes
[DEBUG Sep 17 13:02:35.235438561, watcher.go:72] Checking for runtime processes
[DEBUG Sep 17 13:03:35.235410652, watcher.go:72] Checking for runtime processes
[DEBUG Sep 17 13:04:35.235844281, watcher.go:72] Checking for runtime processes
[DEBUG Sep 17 13:05:35.235911230, watcher.go:72] Checking for runtime processes
[DEBUG Sep 17 13:06:35.235640552, watcher.go:72] Checking for runtime processes
[DEBUG Sep 17 13:07:35.235394122, watcher.go:72] Checking for runtime processes
[DEBUG Sep 17 13:08:35.235408393, watcher.go:72] Checking for runtime processes
[DEBUG Sep 17 13:09:35.236382383, watcher.go:72] Checking for runtime processes
[DEBUG Sep 17 13:10:35.236303609, watcher.go:72] Checking for runtime processes
[DEBUG Sep 17 13:11:35.235692165, watcher.go:72] Checking for runtime processes
[DEBUG Sep 17 13:12:35.236319530, watcher.go:72] Checking for runtime processes
[DEBUG Sep 17 13:13:35.235486762, watcher.go:72] Checking for runtime processes
[DEBUG Sep 17 13:14:35.236309654, watcher.go:72] Checking for runtime processes
[DEBUG Sep 17 13:15:35.235358927, watcher.go:72] Checking for runtime processes
[DEBUG Sep 17 13:16:35.236475920, watcher.go:72] Checking for runtime processes
[DEBUG Sep 17 13:17:35.235588295, watcher.go:72] Checking for runtime processes
[DEBUG Sep 17 13:18:35.235381333, watcher.go:72] Checking for runtime processes
[DEBUG Sep 17 13:19:35.236396456, watcher.go:72] Checking for runtime processes
[DEBUG Sep 17 13:20:35.236530962, watcher.go:72] Checking for runtime processes
[DEBUG Sep 17 13:21:35.236448064, watcher.go:72] Checking for runtime processes
[DEBUG Sep 17 13:22:35.235396210, watcher.go:72] Checking for runtime processes
[DEBUG Sep 17 13:23:35.235387794, watcher.go:72] Checking for runtime processes
[DEBUG Sep 17 13:24:35.236390423, watcher.go:72] Checking for runtime processes
[DEBUG Sep 17 13:25:35.236391282, watcher.go:72] Checking for runtime processes
[DEBUG Sep 17 13:26:35.235465123, watcher.go:72] Checking for runtime processes
[DEBUG Sep 17 13:27:35.235572183, watcher.go:72] Checking for runtime processes
[DEBUG Sep 17 13:28:35.235414696, watcher.go:72] Checking for runtime processes
[DEBUG Sep 17 13:29:35.236319119, watcher.go:72] Checking for runtime processes
[DEBUG Sep 17 13:30:35.235415248, watcher.go:72] Checking for runtime processes
[DEBUG Sep 17 13:31:35.236383076, watcher.go:72] Checking for runtime processes
[DEBUG Sep 17 13:32:35.236332870, watcher.go:72] Checking for runtime processes
[DEBUG Sep 17 13:33:35.235452631, watcher.go:72] Checking for runtime processes
[DEBUG Sep 17 13:34:35.236442373, watcher.go:72] Checking for runtime processes
[DEBUG Sep 17 13:35:35.235460225, watcher.go:72] Checking for runtime processes
[DEBUG Sep 17 13:36:35.235679627, watcher.go:72] Checking for runtime processes
[DEBUG Sep 17 13:37:35.235521232, watcher.go:72] Checking for runtime processes
[DEBUG Sep 17 13:38:35.235957198, watcher.go:72] Checking for runtime processes
[DEBUG Sep 17 13:39:35.235634914, watcher.go:72] Checking for runtime processes
[DEBUG Sep 17 13:40:35.235634530, watcher.go:72] Checking for runtime processes
[DEBUG Sep 17 13:41:35.236597221, watcher.go:72] Checking for runtime processes
[DEBUG Sep 17 13:42:35.235661772, watcher.go:72] Checking for runtime processes
[DEBUG Sep 17 13:43:35.235485353, watcher.go:72] Checking for runtime processes
[DEBUG Sep 17 13:44:35.235543439, watcher.go:72] Checking for runtime processes
[DEBUG Sep 17 13:45:35.235362935, watcher.go:72] Checking for runtime processes
[DEBUG Sep 17 13:46:35.235969397, watcher.go:72] Checking for runtime processes
[DEBUG Sep 17 13:47:35.235447507, watcher.go:72] Checking for runtime processes
[DEBUG Sep 17 13:48:35.236374880, watcher.go:72] Checking for runtime processes
[DEBUG Sep 17 13:49:35.236407176, watcher.go:72] Checking for runtime processes
[DEBUG Sep 17 13:50:35.235616278, watcher.go:72] Checking for runtime processes
[DEBUG Sep 17 13:51:35.235535487, watcher.go:72] Checking for runtime processes
[DEBUG Sep 17 13:52:35.236472692, watcher.go:72] Checking for runtime processes
[DEBUG Sep 17 13:53:35.235422054, watcher.go:72] Checking for runtime processes
[DEBUG Sep 17 13:54:35.235390884, watcher.go:72] Checking for runtime processes
[DEBUG Sep 17 13:55:35.235828290, watcher.go:72] Checking for runtime processes
[DEBUG Sep 17 13:56:35.235356737, watcher.go:72] Checking for runtime processes
[DEBUG Sep 17 13:57:35.235414440, watcher.go:72] Checking for runtime processes
[DEBUG Sep 17 13:58:35.235382291, watcher.go:72] Checking for runtime processes
[DEBUG Sep 17 13:59:35.235567985, watcher.go:72] Checking for runtime processes
[DEBUG Sep 17 14:00:35.235396339, watcher.go:72] Checking for runtime processes
[DEBUG Sep 17 14:01:35.235377789, watcher.go:72] Checking for runtime processes
[DEBUG Sep 17 14:02:35.235849056, watcher.go:72] Checking for runtime processes
[DEBUG Sep 17 14:03:35.235622228, watcher.go:72] Checking for runtime processes
[DEBUG Sep 17 14:04:35.235846040, watcher.go:72] Checking for runtime processes
[DEBUG Sep 17 14:05:35.235973686, watcher.go:72] Checking for runtime processes
[DEBUG Sep 17 14:06:35.235959297, watcher.go:72] Checking for runtime processes
[DEBUG Sep 17 14:07:35.236335473, watcher.go:72] Checking for runtime processes
[DEBUG Sep 17 14:08:35.236569259, watcher.go:72] Checking for runtime processes
[DEBUG Sep 17 14:09:35.236416805, watcher.go:72] Checking for runtime processes
[DEBUG Sep 17 14:10:35.235581335, watcher.go:72] Checking for runtime processes
[DEBUG Sep 17 14:11:35.236668188, watcher.go:72] Checking for runtime processes
[DEBUG Sep 17 14:12:35.235903626, watcher.go:72] Checking for runtime processes
[DEBUG Sep 17 14:13:35.235399749, watcher.go:72] Checking for runtime processes
[DEBUG Sep 17 14:14:35.235442528, watcher.go:72] Checking for runtime processes
[DEBUG Sep 17 14:15:35.235420503, watcher.go:72] Checking for runtime processes
[DEBUG Sep 17 14:16:35.235932454, watcher.go:72] Checking for runtime processes
[DEBUG Sep 17 14:17:35.236502561, watcher.go:72] Checking for runtime processes
[DEBUG Sep 17 14:18:35.235700263, watcher.go:72] Checking for runtime processes
[DEBUG Sep 17 14:19:35.235374960, watcher.go:72] Checking for runtime processes
[DEBUG Sep 17 14:20:35.236468887, watcher.go:72] Checking for runtime processes
[DEBUG Sep 17 14:21:35.235676312, watcher.go:72] Checking for runtime processes
[DEBUG Sep 17 14:22:35.235531324, watcher.go:72] Checking for runtime processes
[DEBUG Sep 17 14:23:35.235353886, watcher.go:72] Checking for runtime processes
[DEBUG Sep 17 14:24:35.235776229, watcher.go:72] Checking for runtime processes
[DEBUG Sep 17 14:25:35.236404902, watcher.go:72] Checking for runtime processes
[DEBUG Sep 17 14:26:35.235671811, watcher.go:72] Checking for runtime processes
[DEBUG Sep 17 14:27:35.235360897, watcher.go:72] Checking for runtime processes
[DEBUG Sep 17 14:28:35.235334670, watcher.go:72] Checking for runtime processes
[DEBUG Sep 17 14:29:35.235418771, watcher.go:72] Checking for runtime processes
[DEBUG Sep 17 14:30:35.235382400, watcher.go:72] Checking for runtime processes
[DEBUG Sep 17 14:31:35.236375774, watcher.go:72] Checking for runtime processes
[DEBUG Sep 17 14:32:35.235864525, watcher.go:72] Checking for runtime processes
[DEBUG Sep 17 14:33:35.235688858, watcher.go:72] Checking for runtime processes
[DEBUG Sep 17 14:34:35.235374947, watcher.go:72] Checking for runtime processes
[DEBUG Sep 17 14:35:35.235346883, watcher.go:72] Checking for runtime processes
[DEBUG Sep 17 14:36:35.236378815, watcher.go:72] Checking for runtime processes
[DEBUG Sep 17 14:37:35.235613399, watcher.go:72] Checking for runtime processes
[DEBUG Sep 17 14:38:35.235421119, watcher.go:72] Checking for runtime processes
[DEBUG Sep 17 14:39:35.235355359, watcher.go:72] Checking for runtime processes
[DEBUG Sep 17 14:40:35.236313760, watcher.go:72] Checking for runtime processes
[DEBUG Sep 17 14:41:35.235711554, watcher.go:72] Checking for runtime processes
[DEBUG Sep 17 14:42:35.235684827, watcher.go:72] Checking for runtime processes
[DEBUG Sep 17 14:43:35.235370163, watcher.go:72] Checking for runtime processes
[DEBUG Sep 17 14:44:35.235336871, watcher.go:72] Checking for runtime processes
[DEBUG Sep 17 14:45:35.235361246, watcher.go:72] Checking for runtime processes
[DEBUG Sep 17 14:46:35.236436586, watcher.go:72] Checking for runtime processes
[DEBUG Sep 17 14:47:35.235395727, watcher.go:72] Checking for runtime processes
[DEBUG Sep 17 14:48:35.236392124, watcher.go:72] Checking for runtime processes
[DEBUG Sep 17 14:49:35.235573156, watcher.go:72] Checking for runtime processes
[DEBUG Sep 17 14:50:35.236591039, watcher.go:72] Checking for runtime processes
[DEBUG Sep 17 14:51:35.236673296, watcher.go:72] Checking for runtime processes
[DEBUG Sep 17 14:52:35.236024526, watcher.go:72] Checking for runtime processes
[DEBUG Sep 17 14:53:35.235357534, watcher.go:72] Checking for runtime processes
[DEBUG Sep 17 14:54:35.236407078, watcher.go:72] Checking for runtime processes
[DEBUG Sep 17 14:55:35.235405288, watcher.go:72] Checking for runtime processes
[DEBUG Sep 17 14:56:35.235756793, watcher.go:72] Checking for runtime processes
[DEBUG Sep 17 14:57:35.235385992, watcher.go:72] Checking for runtime processes
[DEBUG Sep 17 14:58:35.236326533, watcher.go:72] Checking for runtime processes
[DEBUG Sep 17 14:59:35.235376967, watcher.go:72] Checking for runtime processes
[DEBUG Sep 17 15:00:35.235485460, watcher.go:72] Checking for runtime processes
[DEBUG Sep 17 15:01:35.236368674, watcher.go:72] Checking for runtime processes
[DEBUG Sep 17 15:02:35.235340766, watcher.go:72] Checking for runtime processes
[DEBUG Sep 17 15:03:35.235350984, watcher.go:72] Checking for runtime processes
[DEBUG Sep 17 15:04:35.235599141, watcher.go:72] Checking for runtime processes
[DEBUG Sep 17 15:05:35.235649352, watcher.go:72] Checking for runtime processes
[DEBUG Sep 17 15:06:35.236503422, watcher.go:72] Checking for runtime processes
[DEBUG Sep 17 15:07:35.235361603, watcher.go:72] Checking for runtime processes
[DEBUG Sep 17 15:08:35.235355610, watcher.go:72] Checking for runtime processes
[DEBUG Sep 17 15:09:35.236356429, watcher.go:72] Checking for runtime processes
[DEBUG Sep 17 15:10:35.236384069, watcher.go:72] Checking for runtime processes
[DEBUG Sep 17 15:11:35.235811206, watcher.go:72] Checking for runtime processes
[DEBUG Sep 17 15:12:35.235890712, watcher.go:72] Checking for runtime processes
[DEBUG Sep 17 15:13:35.236295853, watcher.go:72] Checking for runtime processes
[DEBUG Sep 17 15:14:35.235642331, watcher.go:72] Checking for runtime processes
[DEBUG Sep 17 15:15:35.235455168, watcher.go:72] Checking for runtime processes
[DEBUG Sep 17 15:16:35.235457449, watcher.go:72] Checking for runtime processes
[DEBUG Sep 17 15:17:35.235548698, watcher.go:72] Checking for runtime processes
[DEBUG Sep 17 15:18:35.235982423, watcher.go:72] Checking for runtime processes
[DEBUG Sep 17 15:19:35.236575800, watcher.go:72] Checking for runtime processes
[DEBUG Sep 17 15:20:35.235351043, watcher.go:72] Checking for runtime processes
[DEBUG Sep 17 15:21:35.235812115, watcher.go:72] Checking for runtime processes
[DEBUG Sep 17 15:22:21.114698777, resolver.go:121] Analytics event resolver
[DEBUG Sep 17 15:22:21.114983526, client.go:128] Reporting event to 2 reporters: command-exit, exec, 0
[DEBUG Sep 17 15:22:35.235776724, watcher.go:72] Checking for runtime processes
[DEBUG Sep 17 15:23:35.235814204, watcher.go:72] Checking for runtime processes
[DEBUG Sep 17 15:24:35.235808885, watcher.go:72] Checking for runtime processes
[DEBUG Sep 17 15:25:35.236336830, watcher.go:72] Checking for runtime processes
[DEBUG Sep 17 15:26:35.236344042, watcher.go:72] Checking for runtime processes
[DEBUG Sep 17 15:27:35.236332911, watcher.go:72] Checking for runtime processes
[DEBUG Sep 17 15:28:35.236319375, watcher.go:72] Checking for runtime processes
[DEBUG Sep 17 15:29:35.236345496, watcher.go:72] Checking for runtime processes
[DEBUG Sep 17 15:30:35.235415745, watcher.go:72] Checking for runtime processes
[DEBUG Sep 17 15:31:35.236339540, watcher.go:72] Checking for runtime processes
[DEBUG Sep 17 15:32:35.235411079, watcher.go:72] Checking for runtime processes
[DEBUG Sep 17 15:33:35.236348653, watcher.go:72] Checking for runtime processes
[DEBUG Sep 17 15:34:35.236350227, watcher.go:72] Checking for runtime processes
[DEBUG Sep 17 15:35:35.236342141, watcher.go:72] Checking for runtime processes
[DEBUG Sep 17 15:36:35.235871997, watcher.go:72] Checking for runtime processes
[DEBUG Sep 17 15:37:35.236356414, watcher.go:72] Checking for runtime processes
[DEBUG Sep 17 15:38:35.236347850, watcher.go:72] Checking for runtime processes
[DEBUG Sep 17 15:39:35.236344668, watcher.go:72] Checking for runtime processes
[DEBUG Sep 17 15:40:35.236340538, watcher.go:72] Checking for runtime processes
[DEBUG Sep 17 15:41:35.236343450, watcher.go:72] Checking for runtime processes
[DEBUG Sep 17 15:42:35.235575007, watcher.go:72] Checking for runtime processes
[DEBUG Sep 17 15:43:35.236320178, watcher.go:72] Checking for runtime processes
[DEBUG Sep 17 15:44:35.236338030, watcher.go:72] Checking for runtime processes
[DEBUG Sep 17 15:45:35.235416959, watcher.go:72] Checking for runtime processes
[DEBUG Sep 17 15:46:35.236340265, watcher.go:72] Checking for runtime processes
[DEBUG Sep 17 15:47:35.235408519, watcher.go:72] Checking for runtime processes
[DEBUG Sep 17 15:48:35.236346600, watcher.go:72] Checking for runtime processes
[DEBUG Sep 17 15:49:35.236342118, watcher.go:72] Checking for runtime processes
[DEBUG Sep 17 15:50:35.236343762, watcher.go:72] Checking for runtime processes
[DEBUG Sep 17 15:51:35.236337165, watcher.go:72] Checking for runtime processes
[DEBUG Sep 17 15:52:35.236345639, watcher.go:72] Checking for runtime processes
[DEBUG Sep 17 15:53:35.236343830, watcher.go:72] Checking for runtime processes
[DEBUG Sep 17 15:54:35.236337960, watcher.go:72] Checking for runtime processes
[DEBUG Sep 17 15:55:35.236339733, watcher.go:72] Checking for runtime processes
[DEBUG Sep 17 15:56:35.236343981, watcher.go:72] Checking for runtime processes
[DEBUG Sep 17 15:57:35.236404891, watcher.go:72] Checking for runtime processes
[DEBUG Sep 17 15:58:35.236318030, watcher.go:72] Checking for runtime processes
[DEBUG Sep 17 15:59:35.236334808, watcher.go:72] Checking for runtime processes
[DEBUG Sep 17 16:00:35.235415213, watcher.go:72] Checking for runtime processes
[DEBUG Sep 17 16:01:35.236339012, watcher.go:72] Checking for runtime processes
[DEBUG Sep 17 16:02:35.235408155, watcher.go:72] Checking for runtime processes
[DEBUG Sep 17 16:03:35.236344545, watcher.go:72] Checking for runtime processes
[DEBUG Sep 17 16:04:35.236342057, watcher.go:72] Checking for runtime processes
[DEBUG Sep 17 16:05:35.236341715, watcher.go:72] Checking for runtime processes
[DEBUG Sep 17 16:06:35.236332114, watcher.go:72] Checking for runtime processes
[DEBUG Sep 17 16:07:35.236338162, watcher.go:72] Checking for runtime processes
[DEBUG Sep 17 16:08:35.236335441, watcher.go:72] Checking for runtime processes
[DEBUG Sep 17 16:09:35.236342618, watcher.go:72] Checking for runtime processes
[DEBUG Sep 17 16:10:35.236336555, watcher.go:72] Checking for runtime processes
[DEBUG Sep 17 16:11:35.235881416, watcher.go:72] Checking for runtime processes
[DEBUG Sep 17 16:12:35.236332232, watcher.go:72] Checking for runtime processes
[DEBUG Sep 17 16:13:35.236319089, watcher.go:72] Checking for runtime processes
[DEBUG Sep 17 16:14:35.236337945, watcher.go:72] Checking for runtime processes
[DEBUG Sep 17 16:15:35.235415043, watcher.go:72] Checking for runtime processes
[DEBUG Sep 17 16:16:35.236337294, watcher.go:72] Checking for runtime processes
[DEBUG Sep 17 16:17:35.235409137, watcher.go:72] Checking for runtime processes
[DEBUG Sep 17 16:18:35.236342431, watcher.go:72] Checking for runtime processes
[DEBUG Sep 17 16:19:35.236336395, watcher.go:72] Checking for runtime processes
[DEBUG Sep 17 16:20:35.236348263, watcher.go:72] Checking for runtime processes
[DEBUG Sep 17 16:21:35.236351767, watcher.go:72] Checking for runtime processes
[DEBUG Sep 17 16:22:35.236342642, watcher.go:72] Checking for runtime processes
[DEBUG Sep 17 16:23:35.236345389, watcher.go:72] Checking for runtime processes
[DEBUG Sep 17 16:24:35.236340696, watcher.go:72] Checking for runtime processes
[DEBUG Sep 17 16:25:35.236335755, watcher.go:72] Checking for runtime processes
[DEBUG Sep 17 16:26:35.236342383, watcher.go:72] Checking for runtime processes
[DEBUG Sep 17 16:27:35.236334785, watcher.go:72] Checking for runtime processes
[DEBUG Sep 17 16:28:35.236317359, watcher.go:72] Checking for runtime processes
[DEBUG Sep 17 16:29:35.236334835, watcher.go:72] Checking for runtime processes
[DEBUG Sep 17 16:30:35.235414818, watcher.go:72] Checking for runtime processes
[DEBUG Sep 17 16:31:35.236335493, watcher.go:72] Checking for runtime processes
[DEBUG Sep 17 16:32:35.235408861, watcher.go:72] Checking for runtime processes
[DEBUG Sep 17 16:33:35.236337431, watcher.go:72] Checking for runtime processes
[DEBUG Sep 17 16:34:35.236334720, watcher.go:72] Checking for runtime processes
[DEBUG Sep 17 16:35:35.236338727, watcher.go:72] Checking for runtime processes
[DEBUG Sep 17 16:36:35.236332127, watcher.go:72] Checking for runtime processes
[DEBUG Sep 17 16:37:35.236337894, watcher.go:72] Checking for runtime processes
[DEBUG Sep 17 16:38:35.236333561, watcher.go:72] Checking for runtime processes
[DEBUG Sep 17 16:39:35.236338574, watcher.go:72] Checking for runtime processes
[DEBUG Sep 17 16:40:35.236333430, watcher.go:72] Checking for runtime processes
[DEBUG Sep 17 16:41:35.236338107, watcher.go:72] Checking for runtime processes
[DEBUG Sep 17 16:42:35.236336100, watcher.go:72] Checking for runtime processes
[DEBUG Sep 17 16:43:35.236317072, watcher.go:72] Checking for runtime processes
[DEBUG Sep 17 16:44:35.236331990, watcher.go:72] Checking for runtime processes
[DEBUG Sep 17 16:45:35.235411874, watcher.go:72] Checking for runtime processes
[DEBUG Sep 17 16:46:35.236344704, watcher.go:72] Checking for runtime processes
[DEBUG Sep 17 16:47:35.235406024, watcher.go:72] Checking for runtime processes
[DEBUG Sep 17 16:48:35.236338764, watcher.go:72] Checking for runtime processes
[DEBUG Sep 17 16:49:35.236342560, watcher.go:72] Checking for runtime processes
[DEBUG Sep 17 16:50:35.236342881, watcher.go:72] Checking for runtime processes
[DEBUG Sep 17 16:51:35.236334536, watcher.go:72] Checking for runtime processes
[DEBUG Sep 17 16:52:35.236337361, watcher.go:72] Checking for runtime processes
[DEBUG Sep 17 16:53:35.236333078, watcher.go:72] Checking for runtime processes
[DEBUG Sep 17 16:54:35.236339386, watcher.go:72] Checking for runtime processes
[DEBUG Sep 17 16:55:35.236335404, watcher.go:72] Checking for runtime processes
[DEBUG Sep 17 16:56:35.236336975, watcher.go:72] Checking for runtime processes
[DEBUG Sep 17 16:57:35.236331799, watcher.go:72] Checking for runtime processes
[DEBUG Sep 17 16:58:35.236313590, watcher.go:72] Checking for runtime processes
[DEBUG Sep 17 16:59:35.236336500, watcher.go:72] Checking for runtime processes
[DEBUG Sep 17 17:00:35.235411634, watcher.go:72] Checking for runtime processes
[DEBUG Sep 17 17:01:35.236333110, watcher.go:72] Checking for runtime processes
[DEBUG Sep 17 17:02:35.235409312, watcher.go:72] Checking for runtime processes
[DEBUG Sep 17 17:03:35.236337055, watcher.go:72] Checking for runtime processes
[DEBUG Sep 17 17:04:35.236332881, watcher.go:72] Checking for runtime processes
[DEBUG Sep 17 17:05:35.236334769, watcher.go:72] Checking for runtime processes
[DEBUG Sep 17 17:06:35.236332619, watcher.go:72] Checking for runtime processes
[DEBUG Sep 17 17:07:35.236342805, watcher.go:72] Checking for runtime processes
[DEBUG Sep 17 17:08:35.236334647, watcher.go:72] Checking for runtime processes
[DEBUG Sep 17 17:09:35.236338438, watcher.go:72] Checking for runtime processes
[DEBUG Sep 17 17:10:35.236334303, watcher.go:72] Checking for runtime processes
[DEBUG Sep 17 17:11:35.236342800, watcher.go:72] Checking for runtime processes
[DEBUG Sep 17 17:12:35.236342661, watcher.go:72] Checking for runtime processes
[DEBUG Sep 17 17:13:35.235836655, watcher.go:72] Checking for runtime processes
[DEBUG Sep 17 17:14:35.236341117, watcher.go:72] Checking for runtime processes
[DEBUG Sep 17 17:15:35.235414881, watcher.go:72] Checking for runtime processes
[DEBUG Sep 17 17:16:35.236340765, watcher.go:72] Checking for runtime processes
[DEBUG Sep 17 17:17:35.235339684, watcher.go:72] Checking for runtime processes
[DEBUG Sep 17 17:18:35.236349278, watcher.go:72] Checking for runtime processes
[DEBUG Sep 17 17:19:35.236343273, watcher.go:72] Checking for runtime processes
[DEBUG Sep 17 17:20:35.236337925, watcher.go:72] Checking for runtime processes
[DEBUG Sep 17 17:21:35.236332517, watcher.go:72] Checking for runtime processes
[DEBUG Sep 17 17:22:35.236339384, watcher.go:72] Checking for runtime processes
[DEBUG Sep 17 17:23:35.236336340, watcher.go:72] Checking for runtime processes
[DEBUG Sep 17 17:24:35.236339282, watcher.go:72] Checking for runtime processes
[DEBUG Sep 17 17:25:35.236333288, watcher.go:72] Checking for runtime processes
[DEBUG Sep 17 17:26:35.236340990, watcher.go:72] Checking for runtime processes
[DEBUG Sep 17 17:27:35.236332246, watcher.go:72] Checking for runtime processes
[DEBUG Sep 17 17:28:35.236314538, watcher.go:72] Checking for runtime processes
[DEBUG Sep 17 17:29:35.236337975, watcher.go:72] Checking for runtime processes
[DEBUG Sep 17 17:30:35.235413669, watcher.go:72] Checking for runtime processes
[DEBUG Sep 17 17:31:35.236335750, watcher.go:72] Checking for runtime processes
[DEBUG Sep 17 17:32:35.235407585, watcher.go:72] Checking for runtime processes
[DEBUG Sep 17 17:33:35.236341421, watcher.go:72] Checking for runtime processes
[DEBUG Sep 17 17:34:35.236340954, watcher.go:72] Checking for runtime processes
[DEBUG Sep 17 17:35:35.236338811, watcher.go:72] Checking for runtime processes
[DEBUG Sep 17 17:36:35.236338670, watcher.go:72] Checking for runtime processes
[DEBUG Sep 17 17:37:35.236338071, watcher.go:72] Checking for runtime processes
[DEBUG Sep 17 17:38:35.236333788, watcher.go:72] Checking for runtime processes
[DEBUG Sep 17 17:39:35.236341770, watcher.go:72] Checking for runtime processes
[DEBUG Sep 17 17:40:35.235815094, watcher.go:72] Checking for runtime processes
[DEBUG Sep 17 17:41:35.236340957, watcher.go:72] Checking for runtime processes
[DEBUG Sep 17 17:42:35.236335280, watcher.go:72] Checking for runtime processes
[DEBUG Sep 17 17:43:35.236405361, watcher.go:72] Checking for runtime processes
[DEBUG Sep 17 17:44:35.236332579, watcher.go:72] Checking for runtime processes
[DEBUG Sep 17 17:45:35.235412933, watcher.go:72] Checking for runtime processes
[DEBUG Sep 17 17:46:35.236334252, watcher.go:72] Checking for runtime processes
[DEBUG Sep 17 17:47:35.235408881, watcher.go:72] Checking for runtime processes
[DEBUG Sep 17 17:48:35.236339182, watcher.go:72] Checking for runtime processes
[DEBUG Sep 17 17:49:35.236339807, watcher.go:72] Checking for runtime processes
[DEBUG Sep 17 17:50:35.236337171, watcher.go:72] Checking for runtime processes
[DEBUG Sep 17 17:51:35.236330491, watcher.go:72] Checking for runtime processes
[DEBUG Sep 17 17:52:35.236340982, watcher.go:72] Checking for runtime processes
[DEBUG Sep 17 17:53:35.236337137, watcher.go:72] Checking for runtime processes
[DEBUG Sep 17 17:54:35.236343609, watcher.go:72] Checking for runtime processes
[DEBUG Sep 17 17:55:35.236333540, watcher.go:72] Checking for runtime processes
[DEBUG Sep 17 17:56:35.236340403, watcher.go:72] Checking for runtime processes
[DEBUG Sep 17 17:57:35.236334909, watcher.go:72] Checking for runtime processes
[DEBUG Sep 17 17:58:35.236316279, watcher.go:72] Checking for runtime processes
[DEBUG Sep 17 17:59:35.236332780, watcher.go:72] Checking for runtime processes
[DEBUG Sep 17 18:00:35.235412633, watcher.go:72] Checking for runtime processes
[DEBUG Sep 17 18:01:35.236334322, watcher.go:72] Checking for runtime processes
[DEBUG Sep 17 18:02:35.235408010, watcher.go:72] Checking for runtime processes
[DEBUG Sep 17 18:03:35.236338359, watcher.go:72] Checking for runtime processes
[DEBUG Sep 17 18:04:35.236338117, watcher.go:72] Checking for runtime processes
[DEBUG Sep 17 18:05:35.236343561, watcher.go:72] Checking for runtime processes
[DEBUG Sep 17 18:06:35.236334629, watcher.go:72] Checking for runtime processes
[DEBUG Sep 17 18:07:35.236339309, watcher.go:72] Checking for runtime processes
[DEBUG Sep 17 18:08:35.236336791, watcher.go:72] Checking for runtime processes
[DEBUG Sep 17 18:09:35.236344972, watcher.go:72] Checking for runtime processes
[DEBUG Sep 17 18:10:35.236337033, watcher.go:72] Checking for runtime processes
[DEBUG Sep 17 18:11:35.236343761, watcher.go:72] Checking for runtime processes
[DEBUG Sep 17 18:12:35.236336195, watcher.go:72] Checking for runtime processes
[DEBUG Sep 17 18:13:35.236312968, watcher.go:72] Checking for runtime processes
[DEBUG Sep 17 18:14:35.236333384, watcher.go:72] Checking for runtime processes
[DEBUG Sep 17 18:15:35.235754538, watcher.go:72] Checking for runtime processes
[DEBUG Sep 17 18:16:35.236325553, watcher.go:72] Checking for runtime processes
[DEBUG Sep 17 18:17:35.235405059, watcher.go:72] Checking for runtime processes
[DEBUG Sep 17 18:18:35.236336839, watcher.go:72] Checking for runtime processes
[DEBUG Sep 17 18:19:35.236327659, watcher.go:72] Checking for runtime processes
[DEBUG Sep 17 18:20:35.236336244, watcher.go:72] Checking for runtime processes
[DEBUG Sep 17 18:21:35.236329520, watcher.go:72] Checking for runtime processes
[DEBUG Sep 17 18:22:35.236336593, watcher.go:72] Checking for runtime processes
[DEBUG Sep 17 18:23:35.236333311, watcher.go:72] Checking for runtime processes
[DEBUG Sep 17 18:24:35.236336932, watcher.go:72] Checking for runtime processes
[DEBUG Sep 17 18:25:35.236328688, watcher.go:72] Checking for runtime processes
[DEBUG Sep 17 18:26:35.236334984, watcher.go:72] Checking for runtime processes
[DEBUG Sep 17 18:27:35.236325902, watcher.go:72] Checking for runtime processes
[DEBUG Sep 17 18:28:35.236312749, watcher.go:72] Checking for runtime processes
[DEBUG Sep 17 18:29:35.236329586, watcher.go:72] Checking for runtime processes
[DEBUG Sep 17 18:30:35.235407763, watcher.go:72] Checking for runtime processes
[DEBUG Sep 17 18:31:35.236328718, watcher.go:72] Checking for runtime processes
[DEBUG Sep 17 18:32:35.235403875, watcher.go:72] Checking for runtime processes
[DEBUG Sep 17 18:33:35.236333061, watcher.go:72] Checking for runtime processes
[DEBUG Sep 17 18:34:35.236338000, watcher.go:72] Checking for runtime processes
[DEBUG Sep 17 18:35:35.236338947, watcher.go:72] Checking for runtime processes
[DEBUG Sep 17 18:36:35.236326341, watcher.go:72] Checking for runtime processes
[DEBUG Sep 17 18:37:35.236329641, watcher.go:72] Checking for runtime processes
[DEBUG Sep 17 18:38:35.236334876, watcher.go:72] Checking for runtime processes
[DEBUG Sep 17 18:39:35.236331801, watcher.go:72] Checking for runtime processes
[DEBUG Sep 17 18:40:35.236333763, watcher.go:72] Checking for runtime processes
[DEBUG Sep 17 18:41:35.236328079, watcher.go:72] Checking for runtime processes
[DEBUG Sep 17 18:42:35.236325167, watcher.go:72] Checking for runtime processes
[DEBUG Sep 17 18:43:35.236315993, watcher.go:72] Checking for runtime processes
[DEBUG Sep 17 18:44:35.236331311, watcher.go:72] Checking for runtime processes
[DEBUG Sep 17 18:45:35.235406581, watcher.go:72] Checking for runtime processes
[DEBUG Sep 17 18:46:35.236330749, watcher.go:72] Checking for runtime processes
[DEBUG Sep 17 18:47:35.235407788, watcher.go:72] Checking for runtime processes
[DEBUG Sep 17 18:48:35.236334393, watcher.go:72] Checking for runtime processes
[DEBUG Sep 17 18:49:35.236332332, watcher.go:72] Checking for runtime processes
[DEBUG Sep 17 18:50:35.236330951, watcher.go:72] Checking for runtime processes
[DEBUG Sep 17 18:51:35.236325673, watcher.go:72] Checking for runtime processes
[DEBUG Sep 17 18:52:35.236329828, watcher.go:72] Checking for runtime processes
[DEBUG Sep 17 18:53:35.236330650, watcher.go:72] Checking for runtime processes
[DEBUG Sep 17 18:54:35.236334570, watcher.go:72] Checking for runtime processes
[DEBUG Sep 17 18:55:35.236326315, watcher.go:72] Checking for runtime processes
[DEBUG Sep 17 18:56:35.236344065, watcher.go:72] Checking for runtime processes
[DEBUG Sep 17 18:57:35.236328293, watcher.go:72] Checking for runtime processes
[DEBUG Sep 17 18:58:35.236310829, watcher.go:72] Checking for runtime processes
[DEBUG Sep 17 18:59:35.236327212, watcher.go:72] Checking for runtime processes
[DEBUG Sep 17 19:00:35.235409696, watcher.go:72] Checking for runtime processes
[DEBUG Sep 17 19:01:35.236326998, watcher.go:72] Checking for runtime processes
[DEBUG Sep 17 19:02:35.235403836, watcher.go:72] Checking for runtime processes
[DEBUG Sep 17 19:03:35.236336074, watcher.go:72] Checking for runtime processes
[DEBUG Sep 17 19:04:35.236324158, watcher.go:72] Checking for runtime processes
[DEBUG Sep 17 19:05:35.236331147, watcher.go:72] Checking for runtime processes
[DEBUG Sep 17 19:06:35.236325031, watcher.go:72] Checking for runtime processes
[DEBUG Sep 17 19:07:35.236334975, watcher.go:72] Checking for runtime processes
[DEBUG Sep 17 19:08:35.236324423, watcher.go:72] Checking for runtime processes
[DEBUG Sep 17 19:09:35.236331180, watcher.go:72] Checking for runtime processes
[DEBUG Sep 17 19:10:35.236330542, watcher.go:72] Checking for runtime processes
[DEBUG Sep 17 19:11:35.236330649, watcher.go:72] Checking for runtime processes
[DEBUG Sep 17 19:12:35.236333171, watcher.go:72] Checking for runtime processes
[DEBUG Sep 17 19:13:35.236309458, watcher.go:72] Checking for runtime processes
[DEBUG Sep 17 19:14:35.236322019, watcher.go:72] Checking for runtime processes
[DEBUG Sep 17 19:15:35.235408938, watcher.go:72] Checking for runtime processes
[DEBUG Sep 17 19:16:35.236333782, watcher.go:72] Checking for runtime processes
[DEBUG Sep 17 19:17:35.235399552, watcher.go:72] Checking for runtime processes
[DEBUG Sep 17 19:18:35.236332855, watcher.go:72] Checking for runtime processes
[DEBUG Sep 17 19:19:35.236329214, watcher.go:72] Checking for runtime processes
[DEBUG Sep 17 19:20:35.236326181, watcher.go:72] Checking for runtime processes
[DEBUG Sep 17 19:21:35.236324452, watcher.go:72] Checking for runtime processes
[DEBUG Sep 17 19:22:35.236335107, watcher.go:72] Checking for runtime processes
[DEBUG Sep 17 19:23:35.236325843, watcher.go:72] Checking for runtime processes
[DEBUG Sep 17 19:24:35.236332221, watcher.go:72] Checking for runtime processes
[DEBUG Sep 17 19:25:35.236330596, watcher.go:72] Checking for runtime processes
[DEBUG Sep 17 19:26:35.236331418, watcher.go:72] Checking for runtime processes
[DEBUG Sep 17 19:27:35.236335137, watcher.go:72] Checking for runtime processes
[DEBUG Sep 17 19:28:35.236319142, watcher.go:72] Checking for runtime processes
[DEBUG Sep 17 19:29:35.236326540, watcher.go:72] Checking for runtime processes
[DEBUG Sep 17 19:30:35.235407488, watcher.go:72] Checking for runtime processes
[DEBUG Sep 17 19:31:35.236326915, watcher.go:72] Checking for runtime processes
[DEBUG Sep 17 19:32:35.235405441, watcher.go:72] Checking for runtime processes
[DEBUG Sep 17 19:33:35.236332876, watcher.go:72] Checking for runtime processes
[DEBUG Sep 17 19:34:35.236323721, watcher.go:72] Checking for runtime processes
[DEBUG Sep 17 19:35:35.236331563, watcher.go:72] Checking for runtime processes
[DEBUG Sep 17 19:36:35.236328290, watcher.go:72] Checking for runtime processes
[DEBUG Sep 17 19:37:35.235808359, watcher.go:72] Checking for runtime processes
[DEBUG Sep 17 19:38:35.236325108, watcher.go:72] Checking for runtime processes
[DEBUG Sep 17 19:39:35.236336052, watcher.go:72] Checking for runtime processes
[DEBUG Sep 17 19:40:35.236330300, watcher.go:72] Checking for runtime processes
[DEBUG Sep 17 19:41:35.236330439, watcher.go:72] Checking for runtime processes
[DEBUG Sep 17 19:42:35.236325261, watcher.go:72] Checking for runtime processes
[DEBUG Sep 17 19:43:35.236318588, watcher.go:72] Checking for runtime processes
[DEBUG Sep 17 19:44:35.236327846, watcher.go:72] Checking for runtime processes
[DEBUG Sep 17 19:45:35.235408061, watcher.go:72] Checking for runtime processes
[DEBUG Sep 17 19:46:35.236332357, watcher.go:72] Checking for runtime processes
[DEBUG Sep 17 19:47:35.235403427, watcher.go:72] Checking for runtime processes
[DEBUG Sep 17 19:48:35.236331337, watcher.go:72] Checking for runtime processes
[DEBUG Sep 17 19:49:35.235850848, watcher.go:72] Checking for runtime processes
[DEBUG Sep 17 19:50:35.236338365, watcher.go:72] Checking for runtime processes
[DEBUG Sep 17 19:51:35.236331920, watcher.go:72] Checking for runtime processes
[DEBUG Sep 17 19:52:35.236339573, watcher.go:72] Checking for runtime processes
[DEBUG Sep 17 19:53:35.236328580, watcher.go:72] Checking for runtime processes
[DEBUG Sep 17 19:54:35.236331288, watcher.go:72] Checking for runtime processes
[DEBUG Sep 17 19:55:35.236332398, watcher.go:72] Checking for runtime processes
[DEBUG Sep 17 19:56:35.236326617, watcher.go:72] Checking for runtime processes
[DEBUG Sep 17 19:57:35.236327266, watcher.go:72] Checking for runtime processes
[DEBUG Sep 17 19:58:35.236316260, watcher.go:72] Checking for runtime processes
[DEBUG Sep 17 19:59:35.236333057, watcher.go:72] Checking for runtime processes
[DEBUG Sep 17 20:00:35.235407310, watcher.go:72] Checking for runtime processes
[DEBUG Sep 17 20:01:35.236322416, watcher.go:72] Checking for runtime processes
[DEBUG Sep 17 20:02:35.235405279, watcher.go:72] Checking for runtime processes
[DEBUG Sep 17 20:03:35.236330572, watcher.go:72] Checking for runtime processes
[DEBUG Sep 17 20:04:35.236330960, watcher.go:72] Checking for runtime processes
[DEBUG Sep 17 20:05:35.236346708, watcher.go:72] Checking for runtime processes
[DEBUG Sep 17 20:06:35.236329659, watcher.go:72] Checking for runtime processes
[DEBUG Sep 17 20:07:35.236328942, watcher.go:72] Checking for runtime processes
[DEBUG Sep 17 20:08:35.236328222, watcher.go:72] Checking for runtime processes
[DEBUG Sep 17 20:09:35.235347286, watcher.go:72] Checking for runtime processes
[DEBUG Sep 17 20:10:35.236329253, watcher.go:72] Checking for runtime processes
[DEBUG Sep 17 20:11:35.236331671, watcher.go:72] Checking for runtime processes
[DEBUG Sep 17 20:12:35.236329922, watcher.go:72] Checking for runtime processes
[DEBUG Sep 17 20:13:35.236313401, watcher.go:72] Checking for runtime processes
[DEBUG Sep 17 20:14:35.236329713, watcher.go:72] Checking for runtime processes
[DEBUG Sep 17 20:15:35.235410293, watcher.go:72] Checking for runtime processes
[DEBUG Sep 17 20:16:35.236329724, watcher.go:72] Checking for runtime processes
[DEBUG Sep 17 20:17:35.235404331, watcher.go:72] Checking for runtime processes
[DEBUG Sep 17 20:18:35.236332689, watcher.go:72] Checking for runtime processes
[DEBUG Sep 17 20:19:35.236329889, watcher.go:72] Checking for runtime processes
[DEBUG Sep 17 20:20:35.236330601, watcher.go:72] Checking for runtime processes
[DEBUG Sep 17 20:21:35.236330032, watcher.go:72] Checking for runtime processes
[DEBUG Sep 17 20:22:35.236333017, watcher.go:72] Checking for runtime processes
[DEBUG Sep 17 20:23:35.236328252, watcher.go:72] Checking for runtime processes
[DEBUG Sep 17 20:24:35.236331970, watcher.go:72] Checking for runtime processes
[DEBUG Sep 17 20:25:35.236330502, watcher.go:72] Checking for runtime processes
[DEBUG Sep 17 20:26:35.236334874, watcher.go:72] Checking for runtime processes
[DEBUG Sep 17 20:27:35.236331656, watcher.go:72] Checking for runtime processes
[DEBUG Sep 17 20:28:35.236313300, watcher.go:72] Checking for runtime processes
[DEBUG Sep 17 20:29:35.236327536, watcher.go:72] Checking for runtime processes
[DEBUG Sep 17 20:30:35.235409838, watcher.go:72] Checking for runtime processes
[DEBUG Sep 17 20:31:35.236328023, watcher.go:72] Checking for runtime processes
[DEBUG Sep 17 20:32:35.235403160, watcher.go:72] Checking for runtime processes
[DEBUG Sep 17 20:33:35.235344593, watcher.go:72] Checking for runtime processes
[DEBUG Sep 17 20:34:35.236331298, watcher.go:72] Checking for runtime processes
[DEBUG Sep 17 20:35:35.236362712, watcher.go:72] Checking for runtime processes
[DEBUG Sep 17 20:36:35.236338064, watcher.go:72] Checking for runtime processes
[DEBUG Sep 17 20:37:35.235602165, watcher.go:72] Checking for runtime processes
[DEBUG Sep 17 20:38:35.236327585, watcher.go:72] Checking for runtime processes
[DEBUG Sep 17 20:39:35.236334175, watcher.go:72] Checking for runtime processes
[DEBUG Sep 17 20:40:35.235899140, watcher.go:72] Checking for runtime processes
[DEBUG Sep 17 20:41:35.236332546, watcher.go:72] Checking for runtime processes
[DEBUG Sep 17 20:42:35.236326808, watcher.go:72] Checking for runtime processes
[DEBUG Sep 17 20:43:35.236317451, watcher.go:72] Checking for runtime processes
[DEBUG Sep 17 20:44:35.236328459, watcher.go:72] Checking for runtime processes
[DEBUG Sep 17 20:45:35.235409459, watcher.go:72] Checking for runtime processes
[DEBUG Sep 17 20:46:35.236327695, watcher.go:72] Checking for runtime processes
[DEBUG Sep 17 20:47:35.235403938, watcher.go:72] Checking for runtime processes
[DEBUG Sep 17 20:48:35.236331044, watcher.go:72] Checking for runtime processes
[DEBUG Sep 17 20:49:35.236328047, watcher.go:72] Checking for runtime processes
[DEBUG Sep 17 20:50:35.236340308, watcher.go:72] Checking for runtime processes
[DEBUG Sep 17 20:51:35.236329957, watcher.go:72] Checking for runtime processes
[DEBUG Sep 17 20:52:35.236433800, watcher.go:72] Checking for runtime processes
[DEBUG Sep 17 20:53:35.236326324, watcher.go:72] Checking for runtime processes
[DEBUG Sep 17 20:54:35.236334316, watcher.go:72] Checking for runtime processes
[DEBUG Sep 17 20:55:35.236327991, watcher.go:72] Checking for runtime processes
[DEBUG Sep 17 20:56:35.236334781, watcher.go:72] Checking for runtime processes
[DEBUG Sep 17 20:57:35.236326623, watcher.go:72] Checking for runtime processes
[DEBUG Sep 17 20:58:35.236313144, watcher.go:72] Checking for runtime processes
[DEBUG Sep 17 20:59:35.236326258, watcher.go:72] Checking for runtime processes
[DEBUG Sep 17 21:00:35.235411074, watcher.go:72] Checking for runtime processes
[DEBUG Sep 17 21:01:35.236328542, watcher.go:72] Checking for runtime processes
[DEBUG Sep 17 21:02:35.235404182, watcher.go:72] Checking for runtime processes
[DEBUG Sep 17 21:03:35.236331966, watcher.go:72] Checking for runtime processes
[DEBUG Sep 17 21:04:35.236335540, watcher.go:72] Checking for runtime processes
[DEBUG Sep 17 21:05:35.236330277, watcher.go:72] Checking for runtime processes
[DEBUG Sep 17 21:06:35.236325552, watcher.go:72] Checking for runtime processes
[DEBUG Sep 17 21:07:35.236333335, watcher.go:72] Checking for runtime processes
[DEBUG Sep 17 21:08:35.236328299, watcher.go:72] Checking for runtime processes
[DEBUG Sep 17 21:09:35.236334642, watcher.go:72] Checking for runtime processes
[DEBUG Sep 17 21:10:35.236324838, watcher.go:72] Checking for runtime processes
[DEBUG Sep 17 21:11:35.236330844, watcher.go:72] Checking for runtime processes
[DEBUG Sep 17 21:12:35.236327377, watcher.go:72] Checking for runtime processes
[DEBUG Sep 17 21:13:35.236314496, watcher.go:72] Checking for runtime processes
[DEBUG Sep 17 21:14:35.236328366, watcher.go:72] Checking for runtime processes
[DEBUG Sep 17 21:15:35.235407288, watcher.go:72] Checking for runtime processes
[DEBUG Sep 17 21:16:35.235333443, watcher.go:72] Checking for runtime processes
[DEBUG Sep 17 21:17:35.235403973, watcher.go:72] Checking for runtime processes
[DEBUG Sep 17 21:18:35.236328529, watcher.go:72] Checking for runtime processes
[DEBUG Sep 17 21:19:35.236329571, watcher.go:72] Checking for runtime processes
[DEBUG Sep 17 21:20:35.236329623, watcher.go:72] Checking for runtime processes
[DEBUG Sep 17 21:21:35.236326920, watcher.go:72] Checking for runtime processes
[DEBUG Sep 17 21:22:35.236331267, watcher.go:72] Checking for runtime processes
[DEBUG Sep 17 21:23:35.236329497, watcher.go:72] Checking for runtime processes
[DEBUG Sep 17 21:24:35.236330997, watcher.go:72] Checking for runtime processes
[DEBUG Sep 17 21:25:35.236323988, watcher.go:72] Checking for runtime processes
[DEBUG Sep 17 21:26:35.236334466, watcher.go:72] Checking for runtime processes
[DEBUG Sep 17 21:27:35.236335194, watcher.go:72] Checking for runtime processes
[DEBUG Sep 17 21:28:35.236312006, watcher.go:72] Checking for runtime processes
[DEBUG Sep 17 21:29:35.236327962, watcher.go:72] Checking for runtime processes
[DEBUG Sep 17 21:30:35.235409269, watcher.go:72] Checking for runtime processes
[DEBUG Sep 17 21:31:35.236325057, watcher.go:72] Checking for runtime processes
[DEBUG Sep 17 21:32:35.235406636, watcher.go:72] Checking for runtime processes
[DEBUG Sep 17 21:33:35.236332219, watcher.go:72] Checking for runtime processes
[DEBUG Sep 17 21:34:35.236324675, watcher.go:72] Checking for runtime processes
[DEBUG Sep 17 21:35:35.236331707, watcher.go:72] Checking for runtime processes
[DEBUG Sep 17 21:36:35.236326015, watcher.go:72] Checking for runtime processes
[DEBUG Sep 17 21:37:35.236328619, watcher.go:72] Checking for runtime processes
[DEBUG Sep 17 21:38:35.236327154, watcher.go:72] Checking for runtime processes
[DEBUG Sep 17 21:39:35.236333857, watcher.go:72] Checking for runtime processes
[DEBUG Sep 17 21:40:35.236329576, watcher.go:72] Checking for runtime processes
[DEBUG Sep 17 21:41:35.235923703, watcher.go:72] Checking for runtime processes
[DEBUG Sep 17 21:42:35.236327827, watcher.go:72] Checking for runtime processes
[DEBUG Sep 17 21:43:35.236315563, watcher.go:72] Checking for runtime processes
[DEBUG Sep 17 21:44:35.236326893, watcher.go:72] Checking for runtime processes
[DEBUG Sep 17 21:45:35.235406969, watcher.go:72] Checking for runtime processes
[DEBUG Sep 17 21:46:35.236328205, watcher.go:72] Checking for runtime processes
[DEBUG Sep 17 21:47:35.235405053, watcher.go:72] Checking for runtime processes
[DEBUG Sep 17 21:48:35.236329420, watcher.go:72] Checking for runtime processes
[DEBUG Sep 17 21:49:35.236323598, watcher.go:72] Checking for runtime processes
[DEBUG Sep 17 21:50:35.236340891, watcher.go:72] Checking for runtime processes
[DEBUG Sep 17 21:51:35.235569056, watcher.go:72] Checking for runtime processes
[DEBUG Sep 17 21:52:35.236329798, watcher.go:72] Checking for runtime processes
[DEBUG Sep 17 21:53:35.236324073, watcher.go:72] Checking for runtime processes
[DEBUG Sep 17 21:54:35.236336860, watcher.go:72] Checking for runtime processes
[DEBUG Sep 17 21:55:35.236327224, watcher.go:72] Checking for runtime processes
[DEBUG Sep 17 21:56:35.236327138, watcher.go:72] Checking for runtime processes
[DEBUG Sep 17 21:57:35.236324071, watcher.go:72] Checking for runtime processes
[DEBUG Sep 17 21:58:35.236312524, watcher.go:72] Checking for runtime processes
[DEBUG Sep 17 21:59:35.236323809, watcher.go:72] Checking for runtime processes
[DEBUG Sep 17 22:00:35.235410366, watcher.go:72] Checking for runtime processes
[DEBUG Sep 17 22:01:35.236325194, watcher.go:72] Checking for runtime processes
[DEBUG Sep 17 22:02:35.235402991, watcher.go:72] Checking for runtime processes
[DEBUG Sep 17 22:03:35.236328385, watcher.go:72] Checking for runtime processes
[DEBUG Sep 17 22:04:35.236325368, watcher.go:72] Checking for runtime processes
[DEBUG Sep 17 22:05:35.236329570, watcher.go:72] Checking for runtime processes
[DEBUG Sep 17 22:06:35.236327277, watcher.go:72] Checking for runtime processes
[DEBUG Sep 17 22:07:35.236347109, watcher.go:72] Checking for runtime processes
[DEBUG Sep 17 22:08:35.236327846, watcher.go:72] Checking for runtime processes
[DEBUG Sep 17 22:09:35.236338129, watcher.go:72] Checking for runtime processes
[DEBUG Sep 17 22:10:35.236322809, watcher.go:72] Checking for runtime processes
[DEBUG Sep 17 22:11:35.236333529, watcher.go:72] Checking for runtime processes
[DEBUG Sep 17 22:12:35.236323481, watcher.go:72] Checking for runtime processes
[DEBUG Sep 17 22:13:35.236312244, watcher.go:72] Checking for runtime processes
[DEBUG Sep 17 22:14:35.236327458, watcher.go:72] Checking for runtime processes
[DEBUG Sep 17 22:15:35.235408080, watcher.go:72] Checking for runtime processes
[DEBUG Sep 17 22:16:35.236324474, watcher.go:72] Checking for runtime processes
[DEBUG Sep 17 22:17:35.235403197, watcher.go:72] Checking for runtime processes
[DEBUG Sep 17 22:18:35.236338854, watcher.go:72] Checking for runtime processes
[DEBUG Sep 17 22:19:35.236337463, watcher.go:72] Checking for runtime processes
[DEBUG Sep 17 22:20:35.236328465, watcher.go:72] Checking for runtime processes
[DEBUG Sep 17 22:21:35.236343096, watcher.go:72] Checking for runtime processes
[DEBUG Sep 17 22:22:35.236338678, watcher.go:72] Checking for runtime processes
[DEBUG Sep 17 22:23:35.236327048, watcher.go:72] Checking for runtime processes
[DEBUG Sep 17 22:24:35.235849210, watcher.go:72] Checking for runtime processes
[DEBUG Sep 17 22:25:35.236322690, watcher.go:72] Checking for runtime processes
[DEBUG Sep 17 22:26:35.236332322, watcher.go:72] Checking for runtime processes
[DEBUG Sep 17 22:27:35.236333883, watcher.go:72] Checking for runtime processes
[DEBUG Sep 17 22:28:35.236309003, watcher.go:72] Checking for runtime processes
[DEBUG Sep 17 22:29:35.236319338, watcher.go:72] Checking for runtime processes
[DEBUG Sep 17 22:30:35.235410623, watcher.go:72] Checking for runtime processes
[DEBUG Sep 17 22:31:35.235837243, watcher.go:72] Checking for runtime processes
[DEBUG Sep 17 22:32:35.235403804, watcher.go:72] Checking for runtime processes
[DEBUG Sep 17 22:33:35.236330295, watcher.go:72] Checking for runtime processes
[DEBUG Sep 17 22:34:35.236344035, watcher.go:72] Checking for runtime processes
[DEBUG Sep 17 22:35:35.236353130, watcher.go:72] Checking for runtime processes
[DEBUG Sep 17 22:36:35.236343399, watcher.go:72] Checking for runtime processes
[DEBUG Sep 17 22:37:35.236351094, watcher.go:72] Checking for runtime processes
