[DEBUG Aug  2 07:41:20.406936613, defaults.go:273] Args: [/home1/wangfeim/.local/ActiveState/StateTool/release/bin/state-svc start]
[DEBUG Aug  2 07:41:20.421925418, locale.go:38] Init
[DEBUG Aug  2 07:41:20.499652867, errs.go:68] Created error: File could not be found
[DEBUG Aug  2 07:41:20.503142394, errs.go:68] Created error: Not Recognized
[DEBUG Aug  2 07:41:20.525259683, errs.go:68] Created error: Secret not found
[DEBUG Aug  2 07:41:20.525316645, errs.go:68] Created error: Could not save keypair
[DEBUG Aug  2 07:41:20.525490417, errs.go:68] Created error: Build responded with error
[DEBUG Aug  2 07:41:20.525524692, errs.go:68] Created error: Unknown build type
[DEBUG Aug  2 07:41:20.525672190, errors.go:86] Wrapped localized error: <nil> -- with: The installed version of the State Tool Service does not match that of the client.
Please stop the service with [ACTIONABLE]state-svc stop[/RESET] and try your command again.
If this issue persists please reinstall the State Tool.

[DEBUG Aug  2 07:41:20.525687829, errs.go:68] Created error: no data
[DEBUG Aug  2 07:41:20.525713697, errs.go:68] Created error: member not found
[DEBUG Aug  2 07:41:20.525738747, errs.go:68] Created error: Commit count is unknowable
[DEBUG Aug  2 07:41:20.525761678, errs.go:68] Created error: No merge required
[DEBUG Aug  2 07:41:20.525791252, errs.go:68] Created error: Can't merge commit thats already in target commits history
[DEBUG Aug  2 07:41:20.525816276, errs.go:68] Created error: Bad expander name
[DEBUG Aug  2 07:41:20.525838911, errs.go:68] Created error: Expander has no handler
[DEBUG Aug  2 07:41:20.526928777, errs.go:68] Created error: Service is already running
[DEBUG Aug  2 07:41:20.545803322, secrets.go:35] Gcloud Secretmanager failed to initialize (ignore if you're not trying to use gcloud): google: could not find default credentials. See https://developers.google.com/accounts/docs/application-default-credentials for more information.
[DEBUG Aug  2 07:41:20.585038303, output.go:53] Requested outputer for 
[DEBUG Aug  2 07:41:20.585062416, output.go:58] Using Plain outputer
[DEBUG Aug  2 07:41:20.585140112, termutils.go:17] Cannot get terminal size: inappropriate ioctl for device
[DEBUG Aug  2 07:41:20.585309612, client.go:128] Reporting event to 2 reporters: run-command, state-svc start, 
[DEBUG Aug  2 07:41:20.585359830, main.go:107] Running CmdStart
[DEBUG Aug  2 07:41:20.593575979, errs.go:75] Wrapped error: Service is already running -- with: valueF failed
[DEBUG Aug  2 07:41:20.593662927, errs.go:75] Wrapped error: valueF failed -- with: Could not store pid
[DEBUG Aug  2 07:41:20.593762082, errors.go:113] Wrapped input error: Could not store pid -- with: A State Service instance is already running in the background.
[DEBUG Aug  2 07:41:20.593783009, errs.go:75] Wrapped error: A State Service instance is already running in the background. -- with: Could not start serviceManager
[DEBUG Aug  2 07:41:20.593899803, client.go:128] Reporting event to 2 reporters: command-exit, state-svc start, 1
[DEBUG Aug  2 07:41:20.992311462, errs.go:75] Wrapped error: <nil> -- with: Could not start serviceManager: A State Service instance is already running in the background.: Could not store pid: valueF failed: Service is already running
[DEBUG Aug  2 07:41:20.992374897, main.go:61] state-svc errored out due to input: Could not start serviceManager: A State Service instance is already running in the background.: Could not store pid: valueF failed: Service is already running
