[DEBUG Aug  2 07:42:37.221457216, defaults.go:273] Args: [/home1/wangfeim/.local/ActiveState/StateTool/release/bin/state-svc start]
[DEBUG Aug  2 07:42:37.236357831, locale.go:38] Init
[DEBUG Aug  2 07:42:37.541700750, errs.go:68] Created error: File could not be found
[DEBUG Aug  2 07:42:37.545065252, errs.go:68] Created error: Not Recognized
[DEBUG Aug  2 07:42:37.567107877, errs.go:68] Created error: Secret not found
[DEBUG Aug  2 07:42:37.567162697, errs.go:68] Created error: Could not save keypair
[DEBUG Aug  2 07:42:37.567335346, errs.go:68] Created error: Build responded with error
[DEBUG Aug  2 07:42:37.567369712, errs.go:68] Created error: Unknown build type
[DEBUG Aug  2 07:42:37.567492033, errors.go:86] Wrapped localized error: <nil> -- with: The installed version of the State Tool Service does not match that of the client.
Please stop the service with [ACTIONABLE]state-svc stop[/RESET] and try your command again.
If this issue persists please reinstall the State Tool.

[DEBUG Aug  2 07:42:37.567508083, errs.go:68] Created error: no data
[DEBUG Aug  2 07:42:37.567557688, errs.go:68] Created error: member not found
[DEBUG Aug  2 07:42:37.567589220, errs.go:68] Created error: Commit count is unknowable
[DEBUG Aug  2 07:42:37.567619355, errs.go:68] Created error: No merge required
[DEBUG Aug  2 07:42:37.567643715, errs.go:68] Created error: Can't merge commit thats already in target commits history
[DEBUG Aug  2 07:42:37.567670091, errs.go:68] Created error: Bad expander name
[DEBUG Aug  2 07:42:37.567695491, errs.go:68] Created error: Expander has no handler
[DEBUG Aug  2 07:42:37.568852926, errs.go:68] Created error: Service is already running
[DEBUG Aug  2 07:42:37.601710174, secrets.go:35] Gcloud Secretmanager failed to initialize (ignore if you're not trying to use gcloud): google: could not find default credentials. See https://developers.google.com/accounts/docs/application-default-credentials for more information.
[DEBUG Aug  2 07:42:37.608367051, output.go:53] Requested outputer for 
[DEBUG Aug  2 07:42:37.608427406, output.go:58] Using Plain outputer
[DEBUG Aug  2 07:42:37.608497368, termutils.go:17] Cannot get terminal size: inappropriate ioctl for device
[DEBUG Aug  2 07:42:37.608585834, client.go:128] Reporting event to 2 reporters: run-command, state-svc start, 
[DEBUG Aug  2 07:42:37.608634768, main.go:107] Running CmdStart
[DEBUG Aug  2 07:42:37.615291813, errs.go:75] Wrapped error: Service is already running -- with: valueF failed
[DEBUG Aug  2 07:42:37.615374317, errs.go:75] Wrapped error: valueF failed -- with: Could not store pid
[DEBUG Aug  2 07:42:37.615446299, errors.go:113] Wrapped input error: Could not store pid -- with: A State Service instance is already running in the background.
[DEBUG Aug  2 07:42:37.615460930, errs.go:75] Wrapped error: A State Service instance is already running in the background. -- with: Could not start serviceManager
[DEBUG Aug  2 07:42:37.615522720, client.go:128] Reporting event to 2 reporters: command-exit, state-svc start, 1
[DEBUG Aug  2 07:42:37.947111313, errs.go:75] Wrapped error: <nil> -- with: Could not start serviceManager: A State Service instance is already running in the background.: Could not store pid: valueF failed: Service is already running
[DEBUG Aug  2 07:42:37.947172910, main.go:61] state-svc errored out due to input: Could not start serviceManager: A State Service instance is already running in the background.: Could not store pid: valueF failed: Service is already running
