[DEBUG Aug  2 07:56:50.919000587, defaults.go:273] Args: [/home1/wangfeim/.local/ActiveState/StateTool/release/bin/state-svc start]
[DEBUG Aug  2 07:56:50.932290892, locale.go:38] Init
[DEBUG Aug  2 07:56:51.182401194, errs.go:68] Created error: File could not be found
[DEBUG Aug  2 07:56:51.185691670, errs.go:68] Created error: Not Recognized
[DEBUG Aug  2 07:56:51.206119701, errs.go:68] Created error: Secret not found
[DEBUG Aug  2 07:56:51.206175897, errs.go:68] Created error: Could not save keypair
[DEBUG Aug  2 07:56:51.206367282, errs.go:68] Created error: Build responded with error
[DEBUG Aug  2 07:56:51.206405292, errs.go:68] Created error: Unknown build type
[DEBUG Aug  2 07:56:51.206524812, errors.go:86] Wrapped localized error: <nil> -- with: The installed version of the State Tool Service does not match that of the client.
Please stop the service with [ACTIONABLE]state-svc stop[/RESET] and try your command again.
If this issue persists please reinstall the State Tool.

[DEBUG Aug  2 07:56:51.206551520, errs.go:68] Created error: no data
[DEBUG Aug  2 07:56:51.206586582, errs.go:68] Created error: member not found
[DEBUG Aug  2 07:56:51.206612282, errs.go:68] Created error: Commit count is unknowable
[DEBUG Aug  2 07:56:51.206636604, errs.go:68] Created error: No merge required
[DEBUG Aug  2 07:56:51.206660097, errs.go:68] Created error: Can't merge commit thats already in target commits history
[DEBUG Aug  2 07:56:51.206688384, errs.go:68] Created error: Bad expander name
[DEBUG Aug  2 07:56:51.206715157, errs.go:68] Created error: Expander has no handler
[DEBUG Aug  2 07:56:51.208118357, errs.go:68] Created error: Service is already running
[DEBUG Aug  2 07:56:51.236823117, secrets.go:35] Gcloud Secretmanager failed to initialize (ignore if you're not trying to use gcloud): google: could not find default credentials. See https://developers.google.com/accounts/docs/application-default-credentials for more information.
[DEBUG Aug  2 07:56:51.242336529, output.go:53] Requested outputer for 
[DEBUG Aug  2 07:56:51.242360204, output.go:58] Using Plain outputer
[DEBUG Aug  2 07:56:51.242452464, termutils.go:17] Cannot get terminal size: inappropriate ioctl for device
[DEBUG Aug  2 07:56:51.242562753, client.go:128] Reporting event to 2 reporters: run-command, state-svc start, 
[DEBUG Aug  2 07:56:51.242629176, main.go:107] Running CmdStart
[DEBUG Aug  2 07:56:51.249993444, errs.go:75] Wrapped error: Service is already running -- with: valueF failed
[DEBUG Aug  2 07:56:51.284751402, errs.go:75] Wrapped error: valueF failed -- with: Could not store pid
[DEBUG Aug  2 07:56:51.285018560, errors.go:113] Wrapped input error: Could not store pid -- with: A State Service instance is already running in the background.
[DEBUG Aug  2 07:56:51.285050945, errs.go:75] Wrapped error: A State Service instance is already running in the background. -- with: Could not start serviceManager
[DEBUG Aug  2 07:56:51.285832630, client.go:128] Reporting event to 2 reporters: command-exit, state-svc start, 1
[DEBUG Aug  2 07:56:51.634898627, errs.go:75] Wrapped error: <nil> -- with: Could not start serviceManager: A State Service instance is already running in the background.: Could not store pid: valueF failed: Service is already running
[DEBUG Aug  2 07:56:51.635007286, main.go:61] state-svc errored out due to input: Could not start serviceManager: A State Service instance is already running in the background.: Could not store pid: valueF failed: Service is already running
