[DEBUG Aug  2 07:44:57.372435726, defaults.go:273] Args: [/home1/wangfeim/.local/ActiveState/StateTool/release/bin/state-svc start]
[DEBUG Aug  2 07:44:57.385628896, locale.go:38] Init
[DEBUG Aug  2 07:44:57.445349871, errs.go:68] Created error: File could not be found
[DEBUG Aug  2 07:44:57.448441503, errs.go:68] Created error: Not Recognized
[DEBUG Aug  2 07:44:57.489288347, errs.go:68] Created error: Secret not found
[DEBUG Aug  2 07:44:57.489339846, errs.go:68] Created error: Could not save keypair
[DEBUG Aug  2 07:44:57.489493195, errs.go:68] Created error: Build responded with error
[DEBUG Aug  2 07:44:57.489518428, errs.go:68] Created error: Unknown build type
[DEBUG Aug  2 07:44:57.489632345, errors.go:86] Wrapped localized error: <nil> -- with: The installed version of the State Tool Service does not match that of the client.
Please stop the service with [ACTIONABLE]state-svc stop[/RESET] and try your command again.
If this issue persists please reinstall the State Tool.

[DEBUG Aug  2 07:44:57.489647483, errs.go:68] Created error: no data
[DEBUG Aug  2 07:44:57.489670327, errs.go:68] Created error: member not found
[DEBUG Aug  2 07:44:57.489715476, errs.go:68] Created error: Commit count is unknowable
[DEBUG Aug  2 07:44:57.489739067, errs.go:68] Created error: No merge required
[DEBUG Aug  2 07:44:57.489761778, errs.go:68] Created error: Can't merge commit thats already in target commits history
[DEBUG Aug  2 07:44:57.489793156, errs.go:68] Created error: Bad expander name
[DEBUG Aug  2 07:44:57.489815811, errs.go:68] Created error: Expander has no handler
[DEBUG Aug  2 07:44:57.491057283, errs.go:68] Created error: Service is already running
[DEBUG Aug  2 07:44:57.519531546, secrets.go:35] Gcloud Secretmanager failed to initialize (ignore if you're not trying to use gcloud): google: could not find default credentials. See https://developers.google.com/accounts/docs/application-default-credentials for more information.
[DEBUG Aug  2 07:44:57.525124450, output.go:53] Requested outputer for 
[DEBUG Aug  2 07:44:57.525146547, output.go:58] Using Plain outputer
[DEBUG Aug  2 07:44:57.525217626, termutils.go:17] Cannot get terminal size: inappropriate ioctl for device
[DEBUG Aug  2 07:44:57.525376515, client.go:128] Reporting event to 2 reporters: run-command, state-svc start, 
[DEBUG Aug  2 07:44:57.525381054, main.go:107] Running CmdStart
[DEBUG Aug  2 07:44:57.531829934, errs.go:75] Wrapped error: Service is already running -- with: valueF failed
[DEBUG Aug  2 07:44:57.531900984, errs.go:75] Wrapped error: valueF failed -- with: Could not store pid
[DEBUG Aug  2 07:44:57.531977579, errors.go:113] Wrapped input error: Could not store pid -- with: A State Service instance is already running in the background.
[DEBUG Aug  2 07:44:57.531991902, errs.go:75] Wrapped error: A State Service instance is already running in the background. -- with: Could not start serviceManager
[DEBUG Aug  2 07:44:57.532066187, client.go:128] Reporting event to 2 reporters: command-exit, state-svc start, 1
[DEBUG Aug  2 07:44:57.891219724, errs.go:75] Wrapped error: <nil> -- with: Could not start serviceManager: A State Service instance is already running in the background.: Could not store pid: valueF failed: Service is already running
[DEBUG Aug  2 07:44:57.891298209, main.go:61] state-svc errored out due to input: Could not start serviceManager: A State Service instance is already running in the background.: Could not store pid: valueF failed: Service is already running
