[DEBUG Aug  2 08:15:08.438419728, defaults.go:273] Args: [/home1/wangfeim/.local/ActiveState/StateTool/release/bin/state-svc start]
[DEBUG Aug  2 08:15:08.488679005, locale.go:38] Init
[DEBUG Aug  2 08:15:08.531699247, errs.go:68] Created error: File could not be found
[DEBUG Aug  2 08:15:08.535099314, errs.go:68] Created error: Not Recognized
[DEBUG Aug  2 08:15:08.603972403, errs.go:68] Created error: Secret not found
[DEBUG Aug  2 08:15:08.604036166, errs.go:68] Created error: Could not save keypair
[DEBUG Aug  2 08:15:08.604196321, errs.go:68] Created error: Build responded with error
[DEBUG Aug  2 08:15:08.604223661, errs.go:68] Created error: Unknown build type
[DEBUG Aug  2 08:15:08.604347417, errors.go:86] Wrapped localized error: <nil> -- with: The installed version of the State Tool Service does not match that of the client.
Please stop the service with [ACTIONABLE]state-svc stop[/RESET] and try your command again.
If this issue persists please reinstall the State Tool.

[DEBUG Aug  2 08:15:08.604363564, errs.go:68] Created error: no data
[DEBUG Aug  2 08:15:08.604396236, errs.go:68] Created error: member not found
[DEBUG Aug  2 08:15:08.604422288, errs.go:68] Created error: Commit count is unknowable
[DEBUG Aug  2 08:15:08.604445402, errs.go:68] Created error: No merge required
[DEBUG Aug  2 08:15:08.604466987, errs.go:68] Created error: Can't merge commit thats already in target commits history
[DEBUG Aug  2 08:15:08.604494634, errs.go:68] Created error: Bad expander name
[DEBUG Aug  2 08:15:08.604517575, errs.go:68] Created error: Expander has no handler
[DEBUG Aug  2 08:15:08.605611371, errs.go:68] Created error: Service is already running
[DEBUG Aug  2 08:15:08.633391743, secrets.go:35] Gcloud Secretmanager failed to initialize (ignore if you're not trying to use gcloud): google: could not find default credentials. See https://developers.google.com/accounts/docs/application-default-credentials for more information.
[DEBUG Aug  2 08:15:08.687968741, output.go:53] Requested outputer for 
[DEBUG Aug  2 08:15:08.687990989, output.go:58] Using Plain outputer
[DEBUG Aug  2 08:15:08.688053270, termutils.go:17] Cannot get terminal size: inappropriate ioctl for device
[DEBUG Aug  2 08:15:08.688143844, client.go:128] Reporting event to 2 reporters: run-command, state-svc start, 
[DEBUG Aug  2 08:15:08.688202973, main.go:107] Running CmdStart
[DEBUG Aug  2 08:15:08.694364770, errs.go:75] Wrapped error: Service is already running -- with: valueF failed
[DEBUG Aug  2 08:15:08.694436144, errs.go:75] Wrapped error: valueF failed -- with: Could not store pid
[DEBUG Aug  2 08:15:08.694513774, errors.go:113] Wrapped input error: Could not store pid -- with: A State Service instance is already running in the background.
[DEBUG Aug  2 08:15:08.694528129, errs.go:75] Wrapped error: A State Service instance is already running in the background. -- with: Could not start serviceManager
[DEBUG Aug  2 08:15:08.694607010, client.go:128] Reporting event to 2 reporters: command-exit, state-svc start, 1
[DEBUG Aug  2 08:15:09.025109134, errs.go:75] Wrapped error: <nil> -- with: Could not start serviceManager: A State Service instance is already running in the background.: Could not store pid: valueF failed: Service is already running
[DEBUG Aug  2 08:15:09.025182109, main.go:61] state-svc errored out due to input: Could not start serviceManager: A State Service instance is already running in the background.: Could not store pid: valueF failed: Service is already running
