[DEBUG Sep 17 03:25:37.259143213, errs.go:68] Created error: File could not be found
[DEBUG Sep 17 03:25:37.259341687, log.go:184] Rollbar error: empty token

[DEBUG Sep 17 03:25:37.270652095, errs.go:68] Created error: Not Recognized
[DEBUG Sep 17 03:25:37.323026977, errs.go:68] Created error: Secret not found
[DEBUG Sep 17 03:25:37.323088305, errs.go:68] Created error: Could not save keypair
[DEBUG Sep 17 03:25:37.323578492, errs.go:68] Created error: Build responded with error
[DEBUG Sep 17 03:25:37.323720750, errs.go:68] Created error: Unknown build type
[DEBUG Sep 17 03:25:37.323914611, errors.go:86] Wrapped localized error: <nil> -- with: The installed version of the State Tool Service does not match that of the client.
Please stop the service with [ACTIONABLE]state-svc stop[/RESET] and try your command again.
If this issue persists please reinstall the State Tool.

[DEBUG Sep 17 03:25:37.324046874, errs.go:68] Created error: no data
[DEBUG Sep 17 03:25:37.324136628, errs.go:68] Created error: member not found
[DEBUG Sep 17 03:25:37.324172621, errs.go:68] Created error: Commit count is unknowable
[DEBUG Sep 17 03:25:37.324302525, errs.go:68] Created error: No merge required
[DEBUG Sep 17 03:25:37.324332391, errs.go:68] Created error: Can't merge commit thats already in target commits history
[DEBUG Sep 17 03:25:37.324463137, errs.go:68] Created error: Bad expander name
[DEBUG Sep 17 03:25:37.324501867, errs.go:68] Created error: Expander has no handler
[DEBUG Sep 17 03:25:37.325781952, errs.go:68] Created error: Service is already running
[DEBUG Sep 17 03:25:37.413948695, secrets.go:35] Gcloud Secretmanager failed to initialize (ignore if you're not trying to use gcloud): google: could not find default credentials. See https://developers.google.com/accounts/docs/application-default-credentials for more information.
[DEBUG Sep 17 03:25:37.428676136, output.go:53] Requested outputer for 
[DEBUG Sep 17 03:25:37.428711642, output.go:58] Using Plain outputer
[DEBUG Sep 17 03:25:37.429014169, termutils.go:17] Cannot get terminal size: inappropriate ioctl for device
[DEBUG Sep 17 03:25:37.429251697, main.go:137] Running CmdForeground
[DEBUG Sep 17 03:25:37.429280616, main.go:147] Running in Foreground
[DEBUG Sep 17 03:25:37.429451342, client.go:128] Reporting event to 2 reporters: run-command, state-svc foreground, 
[DEBUG Sep 17 03:25:37.430105462, service.go:30] service:Start
