[DEBUG Aug  2 07:39:28.111578665, defaults.go:273] Args: [/home1/wangfeim/.local/ActiveState/StateTool/release/bin/state-svc start]
[DEBUG Aug  2 07:39:28.126396363, locale.go:38] Init
[DEBUG Aug  2 07:39:28.592189466, errs.go:68] Created error: File could not be found
[DEBUG Aug  2 07:39:28.595607083, errs.go:68] Created error: Not Recognized
[DEBUG Aug  2 07:39:28.618788136, errs.go:68] Created error: Secret not found
[DEBUG Aug  2 07:39:28.618847535, errs.go:68] Created error: Could not save keypair
[DEBUG Aug  2 07:39:28.619028210, errs.go:68] Created error: Build responded with error
[DEBUG Aug  2 07:39:28.619059521, errs.go:68] Created error: Unknown build type
[DEBUG Aug  2 07:39:28.619195009, errors.go:86] Wrapped localized error: <nil> -- with: The installed version of the State Tool Service does not match that of the client.
Please stop the service with [ACTIONABLE]state-svc stop[/RESET] and try your command again.
If this issue persists please reinstall the State Tool.

[DEBUG Aug  2 07:39:28.619210354, errs.go:68] Created error: no data
[DEBUG Aug  2 07:39:28.619237115, errs.go:68] Created error: member not found
[DEBUG Aug  2 07:39:28.619260863, errs.go:68] Created error: Commit count is unknowable
[DEBUG Aug  2 07:39:28.619291824, errs.go:68] Created error: No merge required
[DEBUG Aug  2 07:39:28.619322150, errs.go:68] Created error: Can't merge commit thats already in target commits history
[DEBUG Aug  2 07:39:28.619348393, errs.go:68] Created error: Bad expander name
[DEBUG Aug  2 07:39:28.619373037, errs.go:68] Created error: Expander has no handler
[DEBUG Aug  2 07:39:28.621274212, errs.go:68] Created error: Service is already running
[DEBUG Aug  2 07:39:28.703907860, secrets.go:35] Gcloud Secretmanager failed to initialize (ignore if you're not trying to use gcloud): google: could not find default credentials. See https://developers.google.com/accounts/docs/application-default-credentials for more information.
[DEBUG Aug  2 07:39:28.707483562, output.go:53] Requested outputer for 
[DEBUG Aug  2 07:39:28.707507331, output.go:58] Using Plain outputer
[DEBUG Aug  2 07:39:28.707612711, termutils.go:17] Cannot get terminal size: inappropriate ioctl for device
[DEBUG Aug  2 07:39:28.707696812, client.go:128] Reporting event to 2 reporters: run-command, state-svc start, 
[DEBUG Aug  2 07:39:28.707758117, main.go:107] Running CmdStart
[DEBUG Aug  2 07:39:28.713770307, errs.go:75] Wrapped error: Service is already running -- with: valueF failed
[DEBUG Aug  2 07:39:28.713837489, errs.go:75] Wrapped error: valueF failed -- with: Could not store pid
[DEBUG Aug  2 07:39:28.713938843, errors.go:113] Wrapped input error: Could not store pid -- with: A State Service instance is already running in the background.
[DEBUG Aug  2 07:39:28.713953728, errs.go:75] Wrapped error: A State Service instance is already running in the background. -- with: Could not start serviceManager
[DEBUG Aug  2 07:39:28.714079384, client.go:128] Reporting event to 2 reporters: command-exit, state-svc start, 1
[DEBUG Aug  2 07:39:29.099103283, errs.go:75] Wrapped error: <nil> -- with: Could not start serviceManager: A State Service instance is already running in the background.: Could not store pid: valueF failed: Service is already running
[DEBUG Aug  2 07:39:29.099173738, main.go:61] state-svc errored out due to input: Could not start serviceManager: A State Service instance is already running in the background.: Could not store pid: valueF failed: Service is already running
