[DEBUG Aug  2 08:09:20.224659561, defaults.go:273] Args: [/home1/wangfeim/.local/ActiveState/StateTool/release/bin/state-svc start]
[DEBUG Aug  2 08:09:20.237811925, locale.go:38] Init
[DEBUG Aug  2 08:09:20.304722895, errs.go:68] Created error: File could not be found
[DEBUG Aug  2 08:09:20.307370210, errs.go:68] Created error: Not Recognized
[DEBUG Aug  2 08:09:20.327949362, errs.go:68] Created error: Secret not found
[DEBUG Aug  2 08:09:20.328000290, errs.go:68] Created error: Could not save keypair
[DEBUG Aug  2 08:09:20.328171436, errs.go:68] Created error: Build responded with error
[DEBUG Aug  2 08:09:20.328198796, errs.go:68] Created error: Unknown build type
[DEBUG Aug  2 08:09:20.328326437, errors.go:86] Wrapped localized error: <nil> -- with: The installed version of the State Tool Service does not match that of the client.
Please stop the service with [ACTIONABLE]state-svc stop[/RESET] and try your command again.
If this issue persists please reinstall the State Tool.

[DEBUG Aug  2 08:09:20.328340268, errs.go:68] Created error: no data
[DEBUG Aug  2 08:09:20.328364391, errs.go:68] Created error: member not found
[DEBUG Aug  2 08:09:20.328398762, errs.go:68] Created error: Commit count is unknowable
[DEBUG Aug  2 08:09:20.328424791, errs.go:68] Created error: No merge required
[DEBUG Aug  2 08:09:20.328446080, errs.go:68] Created error: Can't merge commit thats already in target commits history
[DEBUG Aug  2 08:09:20.328474472, errs.go:68] Created error: Bad expander name
[DEBUG Aug  2 08:09:20.328494599, errs.go:68] Created error: Expander has no handler
[DEBUG Aug  2 08:09:20.329614906, errs.go:68] Created error: Service is already running
[DEBUG Aug  2 08:09:20.389808147, secrets.go:35] Gcloud Secretmanager failed to initialize (ignore if you're not trying to use gcloud): google: could not find default credentials. See https://developers.google.com/accounts/docs/application-default-credentials for more information.
[DEBUG Aug  2 08:09:20.395599791, output.go:53] Requested outputer for 
[DEBUG Aug  2 08:09:20.395623290, output.go:58] Using Plain outputer
[DEBUG Aug  2 08:09:20.395707872, termutils.go:17] Cannot get terminal size: inappropriate ioctl for device
[DEBUG Aug  2 08:09:20.395793062, client.go:128] Reporting event to 2 reporters: run-command, state-svc start, 
[DEBUG Aug  2 08:09:20.395853856, main.go:107] Running CmdStart
[DEBUG Aug  2 08:09:20.401620175, errs.go:75] Wrapped error: Service is already running -- with: valueF failed
[DEBUG Aug  2 08:09:20.401689632, errs.go:75] Wrapped error: valueF failed -- with: Could not store pid
[DEBUG Aug  2 08:09:20.401775589, errors.go:113] Wrapped input error: Could not store pid -- with: A State Service instance is already running in the background.
[DEBUG Aug  2 08:09:20.401791036, errs.go:75] Wrapped error: A State Service instance is already running in the background. -- with: Could not start serviceManager
[DEBUG Aug  2 08:09:20.401860907, client.go:128] Reporting event to 2 reporters: command-exit, state-svc start, 1
[DEBUG Aug  2 08:09:20.788273519, errs.go:75] Wrapped error: <nil> -- with: Could not start serviceManager: A State Service instance is already running in the background.: Could not store pid: valueF failed: Service is already running
[DEBUG Aug  2 08:09:20.788358692, main.go:61] state-svc errored out due to input: Could not start serviceManager: A State Service instance is already running in the background.: Could not store pid: valueF failed: Service is already running
