[DEBUG Aug  2 07:58:00.095319720, defaults.go:273] Args: [/home1/wangfeim/.local/ActiveState/StateTool/release/bin/state-svc start]
[DEBUG Aug  2 07:58:00.108866643, locale.go:38] Init
[DEBUG Aug  2 07:58:00.196087709, errs.go:68] Created error: File could not be found
[DEBUG Aug  2 07:58:00.199092374, errs.go:68] Created error: Not Recognized
[DEBUG Aug  2 07:58:00.220106224, errs.go:68] Created error: Secret not found
[DEBUG Aug  2 07:58:00.220168935, errs.go:68] Created error: Could not save keypair
[DEBUG Aug  2 07:58:00.220400478, errs.go:68] Created error: Build responded with error
[DEBUG Aug  2 07:58:00.220430785, errs.go:68] Created error: Unknown build type
[DEBUG Aug  2 07:58:00.220575878, errors.go:86] Wrapped localized error: <nil> -- with: The installed version of the State Tool Service does not match that of the client.
Please stop the service with [ACTIONABLE]state-svc stop[/RESET] and try your command again.
If this issue persists please reinstall the State Tool.

[DEBUG Aug  2 07:58:00.220592745, errs.go:68] Created error: no data
[DEBUG Aug  2 07:58:00.220618044, errs.go:68] Created error: member not found
[DEBUG Aug  2 07:58:00.220658713, errs.go:68] Created error: Commit count is unknowable
[DEBUG Aug  2 07:58:00.220698861, errs.go:68] Created error: No merge required
[DEBUG Aug  2 07:58:00.220723062, errs.go:68] Created error: Can't merge commit thats already in target commits history
[DEBUG Aug  2 07:58:00.220748067, errs.go:68] Created error: Bad expander name
[DEBUG Aug  2 07:58:00.220772457, errs.go:68] Created error: Expander has no handler
[DEBUG Aug  2 07:58:00.221931732, errs.go:68] Created error: Service is already running
[DEBUG Aug  2 07:58:00.250754586, secrets.go:35] Gcloud Secretmanager failed to initialize (ignore if you're not trying to use gcloud): google: could not find default credentials. See https://developers.google.com/accounts/docs/application-default-credentials for more information.
[DEBUG Aug  2 07:58:00.254326371, output.go:53] Requested outputer for 
[DEBUG Aug  2 07:58:00.254346652, output.go:58] Using Plain outputer
[DEBUG Aug  2 07:58:00.254420027, termutils.go:17] Cannot get terminal size: inappropriate ioctl for device
[DEBUG Aug  2 07:58:00.254506337, client.go:128] Reporting event to 2 reporters: run-command, state-svc start, 
[DEBUG Aug  2 07:58:00.254591036, main.go:107] Running CmdStart
[DEBUG Aug  2 07:58:00.286209754, errs.go:75] Wrapped error: Service is already running -- with: valueF failed
[DEBUG Aug  2 07:58:00.286274548, errs.go:75] Wrapped error: valueF failed -- with: Could not store pid
[DEBUG Aug  2 07:58:00.286343269, errors.go:113] Wrapped input error: Could not store pid -- with: A State Service instance is already running in the background.
[DEBUG Aug  2 07:58:00.286358894, errs.go:75] Wrapped error: A State Service instance is already running in the background. -- with: Could not start serviceManager
[DEBUG Aug  2 07:58:00.286458188, client.go:128] Reporting event to 2 reporters: command-exit, state-svc start, 1
[DEBUG Aug  2 07:58:00.621734095, errs.go:75] Wrapped error: <nil> -- with: Could not start serviceManager: A State Service instance is already running in the background.: Could not store pid: valueF failed: Service is already running
[DEBUG Aug  2 07:58:00.621818535, main.go:61] state-svc errored out due to input: Could not start serviceManager: A State Service instance is already running in the background.: Could not store pid: valueF failed: Service is already running
