[DEBUG Sep 18 08:08:09.504664694, defaults.go:273] Args: [/home1/wangfeim/.local/ActiveState/StateTool/release/bin/state-svc foreground]
[DEBUG Sep 18 08:08:09.517786903, locale.go:38] Init
[DEBUG Sep 18 08:08:09.549870681, errs.go:68] Created error: File could not be found
[DEBUG Sep 18 08:08:09.552775922, errs.go:68] Created error: Not Recognized
[DEBUG Sep 18 08:08:09.574983231, errs.go:68] Created error: Secret not found
[DEBUG Sep 18 08:08:09.575041136, errs.go:68] Created error: Could not save keypair
[DEBUG Sep 18 08:08:09.575373253, errs.go:68] Created error: Build responded with error
[DEBUG Sep 18 08:08:09.575419371, errs.go:68] Created error: Unknown build type
[DEBUG Sep 18 08:08:09.575551621, errors.go:86] Wrapped localized error: <nil> -- with: The installed version of the State Tool Service does not match that of the client.
Please stop the service with [ACTIONABLE]state-svc stop[/RESET] and try your command again.
If this issue persists please reinstall the State Tool.

[DEBUG Sep 18 08:08:09.575570792, errs.go:68] Created error: no data
[DEBUG Sep 18 08:08:09.575601317, errs.go:68] Created error: member not found
[DEBUG Sep 18 08:08:09.575626774, errs.go:68] Created error: Commit count is unknowable
[DEBUG Sep 18 08:08:09.575653033, errs.go:68] Created error: No merge required
[DEBUG Sep 18 08:08:09.575685508, errs.go:68] Created error: Can't merge commit thats already in target commits history
[DEBUG Sep 18 08:08:09.575714348, errs.go:68] Created error: Bad expander name
[DEBUG Sep 18 08:08:09.575742179, errs.go:68] Created error: Expander has no handler
[DEBUG Sep 18 08:08:09.579067103, errs.go:68] Created error: Service is already running
[DEBUG Sep 18 08:08:09.617183885, secrets.go:35] Gcloud Secretmanager failed to initialize (ignore if you're not trying to use gcloud): google: could not find default credentials. See https://developers.google.com/accounts/docs/application-default-credentials for more information.
[DEBUG Sep 18 08:08:09.622313068, output.go:53] Requested outputer for 
[DEBUG Sep 18 08:08:09.622332072, output.go:58] Using Plain outputer
[DEBUG Sep 18 08:08:09.622410209, termutils.go:17] Cannot get terminal size: inappropriate ioctl for device
[DEBUG Sep 18 08:08:09.622566623, main.go:137] Running CmdForeground
[DEBUG Sep 18 08:08:09.622584583, main.go:147] Running in Foreground
[DEBUG Sep 18 08:08:09.622627320, client.go:128] Reporting event to 2 reporters: run-command, state-svc foreground, 
[DEBUG Sep 18 08:08:09.622880750, service.go:30] service:Start
[DEBUG Sep 18 08:08:09.628934929, service.go:42] Server starting on port: 39916
[DEBUG Sep 18 08:08:09.629016655, client.go:128] Reporting event to 2 reporters: state-svc, start, 
[DEBUG Sep 18 08:08:09.698713767, resolver.go:57] Version resolver
[DEBUG Sep 18 08:08:09.699240577, client.go:128] Reporting event to 2 reporters: state-svc, endpoint, Version
[DEBUG Sep 18 08:08:09.699451955, resolver.go:57] Version resolver
[DEBUG Sep 18 08:08:09.699663810, client.go:128] Reporting event to 2 reporters: state-svc, endpoint, Version
[DEBUG Sep 18 08:08:09.699925294, resolver.go:57] Version resolver
[DEBUG Sep 18 08:08:09.700024265, client.go:128] Reporting event to 2 reporters: state-svc, endpoint, Version
[DEBUG Sep 18 08:08:09.700634279, resolver.go:57] Version resolver
[DEBUG Sep 18 08:08:09.700751247, client.go:128] Reporting event to 2 reporters: state-svc, endpoint, Version
[DEBUG Sep 18 08:08:09.701085956, resolver.go:121] Analytics event resolver
[DEBUG Sep 18 08:08:09.701551738, client.go:128] Reporting event to 2 reporters: runtime, cache, 
[DEBUG Sep 18 08:08:09.701817360, resolver.go:121] Analytics event resolver
[DEBUG Sep 18 08:08:09.702113258, client.go:128] Reporting event to 2 reporters: runtime, start, 
[DEBUG Sep 18 08:08:09.703198130, resolver.go:121] Analytics event resolver
[DEBUG Sep 18 08:08:09.703380581, client.go:128] Reporting event to 2 reporters: runtime, success, 
[DEBUG Sep 18 08:08:09.704063818, resolver.go:121] Analytics event resolver
[DEBUG Sep 18 08:08:09.704263209, client.go:128] Reporting event to 2 reporters: run-command, exec, 
[DEBUG Sep 18 08:09:09.630293354, watcher.go:72] Checking for runtime processes
[DEBUG Sep 18 08:10:09.630013652, watcher.go:72] Checking for runtime processes
[DEBUG Sep 18 08:11:09.630082664, watcher.go:72] Checking for runtime processes
[DEBUG Sep 18 08:12:09.630296876, watcher.go:72] Checking for runtime processes
[DEBUG Sep 18 08:13:09.630319576, watcher.go:72] Checking for runtime processes
[DEBUG Sep 18 08:14:09.630344238, watcher.go:72] Checking for runtime processes
[DEBUG Sep 18 08:15:09.630271381, watcher.go:72] Checking for runtime processes
[DEBUG Sep 18 08:16:09.630012998, watcher.go:72] Checking for runtime processes
[DEBUG Sep 18 08:17:09.630122744, watcher.go:72] Checking for runtime processes
[DEBUG Sep 18 08:18:09.630108267, watcher.go:72] Checking for runtime processes
[DEBUG Sep 18 08:19:09.630182133, watcher.go:72] Checking for runtime processes
[DEBUG Sep 18 08:20:09.630504701, watcher.go:72] Checking for runtime processes
[DEBUG Sep 18 08:21:09.629497921, watcher.go:72] Checking for runtime processes
[DEBUG Sep 18 08:22:09.630063685, watcher.go:72] Checking for runtime processes
[DEBUG Sep 18 08:23:09.629471453, watcher.go:72] Checking for runtime processes
[DEBUG Sep 18 08:24:09.630115071, watcher.go:72] Checking for runtime processes
[DEBUG Sep 18 08:25:09.630426098, watcher.go:72] Checking for runtime processes
[DEBUG Sep 18 08:26:09.629610148, watcher.go:72] Checking for runtime processes
[DEBUG Sep 18 08:27:09.630047499, watcher.go:72] Checking for runtime processes
[DEBUG Sep 18 08:28:09.629306015, watcher.go:72] Checking for runtime processes
[DEBUG Sep 18 08:29:09.630064740, watcher.go:72] Checking for runtime processes
[DEBUG Sep 18 08:30:09.630174740, watcher.go:72] Checking for runtime processes
[DEBUG Sep 18 08:31:09.630157342, watcher.go:72] Checking for runtime processes
[DEBUG Sep 18 08:32:09.630198513, watcher.go:72] Checking for runtime processes
[DEBUG Sep 18 08:33:09.630234042, watcher.go:72] Checking for runtime processes
[DEBUG Sep 18 08:34:09.629326187, watcher.go:72] Checking for runtime processes
[DEBUG Sep 18 08:35:09.630022412, watcher.go:72] Checking for runtime processes
[DEBUG Sep 18 08:36:09.629327539, watcher.go:72] Checking for runtime processes
[DEBUG Sep 18 08:37:09.630149027, watcher.go:72] Checking for runtime processes
[DEBUG Sep 18 08:38:09.629260639, watcher.go:72] Checking for runtime processes
[DEBUG Sep 18 08:39:09.630106527, watcher.go:72] Checking for runtime processes
[DEBUG Sep 18 08:40:09.630278634, watcher.go:72] Checking for runtime processes
[DEBUG Sep 18 08:41:09.630151206, watcher.go:72] Checking for runtime processes
[DEBUG Sep 18 08:42:09.630412471, watcher.go:72] Checking for runtime processes
[DEBUG Sep 18 08:43:09.630299565, watcher.go:72] Checking for runtime processes
[DEBUG Sep 18 08:44:09.630118996, watcher.go:72] Checking for runtime processes
[DEBUG Sep 18 08:45:09.630186249, watcher.go:72] Checking for runtime processes
[DEBUG Sep 18 08:46:09.630089113, watcher.go:72] Checking for runtime processes
[DEBUG Sep 18 08:47:09.630263839, watcher.go:72] Checking for runtime processes
[DEBUG Sep 18 08:48:09.629314281, watcher.go:72] Checking for runtime processes
[DEBUG Sep 18 08:49:09.630174104, watcher.go:72] Checking for runtime processes
[DEBUG Sep 18 08:50:09.630351164, watcher.go:72] Checking for runtime processes
[DEBUG Sep 18 08:51:09.629329987, watcher.go:72] Checking for runtime processes
[DEBUG Sep 18 08:52:09.630003839, watcher.go:72] Checking for runtime processes
[DEBUG Sep 18 08:53:09.629323959, watcher.go:72] Checking for runtime processes
[DEBUG Sep 18 08:54:09.630049884, watcher.go:72] Checking for runtime processes
[DEBUG Sep 18 08:55:09.630140047, watcher.go:72] Checking for runtime processes
[DEBUG Sep 18 08:56:09.630409726, watcher.go:72] Checking for runtime processes
[DEBUG Sep 18 08:57:09.629300840, watcher.go:72] Checking for runtime processes
[DEBUG Sep 18 08:58:09.629325908, watcher.go:72] Checking for runtime processes
[DEBUG Sep 18 08:59:09.630073715, watcher.go:72] Checking for runtime processes
[DEBUG Sep 18 09:00:09.630081436, watcher.go:72] Checking for runtime processes
[DEBUG Sep 18 09:01:09.630129415, watcher.go:72] Checking for runtime processes
[DEBUG Sep 18 09:02:09.630292545, watcher.go:72] Checking for runtime processes
[DEBUG Sep 18 09:03:09.630005343, watcher.go:72] Checking for runtime processes
[DEBUG Sep 18 09:04:09.630549081, watcher.go:72] Checking for runtime processes
[DEBUG Sep 18 09:05:09.629266742, watcher.go:72] Checking for runtime processes
[DEBUG Sep 18 09:06:09.629436067, watcher.go:72] Checking for runtime processes
[DEBUG Sep 18 09:07:09.630081998, watcher.go:72] Checking for runtime processes
[DEBUG Sep 18 09:08:09.629309465, watcher.go:72] Checking for runtime processes
[DEBUG Sep 18 09:09:09.629492385, watcher.go:72] Checking for runtime processes
[DEBUG Sep 18 09:10:09.630286291, watcher.go:72] Checking for runtime processes
[DEBUG Sep 18 09:11:09.629556962, watcher.go:72] Checking for runtime processes
[DEBUG Sep 18 09:12:09.630142449, watcher.go:72] Checking for runtime processes
[DEBUG Sep 18 09:13:09.630416661, watcher.go:72] Checking for runtime processes
[DEBUG Sep 18 09:14:09.630192605, watcher.go:72] Checking for runtime processes
[DEBUG Sep 18 09:15:09.630006566, watcher.go:72] Checking for runtime processes
[DEBUG Sep 18 09:16:09.629302868, watcher.go:72] Checking for runtime processes
[DEBUG Sep 18 09:17:09.630191236, watcher.go:72] Checking for runtime processes
[DEBUG Sep 18 09:18:09.630097220, watcher.go:72] Checking for runtime processes
[DEBUG Sep 18 09:19:09.630171339, watcher.go:72] Checking for runtime processes
[DEBUG Sep 18 09:20:09.630136529, watcher.go:72] Checking for runtime processes
[DEBUG Sep 18 09:21:09.629321817, watcher.go:72] Checking for runtime processes
[DEBUG Sep 18 09:22:09.630097503, watcher.go:72] Checking for runtime processes
[DEBUG Sep 18 09:23:09.629643204, watcher.go:72] Checking for runtime processes
[DEBUG Sep 18 09:24:09.630281811, watcher.go:72] Checking for runtime processes
[DEBUG Sep 18 09:25:09.630122311, watcher.go:72] Checking for runtime processes
[DEBUG Sep 18 09:26:09.630031719, watcher.go:72] Checking for runtime processes
[DEBUG Sep 18 09:27:09.630307754, watcher.go:72] Checking for runtime processes
[DEBUG Sep 18 09:28:09.630040226, watcher.go:72] Checking for runtime processes
[DEBUG Sep 18 09:29:09.630154758, watcher.go:72] Checking for runtime processes
[DEBUG Sep 18 09:30:09.630205356, watcher.go:72] Checking for runtime processes
[DEBUG Sep 18 09:31:09.629331924, watcher.go:72] Checking for runtime processes
[DEBUG Sep 18 09:32:09.630236089, watcher.go:72] Checking for runtime processes
[DEBUG Sep 18 09:33:09.629272388, watcher.go:72] Checking for runtime processes
[DEBUG Sep 18 09:34:09.630028406, watcher.go:72] Checking for runtime processes
[DEBUG Sep 18 09:35:09.629443090, watcher.go:72] Checking for runtime processes
[DEBUG Sep 18 09:36:09.629364470, watcher.go:72] Checking for runtime processes
[DEBUG Sep 18 09:37:09.630061793, watcher.go:72] Checking for runtime processes
[DEBUG Sep 18 09:38:09.629320874, watcher.go:72] Checking for runtime processes
[DEBUG Sep 18 09:39:09.629643236, watcher.go:72] Checking for runtime processes
[DEBUG Sep 18 09:40:09.630226206, watcher.go:72] Checking for runtime processes
[DEBUG Sep 18 09:41:09.629370672, watcher.go:72] Checking for runtime processes
[DEBUG Sep 18 09:42:09.630011827, watcher.go:72] Checking for runtime processes
[DEBUG Sep 18 09:43:09.630438959, watcher.go:72] Checking for runtime processes
[DEBUG Sep 18 09:44:09.629288241, watcher.go:72] Checking for runtime processes
[DEBUG Sep 18 09:45:09.629304843, watcher.go:72] Checking for runtime processes
[DEBUG Sep 18 09:46:09.630197447, watcher.go:72] Checking for runtime processes
[DEBUG Sep 18 09:47:09.630440897, watcher.go:72] Checking for runtime processes
[DEBUG Sep 18 09:48:09.629475485, watcher.go:72] Checking for runtime processes
[DEBUG Sep 18 09:49:09.630185595, watcher.go:72] Checking for runtime processes
[DEBUG Sep 18 09:50:09.630107650, watcher.go:72] Checking for runtime processes
[DEBUG Sep 18 09:51:09.629405180, watcher.go:72] Checking for runtime processes
[DEBUG Sep 18 09:52:09.630136357, watcher.go:72] Checking for runtime processes
[DEBUG Sep 18 09:53:09.629350708, watcher.go:72] Checking for runtime processes
[DEBUG Sep 18 09:54:09.630286761, watcher.go:72] Checking for runtime processes
[DEBUG Sep 18 09:55:09.629482847, watcher.go:72] Checking for runtime processes
[DEBUG Sep 18 09:56:09.630237684, watcher.go:72] Checking for runtime processes
[DEBUG Sep 18 09:57:09.630113269, watcher.go:72] Checking for runtime processes
[DEBUG Sep 18 09:58:09.630500484, watcher.go:72] Checking for runtime processes
[DEBUG Sep 18 09:59:09.630096047, watcher.go:72] Checking for runtime processes
[DEBUG Sep 18 10:00:09.629261419, watcher.go:72] Checking for runtime processes
[DEBUG Sep 18 10:01:09.630132238, watcher.go:72] Checking for runtime processes
[DEBUG Sep 18 10:02:09.630078573, watcher.go:72] Checking for runtime processes
[DEBUG Sep 18 10:03:09.630013090, watcher.go:72] Checking for runtime processes
[DEBUG Sep 18 10:04:09.630136195, watcher.go:72] Checking for runtime processes
[DEBUG Sep 18 10:05:09.630411873, watcher.go:72] Checking for runtime processes
[DEBUG Sep 18 10:06:09.629349785, watcher.go:72] Checking for runtime processes
[DEBUG Sep 18 10:07:09.630051152, watcher.go:72] Checking for runtime processes
[DEBUG Sep 18 10:08:09.629311036, watcher.go:72] Checking for runtime processes
[DEBUG Sep 18 10:09:09.630404473, watcher.go:72] Checking for runtime processes
[DEBUG Sep 18 10:10:09.630208148, watcher.go:72] Checking for runtime processes
[DEBUG Sep 18 10:11:09.630190953, watcher.go:72] Checking for runtime processes
[DEBUG Sep 18 10:12:09.629403849, watcher.go:72] Checking for runtime processes
[DEBUG Sep 18 10:13:09.630432715, watcher.go:72] Checking for runtime processes
[DEBUG Sep 18 10:14:09.630190841, watcher.go:72] Checking for runtime processes
[DEBUG Sep 18 10:15:09.629259642, watcher.go:72] Checking for runtime processes
[DEBUG Sep 18 10:16:09.629294944, watcher.go:72] Checking for runtime processes
[DEBUG Sep 18 10:17:09.630129513, watcher.go:72] Checking for runtime processes
[DEBUG Sep 18 10:18:09.629309580, watcher.go:72] Checking for runtime processes
[DEBUG Sep 18 10:19:09.630293700, watcher.go:72] Checking for runtime processes
[DEBUG Sep 18 10:20:09.629358797, watcher.go:72] Checking for runtime processes
[DEBUG Sep 18 10:21:09.630160163, watcher.go:72] Checking for runtime processes
[DEBUG Sep 18 10:22:09.630428650, watcher.go:72] Checking for runtime processes
[DEBUG Sep 18 10:23:09.629786304, watcher.go:72] Checking for runtime processes
[DEBUG Sep 18 10:24:09.630227476, watcher.go:72] Checking for runtime processes
[DEBUG Sep 18 10:25:09.629403534, watcher.go:72] Checking for runtime processes
[DEBUG Sep 18 10:26:09.630084136, watcher.go:72] Checking for runtime processes
[DEBUG Sep 18 10:27:09.630004764, watcher.go:72] Checking for runtime processes
[DEBUG Sep 18 10:28:09.630255373, watcher.go:72] Checking for runtime processes
[DEBUG Sep 18 10:29:09.630191097, watcher.go:72] Checking for runtime processes
[DEBUG Sep 18 10:30:09.630097115, watcher.go:72] Checking for runtime processes
[DEBUG Sep 18 10:31:09.630615302, watcher.go:72] Checking for runtime processes
[DEBUG Sep 18 10:32:09.630019056, watcher.go:72] Checking for runtime processes
[DEBUG Sep 18 10:33:09.629270252, watcher.go:72] Checking for runtime processes
[DEBUG Sep 18 10:34:09.630098944, watcher.go:72] Checking for runtime processes
[DEBUG Sep 18 10:35:09.630173977, watcher.go:72] Checking for runtime processes
[DEBUG Sep 18 10:36:09.630251769, watcher.go:72] Checking for runtime processes
[DEBUG Sep 18 10:37:09.629469149, watcher.go:72] Checking for runtime processes
[DEBUG Sep 18 10:38:09.629326916, watcher.go:72] Checking for runtime processes
[DEBUG Sep 18 10:39:09.630354727, watcher.go:72] Checking for runtime processes
[DEBUG Sep 18 10:40:09.629318666, watcher.go:72] Checking for runtime processes
[DEBUG Sep 18 10:41:09.630202191, watcher.go:72] Checking for runtime processes
[DEBUG Sep 18 10:42:09.629309937, watcher.go:72] Checking for runtime processes
[DEBUG Sep 18 10:43:09.630189057, watcher.go:72] Checking for runtime processes
[DEBUG Sep 18 10:44:09.630177001, watcher.go:72] Checking for runtime processes
[DEBUG Sep 18 10:45:09.630276923, watcher.go:72] Checking for runtime processes
[DEBUG Sep 18 10:46:09.630406561, watcher.go:72] Checking for runtime processes
[DEBUG Sep 18 10:47:09.630121528, watcher.go:72] Checking for runtime processes
[DEBUG Sep 18 10:48:09.630190623, watcher.go:72] Checking for runtime processes
[DEBUG Sep 18 10:49:09.630223929, watcher.go:72] Checking for runtime processes
[DEBUG Sep 18 10:50:09.629326328, watcher.go:72] Checking for runtime processes
[DEBUG Sep 18 10:51:09.630131281, watcher.go:72] Checking for runtime processes
[DEBUG Sep 18 10:52:09.630415545, watcher.go:72] Checking for runtime processes
[DEBUG Sep 18 10:53:09.629325252, watcher.go:72] Checking for runtime processes
[DEBUG Sep 18 10:54:09.630521790, watcher.go:72] Checking for runtime processes
[DEBUG Sep 18 10:55:08.316028463, resolver.go:121] Analytics event resolver
[DEBUG Sep 18 10:55:08.316296375, client.go:128] Reporting event to 2 reporters: command-exit, exec, 0
[DEBUG Sep 18 10:55:09.629271139, watcher.go:72] Checking for runtime processes
[DEBUG Sep 18 10:56:09.629297749, watcher.go:72] Checking for runtime processes
[DEBUG Sep 18 10:57:09.630094911, watcher.go:72] Checking for runtime processes
[DEBUG Sep 18 10:58:09.630019705, watcher.go:72] Checking for runtime processes
[DEBUG Sep 18 10:59:09.630016430, watcher.go:72] Checking for runtime processes
[DEBUG Sep 18 11:00:09.630019615, watcher.go:72] Checking for runtime processes
[DEBUG Sep 18 11:01:09.630015016, watcher.go:72] Checking for runtime processes
[DEBUG Sep 18 11:02:09.630006175, watcher.go:72] Checking for runtime processes
[DEBUG Sep 18 11:03:09.630034344, watcher.go:72] Checking for runtime processes
[DEBUG Sep 18 11:04:09.630005036, watcher.go:72] Checking for runtime processes
[DEBUG Sep 18 11:05:09.630005266, watcher.go:72] Checking for runtime processes
[DEBUG Sep 18 11:06:09.629999224, watcher.go:72] Checking for runtime processes
[DEBUG Sep 18 11:07:09.630019945, watcher.go:72] Checking for runtime processes
[DEBUG Sep 18 11:08:09.629315847, watcher.go:72] Checking for runtime processes
[DEBUG Sep 18 11:09:09.630000697, watcher.go:72] Checking for runtime processes
[DEBUG Sep 18 11:10:09.629319307, watcher.go:72] Checking for runtime processes
[DEBUG Sep 18 11:11:09.630068552, watcher.go:72] Checking for runtime processes
[DEBUG Sep 18 11:12:09.630002368, watcher.go:72] Checking for runtime processes
[DEBUG Sep 18 11:13:09.630003171, watcher.go:72] Checking for runtime processes
[DEBUG Sep 18 11:14:09.630003643, watcher.go:72] Checking for runtime processes
[DEBUG Sep 18 11:15:09.630016502, watcher.go:72] Checking for runtime processes
[DEBUG Sep 18 11:16:09.630017490, watcher.go:72] Checking for runtime processes
[DEBUG Sep 18 11:17:09.630007379, watcher.go:72] Checking for runtime processes
[DEBUG Sep 18 11:18:09.630006163, watcher.go:72] Checking for runtime processes
[DEBUG Sep 18 11:19:09.630009577, watcher.go:72] Checking for runtime processes
[DEBUG Sep 18 11:20:09.630017345, watcher.go:72] Checking for runtime processes
[DEBUG Sep 18 11:21:09.629999174, watcher.go:72] Checking for runtime processes
[DEBUG Sep 18 11:22:09.630015166, watcher.go:72] Checking for runtime processes
[DEBUG Sep 18 11:23:09.629327284, watcher.go:72] Checking for runtime processes
[DEBUG Sep 18 11:24:09.630005490, watcher.go:72] Checking for runtime processes
[DEBUG Sep 18 11:25:09.629324521, watcher.go:72] Checking for runtime processes
[DEBUG Sep 18 11:26:09.629300739, watcher.go:72] Checking for runtime processes
[DEBUG Sep 18 11:27:09.629999777, watcher.go:72] Checking for runtime processes
[DEBUG Sep 18 11:28:09.630034605, watcher.go:72] Checking for runtime processes
[DEBUG Sep 18 11:29:09.630006233, watcher.go:72] Checking for runtime processes
[DEBUG Sep 18 11:30:09.630002154, watcher.go:72] Checking for runtime processes
[DEBUG Sep 18 11:31:09.630016452, watcher.go:72] Checking for runtime processes
[DEBUG Sep 18 11:32:09.630006398, watcher.go:72] Checking for runtime processes
[DEBUG Sep 18 11:33:09.630015249, watcher.go:72] Checking for runtime processes
[DEBUG Sep 18 11:34:09.630029611, watcher.go:72] Checking for runtime processes
[DEBUG Sep 18 11:35:09.629294687, watcher.go:72] Checking for runtime processes
[DEBUG Sep 18 11:36:09.629989470, watcher.go:72] Checking for runtime processes
[DEBUG Sep 18 11:37:09.629999964, watcher.go:72] Checking for runtime processes
[DEBUG Sep 18 11:38:09.629325432, watcher.go:72] Checking for runtime processes
[DEBUG Sep 18 11:39:09.630000942, watcher.go:72] Checking for runtime processes
[DEBUG Sep 18 11:40:09.629323811, watcher.go:72] Checking for runtime processes
[DEBUG Sep 18 11:41:09.630019046, watcher.go:72] Checking for runtime processes
[DEBUG Sep 18 11:42:09.630001878, watcher.go:72] Checking for runtime processes
[DEBUG Sep 18 11:43:09.630013757, watcher.go:72] Checking for runtime processes
[DEBUG Sep 18 11:44:09.630012947, watcher.go:72] Checking for runtime processes
[DEBUG Sep 18 11:45:09.630009563, watcher.go:72] Checking for runtime processes
[DEBUG Sep 18 11:46:09.630009245, watcher.go:72] Checking for runtime processes
[DEBUG Sep 18 11:47:09.630013190, watcher.go:72] Checking for runtime processes
[DEBUG Sep 18 11:48:09.630008887, watcher.go:72] Checking for runtime processes
[DEBUG Sep 18 11:49:09.630008621, watcher.go:72] Checking for runtime processes
[DEBUG Sep 18 11:50:09.630011407, watcher.go:72] Checking for runtime processes
[DEBUG Sep 18 11:51:09.630005106, watcher.go:72] Checking for runtime processes
[DEBUG Sep 18 11:52:09.630003703, watcher.go:72] Checking for runtime processes
[DEBUG Sep 18 11:53:09.629327066, watcher.go:72] Checking for runtime processes
[DEBUG Sep 18 11:54:09.630001823, watcher.go:72] Checking for runtime processes
[DEBUG Sep 18 11:55:09.629323612, watcher.go:72] Checking for runtime processes
[DEBUG Sep 18 11:56:09.630018084, watcher.go:72] Checking for runtime processes
[DEBUG Sep 18 11:57:09.630001050, watcher.go:72] Checking for runtime processes
[DEBUG Sep 18 11:58:09.630022172, watcher.go:72] Checking for runtime processes
[DEBUG Sep 18 11:59:09.630015157, watcher.go:72] Checking for runtime processes
[DEBUG Sep 18 12:00:09.630026684, watcher.go:72] Checking for runtime processes
[DEBUG Sep 18 12:01:09.630002146, watcher.go:72] Checking for runtime processes
[DEBUG Sep 18 12:02:09.630026627, watcher.go:72] Checking for runtime processes
[DEBUG Sep 18 12:03:09.630010363, watcher.go:72] Checking for runtime processes
[DEBUG Sep 18 12:04:09.630020171, watcher.go:72] Checking for runtime processes
[DEBUG Sep 18 12:05:09.630014465, watcher.go:72] Checking for runtime processes
[DEBUG Sep 18 12:06:09.629986543, watcher.go:72] Checking for runtime processes
[DEBUG Sep 18 12:07:09.630027003, watcher.go:72] Checking for runtime processes
[DEBUG Sep 18 12:08:09.629319322, watcher.go:72] Checking for runtime processes
[DEBUG Sep 18 12:09:09.630019572, watcher.go:72] Checking for runtime processes
[DEBUG Sep 18 12:10:09.629322430, watcher.go:72] Checking for runtime processes
[DEBUG Sep 18 12:11:09.630018371, watcher.go:72] Checking for runtime processes
[DEBUG Sep 18 12:12:09.630000022, watcher.go:72] Checking for runtime processes
[DEBUG Sep 18 12:13:09.630010168, watcher.go:72] Checking for runtime processes
[DEBUG Sep 18 12:14:09.630014714, watcher.go:72] Checking for runtime processes
[DEBUG Sep 18 12:15:09.630023676, watcher.go:72] Checking for runtime processes
[DEBUG Sep 18 12:16:09.630001103, watcher.go:72] Checking for runtime processes
[DEBUG Sep 18 12:17:09.630020265, watcher.go:72] Checking for runtime processes
[DEBUG Sep 18 12:18:09.630004459, watcher.go:72] Checking for runtime processes
[DEBUG Sep 18 12:19:09.630019176, watcher.go:72] Checking for runtime processes
[DEBUG Sep 18 12:20:09.630016077, watcher.go:72] Checking for runtime processes
[DEBUG Sep 18 12:21:09.630000652, watcher.go:72] Checking for runtime processes
[DEBUG Sep 18 12:22:09.630004313, watcher.go:72] Checking for runtime processes
[DEBUG Sep 18 12:23:09.629326916, watcher.go:72] Checking for runtime processes
[DEBUG Sep 18 12:24:09.630016816, watcher.go:72] Checking for runtime processes
[DEBUG Sep 18 12:25:09.629324607, watcher.go:72] Checking for runtime processes
[DEBUG Sep 18 12:26:09.630016955, watcher.go:72] Checking for runtime processes
[DEBUG Sep 18 12:27:09.630004935, watcher.go:72] Checking for runtime processes
[DEBUG Sep 18 12:28:09.630018426, watcher.go:72] Checking for runtime processes
[DEBUG Sep 18 12:29:09.630015250, watcher.go:72] Checking for runtime processes
[DEBUG Sep 18 12:30:09.630007463, watcher.go:72] Checking for runtime processes
[DEBUG Sep 18 12:31:09.629998766, watcher.go:72] Checking for runtime processes
[DEBUG Sep 18 12:32:09.630018379, watcher.go:72] Checking for runtime processes
[DEBUG Sep 18 12:33:09.630027142, watcher.go:72] Checking for runtime processes
[DEBUG Sep 18 12:34:09.630006604, watcher.go:72] Checking for runtime processes
[DEBUG Sep 18 12:35:09.630014676, watcher.go:72] Checking for runtime processes
[DEBUG Sep 18 12:36:09.629988164, watcher.go:72] Checking for runtime processes
[DEBUG Sep 18 12:37:09.630016480, watcher.go:72] Checking for runtime processes
[DEBUG Sep 18 12:38:09.629325946, watcher.go:72] Checking for runtime processes
[DEBUG Sep 18 12:39:09.630021426, watcher.go:72] Checking for runtime processes
[DEBUG Sep 18 12:40:09.629323728, watcher.go:72] Checking for runtime processes
[DEBUG Sep 18 12:41:09.630006846, watcher.go:72] Checking for runtime processes
[DEBUG Sep 18 12:42:09.630007180, watcher.go:72] Checking for runtime processes
[DEBUG Sep 18 12:43:09.630005601, watcher.go:72] Checking for runtime processes
[DEBUG Sep 18 12:44:09.630015150, watcher.go:72] Checking for runtime processes
[DEBUG Sep 18 12:45:09.630019417, watcher.go:72] Checking for runtime processes
[DEBUG Sep 18 12:46:09.629998960, watcher.go:72] Checking for runtime processes
[DEBUG Sep 18 12:47:09.630019525, watcher.go:72] Checking for runtime processes
[DEBUG Sep 18 12:48:09.630017341, watcher.go:72] Checking for runtime processes
[DEBUG Sep 18 12:49:09.630010571, watcher.go:72] Checking for runtime processes
[DEBUG Sep 18 12:50:09.630000246, watcher.go:72] Checking for runtime processes
[DEBUG Sep 18 12:51:09.629982318, watcher.go:72] Checking for runtime processes
[DEBUG Sep 18 12:52:09.630016883, watcher.go:72] Checking for runtime processes
[DEBUG Sep 18 12:53:09.629324686, watcher.go:72] Checking for runtime processes
[DEBUG Sep 18 12:54:09.630015087, watcher.go:72] Checking for runtime processes
[DEBUG Sep 18 12:55:09.629320355, watcher.go:72] Checking for runtime processes
[DEBUG Sep 18 12:56:09.630021732, watcher.go:72] Checking for runtime processes
[DEBUG Sep 18 12:57:09.630019489, watcher.go:72] Checking for runtime processes
[DEBUG Sep 18 12:58:09.630008879, watcher.go:72] Checking for runtime processes
[DEBUG Sep 18 12:59:09.630001530, watcher.go:72] Checking for runtime processes
[DEBUG Sep 18 13:00:09.630018208, watcher.go:72] Checking for runtime processes
[DEBUG Sep 18 13:01:09.630003549, watcher.go:72] Checking for runtime processes
[DEBUG Sep 18 13:02:09.630020921, watcher.go:72] Checking for runtime processes
[DEBUG Sep 18 13:03:09.630013746, watcher.go:72] Checking for runtime processes
[DEBUG Sep 18 13:04:09.630017881, watcher.go:72] Checking for runtime processes
[DEBUG Sep 18 13:05:09.630018090, watcher.go:72] Checking for runtime processes
[DEBUG Sep 18 13:06:09.629984559, watcher.go:72] Checking for runtime processes
[DEBUG Sep 18 13:07:09.630012561, watcher.go:72] Checking for runtime processes
[DEBUG Sep 18 13:08:09.629316221, watcher.go:72] Checking for runtime processes
[DEBUG Sep 18 13:09:09.629999636, watcher.go:72] Checking for runtime processes
[DEBUG Sep 18 13:10:09.629321707, watcher.go:72] Checking for runtime processes
[DEBUG Sep 18 13:11:09.630022026, watcher.go:72] Checking for runtime processes
[DEBUG Sep 18 13:12:09.630016653, watcher.go:72] Checking for runtime processes
[DEBUG Sep 18 13:13:09.630022226, watcher.go:72] Checking for runtime processes
[DEBUG Sep 18 13:14:09.630005398, watcher.go:72] Checking for runtime processes
[DEBUG Sep 18 13:15:09.630007408, watcher.go:72] Checking for runtime processes
[DEBUG Sep 18 13:16:09.629293945, watcher.go:72] Checking for runtime processes
[DEBUG Sep 18 13:17:09.630010410, watcher.go:72] Checking for runtime processes
[DEBUG Sep 18 13:18:09.630007473, watcher.go:72] Checking for runtime processes
[DEBUG Sep 18 13:19:09.630024709, watcher.go:72] Checking for runtime processes
[DEBUG Sep 18 13:20:09.630010848, watcher.go:72] Checking for runtime processes
[DEBUG Sep 18 13:21:09.630006326, watcher.go:72] Checking for runtime processes
[DEBUG Sep 18 13:22:09.630008166, watcher.go:72] Checking for runtime processes
[DEBUG Sep 18 13:23:09.629324041, watcher.go:72] Checking for runtime processes
[DEBUG Sep 18 13:24:09.630015318, watcher.go:72] Checking for runtime processes
[DEBUG Sep 18 13:25:09.629323314, watcher.go:72] Checking for runtime processes
[DEBUG Sep 18 13:26:09.630003931, watcher.go:72] Checking for runtime processes
[DEBUG Sep 18 13:27:09.629999924, watcher.go:72] Checking for runtime processes
[DEBUG Sep 18 13:28:09.630002339, watcher.go:72] Checking for runtime processes
[DEBUG Sep 18 13:29:09.630018731, watcher.go:72] Checking for runtime processes
[DEBUG Sep 18 13:30:09.630018112, watcher.go:72] Checking for runtime processes
[DEBUG Sep 18 13:31:09.630001119, watcher.go:72] Checking for runtime processes
[DEBUG Sep 18 13:32:09.630004641, watcher.go:72] Checking for runtime processes
[DEBUG Sep 18 13:33:09.630014410, watcher.go:72] Checking for runtime processes
[DEBUG Sep 18 13:34:09.630016808, watcher.go:72] Checking for runtime processes
[DEBUG Sep 18 13:35:09.630028036, watcher.go:72] Checking for runtime processes
[DEBUG Sep 18 13:36:09.629986103, watcher.go:72] Checking for runtime processes
[DEBUG Sep 18 13:37:09.630018319, watcher.go:72] Checking for runtime processes
[DEBUG Sep 18 13:38:09.629327770, watcher.go:72] Checking for runtime processes
[DEBUG Sep 18 13:39:09.630002572, watcher.go:72] Checking for runtime processes
[DEBUG Sep 18 13:40:09.629322071, watcher.go:72] Checking for runtime processes
[DEBUG Sep 18 13:41:09.630029249, watcher.go:72] Checking for runtime processes
[DEBUG Sep 18 13:42:09.630015491, watcher.go:72] Checking for runtime processes
[DEBUG Sep 18 13:43:09.630016095, watcher.go:72] Checking for runtime processes
[DEBUG Sep 18 13:44:09.630026918, watcher.go:72] Checking for runtime processes
[DEBUG Sep 18 13:45:09.630020996, watcher.go:72] Checking for runtime processes
[DEBUG Sep 18 13:46:09.630003593, watcher.go:72] Checking for runtime processes
[DEBUG Sep 18 13:47:09.630013764, watcher.go:72] Checking for runtime processes
[DEBUG Sep 18 13:48:09.630008557, watcher.go:72] Checking for runtime processes
[DEBUG Sep 18 13:49:09.630022649, watcher.go:72] Checking for runtime processes
[DEBUG Sep 18 13:50:09.629999669, watcher.go:72] Checking for runtime processes
[DEBUG Sep 18 13:51:09.630008632, watcher.go:72] Checking for runtime processes
[DEBUG Sep 18 13:52:09.630015254, watcher.go:72] Checking for runtime processes
[DEBUG Sep 18 13:53:09.629326869, watcher.go:72] Checking for runtime processes
[DEBUG Sep 18 13:54:09.630013033, watcher.go:72] Checking for runtime processes
[DEBUG Sep 18 13:55:09.629322082, watcher.go:72] Checking for runtime processes
[DEBUG Sep 18 13:56:09.630033723, watcher.go:72] Checking for runtime processes
[DEBUG Sep 18 13:57:09.630019308, watcher.go:72] Checking for runtime processes
[DEBUG Sep 18 13:58:09.630006948, watcher.go:72] Checking for runtime processes
[DEBUG Sep 18 13:59:09.630015125, watcher.go:72] Checking for runtime processes
[DEBUG Sep 18 14:00:09.630019173, watcher.go:72] Checking for runtime processes
[DEBUG Sep 18 14:01:09.630017344, watcher.go:72] Checking for runtime processes
[DEBUG Sep 18 14:02:09.630018860, watcher.go:72] Checking for runtime processes
[DEBUG Sep 18 14:03:09.630016521, watcher.go:72] Checking for runtime processes
[DEBUG Sep 18 14:04:09.630006157, watcher.go:72] Checking for runtime processes
[DEBUG Sep 18 14:05:09.630015308, watcher.go:72] Checking for runtime processes
[DEBUG Sep 18 14:06:09.630001462, watcher.go:72] Checking for runtime processes
[DEBUG Sep 18 14:07:09.630013955, watcher.go:72] Checking for runtime processes
[DEBUG Sep 18 14:08:09.629315941, watcher.go:72] Checking for runtime processes
[DEBUG Sep 18 14:09:09.630015430, watcher.go:72] Checking for runtime processes
[DEBUG Sep 18 14:10:09.629321902, watcher.go:72] Checking for runtime processes
[DEBUG Sep 18 14:11:09.630023649, watcher.go:72] Checking for runtime processes
[DEBUG Sep 18 14:12:09.630023513, watcher.go:72] Checking for runtime processes
[DEBUG Sep 18 14:13:09.630011060, watcher.go:72] Checking for runtime processes
[DEBUG Sep 18 14:14:09.630045342, watcher.go:72] Checking for runtime processes
[DEBUG Sep 18 14:15:09.630004693, watcher.go:72] Checking for runtime processes
[DEBUG Sep 18 14:16:09.630015376, watcher.go:72] Checking for runtime processes
[DEBUG Sep 18 14:17:09.630011299, watcher.go:72] Checking for runtime processes
[DEBUG Sep 18 14:18:09.630007417, watcher.go:72] Checking for runtime processes
[DEBUG Sep 18 14:19:09.630012859, watcher.go:72] Checking for runtime processes
[DEBUG Sep 18 14:20:09.630008765, watcher.go:72] Checking for runtime processes
[DEBUG Sep 18 14:21:09.629989403, watcher.go:72] Checking for runtime processes
[DEBUG Sep 18 14:22:09.630013126, watcher.go:72] Checking for runtime processes
[DEBUG Sep 18 14:23:09.629326390, watcher.go:72] Checking for runtime processes
[DEBUG Sep 18 14:24:09.630015448, watcher.go:72] Checking for runtime processes
[DEBUG Sep 18 14:25:09.629302702, watcher.go:72] Checking for runtime processes
[DEBUG Sep 18 14:26:09.630014900, watcher.go:72] Checking for runtime processes
[DEBUG Sep 18 14:27:09.630000597, watcher.go:72] Checking for runtime processes
[DEBUG Sep 18 14:28:09.630009564, watcher.go:72] Checking for runtime processes
[DEBUG Sep 18 14:29:09.630017519, watcher.go:72] Checking for runtime processes
[DEBUG Sep 18 14:30:09.630024033, watcher.go:72] Checking for runtime processes
[DEBUG Sep 18 14:31:09.630013456, watcher.go:72] Checking for runtime processes
[DEBUG Sep 18 14:32:09.630004992, watcher.go:72] Checking for runtime processes
[DEBUG Sep 18 14:33:09.630012722, watcher.go:72] Checking for runtime processes
[DEBUG Sep 18 14:34:09.630024183, watcher.go:72] Checking for runtime processes
[DEBUG Sep 18 14:35:09.630007162, watcher.go:72] Checking for runtime processes
[DEBUG Sep 18 14:36:09.629999465, watcher.go:72] Checking for runtime processes
[DEBUG Sep 18 14:37:09.630009353, watcher.go:72] Checking for runtime processes
[DEBUG Sep 18 14:38:09.629667703, watcher.go:72] Checking for runtime processes
[DEBUG Sep 18 14:39:09.630018432, watcher.go:72] Checking for runtime processes
[DEBUG Sep 18 14:40:09.629321407, watcher.go:72] Checking for runtime processes
[DEBUG Sep 18 14:41:09.630017770, watcher.go:72] Checking for runtime processes
[DEBUG Sep 18 14:42:09.630001057, watcher.go:72] Checking for runtime processes
[DEBUG Sep 18 14:43:09.630007704, watcher.go:72] Checking for runtime processes
[DEBUG Sep 18 14:44:09.630001092, watcher.go:72] Checking for runtime processes
[DEBUG Sep 18 14:45:09.630021523, watcher.go:72] Checking for runtime processes
[DEBUG Sep 18 14:46:09.630004356, watcher.go:72] Checking for runtime processes
[DEBUG Sep 18 14:47:09.630002012, watcher.go:72] Checking for runtime processes
[DEBUG Sep 18 14:48:09.630013626, watcher.go:72] Checking for runtime processes
[DEBUG Sep 18 14:49:09.630021087, watcher.go:72] Checking for runtime processes
[DEBUG Sep 18 14:50:09.630014931, watcher.go:72] Checking for runtime processes
[DEBUG Sep 18 14:51:09.629982487, watcher.go:72] Checking for runtime processes
[DEBUG Sep 18 14:52:09.630016827, watcher.go:72] Checking for runtime processes
[DEBUG Sep 18 14:53:09.629323718, watcher.go:72] Checking for runtime processes
[DEBUG Sep 18 14:54:09.629291015, watcher.go:72] Checking for runtime processes
[DEBUG Sep 18 14:55:09.629317797, watcher.go:72] Checking for runtime processes
[DEBUG Sep 18 14:56:09.630007963, watcher.go:72] Checking for runtime processes
[DEBUG Sep 18 14:57:09.630011079, watcher.go:72] Checking for runtime processes
[DEBUG Sep 18 14:58:09.630015338, watcher.go:72] Checking for runtime processes
[DEBUG Sep 18 14:59:09.629997625, watcher.go:72] Checking for runtime processes
[DEBUG Sep 18 15:00:09.630019384, watcher.go:72] Checking for runtime processes
[DEBUG Sep 18 15:01:09.630011620, watcher.go:72] Checking for runtime processes
[DEBUG Sep 18 15:02:09.630019367, watcher.go:72] Checking for runtime processes
[DEBUG Sep 18 15:03:09.630012458, watcher.go:72] Checking for runtime processes
[DEBUG Sep 18 15:04:09.630002262, watcher.go:72] Checking for runtime processes
[DEBUG Sep 18 15:05:09.630013181, watcher.go:72] Checking for runtime processes
[DEBUG Sep 18 15:06:09.630001761, watcher.go:72] Checking for runtime processes
[DEBUG Sep 18 15:07:09.630010269, watcher.go:72] Checking for runtime processes
[DEBUG Sep 18 15:08:09.629313626, watcher.go:72] Checking for runtime processes
[DEBUG Sep 18 15:09:09.629996440, watcher.go:72] Checking for runtime processes
[DEBUG Sep 18 15:10:09.629320870, watcher.go:72] Checking for runtime processes
[DEBUG Sep 18 15:11:09.630006275, watcher.go:72] Checking for runtime processes
[DEBUG Sep 18 15:12:09.630014229, watcher.go:72] Checking for runtime processes
[DEBUG Sep 18 15:13:09.630007712, watcher.go:72] Checking for runtime processes
[DEBUG Sep 18 15:14:09.630012054, watcher.go:72] Checking for runtime processes
[DEBUG Sep 18 15:15:09.630003739, watcher.go:72] Checking for runtime processes
[DEBUG Sep 18 15:16:09.630003947, watcher.go:72] Checking for runtime processes
[DEBUG Sep 18 15:17:09.629998737, watcher.go:72] Checking for runtime processes
[DEBUG Sep 18 15:18:09.630016138, watcher.go:72] Checking for runtime processes
[DEBUG Sep 18 15:19:09.630015950, watcher.go:72] Checking for runtime processes
[DEBUG Sep 18 15:20:09.630008327, watcher.go:72] Checking for runtime processes
[DEBUG Sep 18 15:21:09.629981230, watcher.go:72] Checking for runtime processes
[DEBUG Sep 18 15:22:09.630006996, watcher.go:72] Checking for runtime processes
[DEBUG Sep 18 15:23:09.629322739, watcher.go:72] Checking for runtime processes
[DEBUG Sep 18 15:24:09.630013388, watcher.go:72] Checking for runtime processes
[DEBUG Sep 18 15:25:09.629321305, watcher.go:72] Checking for runtime processes
[DEBUG Sep 18 15:26:09.629303305, watcher.go:72] Checking for runtime processes
[DEBUG Sep 18 15:27:09.630017426, watcher.go:72] Checking for runtime processes
[DEBUG Sep 18 15:28:09.630001065, watcher.go:72] Checking for runtime processes
[DEBUG Sep 18 15:29:09.630011961, watcher.go:72] Checking for runtime processes
[DEBUG Sep 18 15:30:09.630003169, watcher.go:72] Checking for runtime processes
[DEBUG Sep 18 15:31:09.630003609, watcher.go:72] Checking for runtime processes
[DEBUG Sep 18 15:32:09.630004358, watcher.go:72] Checking for runtime processes
[DEBUG Sep 18 15:33:09.629998362, watcher.go:72] Checking for runtime processes
[DEBUG Sep 18 15:34:09.630001512, watcher.go:72] Checking for runtime processes
[DEBUG Sep 18 15:35:09.630004467, watcher.go:72] Checking for runtime processes
[DEBUG Sep 18 15:36:09.629996488, watcher.go:72] Checking for runtime processes
[DEBUG Sep 18 15:37:09.630012640, watcher.go:72] Checking for runtime processes
[DEBUG Sep 18 15:38:09.629323662, watcher.go:72] Checking for runtime processes
[DEBUG Sep 18 15:39:09.630015138, watcher.go:72] Checking for runtime processes
[DEBUG Sep 18 15:40:09.629317675, watcher.go:72] Checking for runtime processes
[DEBUG Sep 18 15:41:09.630020527, watcher.go:72] Checking for runtime processes
[DEBUG Sep 18 15:42:09.630004309, watcher.go:72] Checking for runtime processes
[DEBUG Sep 18 15:43:09.630004187, watcher.go:72] Checking for runtime processes
[DEBUG Sep 18 15:44:09.630001408, watcher.go:72] Checking for runtime processes
[DEBUG Sep 18 15:45:09.629999362, watcher.go:72] Checking for runtime processes
[DEBUG Sep 18 15:46:09.630006186, watcher.go:72] Checking for runtime processes
[DEBUG Sep 18 15:47:09.630016746, watcher.go:72] Checking for runtime processes
[DEBUG Sep 18 15:48:09.630027709, watcher.go:72] Checking for runtime processes
[DEBUG Sep 18 15:49:09.630019560, watcher.go:72] Checking for runtime processes
[DEBUG Sep 18 15:50:09.630013923, watcher.go:72] Checking for runtime processes
[DEBUG Sep 18 15:51:09.629994740, watcher.go:72] Checking for runtime processes
[DEBUG Sep 18 15:52:09.630054630, watcher.go:72] Checking for runtime processes
[DEBUG Sep 18 15:53:09.629323003, watcher.go:72] Checking for runtime processes
[DEBUG Sep 18 15:54:09.630009112, watcher.go:72] Checking for runtime processes
[DEBUG Sep 18 15:55:09.629317845, watcher.go:72] Checking for runtime processes
[DEBUG Sep 18 15:56:09.630008292, watcher.go:72] Checking for runtime processes
[DEBUG Sep 18 15:57:09.630015170, watcher.go:72] Checking for runtime processes
[DEBUG Sep 18 15:58:09.630019274, watcher.go:72] Checking for runtime processes
[DEBUG Sep 18 15:59:09.630012820, watcher.go:72] Checking for runtime processes
[DEBUG Sep 18 16:00:09.630002215, watcher.go:72] Checking for runtime processes
[DEBUG Sep 18 16:01:09.630015536, watcher.go:72] Checking for runtime processes
[DEBUG Sep 18 16:02:09.630009907, watcher.go:72] Checking for runtime processes
[DEBUG Sep 18 16:03:09.630024210, watcher.go:72] Checking for runtime processes
[DEBUG Sep 18 16:04:09.630015947, watcher.go:72] Checking for runtime processes
[DEBUG Sep 18 16:05:09.630001619, watcher.go:72] Checking for runtime processes
[DEBUG Sep 18 16:06:09.629984614, watcher.go:72] Checking for runtime processes
[DEBUG Sep 18 16:07:09.630003487, watcher.go:72] Checking for runtime processes
[DEBUG Sep 18 16:08:09.629315430, watcher.go:72] Checking for runtime processes
[DEBUG Sep 18 16:09:09.630011645, watcher.go:72] Checking for runtime processes
[DEBUG Sep 18 16:10:09.629319820, watcher.go:72] Checking for runtime processes
[DEBUG Sep 18 16:11:09.630030576, watcher.go:72] Checking for runtime processes
[DEBUG Sep 18 16:12:09.630014336, watcher.go:72] Checking for runtime processes
[DEBUG Sep 18 16:13:09.630012029, watcher.go:72] Checking for runtime processes
[DEBUG Sep 18 16:14:09.630010260, watcher.go:72] Checking for runtime processes
[DEBUG Sep 18 16:15:09.630017017, watcher.go:72] Checking for runtime processes
[DEBUG Sep 18 16:16:09.630016714, watcher.go:72] Checking for runtime processes
[DEBUG Sep 18 16:17:09.630006618, watcher.go:72] Checking for runtime processes
[DEBUG Sep 18 16:18:09.630015314, watcher.go:72] Checking for runtime processes
[DEBUG Sep 18 16:19:09.630040023, watcher.go:72] Checking for runtime processes
[DEBUG Sep 18 16:20:09.630006634, watcher.go:72] Checking for runtime processes
[DEBUG Sep 18 16:21:09.629994489, watcher.go:72] Checking for runtime processes
[DEBUG Sep 18 16:22:09.630014687, watcher.go:72] Checking for runtime processes
[DEBUG Sep 18 16:23:09.629330729, watcher.go:72] Checking for runtime processes
[DEBUG Sep 18 16:24:09.630019703, watcher.go:72] Checking for runtime processes
[DEBUG Sep 18 16:25:09.629319922, watcher.go:72] Checking for runtime processes
[DEBUG Sep 18 16:26:09.630015384, watcher.go:72] Checking for runtime processes
[DEBUG Sep 18 16:27:09.630010908, watcher.go:72] Checking for runtime processes
[DEBUG Sep 18 16:28:09.630019847, watcher.go:72] Checking for runtime processes
[DEBUG Sep 18 16:29:09.629994954, watcher.go:72] Checking for runtime processes
[DEBUG Sep 18 16:30:09.629296881, watcher.go:72] Checking for runtime processes
[DEBUG Sep 18 16:31:09.630014174, watcher.go:72] Checking for runtime processes
[DEBUG Sep 18 16:32:09.630005808, watcher.go:72] Checking for runtime processes
[DEBUG Sep 18 16:33:09.630018746, watcher.go:72] Checking for runtime processes
[DEBUG Sep 18 16:34:09.629289959, watcher.go:72] Checking for runtime processes
[DEBUG Sep 18 16:35:09.630002045, watcher.go:72] Checking for runtime processes
[DEBUG Sep 18 16:36:09.629990462, watcher.go:72] Checking for runtime processes
[DEBUG Sep 18 16:37:09.629999123, watcher.go:72] Checking for runtime processes
[DEBUG Sep 18 16:38:09.629327427, watcher.go:72] Checking for runtime processes
[DEBUG Sep 18 16:39:09.630000301, watcher.go:72] Checking for runtime processes
[DEBUG Sep 18 16:40:09.629292082, watcher.go:72] Checking for runtime processes
[DEBUG Sep 18 16:41:09.630005505, watcher.go:72] Checking for runtime processes
[DEBUG Sep 18 16:42:09.630002811, watcher.go:72] Checking for runtime processes
[DEBUG Sep 18 16:43:09.629999210, watcher.go:72] Checking for runtime processes
[DEBUG Sep 18 16:44:09.630009775, watcher.go:72] Checking for runtime processes
[DEBUG Sep 18 16:45:09.630001006, watcher.go:72] Checking for runtime processes
[DEBUG Sep 18 16:46:09.630016397, watcher.go:72] Checking for runtime processes
[DEBUG Sep 18 16:47:09.629998344, watcher.go:72] Checking for runtime processes
[DEBUG Sep 18 16:48:09.629997356, watcher.go:72] Checking for runtime processes
[DEBUG Sep 18 16:49:09.630006991, watcher.go:72] Checking for runtime processes
[DEBUG Sep 18 16:50:09.630006690, watcher.go:72] Checking for runtime processes
[DEBUG Sep 18 16:51:09.630002795, watcher.go:72] Checking for runtime processes
[DEBUG Sep 18 16:52:09.629995703, watcher.go:72] Checking for runtime processes
[DEBUG Sep 18 16:53:09.629324612, watcher.go:72] Checking for runtime processes
[DEBUG Sep 18 16:54:09.630003255, watcher.go:72] Checking for runtime processes
[DEBUG Sep 18 16:55:09.629320060, watcher.go:72] Checking for runtime processes
[DEBUG Sep 18 16:56:09.630005500, watcher.go:72] Checking for runtime processes
[DEBUG Sep 18 16:57:09.629998505, watcher.go:72] Checking for runtime processes
[DEBUG Sep 18 16:58:09.630016052, watcher.go:72] Checking for runtime processes
[DEBUG Sep 18 16:59:09.630002105, watcher.go:72] Checking for runtime processes
[DEBUG Sep 18 17:00:09.630002562, watcher.go:72] Checking for runtime processes
[DEBUG Sep 18 17:01:09.630009157, watcher.go:72] Checking for runtime processes
[DEBUG Sep 18 17:02:09.630017134, watcher.go:72] Checking for runtime processes
[DEBUG Sep 18 17:03:09.630000493, watcher.go:72] Checking for runtime processes
[DEBUG Sep 18 17:04:09.630004892, watcher.go:72] Checking for runtime processes
[DEBUG Sep 18 17:05:09.630015744, watcher.go:72] Checking for runtime processes
[DEBUG Sep 18 17:06:09.629999682, watcher.go:72] Checking for runtime processes
[DEBUG Sep 18 17:07:09.629999604, watcher.go:72] Checking for runtime processes
[DEBUG Sep 18 17:08:09.629315225, watcher.go:72] Checking for runtime processes
[DEBUG Sep 18 17:09:09.630016303, watcher.go:72] Checking for runtime processes
[DEBUG Sep 18 17:10:09.629317586, watcher.go:72] Checking for runtime processes
[DEBUG Sep 18 17:11:09.630007180, watcher.go:72] Checking for runtime processes
[DEBUG Sep 18 17:12:09.630006614, watcher.go:72] Checking for runtime processes
[DEBUG Sep 18 17:13:09.630012438, watcher.go:72] Checking for runtime processes
[DEBUG Sep 18 17:14:09.630011786, watcher.go:72] Checking for runtime processes
[DEBUG Sep 18 17:15:09.630019637, watcher.go:72] Checking for runtime processes
[DEBUG Sep 18 17:16:09.630016881, watcher.go:72] Checking for runtime processes
[DEBUG Sep 18 17:17:09.629305553, watcher.go:72] Checking for runtime processes
[DEBUG Sep 18 17:18:09.630004460, watcher.go:72] Checking for runtime processes
[DEBUG Sep 18 17:19:09.629299210, watcher.go:72] Checking for runtime processes
[DEBUG Sep 18 17:20:09.630012775, watcher.go:72] Checking for runtime processes
[DEBUG Sep 18 17:21:09.629993443, watcher.go:72] Checking for runtime processes
[DEBUG Sep 18 17:22:09.630011557, watcher.go:72] Checking for runtime processes
[DEBUG Sep 18 17:23:09.629325572, watcher.go:72] Checking for runtime processes
[DEBUG Sep 18 17:24:09.630010164, watcher.go:72] Checking for runtime processes
[DEBUG Sep 18 17:25:09.629340835, watcher.go:72] Checking for runtime processes
[DEBUG Sep 18 17:26:09.630031368, watcher.go:72] Checking for runtime processes
[DEBUG Sep 18 17:27:09.630002828, watcher.go:72] Checking for runtime processes
[DEBUG Sep 18 17:28:09.630013675, watcher.go:72] Checking for runtime processes
[DEBUG Sep 18 17:29:09.630017067, watcher.go:72] Checking for runtime processes
[DEBUG Sep 18 17:30:09.630005882, watcher.go:72] Checking for runtime processes
[DEBUG Sep 18 17:31:09.630011251, watcher.go:72] Checking for runtime processes
[DEBUG Sep 18 17:32:09.630077796, watcher.go:72] Checking for runtime processes
[DEBUG Sep 18 17:33:09.630010350, watcher.go:72] Checking for runtime processes
[DEBUG Sep 18 17:34:09.630008098, watcher.go:72] Checking for runtime processes
[DEBUG Sep 18 17:35:09.630011478, watcher.go:72] Checking for runtime processes
[DEBUG Sep 18 17:36:09.629989983, watcher.go:72] Checking for runtime processes
[DEBUG Sep 18 17:37:09.629997914, watcher.go:72] Checking for runtime processes
[DEBUG Sep 18 17:38:09.629325014, watcher.go:72] Checking for runtime processes
[DEBUG Sep 18 17:39:09.630014947, watcher.go:72] Checking for runtime processes
[DEBUG Sep 18 17:40:09.629320870, watcher.go:72] Checking for runtime processes
[DEBUG Sep 18 17:41:09.630039367, watcher.go:72] Checking for runtime processes
[DEBUG Sep 18 17:42:09.630005693, watcher.go:72] Checking for runtime processes
[DEBUG Sep 18 17:43:09.630011221, watcher.go:72] Checking for runtime processes
[DEBUG Sep 18 17:44:09.630019502, watcher.go:72] Checking for runtime processes
[DEBUG Sep 18 17:45:09.630008254, watcher.go:72] Checking for runtime processes
[DEBUG Sep 18 17:46:09.630077221, watcher.go:72] Checking for runtime processes
[DEBUG Sep 18 17:47:09.630012884, watcher.go:72] Checking for runtime processes
[DEBUG Sep 18 17:48:09.630005318, watcher.go:72] Checking for runtime processes
[DEBUG Sep 18 17:49:09.630014310, watcher.go:72] Checking for runtime processes
[DEBUG Sep 18 17:50:09.630046670, watcher.go:72] Checking for runtime processes
[DEBUG Sep 18 17:51:09.629996692, watcher.go:72] Checking for runtime processes
[DEBUG Sep 18 17:52:09.630008585, watcher.go:72] Checking for runtime processes
[DEBUG Sep 18 17:53:09.629323745, watcher.go:72] Checking for runtime processes
[DEBUG Sep 18 17:54:09.630019682, watcher.go:72] Checking for runtime processes
[DEBUG Sep 18 17:55:09.629320305, watcher.go:72] Checking for runtime processes
[DEBUG Sep 18 17:56:09.630011970, watcher.go:72] Checking for runtime processes
[DEBUG Sep 18 17:57:09.630014768, watcher.go:72] Checking for runtime processes
[DEBUG Sep 18 17:58:09.630009629, watcher.go:72] Checking for runtime processes
[DEBUG Sep 18 17:59:09.630006443, watcher.go:72] Checking for runtime processes
[DEBUG Sep 18 18:00:09.630009008, watcher.go:72] Checking for runtime processes
[DEBUG Sep 18 18:01:09.630007584, watcher.go:72] Checking for runtime processes
[DEBUG Sep 18 18:02:09.630014951, watcher.go:72] Checking for runtime processes
[DEBUG Sep 18 18:03:09.630005046, watcher.go:72] Checking for runtime processes
[DEBUG Sep 18 18:04:09.630013258, watcher.go:72] Checking for runtime processes
[DEBUG Sep 18 18:05:09.630070599, watcher.go:72] Checking for runtime processes
[DEBUG Sep 18 18:06:09.629995630, watcher.go:72] Checking for runtime processes
[DEBUG Sep 18 18:07:09.630024692, watcher.go:72] Checking for runtime processes
[DEBUG Sep 18 18:08:09.629315959, watcher.go:72] Checking for runtime processes
[DEBUG Sep 18 18:09:09.630005993, watcher.go:72] Checking for runtime processes
[DEBUG Sep 18 18:10:09.629277596, watcher.go:72] Checking for runtime processes
[DEBUG Sep 18 18:11:09.630023996, watcher.go:72] Checking for runtime processes
[DEBUG Sep 18 18:12:09.630015029, watcher.go:72] Checking for runtime processes
[DEBUG Sep 18 18:13:09.630017543, watcher.go:72] Checking for runtime processes
[DEBUG Sep 18 18:14:09.630012515, watcher.go:72] Checking for runtime processes
[DEBUG Sep 18 18:15:09.630025086, watcher.go:72] Checking for runtime processes
[DEBUG Sep 18 18:16:09.630028339, watcher.go:72] Checking for runtime processes
[DEBUG Sep 18 18:17:09.630017124, watcher.go:72] Checking for runtime processes
[DEBUG Sep 18 18:18:09.630040842, watcher.go:72] Checking for runtime processes
[DEBUG Sep 18 18:19:09.630030032, watcher.go:72] Checking for runtime processes
[DEBUG Sep 18 18:20:09.630010683, watcher.go:72] Checking for runtime processes
[DEBUG Sep 18 18:21:09.629998381, watcher.go:72] Checking for runtime processes
[DEBUG Sep 18 18:22:09.630016931, watcher.go:72] Checking for runtime processes
[DEBUG Sep 18 18:23:09.629329129, watcher.go:72] Checking for runtime processes
[DEBUG Sep 18 18:24:09.630014265, watcher.go:72] Checking for runtime processes
[DEBUG Sep 18 18:25:09.629325160, watcher.go:72] Checking for runtime processes
[DEBUG Sep 18 18:26:09.630027456, watcher.go:72] Checking for runtime processes
[DEBUG Sep 18 18:27:09.630035587, watcher.go:72] Checking for runtime processes
[DEBUG Sep 18 18:28:09.630019223, watcher.go:72] Checking for runtime processes
[DEBUG Sep 18 18:29:09.630012820, watcher.go:72] Checking for runtime processes
[DEBUG Sep 18 18:30:09.630037418, watcher.go:72] Checking for runtime processes
[DEBUG Sep 18 18:31:09.630014067, watcher.go:72] Checking for runtime processes
[DEBUG Sep 18 18:32:09.630085086, watcher.go:72] Checking for runtime processes
[DEBUG Sep 18 18:33:09.630013368, watcher.go:72] Checking for runtime processes
[DEBUG Sep 18 18:34:09.630014802, watcher.go:72] Checking for runtime processes
[DEBUG Sep 18 18:35:09.630020401, watcher.go:72] Checking for runtime processes
[DEBUG Sep 18 18:36:09.630015448, watcher.go:72] Checking for runtime processes
[DEBUG Sep 18 18:37:09.630024062, watcher.go:72] Checking for runtime processes
[DEBUG Sep 18 18:38:09.629328115, watcher.go:72] Checking for runtime processes
[DEBUG Sep 18 18:39:09.630017188, watcher.go:72] Checking for runtime processes
[DEBUG Sep 18 18:40:09.629320457, watcher.go:72] Checking for runtime processes
[DEBUG Sep 18 18:41:09.630014951, watcher.go:72] Checking for runtime processes
[DEBUG Sep 18 18:42:09.630013628, watcher.go:72] Checking for runtime processes
[DEBUG Sep 18 18:43:09.630014323, watcher.go:72] Checking for runtime processes
[DEBUG Sep 18 18:44:09.630013873, watcher.go:72] Checking for runtime processes
[DEBUG Sep 18 18:45:09.630012984, watcher.go:72] Checking for runtime processes
[DEBUG Sep 18 18:46:09.630026844, watcher.go:72] Checking for runtime processes
[DEBUG Sep 18 18:47:09.630015166, watcher.go:72] Checking for runtime processes
[DEBUG Sep 18 18:48:09.630018067, watcher.go:72] Checking for runtime processes
[DEBUG Sep 18 18:49:09.630030071, watcher.go:72] Checking for runtime processes
[DEBUG Sep 18 18:50:09.630014256, watcher.go:72] Checking for runtime processes
[DEBUG Sep 18 18:51:09.630010496, watcher.go:72] Checking for runtime processes
