[DEBUG Sep 18 00:36:27.414414946, defaults.go:273] Args: [/home1/wangfeim/.local/ActiveState/StateTool/release/bin/state-svc foreground]
[DEBUG Sep 18 00:36:27.428218213, locale.go:38] Init
[DEBUG Sep 18 00:36:27.459025591, errs.go:68] Created error: File could not be found
[DEBUG Sep 18 00:36:27.462090545, errs.go:68] Created error: Not Recognized
[DEBUG Sep 18 00:36:27.485701338, errs.go:68] Created error: Secret not found
[DEBUG Sep 18 00:36:27.485765087, errs.go:68] Created error: Could not save keypair
[DEBUG Sep 18 00:36:27.486034399, errs.go:68] Created error: Build responded with error
[DEBUG Sep 18 00:36:27.486072842, errs.go:68] Created error: Unknown build type
[DEBUG Sep 18 00:36:27.486226074, errors.go:86] Wrapped localized error: <nil> -- with: The installed version of the State Tool Service does not match that of the client.
Please stop the service with [ACTIONABLE]state-svc stop[/RESET] and try your command again.
If this issue persists please reinstall the State Tool.

[DEBUG Sep 18 00:36:27.486244378, errs.go:68] Created error: no data
[DEBUG Sep 18 00:36:27.486407805, errs.go:68] Created error: member not found
[DEBUG Sep 18 00:36:27.486444102, errs.go:68] Created error: Commit count is unknowable
[DEBUG Sep 18 00:36:27.486475419, errs.go:68] Created error: No merge required
[DEBUG Sep 18 00:36:27.486504393, errs.go:68] Created error: Can't merge commit thats already in target commits history
[DEBUG Sep 18 00:36:27.486537865, errs.go:68] Created error: Bad expander name
[DEBUG Sep 18 00:36:27.486568570, errs.go:68] Created error: Expander has no handler
[DEBUG Sep 18 00:36:27.492816815, errs.go:68] Created error: Service is already running
[DEBUG Sep 18 00:36:27.524822588, secrets.go:35] Gcloud Secretmanager failed to initialize (ignore if you're not trying to use gcloud): google: could not find default credentials. See https://developers.google.com/accounts/docs/application-default-credentials for more information.
[DEBUG Sep 18 00:36:27.528086398, output.go:53] Requested outputer for 
[DEBUG Sep 18 00:36:27.528103922, output.go:58] Using Plain outputer
[DEBUG Sep 18 00:36:27.528158910, termutils.go:17] Cannot get terminal size: inappropriate ioctl for device
[DEBUG Sep 18 00:36:27.528253088, main.go:137] Running CmdForeground
[DEBUG Sep 18 00:36:27.528264589, main.go:147] Running in Foreground
[DEBUG Sep 18 00:36:27.528299761, client.go:128] Reporting event to 2 reporters: run-command, state-svc foreground, 
[DEBUG Sep 18 00:36:27.528493106, service.go:30] service:Start
[DEBUG Sep 18 00:36:27.533303665, service.go:42] Server starting on port: 41337
[DEBUG Sep 18 00:36:27.533365417, client.go:128] Reporting event to 2 reporters: state-svc, start, 
[DEBUG Sep 18 00:36:27.560335672, resolver.go:57] Version resolver
[DEBUG Sep 18 00:36:27.560776572, client.go:128] Reporting event to 2 reporters: state-svc, endpoint, Version
[DEBUG Sep 18 00:36:27.563222395, resolver.go:57] Version resolver
[DEBUG Sep 18 00:36:27.563324906, client.go:128] Reporting event to 2 reporters: state-svc, endpoint, Version
[DEBUG Sep 18 00:36:27.563506752, resolver.go:57] Version resolver
[DEBUG Sep 18 00:36:27.563584860, client.go:128] Reporting event to 2 reporters: state-svc, endpoint, Version
[DEBUG Sep 18 00:36:27.563723788, resolver.go:57] Version resolver
[DEBUG Sep 18 00:36:27.563796232, client.go:128] Reporting event to 2 reporters: state-svc, endpoint, Version
[DEBUG Sep 18 00:36:27.579120519, resolver.go:121] Analytics event resolver
[DEBUG Sep 18 00:36:27.579446503, client.go:128] Reporting event to 2 reporters: runtime, success, 
[DEBUG Sep 18 00:36:27.579793289, resolver.go:121] Analytics event resolver
[DEBUG Sep 18 00:36:27.580006319, client.go:128] Reporting event to 2 reporters: run-command, exec, 
[DEBUG Sep 18 00:36:27.580366359, resolver.go:121] Analytics event resolver
[DEBUG Sep 18 00:36:27.581639159, client.go:128] Reporting event to 2 reporters: runtime, start, 
[DEBUG Sep 18 00:36:27.599453760, resolver.go:121] Analytics event resolver
[DEBUG Sep 18 00:36:27.599747525, client.go:128] Reporting event to 2 reporters: runtime, cache, 
[DEBUG Sep 18 00:37:27.534326272, watcher.go:72] Checking for runtime processes
[DEBUG Sep 18 00:38:27.534484768, watcher.go:72] Checking for runtime processes
[DEBUG Sep 18 00:39:27.534360181, watcher.go:72] Checking for runtime processes
[DEBUG Sep 18 00:40:27.534430357, watcher.go:72] Checking for runtime processes
[DEBUG Sep 18 00:41:27.534353033, watcher.go:72] Checking for runtime processes
[DEBUG Sep 18 00:42:27.534401888, watcher.go:72] Checking for runtime processes
[DEBUG Sep 18 00:43:27.534589520, watcher.go:72] Checking for runtime processes
[DEBUG Sep 18 00:44:27.534421093, watcher.go:72] Checking for runtime processes
[DEBUG Sep 18 00:45:27.534526979, watcher.go:72] Checking for runtime processes
[DEBUG Sep 18 00:46:27.533662443, watcher.go:72] Checking for runtime processes
[DEBUG Sep 18 00:47:27.534391434, watcher.go:72] Checking for runtime processes
[DEBUG Sep 18 00:48:27.534298947, watcher.go:72] Checking for runtime processes
[DEBUG Sep 18 00:49:27.533627288, watcher.go:72] Checking for runtime processes
[DEBUG Sep 18 00:50:27.534434079, watcher.go:72] Checking for runtime processes
[DEBUG Sep 18 00:51:27.533619875, watcher.go:72] Checking for runtime processes
[DEBUG Sep 18 00:52:27.534532022, watcher.go:72] Checking for runtime processes
[DEBUG Sep 18 00:53:27.534203835, watcher.go:72] Checking for runtime processes
[DEBUG Sep 18 00:54:27.534220623, watcher.go:72] Checking for runtime processes
[DEBUG Sep 18 00:55:27.534388049, watcher.go:72] Checking for runtime processes
[DEBUG Sep 18 00:56:27.533586769, watcher.go:72] Checking for runtime processes
[DEBUG Sep 18 00:57:27.534144816, watcher.go:72] Checking for runtime processes
[DEBUG Sep 18 00:58:27.534196556, watcher.go:72] Checking for runtime processes
[DEBUG Sep 18 00:59:27.534307089, watcher.go:72] Checking for runtime processes
[DEBUG Sep 18 01:00:27.534544789, watcher.go:72] Checking for runtime processes
[DEBUG Sep 18 01:01:27.534139725, watcher.go:72] Checking for runtime processes
[DEBUG Sep 18 01:02:27.534391199, watcher.go:72] Checking for runtime processes
[DEBUG Sep 18 01:03:27.534513221, watcher.go:72] Checking for runtime processes
[DEBUG Sep 18 01:04:27.533621025, watcher.go:72] Checking for runtime processes
[DEBUG Sep 18 01:05:27.534247839, watcher.go:72] Checking for runtime processes
[DEBUG Sep 18 01:06:27.533617059, watcher.go:72] Checking for runtime processes
[DEBUG Sep 18 01:07:27.534350774, watcher.go:72] Checking for runtime processes
[DEBUG Sep 18 01:08:27.534607435, watcher.go:72] Checking for runtime processes
[DEBUG Sep 18 01:09:27.534203633, watcher.go:72] Checking for runtime processes
[DEBUG Sep 18 01:10:27.534121330, watcher.go:72] Checking for runtime processes
[DEBUG Sep 18 01:11:27.534356753, watcher.go:72] Checking for runtime processes
[DEBUG Sep 18 01:12:27.534155721, watcher.go:72] Checking for runtime processes
[DEBUG Sep 18 01:13:27.534511713, watcher.go:72] Checking for runtime processes
[DEBUG Sep 18 01:14:27.534151193, watcher.go:72] Checking for runtime processes
[DEBUG Sep 18 01:15:27.534144626, watcher.go:72] Checking for runtime processes
[DEBUG Sep 18 01:16:27.534551726, watcher.go:72] Checking for runtime processes
[DEBUG Sep 18 01:17:27.534424375, watcher.go:72] Checking for runtime processes
[DEBUG Sep 18 01:18:27.534485656, watcher.go:72] Checking for runtime processes
[DEBUG Sep 18 01:19:27.534144248, watcher.go:72] Checking for runtime processes
[DEBUG Sep 18 01:20:27.534415721, watcher.go:72] Checking for runtime processes
[DEBUG Sep 18 01:21:27.533617910, watcher.go:72] Checking for runtime processes
[DEBUG Sep 18 01:22:27.534422798, watcher.go:72] Checking for runtime processes
[DEBUG Sep 18 01:23:27.534315061, watcher.go:72] Checking for runtime processes
[DEBUG Sep 18 01:24:27.534274322, watcher.go:72] Checking for runtime processes
[DEBUG Sep 18 01:25:27.534342808, watcher.go:72] Checking for runtime processes
[DEBUG Sep 18 01:26:27.534717840, watcher.go:72] Checking for runtime processes
[DEBUG Sep 18 01:27:27.534486805, watcher.go:72] Checking for runtime processes
[DEBUG Sep 18 01:28:27.534230236, watcher.go:72] Checking for runtime processes
[DEBUG Sep 18 01:29:27.534430696, watcher.go:72] Checking for runtime processes
[DEBUG Sep 18 01:30:27.534259478, watcher.go:72] Checking for runtime processes
[DEBUG Sep 18 01:31:27.534435643, watcher.go:72] Checking for runtime processes
[DEBUG Sep 18 01:32:27.534450108, watcher.go:72] Checking for runtime processes
[DEBUG Sep 18 01:33:27.534211657, watcher.go:72] Checking for runtime processes
[DEBUG Sep 18 01:34:27.533627053, watcher.go:72] Checking for runtime processes
[DEBUG Sep 18 01:35:27.534366885, watcher.go:72] Checking for runtime processes
[DEBUG Sep 18 01:36:27.533616744, watcher.go:72] Checking for runtime processes
[DEBUG Sep 18 01:37:27.534099662, watcher.go:72] Checking for runtime processes
[DEBUG Sep 18 01:38:27.534288777, watcher.go:72] Checking for runtime processes
[DEBUG Sep 18 01:39:27.534190170, watcher.go:72] Checking for runtime processes
[DEBUG Sep 18 01:40:27.534249333, watcher.go:72] Checking for runtime processes
[DEBUG Sep 18 01:41:27.534180289, watcher.go:72] Checking for runtime processes
[DEBUG Sep 18 01:42:27.534336738, watcher.go:72] Checking for runtime processes
[DEBUG Sep 18 01:43:27.534268813, watcher.go:72] Checking for runtime processes
[DEBUG Sep 18 01:44:27.534254635, watcher.go:72] Checking for runtime processes
[DEBUG Sep 18 01:45:27.533614829, watcher.go:72] Checking for runtime processes
[DEBUG Sep 18 01:46:27.534206192, watcher.go:72] Checking for runtime processes
[DEBUG Sep 18 01:47:27.534541467, watcher.go:72] Checking for runtime processes
[DEBUG Sep 18 01:48:27.534551724, watcher.go:72] Checking for runtime processes
[DEBUG Sep 18 01:49:27.533780487, watcher.go:72] Checking for runtime processes
[DEBUG Sep 18 01:50:27.534320617, watcher.go:72] Checking for runtime processes
[DEBUG Sep 18 01:51:27.533624123, watcher.go:72] Checking for runtime processes
[DEBUG Sep 18 01:52:27.534495742, watcher.go:72] Checking for runtime processes
[DEBUG Sep 18 01:53:27.534181271, watcher.go:72] Checking for runtime processes
[DEBUG Sep 18 01:54:27.534322012, watcher.go:72] Checking for runtime processes
[DEBUG Sep 18 01:55:27.533690329, watcher.go:72] Checking for runtime processes
[DEBUG Sep 18 01:56:27.534243382, watcher.go:72] Checking for runtime processes
[DEBUG Sep 18 01:57:27.534493721, watcher.go:72] Checking for runtime processes
[DEBUG Sep 18 01:58:27.533569769, watcher.go:72] Checking for runtime processes
[DEBUG Sep 18 01:59:27.534232394, watcher.go:72] Checking for runtime processes
[DEBUG Sep 18 02:00:27.533631953, watcher.go:72] Checking for runtime processes
[DEBUG Sep 18 02:01:27.534347071, watcher.go:72] Checking for runtime processes
[DEBUG Sep 18 02:02:27.534498490, watcher.go:72] Checking for runtime processes
[DEBUG Sep 18 02:03:27.534252163, watcher.go:72] Checking for runtime processes
[DEBUG Sep 18 02:04:27.533685528, watcher.go:72] Checking for runtime processes
[DEBUG Sep 18 02:05:27.534450199, watcher.go:72] Checking for runtime processes
[DEBUG Sep 18 02:06:27.533619550, watcher.go:72] Checking for runtime processes
[DEBUG Sep 18 02:07:27.534675681, watcher.go:72] Checking for runtime processes
[DEBUG Sep 18 02:08:27.534272700, watcher.go:72] Checking for runtime processes
[DEBUG Sep 18 02:09:27.534309748, watcher.go:72] Checking for runtime processes
[DEBUG Sep 18 02:10:27.534285133, watcher.go:72] Checking for runtime processes
[DEBUG Sep 18 02:11:27.534277562, watcher.go:72] Checking for runtime processes
[DEBUG Sep 18 02:12:27.534182123, watcher.go:72] Checking for runtime processes
[DEBUG Sep 18 02:13:27.534387540, watcher.go:72] Checking for runtime processes
[DEBUG Sep 18 02:14:27.534370796, watcher.go:72] Checking for runtime processes
[DEBUG Sep 18 02:15:27.534371074, watcher.go:72] Checking for runtime processes
[DEBUG Sep 18 02:16:27.534171418, watcher.go:72] Checking for runtime processes
[DEBUG Sep 18 02:17:27.533570119, watcher.go:72] Checking for runtime processes
[DEBUG Sep 18 02:18:27.534268398, watcher.go:72] Checking for runtime processes
[DEBUG Sep 18 02:19:27.533765508, watcher.go:72] Checking for runtime processes
[DEBUG Sep 18 02:20:27.534191447, watcher.go:72] Checking for runtime processes
[DEBUG Sep 18 02:21:27.533623032, watcher.go:72] Checking for runtime processes
[DEBUG Sep 18 02:22:27.534297985, watcher.go:72] Checking for runtime processes
[DEBUG Sep 18 02:23:27.534208393, watcher.go:72] Checking for runtime processes
[DEBUG Sep 18 02:24:27.534575169, watcher.go:72] Checking for runtime processes
[DEBUG Sep 18 02:25:27.534186161, watcher.go:72] Checking for runtime processes
[DEBUG Sep 18 02:26:27.534267948, watcher.go:72] Checking for runtime processes
[DEBUG Sep 18 02:27:27.534409563, watcher.go:72] Checking for runtime processes
[DEBUG Sep 18 02:28:27.534593988, watcher.go:72] Checking for runtime processes
[DEBUG Sep 18 02:29:27.534269892, watcher.go:72] Checking for runtime processes
[DEBUG Sep 18 02:30:27.534519229, watcher.go:72] Checking for runtime processes
[DEBUG Sep 18 02:31:27.534242109, watcher.go:72] Checking for runtime processes
[DEBUG Sep 18 02:32:27.534257446, watcher.go:72] Checking for runtime processes
[DEBUG Sep 18 02:33:27.534421112, watcher.go:72] Checking for runtime processes
[DEBUG Sep 18 02:34:27.533590379, watcher.go:72] Checking for runtime processes
[DEBUG Sep 18 02:35:27.534780861, watcher.go:72] Checking for runtime processes
[DEBUG Sep 18 02:36:27.533650548, watcher.go:72] Checking for runtime processes
[DEBUG Sep 18 02:37:27.534359375, watcher.go:72] Checking for runtime processes
[DEBUG Sep 18 02:38:27.534259021, watcher.go:72] Checking for runtime processes
[DEBUG Sep 18 02:39:27.534596781, watcher.go:72] Checking for runtime processes
[DEBUG Sep 18 02:40:27.533575677, watcher.go:72] Checking for runtime processes
[DEBUG Sep 18 02:41:27.534137631, watcher.go:72] Checking for runtime processes
[DEBUG Sep 18 02:42:27.534602929, watcher.go:72] Checking for runtime processes
[DEBUG Sep 18 02:43:27.534368245, watcher.go:72] Checking for runtime processes
[DEBUG Sep 18 02:44:27.534469702, watcher.go:72] Checking for runtime processes
[DEBUG Sep 18 02:45:27.533602814, watcher.go:72] Checking for runtime processes
[DEBUG Sep 18 02:46:27.534288744, watcher.go:72] Checking for runtime processes
[DEBUG Sep 18 02:47:27.534253694, watcher.go:72] Checking for runtime processes
[DEBUG Sep 18 02:48:27.534352599, watcher.go:72] Checking for runtime processes
[DEBUG Sep 18 02:49:27.534271090, watcher.go:72] Checking for runtime processes
[DEBUG Sep 18 02:50:27.534473107, watcher.go:72] Checking for runtime processes
[DEBUG Sep 18 02:51:27.533623481, watcher.go:72] Checking for runtime processes
[DEBUG Sep 18 02:52:27.534559462, watcher.go:72] Checking for runtime processes
[DEBUG Sep 18 02:53:27.533615542, watcher.go:72] Checking for runtime processes
[DEBUG Sep 18 02:54:27.534203796, watcher.go:72] Checking for runtime processes
[DEBUG Sep 18 02:55:27.534508376, watcher.go:72] Checking for runtime processes
[DEBUG Sep 18 02:56:27.534487788, watcher.go:72] Checking for runtime processes
[DEBUG Sep 18 02:57:27.534425609, watcher.go:72] Checking for runtime processes
[DEBUG Sep 18 02:58:27.534628080, watcher.go:72] Checking for runtime processes
[DEBUG Sep 18 02:59:27.534396055, watcher.go:72] Checking for runtime processes
[DEBUG Sep 18 03:00:27.534265788, watcher.go:72] Checking for runtime processes
[DEBUG Sep 18 03:01:27.534252733, watcher.go:72] Checking for runtime processes
[DEBUG Sep 18 03:02:27.534595194, watcher.go:72] Checking for runtime processes
[DEBUG Sep 18 03:03:27.534233364, watcher.go:72] Checking for runtime processes
[DEBUG Sep 18 03:04:27.534274384, watcher.go:72] Checking for runtime processes
[DEBUG Sep 18 03:05:27.534605718, watcher.go:72] Checking for runtime processes
[DEBUG Sep 18 03:06:27.533663006, watcher.go:72] Checking for runtime processes
[DEBUG Sep 18 03:07:27.534416660, watcher.go:72] Checking for runtime processes
[DEBUG Sep 18 03:08:27.533621573, watcher.go:72] Checking for runtime processes
[DEBUG Sep 18 03:09:27.534374575, watcher.go:72] Checking for runtime processes
[DEBUG Sep 18 03:10:27.534096873, watcher.go:72] Checking for runtime processes
[DEBUG Sep 18 03:11:27.534176058, watcher.go:72] Checking for runtime processes
[DEBUG Sep 18 03:12:27.534213768, watcher.go:72] Checking for runtime processes
[DEBUG Sep 18 03:13:27.534768312, watcher.go:72] Checking for runtime processes
[DEBUG Sep 18 03:14:27.534697581, watcher.go:72] Checking for runtime processes
[DEBUG Sep 18 03:15:27.534824492, watcher.go:72] Checking for runtime processes
[DEBUG Sep 18 03:16:27.534141380, watcher.go:72] Checking for runtime processes
[DEBUG Sep 18 03:17:27.534515156, watcher.go:72] Checking for runtime processes
[DEBUG Sep 18 03:18:27.534858845, watcher.go:72] Checking for runtime processes
[DEBUG Sep 18 03:19:27.534132086, watcher.go:72] Checking for runtime processes
[DEBUG Sep 18 03:20:27.534163597, watcher.go:72] Checking for runtime processes
[DEBUG Sep 18 03:21:27.533621537, watcher.go:72] Checking for runtime processes
[DEBUG Sep 18 03:22:27.534214850, watcher.go:72] Checking for runtime processes
[DEBUG Sep 18 03:23:27.533616359, watcher.go:72] Checking for runtime processes
[DEBUG Sep 18 03:24:27.534248184, watcher.go:72] Checking for runtime processes
[DEBUG Sep 18 03:25:27.534285104, watcher.go:72] Checking for runtime processes
[DEBUG Sep 18 03:26:27.534506721, watcher.go:72] Checking for runtime processes
[DEBUG Sep 18 03:27:27.534146506, watcher.go:72] Checking for runtime processes
[DEBUG Sep 18 03:28:27.534312253, watcher.go:72] Checking for runtime processes
[DEBUG Sep 18 03:29:27.534231411, watcher.go:72] Checking for runtime processes
[DEBUG Sep 18 03:30:27.534330830, watcher.go:72] Checking for runtime processes
[DEBUG Sep 18 03:31:27.534330610, watcher.go:72] Checking for runtime processes
[DEBUG Sep 18 03:32:27.534322762, watcher.go:72] Checking for runtime processes
[DEBUG Sep 18 03:33:27.534626323, watcher.go:72] Checking for runtime processes
[DEBUG Sep 18 03:34:27.534374341, watcher.go:72] Checking for runtime processes
[DEBUG Sep 18 03:35:27.534167419, watcher.go:72] Checking for runtime processes
[DEBUG Sep 18 03:36:27.533613561, watcher.go:72] Checking for runtime processes
[DEBUG Sep 18 03:37:27.534419945, watcher.go:72] Checking for runtime processes
[DEBUG Sep 18 03:38:27.533672643, watcher.go:72] Checking for runtime processes
[DEBUG Sep 18 03:39:27.534285826, watcher.go:72] Checking for runtime processes
[DEBUG Sep 18 03:40:27.534485575, watcher.go:72] Checking for runtime processes
[DEBUG Sep 18 03:41:27.534180335, watcher.go:72] Checking for runtime processes
[DEBUG Sep 18 03:42:27.534285109, watcher.go:72] Checking for runtime processes
[DEBUG Sep 18 03:43:27.534206923, watcher.go:72] Checking for runtime processes
[DEBUG Sep 18 03:44:27.534424143, watcher.go:72] Checking for runtime processes
[DEBUG Sep 18 03:45:27.534508502, watcher.go:72] Checking for runtime processes
[DEBUG Sep 18 03:46:27.534484415, watcher.go:72] Checking for runtime processes
[DEBUG Sep 18 03:47:27.534546171, watcher.go:72] Checking for runtime processes
[DEBUG Sep 18 03:48:27.534283165, watcher.go:72] Checking for runtime processes
[DEBUG Sep 18 03:49:27.534361885, watcher.go:72] Checking for runtime processes
[DEBUG Sep 18 03:50:27.534472662, watcher.go:72] Checking for runtime processes
[DEBUG Sep 18 03:51:27.533622116, watcher.go:72] Checking for runtime processes
[DEBUG Sep 18 03:52:27.534276569, watcher.go:72] Checking for runtime processes
[DEBUG Sep 18 03:53:27.533616183, watcher.go:72] Checking for runtime processes
[DEBUG Sep 18 03:54:27.534734119, watcher.go:72] Checking for runtime processes
[DEBUG Sep 18 03:55:27.534405906, watcher.go:72] Checking for runtime processes
[DEBUG Sep 18 03:56:27.534260219, watcher.go:72] Checking for runtime processes
[DEBUG Sep 18 03:57:27.534373806, watcher.go:72] Checking for runtime processes
[DEBUG Sep 18 03:58:27.534343641, watcher.go:72] Checking for runtime processes
[DEBUG Sep 18 03:59:27.534278431, watcher.go:72] Checking for runtime processes
[DEBUG Sep 18 04:00:27.534393078, watcher.go:72] Checking for runtime processes
[DEBUG Sep 18 04:01:27.534515870, watcher.go:72] Checking for runtime processes
[DEBUG Sep 18 04:02:27.534301063, watcher.go:72] Checking for runtime processes
[DEBUG Sep 18 04:03:27.534237473, watcher.go:72] Checking for runtime processes
[DEBUG Sep 18 04:04:27.534292465, watcher.go:72] Checking for runtime processes
[DEBUG Sep 18 04:05:27.534329194, watcher.go:72] Checking for runtime processes
[DEBUG Sep 18 04:06:27.533974493, watcher.go:72] Checking for runtime processes
[DEBUG Sep 18 04:07:27.534546029, watcher.go:72] Checking for runtime processes
[DEBUG Sep 18 04:08:27.533619406, watcher.go:72] Checking for runtime processes
[DEBUG Sep 18 04:09:27.534321235, watcher.go:72] Checking for runtime processes
[DEBUG Sep 18 04:10:27.534138983, watcher.go:72] Checking for runtime processes
[DEBUG Sep 18 04:11:27.534157929, watcher.go:72] Checking for runtime processes
[DEBUG Sep 18 04:12:27.533579639, watcher.go:72] Checking for runtime processes
[DEBUG Sep 18 04:13:27.534149043, watcher.go:72] Checking for runtime processes
[DEBUG Sep 18 04:14:27.534571778, watcher.go:72] Checking for runtime processes
[DEBUG Sep 18 04:15:27.534181067, watcher.go:72] Checking for runtime processes
[DEBUG Sep 18 04:16:27.534245394, watcher.go:72] Checking for runtime processes
[DEBUG Sep 18 04:17:27.534415630, watcher.go:72] Checking for runtime processes
[DEBUG Sep 18 04:18:27.534338054, watcher.go:72] Checking for runtime processes
[DEBUG Sep 18 04:19:27.534271035, watcher.go:72] Checking for runtime processes
[DEBUG Sep 18 04:20:27.534251540, watcher.go:72] Checking for runtime processes
[DEBUG Sep 18 04:21:27.534558513, watcher.go:72] Checking for runtime processes
[DEBUG Sep 18 04:22:27.534183170, watcher.go:72] Checking for runtime processes
[DEBUG Sep 18 04:23:27.533626150, watcher.go:72] Checking for runtime processes
[DEBUG Sep 18 04:24:27.534536947, watcher.go:72] Checking for runtime processes
[DEBUG Sep 18 04:25:27.533620787, watcher.go:72] Checking for runtime processes
[DEBUG Sep 18 04:26:27.533630044, watcher.go:72] Checking for runtime processes
[DEBUG Sep 18 04:27:27.534137364, watcher.go:72] Checking for runtime processes
[DEBUG Sep 18 04:28:27.534304672, watcher.go:72] Checking for runtime processes
[DEBUG Sep 18 04:29:27.534257090, watcher.go:72] Checking for runtime processes
[DEBUG Sep 18 04:30:27.534455355, watcher.go:72] Checking for runtime processes
[DEBUG Sep 18 04:31:27.534188687, watcher.go:72] Checking for runtime processes
[DEBUG Sep 18 04:32:27.534244191, watcher.go:72] Checking for runtime processes
[DEBUG Sep 18 04:33:27.534573275, watcher.go:72] Checking for runtime processes
[DEBUG Sep 18 04:34:27.534415755, watcher.go:72] Checking for runtime processes
[DEBUG Sep 18 04:35:27.534613769, watcher.go:72] Checking for runtime processes
[DEBUG Sep 18 04:36:27.534532969, watcher.go:72] Checking for runtime processes
[DEBUG Sep 18 04:37:27.534276701, watcher.go:72] Checking for runtime processes
[DEBUG Sep 18 04:38:27.533630794, watcher.go:72] Checking for runtime processes
[DEBUG Sep 18 04:39:27.534261809, watcher.go:72] Checking for runtime processes
[DEBUG Sep 18 04:40:27.533771213, watcher.go:72] Checking for runtime processes
[DEBUG Sep 18 04:41:27.534355192, watcher.go:72] Checking for runtime processes
[DEBUG Sep 18 04:42:27.534259279, watcher.go:72] Checking for runtime processes
[DEBUG Sep 18 04:43:27.534492665, watcher.go:72] Checking for runtime processes
[DEBUG Sep 18 04:44:27.534241745, watcher.go:72] Checking for runtime processes
[DEBUG Sep 18 04:45:27.534226176, watcher.go:72] Checking for runtime processes
[DEBUG Sep 18 04:46:27.534395058, watcher.go:72] Checking for runtime processes
[DEBUG Sep 18 04:47:27.534639612, watcher.go:72] Checking for runtime processes
[DEBUG Sep 18 04:48:27.534228668, watcher.go:72] Checking for runtime processes
[DEBUG Sep 18 04:49:27.534869447, watcher.go:72] Checking for runtime processes
[DEBUG Sep 18 04:50:27.534306077, watcher.go:72] Checking for runtime processes
[DEBUG Sep 18 04:51:27.534724704, watcher.go:72] Checking for runtime processes
[DEBUG Sep 18 04:52:27.534382452, watcher.go:72] Checking for runtime processes
[DEBUG Sep 18 04:53:27.533634955, watcher.go:72] Checking for runtime processes
[DEBUG Sep 18 04:54:27.534538837, watcher.go:72] Checking for runtime processes
[DEBUG Sep 18 04:55:27.533661437, watcher.go:72] Checking for runtime processes
[DEBUG Sep 18 04:56:27.534431138, watcher.go:72] Checking for runtime processes
[DEBUG Sep 18 04:57:27.534201990, watcher.go:72] Checking for runtime processes
[DEBUG Sep 18 04:58:27.534457176, watcher.go:72] Checking for runtime processes
[DEBUG Sep 18 04:59:27.534217908, watcher.go:72] Checking for runtime processes
[DEBUG Sep 18 05:00:27.534348564, watcher.go:72] Checking for runtime processes
[DEBUG Sep 18 05:01:27.534440151, watcher.go:72] Checking for runtime processes
[DEBUG Sep 18 05:02:27.534462598, watcher.go:72] Checking for runtime processes
[DEBUG Sep 18 05:03:27.534232474, watcher.go:72] Checking for runtime processes
[DEBUG Sep 18 05:04:27.534622531, watcher.go:72] Checking for runtime processes
[DEBUG Sep 18 05:05:27.534373153, watcher.go:72] Checking for runtime processes
[DEBUG Sep 18 05:06:27.534385354, watcher.go:72] Checking for runtime processes
[DEBUG Sep 18 05:07:27.534768945, watcher.go:72] Checking for runtime processes
[DEBUG Sep 18 05:08:27.533622346, watcher.go:72] Checking for runtime processes
[DEBUG Sep 18 05:09:27.534215686, watcher.go:72] Checking for runtime processes
[DEBUG Sep 18 05:10:27.533616675, watcher.go:72] Checking for runtime processes
[DEBUG Sep 18 05:11:27.534388232, watcher.go:72] Checking for runtime processes
[DEBUG Sep 18 05:12:27.534145622, watcher.go:72] Checking for runtime processes
[DEBUG Sep 18 05:13:27.534343974, watcher.go:72] Checking for runtime processes
[DEBUG Sep 18 05:14:27.534232348, watcher.go:72] Checking for runtime processes
[DEBUG Sep 18 05:15:27.534533906, watcher.go:72] Checking for runtime processes
[DEBUG Sep 18 05:16:27.534520004, watcher.go:72] Checking for runtime processes
[DEBUG Sep 18 05:17:27.534207937, watcher.go:72] Checking for runtime processes
[DEBUG Sep 18 05:18:27.534417394, watcher.go:72] Checking for runtime processes
[DEBUG Sep 18 05:19:27.534256889, watcher.go:72] Checking for runtime processes
[DEBUG Sep 18 05:20:27.534363791, watcher.go:72] Checking for runtime processes
[DEBUG Sep 18 05:21:27.534318925, watcher.go:72] Checking for runtime processes
[DEBUG Sep 18 05:22:27.534419339, watcher.go:72] Checking for runtime processes
[DEBUG Sep 18 05:23:27.533625403, watcher.go:72] Checking for runtime processes
[DEBUG Sep 18 05:24:27.534900459, watcher.go:72] Checking for runtime processes
[DEBUG Sep 18 05:25:27.533621043, watcher.go:72] Checking for runtime processes
[DEBUG Sep 18 05:26:27.534608148, watcher.go:72] Checking for runtime processes
[DEBUG Sep 18 05:27:27.534317444, watcher.go:72] Checking for runtime processes
[DEBUG Sep 18 05:28:27.534424495, watcher.go:72] Checking for runtime processes
[DEBUG Sep 18 05:29:27.534579959, watcher.go:72] Checking for runtime processes
[DEBUG Sep 18 05:30:27.534597201, watcher.go:72] Checking for runtime processes
[DEBUG Sep 18 05:31:27.534669299, watcher.go:72] Checking for runtime processes
[DEBUG Sep 18 05:32:27.534597932, watcher.go:72] Checking for runtime processes
[DEBUG Sep 18 05:33:27.533578747, watcher.go:72] Checking for runtime processes
[DEBUG Sep 18 05:34:27.534362007, watcher.go:72] Checking for runtime processes
[DEBUG Sep 18 05:35:27.534209213, watcher.go:72] Checking for runtime processes
[DEBUG Sep 18 05:36:27.534417430, watcher.go:72] Checking for runtime processes
[DEBUG Sep 18 05:37:27.534555191, watcher.go:72] Checking for runtime processes
[DEBUG Sep 18 05:38:27.533781517, watcher.go:72] Checking for runtime processes
[DEBUG Sep 18 05:39:27.534474014, watcher.go:72] Checking for runtime processes
[DEBUG Sep 18 05:40:27.533624520, watcher.go:72] Checking for runtime processes
[DEBUG Sep 18 05:41:27.534289571, watcher.go:72] Checking for runtime processes
[DEBUG Sep 18 05:42:27.534449049, watcher.go:72] Checking for runtime processes
[DEBUG Sep 18 05:43:27.534521128, watcher.go:72] Checking for runtime processes
[DEBUG Sep 18 05:44:27.534134573, watcher.go:72] Checking for runtime processes
[DEBUG Sep 18 05:45:27.534407153, watcher.go:72] Checking for runtime processes
[DEBUG Sep 18 05:46:27.534366197, watcher.go:72] Checking for runtime processes
[DEBUG Sep 18 05:47:27.534277671, watcher.go:72] Checking for runtime processes
[DEBUG Sep 18 05:48:27.534285681, watcher.go:72] Checking for runtime processes
[DEBUG Sep 18 05:49:27.534284142, watcher.go:72] Checking for runtime processes
[DEBUG Sep 18 05:50:27.534211955, watcher.go:72] Checking for runtime processes
[DEBUG Sep 18 05:51:27.534462909, watcher.go:72] Checking for runtime processes
[DEBUG Sep 18 05:52:27.534200313, watcher.go:72] Checking for runtime processes
[DEBUG Sep 18 05:53:27.533620584, watcher.go:72] Checking for runtime processes
[DEBUG Sep 18 05:54:27.534184877, watcher.go:72] Checking for runtime processes
[DEBUG Sep 18 05:55:27.533624575, watcher.go:72] Checking for runtime processes
[DEBUG Sep 18 05:56:27.534315070, watcher.go:72] Checking for runtime processes
[DEBUG Sep 18 05:57:27.534156047, watcher.go:72] Checking for runtime processes
[DEBUG Sep 18 05:58:27.534201838, watcher.go:72] Checking for runtime processes
[DEBUG Sep 18 05:59:27.534372459, watcher.go:72] Checking for runtime processes
[DEBUG Sep 18 06:00:27.534274123, watcher.go:72] Checking for runtime processes
[DEBUG Sep 18 06:01:27.534410156, watcher.go:72] Checking for runtime processes
[DEBUG Sep 18 06:02:27.534238869, watcher.go:72] Checking for runtime processes
[DEBUG Sep 18 06:03:25.641026064, resolver.go:121] Analytics event resolver
[DEBUG Sep 18 06:03:25.641216347, client.go:128] Reporting event to 2 reporters: command-exit, exec, 0
[DEBUG Sep 18 06:03:27.534141670, watcher.go:72] Checking for runtime processes
[DEBUG Sep 18 06:04:27.533770103, watcher.go:72] Checking for runtime processes
[DEBUG Sep 18 06:05:27.534137850, watcher.go:72] Checking for runtime processes
[DEBUG Sep 18 06:06:27.534519157, watcher.go:72] Checking for runtime processes
[DEBUG Sep 18 06:07:27.534137519, watcher.go:72] Checking for runtime processes
[DEBUG Sep 18 06:08:27.533626508, watcher.go:72] Checking for runtime processes
[DEBUG Sep 18 06:09:27.534134019, watcher.go:72] Checking for runtime processes
[DEBUG Sep 18 06:10:27.533620363, watcher.go:72] Checking for runtime processes
[DEBUG Sep 18 06:11:27.534140024, watcher.go:72] Checking for runtime processes
[DEBUG Sep 18 06:12:27.534137345, watcher.go:72] Checking for runtime processes
[DEBUG Sep 18 06:13:27.534142653, watcher.go:72] Checking for runtime processes
[DEBUG Sep 18 06:14:27.534138339, watcher.go:72] Checking for runtime processes
[DEBUG Sep 18 06:15:27.534139329, watcher.go:72] Checking for runtime processes
[DEBUG Sep 18 06:16:27.534136653, watcher.go:72] Checking for runtime processes
[DEBUG Sep 18 06:17:27.534145376, watcher.go:72] Checking for runtime processes
[DEBUG Sep 18 06:18:27.534141308, watcher.go:72] Checking for runtime processes
[DEBUG Sep 18 06:19:27.534136201, watcher.go:72] Checking for runtime processes
[DEBUG Sep 18 06:20:27.534133506, watcher.go:72] Checking for runtime processes
[DEBUG Sep 18 06:21:27.534128216, watcher.go:72] Checking for runtime processes
[DEBUG Sep 18 06:22:27.534133725, watcher.go:72] Checking for runtime processes
[DEBUG Sep 18 06:23:27.533623416, watcher.go:72] Checking for runtime processes
[DEBUG Sep 18 06:24:27.534136282, watcher.go:72] Checking for runtime processes
[DEBUG Sep 18 06:25:27.533621350, watcher.go:72] Checking for runtime processes
[DEBUG Sep 18 06:26:27.534138269, watcher.go:72] Checking for runtime processes
[DEBUG Sep 18 06:27:27.534137391, watcher.go:72] Checking for runtime processes
[DEBUG Sep 18 06:28:27.534138349, watcher.go:72] Checking for runtime processes
[DEBUG Sep 18 06:29:27.534139098, watcher.go:72] Checking for runtime processes
[DEBUG Sep 18 06:30:27.534142916, watcher.go:72] Checking for runtime processes
[DEBUG Sep 18 06:31:27.534137404, watcher.go:72] Checking for runtime processes
[DEBUG Sep 18 06:32:27.534144084, watcher.go:72] Checking for runtime processes
[DEBUG Sep 18 06:33:27.534141514, watcher.go:72] Checking for runtime processes
[DEBUG Sep 18 06:34:27.534138261, watcher.go:72] Checking for runtime processes
[DEBUG Sep 18 06:35:27.534137441, watcher.go:72] Checking for runtime processes
[DEBUG Sep 18 06:36:27.534129985, watcher.go:72] Checking for runtime processes
[DEBUG Sep 18 06:37:27.534136584, watcher.go:72] Checking for runtime processes
[DEBUG Sep 18 06:38:27.533625772, watcher.go:72] Checking for runtime processes
[DEBUG Sep 18 06:39:27.534141357, watcher.go:72] Checking for runtime processes
[DEBUG Sep 18 06:40:27.533623804, watcher.go:72] Checking for runtime processes
[DEBUG Sep 18 06:41:27.534141263, watcher.go:72] Checking for runtime processes
[DEBUG Sep 18 06:42:27.534136313, watcher.go:72] Checking for runtime processes
[DEBUG Sep 18 06:43:27.534140350, watcher.go:72] Checking for runtime processes
[DEBUG Sep 18 06:44:27.534136037, watcher.go:72] Checking for runtime processes
[DEBUG Sep 18 06:45:27.534141440, watcher.go:72] Checking for runtime processes
[DEBUG Sep 18 06:46:27.534133652, watcher.go:72] Checking for runtime processes
[DEBUG Sep 18 06:47:27.534141432, watcher.go:72] Checking for runtime processes
[DEBUG Sep 18 06:48:27.534134413, watcher.go:72] Checking for runtime processes
[DEBUG Sep 18 06:49:27.534139520, watcher.go:72] Checking for runtime processes
[DEBUG Sep 18 06:50:27.534134775, watcher.go:72] Checking for runtime processes
[DEBUG Sep 18 06:51:27.534129027, watcher.go:72] Checking for runtime processes
[DEBUG Sep 18 06:52:27.534133501, watcher.go:72] Checking for runtime processes
[DEBUG Sep 18 06:53:27.533624483, watcher.go:72] Checking for runtime processes
[DEBUG Sep 18 06:54:27.534135084, watcher.go:72] Checking for runtime processes
[DEBUG Sep 18 06:55:27.533619858, watcher.go:72] Checking for runtime processes
[DEBUG Sep 18 06:56:27.534145399, watcher.go:72] Checking for runtime processes
[DEBUG Sep 18 06:57:27.534140890, watcher.go:72] Checking for runtime processes
[DEBUG Sep 18 06:58:27.534149088, watcher.go:72] Checking for runtime processes
[DEBUG Sep 18 06:59:27.534142939, watcher.go:72] Checking for runtime processes
[DEBUG Sep 18 07:00:27.534142327, watcher.go:72] Checking for runtime processes
[DEBUG Sep 18 07:01:27.534141994, watcher.go:72] Checking for runtime processes
[DEBUG Sep 18 07:02:27.534143417, watcher.go:72] Checking for runtime processes
[DEBUG Sep 18 07:03:27.534147280, watcher.go:72] Checking for runtime processes
[DEBUG Sep 18 07:04:27.534145965, watcher.go:72] Checking for runtime processes
[DEBUG Sep 18 07:05:27.534143390, watcher.go:72] Checking for runtime processes
[DEBUG Sep 18 07:06:27.534128466, watcher.go:72] Checking for runtime processes
[DEBUG Sep 18 07:07:27.534138981, watcher.go:72] Checking for runtime processes
[DEBUG Sep 18 07:08:27.533626186, watcher.go:72] Checking for runtime processes
[DEBUG Sep 18 07:09:27.534151547, watcher.go:72] Checking for runtime processes
[DEBUG Sep 18 07:10:27.533620650, watcher.go:72] Checking for runtime processes
[DEBUG Sep 18 07:11:27.534139219, watcher.go:72] Checking for runtime processes
[DEBUG Sep 18 07:12:27.534141823, watcher.go:72] Checking for runtime processes
[DEBUG Sep 18 07:13:27.534141925, watcher.go:72] Checking for runtime processes
[DEBUG Sep 18 07:14:27.534138947, watcher.go:72] Checking for runtime processes
[DEBUG Sep 18 07:15:27.534062418, watcher.go:72] Checking for runtime processes
[DEBUG Sep 18 07:16:27.534136695, watcher.go:72] Checking for runtime processes
[DEBUG Sep 18 07:17:27.534140263, watcher.go:72] Checking for runtime processes
[DEBUG Sep 18 07:18:27.534136207, watcher.go:72] Checking for runtime processes
[DEBUG Sep 18 07:19:27.534135729, watcher.go:72] Checking for runtime processes
[DEBUG Sep 18 07:20:27.534382114, watcher.go:72] Checking for runtime processes
[DEBUG Sep 18 07:21:27.534128547, watcher.go:72] Checking for runtime processes
[DEBUG Sep 18 07:22:27.534139656, watcher.go:72] Checking for runtime processes
[DEBUG Sep 18 07:23:27.533714598, watcher.go:72] Checking for runtime processes
[DEBUG Sep 18 07:24:27.534135383, watcher.go:72] Checking for runtime processes
[DEBUG Sep 18 07:25:27.533628179, watcher.go:72] Checking for runtime processes
[DEBUG Sep 18 07:26:27.534139777, watcher.go:72] Checking for runtime processes
[DEBUG Sep 18 07:27:27.534135235, watcher.go:72] Checking for runtime processes
[DEBUG Sep 18 07:28:27.534133627, watcher.go:72] Checking for runtime processes
[DEBUG Sep 18 07:29:27.534136444, watcher.go:72] Checking for runtime processes
[DEBUG Sep 18 07:30:27.534143374, watcher.go:72] Checking for runtime processes
[DEBUG Sep 18 07:31:27.534142549, watcher.go:72] Checking for runtime processes
[DEBUG Sep 18 07:32:27.534143136, watcher.go:72] Checking for runtime processes
[DEBUG Sep 18 07:33:27.534138454, watcher.go:72] Checking for runtime processes
[DEBUG Sep 18 07:34:27.534139072, watcher.go:72] Checking for runtime processes
[DEBUG Sep 18 07:35:27.534152733, watcher.go:72] Checking for runtime processes
[DEBUG Sep 18 07:36:27.534132157, watcher.go:72] Checking for runtime processes
[DEBUG Sep 18 07:37:27.534151451, watcher.go:72] Checking for runtime processes
[DEBUG Sep 18 07:38:27.533625144, watcher.go:72] Checking for runtime processes
[DEBUG Sep 18 07:39:27.534135411, watcher.go:72] Checking for runtime processes
[DEBUG Sep 18 07:40:27.533620325, watcher.go:72] Checking for runtime processes
[DEBUG Sep 18 07:41:27.534139518, watcher.go:72] Checking for runtime processes
[DEBUG Sep 18 07:42:27.534138224, watcher.go:72] Checking for runtime processes
[DEBUG Sep 18 07:43:27.534147148, watcher.go:72] Checking for runtime processes
[DEBUG Sep 18 07:44:27.534135714, watcher.go:72] Checking for runtime processes
[DEBUG Sep 18 07:45:27.534145192, watcher.go:72] Checking for runtime processes
[DEBUG Sep 18 07:46:27.534138698, watcher.go:72] Checking for runtime processes
[DEBUG Sep 18 07:47:27.534138247, watcher.go:72] Checking for runtime processes
[DEBUG Sep 18 07:48:27.534151246, watcher.go:72] Checking for runtime processes
[DEBUG Sep 18 07:49:27.534136296, watcher.go:72] Checking for runtime processes
[DEBUG Sep 18 07:50:27.534138122, watcher.go:72] Checking for runtime processes
[DEBUG Sep 18 07:51:27.534128279, watcher.go:72] Checking for runtime processes
[DEBUG Sep 18 07:52:27.534137534, watcher.go:72] Checking for runtime processes
[DEBUG Sep 18 07:53:27.533624837, watcher.go:72] Checking for runtime processes
[DEBUG Sep 18 07:54:27.534135728, watcher.go:72] Checking for runtime processes
[DEBUG Sep 18 07:55:27.533620320, watcher.go:72] Checking for runtime processes
[DEBUG Sep 18 07:56:27.534165862, watcher.go:72] Checking for runtime processes
[DEBUG Sep 18 07:57:27.534137656, watcher.go:72] Checking for runtime processes
[DEBUG Sep 18 07:58:27.534138724, watcher.go:72] Checking for runtime processes
[DEBUG Sep 18 07:59:27.534134817, watcher.go:72] Checking for runtime processes
[DEBUG Sep 18 08:00:27.534138264, watcher.go:72] Checking for runtime processes
[DEBUG Sep 18 08:01:27.534137286, watcher.go:72] Checking for runtime processes
[DEBUG Sep 18 08:02:27.534140725, watcher.go:72] Checking for runtime processes
[DEBUG Sep 18 08:03:27.534146612, watcher.go:72] Checking for runtime processes
[DEBUG Sep 18 08:04:27.534064280, watcher.go:72] Checking for runtime processes
[DEBUG Sep 18 08:05:27.534139785, watcher.go:72] Checking for runtime processes
[DEBUG Sep 18 08:06:27.534127437, watcher.go:72] Checking for runtime processes
[DEBUG Sep 18 08:07:27.534140289, watcher.go:72] Checking for runtime processes
[DEBUG Sep 18 08:08:27.533625071, watcher.go:72] Checking for runtime processes
[DEBUG Sep 18 08:09:27.534133713, watcher.go:72] Checking for runtime processes
[DEBUG Sep 18 08:10:27.533619795, watcher.go:72] Checking for runtime processes
[DEBUG Sep 18 08:11:27.534139064, watcher.go:72] Checking for runtime processes
[DEBUG Sep 18 08:12:27.534138260, watcher.go:72] Checking for runtime processes
[DEBUG Sep 18 08:13:27.534140488, watcher.go:72] Checking for runtime processes
[DEBUG Sep 18 08:14:27.534136982, watcher.go:72] Checking for runtime processes
[DEBUG Sep 18 08:15:27.534147658, watcher.go:72] Checking for runtime processes
[DEBUG Sep 18 08:16:27.534139244, watcher.go:72] Checking for runtime processes
[DEBUG Sep 18 08:17:27.534137539, watcher.go:72] Checking for runtime processes
[DEBUG Sep 18 08:18:27.534154917, watcher.go:72] Checking for runtime processes
[DEBUG Sep 18 08:19:27.534137499, watcher.go:72] Checking for runtime processes
[DEBUG Sep 18 08:20:27.534133066, watcher.go:72] Checking for runtime processes
[DEBUG Sep 18 08:21:27.534130157, watcher.go:72] Checking for runtime processes
[DEBUG Sep 18 08:22:27.534142450, watcher.go:72] Checking for runtime processes
[DEBUG Sep 18 08:23:27.533625244, watcher.go:72] Checking for runtime processes
[DEBUG Sep 18 08:24:27.534137547, watcher.go:72] Checking for runtime processes
[DEBUG Sep 18 08:25:27.533623214, watcher.go:72] Checking for runtime processes
[DEBUG Sep 18 08:26:27.534139129, watcher.go:72] Checking for runtime processes
[DEBUG Sep 18 08:27:27.534134637, watcher.go:72] Checking for runtime processes
[DEBUG Sep 18 08:28:27.534138852, watcher.go:72] Checking for runtime processes
[DEBUG Sep 18 08:29:27.534139695, watcher.go:72] Checking for runtime processes
[DEBUG Sep 18 08:30:27.534142500, watcher.go:72] Checking for runtime processes
[DEBUG Sep 18 08:31:27.534155859, watcher.go:72] Checking for runtime processes
[DEBUG Sep 18 08:32:27.534142127, watcher.go:72] Checking for runtime processes
[DEBUG Sep 18 08:33:27.534141084, watcher.go:72] Checking for runtime processes
[DEBUG Sep 18 08:34:27.534144806, watcher.go:72] Checking for runtime processes
[DEBUG Sep 18 08:35:27.534146079, watcher.go:72] Checking for runtime processes
[DEBUG Sep 18 08:36:27.534137571, watcher.go:72] Checking for runtime processes
[DEBUG Sep 18 08:37:27.534151290, watcher.go:72] Checking for runtime processes
[DEBUG Sep 18 08:38:27.533625015, watcher.go:72] Checking for runtime processes
[DEBUG Sep 18 08:39:27.534132057, watcher.go:72] Checking for runtime processes
[DEBUG Sep 18 08:40:27.533621887, watcher.go:72] Checking for runtime processes
[DEBUG Sep 18 08:41:27.534144679, watcher.go:72] Checking for runtime processes
[DEBUG Sep 18 08:42:27.534141285, watcher.go:72] Checking for runtime processes
[DEBUG Sep 18 08:43:27.534138815, watcher.go:72] Checking for runtime processes
[DEBUG Sep 18 08:44:27.534138091, watcher.go:72] Checking for runtime processes
[DEBUG Sep 18 08:45:27.534138242, watcher.go:72] Checking for runtime processes
[DEBUG Sep 18 08:46:27.534134829, watcher.go:72] Checking for runtime processes
[DEBUG Sep 18 08:47:27.534180601, watcher.go:72] Checking for runtime processes
[DEBUG Sep 18 08:48:27.534136624, watcher.go:72] Checking for runtime processes
[DEBUG Sep 18 08:49:27.534141141, watcher.go:72] Checking for runtime processes
[DEBUG Sep 18 08:50:27.534136264, watcher.go:72] Checking for runtime processes
[DEBUG Sep 18 08:51:27.534127555, watcher.go:72] Checking for runtime processes
[DEBUG Sep 18 08:52:27.534135296, watcher.go:72] Checking for runtime processes
[DEBUG Sep 18 08:53:27.533626495, watcher.go:72] Checking for runtime processes
[DEBUG Sep 18 08:54:27.534138220, watcher.go:72] Checking for runtime processes
[DEBUG Sep 18 08:55:27.533621412, watcher.go:72] Checking for runtime processes
[DEBUG Sep 18 08:56:27.534135765, watcher.go:72] Checking for runtime processes
[DEBUG Sep 18 08:57:27.534147745, watcher.go:72] Checking for runtime processes
[DEBUG Sep 18 08:58:27.534140694, watcher.go:72] Checking for runtime processes
[DEBUG Sep 18 08:59:27.534133806, watcher.go:72] Checking for runtime processes
[DEBUG Sep 18 09:00:27.534138006, watcher.go:72] Checking for runtime processes
[DEBUG Sep 18 09:01:27.534137793, watcher.go:72] Checking for runtime processes
[DEBUG Sep 18 09:02:27.534140309, watcher.go:72] Checking for runtime processes
[DEBUG Sep 18 09:03:27.534136270, watcher.go:72] Checking for runtime processes
[DEBUG Sep 18 09:04:27.534137923, watcher.go:72] Checking for runtime processes
[DEBUG Sep 18 09:05:27.534154251, watcher.go:72] Checking for runtime processes
[DEBUG Sep 18 09:06:27.534126099, watcher.go:72] Checking for runtime processes
[DEBUG Sep 18 09:07:27.534136202, watcher.go:72] Checking for runtime processes
[DEBUG Sep 18 09:08:27.533626416, watcher.go:72] Checking for runtime processes
[DEBUG Sep 18 09:09:27.534138316, watcher.go:72] Checking for runtime processes
[DEBUG Sep 18 09:10:27.533618635, watcher.go:72] Checking for runtime processes
[DEBUG Sep 18 09:11:27.534135601, watcher.go:72] Checking for runtime processes
[DEBUG Sep 18 09:12:27.534135710, watcher.go:72] Checking for runtime processes
[DEBUG Sep 18 09:13:27.534137360, watcher.go:72] Checking for runtime processes
[DEBUG Sep 18 09:14:27.534132348, watcher.go:72] Checking for runtime processes
[DEBUG Sep 18 09:15:27.534150214, watcher.go:72] Checking for runtime processes
[DEBUG Sep 18 09:16:27.534136590, watcher.go:72] Checking for runtime processes
[DEBUG Sep 18 09:17:27.534136970, watcher.go:72] Checking for runtime processes
[DEBUG Sep 18 09:18:27.534150239, watcher.go:72] Checking for runtime processes
[DEBUG Sep 18 09:19:27.534148712, watcher.go:72] Checking for runtime processes
[DEBUG Sep 18 09:20:27.534146841, watcher.go:72] Checking for runtime processes
[DEBUG Sep 18 09:21:27.534130637, watcher.go:72] Checking for runtime processes
[DEBUG Sep 18 09:22:27.534135533, watcher.go:72] Checking for runtime processes
[DEBUG Sep 18 09:23:27.533626537, watcher.go:72] Checking for runtime processes
[DEBUG Sep 18 09:24:27.534141681, watcher.go:72] Checking for runtime processes
[DEBUG Sep 18 09:25:27.533620979, watcher.go:72] Checking for runtime processes
[DEBUG Sep 18 09:26:27.534136916, watcher.go:72] Checking for runtime processes
[DEBUG Sep 18 09:27:27.534149144, watcher.go:72] Checking for runtime processes
[DEBUG Sep 18 09:28:27.534139375, watcher.go:72] Checking for runtime processes
[DEBUG Sep 18 09:29:27.534135205, watcher.go:72] Checking for runtime processes
[DEBUG Sep 18 09:30:27.534141949, watcher.go:72] Checking for runtime processes
[DEBUG Sep 18 09:31:27.534137743, watcher.go:72] Checking for runtime processes
[DEBUG Sep 18 09:32:27.534138485, watcher.go:72] Checking for runtime processes
[DEBUG Sep 18 09:33:27.534134485, watcher.go:72] Checking for runtime processes
[DEBUG Sep 18 09:34:27.534135662, watcher.go:72] Checking for runtime processes
[DEBUG Sep 18 09:35:27.534153080, watcher.go:72] Checking for runtime processes
[DEBUG Sep 18 09:36:27.534131766, watcher.go:72] Checking for runtime processes
[DEBUG Sep 18 09:37:27.534135923, watcher.go:72] Checking for runtime processes
[DEBUG Sep 18 09:38:27.533623235, watcher.go:72] Checking for runtime processes
[DEBUG Sep 18 09:39:27.534148152, watcher.go:72] Checking for runtime processes
[DEBUG Sep 18 09:40:27.533620866, watcher.go:72] Checking for runtime processes
[DEBUG Sep 18 09:41:27.534140136, watcher.go:72] Checking for runtime processes
[DEBUG Sep 18 09:42:27.534133034, watcher.go:72] Checking for runtime processes
[DEBUG Sep 18 09:43:27.534138266, watcher.go:72] Checking for runtime processes
[DEBUG Sep 18 09:44:27.534139027, watcher.go:72] Checking for runtime processes
[DEBUG Sep 18 09:45:27.534144592, watcher.go:72] Checking for runtime processes
[DEBUG Sep 18 09:46:27.534137251, watcher.go:72] Checking for runtime processes
[DEBUG Sep 18 09:47:27.534138721, watcher.go:72] Checking for runtime processes
[DEBUG Sep 18 09:48:27.534137874, watcher.go:72] Checking for runtime processes
[DEBUG Sep 18 09:49:27.534137653, watcher.go:72] Checking for runtime processes
[DEBUG Sep 18 09:50:27.534137373, watcher.go:72] Checking for runtime processes
[DEBUG Sep 18 09:51:27.534129765, watcher.go:72] Checking for runtime processes
[DEBUG Sep 18 09:52:27.534136098, watcher.go:72] Checking for runtime processes
[DEBUG Sep 18 09:53:27.533625588, watcher.go:72] Checking for runtime processes
[DEBUG Sep 18 09:54:27.534133476, watcher.go:72] Checking for runtime processes
[DEBUG Sep 18 09:55:27.533618693, watcher.go:72] Checking for runtime processes
[DEBUG Sep 18 09:56:27.534143038, watcher.go:72] Checking for runtime processes
[DEBUG Sep 18 09:57:27.534135160, watcher.go:72] Checking for runtime processes
[DEBUG Sep 18 09:58:27.534141637, watcher.go:72] Checking for runtime processes
[DEBUG Sep 18 09:59:27.534140873, watcher.go:72] Checking for runtime processes
[DEBUG Sep 18 10:00:27.534147639, watcher.go:72] Checking for runtime processes
[DEBUG Sep 18 10:01:27.534137382, watcher.go:72] Checking for runtime processes
[DEBUG Sep 18 10:02:27.534136806, watcher.go:72] Checking for runtime processes
[DEBUG Sep 18 10:03:27.534135421, watcher.go:72] Checking for runtime processes
[DEBUG Sep 18 10:04:27.534142013, watcher.go:72] Checking for runtime processes
[DEBUG Sep 18 10:05:27.534131453, watcher.go:72] Checking for runtime processes
[DEBUG Sep 18 10:06:27.534130795, watcher.go:72] Checking for runtime processes
[DEBUG Sep 18 10:07:27.534139878, watcher.go:72] Checking for runtime processes
[DEBUG Sep 18 10:08:27.533626989, watcher.go:72] Checking for runtime processes
[DEBUG Sep 18 10:09:27.534142899, watcher.go:72] Checking for runtime processes
[DEBUG Sep 18 10:10:27.533623666, watcher.go:72] Checking for runtime processes
[DEBUG Sep 18 10:11:27.534145306, watcher.go:72] Checking for runtime processes
[DEBUG Sep 18 10:12:27.534147652, watcher.go:72] Checking for runtime processes
[DEBUG Sep 18 10:13:27.534138979, watcher.go:72] Checking for runtime processes
[DEBUG Sep 18 10:14:27.534139735, watcher.go:72] Checking for runtime processes
[DEBUG Sep 18 10:15:27.534142131, watcher.go:72] Checking for runtime processes
[DEBUG Sep 18 10:16:27.534135800, watcher.go:72] Checking for runtime processes
[DEBUG Sep 18 10:17:27.534136934, watcher.go:72] Checking for runtime processes
[DEBUG Sep 18 10:18:27.534132138, watcher.go:72] Checking for runtime processes
[DEBUG Sep 18 10:19:27.534140185, watcher.go:72] Checking for runtime processes
[DEBUG Sep 18 10:20:27.534141689, watcher.go:72] Checking for runtime processes
[DEBUG Sep 18 10:21:27.534128273, watcher.go:72] Checking for runtime processes
[DEBUG Sep 18 10:22:27.534136224, watcher.go:72] Checking for runtime processes
[DEBUG Sep 18 10:23:27.533624094, watcher.go:72] Checking for runtime processes
[DEBUG Sep 18 10:24:27.534133107, watcher.go:72] Checking for runtime processes
[DEBUG Sep 18 10:25:27.533620032, watcher.go:72] Checking for runtime processes
[DEBUG Sep 18 10:26:27.534136544, watcher.go:72] Checking for runtime processes
[DEBUG Sep 18 10:27:27.534136764, watcher.go:72] Checking for runtime processes
[DEBUG Sep 18 10:28:27.534136485, watcher.go:72] Checking for runtime processes
[DEBUG Sep 18 10:29:27.534138362, watcher.go:72] Checking for runtime processes
[DEBUG Sep 18 10:30:27.534157039, watcher.go:72] Checking for runtime processes
[DEBUG Sep 18 10:31:27.534134987, watcher.go:72] Checking for runtime processes
[DEBUG Sep 18 10:32:27.534154432, watcher.go:72] Checking for runtime processes
[DEBUG Sep 18 10:33:27.534142664, watcher.go:72] Checking for runtime processes
[DEBUG Sep 18 10:34:27.534142108, watcher.go:72] Checking for runtime processes
[DEBUG Sep 18 10:35:27.534137414, watcher.go:72] Checking for runtime processes
[DEBUG Sep 18 10:36:27.534128018, watcher.go:72] Checking for runtime processes
[DEBUG Sep 18 10:37:27.534132993, watcher.go:72] Checking for runtime processes
[DEBUG Sep 18 10:38:27.533624113, watcher.go:72] Checking for runtime processes
[DEBUG Sep 18 10:39:27.534136039, watcher.go:72] Checking for runtime processes
[DEBUG Sep 18 10:40:27.533620011, watcher.go:72] Checking for runtime processes
[DEBUG Sep 18 10:41:27.534141521, watcher.go:72] Checking for runtime processes
[DEBUG Sep 18 10:42:27.534140433, watcher.go:72] Checking for runtime processes
[DEBUG Sep 18 10:43:27.534135525, watcher.go:72] Checking for runtime processes
[DEBUG Sep 18 10:44:27.534135994, watcher.go:72] Checking for runtime processes
[DEBUG Sep 18 10:45:27.534138079, watcher.go:72] Checking for runtime processes
[DEBUG Sep 18 10:46:27.534133694, watcher.go:72] Checking for runtime processes
[DEBUG Sep 18 10:47:27.534136958, watcher.go:72] Checking for runtime processes
[DEBUG Sep 18 10:48:27.534141464, watcher.go:72] Checking for runtime processes
[DEBUG Sep 18 10:49:27.534138319, watcher.go:72] Checking for runtime processes
[DEBUG Sep 18 10:50:27.534174458, watcher.go:72] Checking for runtime processes
[DEBUG Sep 18 10:51:27.534132062, watcher.go:72] Checking for runtime processes
[DEBUG Sep 18 10:52:27.534139566, watcher.go:72] Checking for runtime processes
[DEBUG Sep 18 10:53:27.533628262, watcher.go:72] Checking for runtime processes
[DEBUG Sep 18 10:54:27.534136711, watcher.go:72] Checking for runtime processes
[DEBUG Sep 18 10:55:27.533617983, watcher.go:72] Checking for runtime processes
[DEBUG Sep 18 10:56:27.534140300, watcher.go:72] Checking for runtime processes
[DEBUG Sep 18 10:57:27.534151564, watcher.go:72] Checking for runtime processes
[DEBUG Sep 18 10:58:27.534138840, watcher.go:72] Checking for runtime processes
[DEBUG Sep 18 10:59:27.534131010, watcher.go:72] Checking for runtime processes
[DEBUG Sep 18 11:00:27.534134632, watcher.go:72] Checking for runtime processes
[DEBUG Sep 18 11:01:27.534142304, watcher.go:72] Checking for runtime processes
[DEBUG Sep 18 11:02:27.534143316, watcher.go:72] Checking for runtime processes
[DEBUG Sep 18 11:03:27.534139308, watcher.go:72] Checking for runtime processes
[DEBUG Sep 18 11:04:27.534143958, watcher.go:72] Checking for runtime processes
[DEBUG Sep 18 11:05:27.534144416, watcher.go:72] Checking for runtime processes
[DEBUG Sep 18 11:06:27.534126522, watcher.go:72] Checking for runtime processes
[DEBUG Sep 18 11:07:27.534151068, watcher.go:72] Checking for runtime processes
[DEBUG Sep 18 11:08:27.533624491, watcher.go:72] Checking for runtime processes
[DEBUG Sep 18 11:09:27.534133166, watcher.go:72] Checking for runtime processes
[DEBUG Sep 18 11:10:27.533620413, watcher.go:72] Checking for runtime processes
[DEBUG Sep 18 11:11:27.534167247, watcher.go:72] Checking for runtime processes
[DEBUG Sep 18 11:12:27.534141957, watcher.go:72] Checking for runtime processes
[DEBUG Sep 18 11:13:27.534393681, watcher.go:72] Checking for runtime processes
[DEBUG Sep 18 11:14:27.534142278, watcher.go:72] Checking for runtime processes
[DEBUG Sep 18 11:15:27.534143483, watcher.go:72] Checking for runtime processes
[DEBUG Sep 18 11:16:27.534143551, watcher.go:72] Checking for runtime processes
[DEBUG Sep 18 11:17:27.534139058, watcher.go:72] Checking for runtime processes
[DEBUG Sep 18 11:18:27.534143348, watcher.go:72] Checking for runtime processes
[DEBUG Sep 18 11:19:27.534146108, watcher.go:72] Checking for runtime processes
[DEBUG Sep 18 11:20:27.534142309, watcher.go:72] Checking for runtime processes
[DEBUG Sep 18 11:21:27.534129968, watcher.go:72] Checking for runtime processes
[DEBUG Sep 18 11:22:27.534132153, watcher.go:72] Checking for runtime processes
[DEBUG Sep 18 11:23:27.533624324, watcher.go:72] Checking for runtime processes
[DEBUG Sep 18 11:24:27.534131581, watcher.go:72] Checking for runtime processes
[DEBUG Sep 18 11:25:27.533619789, watcher.go:72] Checking for runtime processes
[DEBUG Sep 18 11:26:27.534147176, watcher.go:72] Checking for runtime processes
[DEBUG Sep 18 11:27:27.534138329, watcher.go:72] Checking for runtime processes
[DEBUG Sep 18 11:28:27.534144918, watcher.go:72] Checking for runtime processes
[DEBUG Sep 18 11:29:27.534166118, watcher.go:72] Checking for runtime processes
[DEBUG Sep 18 11:30:27.534139426, watcher.go:72] Checking for runtime processes
[DEBUG Sep 18 11:31:27.534140282, watcher.go:72] Checking for runtime processes
[DEBUG Sep 18 11:32:27.534154625, watcher.go:72] Checking for runtime processes
[DEBUG Sep 18 11:33:27.534140415, watcher.go:72] Checking for runtime processes
[DEBUG Sep 18 11:34:27.534143764, watcher.go:72] Checking for runtime processes
[DEBUG Sep 18 11:35:27.534138783, watcher.go:72] Checking for runtime processes
[DEBUG Sep 18 11:36:27.534131972, watcher.go:72] Checking for runtime processes
[DEBUG Sep 18 11:37:27.534135090, watcher.go:72] Checking for runtime processes
[DEBUG Sep 18 11:38:27.533623604, watcher.go:72] Checking for runtime processes
[DEBUG Sep 18 11:39:27.534133840, watcher.go:72] Checking for runtime processes
[DEBUG Sep 18 11:40:27.533622819, watcher.go:72] Checking for runtime processes
[DEBUG Sep 18 11:41:27.534146205, watcher.go:72] Checking for runtime processes
[DEBUG Sep 18 11:42:27.534140628, watcher.go:72] Checking for runtime processes
[DEBUG Sep 18 11:43:27.534137950, watcher.go:72] Checking for runtime processes
[DEBUG Sep 18 11:44:27.534135702, watcher.go:72] Checking for runtime processes
[DEBUG Sep 18 11:45:27.534137730, watcher.go:72] Checking for runtime processes
[DEBUG Sep 18 11:46:27.534136717, watcher.go:72] Checking for runtime processes
[DEBUG Sep 18 11:47:27.534153522, watcher.go:72] Checking for runtime processes
[DEBUG Sep 18 11:48:27.534133903, watcher.go:72] Checking for runtime processes
[DEBUG Sep 18 11:49:27.534138337, watcher.go:72] Checking for runtime processes
[DEBUG Sep 18 11:50:27.534135254, watcher.go:72] Checking for runtime processes
[DEBUG Sep 18 11:51:27.534132139, watcher.go:72] Checking for runtime processes
[DEBUG Sep 18 11:52:27.534163087, watcher.go:72] Checking for runtime processes
[DEBUG Sep 18 11:53:27.533627259, watcher.go:72] Checking for runtime processes
[DEBUG Sep 18 11:54:27.534138449, watcher.go:72] Checking for runtime processes
[DEBUG Sep 18 11:55:27.533620925, watcher.go:72] Checking for runtime processes
[DEBUG Sep 18 11:56:27.534140144, watcher.go:72] Checking for runtime processes
[DEBUG Sep 18 11:57:27.534142241, watcher.go:72] Checking for runtime processes
[DEBUG Sep 18 11:58:27.534144362, watcher.go:72] Checking for runtime processes
[DEBUG Sep 18 11:59:27.534142949, watcher.go:72] Checking for runtime processes
[DEBUG Sep 18 12:00:27.534142973, watcher.go:72] Checking for runtime processes
[DEBUG Sep 18 12:01:27.534139566, watcher.go:72] Checking for runtime processes
[DEBUG Sep 18 12:02:27.534063543, watcher.go:72] Checking for runtime processes
[DEBUG Sep 18 12:03:27.534138704, watcher.go:72] Checking for runtime processes
[DEBUG Sep 18 12:04:27.534153356, watcher.go:72] Checking for runtime processes
[DEBUG Sep 18 12:05:27.534142010, watcher.go:72] Checking for runtime processes
