[DEBUG Aug  2 08:16:26.712202130, defaults.go:273] Args: [/home1/wangfeim/.local/ActiveState/StateTool/release/bin/state-svc start]
[DEBUG Aug  2 08:16:26.725862897, locale.go:38] Init
[DEBUG Aug  2 08:16:26.796011567, errs.go:68] Created error: File could not be found
[DEBUG Aug  2 08:16:26.799187060, errs.go:68] Created error: Not Recognized
[DEBUG Aug  2 08:16:26.820009774, errs.go:68] Created error: Secret not found
[DEBUG Aug  2 08:16:26.820059456, errs.go:68] Created error: Could not save keypair
[DEBUG Aug  2 08:16:26.820243935, errs.go:68] Created error: Build responded with error
[DEBUG Aug  2 08:16:26.820278917, errs.go:68] Created error: Unknown build type
[DEBUG Aug  2 08:16:26.820379698, errors.go:86] Wrapped localized error: <nil> -- with: The installed version of the State Tool Service does not match that of the client.
Please stop the service with [ACTIONABLE]state-svc stop[/RESET] and try your command again.
If this issue persists please reinstall the State Tool.

[DEBUG Aug  2 08:16:26.820391867, errs.go:68] Created error: no data
[DEBUG Aug  2 08:16:26.820418801, errs.go:68] Created error: member not found
[DEBUG Aug  2 08:16:26.820441991, errs.go:68] Created error: Commit count is unknowable
[DEBUG Aug  2 08:16:26.820463341, errs.go:68] Created error: No merge required
[DEBUG Aug  2 08:16:26.820485046, errs.go:68] Created error: Can't merge commit thats already in target commits history
[DEBUG Aug  2 08:16:26.820507469, errs.go:68] Created error: Bad expander name
[DEBUG Aug  2 08:16:26.820535837, errs.go:68] Created error: Expander has no handler
[DEBUG Aug  2 08:16:26.821716285, errs.go:68] Created error: Service is already running
[DEBUG Aug  2 08:16:26.848373689, secrets.go:35] Gcloud Secretmanager failed to initialize (ignore if you're not trying to use gcloud): google: could not find default credentials. See https://developers.google.com/accounts/docs/application-default-credentials for more information.
[DEBUG Aug  2 08:16:26.884805564, output.go:53] Requested outputer for 
[DEBUG Aug  2 08:16:26.884834254, output.go:58] Using Plain outputer
[DEBUG Aug  2 08:16:26.884918847, termutils.go:17] Cannot get terminal size: inappropriate ioctl for device
[DEBUG Aug  2 08:16:26.884967978, client.go:128] Reporting event to 2 reporters: run-command, state-svc start, 
[DEBUG Aug  2 08:16:26.885131030, main.go:107] Running CmdStart
[DEBUG Aug  2 08:16:26.894444737, errs.go:75] Wrapped error: Service is already running -- with: valueF failed
[DEBUG Aug  2 08:16:26.894526222, errs.go:75] Wrapped error: valueF failed -- with: Could not store pid
[DEBUG Aug  2 08:16:26.894620784, errors.go:113] Wrapped input error: Could not store pid -- with: A State Service instance is already running in the background.
[DEBUG Aug  2 08:16:26.894638855, errs.go:75] Wrapped error: A State Service instance is already running in the background. -- with: Could not start serviceManager
[DEBUG Aug  2 08:16:26.894720154, client.go:128] Reporting event to 2 reporters: command-exit, state-svc start, 1
[DEBUG Aug  2 08:16:27.285355293, errs.go:75] Wrapped error: <nil> -- with: Could not start serviceManager: A State Service instance is already running in the background.: Could not store pid: valueF failed: Service is already running
[DEBUG Aug  2 08:16:27.285422568, main.go:61] state-svc errored out due to input: Could not start serviceManager: A State Service instance is already running in the background.: Could not store pid: valueF failed: Service is already running
