[DEBUG Aug  2 07:44:25.419247139, defaults.go:273] Args: [/home1/wangfeim/.local/ActiveState/StateTool/release/bin/state-svc start]
[DEBUG Aug  2 07:44:25.433751402, locale.go:38] Init
[DEBUG Aug  2 07:44:25.513446948, errs.go:68] Created error: File could not be found
[DEBUG Aug  2 07:44:25.516597386, errs.go:68] Created error: Not Recognized
[DEBUG Aug  2 07:44:25.587373964, errs.go:68] Created error: Secret not found
[DEBUG Aug  2 07:44:25.587431179, errs.go:68] Created error: Could not save keypair
[DEBUG Aug  2 07:44:25.587600794, errs.go:68] Created error: Build responded with error
[DEBUG Aug  2 07:44:25.587633231, errs.go:68] Created error: Unknown build type
[DEBUG Aug  2 07:44:25.587745755, errors.go:86] Wrapped localized error: <nil> -- with: The installed version of the State Tool Service does not match that of the client.
Please stop the service with [ACTIONABLE]state-svc stop[/RESET] and try your command again.
If this issue persists please reinstall the State Tool.

[DEBUG Aug  2 07:44:25.587760927, errs.go:68] Created error: no data
[DEBUG Aug  2 07:44:25.587784504, errs.go:68] Created error: member not found
[DEBUG Aug  2 07:44:25.587805644, errs.go:68] Created error: Commit count is unknowable
[DEBUG Aug  2 07:44:25.587825812, errs.go:68] Created error: No merge required
[DEBUG Aug  2 07:44:25.587847201, errs.go:68] Created error: Can't merge commit thats already in target commits history
[DEBUG Aug  2 07:44:25.587869561, errs.go:68] Created error: Bad expander name
[DEBUG Aug  2 07:44:25.587889976, errs.go:68] Created error: Expander has no handler
[DEBUG Aug  2 07:44:25.588988734, errs.go:68] Created error: Service is already running
[DEBUG Aug  2 07:44:25.618670531, secrets.go:35] Gcloud Secretmanager failed to initialize (ignore if you're not trying to use gcloud): google: could not find default credentials. See https://developers.google.com/accounts/docs/application-default-credentials for more information.
[DEBUG Aug  2 07:44:25.622875701, output.go:53] Requested outputer for 
[DEBUG Aug  2 07:44:25.622906707, output.go:58] Using Plain outputer
[DEBUG Aug  2 07:44:25.623008440, termutils.go:17] Cannot get terminal size: inappropriate ioctl for device
[DEBUG Aug  2 07:44:25.623154953, client.go:128] Reporting event to 2 reporters: run-command, state-svc start, 
[DEBUG Aug  2 07:44:25.623234026, main.go:107] Running CmdStart
[DEBUG Aug  2 07:44:25.628685469, errs.go:75] Wrapped error: Service is already running -- with: valueF failed
[DEBUG Aug  2 07:44:25.628748154, errs.go:75] Wrapped error: valueF failed -- with: Could not store pid
[DEBUG Aug  2 07:44:25.628821422, errors.go:113] Wrapped input error: Could not store pid -- with: A State Service instance is already running in the background.
[DEBUG Aug  2 07:44:25.628835175, errs.go:75] Wrapped error: A State Service instance is already running in the background. -- with: Could not start serviceManager
[DEBUG Aug  2 07:44:25.628901543, client.go:128] Reporting event to 2 reporters: command-exit, state-svc start, 1
[DEBUG Aug  2 07:44:25.978276451, errs.go:75] Wrapped error: <nil> -- with: Could not start serviceManager: A State Service instance is already running in the background.: Could not store pid: valueF failed: Service is already running
[DEBUG Aug  2 07:44:25.978336843, main.go:61] state-svc errored out due to input: Could not start serviceManager: A State Service instance is already running in the background.: Could not store pid: valueF failed: Service is already running
