[DEBUG Oct  7 16:52:28.931952184, defaults.go:273] Args: [/home1/wangfeim/.local/ActiveState/StateTool/release/bin/state-svc start]
[DEBUG Oct  7 16:52:28.945531161, locale.go:38] Init
[DEBUG Oct  7 16:52:28.991842940, errs.go:68] Created error: File could not be found
[DEBUG Oct  7 16:52:28.994560767, errs.go:68] Created error: Not Recognized
[DEBUG Oct  7 16:52:29.013044864, errs.go:68] Created error: Secret not found
[DEBUG Oct  7 16:52:29.013088620, errs.go:68] Created error: Could not save keypair
[DEBUG Oct  7 16:52:29.013245761, errs.go:68] Created error: Build responded with error
[DEBUG Oct  7 16:52:29.013280826, errs.go:68] Created error: Unknown build type
[DEBUG Oct  7 16:52:29.013379770, errors.go:86] Wrapped localized error: <nil> -- with: The installed version of the State Tool Service does not match that of the client.
Please stop the service with [ACTIONABLE]state-svc stop[/RESET] and try your command again.
If this issue persists please reinstall the State Tool.

[DEBUG Oct  7 16:52:29.013392222, errs.go:68] Created error: no data
[DEBUG Oct  7 16:52:29.013424074, errs.go:68] Created error: member not found
[DEBUG Oct  7 16:52:29.013446437, errs.go:68] Created error: Commit count is unknowable
[DEBUG Oct  7 16:52:29.013467650, errs.go:68] Created error: No merge required
[DEBUG Oct  7 16:52:29.013497432, errs.go:68] Created error: Can't merge commit thats already in target commits history
[DEBUG Oct  7 16:52:29.013528095, errs.go:68] Created error: Bad expander name
[DEBUG Oct  7 16:52:29.013549262, errs.go:68] Created error: Expander has no handler
[DEBUG Oct  7 16:52:29.014870221, errs.go:68] Created error: Service is already running
[DEBUG Oct  7 16:52:29.039224889, secrets.go:35] Gcloud Secretmanager failed to initialize (ignore if you're not trying to use gcloud): google: could not find default credentials. See https://developers.google.com/accounts/docs/application-default-credentials for more information.
[DEBUG Oct  7 16:52:29.042683209, output.go:53] Requested outputer for 
[DEBUG Oct  7 16:52:29.042700967, output.go:58] Using Plain outputer
[DEBUG Oct  7 16:52:29.042776371, termutils.go:17] Cannot get terminal size: inappropriate ioctl for device
[DEBUG Oct  7 16:52:29.042868546, client.go:128] Reporting event to 2 reporters: run-command, state-svc start, 
[DEBUG Oct  7 16:52:29.042948374, main.go:107] Running CmdStart
[DEBUG Oct  7 16:52:29.043934315, exeutils.go:149] Executing: /home1/wangfeim/.local/ActiveState/StateTool/release/bin/state-svc [foreground]
[DEBUG Oct  7 16:52:29.049187426, manager.go:68] Process started using pid 232694
[DEBUG Oct  7 16:52:29.049310755, client.go:128] Reporting event to 2 reporters: command-exit, state-svc start, 0
