[DEBUG Aug  2 08:12:58.596204839, defaults.go:273] Args: [/home1/wangfeim/.local/ActiveState/StateTool/release/bin/state-svc start]
[DEBUG Aug  2 08:12:58.610485150, locale.go:38] Init
[DEBUG Aug  2 08:12:58.748625886, errs.go:68] Created error: File could not be found
[DEBUG Aug  2 08:12:58.751783169, errs.go:68] Created error: Not Recognized
[DEBUG Aug  2 08:12:58.773871430, errs.go:68] Created error: Secret not found
[DEBUG Aug  2 08:12:58.773942301, errs.go:68] Created error: Could not save keypair
[DEBUG Aug  2 08:12:58.774224156, errs.go:68] Created error: Build responded with error
[DEBUG Aug  2 08:12:58.774272294, errs.go:68] Created error: Unknown build type
[DEBUG Aug  2 08:12:58.774424943, errors.go:86] Wrapped localized error: <nil> -- with: The installed version of the State Tool Service does not match that of the client.
Please stop the service with [ACTIONABLE]state-svc stop[/RESET] and try your command again.
If this issue persists please reinstall the State Tool.

[DEBUG Aug  2 08:12:58.774445555, errs.go:68] Created error: no data
[DEBUG Aug  2 08:12:58.774484121, errs.go:68] Created error: member not found
[DEBUG Aug  2 08:12:58.774516335, errs.go:68] Created error: Commit count is unknowable
[DEBUG Aug  2 08:12:58.774563465, errs.go:68] Created error: No merge required
[DEBUG Aug  2 08:12:58.774600994, errs.go:68] Created error: Can't merge commit thats already in target commits history
[DEBUG Aug  2 08:12:58.774633641, errs.go:68] Created error: Bad expander name
[DEBUG Aug  2 08:12:58.774668729, errs.go:68] Created error: Expander has no handler
[DEBUG Aug  2 08:12:58.775793508, errs.go:68] Created error: Service is already running
[DEBUG Aug  2 08:12:58.810060652, secrets.go:35] Gcloud Secretmanager failed to initialize (ignore if you're not trying to use gcloud): google: could not find default credentials. See https://developers.google.com/accounts/docs/application-default-credentials for more information.
[DEBUG Aug  2 08:12:58.816364468, output.go:53] Requested outputer for 
[DEBUG Aug  2 08:12:58.816387345, output.go:58] Using Plain outputer
[DEBUG Aug  2 08:12:58.816474745, termutils.go:17] Cannot get terminal size: inappropriate ioctl for device
[DEBUG Aug  2 08:12:58.816636981, main.go:107] Running CmdStart
[DEBUG Aug  2 08:12:58.816699024, client.go:128] Reporting event to 2 reporters: run-command, state-svc start, 
[DEBUG Aug  2 08:12:58.826123518, errs.go:75] Wrapped error: Service is already running -- with: valueF failed
[DEBUG Aug  2 08:12:58.826177112, errs.go:75] Wrapped error: valueF failed -- with: Could not store pid
[DEBUG Aug  2 08:12:58.826247182, errors.go:113] Wrapped input error: Could not store pid -- with: A State Service instance is already running in the background.
[DEBUG Aug  2 08:12:58.826261984, errs.go:75] Wrapped error: A State Service instance is already running in the background. -- with: Could not start serviceManager
[DEBUG Aug  2 08:12:58.826370080, client.go:128] Reporting event to 2 reporters: command-exit, state-svc start, 1
[DEBUG Aug  2 08:12:59.224116204, errs.go:75] Wrapped error: <nil> -- with: Could not start serviceManager: A State Service instance is already running in the background.: Could not store pid: valueF failed: Service is already running
[DEBUG Aug  2 08:12:59.224200015, main.go:61] state-svc errored out due to input: Could not start serviceManager: A State Service instance is already running in the background.: Could not store pid: valueF failed: Service is already running
