[DEBUG Aug  2 07:57:13.940921353, defaults.go:273] Args: [/home1/wangfeim/.local/ActiveState/StateTool/release/bin/state-svc start]
[DEBUG Aug  2 07:57:13.955965366, locale.go:38] Init
[DEBUG Aug  2 07:57:14.406388107, errs.go:68] Created error: File could not be found
[DEBUG Aug  2 07:57:14.409248578, errs.go:68] Created error: Not Recognized
[DEBUG Aug  2 07:57:14.432013928, errs.go:68] Created error: Secret not found
[DEBUG Aug  2 07:57:14.432074405, errs.go:68] Created error: Could not save keypair
[DEBUG Aug  2 07:57:14.432312410, errs.go:68] Created error: Build responded with error
[DEBUG Aug  2 07:57:14.432350685, errs.go:68] Created error: Unknown build type
[DEBUG Aug  2 07:57:14.432489001, errors.go:86] Wrapped localized error: <nil> -- with: The installed version of the State Tool Service does not match that of the client.
Please stop the service with [ACTIONABLE]state-svc stop[/RESET] and try your command again.
If this issue persists please reinstall the State Tool.

[DEBUG Aug  2 07:57:14.432516183, errs.go:68] Created error: no data
[DEBUG Aug  2 07:57:14.432559566, errs.go:68] Created error: member not found
[DEBUG Aug  2 07:57:14.432594524, errs.go:68] Created error: Commit count is unknowable
[DEBUG Aug  2 07:57:14.432625761, errs.go:68] Created error: No merge required
[DEBUG Aug  2 07:57:14.432657938, errs.go:68] Created error: Can't merge commit thats already in target commits history
[DEBUG Aug  2 07:57:14.432688568, errs.go:68] Created error: Bad expander name
[DEBUG Aug  2 07:57:14.432718228, errs.go:68] Created error: Expander has no handler
[DEBUG Aug  2 07:57:14.433972630, errs.go:68] Created error: Service is already running
[DEBUG Aug  2 07:57:14.459320087, secrets.go:35] Gcloud Secretmanager failed to initialize (ignore if you're not trying to use gcloud): google: could not find default credentials. See https://developers.google.com/accounts/docs/application-default-credentials for more information.
[DEBUG Aug  2 07:57:14.486582915, output.go:53] Requested outputer for 
[DEBUG Aug  2 07:57:14.486617445, output.go:58] Using Plain outputer
[DEBUG Aug  2 07:57:14.486705641, termutils.go:17] Cannot get terminal size: inappropriate ioctl for device
[DEBUG Aug  2 07:57:14.486821585, client.go:128] Reporting event to 2 reporters: run-command, state-svc start, 
[DEBUG Aug  2 07:57:14.486910493, main.go:107] Running CmdStart
[DEBUG Aug  2 07:57:14.495485634, errs.go:75] Wrapped error: Service is already running -- with: valueF failed
[DEBUG Aug  2 07:57:14.495557847, errs.go:75] Wrapped error: valueF failed -- with: Could not store pid
[DEBUG Aug  2 07:57:14.495640148, errors.go:113] Wrapped input error: Could not store pid -- with: A State Service instance is already running in the background.
[DEBUG Aug  2 07:57:14.495655340, errs.go:75] Wrapped error: A State Service instance is already running in the background. -- with: Could not start serviceManager
[DEBUG Aug  2 07:57:14.495735082, client.go:128] Reporting event to 2 reporters: command-exit, state-svc start, 1
[DEBUG Aug  2 07:57:14.832328697, errs.go:75] Wrapped error: <nil> -- with: Could not start serviceManager: A State Service instance is already running in the background.: Could not store pid: valueF failed: Service is already running
[DEBUG Aug  2 07:57:14.832389750, main.go:61] state-svc errored out due to input: Could not start serviceManager: A State Service instance is already running in the background.: Could not store pid: valueF failed: Service is already running
