[DEBUG Aug  2 07:36:38.518161116, defaults.go:273] Args: [/home1/wangfeim/.local/ActiveState/StateTool/release/bin/state-svc start]
[DEBUG Aug  2 07:36:38.532841259, locale.go:38] Init
[DEBUG Aug  2 07:36:38.616265086, errs.go:68] Created error: File could not be found
[DEBUG Aug  2 07:36:38.619305529, errs.go:68] Created error: Not Recognized
[DEBUG Aug  2 07:36:38.685129999, errs.go:68] Created error: Secret not found
[DEBUG Aug  2 07:36:38.685228224, errs.go:68] Created error: Could not save keypair
[DEBUG Aug  2 07:36:38.685567084, errs.go:68] Created error: Build responded with error
[DEBUG Aug  2 07:36:38.685621492, errs.go:68] Created error: Unknown build type
[DEBUG Aug  2 07:36:38.685756676, errors.go:86] Wrapped localized error: <nil> -- with: The installed version of the State Tool Service does not match that of the client.
Please stop the service with [ACTIONABLE]state-svc stop[/RESET] and try your command again.
If this issue persists please reinstall the State Tool.

[DEBUG Aug  2 07:36:38.685775225, errs.go:68] Created error: no data
[DEBUG Aug  2 07:36:38.685801187, errs.go:68] Created error: member not found
[DEBUG Aug  2 07:36:38.685825502, errs.go:68] Created error: Commit count is unknowable
[DEBUG Aug  2 07:36:38.685850169, errs.go:68] Created error: No merge required
[DEBUG Aug  2 07:36:38.685873766, errs.go:68] Created error: Can't merge commit thats already in target commits history
[DEBUG Aug  2 07:36:38.685905311, errs.go:68] Created error: Bad expander name
[DEBUG Aug  2 07:36:38.685928535, errs.go:68] Created error: Expander has no handler
[DEBUG Aug  2 07:36:38.687140701, errs.go:68] Created error: Service is already running
[DEBUG Aug  2 07:36:38.712944003, secrets.go:35] Gcloud Secretmanager failed to initialize (ignore if you're not trying to use gcloud): google: could not find default credentials. See https://developers.google.com/accounts/docs/application-default-credentials for more information.
[DEBUG Aug  2 07:36:38.718511538, output.go:53] Requested outputer for 
[DEBUG Aug  2 07:36:38.718549657, output.go:58] Using Plain outputer
[DEBUG Aug  2 07:36:38.718622130, termutils.go:17] Cannot get terminal size: inappropriate ioctl for device
[DEBUG Aug  2 07:36:38.718657116, client.go:128] Reporting event to 2 reporters: run-command, state-svc start, 
[DEBUG Aug  2 07:36:38.718801446, main.go:107] Running CmdStart
[DEBUG Aug  2 07:36:38.725070311, errs.go:75] Wrapped error: Service is already running -- with: valueF failed
[DEBUG Aug  2 07:36:38.725131665, errs.go:75] Wrapped error: valueF failed -- with: Could not store pid
[DEBUG Aug  2 07:36:38.725216601, errors.go:113] Wrapped input error: Could not store pid -- with: A State Service instance is already running in the background.
[DEBUG Aug  2 07:36:38.725231611, errs.go:75] Wrapped error: A State Service instance is already running in the background. -- with: Could not start serviceManager
[DEBUG Aug  2 07:36:38.725339491, client.go:128] Reporting event to 2 reporters: command-exit, state-svc start, 1
[DEBUG Aug  2 07:36:39.086526381, errs.go:75] Wrapped error: <nil> -- with: Could not start serviceManager: A State Service instance is already running in the background.: Could not store pid: valueF failed: Service is already running
[DEBUG Aug  2 07:36:39.086594970, main.go:61] state-svc errored out due to input: Could not start serviceManager: A State Service instance is already running in the background.: Could not store pid: valueF failed: Service is already running
