[DEBUG Aug  2 08:05:39.231479321, defaults.go:273] Args: [/home1/wangfeim/.local/ActiveState/StateTool/release/bin/state-svc start]
[DEBUG Aug  2 08:05:39.246533038, locale.go:38] Init
[DEBUG Aug  2 08:05:39.289918535, errs.go:68] Created error: File could not be found
[DEBUG Aug  2 08:05:39.293050722, errs.go:68] Created error: Not Recognized
[DEBUG Aug  2 08:05:39.314191711, errs.go:68] Created error: Secret not found
[DEBUG Aug  2 08:05:39.314243132, errs.go:68] Created error: Could not save keypair
[DEBUG Aug  2 08:05:39.314396845, errs.go:68] Created error: Build responded with error
[DEBUG Aug  2 08:05:39.314422374, errs.go:68] Created error: Unknown build type
[DEBUG Aug  2 08:05:39.314548752, errors.go:86] Wrapped localized error: <nil> -- with: The installed version of the State Tool Service does not match that of the client.
Please stop the service with [ACTIONABLE]state-svc stop[/RESET] and try your command again.
If this issue persists please reinstall the State Tool.

[DEBUG Aug  2 08:05:39.314563074, errs.go:68] Created error: no data
[DEBUG Aug  2 08:05:39.314585950, errs.go:68] Created error: member not found
[DEBUG Aug  2 08:05:39.314611757, errs.go:68] Created error: Commit count is unknowable
[DEBUG Aug  2 08:05:39.314633211, errs.go:68] Created error: No merge required
[DEBUG Aug  2 08:05:39.314654449, errs.go:68] Created error: Can't merge commit thats already in target commits history
[DEBUG Aug  2 08:05:39.314675899, errs.go:68] Created error: Bad expander name
[DEBUG Aug  2 08:05:39.314701174, errs.go:68] Created error: Expander has no handler
[DEBUG Aug  2 08:05:39.315776647, errs.go:68] Created error: Service is already running
[DEBUG Aug  2 08:05:39.344093328, secrets.go:35] Gcloud Secretmanager failed to initialize (ignore if you're not trying to use gcloud): google: could not find default credentials. See https://developers.google.com/accounts/docs/application-default-credentials for more information.
[DEBUG Aug  2 08:05:39.347483552, output.go:53] Requested outputer for 
[DEBUG Aug  2 08:05:39.347505699, output.go:58] Using Plain outputer
[DEBUG Aug  2 08:05:39.347593925, termutils.go:17] Cannot get terminal size: inappropriate ioctl for device
[DEBUG Aug  2 08:05:39.347731099, client.go:128] Reporting event to 2 reporters: run-command, state-svc start, 
[DEBUG Aug  2 08:05:39.347751740, main.go:107] Running CmdStart
[DEBUG Aug  2 08:05:39.354749857, errs.go:75] Wrapped error: Service is already running -- with: valueF failed
[DEBUG Aug  2 08:05:39.354820060, errs.go:75] Wrapped error: valueF failed -- with: Could not store pid
[DEBUG Aug  2 08:05:39.354907784, errors.go:113] Wrapped input error: Could not store pid -- with: A State Service instance is already running in the background.
[DEBUG Aug  2 08:05:39.354922744, errs.go:75] Wrapped error: A State Service instance is already running in the background. -- with: Could not start serviceManager
[DEBUG Aug  2 08:05:39.354998862, client.go:128] Reporting event to 2 reporters: command-exit, state-svc start, 1
[DEBUG Aug  2 08:05:39.703099510, errs.go:75] Wrapped error: <nil> -- with: Could not start serviceManager: A State Service instance is already running in the background.: Could not store pid: valueF failed: Service is already running
[DEBUG Aug  2 08:05:39.703161720, main.go:61] state-svc errored out due to input: Could not start serviceManager: A State Service instance is already running in the background.: Could not store pid: valueF failed: Service is already running
