[DEBUG Aug  2 07:41:13.199263811, defaults.go:273] Args: [/home1/wangfeim/.local/ActiveState/StateTool/release/bin/state-svc start]
[DEBUG Aug  2 07:41:13.213994783, locale.go:38] Init
[DEBUG Aug  2 07:41:13.254381106, errs.go:68] Created error: File could not be found
[DEBUG Aug  2 07:41:13.286634684, errs.go:68] Created error: Not Recognized
[DEBUG Aug  2 07:41:13.310226758, errs.go:68] Created error: Secret not found
[DEBUG Aug  2 07:41:13.310294803, errs.go:68] Created error: Could not save keypair
[DEBUG Aug  2 07:41:13.310485464, errs.go:68] Created error: Build responded with error
[DEBUG Aug  2 07:41:13.310515190, errs.go:68] Created error: Unknown build type
[DEBUG Aug  2 07:41:13.310661307, errors.go:86] Wrapped localized error: <nil> -- with: The installed version of the State Tool Service does not match that of the client.
Please stop the service with [ACTIONABLE]state-svc stop[/RESET] and try your command again.
If this issue persists please reinstall the State Tool.

[DEBUG Aug  2 07:41:13.310678495, errs.go:68] Created error: no data
[DEBUG Aug  2 07:41:13.310705983, errs.go:68] Created error: member not found
[DEBUG Aug  2 07:41:13.310730210, errs.go:68] Created error: Commit count is unknowable
[DEBUG Aug  2 07:41:13.310754640, errs.go:68] Created error: No merge required
[DEBUG Aug  2 07:41:13.310779317, errs.go:68] Created error: Can't merge commit thats already in target commits history
[DEBUG Aug  2 07:41:13.310805122, errs.go:68] Created error: Bad expander name
[DEBUG Aug  2 07:41:13.310828772, errs.go:68] Created error: Expander has no handler
[DEBUG Aug  2 07:41:13.312086767, errs.go:68] Created error: Service is already running
[DEBUG Aug  2 07:41:13.342725090, secrets.go:35] Gcloud Secretmanager failed to initialize (ignore if you're not trying to use gcloud): google: could not find default credentials. See https://developers.google.com/accounts/docs/application-default-credentials for more information.
[DEBUG Aug  2 07:41:13.346376551, output.go:53] Requested outputer for 
[DEBUG Aug  2 07:41:13.346434442, output.go:58] Using Plain outputer
[DEBUG Aug  2 07:41:13.346589581, termutils.go:17] Cannot get terminal size: inappropriate ioctl for device
[DEBUG Aug  2 07:41:13.346742525, main.go:107] Running CmdStart
[DEBUG Aug  2 07:41:13.348202418, client.go:128] Reporting event to 2 reporters: run-command, state-svc start, 
[DEBUG Aug  2 07:41:13.388612616, errs.go:75] Wrapped error: Service is already running -- with: valueF failed
[DEBUG Aug  2 07:41:13.388673439, errs.go:75] Wrapped error: valueF failed -- with: Could not store pid
[DEBUG Aug  2 07:41:13.388749652, errors.go:113] Wrapped input error: Could not store pid -- with: A State Service instance is already running in the background.
[DEBUG Aug  2 07:41:13.388764113, errs.go:75] Wrapped error: A State Service instance is already running in the background. -- with: Could not start serviceManager
[DEBUG Aug  2 07:41:13.388833262, client.go:128] Reporting event to 2 reporters: command-exit, state-svc start, 1
[DEBUG Aug  2 07:41:13.718759473, errs.go:75] Wrapped error: <nil> -- with: Could not start serviceManager: A State Service instance is already running in the background.: Could not store pid: valueF failed: Service is already running
[DEBUG Aug  2 07:41:13.718820780, main.go:61] state-svc errored out due to input: Could not start serviceManager: A State Service instance is already running in the background.: Could not store pid: valueF failed: Service is already running
