[DEBUG Aug  2 07:46:56.735639450, defaults.go:273] Args: [/home1/wangfeim/.local/ActiveState/StateTool/release/bin/state-svc start]
[DEBUG Aug  2 07:46:56.749863833, locale.go:38] Init
[DEBUG Aug  2 07:46:56.819877961, errs.go:68] Created error: File could not be found
[DEBUG Aug  2 07:46:56.822475830, errs.go:68] Created error: Not Recognized
[DEBUG Aug  2 07:46:56.894691201, errs.go:68] Created error: Secret not found
[DEBUG Aug  2 07:46:56.894735423, errs.go:68] Created error: Could not save keypair
[DEBUG Aug  2 07:46:56.894913467, errs.go:68] Created error: Build responded with error
[DEBUG Aug  2 07:46:56.894944295, errs.go:68] Created error: Unknown build type
[DEBUG Aug  2 07:46:56.895045512, errors.go:86] Wrapped localized error: <nil> -- with: The installed version of the State Tool Service does not match that of the client.
Please stop the service with [ACTIONABLE]state-svc stop[/RESET] and try your command again.
If this issue persists please reinstall the State Tool.

[DEBUG Aug  2 07:46:56.895059240, errs.go:68] Created error: no data
[DEBUG Aug  2 07:46:56.895088120, errs.go:68] Created error: member not found
[DEBUG Aug  2 07:46:56.895108298, errs.go:68] Created error: Commit count is unknowable
[DEBUG Aug  2 07:46:56.895128279, errs.go:68] Created error: No merge required
[DEBUG Aug  2 07:46:56.895160527, errs.go:68] Created error: Can't merge commit thats already in target commits history
[DEBUG Aug  2 07:46:56.895181322, errs.go:68] Created error: Bad expander name
[DEBUG Aug  2 07:46:56.895206651, errs.go:68] Created error: Expander has no handler
[DEBUG Aug  2 07:46:56.896188582, errs.go:68] Created error: Service is already running
[DEBUG Aug  2 07:46:56.923333572, secrets.go:35] Gcloud Secretmanager failed to initialize (ignore if you're not trying to use gcloud): google: could not find default credentials. See https://developers.google.com/accounts/docs/application-default-credentials for more information.
[DEBUG Aug  2 07:46:56.926630428, output.go:53] Requested outputer for 
[DEBUG Aug  2 07:46:56.926649961, output.go:58] Using Plain outputer
[DEBUG Aug  2 07:46:56.926706857, termutils.go:17] Cannot get terminal size: inappropriate ioctl for device
[DEBUG Aug  2 07:46:56.926813762, client.go:128] Reporting event to 2 reporters: run-command, state-svc start, 
[DEBUG Aug  2 07:46:56.926839371, main.go:107] Running CmdStart
[DEBUG Aug  2 07:46:56.932664838, errs.go:75] Wrapped error: Service is already running -- with: valueF failed
[DEBUG Aug  2 07:46:56.932720768, errs.go:75] Wrapped error: valueF failed -- with: Could not store pid
[DEBUG Aug  2 07:46:56.932794392, errors.go:113] Wrapped input error: Could not store pid -- with: A State Service instance is already running in the background.
[DEBUG Aug  2 07:46:56.932818754, errs.go:75] Wrapped error: A State Service instance is already running in the background. -- with: Could not start serviceManager
[DEBUG Aug  2 07:46:56.932909128, client.go:128] Reporting event to 2 reporters: command-exit, state-svc start, 1
[DEBUG Aug  2 07:46:57.310130982, errs.go:75] Wrapped error: <nil> -- with: Could not start serviceManager: A State Service instance is already running in the background.: Could not store pid: valueF failed: Service is already running
[DEBUG Aug  2 07:46:57.310199909, main.go:61] state-svc errored out due to input: Could not start serviceManager: A State Service instance is already running in the background.: Could not store pid: valueF failed: Service is already running
