[DEBUG Aug  2 08:11:34.540740151, defaults.go:273] Args: [/home1/wangfeim/.local/ActiveState/StateTool/release/bin/state-svc start]
[DEBUG Aug  2 08:11:34.593478254, locale.go:38] Init
[DEBUG Aug  2 08:11:34.634155050, errs.go:68] Created error: File could not be found
[DEBUG Aug  2 08:11:34.686517593, errs.go:68] Created error: Not Recognized
[DEBUG Aug  2 08:11:34.707283963, errs.go:68] Created error: Secret not found
[DEBUG Aug  2 08:11:34.707340376, errs.go:68] Created error: Could not save keypair
[DEBUG Aug  2 08:11:34.707508415, errs.go:68] Created error: Build responded with error
[DEBUG Aug  2 08:11:34.707548653, errs.go:68] Created error: Unknown build type
[DEBUG Aug  2 08:11:34.707652434, errors.go:86] Wrapped localized error: <nil> -- with: The installed version of the State Tool Service does not match that of the client.
Please stop the service with [ACTIONABLE]state-svc stop[/RESET] and try your command again.
If this issue persists please reinstall the State Tool.

[DEBUG Aug  2 08:11:34.707666830, errs.go:68] Created error: no data
[DEBUG Aug  2 08:11:34.707688019, errs.go:68] Created error: member not found
[DEBUG Aug  2 08:11:34.707708979, errs.go:68] Created error: Commit count is unknowable
[DEBUG Aug  2 08:11:34.707730799, errs.go:68] Created error: No merge required
[DEBUG Aug  2 08:11:34.707756387, errs.go:68] Created error: Can't merge commit thats already in target commits history
[DEBUG Aug  2 08:11:34.707778856, errs.go:68] Created error: Bad expander name
[DEBUG Aug  2 08:11:34.707800698, errs.go:68] Created error: Expander has no handler
[DEBUG Aug  2 08:11:34.708859742, errs.go:68] Created error: Service is already running
[DEBUG Aug  2 08:11:34.735452346, secrets.go:35] Gcloud Secretmanager failed to initialize (ignore if you're not trying to use gcloud): google: could not find default credentials. See https://developers.google.com/accounts/docs/application-default-credentials for more information.
[DEBUG Aug  2 08:11:34.738504470, output.go:53] Requested outputer for 
[DEBUG Aug  2 08:11:34.738525354, output.go:58] Using Plain outputer
[DEBUG Aug  2 08:11:34.738598392, termutils.go:17] Cannot get terminal size: inappropriate ioctl for device
[DEBUG Aug  2 08:11:34.738740107, client.go:128] Reporting event to 2 reporters: run-command, state-svc start, 
[DEBUG Aug  2 08:11:34.738774430, main.go:107] Running CmdStart
[DEBUG Aug  2 08:11:34.744376533, errs.go:75] Wrapped error: Service is already running -- with: valueF failed
[DEBUG Aug  2 08:11:34.744440102, errs.go:75] Wrapped error: valueF failed -- with: Could not store pid
[DEBUG Aug  2 08:11:34.744517155, errors.go:113] Wrapped input error: Could not store pid -- with: A State Service instance is already running in the background.
[DEBUG Aug  2 08:11:34.744530670, errs.go:75] Wrapped error: A State Service instance is already running in the background. -- with: Could not start serviceManager
[DEBUG Aug  2 08:11:34.744605890, client.go:128] Reporting event to 2 reporters: command-exit, state-svc start, 1
[DEBUG Aug  2 08:11:35.098230714, errs.go:75] Wrapped error: <nil> -- with: Could not start serviceManager: A State Service instance is already running in the background.: Could not store pid: valueF failed: Service is already running
[DEBUG Aug  2 08:11:35.098298779, main.go:61] state-svc errored out due to input: Could not start serviceManager: A State Service instance is already running in the background.: Could not store pid: valueF failed: Service is already running
