[DEBUG Sep 17 18:42:04.902782405, defaults.go:273] Args: [/home1/wangfeim/.local/ActiveState/StateTool/release/bin/state-svc start]
[DEBUG Sep 17 18:42:04.925806754, locale.go:38] Init
[DEBUG Sep 17 18:42:04.966312579, errs.go:68] Created error: File could not be found
[DEBUG Sep 17 18:42:04.968613602, errs.go:68] Created error: Not Recognized
[DEBUG Sep 17 18:42:04.989744214, errs.go:68] Created error: Secret not found
[DEBUG Sep 17 18:42:04.989793718, errs.go:68] Created error: Could not save keypair
[DEBUG Sep 17 18:42:04.989993803, errs.go:68] Created error: Build responded with error
[DEBUG Sep 17 18:42:04.990026396, errs.go:68] Created error: Unknown build type
[DEBUG Sep 17 18:42:04.990175543, errors.go:86] Wrapped localized error: <nil> -- with: The installed version of the State Tool Service does not match that of the client.
Please stop the service with [ACTIONABLE]state-svc stop[/RESET] and try your command again.
If this issue persists please reinstall the State Tool.

[DEBUG Sep 17 18:42:04.990187409, errs.go:68] Created error: no data
[DEBUG Sep 17 18:42:04.990215208, errs.go:68] Created error: member not found
[DEBUG Sep 17 18:42:04.990239018, errs.go:68] Created error: Commit count is unknowable
[DEBUG Sep 17 18:42:04.990263886, errs.go:68] Created error: No merge required
[DEBUG Sep 17 18:42:04.990289243, errs.go:68] Created error: Can't merge commit thats already in target commits history
[DEBUG Sep 17 18:42:04.990457561, errs.go:68] Created error: Bad expander name
[DEBUG Sep 17 18:42:04.990484729, errs.go:68] Created error: Expander has no handler
[DEBUG Sep 17 18:42:04.991779489, errs.go:68] Created error: Service is already running
[DEBUG Sep 17 18:42:05.022975935, secrets.go:35] Gcloud Secretmanager failed to initialize (ignore if you're not trying to use gcloud): google: could not find default credentials. See https://developers.google.com/accounts/docs/application-default-credentials for more information.
[DEBUG Sep 17 18:42:05.026548432, output.go:53] Requested outputer for 
[DEBUG Sep 17 18:42:05.026564066, output.go:58] Using Plain outputer
[DEBUG Sep 17 18:42:05.026615104, termutils.go:17] Cannot get terminal size: inappropriate ioctl for device
[DEBUG Sep 17 18:42:05.026690323, main.go:107] Running CmdStart
[DEBUG Sep 17 18:42:05.027841604, exeutils.go:149] Executing: /home1/wangfeim/.local/ActiveState/StateTool/release/bin/state-svc [foreground]
[DEBUG Sep 17 18:42:05.032025883, manager.go:68] Process started using pid 19277
[DEBUG Sep 17 18:42:05.032067268, client.go:128] Reporting event to 2 reporters: command-exit, state-svc start, 0
[DEBUG Sep 17 18:42:05.032255633, client.go:128] Reporting event to 2 reporters: run-command, state-svc start, 
