[DEBUG Aug  2 08:19:44.318510104, defaults.go:273] Args: [/home1/wangfeim/.local/ActiveState/StateTool/release/bin/state-svc start]
[DEBUG Aug  2 08:19:44.332685072, locale.go:38] Init
[DEBUG Aug  2 08:19:44.406829503, errs.go:68] Created error: File could not be found
[DEBUG Aug  2 08:19:44.409784537, errs.go:68] Created error: Not Recognized
[DEBUG Aug  2 08:19:44.430631104, errs.go:68] Created error: Secret not found
[DEBUG Aug  2 08:19:44.430691638, errs.go:68] Created error: Could not save keypair
[DEBUG Aug  2 08:19:44.430853708, errs.go:68] Created error: Build responded with error
[DEBUG Aug  2 08:19:44.430881159, errs.go:68] Created error: Unknown build type
[DEBUG Aug  2 08:19:44.430994316, errors.go:86] Wrapped localized error: <nil> -- with: The installed version of the State Tool Service does not match that of the client.
Please stop the service with [ACTIONABLE]state-svc stop[/RESET] and try your command again.
If this issue persists please reinstall the State Tool.

[DEBUG Aug  2 08:19:44.431008018, errs.go:68] Created error: no data
[DEBUG Aug  2 08:19:44.431031099, errs.go:68] Created error: member not found
[DEBUG Aug  2 08:19:44.431051473, errs.go:68] Created error: Commit count is unknowable
[DEBUG Aug  2 08:19:44.431079916, errs.go:68] Created error: No merge required
[DEBUG Aug  2 08:19:44.431101081, errs.go:68] Created error: Can't merge commit thats already in target commits history
[DEBUG Aug  2 08:19:44.431128493, errs.go:68] Created error: Bad expander name
[DEBUG Aug  2 08:19:44.431152651, errs.go:68] Created error: Expander has no handler
[DEBUG Aug  2 08:19:44.432406027, errs.go:68] Created error: Service is already running
[DEBUG Aug  2 08:19:44.493727642, secrets.go:35] Gcloud Secretmanager failed to initialize (ignore if you're not trying to use gcloud): google: could not find default credentials. See https://developers.google.com/accounts/docs/application-default-credentials for more information.
[DEBUG Aug  2 08:19:44.497742829, output.go:53] Requested outputer for 
[DEBUG Aug  2 08:19:44.497774511, output.go:58] Using Plain outputer
[DEBUG Aug  2 08:19:44.497878709, termutils.go:17] Cannot get terminal size: inappropriate ioctl for device
[DEBUG Aug  2 08:19:44.497954131, client.go:128] Reporting event to 2 reporters: run-command, state-svc start, 
[DEBUG Aug  2 08:19:44.498093599, main.go:107] Running CmdStart
[DEBUG Aug  2 08:19:44.505975921, errs.go:75] Wrapped error: Service is already running -- with: valueF failed
[DEBUG Aug  2 08:19:44.506061977, errs.go:75] Wrapped error: valueF failed -- with: Could not store pid
[DEBUG Aug  2 08:19:44.506169540, errors.go:113] Wrapped input error: Could not store pid -- with: A State Service instance is already running in the background.
[DEBUG Aug  2 08:19:44.506189537, errs.go:75] Wrapped error: A State Service instance is already running in the background. -- with: Could not start serviceManager
[DEBUG Aug  2 08:19:44.506295100, client.go:128] Reporting event to 2 reporters: command-exit, state-svc start, 1
[DEBUG Aug  2 08:19:44.899445053, errs.go:75] Wrapped error: <nil> -- with: Could not start serviceManager: A State Service instance is already running in the background.: Could not store pid: valueF failed: Service is already running
[DEBUG Aug  2 08:19:44.899531144, main.go:61] state-svc errored out due to input: Could not start serviceManager: A State Service instance is already running in the background.: Could not store pid: valueF failed: Service is already running
