[DEBUG Aug  2 08:09:17.137319276, defaults.go:273] Args: [/home1/wangfeim/.local/ActiveState/StateTool/release/bin/state-svc start]
[DEBUG Aug  2 08:09:17.150582641, locale.go:38] Init
[DEBUG Aug  2 08:09:17.526289620, errs.go:68] Created error: File could not be found
[DEBUG Aug  2 08:09:17.529938354, errs.go:68] Created error: Not Recognized
[DEBUG Aug  2 08:09:17.553680118, errs.go:68] Created error: Secret not found
[DEBUG Aug  2 08:09:17.553737966, errs.go:68] Created error: Could not save keypair
[DEBUG Aug  2 08:09:17.553917672, errs.go:68] Created error: Build responded with error
[DEBUG Aug  2 08:09:17.553951805, errs.go:68] Created error: Unknown build type
[DEBUG Aug  2 08:09:17.554066713, errors.go:86] Wrapped localized error: <nil> -- with: The installed version of the State Tool Service does not match that of the client.
Please stop the service with [ACTIONABLE]state-svc stop[/RESET] and try your command again.
If this issue persists please reinstall the State Tool.

[DEBUG Aug  2 08:09:17.554081307, errs.go:68] Created error: no data
[DEBUG Aug  2 08:09:17.554103633, errs.go:68] Created error: member not found
[DEBUG Aug  2 08:09:17.554127225, errs.go:68] Created error: Commit count is unknowable
[DEBUG Aug  2 08:09:17.554149939, errs.go:68] Created error: No merge required
[DEBUG Aug  2 08:09:17.554179732, errs.go:68] Created error: Can't merge commit thats already in target commits history
[DEBUG Aug  2 08:09:17.554202157, errs.go:68] Created error: Bad expander name
[DEBUG Aug  2 08:09:17.554223601, errs.go:68] Created error: Expander has no handler
[DEBUG Aug  2 08:09:17.555312886, errs.go:68] Created error: Service is already running
[DEBUG Aug  2 08:09:17.595612628, secrets.go:35] Gcloud Secretmanager failed to initialize (ignore if you're not trying to use gcloud): google: could not find default credentials. See https://developers.google.com/accounts/docs/application-default-credentials for more information.
[DEBUG Aug  2 08:09:17.599142036, output.go:53] Requested outputer for 
[DEBUG Aug  2 08:09:17.599166724, output.go:58] Using Plain outputer
[DEBUG Aug  2 08:09:17.599247002, termutils.go:17] Cannot get terminal size: inappropriate ioctl for device
[DEBUG Aug  2 08:09:17.599358196, client.go:128] Reporting event to 2 reporters: run-command, state-svc start, 
[DEBUG Aug  2 08:09:17.599399750, main.go:107] Running CmdStart
[DEBUG Aug  2 08:09:17.605459173, errs.go:75] Wrapped error: Service is already running -- with: valueF failed
[DEBUG Aug  2 08:09:17.605520388, errs.go:75] Wrapped error: valueF failed -- with: Could not store pid
[DEBUG Aug  2 08:09:17.605602068, errors.go:113] Wrapped input error: Could not store pid -- with: A State Service instance is already running in the background.
[DEBUG Aug  2 08:09:17.605615915, errs.go:75] Wrapped error: A State Service instance is already running in the background. -- with: Could not start serviceManager
[DEBUG Aug  2 08:09:17.605691188, client.go:128] Reporting event to 2 reporters: command-exit, state-svc start, 1
[DEBUG Aug  2 08:09:17.948910948, errs.go:75] Wrapped error: <nil> -- with: Could not start serviceManager: A State Service instance is already running in the background.: Could not store pid: valueF failed: Service is already running
[DEBUG Aug  2 08:09:17.948971801, main.go:61] state-svc errored out due to input: Could not start serviceManager: A State Service instance is already running in the background.: Could not store pid: valueF failed: Service is already running
