[DEBUG Aug  2 07:46:54.260022118, defaults.go:273] Args: [/home1/wangfeim/.local/ActiveState/StateTool/release/bin/state-svc start]
[DEBUG Aug  2 07:46:54.274569248, locale.go:38] Init
[DEBUG Aug  2 07:46:54.512629897, errs.go:68] Created error: File could not be found
[DEBUG Aug  2 07:46:54.515701072, errs.go:68] Created error: Not Recognized
[DEBUG Aug  2 07:46:54.536547760, errs.go:68] Created error: Secret not found
[DEBUG Aug  2 07:46:54.536623462, errs.go:68] Created error: Could not save keypair
[DEBUG Aug  2 07:46:54.536944019, errs.go:68] Created error: Build responded with error
[DEBUG Aug  2 07:46:54.536995577, errs.go:68] Created error: Unknown build type
[DEBUG Aug  2 07:46:54.537181059, errors.go:86] Wrapped localized error: <nil> -- with: The installed version of the State Tool Service does not match that of the client.
Please stop the service with [ACTIONABLE]state-svc stop[/RESET] and try your command again.
If this issue persists please reinstall the State Tool.

[DEBUG Aug  2 07:46:54.537213038, errs.go:68] Created error: no data
[DEBUG Aug  2 07:46:54.537256793, errs.go:68] Created error: member not found
[DEBUG Aug  2 07:46:54.537297057, errs.go:68] Created error: Commit count is unknowable
[DEBUG Aug  2 07:46:54.537333143, errs.go:68] Created error: No merge required
[DEBUG Aug  2 07:46:54.537372072, errs.go:68] Created error: Can't merge commit thats already in target commits history
[DEBUG Aug  2 07:46:54.537426612, errs.go:68] Created error: Bad expander name
[DEBUG Aug  2 07:46:54.537514274, errs.go:68] Created error: Expander has no handler
[DEBUG Aug  2 07:46:54.539187611, errs.go:68] Created error: Service is already running
[DEBUG Aug  2 07:46:54.563839594, secrets.go:35] Gcloud Secretmanager failed to initialize (ignore if you're not trying to use gcloud): google: could not find default credentials. See https://developers.google.com/accounts/docs/application-default-credentials for more information.
[DEBUG Aug  2 07:46:54.570471193, output.go:53] Requested outputer for 
[DEBUG Aug  2 07:46:54.570821107, output.go:58] Using Plain outputer
[DEBUG Aug  2 07:46:54.571137894, client.go:128] Reporting event to 2 reporters: run-command, state-svc start, 
[DEBUG Aug  2 07:46:54.571290721, termutils.go:17] Cannot get terminal size: inappropriate ioctl for device
[DEBUG Aug  2 07:46:54.572172802, main.go:107] Running CmdStart
[DEBUG Aug  2 07:46:54.578151590, errs.go:75] Wrapped error: Service is already running -- with: valueF failed
[DEBUG Aug  2 07:46:54.578209201, errs.go:75] Wrapped error: valueF failed -- with: Could not store pid
[DEBUG Aug  2 07:46:54.578276594, errors.go:113] Wrapped input error: Could not store pid -- with: A State Service instance is already running in the background.
[DEBUG Aug  2 07:46:54.578291280, errs.go:75] Wrapped error: A State Service instance is already running in the background. -- with: Could not start serviceManager
[DEBUG Aug  2 07:46:54.578371250, client.go:128] Reporting event to 2 reporters: command-exit, state-svc start, 1
[DEBUG Aug  2 07:46:54.900056705, errs.go:75] Wrapped error: <nil> -- with: Could not start serviceManager: A State Service instance is already running in the background.: Could not store pid: valueF failed: Service is already running
[DEBUG Aug  2 07:46:54.900140605, main.go:61] state-svc errored out due to input: Could not start serviceManager: A State Service instance is already running in the background.: Could not store pid: valueF failed: Service is already running
