[DEBUG Aug  2 07:38:36.410014385, defaults.go:273] Args: [/home1/wangfeim/.local/ActiveState/StateTool/release/bin/state-svc start]
[DEBUG Aug  2 07:38:36.424472794, locale.go:38] Init
[DEBUG Aug  2 07:38:36.506794922, errs.go:68] Created error: File could not be found
[DEBUG Aug  2 07:38:36.510225253, errs.go:68] Created error: Not Recognized
[DEBUG Aug  2 07:38:36.533002146, errs.go:68] Created error: Secret not found
[DEBUG Aug  2 07:38:36.533082517, errs.go:68] Created error: Could not save keypair
[DEBUG Aug  2 07:38:36.533332857, errs.go:68] Created error: Build responded with error
[DEBUG Aug  2 07:38:36.533384416, errs.go:68] Created error: Unknown build type
[DEBUG Aug  2 07:38:36.533597320, errors.go:86] Wrapped localized error: <nil> -- with: The installed version of the State Tool Service does not match that of the client.
Please stop the service with [ACTIONABLE]state-svc stop[/RESET] and try your command again.
If this issue persists please reinstall the State Tool.

[DEBUG Aug  2 07:38:36.533621350, errs.go:68] Created error: no data
[DEBUG Aug  2 07:38:36.533658185, errs.go:68] Created error: member not found
[DEBUG Aug  2 07:38:36.533711848, errs.go:68] Created error: Commit count is unknowable
[DEBUG Aug  2 07:38:36.533747537, errs.go:68] Created error: No merge required
[DEBUG Aug  2 07:38:36.533794537, errs.go:68] Created error: Can't merge commit thats already in target commits history
[DEBUG Aug  2 07:38:36.533833314, errs.go:68] Created error: Bad expander name
[DEBUG Aug  2 07:38:36.533869035, errs.go:68] Created error: Expander has no handler
[DEBUG Aug  2 07:38:36.535143223, errs.go:68] Created error: Service is already running
[DEBUG Aug  2 07:38:36.610513638, secrets.go:35] Gcloud Secretmanager failed to initialize (ignore if you're not trying to use gcloud): google: could not find default credentials. See https://developers.google.com/accounts/docs/application-default-credentials for more information.
[DEBUG Aug  2 07:38:36.614162232, output.go:53] Requested outputer for 
[DEBUG Aug  2 07:38:36.614191287, output.go:58] Using Plain outputer
[DEBUG Aug  2 07:38:36.614263367, termutils.go:17] Cannot get terminal size: inappropriate ioctl for device
[DEBUG Aug  2 07:38:36.614295635, client.go:128] Reporting event to 2 reporters: run-command, state-svc start, 
[DEBUG Aug  2 07:38:36.614504700, main.go:107] Running CmdStart
[DEBUG Aug  2 07:38:36.620282117, errs.go:75] Wrapped error: Service is already running -- with: valueF failed
[DEBUG Aug  2 07:38:36.620350571, errs.go:75] Wrapped error: valueF failed -- with: Could not store pid
[DEBUG Aug  2 07:38:36.620422111, errors.go:113] Wrapped input error: Could not store pid -- with: A State Service instance is already running in the background.
[DEBUG Aug  2 07:38:36.620436036, errs.go:75] Wrapped error: A State Service instance is already running in the background. -- with: Could not start serviceManager
[DEBUG Aug  2 07:38:36.620503490, client.go:128] Reporting event to 2 reporters: command-exit, state-svc start, 1
[DEBUG Aug  2 07:38:36.993190862, errs.go:75] Wrapped error: <nil> -- with: Could not start serviceManager: A State Service instance is already running in the background.: Could not store pid: valueF failed: Service is already running
[DEBUG Aug  2 07:38:36.993258250, main.go:61] state-svc errored out due to input: Could not start serviceManager: A State Service instance is already running in the background.: Could not store pid: valueF failed: Service is already running
