[DEBUG Aug  2 07:37:05.190486816, defaults.go:273] Args: [/home1/wangfeim/.local/ActiveState/StateTool/release/bin/state-svc start]
[DEBUG Aug  2 07:37:05.204421877, locale.go:38] Init
[DEBUG Aug  2 07:37:05.290653484, errs.go:68] Created error: File could not be found
[DEBUG Aug  2 07:37:05.293951297, errs.go:68] Created error: Not Recognized
[DEBUG Aug  2 07:37:05.316050002, errs.go:68] Created error: Secret not found
[DEBUG Aug  2 07:37:05.316104767, errs.go:68] Created error: Could not save keypair
[DEBUG Aug  2 07:37:05.316324786, errs.go:68] Created error: Build responded with error
[DEBUG Aug  2 07:37:05.316356551, errs.go:68] Created error: Unknown build type
[DEBUG Aug  2 07:37:05.316485614, errors.go:86] Wrapped localized error: <nil> -- with: The installed version of the State Tool Service does not match that of the client.
Please stop the service with [ACTIONABLE]state-svc stop[/RESET] and try your command again.
If this issue persists please reinstall the State Tool.

[DEBUG Aug  2 07:37:05.316507729, errs.go:68] Created error: no data
[DEBUG Aug  2 07:37:05.316547596, errs.go:68] Created error: member not found
[DEBUG Aug  2 07:37:05.316573766, errs.go:68] Created error: Commit count is unknowable
[DEBUG Aug  2 07:37:05.316598031, errs.go:68] Created error: No merge required
[DEBUG Aug  2 07:37:05.316620245, errs.go:68] Created error: Can't merge commit thats already in target commits history
[DEBUG Aug  2 07:37:05.316647566, errs.go:68] Created error: Bad expander name
[DEBUG Aug  2 07:37:05.316670199, errs.go:68] Created error: Expander has no handler
[DEBUG Aug  2 07:37:05.317857686, errs.go:68] Created error: Service is already running
[DEBUG Aug  2 07:37:05.386784904, secrets.go:35] Gcloud Secretmanager failed to initialize (ignore if you're not trying to use gcloud): google: could not find default credentials. See https://developers.google.com/accounts/docs/application-default-credentials for more information.
[DEBUG Aug  2 07:37:05.391586185, output.go:53] Requested outputer for 
[DEBUG Aug  2 07:37:05.391610645, output.go:58] Using Plain outputer
[DEBUG Aug  2 07:37:05.391682264, termutils.go:17] Cannot get terminal size: inappropriate ioctl for device
[DEBUG Aug  2 07:37:05.391787087, client.go:128] Reporting event to 2 reporters: run-command, state-svc start, 
[DEBUG Aug  2 07:37:05.391870128, main.go:107] Running CmdStart
[DEBUG Aug  2 07:37:05.400091236, errs.go:75] Wrapped error: Service is already running -- with: valueF failed
[DEBUG Aug  2 07:37:05.400158434, errs.go:75] Wrapped error: valueF failed -- with: Could not store pid
[DEBUG Aug  2 07:37:05.400234463, errors.go:113] Wrapped input error: Could not store pid -- with: A State Service instance is already running in the background.
[DEBUG Aug  2 07:37:05.400249174, errs.go:75] Wrapped error: A State Service instance is already running in the background. -- with: Could not start serviceManager
[DEBUG Aug  2 07:37:05.400321586, client.go:128] Reporting event to 2 reporters: command-exit, state-svc start, 1
[DEBUG Aug  2 07:37:05.788349044, errs.go:75] Wrapped error: <nil> -- with: Could not start serviceManager: A State Service instance is already running in the background.: Could not store pid: valueF failed: Service is already running
[DEBUG Aug  2 07:37:05.788409227, main.go:61] state-svc errored out due to input: Could not start serviceManager: A State Service instance is already running in the background.: Could not store pid: valueF failed: Service is already running
