[DEBUG Sep 17 11:47:29.746422279, errs.go:68] Created error: File could not be found
[DEBUG Sep 17 11:47:29.752601693, errs.go:68] Created error: Not Recognized
[DEBUG Sep 17 11:47:29.746592311, log.go:184] Rollbar error: empty token

[DEBUG Sep 17 11:47:29.789376575, errs.go:68] Created error: Secret not found
[DEBUG Sep 17 11:47:29.789589850, errs.go:68] Created error: Could not save keypair
[DEBUG Sep 17 11:47:29.790023994, errs.go:68] Created error: Build responded with error
[DEBUG Sep 17 11:47:29.790162292, errs.go:68] Created error: Unknown build type
[DEBUG Sep 17 11:47:29.791402083, errors.go:86] Wrapped localized error: <nil> -- with: The installed version of the State Tool Service does not match that of the client.
Please stop the service with [ACTIONABLE]state-svc stop[/RESET] and try your command again.
If this issue persists please reinstall the State Tool.

[DEBUG Sep 17 11:47:29.791453000, errs.go:68] Created error: no data
[DEBUG Sep 17 11:47:29.791568428, errs.go:68] Created error: member not found
[DEBUG Sep 17 11:47:29.791680484, errs.go:68] Created error: Commit count is unknowable
[DEBUG Sep 17 11:47:29.791739629, errs.go:68] Created error: No merge required
[DEBUG Sep 17 11:47:29.791778903, errs.go:68] Created error: Can't merge commit thats already in target commits history
[DEBUG Sep 17 11:47:29.791822771, errs.go:68] Created error: Bad expander name
[DEBUG Sep 17 11:47:29.791949891, errs.go:68] Created error: Expander has no handler
[DEBUG Sep 17 11:47:29.796360019, errs.go:68] Created error: Service is already running
[DEBUG Sep 17 11:47:29.867267852, secrets.go:35] Gcloud Secretmanager failed to initialize (ignore if you're not trying to use gcloud): google: could not find default credentials. See https://developers.google.com/accounts/docs/application-default-credentials for more information.
[DEBUG Sep 17 11:47:29.880241081, output.go:53] Requested outputer for 
[DEBUG Sep 17 11:47:29.880332127, output.go:58] Using Plain outputer
[DEBUG Sep 17 11:47:29.880712180, termutils.go:17] Cannot get terminal size: inappropriate ioctl for device
[DEBUG Sep 17 11:47:29.880872308, main.go:107] Running CmdStart
[DEBUG Sep 17 11:47:29.884453069, errs.go:75] Wrapped error: Service is already running -- with: valueF failed
[DEBUG Sep 17 11:47:29.884494241, errs.go:75] Wrapped error: valueF failed -- with: Could not store pid
[DEBUG Sep 17 11:47:29.884567020, errors.go:113] Wrapped input error: Could not store pid -- with: A State Service instance is already running in the background.
[DEBUG Sep 17 11:47:29.884581198, errs.go:75] Wrapped error: A State Service instance is already running in the background. -- with: Could not start serviceManager
[DEBUG Sep 17 11:47:29.884634214, client.go:128] Reporting event to 2 reporters: command-exit, state-svc start, 1
[DEBUG Sep 17 11:47:29.884930574, client.go:128] Reporting event to 2 reporters: run-command, state-svc start, 
[DEBUG Sep 17 11:47:30.287073226, errs.go:75] Wrapped error: <nil> -- with: Could not start serviceManager: A State Service instance is already running in the background.: Could not store pid: valueF failed: Service is already running
[DEBUG Sep 17 11:47:30.287199430, main.go:61] state-svc errored out due to input: Could not start serviceManager: A State Service instance is already running in the background.: Could not store pid: valueF failed: Service is already running
