[DEBUG Aug  2 08:10:47.188589774, defaults.go:273] Args: [/home1/wangfeim/.local/ActiveState/StateTool/release/bin/state-svc start]
[DEBUG Aug  2 08:10:47.202996695, locale.go:38] Init
[DEBUG Aug  2 08:10:47.665440845, errs.go:68] Created error: File could not be found
[DEBUG Aug  2 08:10:47.669403733, errs.go:68] Created error: Not Recognized
[DEBUG Aug  2 08:10:47.706459162, errs.go:68] Created error: Secret not found
[DEBUG Aug  2 08:10:47.706524029, errs.go:68] Created error: Could not save keypair
[DEBUG Aug  2 08:10:47.706717671, errs.go:68] Created error: Build responded with error
[DEBUG Aug  2 08:10:47.706750545, errs.go:68] Created error: Unknown build type
[DEBUG Aug  2 08:10:47.706875066, errors.go:86] Wrapped localized error: <nil> -- with: The installed version of the State Tool Service does not match that of the client.
Please stop the service with [ACTIONABLE]state-svc stop[/RESET] and try your command again.
If this issue persists please reinstall the State Tool.

[DEBUG Aug  2 08:10:47.706891466, errs.go:68] Created error: no data
[DEBUG Aug  2 08:10:47.706917264, errs.go:68] Created error: member not found
[DEBUG Aug  2 08:10:47.706947455, errs.go:68] Created error: Commit count is unknowable
[DEBUG Aug  2 08:10:47.706979051, errs.go:68] Created error: No merge required
[DEBUG Aug  2 08:10:47.707003862, errs.go:68] Created error: Can't merge commit thats already in target commits history
[DEBUG Aug  2 08:10:47.707029335, errs.go:68] Created error: Bad expander name
[DEBUG Aug  2 08:10:47.707053882, errs.go:68] Created error: Expander has no handler
[DEBUG Aug  2 08:10:47.708297457, errs.go:68] Created error: Service is already running
[DEBUG Aug  2 08:10:47.792065537, secrets.go:35] Gcloud Secretmanager failed to initialize (ignore if you're not trying to use gcloud): google: could not find default credentials. See https://developers.google.com/accounts/docs/application-default-credentials for more information.
[DEBUG Aug  2 08:10:47.795761900, output.go:53] Requested outputer for 
[DEBUG Aug  2 08:10:47.795788802, output.go:58] Using Plain outputer
[DEBUG Aug  2 08:10:47.795879852, termutils.go:17] Cannot get terminal size: inappropriate ioctl for device
[DEBUG Aug  2 08:10:47.795970678, client.go:128] Reporting event to 2 reporters: run-command, state-svc start, 
[DEBUG Aug  2 08:10:47.796029905, main.go:107] Running CmdStart
[DEBUG Aug  2 08:10:47.802153702, errs.go:75] Wrapped error: Service is already running -- with: valueF failed
[DEBUG Aug  2 08:10:47.802222432, errs.go:75] Wrapped error: valueF failed -- with: Could not store pid
[DEBUG Aug  2 08:10:47.802308019, errors.go:113] Wrapped input error: Could not store pid -- with: A State Service instance is already running in the background.
[DEBUG Aug  2 08:10:47.802323091, errs.go:75] Wrapped error: A State Service instance is already running in the background. -- with: Could not start serviceManager
[DEBUG Aug  2 08:10:47.802427872, client.go:128] Reporting event to 2 reporters: command-exit, state-svc start, 1
[DEBUG Aug  2 08:10:48.150656895, errs.go:75] Wrapped error: <nil> -- with: Could not start serviceManager: A State Service instance is already running in the background.: Could not store pid: valueF failed: Service is already running
[DEBUG Aug  2 08:10:48.150758053, main.go:61] state-svc errored out due to input: Could not start serviceManager: A State Service instance is already running in the background.: Could not store pid: valueF failed: Service is already running
