[DEBUG Aug  2 07:48:26.309634025, defaults.go:273] Args: [/home1/wangfeim/.local/ActiveState/StateTool/release/bin/state-svc start]
[DEBUG Aug  2 07:48:26.323482663, locale.go:38] Init
[DEBUG Aug  2 07:48:27.091806357, errs.go:68] Created error: File could not be found
[DEBUG Aug  2 07:48:27.095515301, errs.go:68] Created error: Not Recognized
[DEBUG Aug  2 07:48:27.118426750, errs.go:68] Created error: Secret not found
[DEBUG Aug  2 07:48:27.118482816, errs.go:68] Created error: Could not save keypair
[DEBUG Aug  2 07:48:27.118674547, errs.go:68] Created error: Build responded with error
[DEBUG Aug  2 07:48:27.118709798, errs.go:68] Created error: Unknown build type
[DEBUG Aug  2 07:48:27.118825871, errors.go:86] Wrapped localized error: <nil> -- with: The installed version of the State Tool Service does not match that of the client.
Please stop the service with [ACTIONABLE]state-svc stop[/RESET] and try your command again.
If this issue persists please reinstall the State Tool.

[DEBUG Aug  2 07:48:27.118849209, errs.go:68] Created error: no data
[DEBUG Aug  2 07:48:27.118874393, errs.go:68] Created error: member not found
[DEBUG Aug  2 07:48:27.118906470, errs.go:68] Created error: Commit count is unknowable
[DEBUG Aug  2 07:48:27.118932684, errs.go:68] Created error: No merge required
[DEBUG Aug  2 07:48:27.118956410, errs.go:68] Created error: Can't merge commit thats already in target commits history
[DEBUG Aug  2 07:48:27.118981525, errs.go:68] Created error: Bad expander name
[DEBUG Aug  2 07:48:27.119004152, errs.go:68] Created error: Expander has no handler
[DEBUG Aug  2 07:48:27.120184883, errs.go:68] Created error: Service is already running
[DEBUG Aug  2 07:48:27.190200637, secrets.go:35] Gcloud Secretmanager failed to initialize (ignore if you're not trying to use gcloud): google: could not find default credentials. See https://developers.google.com/accounts/docs/application-default-credentials for more information.
[DEBUG Aug  2 07:48:27.193778728, output.go:53] Requested outputer for 
[DEBUG Aug  2 07:48:27.193804288, output.go:58] Using Plain outputer
[DEBUG Aug  2 07:48:27.193869617, termutils.go:17] Cannot get terminal size: inappropriate ioctl for device
[DEBUG Aug  2 07:48:27.193970879, client.go:128] Reporting event to 2 reporters: run-command, state-svc start, 
[DEBUG Aug  2 07:48:27.194036857, main.go:107] Running CmdStart
[DEBUG Aug  2 07:48:27.199797025, errs.go:75] Wrapped error: Service is already running -- with: valueF failed
[DEBUG Aug  2 07:48:27.199849420, errs.go:75] Wrapped error: valueF failed -- with: Could not store pid
[DEBUG Aug  2 07:48:27.199935405, errors.go:113] Wrapped input error: Could not store pid -- with: A State Service instance is already running in the background.
[DEBUG Aug  2 07:48:27.199951593, errs.go:75] Wrapped error: A State Service instance is already running in the background. -- with: Could not start serviceManager
[DEBUG Aug  2 07:48:27.200010436, client.go:128] Reporting event to 2 reporters: command-exit, state-svc start, 1
[DEBUG Aug  2 07:48:27.530675536, errs.go:75] Wrapped error: <nil> -- with: Could not start serviceManager: A State Service instance is already running in the background.: Could not store pid: valueF failed: Service is already running
[DEBUG Aug  2 07:48:27.530745580, main.go:61] state-svc errored out due to input: Could not start serviceManager: A State Service instance is already running in the background.: Could not store pid: valueF failed: Service is already running
