[DEBUG Aug  2 08:09:49.921846343, defaults.go:273] Args: [/home1/wangfeim/.local/ActiveState/StateTool/release/bin/state-svc start]
[DEBUG Aug  2 08:09:49.935461074, locale.go:38] Init
[DEBUG Aug  2 08:09:50.002271422, errs.go:68] Created error: File could not be found
[DEBUG Aug  2 08:09:50.005296844, errs.go:68] Created error: Not Recognized
[DEBUG Aug  2 08:09:50.025688179, errs.go:68] Created error: Secret not found
[DEBUG Aug  2 08:09:50.025740786, errs.go:68] Created error: Could not save keypair
[DEBUG Aug  2 08:09:50.025916266, errs.go:68] Created error: Build responded with error
[DEBUG Aug  2 08:09:50.025941730, errs.go:68] Created error: Unknown build type
[DEBUG Aug  2 08:09:50.026069783, errors.go:86] Wrapped localized error: <nil> -- with: The installed version of the State Tool Service does not match that of the client.
Please stop the service with [ACTIONABLE]state-svc stop[/RESET] and try your command again.
If this issue persists please reinstall the State Tool.

[DEBUG Aug  2 08:09:50.026093132, errs.go:68] Created error: no data
[DEBUG Aug  2 08:09:50.026115416, errs.go:68] Created error: member not found
[DEBUG Aug  2 08:09:50.026135936, errs.go:68] Created error: Commit count is unknowable
[DEBUG Aug  2 08:09:50.026162568, errs.go:68] Created error: No merge required
[DEBUG Aug  2 08:09:50.026183902, errs.go:68] Created error: Can't merge commit thats already in target commits history
[DEBUG Aug  2 08:09:50.026210421, errs.go:68] Created error: Bad expander name
[DEBUG Aug  2 08:09:50.026230944, errs.go:68] Created error: Expander has no handler
[DEBUG Aug  2 08:09:50.027229055, errs.go:68] Created error: Service is already running
[DEBUG Aug  2 08:09:50.089559910, secrets.go:35] Gcloud Secretmanager failed to initialize (ignore if you're not trying to use gcloud): google: could not find default credentials. See https://developers.google.com/accounts/docs/application-default-credentials for more information.
[DEBUG Aug  2 08:09:50.093275746, output.go:53] Requested outputer for 
[DEBUG Aug  2 08:09:50.093304007, output.go:58] Using Plain outputer
[DEBUG Aug  2 08:09:50.093402802, termutils.go:17] Cannot get terminal size: inappropriate ioctl for device
[DEBUG Aug  2 08:09:50.093435969, client.go:128] Reporting event to 2 reporters: run-command, state-svc start, 
[DEBUG Aug  2 08:09:50.093563736, main.go:107] Running CmdStart
[DEBUG Aug  2 08:09:50.099701410, errs.go:75] Wrapped error: Service is already running -- with: valueF failed
[DEBUG Aug  2 08:09:50.099767011, errs.go:75] Wrapped error: valueF failed -- with: Could not store pid
[DEBUG Aug  2 08:09:50.099848654, errors.go:113] Wrapped input error: Could not store pid -- with: A State Service instance is already running in the background.
[DEBUG Aug  2 08:09:50.099863855, errs.go:75] Wrapped error: A State Service instance is already running in the background. -- with: Could not start serviceManager
[DEBUG Aug  2 08:09:50.099935746, client.go:128] Reporting event to 2 reporters: command-exit, state-svc start, 1
[DEBUG Aug  2 08:09:50.518693491, errs.go:75] Wrapped error: <nil> -- with: Could not start serviceManager: A State Service instance is already running in the background.: Could not store pid: valueF failed: Service is already running
[DEBUG Aug  2 08:09:50.518762590, main.go:61] state-svc errored out due to input: Could not start serviceManager: A State Service instance is already running in the background.: Could not store pid: valueF failed: Service is already running
