[DEBUG Aug  2 07:41:56.528364496, defaults.go:273] Args: [/home1/wangfeim/.local/ActiveState/StateTool/release/bin/state-svc start]
[DEBUG Aug  2 07:41:56.543394033, locale.go:38] Init
[DEBUG Aug  2 07:41:56.592247277, errs.go:68] Created error: File could not be found
[DEBUG Aug  2 07:41:56.595174077, errs.go:68] Created error: Not Recognized
[DEBUG Aug  2 07:41:56.617196222, errs.go:68] Created error: Secret not found
[DEBUG Aug  2 07:41:56.617240679, errs.go:68] Created error: Could not save keypair
[DEBUG Aug  2 07:41:56.617423789, errs.go:68] Created error: Build responded with error
[DEBUG Aug  2 07:41:56.617456659, errs.go:68] Created error: Unknown build type
[DEBUG Aug  2 07:41:56.617570622, errors.go:86] Wrapped localized error: <nil> -- with: The installed version of the State Tool Service does not match that of the client.
Please stop the service with [ACTIONABLE]state-svc stop[/RESET] and try your command again.
If this issue persists please reinstall the State Tool.

[DEBUG Aug  2 07:41:56.617583363, errs.go:68] Created error: no data
[DEBUG Aug  2 07:41:56.617606372, errs.go:68] Created error: member not found
[DEBUG Aug  2 07:41:56.617630341, errs.go:68] Created error: Commit count is unknowable
[DEBUG Aug  2 07:41:56.617651960, errs.go:68] Created error: No merge required
[DEBUG Aug  2 07:41:56.617672881, errs.go:68] Created error: Can't merge commit thats already in target commits history
[DEBUG Aug  2 07:41:56.617697265, errs.go:68] Created error: Bad expander name
[DEBUG Aug  2 07:41:56.617719887, errs.go:68] Created error: Expander has no handler
[DEBUG Aug  2 07:41:56.619828362, errs.go:68] Created error: Service is already running
[DEBUG Aug  2 07:41:56.648370994, secrets.go:35] Gcloud Secretmanager failed to initialize (ignore if you're not trying to use gcloud): google: could not find default credentials. See https://developers.google.com/accounts/docs/application-default-credentials for more information.
[DEBUG Aug  2 07:41:56.652174251, output.go:53] Requested outputer for 
[DEBUG Aug  2 07:41:56.652194071, output.go:58] Using Plain outputer
[DEBUG Aug  2 07:41:56.652286133, termutils.go:17] Cannot get terminal size: inappropriate ioctl for device
[DEBUG Aug  2 07:41:56.652367347, client.go:128] Reporting event to 2 reporters: run-command, state-svc start, 
[DEBUG Aug  2 07:41:56.653121773, main.go:107] Running CmdStart
[DEBUG Aug  2 07:41:56.690954340, errs.go:75] Wrapped error: Service is already running -- with: valueF failed
[DEBUG Aug  2 07:41:56.691011684, errs.go:75] Wrapped error: valueF failed -- with: Could not store pid
[DEBUG Aug  2 07:41:56.691082211, errors.go:113] Wrapped input error: Could not store pid -- with: A State Service instance is already running in the background.
[DEBUG Aug  2 07:41:56.691096130, errs.go:75] Wrapped error: A State Service instance is already running in the background. -- with: Could not start serviceManager
[DEBUG Aug  2 07:41:56.691157783, client.go:128] Reporting event to 2 reporters: command-exit, state-svc start, 1
[DEBUG Aug  2 07:41:57.029658810, errs.go:75] Wrapped error: <nil> -- with: Could not start serviceManager: A State Service instance is already running in the background.: Could not store pid: valueF failed: Service is already running
[DEBUG Aug  2 07:41:57.029719210, main.go:61] state-svc errored out due to input: Could not start serviceManager: A State Service instance is already running in the background.: Could not store pid: valueF failed: Service is already running
