[DEBUG Aug  2 08:02:25.295182635, defaults.go:273] Args: [/home1/wangfeim/.local/ActiveState/StateTool/release/bin/state-svc start]
[DEBUG Aug  2 08:02:25.309786724, locale.go:38] Init
[DEBUG Aug  2 08:02:25.353040181, errs.go:68] Created error: File could not be found
[DEBUG Aug  2 08:02:25.356065807, errs.go:68] Created error: Not Recognized
[DEBUG Aug  2 08:02:25.385394006, errs.go:68] Created error: Secret not found
[DEBUG Aug  2 08:02:25.385481464, errs.go:68] Created error: Could not save keypair
[DEBUG Aug  2 08:02:25.385772282, errs.go:68] Created error: Build responded with error
[DEBUG Aug  2 08:02:25.385818706, errs.go:68] Created error: Unknown build type
[DEBUG Aug  2 08:02:25.385980364, errors.go:86] Wrapped localized error: <nil> -- with: The installed version of the State Tool Service does not match that of the client.
Please stop the service with [ACTIONABLE]state-svc stop[/RESET] and try your command again.
If this issue persists please reinstall the State Tool.

[DEBUG Aug  2 08:02:25.385995913, errs.go:68] Created error: no data
[DEBUG Aug  2 08:02:25.386022059, errs.go:68] Created error: member not found
[DEBUG Aug  2 08:02:25.386046106, errs.go:68] Created error: Commit count is unknowable
[DEBUG Aug  2 08:02:25.386076220, errs.go:68] Created error: No merge required
[DEBUG Aug  2 08:02:25.386101153, errs.go:68] Created error: Can't merge commit thats already in target commits history
[DEBUG Aug  2 08:02:25.386126322, errs.go:68] Created error: Bad expander name
[DEBUG Aug  2 08:02:25.386156034, errs.go:68] Created error: Expander has no handler
[DEBUG Aug  2 08:02:25.387223040, errs.go:68] Created error: Service is already running
[DEBUG Aug  2 08:02:25.416494104, secrets.go:35] Gcloud Secretmanager failed to initialize (ignore if you're not trying to use gcloud): google: could not find default credentials. See https://developers.google.com/accounts/docs/application-default-credentials for more information.
[DEBUG Aug  2 08:02:25.420988005, output.go:53] Requested outputer for 
[DEBUG Aug  2 08:02:25.421014564, output.go:58] Using Plain outputer
[DEBUG Aug  2 08:02:25.421094778, termutils.go:17] Cannot get terminal size: inappropriate ioctl for device
[DEBUG Aug  2 08:02:25.421186099, client.go:128] Reporting event to 2 reporters: run-command, state-svc start, 
[DEBUG Aug  2 08:02:25.421247442, main.go:107] Running CmdStart
[DEBUG Aug  2 08:02:25.429616370, errs.go:75] Wrapped error: Service is already running -- with: valueF failed
[DEBUG Aug  2 08:02:25.429704280, errs.go:75] Wrapped error: valueF failed -- with: Could not store pid
[DEBUG Aug  2 08:02:25.429834003, errors.go:113] Wrapped input error: Could not store pid -- with: A State Service instance is already running in the background.
[DEBUG Aug  2 08:02:25.429855812, errs.go:75] Wrapped error: A State Service instance is already running in the background. -- with: Could not start serviceManager
[DEBUG Aug  2 08:02:25.430013548, client.go:128] Reporting event to 2 reporters: command-exit, state-svc start, 1
[DEBUG Aug  2 08:02:25.805461866, errs.go:75] Wrapped error: <nil> -- with: Could not start serviceManager: A State Service instance is already running in the background.: Could not store pid: valueF failed: Service is already running
[DEBUG Aug  2 08:02:25.805521676, main.go:61] state-svc errored out due to input: Could not start serviceManager: A State Service instance is already running in the background.: Could not store pid: valueF failed: Service is already running
