[DEBUG Aug  2 08:17:48.445138003, defaults.go:273] Args: [/home1/wangfeim/.local/ActiveState/StateTool/release/bin/state-svc start]
[DEBUG Aug  2 08:17:48.459665090, locale.go:38] Init
[DEBUG Aug  2 08:17:48.522573236, errs.go:68] Created error: File could not be found
[DEBUG Aug  2 08:17:48.528664032, errs.go:68] Created error: Not Recognized
[DEBUG Aug  2 08:17:48.549935958, errs.go:68] Created error: Secret not found
[DEBUG Aug  2 08:17:48.549991513, errs.go:68] Created error: Could not save keypair
[DEBUG Aug  2 08:17:48.550165984, errs.go:68] Created error: Build responded with error
[DEBUG Aug  2 08:17:48.550195886, errs.go:68] Created error: Unknown build type
[DEBUG Aug  2 08:17:48.550318193, errors.go:86] Wrapped localized error: <nil> -- with: The installed version of the State Tool Service does not match that of the client.
Please stop the service with [ACTIONABLE]state-svc stop[/RESET] and try your command again.
If this issue persists please reinstall the State Tool.

[DEBUG Aug  2 08:17:48.550339808, errs.go:68] Created error: no data
[DEBUG Aug  2 08:17:48.550365782, errs.go:68] Created error: member not found
[DEBUG Aug  2 08:17:48.550397713, errs.go:68] Created error: Commit count is unknowable
[DEBUG Aug  2 08:17:48.550423861, errs.go:68] Created error: No merge required
[DEBUG Aug  2 08:17:48.550448243, errs.go:68] Created error: Can't merge commit thats already in target commits history
[DEBUG Aug  2 08:17:48.550473944, errs.go:68] Created error: Bad expander name
[DEBUG Aug  2 08:17:48.550497619, errs.go:68] Created error: Expander has no handler
[DEBUG Aug  2 08:17:48.551714151, errs.go:68] Created error: Service is already running
[DEBUG Aug  2 08:17:48.600332653, secrets.go:35] Gcloud Secretmanager failed to initialize (ignore if you're not trying to use gcloud): google: could not find default credentials. See https://developers.google.com/accounts/docs/application-default-credentials for more information.
[DEBUG Aug  2 08:17:48.603360954, output.go:53] Requested outputer for 
[DEBUG Aug  2 08:17:48.603386390, output.go:58] Using Plain outputer
[DEBUG Aug  2 08:17:48.603467988, termutils.go:17] Cannot get terminal size: inappropriate ioctl for device
[DEBUG Aug  2 08:17:48.603556544, client.go:128] Reporting event to 2 reporters: run-command, state-svc start, 
[DEBUG Aug  2 08:17:48.603611797, main.go:107] Running CmdStart
[DEBUG Aug  2 08:17:48.608994020, errs.go:75] Wrapped error: Service is already running -- with: valueF failed
[DEBUG Aug  2 08:17:48.609055995, errs.go:75] Wrapped error: valueF failed -- with: Could not store pid
[DEBUG Aug  2 08:17:48.609132113, errors.go:113] Wrapped input error: Could not store pid -- with: A State Service instance is already running in the background.
[DEBUG Aug  2 08:17:48.609145369, errs.go:75] Wrapped error: A State Service instance is already running in the background. -- with: Could not start serviceManager
[DEBUG Aug  2 08:17:48.609270572, client.go:128] Reporting event to 2 reporters: command-exit, state-svc start, 1
[DEBUG Aug  2 08:17:48.990560100, errs.go:75] Wrapped error: <nil> -- with: Could not start serviceManager: A State Service instance is already running in the background.: Could not store pid: valueF failed: Service is already running
[DEBUG Aug  2 08:17:48.990656270, main.go:61] state-svc errored out due to input: Could not start serviceManager: A State Service instance is already running in the background.: Could not store pid: valueF failed: Service is already running
