[DEBUG Aug  2 08:07:31.233694454, defaults.go:273] Args: [/home1/wangfeim/.local/ActiveState/StateTool/release/bin/state-svc start]
[DEBUG Aug  2 08:07:31.246485105, locale.go:38] Init
[DEBUG Aug  2 08:07:31.290313249, errs.go:68] Created error: File could not be found
[DEBUG Aug  2 08:07:31.292868792, errs.go:68] Created error: Not Recognized
[DEBUG Aug  2 08:07:31.313027680, errs.go:68] Created error: Secret not found
[DEBUG Aug  2 08:07:31.313078620, errs.go:68] Created error: Could not save keypair
[DEBUG Aug  2 08:07:31.313227390, errs.go:68] Created error: Build responded with error
[DEBUG Aug  2 08:07:31.313253833, errs.go:68] Created error: Unknown build type
[DEBUG Aug  2 08:07:31.313358585, errors.go:86] Wrapped localized error: <nil> -- with: The installed version of the State Tool Service does not match that of the client.
Please stop the service with [ACTIONABLE]state-svc stop[/RESET] and try your command again.
If this issue persists please reinstall the State Tool.

[DEBUG Aug  2 08:07:31.313373644, errs.go:68] Created error: no data
[DEBUG Aug  2 08:07:31.313396617, errs.go:68] Created error: member not found
[DEBUG Aug  2 08:07:31.313423815, errs.go:68] Created error: Commit count is unknowable
[DEBUG Aug  2 08:07:31.313445417, errs.go:68] Created error: No merge required
[DEBUG Aug  2 08:07:31.313466727, errs.go:68] Created error: Can't merge commit thats already in target commits history
[DEBUG Aug  2 08:07:31.313497039, errs.go:68] Created error: Bad expander name
[DEBUG Aug  2 08:07:31.313523871, errs.go:68] Created error: Expander has no handler
[DEBUG Aug  2 08:07:31.314554103, errs.go:68] Created error: Service is already running
[DEBUG Aug  2 08:07:31.343688748, secrets.go:35] Gcloud Secretmanager failed to initialize (ignore if you're not trying to use gcloud): google: could not find default credentials. See https://developers.google.com/accounts/docs/application-default-credentials for more information.
[DEBUG Aug  2 08:07:31.346536614, output.go:53] Requested outputer for 
[DEBUG Aug  2 08:07:31.346563005, output.go:58] Using Plain outputer
[DEBUG Aug  2 08:07:31.346652458, termutils.go:17] Cannot get terminal size: inappropriate ioctl for device
[DEBUG Aug  2 08:07:31.346741578, client.go:128] Reporting event to 2 reporters: run-command, state-svc start, 
[DEBUG Aug  2 08:07:31.346803301, main.go:107] Running CmdStart
[DEBUG Aug  2 08:07:31.352323525, errs.go:75] Wrapped error: Service is already running -- with: valueF failed
[DEBUG Aug  2 08:07:31.352381708, errs.go:75] Wrapped error: valueF failed -- with: Could not store pid
[DEBUG Aug  2 08:07:31.352450554, errors.go:113] Wrapped input error: Could not store pid -- with: A State Service instance is already running in the background.
[DEBUG Aug  2 08:07:31.352473974, errs.go:75] Wrapped error: A State Service instance is already running in the background. -- with: Could not start serviceManager
[DEBUG Aug  2 08:07:31.352562103, client.go:128] Reporting event to 2 reporters: command-exit, state-svc start, 1
[DEBUG Aug  2 08:07:31.708399278, errs.go:75] Wrapped error: <nil> -- with: Could not start serviceManager: A State Service instance is already running in the background.: Could not store pid: valueF failed: Service is already running
[DEBUG Aug  2 08:07:31.708461060, main.go:61] state-svc errored out due to input: Could not start serviceManager: A State Service instance is already running in the background.: Could not store pid: valueF failed: Service is already running
