[DEBUG Aug  2 08:06:07.232817813, defaults.go:273] Args: [/home1/wangfeim/.local/ActiveState/StateTool/release/bin/state-svc start]
[DEBUG Aug  2 08:06:07.246570321, locale.go:38] Init
[DEBUG Aug  2 08:06:07.302473931, errs.go:68] Created error: File could not be found
[DEBUG Aug  2 08:06:07.305685701, errs.go:68] Created error: Not Recognized
[DEBUG Aug  2 08:06:07.327277052, errs.go:68] Created error: Secret not found
[DEBUG Aug  2 08:06:07.327334687, errs.go:68] Created error: Could not save keypair
[DEBUG Aug  2 08:06:07.327516408, errs.go:68] Created error: Build responded with error
[DEBUG Aug  2 08:06:07.327559031, errs.go:68] Created error: Unknown build type
[DEBUG Aug  2 08:06:07.327688664, errors.go:86] Wrapped localized error: <nil> -- with: The installed version of the State Tool Service does not match that of the client.
Please stop the service with [ACTIONABLE]state-svc stop[/RESET] and try your command again.
If this issue persists please reinstall the State Tool.

[DEBUG Aug  2 08:06:07.327704431, errs.go:68] Created error: no data
[DEBUG Aug  2 08:06:07.327729639, errs.go:68] Created error: member not found
[DEBUG Aug  2 08:06:07.327755822, errs.go:68] Created error: Commit count is unknowable
[DEBUG Aug  2 08:06:07.327779992, errs.go:68] Created error: No merge required
[DEBUG Aug  2 08:06:07.327804033, errs.go:68] Created error: Can't merge commit thats already in target commits history
[DEBUG Aug  2 08:06:07.327848807, errs.go:68] Created error: Bad expander name
[DEBUG Aug  2 08:06:07.327898272, errs.go:68] Created error: Expander has no handler
[DEBUG Aug  2 08:06:07.329409151, errs.go:68] Created error: Service is already running
[DEBUG Aug  2 08:06:07.391710646, secrets.go:35] Gcloud Secretmanager failed to initialize (ignore if you're not trying to use gcloud): google: could not find default credentials. See https://developers.google.com/accounts/docs/application-default-credentials for more information.
[DEBUG Aug  2 08:06:07.395055690, output.go:53] Requested outputer for 
[DEBUG Aug  2 08:06:07.395082281, output.go:58] Using Plain outputer
[DEBUG Aug  2 08:06:07.395154886, termutils.go:17] Cannot get terminal size: inappropriate ioctl for device
[DEBUG Aug  2 08:06:07.395236389, client.go:128] Reporting event to 2 reporters: run-command, state-svc start, 
[DEBUG Aug  2 08:06:07.395311696, main.go:107] Running CmdStart
[DEBUG Aug  2 08:06:07.401040474, errs.go:75] Wrapped error: Service is already running -- with: valueF failed
[DEBUG Aug  2 08:06:07.401097372, errs.go:75] Wrapped error: valueF failed -- with: Could not store pid
[DEBUG Aug  2 08:06:07.401168192, errors.go:113] Wrapped input error: Could not store pid -- with: A State Service instance is already running in the background.
[DEBUG Aug  2 08:06:07.401181696, errs.go:75] Wrapped error: A State Service instance is already running in the background. -- with: Could not start serviceManager
[DEBUG Aug  2 08:06:07.401268092, client.go:128] Reporting event to 2 reporters: command-exit, state-svc start, 1
[DEBUG Aug  2 08:06:07.728432923, errs.go:75] Wrapped error: <nil> -- with: Could not start serviceManager: A State Service instance is already running in the background.: Could not store pid: valueF failed: Service is already running
[DEBUG Aug  2 08:06:07.728501267, main.go:61] state-svc errored out due to input: Could not start serviceManager: A State Service instance is already running in the background.: Could not store pid: valueF failed: Service is already running
