[DEBUG Sep 17 11:50:28.107370891, errs.go:68] Created error: File could not be found
[DEBUG Sep 17 11:50:28.111365883, errs.go:68] Created error: Not Recognized
[DEBUG Sep 17 11:50:28.107500397, log.go:184] Rollbar error: empty token

[DEBUG Sep 17 11:50:28.165200216, errs.go:68] Created error: Secret not found
[DEBUG Sep 17 11:50:28.165289320, errs.go:68] Created error: Could not save keypair
[DEBUG Sep 17 11:50:28.165503862, errs.go:68] Created error: Build responded with error
[DEBUG Sep 17 11:50:28.165839515, errs.go:68] Created error: Unknown build type
[DEBUG Sep 17 11:50:28.166046906, errors.go:86] Wrapped localized error: <nil> -- with: The installed version of the State Tool Service does not match that of the client.
Please stop the service with [ACTIONABLE]state-svc stop[/RESET] and try your command again.
If this issue persists please reinstall the State Tool.

[DEBUG Sep 17 11:50:28.166113331, errs.go:68] Created error: no data
[DEBUG Sep 17 11:50:28.166178001, errs.go:68] Created error: member not found
[DEBUG Sep 17 11:50:28.166210979, errs.go:68] Created error: Commit count is unknowable
[DEBUG Sep 17 11:50:28.166244439, errs.go:68] Created error: No merge required
[DEBUG Sep 17 11:50:28.166296332, errs.go:68] Created error: Can't merge commit thats already in target commits history
[DEBUG Sep 17 11:50:28.166340145, errs.go:68] Created error: Bad expander name
[DEBUG Sep 17 11:50:28.166367934, errs.go:68] Created error: Expander has no handler
[DEBUG Sep 17 11:50:28.168243222, errs.go:68] Created error: Service is already running
[DEBUG Sep 17 11:50:28.270594802, secrets.go:35] Gcloud Secretmanager failed to initialize (ignore if you're not trying to use gcloud): google: could not find default credentials. See https://developers.google.com/accounts/docs/application-default-credentials for more information.
[DEBUG Sep 17 11:50:28.289847464, output.go:53] Requested outputer for 
[DEBUG Sep 17 11:50:28.289868836, output.go:58] Using Plain outputer
[DEBUG Sep 17 11:50:28.289951025, termutils.go:17] Cannot get terminal size: inappropriate ioctl for device
[DEBUG Sep 17 11:50:28.290035299, main.go:137] Running CmdForeground
[DEBUG Sep 17 11:50:28.290045095, main.go:147] Running in Foreground
[DEBUG Sep 17 11:50:28.290072263, client.go:128] Reporting event to 2 reporters: run-command, state-svc foreground, 
[DEBUG Sep 17 11:50:28.290327431, service.go:30] service:Start
[DEBUG Sep 17 11:50:31.495274002, errs.go:75] Wrapped error: disk I/O error (266) -- with: Could not store setting
[DEBUG Sep 17 11:50:31.495333619, errs.go:75] Wrapped error: Could not store setting -- with: Could not save config
[DEBUG Sep 17 11:50:31.495356387, errs.go:75] Wrapped error: Could not save config -- with: Could not start service
