[DEBUG Aug  2 07:33:56.196752584, defaults.go:273] Args: [/home1/wangfeim/.local/ActiveState/StateTool/release/bin/state-svc start]
[DEBUG Aug  2 07:33:56.210687259, locale.go:38] Init
[DEBUG Aug  2 07:33:56.253778124, errs.go:68] Created error: File could not be found
[DEBUG Aug  2 07:33:56.256505971, errs.go:68] Created error: Not Recognized
[DEBUG Aug  2 07:33:56.276622767, errs.go:68] Created error: Secret not found
[DEBUG Aug  2 07:33:56.276670916, errs.go:68] Created error: Could not save keypair
[DEBUG Aug  2 07:33:56.276838865, errs.go:68] Created error: Build responded with error
[DEBUG Aug  2 07:33:56.276871450, errs.go:68] Created error: Unknown build type
[DEBUG Aug  2 07:33:56.276982101, errors.go:86] Wrapped localized error: <nil> -- with: The installed version of the State Tool Service does not match that of the client.
Please stop the service with [ACTIONABLE]state-svc stop[/RESET] and try your command again.
If this issue persists please reinstall the State Tool.

[DEBUG Aug  2 07:33:56.276995715, errs.go:68] Created error: no data
[DEBUG Aug  2 07:33:56.277016891, errs.go:68] Created error: member not found
[DEBUG Aug  2 07:33:56.277039893, errs.go:68] Created error: Commit count is unknowable
[DEBUG Aug  2 07:33:56.277061267, errs.go:68] Created error: No merge required
[DEBUG Aug  2 07:33:56.277086208, errs.go:68] Created error: Can't merge commit thats already in target commits history
[DEBUG Aug  2 07:33:56.277107176, errs.go:68] Created error: Bad expander name
[DEBUG Aug  2 07:33:56.277126399, errs.go:68] Created error: Expander has no handler
[DEBUG Aug  2 07:33:56.278140730, errs.go:68] Created error: Service is already running
[DEBUG Aug  2 07:33:56.305755456, secrets.go:35] Gcloud Secretmanager failed to initialize (ignore if you're not trying to use gcloud): google: could not find default credentials. See https://developers.google.com/accounts/docs/application-default-credentials for more information.
[DEBUG Aug  2 07:33:56.309413952, output.go:53] Requested outputer for 
[DEBUG Aug  2 07:33:56.309435935, output.go:58] Using Plain outputer
[DEBUG Aug  2 07:33:56.309533705, termutils.go:17] Cannot get terminal size: inappropriate ioctl for device
[DEBUG Aug  2 07:33:56.309662445, client.go:128] Reporting event to 2 reporters: run-command, state-svc start, 
[DEBUG Aug  2 07:33:56.309814362, main.go:107] Running CmdStart
[DEBUG Aug  2 07:33:56.315610709, errs.go:75] Wrapped error: Service is already running -- with: valueF failed
[DEBUG Aug  2 07:33:56.315676535, errs.go:75] Wrapped error: valueF failed -- with: Could not store pid
[DEBUG Aug  2 07:33:56.315746355, errors.go:113] Wrapped input error: Could not store pid -- with: A State Service instance is already running in the background.
[DEBUG Aug  2 07:33:56.315758937, errs.go:75] Wrapped error: A State Service instance is already running in the background. -- with: Could not start serviceManager
[DEBUG Aug  2 07:33:56.315830111, client.go:128] Reporting event to 2 reporters: command-exit, state-svc start, 1
[DEBUG Aug  2 07:33:56.641943258, errs.go:75] Wrapped error: <nil> -- with: Could not start serviceManager: A State Service instance is already running in the background.: Could not store pid: valueF failed: Service is already running
[DEBUG Aug  2 07:33:56.641999420, main.go:61] state-svc errored out due to input: Could not start serviceManager: A State Service instance is already running in the background.: Could not store pid: valueF failed: Service is already running
