[DEBUG Aug  2 08:15:51.603169587, defaults.go:273] Args: [/home1/wangfeim/.local/ActiveState/StateTool/release/bin/state-svc start]
[DEBUG Aug  2 08:15:51.618880039, locale.go:38] Init
[DEBUG Aug  2 08:15:52.065403301, errs.go:68] Created error: File could not be found
[DEBUG Aug  2 08:15:52.068706968, errs.go:68] Created error: Not Recognized
[DEBUG Aug  2 08:15:52.090716981, errs.go:68] Created error: Secret not found
[DEBUG Aug  2 08:15:52.090770978, errs.go:68] Created error: Could not save keypair
[DEBUG Aug  2 08:15:52.090953603, errs.go:68] Created error: Build responded with error
[DEBUG Aug  2 08:15:52.090983056, errs.go:68] Created error: Unknown build type
[DEBUG Aug  2 08:15:52.091111188, errors.go:86] Wrapped localized error: <nil> -- with: The installed version of the State Tool Service does not match that of the client.
Please stop the service with [ACTIONABLE]state-svc stop[/RESET] and try your command again.
If this issue persists please reinstall the State Tool.

[DEBUG Aug  2 08:15:52.091127963, errs.go:68] Created error: no data
[DEBUG Aug  2 08:15:52.091156265, errs.go:68] Created error: member not found
[DEBUG Aug  2 08:15:52.091191944, errs.go:68] Created error: Commit count is unknowable
[DEBUG Aug  2 08:15:52.091222671, errs.go:68] Created error: No merge required
[DEBUG Aug  2 08:15:52.091247174, errs.go:68] Created error: Can't merge commit thats already in target commits history
[DEBUG Aug  2 08:15:52.091272475, errs.go:68] Created error: Bad expander name
[DEBUG Aug  2 08:15:52.091295779, errs.go:68] Created error: Expander has no handler
[DEBUG Aug  2 08:15:52.092470449, errs.go:68] Created error: Service is already running
[DEBUG Aug  2 08:15:52.125067966, secrets.go:35] Gcloud Secretmanager failed to initialize (ignore if you're not trying to use gcloud): google: could not find default credentials. See https://developers.google.com/accounts/docs/application-default-credentials for more information.
[DEBUG Aug  2 08:15:52.131188214, output.go:53] Requested outputer for 
[DEBUG Aug  2 08:15:52.131210281, output.go:58] Using Plain outputer
[DEBUG Aug  2 08:15:52.131280928, termutils.go:17] Cannot get terminal size: inappropriate ioctl for device
[DEBUG Aug  2 08:15:52.131373145, client.go:128] Reporting event to 2 reporters: run-command, state-svc start, 
[DEBUG Aug  2 08:15:52.131421951, main.go:107] Running CmdStart
[DEBUG Aug  2 08:15:52.137020297, errs.go:75] Wrapped error: Service is already running -- with: valueF failed
[DEBUG Aug  2 08:15:52.137080211, errs.go:75] Wrapped error: valueF failed -- with: Could not store pid
[DEBUG Aug  2 08:15:52.137150797, errors.go:113] Wrapped input error: Could not store pid -- with: A State Service instance is already running in the background.
[DEBUG Aug  2 08:15:52.137164695, errs.go:75] Wrapped error: A State Service instance is already running in the background. -- with: Could not start serviceManager
[DEBUG Aug  2 08:15:52.137222290, client.go:128] Reporting event to 2 reporters: command-exit, state-svc start, 1
[DEBUG Aug  2 08:15:52.470392951, errs.go:75] Wrapped error: <nil> -- with: Could not start serviceManager: A State Service instance is already running in the background.: Could not store pid: valueF failed: Service is already running
[DEBUG Aug  2 08:15:52.470497885, main.go:61] state-svc errored out due to input: Could not start serviceManager: A State Service instance is already running in the background.: Could not store pid: valueF failed: Service is already running
