[DEBUG Aug  2 07:39:57.609240049, defaults.go:273] Args: [/home1/wangfeim/.local/ActiveState/StateTool/release/bin/state-svc start]
[DEBUG Aug  2 07:39:57.623178976, locale.go:38] Init
[DEBUG Aug  2 07:39:57.745886350, errs.go:68] Created error: File could not be found
[DEBUG Aug  2 07:39:57.749683447, errs.go:68] Created error: Not Recognized
[DEBUG Aug  2 07:39:57.771115700, errs.go:68] Created error: Secret not found
[DEBUG Aug  2 07:39:57.771174828, errs.go:68] Created error: Could not save keypair
[DEBUG Aug  2 07:39:57.771346051, errs.go:68] Created error: Build responded with error
[DEBUG Aug  2 07:39:57.771375490, errs.go:68] Created error: Unknown build type
[DEBUG Aug  2 07:39:57.771499518, errors.go:86] Wrapped localized error: <nil> -- with: The installed version of the State Tool Service does not match that of the client.
Please stop the service with [ACTIONABLE]state-svc stop[/RESET] and try your command again.
If this issue persists please reinstall the State Tool.

[DEBUG Aug  2 07:39:57.771516511, errs.go:68] Created error: no data
[DEBUG Aug  2 07:39:57.771548288, errs.go:68] Created error: member not found
[DEBUG Aug  2 07:39:57.771578401, errs.go:68] Created error: Commit count is unknowable
[DEBUG Aug  2 07:39:57.771601731, errs.go:68] Created error: No merge required
[DEBUG Aug  2 07:39:57.771624617, errs.go:68] Created error: Can't merge commit thats already in target commits history
[DEBUG Aug  2 07:39:57.771649310, errs.go:68] Created error: Bad expander name
[DEBUG Aug  2 07:39:57.771677814, errs.go:68] Created error: Expander has no handler
[DEBUG Aug  2 07:39:57.772776123, errs.go:68] Created error: Service is already running
[DEBUG Aug  2 07:39:57.804632003, secrets.go:35] Gcloud Secretmanager failed to initialize (ignore if you're not trying to use gcloud): google: could not find default credentials. See https://developers.google.com/accounts/docs/application-default-credentials for more information.
[DEBUG Aug  2 07:39:57.810892644, output.go:53] Requested outputer for 
[DEBUG Aug  2 07:39:57.810915146, output.go:58] Using Plain outputer
[DEBUG Aug  2 07:39:57.810985975, termutils.go:17] Cannot get terminal size: inappropriate ioctl for device
[DEBUG Aug  2 07:39:57.811100615, client.go:128] Reporting event to 2 reporters: run-command, state-svc start, 
[DEBUG Aug  2 07:39:57.811133511, main.go:107] Running CmdStart
[DEBUG Aug  2 07:39:57.817832254, errs.go:75] Wrapped error: Service is already running -- with: valueF failed
[DEBUG Aug  2 07:39:57.817890949, errs.go:75] Wrapped error: valueF failed -- with: Could not store pid
[DEBUG Aug  2 07:39:57.817962360, errors.go:113] Wrapped input error: Could not store pid -- with: A State Service instance is already running in the background.
[DEBUG Aug  2 07:39:57.817976003, errs.go:75] Wrapped error: A State Service instance is already running in the background. -- with: Could not start serviceManager
[DEBUG Aug  2 07:39:57.818035857, client.go:128] Reporting event to 2 reporters: command-exit, state-svc start, 1
[DEBUG Aug  2 07:39:58.144627389, errs.go:75] Wrapped error: <nil> -- with: Could not start serviceManager: A State Service instance is already running in the background.: Could not store pid: valueF failed: Service is already running
[DEBUG Aug  2 07:39:58.144694146, main.go:61] state-svc errored out due to input: Could not start serviceManager: A State Service instance is already running in the background.: Could not store pid: valueF failed: Service is already running
