[DEBUG Aug  2 07:36:04.739234364, defaults.go:273] Args: [/home1/wangfeim/.local/ActiveState/StateTool/release/bin/state-svc start]
[DEBUG Aug  2 07:36:04.753886936, locale.go:38] Init
[DEBUG Aug  2 07:36:04.817716801, errs.go:68] Created error: File could not be found
[DEBUG Aug  2 07:36:04.821026669, errs.go:68] Created error: Not Recognized
[DEBUG Aug  2 07:36:04.893073167, errs.go:68] Created error: Secret not found
[DEBUG Aug  2 07:36:04.893135066, errs.go:68] Created error: Could not save keypair
[DEBUG Aug  2 07:36:04.893313845, errs.go:68] Created error: Build responded with error
[DEBUG Aug  2 07:36:04.893344781, errs.go:68] Created error: Unknown build type
[DEBUG Aug  2 07:36:04.893469281, errors.go:86] Wrapped localized error: <nil> -- with: The installed version of the State Tool Service does not match that of the client.
Please stop the service with [ACTIONABLE]state-svc stop[/RESET] and try your command again.
If this issue persists please reinstall the State Tool.

[DEBUG Aug  2 07:36:04.893487362, errs.go:68] Created error: no data
[DEBUG Aug  2 07:36:04.893512637, errs.go:68] Created error: member not found
[DEBUG Aug  2 07:36:04.893566447, errs.go:68] Created error: Commit count is unknowable
[DEBUG Aug  2 07:36:04.893591657, errs.go:68] Created error: No merge required
[DEBUG Aug  2 07:36:04.893617562, errs.go:68] Created error: Can't merge commit thats already in target commits history
[DEBUG Aug  2 07:36:04.893642058, errs.go:68] Created error: Bad expander name
[DEBUG Aug  2 07:36:04.893665491, errs.go:68] Created error: Expander has no handler
[DEBUG Aug  2 07:36:04.894939861, errs.go:68] Created error: Service is already running
[DEBUG Aug  2 07:36:04.924437775, secrets.go:35] Gcloud Secretmanager failed to initialize (ignore if you're not trying to use gcloud): google: could not find default credentials. See https://developers.google.com/accounts/docs/application-default-credentials for more information.
[DEBUG Aug  2 07:36:04.928155552, output.go:53] Requested outputer for 
[DEBUG Aug  2 07:36:04.928176761, output.go:58] Using Plain outputer
[DEBUG Aug  2 07:36:04.928238722, termutils.go:17] Cannot get terminal size: inappropriate ioctl for device
[DEBUG Aug  2 07:36:04.928335788, client.go:128] Reporting event to 2 reporters: run-command, state-svc start, 
[DEBUG Aug  2 07:36:04.928447524, main.go:107] Running CmdStart
[DEBUG Aug  2 07:36:04.934918743, errs.go:75] Wrapped error: Service is already running -- with: valueF failed
[DEBUG Aug  2 07:36:04.934984364, errs.go:75] Wrapped error: valueF failed -- with: Could not store pid
[DEBUG Aug  2 07:36:04.935058262, errors.go:113] Wrapped input error: Could not store pid -- with: A State Service instance is already running in the background.
[DEBUG Aug  2 07:36:04.935072992, errs.go:75] Wrapped error: A State Service instance is already running in the background. -- with: Could not start serviceManager
[DEBUG Aug  2 07:36:04.935143461, client.go:128] Reporting event to 2 reporters: command-exit, state-svc start, 1
[DEBUG Aug  2 07:36:05.367257900, errs.go:75] Wrapped error: <nil> -- with: Could not start serviceManager: A State Service instance is already running in the background.: Could not store pid: valueF failed: Service is already running
[DEBUG Aug  2 07:36:05.367310485, main.go:61] state-svc errored out due to input: Could not start serviceManager: A State Service instance is already running in the background.: Could not store pid: valueF failed: Service is already running
