[DEBUG Aug  2 08:06:10.236577222, defaults.go:273] Args: [/home1/wangfeim/.local/ActiveState/StateTool/release/bin/state-svc start]
[DEBUG Aug  2 08:06:10.292525868, locale.go:38] Init
[DEBUG Aug  2 08:06:10.340275531, errs.go:68] Created error: File could not be found
[DEBUG Aug  2 08:06:10.343082650, errs.go:68] Created error: Not Recognized
[DEBUG Aug  2 08:06:10.392560409, errs.go:68] Created error: Secret not found
[DEBUG Aug  2 08:06:10.392609215, errs.go:68] Created error: Could not save keypair
[DEBUG Aug  2 08:06:10.392781544, errs.go:68] Created error: Build responded with error
[DEBUG Aug  2 08:06:10.392807831, errs.go:68] Created error: Unknown build type
[DEBUG Aug  2 08:06:10.392909169, errors.go:86] Wrapped localized error: <nil> -- with: The installed version of the State Tool Service does not match that of the client.
Please stop the service with [ACTIONABLE]state-svc stop[/RESET] and try your command again.
If this issue persists please reinstall the State Tool.

[DEBUG Aug  2 08:06:10.392923816, errs.go:68] Created error: no data
[DEBUG Aug  2 08:06:10.392949118, errs.go:68] Created error: member not found
[DEBUG Aug  2 08:06:10.392977798, errs.go:68] Created error: Commit count is unknowable
[DEBUG Aug  2 08:06:10.392999475, errs.go:68] Created error: No merge required
[DEBUG Aug  2 08:06:10.393020091, errs.go:68] Created error: Can't merge commit thats already in target commits history
[DEBUG Aug  2 08:06:10.393041752, errs.go:68] Created error: Bad expander name
[DEBUG Aug  2 08:06:10.393062461, errs.go:68] Created error: Expander has no handler
[DEBUG Aug  2 08:06:10.394155985, errs.go:68] Created error: Service is already running
[DEBUG Aug  2 08:06:10.421683385, secrets.go:35] Gcloud Secretmanager failed to initialize (ignore if you're not trying to use gcloud): google: could not find default credentials. See https://developers.google.com/accounts/docs/application-default-credentials for more information.
[DEBUG Aug  2 08:06:10.425305192, output.go:53] Requested outputer for 
[DEBUG Aug  2 08:06:10.425325868, output.go:58] Using Plain outputer
[DEBUG Aug  2 08:06:10.425380131, termutils.go:17] Cannot get terminal size: inappropriate ioctl for device
[DEBUG Aug  2 08:06:10.425507764, client.go:128] Reporting event to 2 reporters: run-command, state-svc start, 
[DEBUG Aug  2 08:06:10.425591855, main.go:107] Running CmdStart
[DEBUG Aug  2 08:06:10.431292801, errs.go:75] Wrapped error: Service is already running -- with: valueF failed
[DEBUG Aug  2 08:06:10.431356082, errs.go:75] Wrapped error: valueF failed -- with: Could not store pid
[DEBUG Aug  2 08:06:10.431422159, errors.go:113] Wrapped input error: Could not store pid -- with: A State Service instance is already running in the background.
[DEBUG Aug  2 08:06:10.431435721, errs.go:75] Wrapped error: A State Service instance is already running in the background. -- with: Could not start serviceManager
[DEBUG Aug  2 08:06:10.431510700, client.go:128] Reporting event to 2 reporters: command-exit, state-svc start, 1
[DEBUG Aug  2 08:06:10.801337212, errs.go:75] Wrapped error: <nil> -- with: Could not start serviceManager: A State Service instance is already running in the background.: Could not store pid: valueF failed: Service is already running
[DEBUG Aug  2 08:06:10.801424348, main.go:61] state-svc errored out due to input: Could not start serviceManager: A State Service instance is already running in the background.: Could not store pid: valueF failed: Service is already running
