[DEBUG Aug  2 07:56:58.850200053, defaults.go:273] Args: [/home1/wangfeim/.local/ActiveState/StateTool/release/bin/state-svc start]
[DEBUG Aug  2 07:56:58.864954018, locale.go:38] Init
[DEBUG Aug  2 07:56:59.938396099, errs.go:68] Created error: File could not be found
[DEBUG Aug  2 07:56:59.941637432, errs.go:68] Created error: Not Recognized
[DEBUG Aug  2 07:56:59.963468160, errs.go:68] Created error: Secret not found
[DEBUG Aug  2 07:56:59.963522507, errs.go:68] Created error: Could not save keypair
[DEBUG Aug  2 07:56:59.963710887, errs.go:68] Created error: Build responded with error
[DEBUG Aug  2 07:56:59.963749681, errs.go:68] Created error: Unknown build type
[DEBUG Aug  2 07:56:59.963864909, errors.go:86] Wrapped localized error: <nil> -- with: The installed version of the State Tool Service does not match that of the client.
Please stop the service with [ACTIONABLE]state-svc stop[/RESET] and try your command again.
If this issue persists please reinstall the State Tool.

[DEBUG Aug  2 07:56:59.963880383, errs.go:68] Created error: no data
[DEBUG Aug  2 07:56:59.963906791, errs.go:68] Created error: member not found
[DEBUG Aug  2 07:56:59.963930889, errs.go:68] Created error: Commit count is unknowable
[DEBUG Aug  2 07:56:59.963954504, errs.go:68] Created error: No merge required
[DEBUG Aug  2 07:56:59.963977414, errs.go:68] Created error: Can't merge commit thats already in target commits history
[DEBUG Aug  2 07:56:59.964001370, errs.go:68] Created error: Bad expander name
[DEBUG Aug  2 07:56:59.964024323, errs.go:68] Created error: Expander has no handler
[DEBUG Aug  2 07:56:59.965188573, errs.go:68] Created error: Service is already running
[DEBUG Aug  2 07:56:59.999868851, secrets.go:35] Gcloud Secretmanager failed to initialize (ignore if you're not trying to use gcloud): google: could not find default credentials. See https://developers.google.com/accounts/docs/application-default-credentials for more information.
[DEBUG Aug  2 07:57:00.005526686, output.go:53] Requested outputer for 
[DEBUG Aug  2 07:57:00.005562671, output.go:58] Using Plain outputer
[DEBUG Aug  2 07:57:00.005650640, termutils.go:17] Cannot get terminal size: inappropriate ioctl for device
[DEBUG Aug  2 07:57:00.005730557, client.go:128] Reporting event to 2 reporters: run-command, state-svc start, 
[DEBUG Aug  2 07:57:00.005802842, main.go:107] Running CmdStart
[DEBUG Aug  2 07:57:00.013324799, errs.go:75] Wrapped error: Service is already running -- with: valueF failed
[DEBUG Aug  2 07:57:00.013386259, errs.go:75] Wrapped error: valueF failed -- with: Could not store pid
[DEBUG Aug  2 07:57:00.013461569, errors.go:113] Wrapped input error: Could not store pid -- with: A State Service instance is already running in the background.
[DEBUG Aug  2 07:57:00.013476395, errs.go:75] Wrapped error: A State Service instance is already running in the background. -- with: Could not start serviceManager
[DEBUG Aug  2 07:57:00.013576717, client.go:128] Reporting event to 2 reporters: command-exit, state-svc start, 1
[DEBUG Aug  2 07:57:00.342921723, errs.go:75] Wrapped error: <nil> -- with: Could not start serviceManager: A State Service instance is already running in the background.: Could not store pid: valueF failed: Service is already running
[DEBUG Aug  2 07:57:00.343001899, main.go:61] state-svc errored out due to input: Could not start serviceManager: A State Service instance is already running in the background.: Could not store pid: valueF failed: Service is already running
