[DEBUG Aug  2 07:36:40.585133035, defaults.go:273] Args: [/home1/wangfeim/.local/ActiveState/StateTool/release/bin/state-svc start]
[DEBUG Aug  2 07:36:40.599426336, locale.go:38] Init
[DEBUG Aug  2 07:36:40.739353154, errs.go:68] Created error: File could not be found
[DEBUG Aug  2 07:36:40.742265954, errs.go:68] Created error: Not Recognized
[DEBUG Aug  2 07:36:40.763925282, errs.go:68] Created error: Secret not found
[DEBUG Aug  2 07:36:40.763977971, errs.go:68] Created error: Could not save keypair
[DEBUG Aug  2 07:36:40.764161700, errs.go:68] Created error: Build responded with error
[DEBUG Aug  2 07:36:40.764198694, errs.go:68] Created error: Unknown build type
[DEBUG Aug  2 07:36:40.764314306, errors.go:86] Wrapped localized error: <nil> -- with: The installed version of the State Tool Service does not match that of the client.
Please stop the service with [ACTIONABLE]state-svc stop[/RESET] and try your command again.
If this issue persists please reinstall the State Tool.

[DEBUG Aug  2 07:36:40.764330465, errs.go:68] Created error: no data
[DEBUG Aug  2 07:36:40.764355159, errs.go:68] Created error: member not found
[DEBUG Aug  2 07:36:40.764379581, errs.go:68] Created error: Commit count is unknowable
[DEBUG Aug  2 07:36:40.764411400, errs.go:68] Created error: No merge required
[DEBUG Aug  2 07:36:40.764435170, errs.go:68] Created error: Can't merge commit thats already in target commits history
[DEBUG Aug  2 07:36:40.764459657, errs.go:68] Created error: Bad expander name
[DEBUG Aug  2 07:36:40.764482675, errs.go:68] Created error: Expander has no handler
[DEBUG Aug  2 07:36:40.765700640, errs.go:68] Created error: Service is already running
[DEBUG Aug  2 07:36:40.804725102, secrets.go:35] Gcloud Secretmanager failed to initialize (ignore if you're not trying to use gcloud): google: could not find default credentials. See https://developers.google.com/accounts/docs/application-default-credentials for more information.
[DEBUG Aug  2 07:36:40.809224400, output.go:53] Requested outputer for 
[DEBUG Aug  2 07:36:40.809249410, output.go:58] Using Plain outputer
[DEBUG Aug  2 07:36:40.809324088, termutils.go:17] Cannot get terminal size: inappropriate ioctl for device
[DEBUG Aug  2 07:36:40.809428814, client.go:128] Reporting event to 2 reporters: run-command, state-svc start, 
[DEBUG Aug  2 07:36:40.809490931, main.go:107] Running CmdStart
[DEBUG Aug  2 07:36:40.815589874, errs.go:75] Wrapped error: Service is already running -- with: valueF failed
[DEBUG Aug  2 07:36:40.815652628, errs.go:75] Wrapped error: valueF failed -- with: Could not store pid
[DEBUG Aug  2 07:36:40.815741544, errors.go:113] Wrapped input error: Could not store pid -- with: A State Service instance is already running in the background.
[DEBUG Aug  2 07:36:40.815757577, errs.go:75] Wrapped error: A State Service instance is already running in the background. -- with: Could not start serviceManager
[DEBUG Aug  2 07:36:40.815856119, client.go:128] Reporting event to 2 reporters: command-exit, state-svc start, 1
[DEBUG Aug  2 07:36:41.184745557, errs.go:75] Wrapped error: <nil> -- with: Could not start serviceManager: A State Service instance is already running in the background.: Could not store pid: valueF failed: Service is already running
[DEBUG Aug  2 07:36:41.184808985, main.go:61] state-svc errored out due to input: Could not start serviceManager: A State Service instance is already running in the background.: Could not store pid: valueF failed: Service is already running
