[DEBUG Aug  2 07:37:58.883464059, defaults.go:273] Args: [/home1/wangfeim/.local/ActiveState/StateTool/release/bin/state-svc start]
[DEBUG Aug  2 07:37:58.899065041, locale.go:38] Init
[DEBUG Aug  2 07:37:58.947153136, errs.go:68] Created error: File could not be found
[DEBUG Aug  2 07:37:58.951033757, errs.go:68] Created error: Not Recognized
[DEBUG Aug  2 07:37:59.001815672, errs.go:68] Created error: Secret not found
[DEBUG Aug  2 07:37:59.001876779, errs.go:68] Created error: Could not save keypair
[DEBUG Aug  2 07:37:59.002055459, errs.go:68] Created error: Build responded with error
[DEBUG Aug  2 07:37:59.002091423, errs.go:68] Created error: Unknown build type
[DEBUG Aug  2 07:37:59.002202631, errors.go:86] Wrapped localized error: <nil> -- with: The installed version of the State Tool Service does not match that of the client.
Please stop the service with [ACTIONABLE]state-svc stop[/RESET] and try your command again.
If this issue persists please reinstall the State Tool.

[DEBUG Aug  2 07:37:59.002217515, errs.go:68] Created error: no data
[DEBUG Aug  2 07:37:59.002246542, errs.go:68] Created error: member not found
[DEBUG Aug  2 07:37:59.002270832, errs.go:68] Created error: Commit count is unknowable
[DEBUG Aug  2 07:37:59.002293882, errs.go:68] Created error: No merge required
[DEBUG Aug  2 07:37:59.002317068, errs.go:68] Created error: Can't merge commit thats already in target commits history
[DEBUG Aug  2 07:37:59.002345131, errs.go:68] Created error: Bad expander name
[DEBUG Aug  2 07:37:59.002368315, errs.go:68] Created error: Expander has no handler
[DEBUG Aug  2 07:37:59.003352470, errs.go:68] Created error: Service is already running
[DEBUG Aug  2 07:37:59.033670749, secrets.go:35] Gcloud Secretmanager failed to initialize (ignore if you're not trying to use gcloud): google: could not find default credentials. See https://developers.google.com/accounts/docs/application-default-credentials for more information.
[DEBUG Aug  2 07:37:59.037703565, output.go:53] Requested outputer for 
[DEBUG Aug  2 07:37:59.037728773, output.go:58] Using Plain outputer
[DEBUG Aug  2 07:37:59.037812081, termutils.go:17] Cannot get terminal size: inappropriate ioctl for device
[DEBUG Aug  2 07:37:59.037853353, client.go:128] Reporting event to 2 reporters: run-command, state-svc start, 
[DEBUG Aug  2 07:37:59.037976053, main.go:107] Running CmdStart
[DEBUG Aug  2 07:37:59.044145944, errs.go:75] Wrapped error: Service is already running -- with: valueF failed
[DEBUG Aug  2 07:37:59.044212133, errs.go:75] Wrapped error: valueF failed -- with: Could not store pid
[DEBUG Aug  2 07:37:59.044304262, errors.go:113] Wrapped input error: Could not store pid -- with: A State Service instance is already running in the background.
[DEBUG Aug  2 07:37:59.044319695, errs.go:75] Wrapped error: A State Service instance is already running in the background. -- with: Could not start serviceManager
[DEBUG Aug  2 07:37:59.044393883, client.go:128] Reporting event to 2 reporters: command-exit, state-svc start, 1
[DEBUG Aug  2 07:37:59.403679324, errs.go:75] Wrapped error: <nil> -- with: Could not start serviceManager: A State Service instance is already running in the background.: Could not store pid: valueF failed: Service is already running
[DEBUG Aug  2 07:37:59.403807768, main.go:61] state-svc errored out due to input: Could not start serviceManager: A State Service instance is already running in the background.: Could not store pid: valueF failed: Service is already running
