[DEBUG Aug  2 07:58:49.112623255, defaults.go:273] Args: [/home1/wangfeim/.local/ActiveState/StateTool/release/bin/state-svc start]
[DEBUG Aug  2 07:58:49.126688310, locale.go:38] Init
[DEBUG Aug  2 07:58:49.298523825, errs.go:68] Created error: File could not be found
[DEBUG Aug  2 07:58:49.302038347, errs.go:68] Created error: Not Recognized
[DEBUG Aug  2 07:58:49.323294404, errs.go:68] Created error: Secret not found
[DEBUG Aug  2 07:58:49.323345311, errs.go:68] Created error: Could not save keypair
[DEBUG Aug  2 07:58:49.323521394, errs.go:68] Created error: Build responded with error
[DEBUG Aug  2 07:58:49.323557278, errs.go:68] Created error: Unknown build type
[DEBUG Aug  2 07:58:49.323676279, errors.go:86] Wrapped localized error: <nil> -- with: The installed version of the State Tool Service does not match that of the client.
Please stop the service with [ACTIONABLE]state-svc stop[/RESET] and try your command again.
If this issue persists please reinstall the State Tool.

[DEBUG Aug  2 07:58:49.323691284, errs.go:68] Created error: no data
[DEBUG Aug  2 07:58:49.323721617, errs.go:68] Created error: member not found
[DEBUG Aug  2 07:58:49.323752363, errs.go:68] Created error: Commit count is unknowable
[DEBUG Aug  2 07:58:49.323775939, errs.go:68] Created error: No merge required
[DEBUG Aug  2 07:58:49.323804178, errs.go:68] Created error: Can't merge commit thats already in target commits history
[DEBUG Aug  2 07:58:49.323829283, errs.go:68] Created error: Bad expander name
[DEBUG Aug  2 07:58:49.323852087, errs.go:68] Created error: Expander has no handler
[DEBUG Aug  2 07:58:49.324899176, errs.go:68] Created error: Service is already running
[DEBUG Aug  2 07:58:49.390409707, secrets.go:35] Gcloud Secretmanager failed to initialize (ignore if you're not trying to use gcloud): google: could not find default credentials. See https://developers.google.com/accounts/docs/application-default-credentials for more information.
[DEBUG Aug  2 07:58:49.394350144, output.go:53] Requested outputer for 
[DEBUG Aug  2 07:58:49.394374203, output.go:58] Using Plain outputer
[DEBUG Aug  2 07:58:49.394440778, termutils.go:17] Cannot get terminal size: inappropriate ioctl for device
[DEBUG Aug  2 07:58:49.394532135, client.go:128] Reporting event to 2 reporters: run-command, state-svc start, 
[DEBUG Aug  2 07:58:49.394594330, main.go:107] Running CmdStart
[DEBUG Aug  2 07:58:49.400525891, errs.go:75] Wrapped error: Service is already running -- with: valueF failed
[DEBUG Aug  2 07:58:49.400603647, errs.go:75] Wrapped error: valueF failed -- with: Could not store pid
[DEBUG Aug  2 07:58:49.400675099, errors.go:113] Wrapped input error: Could not store pid -- with: A State Service instance is already running in the background.
[DEBUG Aug  2 07:58:49.400690432, errs.go:75] Wrapped error: A State Service instance is already running in the background. -- with: Could not start serviceManager
[DEBUG Aug  2 07:58:49.400762890, client.go:128] Reporting event to 2 reporters: command-exit, state-svc start, 1
[DEBUG Aug  2 07:58:49.771095361, errs.go:75] Wrapped error: <nil> -- with: Could not start serviceManager: A State Service instance is already running in the background.: Could not store pid: valueF failed: Service is already running
[DEBUG Aug  2 07:58:49.771152259, main.go:61] state-svc errored out due to input: Could not start serviceManager: A State Service instance is already running in the background.: Could not store pid: valueF failed: Service is already running
