[DEBUG Aug  2 08:05:17.000125306, defaults.go:273] Args: [/home1/wangfeim/.local/ActiveState/StateTool/release/bin/state-svc start]
[DEBUG Aug  2 08:05:17.014678105, locale.go:38] Init
[DEBUG Aug  2 08:05:17.109360245, errs.go:68] Created error: File could not be found
[DEBUG Aug  2 08:05:17.112774896, errs.go:68] Created error: Not Recognized
[DEBUG Aug  2 08:05:17.132989074, errs.go:68] Created error: Secret not found
[DEBUG Aug  2 08:05:17.133049048, errs.go:68] Created error: Could not save keypair
[DEBUG Aug  2 08:05:17.133224560, errs.go:68] Created error: Build responded with error
[DEBUG Aug  2 08:05:17.133253213, errs.go:68] Created error: Unknown build type
[DEBUG Aug  2 08:05:17.133378654, errors.go:86] Wrapped localized error: <nil> -- with: The installed version of the State Tool Service does not match that of the client.
Please stop the service with [ACTIONABLE]state-svc stop[/RESET] and try your command again.
If this issue persists please reinstall the State Tool.

[DEBUG Aug  2 08:05:17.133395155, errs.go:68] Created error: no data
[DEBUG Aug  2 08:05:17.133419093, errs.go:68] Created error: member not found
[DEBUG Aug  2 08:05:17.133448402, errs.go:68] Created error: Commit count is unknowable
[DEBUG Aug  2 08:05:17.133487000, errs.go:68] Created error: No merge required
[DEBUG Aug  2 08:05:17.133511865, errs.go:68] Created error: Can't merge commit thats already in target commits history
[DEBUG Aug  2 08:05:17.133536777, errs.go:68] Created error: Bad expander name
[DEBUG Aug  2 08:05:17.133567937, errs.go:68] Created error: Expander has no handler
[DEBUG Aug  2 08:05:17.134768350, errs.go:68] Created error: Service is already running
[DEBUG Aug  2 08:05:17.206183328, secrets.go:35] Gcloud Secretmanager failed to initialize (ignore if you're not trying to use gcloud): google: could not find default credentials. See https://developers.google.com/accounts/docs/application-default-credentials for more information.
[DEBUG Aug  2 08:05:17.209233445, output.go:53] Requested outputer for 
[DEBUG Aug  2 08:05:17.209258184, output.go:58] Using Plain outputer
[DEBUG Aug  2 08:05:17.209342546, termutils.go:17] Cannot get terminal size: inappropriate ioctl for device
[DEBUG Aug  2 08:05:17.209420010, client.go:128] Reporting event to 2 reporters: run-command, state-svc start, 
[DEBUG Aug  2 08:05:17.209479917, main.go:107] Running CmdStart
[DEBUG Aug  2 08:05:17.215149516, errs.go:75] Wrapped error: Service is already running -- with: valueF failed
[DEBUG Aug  2 08:05:17.215211924, errs.go:75] Wrapped error: valueF failed -- with: Could not store pid
[DEBUG Aug  2 08:05:17.215291266, errors.go:113] Wrapped input error: Could not store pid -- with: A State Service instance is already running in the background.
[DEBUG Aug  2 08:05:17.215305475, errs.go:75] Wrapped error: A State Service instance is already running in the background. -- with: Could not start serviceManager
[DEBUG Aug  2 08:05:17.215375479, client.go:128] Reporting event to 2 reporters: command-exit, state-svc start, 1
[DEBUG Aug  2 08:05:17.573510215, errs.go:75] Wrapped error: <nil> -- with: Could not start serviceManager: A State Service instance is already running in the background.: Could not store pid: valueF failed: Service is already running
[DEBUG Aug  2 08:05:17.573582214, main.go:61] state-svc errored out due to input: Could not start serviceManager: A State Service instance is already running in the background.: Could not store pid: valueF failed: Service is already running
