[DEBUG Aug  2 07:45:02.845423205, defaults.go:273] Args: [/home1/wangfeim/.local/ActiveState/StateTool/release/bin/state-svc start]
[DEBUG Aug  2 07:45:02.859178921, locale.go:38] Init
[DEBUG Aug  2 07:45:02.924492598, errs.go:68] Created error: File could not be found
[DEBUG Aug  2 07:45:02.927390069, errs.go:68] Created error: Not Recognized
[DEBUG Aug  2 07:45:02.948136150, errs.go:68] Created error: Secret not found
[DEBUG Aug  2 07:45:02.948190284, errs.go:68] Created error: Could not save keypair
[DEBUG Aug  2 07:45:02.948364665, errs.go:68] Created error: Build responded with error
[DEBUG Aug  2 07:45:02.948396338, errs.go:68] Created error: Unknown build type
[DEBUG Aug  2 07:45:02.948502534, errors.go:86] Wrapped localized error: <nil> -- with: The installed version of the State Tool Service does not match that of the client.
Please stop the service with [ACTIONABLE]state-svc stop[/RESET] and try your command again.
If this issue persists please reinstall the State Tool.

[DEBUG Aug  2 07:45:02.948516884, errs.go:68] Created error: no data
[DEBUG Aug  2 07:45:02.948549830, errs.go:68] Created error: member not found
[DEBUG Aug  2 07:45:02.948573626, errs.go:68] Created error: Commit count is unknowable
[DEBUG Aug  2 07:45:02.948597570, errs.go:68] Created error: No merge required
[DEBUG Aug  2 07:45:02.948621160, errs.go:68] Created error: Can't merge commit thats already in target commits history
[DEBUG Aug  2 07:45:02.948645032, errs.go:68] Created error: Bad expander name
[DEBUG Aug  2 07:45:02.948677172, errs.go:68] Created error: Expander has no handler
[DEBUG Aug  2 07:45:02.985494219, errs.go:68] Created error: Service is already running
[DEBUG Aug  2 07:45:03.012384213, secrets.go:35] Gcloud Secretmanager failed to initialize (ignore if you're not trying to use gcloud): google: could not find default credentials. See https://developers.google.com/accounts/docs/application-default-credentials for more information.
[DEBUG Aug  2 07:45:03.015557361, output.go:53] Requested outputer for 
[DEBUG Aug  2 07:45:03.015578473, output.go:58] Using Plain outputer
[DEBUG Aug  2 07:45:03.015652882, termutils.go:17] Cannot get terminal size: inappropriate ioctl for device
[DEBUG Aug  2 07:45:03.015740624, client.go:128] Reporting event to 2 reporters: run-command, state-svc start, 
[DEBUG Aug  2 07:45:03.015780448, main.go:107] Running CmdStart
[DEBUG Aug  2 07:45:03.023298991, errs.go:75] Wrapped error: Service is already running -- with: valueF failed
[DEBUG Aug  2 07:45:03.023373823, errs.go:75] Wrapped error: valueF failed -- with: Could not store pid
[DEBUG Aug  2 07:45:03.023448953, errors.go:113] Wrapped input error: Could not store pid -- with: A State Service instance is already running in the background.
[DEBUG Aug  2 07:45:03.023466349, errs.go:75] Wrapped error: A State Service instance is already running in the background. -- with: Could not start serviceManager
[DEBUG Aug  2 07:45:03.023546447, client.go:128] Reporting event to 2 reporters: command-exit, state-svc start, 1
[DEBUG Aug  2 07:45:03.412263285, errs.go:75] Wrapped error: <nil> -- with: Could not start serviceManager: A State Service instance is already running in the background.: Could not store pid: valueF failed: Service is already running
[DEBUG Aug  2 07:45:03.412329870, main.go:61] state-svc errored out due to input: Could not start serviceManager: A State Service instance is already running in the background.: Could not store pid: valueF failed: Service is already running
