[DEBUG Aug  2 08:01:18.126022829, defaults.go:273] Args: [/home1/wangfeim/.local/ActiveState/StateTool/release/bin/state-svc start]
[DEBUG Aug  2 08:01:18.140784375, locale.go:38] Init
[DEBUG Aug  2 08:01:18.912712058, errs.go:68] Created error: File could not be found
[DEBUG Aug  2 08:01:18.916403306, errs.go:68] Created error: Not Recognized
[DEBUG Aug  2 08:01:18.938854000, errs.go:68] Created error: Secret not found
[DEBUG Aug  2 08:01:18.938934289, errs.go:68] Created error: Could not save keypair
[DEBUG Aug  2 08:01:18.939162685, errs.go:68] Created error: Build responded with error
[DEBUG Aug  2 08:01:18.939197495, errs.go:68] Created error: Unknown build type
[DEBUG Aug  2 08:01:18.939347876, errors.go:86] Wrapped localized error: <nil> -- with: The installed version of the State Tool Service does not match that of the client.
Please stop the service with [ACTIONABLE]state-svc stop[/RESET] and try your command again.
If this issue persists please reinstall the State Tool.

[DEBUG Aug  2 08:01:18.939366417, errs.go:68] Created error: no data
[DEBUG Aug  2 08:01:18.939392460, errs.go:68] Created error: member not found
[DEBUG Aug  2 08:01:18.939416015, errs.go:68] Created error: Commit count is unknowable
[DEBUG Aug  2 08:01:18.939453076, errs.go:68] Created error: No merge required
[DEBUG Aug  2 08:01:18.939478432, errs.go:68] Created error: Can't merge commit thats already in target commits history
[DEBUG Aug  2 08:01:18.939505255, errs.go:68] Created error: Bad expander name
[DEBUG Aug  2 08:01:18.939537585, errs.go:68] Created error: Expander has no handler
[DEBUG Aug  2 08:01:18.940943801, errs.go:68] Created error: Service is already running
[DEBUG Aug  2 08:01:18.978763922, secrets.go:35] Gcloud Secretmanager failed to initialize (ignore if you're not trying to use gcloud): google: could not find default credentials. See https://developers.google.com/accounts/docs/application-default-credentials for more information.
[DEBUG Aug  2 08:01:18.986287199, output.go:53] Requested outputer for 
[DEBUG Aug  2 08:01:18.986311091, output.go:58] Using Plain outputer
[DEBUG Aug  2 08:01:18.986403801, termutils.go:17] Cannot get terminal size: inappropriate ioctl for device
[DEBUG Aug  2 08:01:18.986499390, client.go:128] Reporting event to 2 reporters: run-command, state-svc start, 
[DEBUG Aug  2 08:01:18.986581158, main.go:107] Running CmdStart
[DEBUG Aug  2 08:01:18.992646197, errs.go:75] Wrapped error: Service is already running -- with: valueF failed
[DEBUG Aug  2 08:01:18.992707725, errs.go:75] Wrapped error: valueF failed -- with: Could not store pid
[DEBUG Aug  2 08:01:18.992785623, errors.go:113] Wrapped input error: Could not store pid -- with: A State Service instance is already running in the background.
[DEBUG Aug  2 08:01:18.992800634, errs.go:75] Wrapped error: A State Service instance is already running in the background. -- with: Could not start serviceManager
[DEBUG Aug  2 08:01:18.992877840, client.go:128] Reporting event to 2 reporters: command-exit, state-svc start, 1
[DEBUG Aug  2 08:01:19.332745993, errs.go:75] Wrapped error: <nil> -- with: Could not start serviceManager: A State Service instance is already running in the background.: Could not store pid: valueF failed: Service is already running
[DEBUG Aug  2 08:01:19.332806849, main.go:61] state-svc errored out due to input: Could not start serviceManager: A State Service instance is already running in the background.: Could not store pid: valueF failed: Service is already running
