[DEBUG Aug  2 08:03:40.108448511, defaults.go:273] Args: [/home1/wangfeim/.local/ActiveState/StateTool/release/bin/state-svc start]
[DEBUG Aug  2 08:03:40.122007344, locale.go:38] Init
[DEBUG Aug  2 08:03:40.198537361, errs.go:68] Created error: File could not be found
[DEBUG Aug  2 08:03:40.201551858, errs.go:68] Created error: Not Recognized
[DEBUG Aug  2 08:03:40.221493129, errs.go:68] Created error: Secret not found
[DEBUG Aug  2 08:03:40.221550455, errs.go:68] Created error: Could not save keypair
[DEBUG Aug  2 08:03:40.221748384, errs.go:68] Created error: Build responded with error
[DEBUG Aug  2 08:03:40.221783710, errs.go:68] Created error: Unknown build type
[DEBUG Aug  2 08:03:40.221897220, errors.go:86] Wrapped localized error: <nil> -- with: The installed version of the State Tool Service does not match that of the client.
Please stop the service with [ACTIONABLE]state-svc stop[/RESET] and try your command again.
If this issue persists please reinstall the State Tool.

[DEBUG Aug  2 08:03:40.221910730, errs.go:68] Created error: no data
[DEBUG Aug  2 08:03:40.221936950, errs.go:68] Created error: member not found
[DEBUG Aug  2 08:03:40.221960513, errs.go:68] Created error: Commit count is unknowable
[DEBUG Aug  2 08:03:40.221983696, errs.go:68] Created error: No merge required
[DEBUG Aug  2 08:03:40.222014452, errs.go:68] Created error: Can't merge commit thats already in target commits history
[DEBUG Aug  2 08:03:40.222039182, errs.go:68] Created error: Bad expander name
[DEBUG Aug  2 08:03:40.222062521, errs.go:68] Created error: Expander has no handler
[DEBUG Aug  2 08:03:40.223151411, errs.go:68] Created error: Service is already running
[DEBUG Aug  2 08:03:40.251393707, secrets.go:35] Gcloud Secretmanager failed to initialize (ignore if you're not trying to use gcloud): google: could not find default credentials. See https://developers.google.com/accounts/docs/application-default-credentials for more information.
[DEBUG Aug  2 08:03:40.254345055, output.go:53] Requested outputer for 
[DEBUG Aug  2 08:03:40.254365115, output.go:58] Using Plain outputer
[DEBUG Aug  2 08:03:40.254447219, termutils.go:17] Cannot get terminal size: inappropriate ioctl for device
[DEBUG Aug  2 08:03:40.254524846, client.go:128] Reporting event to 2 reporters: run-command, state-svc start, 
[DEBUG Aug  2 08:03:40.254643066, main.go:107] Running CmdStart
[DEBUG Aug  2 08:03:40.288503887, errs.go:75] Wrapped error: Service is already running -- with: valueF failed
[DEBUG Aug  2 08:03:40.288580548, errs.go:75] Wrapped error: valueF failed -- with: Could not store pid
[DEBUG Aug  2 08:03:40.288666362, errors.go:113] Wrapped input error: Could not store pid -- with: A State Service instance is already running in the background.
[DEBUG Aug  2 08:03:40.288681425, errs.go:75] Wrapped error: A State Service instance is already running in the background. -- with: Could not start serviceManager
[DEBUG Aug  2 08:03:40.288808207, client.go:128] Reporting event to 2 reporters: command-exit, state-svc start, 1
[DEBUG Aug  2 08:03:40.621879699, errs.go:75] Wrapped error: <nil> -- with: Could not start serviceManager: A State Service instance is already running in the background.: Could not store pid: valueF failed: Service is already running
[DEBUG Aug  2 08:03:40.621972098, main.go:61] state-svc errored out due to input: Could not start serviceManager: A State Service instance is already running in the background.: Could not store pid: valueF failed: Service is already running
