[DEBUG Aug  2 07:35:27.498558452, defaults.go:273] Args: [/home1/wangfeim/.local/ActiveState/StateTool/release/bin/state-svc start]
[DEBUG Aug  2 07:35:27.512044083, locale.go:38] Init
[DEBUG Aug  2 07:35:27.551915874, errs.go:68] Created error: File could not be found
[DEBUG Aug  2 07:35:27.556569842, errs.go:68] Created error: Not Recognized
[DEBUG Aug  2 07:35:27.574457772, errs.go:68] Created error: Secret not found
[DEBUG Aug  2 07:35:27.574502644, errs.go:68] Created error: Could not save keypair
[DEBUG Aug  2 07:35:27.574693933, errs.go:68] Created error: Build responded with error
[DEBUG Aug  2 07:35:27.574726034, errs.go:68] Created error: Unknown build type
[DEBUG Aug  2 07:35:27.574833895, errors.go:86] Wrapped localized error: <nil> -- with: The installed version of the State Tool Service does not match that of the client.
Please stop the service with [ACTIONABLE]state-svc stop[/RESET] and try your command again.
If this issue persists please reinstall the State Tool.

[DEBUG Aug  2 07:35:27.574847543, errs.go:68] Created error: no data
[DEBUG Aug  2 07:35:27.574869482, errs.go:68] Created error: member not found
[DEBUG Aug  2 07:35:27.574890352, errs.go:68] Created error: Commit count is unknowable
[DEBUG Aug  2 07:35:27.574910294, errs.go:68] Created error: No merge required
[DEBUG Aug  2 07:35:27.574931592, errs.go:68] Created error: Can't merge commit thats already in target commits history
[DEBUG Aug  2 07:35:27.574961075, errs.go:68] Created error: Bad expander name
[DEBUG Aug  2 07:35:27.574981620, errs.go:68] Created error: Expander has no handler
[DEBUG Aug  2 07:35:27.576036847, errs.go:68] Created error: Service is already running
[DEBUG Aug  2 07:35:27.603376046, secrets.go:35] Gcloud Secretmanager failed to initialize (ignore if you're not trying to use gcloud): google: could not find default credentials. See https://developers.google.com/accounts/docs/application-default-credentials for more information.
[DEBUG Aug  2 07:35:27.606728930, output.go:53] Requested outputer for 
[DEBUG Aug  2 07:35:27.606750661, output.go:58] Using Plain outputer
[DEBUG Aug  2 07:35:27.606811993, termutils.go:17] Cannot get terminal size: inappropriate ioctl for device
[DEBUG Aug  2 07:35:27.606845374, client.go:128] Reporting event to 2 reporters: run-command, state-svc start, 
[DEBUG Aug  2 07:35:27.606937748, main.go:107] Running CmdStart
[DEBUG Aug  2 07:35:27.612602954, errs.go:75] Wrapped error: Service is already running -- with: valueF failed
[DEBUG Aug  2 07:35:27.612660839, errs.go:75] Wrapped error: valueF failed -- with: Could not store pid
[DEBUG Aug  2 07:35:27.612730312, errors.go:113] Wrapped input error: Could not store pid -- with: A State Service instance is already running in the background.
[DEBUG Aug  2 07:35:27.612744456, errs.go:75] Wrapped error: A State Service instance is already running in the background. -- with: Could not start serviceManager
[DEBUG Aug  2 07:35:27.612837576, client.go:128] Reporting event to 2 reporters: command-exit, state-svc start, 1
[DEBUG Aug  2 07:35:27.941697640, errs.go:75] Wrapped error: <nil> -- with: Could not start serviceManager: A State Service instance is already running in the background.: Could not store pid: valueF failed: Service is already running
[DEBUG Aug  2 07:35:27.941747651, main.go:61] state-svc errored out due to input: Could not start serviceManager: A State Service instance is already running in the background.: Could not store pid: valueF failed: Service is already running
