[DEBUG Aug  2 07:35:03.439847834, defaults.go:273] Args: [/home1/wangfeim/.local/ActiveState/StateTool/release/bin/state-svc start]
[DEBUG Aug  2 07:35:03.453725563, locale.go:38] Init
[DEBUG Aug  2 07:35:03.494030718, errs.go:68] Created error: File could not be found
[DEBUG Aug  2 07:35:03.497080544, errs.go:68] Created error: Not Recognized
[DEBUG Aug  2 07:35:03.516275598, errs.go:68] Created error: Secret not found
[DEBUG Aug  2 07:35:03.516321471, errs.go:68] Created error: Could not save keypair
[DEBUG Aug  2 07:35:03.516474094, errs.go:68] Created error: Build responded with error
[DEBUG Aug  2 07:35:03.516498966, errs.go:68] Created error: Unknown build type
[DEBUG Aug  2 07:35:03.516619589, errors.go:86] Wrapped localized error: <nil> -- with: The installed version of the State Tool Service does not match that of the client.
Please stop the service with [ACTIONABLE]state-svc stop[/RESET] and try your command again.
If this issue persists please reinstall the State Tool.

[DEBUG Aug  2 07:35:03.516633418, errs.go:68] Created error: no data
[DEBUG Aug  2 07:35:03.516655731, errs.go:68] Created error: member not found
[DEBUG Aug  2 07:35:03.516683003, errs.go:68] Created error: Commit count is unknowable
[DEBUG Aug  2 07:35:03.516703467, errs.go:68] Created error: No merge required
[DEBUG Aug  2 07:35:03.516724630, errs.go:68] Created error: Can't merge commit thats already in target commits history
[DEBUG Aug  2 07:35:03.516745864, errs.go:68] Created error: Bad expander name
[DEBUG Aug  2 07:35:03.516765200, errs.go:68] Created error: Expander has no handler
[DEBUG Aug  2 07:35:03.517691290, errs.go:68] Created error: Service is already running
[DEBUG Aug  2 07:35:03.543533947, secrets.go:35] Gcloud Secretmanager failed to initialize (ignore if you're not trying to use gcloud): google: could not find default credentials. See https://developers.google.com/accounts/docs/application-default-credentials for more information.
[DEBUG Aug  2 07:35:03.547247040, output.go:53] Requested outputer for 
[DEBUG Aug  2 07:35:03.547306578, output.go:58] Using Plain outputer
[DEBUG Aug  2 07:35:03.547447934, termutils.go:17] Cannot get terminal size: inappropriate ioctl for device
[DEBUG Aug  2 07:35:03.547645724, client.go:128] Reporting event to 2 reporters: run-command, state-svc start, 
[DEBUG Aug  2 07:35:03.547695278, main.go:107] Running CmdStart
[DEBUG Aug  2 07:35:03.552935470, errs.go:75] Wrapped error: Service is already running -- with: valueF failed
[DEBUG Aug  2 07:35:03.552978972, errs.go:75] Wrapped error: valueF failed -- with: Could not store pid
[DEBUG Aug  2 07:35:03.553053976, errors.go:113] Wrapped input error: Could not store pid -- with: A State Service instance is already running in the background.
[DEBUG Aug  2 07:35:03.553067747, errs.go:75] Wrapped error: A State Service instance is already running in the background. -- with: Could not start serviceManager
[DEBUG Aug  2 07:35:03.553148695, client.go:128] Reporting event to 2 reporters: command-exit, state-svc start, 1
[DEBUG Aug  2 07:35:03.879471781, errs.go:75] Wrapped error: <nil> -- with: Could not start serviceManager: A State Service instance is already running in the background.: Could not store pid: valueF failed: Service is already running
[DEBUG Aug  2 07:35:03.879547366, main.go:61] state-svc errored out due to input: Could not start serviceManager: A State Service instance is already running in the background.: Could not store pid: valueF failed: Service is already running
