[DEBUG Aug  2 08:06:43.042715268, defaults.go:273] Args: [/home1/wangfeim/.local/ActiveState/StateTool/release/bin/state-svc start]
[DEBUG Aug  2 08:06:43.057345886, locale.go:38] Init
[DEBUG Aug  2 08:06:43.131596979, errs.go:68] Created error: File could not be found
[DEBUG Aug  2 08:06:43.134687218, errs.go:68] Created error: Not Recognized
[DEBUG Aug  2 08:06:43.202691588, errs.go:68] Created error: Secret not found
[DEBUG Aug  2 08:06:43.202745550, errs.go:68] Created error: Could not save keypair
[DEBUG Aug  2 08:06:43.202928465, errs.go:68] Created error: Build responded with error
[DEBUG Aug  2 08:06:43.202955725, errs.go:68] Created error: Unknown build type
[DEBUG Aug  2 08:06:43.203073946, errors.go:86] Wrapped localized error: <nil> -- with: The installed version of the State Tool Service does not match that of the client.
Please stop the service with [ACTIONABLE]state-svc stop[/RESET] and try your command again.
If this issue persists please reinstall the State Tool.

[DEBUG Aug  2 08:06:43.203089509, errs.go:68] Created error: no data
[DEBUG Aug  2 08:06:43.203112889, errs.go:68] Created error: member not found
[DEBUG Aug  2 08:06:43.203143470, errs.go:68] Created error: Commit count is unknowable
[DEBUG Aug  2 08:06:43.203165594, errs.go:68] Created error: No merge required
[DEBUG Aug  2 08:06:43.203186223, errs.go:68] Created error: Can't merge commit thats already in target commits history
[DEBUG Aug  2 08:06:43.203208505, errs.go:68] Created error: Bad expander name
[DEBUG Aug  2 08:06:43.203230525, errs.go:68] Created error: Expander has no handler
[DEBUG Aug  2 08:06:43.204417286, errs.go:68] Created error: Service is already running
[DEBUG Aug  2 08:06:43.232892821, secrets.go:35] Gcloud Secretmanager failed to initialize (ignore if you're not trying to use gcloud): google: could not find default credentials. See https://developers.google.com/accounts/docs/application-default-credentials for more information.
[DEBUG Aug  2 08:06:43.236333361, output.go:53] Requested outputer for 
[DEBUG Aug  2 08:06:43.236356273, output.go:58] Using Plain outputer
[DEBUG Aug  2 08:06:43.236425192, termutils.go:17] Cannot get terminal size: inappropriate ioctl for device
[DEBUG Aug  2 08:06:43.236456759, client.go:128] Reporting event to 2 reporters: run-command, state-svc start, 
[DEBUG Aug  2 08:06:43.236608007, main.go:107] Running CmdStart
[DEBUG Aug  2 08:06:43.242293867, errs.go:75] Wrapped error: Service is already running -- with: valueF failed
[DEBUG Aug  2 08:06:43.242351923, errs.go:75] Wrapped error: valueF failed -- with: Could not store pid
[DEBUG Aug  2 08:06:43.242421912, errors.go:113] Wrapped input error: Could not store pid -- with: A State Service instance is already running in the background.
[DEBUG Aug  2 08:06:43.242434996, errs.go:75] Wrapped error: A State Service instance is already running in the background. -- with: Could not start serviceManager
[DEBUG Aug  2 08:06:43.242518550, client.go:128] Reporting event to 2 reporters: command-exit, state-svc start, 1
[DEBUG Aug  2 08:06:43.591728503, errs.go:75] Wrapped error: <nil> -- with: Could not start serviceManager: A State Service instance is already running in the background.: Could not store pid: valueF failed: Service is already running
[DEBUG Aug  2 08:06:43.591819666, main.go:61] state-svc errored out due to input: Could not start serviceManager: A State Service instance is already running in the background.: Could not store pid: valueF failed: Service is already running
