[DEBUG Aug  2 08:16:51.736632981, defaults.go:273] Args: [/home1/wangfeim/.local/ActiveState/StateTool/release/bin/state-svc start]
[DEBUG Aug  2 08:16:51.751879222, locale.go:38] Init
[DEBUG Aug  2 08:16:51.827099927, errs.go:68] Created error: File could not be found
[DEBUG Aug  2 08:16:51.830147155, errs.go:68] Created error: Not Recognized
[DEBUG Aug  2 08:16:51.903724563, errs.go:68] Created error: Secret not found
[DEBUG Aug  2 08:16:51.903775149, errs.go:68] Created error: Could not save keypair
[DEBUG Aug  2 08:16:51.903961509, errs.go:68] Created error: Build responded with error
[DEBUG Aug  2 08:16:51.903996123, errs.go:68] Created error: Unknown build type
[DEBUG Aug  2 08:16:51.904114475, errors.go:86] Wrapped localized error: <nil> -- with: The installed version of the State Tool Service does not match that of the client.
Please stop the service with [ACTIONABLE]state-svc stop[/RESET] and try your command again.
If this issue persists please reinstall the State Tool.

[DEBUG Aug  2 08:16:51.904130130, errs.go:68] Created error: no data
[DEBUG Aug  2 08:16:51.904154718, errs.go:68] Created error: member not found
[DEBUG Aug  2 08:16:51.904179497, errs.go:68] Created error: Commit count is unknowable
[DEBUG Aug  2 08:16:51.904202474, errs.go:68] Created error: No merge required
[DEBUG Aug  2 08:16:51.904225595, errs.go:68] Created error: Can't merge commit thats already in target commits history
[DEBUG Aug  2 08:16:51.904249619, errs.go:68] Created error: Bad expander name
[DEBUG Aug  2 08:16:51.904272726, errs.go:68] Created error: Expander has no handler
[DEBUG Aug  2 08:16:51.907687615, errs.go:68] Created error: Service is already running
[DEBUG Aug  2 08:16:51.933292517, secrets.go:35] Gcloud Secretmanager failed to initialize (ignore if you're not trying to use gcloud): google: could not find default credentials. See https://developers.google.com/accounts/docs/application-default-credentials for more information.
[DEBUG Aug  2 08:16:51.936783633, output.go:53] Requested outputer for 
[DEBUG Aug  2 08:16:51.936809389, output.go:58] Using Plain outputer
[DEBUG Aug  2 08:16:51.936889081, termutils.go:17] Cannot get terminal size: inappropriate ioctl for device
[DEBUG Aug  2 08:16:51.936986735, client.go:128] Reporting event to 2 reporters: run-command, state-svc start, 
[DEBUG Aug  2 08:16:51.937100178, main.go:107] Running CmdStart
[DEBUG Aug  2 08:16:51.942565714, errs.go:75] Wrapped error: Service is already running -- with: valueF failed
[DEBUG Aug  2 08:16:51.942621863, errs.go:75] Wrapped error: valueF failed -- with: Could not store pid
[DEBUG Aug  2 08:16:51.942693642, errors.go:113] Wrapped input error: Could not store pid -- with: A State Service instance is already running in the background.
[DEBUG Aug  2 08:16:51.942707384, errs.go:75] Wrapped error: A State Service instance is already running in the background. -- with: Could not start serviceManager
[DEBUG Aug  2 08:16:51.942780020, client.go:128] Reporting event to 2 reporters: command-exit, state-svc start, 1
[DEBUG Aug  2 08:16:52.321735914, errs.go:75] Wrapped error: <nil> -- with: Could not start serviceManager: A State Service instance is already running in the background.: Could not store pid: valueF failed: Service is already running
[DEBUG Aug  2 08:16:52.321794074, main.go:61] state-svc errored out due to input: Could not start serviceManager: A State Service instance is already running in the background.: Could not store pid: valueF failed: Service is already running
