[DEBUG Aug  2 07:57:47.446791640, defaults.go:273] Args: [/home1/wangfeim/.local/ActiveState/StateTool/release/bin/state-svc start]
[DEBUG Aug  2 07:57:47.461053937, locale.go:38] Init
[DEBUG Aug  2 07:57:47.624977643, errs.go:68] Created error: File could not be found
[DEBUG Aug  2 07:57:47.627968298, errs.go:68] Created error: Not Recognized
[DEBUG Aug  2 07:57:47.648646533, errs.go:68] Created error: Secret not found
[DEBUG Aug  2 07:57:47.648703041, errs.go:68] Created error: Could not save keypair
[DEBUG Aug  2 07:57:47.648894346, errs.go:68] Created error: Build responded with error
[DEBUG Aug  2 07:57:47.648928042, errs.go:68] Created error: Unknown build type
[DEBUG Aug  2 07:57:47.649036782, errors.go:86] Wrapped localized error: <nil> -- with: The installed version of the State Tool Service does not match that of the client.
Please stop the service with [ACTIONABLE]state-svc stop[/RESET] and try your command again.
If this issue persists please reinstall the State Tool.

[DEBUG Aug  2 07:57:47.649050535, errs.go:68] Created error: no data
[DEBUG Aug  2 07:57:47.649085206, errs.go:68] Created error: member not found
[DEBUG Aug  2 07:57:47.649110214, errs.go:68] Created error: Commit count is unknowable
[DEBUG Aug  2 07:57:47.649132908, errs.go:68] Created error: No merge required
[DEBUG Aug  2 07:57:47.649155216, errs.go:68] Created error: Can't merge commit thats already in target commits history
[DEBUG Aug  2 07:57:47.649179187, errs.go:68] Created error: Bad expander name
[DEBUG Aug  2 07:57:47.649201384, errs.go:68] Created error: Expander has no handler
[DEBUG Aug  2 07:57:47.651040934, errs.go:68] Created error: Service is already running
[DEBUG Aug  2 07:57:47.688407682, secrets.go:35] Gcloud Secretmanager failed to initialize (ignore if you're not trying to use gcloud): google: could not find default credentials. See https://developers.google.com/accounts/docs/application-default-credentials for more information.
[DEBUG Aug  2 07:57:47.692864917, output.go:53] Requested outputer for 
[DEBUG Aug  2 07:57:47.692928791, output.go:58] Using Plain outputer
[DEBUG Aug  2 07:57:47.693006229, termutils.go:17] Cannot get terminal size: inappropriate ioctl for device
[DEBUG Aug  2 07:57:47.693097312, client.go:128] Reporting event to 2 reporters: run-command, state-svc start, 
[DEBUG Aug  2 07:57:47.693216799, main.go:107] Running CmdStart
[DEBUG Aug  2 07:57:47.699071083, errs.go:75] Wrapped error: Service is already running -- with: valueF failed
[DEBUG Aug  2 07:57:47.699144117, errs.go:75] Wrapped error: valueF failed -- with: Could not store pid
[DEBUG Aug  2 07:57:47.699241289, errors.go:113] Wrapped input error: Could not store pid -- with: A State Service instance is already running in the background.
[DEBUG Aug  2 07:57:47.699257657, errs.go:75] Wrapped error: A State Service instance is already running in the background. -- with: Could not start serviceManager
[DEBUG Aug  2 07:57:47.699365871, client.go:128] Reporting event to 2 reporters: command-exit, state-svc start, 1
[DEBUG Aug  2 07:57:48.031007556, errs.go:75] Wrapped error: <nil> -- with: Could not start serviceManager: A State Service instance is already running in the background.: Could not store pid: valueF failed: Service is already running
[DEBUG Aug  2 07:57:48.031079616, main.go:61] state-svc errored out due to input: Could not start serviceManager: A State Service instance is already running in the background.: Could not store pid: valueF failed: Service is already running
