[DEBUG Aug  2 08:02:51.267084004, defaults.go:273] Args: [/home1/wangfeim/.local/ActiveState/StateTool/release/bin/state-svc start]
[DEBUG Aug  2 08:02:51.296193251, locale.go:38] Init
[DEBUG Aug  2 08:02:51.336718423, errs.go:68] Created error: File could not be found
[DEBUG Aug  2 08:02:51.339718751, errs.go:68] Created error: Not Recognized
[DEBUG Aug  2 08:02:51.387127985, errs.go:68] Created error: Secret not found
[DEBUG Aug  2 08:02:51.387176781, errs.go:68] Created error: Could not save keypair
[DEBUG Aug  2 08:02:51.387321580, errs.go:68] Created error: Build responded with error
[DEBUG Aug  2 08:02:51.387346364, errs.go:68] Created error: Unknown build type
[DEBUG Aug  2 08:02:51.387450875, errors.go:86] Wrapped localized error: <nil> -- with: The installed version of the State Tool Service does not match that of the client.
Please stop the service with [ACTIONABLE]state-svc stop[/RESET] and try your command again.
If this issue persists please reinstall the State Tool.

[DEBUG Aug  2 08:02:51.387465641, errs.go:68] Created error: no data
[DEBUG Aug  2 08:02:51.387488822, errs.go:68] Created error: member not found
[DEBUG Aug  2 08:02:51.387509140, errs.go:68] Created error: Commit count is unknowable
[DEBUG Aug  2 08:02:51.387530173, errs.go:68] Created error: No merge required
[DEBUG Aug  2 08:02:51.387558735, errs.go:68] Created error: Can't merge commit thats already in target commits history
[DEBUG Aug  2 08:02:51.387580985, errs.go:68] Created error: Bad expander name
[DEBUG Aug  2 08:02:51.387601725, errs.go:68] Created error: Expander has no handler
[DEBUG Aug  2 08:02:51.388620683, errs.go:68] Created error: Service is already running
[DEBUG Aug  2 08:02:51.416254561, secrets.go:35] Gcloud Secretmanager failed to initialize (ignore if you're not trying to use gcloud): google: could not find default credentials. See https://developers.google.com/accounts/docs/application-default-credentials for more information.
[DEBUG Aug  2 08:02:51.421430690, output.go:53] Requested outputer for 
[DEBUG Aug  2 08:02:51.421465887, output.go:58] Using Plain outputer
[DEBUG Aug  2 08:02:51.421521942, termutils.go:17] Cannot get terminal size: inappropriate ioctl for device
[DEBUG Aug  2 08:02:51.421578787, client.go:128] Reporting event to 2 reporters: run-command, state-svc start, 
[DEBUG Aug  2 08:02:51.421704670, main.go:107] Running CmdStart
[DEBUG Aug  2 08:02:51.427271581, errs.go:75] Wrapped error: Service is already running -- with: valueF failed
[DEBUG Aug  2 08:02:51.427337865, errs.go:75] Wrapped error: valueF failed -- with: Could not store pid
[DEBUG Aug  2 08:02:51.427429350, errors.go:113] Wrapped input error: Could not store pid -- with: A State Service instance is already running in the background.
[DEBUG Aug  2 08:02:51.427443231, errs.go:75] Wrapped error: A State Service instance is already running in the background. -- with: Could not start serviceManager
[DEBUG Aug  2 08:02:51.427508630, client.go:128] Reporting event to 2 reporters: command-exit, state-svc start, 1
[DEBUG Aug  2 08:02:51.785046709, errs.go:75] Wrapped error: <nil> -- with: Could not start serviceManager: A State Service instance is already running in the background.: Could not store pid: valueF failed: Service is already running
[DEBUG Aug  2 08:02:51.785113467, main.go:61] state-svc errored out due to input: Could not start serviceManager: A State Service instance is already running in the background.: Could not store pid: valueF failed: Service is already running
