[DEBUG Aug  2 07:52:11.161555507, defaults.go:273] Args: [/home1/wangfeim/.local/ActiveState/StateTool/release/bin/state-svc start]
[DEBUG Aug  2 07:52:11.198826483, locale.go:38] Init
[DEBUG Aug  2 07:52:11.245422373, errs.go:68] Created error: File could not be found
[DEBUG Aug  2 07:52:11.248200601, errs.go:68] Created error: Not Recognized
[DEBUG Aug  2 07:52:11.301143307, errs.go:68] Created error: Secret not found
[DEBUG Aug  2 07:52:11.301196050, errs.go:68] Created error: Could not save keypair
[DEBUG Aug  2 07:52:11.301363943, errs.go:68] Created error: Build responded with error
[DEBUG Aug  2 07:52:11.301392966, errs.go:68] Created error: Unknown build type
[DEBUG Aug  2 07:52:11.301522239, errors.go:86] Wrapped localized error: <nil> -- with: The installed version of the State Tool Service does not match that of the client.
Please stop the service with [ACTIONABLE]state-svc stop[/RESET] and try your command again.
If this issue persists please reinstall the State Tool.

[DEBUG Aug  2 07:52:11.301537181, errs.go:68] Created error: no data
[DEBUG Aug  2 07:52:11.301574568, errs.go:68] Created error: member not found
[DEBUG Aug  2 07:52:11.301600786, errs.go:68] Created error: Commit count is unknowable
[DEBUG Aug  2 07:52:11.301624620, errs.go:68] Created error: No merge required
[DEBUG Aug  2 07:52:11.301647225, errs.go:68] Created error: Can't merge commit thats already in target commits history
[DEBUG Aug  2 07:52:11.301671447, errs.go:68] Created error: Bad expander name
[DEBUG Aug  2 07:52:11.301695092, errs.go:68] Created error: Expander has no handler
[DEBUG Aug  2 07:52:11.302916294, errs.go:68] Created error: Service is already running
[DEBUG Aug  2 07:52:11.330853222, secrets.go:35] Gcloud Secretmanager failed to initialize (ignore if you're not trying to use gcloud): google: could not find default credentials. See https://developers.google.com/accounts/docs/application-default-credentials for more information.
[DEBUG Aug  2 07:52:11.335204530, output.go:53] Requested outputer for 
[DEBUG Aug  2 07:52:11.335226251, output.go:58] Using Plain outputer
[DEBUG Aug  2 07:52:11.335299125, termutils.go:17] Cannot get terminal size: inappropriate ioctl for device
[DEBUG Aug  2 07:52:11.335389860, client.go:128] Reporting event to 2 reporters: run-command, state-svc start, 
[DEBUG Aug  2 07:52:11.335463913, main.go:107] Running CmdStart
[DEBUG Aug  2 07:52:11.342782438, errs.go:75] Wrapped error: Service is already running -- with: valueF failed
[DEBUG Aug  2 07:52:11.342954841, errs.go:75] Wrapped error: valueF failed -- with: Could not store pid
[DEBUG Aug  2 07:52:11.343055115, errors.go:113] Wrapped input error: Could not store pid -- with: A State Service instance is already running in the background.
[DEBUG Aug  2 07:52:11.343072002, errs.go:75] Wrapped error: A State Service instance is already running in the background. -- with: Could not start serviceManager
[DEBUG Aug  2 07:52:11.343185550, client.go:128] Reporting event to 2 reporters: command-exit, state-svc start, 1
[DEBUG Aug  2 07:52:11.754869236, errs.go:75] Wrapped error: <nil> -- with: Could not start serviceManager: A State Service instance is already running in the background.: Could not store pid: valueF failed: Service is already running
[DEBUG Aug  2 07:52:11.754932868, main.go:61] state-svc errored out due to input: Could not start serviceManager: A State Service instance is already running in the background.: Could not store pid: valueF failed: Service is already running
