[DEBUG Aug  2 07:54:05.488463778, defaults.go:273] Args: [/home1/wangfeim/.local/ActiveState/StateTool/release/bin/state-svc start]
[DEBUG Aug  2 07:54:05.502546645, locale.go:38] Init
[DEBUG Aug  2 07:54:05.545589117, errs.go:68] Created error: File could not be found
[DEBUG Aug  2 07:54:05.548525735, errs.go:68] Created error: Not Recognized
[DEBUG Aug  2 07:54:05.603014680, errs.go:68] Created error: Secret not found
[DEBUG Aug  2 07:54:05.603068342, errs.go:68] Created error: Could not save keypair
[DEBUG Aug  2 07:54:05.603264069, errs.go:68] Created error: Build responded with error
[DEBUG Aug  2 07:54:05.603291076, errs.go:68] Created error: Unknown build type
[DEBUG Aug  2 07:54:05.603397121, errors.go:86] Wrapped localized error: <nil> -- with: The installed version of the State Tool Service does not match that of the client.
Please stop the service with [ACTIONABLE]state-svc stop[/RESET] and try your command again.
If this issue persists please reinstall the State Tool.

[DEBUG Aug  2 07:54:05.603411181, errs.go:68] Created error: no data
[DEBUG Aug  2 07:54:05.603433446, errs.go:68] Created error: member not found
[DEBUG Aug  2 07:54:05.603457875, errs.go:68] Created error: Commit count is unknowable
[DEBUG Aug  2 07:54:05.603478589, errs.go:68] Created error: No merge required
[DEBUG Aug  2 07:54:05.603498871, errs.go:68] Created error: Can't merge commit thats already in target commits history
[DEBUG Aug  2 07:54:05.603520853, errs.go:68] Created error: Bad expander name
[DEBUG Aug  2 07:54:05.603549264, errs.go:68] Created error: Expander has no handler
[DEBUG Aug  2 07:54:05.604593001, errs.go:68] Created error: Service is already running
[DEBUG Aug  2 07:54:05.632004821, secrets.go:35] Gcloud Secretmanager failed to initialize (ignore if you're not trying to use gcloud): google: could not find default credentials. See https://developers.google.com/accounts/docs/application-default-credentials for more information.
[DEBUG Aug  2 07:54:05.635570651, output.go:53] Requested outputer for 
[DEBUG Aug  2 07:54:05.635595162, output.go:58] Using Plain outputer
[DEBUG Aug  2 07:54:05.635672285, termutils.go:17] Cannot get terminal size: inappropriate ioctl for device
[DEBUG Aug  2 07:54:05.635771204, client.go:128] Reporting event to 2 reporters: run-command, state-svc start, 
[DEBUG Aug  2 07:54:05.635832507, main.go:107] Running CmdStart
[DEBUG Aug  2 07:54:05.641584564, errs.go:75] Wrapped error: Service is already running -- with: valueF failed
[DEBUG Aug  2 07:54:05.641646045, errs.go:75] Wrapped error: valueF failed -- with: Could not store pid
[DEBUG Aug  2 07:54:05.641725786, errors.go:113] Wrapped input error: Could not store pid -- with: A State Service instance is already running in the background.
[DEBUG Aug  2 07:54:05.641741253, errs.go:75] Wrapped error: A State Service instance is already running in the background. -- with: Could not start serviceManager
[DEBUG Aug  2 07:54:05.641839112, client.go:128] Reporting event to 2 reporters: command-exit, state-svc start, 1
[DEBUG Aug  2 07:54:05.998388617, errs.go:75] Wrapped error: <nil> -- with: Could not start serviceManager: A State Service instance is already running in the background.: Could not store pid: valueF failed: Service is already running
[DEBUG Aug  2 07:54:05.998466131, main.go:61] state-svc errored out due to input: Could not start serviceManager: A State Service instance is already running in the background.: Could not store pid: valueF failed: Service is already running
