[DEBUG Aug  2 07:53:51.103191491, defaults.go:273] Args: [/home1/wangfeim/.local/ActiveState/StateTool/release/bin/state-svc start]
[DEBUG Aug  2 07:53:51.116757808, locale.go:38] Init
[DEBUG Aug  2 07:53:51.204521292, errs.go:68] Created error: File could not be found
[DEBUG Aug  2 07:53:51.209984838, errs.go:68] Created error: Not Recognized
[DEBUG Aug  2 07:53:51.228732615, errs.go:68] Created error: Secret not found
[DEBUG Aug  2 07:53:51.228782259, errs.go:68] Created error: Could not save keypair
[DEBUG Aug  2 07:53:51.228955720, errs.go:68] Created error: Build responded with error
[DEBUG Aug  2 07:53:51.228988059, errs.go:68] Created error: Unknown build type
[DEBUG Aug  2 07:53:51.229093775, errors.go:86] Wrapped localized error: <nil> -- with: The installed version of the State Tool Service does not match that of the client.
Please stop the service with [ACTIONABLE]state-svc stop[/RESET] and try your command again.
If this issue persists please reinstall the State Tool.

[DEBUG Aug  2 07:53:51.229106876, errs.go:68] Created error: no data
[DEBUG Aug  2 07:53:51.229128291, errs.go:68] Created error: member not found
[DEBUG Aug  2 07:53:51.229148920, errs.go:68] Created error: Commit count is unknowable
[DEBUG Aug  2 07:53:51.229170107, errs.go:68] Created error: No merge required
[DEBUG Aug  2 07:53:51.229190452, errs.go:68] Created error: Can't merge commit thats already in target commits history
[DEBUG Aug  2 07:53:51.229211065, errs.go:68] Created error: Bad expander name
[DEBUG Aug  2 07:53:51.229240271, errs.go:68] Created error: Expander has no handler
[DEBUG Aug  2 07:53:51.230352735, errs.go:68] Created error: Service is already running
[DEBUG Aug  2 07:53:51.293427981, secrets.go:35] Gcloud Secretmanager failed to initialize (ignore if you're not trying to use gcloud): google: could not find default credentials. See https://developers.google.com/accounts/docs/application-default-credentials for more information.
[DEBUG Aug  2 07:53:51.296901632, output.go:53] Requested outputer for 
[DEBUG Aug  2 07:53:51.296929753, output.go:58] Using Plain outputer
[DEBUG Aug  2 07:53:51.297036160, termutils.go:17] Cannot get terminal size: inappropriate ioctl for device
[DEBUG Aug  2 07:53:51.297062146, client.go:128] Reporting event to 2 reporters: run-command, state-svc start, 
[DEBUG Aug  2 07:53:51.297241910, main.go:107] Running CmdStart
[DEBUG Aug  2 07:53:51.303780768, errs.go:75] Wrapped error: Service is already running -- with: valueF failed
[DEBUG Aug  2 07:53:51.303847387, errs.go:75] Wrapped error: valueF failed -- with: Could not store pid
[DEBUG Aug  2 07:53:51.303940640, errors.go:113] Wrapped input error: Could not store pid -- with: A State Service instance is already running in the background.
[DEBUG Aug  2 07:53:51.303956459, errs.go:75] Wrapped error: A State Service instance is already running in the background. -- with: Could not start serviceManager
[DEBUG Aug  2 07:53:51.304037075, client.go:128] Reporting event to 2 reporters: command-exit, state-svc start, 1
[DEBUG Aug  2 07:53:51.686598656, errs.go:75] Wrapped error: <nil> -- with: Could not start serviceManager: A State Service instance is already running in the background.: Could not store pid: valueF failed: Service is already running
[DEBUG Aug  2 07:53:51.686693955, main.go:61] state-svc errored out due to input: Could not start serviceManager: A State Service instance is already running in the background.: Could not store pid: valueF failed: Service is already running
