[DEBUG Sep 17 12:25:07.566541760, defaults.go:273] Args: [/home1/wangfeim/.local/ActiveState/StateTool/release/bin/state-svc start]
[DEBUG Sep 17 12:25:07.580383184, locale.go:38] Init
[DEBUG Sep 17 12:25:07.607918389, errs.go:68] Created error: File could not be found
[DEBUG Sep 17 12:25:07.610892916, errs.go:68] Created error: Not Recognized
[DEBUG Sep 17 12:25:07.633231890, errs.go:68] Created error: Secret not found
[DEBUG Sep 17 12:25:07.633301824, errs.go:68] Created error: Could not save keypair
[DEBUG Sep 17 12:25:07.633640264, errs.go:68] Created error: Build responded with error
[DEBUG Sep 17 12:25:07.633677523, errs.go:68] Created error: Unknown build type
[DEBUG Sep 17 12:25:07.633812388, errors.go:86] Wrapped localized error: <nil> -- with: The installed version of the State Tool Service does not match that of the client.
Please stop the service with [ACTIONABLE]state-svc stop[/RESET] and try your command again.
If this issue persists please reinstall the State Tool.

[DEBUG Sep 17 12:25:07.633827584, errs.go:68] Created error: no data
[DEBUG Sep 17 12:25:07.633858157, errs.go:68] Created error: member not found
[DEBUG Sep 17 12:25:07.633884452, errs.go:68] Created error: Commit count is unknowable
[DEBUG Sep 17 12:25:07.633911580, errs.go:68] Created error: No merge required
[DEBUG Sep 17 12:25:07.633938761, errs.go:68] Created error: Can't merge commit thats already in target commits history
[DEBUG Sep 17 12:25:07.633968019, errs.go:68] Created error: Bad expander name
[DEBUG Sep 17 12:25:07.634009188, errs.go:68] Created error: Expander has no handler
[DEBUG Sep 17 12:25:07.637364345, errs.go:68] Created error: Service is already running
[DEBUG Sep 17 12:25:07.669920147, secrets.go:35] Gcloud Secretmanager failed to initialize (ignore if you're not trying to use gcloud): google: could not find default credentials. See https://developers.google.com/accounts/docs/application-default-credentials for more information.
[DEBUG Sep 17 12:25:07.672914198, output.go:53] Requested outputer for 
[DEBUG Sep 17 12:25:07.672934807, output.go:58] Using Plain outputer
[DEBUG Sep 17 12:25:07.672990565, termutils.go:17] Cannot get terminal size: inappropriate ioctl for device
[DEBUG Sep 17 12:25:07.673083750, main.go:107] Running CmdStart
[DEBUG Sep 17 12:25:07.676481118, errs.go:75] Wrapped error: Service is already running -- with: valueF failed
[DEBUG Sep 17 12:25:07.676523557, errs.go:75] Wrapped error: valueF failed -- with: Could not store pid
[DEBUG Sep 17 12:25:07.676585735, errors.go:113] Wrapped input error: Could not store pid -- with: A State Service instance is already running in the background.
[DEBUG Sep 17 12:25:07.676596658, errs.go:75] Wrapped error: A State Service instance is already running in the background. -- with: Could not start serviceManager
[DEBUG Sep 17 12:25:07.676653796, client.go:128] Reporting event to 2 reporters: command-exit, state-svc start, 1
[DEBUG Sep 17 12:25:07.676872709, client.go:128] Reporting event to 2 reporters: run-command, state-svc start, 
[DEBUG Sep 17 12:25:08.035847793, errs.go:75] Wrapped error: <nil> -- with: Could not start serviceManager: A State Service instance is already running in the background.: Could not store pid: valueF failed: Service is already running
[DEBUG Sep 17 12:25:08.035902719, main.go:61] state-svc errored out due to input: Could not start serviceManager: A State Service instance is already running in the background.: Could not store pid: valueF failed: Service is already running
