[DEBUG Aug  2 07:51:15.806790822, defaults.go:273] Args: [/home1/wangfeim/.local/ActiveState/StateTool/release/bin/state-svc start]
[DEBUG Aug  2 07:51:15.821050977, locale.go:38] Init
[DEBUG Aug  2 07:51:15.890871294, errs.go:68] Created error: File could not be found
[DEBUG Aug  2 07:51:15.893715004, errs.go:68] Created error: Not Recognized
[DEBUG Aug  2 07:51:15.915668481, errs.go:68] Created error: Secret not found
[DEBUG Aug  2 07:51:15.915716783, errs.go:68] Created error: Could not save keypair
[DEBUG Aug  2 07:51:15.915898334, errs.go:68] Created error: Build responded with error
[DEBUG Aug  2 07:51:15.915927971, errs.go:68] Created error: Unknown build type
[DEBUG Aug  2 07:51:15.916048630, errors.go:86] Wrapped localized error: <nil> -- with: The installed version of the State Tool Service does not match that of the client.
Please stop the service with [ACTIONABLE]state-svc stop[/RESET] and try your command again.
If this issue persists please reinstall the State Tool.

[DEBUG Aug  2 07:51:15.916063312, errs.go:68] Created error: no data
[DEBUG Aug  2 07:51:15.916088899, errs.go:68] Created error: member not found
[DEBUG Aug  2 07:51:15.916128107, errs.go:68] Created error: Commit count is unknowable
[DEBUG Aug  2 07:51:15.916151621, errs.go:68] Created error: No merge required
[DEBUG Aug  2 07:51:15.916173597, errs.go:68] Created error: Can't merge commit thats already in target commits history
[DEBUG Aug  2 07:51:15.916197036, errs.go:68] Created error: Bad expander name
[DEBUG Aug  2 07:51:15.916219100, errs.go:68] Created error: Expander has no handler
[DEBUG Aug  2 07:51:15.917337319, errs.go:68] Created error: Service is already running
[DEBUG Aug  2 07:51:15.985471109, secrets.go:35] Gcloud Secretmanager failed to initialize (ignore if you're not trying to use gcloud): google: could not find default credentials. See https://developers.google.com/accounts/docs/application-default-credentials for more information.
[DEBUG Aug  2 07:51:15.989247819, output.go:53] Requested outputer for 
[DEBUG Aug  2 07:51:15.989268761, output.go:58] Using Plain outputer
[DEBUG Aug  2 07:51:15.989353042, termutils.go:17] Cannot get terminal size: inappropriate ioctl for device
[DEBUG Aug  2 07:51:15.989488477, client.go:128] Reporting event to 2 reporters: run-command, state-svc start, 
[DEBUG Aug  2 07:51:15.989505034, main.go:107] Running CmdStart
[DEBUG Aug  2 07:51:15.995768253, errs.go:75] Wrapped error: Service is already running -- with: valueF failed
[DEBUG Aug  2 07:51:15.995822548, errs.go:75] Wrapped error: valueF failed -- with: Could not store pid
[DEBUG Aug  2 07:51:15.995897098, errors.go:113] Wrapped input error: Could not store pid -- with: A State Service instance is already running in the background.
[DEBUG Aug  2 07:51:15.995911374, errs.go:75] Wrapped error: A State Service instance is already running in the background. -- with: Could not start serviceManager
[DEBUG Aug  2 07:51:15.995981033, client.go:128] Reporting event to 2 reporters: command-exit, state-svc start, 1
[DEBUG Aug  2 07:51:16.326750915, errs.go:75] Wrapped error: <nil> -- with: Could not start serviceManager: A State Service instance is already running in the background.: Could not store pid: valueF failed: Service is already running
[DEBUG Aug  2 07:51:16.326840579, main.go:61] state-svc errored out due to input: Could not start serviceManager: A State Service instance is already running in the background.: Could not store pid: valueF failed: Service is already running
