[DEBUG Aug  2 08:17:53.410005078, defaults.go:273] Args: [/home1/wangfeim/.local/ActiveState/StateTool/release/bin/state-svc start]
[DEBUG Aug  2 08:17:53.425845653, locale.go:38] Init
[DEBUG Aug  2 08:17:53.505816657, errs.go:68] Created error: File could not be found
[DEBUG Aug  2 08:17:53.508939888, errs.go:68] Created error: Not Recognized
[DEBUG Aug  2 08:17:53.531362419, errs.go:68] Created error: Secret not found
[DEBUG Aug  2 08:17:53.531417114, errs.go:68] Created error: Could not save keypair
[DEBUG Aug  2 08:17:53.531608249, errs.go:68] Created error: Build responded with error
[DEBUG Aug  2 08:17:53.531637604, errs.go:68] Created error: Unknown build type
[DEBUG Aug  2 08:17:53.531767989, errors.go:86] Wrapped localized error: <nil> -- with: The installed version of the State Tool Service does not match that of the client.
Please stop the service with [ACTIONABLE]state-svc stop[/RESET] and try your command again.
If this issue persists please reinstall the State Tool.

[DEBUG Aug  2 08:17:53.531782764, errs.go:68] Created error: no data
[DEBUG Aug  2 08:17:53.531807941, errs.go:68] Created error: member not found
[DEBUG Aug  2 08:17:53.531841031, errs.go:68] Created error: Commit count is unknowable
[DEBUG Aug  2 08:17:53.531865907, errs.go:68] Created error: No merge required
[DEBUG Aug  2 08:17:53.531889419, errs.go:68] Created error: Can't merge commit thats already in target commits history
[DEBUG Aug  2 08:17:53.531914535, errs.go:68] Created error: Bad expander name
[DEBUG Aug  2 08:17:53.531937408, errs.go:68] Created error: Expander has no handler
[DEBUG Aug  2 08:17:53.532950821, errs.go:68] Created error: Service is already running
[DEBUG Aug  2 08:17:53.597188329, secrets.go:35] Gcloud Secretmanager failed to initialize (ignore if you're not trying to use gcloud): google: could not find default credentials. See https://developers.google.com/accounts/docs/application-default-credentials for more information.
[DEBUG Aug  2 08:17:53.600365754, output.go:53] Requested outputer for 
[DEBUG Aug  2 08:17:53.600386977, output.go:58] Using Plain outputer
[DEBUG Aug  2 08:17:53.600462854, termutils.go:17] Cannot get terminal size: inappropriate ioctl for device
[DEBUG Aug  2 08:17:53.600556183, client.go:128] Reporting event to 2 reporters: run-command, state-svc start, 
[DEBUG Aug  2 08:17:53.600585454, main.go:107] Running CmdStart
[DEBUG Aug  2 08:17:53.606128321, errs.go:75] Wrapped error: Service is already running -- with: valueF failed
[DEBUG Aug  2 08:17:53.606184658, errs.go:75] Wrapped error: valueF failed -- with: Could not store pid
[DEBUG Aug  2 08:17:53.606254535, errors.go:113] Wrapped input error: Could not store pid -- with: A State Service instance is already running in the background.
[DEBUG Aug  2 08:17:53.606267905, errs.go:75] Wrapped error: A State Service instance is already running in the background. -- with: Could not start serviceManager
[DEBUG Aug  2 08:17:53.606345801, client.go:128] Reporting event to 2 reporters: command-exit, state-svc start, 1
[DEBUG Aug  2 08:17:53.993975386, errs.go:75] Wrapped error: <nil> -- with: Could not start serviceManager: A State Service instance is already running in the background.: Could not store pid: valueF failed: Service is already running
[DEBUG Aug  2 08:17:53.994055481, main.go:61] state-svc errored out due to input: Could not start serviceManager: A State Service instance is already running in the background.: Could not store pid: valueF failed: Service is already running
