[DEBUG Aug  2 07:49:17.743947067, defaults.go:273] Args: [/home1/wangfeim/.local/ActiveState/StateTool/release/bin/state-svc start]
[DEBUG Aug  2 07:49:17.757931430, locale.go:38] Init
[DEBUG Aug  2 07:49:18.149169127, errs.go:68] Created error: File could not be found
[DEBUG Aug  2 07:49:18.152299575, errs.go:68] Created error: Not Recognized
[DEBUG Aug  2 07:49:18.175308895, errs.go:68] Created error: Secret not found
[DEBUG Aug  2 07:49:18.175386977, errs.go:68] Created error: Could not save keypair
[DEBUG Aug  2 07:49:18.184733780, errs.go:68] Created error: Build responded with error
[DEBUG Aug  2 07:49:18.184814475, errs.go:68] Created error: Unknown build type
[DEBUG Aug  2 07:49:18.184994389, errors.go:86] Wrapped localized error: <nil> -- with: The installed version of the State Tool Service does not match that of the client.
Please stop the service with [ACTIONABLE]state-svc stop[/RESET] and try your command again.
If this issue persists please reinstall the State Tool.

[DEBUG Aug  2 07:49:18.185011437, errs.go:68] Created error: no data
[DEBUG Aug  2 07:49:18.185052491, errs.go:68] Created error: member not found
[DEBUG Aug  2 07:49:18.185078560, errs.go:68] Created error: Commit count is unknowable
[DEBUG Aug  2 07:49:18.185101928, errs.go:68] Created error: No merge required
[DEBUG Aug  2 07:49:18.185126680, errs.go:68] Created error: Can't merge commit thats already in target commits history
[DEBUG Aug  2 07:49:18.185151889, errs.go:68] Created error: Bad expander name
[DEBUG Aug  2 07:49:18.185186879, errs.go:68] Created error: Expander has no handler
[DEBUG Aug  2 07:49:18.186527600, errs.go:68] Created error: Service is already running
[DEBUG Aug  2 07:49:18.215934803, secrets.go:35] Gcloud Secretmanager failed to initialize (ignore if you're not trying to use gcloud): google: could not find default credentials. See https://developers.google.com/accounts/docs/application-default-credentials for more information.
[DEBUG Aug  2 07:49:18.220082738, output.go:53] Requested outputer for 
[DEBUG Aug  2 07:49:18.220105556, output.go:58] Using Plain outputer
[DEBUG Aug  2 07:49:18.220189397, termutils.go:17] Cannot get terminal size: inappropriate ioctl for device
[DEBUG Aug  2 07:49:18.220279081, client.go:128] Reporting event to 2 reporters: run-command, state-svc start, 
[DEBUG Aug  2 07:49:18.220334513, main.go:107] Running CmdStart
[DEBUG Aug  2 07:49:18.228039037, errs.go:75] Wrapped error: Service is already running -- with: valueF failed
[DEBUG Aug  2 07:49:18.228104297, errs.go:75] Wrapped error: valueF failed -- with: Could not store pid
[DEBUG Aug  2 07:49:18.228182746, errors.go:113] Wrapped input error: Could not store pid -- with: A State Service instance is already running in the background.
[DEBUG Aug  2 07:49:18.228199299, errs.go:75] Wrapped error: A State Service instance is already running in the background. -- with: Could not start serviceManager
[DEBUG Aug  2 07:49:18.228289866, client.go:128] Reporting event to 2 reporters: command-exit, state-svc start, 1
[DEBUG Aug  2 07:49:18.590810947, errs.go:75] Wrapped error: <nil> -- with: Could not start serviceManager: A State Service instance is already running in the background.: Could not store pid: valueF failed: Service is already running
[DEBUG Aug  2 07:49:18.590896057, main.go:61] state-svc errored out due to input: Could not start serviceManager: A State Service instance is already running in the background.: Could not store pid: valueF failed: Service is already running
