[DEBUG Mar  8 22:49:03.595451846, defaults.go:273] Args: [/home1/wangfeim/.local/ActiveState/StateTool/release/bin/state-svc start]
[DEBUG Mar  8 22:49:03.607590931, locale.go:38] Init
[DEBUG Mar  8 22:49:03.640713281, errs.go:68] Created error: File could not be found
[DEBUG Mar  8 22:49:03.643447001, errs.go:68] Created error: Not Recognized
[DEBUG Mar  8 22:49:03.661216973, errs.go:68] Created error: Secret not found
[DEBUG Mar  8 22:49:03.661252388, errs.go:68] Created error: Could not save keypair
[DEBUG Mar  8 22:49:03.661389612, errs.go:68] Created error: Build responded with error
[DEBUG Mar  8 22:49:03.661409790, errs.go:68] Created error: Unknown build type
[DEBUG Mar  8 22:49:03.661499802, errors.go:86] Wrapped localized error: <nil> -- with: The installed version of the State Tool Service does not match that of the client.
Please stop the service with [ACTIONABLE]state-svc stop[/RESET] and try your command again.
If this issue persists please reinstall the State Tool.

[DEBUG Mar  8 22:49:03.661508564, errs.go:68] Created error: no data
[DEBUG Mar  8 22:49:03.661533442, errs.go:68] Created error: member not found
[DEBUG Mar  8 22:49:03.661552193, errs.go:68] Created error: Commit count is unknowable
[DEBUG Mar  8 22:49:03.661579150, errs.go:68] Created error: No merge required
[DEBUG Mar  8 22:49:03.661595742, errs.go:68] Created error: Can't merge commit thats already in target commits history
[DEBUG Mar  8 22:49:03.661617403, errs.go:68] Created error: Bad expander name
[DEBUG Mar  8 22:49:03.661635098, errs.go:68] Created error: Expander has no handler
[DEBUG Mar  8 22:49:03.662562691, errs.go:68] Created error: Service is already running
[DEBUG Mar  8 22:49:03.688417333, secrets.go:35] Gcloud Secretmanager failed to initialize (ignore if you're not trying to use gcloud): google: could not find default credentials. See https://developers.google.com/accounts/docs/application-default-credentials for more information.
[DEBUG Mar  8 22:49:03.691744172, output.go:53] Requested outputer for 
[DEBUG Mar  8 22:49:03.691763081, output.go:58] Using Plain outputer
[DEBUG Mar  8 22:49:03.691823471, termutils.go:17] Cannot get terminal size: inappropriate ioctl for device
[DEBUG Mar  8 22:49:03.691906572, client.go:128] Reporting event to 2 reporters: run-command, state-svc start, 
[DEBUG Mar  8 22:49:03.691935420, main.go:107] Running CmdStart
[DEBUG Mar  8 22:49:03.696997334, errs.go:75] Wrapped error: Service is already running -- with: valueF failed
[DEBUG Mar  8 22:49:03.697043210, errs.go:75] Wrapped error: valueF failed -- with: Could not store pid
[DEBUG Mar  8 22:49:03.697100768, errors.go:113] Wrapped input error: Could not store pid -- with: A State Service instance is already running in the background.
[DEBUG Mar  8 22:49:03.697109121, errs.go:75] Wrapped error: A State Service instance is already running in the background. -- with: Could not start serviceManager
[DEBUG Mar  8 22:49:03.697181974, client.go:128] Reporting event to 2 reporters: command-exit, state-svc start, 1
[DEBUG Mar  8 22:49:04.059531146, errs.go:75] Wrapped error: <nil> -- with: Could not start serviceManager: A State Service instance is already running in the background.: Could not store pid: valueF failed: Service is already running
[DEBUG Mar  8 22:49:04.059602554, main.go:61] state-svc errored out due to input: Could not start serviceManager: A State Service instance is already running in the background.: Could not store pid: valueF failed: Service is already running
