[DEBUG Aug  2 07:53:37.643062698, defaults.go:273] Args: [/home1/wangfeim/.local/ActiveState/StateTool/release/bin/state-svc start]
[DEBUG Aug  2 07:53:37.656462269, locale.go:38] Init
[DEBUG Aug  2 07:53:37.960488081, errs.go:68] Created error: File could not be found
[DEBUG Aug  2 07:53:37.963453343, errs.go:68] Created error: Not Recognized
[DEBUG Aug  2 07:53:37.986096088, errs.go:68] Created error: Secret not found
[DEBUG Aug  2 07:53:37.986150006, errs.go:68] Created error: Could not save keypair
[DEBUG Aug  2 07:53:37.986321869, errs.go:68] Created error: Build responded with error
[DEBUG Aug  2 07:53:37.986351225, errs.go:68] Created error: Unknown build type
[DEBUG Aug  2 07:53:37.986478045, errors.go:86] Wrapped localized error: <nil> -- with: The installed version of the State Tool Service does not match that of the client.
Please stop the service with [ACTIONABLE]state-svc stop[/RESET] and try your command again.
If this issue persists please reinstall the State Tool.

[DEBUG Aug  2 07:53:37.986493764, errs.go:68] Created error: no data
[DEBUG Aug  2 07:53:37.986525507, errs.go:68] Created error: member not found
[DEBUG Aug  2 07:53:37.986557036, errs.go:68] Created error: Commit count is unknowable
[DEBUG Aug  2 07:53:37.986581069, errs.go:68] Created error: No merge required
[DEBUG Aug  2 07:53:37.986604786, errs.go:68] Created error: Can't merge commit thats already in target commits history
[DEBUG Aug  2 07:53:37.986637654, errs.go:68] Created error: Bad expander name
[DEBUG Aug  2 07:53:37.986662130, errs.go:68] Created error: Expander has no handler
[DEBUG Aug  2 07:53:37.987713721, errs.go:68] Created error: Service is already running
[DEBUG Aug  2 07:53:38.019308954, secrets.go:35] Gcloud Secretmanager failed to initialize (ignore if you're not trying to use gcloud): google: could not find default credentials. See https://developers.google.com/accounts/docs/application-default-credentials for more information.
[DEBUG Aug  2 07:53:38.024576049, output.go:53] Requested outputer for 
[DEBUG Aug  2 07:53:38.024601100, output.go:58] Using Plain outputer
[DEBUG Aug  2 07:53:38.024694251, termutils.go:17] Cannot get terminal size: inappropriate ioctl for device
[DEBUG Aug  2 07:53:38.024779201, client.go:128] Reporting event to 2 reporters: run-command, state-svc start, 
[DEBUG Aug  2 07:53:38.024854202, main.go:107] Running CmdStart
[DEBUG Aug  2 07:53:38.030742551, errs.go:75] Wrapped error: Service is already running -- with: valueF failed
[DEBUG Aug  2 07:53:38.030800494, errs.go:75] Wrapped error: valueF failed -- with: Could not store pid
[DEBUG Aug  2 07:53:38.030868679, errors.go:113] Wrapped input error: Could not store pid -- with: A State Service instance is already running in the background.
[DEBUG Aug  2 07:53:38.030892122, errs.go:75] Wrapped error: A State Service instance is already running in the background. -- with: Could not start serviceManager
[DEBUG Aug  2 07:53:38.030967375, client.go:128] Reporting event to 2 reporters: command-exit, state-svc start, 1
[DEBUG Aug  2 07:53:38.358278291, errs.go:75] Wrapped error: <nil> -- with: Could not start serviceManager: A State Service instance is already running in the background.: Could not store pid: valueF failed: Service is already running
[DEBUG Aug  2 07:53:38.358345484, main.go:61] state-svc errored out due to input: Could not start serviceManager: A State Service instance is already running in the background.: Could not store pid: valueF failed: Service is already running
