[DEBUG Aug  2 07:58:14.564786261, defaults.go:273] Args: [/home1/wangfeim/.local/ActiveState/StateTool/release/bin/state-svc start]
[DEBUG Aug  2 07:58:14.600550518, locale.go:38] Init
[DEBUG Aug  2 07:58:14.831145871, errs.go:68] Created error: File could not be found
[DEBUG Aug  2 07:58:14.834940887, errs.go:68] Created error: Not Recognized
[DEBUG Aug  2 07:58:14.885838674, errs.go:68] Created error: Secret not found
[DEBUG Aug  2 07:58:14.885912499, errs.go:68] Created error: Could not save keypair
[DEBUG Aug  2 07:58:14.886156631, errs.go:68] Created error: Build responded with error
[DEBUG Aug  2 07:58:14.886200724, errs.go:68] Created error: Unknown build type
[DEBUG Aug  2 07:58:14.886451369, errors.go:86] Wrapped localized error: <nil> -- with: The installed version of the State Tool Service does not match that of the client.
Please stop the service with [ACTIONABLE]state-svc stop[/RESET] and try your command again.
If this issue persists please reinstall the State Tool.

[DEBUG Aug  2 07:58:14.886473993, errs.go:68] Created error: no data
[DEBUG Aug  2 07:58:14.886502232, errs.go:68] Created error: member not found
[DEBUG Aug  2 07:58:14.886527447, errs.go:68] Created error: Commit count is unknowable
[DEBUG Aug  2 07:58:14.886567758, errs.go:68] Created error: No merge required
[DEBUG Aug  2 07:58:14.886591766, errs.go:68] Created error: Can't merge commit thats already in target commits history
[DEBUG Aug  2 07:58:14.886616455, errs.go:68] Created error: Bad expander name
[DEBUG Aug  2 07:58:14.886641241, errs.go:68] Created error: Expander has no handler
[DEBUG Aug  2 07:58:14.887696664, errs.go:68] Created error: Service is already running
[DEBUG Aug  2 07:58:14.920796197, secrets.go:35] Gcloud Secretmanager failed to initialize (ignore if you're not trying to use gcloud): google: could not find default credentials. See https://developers.google.com/accounts/docs/application-default-credentials for more information.
[DEBUG Aug  2 07:58:14.925452266, output.go:53] Requested outputer for 
[DEBUG Aug  2 07:58:14.925476970, output.go:58] Using Plain outputer
[DEBUG Aug  2 07:58:14.925584912, termutils.go:17] Cannot get terminal size: inappropriate ioctl for device
[DEBUG Aug  2 07:58:14.925691010, client.go:128] Reporting event to 2 reporters: run-command, state-svc start, 
[DEBUG Aug  2 07:58:14.925748243, main.go:107] Running CmdStart
[DEBUG Aug  2 07:58:14.933204106, errs.go:75] Wrapped error: Service is already running -- with: valueF failed
[DEBUG Aug  2 07:58:14.933273369, errs.go:75] Wrapped error: valueF failed -- with: Could not store pid
[DEBUG Aug  2 07:58:14.933353854, errors.go:113] Wrapped input error: Could not store pid -- with: A State Service instance is already running in the background.
[DEBUG Aug  2 07:58:14.933369771, errs.go:75] Wrapped error: A State Service instance is already running in the background. -- with: Could not start serviceManager
[DEBUG Aug  2 07:58:14.933476726, client.go:128] Reporting event to 2 reporters: command-exit, state-svc start, 1
[DEBUG Aug  2 07:58:15.384852045, errs.go:75] Wrapped error: <nil> -- with: Could not start serviceManager: A State Service instance is already running in the background.: Could not store pid: valueF failed: Service is already running
[DEBUG Aug  2 07:58:15.384940197, main.go:61] state-svc errored out due to input: Could not start serviceManager: A State Service instance is already running in the background.: Could not store pid: valueF failed: Service is already running
