[DEBUG Aug  2 08:00:01.286558168, defaults.go:273] Args: [/home1/wangfeim/.local/ActiveState/StateTool/release/bin/state-svc start]
[DEBUG Aug  2 08:00:01.300803295, locale.go:38] Init
[DEBUG Aug  2 08:00:01.340166194, errs.go:68] Created error: File could not be found
[DEBUG Aug  2 08:00:01.345088887, errs.go:68] Created error: Not Recognized
[DEBUG Aug  2 08:00:01.409059292, errs.go:68] Created error: Secret not found
[DEBUG Aug  2 08:00:01.409137602, errs.go:68] Created error: Could not save keypair
[DEBUG Aug  2 08:00:01.409430617, errs.go:68] Created error: Build responded with error
[DEBUG Aug  2 08:00:01.409478708, errs.go:68] Created error: Unknown build type
[DEBUG Aug  2 08:00:01.409673949, errors.go:86] Wrapped localized error: <nil> -- with: The installed version of the State Tool Service does not match that of the client.
Please stop the service with [ACTIONABLE]state-svc stop[/RESET] and try your command again.
If this issue persists please reinstall the State Tool.

[DEBUG Aug  2 08:00:01.409696800, errs.go:68] Created error: no data
[DEBUG Aug  2 08:00:01.409738848, errs.go:68] Created error: member not found
[DEBUG Aug  2 08:00:01.409785674, errs.go:68] Created error: Commit count is unknowable
[DEBUG Aug  2 08:00:01.409826077, errs.go:68] Created error: No merge required
[DEBUG Aug  2 08:00:01.409864978, errs.go:68] Created error: Can't merge commit thats already in target commits history
[DEBUG Aug  2 08:00:01.409906095, errs.go:68] Created error: Bad expander name
[DEBUG Aug  2 08:00:01.409953327, errs.go:68] Created error: Expander has no handler
[DEBUG Aug  2 08:00:01.411360996, errs.go:68] Created error: Service is already running
[DEBUG Aug  2 08:00:01.443683076, secrets.go:35] Gcloud Secretmanager failed to initialize (ignore if you're not trying to use gcloud): google: could not find default credentials. See https://developers.google.com/accounts/docs/application-default-credentials for more information.
[DEBUG Aug  2 08:00:01.447859171, output.go:53] Requested outputer for 
[DEBUG Aug  2 08:00:01.447891692, output.go:58] Using Plain outputer
[DEBUG Aug  2 08:00:01.447973753, termutils.go:17] Cannot get terminal size: inappropriate ioctl for device
[DEBUG Aug  2 08:00:01.448092723, client.go:128] Reporting event to 2 reporters: run-command, state-svc start, 
[DEBUG Aug  2 08:00:01.484707749, main.go:107] Running CmdStart
[DEBUG Aug  2 08:00:01.492045478, errs.go:75] Wrapped error: Service is already running -- with: valueF failed
[DEBUG Aug  2 08:00:01.492111080, errs.go:75] Wrapped error: valueF failed -- with: Could not store pid
[DEBUG Aug  2 08:00:01.492192790, errors.go:113] Wrapped input error: Could not store pid -- with: A State Service instance is already running in the background.
[DEBUG Aug  2 08:00:01.492207356, errs.go:75] Wrapped error: A State Service instance is already running in the background. -- with: Could not start serviceManager
[DEBUG Aug  2 08:00:01.492284279, client.go:128] Reporting event to 2 reporters: command-exit, state-svc start, 1
[DEBUG Aug  2 08:00:01.814177196, errs.go:75] Wrapped error: <nil> -- with: Could not start serviceManager: A State Service instance is already running in the background.: Could not store pid: valueF failed: Service is already running
[DEBUG Aug  2 08:00:01.814238065, main.go:61] state-svc errored out due to input: Could not start serviceManager: A State Service instance is already running in the background.: Could not store pid: valueF failed: Service is already running
