[DEBUG Aug  2 07:53:55.336797913, defaults.go:273] Args: [/home1/wangfeim/.local/ActiveState/StateTool/release/bin/state-svc start]
[DEBUG Aug  2 07:53:55.351515095, locale.go:38] Init
[DEBUG Aug  2 07:53:55.404383695, errs.go:68] Created error: File could not be found
[DEBUG Aug  2 07:53:55.407036507, errs.go:68] Created error: Not Recognized
[DEBUG Aug  2 07:53:55.427510570, errs.go:68] Created error: Secret not found
[DEBUG Aug  2 07:53:55.427588897, errs.go:68] Created error: Could not save keypair
[DEBUG Aug  2 07:53:55.427791202, errs.go:68] Created error: Build responded with error
[DEBUG Aug  2 07:53:55.427823336, errs.go:68] Created error: Unknown build type
[DEBUG Aug  2 07:53:55.427957210, errors.go:86] Wrapped localized error: <nil> -- with: The installed version of the State Tool Service does not match that of the client.
Please stop the service with [ACTIONABLE]state-svc stop[/RESET] and try your command again.
If this issue persists please reinstall the State Tool.

[DEBUG Aug  2 07:53:55.427974126, errs.go:68] Created error: no data
[DEBUG Aug  2 07:53:55.428004400, errs.go:68] Created error: member not found
[DEBUG Aug  2 07:53:55.428032402, errs.go:68] Created error: Commit count is unknowable
[DEBUG Aug  2 07:53:55.428064911, errs.go:68] Created error: No merge required
[DEBUG Aug  2 07:53:55.428088100, errs.go:68] Created error: Can't merge commit thats already in target commits history
[DEBUG Aug  2 07:53:55.428132791, errs.go:68] Created error: Bad expander name
[DEBUG Aug  2 07:53:55.428153943, errs.go:68] Created error: Expander has no handler
[DEBUG Aug  2 07:53:55.429345638, errs.go:68] Created error: Service is already running
[DEBUG Aug  2 07:53:55.506029633, secrets.go:35] Gcloud Secretmanager failed to initialize (ignore if you're not trying to use gcloud): google: could not find default credentials. See https://developers.google.com/accounts/docs/application-default-credentials for more information.
[DEBUG Aug  2 07:53:55.509323241, output.go:53] Requested outputer for 
[DEBUG Aug  2 07:53:55.509345117, output.go:58] Using Plain outputer
[DEBUG Aug  2 07:53:55.509411652, termutils.go:17] Cannot get terminal size: inappropriate ioctl for device
[DEBUG Aug  2 07:53:55.509507250, client.go:128] Reporting event to 2 reporters: run-command, state-svc start, 
[DEBUG Aug  2 07:53:55.509534914, main.go:107] Running CmdStart
[DEBUG Aug  2 07:53:55.515815475, errs.go:75] Wrapped error: Service is already running -- with: valueF failed
[DEBUG Aug  2 07:53:55.515884258, errs.go:75] Wrapped error: valueF failed -- with: Could not store pid
[DEBUG Aug  2 07:53:55.515981469, errors.go:113] Wrapped input error: Could not store pid -- with: A State Service instance is already running in the background.
[DEBUG Aug  2 07:53:55.515997001, errs.go:75] Wrapped error: A State Service instance is already running in the background. -- with: Could not start serviceManager
[DEBUG Aug  2 07:53:55.516075827, client.go:128] Reporting event to 2 reporters: command-exit, state-svc start, 1
[DEBUG Aug  2 07:53:55.886853684, errs.go:75] Wrapped error: <nil> -- with: Could not start serviceManager: A State Service instance is already running in the background.: Could not store pid: valueF failed: Service is already running
[DEBUG Aug  2 07:53:55.886915910, main.go:61] state-svc errored out due to input: Could not start serviceManager: A State Service instance is already running in the background.: Could not store pid: valueF failed: Service is already running
