[DEBUG Mar  8 17:38:07.303112834, defaults.go:273] Args: [/home1/wangfeim/.local/ActiveState/StateTool/release/bin/state-svc start]
[DEBUG Mar  8 17:38:07.315175983, locale.go:38] Init
[DEBUG Mar  8 17:38:07.346759026, errs.go:68] Created error: File could not be found
[DEBUG Mar  8 17:38:07.350215995, errs.go:68] Created error: Not Recognized
[DEBUG Mar  8 17:38:07.368309274, errs.go:68] Created error: Secret not found
[DEBUG Mar  8 17:38:07.368346675, errs.go:68] Created error: Could not save keypair
[DEBUG Mar  8 17:38:07.368488854, errs.go:68] Created error: Build responded with error
[DEBUG Mar  8 17:38:07.368509960, errs.go:68] Created error: Unknown build type
[DEBUG Mar  8 17:38:07.368602511, errors.go:86] Wrapped localized error: <nil> -- with: The installed version of the State Tool Service does not match that of the client.
Please stop the service with [ACTIONABLE]state-svc stop[/RESET] and try your command again.
If this issue persists please reinstall the State Tool.

[DEBUG Mar  8 17:38:07.368612562, errs.go:68] Created error: no data
[DEBUG Mar  8 17:38:07.368636679, errs.go:68] Created error: member not found
[DEBUG Mar  8 17:38:07.368655188, errs.go:68] Created error: Commit count is unknowable
[DEBUG Mar  8 17:38:07.368671614, errs.go:68] Created error: No merge required
[DEBUG Mar  8 17:38:07.368691095, errs.go:68] Created error: Can't merge commit thats already in target commits history
[DEBUG Mar  8 17:38:07.368708770, errs.go:68] Created error: Bad expander name
[DEBUG Mar  8 17:38:07.368725770, errs.go:68] Created error: Expander has no handler
[DEBUG Mar  8 17:38:07.369751330, errs.go:68] Created error: Service is already running
[DEBUG Mar  8 17:38:07.394356269, secrets.go:35] Gcloud Secretmanager failed to initialize (ignore if you're not trying to use gcloud): google: could not find default credentials. See https://developers.google.com/accounts/docs/application-default-credentials for more information.
[DEBUG Mar  8 17:38:07.397418835, output.go:53] Requested outputer for 
[DEBUG Mar  8 17:38:07.397435051, output.go:58] Using Plain outputer
[DEBUG Mar  8 17:38:07.397505359, termutils.go:17] Cannot get terminal size: inappropriate ioctl for device
[DEBUG Mar  8 17:38:07.397601162, client.go:128] Reporting event to 2 reporters: run-command, state-svc start, 
[DEBUG Mar  8 17:38:07.397628757, main.go:107] Running CmdStart
[DEBUG Mar  8 17:38:07.402512924, errs.go:75] Wrapped error: Service is already running -- with: valueF failed
[DEBUG Mar  8 17:38:07.402555352, errs.go:75] Wrapped error: valueF failed -- with: Could not store pid
[DEBUG Mar  8 17:38:07.402617576, errors.go:113] Wrapped input error: Could not store pid -- with: A State Service instance is already running in the background.
[DEBUG Mar  8 17:38:07.402626125, errs.go:75] Wrapped error: A State Service instance is already running in the background. -- with: Could not start serviceManager
[DEBUG Mar  8 17:38:07.402696658, client.go:128] Reporting event to 2 reporters: command-exit, state-svc start, 1
[DEBUG Mar  8 17:38:07.764359518, errs.go:75] Wrapped error: <nil> -- with: Could not start serviceManager: A State Service instance is already running in the background.: Could not store pid: valueF failed: Service is already running
[DEBUG Mar  8 17:38:07.764435492, main.go:61] state-svc errored out due to input: Could not start serviceManager: A State Service instance is already running in the background.: Could not store pid: valueF failed: Service is already running
