[DEBUG Mar  8 17:38:05.283331690, defaults.go:273] Args: [/home1/wangfeim/.local/ActiveState/StateTool/release/bin/state-svc start]
[DEBUG Mar  8 17:38:05.295038042, locale.go:38] Init
[DEBUG Mar  8 17:38:05.329875615, errs.go:68] Created error: File could not be found
[DEBUG Mar  8 17:38:05.332268621, errs.go:68] Created error: Not Recognized
[DEBUG Mar  8 17:38:05.348524169, errs.go:68] Created error: Secret not found
[DEBUG Mar  8 17:38:05.348556219, errs.go:68] Created error: Could not save keypair
[DEBUG Mar  8 17:38:05.348715766, errs.go:68] Created error: Build responded with error
[DEBUG Mar  8 17:38:05.348737197, errs.go:68] Created error: Unknown build type
[DEBUG Mar  8 17:38:05.348826986, errors.go:86] Wrapped localized error: <nil> -- with: The installed version of the State Tool Service does not match that of the client.
Please stop the service with [ACTIONABLE]state-svc stop[/RESET] and try your command again.
If this issue persists please reinstall the State Tool.

[DEBUG Mar  8 17:38:05.348835042, errs.go:68] Created error: no data
[DEBUG Mar  8 17:38:05.348852975, errs.go:68] Created error: member not found
[DEBUG Mar  8 17:38:05.348869345, errs.go:68] Created error: Commit count is unknowable
[DEBUG Mar  8 17:38:05.348884724, errs.go:68] Created error: No merge required
[DEBUG Mar  8 17:38:05.348900886, errs.go:68] Created error: Can't merge commit thats already in target commits history
[DEBUG Mar  8 17:38:05.348917785, errs.go:68] Created error: Bad expander name
[DEBUG Mar  8 17:38:05.348933541, errs.go:68] Created error: Expander has no handler
[DEBUG Mar  8 17:38:05.349768329, errs.go:68] Created error: Service is already running
[DEBUG Mar  8 17:38:05.371979039, secrets.go:35] Gcloud Secretmanager failed to initialize (ignore if you're not trying to use gcloud): google: could not find default credentials. See https://developers.google.com/accounts/docs/application-default-credentials for more information.
[DEBUG Mar  8 17:38:05.375212102, output.go:53] Requested outputer for 
[DEBUG Mar  8 17:38:05.375227522, output.go:58] Using Plain outputer
[DEBUG Mar  8 17:38:05.375293992, termutils.go:17] Cannot get terminal size: inappropriate ioctl for device
[DEBUG Mar  8 17:38:05.375374945, client.go:128] Reporting event to 2 reporters: run-command, state-svc start, 
[DEBUG Mar  8 17:38:05.375409108, main.go:107] Running CmdStart
[DEBUG Mar  8 17:38:05.380542023, errs.go:75] Wrapped error: Service is already running -- with: valueF failed
[DEBUG Mar  8 17:38:05.380592517, errs.go:75] Wrapped error: valueF failed -- with: Could not store pid
[DEBUG Mar  8 17:38:05.380657477, errors.go:113] Wrapped input error: Could not store pid -- with: A State Service instance is already running in the background.
[DEBUG Mar  8 17:38:05.380666196, errs.go:75] Wrapped error: A State Service instance is already running in the background. -- with: Could not start serviceManager
[DEBUG Mar  8 17:38:05.380749867, client.go:128] Reporting event to 2 reporters: command-exit, state-svc start, 1
[DEBUG Mar  8 17:38:05.787715823, errs.go:75] Wrapped error: <nil> -- with: Could not start serviceManager: A State Service instance is already running in the background.: Could not store pid: valueF failed: Service is already running
[DEBUG Mar  8 17:38:05.787984737, main.go:61] state-svc errored out due to input: Could not start serviceManager: A State Service instance is already running in the background.: Could not store pid: valueF failed: Service is already running
