[DEBUG Aug  2 07:38:49.321938134, defaults.go:273] Args: [/home1/wangfeim/.local/ActiveState/StateTool/release/bin/state-svc start]
[DEBUG Aug  2 07:38:49.336526087, locale.go:38] Init
[DEBUG Aug  2 07:38:49.401790548, errs.go:68] Created error: File could not be found
[DEBUG Aug  2 07:38:49.404894926, errs.go:68] Created error: Not Recognized
[DEBUG Aug  2 07:38:49.424687808, errs.go:68] Created error: Secret not found
[DEBUG Aug  2 07:38:49.424732189, errs.go:68] Created error: Could not save keypair
[DEBUG Aug  2 07:38:49.424910062, errs.go:68] Created error: Build responded with error
[DEBUG Aug  2 07:38:49.424944085, errs.go:68] Created error: Unknown build type
[DEBUG Aug  2 07:38:49.425133220, errors.go:86] Wrapped localized error: <nil> -- with: The installed version of the State Tool Service does not match that of the client.
Please stop the service with [ACTIONABLE]state-svc stop[/RESET] and try your command again.
If this issue persists please reinstall the State Tool.

[DEBUG Aug  2 07:38:49.425146977, errs.go:68] Created error: no data
[DEBUG Aug  2 07:38:49.425169484, errs.go:68] Created error: member not found
[DEBUG Aug  2 07:38:49.425191365, errs.go:68] Created error: Commit count is unknowable
[DEBUG Aug  2 07:38:49.425213629, errs.go:68] Created error: No merge required
[DEBUG Aug  2 07:38:49.425236139, errs.go:68] Created error: Can't merge commit thats already in target commits history
[DEBUG Aug  2 07:38:49.425258750, errs.go:68] Created error: Bad expander name
[DEBUG Aug  2 07:38:49.425282527, errs.go:68] Created error: Expander has no handler
[DEBUG Aug  2 07:38:49.427667242, errs.go:68] Created error: Service is already running
[DEBUG Aug  2 07:38:49.492690649, secrets.go:35] Gcloud Secretmanager failed to initialize (ignore if you're not trying to use gcloud): google: could not find default credentials. See https://developers.google.com/accounts/docs/application-default-credentials for more information.
[DEBUG Aug  2 07:38:49.497602516, output.go:53] Requested outputer for 
[DEBUG Aug  2 07:38:49.497635329, output.go:58] Using Plain outputer
[DEBUG Aug  2 07:38:49.497722620, termutils.go:17] Cannot get terminal size: inappropriate ioctl for device
[DEBUG Aug  2 07:38:49.497798915, client.go:128] Reporting event to 2 reporters: run-command, state-svc start, 
[DEBUG Aug  2 07:38:49.497899227, main.go:107] Running CmdStart
[DEBUG Aug  2 07:38:49.503621463, errs.go:75] Wrapped error: Service is already running -- with: valueF failed
[DEBUG Aug  2 07:38:49.503672068, errs.go:75] Wrapped error: valueF failed -- with: Could not store pid
[DEBUG Aug  2 07:38:49.503743822, errors.go:113] Wrapped input error: Could not store pid -- with: A State Service instance is already running in the background.
[DEBUG Aug  2 07:38:49.503757468, errs.go:75] Wrapped error: A State Service instance is already running in the background. -- with: Could not start serviceManager
[DEBUG Aug  2 07:38:49.503837071, client.go:128] Reporting event to 2 reporters: command-exit, state-svc start, 1
[DEBUG Aug  2 07:38:49.901028132, errs.go:75] Wrapped error: <nil> -- with: Could not start serviceManager: A State Service instance is already running in the background.: Could not store pid: valueF failed: Service is already running
[DEBUG Aug  2 07:38:49.901094310, main.go:61] state-svc errored out due to input: Could not start serviceManager: A State Service instance is already running in the background.: Could not store pid: valueF failed: Service is already running
