[DEBUG Aug  2 08:19:49.726370331, defaults.go:273] Args: [/home1/wangfeim/.local/ActiveState/StateTool/release/bin/state-svc start]
[DEBUG Aug  2 08:19:49.739665922, locale.go:38] Init
[DEBUG Aug  2 08:19:49.811374440, errs.go:68] Created error: File could not be found
[DEBUG Aug  2 08:19:49.814318564, errs.go:68] Created error: Not Recognized
[DEBUG Aug  2 08:19:49.835319182, errs.go:68] Created error: Secret not found
[DEBUG Aug  2 08:19:49.835374823, errs.go:68] Created error: Could not save keypair
[DEBUG Aug  2 08:19:49.835556742, errs.go:68] Created error: Build responded with error
[DEBUG Aug  2 08:19:49.835595763, errs.go:68] Created error: Unknown build type
[DEBUG Aug  2 08:19:49.835718605, errors.go:86] Wrapped localized error: <nil> -- with: The installed version of the State Tool Service does not match that of the client.
Please stop the service with [ACTIONABLE]state-svc stop[/RESET] and try your command again.
If this issue persists please reinstall the State Tool.

[DEBUG Aug  2 08:19:49.835734075, errs.go:68] Created error: no data
[DEBUG Aug  2 08:19:49.835759062, errs.go:68] Created error: member not found
[DEBUG Aug  2 08:19:49.835783653, errs.go:68] Created error: Commit count is unknowable
[DEBUG Aug  2 08:19:49.835812650, errs.go:68] Created error: No merge required
[DEBUG Aug  2 08:19:49.835836542, errs.go:68] Created error: Can't merge commit thats already in target commits history
[DEBUG Aug  2 08:19:49.835860502, errs.go:68] Created error: Bad expander name
[DEBUG Aug  2 08:19:49.835883739, errs.go:68] Created error: Expander has no handler
[DEBUG Aug  2 08:19:49.836937142, errs.go:68] Created error: Service is already running
[DEBUG Aug  2 08:19:49.894648103, secrets.go:35] Gcloud Secretmanager failed to initialize (ignore if you're not trying to use gcloud): google: could not find default credentials. See https://developers.google.com/accounts/docs/application-default-credentials for more information.
[DEBUG Aug  2 08:19:49.897728927, output.go:53] Requested outputer for 
[DEBUG Aug  2 08:19:49.897751162, output.go:58] Using Plain outputer
[DEBUG Aug  2 08:19:49.897834335, termutils.go:17] Cannot get terminal size: inappropriate ioctl for device
[DEBUG Aug  2 08:19:49.897933074, client.go:128] Reporting event to 2 reporters: run-command, state-svc start, 
[DEBUG Aug  2 08:19:49.897987690, main.go:107] Running CmdStart
[DEBUG Aug  2 08:19:49.903824629, errs.go:75] Wrapped error: Service is already running -- with: valueF failed
[DEBUG Aug  2 08:19:49.903895266, errs.go:75] Wrapped error: valueF failed -- with: Could not store pid
[DEBUG Aug  2 08:19:49.903974281, errors.go:113] Wrapped input error: Could not store pid -- with: A State Service instance is already running in the background.
[DEBUG Aug  2 08:19:49.903988876, errs.go:75] Wrapped error: A State Service instance is already running in the background. -- with: Could not start serviceManager
[DEBUG Aug  2 08:19:49.904108234, client.go:128] Reporting event to 2 reporters: command-exit, state-svc start, 1
[DEBUG Aug  2 08:19:50.285027679, errs.go:75] Wrapped error: <nil> -- with: Could not start serviceManager: A State Service instance is already running in the background.: Could not store pid: valueF failed: Service is already running
[DEBUG Aug  2 08:19:50.285089486, main.go:61] state-svc errored out due to input: Could not start serviceManager: A State Service instance is already running in the background.: Could not store pid: valueF failed: Service is already running
