[DEBUG Aug  2 07:51:54.888955726, defaults.go:273] Args: [/home1/wangfeim/.local/ActiveState/StateTool/release/bin/state-svc start]
[DEBUG Aug  2 07:51:54.903436337, locale.go:38] Init
[DEBUG Aug  2 07:51:54.946783055, errs.go:68] Created error: File could not be found
[DEBUG Aug  2 07:51:54.949820766, errs.go:68] Created error: Not Recognized
[DEBUG Aug  2 07:51:54.999164365, errs.go:68] Created error: Secret not found
[DEBUG Aug  2 07:51:54.999213215, errs.go:68] Created error: Could not save keypair
[DEBUG Aug  2 07:51:54.999391429, errs.go:68] Created error: Build responded with error
[DEBUG Aug  2 07:51:54.999418398, errs.go:68] Created error: Unknown build type
[DEBUG Aug  2 07:51:54.999526026, errors.go:86] Wrapped localized error: <nil> -- with: The installed version of the State Tool Service does not match that of the client.
Please stop the service with [ACTIONABLE]state-svc stop[/RESET] and try your command again.
If this issue persists please reinstall the State Tool.

[DEBUG Aug  2 07:51:54.999550591, errs.go:68] Created error: no data
[DEBUG Aug  2 07:51:54.999581400, errs.go:68] Created error: member not found
[DEBUG Aug  2 07:51:54.999602865, errs.go:68] Created error: Commit count is unknowable
[DEBUG Aug  2 07:51:54.999622720, errs.go:68] Created error: No merge required
[DEBUG Aug  2 07:51:54.999643995, errs.go:68] Created error: Can't merge commit thats already in target commits history
[DEBUG Aug  2 07:51:54.999665727, errs.go:68] Created error: Bad expander name
[DEBUG Aug  2 07:51:54.999685206, errs.go:68] Created error: Expander has no handler
[DEBUG Aug  2 07:51:55.000857003, errs.go:68] Created error: Service is already running
[DEBUG Aug  2 07:51:55.029375700, secrets.go:35] Gcloud Secretmanager failed to initialize (ignore if you're not trying to use gcloud): google: could not find default credentials. See https://developers.google.com/accounts/docs/application-default-credentials for more information.
[DEBUG Aug  2 07:51:55.032609117, output.go:53] Requested outputer for 
[DEBUG Aug  2 07:51:55.032631975, output.go:58] Using Plain outputer
[DEBUG Aug  2 07:51:55.032721097, termutils.go:17] Cannot get terminal size: inappropriate ioctl for device
[DEBUG Aug  2 07:51:55.032820142, client.go:128] Reporting event to 2 reporters: run-command, state-svc start, 
[DEBUG Aug  2 07:51:55.032860537, main.go:107] Running CmdStart
[DEBUG Aug  2 07:51:55.038227381, errs.go:75] Wrapped error: Service is already running -- with: valueF failed
[DEBUG Aug  2 07:51:55.038312645, errs.go:75] Wrapped error: valueF failed -- with: Could not store pid
[DEBUG Aug  2 07:51:55.038436511, errors.go:113] Wrapped input error: Could not store pid -- with: A State Service instance is already running in the background.
[DEBUG Aug  2 07:51:55.038462251, errs.go:75] Wrapped error: A State Service instance is already running in the background. -- with: Could not start serviceManager
[DEBUG Aug  2 07:51:55.038569556, client.go:128] Reporting event to 2 reporters: command-exit, state-svc start, 1
[DEBUG Aug  2 07:51:55.430923802, errs.go:75] Wrapped error: <nil> -- with: Could not start serviceManager: A State Service instance is already running in the background.: Could not store pid: valueF failed: Service is already running
[DEBUG Aug  2 07:51:55.430994929, main.go:61] state-svc errored out due to input: Could not start serviceManager: A State Service instance is already running in the background.: Could not store pid: valueF failed: Service is already running
