[DEBUG Aug  2 08:20:50.060307671, defaults.go:273] Args: [/home1/wangfeim/.local/ActiveState/StateTool/release/bin/state-svc start]
[DEBUG Aug  2 08:20:50.076020792, locale.go:38] Init
[DEBUG Aug  2 08:20:50.117395120, errs.go:68] Created error: File could not be found
[DEBUG Aug  2 08:20:50.120307189, errs.go:68] Created error: Not Recognized
[DEBUG Aug  2 08:20:50.139991434, errs.go:68] Created error: Secret not found
[DEBUG Aug  2 08:20:50.140109845, errs.go:68] Created error: Could not save keypair
[DEBUG Aug  2 08:20:50.140512675, errs.go:68] Created error: Build responded with error
[DEBUG Aug  2 08:20:50.140582278, errs.go:68] Created error: Unknown build type
[DEBUG Aug  2 08:20:50.140746949, errors.go:86] Wrapped localized error: <nil> -- with: The installed version of the State Tool Service does not match that of the client.
Please stop the service with [ACTIONABLE]state-svc stop[/RESET] and try your command again.
If this issue persists please reinstall the State Tool.

[DEBUG Aug  2 08:20:50.140789817, errs.go:68] Created error: no data
[DEBUG Aug  2 08:20:50.141040759, errs.go:68] Created error: member not found
[DEBUG Aug  2 08:20:50.141132305, errs.go:68] Created error: Commit count is unknowable
[DEBUG Aug  2 08:20:50.141403291, errs.go:68] Created error: No merge required
[DEBUG Aug  2 08:20:50.141440902, errs.go:68] Created error: Can't merge commit thats already in target commits history
[DEBUG Aug  2 08:20:50.141474720, errs.go:68] Created error: Bad expander name
[DEBUG Aug  2 08:20:50.141500928, errs.go:68] Created error: Expander has no handler
[DEBUG Aug  2 08:20:50.142640200, errs.go:68] Created error: Service is already running
[DEBUG Aug  2 08:20:50.170286673, secrets.go:35] Gcloud Secretmanager failed to initialize (ignore if you're not trying to use gcloud): google: could not find default credentials. See https://developers.google.com/accounts/docs/application-default-credentials for more information.
[DEBUG Aug  2 08:20:50.173818581, output.go:53] Requested outputer for 
[DEBUG Aug  2 08:20:50.173837813, output.go:58] Using Plain outputer
[DEBUG Aug  2 08:20:50.173912122, termutils.go:17] Cannot get terminal size: inappropriate ioctl for device
[DEBUG Aug  2 08:20:50.174002595, client.go:128] Reporting event to 2 reporters: run-command, state-svc start, 
[DEBUG Aug  2 08:20:50.174048101, main.go:107] Running CmdStart
[DEBUG Aug  2 08:20:50.179881640, errs.go:75] Wrapped error: Service is already running -- with: valueF failed
[DEBUG Aug  2 08:20:50.179940435, errs.go:75] Wrapped error: valueF failed -- with: Could not store pid
[DEBUG Aug  2 08:20:50.180015157, errors.go:113] Wrapped input error: Could not store pid -- with: A State Service instance is already running in the background.
[DEBUG Aug  2 08:20:50.180027392, errs.go:75] Wrapped error: A State Service instance is already running in the background. -- with: Could not start serviceManager
[DEBUG Aug  2 08:20:50.180091255, client.go:128] Reporting event to 2 reporters: command-exit, state-svc start, 1
[DEBUG Aug  2 08:20:50.508489777, errs.go:75] Wrapped error: <nil> -- with: Could not start serviceManager: A State Service instance is already running in the background.: Could not store pid: valueF failed: Service is already running
[DEBUG Aug  2 08:20:50.508569194, main.go:61] state-svc errored out due to input: Could not start serviceManager: A State Service instance is already running in the background.: Could not store pid: valueF failed: Service is already running
