[DEBUG Aug  2 08:03:06.216462672, defaults.go:273] Args: [/home1/wangfeim/.local/ActiveState/StateTool/release/bin/state-svc start]
[DEBUG Aug  2 08:03:06.230650418, locale.go:38] Init
[DEBUG Aug  2 08:03:06.312561124, errs.go:68] Created error: File could not be found
[DEBUG Aug  2 08:03:06.315567309, errs.go:68] Created error: Not Recognized
[DEBUG Aug  2 08:03:06.334815341, errs.go:68] Created error: Secret not found
[DEBUG Aug  2 08:03:06.334862199, errs.go:68] Created error: Could not save keypair
[DEBUG Aug  2 08:03:06.335027597, errs.go:68] Created error: Build responded with error
[DEBUG Aug  2 08:03:06.335061808, errs.go:68] Created error: Unknown build type
[DEBUG Aug  2 08:03:06.335169651, errors.go:86] Wrapped localized error: <nil> -- with: The installed version of the State Tool Service does not match that of the client.
Please stop the service with [ACTIONABLE]state-svc stop[/RESET] and try your command again.
If this issue persists please reinstall the State Tool.

[DEBUG Aug  2 08:03:06.335182224, errs.go:68] Created error: no data
[DEBUG Aug  2 08:03:06.335203579, errs.go:68] Created error: member not found
[DEBUG Aug  2 08:03:06.335225015, errs.go:68] Created error: Commit count is unknowable
[DEBUG Aug  2 08:03:06.335245539, errs.go:68] Created error: No merge required
[DEBUG Aug  2 08:03:06.335335588, errs.go:68] Created error: Can't merge commit thats already in target commits history
[DEBUG Aug  2 08:03:06.335358926, errs.go:68] Created error: Bad expander name
[DEBUG Aug  2 08:03:06.335379724, errs.go:68] Created error: Expander has no handler
[DEBUG Aug  2 08:03:06.385458887, errs.go:68] Created error: Service is already running
[DEBUG Aug  2 08:03:06.413638586, secrets.go:35] Gcloud Secretmanager failed to initialize (ignore if you're not trying to use gcloud): google: could not find default credentials. See https://developers.google.com/accounts/docs/application-default-credentials for more information.
[DEBUG Aug  2 08:03:06.417081258, output.go:53] Requested outputer for 
[DEBUG Aug  2 08:03:06.417108120, output.go:58] Using Plain outputer
[DEBUG Aug  2 08:03:06.417180375, termutils.go:17] Cannot get terminal size: inappropriate ioctl for device
[DEBUG Aug  2 08:03:06.417253554, client.go:128] Reporting event to 2 reporters: run-command, state-svc start, 
[DEBUG Aug  2 08:03:06.417341813, main.go:107] Running CmdStart
[DEBUG Aug  2 08:03:06.425193908, errs.go:75] Wrapped error: Service is already running -- with: valueF failed
[DEBUG Aug  2 08:03:06.425258500, errs.go:75] Wrapped error: valueF failed -- with: Could not store pid
[DEBUG Aug  2 08:03:06.425358119, errors.go:113] Wrapped input error: Could not store pid -- with: A State Service instance is already running in the background.
[DEBUG Aug  2 08:03:06.425371659, errs.go:75] Wrapped error: A State Service instance is already running in the background. -- with: Could not start serviceManager
[DEBUG Aug  2 08:03:06.425450587, client.go:128] Reporting event to 2 reporters: command-exit, state-svc start, 1
[DEBUG Aug  2 08:03:06.790661573, errs.go:75] Wrapped error: <nil> -- with: Could not start serviceManager: A State Service instance is already running in the background.: Could not store pid: valueF failed: Service is already running
[DEBUG Aug  2 08:03:06.790724608, main.go:61] state-svc errored out due to input: Could not start serviceManager: A State Service instance is already running in the background.: Could not store pid: valueF failed: Service is already running
