[DEBUG Sep 18 08:51:19.201016026, defaults.go:273] Args: [/home1/wangfeim/.local/ActiveState/StateTool/release/bin/state-svc start]
[DEBUG Sep 18 08:51:19.217773331, locale.go:38] Init
[DEBUG Sep 18 08:51:19.271769803, errs.go:68] Created error: File could not be found
[DEBUG Sep 18 08:51:19.274649341, errs.go:68] Created error: Not Recognized
[DEBUG Sep 18 08:51:19.300369586, errs.go:68] Created error: Secret not found
[DEBUG Sep 18 08:51:19.300433009, errs.go:68] Created error: Could not save keypair
[DEBUG Sep 18 08:51:19.300654376, errs.go:68] Created error: Build responded with error
[DEBUG Sep 18 08:51:19.300697440, errs.go:68] Created error: Unknown build type
[DEBUG Sep 18 08:51:19.300960334, errors.go:86] Wrapped localized error: <nil> -- with: The installed version of the State Tool Service does not match that of the client.
Please stop the service with [ACTIONABLE]state-svc stop[/RESET] and try your command again.
If this issue persists please reinstall the State Tool.

[DEBUG Sep 18 08:51:19.300973106, errs.go:68] Created error: no data
[DEBUG Sep 18 08:51:19.301004548, errs.go:68] Created error: member not found
[DEBUG Sep 18 08:51:19.301032966, errs.go:68] Created error: Commit count is unknowable
[DEBUG Sep 18 08:51:19.301058560, errs.go:68] Created error: No merge required
[DEBUG Sep 18 08:51:19.301146696, errs.go:68] Created error: Can't merge commit thats already in target commits history
[DEBUG Sep 18 08:51:19.301178666, errs.go:68] Created error: Bad expander name
[DEBUG Sep 18 08:51:19.301209355, errs.go:68] Created error: Expander has no handler
[DEBUG Sep 18 08:51:19.304407618, errs.go:68] Created error: Service is already running
[DEBUG Sep 18 08:51:19.341637367, secrets.go:35] Gcloud Secretmanager failed to initialize (ignore if you're not trying to use gcloud): google: could not find default credentials. See https://developers.google.com/accounts/docs/application-default-credentials for more information.
[DEBUG Sep 18 08:51:19.345355520, output.go:53] Requested outputer for 
[DEBUG Sep 18 08:51:19.345375678, output.go:58] Using Plain outputer
[DEBUG Sep 18 08:51:19.345428622, termutils.go:17] Cannot get terminal size: inappropriate ioctl for device
[DEBUG Sep 18 08:51:19.345545600, main.go:107] Running CmdStart
[DEBUG Sep 18 08:51:19.346502882, exeutils.go:149] Executing: /home1/wangfeim/.local/ActiveState/StateTool/release/bin/state-svc [foreground]
[DEBUG Sep 18 08:51:19.350478151, manager.go:68] Process started using pid 31511
[DEBUG Sep 18 08:51:19.350541602, client.go:128] Reporting event to 2 reporters: command-exit, state-svc start, 0
[DEBUG Sep 18 08:51:19.350802169, client.go:128] Reporting event to 2 reporters: run-command, state-svc start, 
