[DEBUG Aug  2 08:13:37.186222647, defaults.go:273] Args: [/home1/wangfeim/.local/ActiveState/StateTool/release/bin/state-svc start]
[DEBUG Aug  2 08:13:37.200210295, locale.go:38] Init
[DEBUG Aug  2 08:13:37.286651573, errs.go:68] Created error: File could not be found
[DEBUG Aug  2 08:13:37.289849474, errs.go:68] Created error: Not Recognized
[DEBUG Aug  2 08:13:37.312037724, errs.go:68] Created error: Secret not found
[DEBUG Aug  2 08:13:37.312113399, errs.go:68] Created error: Could not save keypair
[DEBUG Aug  2 08:13:37.312279369, errs.go:68] Created error: Build responded with error
[DEBUG Aug  2 08:13:37.312311448, errs.go:68] Created error: Unknown build type
[DEBUG Aug  2 08:13:37.312428964, errors.go:86] Wrapped localized error: <nil> -- with: The installed version of the State Tool Service does not match that of the client.
Please stop the service with [ACTIONABLE]state-svc stop[/RESET] and try your command again.
If this issue persists please reinstall the State Tool.

[DEBUG Aug  2 08:13:37.312444834, errs.go:68] Created error: no data
[DEBUG Aug  2 08:13:37.312469012, errs.go:68] Created error: member not found
[DEBUG Aug  2 08:13:37.312491374, errs.go:68] Created error: Commit count is unknowable
[DEBUG Aug  2 08:13:37.312516333, errs.go:68] Created error: No merge required
[DEBUG Aug  2 08:13:37.312545510, errs.go:68] Created error: Can't merge commit thats already in target commits history
[DEBUG Aug  2 08:13:37.312570168, errs.go:68] Created error: Bad expander name
[DEBUG Aug  2 08:13:37.312593079, errs.go:68] Created error: Expander has no handler
[DEBUG Aug  2 08:13:37.313722964, errs.go:68] Created error: Service is already running
[DEBUG Aug  2 08:13:37.343517778, secrets.go:35] Gcloud Secretmanager failed to initialize (ignore if you're not trying to use gcloud): google: could not find default credentials. See https://developers.google.com/accounts/docs/application-default-credentials for more information.
[DEBUG Aug  2 08:13:37.346702457, output.go:53] Requested outputer for 
[DEBUG Aug  2 08:13:37.346726153, output.go:58] Using Plain outputer
[DEBUG Aug  2 08:13:37.346811300, termutils.go:17] Cannot get terminal size: inappropriate ioctl for device
[DEBUG Aug  2 08:13:37.346965496, client.go:128] Reporting event to 2 reporters: run-command, state-svc start, 
[DEBUG Aug  2 08:13:37.347011792, main.go:107] Running CmdStart
[DEBUG Aug  2 08:13:37.352872076, errs.go:75] Wrapped error: Service is already running -- with: valueF failed
[DEBUG Aug  2 08:13:37.352936702, errs.go:75] Wrapped error: valueF failed -- with: Could not store pid
[DEBUG Aug  2 08:13:37.353014238, errors.go:113] Wrapped input error: Could not store pid -- with: A State Service instance is already running in the background.
[DEBUG Aug  2 08:13:37.353029005, errs.go:75] Wrapped error: A State Service instance is already running in the background. -- with: Could not start serviceManager
[DEBUG Aug  2 08:13:37.353094904, client.go:128] Reporting event to 2 reporters: command-exit, state-svc start, 1
[DEBUG Aug  2 08:13:37.719242957, errs.go:75] Wrapped error: <nil> -- with: Could not start serviceManager: A State Service instance is already running in the background.: Could not store pid: valueF failed: Service is already running
[DEBUG Aug  2 08:13:37.719330106, main.go:61] state-svc errored out due to input: Could not start serviceManager: A State Service instance is already running in the background.: Could not store pid: valueF failed: Service is already running
