[DEBUG Aug  2 08:12:13.926227544, defaults.go:273] Args: [/home1/wangfeim/.local/ActiveState/StateTool/release/bin/state-svc start]
[DEBUG Aug  2 08:12:13.940596501, locale.go:38] Init
[DEBUG Aug  2 08:12:14.039644122, errs.go:68] Created error: File could not be found
[DEBUG Aug  2 08:12:14.042882733, errs.go:68] Created error: Not Recognized
[DEBUG Aug  2 08:12:14.087885294, errs.go:68] Created error: Secret not found
[DEBUG Aug  2 08:12:14.087948995, errs.go:68] Created error: Could not save keypair
[DEBUG Aug  2 08:12:14.088180805, errs.go:68] Created error: Build responded with error
[DEBUG Aug  2 08:12:14.088223467, errs.go:68] Created error: Unknown build type
[DEBUG Aug  2 08:12:14.088366548, errors.go:86] Wrapped localized error: <nil> -- with: The installed version of the State Tool Service does not match that of the client.
Please stop the service with [ACTIONABLE]state-svc stop[/RESET] and try your command again.
If this issue persists please reinstall the State Tool.

[DEBUG Aug  2 08:12:14.088384880, errs.go:68] Created error: no data
[DEBUG Aug  2 08:12:14.088410637, errs.go:68] Created error: member not found
[DEBUG Aug  2 08:12:14.088439418, errs.go:68] Created error: Commit count is unknowable
[DEBUG Aug  2 08:12:14.088462650, errs.go:68] Created error: No merge required
[DEBUG Aug  2 08:12:14.088517071, errs.go:68] Created error: Can't merge commit thats already in target commits history
[DEBUG Aug  2 08:12:14.088557082, errs.go:68] Created error: Bad expander name
[DEBUG Aug  2 08:12:14.088581099, errs.go:68] Created error: Expander has no handler
[DEBUG Aug  2 08:12:14.089826780, errs.go:68] Created error: Service is already running
[DEBUG Aug  2 08:12:14.121615252, secrets.go:35] Gcloud Secretmanager failed to initialize (ignore if you're not trying to use gcloud): google: could not find default credentials. See https://developers.google.com/accounts/docs/application-default-credentials for more information.
[DEBUG Aug  2 08:12:14.126844235, output.go:53] Requested outputer for 
[DEBUG Aug  2 08:12:14.126887554, output.go:58] Using Plain outputer
[DEBUG Aug  2 08:12:14.126990540, termutils.go:17] Cannot get terminal size: inappropriate ioctl for device
[DEBUG Aug  2 08:12:14.127086941, client.go:128] Reporting event to 2 reporters: run-command, state-svc start, 
[DEBUG Aug  2 08:12:14.127221802, main.go:107] Running CmdStart
[DEBUG Aug  2 08:12:14.133648606, errs.go:75] Wrapped error: Service is already running -- with: valueF failed
[DEBUG Aug  2 08:12:14.133717120, errs.go:75] Wrapped error: valueF failed -- with: Could not store pid
[DEBUG Aug  2 08:12:14.133808195, errors.go:113] Wrapped input error: Could not store pid -- with: A State Service instance is already running in the background.
[DEBUG Aug  2 08:12:14.133823992, errs.go:75] Wrapped error: A State Service instance is already running in the background. -- with: Could not start serviceManager
[DEBUG Aug  2 08:12:14.133894813, client.go:128] Reporting event to 2 reporters: command-exit, state-svc start, 1
[DEBUG Aug  2 08:12:14.498674906, errs.go:75] Wrapped error: <nil> -- with: Could not start serviceManager: A State Service instance is already running in the background.: Could not store pid: valueF failed: Service is already running
[DEBUG Aug  2 08:12:14.498771375, main.go:61] state-svc errored out due to input: Could not start serviceManager: A State Service instance is already running in the background.: Could not store pid: valueF failed: Service is already running
