[DEBUG Aug  2 08:04:06.038586872, defaults.go:273] Args: [/home1/wangfeim/.local/ActiveState/StateTool/release/bin/state-svc start]
[DEBUG Aug  2 08:04:06.053202533, locale.go:38] Init
[DEBUG Aug  2 08:04:06.114753599, errs.go:68] Created error: File could not be found
[DEBUG Aug  2 08:04:06.117935536, errs.go:68] Created error: Not Recognized
[DEBUG Aug  2 08:04:06.139655127, errs.go:68] Created error: Secret not found
[DEBUG Aug  2 08:04:06.139772980, errs.go:68] Created error: Could not save keypair
[DEBUG Aug  2 08:04:06.140451670, errs.go:68] Created error: Build responded with error
[DEBUG Aug  2 08:04:06.140524427, errs.go:68] Created error: Unknown build type
[DEBUG Aug  2 08:04:06.140711382, errors.go:86] Wrapped localized error: <nil> -- with: The installed version of the State Tool Service does not match that of the client.
Please stop the service with [ACTIONABLE]state-svc stop[/RESET] and try your command again.
If this issue persists please reinstall the State Tool.

[DEBUG Aug  2 08:04:06.140747834, errs.go:68] Created error: no data
[DEBUG Aug  2 08:04:06.140788302, errs.go:68] Created error: member not found
[DEBUG Aug  2 08:04:06.140823219, errs.go:68] Created error: Commit count is unknowable
[DEBUG Aug  2 08:04:06.140855018, errs.go:68] Created error: No merge required
[DEBUG Aug  2 08:04:06.140891254, errs.go:68] Created error: Can't merge commit thats already in target commits history
[DEBUG Aug  2 08:04:06.140933576, errs.go:68] Created error: Bad expander name
[DEBUG Aug  2 08:04:06.140965617, errs.go:68] Created error: Expander has no handler
[DEBUG Aug  2 08:04:06.142580580, errs.go:68] Created error: Service is already running
[DEBUG Aug  2 08:04:06.202102056, secrets.go:35] Gcloud Secretmanager failed to initialize (ignore if you're not trying to use gcloud): google: could not find default credentials. See https://developers.google.com/accounts/docs/application-default-credentials for more information.
[DEBUG Aug  2 08:04:06.205684440, output.go:53] Requested outputer for 
[DEBUG Aug  2 08:04:06.205715598, output.go:58] Using Plain outputer
[DEBUG Aug  2 08:04:06.205778100, termutils.go:17] Cannot get terminal size: inappropriate ioctl for device
[DEBUG Aug  2 08:04:06.205890640, client.go:128] Reporting event to 2 reporters: run-command, state-svc start, 
[DEBUG Aug  2 08:04:06.206137725, main.go:107] Running CmdStart
[DEBUG Aug  2 08:04:06.213438242, errs.go:75] Wrapped error: Service is already running -- with: valueF failed
[DEBUG Aug  2 08:04:06.213515287, errs.go:75] Wrapped error: valueF failed -- with: Could not store pid
[DEBUG Aug  2 08:04:06.213642933, errors.go:113] Wrapped input error: Could not store pid -- with: A State Service instance is already running in the background.
[DEBUG Aug  2 08:04:06.213665318, errs.go:75] Wrapped error: A State Service instance is already running in the background. -- with: Could not start serviceManager
[DEBUG Aug  2 08:04:06.213787651, client.go:128] Reporting event to 2 reporters: command-exit, state-svc start, 1
[DEBUG Aug  2 08:04:06.585218002, errs.go:75] Wrapped error: <nil> -- with: Could not start serviceManager: A State Service instance is already running in the background.: Could not store pid: valueF failed: Service is already running
[DEBUG Aug  2 08:04:06.585282853, main.go:61] state-svc errored out due to input: Could not start serviceManager: A State Service instance is already running in the background.: Could not store pid: valueF failed: Service is already running
