[DEBUG Aug  2 07:47:21.616422296, defaults.go:273] Args: [/home1/wangfeim/.local/ActiveState/StateTool/release/bin/state-svc start]
[DEBUG Aug  2 07:47:21.630441173, locale.go:38] Init
[DEBUG Aug  2 07:47:21.700048847, errs.go:68] Created error: File could not be found
[DEBUG Aug  2 07:47:21.702987879, errs.go:68] Created error: Not Recognized
[DEBUG Aug  2 07:47:21.722688275, errs.go:68] Created error: Secret not found
[DEBUG Aug  2 07:47:21.722735520, errs.go:68] Created error: Could not save keypair
[DEBUG Aug  2 07:47:21.722929730, errs.go:68] Created error: Build responded with error
[DEBUG Aug  2 07:47:21.722964170, errs.go:68] Created error: Unknown build type
[DEBUG Aug  2 07:47:21.723066183, errors.go:86] Wrapped localized error: <nil> -- with: The installed version of the State Tool Service does not match that of the client.
Please stop the service with [ACTIONABLE]state-svc stop[/RESET] and try your command again.
If this issue persists please reinstall the State Tool.

[DEBUG Aug  2 07:47:21.723078640, errs.go:68] Created error: no data
[DEBUG Aug  2 07:47:21.723100824, errs.go:68] Created error: member not found
[DEBUG Aug  2 07:47:21.723122388, errs.go:68] Created error: Commit count is unknowable
[DEBUG Aug  2 07:47:21.723143505, errs.go:68] Created error: No merge required
[DEBUG Aug  2 07:47:21.723165887, errs.go:68] Created error: Can't merge commit thats already in target commits history
[DEBUG Aug  2 07:47:21.723188952, errs.go:68] Created error: Bad expander name
[DEBUG Aug  2 07:47:21.723210138, errs.go:68] Created error: Expander has no handler
[DEBUG Aug  2 07:47:21.724363000, errs.go:68] Created error: Service is already running
[DEBUG Aug  2 07:47:21.750490116, secrets.go:35] Gcloud Secretmanager failed to initialize (ignore if you're not trying to use gcloud): google: could not find default credentials. See https://developers.google.com/accounts/docs/application-default-credentials for more information.
[DEBUG Aug  2 07:47:21.786213087, output.go:53] Requested outputer for 
[DEBUG Aug  2 07:47:21.786243411, output.go:58] Using Plain outputer
[DEBUG Aug  2 07:47:21.786353385, termutils.go:17] Cannot get terminal size: inappropriate ioctl for device
[DEBUG Aug  2 07:47:21.786415941, client.go:128] Reporting event to 2 reporters: run-command, state-svc start, 
[DEBUG Aug  2 07:47:21.786571531, main.go:107] Running CmdStart
[DEBUG Aug  2 07:47:21.792470105, errs.go:75] Wrapped error: Service is already running -- with: valueF failed
[DEBUG Aug  2 07:47:21.792529852, errs.go:75] Wrapped error: valueF failed -- with: Could not store pid
[DEBUG Aug  2 07:47:21.792623658, errors.go:113] Wrapped input error: Could not store pid -- with: A State Service instance is already running in the background.
[DEBUG Aug  2 07:47:21.792638384, errs.go:75] Wrapped error: A State Service instance is already running in the background. -- with: Could not start serviceManager
[DEBUG Aug  2 07:47:21.792709769, client.go:128] Reporting event to 2 reporters: command-exit, state-svc start, 1
[DEBUG Aug  2 07:47:22.185194521, errs.go:75] Wrapped error: <nil> -- with: Could not start serviceManager: A State Service instance is already running in the background.: Could not store pid: valueF failed: Service is already running
[DEBUG Aug  2 07:47:22.185280210, main.go:61] state-svc errored out due to input: Could not start serviceManager: A State Service instance is already running in the background.: Could not store pid: valueF failed: Service is already running
