[DEBUG Aug  2 08:08:39.971534214, defaults.go:273] Args: [/home1/wangfeim/.local/ActiveState/StateTool/release/bin/state-svc start]
[DEBUG Aug  2 08:08:39.984470019, locale.go:38] Init
[DEBUG Aug  2 08:08:40.028100907, errs.go:68] Created error: File could not be found
[DEBUG Aug  2 08:08:40.031734894, errs.go:68] Created error: Not Recognized
[DEBUG Aug  2 08:08:40.092935314, errs.go:68] Created error: Secret not found
[DEBUG Aug  2 08:08:40.092992731, errs.go:68] Created error: Could not save keypair
[DEBUG Aug  2 08:08:40.093165307, errs.go:68] Created error: Build responded with error
[DEBUG Aug  2 08:08:40.093194015, errs.go:68] Created error: Unknown build type
[DEBUG Aug  2 08:08:40.093322825, errors.go:86] Wrapped localized error: <nil> -- with: The installed version of the State Tool Service does not match that of the client.
Please stop the service with [ACTIONABLE]state-svc stop[/RESET] and try your command again.
If this issue persists please reinstall the State Tool.

[DEBUG Aug  2 08:08:40.093338880, errs.go:68] Created error: no data
[DEBUG Aug  2 08:08:40.093365247, errs.go:68] Created error: member not found
[DEBUG Aug  2 08:08:40.093410752, errs.go:68] Created error: Commit count is unknowable
[DEBUG Aug  2 08:08:40.093436131, errs.go:68] Created error: No merge required
[DEBUG Aug  2 08:08:40.093460625, errs.go:68] Created error: Can't merge commit thats already in target commits history
[DEBUG Aug  2 08:08:40.093485180, errs.go:68] Created error: Bad expander name
[DEBUG Aug  2 08:08:40.093508048, errs.go:68] Created error: Expander has no handler
[DEBUG Aug  2 08:08:40.094597403, errs.go:68] Created error: Service is already running
[DEBUG Aug  2 08:08:40.122386752, secrets.go:35] Gcloud Secretmanager failed to initialize (ignore if you're not trying to use gcloud): google: could not find default credentials. See https://developers.google.com/accounts/docs/application-default-credentials for more information.
[DEBUG Aug  2 08:08:40.125755143, output.go:53] Requested outputer for 
[DEBUG Aug  2 08:08:40.125776074, output.go:58] Using Plain outputer
[DEBUG Aug  2 08:08:40.125840952, termutils.go:17] Cannot get terminal size: inappropriate ioctl for device
[DEBUG Aug  2 08:08:40.125925418, client.go:128] Reporting event to 2 reporters: run-command, state-svc start, 
[DEBUG Aug  2 08:08:40.126003627, main.go:107] Running CmdStart
[DEBUG Aug  2 08:08:40.131864426, errs.go:75] Wrapped error: Service is already running -- with: valueF failed
[DEBUG Aug  2 08:08:40.131929571, errs.go:75] Wrapped error: valueF failed -- with: Could not store pid
[DEBUG Aug  2 08:08:40.131998493, errors.go:113] Wrapped input error: Could not store pid -- with: A State Service instance is already running in the background.
[DEBUG Aug  2 08:08:40.132012364, errs.go:75] Wrapped error: A State Service instance is already running in the background. -- with: Could not start serviceManager
[DEBUG Aug  2 08:08:40.132085145, client.go:128] Reporting event to 2 reporters: command-exit, state-svc start, 1
[DEBUG Aug  2 08:08:40.486303653, errs.go:75] Wrapped error: <nil> -- with: Could not start serviceManager: A State Service instance is already running in the background.: Could not store pid: valueF failed: Service is already running
[DEBUG Aug  2 08:08:40.486384276, main.go:61] state-svc errored out due to input: Could not start serviceManager: A State Service instance is already running in the background.: Could not store pid: valueF failed: Service is already running
