[DEBUG Aug  2 08:19:28.475084005, defaults.go:273] Args: [/home1/wangfeim/.local/ActiveState/StateTool/release/bin/state-svc start]
[DEBUG Aug  2 08:19:28.489288329, locale.go:38] Init
[DEBUG Aug  2 08:19:28.536271234, errs.go:68] Created error: File could not be found
[DEBUG Aug  2 08:19:28.539627963, errs.go:68] Created error: Not Recognized
[DEBUG Aug  2 08:19:28.604781470, errs.go:68] Created error: Secret not found
[DEBUG Aug  2 08:19:28.604848642, errs.go:68] Created error: Could not save keypair
[DEBUG Aug  2 08:19:28.605043245, errs.go:68] Created error: Build responded with error
[DEBUG Aug  2 08:19:28.605080457, errs.go:68] Created error: Unknown build type
[DEBUG Aug  2 08:19:28.605226970, errors.go:86] Wrapped localized error: <nil> -- with: The installed version of the State Tool Service does not match that of the client.
Please stop the service with [ACTIONABLE]state-svc stop[/RESET] and try your command again.
If this issue persists please reinstall the State Tool.

[DEBUG Aug  2 08:19:28.605243846, errs.go:68] Created error: no data
[DEBUG Aug  2 08:19:28.605270085, errs.go:68] Created error: member not found
[DEBUG Aug  2 08:19:28.605296184, errs.go:68] Created error: Commit count is unknowable
[DEBUG Aug  2 08:19:28.605320378, errs.go:68] Created error: No merge required
[DEBUG Aug  2 08:19:28.605343142, errs.go:68] Created error: Can't merge commit thats already in target commits history
[DEBUG Aug  2 08:19:28.605369300, errs.go:68] Created error: Bad expander name
[DEBUG Aug  2 08:19:28.605393158, errs.go:68] Created error: Expander has no handler
[DEBUG Aug  2 08:19:28.606753860, errs.go:68] Created error: Service is already running
[DEBUG Aug  2 08:19:28.636621012, secrets.go:35] Gcloud Secretmanager failed to initialize (ignore if you're not trying to use gcloud): google: could not find default credentials. See https://developers.google.com/accounts/docs/application-default-credentials for more information.
[DEBUG Aug  2 08:19:28.639797060, output.go:53] Requested outputer for 
[DEBUG Aug  2 08:19:28.639829344, output.go:58] Using Plain outputer
[DEBUG Aug  2 08:19:28.639916108, termutils.go:17] Cannot get terminal size: inappropriate ioctl for device
[DEBUG Aug  2 08:19:28.639995801, client.go:128] Reporting event to 2 reporters: run-command, state-svc start, 
[DEBUG Aug  2 08:19:28.640098808, main.go:107] Running CmdStart
[DEBUG Aug  2 08:19:28.645775038, errs.go:75] Wrapped error: Service is already running -- with: valueF failed
[DEBUG Aug  2 08:19:28.645838336, errs.go:75] Wrapped error: valueF failed -- with: Could not store pid
[DEBUG Aug  2 08:19:28.645911299, errors.go:113] Wrapped input error: Could not store pid -- with: A State Service instance is already running in the background.
[DEBUG Aug  2 08:19:28.645924274, errs.go:75] Wrapped error: A State Service instance is already running in the background. -- with: Could not start serviceManager
[DEBUG Aug  2 08:19:28.646019552, client.go:128] Reporting event to 2 reporters: command-exit, state-svc start, 1
[DEBUG Aug  2 08:19:29.020658975, errs.go:75] Wrapped error: <nil> -- with: Could not start serviceManager: A State Service instance is already running in the background.: Could not store pid: valueF failed: Service is already running
[DEBUG Aug  2 08:19:29.020727317, main.go:61] state-svc errored out due to input: Could not start serviceManager: A State Service instance is already running in the background.: Could not store pid: valueF failed: Service is already running
