[DEBUG Aug  2 08:17:17.813550743, defaults.go:273] Args: [/home1/wangfeim/.local/ActiveState/StateTool/release/bin/state-svc start]
[DEBUG Aug  2 08:17:17.827930824, locale.go:38] Init
[DEBUG Aug  2 08:17:17.906871806, errs.go:68] Created error: File could not be found
[DEBUG Aug  2 08:17:17.909973410, errs.go:68] Created error: Not Recognized
[DEBUG Aug  2 08:17:17.932672126, errs.go:68] Created error: Secret not found
[DEBUG Aug  2 08:17:17.932755072, errs.go:68] Created error: Could not save keypair
[DEBUG Aug  2 08:17:17.933012626, errs.go:68] Created error: Build responded with error
[DEBUG Aug  2 08:17:17.933051764, errs.go:68] Created error: Unknown build type
[DEBUG Aug  2 08:17:17.933198689, errors.go:86] Wrapped localized error: <nil> -- with: The installed version of the State Tool Service does not match that of the client.
Please stop the service with [ACTIONABLE]state-svc stop[/RESET] and try your command again.
If this issue persists please reinstall the State Tool.

[DEBUG Aug  2 08:17:17.933222130, errs.go:68] Created error: no data
[DEBUG Aug  2 08:17:17.933257677, errs.go:68] Created error: member not found
[DEBUG Aug  2 08:17:17.933290599, errs.go:68] Created error: Commit count is unknowable
[DEBUG Aug  2 08:17:17.933319648, errs.go:68] Created error: No merge required
[DEBUG Aug  2 08:17:17.933352063, errs.go:68] Created error: Can't merge commit thats already in target commits history
[DEBUG Aug  2 08:17:17.933383725, errs.go:68] Created error: Bad expander name
[DEBUG Aug  2 08:17:17.933415384, errs.go:68] Created error: Expander has no handler
[DEBUG Aug  2 08:17:17.934645561, errs.go:68] Created error: Service is already running
[DEBUG Aug  2 08:17:18.006051658, secrets.go:35] Gcloud Secretmanager failed to initialize (ignore if you're not trying to use gcloud): google: could not find default credentials. See https://developers.google.com/accounts/docs/application-default-credentials for more information.
[DEBUG Aug  2 08:17:18.010522231, output.go:53] Requested outputer for 
[DEBUG Aug  2 08:17:18.010554834, output.go:58] Using Plain outputer
[DEBUG Aug  2 08:17:18.010636502, termutils.go:17] Cannot get terminal size: inappropriate ioctl for device
[DEBUG Aug  2 08:17:18.010724514, client.go:128] Reporting event to 2 reporters: run-command, state-svc start, 
[DEBUG Aug  2 08:17:18.010848627, main.go:107] Running CmdStart
[DEBUG Aug  2 08:17:18.017866625, errs.go:75] Wrapped error: Service is already running -- with: valueF failed
[DEBUG Aug  2 08:17:18.017943683, errs.go:75] Wrapped error: valueF failed -- with: Could not store pid
[DEBUG Aug  2 08:17:18.018025213, errors.go:113] Wrapped input error: Could not store pid -- with: A State Service instance is already running in the background.
[DEBUG Aug  2 08:17:18.018039715, errs.go:75] Wrapped error: A State Service instance is already running in the background. -- with: Could not start serviceManager
[DEBUG Aug  2 08:17:18.018123575, client.go:128] Reporting event to 2 reporters: command-exit, state-svc start, 1
[DEBUG Aug  2 08:17:18.389785019, errs.go:75] Wrapped error: <nil> -- with: Could not start serviceManager: A State Service instance is already running in the background.: Could not store pid: valueF failed: Service is already running
[DEBUG Aug  2 08:17:18.389846339, main.go:61] state-svc errored out due to input: Could not start serviceManager: A State Service instance is already running in the background.: Could not store pid: valueF failed: Service is already running
