[DEBUG Aug  2 07:39:06.451524103, defaults.go:273] Args: [/home1/wangfeim/.local/ActiveState/StateTool/release/bin/state-svc start]
[DEBUG Aug  2 07:39:06.465463942, locale.go:38] Init
[DEBUG Aug  2 07:39:06.511917821, errs.go:68] Created error: File could not be found
[DEBUG Aug  2 07:39:06.516148392, errs.go:68] Created error: Not Recognized
[DEBUG Aug  2 07:39:06.534884896, errs.go:68] Created error: Secret not found
[DEBUG Aug  2 07:39:06.534931677, errs.go:68] Created error: Could not save keypair
[DEBUG Aug  2 07:39:06.535102016, errs.go:68] Created error: Build responded with error
[DEBUG Aug  2 07:39:06.535136788, errs.go:68] Created error: Unknown build type
[DEBUG Aug  2 07:39:06.535247416, errors.go:86] Wrapped localized error: <nil> -- with: The installed version of the State Tool Service does not match that of the client.
Please stop the service with [ACTIONABLE]state-svc stop[/RESET] and try your command again.
If this issue persists please reinstall the State Tool.

[DEBUG Aug  2 07:39:06.535262094, errs.go:68] Created error: no data
[DEBUG Aug  2 07:39:06.535286138, errs.go:68] Created error: member not found
[DEBUG Aug  2 07:39:06.535309238, errs.go:68] Created error: Commit count is unknowable
[DEBUG Aug  2 07:39:06.535338521, errs.go:68] Created error: No merge required
[DEBUG Aug  2 07:39:06.535361377, errs.go:68] Created error: Can't merge commit thats already in target commits history
[DEBUG Aug  2 07:39:06.535394729, errs.go:68] Created error: Bad expander name
[DEBUG Aug  2 07:39:06.535444343, errs.go:68] Created error: Expander has no handler
[DEBUG Aug  2 07:39:06.536465842, errs.go:68] Created error: Service is already running
[DEBUG Aug  2 07:39:06.587243042, secrets.go:35] Gcloud Secretmanager failed to initialize (ignore if you're not trying to use gcloud): google: could not find default credentials. See https://developers.google.com/accounts/docs/application-default-credentials for more information.
[DEBUG Aug  2 07:39:06.590372171, output.go:53] Requested outputer for 
[DEBUG Aug  2 07:39:06.590395332, output.go:58] Using Plain outputer
[DEBUG Aug  2 07:39:06.590454785, termutils.go:17] Cannot get terminal size: inappropriate ioctl for device
[DEBUG Aug  2 07:39:06.590554759, client.go:128] Reporting event to 2 reporters: run-command, state-svc start, 
[DEBUG Aug  2 07:39:06.590604680, main.go:107] Running CmdStart
[DEBUG Aug  2 07:39:06.596687745, errs.go:75] Wrapped error: Service is already running -- with: valueF failed
[DEBUG Aug  2 07:39:06.596761880, errs.go:75] Wrapped error: valueF failed -- with: Could not store pid
[DEBUG Aug  2 07:39:06.596844100, errors.go:113] Wrapped input error: Could not store pid -- with: A State Service instance is already running in the background.
[DEBUG Aug  2 07:39:06.596859627, errs.go:75] Wrapped error: A State Service instance is already running in the background. -- with: Could not start serviceManager
[DEBUG Aug  2 07:39:06.596969595, client.go:128] Reporting event to 2 reporters: command-exit, state-svc start, 1
[DEBUG Aug  2 07:39:06.919699478, errs.go:75] Wrapped error: <nil> -- with: Could not start serviceManager: A State Service instance is already running in the background.: Could not store pid: valueF failed: Service is already running
[DEBUG Aug  2 07:39:06.919763881, main.go:61] state-svc errored out due to input: Could not start serviceManager: A State Service instance is already running in the background.: Could not store pid: valueF failed: Service is already running
