[DEBUG Aug  2 08:07:36.744863688, defaults.go:273] Args: [/home1/wangfeim/.local/ActiveState/StateTool/release/bin/state-svc start]
[DEBUG Aug  2 08:07:36.758920552, locale.go:38] Init
[DEBUG Aug  2 08:07:36.799928577, errs.go:68] Created error: File could not be found
[DEBUG Aug  2 08:07:36.803324997, errs.go:68] Created error: Not Recognized
[DEBUG Aug  2 08:07:36.823605845, errs.go:68] Created error: Secret not found
[DEBUG Aug  2 08:07:36.823655405, errs.go:68] Created error: Could not save keypair
[DEBUG Aug  2 08:07:36.823846374, errs.go:68] Created error: Build responded with error
[DEBUG Aug  2 08:07:36.823876404, errs.go:68] Created error: Unknown build type
[DEBUG Aug  2 08:07:36.823991068, errors.go:86] Wrapped localized error: <nil> -- with: The installed version of the State Tool Service does not match that of the client.
Please stop the service with [ACTIONABLE]state-svc stop[/RESET] and try your command again.
If this issue persists please reinstall the State Tool.

[DEBUG Aug  2 08:07:36.824004842, errs.go:68] Created error: no data
[DEBUG Aug  2 08:07:36.824031133, errs.go:68] Created error: member not found
[DEBUG Aug  2 08:07:36.824054375, errs.go:68] Created error: Commit count is unknowable
[DEBUG Aug  2 08:07:36.824078026, errs.go:68] Created error: No merge required
[DEBUG Aug  2 08:07:36.824100306, errs.go:68] Created error: Can't merge commit thats already in target commits history
[DEBUG Aug  2 08:07:36.824124833, errs.go:68] Created error: Bad expander name
[DEBUG Aug  2 08:07:36.824147062, errs.go:68] Created error: Expander has no handler
[DEBUG Aug  2 08:07:36.825296403, errs.go:68] Created error: Service is already running
[DEBUG Aug  2 08:07:36.853113922, secrets.go:35] Gcloud Secretmanager failed to initialize (ignore if you're not trying to use gcloud): google: could not find default credentials. See https://developers.google.com/accounts/docs/application-default-credentials for more information.
[DEBUG Aug  2 08:07:36.856610493, output.go:53] Requested outputer for 
[DEBUG Aug  2 08:07:36.856633349, output.go:58] Using Plain outputer
[DEBUG Aug  2 08:07:36.856708183, termutils.go:17] Cannot get terminal size: inappropriate ioctl for device
[DEBUG Aug  2 08:07:36.856799449, client.go:128] Reporting event to 2 reporters: run-command, state-svc start, 
[DEBUG Aug  2 08:07:36.856852542, main.go:107] Running CmdStart
[DEBUG Aug  2 08:07:36.890136217, errs.go:75] Wrapped error: Service is already running -- with: valueF failed
[DEBUG Aug  2 08:07:36.890207230, errs.go:75] Wrapped error: valueF failed -- with: Could not store pid
[DEBUG Aug  2 08:07:36.890301935, errors.go:113] Wrapped input error: Could not store pid -- with: A State Service instance is already running in the background.
[DEBUG Aug  2 08:07:36.890316081, errs.go:75] Wrapped error: A State Service instance is already running in the background. -- with: Could not start serviceManager
[DEBUG Aug  2 08:07:36.890444744, client.go:128] Reporting event to 2 reporters: command-exit, state-svc start, 1
[DEBUG Aug  2 08:07:37.203065092, errs.go:75] Wrapped error: <nil> -- with: Could not start serviceManager: A State Service instance is already running in the background.: Could not store pid: valueF failed: Service is already running
[DEBUG Aug  2 08:07:37.203149284, main.go:61] state-svc errored out due to input: Could not start serviceManager: A State Service instance is already running in the background.: Could not store pid: valueF failed: Service is already running
