[DEBUG Aug  2 07:58:45.555137854, defaults.go:273] Args: [/home1/wangfeim/.local/ActiveState/StateTool/release/bin/state-svc start]
[DEBUG Aug  2 07:58:45.569443497, locale.go:38] Init
[DEBUG Aug  2 07:58:45.617769605, errs.go:68] Created error: File could not be found
[DEBUG Aug  2 07:58:45.620854257, errs.go:68] Created error: Not Recognized
[DEBUG Aug  2 07:58:45.701301214, errs.go:68] Created error: Secret not found
[DEBUG Aug  2 07:58:45.701352999, errs.go:68] Created error: Could not save keypair
[DEBUG Aug  2 07:58:45.701530488, errs.go:68] Created error: Build responded with error
[DEBUG Aug  2 07:58:45.701576967, errs.go:68] Created error: Unknown build type
[DEBUG Aug  2 07:58:45.701688897, errors.go:86] Wrapped localized error: <nil> -- with: The installed version of the State Tool Service does not match that of the client.
Please stop the service with [ACTIONABLE]state-svc stop[/RESET] and try your command again.
If this issue persists please reinstall the State Tool.

[DEBUG Aug  2 07:58:45.701703494, errs.go:68] Created error: no data
[DEBUG Aug  2 07:58:45.701731123, errs.go:68] Created error: member not found
[DEBUG Aug  2 07:58:45.701756682, errs.go:68] Created error: Commit count is unknowable
[DEBUG Aug  2 07:58:45.701789491, errs.go:68] Created error: No merge required
[DEBUG Aug  2 07:58:45.701815164, errs.go:68] Created error: Can't merge commit thats already in target commits history
[DEBUG Aug  2 07:58:45.701839813, errs.go:68] Created error: Bad expander name
[DEBUG Aug  2 07:58:45.701865674, errs.go:68] Created error: Expander has no handler
[DEBUG Aug  2 07:58:45.703192103, errs.go:68] Created error: Service is already running
[DEBUG Aug  2 07:58:45.732717122, secrets.go:35] Gcloud Secretmanager failed to initialize (ignore if you're not trying to use gcloud): google: could not find default credentials. See https://developers.google.com/accounts/docs/application-default-credentials for more information.
[DEBUG Aug  2 07:58:45.735860396, output.go:53] Requested outputer for 
[DEBUG Aug  2 07:58:45.735883783, output.go:58] Using Plain outputer
[DEBUG Aug  2 07:58:45.735951521, termutils.go:17] Cannot get terminal size: inappropriate ioctl for device
[DEBUG Aug  2 07:58:45.736055791, client.go:128] Reporting event to 2 reporters: run-command, state-svc start, 
[DEBUG Aug  2 07:58:45.736087294, main.go:107] Running CmdStart
[DEBUG Aug  2 07:58:45.743255538, errs.go:75] Wrapped error: Service is already running -- with: valueF failed
[DEBUG Aug  2 07:58:45.743349764, errs.go:75] Wrapped error: valueF failed -- with: Could not store pid
[DEBUG Aug  2 07:58:45.743446123, errors.go:113] Wrapped input error: Could not store pid -- with: A State Service instance is already running in the background.
[DEBUG Aug  2 07:58:45.743461244, errs.go:75] Wrapped error: A State Service instance is already running in the background. -- with: Could not start serviceManager
[DEBUG Aug  2 07:58:45.744899582, client.go:128] Reporting event to 2 reporters: command-exit, state-svc start, 1
[DEBUG Aug  2 07:58:46.107725111, errs.go:75] Wrapped error: <nil> -- with: Could not start serviceManager: A State Service instance is already running in the background.: Could not store pid: valueF failed: Service is already running
[DEBUG Aug  2 07:58:46.107818849, main.go:61] state-svc errored out due to input: Could not start serviceManager: A State Service instance is already running in the background.: Could not store pid: valueF failed: Service is already running
