[DEBUG Aug  2 07:42:43.388592521, defaults.go:273] Args: [/home1/wangfeim/.local/ActiveState/StateTool/release/bin/state-svc start]
[DEBUG Aug  2 07:42:43.403090034, locale.go:38] Init
[DEBUG Aug  2 07:42:43.445454579, errs.go:68] Created error: File could not be found
[DEBUG Aug  2 07:42:43.486878625, errs.go:68] Created error: Not Recognized
[DEBUG Aug  2 07:42:43.506299802, errs.go:68] Created error: Secret not found
[DEBUG Aug  2 07:42:43.506347107, errs.go:68] Created error: Could not save keypair
[DEBUG Aug  2 07:42:43.507381401, errs.go:68] Created error: Build responded with error
[DEBUG Aug  2 07:42:43.507497704, errs.go:68] Created error: Unknown build type
[DEBUG Aug  2 07:42:43.507703690, errors.go:86] Wrapped localized error: <nil> -- with: The installed version of the State Tool Service does not match that of the client.
Please stop the service with [ACTIONABLE]state-svc stop[/RESET] and try your command again.
If this issue persists please reinstall the State Tool.

[DEBUG Aug  2 07:42:43.507747507, errs.go:68] Created error: no data
[DEBUG Aug  2 07:42:43.507802551, errs.go:68] Created error: member not found
[DEBUG Aug  2 07:42:43.507847281, errs.go:68] Created error: Commit count is unknowable
[DEBUG Aug  2 07:42:43.507889179, errs.go:68] Created error: No merge required
[DEBUG Aug  2 07:42:43.507930728, errs.go:68] Created error: Can't merge commit thats already in target commits history
[DEBUG Aug  2 07:42:43.507977170, errs.go:68] Created error: Bad expander name
[DEBUG Aug  2 07:42:43.508336389, errs.go:68] Created error: Expander has no handler
[DEBUG Aug  2 07:42:43.509612304, errs.go:68] Created error: Service is already running
[DEBUG Aug  2 07:42:43.586978365, secrets.go:35] Gcloud Secretmanager failed to initialize (ignore if you're not trying to use gcloud): google: could not find default credentials. See https://developers.google.com/accounts/docs/application-default-credentials for more information.
[DEBUG Aug  2 07:42:43.590854893, output.go:53] Requested outputer for 
[DEBUG Aug  2 07:42:43.590877440, output.go:58] Using Plain outputer
[DEBUG Aug  2 07:42:43.590958378, termutils.go:17] Cannot get terminal size: inappropriate ioctl for device
[DEBUG Aug  2 07:42:43.591043249, client.go:128] Reporting event to 2 reporters: run-command, state-svc start, 
[DEBUG Aug  2 07:42:43.591181778, main.go:107] Running CmdStart
[DEBUG Aug  2 07:42:43.597060556, errs.go:75] Wrapped error: Service is already running -- with: valueF failed
[DEBUG Aug  2 07:42:43.597125434, errs.go:75] Wrapped error: valueF failed -- with: Could not store pid
[DEBUG Aug  2 07:42:43.597214909, errors.go:113] Wrapped input error: Could not store pid -- with: A State Service instance is already running in the background.
[DEBUG Aug  2 07:42:43.597229729, errs.go:75] Wrapped error: A State Service instance is already running in the background. -- with: Could not start serviceManager
[DEBUG Aug  2 07:42:43.597305631, client.go:128] Reporting event to 2 reporters: command-exit, state-svc start, 1
[DEBUG Aug  2 07:42:43.932002584, errs.go:75] Wrapped error: <nil> -- with: Could not start serviceManager: A State Service instance is already running in the background.: Could not store pid: valueF failed: Service is already running
[DEBUG Aug  2 07:42:43.932074053, main.go:61] state-svc errored out due to input: Could not start serviceManager: A State Service instance is already running in the background.: Could not store pid: valueF failed: Service is already running
