[DEBUG Aug  2 07:57:36.677955991, defaults.go:273] Args: [/home1/wangfeim/.local/ActiveState/StateTool/release/bin/state-svc start]
[DEBUG Aug  2 07:57:36.693726663, locale.go:38] Init
[DEBUG Aug  2 07:57:37.049865233, errs.go:68] Created error: File could not be found
[DEBUG Aug  2 07:57:37.053151230, errs.go:68] Created error: Not Recognized
[DEBUG Aug  2 07:57:37.090838600, errs.go:68] Created error: Secret not found
[DEBUG Aug  2 07:57:37.090891689, errs.go:68] Created error: Could not save keypair
[DEBUG Aug  2 07:57:37.091049774, errs.go:68] Created error: Build responded with error
[DEBUG Aug  2 07:57:37.091082507, errs.go:68] Created error: Unknown build type
[DEBUG Aug  2 07:57:37.091194325, errors.go:86] Wrapped localized error: <nil> -- with: The installed version of the State Tool Service does not match that of the client.
Please stop the service with [ACTIONABLE]state-svc stop[/RESET] and try your command again.
If this issue persists please reinstall the State Tool.

[DEBUG Aug  2 07:57:37.091207104, errs.go:68] Created error: no data
[DEBUG Aug  2 07:57:37.091230086, errs.go:68] Created error: member not found
[DEBUG Aug  2 07:57:37.091254974, errs.go:68] Created error: Commit count is unknowable
[DEBUG Aug  2 07:57:37.091276879, errs.go:68] Created error: No merge required
[DEBUG Aug  2 07:57:37.091297856, errs.go:68] Created error: Can't merge commit thats already in target commits history
[DEBUG Aug  2 07:57:37.091322126, errs.go:68] Created error: Bad expander name
[DEBUG Aug  2 07:57:37.091349007, errs.go:68] Created error: Expander has no handler
[DEBUG Aug  2 07:57:37.092368517, errs.go:68] Created error: Service is already running
[DEBUG Aug  2 07:57:37.118293710, secrets.go:35] Gcloud Secretmanager failed to initialize (ignore if you're not trying to use gcloud): google: could not find default credentials. See https://developers.google.com/accounts/docs/application-default-credentials for more information.
[DEBUG Aug  2 07:57:37.122298129, output.go:53] Requested outputer for 
[DEBUG Aug  2 07:57:37.122319330, output.go:58] Using Plain outputer
[DEBUG Aug  2 07:57:37.122404387, termutils.go:17] Cannot get terminal size: inappropriate ioctl for device
[DEBUG Aug  2 07:57:37.122509890, client.go:128] Reporting event to 2 reporters: run-command, state-svc start, 
[DEBUG Aug  2 07:57:37.122610092, main.go:107] Running CmdStart
[DEBUG Aug  2 07:57:37.129153015, errs.go:75] Wrapped error: Service is already running -- with: valueF failed
[DEBUG Aug  2 07:57:37.129215470, errs.go:75] Wrapped error: valueF failed -- with: Could not store pid
[DEBUG Aug  2 07:57:37.129296957, errors.go:113] Wrapped input error: Could not store pid -- with: A State Service instance is already running in the background.
[DEBUG Aug  2 07:57:37.129312124, errs.go:75] Wrapped error: A State Service instance is already running in the background. -- with: Could not start serviceManager
[DEBUG Aug  2 07:57:37.129379213, client.go:128] Reporting event to 2 reporters: command-exit, state-svc start, 1
[DEBUG Aug  2 07:57:37.493007494, errs.go:75] Wrapped error: <nil> -- with: Could not start serviceManager: A State Service instance is already running in the background.: Could not store pid: valueF failed: Service is already running
[DEBUG Aug  2 07:57:37.493090065, main.go:61] state-svc errored out due to input: Could not start serviceManager: A State Service instance is already running in the background.: Could not store pid: valueF failed: Service is already running
