[DEBUG Aug  2 07:49:21.495936132, defaults.go:273] Args: [/home1/wangfeim/.local/ActiveState/StateTool/release/bin/state-svc start]
[DEBUG Aug  2 07:49:21.510206105, locale.go:38] Init
[DEBUG Aug  2 07:49:21.596119480, errs.go:68] Created error: File could not be found
[DEBUG Aug  2 07:49:21.598987368, errs.go:68] Created error: Not Recognized
[DEBUG Aug  2 07:49:21.618701026, errs.go:68] Created error: Secret not found
[DEBUG Aug  2 07:49:21.618761657, errs.go:68] Created error: Could not save keypair
[DEBUG Aug  2 07:49:21.618967162, errs.go:68] Created error: Build responded with error
[DEBUG Aug  2 07:49:21.618999931, errs.go:68] Created error: Unknown build type
[DEBUG Aug  2 07:49:21.619151064, errors.go:86] Wrapped localized error: <nil> -- with: The installed version of the State Tool Service does not match that of the client.
Please stop the service with [ACTIONABLE]state-svc stop[/RESET] and try your command again.
If this issue persists please reinstall the State Tool.

[DEBUG Aug  2 07:49:21.619169199, errs.go:68] Created error: no data
[DEBUG Aug  2 07:49:21.619197020, errs.go:68] Created error: member not found
[DEBUG Aug  2 07:49:21.619222892, errs.go:68] Created error: Commit count is unknowable
[DEBUG Aug  2 07:49:21.619246103, errs.go:68] Created error: No merge required
[DEBUG Aug  2 07:49:21.619271225, errs.go:68] Created error: Can't merge commit thats already in target commits history
[DEBUG Aug  2 07:49:21.619320140, errs.go:68] Created error: Bad expander name
[DEBUG Aug  2 07:49:21.619339773, errs.go:68] Created error: Expander has no handler
[DEBUG Aug  2 07:49:21.620489213, errs.go:68] Created error: Service is already running
[DEBUG Aug  2 07:49:21.647059686, secrets.go:35] Gcloud Secretmanager failed to initialize (ignore if you're not trying to use gcloud): google: could not find default credentials. See https://developers.google.com/accounts/docs/application-default-credentials for more information.
[DEBUG Aug  2 07:49:21.650672390, output.go:53] Requested outputer for 
[DEBUG Aug  2 07:49:21.650709246, output.go:58] Using Plain outputer
[DEBUG Aug  2 07:49:21.650810807, termutils.go:17] Cannot get terminal size: inappropriate ioctl for device
[DEBUG Aug  2 07:49:21.650956533, main.go:107] Running CmdStart
[DEBUG Aug  2 07:49:21.651632141, client.go:128] Reporting event to 2 reporters: run-command, state-svc start, 
[DEBUG Aug  2 07:49:21.657029938, errs.go:75] Wrapped error: Service is already running -- with: valueF failed
[DEBUG Aug  2 07:49:21.657090461, errs.go:75] Wrapped error: valueF failed -- with: Could not store pid
[DEBUG Aug  2 07:49:21.657171872, errors.go:113] Wrapped input error: Could not store pid -- with: A State Service instance is already running in the background.
[DEBUG Aug  2 07:49:21.657187034, errs.go:75] Wrapped error: A State Service instance is already running in the background. -- with: Could not start serviceManager
[DEBUG Aug  2 07:49:21.657287307, client.go:128] Reporting event to 2 reporters: command-exit, state-svc start, 1
[DEBUG Aug  2 07:49:22.000009241, errs.go:75] Wrapped error: <nil> -- with: Could not start serviceManager: A State Service instance is already running in the background.: Could not store pid: valueF failed: Service is already running
[DEBUG Aug  2 07:49:22.000068960, main.go:61] state-svc errored out due to input: Could not start serviceManager: A State Service instance is already running in the background.: Could not store pid: valueF failed: Service is already running
