[DEBUG Aug  2 08:07:45.915493813, defaults.go:273] Args: [/home1/wangfeim/.local/ActiveState/StateTool/release/bin/state-svc start]
[DEBUG Aug  2 08:07:45.929517389, locale.go:38] Init
[DEBUG Aug  2 08:07:46.007242969, errs.go:68] Created error: File could not be found
[DEBUG Aug  2 08:07:46.010315169, errs.go:68] Created error: Not Recognized
[DEBUG Aug  2 08:07:46.031196681, errs.go:68] Created error: Secret not found
[DEBUG Aug  2 08:07:46.031251176, errs.go:68] Created error: Could not save keypair
[DEBUG Aug  2 08:07:46.031423097, errs.go:68] Created error: Build responded with error
[DEBUG Aug  2 08:07:46.031451953, errs.go:68] Created error: Unknown build type
[DEBUG Aug  2 08:07:46.031592688, errors.go:86] Wrapped localized error: <nil> -- with: The installed version of the State Tool Service does not match that of the client.
Please stop the service with [ACTIONABLE]state-svc stop[/RESET] and try your command again.
If this issue persists please reinstall the State Tool.

[DEBUG Aug  2 08:07:46.031609552, errs.go:68] Created error: no data
[DEBUG Aug  2 08:07:46.031634515, errs.go:68] Created error: member not found
[DEBUG Aug  2 08:07:46.031659115, errs.go:68] Created error: Commit count is unknowable
[DEBUG Aug  2 08:07:46.031682393, errs.go:68] Created error: No merge required
[DEBUG Aug  2 08:07:46.031705871, errs.go:68] Created error: Can't merge commit thats already in target commits history
[DEBUG Aug  2 08:07:46.031736304, errs.go:68] Created error: Bad expander name
[DEBUG Aug  2 08:07:46.031761350, errs.go:68] Created error: Expander has no handler
[DEBUG Aug  2 08:07:46.033046907, errs.go:68] Created error: Service is already running
[DEBUG Aug  2 08:07:46.100108310, secrets.go:35] Gcloud Secretmanager failed to initialize (ignore if you're not trying to use gcloud): google: could not find default credentials. See https://developers.google.com/accounts/docs/application-default-credentials for more information.
[DEBUG Aug  2 08:07:46.103258510, output.go:53] Requested outputer for 
[DEBUG Aug  2 08:07:46.103282363, output.go:58] Using Plain outputer
[DEBUG Aug  2 08:07:46.103357458, termutils.go:17] Cannot get terminal size: inappropriate ioctl for device
[DEBUG Aug  2 08:07:46.103441056, client.go:128] Reporting event to 2 reporters: run-command, state-svc start, 
[DEBUG Aug  2 08:07:46.103527865, main.go:107] Running CmdStart
[DEBUG Aug  2 08:07:46.109194333, errs.go:75] Wrapped error: Service is already running -- with: valueF failed
[DEBUG Aug  2 08:07:46.109256997, errs.go:75] Wrapped error: valueF failed -- with: Could not store pid
[DEBUG Aug  2 08:07:46.109332982, errors.go:113] Wrapped input error: Could not store pid -- with: A State Service instance is already running in the background.
[DEBUG Aug  2 08:07:46.109347909, errs.go:75] Wrapped error: A State Service instance is already running in the background. -- with: Could not start serviceManager
[DEBUG Aug  2 08:07:46.109419264, client.go:128] Reporting event to 2 reporters: command-exit, state-svc start, 1
[DEBUG Aug  2 08:07:46.484940610, errs.go:75] Wrapped error: <nil> -- with: Could not start serviceManager: A State Service instance is already running in the background.: Could not store pid: valueF failed: Service is already running
[DEBUG Aug  2 08:07:46.485038877, main.go:61] state-svc errored out due to input: Could not start serviceManager: A State Service instance is already running in the background.: Could not store pid: valueF failed: Service is already running
