[DEBUG Aug  2 08:04:14.756351590, defaults.go:273] Args: [/home1/wangfeim/.local/ActiveState/StateTool/release/bin/state-svc start]
[DEBUG Aug  2 08:04:14.770099151, locale.go:38] Init
[DEBUG Aug  2 08:04:14.955780296, errs.go:68] Created error: File could not be found
[DEBUG Aug  2 08:04:14.959289584, errs.go:68] Created error: Not Recognized
[DEBUG Aug  2 08:04:14.980928347, errs.go:68] Created error: Secret not found
[DEBUG Aug  2 08:04:14.981078255, errs.go:68] Created error: Could not save keypair
[DEBUG Aug  2 08:04:14.981640076, errs.go:68] Created error: Build responded with error
[DEBUG Aug  2 08:04:14.981735702, errs.go:68] Created error: Unknown build type
[DEBUG Aug  2 08:04:14.981897547, errors.go:86] Wrapped localized error: <nil> -- with: The installed version of the State Tool Service does not match that of the client.
Please stop the service with [ACTIONABLE]state-svc stop[/RESET] and try your command again.
If this issue persists please reinstall the State Tool.

[DEBUG Aug  2 08:04:14.981986928, errs.go:68] Created error: no data
[DEBUG Aug  2 08:04:14.982026024, errs.go:68] Created error: member not found
[DEBUG Aug  2 08:04:14.982068161, errs.go:68] Created error: Commit count is unknowable
[DEBUG Aug  2 08:04:14.982109645, errs.go:68] Created error: No merge required
[DEBUG Aug  2 08:04:14.982208896, errs.go:68] Created error: Can't merge commit thats already in target commits history
[DEBUG Aug  2 08:04:14.982442342, errs.go:68] Created error: Bad expander name
[DEBUG Aug  2 08:04:14.982476806, errs.go:68] Created error: Expander has no handler
[DEBUG Aug  2 08:04:14.983629517, errs.go:68] Created error: Service is already running
[DEBUG Aug  2 08:04:15.016006374, secrets.go:35] Gcloud Secretmanager failed to initialize (ignore if you're not trying to use gcloud): google: could not find default credentials. See https://developers.google.com/accounts/docs/application-default-credentials for more information.
[DEBUG Aug  2 08:04:15.019993564, output.go:53] Requested outputer for 
[DEBUG Aug  2 08:04:15.020018604, output.go:58] Using Plain outputer
[DEBUG Aug  2 08:04:15.020102774, termutils.go:17] Cannot get terminal size: inappropriate ioctl for device
[DEBUG Aug  2 08:04:15.020187157, client.go:128] Reporting event to 2 reporters: run-command, state-svc start, 
[DEBUG Aug  2 08:04:15.020255251, main.go:107] Running CmdStart
[DEBUG Aug  2 08:04:15.026358016, errs.go:75] Wrapped error: Service is already running -- with: valueF failed
[DEBUG Aug  2 08:04:15.026428238, errs.go:75] Wrapped error: valueF failed -- with: Could not store pid
[DEBUG Aug  2 08:04:15.026503612, errors.go:113] Wrapped input error: Could not store pid -- with: A State Service instance is already running in the background.
[DEBUG Aug  2 08:04:15.026518159, errs.go:75] Wrapped error: A State Service instance is already running in the background. -- with: Could not start serviceManager
[DEBUG Aug  2 08:04:15.026641034, client.go:128] Reporting event to 2 reporters: command-exit, state-svc start, 1
[DEBUG Aug  2 08:04:15.389292335, errs.go:75] Wrapped error: <nil> -- with: Could not start serviceManager: A State Service instance is already running in the background.: Could not store pid: valueF failed: Service is already running
[DEBUG Aug  2 08:04:15.389351526, main.go:61] state-svc errored out due to input: Could not start serviceManager: A State Service instance is already running in the background.: Could not store pid: valueF failed: Service is already running
