[DEBUG Aug  2 07:39:15.158721258, defaults.go:273] Args: [/home1/wangfeim/.local/ActiveState/StateTool/release/bin/state-svc start]
[DEBUG Aug  2 07:39:15.172148617, locale.go:38] Init
[DEBUG Aug  2 07:39:15.298690441, errs.go:68] Created error: File could not be found
[DEBUG Aug  2 07:39:15.301976393, errs.go:68] Created error: Not Recognized
[DEBUG Aug  2 07:39:15.324120522, errs.go:68] Created error: Secret not found
[DEBUG Aug  2 07:39:15.324188201, errs.go:68] Created error: Could not save keypair
[DEBUG Aug  2 07:39:15.324475490, errs.go:68] Created error: Build responded with error
[DEBUG Aug  2 07:39:15.324525862, errs.go:68] Created error: Unknown build type
[DEBUG Aug  2 07:39:15.324797747, errors.go:86] Wrapped localized error: <nil> -- with: The installed version of the State Tool Service does not match that of the client.
Please stop the service with [ACTIONABLE]state-svc stop[/RESET] and try your command again.
If this issue persists please reinstall the State Tool.

[DEBUG Aug  2 07:39:15.324835377, errs.go:68] Created error: no data
[DEBUG Aug  2 07:39:15.324877257, errs.go:68] Created error: member not found
[DEBUG Aug  2 07:39:15.324939851, errs.go:68] Created error: Commit count is unknowable
[DEBUG Aug  2 07:39:15.324983946, errs.go:68] Created error: No merge required
[DEBUG Aug  2 07:39:15.325029485, errs.go:68] Created error: Can't merge commit thats already in target commits history
[DEBUG Aug  2 07:39:15.325071998, errs.go:68] Created error: Bad expander name
[DEBUG Aug  2 07:39:15.325116488, errs.go:68] Created error: Expander has no handler
[DEBUG Aug  2 07:39:15.326357853, errs.go:68] Created error: Service is already running
[DEBUG Aug  2 07:39:15.385458977, secrets.go:35] Gcloud Secretmanager failed to initialize (ignore if you're not trying to use gcloud): google: could not find default credentials. See https://developers.google.com/accounts/docs/application-default-credentials for more information.
[DEBUG Aug  2 07:39:15.388586049, output.go:53] Requested outputer for 
[DEBUG Aug  2 07:39:15.388606117, output.go:58] Using Plain outputer
[DEBUG Aug  2 07:39:15.388684999, termutils.go:17] Cannot get terminal size: inappropriate ioctl for device
[DEBUG Aug  2 07:39:15.388802344, client.go:128] Reporting event to 2 reporters: run-command, state-svc start, 
[DEBUG Aug  2 07:39:15.388829105, main.go:107] Running CmdStart
[DEBUG Aug  2 07:39:15.394474711, errs.go:75] Wrapped error: Service is already running -- with: valueF failed
[DEBUG Aug  2 07:39:15.394550971, errs.go:75] Wrapped error: valueF failed -- with: Could not store pid
[DEBUG Aug  2 07:39:15.394631868, errors.go:113] Wrapped input error: Could not store pid -- with: A State Service instance is already running in the background.
[DEBUG Aug  2 07:39:15.394646288, errs.go:75] Wrapped error: A State Service instance is already running in the background. -- with: Could not start serviceManager
[DEBUG Aug  2 07:39:15.394728692, client.go:128] Reporting event to 2 reporters: command-exit, state-svc start, 1
[DEBUG Aug  2 07:39:15.727655606, errs.go:75] Wrapped error: <nil> -- with: Could not start serviceManager: A State Service instance is already running in the background.: Could not store pid: valueF failed: Service is already running
[DEBUG Aug  2 07:39:15.727727020, main.go:61] state-svc errored out due to input: Could not start serviceManager: A State Service instance is already running in the background.: Could not store pid: valueF failed: Service is already running
