[DEBUG Sep 17 22:15:48.547722272, defaults.go:273] Args: [/home1/wangfeim/.local/ActiveState/StateTool/release/bin/state-svc foreground]
[DEBUG Sep 17 22:15:48.559537711, locale.go:38] Init
[DEBUG Sep 17 22:15:48.589728326, errs.go:68] Created error: File could not be found
[DEBUG Sep 17 22:15:48.592022308, errs.go:68] Created error: Not Recognized
[DEBUG Sep 17 22:15:48.612589479, errs.go:68] Created error: Secret not found
[DEBUG Sep 17 22:15:48.612636279, errs.go:68] Created error: Could not save keypair
[DEBUG Sep 17 22:15:48.612931627, errs.go:68] Created error: Build responded with error
[DEBUG Sep 17 22:15:48.612971449, errs.go:68] Created error: Unknown build type
[DEBUG Sep 17 22:15:48.613095658, errors.go:86] Wrapped localized error: <nil> -- with: The installed version of the State Tool Service does not match that of the client.
Please stop the service with [ACTIONABLE]state-svc stop[/RESET] and try your command again.
If this issue persists please reinstall the State Tool.

[DEBUG Sep 17 22:15:48.613113790, errs.go:68] Created error: no data
[DEBUG Sep 17 22:15:48.613140815, errs.go:68] Created error: member not found
[DEBUG Sep 17 22:15:48.613163904, errs.go:68] Created error: Commit count is unknowable
[DEBUG Sep 17 22:15:48.613187345, errs.go:68] Created error: No merge required
[DEBUG Sep 17 22:15:48.613210550, errs.go:68] Created error: Can't merge commit thats already in target commits history
[DEBUG Sep 17 22:15:48.613236777, errs.go:68] Created error: Bad expander name
[DEBUG Sep 17 22:15:48.613258312, errs.go:68] Created error: Expander has no handler
[DEBUG Sep 17 22:15:48.615686597, errs.go:68] Created error: Service is already running
[DEBUG Sep 17 22:15:48.646767630, secrets.go:35] Gcloud Secretmanager failed to initialize (ignore if you're not trying to use gcloud): google: could not find default credentials. See https://developers.google.com/accounts/docs/application-default-credentials for more information.
[DEBUG Sep 17 22:15:48.652346238, output.go:53] Requested outputer for 
[DEBUG Sep 17 22:15:48.652363586, output.go:58] Using Plain outputer
[DEBUG Sep 17 22:15:48.652426554, termutils.go:17] Cannot get terminal size: inappropriate ioctl for device
[DEBUG Sep 17 22:15:48.652539456, main.go:137] Running CmdForeground
[DEBUG Sep 17 22:15:48.652553350, main.go:147] Running in Foreground
[DEBUG Sep 17 22:15:48.652587162, client.go:128] Reporting event to 2 reporters: run-command, state-svc foreground, 
[DEBUG Sep 17 22:15:48.652775621, service.go:30] service:Start
[DEBUG Sep 17 22:15:48.659834835, service.go:42] Server starting on port: 43949
[DEBUG Sep 17 22:15:48.659897799, client.go:128] Reporting event to 2 reporters: state-svc, start, 
[DEBUG Sep 17 22:15:48.777526089, resolver.go:57] Version resolver
[DEBUG Sep 17 22:15:48.778020052, client.go:128] Reporting event to 2 reporters: state-svc, endpoint, Version
[DEBUG Sep 17 22:15:48.778257254, resolver.go:57] Version resolver
[DEBUG Sep 17 22:15:48.778402380, client.go:128] Reporting event to 2 reporters: state-svc, endpoint, Version
[DEBUG Sep 17 22:15:48.778676554, resolver.go:57] Version resolver
[DEBUG Sep 17 22:15:48.778827291, client.go:128] Reporting event to 2 reporters: state-svc, endpoint, Version
[DEBUG Sep 17 22:15:48.779440663, resolver.go:57] Version resolver
[DEBUG Sep 17 22:15:48.779586246, client.go:128] Reporting event to 2 reporters: state-svc, endpoint, Version
[DEBUG Sep 17 22:15:48.779975677, resolver.go:121] Analytics event resolver
[DEBUG Sep 17 22:15:48.780219343, client.go:128] Reporting event to 2 reporters: runtime, cache, 
[DEBUG Sep 17 22:15:48.780722569, resolver.go:121] Analytics event resolver
[DEBUG Sep 17 22:15:48.780992328, client.go:128] Reporting event to 2 reporters: run-command, exec, 
[DEBUG Sep 17 22:15:48.781779441, resolver.go:121] Analytics event resolver
[DEBUG Sep 17 22:15:48.781992003, client.go:128] Reporting event to 2 reporters: runtime, success, 
[DEBUG Sep 17 22:15:48.782680077, resolver.go:121] Analytics event resolver
[DEBUG Sep 17 22:15:48.782887830, client.go:128] Reporting event to 2 reporters: runtime, start, 
[DEBUG Sep 17 22:16:48.660339424, watcher.go:72] Checking for runtime processes
[DEBUG Sep 17 22:17:48.661120370, watcher.go:72] Checking for runtime processes
[DEBUG Sep 17 22:18:48.661112665, watcher.go:72] Checking for runtime processes
[DEBUG Sep 17 22:19:48.660091162, watcher.go:72] Checking for runtime processes
[DEBUG Sep 17 22:20:48.660159127, watcher.go:72] Checking for runtime processes
[DEBUG Sep 17 22:21:48.661099422, watcher.go:72] Checking for runtime processes
[DEBUG Sep 17 22:22:48.661127396, watcher.go:72] Checking for runtime processes
[DEBUG Sep 17 22:23:48.660122844, watcher.go:72] Checking for runtime processes
[DEBUG Sep 17 22:24:48.660131372, watcher.go:72] Checking for runtime processes
[DEBUG Sep 17 22:25:48.661052715, watcher.go:72] Checking for runtime processes
[DEBUG Sep 17 22:26:48.660156591, watcher.go:72] Checking for runtime processes
[DEBUG Sep 17 22:27:48.660129904, watcher.go:72] Checking for runtime processes
[DEBUG Sep 17 22:28:48.661120045, watcher.go:72] Checking for runtime processes
[DEBUG Sep 17 22:29:48.661017751, watcher.go:72] Checking for runtime processes
[DEBUG Sep 17 22:30:48.660232667, watcher.go:72] Checking for runtime processes
[DEBUG Sep 17 22:31:48.661231873, watcher.go:72] Checking for runtime processes
[DEBUG Sep 17 22:32:48.660281067, watcher.go:72] Checking for runtime processes
[DEBUG Sep 17 22:33:48.661047554, watcher.go:72] Checking for runtime processes
[DEBUG Sep 17 22:34:48.661045680, watcher.go:72] Checking for runtime processes
[DEBUG Sep 17 22:35:48.661134727, watcher.go:72] Checking for runtime processes
[DEBUG Sep 17 22:36:48.661032942, watcher.go:72] Checking for runtime processes
[DEBUG Sep 17 22:37:48.660357236, watcher.go:72] Checking for runtime processes
[DEBUG Sep 17 22:38:48.661104739, watcher.go:72] Checking for runtime processes
[DEBUG Sep 17 22:39:48.661029553, watcher.go:72] Checking for runtime processes
[DEBUG Sep 17 22:40:48.660448775, watcher.go:72] Checking for runtime processes
[DEBUG Sep 17 22:41:48.660959392, watcher.go:72] Checking for runtime processes
[DEBUG Sep 17 22:42:48.661036900, watcher.go:72] Checking for runtime processes
[DEBUG Sep 17 22:43:48.661258129, watcher.go:72] Checking for runtime processes
[DEBUG Sep 17 22:44:48.660115690, watcher.go:72] Checking for runtime processes
[DEBUG Sep 17 22:45:48.660137069, watcher.go:72] Checking for runtime processes
[DEBUG Sep 17 22:46:48.660178204, watcher.go:72] Checking for runtime processes
[DEBUG Sep 17 22:47:48.660152868, watcher.go:72] Checking for runtime processes
[DEBUG Sep 17 22:48:48.660604820, watcher.go:72] Checking for runtime processes
[DEBUG Sep 17 22:49:48.660136303, watcher.go:72] Checking for runtime processes
[DEBUG Sep 17 22:50:48.661096449, watcher.go:72] Checking for runtime processes
[DEBUG Sep 17 22:51:48.661036579, watcher.go:72] Checking for runtime processes
[DEBUG Sep 17 22:52:48.661104810, watcher.go:72] Checking for runtime processes
[DEBUG Sep 17 22:53:48.660092096, watcher.go:72] Checking for runtime processes
[DEBUG Sep 17 22:54:48.660989594, watcher.go:72] Checking for runtime processes
[DEBUG Sep 17 22:55:48.660341918, watcher.go:72] Checking for runtime processes
[DEBUG Sep 17 22:56:48.660294649, watcher.go:72] Checking for runtime processes
[DEBUG Sep 17 22:57:48.660151522, watcher.go:72] Checking for runtime processes
[DEBUG Sep 17 22:58:48.660104432, watcher.go:72] Checking for runtime processes
[DEBUG Sep 17 22:59:48.661081977, watcher.go:72] Checking for runtime processes
[DEBUG Sep 17 23:00:48.661240938, watcher.go:72] Checking for runtime processes
[DEBUG Sep 17 23:01:48.661237601, watcher.go:72] Checking for runtime processes
[DEBUG Sep 17 23:02:48.660087457, watcher.go:72] Checking for runtime processes
[DEBUG Sep 17 23:03:48.660337880, watcher.go:72] Checking for runtime processes
[DEBUG Sep 17 23:04:48.660206873, watcher.go:72] Checking for runtime processes
[DEBUG Sep 17 23:05:48.661042745, watcher.go:72] Checking for runtime processes
[DEBUG Sep 17 23:06:48.661045875, watcher.go:72] Checking for runtime processes
[DEBUG Sep 17 23:07:48.661036689, watcher.go:72] Checking for runtime processes
[DEBUG Sep 17 23:08:48.660260480, watcher.go:72] Checking for runtime processes
[DEBUG Sep 17 23:09:48.660974803, watcher.go:72] Checking for runtime processes
[DEBUG Sep 17 23:10:48.660235943, watcher.go:72] Checking for runtime processes
[DEBUG Sep 17 23:11:48.661081416, watcher.go:72] Checking for runtime processes
[DEBUG Sep 17 23:12:48.660327412, watcher.go:72] Checking for runtime processes
[DEBUG Sep 17 23:13:48.660099640, watcher.go:72] Checking for runtime processes
[DEBUG Sep 17 23:14:48.661070943, watcher.go:72] Checking for runtime processes
[DEBUG Sep 17 23:15:48.660244429, watcher.go:72] Checking for runtime processes
[DEBUG Sep 17 23:16:48.660147198, watcher.go:72] Checking for runtime processes
[DEBUG Sep 17 23:17:48.661119653, watcher.go:72] Checking for runtime processes
[DEBUG Sep 17 23:18:48.661025213, watcher.go:72] Checking for runtime processes
[DEBUG Sep 17 23:19:48.660293726, watcher.go:72] Checking for runtime processes
[DEBUG Sep 17 23:20:48.660975668, watcher.go:72] Checking for runtime processes
[DEBUG Sep 17 23:21:48.660242966, watcher.go:72] Checking for runtime processes
[DEBUG Sep 17 23:22:48.660203598, watcher.go:72] Checking for runtime processes
[DEBUG Sep 17 23:23:48.661067742, watcher.go:72] Checking for runtime processes
[DEBUG Sep 17 23:24:48.660128927, watcher.go:72] Checking for runtime processes
[DEBUG Sep 17 23:25:48.660141025, watcher.go:72] Checking for runtime processes
[DEBUG Sep 17 23:26:48.661084513, watcher.go:72] Checking for runtime processes
[DEBUG Sep 17 23:27:48.660263265, watcher.go:72] Checking for runtime processes
[DEBUG Sep 17 23:28:48.661129844, watcher.go:72] Checking for runtime processes
[DEBUG Sep 17 23:29:48.661078813, watcher.go:72] Checking for runtime processes
[DEBUG Sep 17 23:30:48.660149677, watcher.go:72] Checking for runtime processes
[DEBUG Sep 17 23:31:48.661030735, watcher.go:72] Checking for runtime processes
[DEBUG Sep 17 23:32:48.661099301, watcher.go:72] Checking for runtime processes
[DEBUG Sep 17 23:33:48.660088363, watcher.go:72] Checking for runtime processes
[DEBUG Sep 17 23:34:48.661014239, watcher.go:72] Checking for runtime processes
[DEBUG Sep 17 23:35:48.660963812, watcher.go:72] Checking for runtime processes
[DEBUG Sep 17 23:36:48.660149287, watcher.go:72] Checking for runtime processes
[DEBUG Sep 17 23:37:48.661229698, watcher.go:72] Checking for runtime processes
[DEBUG Sep 17 23:38:48.660123203, watcher.go:72] Checking for runtime processes
[DEBUG Sep 17 23:39:48.660995898, watcher.go:72] Checking for runtime processes
[DEBUG Sep 17 23:40:48.661017912, watcher.go:72] Checking for runtime processes
[DEBUG Sep 17 23:41:48.661071170, watcher.go:72] Checking for runtime processes
[DEBUG Sep 17 23:42:48.660397501, watcher.go:72] Checking for runtime processes
[DEBUG Sep 17 23:43:48.660127192, watcher.go:72] Checking for runtime processes
[DEBUG Sep 17 23:44:48.660997757, watcher.go:72] Checking for runtime processes
[DEBUG Sep 17 23:45:48.660297397, watcher.go:72] Checking for runtime processes
[DEBUG Sep 17 23:46:48.660979700, watcher.go:72] Checking for runtime processes
[DEBUG Sep 17 23:47:48.661361822, watcher.go:72] Checking for runtime processes
[DEBUG Sep 17 23:48:48.661018799, watcher.go:72] Checking for runtime processes
[DEBUG Sep 17 23:49:48.661054920, watcher.go:72] Checking for runtime processes
[DEBUG Sep 17 23:50:48.661393067, watcher.go:72] Checking for runtime processes
[DEBUG Sep 17 23:51:48.660148901, watcher.go:72] Checking for runtime processes
[DEBUG Sep 17 23:52:48.661014121, watcher.go:72] Checking for runtime processes
[DEBUG Sep 17 23:53:48.660206364, watcher.go:72] Checking for runtime processes
[DEBUG Sep 17 23:54:48.661036488, watcher.go:72] Checking for runtime processes
[DEBUG Sep 17 23:55:48.661169836, watcher.go:72] Checking for runtime processes
[DEBUG Sep 17 23:56:48.660984412, watcher.go:72] Checking for runtime processes
[DEBUG Sep 17 23:57:48.660112137, watcher.go:72] Checking for runtime processes
[DEBUG Sep 17 23:58:48.661086963, watcher.go:72] Checking for runtime processes
[DEBUG Sep 17 23:59:48.661033544, watcher.go:72] Checking for runtime processes
[DEBUG Sep 18 00:00:48.661060227, watcher.go:72] Checking for runtime processes
[DEBUG Sep 18 00:01:48.660982928, watcher.go:72] Checking for runtime processes
[DEBUG Sep 18 00:02:48.660543217, watcher.go:72] Checking for runtime processes
[DEBUG Sep 18 00:03:48.660173451, watcher.go:72] Checking for runtime processes
[DEBUG Sep 18 00:04:48.661034632, watcher.go:72] Checking for runtime processes
[DEBUG Sep 18 00:05:48.661151429, watcher.go:72] Checking for runtime processes
[DEBUG Sep 18 00:06:48.660199047, watcher.go:72] Checking for runtime processes
[DEBUG Sep 18 00:07:48.660969550, watcher.go:72] Checking for runtime processes
[DEBUG Sep 18 00:08:48.660260723, watcher.go:72] Checking for runtime processes
[DEBUG Sep 18 00:09:48.660424141, watcher.go:72] Checking for runtime processes
[DEBUG Sep 18 00:10:48.660144825, watcher.go:72] Checking for runtime processes
[DEBUG Sep 18 00:11:48.661008500, watcher.go:72] Checking for runtime processes
[DEBUG Sep 18 00:12:48.660385260, watcher.go:72] Checking for runtime processes
[DEBUG Sep 18 00:13:48.661097001, watcher.go:72] Checking for runtime processes
[DEBUG Sep 18 00:14:48.661055060, watcher.go:72] Checking for runtime processes
[DEBUG Sep 18 00:15:48.660203434, watcher.go:72] Checking for runtime processes
[DEBUG Sep 18 00:16:48.660103371, watcher.go:72] Checking for runtime processes
[DEBUG Sep 18 00:17:48.660096541, watcher.go:72] Checking for runtime processes
[DEBUG Sep 18 00:18:48.660140840, watcher.go:72] Checking for runtime processes
[DEBUG Sep 18 00:19:48.661143417, watcher.go:72] Checking for runtime processes
[DEBUG Sep 18 00:20:48.660963627, watcher.go:72] Checking for runtime processes
[DEBUG Sep 18 00:21:48.661128763, watcher.go:72] Checking for runtime processes
[DEBUG Sep 18 00:22:48.661481679, watcher.go:72] Checking for runtime processes
[DEBUG Sep 18 00:23:48.661159493, watcher.go:72] Checking for runtime processes
[DEBUG Sep 18 00:24:48.661113783, watcher.go:72] Checking for runtime processes
[DEBUG Sep 18 00:25:48.660267726, watcher.go:72] Checking for runtime processes
[DEBUG Sep 18 00:26:48.661136361, watcher.go:72] Checking for runtime processes
[DEBUG Sep 18 00:27:48.660143955, watcher.go:72] Checking for runtime processes
[DEBUG Sep 18 00:28:48.660969773, watcher.go:72] Checking for runtime processes
[DEBUG Sep 18 00:29:48.661071672, watcher.go:72] Checking for runtime processes
[DEBUG Sep 18 00:30:48.660148023, watcher.go:72] Checking for runtime processes
[DEBUG Sep 18 00:31:48.661031702, watcher.go:72] Checking for runtime processes
[DEBUG Sep 18 00:32:48.660124727, watcher.go:72] Checking for runtime processes
[DEBUG Sep 18 00:33:48.661113824, watcher.go:72] Checking for runtime processes
[DEBUG Sep 18 00:34:48.661352598, watcher.go:72] Checking for runtime processes
[DEBUG Sep 18 00:35:48.661073488, watcher.go:72] Checking for runtime processes
[DEBUG Sep 18 00:36:48.660184464, watcher.go:72] Checking for runtime processes
[DEBUG Sep 18 00:37:48.661113691, watcher.go:72] Checking for runtime processes
[DEBUG Sep 18 00:38:48.661241647, watcher.go:72] Checking for runtime processes
[DEBUG Sep 18 00:39:48.661260409, watcher.go:72] Checking for runtime processes
[DEBUG Sep 18 00:40:48.660149401, watcher.go:72] Checking for runtime processes
[DEBUG Sep 18 00:41:48.660219328, watcher.go:72] Checking for runtime processes
[DEBUG Sep 18 00:42:48.660289473, watcher.go:72] Checking for runtime processes
[DEBUG Sep 18 00:43:48.660155636, watcher.go:72] Checking for runtime processes
[DEBUG Sep 18 00:44:48.661042399, watcher.go:72] Checking for runtime processes
[DEBUG Sep 18 00:45:48.660993090, watcher.go:72] Checking for runtime processes
[DEBUG Sep 18 00:46:48.661045631, watcher.go:72] Checking for runtime processes
[DEBUG Sep 18 00:47:48.660090898, watcher.go:72] Checking for runtime processes
[DEBUG Sep 18 00:48:48.660087261, watcher.go:72] Checking for runtime processes
[DEBUG Sep 18 00:49:48.661370312, watcher.go:72] Checking for runtime processes
[DEBUG Sep 18 00:50:48.660235273, watcher.go:72] Checking for runtime processes
[DEBUG Sep 18 00:51:48.660258094, watcher.go:72] Checking for runtime processes
[DEBUG Sep 18 00:52:48.660996668, watcher.go:72] Checking for runtime processes
[DEBUG Sep 18 00:53:48.661045898, watcher.go:72] Checking for runtime processes
[DEBUG Sep 18 00:54:48.661052306, watcher.go:72] Checking for runtime processes
[DEBUG Sep 18 00:55:48.660210390, watcher.go:72] Checking for runtime processes
[DEBUG Sep 18 00:56:48.660521763, watcher.go:72] Checking for runtime processes
[DEBUG Sep 18 00:57:48.660147800, watcher.go:72] Checking for runtime processes
[DEBUG Sep 18 00:58:48.660973955, watcher.go:72] Checking for runtime processes
[DEBUG Sep 18 00:59:48.661109650, watcher.go:72] Checking for runtime processes
[DEBUG Sep 18 01:00:48.660120567, watcher.go:72] Checking for runtime processes
[DEBUG Sep 18 01:01:48.661183039, watcher.go:72] Checking for runtime processes
[DEBUG Sep 18 01:02:48.660087771, watcher.go:72] Checking for runtime processes
[DEBUG Sep 18 01:03:48.661128344, watcher.go:72] Checking for runtime processes
[DEBUG Sep 18 01:04:48.660966401, watcher.go:72] Checking for runtime processes
[DEBUG Sep 18 01:05:48.660096690, watcher.go:72] Checking for runtime processes
[DEBUG Sep 18 01:06:48.661096302, watcher.go:72] Checking for runtime processes
[DEBUG Sep 18 01:07:48.661051262, watcher.go:72] Checking for runtime processes
[DEBUG Sep 18 01:08:48.660142557, watcher.go:72] Checking for runtime processes
[DEBUG Sep 18 01:09:48.661045710, watcher.go:72] Checking for runtime processes
[DEBUG Sep 18 01:10:48.660145309, watcher.go:72] Checking for runtime processes
[DEBUG Sep 18 01:11:48.661101650, watcher.go:72] Checking for runtime processes
[DEBUG Sep 18 01:12:48.660144193, watcher.go:72] Checking for runtime processes
[DEBUG Sep 18 01:13:48.661235851, watcher.go:72] Checking for runtime processes
[DEBUG Sep 18 01:14:48.661012392, watcher.go:72] Checking for runtime processes
[DEBUG Sep 18 01:15:48.661014825, watcher.go:72] Checking for runtime processes
[DEBUG Sep 18 01:16:48.661001473, watcher.go:72] Checking for runtime processes
[DEBUG Sep 18 01:17:48.661006400, watcher.go:72] Checking for runtime processes
[DEBUG Sep 18 01:18:48.661098161, watcher.go:72] Checking for runtime processes
[DEBUG Sep 18 01:19:48.660305097, watcher.go:72] Checking for runtime processes
[DEBUG Sep 18 01:20:48.660109707, watcher.go:72] Checking for runtime processes
[DEBUG Sep 18 01:21:48.660163137, watcher.go:72] Checking for runtime processes
[DEBUG Sep 18 01:22:48.660409774, watcher.go:72] Checking for runtime processes
[DEBUG Sep 18 01:23:48.661413714, watcher.go:72] Checking for runtime processes
[DEBUG Sep 18 01:24:48.661039024, watcher.go:72] Checking for runtime processes
[DEBUG Sep 18 01:25:48.660138435, watcher.go:72] Checking for runtime processes
[DEBUG Sep 18 01:26:48.661059316, watcher.go:72] Checking for runtime processes
[DEBUG Sep 18 01:27:48.660352344, watcher.go:72] Checking for runtime processes
[DEBUG Sep 18 01:28:19.308829167, resolver.go:121] Analytics event resolver
[DEBUG Sep 18 01:28:19.309072371, client.go:128] Reporting event to 2 reporters: command-exit, exec, 0
[DEBUG Sep 18 01:28:48.660425468, watcher.go:72] Checking for runtime processes
[DEBUG Sep 18 01:29:48.660879350, watcher.go:72] Checking for runtime processes
[DEBUG Sep 18 01:30:48.660965277, watcher.go:72] Checking for runtime processes
[DEBUG Sep 18 01:31:48.660967787, watcher.go:72] Checking for runtime processes
[DEBUG Sep 18 01:32:48.660972954, watcher.go:72] Checking for runtime processes
[DEBUG Sep 18 01:33:48.660971988, watcher.go:72] Checking for runtime processes
[DEBUG Sep 18 01:34:48.660974432, watcher.go:72] Checking for runtime processes
[DEBUG Sep 18 01:35:48.660971447, watcher.go:72] Checking for runtime processes
[DEBUG Sep 18 01:36:48.660970863, watcher.go:72] Checking for runtime processes
[DEBUG Sep 18 01:37:48.660966803, watcher.go:72] Checking for runtime processes
[DEBUG Sep 18 01:38:48.660970972, watcher.go:72] Checking for runtime processes
[DEBUG Sep 18 01:39:48.660989337, watcher.go:72] Checking for runtime processes
[DEBUG Sep 18 01:40:48.660956026, watcher.go:72] Checking for runtime processes
[DEBUG Sep 18 01:41:48.660968354, watcher.go:72] Checking for runtime processes
[DEBUG Sep 18 01:42:48.660151377, watcher.go:72] Checking for runtime processes
[DEBUG Sep 18 01:43:48.660982943, watcher.go:72] Checking for runtime processes
[DEBUG Sep 18 01:44:48.660149396, watcher.go:72] Checking for runtime processes
[DEBUG Sep 18 01:45:48.661011297, watcher.go:72] Checking for runtime processes
[DEBUG Sep 18 01:46:48.660968474, watcher.go:72] Checking for runtime processes
[DEBUG Sep 18 01:47:48.660974250, watcher.go:72] Checking for runtime processes
[DEBUG Sep 18 01:48:48.660970458, watcher.go:72] Checking for runtime processes
[DEBUG Sep 18 01:49:48.660986503, watcher.go:72] Checking for runtime processes
[DEBUG Sep 18 01:50:48.660972030, watcher.go:72] Checking for runtime processes
[DEBUG Sep 18 01:51:48.660968555, watcher.go:72] Checking for runtime processes
[DEBUG Sep 18 01:52:48.660969931, watcher.go:72] Checking for runtime processes
[DEBUG Sep 18 01:53:48.660974568, watcher.go:72] Checking for runtime processes
[DEBUG Sep 18 01:54:48.660967701, watcher.go:72] Checking for runtime processes
[DEBUG Sep 18 01:55:48.660953947, watcher.go:72] Checking for runtime processes
[DEBUG Sep 18 01:56:48.660966905, watcher.go:72] Checking for runtime processes
[DEBUG Sep 18 01:57:48.660153378, watcher.go:72] Checking for runtime processes
[DEBUG Sep 18 01:58:48.660967115, watcher.go:72] Checking for runtime processes
[DEBUG Sep 18 01:59:48.660150324, watcher.go:72] Checking for runtime processes
[DEBUG Sep 18 02:00:48.660971430, watcher.go:72] Checking for runtime processes
[DEBUG Sep 18 02:01:48.660967658, watcher.go:72] Checking for runtime processes
[DEBUG Sep 18 02:02:48.660971235, watcher.go:72] Checking for runtime processes
[DEBUG Sep 18 02:03:48.660971858, watcher.go:72] Checking for runtime processes
[DEBUG Sep 18 02:04:48.660988763, watcher.go:72] Checking for runtime processes
[DEBUG Sep 18 02:05:48.660968485, watcher.go:72] Checking for runtime processes
[DEBUG Sep 18 02:06:48.660972875, watcher.go:72] Checking for runtime processes
[DEBUG Sep 18 02:07:48.660965412, watcher.go:72] Checking for runtime processes
[DEBUG Sep 18 02:08:48.660987717, watcher.go:72] Checking for runtime processes
[DEBUG Sep 18 02:09:48.660969308, watcher.go:72] Checking for runtime processes
[DEBUG Sep 18 02:10:48.660957584, watcher.go:72] Checking for runtime processes
[DEBUG Sep 18 02:11:48.660967715, watcher.go:72] Checking for runtime processes
[DEBUG Sep 18 02:12:48.660152513, watcher.go:72] Checking for runtime processes
[DEBUG Sep 18 02:13:48.660967210, watcher.go:72] Checking for runtime processes
[DEBUG Sep 18 02:14:48.660151697, watcher.go:72] Checking for runtime processes
[DEBUG Sep 18 02:15:48.660983753, watcher.go:72] Checking for runtime processes
[DEBUG Sep 18 02:16:48.660966345, watcher.go:72] Checking for runtime processes
[DEBUG Sep 18 02:17:48.661000460, watcher.go:72] Checking for runtime processes
[DEBUG Sep 18 02:18:48.660967540, watcher.go:72] Checking for runtime processes
[DEBUG Sep 18 02:19:48.660987769, watcher.go:72] Checking for runtime processes
[DEBUG Sep 18 02:20:48.660969072, watcher.go:72] Checking for runtime processes
[DEBUG Sep 18 02:21:48.660987698, watcher.go:72] Checking for runtime processes
[DEBUG Sep 18 02:22:48.660969086, watcher.go:72] Checking for runtime processes
[DEBUG Sep 18 02:23:48.660972526, watcher.go:72] Checking for runtime processes
[DEBUG Sep 18 02:24:48.660969878, watcher.go:72] Checking for runtime processes
[DEBUG Sep 18 02:25:48.660954864, watcher.go:72] Checking for runtime processes
[DEBUG Sep 18 02:26:48.660984028, watcher.go:72] Checking for runtime processes
[DEBUG Sep 18 02:27:48.660154785, watcher.go:72] Checking for runtime processes
[DEBUG Sep 18 02:28:48.660967752, watcher.go:72] Checking for runtime processes
[DEBUG Sep 18 02:29:48.660149017, watcher.go:72] Checking for runtime processes
[DEBUG Sep 18 02:30:48.660987131, watcher.go:72] Checking for runtime processes
[DEBUG Sep 18 02:31:48.660971795, watcher.go:72] Checking for runtime processes
[DEBUG Sep 18 02:32:48.660973569, watcher.go:72] Checking for runtime processes
[DEBUG Sep 18 02:33:48.660978894, watcher.go:72] Checking for runtime processes
[DEBUG Sep 18 02:34:48.660975385, watcher.go:72] Checking for runtime processes
[DEBUG Sep 18 02:35:48.660985135, watcher.go:72] Checking for runtime processes
[DEBUG Sep 18 02:36:48.660974293, watcher.go:72] Checking for runtime processes
[DEBUG Sep 18 02:37:48.660967934, watcher.go:72] Checking for runtime processes
[DEBUG Sep 18 02:38:48.660989230, watcher.go:72] Checking for runtime processes
[DEBUG Sep 18 02:39:48.660985815, watcher.go:72] Checking for runtime processes
[DEBUG Sep 18 02:40:48.660963190, watcher.go:72] Checking for runtime processes
[DEBUG Sep 18 02:41:48.660968970, watcher.go:72] Checking for runtime processes
[DEBUG Sep 18 02:42:48.660153080, watcher.go:72] Checking for runtime processes
[DEBUG Sep 18 02:43:48.660970466, watcher.go:72] Checking for runtime processes
[DEBUG Sep 18 02:44:48.660149465, watcher.go:72] Checking for runtime processes
[DEBUG Sep 18 02:45:48.660971680, watcher.go:72] Checking for runtime processes
[DEBUG Sep 18 02:46:48.660967131, watcher.go:72] Checking for runtime processes
[DEBUG Sep 18 02:47:48.660972357, watcher.go:72] Checking for runtime processes
[DEBUG Sep 18 02:48:48.660986017, watcher.go:72] Checking for runtime processes
[DEBUG Sep 18 02:49:48.660977085, watcher.go:72] Checking for runtime processes
[DEBUG Sep 18 02:50:48.660967980, watcher.go:72] Checking for runtime processes
[DEBUG Sep 18 02:51:48.660971987, watcher.go:72] Checking for runtime processes
[DEBUG Sep 18 02:52:48.660967666, watcher.go:72] Checking for runtime processes
[DEBUG Sep 18 02:53:48.660971632, watcher.go:72] Checking for runtime processes
[DEBUG Sep 18 02:54:48.660969823, watcher.go:72] Checking for runtime processes
[DEBUG Sep 18 02:55:48.660957276, watcher.go:72] Checking for runtime processes
[DEBUG Sep 18 02:56:48.660985126, watcher.go:72] Checking for runtime processes
[DEBUG Sep 18 02:57:48.660150621, watcher.go:72] Checking for runtime processes
[DEBUG Sep 18 02:58:48.660969126, watcher.go:72] Checking for runtime processes
[DEBUG Sep 18 02:59:48.660149905, watcher.go:72] Checking for runtime processes
[DEBUG Sep 18 03:00:48.660974875, watcher.go:72] Checking for runtime processes
[DEBUG Sep 18 03:01:48.660970325, watcher.go:72] Checking for runtime processes
[DEBUG Sep 18 03:02:48.660973759, watcher.go:72] Checking for runtime processes
[DEBUG Sep 18 03:03:48.660969251, watcher.go:72] Checking for runtime processes
[DEBUG Sep 18 03:04:48.660974555, watcher.go:72] Checking for runtime processes
[DEBUG Sep 18 03:05:48.660982447, watcher.go:72] Checking for runtime processes
[DEBUG Sep 18 03:06:48.660973236, watcher.go:72] Checking for runtime processes
[DEBUG Sep 18 03:07:48.660970493, watcher.go:72] Checking for runtime processes
[DEBUG Sep 18 03:08:48.660973648, watcher.go:72] Checking for runtime processes
[DEBUG Sep 18 03:09:48.660966956, watcher.go:72] Checking for runtime processes
[DEBUG Sep 18 03:10:48.660968332, watcher.go:72] Checking for runtime processes
[DEBUG Sep 18 03:11:48.660968068, watcher.go:72] Checking for runtime processes
[DEBUG Sep 18 03:12:48.660152995, watcher.go:72] Checking for runtime processes
[DEBUG Sep 18 03:13:48.660969000, watcher.go:72] Checking for runtime processes
[DEBUG Sep 18 03:14:48.660150224, watcher.go:72] Checking for runtime processes
[DEBUG Sep 18 03:15:48.660989086, watcher.go:72] Checking for runtime processes
[DEBUG Sep 18 03:16:48.660971101, watcher.go:72] Checking for runtime processes
[DEBUG Sep 18 03:17:48.660974157, watcher.go:72] Checking for runtime processes
[DEBUG Sep 18 03:18:48.660971530, watcher.go:72] Checking for runtime processes
[DEBUG Sep 18 03:19:48.660974362, watcher.go:72] Checking for runtime processes
[DEBUG Sep 18 03:20:48.660986370, watcher.go:72] Checking for runtime processes
[DEBUG Sep 18 03:21:48.660972606, watcher.go:72] Checking for runtime processes
[DEBUG Sep 18 03:22:48.660969954, watcher.go:72] Checking for runtime processes
[DEBUG Sep 18 03:23:48.660972186, watcher.go:72] Checking for runtime processes
[DEBUG Sep 18 03:24:48.660968409, watcher.go:72] Checking for runtime processes
[DEBUG Sep 18 03:25:48.660958700, watcher.go:72] Checking for runtime processes
[DEBUG Sep 18 03:26:48.660968890, watcher.go:72] Checking for runtime processes
[DEBUG Sep 18 03:27:48.660152696, watcher.go:72] Checking for runtime processes
[DEBUG Sep 18 03:28:48.660969404, watcher.go:72] Checking for runtime processes
[DEBUG Sep 18 03:29:48.660147976, watcher.go:72] Checking for runtime processes
[DEBUG Sep 18 03:30:48.660975065, watcher.go:72] Checking for runtime processes
[DEBUG Sep 18 03:31:48.660981965, watcher.go:72] Checking for runtime processes
[DEBUG Sep 18 03:32:48.660975033, watcher.go:72] Checking for runtime processes
[DEBUG Sep 18 03:33:48.660969992, watcher.go:72] Checking for runtime processes
[DEBUG Sep 18 03:34:48.660970533, watcher.go:72] Checking for runtime processes
[DEBUG Sep 18 03:35:48.660969409, watcher.go:72] Checking for runtime processes
[DEBUG Sep 18 03:36:48.660973424, watcher.go:72] Checking for runtime processes
[DEBUG Sep 18 03:37:48.660983443, watcher.go:72] Checking for runtime processes
[DEBUG Sep 18 03:38:48.660973647, watcher.go:72] Checking for runtime processes
[DEBUG Sep 18 03:39:48.660969811, watcher.go:72] Checking for runtime processes
[DEBUG Sep 18 03:40:48.660966731, watcher.go:72] Checking for runtime processes
[DEBUG Sep 18 03:41:48.660970469, watcher.go:72] Checking for runtime processes
[DEBUG Sep 18 03:42:48.660152663, watcher.go:72] Checking for runtime processes
[DEBUG Sep 18 03:43:48.660969937, watcher.go:72] Checking for runtime processes
[DEBUG Sep 18 03:44:48.660148951, watcher.go:72] Checking for runtime processes
[DEBUG Sep 18 03:45:48.660973992, watcher.go:72] Checking for runtime processes
[DEBUG Sep 18 03:46:48.660972339, watcher.go:72] Checking for runtime processes
[DEBUG Sep 18 03:47:48.660975421, watcher.go:72] Checking for runtime processes
[DEBUG Sep 18 03:48:48.660970384, watcher.go:72] Checking for runtime processes
[DEBUG Sep 18 03:49:48.660973954, watcher.go:72] Checking for runtime processes
[DEBUG Sep 18 03:50:48.660969628, watcher.go:72] Checking for runtime processes
[DEBUG Sep 18 03:51:48.660980150, watcher.go:72] Checking for runtime processes
[DEBUG Sep 18 03:52:48.660969029, watcher.go:72] Checking for runtime processes
[DEBUG Sep 18 03:53:48.660974803, watcher.go:72] Checking for runtime processes
[DEBUG Sep 18 03:54:48.660967775, watcher.go:72] Checking for runtime processes
[DEBUG Sep 18 03:55:48.660957824, watcher.go:72] Checking for runtime processes
[DEBUG Sep 18 03:56:48.660969569, watcher.go:72] Checking for runtime processes
[DEBUG Sep 18 03:57:48.660152591, watcher.go:72] Checking for runtime processes
[DEBUG Sep 18 03:58:48.660967007, watcher.go:72] Checking for runtime processes
[DEBUG Sep 18 03:59:48.660149647, watcher.go:72] Checking for runtime processes
[DEBUG Sep 18 04:00:48.660978411, watcher.go:72] Checking for runtime processes
[DEBUG Sep 18 04:01:48.660971130, watcher.go:72] Checking for runtime processes
[DEBUG Sep 18 04:02:48.660971132, watcher.go:72] Checking for runtime processes
[DEBUG Sep 18 04:03:48.660968468, watcher.go:72] Checking for runtime processes
[DEBUG Sep 18 04:04:48.660971121, watcher.go:72] Checking for runtime processes
[DEBUG Sep 18 04:05:48.660968544, watcher.go:72] Checking for runtime processes
[DEBUG Sep 18 04:06:48.660974823, watcher.go:72] Checking for runtime processes
[DEBUG Sep 18 04:07:48.660972283, watcher.go:72] Checking for runtime processes
[DEBUG Sep 18 04:08:48.660973417, watcher.go:72] Checking for runtime processes
[DEBUG Sep 18 04:09:48.660969383, watcher.go:72] Checking for runtime processes
[DEBUG Sep 18 04:10:48.660956636, watcher.go:72] Checking for runtime processes
[DEBUG Sep 18 04:11:48.660967170, watcher.go:72] Checking for runtime processes
[DEBUG Sep 18 04:12:48.660153478, watcher.go:72] Checking for runtime processes
[DEBUG Sep 18 04:13:48.660968555, watcher.go:72] Checking for runtime processes
[DEBUG Sep 18 04:14:48.660148064, watcher.go:72] Checking for runtime processes
[DEBUG Sep 18 04:15:48.660972834, watcher.go:72] Checking for runtime processes
[DEBUG Sep 18 04:16:48.660993281, watcher.go:72] Checking for runtime processes
[DEBUG Sep 18 04:17:48.660973403, watcher.go:72] Checking for runtime processes
[DEBUG Sep 18 04:18:48.660968849, watcher.go:72] Checking for runtime processes
[DEBUG Sep 18 04:19:48.660971876, watcher.go:72] Checking for runtime processes
[DEBUG Sep 18 04:20:48.660969310, watcher.go:72] Checking for runtime processes
[DEBUG Sep 18 04:21:48.660990515, watcher.go:72] Checking for runtime processes
[DEBUG Sep 18 04:22:48.660969638, watcher.go:72] Checking for runtime processes
[DEBUG Sep 18 04:23:48.660972297, watcher.go:72] Checking for runtime processes
[DEBUG Sep 18 04:24:48.660968684, watcher.go:72] Checking for runtime processes
[DEBUG Sep 18 04:25:48.660970577, watcher.go:72] Checking for runtime processes
[DEBUG Sep 18 04:26:48.660969164, watcher.go:72] Checking for runtime processes
[DEBUG Sep 18 04:27:48.660152242, watcher.go:72] Checking for runtime processes
[DEBUG Sep 18 04:28:48.660983588, watcher.go:72] Checking for runtime processes
[DEBUG Sep 18 04:29:48.660150563, watcher.go:72] Checking for runtime processes
[DEBUG Sep 18 04:30:48.660973139, watcher.go:72] Checking for runtime processes
[DEBUG Sep 18 04:31:48.660980014, watcher.go:72] Checking for runtime processes
[DEBUG Sep 18 04:32:48.660973093, watcher.go:72] Checking for runtime processes
[DEBUG Sep 18 04:33:48.660967879, watcher.go:72] Checking for runtime processes
[DEBUG Sep 18 04:34:48.660972813, watcher.go:72] Checking for runtime processes
[DEBUG Sep 18 04:35:48.660968825, watcher.go:72] Checking for runtime processes
[DEBUG Sep 18 04:36:48.660971135, watcher.go:72] Checking for runtime processes
[DEBUG Sep 18 04:37:48.660995776, watcher.go:72] Checking for runtime processes
[DEBUG Sep 18 04:38:48.660973982, watcher.go:72] Checking for runtime processes
[DEBUG Sep 18 04:39:48.660982278, watcher.go:72] Checking for runtime processes
[DEBUG Sep 18 04:40:48.660958793, watcher.go:72] Checking for runtime processes
[DEBUG Sep 18 04:41:48.660968974, watcher.go:72] Checking for runtime processes
[DEBUG Sep 18 04:42:48.660152503, watcher.go:72] Checking for runtime processes
[DEBUG Sep 18 04:43:48.660969179, watcher.go:72] Checking for runtime processes
[DEBUG Sep 18 04:44:48.660151532, watcher.go:72] Checking for runtime processes
[DEBUG Sep 18 04:45:48.660975010, watcher.go:72] Checking for runtime processes
[DEBUG Sep 18 04:46:48.660971119, watcher.go:72] Checking for runtime processes
[DEBUG Sep 18 04:47:48.660972692, watcher.go:72] Checking for runtime processes
[DEBUG Sep 18 04:48:48.660971039, watcher.go:72] Checking for runtime processes
[DEBUG Sep 18 04:49:48.660973003, watcher.go:72] Checking for runtime processes
[DEBUG Sep 18 04:50:48.660967449, watcher.go:72] Checking for runtime processes
[DEBUG Sep 18 04:51:48.660971404, watcher.go:72] Checking for runtime processes
[DEBUG Sep 18 04:52:48.660969012, watcher.go:72] Checking for runtime processes
[DEBUG Sep 18 04:53:48.660972626, watcher.go:72] Checking for runtime processes
[DEBUG Sep 18 04:54:48.660968380, watcher.go:72] Checking for runtime processes
[DEBUG Sep 18 04:55:48.660957410, watcher.go:72] Checking for runtime processes
[DEBUG Sep 18 04:56:48.661005525, watcher.go:72] Checking for runtime processes
[DEBUG Sep 18 04:57:48.660152842, watcher.go:72] Checking for runtime processes
[DEBUG Sep 18 04:58:48.660970626, watcher.go:72] Checking for runtime processes
[DEBUG Sep 18 04:59:48.660148885, watcher.go:72] Checking for runtime processes
[DEBUG Sep 18 05:00:48.660971558, watcher.go:72] Checking for runtime processes
[DEBUG Sep 18 05:01:48.660969082, watcher.go:72] Checking for runtime processes
[DEBUG Sep 18 05:02:48.660974285, watcher.go:72] Checking for runtime processes
[DEBUG Sep 18 05:03:48.660984635, watcher.go:72] Checking for runtime processes
[DEBUG Sep 18 05:04:48.660973880, watcher.go:72] Checking for runtime processes
[DEBUG Sep 18 05:05:48.660972747, watcher.go:72] Checking for runtime processes
[DEBUG Sep 18 05:06:48.660971997, watcher.go:72] Checking for runtime processes
[DEBUG Sep 18 05:07:48.660969878, watcher.go:72] Checking for runtime processes
[DEBUG Sep 18 05:08:48.660988737, watcher.go:72] Checking for runtime processes
[DEBUG Sep 18 05:09:48.660968302, watcher.go:72] Checking for runtime processes
[DEBUG Sep 18 05:10:48.660956085, watcher.go:72] Checking for runtime processes
[DEBUG Sep 18 05:11:48.660973855, watcher.go:72] Checking for runtime processes
[DEBUG Sep 18 05:12:48.660151770, watcher.go:72] Checking for runtime processes
[DEBUG Sep 18 05:13:48.660970446, watcher.go:72] Checking for runtime processes
[DEBUG Sep 18 05:14:48.660149240, watcher.go:72] Checking for runtime processes
[DEBUG Sep 18 05:15:48.660975119, watcher.go:72] Checking for runtime processes
[DEBUG Sep 18 05:16:48.660984468, watcher.go:72] Checking for runtime processes
[DEBUG Sep 18 05:17:48.660971111, watcher.go:72] Checking for runtime processes
[DEBUG Sep 18 05:18:48.660982877, watcher.go:72] Checking for runtime processes
[DEBUG Sep 18 05:19:48.660973898, watcher.go:72] Checking for runtime processes
[DEBUG Sep 18 05:20:48.660970219, watcher.go:72] Checking for runtime processes
[DEBUG Sep 18 05:21:48.660974724, watcher.go:72] Checking for runtime processes
[DEBUG Sep 18 05:22:48.660970596, watcher.go:72] Checking for runtime processes
[DEBUG Sep 18 05:23:48.660974199, watcher.go:72] Checking for runtime processes
[DEBUG Sep 18 05:24:48.660974121, watcher.go:72] Checking for runtime processes
[DEBUG Sep 18 05:25:48.660961228, watcher.go:72] Checking for runtime processes
[DEBUG Sep 18 05:26:48.660996711, watcher.go:72] Checking for runtime processes
[DEBUG Sep 18 05:27:48.660152638, watcher.go:72] Checking for runtime processes
[DEBUG Sep 18 05:28:48.660968452, watcher.go:72] Checking for runtime processes
[DEBUG Sep 18 05:29:48.660147822, watcher.go:72] Checking for runtime processes
[DEBUG Sep 18 05:30:48.660972863, watcher.go:72] Checking for runtime processes
[DEBUG Sep 18 05:31:48.660983092, watcher.go:72] Checking for runtime processes
[DEBUG Sep 18 05:32:48.660975637, watcher.go:72] Checking for runtime processes
[DEBUG Sep 18 05:33:48.660970531, watcher.go:72] Checking for runtime processes
[DEBUG Sep 18 05:34:48.660972096, watcher.go:72] Checking for runtime processes
[DEBUG Sep 18 05:35:48.660968650, watcher.go:72] Checking for runtime processes
[DEBUG Sep 18 05:36:48.660971426, watcher.go:72] Checking for runtime processes
[DEBUG Sep 18 05:37:48.660969359, watcher.go:72] Checking for runtime processes
[DEBUG Sep 18 05:38:48.660971290, watcher.go:72] Checking for runtime processes
[DEBUG Sep 18 05:39:48.660983258, watcher.go:72] Checking for runtime processes
[DEBUG Sep 18 05:40:48.660955321, watcher.go:72] Checking for runtime processes
[DEBUG Sep 18 05:41:48.660968665, watcher.go:72] Checking for runtime processes
[DEBUG Sep 18 05:42:48.660153484, watcher.go:72] Checking for runtime processes
[DEBUG Sep 18 05:43:48.660967932, watcher.go:72] Checking for runtime processes
[DEBUG Sep 18 05:44:48.660149275, watcher.go:72] Checking for runtime processes
[DEBUG Sep 18 05:45:48.660975285, watcher.go:72] Checking for runtime processes
[DEBUG Sep 18 05:46:48.660969888, watcher.go:72] Checking for runtime processes
[DEBUG Sep 18 05:47:48.660975028, watcher.go:72] Checking for runtime processes
[DEBUG Sep 18 05:48:48.660969748, watcher.go:72] Checking for runtime processes
[DEBUG Sep 18 05:49:48.660999255, watcher.go:72] Checking for runtime processes
[DEBUG Sep 18 05:50:48.660969649, watcher.go:72] Checking for runtime processes
[DEBUG Sep 18 05:51:48.660974364, watcher.go:72] Checking for runtime processes
[DEBUG Sep 18 05:52:48.660969305, watcher.go:72] Checking for runtime processes
[DEBUG Sep 18 05:53:48.660974337, watcher.go:72] Checking for runtime processes
[DEBUG Sep 18 05:54:48.660967707, watcher.go:72] Checking for runtime processes
[DEBUG Sep 18 05:55:48.660970172, watcher.go:72] Checking for runtime processes
[DEBUG Sep 18 05:56:48.660970901, watcher.go:72] Checking for runtime processes
[DEBUG Sep 18 05:57:48.660152779, watcher.go:72] Checking for runtime processes
[DEBUG Sep 18 05:58:48.660970318, watcher.go:72] Checking for runtime processes
[DEBUG Sep 18 05:59:48.660149072, watcher.go:72] Checking for runtime processes
[DEBUG Sep 18 06:00:48.660970644, watcher.go:72] Checking for runtime processes
[DEBUG Sep 18 06:01:48.660982538, watcher.go:72] Checking for runtime processes
[DEBUG Sep 18 06:02:48.660974586, watcher.go:72] Checking for runtime processes
[DEBUG Sep 18 06:03:48.660982035, watcher.go:72] Checking for runtime processes
[DEBUG Sep 18 06:04:48.661001913, watcher.go:72] Checking for runtime processes
[DEBUG Sep 18 06:05:48.660967085, watcher.go:72] Checking for runtime processes
[DEBUG Sep 18 06:06:48.660973512, watcher.go:72] Checking for runtime processes
[DEBUG Sep 18 06:07:48.660967405, watcher.go:72] Checking for runtime processes
[DEBUG Sep 18 06:08:48.660975807, watcher.go:72] Checking for runtime processes
[DEBUG Sep 18 06:09:48.660967599, watcher.go:72] Checking for runtime processes
[DEBUG Sep 18 06:10:48.660954993, watcher.go:72] Checking for runtime processes
[DEBUG Sep 18 06:11:48.660970084, watcher.go:72] Checking for runtime processes
[DEBUG Sep 18 06:12:48.660150986, watcher.go:72] Checking for runtime processes
[DEBUG Sep 18 06:13:48.660971184, watcher.go:72] Checking for runtime processes
[DEBUG Sep 18 06:14:48.660149674, watcher.go:72] Checking for runtime processes
[DEBUG Sep 18 06:15:48.660972308, watcher.go:72] Checking for runtime processes
[DEBUG Sep 18 06:16:48.660968600, watcher.go:72] Checking for runtime processes
[DEBUG Sep 18 06:17:48.660971688, watcher.go:72] Checking for runtime processes
[DEBUG Sep 18 06:18:48.660968699, watcher.go:72] Checking for runtime processes
[DEBUG Sep 18 06:19:48.660972361, watcher.go:72] Checking for runtime processes
[DEBUG Sep 18 06:20:48.660978769, watcher.go:72] Checking for runtime processes
[DEBUG Sep 18 06:21:48.660972836, watcher.go:72] Checking for runtime processes
[DEBUG Sep 18 06:22:48.660968821, watcher.go:72] Checking for runtime processes
[DEBUG Sep 18 06:23:48.660975768, watcher.go:72] Checking for runtime processes
[DEBUG Sep 18 06:24:48.660969270, watcher.go:72] Checking for runtime processes
[DEBUG Sep 18 06:25:48.660957943, watcher.go:72] Checking for runtime processes
[DEBUG Sep 18 06:26:48.660968894, watcher.go:72] Checking for runtime processes
[DEBUG Sep 18 06:27:48.660152682, watcher.go:72] Checking for runtime processes
[DEBUG Sep 18 06:28:48.661018471, watcher.go:72] Checking for runtime processes
[DEBUG Sep 18 06:29:48.660197359, watcher.go:72] Checking for runtime processes
[DEBUG Sep 18 06:30:48.660971889, watcher.go:72] Checking for runtime processes
[DEBUG Sep 18 06:31:48.660968020, watcher.go:72] Checking for runtime processes
[DEBUG Sep 18 06:32:48.660972947, watcher.go:72] Checking for runtime processes
[DEBUG Sep 18 06:33:48.660967822, watcher.go:72] Checking for runtime processes
[DEBUG Sep 18 06:34:48.660972207, watcher.go:72] Checking for runtime processes
[DEBUG Sep 18 06:35:48.660966907, watcher.go:72] Checking for runtime processes
[DEBUG Sep 18 06:36:48.660987066, watcher.go:72] Checking for runtime processes
[DEBUG Sep 18 06:37:48.660983322, watcher.go:72] Checking for runtime processes
[DEBUG Sep 18 06:38:48.660971939, watcher.go:72] Checking for runtime processes
[DEBUG Sep 18 06:39:48.660966881, watcher.go:72] Checking for runtime processes
[DEBUG Sep 18 06:40:48.660955468, watcher.go:72] Checking for runtime processes
[DEBUG Sep 18 06:41:48.660967796, watcher.go:72] Checking for runtime processes
[DEBUG Sep 18 06:42:48.660153038, watcher.go:72] Checking for runtime processes
[DEBUG Sep 18 06:43:48.660974648, watcher.go:72] Checking for runtime processes
[DEBUG Sep 18 06:44:48.660149195, watcher.go:72] Checking for runtime processes
[DEBUG Sep 18 06:45:48.660971326, watcher.go:72] Checking for runtime processes
[DEBUG Sep 18 06:46:48.660967672, watcher.go:72] Checking for runtime processes
[DEBUG Sep 18 06:47:48.660970783, watcher.go:72] Checking for runtime processes
[DEBUG Sep 18 06:48:48.660968262, watcher.go:72] Checking for runtime processes
[DEBUG Sep 18 06:49:48.660973436, watcher.go:72] Checking for runtime processes
[DEBUG Sep 18 06:50:48.660980625, watcher.go:72] Checking for runtime processes
[DEBUG Sep 18 06:51:48.660971679, watcher.go:72] Checking for runtime processes
[DEBUG Sep 18 06:52:48.660970377, watcher.go:72] Checking for runtime processes
[DEBUG Sep 18 06:53:48.660986153, watcher.go:72] Checking for runtime processes
[DEBUG Sep 18 06:54:48.660968315, watcher.go:72] Checking for runtime processes
[DEBUG Sep 18 06:55:48.660957036, watcher.go:72] Checking for runtime processes
[DEBUG Sep 18 06:56:48.660975197, watcher.go:72] Checking for runtime processes
[DEBUG Sep 18 06:57:48.660152669, watcher.go:72] Checking for runtime processes
[DEBUG Sep 18 06:58:48.660968971, watcher.go:72] Checking for runtime processes
[DEBUG Sep 18 06:59:48.660148866, watcher.go:72] Checking for runtime processes
[DEBUG Sep 18 07:00:48.660971133, watcher.go:72] Checking for runtime processes
[DEBUG Sep 18 07:01:48.660968446, watcher.go:72] Checking for runtime processes
[DEBUG Sep 18 07:02:48.660972237, watcher.go:72] Checking for runtime processes
[DEBUG Sep 18 07:03:48.660968415, watcher.go:72] Checking for runtime processes
[DEBUG Sep 18 07:04:48.660973443, watcher.go:72] Checking for runtime processes
[DEBUG Sep 18 07:05:48.660964733, watcher.go:72] Checking for runtime processes
[DEBUG Sep 18 07:06:48.660974103, watcher.go:72] Checking for runtime processes
[DEBUG Sep 18 07:07:48.660984556, watcher.go:72] Checking for runtime processes
[DEBUG Sep 18 07:08:48.660973566, watcher.go:72] Checking for runtime processes
[DEBUG Sep 18 07:09:48.660987376, watcher.go:72] Checking for runtime processes
[DEBUG Sep 18 07:10:48.660968986, watcher.go:72] Checking for runtime processes
[DEBUG Sep 18 07:11:48.660970591, watcher.go:72] Checking for runtime processes
[DEBUG Sep 18 07:12:48.660154877, watcher.go:72] Checking for runtime processes
[DEBUG Sep 18 07:13:48.660968649, watcher.go:72] Checking for runtime processes
[DEBUG Sep 18 07:14:48.660149135, watcher.go:72] Checking for runtime processes
[DEBUG Sep 18 07:15:48.660974224, watcher.go:72] Checking for runtime processes
[DEBUG Sep 18 07:16:48.660988029, watcher.go:72] Checking for runtime processes
[DEBUG Sep 18 07:17:48.660988384, watcher.go:72] Checking for runtime processes
[DEBUG Sep 18 07:18:48.661007185, watcher.go:72] Checking for runtime processes
[DEBUG Sep 18 07:19:48.660976152, watcher.go:72] Checking for runtime processes
[DEBUG Sep 18 07:20:48.660984802, watcher.go:72] Checking for runtime processes
[DEBUG Sep 18 07:21:48.660974961, watcher.go:72] Checking for runtime processes
[DEBUG Sep 18 07:22:48.660972471, watcher.go:72] Checking for runtime processes
[DEBUG Sep 18 07:23:48.660986364, watcher.go:72] Checking for runtime processes
[DEBUG Sep 18 07:24:48.660998947, watcher.go:72] Checking for runtime processes
[DEBUG Sep 18 07:25:48.660971078, watcher.go:72] Checking for runtime processes
[DEBUG Sep 18 07:26:48.660971972, watcher.go:72] Checking for runtime processes
[DEBUG Sep 18 07:27:48.660153928, watcher.go:72] Checking for runtime processes
[DEBUG Sep 18 07:28:48.660976172, watcher.go:72] Checking for runtime processes
[DEBUG Sep 18 07:29:48.660149540, watcher.go:72] Checking for runtime processes
[DEBUG Sep 18 07:30:48.660976543, watcher.go:72] Checking for runtime processes
[DEBUG Sep 18 07:31:48.660984383, watcher.go:72] Checking for runtime processes
[DEBUG Sep 18 07:32:48.660997847, watcher.go:72] Checking for runtime processes
[DEBUG Sep 18 07:33:48.660970151, watcher.go:72] Checking for runtime processes
[DEBUG Sep 18 07:34:48.660975922, watcher.go:72] Checking for runtime processes
[DEBUG Sep 18 07:35:48.660971702, watcher.go:72] Checking for runtime processes
[DEBUG Sep 18 07:36:48.660981449, watcher.go:72] Checking for runtime processes
[DEBUG Sep 18 07:37:48.660974548, watcher.go:72] Checking for runtime processes
[DEBUG Sep 18 07:38:48.660973796, watcher.go:72] Checking for runtime processes
[DEBUG Sep 18 07:39:48.660971815, watcher.go:72] Checking for runtime processes
[DEBUG Sep 18 07:40:48.660981625, watcher.go:72] Checking for runtime processes
[DEBUG Sep 18 07:41:48.660970662, watcher.go:72] Checking for runtime processes
[DEBUG Sep 18 07:42:48.660155357, watcher.go:72] Checking for runtime processes
[DEBUG Sep 18 07:43:48.660981949, watcher.go:72] Checking for runtime processes
[DEBUG Sep 18 07:44:48.660174961, watcher.go:72] Checking for runtime processes
[DEBUG Sep 18 07:45:48.660972532, watcher.go:72] Checking for runtime processes
[DEBUG Sep 18 07:46:48.660984921, watcher.go:72] Checking for runtime processes
[DEBUG Sep 18 07:47:48.660981048, watcher.go:72] Checking for runtime processes
[DEBUG Sep 18 07:48:48.660969553, watcher.go:72] Checking for runtime processes
[DEBUG Sep 18 07:49:48.660972928, watcher.go:72] Checking for runtime processes
[DEBUG Sep 18 07:50:48.660969855, watcher.go:72] Checking for runtime processes
[DEBUG Sep 18 07:51:48.660973546, watcher.go:72] Checking for runtime processes
[DEBUG Sep 18 07:52:48.660971089, watcher.go:72] Checking for runtime processes
[DEBUG Sep 18 07:53:48.660987531, watcher.go:72] Checking for runtime processes
[DEBUG Sep 18 07:54:48.660968699, watcher.go:72] Checking for runtime processes
[DEBUG Sep 18 07:55:48.660959037, watcher.go:72] Checking for runtime processes
[DEBUG Sep 18 07:56:48.660969701, watcher.go:72] Checking for runtime processes
[DEBUG Sep 18 07:57:48.660153918, watcher.go:72] Checking for runtime processes
[DEBUG Sep 18 07:58:48.660971343, watcher.go:72] Checking for runtime processes
[DEBUG Sep 18 07:59:48.660149764, watcher.go:72] Checking for runtime processes
[DEBUG Sep 18 08:00:48.660983354, watcher.go:72] Checking for runtime processes
[DEBUG Sep 18 08:01:48.660969146, watcher.go:72] Checking for runtime processes
[DEBUG Sep 18 08:02:48.660974432, watcher.go:72] Checking for runtime processes
[DEBUG Sep 18 08:03:48.660970325, watcher.go:72] Checking for runtime processes
[DEBUG Sep 18 08:04:48.660975185, watcher.go:72] Checking for runtime processes
[DEBUG Sep 18 08:05:48.661032103, watcher.go:72] Checking for runtime processes
[DEBUG Sep 18 08:06:48.660980034, watcher.go:72] Checking for runtime processes
[DEBUG Sep 18 08:07:48.660971225, watcher.go:72] Checking for runtime processes
[DEBUG Sep 18 08:08:48.660982801, watcher.go:72] Checking for runtime processes
[DEBUG Sep 18 08:09:48.660969478, watcher.go:72] Checking for runtime processes
[DEBUG Sep 18 08:10:48.660970246, watcher.go:72] Checking for runtime processes
[DEBUG Sep 18 08:11:48.660982058, watcher.go:72] Checking for runtime processes
[DEBUG Sep 18 08:12:48.660156631, watcher.go:72] Checking for runtime processes
[DEBUG Sep 18 08:13:48.660984531, watcher.go:72] Checking for runtime processes
[DEBUG Sep 18 08:14:48.660149403, watcher.go:72] Checking for runtime processes
[DEBUG Sep 18 08:15:48.660973849, watcher.go:72] Checking for runtime processes
[DEBUG Sep 18 08:16:48.660986488, watcher.go:72] Checking for runtime processes
[DEBUG Sep 18 08:17:48.661046492, watcher.go:72] Checking for runtime processes
[DEBUG Sep 18 08:18:48.660983166, watcher.go:72] Checking for runtime processes
[DEBUG Sep 18 08:19:48.660985986, watcher.go:72] Checking for runtime processes
[DEBUG Sep 18 08:20:48.660972651, watcher.go:72] Checking for runtime processes
[DEBUG Sep 18 08:21:48.660986219, watcher.go:72] Checking for runtime processes
[DEBUG Sep 18 08:22:48.660970413, watcher.go:72] Checking for runtime processes
[DEBUG Sep 18 08:23:48.661033780, watcher.go:72] Checking for runtime processes
[DEBUG Sep 18 08:24:48.660970228, watcher.go:72] Checking for runtime processes
[DEBUG Sep 18 08:25:48.660975624, watcher.go:72] Checking for runtime processes
[DEBUG Sep 18 08:26:48.660969363, watcher.go:72] Checking for runtime processes
[DEBUG Sep 18 08:27:48.660152804, watcher.go:72] Checking for runtime processes
[DEBUG Sep 18 08:28:48.660973709, watcher.go:72] Checking for runtime processes
[DEBUG Sep 18 08:29:48.660149954, watcher.go:72] Checking for runtime processes
[DEBUG Sep 18 08:30:48.661034165, watcher.go:72] Checking for runtime processes
[DEBUG Sep 18 08:31:48.660970699, watcher.go:72] Checking for runtime processes
[DEBUG Sep 18 08:32:48.660986410, watcher.go:72] Checking for runtime processes
[DEBUG Sep 18 08:33:48.660981660, watcher.go:72] Checking for runtime processes
[DEBUG Sep 18 08:34:48.660986014, watcher.go:72] Checking for runtime processes
[DEBUG Sep 18 08:35:48.660968473, watcher.go:72] Checking for runtime processes
[DEBUG Sep 18 08:36:48.660988177, watcher.go:72] Checking for runtime processes
[DEBUG Sep 18 08:37:48.660970591, watcher.go:72] Checking for runtime processes
[DEBUG Sep 18 08:38:48.660989297, watcher.go:72] Checking for runtime processes
[DEBUG Sep 18 08:39:48.660969383, watcher.go:72] Checking for runtime processes
[DEBUG Sep 18 08:40:48.660956001, watcher.go:72] Checking for runtime processes
[DEBUG Sep 18 08:41:48.660968307, watcher.go:72] Checking for runtime processes
[DEBUG Sep 18 08:42:48.660153586, watcher.go:72] Checking for runtime processes
[DEBUG Sep 18 08:43:48.660983364, watcher.go:72] Checking for runtime processes
[DEBUG Sep 18 08:44:48.660149354, watcher.go:72] Checking for runtime processes
[DEBUG Sep 18 08:45:48.660974056, watcher.go:72] Checking for runtime processes
[DEBUG Sep 18 08:46:48.660980601, watcher.go:72] Checking for runtime processes
[DEBUG Sep 18 08:47:48.660976395, watcher.go:72] Checking for runtime processes
[DEBUG Sep 18 08:48:48.660974228, watcher.go:72] Checking for runtime processes
[DEBUG Sep 18 08:49:48.660974848, watcher.go:72] Checking for runtime processes
[DEBUG Sep 18 08:50:48.660969384, watcher.go:72] Checking for runtime processes
[DEBUG Sep 18 08:51:48.660983031, watcher.go:72] Checking for runtime processes
[DEBUG Sep 18 08:52:48.660974629, watcher.go:72] Checking for runtime processes
[DEBUG Sep 18 08:53:48.660972221, watcher.go:72] Checking for runtime processes
[DEBUG Sep 18 08:54:48.660967513, watcher.go:72] Checking for runtime processes
[DEBUG Sep 18 08:55:48.660958309, watcher.go:72] Checking for runtime processes
[DEBUG Sep 18 08:56:48.660971853, watcher.go:72] Checking for runtime processes
[DEBUG Sep 18 08:57:48.660155875, watcher.go:72] Checking for runtime processes
[DEBUG Sep 18 08:58:48.660976014, watcher.go:72] Checking for runtime processes
[DEBUG Sep 18 08:59:48.660148767, watcher.go:72] Checking for runtime processes
[DEBUG Sep 18 09:00:48.660974208, watcher.go:72] Checking for runtime processes
[DEBUG Sep 18 09:01:48.660971046, watcher.go:72] Checking for runtime processes
[DEBUG Sep 18 09:02:48.660971723, watcher.go:72] Checking for runtime processes
[DEBUG Sep 18 09:03:48.660982828, watcher.go:72] Checking for runtime processes
[DEBUG Sep 18 09:04:48.661000086, watcher.go:72] Checking for runtime processes
[DEBUG Sep 18 09:05:48.660983511, watcher.go:72] Checking for runtime processes
[DEBUG Sep 18 09:06:48.660974833, watcher.go:72] Checking for runtime processes
[DEBUG Sep 18 09:07:48.660970406, watcher.go:72] Checking for runtime processes
[DEBUG Sep 18 09:08:48.660998044, watcher.go:72] Checking for runtime processes
[DEBUG Sep 18 09:09:48.660976792, watcher.go:72] Checking for runtime processes
[DEBUG Sep 18 09:10:48.660955964, watcher.go:72] Checking for runtime processes
[DEBUG Sep 18 09:11:48.660969582, watcher.go:72] Checking for runtime processes
[DEBUG Sep 18 09:12:48.660165060, watcher.go:72] Checking for runtime processes
[DEBUG Sep 18 09:13:48.661010087, watcher.go:72] Checking for runtime processes
[DEBUG Sep 18 09:14:48.660149560, watcher.go:72] Checking for runtime processes
[DEBUG Sep 18 09:15:48.660977699, watcher.go:72] Checking for runtime processes
[DEBUG Sep 18 09:16:48.660984907, watcher.go:72] Checking for runtime processes
[DEBUG Sep 18 09:17:48.660974394, watcher.go:72] Checking for runtime processes
[DEBUG Sep 18 09:18:48.660969720, watcher.go:72] Checking for runtime processes
[DEBUG Sep 18 09:19:48.660977037, watcher.go:72] Checking for runtime processes
[DEBUG Sep 18 09:20:48.660972024, watcher.go:72] Checking for runtime processes
[DEBUG Sep 18 09:21:48.660973153, watcher.go:72] Checking for runtime processes
[DEBUG Sep 18 09:22:48.660979293, watcher.go:72] Checking for runtime processes
[DEBUG Sep 18 09:23:48.660987479, watcher.go:72] Checking for runtime processes
[DEBUG Sep 18 09:24:48.660968859, watcher.go:72] Checking for runtime processes
[DEBUG Sep 18 09:25:48.660969525, watcher.go:72] Checking for runtime processes
[DEBUG Sep 18 09:26:48.660968962, watcher.go:72] Checking for runtime processes
[DEBUG Sep 18 09:27:48.660154678, watcher.go:72] Checking for runtime processes
[DEBUG Sep 18 09:28:48.660980654, watcher.go:72] Checking for runtime processes
[DEBUG Sep 18 09:29:48.660149940, watcher.go:72] Checking for runtime processes
[DEBUG Sep 18 09:30:48.660974014, watcher.go:72] Checking for runtime processes
[DEBUG Sep 18 09:31:48.660983277, watcher.go:72] Checking for runtime processes
[DEBUG Sep 18 09:32:48.660975880, watcher.go:72] Checking for runtime processes
[DEBUG Sep 18 09:33:48.660969772, watcher.go:72] Checking for runtime processes
[DEBUG Sep 18 09:34:48.660976737, watcher.go:72] Checking for runtime processes
[DEBUG Sep 18 09:35:48.660982795, watcher.go:72] Checking for runtime processes
[DEBUG Sep 18 09:36:48.661006632, watcher.go:72] Checking for runtime processes
[DEBUG Sep 18 09:37:48.660968961, watcher.go:72] Checking for runtime processes
[DEBUG Sep 18 09:38:48.660973228, watcher.go:72] Checking for runtime processes
[DEBUG Sep 18 09:39:48.660968690, watcher.go:72] Checking for runtime processes
[DEBUG Sep 18 09:40:48.660958425, watcher.go:72] Checking for runtime processes
[DEBUG Sep 18 09:41:48.660982731, watcher.go:72] Checking for runtime processes
[DEBUG Sep 18 09:42:48.660154192, watcher.go:72] Checking for runtime processes
[DEBUG Sep 18 09:43:48.660969418, watcher.go:72] Checking for runtime processes
[DEBUG Sep 18 09:44:48.660149836, watcher.go:72] Checking for runtime processes
[DEBUG Sep 18 09:45:48.660993949, watcher.go:72] Checking for runtime processes
[DEBUG Sep 18 09:46:48.660969382, watcher.go:72] Checking for runtime processes
[DEBUG Sep 18 09:47:48.660974065, watcher.go:72] Checking for runtime processes
[DEBUG Sep 18 09:48:48.660970038, watcher.go:72] Checking for runtime processes
[DEBUG Sep 18 09:49:48.660981151, watcher.go:72] Checking for runtime processes
[DEBUG Sep 18 09:50:48.660968251, watcher.go:72] Checking for runtime processes
[DEBUG Sep 18 09:51:48.660974024, watcher.go:72] Checking for runtime processes
[DEBUG Sep 18 09:52:48.660987786, watcher.go:72] Checking for runtime processes
[DEBUG Sep 18 09:53:48.660987790, watcher.go:72] Checking for runtime processes
[DEBUG Sep 18 09:54:48.660982286, watcher.go:72] Checking for runtime processes
[DEBUG Sep 18 09:55:48.660972300, watcher.go:72] Checking for runtime processes
[DEBUG Sep 18 09:56:48.660980595, watcher.go:72] Checking for runtime processes
[DEBUG Sep 18 09:57:48.660144701, watcher.go:72] Checking for runtime processes
[DEBUG Sep 18 09:58:48.660983083, watcher.go:72] Checking for runtime processes
