[DEBUG Aug  2 07:33:42.381368330, defaults.go:273] Args: [/home1/wangfeim/.local/ActiveState/StateTool/release/bin/state-svc start]
[DEBUG Aug  2 07:33:42.396403894, locale.go:38] Init
[DEBUG Aug  2 07:33:42.436716553, errs.go:68] Created error: File could not be found
[DEBUG Aug  2 07:33:42.439687803, errs.go:68] Created error: Not Recognized
[DEBUG Aug  2 07:33:42.461646045, errs.go:68] Created error: Secret not found
[DEBUG Aug  2 07:33:42.461697377, errs.go:68] Created error: Could not save keypair
[DEBUG Aug  2 07:33:42.461854309, errs.go:68] Created error: Build responded with error
[DEBUG Aug  2 07:33:42.461885188, errs.go:68] Created error: Unknown build type
[DEBUG Aug  2 07:33:42.462003594, errors.go:86] Wrapped localized error: <nil> -- with: The installed version of the State Tool Service does not match that of the client.
Please stop the service with [ACTIONABLE]state-svc stop[/RESET] and try your command again.
If this issue persists please reinstall the State Tool.

[DEBUG Aug  2 07:33:42.462018701, errs.go:68] Created error: no data
[DEBUG Aug  2 07:33:42.462046268, errs.go:68] Created error: member not found
[DEBUG Aug  2 07:33:42.462074334, errs.go:68] Created error: Commit count is unknowable
[DEBUG Aug  2 07:33:42.462094775, errs.go:68] Created error: No merge required
[DEBUG Aug  2 07:33:42.462121371, errs.go:68] Created error: Can't merge commit thats already in target commits history
[DEBUG Aug  2 07:33:42.462143848, errs.go:68] Created error: Bad expander name
[DEBUG Aug  2 07:33:42.462164153, errs.go:68] Created error: Expander has no handler
[DEBUG Aug  2 07:33:42.463301063, errs.go:68] Created error: Service is already running
[DEBUG Aug  2 07:33:42.489758001, secrets.go:35] Gcloud Secretmanager failed to initialize (ignore if you're not trying to use gcloud): google: could not find default credentials. See https://developers.google.com/accounts/docs/application-default-credentials for more information.
[DEBUG Aug  2 07:33:42.493058982, output.go:53] Requested outputer for 
[DEBUG Aug  2 07:33:42.493081743, output.go:58] Using Plain outputer
[DEBUG Aug  2 07:33:42.493184172, termutils.go:17] Cannot get terminal size: inappropriate ioctl for device
[DEBUG Aug  2 07:33:42.493307434, client.go:128] Reporting event to 2 reporters: run-command, state-svc start, 
[DEBUG Aug  2 07:33:42.493323217, main.go:107] Running CmdStart
[DEBUG Aug  2 07:33:42.498885137, errs.go:75] Wrapped error: Service is already running -- with: valueF failed
[DEBUG Aug  2 07:33:42.498942256, errs.go:75] Wrapped error: valueF failed -- with: Could not store pid
[DEBUG Aug  2 07:33:42.499013868, errors.go:113] Wrapped input error: Could not store pid -- with: A State Service instance is already running in the background.
[DEBUG Aug  2 07:33:42.499026949, errs.go:75] Wrapped error: A State Service instance is already running in the background. -- with: Could not start serviceManager
[DEBUG Aug  2 07:33:42.499108910, client.go:128] Reporting event to 2 reporters: command-exit, state-svc start, 1
[DEBUG Aug  2 07:33:42.821459477, errs.go:75] Wrapped error: <nil> -- with: Could not start serviceManager: A State Service instance is already running in the background.: Could not store pid: valueF failed: Service is already running
[DEBUG Aug  2 07:33:42.821517093, main.go:61] state-svc errored out due to input: Could not start serviceManager: A State Service instance is already running in the background.: Could not store pid: valueF failed: Service is already running
