[DEBUG Aug  2 07:39:01.597473900, defaults.go:273] Args: [/home1/wangfeim/.local/ActiveState/StateTool/release/bin/state-svc start]
[DEBUG Aug  2 07:39:01.612417105, locale.go:38] Init
[DEBUG Aug  2 07:39:01.652513510, errs.go:68] Created error: File could not be found
[DEBUG Aug  2 07:39:01.655816075, errs.go:68] Created error: Not Recognized
[DEBUG Aug  2 07:39:01.701574515, errs.go:68] Created error: Secret not found
[DEBUG Aug  2 07:39:01.701623224, errs.go:68] Created error: Could not save keypair
[DEBUG Aug  2 07:39:01.701792407, errs.go:68] Created error: Build responded with error
[DEBUG Aug  2 07:39:01.701823276, errs.go:68] Created error: Unknown build type
[DEBUG Aug  2 07:39:01.701935131, errors.go:86] Wrapped localized error: <nil> -- with: The installed version of the State Tool Service does not match that of the client.
Please stop the service with [ACTIONABLE]state-svc stop[/RESET] and try your command again.
If this issue persists please reinstall the State Tool.

[DEBUG Aug  2 07:39:01.701947244, errs.go:68] Created error: no data
[DEBUG Aug  2 07:39:01.701972019, errs.go:68] Created error: member not found
[DEBUG Aug  2 07:39:01.702021244, errs.go:68] Created error: Commit count is unknowable
[DEBUG Aug  2 07:39:01.702045050, errs.go:68] Created error: No merge required
[DEBUG Aug  2 07:39:01.702065836, errs.go:68] Created error: Can't merge commit thats already in target commits history
[DEBUG Aug  2 07:39:01.702088583, errs.go:68] Created error: Bad expander name
[DEBUG Aug  2 07:39:01.702109449, errs.go:68] Created error: Expander has no handler
[DEBUG Aug  2 07:39:01.703368096, errs.go:68] Created error: Service is already running
[DEBUG Aug  2 07:39:01.728416405, secrets.go:35] Gcloud Secretmanager failed to initialize (ignore if you're not trying to use gcloud): google: could not find default credentials. See https://developers.google.com/accounts/docs/application-default-credentials for more information.
[DEBUG Aug  2 07:39:01.735921755, output.go:53] Requested outputer for 
[DEBUG Aug  2 07:39:01.735956227, output.go:58] Using Plain outputer
[DEBUG Aug  2 07:39:01.736036755, termutils.go:17] Cannot get terminal size: inappropriate ioctl for device
[DEBUG Aug  2 07:39:01.736106667, client.go:128] Reporting event to 2 reporters: run-command, state-svc start, 
[DEBUG Aug  2 07:39:01.736240490, main.go:107] Running CmdStart
[DEBUG Aug  2 07:39:01.742440680, errs.go:75] Wrapped error: Service is already running -- with: valueF failed
[DEBUG Aug  2 07:39:01.742497466, errs.go:75] Wrapped error: valueF failed -- with: Could not store pid
[DEBUG Aug  2 07:39:01.742589865, errors.go:113] Wrapped input error: Could not store pid -- with: A State Service instance is already running in the background.
[DEBUG Aug  2 07:39:01.742605265, errs.go:75] Wrapped error: A State Service instance is already running in the background. -- with: Could not start serviceManager
[DEBUG Aug  2 07:39:01.742679002, client.go:128] Reporting event to 2 reporters: command-exit, state-svc start, 1
[DEBUG Aug  2 07:39:02.132347860, errs.go:75] Wrapped error: <nil> -- with: Could not start serviceManager: A State Service instance is already running in the background.: Could not store pid: valueF failed: Service is already running
[DEBUG Aug  2 07:39:02.132422154, main.go:61] state-svc errored out due to input: Could not start serviceManager: A State Service instance is already running in the background.: Could not store pid: valueF failed: Service is already running
