[DEBUG Aug  2 07:52:16.200121791, defaults.go:273] Args: [/home1/wangfeim/.local/ActiveState/StateTool/release/bin/state-svc start]
[DEBUG Aug  2 07:52:16.214021137, locale.go:38] Init
[DEBUG Aug  2 07:52:16.254455214, errs.go:68] Created error: File could not be found
[DEBUG Aug  2 07:52:16.257521366, errs.go:68] Created error: Not Recognized
[DEBUG Aug  2 07:52:16.303258977, errs.go:68] Created error: Secret not found
[DEBUG Aug  2 07:52:16.303308667, errs.go:68] Created error: Could not save keypair
[DEBUG Aug  2 07:52:16.303461740, errs.go:68] Created error: Build responded with error
[DEBUG Aug  2 07:52:16.303487872, errs.go:68] Created error: Unknown build type
[DEBUG Aug  2 07:52:16.303631224, errors.go:86] Wrapped localized error: <nil> -- with: The installed version of the State Tool Service does not match that of the client.
Please stop the service with [ACTIONABLE]state-svc stop[/RESET] and try your command again.
If this issue persists please reinstall the State Tool.

[DEBUG Aug  2 07:52:16.303644826, errs.go:68] Created error: no data
[DEBUG Aug  2 07:52:16.303666441, errs.go:68] Created error: member not found
[DEBUG Aug  2 07:52:16.303690970, errs.go:68] Created error: Commit count is unknowable
[DEBUG Aug  2 07:52:16.303713092, errs.go:68] Created error: No merge required
[DEBUG Aug  2 07:52:16.303738345, errs.go:68] Created error: Can't merge commit thats already in target commits history
[DEBUG Aug  2 07:52:16.303760533, errs.go:68] Created error: Bad expander name
[DEBUG Aug  2 07:52:16.303781797, errs.go:68] Created error: Expander has no handler
[DEBUG Aug  2 07:52:16.304784061, errs.go:68] Created error: Service is already running
[DEBUG Aug  2 07:52:16.335018640, secrets.go:35] Gcloud Secretmanager failed to initialize (ignore if you're not trying to use gcloud): google: could not find default credentials. See https://developers.google.com/accounts/docs/application-default-credentials for more information.
[DEBUG Aug  2 07:52:16.338494640, output.go:53] Requested outputer for 
[DEBUG Aug  2 07:52:16.338562504, output.go:58] Using Plain outputer
[DEBUG Aug  2 07:52:16.338745608, termutils.go:17] Cannot get terminal size: inappropriate ioctl for device
[DEBUG Aug  2 07:52:16.338847607, client.go:128] Reporting event to 2 reporters: run-command, state-svc start, 
[DEBUG Aug  2 07:52:16.338891807, main.go:107] Running CmdStart
[DEBUG Aug  2 07:52:16.345222382, errs.go:75] Wrapped error: Service is already running -- with: valueF failed
[DEBUG Aug  2 07:52:16.345284524, errs.go:75] Wrapped error: valueF failed -- with: Could not store pid
[DEBUG Aug  2 07:52:16.345368336, errors.go:113] Wrapped input error: Could not store pid -- with: A State Service instance is already running in the background.
[DEBUG Aug  2 07:52:16.345383812, errs.go:75] Wrapped error: A State Service instance is already running in the background. -- with: Could not start serviceManager
[DEBUG Aug  2 07:52:16.345459598, client.go:128] Reporting event to 2 reporters: command-exit, state-svc start, 1
[DEBUG Aug  2 07:52:16.707648703, errs.go:75] Wrapped error: <nil> -- with: Could not start serviceManager: A State Service instance is already running in the background.: Could not store pid: valueF failed: Service is already running
[DEBUG Aug  2 07:52:16.707726025, main.go:61] state-svc errored out due to input: Could not start serviceManager: A State Service instance is already running in the background.: Could not store pid: valueF failed: Service is already running
