[DEBUG Sep 18 10:05:42.397749147, defaults.go:273] Args: [/home1/wangfeim/.local/ActiveState/StateTool/release/bin/state-svc foreground]
[DEBUG Sep 18 10:05:42.410881057, locale.go:38] Init
[DEBUG Sep 18 10:05:42.440567941, errs.go:68] Created error: File could not be found
[DEBUG Sep 18 10:05:42.443502424, errs.go:68] Created error: Not Recognized
[DEBUG Sep 18 10:05:42.465164692, errs.go:68] Created error: Secret not found
[DEBUG Sep 18 10:05:42.465219428, errs.go:68] Created error: Could not save keypair
[DEBUG Sep 18 10:05:42.465597677, errs.go:68] Created error: Build responded with error
[DEBUG Sep 18 10:05:42.465638309, errs.go:68] Created error: Unknown build type
[DEBUG Sep 18 10:05:42.465777714, errors.go:86] Wrapped localized error: <nil> -- with: The installed version of the State Tool Service does not match that of the client.
Please stop the service with [ACTIONABLE]state-svc stop[/RESET] and try your command again.
If this issue persists please reinstall the State Tool.

[DEBUG Sep 18 10:05:42.465798238, errs.go:68] Created error: no data
[DEBUG Sep 18 10:05:42.465826701, errs.go:68] Created error: member not found
[DEBUG Sep 18 10:05:42.465855811, errs.go:68] Created error: Commit count is unknowable
[DEBUG Sep 18 10:05:42.465883889, errs.go:68] Created error: No merge required
[DEBUG Sep 18 10:05:42.465909369, errs.go:68] Created error: Can't merge commit thats already in target commits history
[DEBUG Sep 18 10:05:42.465939636, errs.go:68] Created error: Bad expander name
[DEBUG Sep 18 10:05:42.465970977, errs.go:68] Created error: Expander has no handler
[DEBUG Sep 18 10:05:42.468724047, errs.go:68] Created error: Service is already running
[DEBUG Sep 18 10:05:42.507440327, secrets.go:35] Gcloud Secretmanager failed to initialize (ignore if you're not trying to use gcloud): google: could not find default credentials. See https://developers.google.com/accounts/docs/application-default-credentials for more information.
[DEBUG Sep 18 10:05:42.511384372, output.go:53] Requested outputer for 
[DEBUG Sep 18 10:05:42.511403285, output.go:58] Using Plain outputer
[DEBUG Sep 18 10:05:42.511498470, termutils.go:17] Cannot get terminal size: inappropriate ioctl for device
[DEBUG Sep 18 10:05:42.511615955, main.go:137] Running CmdForeground
[DEBUG Sep 18 10:05:42.511633502, main.go:147] Running in Foreground
[DEBUG Sep 18 10:05:42.511676194, client.go:128] Reporting event to 2 reporters: run-command, state-svc foreground, 
[DEBUG Sep 18 10:05:42.511891814, service.go:30] service:Start
[DEBUG Sep 18 10:05:42.517073361, service.go:42] Server starting on port: 45273
[DEBUG Sep 18 10:05:42.517162425, client.go:128] Reporting event to 2 reporters: state-svc, start, 
[DEBUG Sep 18 10:05:42.611418456, resolver.go:57] Version resolver
[DEBUG Sep 18 10:05:42.611916498, client.go:128] Reporting event to 2 reporters: state-svc, endpoint, Version
[DEBUG Sep 18 10:05:42.612448170, resolver.go:57] Version resolver
[DEBUG Sep 18 10:05:42.612568209, client.go:128] Reporting event to 2 reporters: state-svc, endpoint, Version
[DEBUG Sep 18 10:05:42.613225577, resolver.go:57] Version resolver
[DEBUG Sep 18 10:05:42.613449491, client.go:128] Reporting event to 2 reporters: state-svc, endpoint, Version
[DEBUG Sep 18 10:05:42.613919977, resolver.go:57] Version resolver
[DEBUG Sep 18 10:05:42.614358353, client.go:128] Reporting event to 2 reporters: state-svc, endpoint, Version
[DEBUG Sep 18 10:05:42.614847551, resolver.go:121] Analytics event resolver
[DEBUG Sep 18 10:05:42.615556163, client.go:128] Reporting event to 2 reporters: runtime, success, 
[DEBUG Sep 18 10:05:42.615927588, resolver.go:121] Analytics event resolver
[DEBUG Sep 18 10:05:42.616514537, client.go:128] Reporting event to 2 reporters: run-command, exec, 
[DEBUG Sep 18 10:05:42.616728042, resolver.go:121] Analytics event resolver
[DEBUG Sep 18 10:05:42.616976686, client.go:128] Reporting event to 2 reporters: runtime, start, 
[DEBUG Sep 18 10:05:42.617192307, resolver.go:121] Analytics event resolver
[DEBUG Sep 18 10:05:42.617437501, client.go:128] Reporting event to 2 reporters: runtime, cache, 
[DEBUG Sep 18 10:06:42.517642117, watcher.go:72] Checking for runtime processes
[DEBUG Sep 18 10:07:42.517457943, watcher.go:72] Checking for runtime processes
[DEBUG Sep 18 10:08:42.517655118, watcher.go:72] Checking for runtime processes
[DEBUG Sep 18 10:09:42.517669967, watcher.go:72] Checking for runtime processes
[DEBUG Sep 18 10:10:42.517881315, watcher.go:72] Checking for runtime processes
[DEBUG Sep 18 10:11:42.517440147, watcher.go:72] Checking for runtime processes
[DEBUG Sep 18 10:12:42.517535376, watcher.go:72] Checking for runtime processes
[DEBUG Sep 18 10:13:42.517565346, watcher.go:72] Checking for runtime processes
[DEBUG Sep 18 10:14:42.517777780, watcher.go:72] Checking for runtime processes
[DEBUG Sep 18 10:15:42.517602609, watcher.go:72] Checking for runtime processes
[DEBUG Sep 18 10:16:42.517859038, watcher.go:72] Checking for runtime processes
[DEBUG Sep 18 10:17:42.517466053, watcher.go:72] Checking for runtime processes
[DEBUG Sep 18 10:18:42.517478611, watcher.go:72] Checking for runtime processes
[DEBUG Sep 18 10:19:42.517726193, watcher.go:72] Checking for runtime processes
[DEBUG Sep 18 10:20:42.517404867, watcher.go:72] Checking for runtime processes
[DEBUG Sep 18 10:21:42.517633974, watcher.go:72] Checking for runtime processes
[DEBUG Sep 18 10:22:42.517509952, watcher.go:72] Checking for runtime processes
[DEBUG Sep 18 10:23:42.517603921, watcher.go:72] Checking for runtime processes
[DEBUG Sep 18 10:24:42.517459294, watcher.go:72] Checking for runtime processes
[DEBUG Sep 18 10:25:42.517595819, watcher.go:72] Checking for runtime processes
[DEBUG Sep 18 10:26:42.517544437, watcher.go:72] Checking for runtime processes
[DEBUG Sep 18 10:27:42.517431627, watcher.go:72] Checking for runtime processes
[DEBUG Sep 18 10:28:42.517673744, watcher.go:72] Checking for runtime processes
[DEBUG Sep 18 10:29:42.517434031, watcher.go:72] Checking for runtime processes
[DEBUG Sep 18 10:30:42.517442198, watcher.go:72] Checking for runtime processes
[DEBUG Sep 18 10:31:42.517572373, watcher.go:72] Checking for runtime processes
[DEBUG Sep 18 10:32:42.517622096, watcher.go:72] Checking for runtime processes
[DEBUG Sep 18 10:33:42.517456293, watcher.go:72] Checking for runtime processes
[DEBUG Sep 18 10:34:42.517609639, watcher.go:72] Checking for runtime processes
[DEBUG Sep 18 10:35:42.517448198, watcher.go:72] Checking for runtime processes
[DEBUG Sep 18 10:36:42.517453961, watcher.go:72] Checking for runtime processes
[DEBUG Sep 18 10:37:42.517686764, watcher.go:72] Checking for runtime processes
[DEBUG Sep 18 10:38:42.518111080, watcher.go:72] Checking for runtime processes
[DEBUG Sep 18 10:39:42.517470252, watcher.go:72] Checking for runtime processes
[DEBUG Sep 18 10:40:42.518063678, watcher.go:72] Checking for runtime processes
[DEBUG Sep 18 10:41:42.517536077, watcher.go:72] Checking for runtime processes
[DEBUG Sep 18 10:42:42.517449798, watcher.go:72] Checking for runtime processes
[DEBUG Sep 18 10:43:42.517432962, watcher.go:72] Checking for runtime processes
[DEBUG Sep 18 10:44:42.517900193, watcher.go:72] Checking for runtime processes
[DEBUG Sep 18 10:45:42.517587706, watcher.go:72] Checking for runtime processes
[DEBUG Sep 18 10:46:42.517631741, watcher.go:72] Checking for runtime processes
[DEBUG Sep 18 10:47:42.517552078, watcher.go:72] Checking for runtime processes
[DEBUG Sep 18 10:48:42.517432137, watcher.go:72] Checking for runtime processes
[DEBUG Sep 18 10:49:42.517425598, watcher.go:72] Checking for runtime processes
[DEBUG Sep 18 10:50:42.517893937, watcher.go:72] Checking for runtime processes
[DEBUG Sep 18 10:51:42.517882745, watcher.go:72] Checking for runtime processes
[DEBUG Sep 18 10:52:42.517441316, watcher.go:72] Checking for runtime processes
[DEBUG Sep 18 10:53:42.517748875, watcher.go:72] Checking for runtime processes
[DEBUG Sep 18 10:54:42.517423302, watcher.go:72] Checking for runtime processes
[DEBUG Sep 18 10:55:42.517643210, watcher.go:72] Checking for runtime processes
[DEBUG Sep 18 10:56:42.517493262, watcher.go:72] Checking for runtime processes
[DEBUG Sep 18 10:57:42.517701941, watcher.go:72] Checking for runtime processes
[DEBUG Sep 18 10:58:42.517545765, watcher.go:72] Checking for runtime processes
[DEBUG Sep 18 10:59:42.517437332, watcher.go:72] Checking for runtime processes
[DEBUG Sep 18 11:00:42.518338028, watcher.go:72] Checking for runtime processes
[DEBUG Sep 18 11:01:42.518099735, watcher.go:72] Checking for runtime processes
[DEBUG Sep 18 11:02:42.518092393, watcher.go:72] Checking for runtime processes
[DEBUG Sep 18 11:03:42.517864393, watcher.go:72] Checking for runtime processes
[DEBUG Sep 18 11:04:42.517441402, watcher.go:72] Checking for runtime processes
[DEBUG Sep 18 11:05:42.517668445, watcher.go:72] Checking for runtime processes
[DEBUG Sep 18 11:06:42.517810996, watcher.go:72] Checking for runtime processes
[DEBUG Sep 18 11:07:42.517627672, watcher.go:72] Checking for runtime processes
[DEBUG Sep 18 11:08:42.517444734, watcher.go:72] Checking for runtime processes
[DEBUG Sep 18 11:09:42.517755123, watcher.go:72] Checking for runtime processes
[DEBUG Sep 18 11:10:42.517866493, watcher.go:72] Checking for runtime processes
[DEBUG Sep 18 11:11:42.517496130, watcher.go:72] Checking for runtime processes
[DEBUG Sep 18 11:12:42.517534596, watcher.go:72] Checking for runtime processes
[DEBUG Sep 18 11:13:42.517445333, watcher.go:72] Checking for runtime processes
[DEBUG Sep 18 11:14:42.517756668, watcher.go:72] Checking for runtime processes
[DEBUG Sep 18 11:15:42.517707691, watcher.go:72] Checking for runtime processes
[DEBUG Sep 18 11:16:42.517652166, watcher.go:72] Checking for runtime processes
[DEBUG Sep 18 11:17:42.517703210, watcher.go:72] Checking for runtime processes
[DEBUG Sep 18 11:18:42.517790011, watcher.go:72] Checking for runtime processes
[DEBUG Sep 18 11:19:42.517584117, watcher.go:72] Checking for runtime processes
[DEBUG Sep 18 11:20:42.517779203, watcher.go:72] Checking for runtime processes
[DEBUG Sep 18 11:21:42.517538670, watcher.go:72] Checking for runtime processes
[DEBUG Sep 18 11:22:42.517728626, watcher.go:72] Checking for runtime processes
[DEBUG Sep 18 11:23:42.517581851, watcher.go:72] Checking for runtime processes
[DEBUG Sep 18 11:24:42.517671116, watcher.go:72] Checking for runtime processes
[DEBUG Sep 18 11:25:42.517763020, watcher.go:72] Checking for runtime processes
[DEBUG Sep 18 11:26:42.517513958, watcher.go:72] Checking for runtime processes
[DEBUG Sep 18 11:27:42.517835352, watcher.go:72] Checking for runtime processes
[DEBUG Sep 18 11:28:42.517480126, watcher.go:72] Checking for runtime processes
[DEBUG Sep 18 11:29:42.517958258, watcher.go:72] Checking for runtime processes
[DEBUG Sep 18 11:30:42.517799282, watcher.go:72] Checking for runtime processes
[DEBUG Sep 18 11:31:42.517662261, watcher.go:72] Checking for runtime processes
[DEBUG Sep 18 11:32:42.517614600, watcher.go:72] Checking for runtime processes
[DEBUG Sep 18 11:33:42.517451845, watcher.go:72] Checking for runtime processes
[DEBUG Sep 18 11:34:42.517447925, watcher.go:72] Checking for runtime processes
[DEBUG Sep 18 11:35:42.517943231, watcher.go:72] Checking for runtime processes
[DEBUG Sep 18 11:36:42.517537152, watcher.go:72] Checking for runtime processes
[DEBUG Sep 18 11:37:42.517662425, watcher.go:72] Checking for runtime processes
[DEBUG Sep 18 11:38:42.517693625, watcher.go:72] Checking for runtime processes
[DEBUG Sep 18 11:39:42.517421434, watcher.go:72] Checking for runtime processes
[DEBUG Sep 18 11:40:42.517525553, watcher.go:72] Checking for runtime processes
[DEBUG Sep 18 11:41:42.517411287, watcher.go:72] Checking for runtime processes
[DEBUG Sep 18 11:42:42.517755824, watcher.go:72] Checking for runtime processes
[DEBUG Sep 18 11:43:42.517438904, watcher.go:72] Checking for runtime processes
[DEBUG Sep 18 11:44:42.517436803, watcher.go:72] Checking for runtime processes
[DEBUG Sep 18 11:45:42.517902583, watcher.go:72] Checking for runtime processes
[DEBUG Sep 18 11:46:42.517491707, watcher.go:72] Checking for runtime processes
[DEBUG Sep 18 11:47:42.517689907, watcher.go:72] Checking for runtime processes
[DEBUG Sep 18 11:48:42.517890611, watcher.go:72] Checking for runtime processes
[DEBUG Sep 18 11:49:42.517898847, watcher.go:72] Checking for runtime processes
[DEBUG Sep 18 11:50:42.517433817, watcher.go:72] Checking for runtime processes
[DEBUG Sep 18 11:51:42.517749156, watcher.go:72] Checking for runtime processes
[DEBUG Sep 18 11:52:42.517769793, watcher.go:72] Checking for runtime processes
[DEBUG Sep 18 11:53:42.517552563, watcher.go:72] Checking for runtime processes
[DEBUG Sep 18 11:54:42.517540399, watcher.go:72] Checking for runtime processes
[DEBUG Sep 18 11:55:42.517595965, watcher.go:72] Checking for runtime processes
[DEBUG Sep 18 11:56:42.517443460, watcher.go:72] Checking for runtime processes
[DEBUG Sep 18 11:57:42.517554535, watcher.go:72] Checking for runtime processes
[DEBUG Sep 18 11:58:42.517441605, watcher.go:72] Checking for runtime processes
[DEBUG Sep 18 11:59:42.517592576, watcher.go:72] Checking for runtime processes
[DEBUG Sep 18 12:00:42.517836986, watcher.go:72] Checking for runtime processes
[DEBUG Sep 18 12:01:42.517470901, watcher.go:72] Checking for runtime processes
[DEBUG Sep 18 12:02:42.517609567, watcher.go:72] Checking for runtime processes
[DEBUG Sep 18 12:03:42.517466242, watcher.go:72] Checking for runtime processes
[DEBUG Sep 18 12:04:42.517722877, watcher.go:72] Checking for runtime processes
[DEBUG Sep 18 12:05:42.517587429, watcher.go:72] Checking for runtime processes
[DEBUG Sep 18 12:06:42.517438834, watcher.go:72] Checking for runtime processes
[DEBUG Sep 18 12:07:42.517581428, watcher.go:72] Checking for runtime processes
[DEBUG Sep 18 12:08:42.517808914, watcher.go:72] Checking for runtime processes
[DEBUG Sep 18 12:09:42.517454774, watcher.go:72] Checking for runtime processes
[DEBUG Sep 18 12:10:42.517481112, watcher.go:72] Checking for runtime processes
[DEBUG Sep 18 12:11:42.517489832, watcher.go:72] Checking for runtime processes
[DEBUG Sep 18 12:12:42.517904004, watcher.go:72] Checking for runtime processes
[DEBUG Sep 18 12:13:42.517634741, watcher.go:72] Checking for runtime processes
[DEBUG Sep 18 12:14:42.517585829, watcher.go:72] Checking for runtime processes
[DEBUG Sep 18 12:15:42.517607793, watcher.go:72] Checking for runtime processes
[DEBUG Sep 18 12:16:42.517453930, watcher.go:72] Checking for runtime processes
[DEBUG Sep 18 12:17:42.517547422, watcher.go:72] Checking for runtime processes
[DEBUG Sep 18 12:18:42.517657515, watcher.go:72] Checking for runtime processes
[DEBUG Sep 18 12:19:42.517671912, watcher.go:72] Checking for runtime processes
[DEBUG Sep 18 12:20:04.325048099, resolver.go:121] Analytics event resolver
[DEBUG Sep 18 12:20:04.325358039, client.go:128] Reporting event to 2 reporters: command-exit, exec, 0
[DEBUG Sep 18 12:20:42.517445987, watcher.go:72] Checking for runtime processes
[DEBUG Sep 18 12:21:42.517605263, watcher.go:72] Checking for runtime processes
[DEBUG Sep 18 12:22:42.517443657, watcher.go:72] Checking for runtime processes
[DEBUG Sep 18 12:23:42.517447925, watcher.go:72] Checking for runtime processes
[DEBUG Sep 18 12:24:42.517449554, watcher.go:72] Checking for runtime processes
[DEBUG Sep 18 12:25:42.517449237, watcher.go:72] Checking for runtime processes
[DEBUG Sep 18 12:26:42.517433950, watcher.go:72] Checking for runtime processes
[DEBUG Sep 18 12:27:42.517442383, watcher.go:72] Checking for runtime processes
[DEBUG Sep 18 12:28:42.517427390, watcher.go:72] Checking for runtime processes
[DEBUG Sep 18 12:29:42.517447410, watcher.go:72] Checking for runtime processes
[DEBUG Sep 18 12:30:42.517446883, watcher.go:72] Checking for runtime processes
[DEBUG Sep 18 12:31:42.517447762, watcher.go:72] Checking for runtime processes
[DEBUG Sep 18 12:32:42.517444589, watcher.go:72] Checking for runtime processes
[DEBUG Sep 18 12:33:42.517453188, watcher.go:72] Checking for runtime processes
[DEBUG Sep 18 12:34:42.517443995, watcher.go:72] Checking for runtime processes
[DEBUG Sep 18 12:35:42.517449736, watcher.go:72] Checking for runtime processes
[DEBUG Sep 18 12:36:42.517445671, watcher.go:72] Checking for runtime processes
[DEBUG Sep 18 12:37:42.517450691, watcher.go:72] Checking for runtime processes
[DEBUG Sep 18 12:38:42.517448722, watcher.go:72] Checking for runtime processes
[DEBUG Sep 18 12:39:42.517448599, watcher.go:72] Checking for runtime processes
[DEBUG Sep 18 12:40:42.517445916, watcher.go:72] Checking for runtime processes
[DEBUG Sep 18 12:41:42.517431312, watcher.go:72] Checking for runtime processes
[DEBUG Sep 18 12:42:42.517446504, watcher.go:72] Checking for runtime processes
[DEBUG Sep 18 12:43:42.517427641, watcher.go:72] Checking for runtime processes
[DEBUG Sep 18 12:44:42.517470926, watcher.go:72] Checking for runtime processes
[DEBUG Sep 18 12:45:42.517449268, watcher.go:72] Checking for runtime processes
[DEBUG Sep 18 12:46:42.517479653, watcher.go:72] Checking for runtime processes
[DEBUG Sep 18 12:47:42.517444324, watcher.go:72] Checking for runtime processes
[DEBUG Sep 18 12:48:42.517449126, watcher.go:72] Checking for runtime processes
[DEBUG Sep 18 12:49:42.517451502, watcher.go:72] Checking for runtime processes
[DEBUG Sep 18 12:50:42.517449588, watcher.go:72] Checking for runtime processes
[DEBUG Sep 18 12:51:42.517460389, watcher.go:72] Checking for runtime processes
[DEBUG Sep 18 12:52:42.517453210, watcher.go:72] Checking for runtime processes
[DEBUG Sep 18 12:53:42.517487632, watcher.go:72] Checking for runtime processes
[DEBUG Sep 18 12:54:42.517450044, watcher.go:72] Checking for runtime processes
[DEBUG Sep 18 12:55:42.517445079, watcher.go:72] Checking for runtime processes
[DEBUG Sep 18 12:56:42.517436910, watcher.go:72] Checking for runtime processes
[DEBUG Sep 18 12:57:42.517461310, watcher.go:72] Checking for runtime processes
[DEBUG Sep 18 12:58:42.517429879, watcher.go:72] Checking for runtime processes
[DEBUG Sep 18 12:59:42.517443018, watcher.go:72] Checking for runtime processes
[DEBUG Sep 18 13:00:42.517446077, watcher.go:72] Checking for runtime processes
[DEBUG Sep 18 13:01:42.517453540, watcher.go:72] Checking for runtime processes
[DEBUG Sep 18 13:02:42.517448815, watcher.go:72] Checking for runtime processes
[DEBUG Sep 18 13:03:42.517450984, watcher.go:72] Checking for runtime processes
[DEBUG Sep 18 13:04:42.517449365, watcher.go:72] Checking for runtime processes
[DEBUG Sep 18 13:05:42.517455879, watcher.go:72] Checking for runtime processes
[DEBUG Sep 18 13:06:42.517450952, watcher.go:72] Checking for runtime processes
[DEBUG Sep 18 13:07:42.517484043, watcher.go:72] Checking for runtime processes
[DEBUG Sep 18 13:08:42.517446158, watcher.go:72] Checking for runtime processes
[DEBUG Sep 18 13:09:42.517451683, watcher.go:72] Checking for runtime processes
[DEBUG Sep 18 13:10:42.517445323, watcher.go:72] Checking for runtime processes
[DEBUG Sep 18 13:11:42.517451127, watcher.go:72] Checking for runtime processes
[DEBUG Sep 18 13:12:42.517444993, watcher.go:72] Checking for runtime processes
[DEBUG Sep 18 13:13:42.517431794, watcher.go:72] Checking for runtime processes
[DEBUG Sep 18 13:14:42.517447285, watcher.go:72] Checking for runtime processes
[DEBUG Sep 18 13:15:42.517429724, watcher.go:72] Checking for runtime processes
[DEBUG Sep 18 13:16:42.517444472, watcher.go:72] Checking for runtime processes
[DEBUG Sep 18 13:17:42.517449690, watcher.go:72] Checking for runtime processes
[DEBUG Sep 18 13:18:42.517457485, watcher.go:72] Checking for runtime processes
[DEBUG Sep 18 13:19:42.517447022, watcher.go:72] Checking for runtime processes
[DEBUG Sep 18 13:20:42.517448445, watcher.go:72] Checking for runtime processes
[DEBUG Sep 18 13:21:42.517444429, watcher.go:72] Checking for runtime processes
[DEBUG Sep 18 13:22:42.517449676, watcher.go:72] Checking for runtime processes
[DEBUG Sep 18 13:23:42.517449872, watcher.go:72] Checking for runtime processes
[DEBUG Sep 18 13:24:42.517449379, watcher.go:72] Checking for runtime processes
[DEBUG Sep 18 13:25:42.517445805, watcher.go:72] Checking for runtime processes
[DEBUG Sep 18 13:26:42.517450383, watcher.go:72] Checking for runtime processes
[DEBUG Sep 18 13:27:42.517444041, watcher.go:72] Checking for runtime processes
[DEBUG Sep 18 13:28:42.517479256, watcher.go:72] Checking for runtime processes
[DEBUG Sep 18 13:29:42.517475877, watcher.go:72] Checking for runtime processes
[DEBUG Sep 18 13:30:42.517473775, watcher.go:72] Checking for runtime processes
[DEBUG Sep 18 13:31:42.517460015, watcher.go:72] Checking for runtime processes
[DEBUG Sep 18 13:32:42.517427623, watcher.go:72] Checking for runtime processes
[DEBUG Sep 18 13:33:42.517539934, watcher.go:72] Checking for runtime processes
[DEBUG Sep 18 13:34:42.517448428, watcher.go:72] Checking for runtime processes
[DEBUG Sep 18 13:35:42.517540656, watcher.go:72] Checking for runtime processes
[DEBUG Sep 18 13:36:42.517447045, watcher.go:72] Checking for runtime processes
[DEBUG Sep 18 13:37:42.517447444, watcher.go:72] Checking for runtime processes
[DEBUG Sep 18 13:38:42.517444507, watcher.go:72] Checking for runtime processes
[DEBUG Sep 18 13:39:42.517453172, watcher.go:72] Checking for runtime processes
[DEBUG Sep 18 13:40:42.517445536, watcher.go:72] Checking for runtime processes
[DEBUG Sep 18 13:41:42.517450158, watcher.go:72] Checking for runtime processes
[DEBUG Sep 18 13:42:42.517455253, watcher.go:72] Checking for runtime processes
[DEBUG Sep 18 13:43:42.517454863, watcher.go:72] Checking for runtime processes
[DEBUG Sep 18 13:44:42.517444639, watcher.go:72] Checking for runtime processes
[DEBUG Sep 18 13:45:42.517446708, watcher.go:72] Checking for runtime processes
[DEBUG Sep 18 13:46:42.517445290, watcher.go:72] Checking for runtime processes
[DEBUG Sep 18 13:47:42.517444849, watcher.go:72] Checking for runtime processes
[DEBUG Sep 18 13:48:42.517446496, watcher.go:72] Checking for runtime processes
[DEBUG Sep 18 13:49:42.517451692, watcher.go:72] Checking for runtime processes
[DEBUG Sep 18 13:50:42.517453942, watcher.go:72] Checking for runtime processes
[DEBUG Sep 18 13:51:42.517443939, watcher.go:72] Checking for runtime processes
[DEBUG Sep 18 13:52:42.517447752, watcher.go:72] Checking for runtime processes
[DEBUG Sep 18 13:53:42.517445451, watcher.go:72] Checking for runtime processes
[DEBUG Sep 18 13:54:42.517445908, watcher.go:72] Checking for runtime processes
[DEBUG Sep 18 13:55:42.517460959, watcher.go:72] Checking for runtime processes
[DEBUG Sep 18 13:56:42.517449611, watcher.go:72] Checking for runtime processes
[DEBUG Sep 18 13:57:42.517459953, watcher.go:72] Checking for runtime processes
[DEBUG Sep 18 13:58:42.517447685, watcher.go:72] Checking for runtime processes
[DEBUG Sep 18 13:59:42.517444524, watcher.go:72] Checking for runtime processes
[DEBUG Sep 18 14:00:42.517448897, watcher.go:72] Checking for runtime processes
[DEBUG Sep 18 14:01:42.517446220, watcher.go:72] Checking for runtime processes
[DEBUG Sep 18 14:02:42.517431262, watcher.go:72] Checking for runtime processes
[DEBUG Sep 18 14:03:42.517445939, watcher.go:72] Checking for runtime processes
[DEBUG Sep 18 14:04:42.517431563, watcher.go:72] Checking for runtime processes
[DEBUG Sep 18 14:05:42.517451914, watcher.go:72] Checking for runtime processes
[DEBUG Sep 18 14:06:42.517445492, watcher.go:72] Checking for runtime processes
[DEBUG Sep 18 14:07:42.517447484, watcher.go:72] Checking for runtime processes
[DEBUG Sep 18 14:08:42.517528206, watcher.go:72] Checking for runtime processes
[DEBUG Sep 18 14:09:42.517447570, watcher.go:72] Checking for runtime processes
[DEBUG Sep 18 14:10:42.517446705, watcher.go:72] Checking for runtime processes
[DEBUG Sep 18 14:11:42.517472315, watcher.go:72] Checking for runtime processes
[DEBUG Sep 18 14:12:42.517447135, watcher.go:72] Checking for runtime processes
[DEBUG Sep 18 14:13:42.517492127, watcher.go:72] Checking for runtime processes
[DEBUG Sep 18 14:14:42.517443366, watcher.go:72] Checking for runtime processes
[DEBUG Sep 18 14:15:42.517454488, watcher.go:72] Checking for runtime processes
[DEBUG Sep 18 14:16:42.517446144, watcher.go:72] Checking for runtime processes
[DEBUG Sep 18 14:17:42.517465044, watcher.go:72] Checking for runtime processes
[DEBUG Sep 18 14:18:42.517529413, watcher.go:72] Checking for runtime processes
[DEBUG Sep 18 14:19:42.517449134, watcher.go:72] Checking for runtime processes
[DEBUG Sep 18 14:20:42.517445369, watcher.go:72] Checking for runtime processes
[DEBUG Sep 18 14:21:42.517432339, watcher.go:72] Checking for runtime processes
[DEBUG Sep 18 14:22:42.517447141, watcher.go:72] Checking for runtime processes
[DEBUG Sep 18 14:23:42.517428898, watcher.go:72] Checking for runtime processes
[DEBUG Sep 18 14:24:42.517448347, watcher.go:72] Checking for runtime processes
[DEBUG Sep 18 14:25:42.517446297, watcher.go:72] Checking for runtime processes
[DEBUG Sep 18 14:26:42.517464590, watcher.go:72] Checking for runtime processes
[DEBUG Sep 18 14:27:42.517444417, watcher.go:72] Checking for runtime processes
[DEBUG Sep 18 14:28:42.517448704, watcher.go:72] Checking for runtime processes
[DEBUG Sep 18 14:29:42.517445855, watcher.go:72] Checking for runtime processes
[DEBUG Sep 18 14:30:42.517540253, watcher.go:72] Checking for runtime processes
[DEBUG Sep 18 14:31:42.517446043, watcher.go:72] Checking for runtime processes
[DEBUG Sep 18 14:32:42.517450633, watcher.go:72] Checking for runtime processes
[DEBUG Sep 18 14:33:42.517449097, watcher.go:72] Checking for runtime processes
[DEBUG Sep 18 14:34:42.517451379, watcher.go:72] Checking for runtime processes
[DEBUG Sep 18 14:35:42.517443822, watcher.go:72] Checking for runtime processes
[DEBUG Sep 18 14:36:42.517464037, watcher.go:72] Checking for runtime processes
[DEBUG Sep 18 14:37:42.517443832, watcher.go:72] Checking for runtime processes
[DEBUG Sep 18 14:38:42.517429382, watcher.go:72] Checking for runtime processes
[DEBUG Sep 18 14:39:42.517445676, watcher.go:72] Checking for runtime processes
[DEBUG Sep 18 14:40:42.517428382, watcher.go:72] Checking for runtime processes
[DEBUG Sep 18 14:41:42.517445918, watcher.go:72] Checking for runtime processes
[DEBUG Sep 18 14:42:42.517445512, watcher.go:72] Checking for runtime processes
[DEBUG Sep 18 14:43:42.517466054, watcher.go:72] Checking for runtime processes
[DEBUG Sep 18 14:44:42.517445878, watcher.go:72] Checking for runtime processes
[DEBUG Sep 18 14:45:42.517455154, watcher.go:72] Checking for runtime processes
[DEBUG Sep 18 14:46:42.517460782, watcher.go:72] Checking for runtime processes
[DEBUG Sep 18 14:47:42.517448390, watcher.go:72] Checking for runtime processes
[DEBUG Sep 18 14:48:42.517445714, watcher.go:72] Checking for runtime processes
[DEBUG Sep 18 14:49:42.517452825, watcher.go:72] Checking for runtime processes
[DEBUG Sep 18 14:50:42.517444508, watcher.go:72] Checking for runtime processes
[DEBUG Sep 18 14:51:42.517449851, watcher.go:72] Checking for runtime processes
[DEBUG Sep 18 14:52:42.517448210, watcher.go:72] Checking for runtime processes
[DEBUG Sep 18 14:53:42.517464487, watcher.go:72] Checking for runtime processes
[DEBUG Sep 18 14:54:42.517446261, watcher.go:72] Checking for runtime processes
[DEBUG Sep 18 14:55:42.517426643, watcher.go:72] Checking for runtime processes
[DEBUG Sep 18 14:56:42.517478745, watcher.go:72] Checking for runtime processes
[DEBUG Sep 18 14:57:42.517448055, watcher.go:72] Checking for runtime processes
[DEBUG Sep 18 14:58:42.517466626, watcher.go:72] Checking for runtime processes
[DEBUG Sep 18 14:59:42.517450273, watcher.go:72] Checking for runtime processes
[DEBUG Sep 18 15:00:42.517449648, watcher.go:72] Checking for runtime processes
[DEBUG Sep 18 15:01:42.517440752, watcher.go:72] Checking for runtime processes
[DEBUG Sep 18 15:02:42.517454318, watcher.go:72] Checking for runtime processes
[DEBUG Sep 18 15:03:42.517479693, watcher.go:72] Checking for runtime processes
[DEBUG Sep 18 15:04:42.517454128, watcher.go:72] Checking for runtime processes
[DEBUG Sep 18 15:05:42.517540647, watcher.go:72] Checking for runtime processes
[DEBUG Sep 18 15:06:42.517452561, watcher.go:72] Checking for runtime processes
[DEBUG Sep 18 15:07:42.517446667, watcher.go:72] Checking for runtime processes
[DEBUG Sep 18 15:08:42.517464619, watcher.go:72] Checking for runtime processes
[DEBUG Sep 18 15:09:42.517444417, watcher.go:72] Checking for runtime processes
[DEBUG Sep 18 15:10:42.517432340, watcher.go:72] Checking for runtime processes
[DEBUG Sep 18 15:11:42.517446284, watcher.go:72] Checking for runtime processes
[DEBUG Sep 18 15:12:42.517430547, watcher.go:72] Checking for runtime processes
[DEBUG Sep 18 15:13:42.517446128, watcher.go:72] Checking for runtime processes
[DEBUG Sep 18 15:14:42.517445053, watcher.go:72] Checking for runtime processes
[DEBUG Sep 18 15:15:42.517449703, watcher.go:72] Checking for runtime processes
[DEBUG Sep 18 15:16:42.517446145, watcher.go:72] Checking for runtime processes
[DEBUG Sep 18 15:17:42.517465145, watcher.go:72] Checking for runtime processes
[DEBUG Sep 18 15:18:42.517445027, watcher.go:72] Checking for runtime processes
[DEBUG Sep 18 15:19:42.517451963, watcher.go:72] Checking for runtime processes
[DEBUG Sep 18 15:20:42.517445813, watcher.go:72] Checking for runtime processes
[DEBUG Sep 18 15:21:42.517453379, watcher.go:72] Checking for runtime processes
[DEBUG Sep 18 15:22:42.517445855, watcher.go:72] Checking for runtime processes
[DEBUG Sep 18 15:23:42.517446694, watcher.go:72] Checking for runtime processes
[DEBUG Sep 18 15:24:42.517450662, watcher.go:72] Checking for runtime processes
[DEBUG Sep 18 15:25:42.517459760, watcher.go:72] Checking for runtime processes
[DEBUG Sep 18 15:26:42.517530975, watcher.go:72] Checking for runtime processes
[DEBUG Sep 18 15:27:42.517443504, watcher.go:72] Checking for runtime processes
[DEBUG Sep 18 15:28:42.517469138, watcher.go:72] Checking for runtime processes
[DEBUG Sep 18 15:29:42.517430081, watcher.go:72] Checking for runtime processes
[DEBUG Sep 18 15:30:42.517476358, watcher.go:72] Checking for runtime processes
[DEBUG Sep 18 15:31:42.517473854, watcher.go:72] Checking for runtime processes
[DEBUG Sep 18 15:32:42.517449510, watcher.go:72] Checking for runtime processes
[DEBUG Sep 18 15:33:42.517440686, watcher.go:72] Checking for runtime processes
[DEBUG Sep 18 15:34:42.517449843, watcher.go:72] Checking for runtime processes
[DEBUG Sep 18 15:35:42.517460642, watcher.go:72] Checking for runtime processes
[DEBUG Sep 18 15:36:42.517449847, watcher.go:72] Checking for runtime processes
[DEBUG Sep 18 15:37:42.517445699, watcher.go:72] Checking for runtime processes
[DEBUG Sep 18 15:38:42.517449450, watcher.go:72] Checking for runtime processes
[DEBUG Sep 18 15:39:42.517460569, watcher.go:72] Checking for runtime processes
[DEBUG Sep 18 15:40:42.517446979, watcher.go:72] Checking for runtime processes
[DEBUG Sep 18 15:41:42.517443755, watcher.go:72] Checking for runtime processes
[DEBUG Sep 18 15:42:42.517424420, watcher.go:72] Checking for runtime processes
[DEBUG Sep 18 15:43:42.517471709, watcher.go:72] Checking for runtime processes
[DEBUG Sep 18 15:44:42.517429644, watcher.go:72] Checking for runtime processes
[DEBUG Sep 18 15:45:42.517446092, watcher.go:72] Checking for runtime processes
[DEBUG Sep 18 15:46:42.517496281, watcher.go:72] Checking for runtime processes
[DEBUG Sep 18 15:47:42.517449472, watcher.go:72] Checking for runtime processes
[DEBUG Sep 18 15:48:42.517450108, watcher.go:72] Checking for runtime processes
[DEBUG Sep 18 15:49:42.517468635, watcher.go:72] Checking for runtime processes
[DEBUG Sep 18 15:50:42.517556461, watcher.go:72] Checking for runtime processes
[DEBUG Sep 18 15:51:42.517447652, watcher.go:72] Checking for runtime processes
[DEBUG Sep 18 15:52:42.517443997, watcher.go:72] Checking for runtime processes
[DEBUG Sep 18 15:53:42.517452391, watcher.go:72] Checking for runtime processes
[DEBUG Sep 18 15:54:42.517462731, watcher.go:72] Checking for runtime processes
[DEBUG Sep 18 15:55:42.517450153, watcher.go:72] Checking for runtime processes
[DEBUG Sep 18 15:56:42.517444994, watcher.go:72] Checking for runtime processes
[DEBUG Sep 18 15:57:42.517431113, watcher.go:72] Checking for runtime processes
[DEBUG Sep 18 15:58:42.517445115, watcher.go:72] Checking for runtime processes
[DEBUG Sep 18 15:59:42.517473147, watcher.go:72] Checking for runtime processes
[DEBUG Sep 18 16:00:42.517482076, watcher.go:72] Checking for runtime processes
[DEBUG Sep 18 16:01:42.517470840, watcher.go:72] Checking for runtime processes
[DEBUG Sep 18 16:02:42.517454202, watcher.go:72] Checking for runtime processes
[DEBUG Sep 18 16:03:42.517447418, watcher.go:72] Checking for runtime processes
[DEBUG Sep 18 16:04:42.517466450, watcher.go:72] Checking for runtime processes
[DEBUG Sep 18 16:05:42.517452952, watcher.go:72] Checking for runtime processes
[DEBUG Sep 18 16:06:42.517450723, watcher.go:72] Checking for runtime processes
[DEBUG Sep 18 16:07:42.517466005, watcher.go:72] Checking for runtime processes
[DEBUG Sep 18 16:08:42.517462933, watcher.go:72] Checking for runtime processes
[DEBUG Sep 18 16:09:42.517444451, watcher.go:72] Checking for runtime processes
[DEBUG Sep 18 16:10:42.517451877, watcher.go:72] Checking for runtime processes
[DEBUG Sep 18 16:11:42.517445399, watcher.go:72] Checking for runtime processes
[DEBUG Sep 18 16:12:42.517446351, watcher.go:72] Checking for runtime processes
[DEBUG Sep 18 16:13:42.517450703, watcher.go:72] Checking for runtime processes
[DEBUG Sep 18 16:14:42.517429182, watcher.go:72] Checking for runtime processes
[DEBUG Sep 18 16:15:42.517447636, watcher.go:72] Checking for runtime processes
[DEBUG Sep 18 16:16:42.517443348, watcher.go:72] Checking for runtime processes
[DEBUG Sep 18 16:17:42.517452202, watcher.go:72] Checking for runtime processes
[DEBUG Sep 18 16:18:42.517447435, watcher.go:72] Checking for runtime processes
[DEBUG Sep 18 16:19:42.517449278, watcher.go:72] Checking for runtime processes
[DEBUG Sep 18 16:20:42.517455507, watcher.go:72] Checking for runtime processes
[DEBUG Sep 18 16:21:42.517447864, watcher.go:72] Checking for runtime processes
[DEBUG Sep 18 16:22:42.517580010, watcher.go:72] Checking for runtime processes
[DEBUG Sep 18 16:23:42.517464816, watcher.go:72] Checking for runtime processes
[DEBUG Sep 18 16:24:42.517444623, watcher.go:72] Checking for runtime processes
[DEBUG Sep 18 16:25:42.517447275, watcher.go:72] Checking for runtime processes
[DEBUG Sep 18 16:26:42.517536428, watcher.go:72] Checking for runtime processes
[DEBUG Sep 18 16:27:42.517540215, watcher.go:72] Checking for runtime processes
[DEBUG Sep 18 16:28:42.517441752, watcher.go:72] Checking for runtime processes
[DEBUG Sep 18 16:29:42.517428850, watcher.go:72] Checking for runtime processes
[DEBUG Sep 18 16:30:42.517460926, watcher.go:72] Checking for runtime processes
[DEBUG Sep 18 16:31:42.517443800, watcher.go:72] Checking for runtime processes
[DEBUG Sep 18 16:32:42.517449587, watcher.go:72] Checking for runtime processes
[DEBUG Sep 18 16:33:42.517444352, watcher.go:72] Checking for runtime processes
[DEBUG Sep 18 16:34:42.517446753, watcher.go:72] Checking for runtime processes
[DEBUG Sep 18 16:35:42.517459535, watcher.go:72] Checking for runtime processes
[DEBUG Sep 18 16:36:42.517448831, watcher.go:72] Checking for runtime processes
[DEBUG Sep 18 16:37:42.517445617, watcher.go:72] Checking for runtime processes
[DEBUG Sep 18 16:38:42.517447963, watcher.go:72] Checking for runtime processes
[DEBUG Sep 18 16:39:42.517444329, watcher.go:72] Checking for runtime processes
[DEBUG Sep 18 16:40:42.517451469, watcher.go:72] Checking for runtime processes
[DEBUG Sep 18 16:41:42.517449445, watcher.go:72] Checking for runtime processes
[DEBUG Sep 18 16:42:42.517428334, watcher.go:72] Checking for runtime processes
[DEBUG Sep 18 16:43:42.517445846, watcher.go:72] Checking for runtime processes
[DEBUG Sep 18 16:44:42.517428512, watcher.go:72] Checking for runtime processes
[DEBUG Sep 18 16:45:42.517455390, watcher.go:72] Checking for runtime processes
[DEBUG Sep 18 16:46:42.517447711, watcher.go:72] Checking for runtime processes
[DEBUG Sep 18 16:47:42.517460583, watcher.go:72] Checking for runtime processes
[DEBUG Sep 18 16:48:42.517445329, watcher.go:72] Checking for runtime processes
[DEBUG Sep 18 16:49:42.517569121, watcher.go:72] Checking for runtime processes
[DEBUG Sep 18 16:50:42.517444297, watcher.go:72] Checking for runtime processes
[DEBUG Sep 18 16:51:42.517463230, watcher.go:72] Checking for runtime processes
[DEBUG Sep 18 16:52:42.517445211, watcher.go:72] Checking for runtime processes
[DEBUG Sep 18 16:53:42.517449301, watcher.go:72] Checking for runtime processes
[DEBUG Sep 18 16:54:42.517450337, watcher.go:72] Checking for runtime processes
[DEBUG Sep 18 16:55:42.517448377, watcher.go:72] Checking for runtime processes
[DEBUG Sep 18 16:56:42.517629073, watcher.go:72] Checking for runtime processes
[DEBUG Sep 18 16:57:42.517431424, watcher.go:72] Checking for runtime processes
[DEBUG Sep 18 16:58:42.517463331, watcher.go:72] Checking for runtime processes
[DEBUG Sep 18 16:59:42.517428699, watcher.go:72] Checking for runtime processes
[DEBUG Sep 18 17:00:42.517570719, watcher.go:72] Checking for runtime processes
[DEBUG Sep 18 17:01:42.517475020, watcher.go:72] Checking for runtime processes
[DEBUG Sep 18 17:02:42.517451941, watcher.go:72] Checking for runtime processes
[DEBUG Sep 18 17:03:42.517444705, watcher.go:72] Checking for runtime processes
[DEBUG Sep 18 17:04:42.517594796, watcher.go:72] Checking for runtime processes
[DEBUG Sep 18 17:05:42.517451470, watcher.go:72] Checking for runtime processes
[DEBUG Sep 18 17:06:42.517451200, watcher.go:72] Checking for runtime processes
[DEBUG Sep 18 17:07:42.517446664, watcher.go:72] Checking for runtime processes
[DEBUG Sep 18 17:08:42.517464841, watcher.go:72] Checking for runtime processes
[DEBUG Sep 18 17:09:42.517459628, watcher.go:72] Checking for runtime processes
[DEBUG Sep 18 17:10:42.517477683, watcher.go:72] Checking for runtime processes
[DEBUG Sep 18 17:11:42.517561894, watcher.go:72] Checking for runtime processes
[DEBUG Sep 18 17:12:42.517429965, watcher.go:72] Checking for runtime processes
[DEBUG Sep 18 17:13:42.517472972, watcher.go:72] Checking for runtime processes
[DEBUG Sep 18 17:14:42.517428050, watcher.go:72] Checking for runtime processes
[DEBUG Sep 18 17:15:42.517446430, watcher.go:72] Checking for runtime processes
[DEBUG Sep 18 17:16:42.517447293, watcher.go:72] Checking for runtime processes
[DEBUG Sep 18 17:17:42.517449866, watcher.go:72] Checking for runtime processes
[DEBUG Sep 18 17:18:42.517458326, watcher.go:72] Checking for runtime processes
[DEBUG Sep 18 17:19:42.517730047, watcher.go:72] Checking for runtime processes
[DEBUG Sep 18 17:20:42.517445987, watcher.go:72] Checking for runtime processes
[DEBUG Sep 18 17:21:42.517469630, watcher.go:72] Checking for runtime processes
[DEBUG Sep 18 17:22:42.517443535, watcher.go:72] Checking for runtime processes
[DEBUG Sep 18 17:23:42.517450705, watcher.go:72] Checking for runtime processes
[DEBUG Sep 18 17:24:42.517444092, watcher.go:72] Checking for runtime processes
[DEBUG Sep 18 17:25:42.517501668, watcher.go:72] Checking for runtime processes
[DEBUG Sep 18 17:26:42.517448294, watcher.go:72] Checking for runtime processes
[DEBUG Sep 18 17:27:42.517459794, watcher.go:72] Checking for runtime processes
[DEBUG Sep 18 17:28:42.517563253, watcher.go:72] Checking for runtime processes
[DEBUG Sep 18 17:29:42.517445685, watcher.go:72] Checking for runtime processes
[DEBUG Sep 18 17:30:42.517448642, watcher.go:72] Checking for runtime processes
[DEBUG Sep 18 17:31:42.517443784, watcher.go:72] Checking for runtime processes
[DEBUG Sep 18 17:32:42.517452950, watcher.go:72] Checking for runtime processes
[DEBUG Sep 18 17:33:42.517452105, watcher.go:72] Checking for runtime processes
[DEBUG Sep 18 17:34:42.517469222, watcher.go:72] Checking for runtime processes
[DEBUG Sep 18 17:35:42.517445516, watcher.go:72] Checking for runtime processes
[DEBUG Sep 18 17:36:42.517448315, watcher.go:72] Checking for runtime processes
[DEBUG Sep 18 17:37:42.517448297, watcher.go:72] Checking for runtime processes
[DEBUG Sep 18 17:38:42.517529122, watcher.go:72] Checking for runtime processes
[DEBUG Sep 18 17:39:42.517453274, watcher.go:72] Checking for runtime processes
[DEBUG Sep 18 17:40:42.517457661, watcher.go:72] Checking for runtime processes
[DEBUG Sep 18 17:41:42.517457579, watcher.go:72] Checking for runtime processes
[DEBUG Sep 18 17:42:42.517443462, watcher.go:72] Checking for runtime processes
[DEBUG Sep 18 17:43:42.517455420, watcher.go:72] Checking for runtime processes
[DEBUG Sep 18 17:44:42.517430571, watcher.go:72] Checking for runtime processes
[DEBUG Sep 18 17:45:42.517466298, watcher.go:72] Checking for runtime processes
[DEBUG Sep 18 17:46:42.517453437, watcher.go:72] Checking for runtime processes
[DEBUG Sep 18 17:47:42.517457401, watcher.go:72] Checking for runtime processes
[DEBUG Sep 18 17:48:42.517452145, watcher.go:72] Checking for runtime processes
[DEBUG Sep 18 17:49:42.517466837, watcher.go:72] Checking for runtime processes
[DEBUG Sep 18 17:50:42.517450681, watcher.go:72] Checking for runtime processes
[DEBUG Sep 18 17:51:42.517457456, watcher.go:72] Checking for runtime processes
[DEBUG Sep 18 17:52:42.517452060, watcher.go:72] Checking for runtime processes
[DEBUG Sep 18 17:53:42.517624236, watcher.go:72] Checking for runtime processes
[DEBUG Sep 18 17:54:42.517453489, watcher.go:72] Checking for runtime processes
[DEBUG Sep 18 17:55:42.517464241, watcher.go:72] Checking for runtime processes
[DEBUG Sep 18 17:56:42.517454904, watcher.go:72] Checking for runtime processes
[DEBUG Sep 18 17:57:42.517452799, watcher.go:72] Checking for runtime processes
[DEBUG Sep 18 17:58:42.517453234, watcher.go:72] Checking for runtime processes
[DEBUG Sep 18 17:59:42.517433248, watcher.go:72] Checking for runtime processes
[DEBUG Sep 18 18:00:42.517453666, watcher.go:72] Checking for runtime processes
[DEBUG Sep 18 18:01:42.517456721, watcher.go:72] Checking for runtime processes
[DEBUG Sep 18 18:02:42.517544874, watcher.go:72] Checking for runtime processes
[DEBUG Sep 18 18:03:42.517478033, watcher.go:72] Checking for runtime processes
[DEBUG Sep 18 18:04:42.517470127, watcher.go:72] Checking for runtime processes
[DEBUG Sep 18 18:05:42.517523224, watcher.go:72] Checking for runtime processes
[DEBUG Sep 18 18:06:42.517456455, watcher.go:72] Checking for runtime processes
[DEBUG Sep 18 18:07:42.517455892, watcher.go:72] Checking for runtime processes
[DEBUG Sep 18 18:08:42.517459372, watcher.go:72] Checking for runtime processes
[DEBUG Sep 18 18:09:42.517453577, watcher.go:72] Checking for runtime processes
[DEBUG Sep 18 18:10:42.517455673, watcher.go:72] Checking for runtime processes
[DEBUG Sep 18 18:11:42.517466811, watcher.go:72] Checking for runtime processes
[DEBUG Sep 18 18:12:42.517442386, watcher.go:72] Checking for runtime processes
[DEBUG Sep 18 18:13:42.517470477, watcher.go:72] Checking for runtime processes
[DEBUG Sep 18 18:14:42.517463072, watcher.go:72] Checking for runtime processes
[DEBUG Sep 18 18:15:42.517462607, watcher.go:72] Checking for runtime processes
[DEBUG Sep 18 18:16:42.517455865, watcher.go:72] Checking for runtime processes
[DEBUG Sep 18 18:17:42.517495362, watcher.go:72] Checking for runtime processes
