[DEBUG Aug  2 08:07:20.028474915, defaults.go:273] Args: [/home1/wangfeim/.local/ActiveState/StateTool/release/bin/state-svc start]
[DEBUG Aug  2 08:07:20.042828487, locale.go:38] Init
[DEBUG Aug  2 08:07:20.109202674, errs.go:68] Created error: File could not be found
[DEBUG Aug  2 08:07:20.112014093, errs.go:68] Created error: Not Recognized
[DEBUG Aug  2 08:07:20.132443817, errs.go:68] Created error: Secret not found
[DEBUG Aug  2 08:07:20.132548369, errs.go:68] Created error: Could not save keypair
[DEBUG Aug  2 08:07:20.133442758, errs.go:68] Created error: Build responded with error
[DEBUG Aug  2 08:07:20.133575404, errs.go:68] Created error: Unknown build type
[DEBUG Aug  2 08:07:20.133982524, errors.go:86] Wrapped localized error: <nil> -- with: The installed version of the State Tool Service does not match that of the client.
Please stop the service with [ACTIONABLE]state-svc stop[/RESET] and try your command again.
If this issue persists please reinstall the State Tool.

[DEBUG Aug  2 08:07:20.134046933, errs.go:68] Created error: no data
[DEBUG Aug  2 08:07:20.134262249, errs.go:68] Created error: member not found
[DEBUG Aug  2 08:07:20.134299840, errs.go:68] Created error: Commit count is unknowable
[DEBUG Aug  2 08:07:20.134331570, errs.go:68] Created error: No merge required
[DEBUG Aug  2 08:07:20.134361275, errs.go:68] Created error: Can't merge commit thats already in target commits history
[DEBUG Aug  2 08:07:20.134391827, errs.go:68] Created error: Bad expander name
[DEBUG Aug  2 08:07:20.134418576, errs.go:68] Created error: Expander has no handler
[DEBUG Aug  2 08:07:20.135955631, errs.go:68] Created error: Service is already running
[DEBUG Aug  2 08:07:20.190453628, secrets.go:35] Gcloud Secretmanager failed to initialize (ignore if you're not trying to use gcloud): google: could not find default credentials. See https://developers.google.com/accounts/docs/application-default-credentials for more information.
[DEBUG Aug  2 08:07:20.194077355, output.go:53] Requested outputer for 
[DEBUG Aug  2 08:07:20.194099552, output.go:58] Using Plain outputer
[DEBUG Aug  2 08:07:20.194181409, termutils.go:17] Cannot get terminal size: inappropriate ioctl for device
[DEBUG Aug  2 08:07:20.194265172, client.go:128] Reporting event to 2 reporters: run-command, state-svc start, 
[DEBUG Aug  2 08:07:20.194411427, main.go:107] Running CmdStart
[DEBUG Aug  2 08:07:20.200130329, errs.go:75] Wrapped error: Service is already running -- with: valueF failed
[DEBUG Aug  2 08:07:20.200196113, errs.go:75] Wrapped error: valueF failed -- with: Could not store pid
[DEBUG Aug  2 08:07:20.200272532, errors.go:113] Wrapped input error: Could not store pid -- with: A State Service instance is already running in the background.
[DEBUG Aug  2 08:07:20.200287038, errs.go:75] Wrapped error: A State Service instance is already running in the background. -- with: Could not start serviceManager
[DEBUG Aug  2 08:07:20.200372553, client.go:128] Reporting event to 2 reporters: command-exit, state-svc start, 1
[DEBUG Aug  2 08:07:20.581330223, errs.go:75] Wrapped error: <nil> -- with: Could not start serviceManager: A State Service instance is already running in the background.: Could not store pid: valueF failed: Service is already running
[DEBUG Aug  2 08:07:20.581413402, main.go:61] state-svc errored out due to input: Could not start serviceManager: A State Service instance is already running in the background.: Could not store pid: valueF failed: Service is already running
