[DEBUG Aug  2 07:43:13.904670655, defaults.go:273] Args: [/home1/wangfeim/.local/ActiveState/StateTool/release/bin/state-svc start]
[DEBUG Aug  2 07:43:13.918894265, locale.go:38] Init
[DEBUG Aug  2 07:43:13.995471384, errs.go:68] Created error: File could not be found
[DEBUG Aug  2 07:43:13.998145134, errs.go:68] Created error: Not Recognized
[DEBUG Aug  2 07:43:14.019762101, errs.go:68] Created error: Secret not found
[DEBUG Aug  2 07:43:14.019814141, errs.go:68] Created error: Could not save keypair
[DEBUG Aug  2 07:43:14.019987502, errs.go:68] Created error: Build responded with error
[DEBUG Aug  2 07:43:14.020016570, errs.go:68] Created error: Unknown build type
[DEBUG Aug  2 07:43:14.020150371, errors.go:86] Wrapped localized error: <nil> -- with: The installed version of the State Tool Service does not match that of the client.
Please stop the service with [ACTIONABLE]state-svc stop[/RESET] and try your command again.
If this issue persists please reinstall the State Tool.

[DEBUG Aug  2 07:43:14.020165593, errs.go:68] Created error: no data
[DEBUG Aug  2 07:43:14.020193407, errs.go:68] Created error: member not found
[DEBUG Aug  2 07:43:14.020226752, errs.go:68] Created error: Commit count is unknowable
[DEBUG Aug  2 07:43:14.020251225, errs.go:68] Created error: No merge required
[DEBUG Aug  2 07:43:14.020274258, errs.go:68] Created error: Can't merge commit thats already in target commits history
[DEBUG Aug  2 07:43:14.020298125, errs.go:68] Created error: Bad expander name
[DEBUG Aug  2 07:43:14.020321152, errs.go:68] Created error: Expander has no handler
[DEBUG Aug  2 07:43:14.021489492, errs.go:68] Created error: Service is already running
[DEBUG Aug  2 07:43:14.095046804, secrets.go:35] Gcloud Secretmanager failed to initialize (ignore if you're not trying to use gcloud): google: could not find default credentials. See https://developers.google.com/accounts/docs/application-default-credentials for more information.
[DEBUG Aug  2 07:43:14.098858814, output.go:53] Requested outputer for 
[DEBUG Aug  2 07:43:14.098880346, output.go:58] Using Plain outputer
[DEBUG Aug  2 07:43:14.098956767, termutils.go:17] Cannot get terminal size: inappropriate ioctl for device
[DEBUG Aug  2 07:43:14.099046841, client.go:128] Reporting event to 2 reporters: run-command, state-svc start, 
[DEBUG Aug  2 07:43:14.099135719, main.go:107] Running CmdStart
[DEBUG Aug  2 07:43:14.105297562, errs.go:75] Wrapped error: Service is already running -- with: valueF failed
[DEBUG Aug  2 07:43:14.105364161, errs.go:75] Wrapped error: valueF failed -- with: Could not store pid
[DEBUG Aug  2 07:43:14.105439535, errors.go:113] Wrapped input error: Could not store pid -- with: A State Service instance is already running in the background.
[DEBUG Aug  2 07:43:14.105460613, errs.go:75] Wrapped error: A State Service instance is already running in the background. -- with: Could not start serviceManager
[DEBUG Aug  2 07:43:14.105557496, client.go:128] Reporting event to 2 reporters: command-exit, state-svc start, 1
[DEBUG Aug  2 07:43:14.484850695, errs.go:75] Wrapped error: <nil> -- with: Could not start serviceManager: A State Service instance is already running in the background.: Could not store pid: valueF failed: Service is already running
[DEBUG Aug  2 07:43:14.484924080, main.go:61] state-svc errored out due to input: Could not start serviceManager: A State Service instance is already running in the background.: Could not store pid: valueF failed: Service is already running
