[DEBUG Aug  2 07:44:29.204277171, defaults.go:273] Args: [/home1/wangfeim/.local/ActiveState/StateTool/release/bin/state-svc start]
[DEBUG Aug  2 07:44:29.218131548, locale.go:38] Init
[DEBUG Aug  2 07:44:29.350424336, errs.go:68] Created error: File could not be found
[DEBUG Aug  2 07:44:29.353470208, errs.go:68] Created error: Not Recognized
[DEBUG Aug  2 07:44:29.392817574, errs.go:68] Created error: Secret not found
[DEBUG Aug  2 07:44:29.392878982, errs.go:68] Created error: Could not save keypair
[DEBUG Aug  2 07:44:29.393081514, errs.go:68] Created error: Build responded with error
[DEBUG Aug  2 07:44:29.393112880, errs.go:68] Created error: Unknown build type
[DEBUG Aug  2 07:44:29.393248333, errors.go:86] Wrapped localized error: <nil> -- with: The installed version of the State Tool Service does not match that of the client.
Please stop the service with [ACTIONABLE]state-svc stop[/RESET] and try your command again.
If this issue persists please reinstall the State Tool.

[DEBUG Aug  2 07:44:29.393271799, errs.go:68] Created error: no data
[DEBUG Aug  2 07:44:29.393297665, errs.go:68] Created error: member not found
[DEBUG Aug  2 07:44:29.393321501, errs.go:68] Created error: Commit count is unknowable
[DEBUG Aug  2 07:44:29.393345283, errs.go:68] Created error: No merge required
[DEBUG Aug  2 07:44:29.393368134, errs.go:68] Created error: Can't merge commit thats already in target commits history
[DEBUG Aug  2 07:44:29.393392007, errs.go:68] Created error: Bad expander name
[DEBUG Aug  2 07:44:29.393420762, errs.go:68] Created error: Expander has no handler
[DEBUG Aug  2 07:44:29.394586508, errs.go:68] Created error: Service is already running
[DEBUG Aug  2 07:44:29.424951370, secrets.go:35] Gcloud Secretmanager failed to initialize (ignore if you're not trying to use gcloud): google: could not find default credentials. See https://developers.google.com/accounts/docs/application-default-credentials for more information.
[DEBUG Aug  2 07:44:29.427934935, output.go:53] Requested outputer for 
[DEBUG Aug  2 07:44:29.427958881, output.go:58] Using Plain outputer
[DEBUG Aug  2 07:44:29.428040725, termutils.go:17] Cannot get terminal size: inappropriate ioctl for device
[DEBUG Aug  2 07:44:29.428136239, client.go:128] Reporting event to 2 reporters: run-command, state-svc start, 
[DEBUG Aug  2 07:44:29.428172817, main.go:107] Running CmdStart
[DEBUG Aug  2 07:44:29.433894155, errs.go:75] Wrapped error: Service is already running -- with: valueF failed
[DEBUG Aug  2 07:44:29.433957659, errs.go:75] Wrapped error: valueF failed -- with: Could not store pid
[DEBUG Aug  2 07:44:29.434032171, errors.go:113] Wrapped input error: Could not store pid -- with: A State Service instance is already running in the background.
[DEBUG Aug  2 07:44:29.434046804, errs.go:75] Wrapped error: A State Service instance is already running in the background. -- with: Could not start serviceManager
[DEBUG Aug  2 07:44:29.434113422, client.go:128] Reporting event to 2 reporters: command-exit, state-svc start, 1
[DEBUG Aug  2 07:44:29.785242976, errs.go:75] Wrapped error: <nil> -- with: Could not start serviceManager: A State Service instance is already running in the background.: Could not store pid: valueF failed: Service is already running
[DEBUG Aug  2 07:44:29.785326148, main.go:61] state-svc errored out due to input: Could not start serviceManager: A State Service instance is already running in the background.: Could not store pid: valueF failed: Service is already running
