[DEBUG Sep 17 19:20:54.031049383, defaults.go:273] Args: [/home1/wangfeim/.local/ActiveState/StateTool/release/bin/state-svc foreground]
[DEBUG Sep 17 19:20:54.042914661, locale.go:38] Init
[DEBUG Sep 17 19:20:54.074889870, errs.go:68] Created error: File could not be found
[DEBUG Sep 17 19:20:54.077214771, errs.go:68] Created error: Not Recognized
[DEBUG Sep 17 19:20:54.096004931, errs.go:68] Created error: Secret not found
[DEBUG Sep 17 19:20:54.096038757, errs.go:68] Created error: Could not save keypair
[DEBUG Sep 17 19:20:54.096179517, errs.go:68] Created error: Build responded with error
[DEBUG Sep 17 19:20:54.096208195, errs.go:68] Created error: Unknown build type
[DEBUG Sep 17 19:20:54.096295800, errors.go:86] Wrapped localized error: <nil> -- with: The installed version of the State Tool Service does not match that of the client.
Please stop the service with [ACTIONABLE]state-svc stop[/RESET] and try your command again.
If this issue persists please reinstall the State Tool.

[DEBUG Sep 17 19:20:54.096308731, errs.go:68] Created error: no data
[DEBUG Sep 17 19:20:54.096326564, errs.go:68] Created error: member not found
[DEBUG Sep 17 19:20:54.096342294, errs.go:68] Created error: Commit count is unknowable
[DEBUG Sep 17 19:20:54.096357729, errs.go:68] Created error: No merge required
[DEBUG Sep 17 19:20:54.096372858, errs.go:68] Created error: Can't merge commit thats already in target commits history
[DEBUG Sep 17 19:20:54.096389965, errs.go:68] Created error: Bad expander name
[DEBUG Sep 17 19:20:54.096405404, errs.go:68] Created error: Expander has no handler
[DEBUG Sep 17 19:20:54.097191960, errs.go:68] Created error: Service is already running
[DEBUG Sep 17 19:20:54.135256878, secrets.go:35] Gcloud Secretmanager failed to initialize (ignore if you're not trying to use gcloud): google: could not find default credentials. See https://developers.google.com/accounts/docs/application-default-credentials for more information.
[DEBUG Sep 17 19:20:54.139326516, output.go:53] Requested outputer for 
[DEBUG Sep 17 19:20:54.139344206, output.go:58] Using Plain outputer
[DEBUG Sep 17 19:20:54.139441110, termutils.go:17] Cannot get terminal size: inappropriate ioctl for device
[DEBUG Sep 17 19:20:54.139542756, main.go:137] Running CmdForeground
[DEBUG Sep 17 19:20:54.139557079, main.go:147] Running in Foreground
[DEBUG Sep 17 19:20:54.139593059, client.go:128] Reporting event to 2 reporters: run-command, state-svc foreground, 
[DEBUG Sep 17 19:20:54.139791454, service.go:30] service:Start
[DEBUG Sep 17 19:20:54.147373599, service.go:42] Server starting on port: 35417
[DEBUG Sep 17 19:20:54.147491658, client.go:128] Reporting event to 2 reporters: state-svc, start, 
[DEBUG Sep 17 19:20:54.273709798, resolver.go:57] Version resolver
[DEBUG Sep 17 19:20:54.274148408, client.go:128] Reporting event to 2 reporters: state-svc, endpoint, Version
[DEBUG Sep 17 19:20:54.275915881, resolver.go:121] Analytics event resolver
[DEBUG Sep 17 19:20:54.276152946, client.go:128] Reporting event to 2 reporters: runtime, cache, 
[DEBUG Sep 17 19:20:54.284959568, resolver.go:57] Version resolver
[DEBUG Sep 17 19:20:54.285394948, client.go:128] Reporting event to 2 reporters: state-svc, endpoint, Version
[DEBUG Sep 17 19:20:54.287215737, resolver.go:121] Analytics event resolver
[DEBUG Sep 17 19:20:54.287435602, client.go:128] Reporting event to 2 reporters: runtime, start, 
[DEBUG Sep 17 19:20:54.287600348, resolver.go:57] Version resolver
[DEBUG Sep 17 19:20:54.287991251, client.go:128] Reporting event to 2 reporters: state-svc, endpoint, Version
[DEBUG Sep 17 19:20:54.288220424, resolver.go:121] Analytics event resolver
[DEBUG Sep 17 19:20:54.288425404, client.go:128] Reporting event to 2 reporters: run-command, exec, 
[DEBUG Sep 17 19:20:54.289037455, resolver.go:57] Version resolver
[DEBUG Sep 17 19:20:54.289210210, client.go:128] Reporting event to 2 reporters: state-svc, endpoint, Version
[DEBUG Sep 17 19:20:54.290699783, resolver.go:121] Analytics event resolver
[DEBUG Sep 17 19:20:54.290880311, client.go:128] Reporting event to 2 reporters: runtime, success, 
[DEBUG Sep 17 19:21:54.148251596, watcher.go:72] Checking for runtime processes
[DEBUG Sep 17 19:22:54.148076514, watcher.go:72] Checking for runtime processes
[DEBUG Sep 17 19:23:54.148187047, watcher.go:72] Checking for runtime processes
[DEBUG Sep 17 19:24:54.148118760, watcher.go:72] Checking for runtime processes
[DEBUG Sep 17 19:25:54.148126660, watcher.go:72] Checking for runtime processes
[DEBUG Sep 17 19:26:54.148135140, watcher.go:72] Checking for runtime processes
[DEBUG Sep 17 19:27:54.148325722, watcher.go:72] Checking for runtime processes
[DEBUG Sep 17 19:28:54.148019124, watcher.go:72] Checking for runtime processes
[DEBUG Sep 17 19:29:54.148119308, watcher.go:72] Checking for runtime processes
[DEBUG Sep 17 19:30:54.148318579, watcher.go:72] Checking for runtime processes
[DEBUG Sep 17 19:31:54.148185993, watcher.go:72] Checking for runtime processes
[DEBUG Sep 17 19:32:54.148223613, watcher.go:72] Checking for runtime processes
[DEBUG Sep 17 19:33:54.148028625, watcher.go:72] Checking for runtime processes
[DEBUG Sep 17 19:34:54.148120807, watcher.go:72] Checking for runtime processes
[DEBUG Sep 17 19:35:54.147851139, watcher.go:72] Checking for runtime processes
[DEBUG Sep 17 19:36:54.148228874, watcher.go:72] Checking for runtime processes
[DEBUG Sep 17 19:37:54.148063483, watcher.go:72] Checking for runtime processes
[DEBUG Sep 17 19:38:54.148515266, watcher.go:72] Checking for runtime processes
[DEBUG Sep 17 19:39:54.147984437, watcher.go:72] Checking for runtime processes
[DEBUG Sep 17 19:40:54.148044647, watcher.go:72] Checking for runtime processes
[DEBUG Sep 17 19:41:54.148182758, watcher.go:72] Checking for runtime processes
[DEBUG Sep 17 19:42:54.148140854, watcher.go:72] Checking for runtime processes
[DEBUG Sep 17 19:43:54.148447532, watcher.go:72] Checking for runtime processes
[DEBUG Sep 17 19:44:54.148305267, watcher.go:72] Checking for runtime processes
[DEBUG Sep 17 19:45:54.148416065, watcher.go:72] Checking for runtime processes
[DEBUG Sep 17 19:46:54.148106265, watcher.go:72] Checking for runtime processes
[DEBUG Sep 17 19:47:54.148217518, watcher.go:72] Checking for runtime processes
[DEBUG Sep 17 19:48:54.147916895, watcher.go:72] Checking for runtime processes
[DEBUG Sep 17 19:49:54.148057737, watcher.go:72] Checking for runtime processes
[DEBUG Sep 17 19:50:54.147884388, watcher.go:72] Checking for runtime processes
[DEBUG Sep 17 19:51:54.148081327, watcher.go:72] Checking for runtime processes
[DEBUG Sep 17 19:52:54.148483155, watcher.go:72] Checking for runtime processes
[DEBUG Sep 17 19:53:54.148052048, watcher.go:72] Checking for runtime processes
[DEBUG Sep 17 19:54:54.148138162, watcher.go:72] Checking for runtime processes
[DEBUG Sep 17 19:55:54.148475445, watcher.go:72] Checking for runtime processes
[DEBUG Sep 17 19:56:54.148251213, watcher.go:72] Checking for runtime processes
[DEBUG Sep 17 19:57:54.148159176, watcher.go:72] Checking for runtime processes
[DEBUG Sep 17 19:58:54.148407416, watcher.go:72] Checking for runtime processes
[DEBUG Sep 17 19:59:54.148459734, watcher.go:72] Checking for runtime processes
[DEBUG Sep 17 20:00:54.148550437, watcher.go:72] Checking for runtime processes
[DEBUG Sep 17 20:01:54.148122746, watcher.go:72] Checking for runtime processes
[DEBUG Sep 17 20:02:54.148223215, watcher.go:72] Checking for runtime processes
[DEBUG Sep 17 20:03:54.147930125, watcher.go:72] Checking for runtime processes
[DEBUG Sep 17 20:04:54.148269783, watcher.go:72] Checking for runtime processes
[DEBUG Sep 17 20:05:54.148256407, watcher.go:72] Checking for runtime processes
[DEBUG Sep 17 20:06:54.148144224, watcher.go:72] Checking for runtime processes
[DEBUG Sep 17 20:07:54.148040694, watcher.go:72] Checking for runtime processes
[DEBUG Sep 17 20:08:54.148396638, watcher.go:72] Checking for runtime processes
[DEBUG Sep 17 20:09:54.148334277, watcher.go:72] Checking for runtime processes
[DEBUG Sep 17 20:10:54.148426708, watcher.go:72] Checking for runtime processes
[DEBUG Sep 17 20:11:54.148459247, watcher.go:72] Checking for runtime processes
[DEBUG Sep 17 20:12:54.148068546, watcher.go:72] Checking for runtime processes
[DEBUG Sep 17 20:13:54.148704832, watcher.go:72] Checking for runtime processes
[DEBUG Sep 17 20:14:54.148061962, watcher.go:72] Checking for runtime processes
[DEBUG Sep 17 20:15:54.148139431, watcher.go:72] Checking for runtime processes
[DEBUG Sep 17 20:16:54.148240782, watcher.go:72] Checking for runtime processes
[DEBUG Sep 17 20:17:54.148507809, watcher.go:72] Checking for runtime processes
[DEBUG Sep 17 20:18:54.147863692, watcher.go:72] Checking for runtime processes
[DEBUG Sep 17 20:19:54.148121064, watcher.go:72] Checking for runtime processes
[DEBUG Sep 17 20:20:54.147978353, watcher.go:72] Checking for runtime processes
[DEBUG Sep 17 20:21:54.148768423, watcher.go:72] Checking for runtime processes
[DEBUG Sep 17 20:22:54.148273550, watcher.go:72] Checking for runtime processes
[DEBUG Sep 17 20:23:54.148580711, watcher.go:72] Checking for runtime processes
[DEBUG Sep 17 20:24:54.148024536, watcher.go:72] Checking for runtime processes
[DEBUG Sep 17 20:25:54.148091605, watcher.go:72] Checking for runtime processes
[DEBUG Sep 17 20:26:54.148253084, watcher.go:72] Checking for runtime processes
[DEBUG Sep 17 20:27:54.148481398, watcher.go:72] Checking for runtime processes
[DEBUG Sep 17 20:28:54.148155044, watcher.go:72] Checking for runtime processes
[DEBUG Sep 17 20:29:54.148145891, watcher.go:72] Checking for runtime processes
[DEBUG Sep 17 20:30:54.148115623, watcher.go:72] Checking for runtime processes
[DEBUG Sep 17 20:31:54.148537353, watcher.go:72] Checking for runtime processes
[DEBUG Sep 17 20:32:54.148244222, watcher.go:72] Checking for runtime processes
[DEBUG Sep 17 20:33:54.147907090, watcher.go:72] Checking for runtime processes
[DEBUG Sep 17 20:34:54.148004544, watcher.go:72] Checking for runtime processes
[DEBUG Sep 17 20:35:54.148167037, watcher.go:72] Checking for runtime processes
[DEBUG Sep 17 20:36:54.148183903, watcher.go:72] Checking for runtime processes
[DEBUG Sep 17 20:37:54.148168174, watcher.go:72] Checking for runtime processes
[DEBUG Sep 17 20:38:54.148655847, watcher.go:72] Checking for runtime processes
[DEBUG Sep 17 20:39:54.148115519, watcher.go:72] Checking for runtime processes
[DEBUG Sep 17 20:40:54.148043305, watcher.go:72] Checking for runtime processes
[DEBUG Sep 17 20:41:54.148006007, watcher.go:72] Checking for runtime processes
[DEBUG Sep 17 20:42:54.148336204, watcher.go:72] Checking for runtime processes
[DEBUG Sep 17 20:43:54.148333077, watcher.go:72] Checking for runtime processes
[DEBUG Sep 17 20:44:54.148194950, watcher.go:72] Checking for runtime processes
[DEBUG Sep 17 20:45:54.148010678, watcher.go:72] Checking for runtime processes
[DEBUG Sep 17 20:46:54.148158548, watcher.go:72] Checking for runtime processes
[DEBUG Sep 17 20:47:54.148012944, watcher.go:72] Checking for runtime processes
[DEBUG Sep 17 20:48:54.147850046, watcher.go:72] Checking for runtime processes
[DEBUG Sep 17 20:49:54.148350514, watcher.go:72] Checking for runtime processes
[DEBUG Sep 17 20:50:54.147867038, watcher.go:72] Checking for runtime processes
[DEBUG Sep 17 20:51:54.148130326, watcher.go:72] Checking for runtime processes
[DEBUG Sep 17 20:52:54.148111509, watcher.go:72] Checking for runtime processes
[DEBUG Sep 17 20:53:54.148303384, watcher.go:72] Checking for runtime processes
[DEBUG Sep 17 20:54:54.148278642, watcher.go:72] Checking for runtime processes
[DEBUG Sep 17 20:55:54.148102308, watcher.go:72] Checking for runtime processes
[DEBUG Sep 17 20:56:54.148015404, watcher.go:72] Checking for runtime processes
[DEBUG Sep 17 20:57:54.148004789, watcher.go:72] Checking for runtime processes
[DEBUG Sep 17 20:58:54.148044207, watcher.go:72] Checking for runtime processes
[DEBUG Sep 17 20:59:54.148097107, watcher.go:72] Checking for runtime processes
[DEBUG Sep 17 21:00:54.148530996, watcher.go:72] Checking for runtime processes
[DEBUG Sep 17 21:01:54.148008287, watcher.go:72] Checking for runtime processes
[DEBUG Sep 17 21:02:54.148245738, watcher.go:72] Checking for runtime processes
[DEBUG Sep 17 21:03:54.148002827, watcher.go:72] Checking for runtime processes
[DEBUG Sep 17 21:04:54.148153505, watcher.go:72] Checking for runtime processes
[DEBUG Sep 17 21:05:54.147854771, watcher.go:72] Checking for runtime processes
[DEBUG Sep 17 21:06:54.147985502, watcher.go:72] Checking for runtime processes
[DEBUG Sep 17 21:07:54.148013417, watcher.go:72] Checking for runtime processes
[DEBUG Sep 17 21:08:54.148250264, watcher.go:72] Checking for runtime processes
[DEBUG Sep 17 21:09:54.148194478, watcher.go:72] Checking for runtime processes
[DEBUG Sep 17 21:10:54.148110967, watcher.go:72] Checking for runtime processes
[DEBUG Sep 17 21:11:54.147991155, watcher.go:72] Checking for runtime processes
[DEBUG Sep 17 21:12:54.148041813, watcher.go:72] Checking for runtime processes
[DEBUG Sep 17 21:13:54.148132532, watcher.go:72] Checking for runtime processes
[DEBUG Sep 17 21:14:54.148030006, watcher.go:72] Checking for runtime processes
[DEBUG Sep 17 21:15:54.148270167, watcher.go:72] Checking for runtime processes
[DEBUG Sep 17 21:16:54.148412163, watcher.go:72] Checking for runtime processes
[DEBUG Sep 17 21:17:54.147987620, watcher.go:72] Checking for runtime processes
[DEBUG Sep 17 21:18:54.147867753, watcher.go:72] Checking for runtime processes
[DEBUG Sep 17 21:19:54.148172390, watcher.go:72] Checking for runtime processes
[DEBUG Sep 17 21:20:54.147855021, watcher.go:72] Checking for runtime processes
[DEBUG Sep 17 21:21:54.148111040, watcher.go:72] Checking for runtime processes
[DEBUG Sep 17 21:22:54.148003693, watcher.go:72] Checking for runtime processes
[DEBUG Sep 17 21:23:54.148516814, watcher.go:72] Checking for runtime processes
[DEBUG Sep 17 21:24:54.148137032, watcher.go:72] Checking for runtime processes
[DEBUG Sep 17 21:25:54.148351838, watcher.go:72] Checking for runtime processes
[DEBUG Sep 17 21:26:54.148044310, watcher.go:72] Checking for runtime processes
[DEBUG Sep 17 21:27:54.148128768, watcher.go:72] Checking for runtime processes
[DEBUG Sep 17 21:28:54.148460850, watcher.go:72] Checking for runtime processes
[DEBUG Sep 17 21:29:54.148092822, watcher.go:72] Checking for runtime processes
[DEBUG Sep 17 21:30:54.148291049, watcher.go:72] Checking for runtime processes
[DEBUG Sep 17 21:31:54.148502309, watcher.go:72] Checking for runtime processes
[DEBUG Sep 17 21:32:54.148220667, watcher.go:72] Checking for runtime processes
[DEBUG Sep 17 21:33:54.148001431, watcher.go:72] Checking for runtime processes
[DEBUG Sep 17 21:34:54.148265055, watcher.go:72] Checking for runtime processes
[DEBUG Sep 17 21:35:54.147875600, watcher.go:72] Checking for runtime processes
[DEBUG Sep 17 21:36:54.148325331, watcher.go:72] Checking for runtime processes
[DEBUG Sep 17 21:37:54.148172344, watcher.go:72] Checking for runtime processes
[DEBUG Sep 17 21:38:54.148001319, watcher.go:72] Checking for runtime processes
[DEBUG Sep 17 21:39:54.148508977, watcher.go:72] Checking for runtime processes
[DEBUG Sep 17 21:40:54.148592508, watcher.go:72] Checking for runtime processes
[DEBUG Sep 17 21:41:54.148311468, watcher.go:72] Checking for runtime processes
[DEBUG Sep 17 21:42:54.148080354, watcher.go:72] Checking for runtime processes
[DEBUG Sep 17 21:43:54.148216935, watcher.go:72] Checking for runtime processes
[DEBUG Sep 17 21:44:54.148537083, watcher.go:72] Checking for runtime processes
[DEBUG Sep 17 21:45:54.148285610, watcher.go:72] Checking for runtime processes
[DEBUG Sep 17 21:46:54.148430198, watcher.go:72] Checking for runtime processes
[DEBUG Sep 17 21:47:54.148188142, watcher.go:72] Checking for runtime processes
[DEBUG Sep 17 21:48:54.147950543, watcher.go:72] Checking for runtime processes
[DEBUG Sep 17 21:49:54.148252384, watcher.go:72] Checking for runtime processes
[DEBUG Sep 17 21:50:54.147849783, watcher.go:72] Checking for runtime processes
[DEBUG Sep 17 21:51:54.148044906, watcher.go:72] Checking for runtime processes
[DEBUG Sep 17 21:52:54.148506806, watcher.go:72] Checking for runtime processes
[DEBUG Sep 17 21:53:54.148232054, watcher.go:72] Checking for runtime processes
[DEBUG Sep 17 21:54:54.148024304, watcher.go:72] Checking for runtime processes
[DEBUG Sep 17 21:55:54.148320478, watcher.go:72] Checking for runtime processes
[DEBUG Sep 17 21:56:54.148354240, watcher.go:72] Checking for runtime processes
[DEBUG Sep 17 21:57:54.148161855, watcher.go:72] Checking for runtime processes
[DEBUG Sep 17 21:58:54.148211196, watcher.go:72] Checking for runtime processes
[DEBUG Sep 17 21:59:54.148241413, watcher.go:72] Checking for runtime processes
[DEBUG Sep 17 22:00:54.148411815, watcher.go:72] Checking for runtime processes
[DEBUG Sep 17 22:01:54.148007628, watcher.go:72] Checking for runtime processes
[DEBUG Sep 17 22:02:54.148502686, watcher.go:72] Checking for runtime processes
[DEBUG Sep 17 22:03:54.147856238, watcher.go:72] Checking for runtime processes
[DEBUG Sep 17 22:04:54.147999852, watcher.go:72] Checking for runtime processes
[DEBUG Sep 17 22:05:54.147866598, watcher.go:72] Checking for runtime processes
[DEBUG Sep 17 22:06:54.148498324, watcher.go:72] Checking for runtime processes
[DEBUG Sep 17 22:07:54.148151400, watcher.go:72] Checking for runtime processes
[DEBUG Sep 17 22:08:54.148388706, watcher.go:72] Checking for runtime processes
[DEBUG Sep 17 22:09:54.148173139, watcher.go:72] Checking for runtime processes
[DEBUG Sep 17 22:10:30.385321687, resolver.go:121] Analytics event resolver
[DEBUG Sep 17 22:10:30.385742637, client.go:128] Reporting event to 2 reporters: command-exit, exec, 0
[DEBUG Sep 17 22:10:54.148405046, watcher.go:72] Checking for runtime processes
[DEBUG Sep 17 22:11:54.148755672, watcher.go:72] Checking for runtime processes
[DEBUG Sep 17 22:12:54.148005908, watcher.go:72] Checking for runtime processes
[DEBUG Sep 17 22:13:54.148010941, watcher.go:72] Checking for runtime processes
[DEBUG Sep 17 22:14:54.148023744, watcher.go:72] Checking for runtime processes
[DEBUG Sep 17 22:15:54.148011237, watcher.go:72] Checking for runtime processes
[DEBUG Sep 17 22:16:54.147989409, watcher.go:72] Checking for runtime processes
[DEBUG Sep 17 22:17:54.148012158, watcher.go:72] Checking for runtime processes
[DEBUG Sep 17 22:18:54.147889907, watcher.go:72] Checking for runtime processes
[DEBUG Sep 17 22:19:54.148001703, watcher.go:72] Checking for runtime processes
[DEBUG Sep 17 22:20:54.147862048, watcher.go:72] Checking for runtime processes
[DEBUG Sep 17 22:21:54.148012672, watcher.go:72] Checking for runtime processes
[DEBUG Sep 17 22:22:54.148002204, watcher.go:72] Checking for runtime processes
[DEBUG Sep 17 22:23:54.148021234, watcher.go:72] Checking for runtime processes
[DEBUG Sep 17 22:24:54.148018516, watcher.go:72] Checking for runtime processes
[DEBUG Sep 17 22:25:54.148016057, watcher.go:72] Checking for runtime processes
[DEBUG Sep 17 22:26:54.148014810, watcher.go:72] Checking for runtime processes
[DEBUG Sep 17 22:27:54.148443046, watcher.go:72] Checking for runtime processes
[DEBUG Sep 17 22:28:54.148012537, watcher.go:72] Checking for runtime processes
[DEBUG Sep 17 22:29:54.148046130, watcher.go:72] Checking for runtime processes
[DEBUG Sep 17 22:30:54.148014291, watcher.go:72] Checking for runtime processes
[DEBUG Sep 17 22:31:54.147987539, watcher.go:72] Checking for runtime processes
[DEBUG Sep 17 22:32:54.148011548, watcher.go:72] Checking for runtime processes
[DEBUG Sep 17 22:33:54.147866038, watcher.go:72] Checking for runtime processes
[DEBUG Sep 17 22:34:54.147996693, watcher.go:72] Checking for runtime processes
[DEBUG Sep 17 22:35:54.147872762, watcher.go:72] Checking for runtime processes
[DEBUG Sep 17 22:36:54.148003102, watcher.go:72] Checking for runtime processes
[DEBUG Sep 17 22:37:54.148014294, watcher.go:72] Checking for runtime processes
[DEBUG Sep 17 22:38:54.148016288, watcher.go:72] Checking for runtime processes
[DEBUG Sep 17 22:39:54.148009434, watcher.go:72] Checking for runtime processes
[DEBUG Sep 17 22:40:54.148013910, watcher.go:72] Checking for runtime processes
[DEBUG Sep 17 22:41:54.148010889, watcher.go:72] Checking for runtime processes
[DEBUG Sep 17 22:42:54.148001886, watcher.go:72] Checking for runtime processes
[DEBUG Sep 17 22:43:54.148015136, watcher.go:72] Checking for runtime processes
[DEBUG Sep 17 22:44:54.147999034, watcher.go:72] Checking for runtime processes
[DEBUG Sep 17 22:45:54.148004629, watcher.go:72] Checking for runtime processes
[DEBUG Sep 17 22:46:54.147991980, watcher.go:72] Checking for runtime processes
[DEBUG Sep 17 22:47:54.148016542, watcher.go:72] Checking for runtime processes
[DEBUG Sep 17 22:48:54.147865882, watcher.go:72] Checking for runtime processes
[DEBUG Sep 17 22:49:54.148002223, watcher.go:72] Checking for runtime processes
[DEBUG Sep 17 22:50:54.147859469, watcher.go:72] Checking for runtime processes
[DEBUG Sep 17 22:51:54.148003533, watcher.go:72] Checking for runtime processes
[DEBUG Sep 17 22:52:54.148001131, watcher.go:72] Checking for runtime processes
[DEBUG Sep 17 22:53:54.148009182, watcher.go:72] Checking for runtime processes
[DEBUG Sep 17 22:54:54.148000144, watcher.go:72] Checking for runtime processes
[DEBUG Sep 17 22:55:54.148004366, watcher.go:72] Checking for runtime processes
[DEBUG Sep 17 22:56:54.148003013, watcher.go:72] Checking for runtime processes
[DEBUG Sep 17 22:57:54.148020479, watcher.go:72] Checking for runtime processes
[DEBUG Sep 17 22:58:54.147998188, watcher.go:72] Checking for runtime processes
[DEBUG Sep 17 22:59:54.147997023, watcher.go:72] Checking for runtime processes
[DEBUG Sep 17 23:00:54.148002123, watcher.go:72] Checking for runtime processes
[DEBUG Sep 17 23:01:54.148006122, watcher.go:72] Checking for runtime processes
[DEBUG Sep 17 23:02:54.148002820, watcher.go:72] Checking for runtime processes
[DEBUG Sep 17 23:03:54.147864400, watcher.go:72] Checking for runtime processes
[DEBUG Sep 17 23:04:54.147998050, watcher.go:72] Checking for runtime processes
[DEBUG Sep 17 23:05:54.147859756, watcher.go:72] Checking for runtime processes
[DEBUG Sep 17 23:06:54.148009081, watcher.go:72] Checking for runtime processes
[DEBUG Sep 17 23:07:54.148008057, watcher.go:72] Checking for runtime processes
[DEBUG Sep 17 23:08:54.148012717, watcher.go:72] Checking for runtime processes
[DEBUG Sep 17 23:09:54.148014903, watcher.go:72] Checking for runtime processes
[DEBUG Sep 17 23:10:54.148006818, watcher.go:72] Checking for runtime processes
[DEBUG Sep 17 23:11:54.148010672, watcher.go:72] Checking for runtime processes
[DEBUG Sep 17 23:12:54.148025091, watcher.go:72] Checking for runtime processes
[DEBUG Sep 17 23:13:54.148016216, watcher.go:72] Checking for runtime processes
[DEBUG Sep 17 23:14:54.148002559, watcher.go:72] Checking for runtime processes
[DEBUG Sep 17 23:15:54.148002117, watcher.go:72] Checking for runtime processes
[DEBUG Sep 17 23:16:54.147994678, watcher.go:72] Checking for runtime processes
[DEBUG Sep 17 23:17:54.147997519, watcher.go:72] Checking for runtime processes
[DEBUG Sep 17 23:18:54.147862955, watcher.go:72] Checking for runtime processes
[DEBUG Sep 17 23:19:54.147999983, watcher.go:72] Checking for runtime processes
[DEBUG Sep 17 23:20:54.147862777, watcher.go:72] Checking for runtime processes
[DEBUG Sep 17 23:21:54.148024923, watcher.go:72] Checking for runtime processes
[DEBUG Sep 17 23:22:54.148003501, watcher.go:72] Checking for runtime processes
[DEBUG Sep 17 23:23:54.148010255, watcher.go:72] Checking for runtime processes
[DEBUG Sep 17 23:24:54.148012498, watcher.go:72] Checking for runtime processes
[DEBUG Sep 17 23:25:54.148019503, watcher.go:72] Checking for runtime processes
[DEBUG Sep 17 23:26:54.147999547, watcher.go:72] Checking for runtime processes
[DEBUG Sep 17 23:27:54.148006618, watcher.go:72] Checking for runtime processes
[DEBUG Sep 17 23:28:54.148000404, watcher.go:72] Checking for runtime processes
[DEBUG Sep 17 23:29:54.148016602, watcher.go:72] Checking for runtime processes
[DEBUG Sep 17 23:30:54.148003065, watcher.go:72] Checking for runtime processes
[DEBUG Sep 17 23:31:54.147988445, watcher.go:72] Checking for runtime processes
[DEBUG Sep 17 23:32:54.147999459, watcher.go:72] Checking for runtime processes
[DEBUG Sep 17 23:33:54.147865074, watcher.go:72] Checking for runtime processes
[DEBUG Sep 17 23:34:54.148014241, watcher.go:72] Checking for runtime processes
[DEBUG Sep 17 23:35:54.147860171, watcher.go:72] Checking for runtime processes
[DEBUG Sep 17 23:36:54.148022509, watcher.go:72] Checking for runtime processes
[DEBUG Sep 17 23:37:54.148008689, watcher.go:72] Checking for runtime processes
[DEBUG Sep 17 23:38:54.148013212, watcher.go:72] Checking for runtime processes
[DEBUG Sep 17 23:39:54.148019646, watcher.go:72] Checking for runtime processes
[DEBUG Sep 17 23:40:54.148007196, watcher.go:72] Checking for runtime processes
[DEBUG Sep 17 23:41:54.148007436, watcher.go:72] Checking for runtime processes
[DEBUG Sep 17 23:42:54.148025088, watcher.go:72] Checking for runtime processes
[DEBUG Sep 17 23:43:54.148020365, watcher.go:72] Checking for runtime processes
[DEBUG Sep 17 23:44:54.148039957, watcher.go:72] Checking for runtime processes
[DEBUG Sep 17 23:45:54.148005867, watcher.go:72] Checking for runtime processes
[DEBUG Sep 17 23:46:54.148010825, watcher.go:72] Checking for runtime processes
[DEBUG Sep 17 23:47:54.148008879, watcher.go:72] Checking for runtime processes
[DEBUG Sep 17 23:48:54.147865193, watcher.go:72] Checking for runtime processes
[DEBUG Sep 17 23:49:54.147998132, watcher.go:72] Checking for runtime processes
[DEBUG Sep 17 23:50:54.147860047, watcher.go:72] Checking for runtime processes
[DEBUG Sep 17 23:51:54.148020530, watcher.go:72] Checking for runtime processes
[DEBUG Sep 17 23:52:54.148012560, watcher.go:72] Checking for runtime processes
[DEBUG Sep 17 23:53:54.148005660, watcher.go:72] Checking for runtime processes
[DEBUG Sep 17 23:54:54.147998945, watcher.go:72] Checking for runtime processes
[DEBUG Sep 17 23:55:54.148027023, watcher.go:72] Checking for runtime processes
[DEBUG Sep 17 23:56:54.148440605, watcher.go:72] Checking for runtime processes
[DEBUG Sep 17 23:57:54.148018874, watcher.go:72] Checking for runtime processes
[DEBUG Sep 17 23:58:54.147999154, watcher.go:72] Checking for runtime processes
[DEBUG Sep 17 23:59:54.148025876, watcher.go:72] Checking for runtime processes
[DEBUG Sep 18 00:00:54.147997398, watcher.go:72] Checking for runtime processes
[DEBUG Sep 18 00:01:54.148010562, watcher.go:72] Checking for runtime processes
[DEBUG Sep 18 00:02:54.148001991, watcher.go:72] Checking for runtime processes
[DEBUG Sep 18 00:03:54.147877977, watcher.go:72] Checking for runtime processes
[DEBUG Sep 18 00:04:54.148000364, watcher.go:72] Checking for runtime processes
[DEBUG Sep 18 00:05:54.147859042, watcher.go:72] Checking for runtime processes
[DEBUG Sep 18 00:06:54.148005332, watcher.go:72] Checking for runtime processes
[DEBUG Sep 18 00:07:54.148011436, watcher.go:72] Checking for runtime processes
[DEBUG Sep 18 00:08:54.148004770, watcher.go:72] Checking for runtime processes
[DEBUG Sep 18 00:09:54.148001845, watcher.go:72] Checking for runtime processes
[DEBUG Sep 18 00:10:54.148006456, watcher.go:72] Checking for runtime processes
[DEBUG Sep 18 00:11:54.148003907, watcher.go:72] Checking for runtime processes
[DEBUG Sep 18 00:12:54.148020953, watcher.go:72] Checking for runtime processes
[DEBUG Sep 18 00:13:54.148001451, watcher.go:72] Checking for runtime processes
[DEBUG Sep 18 00:14:54.148043574, watcher.go:72] Checking for runtime processes
[DEBUG Sep 18 00:15:54.148015312, watcher.go:72] Checking for runtime processes
[DEBUG Sep 18 00:16:54.148001906, watcher.go:72] Checking for runtime processes
[DEBUG Sep 18 00:17:54.148011913, watcher.go:72] Checking for runtime processes
[DEBUG Sep 18 00:18:54.147865807, watcher.go:72] Checking for runtime processes
[DEBUG Sep 18 00:19:54.148010515, watcher.go:72] Checking for runtime processes
[DEBUG Sep 18 00:20:54.147874746, watcher.go:72] Checking for runtime processes
[DEBUG Sep 18 00:21:54.148005223, watcher.go:72] Checking for runtime processes
[DEBUG Sep 18 00:22:54.147998567, watcher.go:72] Checking for runtime processes
[DEBUG Sep 18 00:23:54.148001806, watcher.go:72] Checking for runtime processes
[DEBUG Sep 18 00:24:54.148011848, watcher.go:72] Checking for runtime processes
[DEBUG Sep 18 00:25:54.148016975, watcher.go:72] Checking for runtime processes
[DEBUG Sep 18 00:26:54.147997755, watcher.go:72] Checking for runtime processes
[DEBUG Sep 18 00:27:54.148017551, watcher.go:72] Checking for runtime processes
[DEBUG Sep 18 00:28:54.148021665, watcher.go:72] Checking for runtime processes
[DEBUG Sep 18 00:29:54.148029862, watcher.go:72] Checking for runtime processes
[DEBUG Sep 18 00:30:54.148015222, watcher.go:72] Checking for runtime processes
[DEBUG Sep 18 00:31:54.147988293, watcher.go:72] Checking for runtime processes
[DEBUG Sep 18 00:32:54.148015102, watcher.go:72] Checking for runtime processes
[DEBUG Sep 18 00:33:54.147866304, watcher.go:72] Checking for runtime processes
[DEBUG Sep 18 00:34:54.148000916, watcher.go:72] Checking for runtime processes
[DEBUG Sep 18 00:35:54.147871764, watcher.go:72] Checking for runtime processes
[DEBUG Sep 18 00:36:54.148005691, watcher.go:72] Checking for runtime processes
[DEBUG Sep 18 00:37:54.148001815, watcher.go:72] Checking for runtime processes
[DEBUG Sep 18 00:38:54.148014210, watcher.go:72] Checking for runtime processes
[DEBUG Sep 18 00:39:54.148001848, watcher.go:72] Checking for runtime processes
[DEBUG Sep 18 00:40:54.148007874, watcher.go:72] Checking for runtime processes
[DEBUG Sep 18 00:41:54.148000895, watcher.go:72] Checking for runtime processes
[DEBUG Sep 18 00:42:54.148004788, watcher.go:72] Checking for runtime processes
[DEBUG Sep 18 00:43:54.148000761, watcher.go:72] Checking for runtime processes
[DEBUG Sep 18 00:44:54.148014223, watcher.go:72] Checking for runtime processes
[DEBUG Sep 18 00:45:54.147999901, watcher.go:72] Checking for runtime processes
[DEBUG Sep 18 00:46:54.147986761, watcher.go:72] Checking for runtime processes
[DEBUG Sep 18 00:47:54.148014394, watcher.go:72] Checking for runtime processes
[DEBUG Sep 18 00:48:54.147876614, watcher.go:72] Checking for runtime processes
[DEBUG Sep 18 00:49:54.148002293, watcher.go:72] Checking for runtime processes
[DEBUG Sep 18 00:50:54.147859914, watcher.go:72] Checking for runtime processes
[DEBUG Sep 18 00:51:54.148029752, watcher.go:72] Checking for runtime processes
[DEBUG Sep 18 00:52:54.148001712, watcher.go:72] Checking for runtime processes
[DEBUG Sep 18 00:53:54.148016332, watcher.go:72] Checking for runtime processes
[DEBUG Sep 18 00:54:54.148003136, watcher.go:72] Checking for runtime processes
[DEBUG Sep 18 00:55:54.148016061, watcher.go:72] Checking for runtime processes
[DEBUG Sep 18 00:56:54.147999617, watcher.go:72] Checking for runtime processes
[DEBUG Sep 18 00:57:54.148017421, watcher.go:72] Checking for runtime processes
[DEBUG Sep 18 00:58:54.148000913, watcher.go:72] Checking for runtime processes
[DEBUG Sep 18 00:59:54.148022359, watcher.go:72] Checking for runtime processes
[DEBUG Sep 18 01:00:54.148011758, watcher.go:72] Checking for runtime processes
[DEBUG Sep 18 01:01:54.147988607, watcher.go:72] Checking for runtime processes
[DEBUG Sep 18 01:02:54.147998425, watcher.go:72] Checking for runtime processes
[DEBUG Sep 18 01:03:54.147867267, watcher.go:72] Checking for runtime processes
[DEBUG Sep 18 01:04:54.147998730, watcher.go:72] Checking for runtime processes
[DEBUG Sep 18 01:05:54.147872315, watcher.go:72] Checking for runtime processes
[DEBUG Sep 18 01:06:54.148016865, watcher.go:72] Checking for runtime processes
[DEBUG Sep 18 01:07:54.148015628, watcher.go:72] Checking for runtime processes
[DEBUG Sep 18 01:08:54.148004051, watcher.go:72] Checking for runtime processes
[DEBUG Sep 18 01:09:54.148012709, watcher.go:72] Checking for runtime processes
[DEBUG Sep 18 01:10:54.148030147, watcher.go:72] Checking for runtime processes
[DEBUG Sep 18 01:11:54.148013442, watcher.go:72] Checking for runtime processes
[DEBUG Sep 18 01:12:54.148005400, watcher.go:72] Checking for runtime processes
[DEBUG Sep 18 01:13:54.148021429, watcher.go:72] Checking for runtime processes
[DEBUG Sep 18 01:14:54.148016911, watcher.go:72] Checking for runtime processes
[DEBUG Sep 18 01:15:54.147999018, watcher.go:72] Checking for runtime processes
[DEBUG Sep 18 01:16:54.147999582, watcher.go:72] Checking for runtime processes
[DEBUG Sep 18 01:17:54.147999762, watcher.go:72] Checking for runtime processes
[DEBUG Sep 18 01:18:54.147862976, watcher.go:72] Checking for runtime processes
[DEBUG Sep 18 01:19:54.148011945, watcher.go:72] Checking for runtime processes
[DEBUG Sep 18 01:20:54.147863281, watcher.go:72] Checking for runtime processes
[DEBUG Sep 18 01:21:54.148019368, watcher.go:72] Checking for runtime processes
[DEBUG Sep 18 01:22:54.147999604, watcher.go:72] Checking for runtime processes
[DEBUG Sep 18 01:23:54.148029492, watcher.go:72] Checking for runtime processes
[DEBUG Sep 18 01:24:54.148009882, watcher.go:72] Checking for runtime processes
[DEBUG Sep 18 01:25:54.148005437, watcher.go:72] Checking for runtime processes
[DEBUG Sep 18 01:26:54.147998888, watcher.go:72] Checking for runtime processes
[DEBUG Sep 18 01:27:54.148017360, watcher.go:72] Checking for runtime processes
[DEBUG Sep 18 01:28:54.148002701, watcher.go:72] Checking for runtime processes
[DEBUG Sep 18 01:29:54.148003550, watcher.go:72] Checking for runtime processes
[DEBUG Sep 18 01:30:54.148001135, watcher.go:72] Checking for runtime processes
[DEBUG Sep 18 01:31:54.147985107, watcher.go:72] Checking for runtime processes
[DEBUG Sep 18 01:32:54.148012629, watcher.go:72] Checking for runtime processes
[DEBUG Sep 18 01:33:54.147891738, watcher.go:72] Checking for runtime processes
[DEBUG Sep 18 01:34:54.147999009, watcher.go:72] Checking for runtime processes
[DEBUG Sep 18 01:35:54.147858599, watcher.go:72] Checking for runtime processes
[DEBUG Sep 18 01:36:54.148006567, watcher.go:72] Checking for runtime processes
[DEBUG Sep 18 01:37:54.148004062, watcher.go:72] Checking for runtime processes
[DEBUG Sep 18 01:38:54.148044537, watcher.go:72] Checking for runtime processes
[DEBUG Sep 18 01:39:54.148002352, watcher.go:72] Checking for runtime processes
[DEBUG Sep 18 01:40:54.148006420, watcher.go:72] Checking for runtime processes
[DEBUG Sep 18 01:41:54.148000469, watcher.go:72] Checking for runtime processes
[DEBUG Sep 18 01:42:54.148020286, watcher.go:72] Checking for runtime processes
[DEBUG Sep 18 01:43:54.148003461, watcher.go:72] Checking for runtime processes
[DEBUG Sep 18 01:44:54.148003753, watcher.go:72] Checking for runtime processes
[DEBUG Sep 18 01:45:54.148014827, watcher.go:72] Checking for runtime processes
[DEBUG Sep 18 01:46:54.148475617, watcher.go:72] Checking for runtime processes
[DEBUG Sep 18 01:47:54.148003588, watcher.go:72] Checking for runtime processes
[DEBUG Sep 18 01:48:54.147864374, watcher.go:72] Checking for runtime processes
[DEBUG Sep 18 01:49:54.148004033, watcher.go:72] Checking for runtime processes
[DEBUG Sep 18 01:50:54.147860667, watcher.go:72] Checking for runtime processes
[DEBUG Sep 18 01:51:54.148019840, watcher.go:72] Checking for runtime processes
[DEBUG Sep 18 01:52:54.148015097, watcher.go:72] Checking for runtime processes
[DEBUG Sep 18 01:53:54.148009389, watcher.go:72] Checking for runtime processes
[DEBUG Sep 18 01:54:54.148003297, watcher.go:72] Checking for runtime processes
[DEBUG Sep 18 01:55:54.148004285, watcher.go:72] Checking for runtime processes
[DEBUG Sep 18 01:56:54.148003110, watcher.go:72] Checking for runtime processes
[DEBUG Sep 18 01:57:54.148033351, watcher.go:72] Checking for runtime processes
[DEBUG Sep 18 01:58:54.148005250, watcher.go:72] Checking for runtime processes
[DEBUG Sep 18 01:59:54.148017137, watcher.go:72] Checking for runtime processes
[DEBUG Sep 18 02:00:54.148003181, watcher.go:72] Checking for runtime processes
[DEBUG Sep 18 02:01:54.147989362, watcher.go:72] Checking for runtime processes
[DEBUG Sep 18 02:02:54.148001241, watcher.go:72] Checking for runtime processes
[DEBUG Sep 18 02:03:54.147864451, watcher.go:72] Checking for runtime processes
[DEBUG Sep 18 02:04:54.148441120, watcher.go:72] Checking for runtime processes
[DEBUG Sep 18 02:05:54.147870444, watcher.go:72] Checking for runtime processes
[DEBUG Sep 18 02:06:54.148020108, watcher.go:72] Checking for runtime processes
[DEBUG Sep 18 02:07:54.148003619, watcher.go:72] Checking for runtime processes
[DEBUG Sep 18 02:08:54.148006331, watcher.go:72] Checking for runtime processes
[DEBUG Sep 18 02:09:54.148043262, watcher.go:72] Checking for runtime processes
[DEBUG Sep 18 02:10:54.148018149, watcher.go:72] Checking for runtime processes
[DEBUG Sep 18 02:11:54.148003734, watcher.go:72] Checking for runtime processes
[DEBUG Sep 18 02:12:54.148029502, watcher.go:72] Checking for runtime processes
[DEBUG Sep 18 02:13:54.147998662, watcher.go:72] Checking for runtime processes
[DEBUG Sep 18 02:14:54.148019601, watcher.go:72] Checking for runtime processes
[DEBUG Sep 18 02:15:54.148014671, watcher.go:72] Checking for runtime processes
[DEBUG Sep 18 02:16:54.148011830, watcher.go:72] Checking for runtime processes
[DEBUG Sep 18 02:17:54.148005607, watcher.go:72] Checking for runtime processes
[DEBUG Sep 18 02:18:54.147863383, watcher.go:72] Checking for runtime processes
[DEBUG Sep 18 02:19:54.148013073, watcher.go:72] Checking for runtime processes
[DEBUG Sep 18 02:20:54.147862615, watcher.go:72] Checking for runtime processes
[DEBUG Sep 18 02:21:54.148449384, watcher.go:72] Checking for runtime processes
[DEBUG Sep 18 02:22:54.148011306, watcher.go:72] Checking for runtime processes
[DEBUG Sep 18 02:23:54.148003709, watcher.go:72] Checking for runtime processes
[DEBUG Sep 18 02:24:54.148014436, watcher.go:72] Checking for runtime processes
[DEBUG Sep 18 02:25:54.148019554, watcher.go:72] Checking for runtime processes
[DEBUG Sep 18 02:26:54.148441538, watcher.go:72] Checking for runtime processes
[DEBUG Sep 18 02:27:54.148019893, watcher.go:72] Checking for runtime processes
[DEBUG Sep 18 02:28:54.148003935, watcher.go:72] Checking for runtime processes
[DEBUG Sep 18 02:29:54.148007475, watcher.go:72] Checking for runtime processes
[DEBUG Sep 18 02:30:54.148015488, watcher.go:72] Checking for runtime processes
[DEBUG Sep 18 02:31:54.148002193, watcher.go:72] Checking for runtime processes
[DEBUG Sep 18 02:32:54.148021029, watcher.go:72] Checking for runtime processes
[DEBUG Sep 18 02:33:54.147864220, watcher.go:72] Checking for runtime processes
[DEBUG Sep 18 02:34:54.148014108, watcher.go:72] Checking for runtime processes
[DEBUG Sep 18 02:35:54.147862134, watcher.go:72] Checking for runtime processes
[DEBUG Sep 18 02:36:54.148017107, watcher.go:72] Checking for runtime processes
[DEBUG Sep 18 02:37:54.148019147, watcher.go:72] Checking for runtime processes
[DEBUG Sep 18 02:38:54.148014195, watcher.go:72] Checking for runtime processes
[DEBUG Sep 18 02:39:54.148000122, watcher.go:72] Checking for runtime processes
[DEBUG Sep 18 02:40:54.148003914, watcher.go:72] Checking for runtime processes
[DEBUG Sep 18 02:41:54.148030195, watcher.go:72] Checking for runtime processes
[DEBUG Sep 18 02:42:54.148019280, watcher.go:72] Checking for runtime processes
[DEBUG Sep 18 02:43:54.148000446, watcher.go:72] Checking for runtime processes
[DEBUG Sep 18 02:44:54.148024923, watcher.go:72] Checking for runtime processes
[DEBUG Sep 18 02:45:54.147999532, watcher.go:72] Checking for runtime processes
[DEBUG Sep 18 02:46:54.148004658, watcher.go:72] Checking for runtime processes
[DEBUG Sep 18 02:47:54.148015638, watcher.go:72] Checking for runtime processes
[DEBUG Sep 18 02:48:54.147876938, watcher.go:72] Checking for runtime processes
[DEBUG Sep 18 02:49:54.148004638, watcher.go:72] Checking for runtime processes
[DEBUG Sep 18 02:50:54.147860331, watcher.go:72] Checking for runtime processes
[DEBUG Sep 18 02:51:54.148018340, watcher.go:72] Checking for runtime processes
[DEBUG Sep 18 02:52:54.148002399, watcher.go:72] Checking for runtime processes
[DEBUG Sep 18 02:53:54.148022601, watcher.go:72] Checking for runtime processes
[DEBUG Sep 18 02:54:54.148003817, watcher.go:72] Checking for runtime processes
[DEBUG Sep 18 02:55:54.148006615, watcher.go:72] Checking for runtime processes
[DEBUG Sep 18 02:56:54.148000453, watcher.go:72] Checking for runtime processes
[DEBUG Sep 18 02:57:54.148015096, watcher.go:72] Checking for runtime processes
[DEBUG Sep 18 02:58:54.148000983, watcher.go:72] Checking for runtime processes
[DEBUG Sep 18 02:59:54.148018417, watcher.go:72] Checking for runtime processes
[DEBUG Sep 18 03:00:54.148000807, watcher.go:72] Checking for runtime processes
[DEBUG Sep 18 03:01:54.148020044, watcher.go:72] Checking for runtime processes
[DEBUG Sep 18 03:02:54.148002067, watcher.go:72] Checking for runtime processes
[DEBUG Sep 18 03:03:54.147864115, watcher.go:72] Checking for runtime processes
[DEBUG Sep 18 03:04:54.148001576, watcher.go:72] Checking for runtime processes
[DEBUG Sep 18 03:05:54.147860556, watcher.go:72] Checking for runtime processes
[DEBUG Sep 18 03:06:54.148020964, watcher.go:72] Checking for runtime processes
[DEBUG Sep 18 03:07:54.148002344, watcher.go:72] Checking for runtime processes
[DEBUG Sep 18 03:08:54.148008764, watcher.go:72] Checking for runtime processes
[DEBUG Sep 18 03:09:54.148001887, watcher.go:72] Checking for runtime processes
[DEBUG Sep 18 03:10:54.148032645, watcher.go:72] Checking for runtime processes
[DEBUG Sep 18 03:11:54.148004041, watcher.go:72] Checking for runtime processes
[DEBUG Sep 18 03:12:54.148008865, watcher.go:72] Checking for runtime processes
[DEBUG Sep 18 03:13:54.148002773, watcher.go:72] Checking for runtime processes
[DEBUG Sep 18 03:14:54.148005909, watcher.go:72] Checking for runtime processes
[DEBUG Sep 18 03:15:54.148004585, watcher.go:72] Checking for runtime processes
[DEBUG Sep 18 03:16:54.147993748, watcher.go:72] Checking for runtime processes
[DEBUG Sep 18 03:17:54.148016171, watcher.go:72] Checking for runtime processes
[DEBUG Sep 18 03:18:54.147876722, watcher.go:72] Checking for runtime processes
[DEBUG Sep 18 03:19:54.148015150, watcher.go:72] Checking for runtime processes
[DEBUG Sep 18 03:20:54.147875394, watcher.go:72] Checking for runtime processes
[DEBUG Sep 18 03:21:54.148016368, watcher.go:72] Checking for runtime processes
[DEBUG Sep 18 03:22:54.148005240, watcher.go:72] Checking for runtime processes
[DEBUG Sep 18 03:23:54.148005245, watcher.go:72] Checking for runtime processes
[DEBUG Sep 18 03:24:54.148000727, watcher.go:72] Checking for runtime processes
[DEBUG Sep 18 03:25:54.148017838, watcher.go:72] Checking for runtime processes
[DEBUG Sep 18 03:26:54.148003079, watcher.go:72] Checking for runtime processes
[DEBUG Sep 18 03:27:54.148005540, watcher.go:72] Checking for runtime processes
[DEBUG Sep 18 03:28:54.148003122, watcher.go:72] Checking for runtime processes
[DEBUG Sep 18 03:29:54.148017900, watcher.go:72] Checking for runtime processes
[DEBUG Sep 18 03:30:54.148002314, watcher.go:72] Checking for runtime processes
[DEBUG Sep 18 03:31:54.148004955, watcher.go:72] Checking for runtime processes
[DEBUG Sep 18 03:32:54.148014960, watcher.go:72] Checking for runtime processes
[DEBUG Sep 18 03:33:54.147867196, watcher.go:72] Checking for runtime processes
[DEBUG Sep 18 03:34:54.148004036, watcher.go:72] Checking for runtime processes
[DEBUG Sep 18 03:35:54.147860674, watcher.go:72] Checking for runtime processes
[DEBUG Sep 18 03:36:54.148006271, watcher.go:72] Checking for runtime processes
[DEBUG Sep 18 03:37:54.148017787, watcher.go:72] Checking for runtime processes
[DEBUG Sep 18 03:38:54.148009542, watcher.go:72] Checking for runtime processes
[DEBUG Sep 18 03:39:54.148003925, watcher.go:72] Checking for runtime processes
[DEBUG Sep 18 03:40:54.148005629, watcher.go:72] Checking for runtime processes
[DEBUG Sep 18 03:41:54.148443585, watcher.go:72] Checking for runtime processes
[DEBUG Sep 18 03:42:54.148019291, watcher.go:72] Checking for runtime processes
[DEBUG Sep 18 03:43:54.148013134, watcher.go:72] Checking for runtime processes
[DEBUG Sep 18 03:44:54.148003232, watcher.go:72] Checking for runtime processes
[DEBUG Sep 18 03:45:54.148001278, watcher.go:72] Checking for runtime processes
[DEBUG Sep 18 03:46:54.147992302, watcher.go:72] Checking for runtime processes
[DEBUG Sep 18 03:47:54.148013217, watcher.go:72] Checking for runtime processes
[DEBUG Sep 18 03:48:54.147865450, watcher.go:72] Checking for runtime processes
[DEBUG Sep 18 03:49:54.148015061, watcher.go:72] Checking for runtime processes
[DEBUG Sep 18 03:50:54.147861307, watcher.go:72] Checking for runtime processes
[DEBUG Sep 18 03:51:54.148007112, watcher.go:72] Checking for runtime processes
[DEBUG Sep 18 03:52:54.148002834, watcher.go:72] Checking for runtime processes
[DEBUG Sep 18 03:53:54.148018748, watcher.go:72] Checking for runtime processes
[DEBUG Sep 18 03:54:54.148000854, watcher.go:72] Checking for runtime processes
[DEBUG Sep 18 03:55:54.148006187, watcher.go:72] Checking for runtime processes
[DEBUG Sep 18 03:56:54.148000060, watcher.go:72] Checking for runtime processes
[DEBUG Sep 18 03:57:54.148021513, watcher.go:72] Checking for runtime processes
[DEBUG Sep 18 03:58:54.148025433, watcher.go:72] Checking for runtime processes
[DEBUG Sep 18 03:59:54.148006944, watcher.go:72] Checking for runtime processes
[DEBUG Sep 18 04:00:54.148004657, watcher.go:72] Checking for runtime processes
[DEBUG Sep 18 04:01:54.147992121, watcher.go:72] Checking for runtime processes
[DEBUG Sep 18 04:02:54.148000455, watcher.go:72] Checking for runtime processes
[DEBUG Sep 18 04:03:54.147894169, watcher.go:72] Checking for runtime processes
[DEBUG Sep 18 04:04:54.148014055, watcher.go:72] Checking for runtime processes
[DEBUG Sep 18 04:05:54.147873626, watcher.go:72] Checking for runtime processes
[DEBUG Sep 18 04:06:54.148006704, watcher.go:72] Checking for runtime processes
[DEBUG Sep 18 04:07:54.148002972, watcher.go:72] Checking for runtime processes
[DEBUG Sep 18 04:08:54.148008959, watcher.go:72] Checking for runtime processes
[DEBUG Sep 18 04:09:54.148017883, watcher.go:72] Checking for runtime processes
[DEBUG Sep 18 04:10:54.148005583, watcher.go:72] Checking for runtime processes
[DEBUG Sep 18 04:11:54.148006331, watcher.go:72] Checking for runtime processes
[DEBUG Sep 18 04:12:54.148006386, watcher.go:72] Checking for runtime processes
[DEBUG Sep 18 04:13:54.148001865, watcher.go:72] Checking for runtime processes
[DEBUG Sep 18 04:14:54.148007848, watcher.go:72] Checking for runtime processes
[DEBUG Sep 18 04:15:54.148014177, watcher.go:72] Checking for runtime processes
[DEBUG Sep 18 04:16:54.147991980, watcher.go:72] Checking for runtime processes
[DEBUG Sep 18 04:17:54.148015840, watcher.go:72] Checking for runtime processes
[DEBUG Sep 18 04:18:54.147864685, watcher.go:72] Checking for runtime processes
[DEBUG Sep 18 04:19:54.148001515, watcher.go:72] Checking for runtime processes
[DEBUG Sep 18 04:20:54.147862888, watcher.go:72] Checking for runtime processes
[DEBUG Sep 18 04:21:54.148006673, watcher.go:72] Checking for runtime processes
[DEBUG Sep 18 04:22:54.148004659, watcher.go:72] Checking for runtime processes
[DEBUG Sep 18 04:23:54.148018450, watcher.go:72] Checking for runtime processes
[DEBUG Sep 18 04:24:54.148014785, watcher.go:72] Checking for runtime processes
[DEBUG Sep 18 04:25:54.148007993, watcher.go:72] Checking for runtime processes
[DEBUG Sep 18 04:26:54.148004928, watcher.go:72] Checking for runtime processes
[DEBUG Sep 18 04:27:54.148007806, watcher.go:72] Checking for runtime processes
[DEBUG Sep 18 04:28:54.148015986, watcher.go:72] Checking for runtime processes
[DEBUG Sep 18 04:29:54.148007231, watcher.go:72] Checking for runtime processes
[DEBUG Sep 18 04:30:54.148019840, watcher.go:72] Checking for runtime processes
[DEBUG Sep 18 04:31:54.148001643, watcher.go:72] Checking for runtime processes
[DEBUG Sep 18 04:32:54.148004169, watcher.go:72] Checking for runtime processes
[DEBUG Sep 18 04:33:54.147865026, watcher.go:72] Checking for runtime processes
[DEBUG Sep 18 04:34:54.148014198, watcher.go:72] Checking for runtime processes
[DEBUG Sep 18 04:35:54.147861421, watcher.go:72] Checking for runtime processes
[DEBUG Sep 18 04:36:54.148010384, watcher.go:72] Checking for runtime processes
[DEBUG Sep 18 04:37:54.148014542, watcher.go:72] Checking for runtime processes
[DEBUG Sep 18 04:38:54.148009205, watcher.go:72] Checking for runtime processes
[DEBUG Sep 18 04:39:54.148004097, watcher.go:72] Checking for runtime processes
[DEBUG Sep 18 04:40:54.148008508, watcher.go:72] Checking for runtime processes
[DEBUG Sep 18 04:41:54.148003829, watcher.go:72] Checking for runtime processes
[DEBUG Sep 18 04:42:54.148009499, watcher.go:72] Checking for runtime processes
[DEBUG Sep 18 04:43:54.148002764, watcher.go:72] Checking for runtime processes
[DEBUG Sep 18 04:44:54.148016731, watcher.go:72] Checking for runtime processes
[DEBUG Sep 18 04:45:54.147999541, watcher.go:72] Checking for runtime processes
[DEBUG Sep 18 04:46:54.147993515, watcher.go:72] Checking for runtime processes
[DEBUG Sep 18 04:47:54.148004335, watcher.go:72] Checking for runtime processes
[DEBUG Sep 18 04:48:54.147863699, watcher.go:72] Checking for runtime processes
[DEBUG Sep 18 04:49:54.148002365, watcher.go:72] Checking for runtime processes
[DEBUG Sep 18 04:50:54.147860910, watcher.go:72] Checking for runtime processes
[DEBUG Sep 18 04:51:54.148012491, watcher.go:72] Checking for runtime processes
[DEBUG Sep 18 04:52:54.148001559, watcher.go:72] Checking for runtime processes
[DEBUG Sep 18 04:53:54.148008475, watcher.go:72] Checking for runtime processes
[DEBUG Sep 18 04:54:54.148003318, watcher.go:72] Checking for runtime processes
[DEBUG Sep 18 04:55:54.148018599, watcher.go:72] Checking for runtime processes
[DEBUG Sep 18 04:56:54.148008048, watcher.go:72] Checking for runtime processes
[DEBUG Sep 18 04:57:54.148009247, watcher.go:72] Checking for runtime processes
[DEBUG Sep 18 04:58:54.148001144, watcher.go:72] Checking for runtime processes
[DEBUG Sep 18 04:59:54.148006568, watcher.go:72] Checking for runtime processes
[DEBUG Sep 18 05:00:54.148015524, watcher.go:72] Checking for runtime processes
[DEBUG Sep 18 05:01:54.148002642, watcher.go:72] Checking for runtime processes
[DEBUG Sep 18 05:02:54.148002877, watcher.go:72] Checking for runtime processes
[DEBUG Sep 18 05:03:54.147866912, watcher.go:72] Checking for runtime processes
[DEBUG Sep 18 05:04:54.148018329, watcher.go:72] Checking for runtime processes
[DEBUG Sep 18 05:05:54.147861495, watcher.go:72] Checking for runtime processes
[DEBUG Sep 18 05:06:54.148004414, watcher.go:72] Checking for runtime processes
[DEBUG Sep 18 05:07:54.148007588, watcher.go:72] Checking for runtime processes
[DEBUG Sep 18 05:08:54.148018380, watcher.go:72] Checking for runtime processes
[DEBUG Sep 18 05:09:54.148001350, watcher.go:72] Checking for runtime processes
[DEBUG Sep 18 05:10:54.148007831, watcher.go:72] Checking for runtime processes
[DEBUG Sep 18 05:11:54.148002858, watcher.go:72] Checking for runtime processes
[DEBUG Sep 18 05:12:54.148005034, watcher.go:72] Checking for runtime processes
[DEBUG Sep 18 05:13:54.148016644, watcher.go:72] Checking for runtime processes
[DEBUG Sep 18 05:14:54.148004474, watcher.go:72] Checking for runtime processes
[DEBUG Sep 18 05:15:54.148003059, watcher.go:72] Checking for runtime processes
[DEBUG Sep 18 05:16:54.148004623, watcher.go:72] Checking for runtime processes
[DEBUG Sep 18 05:17:54.148012756, watcher.go:72] Checking for runtime processes
[DEBUG Sep 18 05:18:54.147863286, watcher.go:72] Checking for runtime processes
[DEBUG Sep 18 05:19:54.148001566, watcher.go:72] Checking for runtime processes
[DEBUG Sep 18 05:20:54.147860483, watcher.go:72] Checking for runtime processes
[DEBUG Sep 18 05:21:54.148021070, watcher.go:72] Checking for runtime processes
[DEBUG Sep 18 05:22:54.148012269, watcher.go:72] Checking for runtime processes
[DEBUG Sep 18 05:23:54.148019655, watcher.go:72] Checking for runtime processes
[DEBUG Sep 18 05:24:54.147999799, watcher.go:72] Checking for runtime processes
[DEBUG Sep 18 05:25:54.148018267, watcher.go:72] Checking for runtime processes
[DEBUG Sep 18 05:26:54.148001384, watcher.go:72] Checking for runtime processes
[DEBUG Sep 18 05:27:54.148018017, watcher.go:72] Checking for runtime processes
[DEBUG Sep 18 05:28:54.148005577, watcher.go:72] Checking for runtime processes
[DEBUG Sep 18 05:29:54.148006854, watcher.go:72] Checking for runtime processes
[DEBUG Sep 18 05:30:54.148001936, watcher.go:72] Checking for runtime processes
[DEBUG Sep 18 05:31:54.148003433, watcher.go:72] Checking for runtime processes
[DEBUG Sep 18 05:32:54.148013976, watcher.go:72] Checking for runtime processes
[DEBUG Sep 18 05:33:54.147877649, watcher.go:72] Checking for runtime processes
[DEBUG Sep 18 05:34:54.148014721, watcher.go:72] Checking for runtime processes
[DEBUG Sep 18 05:35:54.147858855, watcher.go:72] Checking for runtime processes
[DEBUG Sep 18 05:36:54.148006084, watcher.go:72] Checking for runtime processes
[DEBUG Sep 18 05:37:54.148001639, watcher.go:72] Checking for runtime processes
[DEBUG Sep 18 05:38:54.148004617, watcher.go:72] Checking for runtime processes
[DEBUG Sep 18 05:39:54.148013777, watcher.go:72] Checking for runtime processes
[DEBUG Sep 18 05:40:54.148006827, watcher.go:72] Checking for runtime processes
[DEBUG Sep 18 05:41:54.148001140, watcher.go:72] Checking for runtime processes
[DEBUG Sep 18 05:42:54.148004252, watcher.go:72] Checking for runtime processes
[DEBUG Sep 18 05:43:54.148002147, watcher.go:72] Checking for runtime processes
[DEBUG Sep 18 05:44:54.148015998, watcher.go:72] Checking for runtime processes
[DEBUG Sep 18 05:45:54.148013826, watcher.go:72] Checking for runtime processes
[DEBUG Sep 18 05:46:54.147992211, watcher.go:72] Checking for runtime processes
[DEBUG Sep 18 05:47:54.148005131, watcher.go:72] Checking for runtime processes
[DEBUG Sep 18 05:48:54.147866113, watcher.go:72] Checking for runtime processes
[DEBUG Sep 18 05:49:54.148003435, watcher.go:72] Checking for runtime processes
[DEBUG Sep 18 05:50:54.147888898, watcher.go:72] Checking for runtime processes
[DEBUG Sep 18 05:51:54.148005807, watcher.go:72] Checking for runtime processes
[DEBUG Sep 18 05:52:54.148003557, watcher.go:72] Checking for runtime processes
[DEBUG Sep 18 05:53:54.148004824, watcher.go:72] Checking for runtime processes
[DEBUG Sep 18 05:54:54.148013636, watcher.go:72] Checking for runtime processes
[DEBUG Sep 18 05:55:54.148006592, watcher.go:72] Checking for runtime processes
[DEBUG Sep 18 05:56:54.148016869, watcher.go:72] Checking for runtime processes
[DEBUG Sep 18 05:57:54.148007478, watcher.go:72] Checking for runtime processes
[DEBUG Sep 18 05:58:54.148023459, watcher.go:72] Checking for runtime processes
[DEBUG Sep 18 05:59:54.148011333, watcher.go:72] Checking for runtime processes
[DEBUG Sep 18 06:00:54.148003316, watcher.go:72] Checking for runtime processes
[DEBUG Sep 18 06:01:54.148004983, watcher.go:72] Checking for runtime processes
[DEBUG Sep 18 06:02:54.148003928, watcher.go:72] Checking for runtime processes
[DEBUG Sep 18 06:03:54.147864248, watcher.go:72] Checking for runtime processes
[DEBUG Sep 18 06:04:54.148003936, watcher.go:72] Checking for runtime processes
[DEBUG Sep 18 06:05:54.147859985, watcher.go:72] Checking for runtime processes
[DEBUG Sep 18 06:06:54.148016049, watcher.go:72] Checking for runtime processes
[DEBUG Sep 18 06:07:54.147991601, watcher.go:72] Checking for runtime processes
[DEBUG Sep 18 06:08:54.148012024, watcher.go:72] Checking for runtime processes
[DEBUG Sep 18 06:09:54.148025051, watcher.go:72] Checking for runtime processes
[DEBUG Sep 18 06:10:54.148023730, watcher.go:72] Checking for runtime processes
