[DEBUG Aug  2 08:21:05.824527078, defaults.go:273] Args: [/home1/wangfeim/.local/ActiveState/StateTool/release/bin/state-svc start]
[DEBUG Aug  2 08:21:05.838645573, locale.go:38] Init
[DEBUG Aug  2 08:21:05.885194035, errs.go:68] Created error: File could not be found
[DEBUG Aug  2 08:21:05.887803274, errs.go:68] Created error: Not Recognized
[DEBUG Aug  2 08:21:05.905929459, errs.go:68] Created error: Secret not found
[DEBUG Aug  2 08:21:05.905973817, errs.go:68] Created error: Could not save keypair
[DEBUG Aug  2 08:21:05.906127357, errs.go:68] Created error: Build responded with error
[DEBUG Aug  2 08:21:05.906157215, errs.go:68] Created error: Unknown build type
[DEBUG Aug  2 08:21:05.906253261, errors.go:86] Wrapped localized error: <nil> -- with: The installed version of the State Tool Service does not match that of the client.
Please stop the service with [ACTIONABLE]state-svc stop[/RESET] and try your command again.
If this issue persists please reinstall the State Tool.

[DEBUG Aug  2 08:21:05.906266665, errs.go:68] Created error: no data
[DEBUG Aug  2 08:21:05.906295127, errs.go:68] Created error: member not found
[DEBUG Aug  2 08:21:05.906315947, errs.go:68] Created error: Commit count is unknowable
[DEBUG Aug  2 08:21:05.906338375, errs.go:68] Created error: No merge required
[DEBUG Aug  2 08:21:05.906359504, errs.go:68] Created error: Can't merge commit thats already in target commits history
[DEBUG Aug  2 08:21:05.906381330, errs.go:68] Created error: Bad expander name
[DEBUG Aug  2 08:21:05.906410758, errs.go:68] Created error: Expander has no handler
[DEBUG Aug  2 08:21:05.907426014, errs.go:68] Created error: Service is already running
[DEBUG Aug  2 08:21:05.933692648, secrets.go:35] Gcloud Secretmanager failed to initialize (ignore if you're not trying to use gcloud): google: could not find default credentials. See https://developers.google.com/accounts/docs/application-default-credentials for more information.
[DEBUG Aug  2 08:21:05.936965983, output.go:53] Requested outputer for 
[DEBUG Aug  2 08:21:05.936985463, output.go:58] Using Plain outputer
[DEBUG Aug  2 08:21:05.937053622, termutils.go:17] Cannot get terminal size: inappropriate ioctl for device
[DEBUG Aug  2 08:21:05.937146872, client.go:128] Reporting event to 2 reporters: run-command, state-svc start, 
[DEBUG Aug  2 08:21:05.937372546, main.go:107] Running CmdStart
[DEBUG Aug  2 08:21:05.944817836, errs.go:75] Wrapped error: Service is already running -- with: valueF failed
[DEBUG Aug  2 08:21:05.944873583, errs.go:75] Wrapped error: valueF failed -- with: Could not store pid
[DEBUG Aug  2 08:21:05.944938195, errors.go:113] Wrapped input error: Could not store pid -- with: A State Service instance is already running in the background.
[DEBUG Aug  2 08:21:05.944952043, errs.go:75] Wrapped error: A State Service instance is already running in the background. -- with: Could not start serviceManager
[DEBUG Aug  2 08:21:05.945063509, client.go:128] Reporting event to 2 reporters: command-exit, state-svc start, 1
[DEBUG Aug  2 08:21:06.266518254, errs.go:75] Wrapped error: <nil> -- with: Could not start serviceManager: A State Service instance is already running in the background.: Could not store pid: valueF failed: Service is already running
[DEBUG Aug  2 08:21:06.266603887, main.go:61] state-svc errored out due to input: Could not start serviceManager: A State Service instance is already running in the background.: Could not store pid: valueF failed: Service is already running
