[DEBUG Aug  2 08:21:20.022905166, defaults.go:273] Args: [/home1/wangfeim/.local/ActiveState/StateTool/release/bin/state-svc start]
[DEBUG Aug  2 08:21:20.037068101, locale.go:38] Init
[DEBUG Aug  2 08:21:20.079822675, errs.go:68] Created error: File could not be found
[DEBUG Aug  2 08:21:20.082613898, errs.go:68] Created error: Not Recognized
[DEBUG Aug  2 08:21:20.102215755, errs.go:68] Created error: Secret not found
[DEBUG Aug  2 08:21:20.102325109, errs.go:68] Created error: Could not save keypair
[DEBUG Aug  2 08:21:20.102708481, errs.go:68] Created error: Build responded with error
[DEBUG Aug  2 08:21:20.102759138, errs.go:68] Created error: Unknown build type
[DEBUG Aug  2 08:21:20.103140074, errors.go:86] Wrapped localized error: <nil> -- with: The installed version of the State Tool Service does not match that of the client.
Please stop the service with [ACTIONABLE]state-svc stop[/RESET] and try your command again.
If this issue persists please reinstall the State Tool.

[DEBUG Aug  2 08:21:20.103204825, errs.go:68] Created error: no data
[DEBUG Aug  2 08:21:20.103411811, errs.go:68] Created error: member not found
[DEBUG Aug  2 08:21:20.103443958, errs.go:68] Created error: Commit count is unknowable
[DEBUG Aug  2 08:21:20.103474325, errs.go:68] Created error: No merge required
[DEBUG Aug  2 08:21:20.103500864, errs.go:68] Created error: Can't merge commit thats already in target commits history
[DEBUG Aug  2 08:21:20.103529640, errs.go:68] Created error: Bad expander name
[DEBUG Aug  2 08:21:20.103564146, errs.go:68] Created error: Expander has no handler
[DEBUG Aug  2 08:21:20.104608237, errs.go:68] Created error: Service is already running
[DEBUG Aug  2 08:21:20.131689506, secrets.go:35] Gcloud Secretmanager failed to initialize (ignore if you're not trying to use gcloud): google: could not find default credentials. See https://developers.google.com/accounts/docs/application-default-credentials for more information.
[DEBUG Aug  2 08:21:20.134939657, output.go:53] Requested outputer for 
[DEBUG Aug  2 08:21:20.134960529, output.go:58] Using Plain outputer
[DEBUG Aug  2 08:21:20.135019185, termutils.go:17] Cannot get terminal size: inappropriate ioctl for device
[DEBUG Aug  2 08:21:20.135165200, main.go:107] Running CmdStart
[DEBUG Aug  2 08:21:20.135189230, client.go:128] Reporting event to 2 reporters: run-command, state-svc start, 
[DEBUG Aug  2 08:21:20.140549464, errs.go:75] Wrapped error: Service is already running -- with: valueF failed
[DEBUG Aug  2 08:21:20.140603491, errs.go:75] Wrapped error: valueF failed -- with: Could not store pid
[DEBUG Aug  2 08:21:20.140697422, errors.go:113] Wrapped input error: Could not store pid -- with: A State Service instance is already running in the background.
[DEBUG Aug  2 08:21:20.140711138, errs.go:75] Wrapped error: A State Service instance is already running in the background. -- with: Could not start serviceManager
[DEBUG Aug  2 08:21:20.140800046, client.go:128] Reporting event to 2 reporters: command-exit, state-svc start, 1
[DEBUG Aug  2 08:21:20.475563692, errs.go:75] Wrapped error: <nil> -- with: Could not start serviceManager: A State Service instance is already running in the background.: Could not store pid: valueF failed: Service is already running
[DEBUG Aug  2 08:21:20.475664817, main.go:61] state-svc errored out due to input: Could not start serviceManager: A State Service instance is already running in the background.: Could not store pid: valueF failed: Service is already running
