[DEBUG Aug  2 07:44:38.855854127, defaults.go:273] Args: [/home1/wangfeim/.local/ActiveState/StateTool/release/bin/state-svc start]
[DEBUG Aug  2 07:44:38.870747882, locale.go:38] Init
[DEBUG Aug  2 07:44:39.176102092, errs.go:68] Created error: File could not be found
[DEBUG Aug  2 07:44:39.179213939, errs.go:68] Created error: Not Recognized
[DEBUG Aug  2 07:44:39.201318978, errs.go:68] Created error: Secret not found
[DEBUG Aug  2 07:44:39.201373341, errs.go:68] Created error: Could not save keypair
[DEBUG Aug  2 07:44:39.201563723, errs.go:68] Created error: Build responded with error
[DEBUG Aug  2 07:44:39.201599937, errs.go:68] Created error: Unknown build type
[DEBUG Aug  2 07:44:39.201718623, errors.go:86] Wrapped localized error: <nil> -- with: The installed version of the State Tool Service does not match that of the client.
Please stop the service with [ACTIONABLE]state-svc stop[/RESET] and try your command again.
If this issue persists please reinstall the State Tool.

[DEBUG Aug  2 07:44:39.201739589, errs.go:68] Created error: no data
[DEBUG Aug  2 07:44:39.201767473, errs.go:68] Created error: member not found
[DEBUG Aug  2 07:44:39.201793348, errs.go:68] Created error: Commit count is unknowable
[DEBUG Aug  2 07:44:39.201817536, errs.go:68] Created error: No merge required
[DEBUG Aug  2 07:44:39.201840725, errs.go:68] Created error: Can't merge commit thats already in target commits history
[DEBUG Aug  2 07:44:39.201869926, errs.go:68] Created error: Bad expander name
[DEBUG Aug  2 07:44:39.201893904, errs.go:68] Created error: Expander has no handler
[DEBUG Aug  2 07:44:39.203045299, errs.go:68] Created error: Service is already running
[DEBUG Aug  2 07:44:39.236848853, secrets.go:35] Gcloud Secretmanager failed to initialize (ignore if you're not trying to use gcloud): google: could not find default credentials. See https://developers.google.com/accounts/docs/application-default-credentials for more information.
[DEBUG Aug  2 07:44:39.243170195, output.go:53] Requested outputer for 
[DEBUG Aug  2 07:44:39.243192584, output.go:58] Using Plain outputer
[DEBUG Aug  2 07:44:39.243281525, termutils.go:17] Cannot get terminal size: inappropriate ioctl for device
[DEBUG Aug  2 07:44:39.243422287, client.go:128] Reporting event to 2 reporters: run-command, state-svc start, 
[DEBUG Aug  2 07:44:39.243441196, main.go:107] Running CmdStart
[DEBUG Aug  2 07:44:39.250996457, errs.go:75] Wrapped error: Service is already running -- with: valueF failed
[DEBUG Aug  2 07:44:39.251073447, errs.go:75] Wrapped error: valueF failed -- with: Could not store pid
[DEBUG Aug  2 07:44:39.251189633, errors.go:113] Wrapped input error: Could not store pid -- with: A State Service instance is already running in the background.
[DEBUG Aug  2 07:44:39.251210772, errs.go:75] Wrapped error: A State Service instance is already running in the background. -- with: Could not start serviceManager
[DEBUG Aug  2 07:44:39.251306057, client.go:128] Reporting event to 2 reporters: command-exit, state-svc start, 1
[DEBUG Aug  2 07:44:39.599192401, errs.go:75] Wrapped error: <nil> -- with: Could not start serviceManager: A State Service instance is already running in the background.: Could not store pid: valueF failed: Service is already running
[DEBUG Aug  2 07:44:39.599296460, main.go:61] state-svc errored out due to input: Could not start serviceManager: A State Service instance is already running in the background.: Could not store pid: valueF failed: Service is already running
