[DEBUG Aug  2 07:55:37.234991524, defaults.go:273] Args: [/home1/wangfeim/.local/ActiveState/StateTool/release/bin/state-svc start]
[DEBUG Aug  2 07:55:37.249099361, locale.go:38] Init
[DEBUG Aug  2 07:55:37.298924848, errs.go:68] Created error: File could not be found
[DEBUG Aug  2 07:55:37.302667905, errs.go:68] Created error: Not Recognized
[DEBUG Aug  2 07:55:37.325517190, errs.go:68] Created error: Secret not found
[DEBUG Aug  2 07:55:37.325702087, errs.go:68] Created error: Could not save keypair
[DEBUG Aug  2 07:55:37.326159350, errs.go:68] Created error: Build responded with error
[DEBUG Aug  2 07:55:37.326225759, errs.go:68] Created error: Unknown build type
[DEBUG Aug  2 07:55:37.326453599, errors.go:86] Wrapped localized error: <nil> -- with: The installed version of the State Tool Service does not match that of the client.
Please stop the service with [ACTIONABLE]state-svc stop[/RESET] and try your command again.
If this issue persists please reinstall the State Tool.

[DEBUG Aug  2 07:55:37.326486406, errs.go:68] Created error: no data
[DEBUG Aug  2 07:55:37.326528064, errs.go:68] Created error: member not found
[DEBUG Aug  2 07:55:37.326622298, errs.go:68] Created error: Commit count is unknowable
[DEBUG Aug  2 07:55:37.326683138, errs.go:68] Created error: No merge required
[DEBUG Aug  2 07:55:37.326758411, errs.go:68] Created error: Can't merge commit thats already in target commits history
[DEBUG Aug  2 07:55:37.326842952, errs.go:68] Created error: Bad expander name
[DEBUG Aug  2 07:55:37.326887537, errs.go:68] Created error: Expander has no handler
[DEBUG Aug  2 07:55:37.328350485, errs.go:68] Created error: Service is already running
[DEBUG Aug  2 07:55:37.355081336, secrets.go:35] Gcloud Secretmanager failed to initialize (ignore if you're not trying to use gcloud): google: could not find default credentials. See https://developers.google.com/accounts/docs/application-default-credentials for more information.
[DEBUG Aug  2 07:55:37.387774086, output.go:53] Requested outputer for 
[DEBUG Aug  2 07:55:37.387799265, output.go:58] Using Plain outputer
[DEBUG Aug  2 07:55:37.387870075, termutils.go:17] Cannot get terminal size: inappropriate ioctl for device
[DEBUG Aug  2 07:55:37.387976148, client.go:128] Reporting event to 2 reporters: run-command, state-svc start, 
[DEBUG Aug  2 07:55:37.388087288, main.go:107] Running CmdStart
[DEBUG Aug  2 07:55:37.393565114, errs.go:75] Wrapped error: Service is already running -- with: valueF failed
[DEBUG Aug  2 07:55:37.393617958, errs.go:75] Wrapped error: valueF failed -- with: Could not store pid
[DEBUG Aug  2 07:55:37.393696825, errors.go:113] Wrapped input error: Could not store pid -- with: A State Service instance is already running in the background.
[DEBUG Aug  2 07:55:37.393711057, errs.go:75] Wrapped error: A State Service instance is already running in the background. -- with: Could not start serviceManager
[DEBUG Aug  2 07:55:37.393801880, client.go:128] Reporting event to 2 reporters: command-exit, state-svc start, 1
[DEBUG Aug  2 07:55:37.785296056, errs.go:75] Wrapped error: <nil> -- with: Could not start serviceManager: A State Service instance is already running in the background.: Could not store pid: valueF failed: Service is already running
[DEBUG Aug  2 07:55:37.785381412, main.go:61] state-svc errored out due to input: Could not start serviceManager: A State Service instance is already running in the background.: Could not store pid: valueF failed: Service is already running
