[DEBUG Aug  2 08:11:33.845870424, defaults.go:273] Args: [/home1/wangfeim/.local/ActiveState/StateTool/release/bin/state-svc start]
[DEBUG Aug  2 08:11:33.892959975, locale.go:38] Init
[DEBUG Aug  2 08:11:33.933681182, errs.go:68] Created error: File could not be found
[DEBUG Aug  2 08:11:33.936689832, errs.go:68] Created error: Not Recognized
[DEBUG Aug  2 08:11:34.000477140, errs.go:68] Created error: Secret not found
[DEBUG Aug  2 08:11:34.000526463, errs.go:68] Created error: Could not save keypair
[DEBUG Aug  2 08:11:34.000710339, errs.go:68] Created error: Build responded with error
[DEBUG Aug  2 08:11:34.000739687, errs.go:68] Created error: Unknown build type
[DEBUG Aug  2 08:11:34.000876914, errors.go:86] Wrapped localized error: <nil> -- with: The installed version of the State Tool Service does not match that of the client.
Please stop the service with [ACTIONABLE]state-svc stop[/RESET] and try your command again.
If this issue persists please reinstall the State Tool.

[DEBUG Aug  2 08:11:34.000892247, errs.go:68] Created error: no data
[DEBUG Aug  2 08:11:34.000916527, errs.go:68] Created error: member not found
[DEBUG Aug  2 08:11:34.000939897, errs.go:68] Created error: Commit count is unknowable
[DEBUG Aug  2 08:11:34.000965433, errs.go:68] Created error: No merge required
[DEBUG Aug  2 08:11:34.000988187, errs.go:68] Created error: Can't merge commit thats already in target commits history
[DEBUG Aug  2 08:11:34.001014732, errs.go:68] Created error: Bad expander name
[DEBUG Aug  2 08:11:34.001038657, errs.go:68] Created error: Expander has no handler
[DEBUG Aug  2 08:11:34.002095560, errs.go:68] Created error: Service is already running
[DEBUG Aug  2 08:11:34.027938490, secrets.go:35] Gcloud Secretmanager failed to initialize (ignore if you're not trying to use gcloud): google: could not find default credentials. See https://developers.google.com/accounts/docs/application-default-credentials for more information.
[DEBUG Aug  2 08:11:34.031118126, output.go:53] Requested outputer for 
[DEBUG Aug  2 08:11:34.031142118, output.go:58] Using Plain outputer
[DEBUG Aug  2 08:11:34.031208498, termutils.go:17] Cannot get terminal size: inappropriate ioctl for device
[DEBUG Aug  2 08:11:34.031322965, client.go:128] Reporting event to 2 reporters: run-command, state-svc start, 
[DEBUG Aug  2 08:11:34.031380106, main.go:107] Running CmdStart
[DEBUG Aug  2 08:11:34.036859323, errs.go:75] Wrapped error: Service is already running -- with: valueF failed
[DEBUG Aug  2 08:11:34.036911785, errs.go:75] Wrapped error: valueF failed -- with: Could not store pid
[DEBUG Aug  2 08:11:34.036974369, errors.go:113] Wrapped input error: Could not store pid -- with: A State Service instance is already running in the background.
[DEBUG Aug  2 08:11:34.036987636, errs.go:75] Wrapped error: A State Service instance is already running in the background. -- with: Could not start serviceManager
[DEBUG Aug  2 08:11:34.037070390, client.go:128] Reporting event to 2 reporters: command-exit, state-svc start, 1
[DEBUG Aug  2 08:11:34.407099595, errs.go:75] Wrapped error: <nil> -- with: Could not start serviceManager: A State Service instance is already running in the background.: Could not store pid: valueF failed: Service is already running
[DEBUG Aug  2 08:11:34.407177587, main.go:61] state-svc errored out due to input: Could not start serviceManager: A State Service instance is already running in the background.: Could not store pid: valueF failed: Service is already running
