[DEBUG Aug  2 08:18:48.393521679, defaults.go:273] Args: [/home1/wangfeim/.local/ActiveState/StateTool/release/bin/state-svc start]
[DEBUG Aug  2 08:18:48.406559414, locale.go:38] Init
[DEBUG Aug  2 08:18:48.447007622, errs.go:68] Created error: File could not be found
[DEBUG Aug  2 08:18:48.449999654, errs.go:68] Created error: Not Recognized
[DEBUG Aug  2 08:18:48.470855585, errs.go:68] Created error: Secret not found
[DEBUG Aug  2 08:18:48.470909165, errs.go:68] Created error: Could not save keypair
[DEBUG Aug  2 08:18:48.471092488, errs.go:68] Created error: Build responded with error
[DEBUG Aug  2 08:18:48.471133322, errs.go:68] Created error: Unknown build type
[DEBUG Aug  2 08:18:48.471242659, errors.go:86] Wrapped localized error: <nil> -- with: The installed version of the State Tool Service does not match that of the client.
Please stop the service with [ACTIONABLE]state-svc stop[/RESET] and try your command again.
If this issue persists please reinstall the State Tool.

[DEBUG Aug  2 08:18:48.471257105, errs.go:68] Created error: no data
[DEBUG Aug  2 08:18:48.471288476, errs.go:68] Created error: member not found
[DEBUG Aug  2 08:18:48.471313281, errs.go:68] Created error: Commit count is unknowable
[DEBUG Aug  2 08:18:48.471335283, errs.go:68] Created error: No merge required
[DEBUG Aug  2 08:18:48.471360691, errs.go:68] Created error: Can't merge commit thats already in target commits history
[DEBUG Aug  2 08:18:48.471387675, errs.go:68] Created error: Bad expander name
[DEBUG Aug  2 08:18:48.471413373, errs.go:68] Created error: Expander has no handler
[DEBUG Aug  2 08:18:48.472556638, errs.go:68] Created error: Service is already running
[DEBUG Aug  2 08:18:48.504367002, secrets.go:35] Gcloud Secretmanager failed to initialize (ignore if you're not trying to use gcloud): google: could not find default credentials. See https://developers.google.com/accounts/docs/application-default-credentials for more information.
[DEBUG Aug  2 08:18:48.507620469, output.go:53] Requested outputer for 
[DEBUG Aug  2 08:18:48.507646091, output.go:58] Using Plain outputer
[DEBUG Aug  2 08:18:48.507724648, termutils.go:17] Cannot get terminal size: inappropriate ioctl for device
[DEBUG Aug  2 08:18:48.507809516, client.go:128] Reporting event to 2 reporters: run-command, state-svc start, 
[DEBUG Aug  2 08:18:48.507900752, main.go:107] Running CmdStart
[DEBUG Aug  2 08:18:48.513729854, errs.go:75] Wrapped error: Service is already running -- with: valueF failed
[DEBUG Aug  2 08:18:48.513786010, errs.go:75] Wrapped error: valueF failed -- with: Could not store pid
[DEBUG Aug  2 08:18:48.513855348, errors.go:113] Wrapped input error: Could not store pid -- with: A State Service instance is already running in the background.
[DEBUG Aug  2 08:18:48.513869640, errs.go:75] Wrapped error: A State Service instance is already running in the background. -- with: Could not start serviceManager
[DEBUG Aug  2 08:18:48.513951543, client.go:128] Reporting event to 2 reporters: command-exit, state-svc start, 1
[DEBUG Aug  2 08:18:48.884987236, errs.go:75] Wrapped error: <nil> -- with: Could not start serviceManager: A State Service instance is already running in the background.: Could not store pid: valueF failed: Service is already running
[DEBUG Aug  2 08:18:48.885052215, main.go:61] state-svc errored out due to input: Could not start serviceManager: A State Service instance is already running in the background.: Could not store pid: valueF failed: Service is already running
