[DEBUG Aug  2 07:52:30.476091620, defaults.go:273] Args: [/home1/wangfeim/.local/ActiveState/StateTool/release/bin/state-svc start]
[DEBUG Aug  2 07:52:30.490766356, locale.go:38] Init
[DEBUG Aug  2 07:52:30.604791506, errs.go:68] Created error: File could not be found
[DEBUG Aug  2 07:52:30.607857144, errs.go:68] Created error: Not Recognized
[DEBUG Aug  2 07:52:30.631527291, errs.go:68] Created error: Secret not found
[DEBUG Aug  2 07:52:30.684959131, errs.go:68] Created error: Could not save keypair
[DEBUG Aug  2 07:52:30.685309419, errs.go:68] Created error: Build responded with error
[DEBUG Aug  2 07:52:30.685554148, errs.go:68] Created error: Unknown build type
[DEBUG Aug  2 07:52:30.685704486, errors.go:86] Wrapped localized error: <nil> -- with: The installed version of the State Tool Service does not match that of the client.
Please stop the service with [ACTIONABLE]state-svc stop[/RESET] and try your command again.
If this issue persists please reinstall the State Tool.

[DEBUG Aug  2 07:52:30.685721828, errs.go:68] Created error: no data
[DEBUG Aug  2 07:52:30.685749391, errs.go:68] Created error: member not found
[DEBUG Aug  2 07:52:30.685775209, errs.go:68] Created error: Commit count is unknowable
[DEBUG Aug  2 07:52:30.685801640, errs.go:68] Created error: No merge required
[DEBUG Aug  2 07:52:30.685827596, errs.go:68] Created error: Can't merge commit thats already in target commits history
[DEBUG Aug  2 07:52:30.685854625, errs.go:68] Created error: Bad expander name
[DEBUG Aug  2 07:52:30.685878682, errs.go:68] Created error: Expander has no handler
[DEBUG Aug  2 07:52:30.686874326, errs.go:68] Created error: Service is already running
[DEBUG Aug  2 07:52:30.725658849, secrets.go:35] Gcloud Secretmanager failed to initialize (ignore if you're not trying to use gcloud): google: could not find default credentials. See https://developers.google.com/accounts/docs/application-default-credentials for more information.
[DEBUG Aug  2 07:52:30.728736989, output.go:53] Requested outputer for 
[DEBUG Aug  2 07:52:30.728761116, output.go:58] Using Plain outputer
[DEBUG Aug  2 07:52:30.728854562, termutils.go:17] Cannot get terminal size: inappropriate ioctl for device
[DEBUG Aug  2 07:52:30.728938204, client.go:128] Reporting event to 2 reporters: run-command, state-svc start, 
[DEBUG Aug  2 07:52:30.729010470, main.go:107] Running CmdStart
[DEBUG Aug  2 07:52:30.734522448, errs.go:75] Wrapped error: Service is already running -- with: valueF failed
[DEBUG Aug  2 07:52:30.734595695, errs.go:75] Wrapped error: valueF failed -- with: Could not store pid
[DEBUG Aug  2 07:52:30.734667139, errors.go:113] Wrapped input error: Could not store pid -- with: A State Service instance is already running in the background.
[DEBUG Aug  2 07:52:30.734681417, errs.go:75] Wrapped error: A State Service instance is already running in the background. -- with: Could not start serviceManager
[DEBUG Aug  2 07:52:30.734782343, client.go:128] Reporting event to 2 reporters: command-exit, state-svc start, 1
[DEBUG Aug  2 07:52:31.102186917, errs.go:75] Wrapped error: <nil> -- with: Could not start serviceManager: A State Service instance is already running in the background.: Could not store pid: valueF failed: Service is already running
[DEBUG Aug  2 07:52:31.102250048, main.go:61] state-svc errored out due to input: Could not start serviceManager: A State Service instance is already running in the background.: Could not store pid: valueF failed: Service is already running
