[DEBUG Mar  7 23:59:07.613178483, defaults.go:273] Args: [/home1/wangfeim/.local/ActiveState/StateTool/release/bin/state-svc start]
[DEBUG Mar  7 23:59:07.624585763, locale.go:38] Init
[DEBUG Mar  7 23:59:07.655854783, errs.go:68] Created error: File could not be found
[DEBUG Mar  7 23:59:07.658200523, errs.go:68] Created error: Not Recognized
[DEBUG Mar  7 23:59:07.673719003, errs.go:68] Created error: Secret not found
[DEBUG Mar  7 23:59:07.673749898, errs.go:68] Created error: Could not save keypair
[DEBUG Mar  7 23:59:07.673874702, errs.go:68] Created error: Build responded with error
[DEBUG Mar  7 23:59:07.673896299, errs.go:68] Created error: Unknown build type
[DEBUG Mar  7 23:59:07.673979995, errors.go:86] Wrapped localized error: <nil> -- with: The installed version of the State Tool Service does not match that of the client.
Please stop the service with [ACTIONABLE]state-svc stop[/RESET] and try your command again.
If this issue persists please reinstall the State Tool.

[DEBUG Mar  7 23:59:07.673987693, errs.go:68] Created error: no data
[DEBUG Mar  7 23:59:07.674003744, errs.go:68] Created error: member not found
[DEBUG Mar  7 23:59:07.674019548, errs.go:68] Created error: Commit count is unknowable
[DEBUG Mar  7 23:59:07.674034478, errs.go:68] Created error: No merge required
[DEBUG Mar  7 23:59:07.674048666, errs.go:68] Created error: Can't merge commit thats already in target commits history
[DEBUG Mar  7 23:59:07.674065070, errs.go:68] Created error: Bad expander name
[DEBUG Mar  7 23:59:07.674080183, errs.go:68] Created error: Expander has no handler
[DEBUG Mar  7 23:59:07.675875009, errs.go:68] Created error: Service is already running
[DEBUG Mar  7 23:59:07.699899674, secrets.go:35] Gcloud Secretmanager failed to initialize (ignore if you're not trying to use gcloud): google: could not find default credentials. See https://developers.google.com/accounts/docs/application-default-credentials for more information.
[DEBUG Mar  7 23:59:07.703418194, output.go:53] Requested outputer for 
[DEBUG Mar  7 23:59:07.703463147, output.go:58] Using Plain outputer
[DEBUG Mar  7 23:59:07.703612883, termutils.go:17] Cannot get terminal size: inappropriate ioctl for device
[DEBUG Mar  7 23:59:07.703709435, client.go:128] Reporting event to 2 reporters: run-command, state-svc start, 
[DEBUG Mar  7 23:59:07.703785541, main.go:107] Running CmdStart
[DEBUG Mar  7 23:59:07.710792072, errs.go:75] Wrapped error: Service is already running -- with: valueF failed
[DEBUG Mar  7 23:59:07.710836504, errs.go:75] Wrapped error: valueF failed -- with: Could not store pid
[DEBUG Mar  7 23:59:07.710887330, errors.go:113] Wrapped input error: Could not store pid -- with: A State Service instance is already running in the background.
[DEBUG Mar  7 23:59:07.710895552, errs.go:75] Wrapped error: A State Service instance is already running in the background. -- with: Could not start serviceManager
[DEBUG Mar  7 23:59:07.710958473, client.go:128] Reporting event to 2 reporters: command-exit, state-svc start, 1
[DEBUG Mar  7 23:59:08.068821254, errs.go:75] Wrapped error: <nil> -- with: Could not start serviceManager: A State Service instance is already running in the background.: Could not store pid: valueF failed: Service is already running
[DEBUG Mar  7 23:59:08.068859767, main.go:61] state-svc errored out due to input: Could not start serviceManager: A State Service instance is already running in the background.: Could not store pid: valueF failed: Service is already running
