[DEBUG Aug  2 07:46:13.743785338, defaults.go:273] Args: [/home1/wangfeim/.local/ActiveState/StateTool/release/bin/state-svc start]
[DEBUG Aug  2 07:46:13.792853617, locale.go:38] Init
[DEBUG Aug  2 07:46:13.834608701, errs.go:68] Created error: File could not be found
[DEBUG Aug  2 07:46:13.837554840, errs.go:68] Created error: Not Recognized
[DEBUG Aug  2 07:46:13.903995285, errs.go:68] Created error: Secret not found
[DEBUG Aug  2 07:46:13.904047953, errs.go:68] Created error: Could not save keypair
[DEBUG Aug  2 07:46:13.904214741, errs.go:68] Created error: Build responded with error
[DEBUG Aug  2 07:46:13.904241097, errs.go:68] Created error: Unknown build type
[DEBUG Aug  2 07:46:13.904338807, errors.go:86] Wrapped localized error: <nil> -- with: The installed version of the State Tool Service does not match that of the client.
Please stop the service with [ACTIONABLE]state-svc stop[/RESET] and try your command again.
If this issue persists please reinstall the State Tool.

[DEBUG Aug  2 07:46:13.904351966, errs.go:68] Created error: no data
[DEBUG Aug  2 07:46:13.904385446, errs.go:68] Created error: member not found
[DEBUG Aug  2 07:46:13.904408502, errs.go:68] Created error: Commit count is unknowable
[DEBUG Aug  2 07:46:13.904430039, errs.go:68] Created error: No merge required
[DEBUG Aug  2 07:46:13.904451277, errs.go:68] Created error: Can't merge commit thats already in target commits history
[DEBUG Aug  2 07:46:13.904473501, errs.go:68] Created error: Bad expander name
[DEBUG Aug  2 07:46:13.904493845, errs.go:68] Created error: Expander has no handler
[DEBUG Aug  2 07:46:13.905667518, errs.go:68] Created error: Service is already running
[DEBUG Aug  2 07:46:13.932108611, secrets.go:35] Gcloud Secretmanager failed to initialize (ignore if you're not trying to use gcloud): google: could not find default credentials. See https://developers.google.com/accounts/docs/application-default-credentials for more information.
[DEBUG Aug  2 07:46:13.935300995, output.go:53] Requested outputer for 
[DEBUG Aug  2 07:46:13.935322239, output.go:58] Using Plain outputer
[DEBUG Aug  2 07:46:13.935405291, termutils.go:17] Cannot get terminal size: inappropriate ioctl for device
[DEBUG Aug  2 07:46:13.935531459, main.go:107] Running CmdStart
[DEBUG Aug  2 07:46:13.935571877, client.go:128] Reporting event to 2 reporters: run-command, state-svc start, 
[DEBUG Aug  2 07:46:13.940976424, errs.go:75] Wrapped error: Service is already running -- with: valueF failed
[DEBUG Aug  2 07:46:13.941032881, errs.go:75] Wrapped error: valueF failed -- with: Could not store pid
[DEBUG Aug  2 07:46:13.941100620, errors.go:113] Wrapped input error: Could not store pid -- with: A State Service instance is already running in the background.
[DEBUG Aug  2 07:46:13.941113518, errs.go:75] Wrapped error: A State Service instance is already running in the background. -- with: Could not start serviceManager
[DEBUG Aug  2 07:46:13.941229542, client.go:128] Reporting event to 2 reporters: command-exit, state-svc start, 1
[DEBUG Aug  2 07:46:14.295937427, errs.go:75] Wrapped error: <nil> -- with: Could not start serviceManager: A State Service instance is already running in the background.: Could not store pid: valueF failed: Service is already running
[DEBUG Aug  2 07:46:14.296005233, main.go:61] state-svc errored out due to input: Could not start serviceManager: A State Service instance is already running in the background.: Could not store pid: valueF failed: Service is already running
