[DEBUG Aug  2 08:07:28.327324358, defaults.go:273] Args: [/home1/wangfeim/.local/ActiveState/StateTool/release/bin/state-svc start]
[DEBUG Aug  2 08:07:28.341946404, locale.go:38] Init
[DEBUG Aug  2 08:07:28.416364704, errs.go:68] Created error: File could not be found
[DEBUG Aug  2 08:07:28.419032429, errs.go:68] Created error: Not Recognized
[DEBUG Aug  2 08:07:28.438931872, errs.go:68] Created error: Secret not found
[DEBUG Aug  2 08:07:28.438990333, errs.go:68] Created error: Could not save keypair
[DEBUG Aug  2 08:07:28.484993613, errs.go:68] Created error: Build responded with error
[DEBUG Aug  2 08:07:28.485059139, errs.go:68] Created error: Unknown build type
[DEBUG Aug  2 08:07:28.485198045, errors.go:86] Wrapped localized error: <nil> -- with: The installed version of the State Tool Service does not match that of the client.
Please stop the service with [ACTIONABLE]state-svc stop[/RESET] and try your command again.
If this issue persists please reinstall the State Tool.

[DEBUG Aug  2 08:07:28.485218001, errs.go:68] Created error: no data
[DEBUG Aug  2 08:07:28.485250475, errs.go:68] Created error: member not found
[DEBUG Aug  2 08:07:28.485288371, errs.go:68] Created error: Commit count is unknowable
[DEBUG Aug  2 08:07:28.485320418, errs.go:68] Created error: No merge required
[DEBUG Aug  2 08:07:28.485350709, errs.go:68] Created error: Can't merge commit thats already in target commits history
[DEBUG Aug  2 08:07:28.485380577, errs.go:68] Created error: Bad expander name
[DEBUG Aug  2 08:07:28.485406894, errs.go:68] Created error: Expander has no handler
[DEBUG Aug  2 08:07:28.486651088, errs.go:68] Created error: Service is already running
[DEBUG Aug  2 08:07:28.512718154, secrets.go:35] Gcloud Secretmanager failed to initialize (ignore if you're not trying to use gcloud): google: could not find default credentials. See https://developers.google.com/accounts/docs/application-default-credentials for more information.
[DEBUG Aug  2 08:07:28.515757675, output.go:53] Requested outputer for 
[DEBUG Aug  2 08:07:28.515780860, output.go:58] Using Plain outputer
[DEBUG Aug  2 08:07:28.515838772, termutils.go:17] Cannot get terminal size: inappropriate ioctl for device
[DEBUG Aug  2 08:07:28.515867854, client.go:128] Reporting event to 2 reporters: run-command, state-svc start, 
[DEBUG Aug  2 08:07:28.516045792, main.go:107] Running CmdStart
[DEBUG Aug  2 08:07:28.523321842, errs.go:75] Wrapped error: Service is already running -- with: valueF failed
[DEBUG Aug  2 08:07:28.523391807, errs.go:75] Wrapped error: valueF failed -- with: Could not store pid
[DEBUG Aug  2 08:07:28.523473404, errors.go:113] Wrapped input error: Could not store pid -- with: A State Service instance is already running in the background.
[DEBUG Aug  2 08:07:28.523488117, errs.go:75] Wrapped error: A State Service instance is already running in the background. -- with: Could not start serviceManager
[DEBUG Aug  2 08:07:28.523594136, client.go:128] Reporting event to 2 reporters: command-exit, state-svc start, 1
[DEBUG Aug  2 08:07:28.895028517, errs.go:75] Wrapped error: <nil> -- with: Could not start serviceManager: A State Service instance is already running in the background.: Could not store pid: valueF failed: Service is already running
[DEBUG Aug  2 08:07:28.895143628, main.go:61] state-svc errored out due to input: Could not start serviceManager: A State Service instance is already running in the background.: Could not store pid: valueF failed: Service is already running
