[DEBUG Aug  2 08:03:31.017525468, defaults.go:273] Args: [/home1/wangfeim/.local/ActiveState/StateTool/release/bin/state-svc start]
[DEBUG Aug  2 08:03:31.030581004, locale.go:38] Init
[DEBUG Aug  2 08:03:31.135493929, errs.go:68] Created error: File could not be found
[DEBUG Aug  2 08:03:31.138670581, errs.go:68] Created error: Not Recognized
[DEBUG Aug  2 08:03:31.157983837, errs.go:68] Created error: Secret not found
[DEBUG Aug  2 08:03:31.158030802, errs.go:68] Created error: Could not save keypair
[DEBUG Aug  2 08:03:31.158198952, errs.go:68] Created error: Build responded with error
[DEBUG Aug  2 08:03:31.158227875, errs.go:68] Created error: Unknown build type
[DEBUG Aug  2 08:03:31.158338368, errors.go:86] Wrapped localized error: <nil> -- with: The installed version of the State Tool Service does not match that of the client.
Please stop the service with [ACTIONABLE]state-svc stop[/RESET] and try your command again.
If this issue persists please reinstall the State Tool.

[DEBUG Aug  2 08:03:31.158351047, errs.go:68] Created error: no data
[DEBUG Aug  2 08:03:31.158372604, errs.go:68] Created error: member not found
[DEBUG Aug  2 08:03:31.158393410, errs.go:68] Created error: Commit count is unknowable
[DEBUG Aug  2 08:03:31.158420484, errs.go:68] Created error: No merge required
[DEBUG Aug  2 08:03:31.158441460, errs.go:68] Created error: Can't merge commit thats already in target commits history
[DEBUG Aug  2 08:03:31.158467892, errs.go:68] Created error: Bad expander name
[DEBUG Aug  2 08:03:31.158488894, errs.go:68] Created error: Expander has no handler
[DEBUG Aug  2 08:03:31.159805411, errs.go:68] Created error: Service is already running
[DEBUG Aug  2 08:03:31.198711748, secrets.go:35] Gcloud Secretmanager failed to initialize (ignore if you're not trying to use gcloud): google: could not find default credentials. See https://developers.google.com/accounts/docs/application-default-credentials for more information.
[DEBUG Aug  2 08:03:31.201871297, output.go:53] Requested outputer for 
[DEBUG Aug  2 08:03:31.201891394, output.go:58] Using Plain outputer
[DEBUG Aug  2 08:03:31.202319649, termutils.go:17] Cannot get terminal size: inappropriate ioctl for device
[DEBUG Aug  2 08:03:31.202518463, client.go:128] Reporting event to 2 reporters: run-command, state-svc start, 
[DEBUG Aug  2 08:03:31.202899872, main.go:107] Running CmdStart
[DEBUG Aug  2 08:03:31.209148367, errs.go:75] Wrapped error: Service is already running -- with: valueF failed
[DEBUG Aug  2 08:03:31.209202637, errs.go:75] Wrapped error: valueF failed -- with: Could not store pid
[DEBUG Aug  2 08:03:31.209287905, errors.go:113] Wrapped input error: Could not store pid -- with: A State Service instance is already running in the background.
[DEBUG Aug  2 08:03:31.209303541, errs.go:75] Wrapped error: A State Service instance is already running in the background. -- with: Could not start serviceManager
[DEBUG Aug  2 08:03:31.209372263, client.go:128] Reporting event to 2 reporters: command-exit, state-svc start, 1
[DEBUG Aug  2 08:03:31.584927323, errs.go:75] Wrapped error: <nil> -- with: Could not start serviceManager: A State Service instance is already running in the background.: Could not store pid: valueF failed: Service is already running
[DEBUG Aug  2 08:03:31.585007972, main.go:61] state-svc errored out due to input: Could not start serviceManager: A State Service instance is already running in the background.: Could not store pid: valueF failed: Service is already running
