[DEBUG Aug  2 07:55:52.524516031, defaults.go:273] Args: [/home1/wangfeim/.local/ActiveState/StateTool/release/bin/state-svc start]
[DEBUG Aug  2 07:55:52.539166207, locale.go:38] Init
[DEBUG Aug  2 07:55:52.618355744, errs.go:68] Created error: File could not be found
[DEBUG Aug  2 07:55:52.621311289, errs.go:68] Created error: Not Recognized
[DEBUG Aug  2 07:55:52.687242020, errs.go:68] Created error: Secret not found
[DEBUG Aug  2 07:55:52.687306232, errs.go:68] Created error: Could not save keypair
[DEBUG Aug  2 07:55:52.687515673, errs.go:68] Created error: Build responded with error
[DEBUG Aug  2 07:55:52.687561353, errs.go:68] Created error: Unknown build type
[DEBUG Aug  2 07:55:52.687714363, errors.go:86] Wrapped localized error: <nil> -- with: The installed version of the State Tool Service does not match that of the client.
Please stop the service with [ACTIONABLE]state-svc stop[/RESET] and try your command again.
If this issue persists please reinstall the State Tool.

[DEBUG Aug  2 07:55:52.687731932, errs.go:68] Created error: no data
[DEBUG Aug  2 07:55:52.687756306, errs.go:68] Created error: member not found
[DEBUG Aug  2 07:55:52.687786275, errs.go:68] Created error: Commit count is unknowable
[DEBUG Aug  2 07:55:52.687815982, errs.go:68] Created error: No merge required
[DEBUG Aug  2 07:55:52.687839007, errs.go:68] Created error: Can't merge commit thats already in target commits history
[DEBUG Aug  2 07:55:52.687864551, errs.go:68] Created error: Bad expander name
[DEBUG Aug  2 07:55:52.687888997, errs.go:68] Created error: Expander has no handler
[DEBUG Aug  2 07:55:52.689045740, errs.go:68] Created error: Service is already running
[DEBUG Aug  2 07:55:52.714943439, secrets.go:35] Gcloud Secretmanager failed to initialize (ignore if you're not trying to use gcloud): google: could not find default credentials. See https://developers.google.com/accounts/docs/application-default-credentials for more information.
[DEBUG Aug  2 07:55:52.718483261, output.go:53] Requested outputer for 
[DEBUG Aug  2 07:55:52.718505073, output.go:58] Using Plain outputer
[DEBUG Aug  2 07:55:52.718572017, termutils.go:17] Cannot get terminal size: inappropriate ioctl for device
[DEBUG Aug  2 07:55:52.718716589, client.go:128] Reporting event to 2 reporters: run-command, state-svc start, 
[DEBUG Aug  2 07:55:52.718724225, main.go:107] Running CmdStart
[DEBUG Aug  2 07:55:52.724345533, errs.go:75] Wrapped error: Service is already running -- with: valueF failed
[DEBUG Aug  2 07:55:52.724409537, errs.go:75] Wrapped error: valueF failed -- with: Could not store pid
[DEBUG Aug  2 07:55:52.724495614, errors.go:113] Wrapped input error: Could not store pid -- with: A State Service instance is already running in the background.
[DEBUG Aug  2 07:55:52.724511060, errs.go:75] Wrapped error: A State Service instance is already running in the background. -- with: Could not start serviceManager
[DEBUG Aug  2 07:55:52.724612465, client.go:128] Reporting event to 2 reporters: command-exit, state-svc start, 1
[DEBUG Aug  2 07:55:53.090774709, errs.go:75] Wrapped error: <nil> -- with: Could not start serviceManager: A State Service instance is already running in the background.: Could not store pid: valueF failed: Service is already running
[DEBUG Aug  2 07:55:53.090865833, main.go:61] state-svc errored out due to input: Could not start serviceManager: A State Service instance is already running in the background.: Could not store pid: valueF failed: Service is already running
