[DEBUG Aug  2 08:05:20.830876490, defaults.go:273] Args: [/home1/wangfeim/.local/ActiveState/StateTool/release/bin/state-svc start]
[DEBUG Aug  2 08:05:20.845922911, locale.go:38] Init
[DEBUG Aug  2 08:05:20.888914970, errs.go:68] Created error: File could not be found
[DEBUG Aug  2 08:05:20.891867765, errs.go:68] Created error: Not Recognized
[DEBUG Aug  2 08:05:20.913716714, errs.go:68] Created error: Secret not found
[DEBUG Aug  2 08:05:20.913767035, errs.go:68] Created error: Could not save keypair
[DEBUG Aug  2 08:05:20.913938845, errs.go:68] Created error: Build responded with error
[DEBUG Aug  2 08:05:20.913965090, errs.go:68] Created error: Unknown build type
[DEBUG Aug  2 08:05:20.914081387, errors.go:86] Wrapped localized error: <nil> -- with: The installed version of the State Tool Service does not match that of the client.
Please stop the service with [ACTIONABLE]state-svc stop[/RESET] and try your command again.
If this issue persists please reinstall the State Tool.

[DEBUG Aug  2 08:05:20.914095824, errs.go:68] Created error: no data
[DEBUG Aug  2 08:05:20.914123762, errs.go:68] Created error: member not found
[DEBUG Aug  2 08:05:20.914151246, errs.go:68] Created error: Commit count is unknowable
[DEBUG Aug  2 08:05:20.914173852, errs.go:68] Created error: No merge required
[DEBUG Aug  2 08:05:20.914194823, errs.go:68] Created error: Can't merge commit thats already in target commits history
[DEBUG Aug  2 08:05:20.914222575, errs.go:68] Created error: Bad expander name
[DEBUG Aug  2 08:05:20.914246484, errs.go:68] Created error: Expander has no handler
[DEBUG Aug  2 08:05:20.915310205, errs.go:68] Created error: Service is already running
[DEBUG Aug  2 08:05:20.955443246, secrets.go:35] Gcloud Secretmanager failed to initialize (ignore if you're not trying to use gcloud): google: could not find default credentials. See https://developers.google.com/accounts/docs/application-default-credentials for more information.
[DEBUG Aug  2 08:05:20.986007404, output.go:53] Requested outputer for 
[DEBUG Aug  2 08:05:20.986040849, output.go:58] Using Plain outputer
[DEBUG Aug  2 08:05:20.986115157, termutils.go:17] Cannot get terminal size: inappropriate ioctl for device
[DEBUG Aug  2 08:05:20.986192280, client.go:128] Reporting event to 2 reporters: run-command, state-svc start, 
[DEBUG Aug  2 08:05:20.986358672, main.go:107] Running CmdStart
[DEBUG Aug  2 08:05:20.992427632, errs.go:75] Wrapped error: Service is already running -- with: valueF failed
[DEBUG Aug  2 08:05:20.992497558, errs.go:75] Wrapped error: valueF failed -- with: Could not store pid
[DEBUG Aug  2 08:05:20.992602334, errors.go:113] Wrapped input error: Could not store pid -- with: A State Service instance is already running in the background.
[DEBUG Aug  2 08:05:20.992618015, errs.go:75] Wrapped error: A State Service instance is already running in the background. -- with: Could not start serviceManager
[DEBUG Aug  2 08:05:20.992692859, client.go:128] Reporting event to 2 reporters: command-exit, state-svc start, 1
[DEBUG Aug  2 08:05:21.330501746, errs.go:75] Wrapped error: <nil> -- with: Could not start serviceManager: A State Service instance is already running in the background.: Could not store pid: valueF failed: Service is already running
[DEBUG Aug  2 08:05:21.330601605, main.go:61] state-svc errored out due to input: Could not start serviceManager: A State Service instance is already running in the background.: Could not store pid: valueF failed: Service is already running
